000 (005.9553.000) 05/05 20:25:56 Job submitted from host: <127.0.0.1:9618?addrs=127.0.0.1-9618&noUDP&sock=227_4816_4>
...
033 (005.9553.000) 05/06 14:18:09 Changing job attribute JobPrio from 0 to -10
...
009 (005.9553.000) 05/07 21:45:33 Job was aborted by the user.
	via condor_rm (by user aw868)
...
000 (011.2502.000) 05/08 17:21:37 Job submitted from host: <127.0.0.1:9618?addrs=127.0.0.1-9618&noUDP&sock=212_fe2a_4>
...
033 (011.2502.000) 05/08 20:41:55 Changing job attribute JobPrio from 0 to -5
...
001 (011.2502.000) 05/09 10:49:20 Job executing on host: <127.0.0.1:9618?addrs=127.0.0.1-9618&noUDP&sock=212_fe2a_5>
...
006 (011.2502.000) 05/09 10:49:25 Image size of job updated: 2000000
	101  -  MemoryUsage of job (MB)
	103092  -  ResidentSetSize of job (KB)
...
006 (011.2502.000) 05/09 10:49:55 Image size of job updated: 2000000
	150  -  MemoryUsage of job (MB)
	153120  -  ResidentSetSize of job (KB)
...
006 (011.2502.000) 05/09 10:50:00 Image size of job updated: 2000000
	184  -  MemoryUsage of job (MB)
	187968  -  ResidentSetSize of job (KB)
...
006 (011.2502.000) 05/09 10:50:05 Image size of job updated: 2000000
	184  -  MemoryUsage of job (MB)
	188232  -  ResidentSetSize of job (KB)
...
006 (011.2502.000) 05/09 10:50:10 Image size of job updated: 2000000
	191  -  MemoryUsage of job (MB)
	194964  -  ResidentSetSize of job (KB)
...
006 (011.2502.000) 05/09 10:50:15 Image size of job updated: 2000000
	201  -  MemoryUsage of job (MB)
	204996  -  ResidentSetSize of job (KB)
...
006 (011.2502.000) 05/09 10:50:20 Image size of job updated: 2000000
	211  -  MemoryUsage of job (MB)
	215160  -  ResidentSetSize of job (KB)
...
006 (011.2502.000) 05/09 10:50:25 Image size of job updated: 2000000
	218  -  MemoryUsage of job (MB)
	223212  -  ResidentSetSize of job (KB)
...
006 (011.2502.000) 05/09 10:50:30 Image size of job updated: 2000000
	229  -  MemoryUsage of job (MB)
	234300  -  ResidentSetSize of job (KB)
...
006 (011.2502.000) 05/09 10:50:35 Image size of job updated: 2000000
	237  -  MemoryUsage of job (MB)
	242616  -  ResidentSetSize of job (KB)
...
006 (011.2502.000) 05/09 10:50:40 Image size of job updated: 2000000
	244  -  MemoryUsage of job (MB)
	249216  -  ResidentSetSize of job (KB)
...
006 (011.2502.000) 05/09 10:50:45 Image size of job updated: 2000000
	288  -  MemoryUsage of job (MB)
	294228  -  ResidentSetSize of job (KB)
...
006 (011.2502.000) 05/09 10:50:50 Image size of job updated: 2000000
	323  -  MemoryUsage of job (MB)
	330660  -  ResidentSetSize of job (KB)
...
006 (011.2502.000) 05/09 10:50:55 Image size of job updated: 2000000
	329  -  MemoryUsage of job (MB)
	336204  -  ResidentSetSize of job (KB)
...
006 (011.2502.000) 05/09 10:51:00 Image size of job updated: 2000000
	408  -  MemoryUsage of job (MB)
	417384  -  ResidentSetSize of job (KB)
...
006 (011.2502.000) 05/09 10:51:05 Image size of job updated: 2000000
	465  -  MemoryUsage of job (MB)
	475464  -  ResidentSetSize of job (KB)
...
006 (011.2502.000) 05/09 10:51:10 Image size of job updated: 2000000
	1169  -  MemoryUsage of job (MB)
	1196184  -  ResidentSetSize of job (KB)
...
006 (011.2502.000) 05/09 11:05:01 Image size of job updated: 2000000
	1171  -  MemoryUsage of job (MB)
	1198164  -  ResidentSetSize of job (KB)
...
006 (011.2502.000) 05/09 11:05:06 Image size of job updated: 2000000
	1195  -  MemoryUsage of job (MB)
	1222980  -  ResidentSetSize of job (KB)
...
006 (011.2502.000) 05/09 11:05:11 Image size of job updated: 2000000
	1252  -  MemoryUsage of job (MB)
	1281324  -  ResidentSetSize of job (KB)
...
006 (011.2502.000) 05/09 11:05:16 Image size of job updated: 2270668
	1622  -  MemoryUsage of job (MB)
	1660032  -  ResidentSetSize of job (KB)
...
006 (011.2502.000) 05/09 11:05:21 Image size of job updated: 2270668
	1693  -  MemoryUsage of job (MB)
	1733556  -  ResidentSetSize of job (KB)
...
006 (011.2502.000) 05/09 11:05:26 Image size of job updated: 2561508
	1888  -  MemoryUsage of job (MB)
	1933272  -  ResidentSetSize of job (KB)
...
006 (011.2502.000) 05/09 11:05:31 Image size of job updated: 2561508
	1924  -  MemoryUsage of job (MB)
	1969176  -  ResidentSetSize of job (KB)
...
006 (011.2502.000) 05/09 11:05:36 Image size of job updated: 2561508
	1939  -  MemoryUsage of job (MB)
	1985280  -  ResidentSetSize of job (KB)
...
006 (011.2502.000) 05/09 11:05:41 Image size of job updated: 2621924
	1950  -  MemoryUsage of job (MB)
	1996632  -  ResidentSetSize of job (KB)
...
006 (011.2502.000) 05/09 11:05:46 Image size of job updated: 2621924
	1962  -  MemoryUsage of job (MB)
	2008248  -  ResidentSetSize of job (KB)
...
006 (011.2502.000) 05/09 11:05:52 Image size of job updated: 2647524
	1974  -  MemoryUsage of job (MB)
	2021184  -  ResidentSetSize of job (KB)
...
006 (011.2502.000) 05/09 11:05:58 Image size of job updated: 2660836
	1989  -  MemoryUsage of job (MB)
	2035836  -  ResidentSetSize of job (KB)
...
006 (011.2502.000) 05/09 11:06:04 Image size of job updated: 2660836
	1999  -  MemoryUsage of job (MB)
	2046264  -  ResidentSetSize of job (KB)
...
006 (011.2502.000) 05/09 11:06:10 Image size of job updated: 2687460
	2010  -  MemoryUsage of job (MB)
	2058012  -  ResidentSetSize of job (KB)
...
006 (011.2502.000) 05/09 11:06:16 Image size of job updated: 2687460
	2023  -  MemoryUsage of job (MB)
	2070552  -  ResidentSetSize of job (KB)
...
006 (011.2502.000) 05/09 11:06:22 Image size of job updated: 2712036
	2034  -  MemoryUsage of job (MB)
	2082564  -  ResidentSetSize of job (KB)
...
006 (011.2502.000) 05/09 11:06:28 Image size of job updated: 2718180
	2047  -  MemoryUsage of job (MB)
	2095368  -  ResidentSetSize of job (KB)
...
006 (011.2502.000) 05/09 11:06:34 Image size of job updated: 2718180
	2060  -  MemoryUsage of job (MB)
	2108436  -  ResidentSetSize of job (KB)
...
006 (011.2502.000) 05/09 11:06:40 Image size of job updated: 2749924
	2070  -  MemoryUsage of job (MB)
	2119260  -  ResidentSetSize of job (KB)
...
006 (011.2502.000) 05/09 11:06:46 Image size of job updated: 2749924
	2082  -  MemoryUsage of job (MB)
	2131404  -  ResidentSetSize of job (KB)
...
006 (011.2502.000) 05/09 11:06:52 Image size of job updated: 2772452
	2093  -  MemoryUsage of job (MB)
	2143020  -  ResidentSetSize of job (KB)
...
006 (011.2502.000) 05/09 11:06:58 Image size of job updated: 2781668
	2103  -  MemoryUsage of job (MB)
	2153316  -  ResidentSetSize of job (KB)
...
006 (011.2502.000) 05/09 11:07:04 Image size of job updated: 2781668
	2115  -  MemoryUsage of job (MB)
	2165064  -  ResidentSetSize of job (KB)
...
006 (011.2502.000) 05/09 11:07:10 Image size of job updated: 2798052
	2127  -  MemoryUsage of job (MB)
	2177076  -  ResidentSetSize of job (KB)
...
006 (011.2502.000) 05/09 11:07:16 Image size of job updated: 2811364
	2138  -  MemoryUsage of job (MB)
	2188428  -  ResidentSetSize of job (KB)
...
006 (011.2502.000) 05/09 11:07:22 Image size of job updated: 2811364
	2149  -  MemoryUsage of job (MB)
	2200308  -  ResidentSetSize of job (KB)
...
006 (011.2502.000) 05/09 11:07:28 Image size of job updated: 2837988
	2161  -  MemoryUsage of job (MB)
	2212056  -  ResidentSetSize of job (KB)
...
006 (011.2502.000) 05/09 11:07:34 Image size of job updated: 2837988
	2172  -  MemoryUsage of job (MB)
	2223540  -  ResidentSetSize of job (KB)
...
006 (011.2502.000) 05/09 11:07:40 Image size of job updated: 2858468
	2183  -  MemoryUsage of job (MB)
	2235288  -  ResidentSetSize of job (KB)
...
006 (011.2502.000) 05/09 11:07:46 Image size of job updated: 2871780
	2196  -  MemoryUsage of job (MB)
	2247828  -  ResidentSetSize of job (KB)
...
006 (011.2502.000) 05/09 11:07:52 Image size of job updated: 2871780
	2208  -  MemoryUsage of job (MB)
	2260368  -  ResidentSetSize of job (KB)
...
006 (011.2502.000) 05/09 11:07:58 Image size of job updated: 2871780
	2220  -  MemoryUsage of job (MB)
	2272644  -  ResidentSetSize of job (KB)
...
006 (011.2502.000) 05/09 11:08:04 Image size of job updated: 2902500
	2231  -  MemoryUsage of job (MB)
	2284392  -  ResidentSetSize of job (KB)
...
006 (011.2502.000) 05/09 11:08:10 Image size of job updated: 2902500
	2243  -  MemoryUsage of job (MB)
	2296008  -  ResidentSetSize of job (KB)
...
006 (011.2502.000) 05/09 11:08:16 Image size of job updated: 2936292
	2255  -  MemoryUsage of job (MB)
	2308944  -  ResidentSetSize of job (KB)
...
006 (011.2502.000) 05/09 11:08:22 Image size of job updated: 2936292
	2266  -  MemoryUsage of job (MB)
	2319768  -  ResidentSetSize of job (KB)
...
006 (011.2502.000) 05/09 11:08:28 Image size of job updated: 2936292
	2279  -  MemoryUsage of job (MB)
	2332836  -  ResidentSetSize of job (KB)
...
006 (011.2502.000) 05/09 11:08:34 Image size of job updated: 2965988
	2290  -  MemoryUsage of job (MB)
	2344056  -  ResidentSetSize of job (KB)
...
006 (011.2502.000) 05/09 11:08:40 Image size of job updated: 2980324
	2301  -  MemoryUsage of job (MB)
	2355408  -  ResidentSetSize of job (KB)
...
006 (011.2502.000) 05/09 11:08:46 Image size of job updated: 2997732
	2314  -  MemoryUsage of job (MB)
	2369532  -  ResidentSetSize of job (KB)
...
006 (011.2502.000) 05/09 11:08:52 Image size of job updated: 3005924
	2325  -  MemoryUsage of job (MB)
	2380752  -  ResidentSetSize of job (KB)
...
006 (011.2502.000) 05/09 11:08:58 Image size of job updated: 3013092
	2336  -  MemoryUsage of job (MB)
	2391972  -  ResidentSetSize of job (KB)
...
006 (011.2502.000) 05/09 11:09:04 Image size of job updated: 3026404
	2349  -  MemoryUsage of job (MB)
	2404380  -  ResidentSetSize of job (KB)
...
006 (011.2502.000) 05/09 11:09:10 Image size of job updated: 3026404
	2362  -  MemoryUsage of job (MB)
	2417844  -  ResidentSetSize of job (KB)
...
006 (011.2502.000) 05/09 11:09:16 Image size of job updated: 3058148
	2373  -  MemoryUsage of job (MB)
	2429724  -  ResidentSetSize of job (KB)
...
006 (011.2502.000) 05/09 11:09:22 Image size of job updated: 3066340
	2384  -  MemoryUsage of job (MB)
	2440680  -  ResidentSetSize of job (KB)
...
006 (011.2502.000) 05/09 11:09:28 Image size of job updated: 3075556
	2397  -  MemoryUsage of job (MB)
	2453880  -  ResidentSetSize of job (KB)
...
006 (011.2502.000) 05/09 11:09:34 Image size of job updated: 3089892
	2409  -  MemoryUsage of job (MB)
	2465892  -  ResidentSetSize of job (KB)
...
006 (011.2502.000) 05/09 11:09:40 Image size of job updated: 3089892
	2420  -  MemoryUsage of job (MB)
	2478036  -  ResidentSetSize of job (KB)
...
006 (011.2502.000) 05/09 11:09:46 Image size of job updated: 3089892
	2433  -  MemoryUsage of job (MB)
	2491368  -  ResidentSetSize of job (KB)
...
006 (011.2502.000) 05/09 11:09:52 Image size of job updated: 3121636
	2444  -  MemoryUsage of job (MB)
	2502324  -  ResidentSetSize of job (KB)
...
006 (011.2502.000) 05/09 11:09:58 Image size of job updated: 3121636
	2456  -  MemoryUsage of job (MB)
	2514468  -  ResidentSetSize of job (KB)
...
006 (011.2502.000) 05/09 11:10:04 Image size of job updated: 3150308
	2468  -  MemoryUsage of job (MB)
	2526612  -  ResidentSetSize of job (KB)
...
006 (011.2502.000) 05/09 11:10:10 Image size of job updated: 3159524
	2480  -  MemoryUsage of job (MB)
	2538624  -  ResidentSetSize of job (KB)
...
006 (011.2502.000) 05/09 11:10:16 Image size of job updated: 3168740
	2491  -  MemoryUsage of job (MB)
	2550504  -  ResidentSetSize of job (KB)
...
006 (011.2502.000) 05/09 11:10:22 Image size of job updated: 3181028
	2504  -  MemoryUsage of job (MB)
	2563176  -  ResidentSetSize of job (KB)
...
006 (011.2502.000) 05/09 11:10:28 Image size of job updated: 3181028
	2516  -  MemoryUsage of job (MB)
	2575848  -  ResidentSetSize of job (KB)
...
006 (011.2502.000) 05/09 11:10:34 Image size of job updated: 3210724
	2527  -  MemoryUsage of job (MB)
	2586804  -  ResidentSetSize of job (KB)
...
006 (011.2502.000) 05/09 11:10:40 Image size of job updated: 3210724
	2538  -  MemoryUsage of job (MB)
	2598552  -  ResidentSetSize of job (KB)
...
006 (011.2502.000) 05/09 11:10:46 Image size of job updated: 3210724
	2551  -  MemoryUsage of job (MB)
	2611488  -  ResidentSetSize of job (KB)
...
006 (011.2502.000) 05/09 11:10:52 Image size of job updated: 3243492
	2563  -  MemoryUsage of job (MB)
	2624160  -  ResidentSetSize of job (KB)
...
006 (011.2502.000) 05/09 11:10:58 Image size of job updated: 3255780
	2576  -  MemoryUsage of job (MB)
	2636832  -  ResidentSetSize of job (KB)
...
006 (011.2502.000) 05/09 11:11:04 Image size of job updated: 3275236
	2587  -  MemoryUsage of job (MB)
	2648844  -  ResidentSetSize of job (KB)
...
006 (011.2502.000) 05/09 11:11:10 Image size of job updated: 3282404
	2599  -  MemoryUsage of job (MB)
	2660988  -  ResidentSetSize of job (KB)
...
006 (011.2502.000) 05/09 11:11:16 Image size of job updated: 3301860
	2611  -  MemoryUsage of job (MB)
	2673528  -  ResidentSetSize of job (KB)
...
006 (011.2502.000) 05/09 11:11:22 Image size of job updated: 3314148
	2623  -  MemoryUsage of job (MB)
	2685408  -  ResidentSetSize of job (KB)
...
006 (011.2502.000) 05/09 11:11:28 Image size of job updated: 3323364
	2635  -  MemoryUsage of job (MB)
	2698080  -  ResidentSetSize of job (KB)
...
006 (011.2502.000) 05/09 11:11:34 Image size of job updated: 3323364
	2647  -  MemoryUsage of job (MB)
	2710356  -  ResidentSetSize of job (KB)
...
006 (011.2502.000) 05/09 11:11:40 Image size of job updated: 3343844
	2658  -  MemoryUsage of job (MB)
	2721576  -  ResidentSetSize of job (KB)
...
006 (011.2502.000) 05/09 11:11:46 Image size of job updated: 3343844
	2671  -  MemoryUsage of job (MB)
	2734380  -  ResidentSetSize of job (KB)
...
006 (011.2502.000) 05/09 11:11:52 Image size of job updated: 3374564
	2683  -  MemoryUsage of job (MB)
	2746392  -  ResidentSetSize of job (KB)
...
006 (011.2502.000) 05/09 11:11:58 Image size of job updated: 3374564
	2692  -  MemoryUsage of job (MB)
	2756160  -  ResidentSetSize of job (KB)
...
006 (011.2502.000) 05/09 11:12:04 Image size of job updated: 3374564
	2705  -  MemoryUsage of job (MB)
	2769360  -  ResidentSetSize of job (KB)
...
006 (011.2502.000) 05/09 11:12:11 Image size of job updated: 3408356
	2717  -  MemoryUsage of job (MB)
	2782032  -  ResidentSetSize of job (KB)
...
006 (011.2502.000) 05/09 11:12:16 Image size of job updated: 3414500
	2728  -  MemoryUsage of job (MB)
	2793384  -  ResidentSetSize of job (KB)
...
006 (011.2502.000) 05/09 11:12:21 Image size of job updated: 3414500
	2736  -  MemoryUsage of job (MB)
	2801436  -  ResidentSetSize of job (KB)
...
006 (011.2502.000) 05/09 11:12:26 Image size of job updated: 3559908
	2892  -  MemoryUsage of job (MB)
	2961288  -  ResidentSetSize of job (KB)
...
006 (011.2502.000) 05/09 11:12:31 Image size of job updated: 3559908
	2950  -  MemoryUsage of job (MB)
	3020688  -  ResidentSetSize of job (KB)
...
005 (011.2502.000) 05/09 11:12:34 Job terminated.
	(1) Normal termination (return value 0)
		Usr 0 00:22:43, Sys 0 00:00:03  -  Run Remote Usage
		Usr 0 00:00:00, Sys 0 00:00:00  -  Run Local Usage
		Usr 0 00:22:43, Sys 0 00:00:03  -  Total Remote Usage
		Usr 0 00:00:00, Sys 0 00:00:00  -  Total Local Usage
	0  -  Run Bytes Sent By Job
	0  -  Run Bytes Received By Job
	0  -  Total Bytes Sent By Job
	0  -  Total Bytes Received By Job
	Partitionable Resources :      Usage  Request Allocated 
	   Cpus                 :       1.00        1         1 
	   Disk (KB)            : 2000000     2000000   6232219 
	   Memory (MB)          :    2950        1954      2007 
...
