000 (205.7575.000) 05/06 03:21:18 Job submitted from host: <127.0.0.1:9618?addrs=127.0.0.1-9618&noUDP&sock=222_da1d_4>
...
033 (205.7575.000) 05/06 14:23:55 Changing job attribute JobPrio from 0 to -5
...
000 (007.7575.000) 05/07 19:00:49 Job submitted from host: <127.0.0.1:9618?addrs=127.0.0.1-9618&noUDP&sock=215_0cf3_4>
...
000 (016.7575.000) 05/08 15:57:53 Job submitted from host: <127.0.0.1:9618?addrs=127.0.0.1-9618&noUDP&sock=227_4816_4>
...
009 (016.7575.000) 05/09 16:55:51 Job was aborted by the user.
	via condor_rm (by user aw868)
...
000 (014.414.000) 05/09 17:29:37 Job submitted from host: <127.0.0.1:9618?addrs=127.0.0.1-9618&noUDP&sock=212_fe2a_4>
...
033 (014.414.000) 05/09 17:33:54 Changing job attribute JobPrio from 0 to -10
...
033 (014.414.000) 05/09 21:36:11 Changing job attribute JobPrio from -10 to -15
...
001 (014.414.000) 05/09 23:00:08 Job executing on host: <127.0.0.1:9618?addrs=127.0.0.1-9618&noUDP&sock=212_fe2a_5>
...
006 (014.414.000) 05/09 23:00:14 Image size of job updated: 2000000
	115  -  MemoryUsage of job (MB)
	116952  -  ResidentSetSize of job (KB)
...
006 (014.414.000) 05/09 23:00:44 Image size of job updated: 2000000
	162  -  MemoryUsage of job (MB)
	164868  -  ResidentSetSize of job (KB)
...
006 (014.414.000) 05/09 23:00:50 Image size of job updated: 2000000
	211  -  MemoryUsage of job (MB)
	215424  -  ResidentSetSize of job (KB)
...
006 (014.414.000) 05/09 23:01:10 Image size of job updated: 2000000
	222  -  MemoryUsage of job (MB)
	226380  -  ResidentSetSize of job (KB)
...
006 (014.414.000) 05/09 23:01:16 Image size of job updated: 2000000
	233  -  MemoryUsage of job (MB)
	238260  -  ResidentSetSize of job (KB)
...
006 (014.414.000) 05/09 23:01:22 Image size of job updated: 2000000
	244  -  MemoryUsage of job (MB)
	249348  -  ResidentSetSize of job (KB)
...
006 (014.414.000) 05/09 23:01:28 Image size of job updated: 2000000
	256  -  MemoryUsage of job (MB)
	261756  -  ResidentSetSize of job (KB)
...
006 (014.414.000) 05/09 23:01:34 Image size of job updated: 2000000
	265  -  MemoryUsage of job (MB)
	270864  -  ResidentSetSize of job (KB)
...
006 (014.414.000) 05/09 23:01:40 Image size of job updated: 2000000
	285  -  MemoryUsage of job (MB)
	291324  -  ResidentSetSize of job (KB)
...
006 (014.414.000) 05/09 23:01:46 Image size of job updated: 2000000
	341  -  MemoryUsage of job (MB)
	348216  -  ResidentSetSize of job (KB)
...
006 (014.414.000) 05/09 23:01:52 Image size of job updated: 2000000
	374  -  MemoryUsage of job (MB)
	382536  -  ResidentSetSize of job (KB)
...
006 (014.414.000) 05/09 23:01:58 Image size of job updated: 2000000
	419  -  MemoryUsage of job (MB)
	428604  -  ResidentSetSize of job (KB)
...
006 (014.414.000) 05/09 23:02:04 Image size of job updated: 2000000
	494  -  MemoryUsage of job (MB)
	505692  -  ResidentSetSize of job (KB)
...
006 (014.414.000) 05/09 23:02:10 Image size of job updated: 2000000
	553  -  MemoryUsage of job (MB)
	565488  -  ResidentSetSize of job (KB)
...
006 (014.414.000) 05/09 23:02:16 Image size of job updated: 2000000
	1239  -  MemoryUsage of job (MB)
	1267860  -  ResidentSetSize of job (KB)
...
006 (014.414.000) 05/09 23:19:25 Image size of job updated: 2150736
	1371  -  MemoryUsage of job (MB)
	1402896  -  ResidentSetSize of job (KB)
...
006 (014.414.000) 05/09 23:19:31 Image size of job updated: 2150736
	1578  -  MemoryUsage of job (MB)
	1615548  -  ResidentSetSize of job (KB)
...
006 (014.414.000) 05/09 23:19:37 Image size of job updated: 2150736
	1753  -  MemoryUsage of job (MB)
	1794936  -  ResidentSetSize of job (KB)
...
006 (014.414.000) 05/09 23:19:43 Image size of job updated: 2697968
	1967  -  MemoryUsage of job (MB)
	2013528  -  ResidentSetSize of job (KB)
...
006 (014.414.000) 05/09 23:19:49 Image size of job updated: 2706672
	2050  -  MemoryUsage of job (MB)
	2099064  -  ResidentSetSize of job (KB)
...
006 (014.414.000) 05/09 23:19:55 Image size of job updated: 2843888
	2171  -  MemoryUsage of job (MB)
	2222484  -  ResidentSetSize of job (KB)
...
006 (014.414.000) 05/09 23:20:01 Image size of job updated: 2951408
	2260  -  MemoryUsage of job (MB)
	2313828  -  ResidentSetSize of job (KB)
...
006 (014.414.000) 05/09 23:20:07 Image size of job updated: 3029232
	2333  -  MemoryUsage of job (MB)
	2388276  -  ResidentSetSize of job (KB)
...
006 (014.414.000) 05/09 23:20:13 Image size of job updated: 3057904
	2404  -  MemoryUsage of job (MB)
	2461668  -  ResidentSetSize of job (KB)
...
006 (014.414.000) 05/09 23:20:19 Image size of job updated: 3057904
	2475  -  MemoryUsage of job (MB)
	2533740  -  ResidentSetSize of job (KB)
...
006 (014.414.000) 05/09 23:20:25 Image size of job updated: 3266800
	2546  -  MemoryUsage of job (MB)
	2607000  -  ResidentSetSize of job (KB)
...
006 (014.414.000) 05/09 23:20:31 Image size of job updated: 3332336
	2619  -  MemoryUsage of job (MB)
	2681316  -  ResidentSetSize of job (KB)
...
006 (014.414.000) 05/09 23:20:37 Image size of job updated: 3332336
	2690  -  MemoryUsage of job (MB)
	2753916  -  ResidentSetSize of job (KB)
...
006 (014.414.000) 05/09 23:20:43 Image size of job updated: 3430640
	2763  -  MemoryUsage of job (MB)
	2829024  -  ResidentSetSize of job (KB)
...
006 (014.414.000) 05/09 23:20:49 Image size of job updated: 3559664
	2835  -  MemoryUsage of job (MB)
	2902152  -  ResidentSetSize of job (KB)
...
006 (014.414.000) 05/09 23:20:55 Image size of job updated: 3605744
	2905  -  MemoryUsage of job (MB)
	2974092  -  ResidentSetSize of job (KB)
...
006 (014.414.000) 05/09 23:21:01 Image size of job updated: 3673328
	2984  -  MemoryUsage of job (MB)
	3055404  -  ResidentSetSize of job (KB)
...
006 (014.414.000) 05/09 23:21:07 Image size of job updated: 3673328
	3059  -  MemoryUsage of job (MB)
	3131436  -  ResidentSetSize of job (KB)
...
006 (014.414.000) 05/09 23:21:13 Image size of job updated: 3799280
	3128  -  MemoryUsage of job (MB)
	3202848  -  ResidentSetSize of job (KB)
...
006 (014.414.000) 05/09 23:21:19 Image size of job updated: 3877104
	3201  -  MemoryUsage of job (MB)
	3277824  -  ResidentSetSize of job (KB)
...
006 (014.414.000) 05/09 23:21:25 Image size of job updated: 3980528
	3274  -  MemoryUsage of job (MB)
	3351876  -  ResidentSetSize of job (KB)
...
006 (014.414.000) 05/09 23:21:31 Image size of job updated: 3980528
	3344  -  MemoryUsage of job (MB)
	3424212  -  ResidentSetSize of job (KB)
...
006 (014.414.000) 05/09 23:21:37 Image size of job updated: 3980528
	3418  -  MemoryUsage of job (MB)
	3499584  -  ResidentSetSize of job (KB)
...
006 (014.414.000) 05/09 23:21:44 Image size of job updated: 4166896
	3485  -  MemoryUsage of job (MB)
	3567828  -  ResidentSetSize of job (KB)
...
006 (014.414.000) 05/09 23:21:49 Image size of job updated: 4166896
	3541  -  MemoryUsage of job (MB)
	3624984  -  ResidentSetSize of job (KB)
...
006 (014.414.000) 05/09 23:21:54 Image size of job updated: 4166896
	3595  -  MemoryUsage of job (MB)
	3681216  -  ResidentSetSize of job (KB)
...
006 (014.414.000) 05/09 23:21:59 Image size of job updated: 4350192
	3651  -  MemoryUsage of job (MB)
	3737976  -  ResidentSetSize of job (KB)
...
006 (014.414.000) 05/09 23:22:04 Image size of job updated: 4350192
	3707  -  MemoryUsage of job (MB)
	3795264  -  ResidentSetSize of job (KB)
...
006 (014.414.000) 05/09 23:22:09 Image size of job updated: 4350192
	3768  -  MemoryUsage of job (MB)
	3857436  -  ResidentSetSize of job (KB)
...
006 (014.414.000) 05/09 23:22:14 Image size of job updated: 4567280
	3830  -  MemoryUsage of job (MB)
	3921324  -  ResidentSetSize of job (KB)
...
006 (014.414.000) 05/09 23:22:19 Image size of job updated: 4636912
	3896  -  MemoryUsage of job (MB)
	3988512  -  ResidentSetSize of job (KB)
...
006 (014.414.000) 05/09 23:22:24 Image size of job updated: 4636912
	3956  -  MemoryUsage of job (MB)
	4050684  -  ResidentSetSize of job (KB)
...
006 (014.414.000) 05/09 23:22:29 Image size of job updated: 4769008
	4031  -  MemoryUsage of job (MB)
	4127244  -  ResidentSetSize of job (KB)
...
006 (014.414.000) 05/09 23:22:34 Image size of job updated: 4769008
	4106  -  MemoryUsage of job (MB)
	4203540  -  ResidentSetSize of job (KB)
...
006 (014.414.000) 05/09 23:22:39 Image size of job updated: 4769008
	4182  -  MemoryUsage of job (MB)
	4281948  -  ResidentSetSize of job (KB)
...
006 (014.414.000) 05/09 23:22:44 Image size of job updated: 5000432
	4259  -  MemoryUsage of job (MB)
	4360224  -  ResidentSetSize of job (KB)
...
006 (014.414.000) 05/09 23:22:49 Image size of job updated: 5000432
	4335  -  MemoryUsage of job (MB)
	4438500  -  ResidentSetSize of job (KB)
...
006 (014.414.000) 05/09 23:22:54 Image size of job updated: 5000432
	4396  -  MemoryUsage of job (MB)
	4501068  -  ResidentSetSize of job (KB)
...
006 (014.414.000) 05/09 23:22:59 Image size of job updated: 5210352
	4454  -  MemoryUsage of job (MB)
	4560864  -  ResidentSetSize of job (KB)
...
006 (014.414.000) 05/09 23:23:04 Image size of job updated: 5210352
	4512  -  MemoryUsage of job (MB)
	4619604  -  ResidentSetSize of job (KB)
...
006 (014.414.000) 05/09 23:23:09 Image size of job updated: 5210352
	4568  -  MemoryUsage of job (MB)
	4677288  -  ResidentSetSize of job (KB)
...
006 (014.414.000) 05/09 23:23:14 Image size of job updated: 5394672
	4624  -  MemoryUsage of job (MB)
	4734048  -  ResidentSetSize of job (KB)
...
006 (014.414.000) 05/09 23:23:19 Image size of job updated: 5394672
	4680  -  MemoryUsage of job (MB)
	4791864  -  ResidentSetSize of job (KB)
...
006 (014.414.000) 05/09 23:23:24 Image size of job updated: 5394672
	4736  -  MemoryUsage of job (MB)
	4849152  -  ResidentSetSize of job (KB)
...
006 (014.414.000) 05/09 23:23:29 Image size of job updated: 5566704
	4792  -  MemoryUsage of job (MB)
	4906704  -  ResidentSetSize of job (KB)
...
006 (014.414.000) 05/09 23:23:34 Image size of job updated: 5578992
	4862  -  MemoryUsage of job (MB)
	4978380  -  ResidentSetSize of job (KB)
...
006 (014.414.000) 05/09 23:23:39 Image size of job updated: 5653744
	4924  -  MemoryUsage of job (MB)
	5041212  -  ResidentSetSize of job (KB)
...
006 (014.414.000) 05/09 23:23:44 Image size of job updated: 5774576
	4996  -  MemoryUsage of job (MB)
	5115132  -  ResidentSetSize of job (KB)
...
006 (014.414.000) 05/09 23:23:49 Image size of job updated: 5774576
	5069  -  MemoryUsage of job (MB)
	5190372  -  ResidentSetSize of job (KB)
...
006 (014.414.000) 05/09 23:23:54 Image size of job updated: 5774576
	5143  -  MemoryUsage of job (MB)
	5265612  -  ResidentSetSize of job (KB)
...
006 (014.414.000) 05/09 23:23:59 Image size of job updated: 5998832
	5216  -  MemoryUsage of job (MB)
	5340852  -  ResidentSetSize of job (KB)
...
006 (014.414.000) 05/09 23:24:04 Image size of job updated: 5998832
	5290  -  MemoryUsage of job (MB)
	5416092  -  ResidentSetSize of job (KB)
...
006 (014.414.000) 05/09 23:24:09 Image size of job updated: 5998832
	5365  -  MemoryUsage of job (MB)
	5492916  -  ResidentSetSize of job (KB)
...
006 (014.414.000) 05/09 23:24:14 Image size of job updated: 6208752
	5420  -  MemoryUsage of job (MB)
	5549280  -  ResidentSetSize of job (KB)
...
006 (014.414.000) 05/09 23:24:19 Image size of job updated: 6231280
	5475  -  MemoryUsage of job (MB)
	5606304  -  ResidentSetSize of job (KB)
...
006 (014.414.000) 05/09 23:24:24 Image size of job updated: 6273264
	5530  -  MemoryUsage of job (MB)
	5662668  -  ResidentSetSize of job (KB)
...
006 (014.414.000) 05/09 23:24:29 Image size of job updated: 6377712
	5586  -  MemoryUsage of job (MB)
	5719296  -  ResidentSetSize of job (KB)
...
006 (014.414.000) 05/09 23:24:34 Image size of job updated: 6377712
	5641  -  MemoryUsage of job (MB)
	5775396  -  ResidentSetSize of job (KB)
...
006 (014.414.000) 05/09 23:24:39 Image size of job updated: 6377712
	5696  -  MemoryUsage of job (MB)
	5832684  -  ResidentSetSize of job (KB)
...
006 (014.414.000) 05/09 23:24:44 Image size of job updated: 6546672
	5751  -  MemoryUsage of job (MB)
	5888256  -  ResidentSetSize of job (KB)
...
006 (014.414.000) 05/09 23:24:49 Image size of job updated: 6546672
	5806  -  MemoryUsage of job (MB)
	5945280  -  ResidentSetSize of job (KB)
...
006 (014.414.000) 05/09 23:24:54 Image size of job updated: 6606064
	5864  -  MemoryUsage of job (MB)
	6003888  -  ResidentSetSize of job (KB)
...
006 (014.414.000) 05/09 23:24:59 Image size of job updated: 6720752
	5921  -  MemoryUsage of job (MB)
	6062100  -  ResidentSetSize of job (KB)
...
006 (014.414.000) 05/09 23:25:04 Image size of job updated: 6720752
	5978  -  MemoryUsage of job (MB)
	6120708  -  ResidentSetSize of job (KB)
...
006 (014.414.000) 05/09 23:25:09 Image size of job updated: 6720752
	6038  -  MemoryUsage of job (MB)
	6181956  -  ResidentSetSize of job (KB)
...
006 (014.414.000) 05/09 23:25:14 Image size of job updated: 6906096
	6099  -  MemoryUsage of job (MB)
	6245052  -  ResidentSetSize of job (KB)
...
006 (014.414.000) 05/09 23:25:19 Image size of job updated: 6919408
	6160  -  MemoryUsage of job (MB)
	6307356  -  ResidentSetSize of job (KB)
...
006 (014.414.000) 05/09 23:25:24 Image size of job updated: 6919408
	6219  -  MemoryUsage of job (MB)
	6367284  -  ResidentSetSize of job (KB)
...
006 (014.414.000) 05/09 23:25:29 Image size of job updated: 6919408
	6278  -  MemoryUsage of job (MB)
	6428532  -  ResidentSetSize of job (KB)
...
006 (014.414.000) 05/09 23:25:34 Image size of job updated: 7099632
	6335  -  MemoryUsage of job (MB)
	6486216  -  ResidentSetSize of job (KB)
...
006 (014.414.000) 05/09 23:25:39 Image size of job updated: 7099632
	6394  -  MemoryUsage of job (MB)
	6546540  -  ResidentSetSize of job (KB)
...
006 (014.414.000) 05/09 23:25:44 Image size of job updated: 7099632
	6441  -  MemoryUsage of job (MB)
	6594588  -  ResidentSetSize of job (KB)
...
006 (014.414.000) 05/09 23:25:49 Image size of job updated: 7301360
	6481  -  MemoryUsage of job (MB)
	6635904  -  ResidentSetSize of job (KB)
...
006 (014.414.000) 05/09 23:25:54 Image size of job updated: 7301360
	6519  -  MemoryUsage of job (MB)
	6675240  -  ResidentSetSize of job (KB)
...
006 (014.414.000) 05/09 23:25:59 Image size of job updated: 7301360
	6556  -  MemoryUsage of job (MB)
	6712860  -  ResidentSetSize of job (KB)
...
006 (014.414.000) 05/09 23:26:04 Image size of job updated: 7480560
	6593  -  MemoryUsage of job (MB)
	6750744  -  ResidentSetSize of job (KB)
...
006 (014.414.000) 05/09 23:26:09 Image size of job updated: 7563504
	6609  -  MemoryUsage of job (MB)
	6767376  -  ResidentSetSize of job (KB)
...
006 (014.414.000) 05/09 23:26:14 Image size of job updated: 7563504
	6665  -  MemoryUsage of job (MB)
	6824004  -  ResidentSetSize of job (KB)
...
006 (014.414.000) 05/09 23:26:19 Image size of job updated: 7650544
	6719  -  MemoryUsage of job (MB)
	6880236  -  ResidentSetSize of job (KB)
...
006 (014.414.000) 05/09 23:26:24 Image size of job updated: 7650544
	6776  -  MemoryUsage of job (MB)
	6937920  -  ResidentSetSize of job (KB)
...
006 (014.414.000) 05/09 23:26:29 Image size of job updated: 7736560
	6830  -  MemoryUsage of job (MB)
	6993492  -  ResidentSetSize of job (KB)
...
006 (014.414.000) 05/09 23:26:34 Image size of job updated: 7819504
	6885  -  MemoryUsage of job (MB)
	7049988  -  ResidentSetSize of job (KB)
...
006 (014.414.000) 05/09 23:26:39 Image size of job updated: 7819504
	7095  -  MemoryUsage of job (MB)
	7264488  -  ResidentSetSize of job (KB)
...
006 (014.414.000) 05/09 23:26:44 Image size of job updated: 7819504
	7116  -  MemoryUsage of job (MB)
	7286004  -  ResidentSetSize of job (KB)
...
006 (014.414.000) 05/09 23:26:49 Image size of job updated: 8039920
	7116  -  MemoryUsage of job (MB)
	7286004  -  ResidentSetSize of job (KB)
...
005 (014.414.000) 05/09 23:26:49 Job terminated.
	(1) Normal termination (return value 0)
		Usr 0 00:25:38, Sys 0 00:00:10  -  Run Remote Usage
		Usr 0 00:00:00, Sys 0 00:00:00  -  Run Local Usage
		Usr 0 00:25:38, Sys 0 00:00:10  -  Total Remote Usage
		Usr 0 00:00:00, Sys 0 00:00:00  -  Total Local Usage
	0  -  Run Bytes Sent By Job
	0  -  Run Bytes Received By Job
	0  -  Total Bytes Sent By Job
	0  -  Total Bytes Received By Job
	Partitionable Resources :      Usage  Request Allocated 
	   Cpus                 :       0.88        1         1 
	   Disk (KB)            : 2000000     2000000   6232219 
	   Memory (MB)          :    7116        1954      2007 
...
