000 (205.7789.000) 05/06 03:21:24 Job submitted from host: <127.0.0.1:9618?addrs=127.0.0.1-9618&noUDP&sock=222_da1d_4>
...
033 (205.7789.000) 05/06 14:23:57 Changing job attribute JobPrio from 0 to -5
...
000 (007.7789.000) 05/07 19:00:52 Job submitted from host: <127.0.0.1:9618?addrs=127.0.0.1-9618&noUDP&sock=215_0cf3_4>
...
000 (016.7789.000) 05/08 15:57:55 Job submitted from host: <127.0.0.1:9618?addrs=127.0.0.1-9618&noUDP&sock=227_4816_4>
...
009 (016.7789.000) 05/09 16:55:56 Job was aborted by the user.
	via condor_rm (by user aw868)
...
000 (014.628.000) 05/09 17:29:48 Job submitted from host: <127.0.0.1:9618?addrs=127.0.0.1-9618&noUDP&sock=212_fe2a_4>
...
033 (014.628.000) 05/09 17:33:58 Changing job attribute JobPrio from 0 to -10
...
033 (014.628.000) 05/09 21:36:14 Changing job attribute JobPrio from -10 to -15
...
001 (014.628.000) 05/10 00:44:40 Job executing on host: <127.0.0.1:9618?addrs=127.0.0.1-9618&noUDP&sock=212_fe2a_5>
...
006 (014.628.000) 05/10 00:44:46 Image size of job updated: 2000000
	115  -  MemoryUsage of job (MB)
	116820  -  ResidentSetSize of job (KB)
...
006 (014.628.000) 05/10 00:45:34 Image size of job updated: 2000000
	150  -  MemoryUsage of job (MB)
	152988  -  ResidentSetSize of job (KB)
...
006 (014.628.000) 05/10 00:45:40 Image size of job updated: 2000000
	210  -  MemoryUsage of job (MB)
	214764  -  ResidentSetSize of job (KB)
...
006 (014.628.000) 05/10 00:45:46 Image size of job updated: 2000000
	210  -  MemoryUsage of job (MB)
	215028  -  ResidentSetSize of job (KB)
...
006 (014.628.000) 05/10 00:45:52 Image size of job updated: 2000000
	216  -  MemoryUsage of job (MB)
	220836  -  ResidentSetSize of job (KB)
...
006 (014.628.000) 05/10 00:45:58 Image size of job updated: 2000000
	228  -  MemoryUsage of job (MB)
	232848  -  ResidentSetSize of job (KB)
...
006 (014.628.000) 05/10 00:46:04 Image size of job updated: 2000000
	239  -  MemoryUsage of job (MB)
	244728  -  ResidentSetSize of job (KB)
...
006 (014.628.000) 05/10 00:46:10 Image size of job updated: 2000000
	251  -  MemoryUsage of job (MB)
	256740  -  ResidentSetSize of job (KB)
...
006 (014.628.000) 05/10 00:46:16 Image size of job updated: 2000000
	261  -  MemoryUsage of job (MB)
	266640  -  ResidentSetSize of job (KB)
...
006 (014.628.000) 05/10 00:46:22 Image size of job updated: 2000000
	270  -  MemoryUsage of job (MB)
	275484  -  ResidentSetSize of job (KB)
...
006 (014.628.000) 05/10 00:46:28 Image size of job updated: 2000000
	280  -  MemoryUsage of job (MB)
	286308  -  ResidentSetSize of job (KB)
...
006 (014.628.000) 05/10 00:46:34 Image size of job updated: 2000000
	318  -  MemoryUsage of job (MB)
	324720  -  ResidentSetSize of job (KB)
...
006 (014.628.000) 05/10 00:46:39 Image size of job updated: 2000000
	365  -  MemoryUsage of job (MB)
	372768  -  ResidentSetSize of job (KB)
...
006 (014.628.000) 05/10 00:46:44 Image size of job updated: 2000000
	379  -  MemoryUsage of job (MB)
	387948  -  ResidentSetSize of job (KB)
...
006 (014.628.000) 05/10 00:46:49 Image size of job updated: 2000000
	405  -  MemoryUsage of job (MB)
	414612  -  ResidentSetSize of job (KB)
...
006 (014.628.000) 05/10 00:46:54 Image size of job updated: 2000000
	474  -  MemoryUsage of job (MB)
	485232  -  ResidentSetSize of job (KB)
...
006 (014.628.000) 05/10 00:46:59 Image size of job updated: 2000000
	523  -  MemoryUsage of job (MB)
	535524  -  ResidentSetSize of job (KB)
...
006 (014.628.000) 05/10 00:47:04 Image size of job updated: 2000000
	1242  -  MemoryUsage of job (MB)
	1271424  -  ResidentSetSize of job (KB)
...
006 (014.628.000) 05/10 01:04:06 Image size of job updated: 2303312
	1580  -  MemoryUsage of job (MB)
	1617528  -  ResidentSetSize of job (KB)
...
006 (014.628.000) 05/10 01:04:12 Image size of job updated: 2303312
	1734  -  MemoryUsage of job (MB)
	1774608  -  ResidentSetSize of job (KB)
...
006 (014.628.000) 05/10 01:04:18 Image size of job updated: 2654448
	1960  -  MemoryUsage of job (MB)
	2006664  -  ResidentSetSize of job (KB)
...
006 (014.628.000) 05/10 01:04:24 Image size of job updated: 2656496
	2000  -  MemoryUsage of job (MB)
	2047716  -  ResidentSetSize of job (KB)
...
006 (014.628.000) 05/10 01:04:30 Image size of job updated: 2812144
	2128  -  MemoryUsage of job (MB)
	2178792  -  ResidentSetSize of job (KB)
...
006 (014.628.000) 05/10 01:04:36 Image size of job updated: 2868464
	2214  -  MemoryUsage of job (MB)
	2267100  -  ResidentSetSize of job (KB)
...
006 (014.628.000) 05/10 01:04:42 Image size of job updated: 2917616
	2268  -  MemoryUsage of job (MB)
	2322144  -  ResidentSetSize of job (KB)
...
006 (014.628.000) 05/10 01:04:48 Image size of job updated: 3012848
	2314  -  MemoryUsage of job (MB)
	2369004  -  ResidentSetSize of job (KB)
...
006 (014.628.000) 05/10 01:04:54 Image size of job updated: 3040496
	2358  -  MemoryUsage of job (MB)
	2414412  -  ResidentSetSize of job (KB)
...
006 (014.628.000) 05/10 01:05:00 Image size of job updated: 3040496
	2400  -  MemoryUsage of job (MB)
	2457180  -  ResidentSetSize of job (KB)
...
006 (014.628.000) 05/10 01:05:06 Image size of job updated: 3122416
	2445  -  MemoryUsage of job (MB)
	2503248  -  ResidentSetSize of job (KB)
...
006 (014.628.000) 05/10 01:05:12 Image size of job updated: 3162352
	2491  -  MemoryUsage of job (MB)
	2550240  -  ResidentSetSize of job (KB)
...
006 (014.628.000) 05/10 01:05:18 Image size of job updated: 3229936
	2527  -  MemoryUsage of job (MB)
	2587200  -  ResidentSetSize of job (KB)
...
006 (014.628.000) 05/10 01:05:24 Image size of job updated: 3264752
	2562  -  MemoryUsage of job (MB)
	2623104  -  ResidentSetSize of job (KB)
...
006 (014.628.000) 05/10 01:05:30 Image size of job updated: 3264752
	2597  -  MemoryUsage of job (MB)
	2658480  -  ResidentSetSize of job (KB)
...
006 (014.628.000) 05/10 01:05:36 Image size of job updated: 3325168
	2631  -  MemoryUsage of job (MB)
	2693196  -  ResidentSetSize of job (KB)
...
006 (014.628.000) 05/10 01:05:42 Image size of job updated: 3340528
	2665  -  MemoryUsage of job (MB)
	2728572  -  ResidentSetSize of job (KB)
...
006 (014.628.000) 05/10 01:05:48 Image size of job updated: 3340528
	2699  -  MemoryUsage of job (MB)
	2762760  -  ResidentSetSize of job (KB)
...
006 (014.628.000) 05/10 01:05:54 Image size of job updated: 3427568
	2732  -  MemoryUsage of job (MB)
	2797212  -  ResidentSetSize of job (KB)
...
006 (014.628.000) 05/10 01:06:00 Image size of job updated: 3427568
	2766  -  MemoryUsage of job (MB)
	2831664  -  ResidentSetSize of job (KB)
...
006 (014.628.000) 05/10 01:06:06 Image size of job updated: 3427568
	2799  -  MemoryUsage of job (MB)
	2865324  -  ResidentSetSize of job (KB)
...
006 (014.628.000) 05/10 01:06:12 Image size of job updated: 3530992
	2832  -  MemoryUsage of job (MB)
	2899908  -  ResidentSetSize of job (KB)
...
006 (014.628.000) 05/10 01:06:18 Image size of job updated: 3558640
	2865  -  MemoryUsage of job (MB)
	2933436  -  ResidentSetSize of job (KB)
...
006 (014.628.000) 05/10 01:06:24 Image size of job updated: 3597552
	2898  -  MemoryUsage of job (MB)
	2966964  -  ResidentSetSize of job (KB)
...
006 (014.628.000) 05/10 01:06:30 Image size of job updated: 3597552
	2932  -  MemoryUsage of job (MB)
	3001944  -  ResidentSetSize of job (KB)
...
006 (014.628.000) 05/10 01:06:36 Image size of job updated: 3597552
	2966  -  MemoryUsage of job (MB)
	3036264  -  ResidentSetSize of job (KB)
...
006 (014.628.000) 05/10 01:06:42 Image size of job updated: 3693808
	2999  -  MemoryUsage of job (MB)
	3070848  -  ResidentSetSize of job (KB)
...
006 (014.628.000) 05/10 01:06:48 Image size of job updated: 3693808
	3031  -  MemoryUsage of job (MB)
	3102792  -  ResidentSetSize of job (KB)
...
006 (014.628.000) 05/10 01:06:54 Image size of job updated: 3777776
	3064  -  MemoryUsage of job (MB)
	3137244  -  ResidentSetSize of job (KB)
...
006 (014.628.000) 05/10 01:07:00 Image size of job updated: 3777776
	3099  -  MemoryUsage of job (MB)
	3172356  -  ResidentSetSize of job (KB)
...
006 (014.628.000) 05/10 01:07:06 Image size of job updated: 3777776
	3131  -  MemoryUsage of job (MB)
	3205752  -  ResidentSetSize of job (KB)
...
006 (014.628.000) 05/10 01:07:12 Image size of job updated: 3870960
	3171  -  MemoryUsage of job (MB)
	3246144  -  ResidentSetSize of job (KB)
...
006 (014.628.000) 05/10 01:07:18 Image size of job updated: 3870960
	3213  -  MemoryUsage of job (MB)
	3289308  -  ResidentSetSize of job (KB)
...
006 (014.628.000) 05/10 01:07:24 Image size of job updated: 3870960
	3247  -  MemoryUsage of job (MB)
	3324420  -  ResidentSetSize of job (KB)
...
006 (014.628.000) 05/10 01:07:30 Image size of job updated: 3969264
	3279  -  MemoryUsage of job (MB)
	3357024  -  ResidentSetSize of job (KB)
...
006 (014.628.000) 05/10 01:07:36 Image size of job updated: 3969264
	3311  -  MemoryUsage of job (MB)
	3389892  -  ResidentSetSize of job (KB)
...
006 (014.628.000) 05/10 01:07:42 Image size of job updated: 4059376
	3345  -  MemoryUsage of job (MB)
	3424740  -  ResidentSetSize of job (KB)
...
006 (014.628.000) 05/10 01:07:48 Image size of job updated: 4059376
	3377  -  MemoryUsage of job (MB)
	3457344  -  ResidentSetSize of job (KB)
...
006 (014.628.000) 05/10 01:07:54 Image size of job updated: 4059376
	3408  -  MemoryUsage of job (MB)
	3489552  -  ResidentSetSize of job (KB)
...
006 (014.628.000) 05/10 01:08:00 Image size of job updated: 4140272
	3441  -  MemoryUsage of job (MB)
	3522684  -  ResidentSetSize of job (KB)
...
006 (014.628.000) 05/10 01:08:06 Image size of job updated: 4140272
	3472  -  MemoryUsage of job (MB)
	3554892  -  ResidentSetSize of job (KB)
...
006 (014.628.000) 05/10 01:08:12 Image size of job updated: 4221168
	3504  -  MemoryUsage of job (MB)
	3587760  -  ResidentSetSize of job (KB)
...
006 (014.628.000) 05/10 01:08:18 Image size of job updated: 4221168
	3536  -  MemoryUsage of job (MB)
	3620100  -  ResidentSetSize of job (KB)
...
006 (014.628.000) 05/10 01:08:25 Image size of job updated: 4221168
	3567  -  MemoryUsage of job (MB)
	3651780  -  ResidentSetSize of job (KB)
...
006 (014.628.000) 05/10 01:08:30 Image size of job updated: 4313328
	3588  -  MemoryUsage of job (MB)
	3673956  -  ResidentSetSize of job (KB)
...
006 (014.628.000) 05/10 01:08:35 Image size of job updated: 4313328
	3613  -  MemoryUsage of job (MB)
	3699036  -  ResidentSetSize of job (KB)
...
006 (014.628.000) 05/10 01:08:40 Image size of job updated: 4313328
	3626  -  MemoryUsage of job (MB)
	3712764  -  ResidentSetSize of job (KB)
...
006 (014.628.000) 05/10 01:08:45 Image size of job updated: 4313328
	3633  -  MemoryUsage of job (MB)
	3720024  -  ResidentSetSize of job (KB)
...
006 (014.628.000) 05/10 01:08:50 Image size of job updated: 4416752
	3636  -  MemoryUsage of job (MB)
	3723060  -  ResidentSetSize of job (KB)
...
006 (014.628.000) 05/10 01:08:57 Image size of job updated: 4416752
	3650  -  MemoryUsage of job (MB)
	3737316  -  ResidentSetSize of job (KB)
...
006 (014.628.000) 05/10 01:09:04 Image size of job updated: 4495600
	3682  -  MemoryUsage of job (MB)
	3769656  -  ResidentSetSize of job (KB)
...
006 (014.628.000) 05/10 01:09:09 Image size of job updated: 4537584
	3708  -  MemoryUsage of job (MB)
	3796188  -  ResidentSetSize of job (KB)
...
006 (014.628.000) 05/10 01:09:14 Image size of job updated: 4567280
	3734  -  MemoryUsage of job (MB)
	3822720  -  ResidentSetSize of job (KB)
...
006 (014.628.000) 05/10 01:09:19 Image size of job updated: 4576496
	3759  -  MemoryUsage of job (MB)
	3848856  -  ResidentSetSize of job (KB)
...
006 (014.628.000) 05/10 01:09:24 Image size of job updated: 4619504
	3785  -  MemoryUsage of job (MB)
	3874992  -  ResidentSetSize of job (KB)
...
006 (014.628.000) 05/10 01:09:29 Image size of job updated: 4645104
	3810  -  MemoryUsage of job (MB)
	3900996  -  ResidentSetSize of job (KB)
...
006 (014.628.000) 05/10 01:09:34 Image size of job updated: 4655344
	3836  -  MemoryUsage of job (MB)
	3927792  -  ResidentSetSize of job (KB)
...
006 (014.628.000) 05/10 01:09:39 Image size of job updated: 4655344
	3862  -  MemoryUsage of job (MB)
	3953928  -  ResidentSetSize of job (KB)
...
006 (014.628.000) 05/10 01:09:44 Image size of job updated: 4655344
	3896  -  MemoryUsage of job (MB)
	3988776  -  ResidentSetSize of job (KB)
...
006 (014.628.000) 05/10 01:09:49 Image size of job updated: 4745456
	3930  -  MemoryUsage of job (MB)
	4024020  -  ResidentSetSize of job (KB)
...
006 (014.628.000) 05/10 01:09:54 Image size of job updated: 4745456
	3957  -  MemoryUsage of job (MB)
	4051476  -  ResidentSetSize of job (KB)
...
006 (014.628.000) 05/10 01:09:59 Image size of job updated: 4821232
	3984  -  MemoryUsage of job (MB)
	4079196  -  ResidentSetSize of job (KB)
...
006 (014.628.000) 05/10 01:10:04 Image size of job updated: 4841712
	4012  -  MemoryUsage of job (MB)
	4107312  -  ResidentSetSize of job (KB)
...
006 (014.628.000) 05/10 01:10:09 Image size of job updated: 4857072
	4036  -  MemoryUsage of job (MB)
	4132524  -  ResidentSetSize of job (KB)
...
006 (014.628.000) 05/10 01:10:14 Image size of job updated: 4857072
	4063  -  MemoryUsage of job (MB)
	4160112  -  ResidentSetSize of job (KB)
...
006 (014.628.000) 05/10 01:10:19 Image size of job updated: 4924656
	4090  -  MemoryUsage of job (MB)
	4187436  -  ResidentSetSize of job (KB)
...
006 (014.628.000) 05/10 01:10:24 Image size of job updated: 4924656
	4116  -  MemoryUsage of job (MB)
	4214760  -  ResidentSetSize of job (KB)
...
006 (014.628.000) 05/10 01:10:29 Image size of job updated: 4924656
	4143  -  MemoryUsage of job (MB)
	4241556  -  ResidentSetSize of job (KB)
...
006 (014.628.000) 05/10 01:10:34 Image size of job updated: 5006576
	4169  -  MemoryUsage of job (MB)
	4269012  -  ResidentSetSize of job (KB)
...
006 (014.628.000) 05/10 01:10:39 Image size of job updated: 5136624
	4398  -  MemoryUsage of job (MB)
	4502652  -  ResidentSetSize of job (KB)
...
006 (014.628.000) 05/10 01:10:44 Image size of job updated: 5227760
	4415  -  MemoryUsage of job (MB)
	4520868  -  ResidentSetSize of job (KB)
...
005 (014.628.000) 05/10 01:10:47 Job terminated.
	(1) Normal termination (return value 0)
		Usr 0 00:24:57, Sys 0 00:00:08  -  Run Remote Usage
		Usr 0 00:00:00, Sys 0 00:00:00  -  Run Local Usage
		Usr 0 00:24:57, Sys 0 00:00:08  -  Total Remote Usage
		Usr 0 00:00:00, Sys 0 00:00:00  -  Total Local Usage
	0  -  Run Bytes Sent By Job
	0  -  Run Bytes Received By Job
	0  -  Total Bytes Sent By Job
	0  -  Total Bytes Received By Job
	Partitionable Resources :      Usage  Request Allocated 
	   Cpus                 :       0.86        1         1 
	   Disk (KB)            : 2000000     2000000   6232219 
	   Memory (MB)          :    4415        1954      2007 
...
