000 (205.9989.000) 05/06 03:22:31 Job submitted from host: <127.0.0.1:9618?addrs=127.0.0.1-9618&noUDP&sock=222_da1d_4>
...
033 (205.9989.000) 05/06 14:24:28 Changing job attribute JobPrio from 0 to -5
...
000 (007.9989.000) 05/07 19:01:16 Job submitted from host: <127.0.0.1:9618?addrs=127.0.0.1-9618&noUDP&sock=215_0cf3_4>
...
000 (016.9989.000) 05/08 15:58:18 Job submitted from host: <127.0.0.1:9618?addrs=127.0.0.1-9618&noUDP&sock=227_4816_4>
...
009 (016.9989.000) 05/09 16:56:44 Job was aborted by the user.
	via condor_rm (by user aw868)
...
000 (014.2828.000) 05/09 17:31:32 Job submitted from host: <127.0.0.1:9618?addrs=127.0.0.1-9618&noUDP&sock=212_fe2a_4>
...
033 (014.2828.000) 05/09 17:33:30 Changing job attribute JobPrio from 0 to -10
...
033 (014.2828.000) 05/09 21:35:54 Changing job attribute JobPrio from -10 to -15
...
001 (014.2828.000) 05/10 23:54:10 Job executing on host: <127.0.0.1:9618?addrs=127.0.0.1-9618&noUDP&sock=212_fe2a_5>
...
006 (014.2828.000) 05/10 23:54:15 Image size of job updated: 2000000
	112  -  MemoryUsage of job (MB)
	114180  -  ResidentSetSize of job (KB)
...
006 (014.2828.000) 05/10 23:54:20 Image size of job updated: 2000000
	115  -  MemoryUsage of job (MB)
	117084  -  ResidentSetSize of job (KB)
...
006 (014.2828.000) 05/10 23:54:43 Image size of job updated: 2000000
	119  -  MemoryUsage of job (MB)
	121440  -  ResidentSetSize of job (KB)
...
006 (014.2828.000) 05/10 23:54:49 Image size of job updated: 2000000
	201  -  MemoryUsage of job (MB)
	205260  -  ResidentSetSize of job (KB)
...
006 (014.2828.000) 05/10 23:54:55 Image size of job updated: 2000000
	211  -  MemoryUsage of job (MB)
	215424  -  ResidentSetSize of job (KB)
...
006 (014.2828.000) 05/10 23:55:01 Image size of job updated: 2000000
	211  -  MemoryUsage of job (MB)
	215952  -  ResidentSetSize of job (KB)
...
006 (014.2828.000) 05/10 23:55:07 Image size of job updated: 2000000
	223  -  MemoryUsage of job (MB)
	227700  -  ResidentSetSize of job (KB)
...
006 (014.2828.000) 05/10 23:55:13 Image size of job updated: 2000000
	234  -  MemoryUsage of job (MB)
	239448  -  ResidentSetSize of job (KB)
...
006 (014.2828.000) 05/10 23:55:19 Image size of job updated: 2000000
	246  -  MemoryUsage of job (MB)
	251328  -  ResidentSetSize of job (KB)
...
006 (014.2828.000) 05/10 23:55:25 Image size of job updated: 2000000
	255  -  MemoryUsage of job (MB)
	260832  -  ResidentSetSize of job (KB)
...
006 (014.2828.000) 05/10 23:55:31 Image size of job updated: 2000000
	265  -  MemoryUsage of job (MB)
	271128  -  ResidentSetSize of job (KB)
...
006 (014.2828.000) 05/10 23:55:37 Image size of job updated: 2000000
	273  -  MemoryUsage of job (MB)
	278652  -  ResidentSetSize of job (KB)
...
006 (014.2828.000) 05/10 23:55:43 Image size of job updated: 2000000
	298  -  MemoryUsage of job (MB)
	304656  -  ResidentSetSize of job (KB)
...
006 (014.2828.000) 05/10 23:55:49 Image size of job updated: 2000000
	345  -  MemoryUsage of job (MB)
	353232  -  ResidentSetSize of job (KB)
...
006 (014.2828.000) 05/10 23:55:55 Image size of job updated: 2000000
	380  -  MemoryUsage of job (MB)
	388608  -  ResidentSetSize of job (KB)
...
006 (014.2828.000) 05/10 23:56:07 Image size of job updated: 2000000
	474  -  MemoryUsage of job (MB)
	485100  -  ResidentSetSize of job (KB)
...
006 (014.2828.000) 05/10 23:56:13 Image size of job updated: 2000000
	544  -  MemoryUsage of job (MB)
	556248  -  ResidentSetSize of job (KB)
...
006 (014.2828.000) 05/10 23:56:19 Image size of job updated: 2000000
	1241  -  MemoryUsage of job (MB)
	1270368  -  ResidentSetSize of job (KB)
...
006 (014.2828.000) 05/11 00:15:20 Image size of job updated: 2000000
	1546  -  MemoryUsage of job (MB)
	1582416  -  ResidentSetSize of job (KB)
...
006 (014.2828.000) 05/11 00:15:25 Image size of job updated: 2000000
	1673  -  MemoryUsage of job (MB)
	1712436  -  ResidentSetSize of job (KB)
...
006 (014.2828.000) 05/11 00:15:30 Image size of job updated: 2704116
	1908  -  MemoryUsage of job (MB)
	1953468  -  ResidentSetSize of job (KB)
...
006 (014.2828.000) 05/11 00:15:47 Image size of job updated: 2704116
	1938  -  MemoryUsage of job (MB)
	1984488  -  ResidentSetSize of job (KB)
...
006 (014.2828.000) 05/11 00:15:53 Image size of job updated: 2825460
	2031  -  MemoryUsage of job (MB)
	2079660  -  ResidentSetSize of job (KB)
...
006 (014.2828.000) 05/11 00:15:59 Image size of job updated: 2899188
	2096  -  MemoryUsage of job (MB)
	2145528  -  ResidentSetSize of job (KB)
...
006 (014.2828.000) 05/11 00:16:05 Image size of job updated: 2913524
	2137  -  MemoryUsage of job (MB)
	2187768  -  ResidentSetSize of job (KB)
...
006 (014.2828.000) 05/11 00:16:11 Image size of job updated: 2975988
	2173  -  MemoryUsage of job (MB)
	2224464  -  ResidentSetSize of job (KB)
...
006 (014.2828.000) 05/11 00:16:17 Image size of job updated: 3013876
	2208  -  MemoryUsage of job (MB)
	2260236  -  ResidentSetSize of job (KB)
...
006 (014.2828.000) 05/11 00:16:23 Image size of job updated: 3028212
	2242  -  MemoryUsage of job (MB)
	2295084  -  ResidentSetSize of job (KB)
...
006 (014.2828.000) 05/11 00:16:29 Image size of job updated: 3028212
	2276  -  MemoryUsage of job (MB)
	2329800  -  ResidentSetSize of job (KB)
...
006 (014.2828.000) 05/11 00:16:36 Image size of job updated: 3100916
	2308  -  MemoryUsage of job (MB)
	2362932  -  ResidentSetSize of job (KB)
...
006 (014.2828.000) 05/11 00:16:41 Image size of job updated: 3100916
	2335  -  MemoryUsage of job (MB)
	2390916  -  ResidentSetSize of job (KB)
...
006 (014.2828.000) 05/11 00:16:46 Image size of job updated: 3100916
	2362  -  MemoryUsage of job (MB)
	2417844  -  ResidentSetSize of job (KB)
...
006 (014.2828.000) 05/11 00:16:51 Image size of job updated: 3183860
	2388  -  MemoryUsage of job (MB)
	2445300  -  ResidentSetSize of job (KB)
...
006 (014.2828.000) 05/11 00:16:56 Image size of job updated: 3226868
	2415  -  MemoryUsage of job (MB)
	2472888  -  ResidentSetSize of job (KB)
...
006 (014.2828.000) 05/11 00:17:01 Image size of job updated: 3226868
	2442  -  MemoryUsage of job (MB)
	2500212  -  ResidentSetSize of job (KB)
...
006 (014.2828.000) 05/11 00:17:06 Image size of job updated: 3270900
	2469  -  MemoryUsage of job (MB)
	2527932  -  ResidentSetSize of job (KB)
...
006 (014.2828.000) 05/11 00:17:11 Image size of job updated: 3270900
	2495  -  MemoryUsage of job (MB)
	2554200  -  ResidentSetSize of job (KB)
...
006 (014.2828.000) 05/11 00:17:16 Image size of job updated: 3270900
	2521  -  MemoryUsage of job (MB)
	2581128  -  ResidentSetSize of job (KB)
...
006 (014.2828.000) 05/11 00:17:21 Image size of job updated: 3351796
	2548  -  MemoryUsage of job (MB)
	2608716  -  ResidentSetSize of job (KB)
...
006 (014.2828.000) 05/11 00:17:26 Image size of job updated: 3351796
	2574  -  MemoryUsage of job (MB)
	2635512  -  ResidentSetSize of job (KB)
...
006 (014.2828.000) 05/11 00:17:31 Image size of job updated: 3351796
	2601  -  MemoryUsage of job (MB)
	2663364  -  ResidentSetSize of job (KB)
...
006 (014.2828.000) 05/11 00:17:36 Image size of job updated: 3448052
	2628  -  MemoryUsage of job (MB)
	2690556  -  ResidentSetSize of job (KB)
...
006 (014.2828.000) 05/11 00:17:41 Image size of job updated: 3473652
	2654  -  MemoryUsage of job (MB)
	2717484  -  ResidentSetSize of job (KB)
...
006 (014.2828.000) 05/11 00:17:46 Image size of job updated: 3473652
	2681  -  MemoryUsage of job (MB)
	2744808  -  ResidentSetSize of job (KB)
...
006 (014.2828.000) 05/11 00:17:51 Image size of job updated: 3514612
	2709  -  MemoryUsage of job (MB)
	2773056  -  ResidentSetSize of job (KB)
...
006 (014.2828.000) 05/11 00:17:56 Image size of job updated: 3554548
	2736  -  MemoryUsage of job (MB)
	2801568  -  ResidentSetSize of job (KB)
...
006 (014.2828.000) 05/11 00:18:01 Image size of job updated: 3588340
	2765  -  MemoryUsage of job (MB)
	2830872  -  ResidentSetSize of job (KB)
...
006 (014.2828.000) 05/11 00:18:06 Image size of job updated: 3603700
	2796  -  MemoryUsage of job (MB)
	2862816  -  ResidentSetSize of job (KB)
...
006 (014.2828.000) 05/11 00:18:11 Image size of job updated: 3603700
	2825  -  MemoryUsage of job (MB)
	2891856  -  ResidentSetSize of job (KB)
...
006 (014.2828.000) 05/11 00:18:16 Image size of job updated: 3603700
	2853  -  MemoryUsage of job (MB)
	2920764  -  ResidentSetSize of job (KB)
...
006 (014.2828.000) 05/11 00:18:21 Image size of job updated: 3690740
	2881  -  MemoryUsage of job (MB)
	2949144  -  ResidentSetSize of job (KB)
...
006 (014.2828.000) 05/11 00:18:26 Image size of job updated: 3690740
	2908  -  MemoryUsage of job (MB)
	2977260  -  ResidentSetSize of job (KB)
...
006 (014.2828.000) 05/11 00:18:31 Image size of job updated: 3756276
	2935  -  MemoryUsage of job (MB)
	3005112  -  ResidentSetSize of job (KB)
...
006 (014.2828.000) 05/11 00:18:36 Image size of job updated: 3780852
	2964  -  MemoryUsage of job (MB)
	3034284  -  ResidentSetSize of job (KB)
...
006 (014.2828.000) 05/11 00:18:41 Image size of job updated: 3794164
	2992  -  MemoryUsage of job (MB)
	3063192  -  ResidentSetSize of job (KB)
...
006 (014.2828.000) 05/11 00:18:46 Image size of job updated: 3794164
	3018  -  MemoryUsage of job (MB)
	3089460  -  ResidentSetSize of job (KB)
...
006 (014.2828.000) 05/11 00:18:51 Image size of job updated: 3862772
	3044  -  MemoryUsage of job (MB)
	3116652  -  ResidentSetSize of job (KB)
...
006 (014.2828.000) 05/11 00:18:56 Image size of job updated: 3862772
	3072  -  MemoryUsage of job (MB)
	3144900  -  ResidentSetSize of job (KB)
...
006 (014.2828.000) 05/11 00:19:01 Image size of job updated: 3862772
	3100  -  MemoryUsage of job (MB)
	3173412  -  ResidentSetSize of job (KB)
...
006 (014.2828.000) 05/11 00:19:06 Image size of job updated: 3945716
	3126  -  MemoryUsage of job (MB)
	3200868  -  ResidentSetSize of job (KB)
...
006 (014.2828.000) 05/11 00:19:11 Image size of job updated: 3964148
	3153  -  MemoryUsage of job (MB)
	3228588  -  ResidentSetSize of job (KB)
...
006 (014.2828.000) 05/11 00:19:16 Image size of job updated: 3964148
	3181  -  MemoryUsage of job (MB)
	3256704  -  ResidentSetSize of job (KB)
...
006 (014.2828.000) 05/11 00:19:21 Image size of job updated: 4029684
	3208  -  MemoryUsage of job (MB)
	3284556  -  ResidentSetSize of job (KB)
...
006 (014.2828.000) 05/11 00:19:26 Image size of job updated: 4029684
	3223  -  MemoryUsage of job (MB)
	3300264  -  ResidentSetSize of job (KB)
...
006 (014.2828.000) 05/11 00:19:31 Image size of job updated: 4029684
	3228  -  MemoryUsage of job (MB)
	3305412  -  ResidentSetSize of job (KB)
...
006 (014.2828.000) 05/11 00:19:36 Image size of job updated: 4111604
	3228  -  MemoryUsage of job (MB)
	3305412  -  ResidentSetSize of job (KB)
...
006 (014.2828.000) 05/11 00:19:41 Image size of job updated: 4111604
	3252  -  MemoryUsage of job (MB)
	3329700  -  ResidentSetSize of job (KB)
...
006 (014.2828.000) 05/11 00:19:55 Image size of job updated: 4111604
	3266  -  MemoryUsage of job (MB)
	3343560  -  ResidentSetSize of job (KB)
...
006 (014.2828.000) 05/11 00:20:25 Image size of job updated: 4288756
	3392  -  MemoryUsage of job (MB)
	3473184  -  ResidentSetSize of job (KB)
...
006 (014.2828.000) 05/11 00:20:47 Image size of job updated: 4376820
	3511  -  MemoryUsage of job (MB)
	3594624  -  ResidentSetSize of job (KB)
...
006 (014.2828.000) 05/11 00:21:01 Image size of job updated: 4484340
	3592  -  MemoryUsage of job (MB)
	3677916  -  ResidentSetSize of job (KB)
...
006 (014.2828.000) 05/11 00:21:09 Image size of job updated: 4505844
	3635  -  MemoryUsage of job (MB)
	3721740  -  ResidentSetSize of job (KB)
...
006 (014.2828.000) 05/11 00:21:14 Image size of job updated: 4552948
	3662  -  MemoryUsage of job (MB)
	3749196  -  ResidentSetSize of job (KB)
...
006 (014.2828.000) 05/11 00:21:19 Image size of job updated: 4552948
	3689  -  MemoryUsage of job (MB)
	3777048  -  ResidentSetSize of job (KB)
...
006 (014.2828.000) 05/11 00:21:24 Image size of job updated: 4552948
	3716  -  MemoryUsage of job (MB)
	3804900  -  ResidentSetSize of job (KB)
...
006 (014.2828.000) 05/11 00:21:29 Image size of job updated: 4635892
	3744  -  MemoryUsage of job (MB)
	3833016  -  ResidentSetSize of job (KB)
...
006 (014.2828.000) 05/11 00:21:34 Image size of job updated: 4635892
	3770  -  MemoryUsage of job (MB)
	3860208  -  ResidentSetSize of job (KB)
...
006 (014.2828.000) 05/11 00:21:39 Image size of job updated: 4635892
	3798  -  MemoryUsage of job (MB)
	3888456  -  ResidentSetSize of job (KB)
...
006 (014.2828.000) 05/11 00:21:44 Image size of job updated: 4724980
	3825  -  MemoryUsage of job (MB)
	3916704  -  ResidentSetSize of job (KB)
...
006 (014.2828.000) 05/11 00:21:49 Image size of job updated: 4724980
	3854  -  MemoryUsage of job (MB)
	3946008  -  ResidentSetSize of job (KB)
...
006 (014.2828.000) 05/11 00:21:54 Image size of job updated: 4724980
	3861  -  MemoryUsage of job (MB)
	3953136  -  ResidentSetSize of job (KB)
...
006 (014.2828.000) 05/11 00:21:59 Image size of job updated: 4817140
	3871  -  MemoryUsage of job (MB)
	3963564  -  ResidentSetSize of job (KB)
...
006 (014.2828.000) 05/11 00:22:04 Image size of job updated: 4855028
	3900  -  MemoryUsage of job (MB)
	3993000  -  ResidentSetSize of job (KB)
...
006 (014.2828.000) 05/11 00:22:09 Image size of job updated: 4884724
	3927  -  MemoryUsage of job (MB)
	4020588  -  ResidentSetSize of job (KB)
...
006 (014.2828.000) 05/11 00:22:14 Image size of job updated: 4914420
	3955  -  MemoryUsage of job (MB)
	4049232  -  ResidentSetSize of job (KB)
...
006 (014.2828.000) 05/11 00:22:19 Image size of job updated: 4941044
	3983  -  MemoryUsage of job (MB)
	4078008  -  ResidentSetSize of job (KB)
...
006 (014.2828.000) 05/11 00:22:24 Image size of job updated: 4941044
	4010  -  MemoryUsage of job (MB)
	4105992  -  ResidentSetSize of job (KB)
...
006 (014.2828.000) 05/11 00:22:29 Image size of job updated: 4987124
	4037  -  MemoryUsage of job (MB)
	4133580  -  ResidentSetSize of job (KB)
...
006 (014.2828.000) 05/11 00:22:34 Image size of job updated: 4987124
	4247  -  MemoryUsage of job (MB)
	4348476  -  ResidentSetSize of job (KB)
...
006 (014.2828.000) 05/11 00:22:39 Image size of job updated: 4987124
	4302  -  MemoryUsage of job (MB)
	4404312  -  ResidentSetSize of job (KB)
...
005 (014.2828.000) 05/11 00:22:43 Job terminated.
	(1) Normal termination (return value 0)
		Usr 0 00:27:17, Sys 0 00:00:11  -  Run Remote Usage
		Usr 0 00:00:00, Sys 0 00:00:00  -  Run Local Usage
		Usr 0 00:27:17, Sys 0 00:00:11  -  Total Remote Usage
		Usr 0 00:00:00, Sys 0 00:00:00  -  Total Local Usage
	0  -  Run Bytes Sent By Job
	0  -  Run Bytes Received By Job
	0  -  Total Bytes Sent By Job
	0  -  Total Bytes Received By Job
	Partitionable Resources :      Usage  Request Allocated 
	   Cpus                 :       1.00        1         1 
	   Disk (KB)            : 2000000     2000000   6232219 
	   Memory (MB)          :    4302        1954      2007 
...
