000 (205.7975.000) 05/06 03:21:30 Job submitted from host: <127.0.0.1:9618?addrs=127.0.0.1-9618&noUDP&sock=222_da1d_4>
...
033 (205.7975.000) 05/06 14:24:00 Changing job attribute JobPrio from 0 to -5
...
000 (007.7975.000) 05/07 19:00:54 Job submitted from host: <127.0.0.1:9618?addrs=127.0.0.1-9618&noUDP&sock=215_0cf3_4>
...
000 (016.7975.000) 05/08 15:57:56 Job submitted from host: <127.0.0.1:9618?addrs=127.0.0.1-9618&noUDP&sock=227_4816_4>
...
009 (016.7975.000) 05/09 16:55:59 Job was aborted by the user.
	via condor_rm (by user aw868)
...
000 (014.814.000) 05/09 17:29:57 Job submitted from host: <127.0.0.1:9618?addrs=127.0.0.1-9618&noUDP&sock=212_fe2a_4>
...
033 (014.814.000) 05/09 17:34:01 Changing job attribute JobPrio from 0 to -10
...
033 (014.814.000) 05/09 21:36:16 Changing job attribute JobPrio from -10 to -15
...
001 (014.814.000) 05/10 02:05:05 Job executing on host: <127.0.0.1:9618?addrs=127.0.0.1-9618&noUDP&sock=212_fe2a_5>
...
006 (014.814.000) 05/10 02:05:10 Image size of job updated: 2000000
	113  -  MemoryUsage of job (MB)
	115368  -  ResidentSetSize of job (KB)
...
006 (014.814.000) 05/10 02:05:15 Image size of job updated: 2000000
	115  -  MemoryUsage of job (MB)
	117084  -  ResidentSetSize of job (KB)
...
006 (014.814.000) 05/10 02:05:40 Image size of job updated: 2000000
	129  -  MemoryUsage of job (MB)
	131604  -  ResidentSetSize of job (KB)
...
006 (014.814.000) 05/10 02:05:50 Image size of job updated: 2000000
	193  -  MemoryUsage of job (MB)
	196680  -  ResidentSetSize of job (KB)
...
006 (014.814.000) 05/10 02:06:04 Image size of job updated: 2000000
	212  -  MemoryUsage of job (MB)
	216348  -  ResidentSetSize of job (KB)
...
006 (014.814.000) 05/10 02:06:16 Image size of job updated: 2000000
	235  -  MemoryUsage of job (MB)
	240636  -  ResidentSetSize of job (KB)
...
006 (014.814.000) 05/10 02:06:23 Image size of job updated: 2000000
	249  -  MemoryUsage of job (MB)
	254760  -  ResidentSetSize of job (KB)
...
006 (014.814.000) 05/10 02:06:28 Image size of job updated: 2000000
	257  -  MemoryUsage of job (MB)
	263076  -  ResidentSetSize of job (KB)
...
006 (014.814.000) 05/10 02:06:33 Image size of job updated: 2000000
	266  -  MemoryUsage of job (MB)
	271524  -  ResidentSetSize of job (KB)
...
006 (014.814.000) 05/10 02:06:38 Image size of job updated: 2000000
	269  -  MemoryUsage of job (MB)
	274560  -  ResidentSetSize of job (KB)
...
006 (014.814.000) 05/10 02:06:44 Image size of job updated: 2000000
	284  -  MemoryUsage of job (MB)
	289872  -  ResidentSetSize of job (KB)
...
006 (014.814.000) 05/10 02:06:49 Image size of job updated: 2000000
	327  -  MemoryUsage of job (MB)
	333828  -  ResidentSetSize of job (KB)
...
006 (014.814.000) 05/10 02:06:55 Image size of job updated: 2000000
	372  -  MemoryUsage of job (MB)
	380424  -  ResidentSetSize of job (KB)
...
006 (014.814.000) 05/10 02:07:01 Image size of job updated: 2000000
	383  -  MemoryUsage of job (MB)
	391908  -  ResidentSetSize of job (KB)
...
006 (014.814.000) 05/10 02:07:07 Image size of job updated: 2000000
	470  -  MemoryUsage of job (MB)
	481140  -  ResidentSetSize of job (KB)
...
006 (014.814.000) 05/10 02:07:13 Image size of job updated: 2000000
	541  -  MemoryUsage of job (MB)
	553476  -  ResidentSetSize of job (KB)
...
006 (014.814.000) 05/10 02:07:19 Image size of job updated: 2000000
	1238  -  MemoryUsage of job (MB)
	1267068  -  ResidentSetSize of job (KB)
...
006 (014.814.000) 05/10 02:26:02 Image size of job updated: 2295120
	1561  -  MemoryUsage of job (MB)
	1597992  -  ResidentSetSize of job (KB)
...
006 (014.814.000) 05/10 02:26:07 Image size of job updated: 2295120
	1758  -  MemoryUsage of job (MB)
	1799688  -  ResidentSetSize of job (KB)
...
006 (014.814.000) 05/10 02:26:12 Image size of job updated: 2295120
	1947  -  MemoryUsage of job (MB)
	1992936  -  ResidentSetSize of job (KB)
...
006 (014.814.000) 05/10 02:26:17 Image size of job updated: 2654448
	1949  -  MemoryUsage of job (MB)
	1994784  -  ResidentSetSize of job (KB)
...
006 (014.814.000) 05/10 02:26:22 Image size of job updated: 2654448
	1971  -  MemoryUsage of job (MB)
	2018016  -  ResidentSetSize of job (KB)
...
006 (014.814.000) 05/10 02:26:27 Image size of job updated: 2713840
	2040  -  MemoryUsage of job (MB)
	2088636  -  ResidentSetSize of job (KB)
...
006 (014.814.000) 05/10 02:26:32 Image size of job updated: 2795760
	2114  -  MemoryUsage of job (MB)
	2164668  -  ResidentSetSize of job (KB)
...
006 (014.814.000) 05/10 02:26:37 Image size of job updated: 2795760
	2167  -  MemoryUsage of job (MB)
	2218524  -  ResidentSetSize of job (KB)
...
006 (014.814.000) 05/10 02:26:42 Image size of job updated: 2795760
	2205  -  MemoryUsage of job (MB)
	2257860  -  ResidentSetSize of job (KB)
...
006 (014.814.000) 05/10 02:26:47 Image size of job updated: 2936048
	2237  -  MemoryUsage of job (MB)
	2290068  -  ResidentSetSize of job (KB)
...
006 (014.814.000) 05/10 02:26:52 Image size of job updated: 2936048
	2264  -  MemoryUsage of job (MB)
	2318052  -  ResidentSetSize of job (KB)
...
006 (014.814.000) 05/10 02:26:57 Image size of job updated: 2936048
	2292  -  MemoryUsage of job (MB)
	2346036  -  ResidentSetSize of job (KB)
...
006 (014.814.000) 05/10 02:27:02 Image size of job updated: 3021040
	2318  -  MemoryUsage of job (MB)
	2373360  -  ResidentSetSize of job (KB)
...
006 (014.814.000) 05/10 02:27:07 Image size of job updated: 3021040
	2345  -  MemoryUsage of job (MB)
	2400420  -  ResidentSetSize of job (KB)
...
006 (014.814.000) 05/10 02:27:12 Image size of job updated: 3021040
	2371  -  MemoryUsage of job (MB)
	2427744  -  ResidentSetSize of job (KB)
...
006 (014.814.000) 05/10 02:27:17 Image size of job updated: 3101936
	2398  -  MemoryUsage of job (MB)
	2454672  -  ResidentSetSize of job (KB)
...
006 (014.814.000) 05/10 02:27:22 Image size of job updated: 3101936
	2423  -  MemoryUsage of job (MB)
	2480148  -  ResidentSetSize of job (KB)
...
006 (014.814.000) 05/10 02:27:27 Image size of job updated: 3101936
	2448  -  MemoryUsage of job (MB)
	2506152  -  ResidentSetSize of job (KB)
...
006 (014.814.000) 05/10 02:27:32 Image size of job updated: 3184880
	2474  -  MemoryUsage of job (MB)
	2532420  -  ResidentSetSize of job (KB)
...
006 (014.814.000) 05/10 02:27:37 Image size of job updated: 3184880
	2499  -  MemoryUsage of job (MB)
	2558424  -  ResidentSetSize of job (KB)
...
006 (014.814.000) 05/10 02:27:42 Image size of job updated: 3184880
	2525  -  MemoryUsage of job (MB)
	2584956  -  ResidentSetSize of job (KB)
...
006 (014.814.000) 05/10 02:27:47 Image size of job updated: 3265776
	2550  -  MemoryUsage of job (MB)
	2610300  -  ResidentSetSize of job (KB)
...
006 (014.814.000) 05/10 02:27:52 Image size of job updated: 3265776
	2575  -  MemoryUsage of job (MB)
	2636172  -  ResidentSetSize of job (KB)
...
006 (014.814.000) 05/10 02:27:57 Image size of job updated: 3265776
	2601  -  MemoryUsage of job (MB)
	2662440  -  ResidentSetSize of job (KB)
...
006 (014.814.000) 05/10 02:28:02 Image size of job updated: 3340528
	2626  -  MemoryUsage of job (MB)
	2688180  -  ResidentSetSize of job (KB)
...
006 (014.814.000) 05/10 02:28:07 Image size of job updated: 3373296
	2652  -  MemoryUsage of job (MB)
	2715372  -  ResidentSetSize of job (KB)
...
006 (014.814.000) 05/10 02:28:12 Image size of job updated: 3399920
	2678  -  MemoryUsage of job (MB)
	2741772  -  ResidentSetSize of job (KB)
...
006 (014.814.000) 05/10 02:28:17 Image size of job updated: 3425520
	2704  -  MemoryUsage of job (MB)
	2767908  -  ResidentSetSize of job (KB)
...
006 (014.814.000) 05/10 02:28:22 Image size of job updated: 3425520
	2729  -  MemoryUsage of job (MB)
	2794440  -  ResidentSetSize of job (KB)
...
006 (014.814.000) 05/10 02:28:27 Image size of job updated: 3425520
	2755  -  MemoryUsage of job (MB)
	2820576  -  ResidentSetSize of job (KB)
...
006 (014.814.000) 05/10 02:28:32 Image size of job updated: 3503344
	2780  -  MemoryUsage of job (MB)
	2846052  -  ResidentSetSize of job (KB)
...
006 (014.814.000) 05/10 02:28:37 Image size of job updated: 3503344
	2805  -  MemoryUsage of job (MB)
	2871528  -  ResidentSetSize of job (KB)
...
006 (014.814.000) 05/10 02:28:42 Image size of job updated: 3549424
	2830  -  MemoryUsage of job (MB)
	2897268  -  ResidentSetSize of job (KB)
...
006 (014.814.000) 05/10 02:28:47 Image size of job updated: 3549424
	2856  -  MemoryUsage of job (MB)
	2923932  -  ResidentSetSize of job (KB)
...
006 (014.814.000) 05/10 02:28:52 Image size of job updated: 3587312
	2881  -  MemoryUsage of job (MB)
	2949672  -  ResidentSetSize of job (KB)
...
006 (014.814.000) 05/10 02:28:57 Image size of job updated: 3587312
	2907  -  MemoryUsage of job (MB)
	2976204  -  ResidentSetSize of job (KB)
...
006 (014.814.000) 05/10 02:29:02 Image size of job updated: 3587312
	2933  -  MemoryUsage of job (MB)
	3002868  -  ResidentSetSize of job (KB)
...
006 (014.814.000) 05/10 02:29:07 Image size of job updated: 3674352
	2958  -  MemoryUsage of job (MB)
	3028872  -  ResidentSetSize of job (KB)
...
006 (014.814.000) 05/10 02:29:12 Image size of job updated: 3674352
	2984  -  MemoryUsage of job (MB)
	3055272  -  ResidentSetSize of job (KB)
...
006 (014.814.000) 05/10 02:29:17 Image size of job updated: 3674352
	3010  -  MemoryUsage of job (MB)
	3081672  -  ResidentSetSize of job (KB)
...
006 (014.814.000) 05/10 02:29:23 Image size of job updated: 3753200
	3040  -  MemoryUsage of job (MB)
	3112824  -  ResidentSetSize of job (KB)
...
006 (014.814.000) 05/10 02:29:29 Image size of job updated: 3753200
	3071  -  MemoryUsage of job (MB)
	3144108  -  ResidentSetSize of job (KB)
...
006 (014.814.000) 05/10 02:29:35 Image size of job updated: 3831024
	3101  -  MemoryUsage of job (MB)
	3174732  -  ResidentSetSize of job (KB)
...
006 (014.814.000) 05/10 02:29:41 Image size of job updated: 3831024
	3130  -  MemoryUsage of job (MB)
	3204432  -  ResidentSetSize of job (KB)
...
006 (014.814.000) 05/10 02:29:47 Image size of job updated: 3831024
	3159  -  MemoryUsage of job (MB)
	3234132  -  ResidentSetSize of job (KB)
...
006 (014.814.000) 05/10 02:29:53 Image size of job updated: 3904752
	3187  -  MemoryUsage of job (MB)
	3262776  -  ResidentSetSize of job (KB)
...
006 (014.814.000) 05/10 02:29:59 Image size of job updated: 3904752
	3206  -  MemoryUsage of job (MB)
	3282840  -  ResidentSetSize of job (KB)
...
006 (014.814.000) 05/10 02:30:05 Image size of job updated: 3983600
	3206  -  MemoryUsage of job (MB)
	3282840  -  ResidentSetSize of job (KB)
...
006 (014.814.000) 05/10 02:30:11 Image size of job updated: 4013296
	3206  -  MemoryUsage of job (MB)
	3282840  -  ResidentSetSize of job (KB)
...
006 (014.814.000) 05/10 02:30:17 Image size of job updated: 4013296
	3208  -  MemoryUsage of job (MB)
	3284028  -  ResidentSetSize of job (KB)
...
006 (014.814.000) 05/10 02:30:23 Image size of job updated: 4047088
	3216  -  MemoryUsage of job (MB)
	3292476  -  ResidentSetSize of job (KB)
...
006 (014.814.000) 05/10 02:30:29 Image size of job updated: 4047088
	3245  -  MemoryUsage of job (MB)
	3322440  -  ResidentSetSize of job (KB)
...
006 (014.814.000) 05/10 02:30:35 Image size of job updated: 4047088
	3275  -  MemoryUsage of job (MB)
	3352932  -  ResidentSetSize of job (KB)
...
006 (014.814.000) 05/10 02:30:41 Image size of job updated: 4120816
	3303  -  MemoryUsage of job (MB)
	3381840  -  ResidentSetSize of job (KB)
...
006 (014.814.000) 05/10 02:30:47 Image size of job updated: 4120816
	3328  -  MemoryUsage of job (MB)
	3407184  -  ResidentSetSize of job (KB)
...
006 (014.814.000) 05/10 02:30:53 Image size of job updated: 4193520
	3358  -  MemoryUsage of job (MB)
	3438336  -  ResidentSetSize of job (KB)
...
006 (014.814.000) 05/10 02:30:59 Image size of job updated: 4235504
	3389  -  MemoryUsage of job (MB)
	3469488  -  ResidentSetSize of job (KB)
...
006 (014.814.000) 05/10 02:31:05 Image size of job updated: 4235504
	3418  -  MemoryUsage of job (MB)
	3499980  -  ResidentSetSize of job (KB)
...
006 (014.814.000) 05/10 02:31:11 Image size of job updated: 4285680
	3449  -  MemoryUsage of job (MB)
	3531528  -  ResidentSetSize of job (KB)
...
006 (014.814.000) 05/10 02:31:17 Image size of job updated: 4285680
	3479  -  MemoryUsage of job (MB)
	3562284  -  ResidentSetSize of job (KB)
...
006 (014.814.000) 05/10 02:31:24 Image size of job updated: 4285680
	3509  -  MemoryUsage of job (MB)
	3592776  -  ResidentSetSize of job (KB)
...
006 (014.814.000) 05/10 02:31:29 Image size of job updated: 4365552
	3528  -  MemoryUsage of job (MB)
	3611784  -  ResidentSetSize of job (KB)
...
006 (014.814.000) 05/10 02:31:34 Image size of job updated: 4365552
	3542  -  MemoryUsage of job (MB)
	3626832  -  ResidentSetSize of job (KB)
...
006 (014.814.000) 05/10 02:31:39 Image size of job updated: 4442352
	3567  -  MemoryUsage of job (MB)
	3652440  -  ResidentSetSize of job (KB)
...
006 (014.814.000) 05/10 02:31:44 Image size of job updated: 4442352
	3592  -  MemoryUsage of job (MB)
	3677916  -  ResidentSetSize of job (KB)
...
006 (014.814.000) 05/10 02:31:49 Image size of job updated: 4442352
	3616  -  MemoryUsage of job (MB)
	3702204  -  ResidentSetSize of job (KB)
...
006 (014.814.000) 05/10 02:31:54 Image size of job updated: 4509936
	3616  -  MemoryUsage of job (MB)
	3702204  -  ResidentSetSize of job (KB)
...
006 (014.814.000) 05/10 02:31:59 Image size of job updated: 4535536
	3632  -  MemoryUsage of job (MB)
	3718572  -  ResidentSetSize of job (KB)
...
006 (014.814.000) 05/10 02:32:04 Image size of job updated: 4536560
	3657  -  MemoryUsage of job (MB)
	3744444  -  ResidentSetSize of job (KB)
...
006 (014.814.000) 05/10 02:32:09 Image size of job updated: 4536560
	3685  -  MemoryUsage of job (MB)
	3772692  -  ResidentSetSize of job (KB)
...
006 (014.814.000) 05/10 02:32:14 Image size of job updated: 4612336
	3710  -  MemoryUsage of job (MB)
	3798828  -  ResidentSetSize of job (KB)
...
006 (014.814.000) 05/10 02:32:19 Image size of job updated: 4612336
	3735  -  MemoryUsage of job (MB)
	3824304  -  ResidentSetSize of job (KB)
...
006 (014.814.000) 05/10 02:32:24 Image size of job updated: 4612336
	3761  -  MemoryUsage of job (MB)
	3850572  -  ResidentSetSize of job (KB)
...
006 (014.814.000) 05/10 02:32:29 Image size of job updated: 4690160
	3786  -  MemoryUsage of job (MB)
	3876708  -  ResidentSetSize of job (KB)
...
006 (014.814.000) 05/10 02:32:34 Image size of job updated: 4690160
	3813  -  MemoryUsage of job (MB)
	3903504  -  ResidentSetSize of job (KB)
...
006 (014.814.000) 05/10 02:32:39 Image size of job updated: 4690160
	3838  -  MemoryUsage of job (MB)
	3929112  -  ResidentSetSize of job (KB)
...
006 (014.814.000) 05/10 02:32:44 Image size of job updated: 4766960
	3861  -  MemoryUsage of job (MB)
	3952740  -  ResidentSetSize of job (KB)
...
006 (014.814.000) 05/10 02:32:49 Image size of job updated: 4766960
	3883  -  MemoryUsage of job (MB)
	3975576  -  ResidentSetSize of job (KB)
...
006 (014.814.000) 05/10 02:32:54 Image size of job updated: 4766960
	3909  -  MemoryUsage of job (MB)
	4002768  -  ResidentSetSize of job (KB)
...
006 (014.814.000) 05/10 02:32:59 Image size of job updated: 4845808
	3934  -  MemoryUsage of job (MB)
	4027452  -  ResidentSetSize of job (KB)
...
006 (014.814.000) 05/10 02:33:04 Image size of job updated: 4845808
	4175  -  MemoryUsage of job (MB)
	4274820  -  ResidentSetSize of job (KB)
...
006 (014.814.000) 05/10 02:33:09 Image size of job updated: 4845808
	4207  -  MemoryUsage of job (MB)
	4307820  -  ResidentSetSize of job (KB)
...
005 (014.814.000) 05/10 02:33:14 Job terminated.
	(1) Normal termination (return value 0)
		Usr 0 00:27:00, Sys 0 00:00:13  -  Run Remote Usage
		Usr 0 00:00:00, Sys 0 00:00:00  -  Run Local Usage
		Usr 0 00:27:00, Sys 0 00:00:13  -  Total Remote Usage
		Usr 0 00:00:00, Sys 0 00:00:00  -  Total Local Usage
	0  -  Run Bytes Sent By Job
	0  -  Run Bytes Received By Job
	0  -  Total Bytes Sent By Job
	0  -  Total Bytes Received By Job
	Partitionable Resources :      Usage  Request Allocated 
	   Cpus                 :       1.00        1         1 
	   Disk (KB)            : 2000000     2000000   6232219 
	   Memory (MB)          :    4207        1954      2007 
...
