000 (205.517.000) 05/06 03:17:17 Job submitted from host: <127.0.0.1:9618?addrs=127.0.0.1-9618&noUDP&sock=222_da1d_4>
...
033 (205.517.000) 05/06 14:21:11 Changing job attribute JobPrio from 0 to -5
...
001 (205.517.000) 05/07 11:32:03 Job executing on host: <127.0.0.1:9618?addrs=127.0.0.1-9618+[--1]-9618&noUDP&sock=337139_e3f4_5>
...
006 (205.517.000) 05/07 11:32:13 Image size of job updated: 2000000
	61  -  MemoryUsage of job (MB)
	62040  -  ResidentSetSize of job (KB)
...
006 (205.517.000) 05/07 11:36:38 Image size of job updated: 2000000
	79  -  MemoryUsage of job (MB)
	80520  -  ResidentSetSize of job (KB)
...
006 (205.517.000) 05/07 11:52:00 Image size of job updated: 2000000
	1228  -  MemoryUsage of job (MB)
	1256640  -  ResidentSetSize of job (KB)
...
006 (205.517.000) 05/07 12:11:44 Image size of job updated: 2000000
	1312  -  MemoryUsage of job (MB)
	1342704  -  ResidentSetSize of job (KB)
...
006 (205.517.000) 05/07 12:26:18 Image size of job updated: 3969772
	3131  -  MemoryUsage of job (MB)
	3205356  -  ResidentSetSize of job (KB)
...
006 (205.517.000) 05/07 12:33:33 Image size of job updated: 5071596
	3133  -  MemoryUsage of job (MB)
	3207204  -  ResidentSetSize of job (KB)
...
005 (205.517.000) 05/07 12:33:33 Job terminated.
	(1) Normal termination (return value 0)
		Usr 0 00:18:49, Sys 0 00:23:36  -  Run Remote Usage
		Usr 0 00:00:00, Sys 0 00:00:00  -  Run Local Usage
		Usr 0 00:18:49, Sys 0 00:23:36  -  Total Remote Usage
		Usr 0 00:00:00, Sys 0 00:00:00  -  Total Local Usage
	101513  -  Run Bytes Sent By Job
	1864886144  -  Run Bytes Received By Job
	101513  -  Total Bytes Sent By Job
	1864886144  -  Total Bytes Received By Job
	Partitionable Resources :      Usage  Request Allocated 
	   Cpus                 :       0.30        1         1 
	   Disk (KB)            : 2000000     2000000   6513701 
	   Memory (MB)          :    3133        1954      2007 
...
000 (007.517.000) 05/07 18:59:21 Job submitted from host: <127.0.0.1:9618?addrs=127.0.0.1-9618&noUDP&sock=215_0cf3_4>
...
000 (016.517.000) 05/08 15:56:38 Job submitted from host: <127.0.0.1:9618?addrs=127.0.0.1-9618&noUDP&sock=227_4816_4>
...
001 (016.517.000) 05/08 19:38:21 Job executing on host: <127.0.0.1:9618?addrs=127.0.0.1-9618&noUDP&sock=227_4816_5>
...
006 (016.517.000) 05/08 19:38:27 Image size of job updated: 2000000
	115  -  MemoryUsage of job (MB)
	117084  -  ResidentSetSize of job (KB)
...
006 (016.517.000) 05/08 19:38:57 Image size of job updated: 2000000
	184  -  MemoryUsage of job (MB)
	187440  -  ResidentSetSize of job (KB)
...
006 (016.517.000) 05/08 19:39:03 Image size of job updated: 2000000
	211  -  MemoryUsage of job (MB)
	215424  -  ResidentSetSize of job (KB)
...
006 (016.517.000) 05/08 19:39:09 Image size of job updated: 2000000
	213  -  MemoryUsage of job (MB)
	217404  -  ResidentSetSize of job (KB)
...
006 (016.517.000) 05/08 19:39:15 Image size of job updated: 2000000
	227  -  MemoryUsage of job (MB)
	231924  -  ResidentSetSize of job (KB)
...
006 (016.517.000) 05/08 19:39:21 Image size of job updated: 2000000
	241  -  MemoryUsage of job (MB)
	246180  -  ResidentSetSize of job (KB)
...
006 (016.517.000) 05/08 19:39:27 Image size of job updated: 2000000
	255  -  MemoryUsage of job (MB)
	260304  -  ResidentSetSize of job (KB)
...
006 (016.517.000) 05/08 19:39:33 Image size of job updated: 2000000
	265  -  MemoryUsage of job (MB)
	271260  -  ResidentSetSize of job (KB)
...
006 (016.517.000) 05/08 19:39:39 Image size of job updated: 2000000
	274  -  MemoryUsage of job (MB)
	279708  -  ResidentSetSize of job (KB)
...
006 (016.517.000) 05/08 19:39:45 Image size of job updated: 2000000
	316  -  MemoryUsage of job (MB)
	323400  -  ResidentSetSize of job (KB)
...
006 (016.517.000) 05/08 19:39:51 Image size of job updated: 2000000
	372  -  MemoryUsage of job (MB)
	380556  -  ResidentSetSize of job (KB)
...
006 (016.517.000) 05/08 19:39:57 Image size of job updated: 2000000
	380  -  MemoryUsage of job (MB)
	388608  -  ResidentSetSize of job (KB)
...
006 (016.517.000) 05/08 19:40:03 Image size of job updated: 2000000
	463  -  MemoryUsage of job (MB)
	473220  -  ResidentSetSize of job (KB)
...
006 (016.517.000) 05/08 19:40:09 Image size of job updated: 2000000
	532  -  MemoryUsage of job (MB)
	544632  -  ResidentSetSize of job (KB)
...
006 (016.517.000) 05/08 19:40:15 Image size of job updated: 2000000
	1243  -  MemoryUsage of job (MB)
	1272348  -  ResidentSetSize of job (KB)
...
006 (016.517.000) 05/08 19:57:48 Image size of job updated: 2116948
	1585  -  MemoryUsage of job (MB)
	1622544  -  ResidentSetSize of job (KB)
...
006 (016.517.000) 05/08 19:57:54 Image size of job updated: 2319356
	1743  -  MemoryUsage of job (MB)
	1783848  -  ResidentSetSize of job (KB)
...
006 (016.517.000) 05/08 19:58:00 Image size of job updated: 2319356
	1969  -  MemoryUsage of job (MB)
	2016168  -  ResidentSetSize of job (KB)
...
006 (016.517.000) 05/08 19:58:06 Image size of job updated: 2662124
	1990  -  MemoryUsage of job (MB)
	2037156  -  ResidentSetSize of job (KB)
...
006 (016.517.000) 05/08 19:58:12 Image size of job updated: 2715372
	2099  -  MemoryUsage of job (MB)
	2148432  -  ResidentSetSize of job (KB)
...
006 (016.517.000) 05/08 19:58:18 Image size of job updated: 2793196
	2186  -  MemoryUsage of job (MB)
	2237928  -  ResidentSetSize of job (KB)
...
006 (016.517.000) 05/08 19:58:24 Image size of job updated: 2899692
	2243  -  MemoryUsage of job (MB)
	2296404  -  ResidentSetSize of job (KB)
...
006 (016.517.000) 05/08 19:58:30 Image size of job updated: 2899692
	2284  -  MemoryUsage of job (MB)
	2338380  -  ResidentSetSize of job (KB)
...
006 (016.517.000) 05/08 19:58:36 Image size of job updated: 2899692
	2318  -  MemoryUsage of job (MB)
	2373096  -  ResidentSetSize of job (KB)
...
006 (016.517.000) 05/08 19:58:42 Image size of job updated: 3012332
	2351  -  MemoryUsage of job (MB)
	2407152  -  ResidentSetSize of job (KB)
...
006 (016.517.000) 05/08 19:58:48 Image size of job updated: 3049196
	2384  -  MemoryUsage of job (MB)
	2441208  -  ResidentSetSize of job (KB)
...
006 (016.517.000) 05/08 19:58:54 Image size of job updated: 3095276
	2417  -  MemoryUsage of job (MB)
	2474868  -  ResidentSetSize of job (KB)
...
006 (016.517.000) 05/08 19:59:00 Image size of job updated: 3095276
	2454  -  MemoryUsage of job (MB)
	2512884  -  ResidentSetSize of job (KB)
...
006 (016.517.000) 05/08 19:59:06 Image size of job updated: 3095276
	2497  -  MemoryUsage of job (MB)
	2555916  -  ResidentSetSize of job (KB)
...
006 (016.517.000) 05/08 19:59:12 Image size of job updated: 3193580
	2539  -  MemoryUsage of job (MB)
	2598948  -  ResidentSetSize of job (KB)
...
006 (016.517.000) 05/08 19:59:18 Image size of job updated: 3267308
	2581  -  MemoryUsage of job (MB)
	2641980  -  ResidentSetSize of job (KB)
...
006 (016.517.000) 05/08 19:59:24 Image size of job updated: 3302124
	2623  -  MemoryUsage of job (MB)
	2685804  -  ResidentSetSize of job (KB)
...
006 (016.517.000) 05/08 19:59:30 Image size of job updated: 3360492
	2665  -  MemoryUsage of job (MB)
	2728836  -  ResidentSetSize of job (KB)
...
006 (016.517.000) 05/08 19:59:36 Image size of job updated: 3360492
	2708  -  MemoryUsage of job (MB)
	2772000  -  ResidentSetSize of job (KB)
...
006 (016.517.000) 05/08 19:59:42 Image size of job updated: 3409644
	2745  -  MemoryUsage of job (MB)
	2810016  -  ResidentSetSize of job (KB)
...
006 (016.517.000) 05/08 19:59:48 Image size of job updated: 3476204
	2778  -  MemoryUsage of job (MB)
	2844204  -  ResidentSetSize of job (KB)
...
006 (016.517.000) 05/08 19:59:54 Image size of job updated: 3509996
	2820  -  MemoryUsage of job (MB)
	2886840  -  ResidentSetSize of job (KB)
...
006 (016.517.000) 05/08 20:00:00 Image size of job updated: 3531500
	2859  -  MemoryUsage of job (MB)
	2926968  -  ResidentSetSize of job (KB)
...
006 (016.517.000) 05/08 20:00:06 Image size of job updated: 3531500
	2891  -  MemoryUsage of job (MB)
	2959440  -  ResidentSetSize of job (KB)
...
006 (016.517.000) 05/08 20:00:12 Image size of job updated: 3622636
	2923  -  MemoryUsage of job (MB)
	2992440  -  ResidentSetSize of job (KB)
...
006 (016.517.000) 05/08 20:00:18 Image size of job updated: 3651308
	2955  -  MemoryUsage of job (MB)
	3025176  -  ResidentSetSize of job (KB)
...
006 (016.517.000) 05/08 20:00:24 Image size of job updated: 3651308
	2987  -  MemoryUsage of job (MB)
	3058176  -  ResidentSetSize of job (KB)
...
006 (016.517.000) 05/08 20:00:30 Image size of job updated: 3716844
	3020  -  MemoryUsage of job (MB)
	3091968  -  ResidentSetSize of job (KB)
...
006 (016.517.000) 05/08 20:00:36 Image size of job updated: 3716844
	3052  -  MemoryUsage of job (MB)
	3124836  -  ResidentSetSize of job (KB)
...
006 (016.517.000) 05/08 20:00:42 Image size of job updated: 3716844
	3085  -  MemoryUsage of job (MB)
	3158100  -  ResidentSetSize of job (KB)
...
006 (016.517.000) 05/08 20:00:48 Image size of job updated: 3804908
	3117  -  MemoryUsage of job (MB)
	3191760  -  ResidentSetSize of job (KB)
...
006 (016.517.000) 05/08 20:00:54 Image size of job updated: 3853036
	3147  -  MemoryUsage of job (MB)
	3222384  -  ResidentSetSize of job (KB)
...
006 (016.517.000) 05/08 20:01:00 Image size of job updated: 3883756
	3178  -  MemoryUsage of job (MB)
	3253932  -  ResidentSetSize of job (KB)
...
006 (016.517.000) 05/08 20:01:06 Image size of job updated: 3883756
	3211  -  MemoryUsage of job (MB)
	3287460  -  ResidentSetSize of job (KB)
...
006 (016.517.000) 05/08 20:01:12 Image size of job updated: 3932908
	3244  -  MemoryUsage of job (MB)
	3320988  -  ResidentSetSize of job (KB)
...
006 (016.517.000) 05/08 20:01:18 Image size of job updated: 3972844
	3276  -  MemoryUsage of job (MB)
	3354384  -  ResidentSetSize of job (KB)
...
006 (016.517.000) 05/08 20:01:24 Image size of job updated: 3972844
	3308  -  MemoryUsage of job (MB)
	3386856  -  ResidentSetSize of job (KB)
...
006 (016.517.000) 05/08 20:01:30 Image size of job updated: 3972844
	3340  -  MemoryUsage of job (MB)
	3419724  -  ResidentSetSize of job (KB)
...
006 (016.517.000) 05/08 20:01:36 Image size of job updated: 4054764
	3372  -  MemoryUsage of job (MB)
	3452460  -  ResidentSetSize of job (KB)
...
006 (016.517.000) 05/08 20:01:42 Image size of job updated: 4054764
	3404  -  MemoryUsage of job (MB)
	3485460  -  ResidentSetSize of job (KB)
...
006 (016.517.000) 05/08 20:01:48 Image size of job updated: 4146924
	3436  -  MemoryUsage of job (MB)
	3518064  -  ResidentSetSize of job (KB)
...
006 (016.517.000) 05/08 20:01:54 Image size of job updated: 4146924
	3468  -  MemoryUsage of job (MB)
	3550536  -  ResidentSetSize of job (KB)
...
006 (016.517.000) 05/08 20:02:00 Image size of job updated: 4196076
	3500  -  MemoryUsage of job (MB)
	3583668  -  ResidentSetSize of job (KB)
...
006 (016.517.000) 05/08 20:02:06 Image size of job updated: 4241132
	3533  -  MemoryUsage of job (MB)
	3617196  -  ResidentSetSize of job (KB)
...
006 (016.517.000) 05/08 20:02:12 Image size of job updated: 4241132
	3565  -  MemoryUsage of job (MB)
	3649932  -  ResidentSetSize of job (KB)
...
006 (016.517.000) 05/08 20:02:18 Image size of job updated: 4311788
	3598  -  MemoryUsage of job (MB)
	3683460  -  ResidentSetSize of job (KB)
...
006 (016.517.000) 05/08 20:02:24 Image size of job updated: 4311788
	3629  -  MemoryUsage of job (MB)
	3715800  -  ResidentSetSize of job (KB)
...
006 (016.517.000) 05/08 20:02:30 Image size of job updated: 4311788
	3661  -  MemoryUsage of job (MB)
	3748404  -  ResidentSetSize of job (KB)
...
006 (016.517.000) 05/08 20:02:36 Image size of job updated: 4393708
	3693  -  MemoryUsage of job (MB)
	3780744  -  ResidentSetSize of job (KB)
...
006 (016.517.000) 05/08 20:02:42 Image size of job updated: 4393708
	3725  -  MemoryUsage of job (MB)
	3813480  -  ResidentSetSize of job (KB)
...
006 (016.517.000) 05/08 20:02:48 Image size of job updated: 4474604
	3756  -  MemoryUsage of job (MB)
	3846084  -  ResidentSetSize of job (KB)
...
006 (016.517.000) 05/08 20:02:54 Image size of job updated: 4474604
	3789  -  MemoryUsage of job (MB)
	3879480  -  ResidentSetSize of job (KB)
...
006 (016.517.000) 05/08 20:03:00 Image size of job updated: 4474604
	3822  -  MemoryUsage of job (MB)
	3913008  -  ResidentSetSize of job (KB)
...
006 (016.517.000) 05/08 20:03:06 Image size of job updated: 4556524
	3855  -  MemoryUsage of job (MB)
	3946536  -  ResidentSetSize of job (KB)
...
006 (016.517.000) 05/08 20:03:12 Image size of job updated: 4580076
	3887  -  MemoryUsage of job (MB)
	3979272  -  ResidentSetSize of job (KB)
...
006 (016.517.000) 05/08 20:03:18 Image size of job updated: 4580076
	3919  -  MemoryUsage of job (MB)
	4012140  -  ResidentSetSize of job (KB)
...
006 (016.517.000) 05/08 20:03:24 Image size of job updated: 4644588
	3956  -  MemoryUsage of job (MB)
	4050288  -  ResidentSetSize of job (KB)
...
006 (016.517.000) 05/08 20:03:30 Image size of job updated: 4644588
	4000  -  MemoryUsage of job (MB)
	4095960  -  ResidentSetSize of job (KB)
...
006 (016.517.000) 05/08 20:03:36 Image size of job updated: 4751084
	4044  -  MemoryUsage of job (MB)
	4140180  -  ResidentSetSize of job (KB)
...
006 (016.517.000) 05/08 20:03:42 Image size of job updated: 4800236
	4078  -  MemoryUsage of job (MB)
	4175160  -  ResidentSetSize of job (KB)
...
006 (016.517.000) 05/08 20:03:48 Image size of job updated: 4837100
	4109  -  MemoryUsage of job (MB)
	4207104  -  ResidentSetSize of job (KB)
...
006 (016.517.000) 05/08 20:03:54 Image size of job updated: 4839148
	4318  -  MemoryUsage of job (MB)
	4421208  -  ResidentSetSize of job (KB)
...
005 (016.517.000) 05/08 20:04:02 Job terminated.
	(1) Normal termination (return value 0)
		Usr 0 00:24:53, Sys 0 00:00:07  -  Run Remote Usage
		Usr 0 00:00:00, Sys 0 00:00:00  -  Run Local Usage
		Usr 0 00:24:53, Sys 0 00:00:07  -  Total Remote Usage
		Usr 0 00:00:00, Sys 0 00:00:00  -  Total Local Usage
	0  -  Run Bytes Sent By Job
	0  -  Run Bytes Received By Job
	0  -  Total Bytes Sent By Job
	0  -  Total Bytes Received By Job
	Partitionable Resources :      Usage  Request Allocated 
	   Cpus                 :       0.99        1         1 
	   Disk (KB)            : 2000000     2000000   6275465 
	   Memory (MB)          :    4318        1954      2007 
...
