000 (205.1400.000) 05/06 03:17:50 Job submitted from host: <127.0.0.1:9618?addrs=127.0.0.1-9618&noUDP&sock=222_da1d_4>
...
033 (205.1400.000) 05/06 14:21:33 Changing job attribute JobPrio from 0 to -5
...
000 (007.1400.000) 05/07 18:59:34 Job submitted from host: <127.0.0.1:9618?addrs=127.0.0.1-9618&noUDP&sock=215_0cf3_4>
...
000 (016.1400.000) 05/08 15:56:47 Job submitted from host: <127.0.0.1:9618?addrs=127.0.0.1-9618&noUDP&sock=227_4816_4>
...
001 (016.1400.000) 05/09 02:05:11 Job executing on host: <127.0.0.1:9618?addrs=127.0.0.1-9618&noUDP&sock=227_4816_5>
...
006 (016.1400.000) 05/09 02:05:17 Image size of job updated: 2000000
	36  -  MemoryUsage of job (MB)
	36828  -  ResidentSetSize of job (KB)
...
006 (016.1400.000) 05/09 02:05:24 Image size of job updated: 2000000
	114  -  MemoryUsage of job (MB)
	116556  -  ResidentSetSize of job (KB)
...
006 (016.1400.000) 05/09 02:11:14 Image size of job updated: 2000000
	117  -  MemoryUsage of job (MB)
	119460  -  ResidentSetSize of job (KB)
...
006 (016.1400.000) 05/09 02:11:19 Image size of job updated: 2000000
	210  -  MemoryUsage of job (MB)
	214368  -  ResidentSetSize of job (KB)
...
006 (016.1400.000) 05/09 02:11:24 Image size of job updated: 2000000
	211  -  MemoryUsage of job (MB)
	215292  -  ResidentSetSize of job (KB)
...
006 (016.1400.000) 05/09 02:11:29 Image size of job updated: 2000000
	220  -  MemoryUsage of job (MB)
	224268  -  ResidentSetSize of job (KB)
...
006 (016.1400.000) 05/09 02:11:34 Image size of job updated: 2000000
	234  -  MemoryUsage of job (MB)
	239580  -  ResidentSetSize of job (KB)
...
006 (016.1400.000) 05/09 02:11:40 Image size of job updated: 2000000
	252  -  MemoryUsage of job (MB)
	257796  -  ResidentSetSize of job (KB)
...
006 (016.1400.000) 05/09 02:11:46 Image size of job updated: 2000000
	264  -  MemoryUsage of job (MB)
	269808  -  ResidentSetSize of job (KB)
...
006 (016.1400.000) 05/09 02:11:52 Image size of job updated: 2000000
	272  -  MemoryUsage of job (MB)
	278256  -  ResidentSetSize of job (KB)
...
006 (016.1400.000) 05/09 02:11:58 Image size of job updated: 2000000
	292  -  MemoryUsage of job (MB)
	298452  -  ResidentSetSize of job (KB)
...
006 (016.1400.000) 05/09 02:12:04 Image size of job updated: 2000000
	338  -  MemoryUsage of job (MB)
	345840  -  ResidentSetSize of job (KB)
...
006 (016.1400.000) 05/09 02:12:10 Image size of job updated: 2000000
	377  -  MemoryUsage of job (MB)
	385572  -  ResidentSetSize of job (KB)
...
006 (016.1400.000) 05/09 02:12:16 Image size of job updated: 2000000
	379  -  MemoryUsage of job (MB)
	387816  -  ResidentSetSize of job (KB)
...
006 (016.1400.000) 05/09 02:12:28 Image size of job updated: 2000000
	458  -  MemoryUsage of job (MB)
	468864  -  ResidentSetSize of job (KB)
...
006 (016.1400.000) 05/09 02:12:34 Image size of job updated: 2000000
	529  -  MemoryUsage of job (MB)
	541068  -  ResidentSetSize of job (KB)
...
006 (016.1400.000) 05/09 02:12:40 Image size of job updated: 2000000
	1242  -  MemoryUsage of job (MB)
	1271424  -  ResidentSetSize of job (KB)
...
006 (016.1400.000) 05/09 02:29:29 Image size of job updated: 2102608
	1482  -  MemoryUsage of job (MB)
	1517208  -  ResidentSetSize of job (KB)
...
006 (016.1400.000) 05/09 02:29:34 Image size of job updated: 2370000
	1630  -  MemoryUsage of job (MB)
	1668612  -  ResidentSetSize of job (KB)
...
006 (016.1400.000) 05/09 02:29:39 Image size of job updated: 2454224
	1765  -  MemoryUsage of job (MB)
	1806420  -  ResidentSetSize of job (KB)
...
006 (016.1400.000) 05/09 02:29:44 Image size of job updated: 2454224
	1956  -  MemoryUsage of job (MB)
	2002836  -  ResidentSetSize of job (KB)
...
006 (016.1400.000) 05/09 02:29:49 Image size of job updated: 2655976
	1963  -  MemoryUsage of job (MB)
	2009832  -  ResidentSetSize of job (KB)
...
006 (016.1400.000) 05/09 02:29:54 Image size of job updated: 2655976
	2012  -  MemoryUsage of job (MB)
	2060256  -  ResidentSetSize of job (KB)
...
006 (016.1400.000) 05/09 02:29:59 Image size of job updated: 2655976
	2107  -  MemoryUsage of job (MB)
	2157144  -  ResidentSetSize of job (KB)
...
006 (016.1400.000) 05/09 02:30:04 Image size of job updated: 2868968
	2182  -  MemoryUsage of job (MB)
	2233704  -  ResidentSetSize of job (KB)
...
006 (016.1400.000) 05/09 02:30:09 Image size of job updated: 2868968
	2238  -  MemoryUsage of job (MB)
	2290860  -  ResidentSetSize of job (KB)
...
006 (016.1400.000) 05/09 02:30:14 Image size of job updated: 2868968
	2282  -  MemoryUsage of job (MB)
	2336664  -  ResidentSetSize of job (KB)
...
006 (016.1400.000) 05/09 02:30:19 Image size of job updated: 3028712
	2324  -  MemoryUsage of job (MB)
	2379300  -  ResidentSetSize of job (KB)
...
006 (016.1400.000) 05/09 02:30:24 Image size of job updated: 3028712
	2366  -  MemoryUsage of job (MB)
	2421804  -  ResidentSetSize of job (KB)
...
006 (016.1400.000) 05/09 02:30:29 Image size of job updated: 3028712
	2399  -  MemoryUsage of job (MB)
	2456124  -  ResidentSetSize of job (KB)
...
006 (016.1400.000) 05/09 02:30:34 Image size of job updated: 3028712
	2434  -  MemoryUsage of job (MB)
	2492160  -  ResidentSetSize of job (KB)
...
006 (016.1400.000) 05/09 02:30:39 Image size of job updated: 3157736
	2458  -  MemoryUsage of job (MB)
	2516316  -  ResidentSetSize of job (KB)
...
006 (016.1400.000) 05/09 02:30:44 Image size of job updated: 3209960
	2488  -  MemoryUsage of job (MB)
	2546808  -  ResidentSetSize of job (KB)
...
006 (016.1400.000) 05/09 02:30:49 Image size of job updated: 3232488
	2519  -  MemoryUsage of job (MB)
	2578620  -  ResidentSetSize of job (KB)
...
006 (016.1400.000) 05/09 02:30:54 Image size of job updated: 3274472
	2551  -  MemoryUsage of job (MB)
	2611224  -  ResidentSetSize of job (KB)
...
006 (016.1400.000) 05/09 02:30:59 Image size of job updated: 3277544
	2583  -  MemoryUsage of job (MB)
	2644488  -  ResidentSetSize of job (KB)
...
006 (016.1400.000) 05/09 02:31:04 Image size of job updated: 3277544
	2615  -  MemoryUsage of job (MB)
	2677752  -  ResidentSetSize of job (KB)
...
006 (016.1400.000) 05/09 02:31:09 Image size of job updated: 3366632
	2648  -  MemoryUsage of job (MB)
	2710884  -  ResidentSetSize of job (KB)
...
006 (016.1400.000) 05/09 02:31:14 Image size of job updated: 3366632
	2679  -  MemoryUsage of job (MB)
	2743092  -  ResidentSetSize of job (KB)
...
006 (016.1400.000) 05/09 02:31:19 Image size of job updated: 3366632
	2711  -  MemoryUsage of job (MB)
	2775696  -  ResidentSetSize of job (KB)
...
006 (016.1400.000) 05/09 02:31:24 Image size of job updated: 3462888
	2743  -  MemoryUsage of job (MB)
	2808036  -  ResidentSetSize of job (KB)
...
006 (016.1400.000) 05/09 02:31:29 Image size of job updated: 3462888
	2770  -  MemoryUsage of job (MB)
	2836152  -  ResidentSetSize of job (KB)
...
006 (016.1400.000) 05/09 02:31:34 Image size of job updated: 3462888
	2796  -  MemoryUsage of job (MB)
	2862288  -  ResidentSetSize of job (KB)
...
006 (016.1400.000) 05/09 02:31:39 Image size of job updated: 3542760
	2803  -  MemoryUsage of job (MB)
	2869548  -  ResidentSetSize of job (KB)
...
006 (016.1400.000) 05/09 02:31:44 Image size of job updated: 3542760
	2836  -  MemoryUsage of job (MB)
	2903736  -  ResidentSetSize of job (KB)
...
006 (016.1400.000) 05/09 02:31:50 Image size of job updated: 3583720
	2874  -  MemoryUsage of job (MB)
	2942544  -  ResidentSetSize of job (KB)
...
006 (016.1400.000) 05/09 02:31:56 Image size of job updated: 3645160
	2910  -  MemoryUsage of job (MB)
	2979768  -  ResidentSetSize of job (KB)
...
006 (016.1400.000) 05/09 02:32:02 Image size of job updated: 3645160
	2954  -  MemoryUsage of job (MB)
	3024780  -  ResidentSetSize of job (KB)
...
006 (016.1400.000) 05/09 02:32:08 Image size of job updated: 3645160
	3000  -  MemoryUsage of job (MB)
	3071112  -  ResidentSetSize of job (KB)
...
006 (016.1400.000) 05/09 02:32:15 Image size of job updated: 3751656
	3000  -  MemoryUsage of job (MB)
	3071112  -  ResidentSetSize of job (KB)
...
006 (016.1400.000) 05/09 02:32:20 Image size of job updated: 3751656
	3015  -  MemoryUsage of job (MB)
	3086688  -  ResidentSetSize of job (KB)
...
006 (016.1400.000) 05/09 02:32:25 Image size of job updated: 3784424
	3045  -  MemoryUsage of job (MB)
	3117180  -  ResidentSetSize of job (KB)
...
006 (016.1400.000) 05/09 02:32:30 Image size of job updated: 3836648
	3073  -  MemoryUsage of job (MB)
	3146616  -  ResidentSetSize of job (KB)
...
006 (016.1400.000) 05/09 02:32:40 Image size of job updated: 3866344
	3077  -  MemoryUsage of job (MB)
	3150180  -  ResidentSetSize of job (KB)
...
006 (016.1400.000) 05/09 02:32:45 Image size of job updated: 3899112
	3106  -  MemoryUsage of job (MB)
	3179880  -  ResidentSetSize of job (KB)
...
006 (016.1400.000) 05/09 02:32:50 Image size of job updated: 3924712
	3135  -  MemoryUsage of job (MB)
	3209316  -  ResidentSetSize of job (KB)
...
006 (016.1400.000) 05/09 02:32:55 Image size of job updated: 3924712
	3163  -  MemoryUsage of job (MB)
	3238884  -  ResidentSetSize of job (KB)
...
006 (016.1400.000) 05/09 02:33:00 Image size of job updated: 3971816
	3193  -  MemoryUsage of job (MB)
	3268848  -  ResidentSetSize of job (KB)
...
006 (016.1400.000) 05/09 02:33:05 Image size of job updated: 3993320
	3218  -  MemoryUsage of job (MB)
	3294984  -  ResidentSetSize of job (KB)
...
006 (016.1400.000) 05/09 02:33:10 Image size of job updated: 3993320
	3222  -  MemoryUsage of job (MB)
	3298944  -  ResidentSetSize of job (KB)
...
006 (016.1400.000) 05/09 02:33:21 Image size of job updated: 4085480
	3250  -  MemoryUsage of job (MB)
	3327852  -  ResidentSetSize of job (KB)
...
006 (016.1400.000) 05/09 02:33:27 Image size of job updated: 4099816
	3285  -  MemoryUsage of job (MB)
	3363756  -  ResidentSetSize of job (KB)
...
006 (016.1400.000) 05/09 02:33:33 Image size of job updated: 4162280
	3321  -  MemoryUsage of job (MB)
	3400452  -  ResidentSetSize of job (KB)
...
006 (016.1400.000) 05/09 02:33:39 Image size of job updated: 4195048
	3358  -  MemoryUsage of job (MB)
	3437808  -  ResidentSetSize of job (KB)
...
006 (016.1400.000) 05/09 02:33:45 Image size of job updated: 4195048
	3395  -  MemoryUsage of job (MB)
	3475692  -  ResidentSetSize of job (KB)
...
006 (016.1400.000) 05/09 02:33:51 Image size of job updated: 4266728
	3431  -  MemoryUsage of job (MB)
	3513180  -  ResidentSetSize of job (KB)
...
006 (016.1400.000) 05/09 02:33:57 Image size of job updated: 4266728
	3478  -  MemoryUsage of job (MB)
	3560568  -  ResidentSetSize of job (KB)
...
006 (016.1400.000) 05/09 02:34:03 Image size of job updated: 4266728
	3529  -  MemoryUsage of job (MB)
	3613368  -  ResidentSetSize of job (KB)
...
006 (016.1400.000) 05/09 02:34:10 Image size of job updated: 4392680
	3578  -  MemoryUsage of job (MB)
	3663000  -  ResidentSetSize of job (KB)
...
006 (016.1400.000) 05/09 02:34:15 Image size of job updated: 4392680
	3616  -  MemoryUsage of job (MB)
	3702732  -  ResidentSetSize of job (KB)
...
006 (016.1400.000) 05/09 02:34:20 Image size of job updated: 4392680
	3655  -  MemoryUsage of job (MB)
	3742596  -  ResidentSetSize of job (KB)
...
006 (016.1400.000) 05/09 02:34:25 Image size of job updated: 4533992
	3673  -  MemoryUsage of job (MB)
	3760548  -  ResidentSetSize of job (KB)
...
006 (016.1400.000) 05/09 02:34:42 Image size of job updated: 4615912
	3690  -  MemoryUsage of job (MB)
	3777972  -  ResidentSetSize of job (KB)
...
006 (016.1400.000) 05/09 02:34:48 Image size of job updated: 4633320
	3734  -  MemoryUsage of job (MB)
	3822984  -  ResidentSetSize of job (KB)
...
006 (016.1400.000) 05/09 02:34:54 Image size of job updated: 4710120
	3781  -  MemoryUsage of job (MB)
	3871296  -  ResidentSetSize of job (KB)
...
006 (016.1400.000) 05/09 02:35:00 Image size of job updated: 4732648
	3829  -  MemoryUsage of job (MB)
	3920796  -  ResidentSetSize of job (KB)
...
006 (016.1400.000) 05/09 02:35:06 Image size of job updated: 4732648
	3878  -  MemoryUsage of job (MB)
	3970956  -  ResidentSetSize of job (KB)
...
006 (016.1400.000) 05/09 02:35:12 Image size of job updated: 4855528
	3920  -  MemoryUsage of job (MB)
	4013988  -  ResidentSetSize of job (KB)
...
006 (016.1400.000) 05/09 02:35:17 Image size of job updated: 4880104
	3961  -  MemoryUsage of job (MB)
	4055436  -  ResidentSetSize of job (KB)
...
006 (016.1400.000) 05/09 02:35:22 Image size of job updated: 4880104
	4001  -  MemoryUsage of job (MB)
	4096884  -  ResidentSetSize of job (KB)
...
006 (016.1400.000) 05/09 02:35:27 Image size of job updated: 4979432
	4042  -  MemoryUsage of job (MB)
	4138200  -  ResidentSetSize of job (KB)
...
006 (016.1400.000) 05/09 02:35:32 Image size of job updated: 4979432
	4081  -  MemoryUsage of job (MB)
	4178592  -  ResidentSetSize of job (KB)
...
006 (016.1400.000) 05/09 02:35:37 Image size of job updated: 4979432
	4122  -  MemoryUsage of job (MB)
	4220040  -  ResidentSetSize of job (KB)
...
006 (016.1400.000) 05/09 02:35:42 Image size of job updated: 5101288
	4160  -  MemoryUsage of job (MB)
	4258848  -  ResidentSetSize of job (KB)
...
006 (016.1400.000) 05/09 02:35:47 Image size of job updated: 5101288
	4186  -  MemoryUsage of job (MB)
	4285776  -  ResidentSetSize of job (KB)
...
006 (016.1400.000) 05/09 02:35:52 Image size of job updated: 5144296
	4214  -  MemoryUsage of job (MB)
	4314684  -  ResidentSetSize of job (KB)
...
006 (016.1400.000) 05/09 02:35:57 Image size of job updated: 5192424
	4243  -  MemoryUsage of job (MB)
	4344120  -  ResidentSetSize of job (KB)
...
006 (016.1400.000) 05/09 02:36:02 Image size of job updated: 5208808
	4273  -  MemoryUsage of job (MB)
	4375008  -  ResidentSetSize of job (KB)
...
006 (016.1400.000) 05/09 02:36:07 Image size of job updated: 5249768
	4304  -  MemoryUsage of job (MB)
	4406424  -  ResidentSetSize of job (KB)
...
006 (016.1400.000) 05/09 02:36:12 Image size of job updated: 5415656
	4489  -  MemoryUsage of job (MB)
	4596372  -  ResidentSetSize of job (KB)
...
006 (016.1400.000) 05/09 02:36:17 Image size of job updated: 5440232
	4622  -  MemoryUsage of job (MB)
	4732860  -  ResidentSetSize of job (KB)
...
005 (016.1400.000) 05/09 02:36:21 Job terminated.
	(1) Normal termination (return value 0)
		Usr 0 00:24:22, Sys 0 00:00:13  -  Run Remote Usage
		Usr 0 00:00:00, Sys 0 00:00:00  -  Run Local Usage
		Usr 0 00:24:22, Sys 0 00:00:13  -  Total Remote Usage
		Usr 0 00:00:00, Sys 0 00:00:00  -  Total Local Usage
	0  -  Run Bytes Sent By Job
	0  -  Run Bytes Received By Job
	0  -  Total Bytes Sent By Job
	0  -  Total Bytes Received By Job
	Partitionable Resources :      Usage  Request Allocated 
	   Cpus                 :       0.46        1         1 
	   Disk (KB)            : 2000000     2000000   6275465 
	   Memory (MB)          :    4622        1954      2007 
...
