000 (173.403.000) 05/05 01:07:12 Job submitted from host: <127.0.0.1:9618?addrs=127.0.0.1-9618&noUDP&sock=222_da1d_4>
...
001 (173.403.000) 05/05 03:09:19 Job executing on host: <127.0.0.1:9618?addrs=127.0.0.1-9618&noUDP&sock=222_da1d_5>
...
006 (173.403.000) 05/05 03:09:24 Image size of job updated: 2000000
	101  -  MemoryUsage of job (MB)
	103092  -  ResidentSetSize of job (KB)
...
006 (173.403.000) 05/05 03:09:49 Image size of job updated: 2000000
	120  -  MemoryUsage of job (MB)
	122496  -  ResidentSetSize of job (KB)
...
006 (173.403.000) 05/05 03:09:54 Image size of job updated: 2000000
	184  -  MemoryUsage of job (MB)
	188100  -  ResidentSetSize of job (KB)
...
006 (173.403.000) 05/05 03:09:59 Image size of job updated: 2000000
	186  -  MemoryUsage of job (MB)
	190080  -  ResidentSetSize of job (KB)
...
006 (173.403.000) 05/05 03:10:04 Image size of job updated: 2000000
	200  -  MemoryUsage of job (MB)
	204600  -  ResidentSetSize of job (KB)
...
006 (173.403.000) 05/05 03:10:09 Image size of job updated: 2000000
	212  -  MemoryUsage of job (MB)
	216480  -  ResidentSetSize of job (KB)
...
006 (173.403.000) 05/05 03:10:14 Image size of job updated: 2000000
	225  -  MemoryUsage of job (MB)
	229812  -  ResidentSetSize of job (KB)
...
006 (173.403.000) 05/05 03:10:19 Image size of job updated: 2000000
	233  -  MemoryUsage of job (MB)
	237996  -  ResidentSetSize of job (KB)
...
006 (173.403.000) 05/05 03:10:24 Image size of job updated: 2000000
	239  -  MemoryUsage of job (MB)
	244728  -  ResidentSetSize of job (KB)
...
006 (173.403.000) 05/05 03:10:29 Image size of job updated: 2000000
	261  -  MemoryUsage of job (MB)
	266904  -  ResidentSetSize of job (KB)
...
006 (173.403.000) 05/05 03:10:34 Image size of job updated: 2000000
	298  -  MemoryUsage of job (MB)
	305052  -  ResidentSetSize of job (KB)
...
006 (173.403.000) 05/05 03:10:39 Image size of job updated: 2000000
	329  -  MemoryUsage of job (MB)
	336336  -  ResidentSetSize of job (KB)
...
006 (173.403.000) 05/05 03:10:49 Image size of job updated: 2000000
	403  -  MemoryUsage of job (MB)
	411840  -  ResidentSetSize of job (KB)
...
006 (173.403.000) 05/05 03:10:54 Image size of job updated: 2000000
	452  -  MemoryUsage of job (MB)
	462396  -  ResidentSetSize of job (KB)
...
006 (173.403.000) 05/05 03:10:59 Image size of job updated: 2000000
	1169  -  MemoryUsage of job (MB)
	1196316  -  ResidentSetSize of job (KB)
...
006 (173.403.000) 05/05 03:24:15 Image size of job updated: 2000000
	1171  -  MemoryUsage of job (MB)
	1198296  -  ResidentSetSize of job (KB)
...
006 (173.403.000) 05/05 03:24:20 Image size of job updated: 2000000
	1215  -  MemoryUsage of job (MB)
	1243836  -  ResidentSetSize of job (KB)
...
006 (173.403.000) 05/05 03:24:25 Image size of job updated: 2000000
	1551  -  MemoryUsage of job (MB)
	1588224  -  ResidentSetSize of job (KB)
...
006 (173.403.000) 05/05 03:24:30 Image size of job updated: 2000000
	1645  -  MemoryUsage of job (MB)
	1683528  -  ResidentSetSize of job (KB)
...
006 (173.403.000) 05/05 03:24:35 Image size of job updated: 2392268
	1926  -  MemoryUsage of job (MB)
	1972212  -  ResidentSetSize of job (KB)
...
006 (173.403.000) 05/05 03:24:40 Image size of job updated: 2561004
	1926  -  MemoryUsage of job (MB)
	1972212  -  ResidentSetSize of job (KB)
...
006 (173.403.000) 05/05 03:27:37 Image size of job updated: 2561004
	2040  -  MemoryUsage of job (MB)
	2088636  -  ResidentSetSize of job (KB)
...
006 (173.403.000) 05/05 03:27:43 Image size of job updated: 2740204
	2040  -  MemoryUsage of job (MB)
	2088768  -  ResidentSetSize of job (KB)
...
005 (173.403.000) 05/05 03:27:44 Job terminated.
	(1) Normal termination (return value 0)
		Usr 0 00:17:57, Sys 0 00:00:02  -  Run Remote Usage
		Usr 0 00:00:00, Sys 0 00:00:00  -  Run Local Usage
		Usr 0 00:17:57, Sys 0 00:00:02  -  Total Remote Usage
		Usr 0 00:00:00, Sys 0 00:00:00  -  Total Local Usage
	0  -  Run Bytes Sent By Job
	0  -  Run Bytes Received By Job
	0  -  Total Bytes Sent By Job
	0  -  Total Bytes Received By Job
	Partitionable Resources :      Usage  Request Allocated 
	   Cpus                 :       1.00        1         1 
	   Disk (KB)            : 2000000     2000000   6540465 
	   Memory (MB)          :    2040        1954      2007 
...
