000 (205.9895.000) 05/06 03:22:29 Job submitted from host: <127.0.0.1:9618?addrs=127.0.0.1-9618&noUDP&sock=222_da1d_4>
...
033 (205.9895.000) 05/06 14:24:26 Changing job attribute JobPrio from 0 to -5
...
000 (007.9895.000) 05/07 19:01:14 Job submitted from host: <127.0.0.1:9618?addrs=127.0.0.1-9618&noUDP&sock=215_0cf3_4>
...
000 (016.9895.000) 05/08 15:58:17 Job submitted from host: <127.0.0.1:9618?addrs=127.0.0.1-9618&noUDP&sock=227_4816_4>
...
009 (016.9895.000) 05/09 16:56:42 Job was aborted by the user.
	via condor_rm (by user aw868)
...
000 (014.2734.000) 05/09 17:31:28 Job submitted from host: <127.0.0.1:9618?addrs=127.0.0.1-9618&noUDP&sock=212_fe2a_4>
...
033 (014.2734.000) 05/09 17:33:29 Changing job attribute JobPrio from 0 to -10
...
033 (014.2734.000) 05/09 21:35:54 Changing job attribute JobPrio from -10 to -15
...
001 (014.2734.000) 05/10 23:15:38 Job executing on host: <127.0.0.1:9618?addrs=127.0.0.1-9618&noUDP&sock=212_fe2a_5>
...
006 (014.2734.000) 05/10 23:15:43 Image size of job updated: 2000000
	112  -  MemoryUsage of job (MB)
	113916  -  ResidentSetSize of job (KB)
...
006 (014.2734.000) 05/10 23:15:48 Image size of job updated: 2000000
	115  -  MemoryUsage of job (MB)
	117084  -  ResidentSetSize of job (KB)
...
006 (014.2734.000) 05/10 23:16:08 Image size of job updated: 2000000
	143  -  MemoryUsage of job (MB)
	145596  -  ResidentSetSize of job (KB)
...
006 (014.2734.000) 05/10 23:16:13 Image size of job updated: 2000000
	210  -  MemoryUsage of job (MB)
	214104  -  ResidentSetSize of job (KB)
...
006 (014.2734.000) 05/10 23:16:18 Image size of job updated: 2000000
	211  -  MemoryUsage of job (MB)
	215688  -  ResidentSetSize of job (KB)
...
006 (014.2734.000) 05/10 23:16:23 Image size of job updated: 2000000
	212  -  MemoryUsage of job (MB)
	216084  -  ResidentSetSize of job (KB)
...
006 (014.2734.000) 05/10 23:16:29 Image size of job updated: 2000000
	221  -  MemoryUsage of job (MB)
	225588  -  ResidentSetSize of job (KB)
...
006 (014.2734.000) 05/10 23:16:35 Image size of job updated: 2000000
	232  -  MemoryUsage of job (MB)
	237336  -  ResidentSetSize of job (KB)
...
006 (014.2734.000) 05/10 23:16:41 Image size of job updated: 2000000
	244  -  MemoryUsage of job (MB)
	249216  -  ResidentSetSize of job (KB)
...
006 (014.2734.000) 05/10 23:16:47 Image size of job updated: 2000000
	255  -  MemoryUsage of job (MB)
	260436  -  ResidentSetSize of job (KB)
...
006 (014.2734.000) 05/10 23:16:53 Image size of job updated: 2000000
	263  -  MemoryUsage of job (MB)
	269148  -  ResidentSetSize of job (KB)
...
006 (014.2734.000) 05/10 23:16:59 Image size of job updated: 2000000
	272  -  MemoryUsage of job (MB)
	277860  -  ResidentSetSize of job (KB)
...
006 (014.2734.000) 05/10 23:17:05 Image size of job updated: 2000000
	292  -  MemoryUsage of job (MB)
	298452  -  ResidentSetSize of job (KB)
...
006 (014.2734.000) 05/10 23:17:11 Image size of job updated: 2000000
	339  -  MemoryUsage of job (MB)
	346632  -  ResidentSetSize of job (KB)
...
006 (014.2734.000) 05/10 23:17:17 Image size of job updated: 2000000
	377  -  MemoryUsage of job (MB)
	385704  -  ResidentSetSize of job (KB)
...
006 (014.2734.000) 05/10 23:17:23 Image size of job updated: 2000000
	380  -  MemoryUsage of job (MB)
	388608  -  ResidentSetSize of job (KB)
...
006 (014.2734.000) 05/10 23:17:29 Image size of job updated: 2000000
	452  -  MemoryUsage of job (MB)
	462792  -  ResidentSetSize of job (KB)
...
006 (014.2734.000) 05/10 23:17:35 Image size of job updated: 2000000
	512  -  MemoryUsage of job (MB)
	523776  -  ResidentSetSize of job (KB)
...
006 (014.2734.000) 05/10 23:17:41 Image size of job updated: 2000000
	1243  -  MemoryUsage of job (MB)
	1272216  -  ResidentSetSize of job (KB)
...
006 (014.2734.000) 05/10 23:35:21 Image size of job updated: 2000000
	1582  -  MemoryUsage of job (MB)
	1618980  -  ResidentSetSize of job (KB)
...
006 (014.2734.000) 05/10 23:35:27 Image size of job updated: 2295124
	1777  -  MemoryUsage of job (MB)
	1819620  -  ResidentSetSize of job (KB)
...
006 (014.2734.000) 05/10 23:35:33 Image size of job updated: 2445044
	1959  -  MemoryUsage of job (MB)
	2006004  -  ResidentSetSize of job (KB)
...
006 (014.2734.000) 05/10 23:35:39 Image size of job updated: 2445044
	1992  -  MemoryUsage of job (MB)
	2039532  -  ResidentSetSize of job (KB)
...
006 (014.2734.000) 05/10 23:35:45 Image size of job updated: 2445044
	2069  -  MemoryUsage of job (MB)
	2118204  -  ResidentSetSize of job (KB)
...
006 (014.2734.000) 05/10 23:35:51 Image size of job updated: 2849012
	2186  -  MemoryUsage of job (MB)
	2237928  -  ResidentSetSize of job (KB)
...
006 (014.2734.000) 05/10 23:35:57 Image size of job updated: 2849012
	2262  -  MemoryUsage of job (MB)
	2315676  -  ResidentSetSize of job (KB)
...
006 (014.2734.000) 05/10 23:36:03 Image size of job updated: 2994420
	2325  -  MemoryUsage of job (MB)
	2379960  -  ResidentSetSize of job (KB)
...
006 (014.2734.000) 05/10 23:36:09 Image size of job updated: 2994420
	2386  -  MemoryUsage of job (MB)
	2442396  -  ResidentSetSize of job (KB)
...
006 (014.2734.000) 05/10 23:36:15 Image size of job updated: 2994420
	2446  -  MemoryUsage of job (MB)
	2504700  -  ResidentSetSize of job (KB)
...
006 (014.2734.000) 05/10 23:36:21 Image size of job updated: 3156212
	2508  -  MemoryUsage of job (MB)
	2567268  -  ResidentSetSize of job (KB)
...
006 (014.2734.000) 05/10 23:36:27 Image size of job updated: 3272948
	2568  -  MemoryUsage of job (MB)
	2629176  -  ResidentSetSize of job (KB)
...
006 (014.2734.000) 05/10 23:36:33 Image size of job updated: 3320052
	2627  -  MemoryUsage of job (MB)
	2689896  -  ResidentSetSize of job (KB)
...
006 (014.2734.000) 05/10 23:36:39 Image size of job updated: 3342580
	2688  -  MemoryUsage of job (MB)
	2751672  -  ResidentSetSize of job (KB)
...
006 (014.2734.000) 05/10 23:36:45 Image size of job updated: 3342580
	2747  -  MemoryUsage of job (MB)
	2812524  -  ResidentSetSize of job (KB)
...
006 (014.2734.000) 05/10 23:36:51 Image size of job updated: 3481844
	2807  -  MemoryUsage of job (MB)
	2873640  -  ResidentSetSize of job (KB)
...
006 (014.2734.000) 05/10 23:36:57 Image size of job updated: 3481844
	2865  -  MemoryUsage of job (MB)
	2933568  -  ResidentSetSize of job (KB)
...
006 (014.2734.000) 05/10 23:37:03 Image size of job updated: 3633396
	2925  -  MemoryUsage of job (MB)
	2994420  -  ResidentSetSize of job (KB)
...
006 (014.2734.000) 05/10 23:37:09 Image size of job updated: 3697908
	2983  -  MemoryUsage of job (MB)
	3053688  -  ResidentSetSize of job (KB)
...
006 (014.2734.000) 05/10 23:37:15 Image size of job updated: 3753204
	3043  -  MemoryUsage of job (MB)
	3115200  -  ResidentSetSize of job (KB)
...
006 (014.2734.000) 05/10 23:37:21 Image size of job updated: 3795188
	3101  -  MemoryUsage of job (MB)
	3174468  -  ResidentSetSize of job (KB)
...
006 (014.2734.000) 05/10 23:37:27 Image size of job updated: 3795188
	3157  -  MemoryUsage of job (MB)
	3232020  -  ResidentSetSize of job (KB)
...
006 (014.2734.000) 05/10 23:37:33 Image size of job updated: 3795188
	3214  -  MemoryUsage of job (MB)
	3290364  -  ResidentSetSize of job (KB)
...
006 (014.2734.000) 05/10 23:37:39 Image size of job updated: 3953908
	3269  -  MemoryUsage of job (MB)
	3347124  -  ResidentSetSize of job (KB)
...
006 (014.2734.000) 05/10 23:37:45 Image size of job updated: 4016372
	3283  -  MemoryUsage of job (MB)
	3361248  -  ResidentSetSize of job (KB)
...
006 (014.2734.000) 05/10 23:37:51 Image size of job updated: 4016372
	3287  -  MemoryUsage of job (MB)
	3365076  -  ResidentSetSize of job (KB)
...
006 (014.2734.000) 05/10 23:37:57 Image size of job updated: 4074740
	3347  -  MemoryUsage of job (MB)
	3426720  -  ResidentSetSize of job (KB)
...
006 (014.2734.000) 05/10 23:38:03 Image size of job updated: 4074740
	3405  -  MemoryUsage of job (MB)
	3486384  -  ResidentSetSize of job (KB)
...
006 (014.2734.000) 05/10 23:38:09 Image size of job updated: 4165876
	3464  -  MemoryUsage of job (MB)
	3546576  -  ResidentSetSize of job (KB)
...
006 (014.2734.000) 05/10 23:38:15 Image size of job updated: 4165876
	3523  -  MemoryUsage of job (MB)
	3606768  -  ResidentSetSize of job (KB)
...
006 (014.2734.000) 05/10 23:38:21 Image size of job updated: 4312308
	3582  -  MemoryUsage of job (MB)
	3667356  -  ResidentSetSize of job (KB)
...
006 (014.2734.000) 05/10 23:38:27 Image size of job updated: 4325620
	3641  -  MemoryUsage of job (MB)
	3728076  -  ResidentSetSize of job (KB)
...
006 (014.2734.000) 05/10 23:38:33 Image size of job updated: 4325620
	3700  -  MemoryUsage of job (MB)
	3788136  -  ResidentSetSize of job (KB)
...
006 (014.2734.000) 05/10 23:38:39 Image size of job updated: 4477172
	3759  -  MemoryUsage of job (MB)
	3848460  -  ResidentSetSize of job (KB)
...
006 (014.2734.000) 05/10 23:38:45 Image size of job updated: 4477172
	3820  -  MemoryUsage of job (MB)
	3911028  -  ResidentSetSize of job (KB)
...
006 (014.2734.000) 05/10 23:38:51 Image size of job updated: 4477172
	3883  -  MemoryUsage of job (MB)
	3975576  -  ResidentSetSize of job (KB)
...
006 (014.2734.000) 05/10 23:38:57 Image size of job updated: 4633844
	3920  -  MemoryUsage of job (MB)
	4013460  -  ResidentSetSize of job (KB)
...
006 (014.2734.000) 05/10 23:39:04 Image size of job updated: 4633844
	3962  -  MemoryUsage of job (MB)
	4056096  -  ResidentSetSize of job (KB)
...
006 (014.2734.000) 05/10 23:39:11 Image size of job updated: 4760820
	4001  -  MemoryUsage of job (MB)
	4097016  -  ResidentSetSize of job (KB)
...
006 (014.2734.000) 05/10 23:39:17 Image size of job updated: 4760820
	4064  -  MemoryUsage of job (MB)
	4160772  -  ResidentSetSize of job (KB)
...
006 (014.2734.000) 05/10 23:39:23 Image size of job updated: 4919540
	4127  -  MemoryUsage of job (MB)
	4225320  -  ResidentSetSize of job (KB)
...
006 (014.2734.000) 05/10 23:39:29 Image size of job updated: 4976884
	4191  -  MemoryUsage of job (MB)
	4291452  -  ResidentSetSize of job (KB)
...
006 (014.2734.000) 05/10 23:39:35 Image size of job updated: 4976884
	4256  -  MemoryUsage of job (MB)
	4357320  -  ResidentSetSize of job (KB)
...
006 (014.2734.000) 05/10 23:39:41 Image size of job updated: 5084404
	4318  -  MemoryUsage of job (MB)
	4421472  -  ResidentSetSize of job (KB)
...
006 (014.2734.000) 05/10 23:39:47 Image size of job updated: 5084404
	4381  -  MemoryUsage of job (MB)
	4485492  -  ResidentSetSize of job (KB)
...
006 (014.2734.000) 05/10 23:39:53 Image size of job updated: 5245172
	4445  -  MemoryUsage of job (MB)
	4550964  -  ResidentSetSize of job (KB)
...
006 (014.2734.000) 05/10 23:39:59 Image size of job updated: 5306612
	4508  -  MemoryUsage of job (MB)
	4615512  -  ResidentSetSize of job (KB)
...
006 (014.2734.000) 05/10 23:40:05 Image size of job updated: 5360884
	4571  -  MemoryUsage of job (MB)
	4680324  -  ResidentSetSize of job (KB)
...
006 (014.2734.000) 05/10 23:40:11 Image size of job updated: 5412084
	4634  -  MemoryUsage of job (MB)
	4744344  -  ResidentSetSize of job (KB)
...
006 (014.2734.000) 05/10 23:40:17 Image size of job updated: 5412084
	4697  -  MemoryUsage of job (MB)
	4809552  -  ResidentSetSize of job (KB)
...
006 (014.2734.000) 05/10 23:40:23 Image size of job updated: 5412084
	4759  -  MemoryUsage of job (MB)
	4873176  -  ResidentSetSize of job (KB)
...
006 (014.2734.000) 05/10 23:40:29 Image size of job updated: 5573876
	4821  -  MemoryUsage of job (MB)
	4935744  -  ResidentSetSize of job (KB)
...
006 (014.2734.000) 05/10 23:40:35 Image size of job updated: 5573876
	4882  -  MemoryUsage of job (MB)
	4998840  -  ResidentSetSize of job (KB)
...
006 (014.2734.000) 05/10 23:40:41 Image size of job updated: 5731572
	4944  -  MemoryUsage of job (MB)
	5062464  -  ResidentSetSize of job (KB)
...
006 (014.2734.000) 05/10 23:40:47 Image size of job updated: 5731572
	5007  -  MemoryUsage of job (MB)
	5126352  -  ResidentSetSize of job (KB)
...
006 (014.2734.000) 05/10 23:40:53 Image size of job updated: 5731572
	5068  -  MemoryUsage of job (MB)
	5189580  -  ResidentSetSize of job (KB)
...
006 (014.2734.000) 05/10 23:40:59 Image size of job updated: 5890292
	5131  -  MemoryUsage of job (MB)
	5253996  -  ResidentSetSize of job (KB)
...
006 (014.2734.000) 05/10 23:41:05 Image size of job updated: 5890292
	5193  -  MemoryUsage of job (MB)
	5317620  -  ResidentSetSize of job (KB)
...
006 (014.2734.000) 05/10 23:41:11 Image size of job updated: 6063348
	5251  -  MemoryUsage of job (MB)
	5377020  -  ResidentSetSize of job (KB)
...
006 (014.2734.000) 05/10 23:41:17 Image size of job updated: 6115572
	5314  -  MemoryUsage of job (MB)
	5441172  -  ResidentSetSize of job (KB)
...
006 (014.2734.000) 05/10 23:41:23 Image size of job updated: 6115572
	5376  -  MemoryUsage of job (MB)
	5504796  -  ResidentSetSize of job (KB)
...
006 (014.2734.000) 05/10 23:41:29 Image size of job updated: 6209780
	5421  -  MemoryUsage of job (MB)
	5550864  -  ResidentSetSize of job (KB)
...
006 (014.2734.000) 05/10 23:41:37 Image size of job updated: 6322420
	5457  -  MemoryUsage of job (MB)
	5587296  -  ResidentSetSize of job (KB)
...
006 (014.2734.000) 05/10 23:41:43 Image size of job updated: 6338804
	5516  -  MemoryUsage of job (MB)
	5648148  -  ResidentSetSize of job (KB)
...
006 (014.2734.000) 05/10 23:41:49 Image size of job updated: 6430964
	5575  -  MemoryUsage of job (MB)
	5708604  -  ResidentSetSize of job (KB)
...
006 (014.2734.000) 05/10 23:41:55 Image size of job updated: 6488308
	5634  -  MemoryUsage of job (MB)
	5769060  -  ResidentSetSize of job (KB)
...
006 (014.2734.000) 05/10 23:42:01 Image size of job updated: 6488308
	5694  -  MemoryUsage of job (MB)
	5829912  -  ResidentSetSize of job (KB)
...
006 (014.2734.000) 05/10 23:42:07 Image size of job updated: 6488308
	5754  -  MemoryUsage of job (MB)
	5891160  -  ResidentSetSize of job (KB)
...
006 (014.2734.000) 05/10 23:42:13 Image size of job updated: 6640884
	5815  -  MemoryUsage of job (MB)
	5953992  -  ResidentSetSize of job (KB)
...
006 (014.2734.000) 05/10 23:42:19 Image size of job updated: 6718708
	5884  -  MemoryUsage of job (MB)
	6024480  -  ResidentSetSize of job (KB)
...
006 (014.2734.000) 05/10 23:42:25 Image size of job updated: 6809844
	5943  -  MemoryUsage of job (MB)
	6084672  -  ResidentSetSize of job (KB)
...
006 (014.2734.000) 05/10 23:42:31 Image size of job updated: 6809844
	6006  -  MemoryUsage of job (MB)
	6149220  -  ResidentSetSize of job (KB)
...
006 (014.2734.000) 05/10 23:42:37 Image size of job updated: 6809844
	6067  -  MemoryUsage of job (MB)
	6211656  -  ResidentSetSize of job (KB)
...
006 (014.2734.000) 05/10 23:42:43 Image size of job updated: 6980852
	6115  -  MemoryUsage of job (MB)
	6261024  -  ResidentSetSize of job (KB)
...
006 (014.2734.000) 05/10 23:42:50 Image size of job updated: 6980852
	6148  -  MemoryUsage of job (MB)
	6295212  -  ResidentSetSize of job (KB)
...
006 (014.2734.000) 05/10 23:43:02 Image size of job updated: 7163124
	6181  -  MemoryUsage of job (MB)
	6328740  -  ResidentSetSize of job (KB)
...
006 (014.2734.000) 05/10 23:43:08 Image size of job updated: 7163124
	6297  -  MemoryUsage of job (MB)
	6447276  -  ResidentSetSize of job (KB)
...
006 (014.2734.000) 05/10 23:43:14 Image size of job updated: 7404788
	6537  -  MemoryUsage of job (MB)
	6693456  -  ResidentSetSize of job (KB)
...
006 (014.2734.000) 05/10 23:43:20 Image size of job updated: 7432436
	6572  -  MemoryUsage of job (MB)
	6728832  -  ResidentSetSize of job (KB)
...
005 (014.2734.000) 05/10 23:43:23 Job terminated.
	(1) Normal termination (return value 0)
		Usr 0 00:26:35, Sys 0 00:00:15  -  Run Remote Usage
		Usr 0 00:00:00, Sys 0 00:00:00  -  Run Local Usage
		Usr 0 00:26:35, Sys 0 00:00:15  -  Total Remote Usage
		Usr 0 00:00:00, Sys 0 00:00:00  -  Total Local Usage
	0  -  Run Bytes Sent By Job
	0  -  Run Bytes Received By Job
	0  -  Total Bytes Sent By Job
	0  -  Total Bytes Received By Job
	Partitionable Resources :      Usage  Request Allocated 
	   Cpus                 :       0.75        1         1 
	   Disk (KB)            : 2000000     2000000   6232219 
	   Memory (MB)          :    6572        1954      2007 
...
