000 (005.639.000) 05/05 20:21:50 Job submitted from host: <127.0.0.1:9618?addrs=127.0.0.1-9618&noUDP&sock=227_4816_4>
...
001 (005.639.000) 05/06 00:24:17 Job executing on host: <127.0.0.1:9618?addrs=127.0.0.1-9618&noUDP&sock=227_4816_5>
...
006 (005.639.000) 05/06 00:24:22 Image size of job updated: 2000000
	101  -  MemoryUsage of job (MB)
	103092  -  ResidentSetSize of job (KB)
...
006 (005.639.000) 05/06 00:24:52 Image size of job updated: 2000000
	128  -  MemoryUsage of job (MB)
	130944  -  ResidentSetSize of job (KB)
...
006 (005.639.000) 05/06 00:24:57 Image size of job updated: 2000000
	184  -  MemoryUsage of job (MB)
	188100  -  ResidentSetSize of job (KB)
...
006 (005.639.000) 05/06 00:25:02 Image size of job updated: 2000000
	185  -  MemoryUsage of job (MB)
	188496  -  ResidentSetSize of job (KB)
...
006 (005.639.000) 05/06 00:25:07 Image size of job updated: 2000000
	187  -  MemoryUsage of job (MB)
	191268  -  ResidentSetSize of job (KB)
...
006 (005.639.000) 05/06 00:25:12 Image size of job updated: 2000000
	197  -  MemoryUsage of job (MB)
	201300  -  ResidentSetSize of job (KB)
...
006 (005.639.000) 05/06 00:25:17 Image size of job updated: 2000000
	207  -  MemoryUsage of job (MB)
	211464  -  ResidentSetSize of job (KB)
...
006 (005.639.000) 05/06 00:25:22 Image size of job updated: 2000000
	215  -  MemoryUsage of job (MB)
	219516  -  ResidentSetSize of job (KB)
...
006 (005.639.000) 05/06 00:25:27 Image size of job updated: 2000000
	225  -  MemoryUsage of job (MB)
	229548  -  ResidentSetSize of job (KB)
...
006 (005.639.000) 05/06 00:25:32 Image size of job updated: 2000000
	233  -  MemoryUsage of job (MB)
	238524  -  ResidentSetSize of job (KB)
...
006 (005.639.000) 05/06 00:25:37 Image size of job updated: 2000000
	240  -  MemoryUsage of job (MB)
	245388  -  ResidentSetSize of job (KB)
...
006 (005.639.000) 05/06 00:25:42 Image size of job updated: 2000000
	266  -  MemoryUsage of job (MB)
	271788  -  ResidentSetSize of job (KB)
...
006 (005.639.000) 05/06 00:25:47 Image size of job updated: 2000000
	298  -  MemoryUsage of job (MB)
	304788  -  ResidentSetSize of job (KB)
...
006 (005.639.000) 05/06 00:25:52 Image size of job updated: 2000000
	329  -  MemoryUsage of job (MB)
	336204  -  ResidentSetSize of job (KB)
...
006 (005.639.000) 05/06 00:25:57 Image size of job updated: 2000000
	354  -  MemoryUsage of job (MB)
	362472  -  ResidentSetSize of job (KB)
...
006 (005.639.000) 05/06 00:26:02 Image size of job updated: 2000000
	415  -  MemoryUsage of job (MB)
	423984  -  ResidentSetSize of job (KB)
...
006 (005.639.000) 05/06 00:26:07 Image size of job updated: 2000000
	465  -  MemoryUsage of job (MB)
	475332  -  ResidentSetSize of job (KB)
...
006 (005.639.000) 05/06 00:26:12 Image size of job updated: 2000000
	1169  -  MemoryUsage of job (MB)
	1196316  -  ResidentSetSize of job (KB)
...
006 (005.639.000) 05/06 00:42:13 Image size of job updated: 2000000
	1171  -  MemoryUsage of job (MB)
	1198296  -  ResidentSetSize of job (KB)
...
006 (005.639.000) 05/06 00:42:19 Image size of job updated: 2000000
	1248  -  MemoryUsage of job (MB)
	1277760  -  ResidentSetSize of job (KB)
...
006 (005.639.000) 05/06 00:42:25 Image size of job updated: 2000000
	1620  -  MemoryUsage of job (MB)
	1658184  -  ResidentSetSize of job (KB)
...
006 (005.639.000) 05/06 00:42:31 Image size of job updated: 2325472
	1924  -  MemoryUsage of job (MB)
	1969836  -  ResidentSetSize of job (KB)
...
006 (005.639.000) 05/06 00:42:37 Image size of job updated: 2561504
	1924  -  MemoryUsage of job (MB)
	1969836  -  ResidentSetSize of job (KB)
...
006 (005.639.000) 05/06 00:43:01 Image size of job updated: 2584032
	1924  -  MemoryUsage of job (MB)
	1969836  -  ResidentSetSize of job (KB)
...
006 (005.639.000) 05/06 00:43:07 Image size of job updated: 2588128
	1924  -  MemoryUsage of job (MB)
	1969836  -  ResidentSetSize of job (KB)
...
006 (005.639.000) 05/06 00:43:19 Image size of job updated: 2595296
	1924  -  MemoryUsage of job (MB)
	1969836  -  ResidentSetSize of job (KB)
...
006 (005.639.000) 05/06 00:43:37 Image size of job updated: 2602464
	1926  -  MemoryUsage of job (MB)
	1971816  -  ResidentSetSize of job (KB)
...
006 (005.639.000) 05/06 00:43:43 Image size of job updated: 2602464
	1930  -  MemoryUsage of job (MB)
	1976304  -  ResidentSetSize of job (KB)
...
006 (005.639.000) 05/06 00:43:49 Image size of job updated: 2611680
	1935  -  MemoryUsage of job (MB)
	1981320  -  ResidentSetSize of job (KB)
...
006 (005.639.000) 05/06 00:43:55 Image size of job updated: 2613728
	1939  -  MemoryUsage of job (MB)
	1985016  -  ResidentSetSize of job (KB)
...
006 (005.639.000) 05/06 00:44:01 Image size of job updated: 2620896
	1942  -  MemoryUsage of job (MB)
	1988580  -  ResidentSetSize of job (KB)
...
006 (005.639.000) 05/06 00:44:07 Image size of job updated: 2622944
	1944  -  MemoryUsage of job (MB)
	1990164  -  ResidentSetSize of job (KB)
...
006 (005.639.000) 05/06 00:44:13 Image size of job updated: 2624992
	1946  -  MemoryUsage of job (MB)
	1992540  -  ResidentSetSize of job (KB)
...
006 (005.639.000) 05/06 00:44:19 Image size of job updated: 2624992
	1949  -  MemoryUsage of job (MB)
	1995576  -  ResidentSetSize of job (KB)
...
006 (005.639.000) 05/06 00:44:25 Image size of job updated: 2629088
	1951  -  MemoryUsage of job (MB)
	1997688  -  ResidentSetSize of job (KB)
...
006 (005.639.000) 05/06 00:44:31 Image size of job updated: 2633184
	1954  -  MemoryUsage of job (MB)
	2000592  -  ResidentSetSize of job (KB)
...
006 (005.639.000) 05/06 00:44:37 Image size of job updated: 2633184
	1958  -  MemoryUsage of job (MB)
	2004552  -  ResidentSetSize of job (KB)
...
006 (005.639.000) 05/06 00:44:43 Image size of job updated: 2638304
	1962  -  MemoryUsage of job (MB)
	2008380  -  ResidentSetSize of job (KB)
...
006 (005.639.000) 05/06 00:44:49 Image size of job updated: 2638304
	1966  -  MemoryUsage of job (MB)
	2012472  -  ResidentSetSize of job (KB)
...
006 (005.639.000) 05/06 00:44:55 Image size of job updated: 2649568
	1970  -  MemoryUsage of job (MB)
	2016828  -  ResidentSetSize of job (KB)
...
006 (005.639.000) 05/06 00:45:01 Image size of job updated: 2649568
	1975  -  MemoryUsage of job (MB)
	2022108  -  ResidentSetSize of job (KB)
...
006 (005.639.000) 05/06 00:45:07 Image size of job updated: 2649568
	1977  -  MemoryUsage of job (MB)
	2023560  -  ResidentSetSize of job (KB)
...
006 (005.639.000) 05/06 00:45:13 Image size of job updated: 2658784
	1982  -  MemoryUsage of job (MB)
	2028972  -  ResidentSetSize of job (KB)
...
006 (005.639.000) 05/06 00:45:19 Image size of job updated: 2658784
	1988  -  MemoryUsage of job (MB)
	2035044  -  ResidentSetSize of job (KB)
...
006 (005.639.000) 05/06 00:45:25 Image size of job updated: 2658784
	1990  -  MemoryUsage of job (MB)
	2037684  -  ResidentSetSize of job (KB)
...
006 (005.639.000) 05/06 00:45:31 Image size of job updated: 2670048
	1995  -  MemoryUsage of job (MB)
	2042172  -  ResidentSetSize of job (KB)
...
006 (005.639.000) 05/06 00:45:37 Image size of job updated: 2677216
	2000  -  MemoryUsage of job (MB)
	2047320  -  ResidentSetSize of job (KB)
...
006 (005.639.000) 05/06 00:45:43 Image size of job updated: 2681312
	2003  -  MemoryUsage of job (MB)
	2050884  -  ResidentSetSize of job (KB)
...
006 (005.639.000) 05/06 00:45:49 Image size of job updated: 2683360
	2008  -  MemoryUsage of job (MB)
	2056032  -  ResidentSetSize of job (KB)
...
006 (005.639.000) 05/06 00:45:55 Image size of job updated: 2683360
	2012  -  MemoryUsage of job (MB)
	2059332  -  ResidentSetSize of job (KB)
...
006 (005.639.000) 05/06 00:46:01 Image size of job updated: 2693600
	2016  -  MemoryUsage of job (MB)
	2064348  -  ResidentSetSize of job (KB)
...
006 (005.639.000) 05/06 00:46:07 Image size of job updated: 2698720
	2023  -  MemoryUsage of job (MB)
	2070948  -  ResidentSetSize of job (KB)
...
006 (005.639.000) 05/06 00:46:13 Image size of job updated: 2706912
	2028  -  MemoryUsage of job (MB)
	2076228  -  ResidentSetSize of job (KB)
...
006 (005.639.000) 05/06 00:46:19 Image size of job updated: 2709984
	2031  -  MemoryUsage of job (MB)
	2079528  -  ResidentSetSize of job (KB)
...
006 (005.639.000) 05/06 00:46:24 Image size of job updated: 2709984
	2036  -  MemoryUsage of job (MB)
	2083884  -  ResidentSetSize of job (KB)
...
006 (005.639.000) 05/06 00:46:29 Image size of job updated: 2709984
	2039  -  MemoryUsage of job (MB)
	2087184  -  ResidentSetSize of job (KB)
...
006 (005.639.000) 05/06 00:46:34 Image size of job updated: 2719200
	2042  -  MemoryUsage of job (MB)
	2090088  -  ResidentSetSize of job (KB)
...
006 (005.639.000) 05/06 00:46:39 Image size of job updated: 2719200
	2046  -  MemoryUsage of job (MB)
	2094840  -  ResidentSetSize of job (KB)
...
006 (005.639.000) 05/06 00:46:44 Image size of job updated: 2719200
	2049  -  MemoryUsage of job (MB)
	2097876  -  ResidentSetSize of job (KB)
...
006 (005.639.000) 05/06 00:46:49 Image size of job updated: 2730464
	2053  -  MemoryUsage of job (MB)
	2101836  -  ResidentSetSize of job (KB)
...
006 (005.639.000) 05/06 00:46:54 Image size of job updated: 2730464
	2058  -  MemoryUsage of job (MB)
	2106852  -  ResidentSetSize of job (KB)
...
006 (005.639.000) 05/06 00:46:59 Image size of job updated: 2730464
	2062  -  MemoryUsage of job (MB)
	2110944  -  ResidentSetSize of job (KB)
...
006 (005.639.000) 05/06 00:47:04 Image size of job updated: 2743776
	2066  -  MemoryUsage of job (MB)
	2115432  -  ResidentSetSize of job (KB)
...
006 (005.639.000) 05/06 00:47:09 Image size of job updated: 2743776
	2069  -  MemoryUsage of job (MB)
	2117676  -  ResidentSetSize of job (KB)
...
006 (005.639.000) 05/06 00:47:14 Image size of job updated: 2873824
	2192  -  MemoryUsage of job (MB)
	2243604  -  ResidentSetSize of job (KB)
...
006 (005.639.000) 05/06 00:47:19 Image size of job updated: 2965984
	2282  -  MemoryUsage of job (MB)
	2336664  -  ResidentSetSize of job (KB)
...
005 (005.639.000) 05/06 00:47:22 Job terminated.
	(1) Normal termination (return value 0)
		Usr 0 00:22:33, Sys 0 00:00:02  -  Run Remote Usage
		Usr 0 00:00:00, Sys 0 00:00:00  -  Run Local Usage
		Usr 0 00:22:33, Sys 0 00:00:02  -  Total Remote Usage
		Usr 0 00:00:00, Sys 0 00:00:00  -  Total Local Usage
	0  -  Run Bytes Sent By Job
	0  -  Run Bytes Received By Job
	0  -  Total Bytes Sent By Job
	0  -  Total Bytes Received By Job
	Partitionable Resources :      Usage  Request Allocated 
	   Cpus                 :       1.00        1         1 
	   Disk (KB)            : 2000000     2000000   6275465 
	   Memory (MB)          :    2282        1954      2007 
...
