000 (182.155.000) 05/05 20:11:34 Job submitted from host: <127.0.0.1:9618?addrs=127.0.0.1-9618&noUDP&sock=222_da1d_4>
...
001 (182.155.000) 05/05 21:32:40 Job executing on host: <127.0.0.1:9618?addrs=127.0.0.1-9618&noUDP&sock=222_da1d_5>
...
006 (182.155.000) 05/05 21:32:46 Image size of job updated: 2000000
	101  -  MemoryUsage of job (MB)
	102960  -  ResidentSetSize of job (KB)
...
006 (182.155.000) 05/05 21:33:10 Image size of job updated: 2000000
	142  -  MemoryUsage of job (MB)
	145332  -  ResidentSetSize of job (KB)
...
006 (182.155.000) 05/05 21:33:16 Image size of job updated: 2000000
	184  -  MemoryUsage of job (MB)
	187968  -  ResidentSetSize of job (KB)
...
006 (182.155.000) 05/05 21:33:28 Image size of job updated: 2000000
	187  -  MemoryUsage of job (MB)
	191136  -  ResidentSetSize of job (KB)
...
006 (182.155.000) 05/05 21:33:34 Image size of job updated: 2000000
	201  -  MemoryUsage of job (MB)
	205128  -  ResidentSetSize of job (KB)
...
006 (182.155.000) 05/05 21:33:40 Image size of job updated: 2000000
	219  -  MemoryUsage of job (MB)
	223872  -  ResidentSetSize of job (KB)
...
006 (182.155.000) 05/05 21:33:46 Image size of job updated: 2000000
	231  -  MemoryUsage of job (MB)
	236280  -  ResidentSetSize of job (KB)
...
006 (182.155.000) 05/05 21:33:52 Image size of job updated: 2000000
	239  -  MemoryUsage of job (MB)
	243936  -  ResidentSetSize of job (KB)
...
006 (182.155.000) 05/05 21:33:58 Image size of job updated: 2000000
	277  -  MemoryUsage of job (MB)
	282876  -  ResidentSetSize of job (KB)
...
006 (182.155.000) 05/05 21:34:04 Image size of job updated: 2000000
	321  -  MemoryUsage of job (MB)
	328548  -  ResidentSetSize of job (KB)
...
006 (182.155.000) 05/05 21:34:10 Image size of job updated: 2000000
	334  -  MemoryUsage of job (MB)
	341088  -  ResidentSetSize of job (KB)
...
006 (182.155.000) 05/05 21:34:16 Image size of job updated: 2000000
	425  -  MemoryUsage of job (MB)
	434544  -  ResidentSetSize of job (KB)
...
006 (182.155.000) 05/05 21:34:22 Image size of job updated: 2000000
	656  -  MemoryUsage of job (MB)
	671088  -  ResidentSetSize of job (KB)
...
006 (182.155.000) 05/05 21:34:28 Image size of job updated: 2000000
	1165  -  MemoryUsage of job (MB)
	1192620  -  ResidentSetSize of job (KB)
...
006 (182.155.000) 05/05 21:48:26 Image size of job updated: 2201480
	1506  -  MemoryUsage of job (MB)
	1541364  -  ResidentSetSize of job (KB)
...
006 (182.155.000) 05/05 21:48:33 Image size of job updated: 2270664
	1592  -  MemoryUsage of job (MB)
	1629276  -  ResidentSetSize of job (KB)
...
006 (182.155.000) 05/05 21:48:38 Image size of job updated: 2603752
	1845  -  MemoryUsage of job (MB)
	1888788  -  ResidentSetSize of job (KB)
...
006 (182.155.000) 05/05 21:48:43 Image size of job updated: 2603752
	2004  -  MemoryUsage of job (MB)
	2051940  -  ResidentSetSize of job (KB)
...
006 (182.155.000) 05/05 21:48:48 Image size of job updated: 2603752
	2089  -  MemoryUsage of job (MB)
	2138400  -  ResidentSetSize of job (KB)
...
006 (182.155.000) 05/05 21:48:53 Image size of job updated: 2856936
	2173  -  MemoryUsage of job (MB)
	2224728  -  ResidentSetSize of job (KB)
...
006 (182.155.000) 05/05 21:48:58 Image size of job updated: 2856936
	2262  -  MemoryUsage of job (MB)
	2315940  -  ResidentSetSize of job (KB)
...
006 (182.155.000) 05/05 21:49:03 Image size of job updated: 3046376
	2345  -  MemoryUsage of job (MB)
	2401212  -  ResidentSetSize of job (KB)
...
006 (182.155.000) 05/05 21:49:08 Image size of job updated: 3147752
	2434  -  MemoryUsage of job (MB)
	2491764  -  ResidentSetSize of job (KB)
...
006 (182.155.000) 05/05 21:49:13 Image size of job updated: 3147752
	2520  -  MemoryUsage of job (MB)
	2579676  -  ResidentSetSize of job (KB)
...
006 (182.155.000) 05/05 21:49:18 Image size of job updated: 3147752
	2609  -  MemoryUsage of job (MB)
	2670756  -  ResidentSetSize of job (KB)
...
006 (182.155.000) 05/05 21:49:23 Image size of job updated: 3390440
	2695  -  MemoryUsage of job (MB)
	2759064  -  ResidentSetSize of job (KB)
...
006 (182.155.000) 05/05 21:49:28 Image size of job updated: 3390440
	2781  -  MemoryUsage of job (MB)
	2846976  -  ResidentSetSize of job (KB)
...
006 (182.155.000) 05/05 21:49:33 Image size of job updated: 3390440
	2864  -  MemoryUsage of job (MB)
	2932644  -  ResidentSetSize of job (KB)
...
006 (182.155.000) 05/05 21:49:38 Image size of job updated: 3648488
	2934  -  MemoryUsage of job (MB)
	3003528  -  ResidentSetSize of job (KB)
...
006 (182.155.000) 05/05 21:49:43 Image size of job updated: 3648488
	2974  -  MemoryUsage of job (MB)
	3044712  -  ResidentSetSize of job (KB)
...
006 (182.155.000) 05/05 21:49:48 Image size of job updated: 3648488
	3022  -  MemoryUsage of job (MB)
	3093684  -  ResidentSetSize of job (KB)
...
006 (182.155.000) 05/05 21:50:14 Image size of job updated: 3859432
	3031  -  MemoryUsage of job (MB)
	3102792  -  ResidentSetSize of job (KB)
...
006 (182.155.000) 05/05 21:50:39 Image size of job updated: 4120552
	3494  -  MemoryUsage of job (MB)
	3577596  -  ResidentSetSize of job (KB)
...
006 (182.155.000) 05/05 21:51:03 Image size of job updated: 4575208
	3719  -  MemoryUsage of job (MB)
	3807672  -  ResidentSetSize of job (KB)
...
006 (182.155.000) 05/05 21:51:22 Image size of job updated: 4842472
	4052  -  MemoryUsage of job (MB)
	4148760  -  ResidentSetSize of job (KB)
...
006 (182.155.000) 05/05 21:51:36 Image size of job updated: 5115880
	4267  -  MemoryUsage of job (MB)
	4368936  -  ResidentSetSize of job (KB)
...
006 (182.155.000) 05/05 21:51:44 Image size of job updated: 5241832
	4403  -  MemoryUsage of job (MB)
	4508460  -  ResidentSetSize of job (KB)
...
006 (182.155.000) 05/05 21:51:49 Image size of job updated: 5241832
	4429  -  MemoryUsage of job (MB)
	4534860  -  ResidentSetSize of job (KB)
...
006 (182.155.000) 05/05 21:51:54 Image size of job updated: 5318632
	4461  -  MemoryUsage of job (MB)
	4567992  -  ResidentSetSize of job (KB)
...
006 (182.155.000) 05/05 21:51:59 Image size of job updated: 5448680
	4575  -  MemoryUsage of job (MB)
	4684680  -  ResidentSetSize of job (KB)
...
006 (182.155.000) 05/05 21:52:04 Image size of job updated: 5448680
	4692  -  MemoryUsage of job (MB)
	4803744  -  ResidentSetSize of job (KB)
...
006 (182.155.000) 05/05 21:52:09 Image size of job updated: 5642216
	4801  -  MemoryUsage of job (MB)
	4915680  -  ResidentSetSize of job (KB)
...
006 (182.155.000) 05/05 21:52:14 Image size of job updated: 5798888
	4912  -  MemoryUsage of job (MB)
	5028936  -  ResidentSetSize of job (KB)
...
006 (182.155.000) 05/05 21:52:19 Image size of job updated: 5804008
	5020  -  MemoryUsage of job (MB)
	5139816  -  ResidentSetSize of job (KB)
...
006 (182.155.000) 05/05 21:52:24 Image size of job updated: 5972968
	5132  -  MemoryUsage of job (MB)
	5254788  -  ResidentSetSize of job (KB)
...
006 (182.155.000) 05/05 21:52:29 Image size of job updated: 5972968
	5240  -  MemoryUsage of job (MB)
	5365008  -  ResidentSetSize of job (KB)
...
006 (182.155.000) 05/05 21:52:34 Image size of job updated: 5972968
	5327  -  MemoryUsage of job (MB)
	5453844  -  ResidentSetSize of job (KB)
...
006 (182.155.000) 05/05 21:52:39 Image size of job updated: 6268904
	5409  -  MemoryUsage of job (MB)
	5538720  -  ResidentSetSize of job (KB)
...
006 (182.155.000) 05/05 21:52:45 Image size of job updated: 6268904
	5510  -  MemoryUsage of job (MB)
	5642076  -  ResidentSetSize of job (KB)
...
006 (182.155.000) 05/05 21:52:51 Image size of job updated: 6447080
	5591  -  MemoryUsage of job (MB)
	5724708  -  ResidentSetSize of job (KB)
...
006 (182.155.000) 05/05 21:52:57 Image size of job updated: 6577128
	5700  -  MemoryUsage of job (MB)
	5836644  -  ResidentSetSize of job (KB)
...
006 (182.155.000) 05/05 21:53:03 Image size of job updated: 6577128
	5782  -  MemoryUsage of job (MB)
	5920068  -  ResidentSetSize of job (KB)
...
006 (182.155.000) 05/05 21:53:09 Image size of job updated: 6793192
	5882  -  MemoryUsage of job (MB)
	6023160  -  ResidentSetSize of job (KB)
...
006 (182.155.000) 05/05 21:53:15 Image size of job updated: 6859752
	5998  -  MemoryUsage of job (MB)
	6141036  -  ResidentSetSize of job (KB)
...
006 (182.155.000) 05/05 21:53:21 Image size of job updated: 7021544
	6100  -  MemoryUsage of job (MB)
	6246240  -  ResidentSetSize of job (KB)
...
006 (182.155.000) 05/05 21:53:27 Image size of job updated: 7131112
	6202  -  MemoryUsage of job (MB)
	6350652  -  ResidentSetSize of job (KB)
...
006 (182.155.000) 05/05 21:53:33 Image size of job updated: 7131112
	6305  -  MemoryUsage of job (MB)
	6455724  -  ResidentSetSize of job (KB)
...
006 (182.155.000) 05/05 21:53:39 Image size of job updated: 7331816
	6406  -  MemoryUsage of job (MB)
	6558948  -  ResidentSetSize of job (KB)
...
006 (182.155.000) 05/05 21:53:45 Image size of job updated: 7331816
	6517  -  MemoryUsage of job (MB)
	6673260  -  ResidentSetSize of job (KB)
...
006 (182.155.000) 05/05 21:53:51 Image size of job updated: 7331816
	6549  -  MemoryUsage of job (MB)
	6705600  -  ResidentSetSize of job (KB)
...
006 (182.155.000) 05/05 21:53:57 Image size of job updated: 7586792
	6596  -  MemoryUsage of job (MB)
	6754044  -  ResidentSetSize of job (KB)
...
006 (182.155.000) 05/05 21:54:05 Image size of job updated: 7586792
	6600  -  MemoryUsage of job (MB)
	6757608  -  ResidentSetSize of job (KB)
...
005 (182.155.000) 05/05 21:54:12 Job terminated.
	(0) Abnormal termination (signal 9)
	(0) No core file
		Usr 0 00:19:37, Sys 0 00:00:30  -  Run Remote Usage
		Usr 0 00:00:00, Sys 0 00:00:00  -  Run Local Usage
		Usr 0 00:19:37, Sys 0 00:00:30  -  Total Remote Usage
		Usr 0 00:00:00, Sys 0 00:00:00  -  Total Local Usage
	0  -  Run Bytes Sent By Job
	0  -  Run Bytes Received By Job
	0  -  Total Bytes Sent By Job
	0  -  Total Bytes Received By Job
	Partitionable Resources :      Usage  Request Allocated 
	   Cpus                 :       0.94        1         1 
	   Disk (KB)            : 2000000     2000000   6540465 
	   Memory (MB)          :    6600        1954      2007 
...
000 (200.051.000) 05/06 02:31:08 Job submitted from host: <127.0.0.1:9618?addrs=127.0.0.1-9618&noUDP&sock=222_da1d_4>
...
001 (200.051.000) 05/06 13:33:13 Job executing on host: <127.0.0.1:9618?addrs=127.0.0.1-9618&noUDP&sock=222_da1d_5>
...
006 (200.051.000) 05/06 13:33:18 Image size of job updated: 2000000
	37  -  MemoryUsage of job (MB)
	37092  -  ResidentSetSize of job (KB)
...
006 (200.051.000) 05/06 13:34:47 Image size of job updated: 2000000
	86  -  MemoryUsage of job (MB)
	87516  -  ResidentSetSize of job (KB)
...
006 (200.051.000) 05/06 13:35:30 Image size of job updated: 2000000
	188  -  MemoryUsage of job (MB)
	192324  -  ResidentSetSize of job (KB)
...
006 (200.051.000) 05/06 13:35:56 Image size of job updated: 2000000
	226  -  MemoryUsage of job (MB)
	230472  -  ResidentSetSize of job (KB)
...
006 (200.051.000) 05/06 13:36:12 Image size of job updated: 2000000
	262  -  MemoryUsage of job (MB)
	267300  -  ResidentSetSize of job (KB)
...
006 (200.051.000) 05/06 13:36:21 Image size of job updated: 2000000
	317  -  MemoryUsage of job (MB)
	324324  -  ResidentSetSize of job (KB)
...
006 (200.051.000) 05/06 13:36:29 Image size of job updated: 2000000
	317  -  MemoryUsage of job (MB)
	324456  -  ResidentSetSize of job (KB)
...
006 (200.051.000) 05/06 13:36:35 Image size of job updated: 2000000
	366  -  MemoryUsage of job (MB)
	374352  -  ResidentSetSize of job (KB)
...
006 (200.051.000) 05/06 13:36:40 Image size of job updated: 2000000
	427  -  MemoryUsage of job (MB)
	436920  -  ResidentSetSize of job (KB)
...
006 (200.051.000) 05/06 13:36:45 Image size of job updated: 2000000
	564  -  MemoryUsage of job (MB)
	576708  -  ResidentSetSize of job (KB)
...
006 (200.051.000) 05/06 13:36:52 Image size of job updated: 2000000
	847  -  MemoryUsage of job (MB)
	866448  -  ResidentSetSize of job (KB)
...
006 (200.051.000) 05/06 13:36:59 Image size of job updated: 2000000
	1161  -  MemoryUsage of job (MB)
	1188792  -  ResidentSetSize of job (KB)
...
006 (200.051.000) 05/06 13:50:06 Image size of job updated: 2321352
	1880  -  MemoryUsage of job (MB)
	1924560  -  ResidentSetSize of job (KB)
...
006 (200.051.000) 05/06 13:50:31 Image size of job updated: 2808808
	2142  -  MemoryUsage of job (MB)
	2193048  -  ResidentSetSize of job (KB)
...
006 (200.051.000) 05/06 13:50:46 Image size of job updated: 3093480
	2359  -  MemoryUsage of job (MB)
	2414676  -  ResidentSetSize of job (KB)
...
006 (200.051.000) 05/06 13:50:56 Image size of job updated: 3098600
	2544  -  MemoryUsage of job (MB)
	2604096  -  ResidentSetSize of job (KB)
...
006 (200.051.000) 05/06 13:51:02 Image size of job updated: 3363816
	2654  -  MemoryUsage of job (MB)
	2717088  -  ResidentSetSize of job (KB)
...
006 (200.051.000) 05/06 13:51:13 Image size of job updated: 3363816
	2713  -  MemoryUsage of job (MB)
	2777148  -  ResidentSetSize of job (KB)
...
006 (200.051.000) 05/06 13:51:31 Image size of job updated: 3645416
	2978  -  MemoryUsage of job (MB)
	3049332  -  ResidentSetSize of job (KB)
...
006 (200.051.000) 05/06 13:51:47 Image size of job updated: 3645416
	3032  -  MemoryUsage of job (MB)
	3104112  -  ResidentSetSize of job (KB)
...
006 (200.051.000) 05/06 13:52:00 Image size of job updated: 4009960
	3268  -  MemoryUsage of job (MB)
	3345936  -  ResidentSetSize of job (KB)
...
006 (200.051.000) 05/06 13:52:09 Image size of job updated: 4181992
	3404  -  MemoryUsage of job (MB)
	3485196  -  ResidentSetSize of job (KB)
...
006 (200.051.000) 05/06 13:52:15 Image size of job updated: 4181992
	3512  -  MemoryUsage of job (MB)
	3596208  -  ResidentSetSize of job (KB)
...
006 (200.051.000) 05/06 13:52:21 Image size of job updated: 4181992
	3605  -  MemoryUsage of job (MB)
	3690588  -  ResidentSetSize of job (KB)
...
006 (200.051.000) 05/06 13:52:36 Image size of job updated: 4433896
	3655  -  MemoryUsage of job (MB)
	3742596  -  ResidentSetSize of job (KB)
...
006 (200.051.000) 05/06 13:52:46 Image size of job updated: 4527080
	3776  -  MemoryUsage of job (MB)
	3866016  -  ResidentSetSize of job (KB)
...
006 (200.051.000) 05/06 13:52:52 Image size of job updated: 4527080
	3878  -  MemoryUsage of job (MB)
	3970956  -  ResidentSetSize of job (KB)
...
006 (200.051.000) 05/06 13:52:59 Image size of job updated: 4746216
	3904  -  MemoryUsage of job (MB)
	3996828  -  ResidentSetSize of job (KB)
...
006 (200.051.000) 05/06 13:53:07 Image size of job updated: 4746216
	4040  -  MemoryUsage of job (MB)
	4136088  -  ResidentSetSize of job (KB)
...
006 (200.051.000) 05/06 13:53:17 Image size of job updated: 5013480
	4151  -  MemoryUsage of job (MB)
	4249740  -  ResidentSetSize of job (KB)
...
006 (200.051.000) 05/06 13:53:33 Image size of job updated: 5270504
	4402  -  MemoryUsage of job (MB)
	4506876  -  ResidentSetSize of job (KB)
...
006 (200.051.000) 05/06 13:53:46 Image size of job updated: 5442536
	4596  -  MemoryUsage of job (MB)
	4706064  -  ResidentSetSize of job (KB)
...
006 (200.051.000) 05/06 13:53:59 Image size of job updated: 5531624
	4699  -  MemoryUsage of job (MB)
	4811004  -  ResidentSetSize of job (KB)
...
006 (200.051.000) 05/06 13:54:27 Image size of job updated: 5731304
	4916  -  MemoryUsage of job (MB)
	5033028  -  ResidentSetSize of job (KB)
...
006 (200.051.000) 05/06 13:54:47 Image size of job updated: 5947368
	5054  -  MemoryUsage of job (MB)
	5174664  -  ResidentSetSize of job (KB)
...
006 (200.051.000) 05/06 13:55:00 Image size of job updated: 6114280
	5282  -  MemoryUsage of job (MB)
	5407908  -  ResidentSetSize of job (KB)
...
006 (200.051.000) 05/06 13:55:21 Image size of job updated: 6114280
	5362  -  MemoryUsage of job (MB)
	5490540  -  ResidentSetSize of job (KB)
...
006 (200.051.000) 05/06 13:56:01 Image size of job updated: 6761448
	5822  -  MemoryUsage of job (MB)
	5960724  -  ResidentSetSize of job (KB)
...
006 (200.051.000) 05/06 13:56:32 Image size of job updated: 7159784
	6096  -  MemoryUsage of job (MB)
	6241752  -  ResidentSetSize of job (KB)
...
006 (200.051.000) 05/06 13:56:51 Image size of job updated: 7437288
	6401  -  MemoryUsage of job (MB)
	6553800  -  ResidentSetSize of job (KB)
...
006 (200.051.000) 05/06 13:57:07 Image size of job updated: 7544808
	6446  -  MemoryUsage of job (MB)
	6600132  -  ResidentSetSize of job (KB)
...
005 (200.051.000) 05/06 13:57:09 Job terminated.
	(0) Abnormal termination (signal 9)
	(0) No core file
		Usr 0 00:17:22, Sys 0 00:02:19  -  Run Remote Usage
		Usr 0 00:00:00, Sys 0 00:00:00  -  Run Local Usage
		Usr 0 00:17:22, Sys 0 00:02:19  -  Total Remote Usage
		Usr 0 00:00:00, Sys 0 00:00:00  -  Total Local Usage
	0  -  Run Bytes Sent By Job
	0  -  Run Bytes Received By Job
	0  -  Total Bytes Sent By Job
	0  -  Total Bytes Received By Job
	Partitionable Resources :      Usage  Request Allocated 
	   Cpus                 :       0.71        1         1 
	   Disk (KB)            : 2000000     2000000   6540465 
	   Memory (MB)          :    6446        1954      2007 
...
