000 (005.4293.000) 05/05 20:23:25 Job submitted from host: <127.0.0.1:9618?addrs=127.0.0.1-9618&noUDP&sock=227_4816_4>
...
033 (005.4293.000) 05/06 14:16:43 Changing job attribute JobPrio from 0 to -10
...
001 (005.4293.000) 05/07 03:51:44 Job executing on host: <127.0.0.1:9618?addrs=127.0.0.1-9618&noUDP&sock=227_4816_5>
...
006 (005.4293.000) 05/07 03:51:49 Image size of job updated: 2000000
	101  -  MemoryUsage of job (MB)
	103224  -  ResidentSetSize of job (KB)
...
006 (005.4293.000) 05/07 03:52:11 Image size of job updated: 2000000
	119  -  MemoryUsage of job (MB)
	121836  -  ResidentSetSize of job (KB)
...
006 (005.4293.000) 05/07 03:52:17 Image size of job updated: 2000000
	184  -  MemoryUsage of job (MB)
	188232  -  ResidentSetSize of job (KB)
...
006 (005.4293.000) 05/07 03:52:23 Image size of job updated: 2000000
	185  -  MemoryUsage of job (MB)
	188628  -  ResidentSetSize of job (KB)
...
006 (005.4293.000) 05/07 03:52:29 Image size of job updated: 2000000
	194  -  MemoryUsage of job (MB)
	198528  -  ResidentSetSize of job (KB)
...
006 (005.4293.000) 05/07 03:52:35 Image size of job updated: 2000000
	208  -  MemoryUsage of job (MB)
	211992  -  ResidentSetSize of job (KB)
...
006 (005.4293.000) 05/07 03:52:41 Image size of job updated: 2000000
	219  -  MemoryUsage of job (MB)
	223344  -  ResidentSetSize of job (KB)
...
006 (005.4293.000) 05/07 03:52:47 Image size of job updated: 2000000
	231  -  MemoryUsage of job (MB)
	236148  -  ResidentSetSize of job (KB)
...
006 (005.4293.000) 05/07 03:52:53 Image size of job updated: 2000000
	240  -  MemoryUsage of job (MB)
	245520  -  ResidentSetSize of job (KB)
...
006 (005.4293.000) 05/07 03:52:59 Image size of job updated: 2000000
	274  -  MemoryUsage of job (MB)
	279972  -  ResidentSetSize of job (KB)
...
006 (005.4293.000) 05/07 03:53:05 Image size of job updated: 2000000
	327  -  MemoryUsage of job (MB)
	334092  -  ResidentSetSize of job (KB)
...
006 (005.4293.000) 05/07 03:53:11 Image size of job updated: 2000000
	364  -  MemoryUsage of job (MB)
	372108  -  ResidentSetSize of job (KB)
...
006 (005.4293.000) 05/07 03:53:17 Image size of job updated: 2000000
	458  -  MemoryUsage of job (MB)
	468600  -  ResidentSetSize of job (KB)
...
006 (005.4293.000) 05/07 03:53:23 Image size of job updated: 2000000
	1171  -  MemoryUsage of job (MB)
	1198428  -  ResidentSetSize of job (KB)
...
006 (005.4293.000) 05/07 04:04:55 Image size of job updated: 2000000
	1172  -  MemoryUsage of job (MB)
	1199352  -  ResidentSetSize of job (KB)
...
006 (005.4293.000) 05/07 04:05:01 Image size of job updated: 2000000
	1195  -  MemoryUsage of job (MB)
	1223508  -  ResidentSetSize of job (KB)
...
006 (005.4293.000) 05/07 04:05:07 Image size of job updated: 2000000
	1554  -  MemoryUsage of job (MB)
	1590336  -  ResidentSetSize of job (KB)
...
006 (005.4293.000) 05/07 04:05:13 Image size of job updated: 2325196
	1655  -  MemoryUsage of job (MB)
	1693956  -  ResidentSetSize of job (KB)
...
006 (005.4293.000) 05/07 04:05:19 Image size of job updated: 2601708
	1885  -  MemoryUsage of job (MB)
	1929840  -  ResidentSetSize of job (KB)
...
006 (005.4293.000) 05/07 04:05:25 Image size of job updated: 2601708
	1887  -  MemoryUsage of job (MB)
	1931556  -  ResidentSetSize of job (KB)
...
006 (005.4293.000) 05/07 04:05:31 Image size of job updated: 2601708
	1895  -  MemoryUsage of job (MB)
	1939872  -  ResidentSetSize of job (KB)
...
006 (005.4293.000) 05/07 04:05:37 Image size of job updated: 2601708
	1901  -  MemoryUsage of job (MB)
	1946340  -  ResidentSetSize of job (KB)
...
006 (005.4293.000) 05/07 04:05:43 Image size of job updated: 2601708
	1905  -  MemoryUsage of job (MB)
	1949772  -  ResidentSetSize of job (KB)
...
006 (005.4293.000) 05/07 04:05:49 Image size of job updated: 2601708
	1913  -  MemoryUsage of job (MB)
	1958616  -  ResidentSetSize of job (KB)
...
006 (005.4293.000) 05/07 04:05:55 Image size of job updated: 2601708
	1920  -  MemoryUsage of job (MB)
	1965612  -  ResidentSetSize of job (KB)
...
006 (005.4293.000) 05/07 04:06:01 Image size of job updated: 2601708
	1926  -  MemoryUsage of job (MB)
	1971684  -  ResidentSetSize of job (KB)
...
006 (005.4293.000) 05/07 04:06:07 Image size of job updated: 2601708
	1930  -  MemoryUsage of job (MB)
	1975380  -  ResidentSetSize of job (KB)
...
006 (005.4293.000) 05/07 04:06:13 Image size of job updated: 2606060
	1931  -  MemoryUsage of job (MB)
	1976832  -  ResidentSetSize of job (KB)
...
006 (005.4293.000) 05/07 04:06:19 Image size of job updated: 2606060
	1933  -  MemoryUsage of job (MB)
	1978548  -  ResidentSetSize of job (KB)
...
006 (005.4293.000) 05/07 04:06:25 Image size of job updated: 2610156
	1936  -  MemoryUsage of job (MB)
	1982244  -  ResidentSetSize of job (KB)
...
006 (005.4293.000) 05/07 04:06:31 Image size of job updated: 2610156
	1940  -  MemoryUsage of job (MB)
	1986468  -  ResidentSetSize of job (KB)
...
006 (005.4293.000) 05/07 04:06:37 Image size of job updated: 2610156
	1945  -  MemoryUsage of job (MB)
	1991352  -  ResidentSetSize of job (KB)
...
006 (005.4293.000) 05/07 04:06:43 Image size of job updated: 2624492
	1949  -  MemoryUsage of job (MB)
	1995180  -  ResidentSetSize of job (KB)
...
006 (005.4293.000) 05/07 04:06:49 Image size of job updated: 2624492
	1952  -  MemoryUsage of job (MB)
	1998216  -  ResidentSetSize of job (KB)
...
006 (005.4293.000) 05/07 04:06:55 Image size of job updated: 2630636
	1956  -  MemoryUsage of job (MB)
	2002308  -  ResidentSetSize of job (KB)
...
006 (005.4293.000) 05/07 04:07:01 Image size of job updated: 2637804
	1961  -  MemoryUsage of job (MB)
	2007060  -  ResidentSetSize of job (KB)
...
006 (005.4293.000) 05/07 04:07:07 Image size of job updated: 2638828
	1963  -  MemoryUsage of job (MB)
	2009304  -  ResidentSetSize of job (KB)
...
006 (005.4293.000) 05/07 04:07:13 Image size of job updated: 2639852
	1967  -  MemoryUsage of job (MB)
	2013396  -  ResidentSetSize of job (KB)
...
006 (005.4293.000) 05/07 04:07:19 Image size of job updated: 2639852
	1971  -  MemoryUsage of job (MB)
	2018148  -  ResidentSetSize of job (KB)
...
006 (005.4293.000) 05/07 04:07:25 Image size of job updated: 2652140
	1977  -  MemoryUsage of job (MB)
	2023428  -  ResidentSetSize of job (KB)
...
006 (005.4293.000) 05/07 04:07:31 Image size of job updated: 2652140
	1979  -  MemoryUsage of job (MB)
	2026200  -  ResidentSetSize of job (KB)
...
006 (005.4293.000) 05/07 04:07:37 Image size of job updated: 2652140
	1987  -  MemoryUsage of job (MB)
	2033724  -  ResidentSetSize of job (KB)
...
006 (005.4293.000) 05/07 04:07:43 Image size of job updated: 2664428
	1993  -  MemoryUsage of job (MB)
	2040060  -  ResidentSetSize of job (KB)
...
006 (005.4293.000) 05/07 04:07:49 Image size of job updated: 2664428
	1995  -  MemoryUsage of job (MB)
	2042832  -  ResidentSetSize of job (KB)
...
006 (005.4293.000) 05/07 04:07:55 Image size of job updated: 2673644
	1999  -  MemoryUsage of job (MB)
	2046000  -  ResidentSetSize of job (KB)
...
006 (005.4293.000) 05/07 04:08:01 Image size of job updated: 2678764
	2001  -  MemoryUsage of job (MB)
	2048904  -  ResidentSetSize of job (KB)
...
006 (005.4293.000) 05/07 04:08:07 Image size of job updated: 2678764
	2005  -  MemoryUsage of job (MB)
	2052864  -  ResidentSetSize of job (KB)
...
006 (005.4293.000) 05/07 04:08:13 Image size of job updated: 2684908
	2009  -  MemoryUsage of job (MB)
	2057088  -  ResidentSetSize of job (KB)
...
006 (005.4293.000) 05/07 04:08:19 Image size of job updated: 2684908
	2012  -  MemoryUsage of job (MB)
	2059992  -  ResidentSetSize of job (KB)
...
006 (005.4293.000) 05/07 04:08:25 Image size of job updated: 2694124
	2016  -  MemoryUsage of job (MB)
	2063820  -  ResidentSetSize of job (KB)
...
006 (005.4293.000) 05/07 04:08:31 Image size of job updated: 2694124
	2022  -  MemoryUsage of job (MB)
	2069628  -  ResidentSetSize of job (KB)
...
006 (005.4293.000) 05/07 04:08:37 Image size of job updated: 2700268
	2024  -  MemoryUsage of job (MB)
	2072532  -  ResidentSetSize of job (KB)
...
006 (005.4293.000) 05/07 04:08:43 Image size of job updated: 2705388
	2028  -  MemoryUsage of job (MB)
	2076360  -  ResidentSetSize of job (KB)
...
006 (005.4293.000) 05/07 04:08:49 Image size of job updated: 2711532
	2035  -  MemoryUsage of job (MB)
	2082960  -  ResidentSetSize of job (KB)
...
006 (005.4293.000) 05/07 04:08:55 Image size of job updated: 2715628
	2037  -  MemoryUsage of job (MB)
	2085468  -  ResidentSetSize of job (KB)
...
006 (005.4293.000) 05/07 04:09:01 Image size of job updated: 2719724
	2042  -  MemoryUsage of job (MB)
	2090748  -  ResidentSetSize of job (KB)
...
006 (005.4293.000) 05/07 04:09:07 Image size of job updated: 2720748
	2046  -  MemoryUsage of job (MB)
	2094312  -  ResidentSetSize of job (KB)
...
006 (005.4293.000) 05/07 04:09:13 Image size of job updated: 2725868
	2050  -  MemoryUsage of job (MB)
	2098800  -  ResidentSetSize of job (KB)
...
006 (005.4293.000) 05/07 04:09:19 Image size of job updated: 2725868
	2055  -  MemoryUsage of job (MB)
	2103552  -  ResidentSetSize of job (KB)
...
006 (005.4293.000) 05/07 04:09:25 Image size of job updated: 2737132
	2058  -  MemoryUsage of job (MB)
	2107116  -  ResidentSetSize of job (KB)
...
006 (005.4293.000) 05/07 04:09:31 Image size of job updated: 2737132
	2062  -  MemoryUsage of job (MB)
	2110680  -  ResidentSetSize of job (KB)
...
006 (005.4293.000) 05/07 04:09:37 Image size of job updated: 2737132
	2065  -  MemoryUsage of job (MB)
	2114508  -  ResidentSetSize of job (KB)
...
006 (005.4293.000) 05/07 04:09:43 Image size of job updated: 2746348
	2069  -  MemoryUsage of job (MB)
	2118336  -  ResidentSetSize of job (KB)
...
006 (005.4293.000) 05/07 04:09:49 Image size of job updated: 2751468
	2073  -  MemoryUsage of job (MB)
	2122428  -  ResidentSetSize of job (KB)
...
006 (005.4293.000) 05/07 04:09:55 Image size of job updated: 2754540
	2079  -  MemoryUsage of job (MB)
	2128896  -  ResidentSetSize of job (KB)
...
006 (005.4293.000) 05/07 04:10:01 Image size of job updated: 2759660
	2081  -  MemoryUsage of job (MB)
	2130744  -  ResidentSetSize of job (KB)
...
006 (005.4293.000) 05/07 04:10:08 Image size of job updated: 2759660
	2086  -  MemoryUsage of job (MB)
	2136024  -  ResidentSetSize of job (KB)
...
006 (005.4293.000) 05/07 04:10:13 Image size of job updated: 2769900
	2091  -  MemoryUsage of job (MB)
	2141172  -  ResidentSetSize of job (KB)
...
006 (005.4293.000) 05/07 04:10:18 Image size of job updated: 2769900
	2094  -  MemoryUsage of job (MB)
	2143284  -  ResidentSetSize of job (KB)
...
006 (005.4293.000) 05/07 04:10:23 Image size of job updated: 2769900
	2098  -  MemoryUsage of job (MB)
	2147508  -  ResidentSetSize of job (KB)
...
006 (005.4293.000) 05/07 04:10:28 Image size of job updated: 2780140
	2100  -  MemoryUsage of job (MB)
	2150016  -  ResidentSetSize of job (KB)
...
006 (005.4293.000) 05/07 04:10:33 Image size of job updated: 2780140
	2102  -  MemoryUsage of job (MB)
	2151732  -  ResidentSetSize of job (KB)
...
006 (005.4293.000) 05/07 04:10:38 Image size of job updated: 2784236
	2104  -  MemoryUsage of job (MB)
	2153976  -  ResidentSetSize of job (KB)
...
006 (005.4293.000) 05/07 04:10:43 Image size of job updated: 2784236
	2278  -  MemoryUsage of job (MB)
	2332440  -  ResidentSetSize of job (KB)
...
006 (005.4293.000) 05/07 04:10:48 Image size of job updated: 2997228
	2313  -  MemoryUsage of job (MB)
	2368212  -  ResidentSetSize of job (KB)
...
005 (005.4293.000) 05/07 04:10:50 Job terminated.
	(1) Normal termination (return value 0)
		Usr 0 00:18:41, Sys 0 00:00:02  -  Run Remote Usage
		Usr 0 00:00:00, Sys 0 00:00:00  -  Run Local Usage
		Usr 0 00:18:41, Sys 0 00:00:02  -  Total Remote Usage
		Usr 0 00:00:00, Sys 0 00:00:00  -  Total Local Usage
	0  -  Run Bytes Sent By Job
	0  -  Run Bytes Received By Job
	0  -  Total Bytes Sent By Job
	0  -  Total Bytes Received By Job
	Partitionable Resources :      Usage  Request Allocated 
	   Cpus                 :       1.00        1         1 
	   Disk (KB)            : 2000000     2000000   6275465 
	   Memory (MB)          :    2313        1954      2007 
...
