000 (189.114.000) 05/05 21:04:49 Job submitted from host: <127.0.0.1:9618?addrs=127.0.0.1-9618&noUDP&sock=222_da1d_4>
...
001 (189.114.000) 05/06 03:03:10 Job executing on host: <127.0.0.1:9618?addrs=127.0.0.1-9618&noUDP&sock=222_da1d_5>
...
006 (189.114.000) 05/06 03:03:16 Image size of job updated: 2000000
	75  -  MemoryUsage of job (MB)
	76692  -  ResidentSetSize of job (KB)
...
006 (189.114.000) 05/06 03:03:22 Image size of job updated: 2000000
	188  -  MemoryUsage of job (MB)
	192324  -  ResidentSetSize of job (KB)
...
006 (189.114.000) 05/06 03:03:28 Image size of job updated: 2000000
	250  -  MemoryUsage of job (MB)
	255684  -  ResidentSetSize of job (KB)
...
006 (189.114.000) 05/06 03:06:29 Image size of job updated: 2000000
	510  -  MemoryUsage of job (MB)
	521928  -  ResidentSetSize of job (KB)
...
006 (189.114.000) 05/06 03:06:47 Image size of job updated: 2000000
	511  -  MemoryUsage of job (MB)
	523116  -  ResidentSetSize of job (KB)
...
006 (189.114.000) 05/06 03:06:58 Image size of job updated: 2000000
	512  -  MemoryUsage of job (MB)
	523512  -  ResidentSetSize of job (KB)
...
006 (189.114.000) 05/06 03:07:05 Image size of job updated: 2000000
	512  -  MemoryUsage of job (MB)
	523776  -  ResidentSetSize of job (KB)
...
006 (189.114.000) 05/06 03:07:11 Image size of job updated: 2000000
	524  -  MemoryUsage of job (MB)
	535920  -  ResidentSetSize of job (KB)
...
006 (189.114.000) 05/06 03:07:20 Image size of job updated: 2000000
	535  -  MemoryUsage of job (MB)
	547668  -  ResidentSetSize of job (KB)
...
006 (189.114.000) 05/06 03:07:28 Image size of job updated: 2000000
	550  -  MemoryUsage of job (MB)
	562848  -  ResidentSetSize of job (KB)
...
006 (189.114.000) 05/06 03:07:34 Image size of job updated: 2000000
	562  -  MemoryUsage of job (MB)
	574728  -  ResidentSetSize of job (KB)
...
006 (189.114.000) 05/06 03:07:40 Image size of job updated: 2000000
	574  -  MemoryUsage of job (MB)
	587400  -  ResidentSetSize of job (KB)
...
006 (189.114.000) 05/06 03:07:46 Image size of job updated: 2000000
	586  -  MemoryUsage of job (MB)
	599544  -  ResidentSetSize of job (KB)
...
006 (189.114.000) 05/06 03:07:52 Image size of job updated: 2000000
	594  -  MemoryUsage of job (MB)
	607332  -  ResidentSetSize of job (KB)
...
006 (189.114.000) 05/06 03:08:00 Image size of job updated: 2000000
	604  -  MemoryUsage of job (MB)
	618024  -  ResidentSetSize of job (KB)
...
006 (189.114.000) 05/06 03:08:05 Image size of job updated: 2000000
	615  -  MemoryUsage of job (MB)
	629244  -  ResidentSetSize of job (KB)
...
006 (189.114.000) 05/06 03:08:10 Image size of job updated: 2000000
	626  -  MemoryUsage of job (MB)
	640332  -  ResidentSetSize of job (KB)
...
006 (189.114.000) 05/06 03:08:15 Image size of job updated: 2000000
	637  -  MemoryUsage of job (MB)
	651420  -  ResidentSetSize of job (KB)
...
006 (189.114.000) 05/06 03:08:20 Image size of job updated: 2000000
	647  -  MemoryUsage of job (MB)
	661584  -  ResidentSetSize of job (KB)
...
006 (189.114.000) 05/06 03:08:25 Image size of job updated: 2000000
	653  -  MemoryUsage of job (MB)
	668052  -  ResidentSetSize of job (KB)
...
006 (189.114.000) 05/06 03:08:30 Image size of job updated: 2000000
	663  -  MemoryUsage of job (MB)
	677952  -  ResidentSetSize of job (KB)
...
006 (189.114.000) 05/06 03:08:35 Image size of job updated: 2000000
	668  -  MemoryUsage of job (MB)
	683364  -  ResidentSetSize of job (KB)
...
006 (189.114.000) 05/06 03:08:40 Image size of job updated: 2000000
	683  -  MemoryUsage of job (MB)
	698412  -  ResidentSetSize of job (KB)
...
006 (189.114.000) 05/06 03:08:45 Image size of job updated: 2000000
	688  -  MemoryUsage of job (MB)
	703692  -  ResidentSetSize of job (KB)
...
006 (189.114.000) 05/06 03:08:50 Image size of job updated: 2000000
	702  -  MemoryUsage of job (MB)
	717948  -  ResidentSetSize of job (KB)
...
006 (189.114.000) 05/06 03:08:55 Image size of job updated: 2000000
	739  -  MemoryUsage of job (MB)
	756624  -  ResidentSetSize of job (KB)
...
006 (189.114.000) 05/06 03:09:00 Image size of job updated: 2000000
	778  -  MemoryUsage of job (MB)
	796092  -  ResidentSetSize of job (KB)
...
006 (189.114.000) 05/06 03:09:05 Image size of job updated: 2000000
	819  -  MemoryUsage of job (MB)
	838200  -  ResidentSetSize of job (KB)
...
006 (189.114.000) 05/06 03:09:10 Image size of job updated: 2000000
	847  -  MemoryUsage of job (MB)
	867108  -  ResidentSetSize of job (KB)
...
006 (189.114.000) 05/06 03:09:15 Image size of job updated: 2000000
	905  -  MemoryUsage of job (MB)
	925716  -  ResidentSetSize of job (KB)
...
006 (189.114.000) 05/06 03:09:20 Image size of job updated: 2000000
	963  -  MemoryUsage of job (MB)
	985776  -  ResidentSetSize of job (KB)
...
006 (189.114.000) 05/06 03:09:31 Image size of job updated: 2000000
	968  -  MemoryUsage of job (MB)
	990264  -  ResidentSetSize of job (KB)
...
006 (189.114.000) 05/06 03:09:41 Image size of job updated: 2000000
	980  -  MemoryUsage of job (MB)
	1003068  -  ResidentSetSize of job (KB)
...
006 (189.114.000) 05/06 03:09:46 Image size of job updated: 2000000
	1071  -  MemoryUsage of job (MB)
	1095864  -  ResidentSetSize of job (KB)
...
006 (189.114.000) 05/06 03:09:51 Image size of job updated: 2000000
	1120  -  MemoryUsage of job (MB)
	1146024  -  ResidentSetSize of job (KB)
...
006 (189.114.000) 05/06 03:09:56 Image size of job updated: 2000000
	1164  -  MemoryUsage of job (MB)
	1191036  -  ResidentSetSize of job (KB)
...
006 (189.114.000) 05/06 03:10:18 Image size of job updated: 2000000
	1198  -  MemoryUsage of job (MB)
	1226280  -  ResidentSetSize of job (KB)
...
006 (189.114.000) 05/06 03:11:10 Image size of job updated: 7007372
	6672  -  MemoryUsage of job (MB)
	6832056  -  ResidentSetSize of job (KB)
...
006 (189.114.000) 05/06 03:11:20 Image size of job updated: 7658636
	6672  -  MemoryUsage of job (MB)
	6832056  -  ResidentSetSize of job (KB)
...
005 (189.114.000) 05/06 03:11:20 Job terminated.
	(0) Abnormal termination (signal 9)
	(0) No core file
		Usr 0 00:04:34, Sys 0 00:00:38  -  Run Remote Usage
		Usr 0 00:00:00, Sys 0 00:00:00  -  Run Local Usage
		Usr 0 00:04:34, Sys 0 00:00:38  -  Total Remote Usage
		Usr 0 00:00:00, Sys 0 00:00:00  -  Total Local Usage
	0  -  Run Bytes Sent By Job
	0  -  Run Bytes Received By Job
	0  -  Total Bytes Sent By Job
	0  -  Total Bytes Received By Job
	Partitionable Resources :      Usage  Request Allocated 
	   Cpus                 :       0.71        1         1 
	   Disk (KB)            : 2000000     2000000   6540465 
	   Memory (MB)          :    6672        1954      2007 
...
