000 (005.4072.000) 05/05 20:23:20 Job submitted from host: <127.0.0.1:9618?addrs=127.0.0.1-9618&noUDP&sock=227_4816_4>
...
033 (005.4072.000) 05/06 14:16:40 Changing job attribute JobPrio from 0 to -10
...
001 (005.4072.000) 05/07 02:26:30 Job executing on host: <127.0.0.1:9618?addrs=127.0.0.1-9618&noUDP&sock=227_4816_5>
...
006 (005.4072.000) 05/07 02:26:35 Image size of job updated: 2000000
	101  -  MemoryUsage of job (MB)
	102960  -  ResidentSetSize of job (KB)
...
006 (005.4072.000) 05/07 02:27:00 Image size of job updated: 2000000
	132  -  MemoryUsage of job (MB)
	135036  -  ResidentSetSize of job (KB)
...
006 (005.4072.000) 05/07 02:27:05 Image size of job updated: 2000000
	184  -  MemoryUsage of job (MB)
	187968  -  ResidentSetSize of job (KB)
...
006 (005.4072.000) 05/07 02:27:10 Image size of job updated: 2000000
	184  -  MemoryUsage of job (MB)
	188364  -  ResidentSetSize of job (KB)
...
006 (005.4072.000) 05/07 02:27:15 Image size of job updated: 2000000
	187  -  MemoryUsage of job (MB)
	191004  -  ResidentSetSize of job (KB)
...
006 (005.4072.000) 05/07 02:27:20 Image size of job updated: 2000000
	197  -  MemoryUsage of job (MB)
	201036  -  ResidentSetSize of job (KB)
...
006 (005.4072.000) 05/07 02:27:25 Image size of job updated: 2000000
	207  -  MemoryUsage of job (MB)
	211200  -  ResidentSetSize of job (KB)
...
006 (005.4072.000) 05/07 02:27:30 Image size of job updated: 2000000
	214  -  MemoryUsage of job (MB)
	218988  -  ResidentSetSize of job (KB)
...
006 (005.4072.000) 05/07 02:27:35 Image size of job updated: 2000000
	224  -  MemoryUsage of job (MB)
	229020  -  ResidentSetSize of job (KB)
...
006 (005.4072.000) 05/07 02:27:40 Image size of job updated: 2000000
	233  -  MemoryUsage of job (MB)
	238128  -  ResidentSetSize of job (KB)
...
006 (005.4072.000) 05/07 02:27:45 Image size of job updated: 2000000
	240  -  MemoryUsage of job (MB)
	244860  -  ResidentSetSize of job (KB)
...
006 (005.4072.000) 05/07 02:27:50 Image size of job updated: 2000000
	261  -  MemoryUsage of job (MB)
	267168  -  ResidentSetSize of job (KB)
...
006 (005.4072.000) 05/07 02:27:55 Image size of job updated: 2000000
	298  -  MemoryUsage of job (MB)
	304920  -  ResidentSetSize of job (KB)
...
006 (005.4072.000) 05/07 02:28:00 Image size of job updated: 2000000
	329  -  MemoryUsage of job (MB)
	336336  -  ResidentSetSize of job (KB)
...
006 (005.4072.000) 05/07 02:28:05 Image size of job updated: 2000000
	337  -  MemoryUsage of job (MB)
	344784  -  ResidentSetSize of job (KB)
...
006 (005.4072.000) 05/07 02:28:10 Image size of job updated: 2000000
	407  -  MemoryUsage of job (MB)
	416460  -  ResidentSetSize of job (KB)
...
006 (005.4072.000) 05/07 02:28:15 Image size of job updated: 2000000
	457  -  MemoryUsage of job (MB)
	467280  -  ResidentSetSize of job (KB)
...
006 (005.4072.000) 05/07 02:28:20 Image size of job updated: 2000000
	1171  -  MemoryUsage of job (MB)
	1198560  -  ResidentSetSize of job (KB)
...
006 (005.4072.000) 05/07 02:42:45 Image size of job updated: 2000000
	1173  -  MemoryUsage of job (MB)
	1200408  -  ResidentSetSize of job (KB)
...
006 (005.4072.000) 05/07 02:42:51 Image size of job updated: 2000000
	1236  -  MemoryUsage of job (MB)
	1264824  -  ResidentSetSize of job (KB)
...
006 (005.4072.000) 05/07 02:42:57 Image size of job updated: 2201484
	1622  -  MemoryUsage of job (MB)
	1660428  -  ResidentSetSize of job (KB)
...
006 (005.4072.000) 05/07 02:43:03 Image size of job updated: 2561004
	1885  -  MemoryUsage of job (MB)
	1929972  -  ResidentSetSize of job (KB)
...
006 (005.4072.000) 05/07 02:43:09 Image size of job updated: 2561004
	1893  -  MemoryUsage of job (MB)
	1937760  -  ResidentSetSize of job (KB)
...
006 (005.4072.000) 05/07 02:43:15 Image size of job updated: 2561004
	1904  -  MemoryUsage of job (MB)
	1949640  -  ResidentSetSize of job (KB)
...
006 (005.4072.000) 05/07 02:43:21 Image size of job updated: 2583532
	1912  -  MemoryUsage of job (MB)
	1957560  -  ResidentSetSize of job (KB)
...
006 (005.4072.000) 05/07 02:43:27 Image size of job updated: 2591724
	1920  -  MemoryUsage of job (MB)
	1965216  -  ResidentSetSize of job (KB)
...
006 (005.4072.000) 05/07 02:43:33 Image size of job updated: 2598892
	1924  -  MemoryUsage of job (MB)
	1969308  -  ResidentSetSize of job (KB)
...
006 (005.4072.000) 05/07 02:43:39 Image size of job updated: 2599916
	1931  -  MemoryUsage of job (MB)
	1976832  -  ResidentSetSize of job (KB)
...
006 (005.4072.000) 05/07 02:43:45 Image size of job updated: 2599916
	1935  -  MemoryUsage of job (MB)
	1980924  -  ResidentSetSize of job (KB)
...
006 (005.4072.000) 05/07 02:43:51 Image size of job updated: 2611180
	1938  -  MemoryUsage of job (MB)
	1983564  -  ResidentSetSize of job (KB)
...
006 (005.4072.000) 05/07 02:43:57 Image size of job updated: 2611180
	1940  -  MemoryUsage of job (MB)
	1986468  -  ResidentSetSize of job (KB)
...
006 (005.4072.000) 05/07 02:44:03 Image size of job updated: 2611180
	1944  -  MemoryUsage of job (MB)
	1990032  -  ResidentSetSize of job (KB)
...
006 (005.4072.000) 05/07 02:44:09 Image size of job updated: 2620396
	1949  -  MemoryUsage of job (MB)
	1994784  -  ResidentSetSize of job (KB)
...
006 (005.4072.000) 05/07 02:44:15 Image size of job updated: 2620396
	1954  -  MemoryUsage of job (MB)
	2000328  -  ResidentSetSize of job (KB)
...
006 (005.4072.000) 05/07 02:44:21 Image size of job updated: 2632684
	1958  -  MemoryUsage of job (MB)
	2004288  -  ResidentSetSize of job (KB)
...
006 (005.4072.000) 05/07 02:44:27 Image size of job updated: 2636780
	1962  -  MemoryUsage of job (MB)
	2009040  -  ResidentSetSize of job (KB)
...
006 (005.4072.000) 05/07 02:44:33 Image size of job updated: 2636780
	1967  -  MemoryUsage of job (MB)
	2013396  -  ResidentSetSize of job (KB)
...
006 (005.4072.000) 05/07 02:44:39 Image size of job updated: 2643948
	1973  -  MemoryUsage of job (MB)
	2019732  -  ResidentSetSize of job (KB)
...
006 (005.4072.000) 05/07 02:44:45 Image size of job updated: 2643948
	1978  -  MemoryUsage of job (MB)
	2024616  -  ResidentSetSize of job (KB)
...
006 (005.4072.000) 05/07 02:44:51 Image size of job updated: 2657260
	1981  -  MemoryUsage of job (MB)
	2027784  -  ResidentSetSize of job (KB)
...
006 (005.4072.000) 05/07 02:44:57 Image size of job updated: 2657260
	1985  -  MemoryUsage of job (MB)
	2032008  -  ResidentSetSize of job (KB)
...
006 (005.4072.000) 05/07 02:45:03 Image size of job updated: 2663404
	1988  -  MemoryUsage of job (MB)
	2034780  -  ResidentSetSize of job (KB)
...
006 (005.4072.000) 05/07 02:45:09 Image size of job updated: 2666476
	1993  -  MemoryUsage of job (MB)
	2040588  -  ResidentSetSize of job (KB)
...
006 (005.4072.000) 05/07 02:45:15 Image size of job updated: 2666476
	1999  -  MemoryUsage of job (MB)
	2046000  -  ResidentSetSize of job (KB)
...
006 (005.4072.000) 05/07 02:45:21 Image size of job updated: 2678764
	2003  -  MemoryUsage of job (MB)
	2050620  -  ResidentSetSize of job (KB)
...
006 (005.4072.000) 05/07 02:45:27 Image size of job updated: 2685932
	2008  -  MemoryUsage of job (MB)
	2055768  -  ResidentSetSize of job (KB)
...
006 (005.4072.000) 05/07 02:45:33 Image size of job updated: 2690028
	2014  -  MemoryUsage of job (MB)
	2061444  -  ResidentSetSize of job (KB)
...
006 (005.4072.000) 05/07 02:45:39 Image size of job updated: 2693100
	2017  -  MemoryUsage of job (MB)
	2064480  -  ResidentSetSize of job (KB)
...
006 (005.4072.000) 05/07 02:45:45 Image size of job updated: 2693100
	2021  -  MemoryUsage of job (MB)
	2068836  -  ResidentSetSize of job (KB)
...
006 (005.4072.000) 05/07 02:45:51 Image size of job updated: 2702316
	2025  -  MemoryUsage of job (MB)
	2072928  -  ResidentSetSize of job (KB)
...
006 (005.4072.000) 05/07 02:45:57 Image size of job updated: 2704364
	2030  -  MemoryUsage of job (MB)
	2078472  -  ResidentSetSize of job (KB)
...
006 (005.4072.000) 05/07 02:46:03 Image size of job updated: 2704364
	2037  -  MemoryUsage of job (MB)
	2084940  -  ResidentSetSize of job (KB)
...
006 (005.4072.000) 05/07 02:46:09 Image size of job updated: 2715628
	2041  -  MemoryUsage of job (MB)
	2089956  -  ResidentSetSize of job (KB)
...
006 (005.4072.000) 05/07 02:46:15 Image size of job updated: 2715628
	2046  -  MemoryUsage of job (MB)
	2094576  -  ResidentSetSize of job (KB)
...
006 (005.4072.000) 05/07 02:46:21 Image size of job updated: 2728940
	2051  -  MemoryUsage of job (MB)
	2099328  -  ResidentSetSize of job (KB)
...
006 (005.4072.000) 05/07 02:46:27 Image size of job updated: 2728940
	2054  -  MemoryUsage of job (MB)
	2102628  -  ResidentSetSize of job (KB)
...
006 (005.4072.000) 05/07 02:46:33 Image size of job updated: 2736108
	2058  -  MemoryUsage of job (MB)
	2106984  -  ResidentSetSize of job (KB)
...
006 (005.4072.000) 05/07 02:46:39 Image size of job updated: 2738156
	2063  -  MemoryUsage of job (MB)
	2112000  -  ResidentSetSize of job (KB)
...
006 (005.4072.000) 05/07 02:46:45 Image size of job updated: 2744300
	2066  -  MemoryUsage of job (MB)
	2115168  -  ResidentSetSize of job (KB)
...
006 (005.4072.000) 05/07 02:46:50 Image size of job updated: 2745324
	2069  -  MemoryUsage of job (MB)
	2118336  -  ResidentSetSize of job (KB)
...
006 (005.4072.000) 05/07 02:46:55 Image size of job updated: 2750444
	2074  -  MemoryUsage of job (MB)
	2123352  -  ResidentSetSize of job (KB)
...
006 (005.4072.000) 05/07 02:47:00 Image size of job updated: 2750444
	2077  -  MemoryUsage of job (MB)
	2126520  -  ResidentSetSize of job (KB)
...
006 (005.4072.000) 05/07 02:47:05 Image size of job updated: 2750444
	2082  -  MemoryUsage of job (MB)
	2131536  -  ResidentSetSize of job (KB)
...
006 (005.4072.000) 05/07 02:47:10 Image size of job updated: 2762732
	2084  -  MemoryUsage of job (MB)
	2133780  -  ResidentSetSize of job (KB)
...
006 (005.4072.000) 05/07 02:47:15 Image size of job updated: 2762732
	2088  -  MemoryUsage of job (MB)
	2137212  -  ResidentSetSize of job (KB)
...
006 (005.4072.000) 05/07 02:47:20 Image size of job updated: 2771948
	2092  -  MemoryUsage of job (MB)
	2141964  -  ResidentSetSize of job (KB)
...
006 (005.4072.000) 05/07 02:47:25 Image size of job updated: 2773996
	2097  -  MemoryUsage of job (MB)
	2146716  -  ResidentSetSize of job (KB)
...
006 (005.4072.000) 05/07 02:47:30 Image size of job updated: 2779116
	2100  -  MemoryUsage of job (MB)
	2150148  -  ResidentSetSize of job (KB)
...
006 (005.4072.000) 05/07 02:47:35 Image size of job updated: 2779116
	2104  -  MemoryUsage of job (MB)
	2153844  -  ResidentSetSize of job (KB)
...
006 (005.4072.000) 05/07 02:47:40 Image size of job updated: 2785260
	2108  -  MemoryUsage of job (MB)
	2157936  -  ResidentSetSize of job (KB)
...
006 (005.4072.000) 05/07 02:47:45 Image size of job updated: 2785260
	2111  -  MemoryUsage of job (MB)
	2160840  -  ResidentSetSize of job (KB)
...
006 (005.4072.000) 05/07 02:47:50 Image size of job updated: 2792428
	2114  -  MemoryUsage of job (MB)
	2163876  -  ResidentSetSize of job (KB)
...
006 (005.4072.000) 05/07 02:47:55 Image size of job updated: 2796524
	2117  -  MemoryUsage of job (MB)
	2167572  -  ResidentSetSize of job (KB)
...
006 (005.4072.000) 05/07 02:48:00 Image size of job updated: 2800620
	2122  -  MemoryUsage of job (MB)
	2172456  -  ResidentSetSize of job (KB)
...
006 (005.4072.000) 05/07 02:48:05 Image size of job updated: 2800620
	2126  -  MemoryUsage of job (MB)
	2176020  -  ResidentSetSize of job (KB)
...
006 (005.4072.000) 05/07 02:48:10 Image size of job updated: 2806764
	2128  -  MemoryUsage of job (MB)
	2178396  -  ResidentSetSize of job (KB)
...
006 (005.4072.000) 05/07 02:48:15 Image size of job updated: 2806764
	2136  -  MemoryUsage of job (MB)
	2186712  -  ResidentSetSize of job (KB)
...
006 (005.4072.000) 05/07 02:48:20 Image size of job updated: 2806764
	2141  -  MemoryUsage of job (MB)
	2191464  -  ResidentSetSize of job (KB)
...
006 (005.4072.000) 05/07 02:48:25 Image size of job updated: 2823148
	2350  -  MemoryUsage of job (MB)
	2405700  -  ResidentSetSize of job (KB)
...
005 (005.4072.000) 05/07 02:48:30 Job terminated.
	(1) Normal termination (return value 0)
		Usr 0 00:21:33, Sys 0 00:00:02  -  Run Remote Usage
		Usr 0 00:00:00, Sys 0 00:00:00  -  Run Local Usage
		Usr 0 00:21:33, Sys 0 00:00:02  -  Total Remote Usage
		Usr 0 00:00:00, Sys 0 00:00:00  -  Total Local Usage
	0  -  Run Bytes Sent By Job
	0  -  Run Bytes Received By Job
	0  -  Total Bytes Sent By Job
	0  -  Total Bytes Received By Job
	Partitionable Resources :      Usage  Request Allocated 
	   Cpus                 :       1.00        1         1 
	   Disk (KB)            : 2000000     2000000   6275465 
	   Memory (MB)          :    2350        1954      2007 
...
