000 (005.7825.000) 05/05 20:25:05 Job submitted from host: <127.0.0.1:9618?addrs=127.0.0.1-9618&noUDP&sock=227_4816_4>
...
033 (005.7825.000) 05/06 14:17:38 Changing job attribute JobPrio from 0 to -10
...
009 (005.7825.000) 05/07 21:44:55 Job was aborted by the user.
	via condor_rm (by user aw868)
...
000 (011.774.000) 05/08 17:21:19 Job submitted from host: <127.0.0.1:9618?addrs=127.0.0.1-9618&noUDP&sock=212_fe2a_4>
...
033 (011.774.000) 05/08 20:41:32 Changing job attribute JobPrio from 0 to -5
...
001 (011.774.000) 05/08 22:49:47 Job executing on host: <127.0.0.1:9618?addrs=127.0.0.1-9618&noUDP&sock=212_fe2a_5>
...
006 (011.774.000) 05/08 22:49:52 Image size of job updated: 2000000
	101  -  MemoryUsage of job (MB)
	102960  -  ResidentSetSize of job (KB)
...
006 (011.774.000) 05/08 22:50:17 Image size of job updated: 2000000
	102  -  MemoryUsage of job (MB)
	104280  -  ResidentSetSize of job (KB)
...
006 (011.774.000) 05/08 22:50:22 Image size of job updated: 2000000
	176  -  MemoryUsage of job (MB)
	180180  -  ResidentSetSize of job (KB)
...
006 (011.774.000) 05/08 22:50:27 Image size of job updated: 2000000
	184  -  MemoryUsage of job (MB)
	188364  -  ResidentSetSize of job (KB)
...
006 (011.774.000) 05/08 22:50:32 Image size of job updated: 2000000
	189  -  MemoryUsage of job (MB)
	192720  -  ResidentSetSize of job (KB)
...
006 (011.774.000) 05/08 22:50:37 Image size of job updated: 2000000
	202  -  MemoryUsage of job (MB)
	206712  -  ResidentSetSize of job (KB)
...
006 (011.774.000) 05/08 22:50:42 Image size of job updated: 2000000
	215  -  MemoryUsage of job (MB)
	219252  -  ResidentSetSize of job (KB)
...
006 (011.774.000) 05/08 22:50:47 Image size of job updated: 2000000
	230  -  MemoryUsage of job (MB)
	234828  -  ResidentSetSize of job (KB)
...
006 (011.774.000) 05/08 22:50:52 Image size of job updated: 2000000
	240  -  MemoryUsage of job (MB)
	244860  -  ResidentSetSize of job (KB)
...
006 (011.774.000) 05/08 22:50:57 Image size of job updated: 2000000
	268  -  MemoryUsage of job (MB)
	273900  -  ResidentSetSize of job (KB)
...
006 (011.774.000) 05/08 22:51:02 Image size of job updated: 2000000
	300  -  MemoryUsage of job (MB)
	307032  -  ResidentSetSize of job (KB)
...
006 (011.774.000) 05/08 22:51:07 Image size of job updated: 2000000
	329  -  MemoryUsage of job (MB)
	336204  -  ResidentSetSize of job (KB)
...
006 (011.774.000) 05/08 22:51:12 Image size of job updated: 2000000
	356  -  MemoryUsage of job (MB)
	363528  -  ResidentSetSize of job (KB)
...
006 (011.774.000) 05/08 22:51:17 Image size of job updated: 2000000
	414  -  MemoryUsage of job (MB)
	423720  -  ResidentSetSize of job (KB)
...
006 (011.774.000) 05/08 22:51:22 Image size of job updated: 2000000
	463  -  MemoryUsage of job (MB)
	473352  -  ResidentSetSize of job (KB)
...
006 (011.774.000) 05/08 22:51:28 Image size of job updated: 2000000
	1171  -  MemoryUsage of job (MB)
	1198428  -  ResidentSetSize of job (KB)
...
006 (011.774.000) 05/08 23:07:11 Image size of job updated: 2000000
	1244  -  MemoryUsage of job (MB)
	1273536  -  ResidentSetSize of job (KB)
...
006 (011.774.000) 05/08 23:07:17 Image size of job updated: 2000000
	1615  -  MemoryUsage of job (MB)
	1653696  -  ResidentSetSize of job (KB)
...
006 (011.774.000) 05/08 23:07:23 Image size of job updated: 2270668
	1922  -  MemoryUsage of job (MB)
	1967460  -  ResidentSetSize of job (KB)
...
006 (011.774.000) 05/08 23:07:35 Image size of job updated: 2593252
	1922  -  MemoryUsage of job (MB)
	1967460  -  ResidentSetSize of job (KB)
...
006 (011.774.000) 05/08 23:07:41 Image size of job updated: 2600420
	1925  -  MemoryUsage of job (MB)
	1970232  -  ResidentSetSize of job (KB)
...
006 (011.774.000) 05/08 23:07:47 Image size of job updated: 2600420
	1935  -  MemoryUsage of job (MB)
	1980924  -  ResidentSetSize of job (KB)
...
006 (011.774.000) 05/08 23:07:53 Image size of job updated: 2617828
	1944  -  MemoryUsage of job (MB)
	1990164  -  ResidentSetSize of job (KB)
...
006 (011.774.000) 05/08 23:07:59 Image size of job updated: 2617828
	1953  -  MemoryUsage of job (MB)
	1999536  -  ResidentSetSize of job (KB)
...
006 (011.774.000) 05/08 23:08:05 Image size of job updated: 2638308
	1961  -  MemoryUsage of job (MB)
	2007456  -  ResidentSetSize of job (KB)
...
006 (011.774.000) 05/08 23:08:11 Image size of job updated: 2638308
	1970  -  MemoryUsage of job (MB)
	2016432  -  ResidentSetSize of job (KB)
...
006 (011.774.000) 05/08 23:08:17 Image size of job updated: 2652644
	1978  -  MemoryUsage of job (MB)
	2025012  -  ResidentSetSize of job (KB)
...
006 (011.774.000) 05/08 23:08:23 Image size of job updated: 2665956
	1986  -  MemoryUsage of job (MB)
	2033196  -  ResidentSetSize of job (KB)
...
006 (011.774.000) 05/08 23:08:29 Image size of job updated: 2671076
	1994  -  MemoryUsage of job (MB)
	2041512  -  ResidentSetSize of job (KB)
...
006 (011.774.000) 05/08 23:08:35 Image size of job updated: 2683364
	2002  -  MemoryUsage of job (MB)
	2049300  -  ResidentSetSize of job (KB)
...
006 (011.774.000) 05/08 23:08:41 Image size of job updated: 2683364
	2010  -  MemoryUsage of job (MB)
	2057616  -  ResidentSetSize of job (KB)
...
006 (011.774.000) 05/08 23:08:47 Image size of job updated: 2683364
	2017  -  MemoryUsage of job (MB)
	2064480  -  ResidentSetSize of job (KB)
...
006 (011.774.000) 05/08 23:08:53 Image size of job updated: 2703844
	2021  -  MemoryUsage of job (MB)
	2068968  -  ResidentSetSize of job (KB)
...
006 (011.774.000) 05/08 23:08:59 Image size of job updated: 2703844
	2029  -  MemoryUsage of job (MB)
	2077152  -  ResidentSetSize of job (KB)
...
006 (011.774.000) 05/08 23:09:04 Image size of job updated: 2703844
	2035  -  MemoryUsage of job (MB)
	2083488  -  ResidentSetSize of job (KB)
...
006 (011.774.000) 05/08 23:09:09 Image size of job updated: 2725348
	2043  -  MemoryUsage of job (MB)
	2091144  -  ResidentSetSize of job (KB)
...
006 (011.774.000) 05/08 23:09:14 Image size of job updated: 2731492
	2049  -  MemoryUsage of job (MB)
	2097348  -  ResidentSetSize of job (KB)
...
006 (011.774.000) 05/08 23:09:19 Image size of job updated: 2731492
	2055  -  MemoryUsage of job (MB)
	2104212  -  ResidentSetSize of job (KB)
...
006 (011.774.000) 05/08 23:09:24 Image size of job updated: 2742756
	2061  -  MemoryUsage of job (MB)
	2110020  -  ResidentSetSize of job (KB)
...
006 (011.774.000) 05/08 23:09:29 Image size of job updated: 2745828
	2067  -  MemoryUsage of job (MB)
	2116488  -  ResidentSetSize of job (KB)
...
006 (011.774.000) 05/08 23:09:34 Image size of job updated: 2745828
	2073  -  MemoryUsage of job (MB)
	2121768  -  ResidentSetSize of job (KB)
...
006 (011.774.000) 05/08 23:09:39 Image size of job updated: 2745828
	2080  -  MemoryUsage of job (MB)
	2129424  -  ResidentSetSize of job (KB)
...
006 (011.774.000) 05/08 23:09:44 Image size of job updated: 2768356
	2086  -  MemoryUsage of job (MB)
	2136024  -  ResidentSetSize of job (KB)
...
006 (011.774.000) 05/08 23:09:49 Image size of job updated: 2774500
	2093  -  MemoryUsage of job (MB)
	2142492  -  ResidentSetSize of job (KB)
...
006 (011.774.000) 05/08 23:09:54 Image size of job updated: 2774500
	2099  -  MemoryUsage of job (MB)
	2148432  -  ResidentSetSize of job (KB)
...
006 (011.774.000) 05/08 23:09:59 Image size of job updated: 2786788
	2105  -  MemoryUsage of job (MB)
	2154768  -  ResidentSetSize of job (KB)
...
006 (011.774.000) 05/08 23:10:04 Image size of job updated: 2786788
	2112  -  MemoryUsage of job (MB)
	2162688  -  ResidentSetSize of job (KB)
...
006 (011.774.000) 05/08 23:10:09 Image size of job updated: 2786788
	2118  -  MemoryUsage of job (MB)
	2168760  -  ResidentSetSize of job (KB)
...
006 (011.774.000) 05/08 23:10:14 Image size of job updated: 2808292
	2124  -  MemoryUsage of job (MB)
	2174568  -  ResidentSetSize of job (KB)
...
006 (011.774.000) 05/08 23:10:19 Image size of job updated: 2814436
	2131  -  MemoryUsage of job (MB)
	2181432  -  ResidentSetSize of job (KB)
...
006 (011.774.000) 05/08 23:10:24 Image size of job updated: 2820580
	2138  -  MemoryUsage of job (MB)
	2188296  -  ResidentSetSize of job (KB)
...
006 (011.774.000) 05/08 23:10:29 Image size of job updated: 2829796
	2145  -  MemoryUsage of job (MB)
	2196216  -  ResidentSetSize of job (KB)
...
006 (011.774.000) 05/08 23:10:34 Image size of job updated: 2835940
	2151  -  MemoryUsage of job (MB)
	2202552  -  ResidentSetSize of job (KB)
...
006 (011.774.000) 05/08 23:10:39 Image size of job updated: 2835940
	2158  -  MemoryUsage of job (MB)
	2209548  -  ResidentSetSize of job (KB)
...
006 (011.774.000) 05/08 23:10:44 Image size of job updated: 2848228
	2164  -  MemoryUsage of job (MB)
	2214960  -  ResidentSetSize of job (KB)
...
006 (011.774.000) 05/08 23:10:49 Image size of job updated: 2848228
	2171  -  MemoryUsage of job (MB)
	2222616  -  ResidentSetSize of job (KB)
...
006 (011.774.000) 05/08 23:10:54 Image size of job updated: 2864612
	2179  -  MemoryUsage of job (MB)
	2230932  -  ResidentSetSize of job (KB)
...
006 (011.774.000) 05/08 23:10:59 Image size of job updated: 2872804
	2186  -  MemoryUsage of job (MB)
	2238456  -  ResidentSetSize of job (KB)
...
006 (011.774.000) 05/08 23:11:04 Image size of job updated: 2872804
	2193  -  MemoryUsage of job (MB)
	2245320  -  ResidentSetSize of job (KB)
...
006 (011.774.000) 05/08 23:11:09 Image size of job updated: 2872804
	2200  -  MemoryUsage of job (MB)
	2252712  -  ResidentSetSize of job (KB)
...
006 (011.774.000) 05/08 23:11:14 Image size of job updated: 2895332
	2208  -  MemoryUsage of job (MB)
	2260104  -  ResidentSetSize of job (KB)
...
006 (011.774.000) 05/08 23:11:19 Image size of job updated: 2895332
	2214  -  MemoryUsage of job (MB)
	2266440  -  ResidentSetSize of job (KB)
...
006 (011.774.000) 05/08 23:11:24 Image size of job updated: 2895332
	2222  -  MemoryUsage of job (MB)
	2274492  -  ResidentSetSize of job (KB)
...
006 (011.774.000) 05/08 23:11:29 Image size of job updated: 2916836
	2229  -  MemoryUsage of job (MB)
	2282016  -  ResidentSetSize of job (KB)
...
006 (011.774.000) 05/08 23:11:34 Image size of job updated: 2924004
	2236  -  MemoryUsage of job (MB)
	2289276  -  ResidentSetSize of job (KB)
...
006 (011.774.000) 05/08 23:11:39 Image size of job updated: 2924004
	2243  -  MemoryUsage of job (MB)
	2296008  -  ResidentSetSize of job (KB)
...
006 (011.774.000) 05/08 23:11:44 Image size of job updated: 2931172
	2250  -  MemoryUsage of job (MB)
	2303664  -  ResidentSetSize of job (KB)
...
006 (011.774.000) 05/08 23:11:49 Image size of job updated: 2939364
	2257  -  MemoryUsage of job (MB)
	2310792  -  ResidentSetSize of job (KB)
...
006 (011.774.000) 05/08 23:11:54 Image size of job updated: 2939364
	2265  -  MemoryUsage of job (MB)
	2318448  -  ResidentSetSize of job (KB)
...
006 (011.774.000) 05/08 23:11:59 Image size of job updated: 2939364
	2272  -  MemoryUsage of job (MB)
	2325840  -  ResidentSetSize of job (KB)
...
006 (011.774.000) 05/08 23:12:04 Image size of job updated: 2961892
	2279  -  MemoryUsage of job (MB)
	2332704  -  ResidentSetSize of job (KB)
...
006 (011.774.000) 05/08 23:12:09 Image size of job updated: 2961892
	2284  -  MemoryUsage of job (MB)
	2338512  -  ResidentSetSize of job (KB)
...
006 (011.774.000) 05/08 23:12:14 Image size of job updated: 2961892
	2292  -  MemoryUsage of job (MB)
	2346564  -  ResidentSetSize of job (KB)
...
006 (011.774.000) 05/08 23:12:19 Image size of job updated: 2982372
	2299  -  MemoryUsage of job (MB)
	2353164  -  ResidentSetSize of job (KB)
...
006 (011.774.000) 05/08 23:12:24 Image size of job updated: 2989540
	2308  -  MemoryUsage of job (MB)
	2363328  -  ResidentSetSize of job (KB)
...
006 (011.774.000) 05/08 23:12:29 Image size of job updated: 3000804
	2315  -  MemoryUsage of job (MB)
	2370060  -  ResidentSetSize of job (KB)
...
006 (011.774.000) 05/08 23:12:34 Image size of job updated: 3006948
	2322  -  MemoryUsage of job (MB)
	2377716  -  ResidentSetSize of job (KB)
...
006 (011.774.000) 05/08 23:12:39 Image size of job updated: 3006948
	2330  -  MemoryUsage of job (MB)
	2385504  -  ResidentSetSize of job (KB)
...
006 (011.774.000) 05/08 23:12:44 Image size of job updated: 3006948
	2336  -  MemoryUsage of job (MB)
	2391576  -  ResidentSetSize of job (KB)
...
006 (011.774.000) 05/08 23:12:49 Image size of job updated: 3030500
	2345  -  MemoryUsage of job (MB)
	2400684  -  ResidentSetSize of job (KB)
...
006 (011.774.000) 05/08 23:12:54 Image size of job updated: 3030500
	2353  -  MemoryUsage of job (MB)
	2408736  -  ResidentSetSize of job (KB)
...
006 (011.774.000) 05/08 23:12:59 Image size of job updated: 3030500
	2360  -  MemoryUsage of job (MB)
	2416128  -  ResidentSetSize of job (KB)
...
006 (011.774.000) 05/08 23:13:04 Image size of job updated: 3054052
	2366  -  MemoryUsage of job (MB)
	2422200  -  ResidentSetSize of job (KB)
...
006 (011.774.000) 05/08 23:13:09 Image size of job updated: 3054052
	2375  -  MemoryUsage of job (MB)
	2431044  -  ResidentSetSize of job (KB)
...
006 (011.774.000) 05/08 23:13:14 Image size of job updated: 3071460
	2381  -  MemoryUsage of job (MB)
	2437380  -  ResidentSetSize of job (KB)
...
006 (011.774.000) 05/08 23:13:19 Image size of job updated: 3077604
	2389  -  MemoryUsage of job (MB)
	2446224  -  ResidentSetSize of job (KB)
...
006 (011.774.000) 05/08 23:13:24 Image size of job updated: 3077604
	2396  -  MemoryUsage of job (MB)
	2452560  -  ResidentSetSize of job (KB)
...
006 (011.774.000) 05/08 23:13:29 Image size of job updated: 3077604
	2403  -  MemoryUsage of job (MB)
	2459820  -  ResidentSetSize of job (KB)
...
006 (011.774.000) 05/08 23:13:34 Image size of job updated: 3100132
	2411  -  MemoryUsage of job (MB)
	2468136  -  ResidentSetSize of job (KB)
...
006 (011.774.000) 05/08 23:13:39 Image size of job updated: 3100132
	2417  -  MemoryUsage of job (MB)
	2474868  -  ResidentSetSize of job (KB)
...
006 (011.774.000) 05/08 23:13:44 Image size of job updated: 3114468
	2426  -  MemoryUsage of job (MB)
	2483976  -  ResidentSetSize of job (KB)
...
006 (011.774.000) 05/08 23:13:49 Image size of job updated: 3120612
	2432  -  MemoryUsage of job (MB)
	2489916  -  ResidentSetSize of job (KB)
...
006 (011.774.000) 05/08 23:13:54 Image size of job updated: 3127780
	2440  -  MemoryUsage of job (MB)
	2497836  -  ResidentSetSize of job (KB)
...
006 (011.774.000) 05/08 23:13:59 Image size of job updated: 3127780
	2448  -  MemoryUsage of job (MB)
	2506152  -  ResidentSetSize of job (KB)
...
006 (011.774.000) 05/08 23:14:04 Image size of job updated: 3290596
	2656  -  MemoryUsage of job (MB)
	2719068  -  ResidentSetSize of job (KB)
...
005 (011.774.000) 05/08 23:14:10 Job terminated.
	(1) Normal termination (return value 0)
		Usr 0 00:23:53, Sys 0 00:00:02  -  Run Remote Usage
		Usr 0 00:00:00, Sys 0 00:00:00  -  Run Local Usage
		Usr 0 00:23:53, Sys 0 00:00:02  -  Total Remote Usage
		Usr 0 00:00:00, Sys 0 00:00:00  -  Total Local Usage
	0  -  Run Bytes Sent By Job
	0  -  Run Bytes Received By Job
	0  -  Total Bytes Sent By Job
	0  -  Total Bytes Received By Job
	Partitionable Resources :      Usage  Request Allocated 
	   Cpus                 :       1.00        1         1 
	   Disk (KB)            : 2000000     2000000   6232219 
	   Memory (MB)          :    2656        1954      2007 
...
