000 (005.5923.000) 05/05 20:24:10 Job submitted from host: <127.0.0.1:9618?addrs=127.0.0.1-9618&noUDP&sock=227_4816_4>
...
033 (005.5923.000) 05/06 14:17:06 Changing job attribute JobPrio from 0 to -10
...
001 (005.5923.000) 05/07 14:12:19 Job executing on host: <127.0.0.1:9618?addrs=127.0.0.1-9618&noUDP&sock=227_4816_5>
...
006 (005.5923.000) 05/07 14:12:24 Image size of job updated: 2000000
	103  -  MemoryUsage of job (MB)
	104940  -  ResidentSetSize of job (KB)
...
006 (005.5923.000) 05/07 14:12:49 Image size of job updated: 2000000
	118  -  MemoryUsage of job (MB)
	119988  -  ResidentSetSize of job (KB)
...
006 (005.5923.000) 05/07 14:12:54 Image size of job updated: 2000000
	178  -  MemoryUsage of job (MB)
	182160  -  ResidentSetSize of job (KB)
...
006 (005.5923.000) 05/07 14:12:59 Image size of job updated: 2000000
	186  -  MemoryUsage of job (MB)
	189816  -  ResidentSetSize of job (KB)
...
006 (005.5923.000) 05/07 14:13:04 Image size of job updated: 2000000
	187  -  MemoryUsage of job (MB)
	190476  -  ResidentSetSize of job (KB)
...
006 (005.5923.000) 05/07 14:13:09 Image size of job updated: 2000000
	196  -  MemoryUsage of job (MB)
	199980  -  ResidentSetSize of job (KB)
...
006 (005.5923.000) 05/07 14:13:14 Image size of job updated: 2000000
	206  -  MemoryUsage of job (MB)
	210012  -  ResidentSetSize of job (KB)
...
006 (005.5923.000) 05/07 14:13:19 Image size of job updated: 2000000
	213  -  MemoryUsage of job (MB)
	217932  -  ResidentSetSize of job (KB)
...
006 (005.5923.000) 05/07 14:13:24 Image size of job updated: 2000000
	223  -  MemoryUsage of job (MB)
	227964  -  ResidentSetSize of job (KB)
...
006 (005.5923.000) 05/07 14:13:29 Image size of job updated: 2000000
	233  -  MemoryUsage of job (MB)
	237600  -  ResidentSetSize of job (KB)
...
006 (005.5923.000) 05/07 14:13:34 Image size of job updated: 2000000
	241  -  MemoryUsage of job (MB)
	245784  -  ResidentSetSize of job (KB)
...
006 (005.5923.000) 05/07 14:13:39 Image size of job updated: 2000000
	255  -  MemoryUsage of job (MB)
	260172  -  ResidentSetSize of job (KB)
...
006 (005.5923.000) 05/07 14:13:44 Image size of job updated: 2000000
	296  -  MemoryUsage of job (MB)
	302280  -  ResidentSetSize of job (KB)
...
006 (005.5923.000) 05/07 14:13:49 Image size of job updated: 2000000
	326  -  MemoryUsage of job (MB)
	332904  -  ResidentSetSize of job (KB)
...
006 (005.5923.000) 05/07 14:13:54 Image size of job updated: 2000000
	330  -  MemoryUsage of job (MB)
	337920  -  ResidentSetSize of job (KB)
...
006 (005.5923.000) 05/07 14:13:59 Image size of job updated: 2000000
	399  -  MemoryUsage of job (MB)
	408408  -  ResidentSetSize of job (KB)
...
006 (005.5923.000) 05/07 14:14:04 Image size of job updated: 2000000
	463  -  MemoryUsage of job (MB)
	473352  -  ResidentSetSize of job (KB)
...
006 (005.5923.000) 05/07 14:14:09 Image size of job updated: 2000000
	1170  -  MemoryUsage of job (MB)
	1197768  -  ResidentSetSize of job (KB)
...
006 (005.5923.000) 05/07 14:27:07 Image size of job updated: 2000000
	1170  -  MemoryUsage of job (MB)
	1197900  -  ResidentSetSize of job (KB)
...
006 (005.5923.000) 05/07 14:27:12 Image size of job updated: 2000000
	1172  -  MemoryUsage of job (MB)
	1199748  -  ResidentSetSize of job (KB)
...
006 (005.5923.000) 05/07 14:27:17 Image size of job updated: 2000000
	1250  -  MemoryUsage of job (MB)
	1279212  -  ResidentSetSize of job (KB)
...
006 (005.5923.000) 05/07 14:27:22 Image size of job updated: 2000000
	1621  -  MemoryUsage of job (MB)
	1659504  -  ResidentSetSize of job (KB)
...
006 (005.5923.000) 05/07 14:27:27 Image size of job updated: 2333664
	1692  -  MemoryUsage of job (MB)
	1732500  -  ResidentSetSize of job (KB)
...
006 (005.5923.000) 05/07 14:27:32 Image size of job updated: 2561504
	1886  -  MemoryUsage of job (MB)
	1931028  -  ResidentSetSize of job (KB)
...
006 (005.5923.000) 05/07 14:27:37 Image size of job updated: 2595296
	1927  -  MemoryUsage of job (MB)
	1972872  -  ResidentSetSize of job (KB)
...
006 (005.5923.000) 05/07 14:27:42 Image size of job updated: 2623968
	1947  -  MemoryUsage of job (MB)
	1993200  -  ResidentSetSize of job (KB)
...
006 (005.5923.000) 05/07 14:27:47 Image size of job updated: 2623968
	1964  -  MemoryUsage of job (MB)
	2010756  -  ResidentSetSize of job (KB)
...
006 (005.5923.000) 05/07 14:27:52 Image size of job updated: 2623968
	1977  -  MemoryUsage of job (MB)
	2024220  -  ResidentSetSize of job (KB)
...
006 (005.5923.000) 05/07 14:27:57 Image size of job updated: 2623968
	1991  -  MemoryUsage of job (MB)
	2037948  -  ResidentSetSize of job (KB)
...
006 (005.5923.000) 05/07 14:28:02 Image size of job updated: 2675168
	2002  -  MemoryUsage of job (MB)
	2049960  -  ResidentSetSize of job (KB)
...
006 (005.5923.000) 05/07 14:28:07 Image size of job updated: 2675168
	2016  -  MemoryUsage of job (MB)
	2064216  -  ResidentSetSize of job (KB)
...
006 (005.5923.000) 05/07 14:28:12 Image size of job updated: 2705888
	2027  -  MemoryUsage of job (MB)
	2075304  -  ResidentSetSize of job (KB)
...
006 (005.5923.000) 05/07 14:28:17 Image size of job updated: 2708960
	2037  -  MemoryUsage of job (MB)
	2085336  -  ResidentSetSize of job (KB)
...
006 (005.5923.000) 05/07 14:28:22 Image size of job updated: 2708960
	2045  -  MemoryUsage of job (MB)
	2093124  -  ResidentSetSize of job (KB)
...
006 (005.5923.000) 05/07 14:28:27 Image size of job updated: 2708960
	2053  -  MemoryUsage of job (MB)
	2101440  -  ResidentSetSize of job (KB)
...
006 (005.5923.000) 05/07 14:28:32 Image size of job updated: 2735584
	2062  -  MemoryUsage of job (MB)
	2110680  -  ResidentSetSize of job (KB)
...
006 (005.5923.000) 05/07 14:28:37 Image size of job updated: 2735584
	2071  -  MemoryUsage of job (MB)
	2119788  -  ResidentSetSize of job (KB)
...
006 (005.5923.000) 05/07 14:28:42 Image size of job updated: 2735584
	2081  -  MemoryUsage of job (MB)
	2130480  -  ResidentSetSize of job (KB)
...
006 (005.5923.000) 05/07 14:28:47 Image size of job updated: 2764256
	2090  -  MemoryUsage of job (MB)
	2139720  -  ResidentSetSize of job (KB)
...
006 (005.5923.000) 05/07 14:28:52 Image size of job updated: 2764256
	2099  -  MemoryUsage of job (MB)
	2149092  -  ResidentSetSize of job (KB)
...
006 (005.5923.000) 05/07 14:28:57 Image size of job updated: 2764256
	2110  -  MemoryUsage of job (MB)
	2160444  -  ResidentSetSize of job (KB)
...
006 (005.5923.000) 05/07 14:29:02 Image size of job updated: 2796000
	2120  -  MemoryUsage of job (MB)
	2170872  -  ResidentSetSize of job (KB)
...
006 (005.5923.000) 05/07 14:29:07 Image size of job updated: 2796000
	2132  -  MemoryUsage of job (MB)
	2182884  -  ResidentSetSize of job (KB)
...
006 (005.5923.000) 05/07 14:29:12 Image size of job updated: 2796000
	2140  -  MemoryUsage of job (MB)
	2191068  -  ResidentSetSize of job (KB)
...
006 (005.5923.000) 05/07 14:29:17 Image size of job updated: 2826720
	2150  -  MemoryUsage of job (MB)
	2201100  -  ResidentSetSize of job (KB)
...
006 (005.5923.000) 05/07 14:29:23 Image size of job updated: 2826720
	2162  -  MemoryUsage of job (MB)
	2213376  -  ResidentSetSize of job (KB)
...
006 (005.5923.000) 05/07 14:29:29 Image size of job updated: 2826720
	2173  -  MemoryUsage of job (MB)
	2224728  -  ResidentSetSize of job (KB)
...
006 (005.5923.000) 05/07 14:29:35 Image size of job updated: 2856416
	2184  -  MemoryUsage of job (MB)
	2235948  -  ResidentSetSize of job (KB)
...
006 (005.5923.000) 05/07 14:29:41 Image size of job updated: 2876896
	2195  -  MemoryUsage of job (MB)
	2246904  -  ResidentSetSize of job (KB)
...
006 (005.5923.000) 05/07 14:29:47 Image size of job updated: 2890208
	2208  -  MemoryUsage of job (MB)
	2260764  -  ResidentSetSize of job (KB)
...
006 (005.5923.000) 05/07 14:29:53 Image size of job updated: 2890208
	2218  -  MemoryUsage of job (MB)
	2270268  -  ResidentSetSize of job (KB)
...
006 (005.5923.000) 05/07 14:29:59 Image size of job updated: 2890208
	2229  -  MemoryUsage of job (MB)
	2282280  -  ResidentSetSize of job (KB)
...
006 (005.5923.000) 05/07 14:30:05 Image size of job updated: 2915808
	2240  -  MemoryUsage of job (MB)
	2293632  -  ResidentSetSize of job (KB)
...
006 (005.5923.000) 05/07 14:30:11 Image size of job updated: 2915808
	2254  -  MemoryUsage of job (MB)
	2307492  -  ResidentSetSize of job (KB)
...
006 (005.5923.000) 05/07 14:30:17 Image size of job updated: 2948576
	2265  -  MemoryUsage of job (MB)
	2318448  -  ResidentSetSize of job (KB)
...
006 (005.5923.000) 05/07 14:30:23 Image size of job updated: 2950624
	2276  -  MemoryUsage of job (MB)
	2330328  -  ResidentSetSize of job (KB)
...
006 (005.5923.000) 05/07 14:30:29 Image size of job updated: 2960864
	2285  -  MemoryUsage of job (MB)
	2339436  -  ResidentSetSize of job (KB)
...
006 (005.5923.000) 05/07 14:30:35 Image size of job updated: 2979296
	2298  -  MemoryUsage of job (MB)
	2352240  -  ResidentSetSize of job (KB)
...
006 (005.5923.000) 05/07 14:30:41 Image size of job updated: 2989536
	2311  -  MemoryUsage of job (MB)
	2365704  -  ResidentSetSize of job (KB)
...
006 (005.5923.000) 05/07 14:30:47 Image size of job updated: 3004896
	2322  -  MemoryUsage of job (MB)
	2377188  -  ResidentSetSize of job (KB)
...
006 (005.5923.000) 05/07 14:30:53 Image size of job updated: 3004896
	2333  -  MemoryUsage of job (MB)
	2388672  -  ResidentSetSize of job (KB)
...
006 (005.5923.000) 05/07 14:30:59 Image size of job updated: 3004896
	2346  -  MemoryUsage of job (MB)
	2402268  -  ResidentSetSize of job (KB)
...
006 (005.5923.000) 05/07 14:31:05 Image size of job updated: 3038688
	2356  -  MemoryUsage of job (MB)
	2412300  -  ResidentSetSize of job (KB)
...
006 (005.5923.000) 05/07 14:31:11 Image size of job updated: 3052000
	2369  -  MemoryUsage of job (MB)
	2424972  -  ResidentSetSize of job (KB)
...
006 (005.5923.000) 05/07 14:31:17 Image size of job updated: 3052000
	2378  -  MemoryUsage of job (MB)
	2434212  -  ResidentSetSize of job (KB)
...
006 (005.5923.000) 05/07 14:31:23 Image size of job updated: 3063264
	2392  -  MemoryUsage of job (MB)
	2448864  -  ResidentSetSize of job (KB)
...
006 (005.5923.000) 05/07 14:31:29 Image size of job updated: 3086816
	2404  -  MemoryUsage of job (MB)
	2461536  -  ResidentSetSize of job (KB)
...
006 (005.5923.000) 05/07 14:31:35 Image size of job updated: 3095008
	2416  -  MemoryUsage of job (MB)
	2473152  -  ResidentSetSize of job (KB)
...
006 (005.5923.000) 05/07 14:31:41 Image size of job updated: 3103200
	2427  -  MemoryUsage of job (MB)
	2484900  -  ResidentSetSize of job (KB)
...
006 (005.5923.000) 05/07 14:31:47 Image size of job updated: 3103200
	2439  -  MemoryUsage of job (MB)
	2497440  -  ResidentSetSize of job (KB)
...
006 (005.5923.000) 05/07 14:31:53 Image size of job updated: 3128800
	2451  -  MemoryUsage of job (MB)
	2509320  -  ResidentSetSize of job (KB)
...
006 (005.5923.000) 05/07 14:31:59 Image size of job updated: 3128800
	2462  -  MemoryUsage of job (MB)
	2520672  -  ResidentSetSize of job (KB)
...
006 (005.5923.000) 05/07 14:32:05 Image size of job updated: 3158496
	2474  -  MemoryUsage of job (MB)
	2533344  -  ResidentSetSize of job (KB)
...
006 (005.5923.000) 05/07 14:32:11 Image size of job updated: 3166688
	2487  -  MemoryUsage of job (MB)
	2545884  -  ResidentSetSize of job (KB)
...
006 (005.5923.000) 05/07 14:32:17 Image size of job updated: 3178976
	2499  -  MemoryUsage of job (MB)
	2558820  -  ResidentSetSize of job (KB)
...
006 (005.5923.000) 05/07 14:32:23 Image size of job updated: 3190240
	2510  -  MemoryUsage of job (MB)
	2569908  -  ResidentSetSize of job (KB)
...
006 (005.5923.000) 05/07 14:32:29 Image size of job updated: 3190240
	2522  -  MemoryUsage of job (MB)
	2582316  -  ResidentSetSize of job (KB)
...
006 (005.5923.000) 05/07 14:32:35 Image size of job updated: 3219936
	2532  -  MemoryUsage of job (MB)
	2592744  -  ResidentSetSize of job (KB)
...
006 (005.5923.000) 05/07 14:32:41 Image size of job updated: 3219936
	2544  -  MemoryUsage of job (MB)
	2605020  -  ResidentSetSize of job (KB)
...
006 (005.5923.000) 05/07 14:32:47 Image size of job updated: 3219936
	2556  -  MemoryUsage of job (MB)
	2616372  -  ResidentSetSize of job (KB)
...
006 (005.5923.000) 05/07 14:32:53 Image size of job updated: 3249632
	2567  -  MemoryUsage of job (MB)
	2628516  -  ResidentSetSize of job (KB)
...
006 (005.5923.000) 05/07 14:32:59 Image size of job updated: 3249632
	2579  -  MemoryUsage of job (MB)
	2640000  -  ResidentSetSize of job (KB)
...
006 (005.5923.000) 05/07 14:33:05 Image size of job updated: 3277280
	2590  -  MemoryUsage of job (MB)
	2651220  -  ResidentSetSize of job (KB)
...
006 (005.5923.000) 05/07 14:33:11 Image size of job updated: 3277280
	2602  -  MemoryUsage of job (MB)
	2663628  -  ResidentSetSize of job (KB)
...
006 (005.5923.000) 05/07 14:33:17 Image size of job updated: 3300832
	2613  -  MemoryUsage of job (MB)
	2675640  -  ResidentSetSize of job (KB)
...
006 (005.5923.000) 05/07 14:33:23 Image size of job updated: 3308000
	2625  -  MemoryUsage of job (MB)
	2687652  -  ResidentSetSize of job (KB)
...
006 (005.5923.000) 05/07 14:33:29 Image size of job updated: 3308000
	2637  -  MemoryUsage of job (MB)
	2699532  -  ResidentSetSize of job (KB)
...
006 (005.5923.000) 05/07 14:33:35 Image size of job updated: 3308000
	2647  -  MemoryUsage of job (MB)
	2710356  -  ResidentSetSize of job (KB)
...
006 (005.5923.000) 05/07 14:33:41 Image size of job updated: 3338720
	2658  -  MemoryUsage of job (MB)
	2721180  -  ResidentSetSize of job (KB)
...
006 (005.5923.000) 05/07 14:33:47 Image size of job updated: 3338720
	2671  -  MemoryUsage of job (MB)
	2734380  -  ResidentSetSize of job (KB)
...
006 (005.5923.000) 05/07 14:33:53 Image size of job updated: 3373536
	2682  -  MemoryUsage of job (MB)
	2745996  -  ResidentSetSize of job (KB)
...
006 (005.5923.000) 05/07 14:33:59 Image size of job updated: 3373536
	2694  -  MemoryUsage of job (MB)
	2758536  -  ResidentSetSize of job (KB)
...
006 (005.5923.000) 05/07 14:34:05 Image size of job updated: 3392992
	2824  -  MemoryUsage of job (MB)
	2890800  -  ResidentSetSize of job (KB)
...
006 (005.5923.000) 05/07 14:34:11 Image size of job updated: 3570144
	2911  -  MemoryUsage of job (MB)
	2980824  -  ResidentSetSize of job (KB)
...
005 (005.5923.000) 05/07 14:34:15 Job terminated.
	(1) Normal termination (return value 0)
		Usr 0 00:21:27, Sys 0 00:00:03  -  Run Remote Usage
		Usr 0 00:00:00, Sys 0 00:00:00  -  Run Local Usage
		Usr 0 00:21:27, Sys 0 00:00:03  -  Total Remote Usage
		Usr 0 00:00:00, Sys 0 00:00:00  -  Total Local Usage
	0  -  Run Bytes Sent By Job
	0  -  Run Bytes Received By Job
	0  -  Total Bytes Sent By Job
	0  -  Total Bytes Received By Job
	Partitionable Resources :      Usage  Request Allocated 
	   Cpus                 :       0.99        1         1 
	   Disk (KB)            : 2000000     2000000   6275465 
	   Memory (MB)          :    2911        1954      2007 
...
