000 (205.2228.000) 05/06 03:18:20 Job submitted from host: <127.0.0.1:9618?addrs=127.0.0.1-9618&noUDP&sock=222_da1d_4>
...
033 (205.2228.000) 05/06 14:21:49 Changing job attribute JobPrio from 0 to -5
...
000 (007.2228.000) 05/07 18:59:44 Job submitted from host: <127.0.0.1:9618?addrs=127.0.0.1-9618&noUDP&sock=215_0cf3_4>
...
000 (016.2228.000) 05/08 15:56:55 Job submitted from host: <127.0.0.1:9618?addrs=127.0.0.1-9618&noUDP&sock=227_4816_4>
...
001 (016.2228.000) 05/09 08:28:21 Job executing on host: <127.0.0.1:9618?addrs=127.0.0.1-9618&noUDP&sock=227_4816_5>
...
006 (016.2228.000) 05/09 08:28:26 Image size of job updated: 2000000
	115  -  MemoryUsage of job (MB)
	117084  -  ResidentSetSize of job (KB)
...
006 (016.2228.000) 05/09 08:29:21 Image size of job updated: 2000000
	171  -  MemoryUsage of job (MB)
	174108  -  ResidentSetSize of job (KB)
...
006 (016.2228.000) 05/09 08:29:26 Image size of job updated: 2000000
	207  -  MemoryUsage of job (MB)
	211728  -  ResidentSetSize of job (KB)
...
006 (016.2228.000) 05/09 08:29:41 Image size of job updated: 2000000
	216  -  MemoryUsage of job (MB)
	220704  -  ResidentSetSize of job (KB)
...
006 (016.2228.000) 05/09 08:29:46 Image size of job updated: 2000000
	225  -  MemoryUsage of job (MB)
	230340  -  ResidentSetSize of job (KB)
...
006 (016.2228.000) 05/09 08:29:51 Image size of job updated: 2000000
	235  -  MemoryUsage of job (MB)
	239976  -  ResidentSetSize of job (KB)
...
006 (016.2228.000) 05/09 08:29:56 Image size of job updated: 2000000
	244  -  MemoryUsage of job (MB)
	249612  -  ResidentSetSize of job (KB)
...
006 (016.2228.000) 05/09 08:30:01 Image size of job updated: 2000000
	251  -  MemoryUsage of job (MB)
	256872  -  ResidentSetSize of job (KB)
...
006 (016.2228.000) 05/09 08:30:06 Image size of job updated: 2000000
	260  -  MemoryUsage of job (MB)
	265452  -  ResidentSetSize of job (KB)
...
006 (016.2228.000) 05/09 08:30:11 Image size of job updated: 2000000
	266  -  MemoryUsage of job (MB)
	272052  -  ResidentSetSize of job (KB)
...
006 (016.2228.000) 05/09 08:30:16 Image size of job updated: 2000000
	274  -  MemoryUsage of job (MB)
	280368  -  ResidentSetSize of job (KB)
...
006 (016.2228.000) 05/09 08:30:21 Image size of job updated: 2000000
	324  -  MemoryUsage of job (MB)
	331188  -  ResidentSetSize of job (KB)
...
006 (016.2228.000) 05/09 08:30:26 Image size of job updated: 2000000
	372  -  MemoryUsage of job (MB)
	380028  -  ResidentSetSize of job (KB)
...
006 (016.2228.000) 05/09 08:30:31 Image size of job updated: 2000000
	374  -  MemoryUsage of job (MB)
	382932  -  ResidentSetSize of job (KB)
...
006 (016.2228.000) 05/09 08:30:37 Image size of job updated: 2000000
	445  -  MemoryUsage of job (MB)
	454740  -  ResidentSetSize of job (KB)
...
006 (016.2228.000) 05/09 08:30:43 Image size of job updated: 2000000
	503  -  MemoryUsage of job (MB)
	514536  -  ResidentSetSize of job (KB)
...
006 (016.2228.000) 05/09 08:30:49 Image size of job updated: 2000000
	933  -  MemoryUsage of job (MB)
	955020  -  ResidentSetSize of job (KB)
...
006 (016.2228.000) 05/09 08:30:55 Image size of job updated: 2000000
	1239  -  MemoryUsage of job (MB)
	1268124  -  ResidentSetSize of job (KB)
...
006 (016.2228.000) 05/09 08:49:10 Image size of job updated: 2000000
	1254  -  MemoryUsage of job (MB)
	1283436  -  ResidentSetSize of job (KB)
...
006 (016.2228.000) 05/09 08:49:15 Image size of job updated: 2295120
	1570  -  MemoryUsage of job (MB)
	1607628  -  ResidentSetSize of job (KB)
...
006 (016.2228.000) 05/09 08:49:20 Image size of job updated: 2453200
	1780  -  MemoryUsage of job (MB)
	1821864  -  ResidentSetSize of job (KB)
...
006 (016.2228.000) 05/09 08:49:25 Image size of job updated: 2453200
	2006  -  MemoryUsage of job (MB)
	2054052  -  ResidentSetSize of job (KB)
...
006 (016.2228.000) 05/09 08:49:30 Image size of job updated: 2654448
	2006  -  MemoryUsage of job (MB)
	2054052  -  ResidentSetSize of job (KB)
...
006 (016.2228.000) 05/09 08:49:35 Image size of job updated: 2714864
	2031  -  MemoryUsage of job (MB)
	2078736  -  ResidentSetSize of job (KB)
...
006 (016.2228.000) 05/09 08:49:40 Image size of job updated: 2714864
	2128  -  MemoryUsage of job (MB)
	2178396  -  ResidentSetSize of job (KB)
...
006 (016.2228.000) 05/09 08:49:45 Image size of job updated: 2714864
	2217  -  MemoryUsage of job (MB)
	2270136  -  ResidentSetSize of job (KB)
...
006 (016.2228.000) 05/09 08:49:50 Image size of job updated: 2965744
	2276  -  MemoryUsage of job (MB)
	2330328  -  ResidentSetSize of job (KB)
...
006 (016.2228.000) 05/09 08:49:55 Image size of job updated: 2965744
	2327  -  MemoryUsage of job (MB)
	2382468  -  ResidentSetSize of job (KB)
...
006 (016.2228.000) 05/09 08:50:00 Image size of job updated: 2965744
	2377  -  MemoryUsage of job (MB)
	2433684  -  ResidentSetSize of job (KB)
...
006 (016.2228.000) 05/09 08:50:05 Image size of job updated: 3119344
	2426  -  MemoryUsage of job (MB)
	2483712  -  ResidentSetSize of job (KB)
...
006 (016.2228.000) 05/09 08:50:10 Image size of job updated: 3119344
	2475  -  MemoryUsage of job (MB)
	2534400  -  ResidentSetSize of job (KB)
...
006 (016.2228.000) 05/09 08:50:15 Image size of job updated: 3119344
	2524  -  MemoryUsage of job (MB)
	2584032  -  ResidentSetSize of job (KB)
...
006 (016.2228.000) 05/09 08:50:20 Image size of job updated: 3269872
	2572  -  MemoryUsage of job (MB)
	2633268  -  ResidentSetSize of job (KB)
...
006 (016.2228.000) 05/09 08:50:25 Image size of job updated: 3269872
	2619  -  MemoryUsage of job (MB)
	2681184  -  ResidentSetSize of job (KB)
...
006 (016.2228.000) 05/09 08:50:30 Image size of job updated: 3269872
	2664  -  MemoryUsage of job (MB)
	2727912  -  ResidentSetSize of job (KB)
...
006 (016.2228.000) 05/09 08:50:35 Image size of job updated: 3417328
	2711  -  MemoryUsage of job (MB)
	2775300  -  ResidentSetSize of job (KB)
...
006 (016.2228.000) 05/09 08:50:40 Image size of job updated: 3447024
	2752  -  MemoryUsage of job (MB)
	2817936  -  ResidentSetSize of job (KB)
...
006 (016.2228.000) 05/09 08:50:45 Image size of job updated: 3447024
	2804  -  MemoryUsage of job (MB)
	2871132  -  ResidentSetSize of job (KB)
...
006 (016.2228.000) 05/09 08:50:50 Image size of job updated: 3566832
	2857  -  MemoryUsage of job (MB)
	2925120  -  ResidentSetSize of job (KB)
...
006 (016.2228.000) 05/09 08:50:55 Image size of job updated: 3566832
	2910  -  MemoryUsage of job (MB)
	2979636  -  ResidentSetSize of job (KB)
...
006 (016.2228.000) 05/09 08:51:00 Image size of job updated: 3566832
	2964  -  MemoryUsage of job (MB)
	3034812  -  ResidentSetSize of job (KB)
...
006 (016.2228.000) 05/09 08:51:05 Image size of job updated: 3740912
	3017  -  MemoryUsage of job (MB)
	3089196  -  ResidentSetSize of job (KB)
...
006 (016.2228.000) 05/09 08:51:10 Image size of job updated: 3740912
	3070  -  MemoryUsage of job (MB)
	3142920  -  ResidentSetSize of job (KB)
...
006 (016.2228.000) 05/09 08:51:15 Image size of job updated: 3826928
	3119  -  MemoryUsage of job (MB)
	3193476  -  ResidentSetSize of job (KB)
...
006 (016.2228.000) 05/09 08:51:20 Image size of job updated: 3826928
	3170  -  MemoryUsage of job (MB)
	3245616  -  ResidentSetSize of job (KB)
...
006 (016.2228.000) 05/09 08:51:25 Image size of job updated: 3906800
	3222  -  MemoryUsage of job (MB)
	3298812  -  ResidentSetSize of job (KB)
...
006 (016.2228.000) 05/09 08:51:30 Image size of job updated: 3906800
	3274  -  MemoryUsage of job (MB)
	3352272  -  ResidentSetSize of job (KB)
...
006 (016.2228.000) 05/09 08:51:35 Image size of job updated: 3906800
	3327  -  MemoryUsage of job (MB)
	3405996  -  ResidentSetSize of job (KB)
...
006 (016.2228.000) 05/09 08:51:40 Image size of job updated: 4066544
	3378  -  MemoryUsage of job (MB)
	3458268  -  ResidentSetSize of job (KB)
...
006 (016.2228.000) 05/09 08:51:45 Image size of job updated: 4066544
	3430  -  MemoryUsage of job (MB)
	3511992  -  ResidentSetSize of job (KB)
...
006 (016.2228.000) 05/09 08:51:50 Image size of job updated: 4066544
	3482  -  MemoryUsage of job (MB)
	3564792  -  ResidentSetSize of job (KB)
...
006 (016.2228.000) 05/09 08:51:55 Image size of job updated: 4225264
	3534  -  MemoryUsage of job (MB)
	3618384  -  ResidentSetSize of job (KB)
...
006 (016.2228.000) 05/09 08:52:00 Image size of job updated: 4225264
	3565  -  MemoryUsage of job (MB)
	3650196  -  ResidentSetSize of job (KB)
...
006 (016.2228.000) 05/09 08:52:05 Image size of job updated: 4318448
	3596  -  MemoryUsage of job (MB)
	3681480  -  ResidentSetSize of job (KB)
...
006 (016.2228.000) 05/09 08:52:11 Image size of job updated: 4380912
	3655  -  MemoryUsage of job (MB)
	3741804  -  ResidentSetSize of job (KB)
...
006 (016.2228.000) 05/09 08:52:17 Image size of job updated: 4380912
	3713  -  MemoryUsage of job (MB)
	3801732  -  ResidentSetSize of job (KB)
...
006 (016.2228.000) 05/09 08:52:23 Image size of job updated: 4528368
	3769  -  MemoryUsage of job (MB)
	3859284  -  ResidentSetSize of job (KB)
...
006 (016.2228.000) 05/09 08:52:29 Image size of job updated: 4528368
	3828  -  MemoryUsage of job (MB)
	3919476  -  ResidentSetSize of job (KB)
...
006 (016.2228.000) 05/09 08:52:35 Image size of job updated: 4634864
	3887  -  MemoryUsage of job (MB)
	3979404  -  ResidentSetSize of job (KB)
...
006 (016.2228.000) 05/09 08:52:41 Image size of job updated: 4698352
	3948  -  MemoryUsage of job (MB)
	4042500  -  ResidentSetSize of job (KB)
...
006 (016.2228.000) 05/09 08:52:47 Image size of job updated: 4745456
	4010  -  MemoryUsage of job (MB)
	4105728  -  ResidentSetSize of job (KB)
...
006 (016.2228.000) 05/09 08:52:53 Image size of job updated: 4856048
	4085  -  MemoryUsage of job (MB)
	4182288  -  ResidentSetSize of job (KB)
...
006 (016.2228.000) 05/09 08:52:59 Image size of job updated: 4920560
	4155  -  MemoryUsage of job (MB)
	4253964  -  ResidentSetSize of job (KB)
...
006 (016.2228.000) 05/09 08:53:05 Image size of job updated: 5000432
	4238  -  MemoryUsage of job (MB)
	4338840  -  ResidentSetSize of job (KB)
...
006 (016.2228.000) 05/09 08:53:11 Image size of job updated: 5083376
	4309  -  MemoryUsage of job (MB)
	4411968  -  ResidentSetSize of job (KB)
...
006 (016.2228.000) 05/09 08:53:17 Image size of job updated: 5132528
	4383  -  MemoryUsage of job (MB)
	4487736  -  ResidentSetSize of job (KB)
...
006 (016.2228.000) 05/09 08:53:23 Image size of job updated: 5197040
	4461  -  MemoryUsage of job (MB)
	4567200  -  ResidentSetSize of job (KB)
...
006 (016.2228.000) 05/09 08:53:29 Image size of job updated: 5251312
	4539  -  MemoryUsage of job (MB)
	4647192  -  ResidentSetSize of job (KB)
...
006 (016.2228.000) 05/09 08:53:35 Image size of job updated: 5251312
	4615  -  MemoryUsage of job (MB)
	4724808  -  ResidentSetSize of job (KB)
...
006 (016.2228.000) 05/09 08:53:41 Image size of job updated: 5461232
	4679  -  MemoryUsage of job (MB)
	4790280  -  ResidentSetSize of job (KB)
...
006 (016.2228.000) 05/09 08:53:47 Image size of job updated: 5461232
	4738  -  MemoryUsage of job (MB)
	4850868  -  ResidentSetSize of job (KB)
...
006 (016.2228.000) 05/09 08:53:53 Image size of job updated: 5461232
	4795  -  MemoryUsage of job (MB)
	4909608  -  ResidentSetSize of job (KB)
...
006 (016.2228.000) 05/09 08:53:59 Image size of job updated: 5610736
	4854  -  MemoryUsage of job (MB)
	4970064  -  ResidentSetSize of job (KB)
...
006 (016.2228.000) 05/09 08:54:05 Image size of job updated: 5610736
	4913  -  MemoryUsage of job (MB)
	5030256  -  ResidentSetSize of job (KB)
...
006 (016.2228.000) 05/09 08:54:11 Image size of job updated: 5610736
	4972  -  MemoryUsage of job (MB)
	5090976  -  ResidentSetSize of job (KB)
...
006 (016.2228.000) 05/09 08:54:17 Image size of job updated: 5770480
	5031  -  MemoryUsage of job (MB)
	5150772  -  ResidentSetSize of job (KB)
...
006 (016.2228.000) 05/09 08:54:23 Image size of job updated: 5770480
	5089  -  MemoryUsage of job (MB)
	5210964  -  ResidentSetSize of job (KB)
...
006 (016.2228.000) 05/09 08:54:29 Image size of job updated: 5770480
	5147  -  MemoryUsage of job (MB)
	5270232  -  ResidentSetSize of job (KB)
...
006 (016.2228.000) 05/09 08:54:35 Image size of job updated: 5949680
	5206  -  MemoryUsage of job (MB)
	5330160  -  ResidentSetSize of job (KB)
...
006 (016.2228.000) 05/09 08:54:41 Image size of job updated: 5949680
	5264  -  MemoryUsage of job (MB)
	5389956  -  ResidentSetSize of job (KB)
...
006 (016.2228.000) 05/09 08:54:47 Image size of job updated: 6099184
	5315  -  MemoryUsage of job (MB)
	5442360  -  ResidentSetSize of job (KB)
...
006 (016.2228.000) 05/09 08:54:53 Image size of job updated: 6099184
	5340  -  MemoryUsage of job (MB)
	5467440  -  ResidentSetSize of job (KB)
...
006 (016.2228.000) 05/09 08:54:59 Image size of job updated: 6099184
	5362  -  MemoryUsage of job (MB)
	5490012  -  ResidentSetSize of job (KB)
...
006 (016.2228.000) 05/09 08:55:16 Image size of job updated: 6254832
	5380  -  MemoryUsage of job (MB)
	5508360  -  ResidentSetSize of job (KB)
...
006 (016.2228.000) 05/09 08:55:43 Image size of job updated: 6530288
	5577  -  MemoryUsage of job (MB)
	5710452  -  ResidentSetSize of job (KB)
...
006 (016.2228.000) 05/09 08:56:05 Image size of job updated: 6670576
	5789  -  MemoryUsage of job (MB)
	5926932  -  ResidentSetSize of job (KB)
...
006 (016.2228.000) 05/09 08:56:19 Image size of job updated: 6893808
	5929  -  MemoryUsage of job (MB)
	6070284  -  ResidentSetSize of job (KB)
...
006 (016.2228.000) 05/09 08:56:27 Image size of job updated: 6930672
	6009  -  MemoryUsage of job (MB)
	6152784  -  ResidentSetSize of job (KB)
...
006 (016.2228.000) 05/09 08:56:33 Image size of job updated: 7005424
	6066  -  MemoryUsage of job (MB)
	6210996  -  ResidentSetSize of job (KB)
...
006 (016.2228.000) 05/09 08:56:39 Image size of job updated: 7005424
	6125  -  MemoryUsage of job (MB)
	6271584  -  ResidentSetSize of job (KB)
...
006 (016.2228.000) 05/09 08:56:45 Image size of job updated: 7135472
	6184  -  MemoryUsage of job (MB)
	6331776  -  ResidentSetSize of job (KB)
...
006 (016.2228.000) 05/09 08:56:51 Image size of job updated: 7135472
	6243  -  MemoryUsage of job (MB)
	6391836  -  ResidentSetSize of job (KB)
...
006 (016.2228.000) 05/09 08:56:57 Image size of job updated: 7443696
	6502  -  MemoryUsage of job (MB)
	6657948  -  ResidentSetSize of job (KB)
...
006 (016.2228.000) 05/09 08:57:03 Image size of job updated: 7444464
	6502  -  MemoryUsage of job (MB)
	6657948  -  ResidentSetSize of job (KB)
...
005 (016.2228.000) 05/09 08:57:05 Job terminated.
	(1) Normal termination (return value 0)
		Usr 0 00:27:16, Sys 0 00:00:14  -  Run Remote Usage
		Usr 0 00:00:00, Sys 0 00:00:00  -  Run Local Usage
		Usr 0 00:27:16, Sys 0 00:00:14  -  Total Remote Usage
		Usr 0 00:00:00, Sys 0 00:00:00  -  Total Local Usage
	0  -  Run Bytes Sent By Job
	0  -  Run Bytes Received By Job
	0  -  Total Bytes Sent By Job
	0  -  Total Bytes Received By Job
	Partitionable Resources :      Usage  Request Allocated 
	   Cpus                 :       1.00        1         1 
	   Disk (KB)            : 2000000     2000000   6275465 
	   Memory (MB)          :    6502        1954      2007 
...
