000 (205.8291.000) 05/06 03:21:41 Job submitted from host: <127.0.0.1:9618?addrs=127.0.0.1-9618&noUDP&sock=222_da1d_4>
...
033 (205.8291.000) 05/06 14:24:05 Changing job attribute JobPrio from 0 to -5
...
000 (007.8291.000) 05/07 19:00:57 Job submitted from host: <127.0.0.1:9618?addrs=127.0.0.1-9618&noUDP&sock=215_0cf3_4>
...
000 (016.8291.000) 05/08 15:58:00 Job submitted from host: <127.0.0.1:9618?addrs=127.0.0.1-9618&noUDP&sock=227_4816_4>
...
009 (016.8291.000) 05/09 16:56:05 Job was aborted by the user.
	via condor_rm (by user aw868)
...
000 (014.1130.000) 05/09 17:30:12 Job submitted from host: <127.0.0.1:9618?addrs=127.0.0.1-9618&noUDP&sock=212_fe2a_4>
...
033 (014.1130.000) 05/09 17:34:09 Changing job attribute JobPrio from 0 to -10
...
033 (014.1130.000) 05/09 21:36:20 Changing job attribute JobPrio from -10 to -15
...
001 (014.1130.000) 05/10 11:42:02 Job executing on host: <127.0.0.1:9618?addrs=127.0.0.1-9618&noUDP&sock=212_fe2a_5>
...
006 (014.1130.000) 05/10 11:42:08 Image size of job updated: 2000000
	112  -  MemoryUsage of job (MB)
	114048  -  ResidentSetSize of job (KB)
...
006 (014.1130.000) 05/10 11:42:13 Image size of job updated: 2000000
	115  -  MemoryUsage of job (MB)
	117084  -  ResidentSetSize of job (KB)
...
006 (014.1130.000) 05/10 11:42:38 Image size of job updated: 2000000
	162  -  MemoryUsage of job (MB)
	164868  -  ResidentSetSize of job (KB)
...
006 (014.1130.000) 05/10 11:42:43 Image size of job updated: 2000000
	211  -  MemoryUsage of job (MB)
	215556  -  ResidentSetSize of job (KB)
...
006 (014.1130.000) 05/10 11:42:53 Image size of job updated: 2000000
	212  -  MemoryUsage of job (MB)
	216216  -  ResidentSetSize of job (KB)
...
006 (014.1130.000) 05/10 11:42:58 Image size of job updated: 2000000
	222  -  MemoryUsage of job (MB)
	226380  -  ResidentSetSize of job (KB)
...
006 (014.1130.000) 05/10 11:43:03 Image size of job updated: 2000000
	231  -  MemoryUsage of job (MB)
	236280  -  ResidentSetSize of job (KB)
...
006 (014.1130.000) 05/10 11:43:08 Image size of job updated: 2000000
	241  -  MemoryUsage of job (MB)
	246180  -  ResidentSetSize of job (KB)
...
006 (014.1130.000) 05/10 11:43:13 Image size of job updated: 2000000
	251  -  MemoryUsage of job (MB)
	256080  -  ResidentSetSize of job (KB)
...
006 (014.1130.000) 05/10 11:43:18 Image size of job updated: 2000000
	262  -  MemoryUsage of job (MB)
	267300  -  ResidentSetSize of job (KB)
...
006 (014.1130.000) 05/10 11:43:23 Image size of job updated: 2000000
	266  -  MemoryUsage of job (MB)
	271392  -  ResidentSetSize of job (KB)
...
006 (014.1130.000) 05/10 11:43:28 Image size of job updated: 2000000
	272  -  MemoryUsage of job (MB)
	278124  -  ResidentSetSize of job (KB)
...
006 (014.1130.000) 05/10 11:43:33 Image size of job updated: 2000000
	287  -  MemoryUsage of job (MB)
	293304  -  ResidentSetSize of job (KB)
...
006 (014.1130.000) 05/10 11:43:38 Image size of job updated: 2000000
	326  -  MemoryUsage of job (MB)
	333300  -  ResidentSetSize of job (KB)
...
006 (014.1130.000) 05/10 11:43:43 Image size of job updated: 2000000
	365  -  MemoryUsage of job (MB)
	373560  -  ResidentSetSize of job (KB)
...
006 (014.1130.000) 05/10 11:43:48 Image size of job updated: 2000000
	379  -  MemoryUsage of job (MB)
	387948  -  ResidentSetSize of job (KB)
...
006 (014.1130.000) 05/10 11:43:53 Image size of job updated: 2000000
	402  -  MemoryUsage of job (MB)
	410916  -  ResidentSetSize of job (KB)
...
006 (014.1130.000) 05/10 11:43:58 Image size of job updated: 2000000
	462  -  MemoryUsage of job (MB)
	472296  -  ResidentSetSize of job (KB)
...
006 (014.1130.000) 05/10 11:44:03 Image size of job updated: 2000000
	510  -  MemoryUsage of job (MB)
	522192  -  ResidentSetSize of job (KB)
...
006 (014.1130.000) 05/10 11:44:08 Image size of job updated: 2000000
	554  -  MemoryUsage of job (MB)
	567072  -  ResidentSetSize of job (KB)
...
006 (014.1130.000) 05/10 11:44:13 Image size of job updated: 2000000
	1243  -  MemoryUsage of job (MB)
	1271820  -  ResidentSetSize of job (KB)
...
006 (014.1130.000) 05/10 12:00:29 Image size of job updated: 2000000
	1281  -  MemoryUsage of job (MB)
	1311156  -  ResidentSetSize of job (KB)
...
006 (014.1130.000) 05/10 12:00:35 Image size of job updated: 2303316
	1695  -  MemoryUsage of job (MB)
	1734876  -  ResidentSetSize of job (KB)
...
006 (014.1130.000) 05/10 12:00:41 Image size of job updated: 2303316
	1774  -  MemoryUsage of job (MB)
	1816188  -  ResidentSetSize of job (KB)
...
006 (014.1130.000) 05/10 12:00:47 Image size of job updated: 2303316
	1791  -  MemoryUsage of job (MB)
	1833348  -  ResidentSetSize of job (KB)
...
006 (014.1130.000) 05/10 12:00:53 Image size of job updated: 2697972
	1978  -  MemoryUsage of job (MB)
	2024748  -  ResidentSetSize of job (KB)
...
006 (014.1130.000) 05/10 12:00:59 Image size of job updated: 2697972
	2052  -  MemoryUsage of job (MB)
	2100912  -  ResidentSetSize of job (KB)
...
006 (014.1130.000) 05/10 12:01:05 Image size of job updated: 2777332
	2103  -  MemoryUsage of job (MB)
	2153316  -  ResidentSetSize of job (KB)
...
006 (014.1130.000) 05/10 12:01:11 Image size of job updated: 2777332
	2173  -  MemoryUsage of job (MB)
	2224464  -  ResidentSetSize of job (KB)
...
006 (014.1130.000) 05/10 12:01:19 Image size of job updated: 2777332
	2197  -  MemoryUsage of job (MB)
	2249676  -  ResidentSetSize of job (KB)
...
006 (014.1130.000) 05/10 12:01:25 Image size of job updated: 2950388
	2251  -  MemoryUsage of job (MB)
	2304852  -  ResidentSetSize of job (KB)
...
006 (014.1130.000) 05/10 12:01:31 Image size of job updated: 2950388
	2306  -  MemoryUsage of job (MB)
	2360952  -  ResidentSetSize of job (KB)
...
006 (014.1130.000) 05/10 12:01:37 Image size of job updated: 3042548
	2364  -  MemoryUsage of job (MB)
	2420484  -  ResidentSetSize of job (KB)
...
006 (014.1130.000) 05/10 12:01:43 Image size of job updated: 3042548
	2425  -  MemoryUsage of job (MB)
	2482920  -  ResidentSetSize of job (KB)
...
006 (014.1130.000) 05/10 12:01:49 Image size of job updated: 3163380
	2469  -  MemoryUsage of job (MB)
	2528196  -  ResidentSetSize of job (KB)
...
006 (014.1130.000) 05/10 12:01:55 Image size of job updated: 3256564
	2553  -  MemoryUsage of job (MB)
	2613468  -  ResidentSetSize of job (KB)
...
006 (014.1130.000) 05/10 12:02:01 Image size of job updated: 3256564
	2625  -  MemoryUsage of job (MB)
	2687520  -  ResidentSetSize of job (KB)
...
006 (014.1130.000) 05/10 12:02:07 Image size of job updated: 3406068
	2697  -  MemoryUsage of job (MB)
	2761308  -  ResidentSetSize of job (KB)
...
006 (014.1130.000) 05/10 12:02:13 Image size of job updated: 3406068
	2734  -  MemoryUsage of job (MB)
	2799456  -  ResidentSetSize of job (KB)
...
006 (014.1130.000) 05/10 12:02:19 Image size of job updated: 3456244
	2800  -  MemoryUsage of job (MB)
	2866248  -  ResidentSetSize of job (KB)
...
006 (014.1130.000) 05/10 12:02:25 Image size of job updated: 3559668
	2877  -  MemoryUsage of job (MB)
	2945184  -  ResidentSetSize of job (KB)
...
006 (014.1130.000) 05/10 12:02:31 Image size of job updated: 3559668
	2954  -  MemoryUsage of job (MB)
	3024120  -  ResidentSetSize of job (KB)
...
006 (014.1130.000) 05/10 12:02:37 Image size of job updated: 3559668
	3023  -  MemoryUsage of job (MB)
	3095400  -  ResidentSetSize of job (KB)
...
006 (014.1130.000) 05/10 12:02:43 Image size of job updated: 3764468
	3077  -  MemoryUsage of job (MB)
	3150576  -  ResidentSetSize of job (KB)
...
006 (014.1130.000) 05/10 12:02:49 Image size of job updated: 3837172
	3149  -  MemoryUsage of job (MB)
	3223704  -  ResidentSetSize of job (KB)
...
006 (014.1130.000) 05/10 12:02:55 Image size of job updated: 3943668
	3219  -  MemoryUsage of job (MB)
	3295380  -  ResidentSetSize of job (KB)
...
006 (014.1130.000) 05/10 12:03:01 Image size of job updated: 3955956
	3291  -  MemoryUsage of job (MB)
	3369564  -  ResidentSetSize of job (KB)
...
006 (014.1130.000) 05/10 12:03:07 Image size of job updated: 3955956
	3362  -  MemoryUsage of job (MB)
	3442428  -  ResidentSetSize of job (KB)
...
006 (014.1130.000) 05/10 12:03:13 Image size of job updated: 4134132
	3426  -  MemoryUsage of job (MB)
	3507372  -  ResidentSetSize of job (KB)
...
006 (014.1130.000) 05/10 12:03:19 Image size of job updated: 4134132
	3461  -  MemoryUsage of job (MB)
	3543672  -  ResidentSetSize of job (KB)
...
006 (014.1130.000) 05/10 12:03:24 Image size of job updated: 4229364
	3494  -  MemoryUsage of job (MB)
	3577332  -  ResidentSetSize of job (KB)
...
006 (014.1130.000) 05/10 12:03:29 Image size of job updated: 4306164
	3557  -  MemoryUsage of job (MB)
	3641748  -  ResidentSetSize of job (KB)
...
006 (014.1130.000) 05/10 12:03:34 Image size of job updated: 4306164
	3625  -  MemoryUsage of job (MB)
	3711708  -  ResidentSetSize of job (KB)
...
006 (014.1130.000) 05/10 12:03:39 Image size of job updated: 4433140
	3689  -  MemoryUsage of job (MB)
	3777180  -  ResidentSetSize of job (KB)
...
006 (014.1130.000) 05/10 12:03:44 Image size of job updated: 4533492
	3762  -  MemoryUsage of job (MB)
	3852288  -  ResidentSetSize of job (KB)
...
006 (014.1130.000) 05/10 12:03:49 Image size of job updated: 4588788
	3824  -  MemoryUsage of job (MB)
	3915252  -  ResidentSetSize of job (KB)
...
006 (014.1130.000) 05/10 12:03:54 Image size of job updated: 4588788
	3885  -  MemoryUsage of job (MB)
	3977424  -  ResidentSetSize of job (KB)
...
006 (014.1130.000) 05/10 12:03:59 Image size of job updated: 4720884
	3946  -  MemoryUsage of job (MB)
	4039728  -  ResidentSetSize of job (KB)
...
006 (014.1130.000) 05/10 12:04:04 Image size of job updated: 4720884
	4007  -  MemoryUsage of job (MB)
	4102692  -  ResidentSetSize of job (KB)
...
006 (014.1130.000) 05/10 12:04:09 Image size of job updated: 4720884
	4068  -  MemoryUsage of job (MB)
	4164864  -  ResidentSetSize of job (KB)
...
006 (014.1130.000) 05/10 12:04:14 Image size of job updated: 4904180
	4092  -  MemoryUsage of job (MB)
	4189548  -  ResidentSetSize of job (KB)
...
006 (014.1130.000) 05/10 12:04:28 Image size of job updated: 4904180
	4133  -  MemoryUsage of job (MB)
	4231260  -  ResidentSetSize of job (KB)
...
006 (014.1130.000) 05/10 12:04:35 Image size of job updated: 5014772
	4249  -  MemoryUsage of job (MB)
	4350324  -  ResidentSetSize of job (KB)
...
006 (014.1130.000) 05/10 12:04:41 Image size of job updated: 5014772
	4326  -  MemoryUsage of job (MB)
	4428996  -  ResidentSetSize of job (KB)
...
006 (014.1130.000) 05/10 12:04:46 Image size of job updated: 5209332
	4388  -  MemoryUsage of job (MB)
	4493280  -  ResidentSetSize of job (KB)
...
006 (014.1130.000) 05/10 12:04:51 Image size of job updated: 5209332
	4430  -  MemoryUsage of job (MB)
	4536048  -  ResidentSetSize of job (KB)
...
006 (014.1130.000) 05/10 12:04:56 Image size of job updated: 5301492
	4496  -  MemoryUsage of job (MB)
	4603896  -  ResidentSetSize of job (KB)
...
006 (014.1130.000) 05/10 12:05:01 Image size of job updated: 5415156
	4559  -  MemoryUsage of job (MB)
	4667916  -  ResidentSetSize of job (KB)
...
006 (014.1130.000) 05/10 12:05:06 Image size of job updated: 5474548
	4620  -  MemoryUsage of job (MB)
	4730484  -  ResidentSetSize of job (KB)
...
006 (014.1130.000) 05/10 12:05:12 Image size of job updated: 5537012
	4692  -  MemoryUsage of job (MB)
	4804404  -  ResidentSetSize of job (KB)
...
006 (014.1130.000) 05/10 12:05:18 Image size of job updated: 5600500
	4766  -  MemoryUsage of job (MB)
	4879512  -  ResidentSetSize of job (KB)
...
006 (014.1130.000) 05/10 12:05:24 Image size of job updated: 5658868
	4839  -  MemoryUsage of job (MB)
	4954752  -  ResidentSetSize of job (KB)
...
006 (014.1130.000) 05/10 12:05:30 Image size of job updated: 5767412
	4912  -  MemoryUsage of job (MB)
	5029860  -  ResidentSetSize of job (KB)
...
006 (014.1130.000) 05/10 12:05:36 Image size of job updated: 5767412
	4986  -  MemoryUsage of job (MB)
	5105232  -  ResidentSetSize of job (KB)
...
006 (014.1130.000) 05/10 12:05:42 Image size of job updated: 5901556
	5056  -  MemoryUsage of job (MB)
	5177172  -  ResidentSetSize of job (KB)
...
006 (014.1130.000) 05/10 12:05:48 Image size of job updated: 5976308
	5129  -  MemoryUsage of job (MB)
	5251224  -  ResidentSetSize of job (KB)
...
006 (014.1130.000) 05/10 12:05:54 Image size of job updated: 5976308
	5202  -  MemoryUsage of job (MB)
	5326728  -  ResidentSetSize of job (KB)
...
006 (014.1130.000) 05/10 12:06:00 Image size of job updated: 6139124
	5273  -  MemoryUsage of job (MB)
	5399064  -  ResidentSetSize of job (KB)
...
006 (014.1130.000) 05/10 12:06:06 Image size of job updated: 6230260
	5346  -  MemoryUsage of job (MB)
	5473776  -  ResidentSetSize of job (KB)
...
006 (014.1130.000) 05/10 12:06:12 Image size of job updated: 6290676
	5419  -  MemoryUsage of job (MB)
	5548884  -  ResidentSetSize of job (KB)
...
006 (014.1130.000) 05/10 12:06:18 Image size of job updated: 6325492
	5494  -  MemoryUsage of job (MB)
	5625312  -  ResidentSetSize of job (KB)
...
006 (014.1130.000) 05/10 12:06:24 Image size of job updated: 6325492
	5571  -  MemoryUsage of job (MB)
	5704512  -  ResidentSetSize of job (KB)
...
006 (014.1130.000) 05/10 12:06:30 Image size of job updated: 6537460
	5648  -  MemoryUsage of job (MB)
	5783052  -  ResidentSetSize of job (KB)
...
006 (014.1130.000) 05/10 12:06:36 Image size of job updated: 6616308
	5724  -  MemoryUsage of job (MB)
	5860404  -  ResidentSetSize of job (KB)
...
006 (014.1130.000) 05/10 12:06:42 Image size of job updated: 6629620
	5799  -  MemoryUsage of job (MB)
	5937624  -  ResidentSetSize of job (KB)
...
006 (014.1130.000) 05/10 12:06:48 Image size of job updated: 6722804
	5877  -  MemoryUsage of job (MB)
	6017616  -  ResidentSetSize of job (KB)
...
006 (014.1130.000) 05/10 12:06:54 Image size of job updated: 6722804
	5957  -  MemoryUsage of job (MB)
	6099456  -  ResidentSetSize of job (KB)
...
006 (014.1130.000) 05/10 12:07:00 Image size of job updated: 6943988
	6033  -  MemoryUsage of job (MB)
	6177600  -  ResidentSetSize of job (KB)
...
006 (014.1130.000) 05/10 12:07:06 Image size of job updated: 6966516
	6108  -  MemoryUsage of job (MB)
	6253632  -  ResidentSetSize of job (KB)
...
006 (014.1130.000) 05/10 12:07:12 Image size of job updated: 6966516
	6201  -  MemoryUsage of job (MB)
	6349200  -  ResidentSetSize of job (KB)
...
006 (014.1130.000) 05/10 12:07:18 Image size of job updated: 7167220
	6302  -  MemoryUsage of job (MB)
	6452820  -  ResidentSetSize of job (KB)
...
006 (014.1130.000) 05/10 12:07:24 Image size of job updated: 7167220
	6402  -  MemoryUsage of job (MB)
	6555648  -  ResidentSetSize of job (KB)
...
006 (014.1130.000) 05/10 12:07:30 Image size of job updated: 7409908
	6490  -  MemoryUsage of job (MB)
	6644880  -  ResidentSetSize of job (KB)
...
006 (014.1130.000) 05/10 12:07:36 Image size of job updated: 7409908
	6568  -  MemoryUsage of job (MB)
	6724872  -  ResidentSetSize of job (KB)
...
006 (014.1130.000) 05/10 12:07:42 Image size of job updated: 7409908
	6644  -  MemoryUsage of job (MB)
	6802884  -  ResidentSetSize of job (KB)
...
006 (014.1130.000) 05/10 12:07:48 Image size of job updated: 7607540
	6710  -  MemoryUsage of job (MB)
	6870072  -  ResidentSetSize of job (KB)
...
006 (014.1130.000) 05/10 12:07:54 Image size of job updated: 7607540
	6713  -  MemoryUsage of job (MB)
	6873108  -  ResidentSetSize of job (KB)
...
006 (014.1130.000) 05/10 12:08:00 Image size of job updated: 7785716
	6725  -  MemoryUsage of job (MB)
	6886308  -  ResidentSetSize of job (KB)
...
006 (014.1130.000) 05/10 12:08:06 Image size of job updated: 7785716
	6757  -  MemoryUsage of job (MB)
	6918516  -  ResidentSetSize of job (KB)
...
005 (014.1130.000) 05/10 12:08:11 Job terminated.
	(0) Abnormal termination (signal 9)
	(0) No core file
		Usr 0 00:24:55, Sys 0 00:00:15  -  Run Remote Usage
		Usr 0 00:00:00, Sys 0 00:00:00  -  Run Local Usage
		Usr 0 00:24:55, Sys 0 00:00:15  -  Total Remote Usage
		Usr 0 00:00:00, Sys 0 00:00:00  -  Total Local Usage
	0  -  Run Bytes Sent By Job
	0  -  Run Bytes Received By Job
	0  -  Total Bytes Sent By Job
	0  -  Total Bytes Received By Job
	Partitionable Resources :      Usage  Request Allocated 
	   Cpus                 :       0.94        1         1 
	   Disk (KB)            : 2000000     2000000   6232219 
	   Memory (MB)          :    6757        1954      2007 
...
000 (019.954.000) 05/12 04:13:42 Job submitted from host: <127.0.0.1:9618?addrs=127.0.0.1-9618&noUDP&sock=227_4816_4>
...
001 (019.954.000) 05/12 11:27:18 Job executing on host: <127.0.0.1:9618?addrs=127.0.0.1-9618&noUDP&sock=227_4816_5>
...
006 (019.954.000) 05/12 11:27:24 Image size of job updated: 2000000
	37  -  MemoryUsage of job (MB)
	37620  -  ResidentSetSize of job (KB)
...
006 (019.954.000) 05/12 11:27:36 Image size of job updated: 2000000
	40  -  MemoryUsage of job (MB)
	40392  -  ResidentSetSize of job (KB)
...
006 (019.954.000) 05/12 11:27:42 Image size of job updated: 2000000
	56  -  MemoryUsage of job (MB)
	56364  -  ResidentSetSize of job (KB)
...
006 (019.954.000) 05/12 11:27:49 Image size of job updated: 2000000
	73  -  MemoryUsage of job (MB)
	73788  -  ResidentSetSize of job (KB)
...
006 (019.954.000) 05/12 11:27:58 Image size of job updated: 2000000
	113  -  MemoryUsage of job (MB)
	115368  -  ResidentSetSize of job (KB)
...
006 (019.954.000) 05/12 11:28:33 Image size of job updated: 2000000
	166  -  MemoryUsage of job (MB)
	169620  -  ResidentSetSize of job (KB)
...
006 (019.954.000) 05/12 11:28:42 Image size of job updated: 2000000
	208  -  MemoryUsage of job (MB)
	212784  -  ResidentSetSize of job (KB)
...
006 (019.954.000) 05/12 11:28:48 Image size of job updated: 2000000
	209  -  MemoryUsage of job (MB)
	213180  -  ResidentSetSize of job (KB)
...
006 (019.954.000) 05/12 11:28:54 Image size of job updated: 2000000
	214  -  MemoryUsage of job (MB)
	218724  -  ResidentSetSize of job (KB)
...
006 (019.954.000) 05/12 11:29:00 Image size of job updated: 2000000
	226  -  MemoryUsage of job (MB)
	230736  -  ResidentSetSize of job (KB)
...
006 (019.954.000) 05/12 11:29:07 Image size of job updated: 2000000
	234  -  MemoryUsage of job (MB)
	238788  -  ResidentSetSize of job (KB)
...
006 (019.954.000) 05/12 11:29:22 Image size of job updated: 2000000
	254  -  MemoryUsage of job (MB)
	259380  -  ResidentSetSize of job (KB)
...
006 (019.954.000) 05/12 11:29:27 Image size of job updated: 2000000
	263  -  MemoryUsage of job (MB)
	268752  -  ResidentSetSize of job (KB)
...
006 (019.954.000) 05/12 11:29:32 Image size of job updated: 2000000
	264  -  MemoryUsage of job (MB)
	269808  -  ResidentSetSize of job (KB)
...
006 (019.954.000) 05/12 11:29:37 Image size of job updated: 2000000
	270  -  MemoryUsage of job (MB)
	276144  -  ResidentSetSize of job (KB)
...
006 (019.954.000) 05/12 11:29:42 Image size of job updated: 2000000
	289  -  MemoryUsage of job (MB)
	295020  -  ResidentSetSize of job (KB)
...
006 (019.954.000) 05/12 11:29:47 Image size of job updated: 2000000
	328  -  MemoryUsage of job (MB)
	335412  -  ResidentSetSize of job (KB)
...
006 (019.954.000) 05/12 11:29:58 Image size of job updated: 2000000
	359  -  MemoryUsage of job (MB)
	366696  -  ResidentSetSize of job (KB)
...
006 (019.954.000) 05/12 11:30:18 Image size of job updated: 2000000
	1243  -  MemoryUsage of job (MB)
	1272216  -  ResidentSetSize of job (KB)
...
006 (019.954.000) 05/12 11:47:06 Image size of job updated: 2000000
	1491  -  MemoryUsage of job (MB)
	1526184  -  ResidentSetSize of job (KB)
...
006 (019.954.000) 05/12 11:47:18 Image size of job updated: 2704112
	1906  -  MemoryUsage of job (MB)
	1951224  -  ResidentSetSize of job (KB)
...
006 (019.954.000) 05/12 11:47:33 Image size of job updated: 2704112
	1926  -  MemoryUsage of job (MB)
	1971684  -  ResidentSetSize of job (KB)
...
006 (019.954.000) 05/12 11:47:56 Image size of job updated: 2853104
	2148  -  MemoryUsage of job (MB)
	2199384  -  ResidentSetSize of job (KB)
...
006 (019.954.000) 05/12 11:48:14 Image size of job updated: 3016944
	2279  -  MemoryUsage of job (MB)
	2333496  -  ResidentSetSize of job (KB)
...
006 (019.954.000) 05/12 11:48:41 Image size of job updated: 3077360
	2315  -  MemoryUsage of job (MB)
	2370060  -  ResidentSetSize of job (KB)
...
006 (019.954.000) 05/12 11:49:32 Image size of job updated: 3539184
	2737  -  MemoryUsage of job (MB)
	2801832  -  ResidentSetSize of job (KB)
...
006 (019.954.000) 05/12 11:50:11 Image size of job updated: 3850480
	3050  -  MemoryUsage of job (MB)
	3123120  -  ResidentSetSize of job (KB)
...
006 (019.954.000) 05/12 11:50:35 Image size of job updated: 4112624
	3277  -  MemoryUsage of job (MB)
	3355572  -  ResidentSetSize of job (KB)
...
006 (019.954.000) 05/12 11:50:50 Image size of job updated: 4283632
	3467  -  MemoryUsage of job (MB)
	3549348  -  ResidentSetSize of job (KB)
...
006 (019.954.000) 05/12 11:51:02 Image size of job updated: 4364528
	3517  -  MemoryUsage of job (MB)
	3600564  -  ResidentSetSize of job (KB)
...
006 (019.954.000) 05/12 11:51:07 Image size of job updated: 4424944
	3583  -  MemoryUsage of job (MB)
	3668412  -  ResidentSetSize of job (KB)
...
006 (019.954.000) 05/12 11:51:12 Image size of job updated: 4424944
	3645  -  MemoryUsage of job (MB)
	3732168  -  ResidentSetSize of job (KB)
...
006 (019.954.000) 05/12 11:51:17 Image size of job updated: 4424944
	3708  -  MemoryUsage of job (MB)
	3796452  -  ResidentSetSize of job (KB)
...
006 (019.954.000) 05/12 11:51:28 Image size of job updated: 4617456
	3732  -  MemoryUsage of job (MB)
	3820872  -  ResidentSetSize of job (KB)
...
006 (019.954.000) 05/12 11:51:54 Image size of job updated: 4836592
	3998  -  MemoryUsage of job (MB)
	4093056  -  ResidentSetSize of job (KB)
...
006 (019.954.000) 05/12 11:52:29 Image size of job updated: 5284080
	4364  -  MemoryUsage of job (MB)
	4468332  -  ResidentSetSize of job (KB)
...
006 (019.954.000) 05/12 11:52:55 Image size of job updated: 5614832
	4690  -  MemoryUsage of job (MB)
	4802160  -  ResidentSetSize of job (KB)
...
006 (019.954.000) 05/12 11:53:12 Image size of job updated: 5772528
	4768  -  MemoryUsage of job (MB)
	4882020  -  ResidentSetSize of job (KB)
...
006 (019.954.000) 05/12 11:53:23 Image size of job updated: 5892336
	4916  -  MemoryUsage of job (MB)
	5033556  -  ResidentSetSize of job (KB)
...
006 (019.954.000) 05/12 11:53:31 Image size of job updated: 5969136
	4972  -  MemoryUsage of job (MB)
	5091240  -  ResidentSetSize of job (KB)
...
006 (019.954.000) 05/12 11:53:36 Image size of job updated: 5969136
	4999  -  MemoryUsage of job (MB)
	5118300  -  ResidentSetSize of job (KB)
...
006 (019.954.000) 05/12 11:53:41 Image size of job updated: 6038768
	4999  -  MemoryUsage of job (MB)
	5118564  -  ResidentSetSize of job (KB)
...
006 (019.954.000) 05/12 11:53:47 Image size of job updated: 6103280
	5029  -  MemoryUsage of job (MB)
	5148792  -  ResidentSetSize of job (KB)
...
006 (019.954.000) 05/12 11:53:53 Image size of job updated: 6103280
	5103  -  MemoryUsage of job (MB)
	5225088  -  ResidentSetSize of job (KB)
...
006 (019.954.000) 05/12 11:53:59 Image size of job updated: 6103280
	5178  -  MemoryUsage of job (MB)
	5301780  -  ResidentSetSize of job (KB)
...
006 (019.954.000) 05/12 11:54:05 Image size of job updated: 6293744
	5212  -  MemoryUsage of job (MB)
	5336760  -  ResidentSetSize of job (KB)
...
006 (019.954.000) 05/12 11:54:11 Image size of job updated: 6326512
	5212  -  MemoryUsage of job (MB)
	5336760  -  ResidentSetSize of job (KB)
...
006 (019.954.000) 05/12 11:54:17 Image size of job updated: 6326512
	5251  -  MemoryUsage of job (MB)
	5376624  -  ResidentSetSize of job (KB)
...
006 (019.954.000) 05/12 11:54:23 Image size of job updated: 6444272
	5332  -  MemoryUsage of job (MB)
	5459652  -  ResidentSetSize of job (KB)
...
006 (019.954.000) 05/12 11:54:29 Image size of job updated: 6444272
	5413  -  MemoryUsage of job (MB)
	5542416  -  ResidentSetSize of job (KB)
...
006 (019.954.000) 05/12 11:54:38 Image size of job updated: 6444272
	5441  -  MemoryUsage of job (MB)
	5571192  -  ResidentSetSize of job (KB)
...
006 (019.954.000) 05/12 11:54:48 Image size of job updated: 6637808
	5462  -  MemoryUsage of job (MB)
	5592972  -  ResidentSetSize of job (KB)
...
006 (019.954.000) 05/12 11:55:55 Image size of job updated: 7141616
	5736  -  MemoryUsage of job (MB)
	5873604  -  ResidentSetSize of job (KB)
...
006 (019.954.000) 05/12 11:56:36 Image size of job updated: 7500016
	6040  -  MemoryUsage of job (MB)
	6184728  -  ResidentSetSize of job (KB)
...
006 (019.954.000) 05/12 11:57:01 Image size of job updated: 7714032
	6104  -  MemoryUsage of job (MB)
	6249804  -  ResidentSetSize of job (KB)
...
006 (019.954.000) 05/12 11:57:14 Image size of job updated: 7806192
	6104  -  MemoryUsage of job (MB)
	6249804  -  ResidentSetSize of job (KB)
...
005 (019.954.000) 05/12 11:57:15 Job terminated.
	(0) Abnormal termination (signal 9)
	(0) No core file
		Usr 0 00:24:03, Sys 0 00:01:57  -  Run Remote Usage
		Usr 0 00:00:00, Sys 0 00:00:00  -  Run Local Usage
		Usr 0 00:24:03, Sys 0 00:01:57  -  Total Remote Usage
		Usr 0 00:00:00, Sys 0 00:00:00  -  Total Local Usage
	0  -  Run Bytes Sent By Job
	0  -  Run Bytes Received By Job
	0  -  Total Bytes Sent By Job
	0  -  Total Bytes Received By Job
	Partitionable Resources :      Usage  Request Allocated 
	   Cpus                 :       0.99        1         1 
	   Disk (KB)            : 2000000     2000000   6275465 
	   Memory (MB)          :    6104        1954      2007 
...
