000 (205.778.000) 05/06 03:17:30 Job submitted from host: <127.0.0.1:9618?addrs=127.0.0.1-9618&noUDP&sock=222_da1d_4>
...
033 (205.778.000) 05/06 14:21:20 Changing job attribute JobPrio from 0 to -5
...
000 (007.778.000) 05/07 18:59:26 Job submitted from host: <127.0.0.1:9618?addrs=127.0.0.1-9618&noUDP&sock=215_0cf3_4>
...
000 (016.778.000) 05/08 15:56:40 Job submitted from host: <127.0.0.1:9618?addrs=127.0.0.1-9618&noUDP&sock=227_4816_4>
...
001 (016.778.000) 05/08 21:33:42 Job executing on host: <127.0.0.1:9618?addrs=127.0.0.1-9618&noUDP&sock=227_4816_5>
...
006 (016.778.000) 05/08 21:33:48 Image size of job updated: 2000000
	115  -  MemoryUsage of job (MB)
	117084  -  ResidentSetSize of job (KB)
...
006 (016.778.000) 05/08 21:34:24 Image size of job updated: 2000000
	210  -  MemoryUsage of job (MB)
	214632  -  ResidentSetSize of job (KB)
...
006 (016.778.000) 05/08 21:34:30 Image size of job updated: 2000000
	211  -  MemoryUsage of job (MB)
	215952  -  ResidentSetSize of job (KB)
...
006 (016.778.000) 05/08 21:34:36 Image size of job updated: 2000000
	223  -  MemoryUsage of job (MB)
	227700  -  ResidentSetSize of job (KB)
...
006 (016.778.000) 05/08 21:34:42 Image size of job updated: 2000000
	235  -  MemoryUsage of job (MB)
	239976  -  ResidentSetSize of job (KB)
...
006 (016.778.000) 05/08 21:34:48 Image size of job updated: 2000000
	247  -  MemoryUsage of job (MB)
	252252  -  ResidentSetSize of job (KB)
...
006 (016.778.000) 05/08 21:34:54 Image size of job updated: 2000000
	256  -  MemoryUsage of job (MB)
	262020  -  ResidentSetSize of job (KB)
...
006 (016.778.000) 05/08 21:35:00 Image size of job updated: 2000000
	262  -  MemoryUsage of job (MB)
	267564  -  ResidentSetSize of job (KB)
...
006 (016.778.000) 05/08 21:35:06 Image size of job updated: 2000000
	271  -  MemoryUsage of job (MB)
	277200  -  ResidentSetSize of job (KB)
...
006 (016.778.000) 05/08 21:35:12 Image size of job updated: 2000000
	297  -  MemoryUsage of job (MB)
	303204  -  ResidentSetSize of job (KB)
...
006 (016.778.000) 05/08 21:35:18 Image size of job updated: 2000000
	345  -  MemoryUsage of job (MB)
	352968  -  ResidentSetSize of job (KB)
...
006 (016.778.000) 05/08 21:35:24 Image size of job updated: 2000000
	379  -  MemoryUsage of job (MB)
	387552  -  ResidentSetSize of job (KB)
...
006 (016.778.000) 05/08 21:35:30 Image size of job updated: 2000000
	446  -  MemoryUsage of job (MB)
	455796  -  ResidentSetSize of job (KB)
...
006 (016.778.000) 05/08 21:35:36 Image size of job updated: 2000000
	530  -  MemoryUsage of job (MB)
	542520  -  ResidentSetSize of job (KB)
...
006 (016.778.000) 05/08 21:35:42 Image size of job updated: 2000000
	1242  -  MemoryUsage of job (MB)
	1271292  -  ResidentSetSize of job (KB)
...
006 (016.778.000) 05/08 21:51:45 Image size of job updated: 2000000
	1245  -  MemoryUsage of job (MB)
	1274328  -  ResidentSetSize of job (KB)
...
006 (016.778.000) 05/08 21:51:51 Image size of job updated: 2000000
	1633  -  MemoryUsage of job (MB)
	1671384  -  ResidentSetSize of job (KB)
...
006 (016.778.000) 05/08 21:51:57 Image size of job updated: 2295120
	1840  -  MemoryUsage of job (MB)
	1883640  -  ResidentSetSize of job (KB)
...
006 (016.778.000) 05/08 21:52:03 Image size of job updated: 2295120
	1973  -  MemoryUsage of job (MB)
	2019600  -  ResidentSetSize of job (KB)
...
006 (016.778.000) 05/08 21:52:09 Image size of job updated: 2718960
	2059  -  MemoryUsage of job (MB)
	2108172  -  ResidentSetSize of job (KB)
...
006 (016.778.000) 05/08 21:52:15 Image size of job updated: 2718960
	2157  -  MemoryUsage of job (MB)
	2208756  -  ResidentSetSize of job (KB)
...
006 (016.778.000) 05/08 21:52:21 Image size of job updated: 2718960
	2263  -  MemoryUsage of job (MB)
	2316864  -  ResidentSetSize of job (KB)
...
006 (016.778.000) 05/08 21:52:27 Image size of job updated: 2971888
	2343  -  MemoryUsage of job (MB)
	2398308  -  ResidentSetSize of job (KB)
...
006 (016.778.000) 05/08 21:52:33 Image size of job updated: 2971888
	2416  -  MemoryUsage of job (MB)
	2473812  -  ResidentSetSize of job (KB)
...
006 (016.778.000) 05/08 21:52:39 Image size of job updated: 3173616
	2489  -  MemoryUsage of job (MB)
	2548392  -  ResidentSetSize of job (KB)
...
006 (016.778.000) 05/08 21:52:45 Image size of job updated: 3221744
	2562  -  MemoryUsage of job (MB)
	2622708  -  ResidentSetSize of job (KB)
...
006 (016.778.000) 05/08 21:52:51 Image size of job updated: 3221744
	2639  -  MemoryUsage of job (MB)
	2701512  -  ResidentSetSize of job (KB)
...
006 (016.778.000) 05/08 21:52:57 Image size of job updated: 3390704
	2737  -  MemoryUsage of job (MB)
	2802228  -  ResidentSetSize of job (KB)
...
006 (016.778.000) 05/08 21:53:03 Image size of job updated: 3390704
	2836  -  MemoryUsage of job (MB)
	2903076  -  ResidentSetSize of job (KB)
...
006 (016.778.000) 05/08 21:53:09 Image size of job updated: 3390704
	2927  -  MemoryUsage of job (MB)
	2996928  -  ResidentSetSize of job (KB)
...
006 (016.778.000) 05/08 21:53:15 Image size of job updated: 3644656
	3000  -  MemoryUsage of job (MB)
	3071640  -  ResidentSetSize of job (KB)
...
006 (016.778.000) 05/08 21:53:21 Image size of job updated: 3644656
	3073  -  MemoryUsage of job (MB)
	3146484  -  ResidentSetSize of job (KB)
...
006 (016.778.000) 05/08 21:53:27 Image size of job updated: 3831024
	3132  -  MemoryUsage of job (MB)
	3207072  -  ResidentSetSize of job (KB)
...
006 (016.778.000) 05/08 21:53:33 Image size of job updated: 3831024
	3198  -  MemoryUsage of job (MB)
	3274524  -  ResidentSetSize of job (KB)
...
006 (016.778.000) 05/08 21:53:39 Image size of job updated: 3831024
	3256  -  MemoryUsage of job (MB)
	3334056  -  ResidentSetSize of job (KB)
...
006 (016.778.000) 05/08 21:53:45 Image size of job updated: 4026608
	3303  -  MemoryUsage of job (MB)
	3382236  -  ResidentSetSize of job (KB)
...
006 (016.778.000) 05/08 21:53:51 Image size of job updated: 4026608
	3359  -  MemoryUsage of job (MB)
	3438996  -  ResidentSetSize of job (KB)
...
006 (016.778.000) 05/08 21:53:57 Image size of job updated: 4164848
	3432  -  MemoryUsage of job (MB)
	3514368  -  ResidentSetSize of job (KB)
...
006 (016.778.000) 05/08 21:54:03 Image size of job updated: 4263152
	3509  -  MemoryUsage of job (MB)
	3592512  -  ResidentSetSize of job (KB)
...
006 (016.778.000) 05/08 21:54:09 Image size of job updated: 4329712
	3585  -  MemoryUsage of job (MB)
	3670524  -  ResidentSetSize of job (KB)
...
006 (016.778.000) 05/08 21:54:15 Image size of job updated: 4422896
	3663  -  MemoryUsage of job (MB)
	3749988  -  ResidentSetSize of job (KB)
...
006 (016.778.000) 05/08 21:54:21 Image size of job updated: 4539632
	3742  -  MemoryUsage of job (MB)
	3830904  -  ResidentSetSize of job (KB)
...
006 (016.778.000) 05/08 21:54:27 Image size of job updated: 4539632
	3826  -  MemoryUsage of job (MB)
	3916836  -  ResidentSetSize of job (KB)
...
006 (016.778.000) 05/08 21:54:33 Image size of job updated: 4697328
	3926  -  MemoryUsage of job (MB)
	4019664  -  ResidentSetSize of job (KB)
...
006 (016.778.000) 05/08 21:54:39 Image size of job updated: 4813040
	4020  -  MemoryUsage of job (MB)
	4115496  -  ResidentSetSize of job (KB)
...
006 (016.778.000) 05/08 21:54:45 Image size of job updated: 4872432
	4093  -  MemoryUsage of job (MB)
	4190340  -  ResidentSetSize of job (KB)
...
006 (016.778.000) 05/08 21:54:51 Image size of job updated: 4872432
	4169  -  MemoryUsage of job (MB)
	4268748  -  ResidentSetSize of job (KB)
...
006 (016.778.000) 05/08 21:54:57 Image size of job updated: 4872432
	4245  -  MemoryUsage of job (MB)
	4346100  -  ResidentSetSize of job (KB)
...
006 (016.778.000) 05/08 21:55:03 Image size of job updated: 5120240
	4318  -  MemoryUsage of job (MB)
	4421472  -  ResidentSetSize of job (KB)
...
006 (016.778.000) 05/08 21:55:09 Image size of job updated: 5120240
	4392  -  MemoryUsage of job (MB)
	4497108  -  ResidentSetSize of job (KB)
...
006 (016.778.000) 05/08 21:55:16 Image size of job updated: 5262576
	4465  -  MemoryUsage of job (MB)
	4572084  -  ResidentSetSize of job (KB)
...
006 (016.778.000) 05/08 21:55:21 Image size of job updated: 5341424
	4526  -  MemoryUsage of job (MB)
	4633992  -  ResidentSetSize of job (KB)
...
006 (016.778.000) 05/08 21:55:26 Image size of job updated: 5389552
	4586  -  MemoryUsage of job (MB)
	4695900  -  ResidentSetSize of job (KB)
...
006 (016.778.000) 05/08 21:55:31 Image size of job updated: 5460208
	4647  -  MemoryUsage of job (MB)
	4758336  -  ResidentSetSize of job (KB)
...
006 (016.778.000) 05/08 21:55:36 Image size of job updated: 5460208
	4708  -  MemoryUsage of job (MB)
	4820640  -  ResidentSetSize of job (KB)
...
006 (016.778.000) 05/08 21:55:41 Image size of job updated: 5460208
	4768  -  MemoryUsage of job (MB)
	4881888  -  ResidentSetSize of job (KB)
...
006 (016.778.000) 05/08 21:55:46 Image size of job updated: 5646576
	4829  -  MemoryUsage of job (MB)
	4944852  -  ResidentSetSize of job (KB)
...
006 (016.778.000) 05/08 21:55:51 Image size of job updated: 5646576
	4891  -  MemoryUsage of job (MB)
	5007948  -  ResidentSetSize of job (KB)
...
006 (016.778.000) 05/08 21:55:56 Image size of job updated: 5646576
	4952  -  MemoryUsage of job (MB)
	5070252  -  ResidentSetSize of job (KB)
...
006 (016.778.000) 05/08 21:56:01 Image size of job updated: 5845232
	5012  -  MemoryUsage of job (MB)
	5132160  -  ResidentSetSize of job (KB)
...
006 (016.778.000) 05/08 21:56:06 Image size of job updated: 5845232
	5074  -  MemoryUsage of job (MB)
	5194860  -  ResidentSetSize of job (KB)
...
006 (016.778.000) 05/08 21:56:11 Image size of job updated: 5936368
	5136  -  MemoryUsage of job (MB)
	5258352  -  ResidentSetSize of job (KB)
...
006 (016.778.000) 05/08 21:56:16 Image size of job updated: 6035696
	5199  -  MemoryUsage of job (MB)
	5322900  -  ResidentSetSize of job (KB)
...
006 (016.778.000) 05/08 21:56:21 Image size of job updated: 6035696
	5262  -  MemoryUsage of job (MB)
	5387712  -  ResidentSetSize of job (KB)
...
006 (016.778.000) 05/08 21:56:26 Image size of job updated: 6035696
	5324  -  MemoryUsage of job (MB)
	5451336  -  ResidentSetSize of job (KB)
...
006 (016.778.000) 05/08 21:56:31 Image size of job updated: 6035696
	5385  -  MemoryUsage of job (MB)
	5513376  -  ResidentSetSize of job (KB)
...
006 (016.778.000) 05/08 21:56:36 Image size of job updated: 6238448
	5445  -  MemoryUsage of job (MB)
	5574888  -  ResidentSetSize of job (KB)
...
006 (016.778.000) 05/08 21:56:41 Image size of job updated: 6238448
	5496  -  MemoryUsage of job (MB)
	5627820  -  ResidentSetSize of job (KB)
...
006 (016.778.000) 05/08 21:56:46 Image size of job updated: 6238448
	5531  -  MemoryUsage of job (MB)
	5663196  -  ResidentSetSize of job (KB)
...
006 (016.778.000) 05/08 21:56:51 Image size of job updated: 6417648
	5563  -  MemoryUsage of job (MB)
	5696460  -  ResidentSetSize of job (KB)
...
006 (016.778.000) 05/08 21:56:56 Image size of job updated: 6417648
	5600  -  MemoryUsage of job (MB)
	5733552  -  ResidentSetSize of job (KB)
...
006 (016.778.000) 05/08 21:57:01 Image size of job updated: 6541552
	5610  -  MemoryUsage of job (MB)
	5744376  -  ResidentSetSize of job (KB)
...
006 (016.778.000) 05/08 21:57:06 Image size of job updated: 6611184
	5671  -  MemoryUsage of job (MB)
	5806548  -  ResidentSetSize of job (KB)
...
006 (016.778.000) 05/08 21:57:11 Image size of job updated: 6626544
	5730  -  MemoryUsage of job (MB)
	5867004  -  ResidentSetSize of job (KB)
...
006 (016.778.000) 05/08 21:57:16 Image size of job updated: 6626544
	5791  -  MemoryUsage of job (MB)
	5929176  -  ResidentSetSize of job (KB)
...
006 (016.778.000) 05/08 21:57:21 Image size of job updated: 6796528
	5851  -  MemoryUsage of job (MB)
	5990556  -  ResidentSetSize of job (KB)
...
006 (016.778.000) 05/08 21:57:26 Image size of job updated: 6796528
	5911  -  MemoryUsage of job (MB)
	6052464  -  ResidentSetSize of job (KB)
...
006 (016.778.000) 05/08 21:57:31 Image size of job updated: 6796528
	5971  -  MemoryUsage of job (MB)
	6114108  -  ResidentSetSize of job (KB)
...
006 (016.778.000) 05/08 21:57:36 Image size of job updated: 6982896
	6030  -  MemoryUsage of job (MB)
	6174564  -  ResidentSetSize of job (KB)
...
006 (016.778.000) 05/08 21:58:04 Image size of job updated: 6982896
	6057  -  MemoryUsage of job (MB)
	6201888  -  ResidentSetSize of job (KB)
...
006 (016.778.000) 05/08 21:59:14 Image size of job updated: 7697648
	6060  -  MemoryUsage of job (MB)
	6205056  -  ResidentSetSize of job (KB)
...
005 (016.778.000) 05/08 21:59:15 Job terminated.
	(0) Abnormal termination (signal 9)
	(0) No core file
		Usr 0 00:24:02, Sys 0 00:00:24  -  Run Remote Usage
		Usr 0 00:00:00, Sys 0 00:00:00  -  Run Local Usage
		Usr 0 00:24:02, Sys 0 00:00:24  -  Total Remote Usage
		Usr 0 00:00:00, Sys 0 00:00:00  -  Total Local Usage
	0  -  Run Bytes Sent By Job
	0  -  Run Bytes Received By Job
	0  -  Total Bytes Sent By Job
	0  -  Total Bytes Received By Job
	Partitionable Resources :      Usage  Request Allocated 
	   Cpus                 :       0.99        1         1 
	   Disk (KB)            : 2000000     2000000   6275465 
	   Memory (MB)          :    6060        1954      2007 
...
000 (018.200.000) 05/12 02:00:27 Job submitted from host: <127.0.0.1:9618?addrs=127.0.0.1-9618&noUDP&sock=227_4816_4>
...
001 (018.200.000) 05/12 03:29:11 Job executing on host: <127.0.0.1:9618?addrs=127.0.0.1-9618&noUDP&sock=227_4816_5>
...
006 (018.200.000) 05/12 03:29:17 Image size of job updated: 2000000
	37  -  MemoryUsage of job (MB)
	37356  -  ResidentSetSize of job (KB)
...
006 (018.200.000) 05/12 03:29:23 Image size of job updated: 2000000
	37  -  MemoryUsage of job (MB)
	37488  -  ResidentSetSize of job (KB)
...
006 (018.200.000) 05/12 03:30:04 Image size of job updated: 2000000
	115  -  MemoryUsage of job (MB)
	117216  -  ResidentSetSize of job (KB)
...
006 (018.200.000) 05/12 03:30:52 Image size of job updated: 2000000
	207  -  MemoryUsage of job (MB)
	211860  -  ResidentSetSize of job (KB)
...
006 (018.200.000) 05/12 03:31:07 Image size of job updated: 2000000
	224  -  MemoryUsage of job (MB)
	228492  -  ResidentSetSize of job (KB)
...
006 (018.200.000) 05/12 03:31:28 Image size of job updated: 2000000
	231  -  MemoryUsage of job (MB)
	236412  -  ResidentSetSize of job (KB)
...
006 (018.200.000) 05/12 03:32:06 Image size of job updated: 2000000
	279  -  MemoryUsage of job (MB)
	284724  -  ResidentSetSize of job (KB)
...
006 (018.200.000) 05/12 03:32:36 Image size of job updated: 2000000
	513  -  MemoryUsage of job (MB)
	524832  -  ResidentSetSize of job (KB)
...
006 (018.200.000) 05/12 03:32:56 Image size of job updated: 2000000
	1242  -  MemoryUsage of job (MB)
	1271688  -  ResidentSetSize of job (KB)
...
006 (018.200.000) 05/12 03:47:50 Image size of job updated: 2000000
	1279  -  MemoryUsage of job (MB)
	1309176  -  ResidentSetSize of job (KB)
...
006 (018.200.000) 05/12 03:47:56 Image size of job updated: 2303312
	1682  -  MemoryUsage of job (MB)
	1721412  -  ResidentSetSize of job (KB)
...
006 (018.200.000) 05/12 03:48:02 Image size of job updated: 2303312
	1777  -  MemoryUsage of job (MB)
	1819620  -  ResidentSetSize of job (KB)
...
006 (018.200.000) 05/12 03:48:08 Image size of job updated: 2303312
	1972  -  MemoryUsage of job (MB)
	2018412  -  ResidentSetSize of job (KB)
...
006 (018.200.000) 05/12 03:48:14 Image size of job updated: 2685168
	2067  -  MemoryUsage of job (MB)
	2116488  -  ResidentSetSize of job (KB)
...
006 (018.200.000) 05/12 03:48:20 Image size of job updated: 2685168
	2175  -  MemoryUsage of job (MB)
	2226576  -  ResidentSetSize of job (KB)
...
006 (018.200.000) 05/12 03:48:26 Image size of job updated: 2930928
	2278  -  MemoryUsage of job (MB)
	2331912  -  ResidentSetSize of job (KB)
...
006 (018.200.000) 05/12 03:48:32 Image size of job updated: 2930928
	2360  -  MemoryUsage of job (MB)
	2415996  -  ResidentSetSize of job (KB)
...
006 (018.200.000) 05/12 03:48:38 Image size of job updated: 2930928
	2439  -  MemoryUsage of job (MB)
	2497044  -  ResidentSetSize of job (KB)
...
006 (018.200.000) 05/12 03:48:44 Image size of job updated: 3168496
	2516  -  MemoryUsage of job (MB)
	2576244  -  ResidentSetSize of job (KB)
...
006 (018.200.000) 05/12 03:48:50 Image size of job updated: 3168496
	2595  -  MemoryUsage of job (MB)
	2656500  -  ResidentSetSize of job (KB)
...
006 (018.200.000) 05/12 03:48:56 Image size of job updated: 3367152
	2672  -  MemoryUsage of job (MB)
	2735832  -  ResidentSetSize of job (KB)
...
006 (018.200.000) 05/12 03:49:02 Image size of job updated: 3367152
	2749  -  MemoryUsage of job (MB)
	2814108  -  ResidentSetSize of job (KB)
...
006 (018.200.000) 05/12 03:49:08 Image size of job updated: 3367152
	2847  -  MemoryUsage of job (MB)
	2915220  -  ResidentSetSize of job (KB)
...
006 (018.200.000) 05/12 03:49:14 Image size of job updated: 3615984
	2937  -  MemoryUsage of job (MB)
	3006696  -  ResidentSetSize of job (KB)
...
006 (018.200.000) 05/12 03:49:20 Image size of job updated: 3615984
	3040  -  MemoryUsage of job (MB)
	3112956  -  ResidentSetSize of job (KB)
...
006 (018.200.000) 05/12 03:49:26 Image size of job updated: 3615984
	3141  -  MemoryUsage of job (MB)
	3215916  -  ResidentSetSize of job (KB)
...
006 (018.200.000) 05/12 03:49:32 Image size of job updated: 3874032
	3250  -  MemoryUsage of job (MB)
	3327192  -  ResidentSetSize of job (KB)
...
006 (018.200.000) 05/12 03:49:38 Image size of job updated: 3874032
	3354  -  MemoryUsage of job (MB)
	3434376  -  ResidentSetSize of job (KB)
...
006 (018.200.000) 05/12 03:49:44 Image size of job updated: 4145392
	3457  -  MemoryUsage of job (MB)
	3539844  -  ResidentSetSize of job (KB)
...
006 (018.200.000) 05/12 03:49:50 Image size of job updated: 4145392
	3562  -  MemoryUsage of job (MB)
	3647160  -  ResidentSetSize of job (KB)
...
006 (018.200.000) 05/12 03:49:56 Image size of job updated: 4304112
	3665  -  MemoryUsage of job (MB)
	3752760  -  ResidentSetSize of job (KB)
...
006 (018.200.000) 05/12 03:50:02 Image size of job updated: 4418800
	3769  -  MemoryUsage of job (MB)
	3858756  -  ResidentSetSize of job (KB)
...
006 (018.200.000) 05/12 03:50:08 Image size of job updated: 4418800
	3855  -  MemoryUsage of job (MB)
	3946932  -  ResidentSetSize of job (KB)
...
006 (018.200.000) 05/12 03:50:15 Image size of job updated: 4686064
	3964  -  MemoryUsage of job (MB)
	4058340  -  ResidentSetSize of job (KB)
...
006 (018.200.000) 05/12 03:50:20 Image size of job updated: 4686064
	4053  -  MemoryUsage of job (MB)
	4149288  -  ResidentSetSize of job (KB)
...
006 (018.200.000) 05/12 03:50:25 Image size of job updated: 4686064
	4142  -  MemoryUsage of job (MB)
	4240632  -  ResidentSetSize of job (KB)
...
006 (018.200.000) 05/12 03:50:30 Image size of job updated: 4962544
	4234  -  MemoryUsage of job (MB)
	4335012  -  ResidentSetSize of job (KB)
...
006 (018.200.000) 05/12 03:50:35 Image size of job updated: 4962544
	4323  -  MemoryUsage of job (MB)
	4426224  -  ResidentSetSize of job (KB)
...
006 (018.200.000) 05/12 03:50:40 Image size of job updated: 4962544
	4409  -  MemoryUsage of job (MB)
	4514532  -  ResidentSetSize of job (KB)
...
006 (018.200.000) 05/12 03:50:45 Image size of job updated: 5231856
	4497  -  MemoryUsage of job (MB)
	4604688  -  ResidentSetSize of job (KB)
...
006 (018.200.000) 05/12 03:50:50 Image size of job updated: 5231856
	4583  -  MemoryUsage of job (MB)
	4692864  -  ResidentSetSize of job (KB)
...
006 (018.200.000) 05/12 03:50:55 Image size of job updated: 5352688
	4655  -  MemoryUsage of job (MB)
	4765992  -  ResidentSetSize of job (KB)
...
006 (018.200.000) 05/12 03:51:00 Image size of job updated: 5480688
	4741  -  MemoryUsage of job (MB)
	4853904  -  ResidentSetSize of job (KB)
...
006 (018.200.000) 05/12 03:51:05 Image size of job updated: 5480688
	4829  -  MemoryUsage of job (MB)
	4943928  -  ResidentSetSize of job (KB)
...
006 (018.200.000) 05/12 03:51:10 Image size of job updated: 5480688
	4915  -  MemoryUsage of job (MB)
	5032500  -  ResidentSetSize of job (KB)
...
006 (018.200.000) 05/12 03:51:15 Image size of job updated: 5748976
	5005  -  MemoryUsage of job (MB)
	5124108  -  ResidentSetSize of job (KB)
...
006 (018.200.000) 05/12 03:51:20 Image size of job updated: 5748976
	5094  -  MemoryUsage of job (MB)
	5215716  -  ResidentSetSize of job (KB)
...
006 (018.200.000) 05/12 03:51:25 Image size of job updated: 5748976
	5184  -  MemoryUsage of job (MB)
	5308116  -  ResidentSetSize of job (KB)
...
006 (018.200.000) 05/12 03:51:30 Image size of job updated: 6024432
	5274  -  MemoryUsage of job (MB)
	5400252  -  ResidentSetSize of job (KB)
...
006 (018.200.000) 05/12 03:51:35 Image size of job updated: 6024432
	5366  -  MemoryUsage of job (MB)
	5493840  -  ResidentSetSize of job (KB)
...
006 (018.200.000) 05/12 03:51:40 Image size of job updated: 6024432
	5455  -  MemoryUsage of job (MB)
	5585712  -  ResidentSetSize of job (KB)
...
006 (018.200.000) 05/12 03:51:45 Image size of job updated: 6298864
	5545  -  MemoryUsage of job (MB)
	5677584  -  ResidentSetSize of job (KB)
...
006 (018.200.000) 05/12 03:51:50 Image size of job updated: 6298864
	5635  -  MemoryUsage of job (MB)
	5769456  -  ResidentSetSize of job (KB)
...
006 (018.200.000) 05/12 03:51:55 Image size of job updated: 6298864
	5725  -  MemoryUsage of job (MB)
	5861460  -  ResidentSetSize of job (KB)
...
006 (018.200.000) 05/12 03:52:00 Image size of job updated: 6572272
	5813  -  MemoryUsage of job (MB)
	5951880  -  ResidentSetSize of job (KB)
...
006 (018.200.000) 05/12 03:52:05 Image size of job updated: 6572272
	5904  -  MemoryUsage of job (MB)
	6045072  -  ResidentSetSize of job (KB)
...
006 (018.200.000) 05/12 03:52:10 Image size of job updated: 6572272
	5998  -  MemoryUsage of job (MB)
	6141036  -  ResidentSetSize of job (KB)
...
006 (018.200.000) 05/12 03:52:15 Image size of job updated: 6862064
	6096  -  MemoryUsage of job (MB)
	6242148  -  ResidentSetSize of job (KB)
...
006 (018.200.000) 05/12 03:52:20 Image size of job updated: 6862064
	6194  -  MemoryUsage of job (MB)
	6341940  -  ResidentSetSize of job (KB)
...
006 (018.200.000) 05/12 03:52:25 Image size of job updated: 6862064
	6291  -  MemoryUsage of job (MB)
	6441864  -  ResidentSetSize of job (KB)
...
006 (018.200.000) 05/12 03:52:30 Image size of job updated: 7171312
	6387  -  MemoryUsage of job (MB)
	6540204  -  ResidentSetSize of job (KB)
...
006 (018.200.000) 05/12 03:52:35 Image size of job updated: 7171312
	6482  -  MemoryUsage of job (MB)
	6636828  -  ResidentSetSize of job (KB)
...
006 (018.200.000) 05/12 03:52:40 Image size of job updated: 7171312
	6574  -  MemoryUsage of job (MB)
	6731736  -  ResidentSetSize of job (KB)
...
006 (018.200.000) 05/12 03:52:45 Image size of job updated: 7476464
	6668  -  MemoryUsage of job (MB)
	6827040  -  ResidentSetSize of job (KB)
...
006 (018.200.000) 05/12 03:52:50 Image size of job updated: 7476464
	6756  -  MemoryUsage of job (MB)
	6917856  -  ResidentSetSize of job (KB)
...
006 (018.200.000) 05/12 03:52:55 Image size of job updated: 7476464
	6845  -  MemoryUsage of job (MB)
	7008936  -  ResidentSetSize of job (KB)
...
006 (018.200.000) 05/12 03:53:00 Image size of job updated: 7753968
	6939  -  MemoryUsage of job (MB)
	7104768  -  ResidentSetSize of job (KB)
...
006 (018.200.000) 05/12 03:53:05 Image size of job updated: 7753968
	7034  -  MemoryUsage of job (MB)
	7202712  -  ResidentSetSize of job (KB)
...
006 (018.200.000) 05/12 03:53:10 Image size of job updated: 7753968
	7131  -  MemoryUsage of job (MB)
	7301712  -  ResidentSetSize of job (KB)
...
006 (018.200.000) 05/12 03:53:15 Image size of job updated: 8048880
	7229  -  MemoryUsage of job (MB)
	7401900  -  ResidentSetSize of job (KB)
...
006 (018.200.000) 05/12 03:53:20 Image size of job updated: 8048880
	7323  -  MemoryUsage of job (MB)
	7498128  -  ResidentSetSize of job (KB)
...
006 (018.200.000) 05/12 03:53:25 Image size of job updated: 8048880
	7416  -  MemoryUsage of job (MB)
	7593300  -  ResidentSetSize of job (KB)
...
006 (018.200.000) 05/12 03:53:30 Image size of job updated: 8335600
	7510  -  MemoryUsage of job (MB)
	7689660  -  ResidentSetSize of job (KB)
...
006 (018.200.000) 05/12 03:53:35 Image size of job updated: 8335600
	7611  -  MemoryUsage of job (MB)
	7793544  -  ResidentSetSize of job (KB)
...
006 (018.200.000) 05/12 03:53:40 Image size of job updated: 8335600
	7836  -  MemoryUsage of job (MB)
	8023092  -  ResidentSetSize of job (KB)
...
006 (018.200.000) 05/12 03:53:45 Image size of job updated: 8650480
	7836  -  MemoryUsage of job (MB)
	8023092  -  ResidentSetSize of job (KB)
...
005 (018.200.000) 05/12 03:53:46 Job terminated.
	(1) Normal termination (return value 0)
		Usr 0 00:20:58, Sys 0 00:01:17  -  Run Remote Usage
		Usr 0 00:00:00, Sys 0 00:00:00  -  Run Local Usage
		Usr 0 00:20:58, Sys 0 00:01:17  -  Total Remote Usage
		Usr 0 00:00:00, Sys 0 00:00:00  -  Total Local Usage
	0  -  Run Bytes Sent By Job
	0  -  Run Bytes Received By Job
	0  -  Total Bytes Sent By Job
	0  -  Total Bytes Received By Job
	Partitionable Resources :      Usage  Request Allocated 
	   Cpus                 :       0.99        1         1 
	   Disk (KB)            : 2000000     2000000   6275465 
	   Memory (MB)          :    7836        1954      2007 
...
