000 (005.9098.000) 05/05 20:25:43 Job submitted from host: <127.0.0.1:9618?addrs=127.0.0.1-9618&noUDP&sock=227_4816_4>
...
033 (005.9098.000) 05/06 14:18:01 Changing job attribute JobPrio from 0 to -10
...
009 (005.9098.000) 05/07 21:45:23 Job was aborted by the user.
	via condor_rm (by user aw868)
...
000 (011.2047.000) 05/08 17:21:32 Job submitted from host: <127.0.0.1:9618?addrs=127.0.0.1-9618&noUDP&sock=212_fe2a_4>
...
033 (011.2047.000) 05/08 20:41:48 Changing job attribute JobPrio from 0 to -5
...
001 (011.2047.000) 05/09 07:57:49 Job executing on host: <127.0.0.1:9618?addrs=127.0.0.1-9618&noUDP&sock=212_fe2a_5>
...
006 (011.2047.000) 05/09 07:57:55 Image size of job updated: 2000000
	101  -  MemoryUsage of job (MB)
	103092  -  ResidentSetSize of job (KB)
...
006 (011.2047.000) 05/09 07:58:55 Image size of job updated: 2000000
	173  -  MemoryUsage of job (MB)
	176880  -  ResidentSetSize of job (KB)
...
006 (011.2047.000) 05/09 07:59:01 Image size of job updated: 2000000
	184  -  MemoryUsage of job (MB)
	188100  -  ResidentSetSize of job (KB)
...
006 (011.2047.000) 05/09 07:59:07 Image size of job updated: 2000000
	187  -  MemoryUsage of job (MB)
	191136  -  ResidentSetSize of job (KB)
...
006 (011.2047.000) 05/09 07:59:13 Image size of job updated: 2000000
	199  -  MemoryUsage of job (MB)
	203280  -  ResidentSetSize of job (KB)
...
006 (011.2047.000) 05/09 07:59:19 Image size of job updated: 2000000
	211  -  MemoryUsage of job (MB)
	215556  -  ResidentSetSize of job (KB)
...
006 (011.2047.000) 05/09 07:59:25 Image size of job updated: 2000000
	221  -  MemoryUsage of job (MB)
	225588  -  ResidentSetSize of job (KB)
...
006 (011.2047.000) 05/09 07:59:31 Image size of job updated: 2000000
	232  -  MemoryUsage of job (MB)
	237468  -  ResidentSetSize of job (KB)
...
006 (011.2047.000) 05/09 07:59:37 Image size of job updated: 2000000
	240  -  MemoryUsage of job (MB)
	244992  -  ResidentSetSize of job (KB)
...
006 (011.2047.000) 05/09 07:59:43 Image size of job updated: 2000000
	271  -  MemoryUsage of job (MB)
	276540  -  ResidentSetSize of job (KB)
...
006 (011.2047.000) 05/09 07:59:49 Image size of job updated: 2000000
	328  -  MemoryUsage of job (MB)
	335016  -  ResidentSetSize of job (KB)
...
006 (011.2047.000) 05/09 07:59:55 Image size of job updated: 2000000
	374  -  MemoryUsage of job (MB)
	382800  -  ResidentSetSize of job (KB)
...
006 (011.2047.000) 05/09 08:00:01 Image size of job updated: 2000000
	440  -  MemoryUsage of job (MB)
	450516  -  ResidentSetSize of job (KB)
...
006 (011.2047.000) 05/09 08:00:07 Image size of job updated: 2000000
	1171  -  MemoryUsage of job (MB)
	1198560  -  ResidentSetSize of job (KB)
...
006 (011.2047.000) 05/09 08:14:55 Image size of job updated: 2000000
	1171  -  MemoryUsage of job (MB)
	1199088  -  ResidentSetSize of job (KB)
...
006 (011.2047.000) 05/09 08:15:01 Image size of job updated: 2000000
	1173  -  MemoryUsage of job (MB)
	1200540  -  ResidentSetSize of job (KB)
...
006 (011.2047.000) 05/09 08:15:07 Image size of job updated: 2000000
	1251  -  MemoryUsage of job (MB)
	1280004  -  ResidentSetSize of job (KB)
...
006 (011.2047.000) 05/09 08:15:12 Image size of job updated: 2000000
	1622  -  MemoryUsage of job (MB)
	1660296  -  ResidentSetSize of job (KB)
...
006 (011.2047.000) 05/09 08:15:17 Image size of job updated: 2000000
	1658  -  MemoryUsage of job (MB)
	1697652  -  ResidentSetSize of job (KB)
...
006 (011.2047.000) 05/09 08:15:22 Image size of job updated: 2000000
	1885  -  MemoryUsage of job (MB)
	1929972  -  ResidentSetSize of job (KB)
...
006 (011.2047.000) 05/09 08:15:27 Image size of job updated: 2561508
	1885  -  MemoryUsage of job (MB)
	1929972  -  ResidentSetSize of job (KB)
...
006 (011.2047.000) 05/09 08:15:37 Image size of job updated: 2561508
	1887  -  MemoryUsage of job (MB)
	1931292  -  ResidentSetSize of job (KB)
...
006 (011.2047.000) 05/09 08:15:42 Image size of job updated: 2562532
	1893  -  MemoryUsage of job (MB)
	1937496  -  ResidentSetSize of job (KB)
...
006 (011.2047.000) 05/09 08:15:47 Image size of job updated: 2562532
	1901  -  MemoryUsage of job (MB)
	1946604  -  ResidentSetSize of job (KB)
...
006 (011.2047.000) 05/09 08:15:52 Image size of job updated: 2562532
	1911  -  MemoryUsage of job (MB)
	1956240  -  ResidentSetSize of job (KB)
...
006 (011.2047.000) 05/09 08:15:57 Image size of job updated: 2589156
	1914  -  MemoryUsage of job (MB)
	1959540  -  ResidentSetSize of job (KB)
...
006 (011.2047.000) 05/09 08:16:02 Image size of job updated: 2592228
	1917  -  MemoryUsage of job (MB)
	1962576  -  ResidentSetSize of job (KB)
...
006 (011.2047.000) 05/09 08:16:07 Image size of job updated: 2593252
	1918  -  MemoryUsage of job (MB)
	1964028  -  ResidentSetSize of job (KB)
...
006 (011.2047.000) 05/09 08:16:12 Image size of job updated: 2596324
	1921  -  MemoryUsage of job (MB)
	1966404  -  ResidentSetSize of job (KB)
...
006 (011.2047.000) 05/09 08:16:17 Image size of job updated: 2597348
	1921  -  MemoryUsage of job (MB)
	1967064  -  ResidentSetSize of job (KB)
...
006 (011.2047.000) 05/09 08:16:22 Image size of job updated: 2597348
	1922  -  MemoryUsage of job (MB)
	1967460  -  ResidentSetSize of job (KB)
...
006 (011.2047.000) 05/09 08:16:27 Image size of job updated: 2599396
	1924  -  MemoryUsage of job (MB)
	1969572  -  ResidentSetSize of job (KB)
...
006 (011.2047.000) 05/09 08:16:32 Image size of job updated: 2599396
	1929  -  MemoryUsage of job (MB)
	1974984  -  ResidentSetSize of job (KB)
...
006 (011.2047.000) 05/09 08:16:37 Image size of job updated: 2599396
	1929  -  MemoryUsage of job (MB)
	1975116  -  ResidentSetSize of job (KB)
...
006 (011.2047.000) 05/09 08:16:42 Image size of job updated: 2607588
	1932  -  MemoryUsage of job (MB)
	1977888  -  ResidentSetSize of job (KB)
...
006 (011.2047.000) 05/09 08:16:47 Image size of job updated: 2607588
	1932  -  MemoryUsage of job (MB)
	1978020  -  ResidentSetSize of job (KB)
...
006 (011.2047.000) 05/09 08:16:52 Image size of job updated: 2607588
	1934  -  MemoryUsage of job (MB)
	1980264  -  ResidentSetSize of job (KB)
...
006 (011.2047.000) 05/09 08:16:57 Image size of job updated: 2614756
	1939  -  MemoryUsage of job (MB)
	1984752  -  ResidentSetSize of job (KB)
...
006 (011.2047.000) 05/09 08:17:02 Image size of job updated: 2614756
	1945  -  MemoryUsage of job (MB)
	1991220  -  ResidentSetSize of job (KB)
...
006 (011.2047.000) 05/09 08:17:07 Image size of job updated: 2614756
	1948  -  MemoryUsage of job (MB)
	1993992  -  ResidentSetSize of job (KB)
...
006 (011.2047.000) 05/09 08:17:12 Image size of job updated: 2624996
	1948  -  MemoryUsage of job (MB)
	1994124  -  ResidentSetSize of job (KB)
...
006 (011.2047.000) 05/09 08:17:17 Image size of job updated: 2624996
	1950  -  MemoryUsage of job (MB)
	1996104  -  ResidentSetSize of job (KB)
...
006 (011.2047.000) 05/09 08:17:22 Image size of job updated: 2624996
	1955  -  MemoryUsage of job (MB)
	2001780  -  ResidentSetSize of job (KB)
...
006 (011.2047.000) 05/09 08:17:27 Image size of job updated: 2624996
	1957  -  MemoryUsage of job (MB)
	2003628  -  ResidentSetSize of job (KB)
...
006 (011.2047.000) 05/09 08:17:32 Image size of job updated: 2635236
	1960  -  MemoryUsage of job (MB)
	2006268  -  ResidentSetSize of job (KB)
...
006 (011.2047.000) 05/09 08:17:37 Image size of job updated: 2635236
	1963  -  MemoryUsage of job (MB)
	2009568  -  ResidentSetSize of job (KB)
...
006 (011.2047.000) 05/09 08:17:42 Image size of job updated: 2635236
	1965  -  MemoryUsage of job (MB)
	2011944  -  ResidentSetSize of job (KB)
...
006 (011.2047.000) 05/09 08:17:47 Image size of job updated: 2646500
	1969  -  MemoryUsage of job (MB)
	2016036  -  ResidentSetSize of job (KB)
...
006 (011.2047.000) 05/09 08:17:52 Image size of job updated: 2647524
	1970  -  MemoryUsage of job (MB)
	2016696  -  ResidentSetSize of job (KB)
...
006 (011.2047.000) 05/09 08:17:57 Image size of job updated: 2647524
	1972  -  MemoryUsage of job (MB)
	2018676  -  ResidentSetSize of job (KB)
...
006 (011.2047.000) 05/09 08:18:02 Image size of job updated: 2650596
	1975  -  MemoryUsage of job (MB)
	2021712  -  ResidentSetSize of job (KB)
...
006 (011.2047.000) 05/09 08:18:07 Image size of job updated: 2650596
	1977  -  MemoryUsage of job (MB)
	2023560  -  ResidentSetSize of job (KB)
...
006 (011.2047.000) 05/09 08:18:12 Image size of job updated: 2650596
	1977  -  MemoryUsage of job (MB)
	2023956  -  ResidentSetSize of job (KB)
...
006 (011.2047.000) 05/09 08:18:17 Image size of job updated: 2655716
	1979  -  MemoryUsage of job (MB)
	2025936  -  ResidentSetSize of job (KB)
...
006 (011.2047.000) 05/09 08:18:22 Image size of job updated: 2655716
	1984  -  MemoryUsage of job (MB)
	2030688  -  ResidentSetSize of job (KB)
...
006 (011.2047.000) 05/09 08:18:27 Image size of job updated: 2655716
	1987  -  MemoryUsage of job (MB)
	2034384  -  ResidentSetSize of job (KB)
...
006 (011.2047.000) 05/09 08:18:32 Image size of job updated: 2664932
	1987  -  MemoryUsage of job (MB)
	2034516  -  ResidentSetSize of job (KB)
...
006 (011.2047.000) 05/09 08:18:37 Image size of job updated: 2664932
	1991  -  MemoryUsage of job (MB)
	2038344  -  ResidentSetSize of job (KB)
...
006 (011.2047.000) 05/09 08:18:42 Image size of job updated: 2664932
	1996  -  MemoryUsage of job (MB)
	2042964  -  ResidentSetSize of job (KB)
...
006 (011.2047.000) 05/09 08:18:47 Image size of job updated: 2677220
	1999  -  MemoryUsage of job (MB)
	2046528  -  ResidentSetSize of job (KB)
...
006 (011.2047.000) 05/09 08:18:52 Image size of job updated: 2679268
	2001  -  MemoryUsage of job (MB)
	2048508  -  ResidentSetSize of job (KB)
...
006 (011.2047.000) 05/09 08:18:57 Image size of job updated: 2682340
	2005  -  MemoryUsage of job (MB)
	2052600  -  ResidentSetSize of job (KB)
...
006 (011.2047.000) 05/09 08:19:02 Image size of job updated: 2686436
	2008  -  MemoryUsage of job (MB)
	2055636  -  ResidentSetSize of job (KB)
...
006 (011.2047.000) 05/09 08:19:07 Image size of job updated: 2687460
	2011  -  MemoryUsage of job (MB)
	2058276  -  ResidentSetSize of job (KB)
...
006 (011.2047.000) 05/09 08:19:12 Image size of job updated: 2687460
	2013  -  MemoryUsage of job (MB)
	2060652  -  ResidentSetSize of job (KB)
...
006 (011.2047.000) 05/09 08:19:17 Image size of job updated: 2691556
	2015  -  MemoryUsage of job (MB)
	2062368  -  ResidentSetSize of job (KB)
...
006 (011.2047.000) 05/09 08:19:22 Image size of job updated: 2691556
	2018  -  MemoryUsage of job (MB)
	2066064  -  ResidentSetSize of job (KB)
...
006 (011.2047.000) 05/09 08:19:27 Image size of job updated: 2691556
	2021  -  MemoryUsage of job (MB)
	2068968  -  ResidentSetSize of job (KB)
...
006 (011.2047.000) 05/09 08:19:32 Image size of job updated: 2700772
	2023  -  MemoryUsage of job (MB)
	2070948  -  ResidentSetSize of job (KB)
...
006 (011.2047.000) 05/09 08:19:37 Image size of job updated: 2702820
	2027  -  MemoryUsage of job (MB)
	2075436  -  ResidentSetSize of job (KB)
...
006 (011.2047.000) 05/09 08:19:42 Image size of job updated: 2705892
	2031  -  MemoryUsage of job (MB)
	2079132  -  ResidentSetSize of job (KB)
...
006 (011.2047.000) 05/09 08:19:47 Image size of job updated: 2709988
	2032  -  MemoryUsage of job (MB)
	2080452  -  ResidentSetSize of job (KB)
...
006 (011.2047.000) 05/09 08:19:52 Image size of job updated: 2711012
	2036  -  MemoryUsage of job (MB)
	2084280  -  ResidentSetSize of job (KB)
...
006 (011.2047.000) 05/09 08:19:57 Image size of job updated: 2711012
	2037  -  MemoryUsage of job (MB)
	2085732  -  ResidentSetSize of job (KB)
...
006 (011.2047.000) 05/09 08:20:02 Image size of job updated: 2718180
	2040  -  MemoryUsage of job (MB)
	2088240  -  ResidentSetSize of job (KB)
...
006 (011.2047.000) 05/09 08:20:07 Image size of job updated: 2718180
	2044  -  MemoryUsage of job (MB)
	2092728  -  ResidentSetSize of job (KB)
...
006 (011.2047.000) 05/09 08:20:12 Image size of job updated: 2718180
	2046  -  MemoryUsage of job (MB)
	2094312  -  ResidentSetSize of job (KB)
...
006 (011.2047.000) 05/09 08:20:17 Image size of job updated: 2726372
	2048  -  MemoryUsage of job (MB)
	2096160  -  ResidentSetSize of job (KB)
...
006 (011.2047.000) 05/09 08:20:22 Image size of job updated: 2726372
	2051  -  MemoryUsage of job (MB)
	2099724  -  ResidentSetSize of job (KB)
...
006 (011.2047.000) 05/09 08:20:27 Image size of job updated: 2729444
	2054  -  MemoryUsage of job (MB)
	2102364  -  ResidentSetSize of job (KB)
...
006 (011.2047.000) 05/09 08:20:32 Image size of job updated: 2921956
	2256  -  MemoryUsage of job (MB)
	2309736  -  ResidentSetSize of job (KB)
...
006 (011.2047.000) 05/09 08:20:38 Image size of job updated: 2945508
	2256  -  MemoryUsage of job (MB)
	2309868  -  ResidentSetSize of job (KB)
...
005 (011.2047.000) 05/09 08:20:38 Job terminated.
	(1) Normal termination (return value 0)
		Usr 0 00:21:48, Sys 0 00:00:02  -  Run Remote Usage
		Usr 0 00:00:00, Sys 0 00:00:00  -  Run Local Usage
		Usr 0 00:21:48, Sys 0 00:00:02  -  Total Remote Usage
		Usr 0 00:00:00, Sys 0 00:00:00  -  Total Local Usage
	0  -  Run Bytes Sent By Job
	0  -  Run Bytes Received By Job
	0  -  Total Bytes Sent By Job
	0  -  Total Bytes Received By Job
	Partitionable Resources :      Usage  Request Allocated 
	   Cpus                 :       0.99        1         1 
	   Disk (KB)            : 2000000     2000000   6232219 
	   Memory (MB)          :    2256        1954      2007 
...
