000 (205.2671.000) 05/06 03:18:34 Job submitted from host: <127.0.0.1:9618?addrs=127.0.0.1-9618&noUDP&sock=222_da1d_4>
...
033 (205.2671.000) 05/06 14:22:17 Changing job attribute JobPrio from 0 to -5
...
000 (007.2671.000) 05/07 18:59:50 Job submitted from host: <127.0.0.1:9618?addrs=127.0.0.1-9618&noUDP&sock=215_0cf3_4>
...
000 (016.2671.000) 05/08 15:56:59 Job submitted from host: <127.0.0.1:9618?addrs=127.0.0.1-9618&noUDP&sock=227_4816_4>
...
001 (016.2671.000) 05/09 11:41:23 Job executing on host: <127.0.0.1:9618?addrs=127.0.0.1-9618&noUDP&sock=227_4816_5>
...
006 (016.2671.000) 05/09 11:41:28 Image size of job updated: 2000000
	115  -  MemoryUsage of job (MB)
	116952  -  ResidentSetSize of job (KB)
...
006 (016.2671.000) 05/09 11:41:58 Image size of job updated: 2000000
	172  -  MemoryUsage of job (MB)
	176088  -  ResidentSetSize of job (KB)
...
006 (016.2671.000) 05/09 11:42:03 Image size of job updated: 2000000
	211  -  MemoryUsage of job (MB)
	215424  -  ResidentSetSize of job (KB)
...
006 (016.2671.000) 05/09 11:42:08 Image size of job updated: 2000000
	211  -  MemoryUsage of job (MB)
	215688  -  ResidentSetSize of job (KB)
...
006 (016.2671.000) 05/09 11:42:13 Image size of job updated: 2000000
	214  -  MemoryUsage of job (MB)
	218724  -  ResidentSetSize of job (KB)
...
006 (016.2671.000) 05/09 11:42:18 Image size of job updated: 2000000
	224  -  MemoryUsage of job (MB)
	229020  -  ResidentSetSize of job (KB)
...
006 (016.2671.000) 05/09 11:42:23 Image size of job updated: 2000000
	234  -  MemoryUsage of job (MB)
	239052  -  ResidentSetSize of job (KB)
...
006 (016.2671.000) 05/09 11:42:28 Image size of job updated: 2000000
	245  -  MemoryUsage of job (MB)
	250668  -  ResidentSetSize of job (KB)
...
006 (016.2671.000) 05/09 11:42:33 Image size of job updated: 2000000
	255  -  MemoryUsage of job (MB)
	260172  -  ResidentSetSize of job (KB)
...
006 (016.2671.000) 05/09 11:42:38 Image size of job updated: 2000000
	263  -  MemoryUsage of job (MB)
	268884  -  ResidentSetSize of job (KB)
...
006 (016.2671.000) 05/09 11:42:43 Image size of job updated: 2000000
	271  -  MemoryUsage of job (MB)
	276540  -  ResidentSetSize of job (KB)
...
006 (016.2671.000) 05/09 11:42:48 Image size of job updated: 2000000
	279  -  MemoryUsage of job (MB)
	285648  -  ResidentSetSize of job (KB)
...
006 (016.2671.000) 05/09 11:42:53 Image size of job updated: 2000000
	309  -  MemoryUsage of job (MB)
	316404  -  ResidentSetSize of job (KB)
...
006 (016.2671.000) 05/09 11:42:58 Image size of job updated: 2000000
	350  -  MemoryUsage of job (MB)
	357456  -  ResidentSetSize of job (KB)
...
006 (016.2671.000) 05/09 11:43:03 Image size of job updated: 2000000
	378  -  MemoryUsage of job (MB)
	386892  -  ResidentSetSize of job (KB)
...
006 (016.2671.000) 05/09 11:43:09 Image size of job updated: 2000000
	380  -  MemoryUsage of job (MB)
	388476  -  ResidentSetSize of job (KB)
...
006 (016.2671.000) 05/09 11:43:15 Image size of job updated: 2000000
	464  -  MemoryUsage of job (MB)
	474408  -  ResidentSetSize of job (KB)
...
006 (016.2671.000) 05/09 11:43:21 Image size of job updated: 2000000
	523  -  MemoryUsage of job (MB)
	534600  -  ResidentSetSize of job (KB)
...
006 (016.2671.000) 05/09 11:43:27 Image size of job updated: 2000000
	1243  -  MemoryUsage of job (MB)
	1272216  -  ResidentSetSize of job (KB)
...
006 (016.2671.000) 05/09 12:02:11 Image size of job updated: 2000000
	1578  -  MemoryUsage of job (MB)
	1615284  -  ResidentSetSize of job (KB)
...
006 (016.2671.000) 05/09 12:02:16 Image size of job updated: 2453204
	1777  -  MemoryUsage of job (MB)
	1819224  -  ResidentSetSize of job (KB)
...
006 (016.2671.000) 05/09 12:02:21 Image size of job updated: 2453204
	1960  -  MemoryUsage of job (MB)
	2006400  -  ResidentSetSize of job (KB)
...
006 (016.2671.000) 05/09 12:02:26 Image size of job updated: 2453204
	2042  -  MemoryUsage of job (MB)
	2090880  -  ResidentSetSize of job (KB)
...
006 (016.2671.000) 05/09 12:02:31 Image size of job updated: 2829556
	2134  -  MemoryUsage of job (MB)
	2184468  -  ResidentSetSize of job (KB)
...
006 (016.2671.000) 05/09 12:02:36 Image size of job updated: 2836724
	2222  -  MemoryUsage of job (MB)
	2274360  -  ResidentSetSize of job (KB)
...
006 (016.2671.000) 05/09 12:02:41 Image size of job updated: 2836724
	2305  -  MemoryUsage of job (MB)
	2359896  -  ResidentSetSize of job (KB)
...
006 (016.2671.000) 05/09 12:02:46 Image size of job updated: 2836724
	2376  -  MemoryUsage of job (MB)
	2432628  -  ResidentSetSize of job (KB)
...
006 (016.2671.000) 05/09 12:02:51 Image size of job updated: 3078388
	2445  -  MemoryUsage of job (MB)
	2503644  -  ResidentSetSize of job (KB)
...
006 (016.2671.000) 05/09 12:02:56 Image size of job updated: 3078388
	2518  -  MemoryUsage of job (MB)
	2578224  -  ResidentSetSize of job (KB)
...
006 (016.2671.000) 05/09 12:03:01 Image size of job updated: 3078388
	2605  -  MemoryUsage of job (MB)
	2667456  -  ResidentSetSize of job (KB)
...
006 (016.2671.000) 05/09 12:03:06 Image size of job updated: 3312884
	2700  -  MemoryUsage of job (MB)
	2764080  -  ResidentSetSize of job (KB)
...
006 (016.2671.000) 05/09 12:03:11 Image size of job updated: 3312884
	2784  -  MemoryUsage of job (MB)
	2850804  -  ResidentSetSize of job (KB)
...
006 (016.2671.000) 05/09 12:03:16 Image size of job updated: 3560692
	2849  -  MemoryUsage of job (MB)
	2916408  -  ResidentSetSize of job (KB)
...
006 (016.2671.000) 05/09 12:03:21 Image size of job updated: 3560692
	2900  -  MemoryUsage of job (MB)
	2968812  -  ResidentSetSize of job (KB)
...
006 (016.2671.000) 05/09 12:03:26 Image size of job updated: 3644660
	2964  -  MemoryUsage of job (MB)
	3034416  -  ResidentSetSize of job (KB)
...
006 (016.2671.000) 05/09 12:03:31 Image size of job updated: 3761396
	3030  -  MemoryUsage of job (MB)
	3102528  -  ResidentSetSize of job (KB)
...
006 (016.2671.000) 05/09 12:03:36 Image size of job updated: 3761396
	3096  -  MemoryUsage of job (MB)
	3169848  -  ResidentSetSize of job (KB)
...
006 (016.2671.000) 05/09 12:03:41 Image size of job updated: 3861748
	3158  -  MemoryUsage of job (MB)
	3232812  -  ResidentSetSize of job (KB)
...
006 (016.2671.000) 05/09 12:03:46 Image size of job updated: 3926260
	3224  -  MemoryUsage of job (MB)
	3300528  -  ResidentSetSize of job (KB)
...
006 (016.2671.000) 05/09 12:03:51 Image size of job updated: 3998964
	3291  -  MemoryUsage of job (MB)
	3369432  -  ResidentSetSize of job (KB)
...
006 (016.2671.000) 05/09 12:03:56 Image size of job updated: 3998964
	3355  -  MemoryUsage of job (MB)
	3435432  -  ResidentSetSize of job (KB)
...
006 (016.2671.000) 05/09 12:04:01 Image size of job updated: 3998964
	3420  -  MemoryUsage of job (MB)
	3501960  -  ResidentSetSize of job (KB)
...
006 (016.2671.000) 05/09 12:04:06 Image size of job updated: 4211956
	3485  -  MemoryUsage of job (MB)
	3568356  -  ResidentSetSize of job (KB)
...
006 (016.2671.000) 05/09 12:04:11 Image size of job updated: 4211956
	3551  -  MemoryUsage of job (MB)
	3635280  -  ResidentSetSize of job (KB)
...
006 (016.2671.000) 05/09 12:04:16 Image size of job updated: 4211956
	3616  -  MemoryUsage of job (MB)
	3702732  -  ResidentSetSize of job (KB)
...
006 (016.2671.000) 05/09 12:04:21 Image size of job updated: 4424948
	3682  -  MemoryUsage of job (MB)
	3769788  -  ResidentSetSize of job (KB)
...
006 (016.2671.000) 05/09 12:04:26 Image size of job updated: 4489460
	3750  -  MemoryUsage of job (MB)
	3839220  -  ResidentSetSize of job (KB)
...
006 (016.2671.000) 05/09 12:04:31 Image size of job updated: 4489460
	3816  -  MemoryUsage of job (MB)
	3907464  -  ResidentSetSize of job (KB)
...
006 (016.2671.000) 05/09 12:04:36 Image size of job updated: 4596980
	3883  -  MemoryUsage of job (MB)
	3975444  -  ResidentSetSize of job (KB)
...
006 (016.2671.000) 05/09 12:04:41 Image size of job updated: 4697332
	3950  -  MemoryUsage of job (MB)
	4044348  -  ResidentSetSize of job (KB)
...
006 (016.2671.000) 05/09 12:04:46 Image size of job updated: 4697332
	4019  -  MemoryUsage of job (MB)
	4115100  -  ResidentSetSize of job (KB)
...
006 (016.2671.000) 05/09 12:04:51 Image size of job updated: 4697332
	4088  -  MemoryUsage of job (MB)
	4185588  -  ResidentSetSize of job (KB)
...
006 (016.2671.000) 05/09 12:04:56 Image size of job updated: 4914420
	4155  -  MemoryUsage of job (MB)
	4254228  -  ResidentSetSize of job (KB)
...
006 (016.2671.000) 05/09 12:05:01 Image size of job updated: 4914420
	4224  -  MemoryUsage of job (MB)
	4324716  -  ResidentSetSize of job (KB)
...
006 (016.2671.000) 05/09 12:05:06 Image size of job updated: 5056756
	4290  -  MemoryUsage of job (MB)
	4392960  -  ResidentSetSize of job (KB)
...
006 (016.2671.000) 05/09 12:05:11 Image size of job updated: 5056756
	4358  -  MemoryUsage of job (MB)
	4462524  -  ResidentSetSize of job (KB)
...
006 (016.2671.000) 05/09 12:05:17 Image size of job updated: 5135604
	4441  -  MemoryUsage of job (MB)
	4547136  -  ResidentSetSize of job (KB)
...
006 (016.2671.000) 05/09 12:05:23 Image size of job updated: 5135604
	4523  -  MemoryUsage of job (MB)
	4631484  -  ResidentSetSize of job (KB)
...
006 (016.2671.000) 05/09 12:05:29 Image size of job updated: 5347572
	4608  -  MemoryUsage of job (MB)
	4718472  -  ResidentSetSize of job (KB)
...
006 (016.2671.000) 05/09 12:05:35 Image size of job updated: 5347572
	4693  -  MemoryUsage of job (MB)
	4805328  -  ResidentSetSize of job (KB)
...
006 (016.2671.000) 05/09 12:05:41 Image size of job updated: 5347572
	4778  -  MemoryUsage of job (MB)
	4891656  -  ResidentSetSize of job (KB)
...
006 (016.2671.000) 05/09 12:05:47 Image size of job updated: 5563636
	4860  -  MemoryUsage of job (MB)
	4976400  -  ResidentSetSize of job (KB)
...
006 (016.2671.000) 05/09 12:05:53 Image size of job updated: 5563636
	4944  -  MemoryUsage of job (MB)
	5062596  -  ResidentSetSize of job (KB)
...
006 (016.2671.000) 05/09 12:05:59 Image size of job updated: 5788916
	5027  -  MemoryUsage of job (MB)
	5146944  -  ResidentSetSize of job (KB)
...
006 (016.2671.000) 05/09 12:06:05 Image size of job updated: 5788916
	5110  -  MemoryUsage of job (MB)
	5231688  -  ResidentSetSize of job (KB)
...
006 (016.2671.000) 05/09 12:06:11 Image size of job updated: 5788916
	5192  -  MemoryUsage of job (MB)
	5315640  -  ResidentSetSize of job (KB)
...
006 (016.2671.000) 05/09 12:06:17 Image size of job updated: 5999860
	5273  -  MemoryUsage of job (MB)
	5399460  -  ResidentSetSize of job (KB)
...
006 (016.2671.000) 05/09 12:06:23 Image size of job updated: 5999860
	5353  -  MemoryUsage of job (MB)
	5481036  -  ResidentSetSize of job (KB)
...
006 (016.2671.000) 05/09 12:06:29 Image size of job updated: 6217972
	5433  -  MemoryUsage of job (MB)
	5562876  -  ResidentSetSize of job (KB)
...
006 (016.2671.000) 05/09 12:06:35 Image size of job updated: 6217972
	5514  -  MemoryUsage of job (MB)
	5646036  -  ResidentSetSize of job (KB)
...
006 (016.2671.000) 05/09 12:06:41 Image size of job updated: 6217972
	5595  -  MemoryUsage of job (MB)
	5729064  -  ResidentSetSize of job (KB)
...
006 (016.2671.000) 05/09 12:06:47 Image size of job updated: 6425844
	5677  -  MemoryUsage of job (MB)
	5812752  -  ResidentSetSize of job (KB)
...
006 (016.2671.000) 05/09 12:06:53 Image size of job updated: 6425844
	5758  -  MemoryUsage of job (MB)
	5895912  -  ResidentSetSize of job (KB)
...
006 (016.2671.000) 05/09 12:06:59 Image size of job updated: 6642932
	5841  -  MemoryUsage of job (MB)
	5981184  -  ResidentSetSize of job (KB)
...
006 (016.2671.000) 05/09 12:07:05 Image size of job updated: 6642932
	5917  -  MemoryUsage of job (MB)
	6058008  -  ResidentSetSize of job (KB)
...
006 (016.2671.000) 05/09 12:07:11 Image size of job updated: 6642932
	5976  -  MemoryUsage of job (MB)
	6119124  -  ResidentSetSize of job (KB)
...
006 (016.2671.000) 05/09 12:07:17 Image size of job updated: 6849780
	5990  -  MemoryUsage of job (MB)
	6133116  -  ResidentSetSize of job (KB)
...
006 (016.2671.000) 05/09 12:07:23 Image size of job updated: 6849780
	6018  -  MemoryUsage of job (MB)
	6161628  -  ResidentSetSize of job (KB)
...
006 (016.2671.000) 05/09 12:07:29 Image size of job updated: 6849780
	6104  -  MemoryUsage of job (MB)
	6250332  -  ResidentSetSize of job (KB)
...
006 (016.2671.000) 05/09 12:07:35 Image size of job updated: 7107828
	6127  -  MemoryUsage of job (MB)
	6273168  -  ResidentSetSize of job (KB)
...
006 (016.2671.000) 05/09 12:07:41 Image size of job updated: 7108852
	6158  -  MemoryUsage of job (MB)
	6305508  -  ResidentSetSize of job (KB)
...
006 (016.2671.000) 05/09 12:07:47 Image size of job updated: 7186676
	6238  -  MemoryUsage of job (MB)
	6386820  -  ResidentSetSize of job (KB)
...
006 (016.2671.000) 05/09 12:07:53 Image size of job updated: 7186676
	6323  -  MemoryUsage of job (MB)
	6474468  -  ResidentSetSize of job (KB)
...
006 (016.2671.000) 05/09 12:07:59 Image size of job updated: 7186676
	6425  -  MemoryUsage of job (MB)
	6578220  -  ResidentSetSize of job (KB)
...
006 (016.2671.000) 05/09 12:08:05 Image size of job updated: 7431412
	6500  -  MemoryUsage of job (MB)
	6655176  -  ResidentSetSize of job (KB)
...
006 (016.2671.000) 05/09 12:08:11 Image size of job updated: 7431412
	6560  -  MemoryUsage of job (MB)
	6717348  -  ResidentSetSize of job (KB)
...
006 (016.2671.000) 05/09 12:08:17 Image size of job updated: 7613684
	6611  -  MemoryUsage of job (MB)
	6768696  -  ResidentSetSize of job (KB)
...
006 (016.2671.000) 05/09 12:08:23 Image size of job updated: 7684340
	6692  -  MemoryUsage of job (MB)
	6852120  -  ResidentSetSize of job (KB)
...
006 (016.2671.000) 05/09 12:08:29 Image size of job updated: 7788788
	6773  -  MemoryUsage of job (MB)
	6935544  -  ResidentSetSize of job (KB)
...
006 (016.2671.000) 05/09 12:08:35 Image size of job updated: 7821556
	6857  -  MemoryUsage of job (MB)
	7020948  -  ResidentSetSize of job (KB)
...
006 (016.2671.000) 05/09 12:08:41 Image size of job updated: 7945460
	6939  -  MemoryUsage of job (MB)
	7105164  -  ResidentSetSize of job (KB)
...
006 (016.2671.000) 05/09 12:08:47 Image size of job updated: 8047860
	7022  -  MemoryUsage of job (MB)
	7189908  -  ResidentSetSize of job (KB)
...
006 (016.2671.000) 05/09 12:08:53 Image size of job updated: 8047860
	7109  -  MemoryUsage of job (MB)
	7279008  -  ResidentSetSize of job (KB)
...
006 (016.2671.000) 05/09 12:08:59 Image size of job updated: 8047860
	7194  -  MemoryUsage of job (MB)
	7365732  -  ResidentSetSize of job (KB)
...
006 (016.2671.000) 05/09 12:09:05 Image size of job updated: 8263924
	7277  -  MemoryUsage of job (MB)
	7450872  -  ResidentSetSize of job (KB)
...
006 (016.2671.000) 05/09 12:09:11 Image size of job updated: 8263924
	7361  -  MemoryUsage of job (MB)
	7537068  -  ResidentSetSize of job (KB)
...
006 (016.2671.000) 05/09 12:09:17 Image size of job updated: 8489204
	7446  -  MemoryUsage of job (MB)
	7623924  -  ResidentSetSize of job (KB)
...
006 (016.2671.000) 05/09 12:09:23 Image size of job updated: 8491252
	7530  -  MemoryUsage of job (MB)
	7709724  -  ResidentSetSize of job (KB)
...
006 (016.2671.000) 05/09 12:09:29 Image size of job updated: 8491252
	7614  -  MemoryUsage of job (MB)
	7796448  -  ResidentSetSize of job (KB)
...
006 (016.2671.000) 05/09 12:09:35 Image size of job updated: 8702196
	7701  -  MemoryUsage of job (MB)
	7884888  -  ResidentSetSize of job (KB)
...
006 (016.2671.000) 05/09 12:09:41 Image size of job updated: 8702196
	7787  -  MemoryUsage of job (MB)
	7973196  -  ResidentSetSize of job (KB)
...
006 (016.2671.000) 05/09 12:09:47 Image size of job updated: 8929524
	7873  -  MemoryUsage of job (MB)
	8061240  -  ResidentSetSize of job (KB)
...
006 (016.2671.000) 05/09 12:09:53 Image size of job updated: 9015540
	7959  -  MemoryUsage of job (MB)
	8149416  -  ResidentSetSize of job (KB)
...
006 (016.2671.000) 05/09 12:09:59 Image size of job updated: 9015540
	8044  -  MemoryUsage of job (MB)
	8236668  -  ResidentSetSize of job (KB)
...
006 (016.2671.000) 05/09 12:10:05 Image size of job updated: 9136372
	8252  -  MemoryUsage of job (MB)
	8449320  -  ResidentSetSize of job (KB)
...
006 (016.2671.000) 05/09 12:10:11 Image size of job updated: 9136372
	8357  -  MemoryUsage of job (MB)
	8557032  -  ResidentSetSize of job (KB)
...
005 (016.2671.000) 05/09 12:10:15 Job terminated.
	(1) Normal termination (return value 0)
		Usr 0 00:27:49, Sys 0 00:00:14  -  Run Remote Usage
		Usr 0 00:00:00, Sys 0 00:00:00  -  Run Local Usage
		Usr 0 00:27:49, Sys 0 00:00:14  -  Total Remote Usage
		Usr 0 00:00:00, Sys 0 00:00:00  -  Total Local Usage
	0  -  Run Bytes Sent By Job
	0  -  Run Bytes Received By Job
	0  -  Total Bytes Sent By Job
	0  -  Total Bytes Received By Job
	Partitionable Resources :      Usage  Request Allocated 
	   Cpus                 :       0.99        1         1 
	   Disk (KB)            : 2000000     2000000   6275465 
	   Memory (MB)          :    8357        1954      2007 
...
