000 (188.096.000) 05/05 21:04:40 Job submitted from host: <127.0.0.1:9618?addrs=127.0.0.1-9618&noUDP&sock=222_da1d_4>
...
001 (188.096.000) 05/06 01:36:23 Job executing on host: <127.0.0.1:9618?addrs=127.0.0.1-9618&noUDP&sock=222_da1d_5>
...
006 (188.096.000) 05/06 01:36:29 Image size of job updated: 2000000
	140  -  MemoryUsage of job (MB)
	143088  -  ResidentSetSize of job (KB)
...
006 (188.096.000) 05/06 01:36:35 Image size of job updated: 2000000
	151  -  MemoryUsage of job (MB)
	153648  -  ResidentSetSize of job (KB)
...
006 (188.096.000) 05/06 01:37:38 Image size of job updated: 2000000
	210  -  MemoryUsage of job (MB)
	214500  -  ResidentSetSize of job (KB)
...
006 (188.096.000) 05/06 01:37:43 Image size of job updated: 2000000
	267  -  MemoryUsage of job (MB)
	272712  -  ResidentSetSize of job (KB)
...
006 (188.096.000) 05/06 01:37:48 Image size of job updated: 2000000
	292  -  MemoryUsage of job (MB)
	298188  -  ResidentSetSize of job (KB)
...
006 (188.096.000) 05/06 01:37:58 Image size of job updated: 2000000
	292  -  MemoryUsage of job (MB)
	298848  -  ResidentSetSize of job (KB)
...
006 (188.096.000) 05/06 01:38:03 Image size of job updated: 2000000
	293  -  MemoryUsage of job (MB)
	299904  -  ResidentSetSize of job (KB)
...
006 (188.096.000) 05/06 01:38:09 Image size of job updated: 2000000
	296  -  MemoryUsage of job (MB)
	303072  -  ResidentSetSize of job (KB)
...
006 (188.096.000) 05/06 01:38:16 Image size of job updated: 2000000
	297  -  MemoryUsage of job (MB)
	303600  -  ResidentSetSize of job (KB)
...
006 (188.096.000) 05/06 01:38:23 Image size of job updated: 2000000
	307  -  MemoryUsage of job (MB)
	313764  -  ResidentSetSize of job (KB)
...
006 (188.096.000) 05/06 01:38:28 Image size of job updated: 2000000
	315  -  MemoryUsage of job (MB)
	321948  -  ResidentSetSize of job (KB)
...
006 (188.096.000) 05/06 01:38:33 Image size of job updated: 2000000
	326  -  MemoryUsage of job (MB)
	333036  -  ResidentSetSize of job (KB)
...
006 (188.096.000) 05/06 01:38:38 Image size of job updated: 2000000
	337  -  MemoryUsage of job (MB)
	344256  -  ResidentSetSize of job (KB)
...
006 (188.096.000) 05/06 01:38:43 Image size of job updated: 2000000
	345  -  MemoryUsage of job (MB)
	353100  -  ResidentSetSize of job (KB)
...
006 (188.096.000) 05/06 01:38:48 Image size of job updated: 2000000
	358  -  MemoryUsage of job (MB)
	365640  -  ResidentSetSize of job (KB)
...
006 (188.096.000) 05/06 01:38:53 Image size of job updated: 2000000
	368  -  MemoryUsage of job (MB)
	376728  -  ResidentSetSize of job (KB)
...
006 (188.096.000) 05/06 01:38:58 Image size of job updated: 2000000
	373  -  MemoryUsage of job (MB)
	381876  -  ResidentSetSize of job (KB)
...
006 (188.096.000) 05/06 01:39:03 Image size of job updated: 2000000
	376  -  MemoryUsage of job (MB)
	384516  -  ResidentSetSize of job (KB)
...
006 (188.096.000) 05/06 01:39:10 Image size of job updated: 2000000
	384  -  MemoryUsage of job (MB)
	393096  -  ResidentSetSize of job (KB)
...
006 (188.096.000) 05/06 01:39:15 Image size of job updated: 2000000
	386  -  MemoryUsage of job (MB)
	394680  -  ResidentSetSize of job (KB)
...
006 (188.096.000) 05/06 01:39:20 Image size of job updated: 2000000
	389  -  MemoryUsage of job (MB)
	397320  -  ResidentSetSize of job (KB)
...
006 (188.096.000) 05/06 01:39:25 Image size of job updated: 2000000
	393  -  MemoryUsage of job (MB)
	401940  -  ResidentSetSize of job (KB)
...
006 (188.096.000) 05/06 01:39:51 Image size of job updated: 2000000
	410  -  MemoryUsage of job (MB)
	418968  -  ResidentSetSize of job (KB)
...
006 (188.096.000) 05/06 01:40:45 Image size of job updated: 2000000
	675  -  MemoryUsage of job (MB)
	690228  -  ResidentSetSize of job (KB)
...
006 (188.096.000) 05/06 01:41:27 Image size of job updated: 2000000
	921  -  MemoryUsage of job (MB)
	942348  -  ResidentSetSize of job (KB)
...
006 (188.096.000) 05/06 01:41:53 Image size of job updated: 3238672
	2538  -  MemoryUsage of job (MB)
	2598156  -  ResidentSetSize of job (KB)
...
007 (188.096.000) 05/06 03:20:18 Shadow exception!
	Assertion ERROR on (result)
	0  -  Run Bytes Sent By Job
	0  -  Run Bytes Received By Job
...
000 (209.094.000) 05/06 15:00:21 Job submitted from host: <127.0.0.1:9618?addrs=127.0.0.1-9618&noUDP&sock=222_da1d_4>
...
001 (209.094.000) 05/06 18:01:41 Job executing on host: <127.0.0.1:9618?addrs=127.0.0.1-9618&noUDP&sock=222_da1d_5>
...
006 (209.094.000) 05/06 18:01:48 Image size of job updated: 2000000
	6  -  MemoryUsage of job (MB)
	5412  -  ResidentSetSize of job (KB)
...
006 (209.094.000) 05/06 18:03:25 Image size of job updated: 2000000
	287  -  MemoryUsage of job (MB)
	293172  -  ResidentSetSize of job (KB)
...
006 (209.094.000) 05/06 18:05:24 Image size of job updated: 2000000
	335  -  MemoryUsage of job (MB)
	342936  -  ResidentSetSize of job (KB)
...
006 (209.094.000) 05/06 18:07:21 Image size of job updated: 2000000
	525  -  MemoryUsage of job (MB)
	537108  -  ResidentSetSize of job (KB)
...
006 (209.094.000) 05/06 18:12:37 Image size of job updated: 2000000
	537  -  MemoryUsage of job (MB)
	549120  -  ResidentSetSize of job (KB)
...
006 (209.094.000) 05/06 18:24:33 Image size of job updated: 3236624
	537  -  MemoryUsage of job (MB)
	549120  -  ResidentSetSize of job (KB)
...
005 (209.094.000) 05/06 18:24:34 Job terminated.
	(0) Abnormal termination (signal 9)
	(0) No core file
		Usr 0 00:04:59, Sys 0 00:07:23  -  Run Remote Usage
		Usr 0 00:00:00, Sys 0 00:00:00  -  Run Local Usage
		Usr 0 00:04:59, Sys 0 00:07:23  -  Total Remote Usage
		Usr 0 00:00:00, Sys 0 00:00:00  -  Total Local Usage
	123035  -  Run Bytes Sent By Job
	1864886144  -  Run Bytes Received By Job
	123035  -  Total Bytes Sent By Job
	1864886144  -  Total Bytes Received By Job
	Partitionable Resources :    Usage  Request Allocated 
	   Cpus                 :        0        1         1 
	   Disk (KB)            :  2000000  2000000   6540465 
	   Memory (MB)          :      537     1954      2007 
...
