000 (205.9456.000) 05/06 03:22:16 Job submitted from host: <127.0.0.1:9618?addrs=127.0.0.1-9618&noUDP&sock=222_da1d_4>
...
033 (205.9456.000) 05/06 14:24:21 Changing job attribute JobPrio from 0 to -5
...
000 (007.9456.000) 05/07 19:01:09 Job submitted from host: <127.0.0.1:9618?addrs=127.0.0.1-9618&noUDP&sock=215_0cf3_4>
...
000 (016.9456.000) 05/08 15:58:12 Job submitted from host: <127.0.0.1:9618?addrs=127.0.0.1-9618&noUDP&sock=227_4816_4>
...
009 (016.9456.000) 05/09 16:56:31 Job was aborted by the user.
	via condor_rm (by user aw868)
...
000 (014.2295.000) 05/09 17:31:11 Job submitted from host: <127.0.0.1:9618?addrs=127.0.0.1-9618&noUDP&sock=212_fe2a_4>
...
033 (014.2295.000) 05/09 17:33:18 Changing job attribute JobPrio from 0 to -10
...
033 (014.2295.000) 05/09 21:35:48 Changing job attribute JobPrio from -10 to -15
...
001 (014.2295.000) 05/10 20:05:45 Job executing on host: <127.0.0.1:9618?addrs=127.0.0.1-9618&noUDP&sock=212_fe2a_5>
...
006 (014.2295.000) 05/10 20:05:50 Image size of job updated: 2000000
	110  -  MemoryUsage of job (MB)
	111936  -  ResidentSetSize of job (KB)
...
006 (014.2295.000) 05/10 20:05:55 Image size of job updated: 2000000
	115  -  MemoryUsage of job (MB)
	117084  -  ResidentSetSize of job (KB)
...
006 (014.2295.000) 05/10 20:06:23 Image size of job updated: 2000000
	194  -  MemoryUsage of job (MB)
	197736  -  ResidentSetSize of job (KB)
...
006 (014.2295.000) 05/10 20:06:29 Image size of job updated: 2000000
	211  -  MemoryUsage of job (MB)
	215556  -  ResidentSetSize of job (KB)
...
006 (014.2295.000) 05/10 20:06:35 Image size of job updated: 2000000
	216  -  MemoryUsage of job (MB)
	221100  -  ResidentSetSize of job (KB)
...
006 (014.2295.000) 05/10 20:06:41 Image size of job updated: 2000000
	230  -  MemoryUsage of job (MB)
	235356  -  ResidentSetSize of job (KB)
...
006 (014.2295.000) 05/10 20:06:47 Image size of job updated: 2000000
	244  -  MemoryUsage of job (MB)
	249612  -  ResidentSetSize of job (KB)
...
006 (014.2295.000) 05/10 20:06:53 Image size of job updated: 2000000
	256  -  MemoryUsage of job (MB)
	261888  -  ResidentSetSize of job (KB)
...
006 (014.2295.000) 05/10 20:06:59 Image size of job updated: 2000000
	267  -  MemoryUsage of job (MB)
	272712  -  ResidentSetSize of job (KB)
...
006 (014.2295.000) 05/10 20:07:05 Image size of job updated: 2000000
	280  -  MemoryUsage of job (MB)
	285912  -  ResidentSetSize of job (KB)
...
006 (014.2295.000) 05/10 20:07:11 Image size of job updated: 2000000
	317  -  MemoryUsage of job (MB)
	324456  -  ResidentSetSize of job (KB)
...
006 (014.2295.000) 05/10 20:07:17 Image size of job updated: 2000000
	365  -  MemoryUsage of job (MB)
	373032  -  ResidentSetSize of job (KB)
...
006 (014.2295.000) 05/10 20:07:23 Image size of job updated: 2000000
	380  -  MemoryUsage of job (MB)
	388608  -  ResidentSetSize of job (KB)
...
006 (014.2295.000) 05/10 20:07:29 Image size of job updated: 2000000
	428  -  MemoryUsage of job (MB)
	437844  -  ResidentSetSize of job (KB)
...
006 (014.2295.000) 05/10 20:07:35 Image size of job updated: 2000000
	512  -  MemoryUsage of job (MB)
	523776  -  ResidentSetSize of job (KB)
...
006 (014.2295.000) 05/10 20:07:41 Image size of job updated: 2000000
	1245  -  MemoryUsage of job (MB)
	1274196  -  ResidentSetSize of job (KB)
...
006 (014.2295.000) 05/10 20:25:12 Image size of job updated: 2000000
	1528  -  MemoryUsage of job (MB)
	1564200  -  ResidentSetSize of job (KB)
...
006 (014.2295.000) 05/10 20:25:18 Image size of job updated: 2370000
	1673  -  MemoryUsage of job (MB)
	1712700  -  ResidentSetSize of job (KB)
...
006 (014.2295.000) 05/10 20:25:26 Image size of job updated: 2370000
	1768  -  MemoryUsage of job (MB)
	1809720  -  ResidentSetSize of job (KB)
...
006 (014.2295.000) 05/10 20:25:34 Image size of job updated: 2454224
	1768  -  MemoryUsage of job (MB)
	1809720  -  ResidentSetSize of job (KB)
...
006 (014.2295.000) 05/10 20:25:46 Image size of job updated: 2704112
	1970  -  MemoryUsage of job (MB)
	2017224  -  ResidentSetSize of job (KB)
...
006 (014.2295.000) 05/10 20:25:52 Image size of job updated: 2704112
	2000  -  MemoryUsage of job (MB)
	2047980  -  ResidentSetSize of job (KB)
...
006 (014.2295.000) 05/10 20:25:58 Image size of job updated: 2729200
	2076  -  MemoryUsage of job (MB)
	2125200  -  ResidentSetSize of job (KB)
...
006 (014.2295.000) 05/10 20:26:04 Image size of job updated: 2823408
	2182  -  MemoryUsage of job (MB)
	2233704  -  ResidentSetSize of job (KB)
...
006 (014.2295.000) 05/10 20:26:10 Image size of job updated: 2931952
	2266  -  MemoryUsage of job (MB)
	2319636  -  ResidentSetSize of job (KB)
...
006 (014.2295.000) 05/10 20:26:16 Image size of job updated: 3039472
	2335  -  MemoryUsage of job (MB)
	2390916  -  ResidentSetSize of job (KB)
...
006 (014.2295.000) 05/10 20:26:22 Image size of job updated: 3107056
	2403  -  MemoryUsage of job (MB)
	2460612  -  ResidentSetSize of job (KB)
...
006 (014.2295.000) 05/10 20:26:28 Image size of job updated: 3107056
	2472  -  MemoryUsage of job (MB)
	2530836  -  ResidentSetSize of job (KB)
...
006 (014.2295.000) 05/10 20:26:34 Image size of job updated: 3213552
	2540  -  MemoryUsage of job (MB)
	2600664  -  ResidentSetSize of job (KB)
...
006 (014.2295.000) 05/10 20:26:40 Image size of job updated: 3213552
	2609  -  MemoryUsage of job (MB)
	2671020  -  ResidentSetSize of job (KB)
...
006 (014.2295.000) 05/10 20:26:46 Image size of job updated: 3388656
	2677  -  MemoryUsage of job (MB)
	2740980  -  ResidentSetSize of job (KB)
...
006 (014.2295.000) 05/10 20:26:52 Image size of job updated: 3388656
	2747  -  MemoryUsage of job (MB)
	2812128  -  ResidentSetSize of job (KB)
...
006 (014.2295.000) 05/10 20:26:58 Image size of job updated: 3388656
	2816  -  MemoryUsage of job (MB)
	2882616  -  ResidentSetSize of job (KB)
...
006 (014.2295.000) 05/10 20:27:04 Image size of job updated: 3558640
	2882  -  MemoryUsage of job (MB)
	2950464  -  ResidentSetSize of job (KB)
...
006 (014.2295.000) 05/10 20:27:10 Image size of job updated: 3558640
	2949  -  MemoryUsage of job (MB)
	3018972  -  ResidentSetSize of job (KB)
...
006 (014.2295.000) 05/10 20:27:16 Image size of job updated: 3732720
	3018  -  MemoryUsage of job (MB)
	3090120  -  ResidentSetSize of job (KB)
...
006 (014.2295.000) 05/10 20:27:22 Image size of job updated: 3732720
	3090  -  MemoryUsage of job (MB)
	3163380  -  ResidentSetSize of job (KB)
...
006 (014.2295.000) 05/10 20:27:28 Image size of job updated: 3732720
	3154  -  MemoryUsage of job (MB)
	3228720  -  ResidentSetSize of job (KB)
...
006 (014.2295.000) 05/10 20:27:34 Image size of job updated: 3912944
	3223  -  MemoryUsage of job (MB)
	3299340  -  ResidentSetSize of job (KB)
...
006 (014.2295.000) 05/10 20:27:40 Image size of job updated: 3912944
	3291  -  MemoryUsage of job (MB)
	3369696  -  ResidentSetSize of job (KB)
...
006 (014.2295.000) 05/10 20:27:46 Image size of job updated: 3912944
	3358  -  MemoryUsage of job (MB)
	3438336  -  ResidentSetSize of job (KB)
...
006 (014.2295.000) 05/10 20:27:53 Image size of job updated: 4087024
	3425  -  MemoryUsage of job (MB)
	3506448  -  ResidentSetSize of job (KB)
...
006 (014.2295.000) 05/10 20:27:58 Image size of job updated: 4204784
	3475  -  MemoryUsage of job (MB)
	3557664  -  ResidentSetSize of job (KB)
...
006 (014.2295.000) 05/10 20:28:03 Image size of job updated: 4259056
	3530  -  MemoryUsage of job (MB)
	3614424  -  ResidentSetSize of job (KB)
...
006 (014.2295.000) 05/10 20:28:08 Image size of job updated: 4259056
	3585  -  MemoryUsage of job (MB)
	3670524  -  ResidentSetSize of job (KB)
...
006 (014.2295.000) 05/10 20:28:13 Image size of job updated: 4378864
	3640  -  MemoryUsage of job (MB)
	3726360  -  ResidentSetSize of job (KB)
...
006 (014.2295.000) 05/10 20:28:18 Image size of job updated: 4430064
	3694  -  MemoryUsage of job (MB)
	3782592  -  ResidentSetSize of job (KB)
...
006 (014.2295.000) 05/10 20:28:23 Image size of job updated: 4430064
	3751  -  MemoryUsage of job (MB)
	3840012  -  ResidentSetSize of job (KB)
...
006 (014.2295.000) 05/10 20:28:28 Image size of job updated: 4430064
	3807  -  MemoryUsage of job (MB)
	3897828  -  ResidentSetSize of job (KB)
...
006 (014.2295.000) 05/10 20:28:33 Image size of job updated: 4602096
	3862  -  MemoryUsage of job (MB)
	3954324  -  ResidentSetSize of job (KB)
...
006 (014.2295.000) 05/10 20:28:38 Image size of job updated: 4602096
	3917  -  MemoryUsage of job (MB)
	4010556  -  ResidentSetSize of job (KB)
...
006 (014.2295.000) 05/10 20:28:43 Image size of job updated: 4602096
	3974  -  MemoryUsage of job (MB)
	4068372  -  ResidentSetSize of job (KB)
...
006 (014.2295.000) 05/10 20:28:48 Image size of job updated: 4773104
	4030  -  MemoryUsage of job (MB)
	4126452  -  ResidentSetSize of job (KB)
...
006 (014.2295.000) 05/10 20:28:53 Image size of job updated: 4773104
	4086  -  MemoryUsage of job (MB)
	4183080  -  ResidentSetSize of job (KB)
...
006 (014.2295.000) 05/10 20:28:58 Image size of job updated: 4773104
	4141  -  MemoryUsage of job (MB)
	4239576  -  ResidentSetSize of job (KB)
...
006 (014.2295.000) 05/10 20:29:03 Image size of job updated: 4955376
	4197  -  MemoryUsage of job (MB)
	4297656  -  ResidentSetSize of job (KB)
...
006 (014.2295.000) 05/10 20:29:08 Image size of job updated: 4955376
	4254  -  MemoryUsage of job (MB)
	4355604  -  ResidentSetSize of job (KB)
...
006 (014.2295.000) 05/10 20:29:13 Image size of job updated: 4955376
	4309  -  MemoryUsage of job (MB)
	4412364  -  ResidentSetSize of job (KB)
...
006 (014.2295.000) 05/10 20:29:18 Image size of job updated: 5126384
	4365  -  MemoryUsage of job (MB)
	4469652  -  ResidentSetSize of job (KB)
...
006 (014.2295.000) 05/10 20:29:23 Image size of job updated: 5126384
	4419  -  MemoryUsage of job (MB)
	4524300  -  ResidentSetSize of job (KB)
...
006 (014.2295.000) 05/10 20:29:28 Image size of job updated: 5126384
	4445  -  MemoryUsage of job (MB)
	4551096  -  ResidentSetSize of job (KB)
...
006 (014.2295.000) 05/10 20:29:33 Image size of job updated: 5291248
	4464  -  MemoryUsage of job (MB)
	4570500  -  ResidentSetSize of job (KB)
...
006 (014.2295.000) 05/10 20:29:38 Image size of job updated: 5291248
	4490  -  MemoryUsage of job (MB)
	4597032  -  ResidentSetSize of job (KB)
...
006 (014.2295.000) 05/10 20:29:43 Image size of job updated: 5291248
	4518  -  MemoryUsage of job (MB)
	4625676  -  ResidentSetSize of job (KB)
...
006 (014.2295.000) 05/10 20:29:48 Image size of job updated: 5454064
	4573  -  MemoryUsage of job (MB)
	4682304  -  ResidentSetSize of job (KB)
...
006 (014.2295.000) 05/10 20:29:53 Image size of job updated: 5505264
	4627  -  MemoryUsage of job (MB)
	4737348  -  ResidentSetSize of job (KB)
...
006 (014.2295.000) 05/10 20:29:58 Image size of job updated: 5505264
	4681  -  MemoryUsage of job (MB)
	4793316  -  ResidentSetSize of job (KB)
...
006 (014.2295.000) 05/10 20:30:03 Image size of job updated: 5618928
	4735  -  MemoryUsage of job (MB)
	4847832  -  ResidentSetSize of job (KB)
...
006 (014.2295.000) 05/10 20:30:08 Image size of job updated: 5618928
	4797  -  MemoryUsage of job (MB)
	4911324  -  ResidentSetSize of job (KB)
...
006 (014.2295.000) 05/10 20:30:13 Image size of job updated: 5721328
	4868  -  MemoryUsage of job (MB)
	4984716  -  ResidentSetSize of job (KB)
...
006 (014.2295.000) 05/10 20:30:18 Image size of job updated: 5721328
	4941  -  MemoryUsage of job (MB)
	5058768  -  ResidentSetSize of job (KB)
...
006 (014.2295.000) 05/10 20:30:23 Image size of job updated: 5878000
	5013  -  MemoryUsage of job (MB)
	5132292  -  ResidentSetSize of job (KB)
...
006 (014.2295.000) 05/10 20:30:28 Image size of job updated: 5878000
	5071  -  MemoryUsage of job (MB)
	5191824  -  ResidentSetSize of job (KB)
...
006 (014.2295.000) 05/10 20:30:33 Image size of job updated: 5995760
	5127  -  MemoryUsage of job (MB)
	5249904  -  ResidentSetSize of job (KB)
...
006 (014.2295.000) 05/10 20:30:38 Image size of job updated: 6026480
	5185  -  MemoryUsage of job (MB)
	5308776  -  ResidentSetSize of job (KB)
...
006 (014.2295.000) 05/10 20:30:43 Image size of job updated: 6100208
	5242  -  MemoryUsage of job (MB)
	5367252  -  ResidentSetSize of job (KB)
...
006 (014.2295.000) 05/10 20:30:48 Image size of job updated: 6157552
	5299  -  MemoryUsage of job (MB)
	5425200  -  ResidentSetSize of job (KB)
...
006 (014.2295.000) 05/10 20:30:53 Image size of job updated: 6212848
	5355  -  MemoryUsage of job (MB)
	5482752  -  ResidentSetSize of job (KB)
...
006 (014.2295.000) 05/10 20:30:58 Image size of job updated: 6212848
	5412  -  MemoryUsage of job (MB)
	5541492  -  ResidentSetSize of job (KB)
...
006 (014.2295.000) 05/10 20:31:03 Image size of job updated: 6212848
	5471  -  MemoryUsage of job (MB)
	5601684  -  ResidentSetSize of job (KB)
...
006 (014.2295.000) 05/10 20:31:08 Image size of job updated: 6390000
	5530  -  MemoryUsage of job (MB)
	5661876  -  ResidentSetSize of job (KB)
...
006 (014.2295.000) 05/10 20:31:13 Image size of job updated: 6390000
	5590  -  MemoryUsage of job (MB)
	5723388  -  ResidentSetSize of job (KB)
...
006 (014.2295.000) 05/10 20:31:18 Image size of job updated: 6390000
	5648  -  MemoryUsage of job (MB)
	5782788  -  ResidentSetSize of job (KB)
...
006 (014.2295.000) 05/10 20:31:23 Image size of job updated: 6582512
	5708  -  MemoryUsage of job (MB)
	5844168  -  ResidentSetSize of job (KB)
...
006 (014.2295.000) 05/10 20:31:28 Image size of job updated: 6582512
	5768  -  MemoryUsage of job (MB)
	5906340  -  ResidentSetSize of job (KB)
...
006 (014.2295.000) 05/10 20:31:33 Image size of job updated: 6582512
	5828  -  MemoryUsage of job (MB)
	5967324  -  ResidentSetSize of job (KB)
...
006 (014.2295.000) 05/10 20:31:38 Image size of job updated: 6767856
	5882  -  MemoryUsage of job (MB)
	6022500  -  ResidentSetSize of job (KB)
...
006 (014.2295.000) 05/10 20:31:43 Image size of job updated: 6767856
	5911  -  MemoryUsage of job (MB)
	6052596  -  ResidentSetSize of job (KB)
...
006 (014.2295.000) 05/10 20:31:55 Image size of job updated: 6921456
	5925  -  MemoryUsage of job (MB)
	6066456  -  ResidentSetSize of job (KB)
...
006 (014.2295.000) 05/10 20:32:13 Image size of job updated: 7118064
	6151  -  MemoryUsage of job (MB)
	6298248  -  ResidentSetSize of job (KB)
...
006 (014.2295.000) 05/10 20:32:27 Image size of job updated: 7309552
	6316  -  MemoryUsage of job (MB)
	6467340  -  ResidentSetSize of job (KB)
...
006 (014.2295.000) 05/10 20:32:36 Image size of job updated: 7309552
	6418  -  MemoryUsage of job (MB)
	6571092  -  ResidentSetSize of job (KB)
...
006 (014.2295.000) 05/10 20:32:41 Image size of job updated: 7473392
	6474  -  MemoryUsage of job (MB)
	6628776  -  ResidentSetSize of job (KB)
...
006 (014.2295.000) 05/10 20:32:46 Image size of job updated: 7473392
	6530  -  MemoryUsage of job (MB)
	6685800  -  ResidentSetSize of job (KB)
...
006 (014.2295.000) 05/10 20:32:51 Image size of job updated: 7473392
	6586  -  MemoryUsage of job (MB)
	6743616  -  ResidentSetSize of job (KB)
...
006 (014.2295.000) 05/10 20:32:56 Image size of job updated: 7646448
	6643  -  MemoryUsage of job (MB)
	6801960  -  ResidentSetSize of job (KB)
...
006 (014.2295.000) 05/10 20:33:01 Image size of job updated: 7646448
	6699  -  MemoryUsage of job (MB)
	6859380  -  ResidentSetSize of job (KB)
...
006 (014.2295.000) 05/10 20:33:06 Image size of job updated: 7646448
	6755  -  MemoryUsage of job (MB)
	6917064  -  ResidentSetSize of job (KB)
...
006 (014.2295.000) 05/10 20:33:11 Image size of job updated: 7819504
	6812  -  MemoryUsage of job (MB)
	6975276  -  ResidentSetSize of job (KB)
...
006 (014.2295.000) 05/10 20:33:16 Image size of job updated: 7819504
	7013  -  MemoryUsage of job (MB)
	7180536  -  ResidentSetSize of job (KB)
...
006 (014.2295.000) 05/10 20:33:21 Image size of job updated: 7819504
	7069  -  MemoryUsage of job (MB)
	7238484  -  ResidentSetSize of job (KB)
...
006 (014.2295.000) 05/10 20:33:39 Image size of job updated: 8066032
	7069  -  MemoryUsage of job (MB)
	7238484  -  ResidentSetSize of job (KB)
...
005 (014.2295.000) 05/10 20:33:39 Job terminated.
	(1) Normal termination (return value 0)
		Usr 0 00:26:23, Sys 0 00:00:24  -  Run Remote Usage
		Usr 0 00:00:00, Sys 0 00:00:00  -  Run Local Usage
		Usr 0 00:26:23, Sys 0 00:00:24  -  Total Remote Usage
		Usr 0 00:00:00, Sys 0 00:00:00  -  Total Local Usage
	0  -  Run Bytes Sent By Job
	0  -  Run Bytes Received By Job
	0  -  Total Bytes Sent By Job
	0  -  Total Bytes Received By Job
	Partitionable Resources :      Usage  Request Allocated 
	   Cpus                 :       0.51        1         1 
	   Disk (KB)            : 2000000     2000000   6232219 
	   Memory (MB)          :    7069        1954      2007 
...
