000 (205.3715.000) 05/06 03:19:15 Job submitted from host: <127.0.0.1:9618?addrs=127.0.0.1-9618&noUDP&sock=222_da1d_4>
...
033 (205.3715.000) 05/06 14:22:40 Changing job attribute JobPrio from 0 to -5
...
000 (007.3715.000) 05/07 19:00:02 Job submitted from host: <127.0.0.1:9618?addrs=127.0.0.1-9618&noUDP&sock=215_0cf3_4>
...
000 (016.3715.000) 05/08 15:57:10 Job submitted from host: <127.0.0.1:9618?addrs=127.0.0.1-9618&noUDP&sock=227_4816_4>
...
009 (016.3715.000) 05/09 16:54:35 Job was aborted by the user.
	via condor_rm (by user aw868)
...
000 (017.382.000) 05/09 17:25:55 Job submitted from host: <127.0.0.1:9618?addrs=127.0.0.1-9618&noUDP&sock=227_4816_4>
...
001 (017.382.000) 05/09 20:09:43 Job executing on host: <127.0.0.1:9618?addrs=127.0.0.1-9618&noUDP&sock=227_4816_5>
...
006 (017.382.000) 05/09 20:09:48 Image size of job updated: 2000000
	115  -  MemoryUsage of job (MB)
	116952  -  ResidentSetSize of job (KB)
...
006 (017.382.000) 05/09 20:10:18 Image size of job updated: 2000000
	170  -  MemoryUsage of job (MB)
	173448  -  ResidentSetSize of job (KB)
...
006 (017.382.000) 05/09 20:10:23 Image size of job updated: 2000000
	211  -  MemoryUsage of job (MB)
	215424  -  ResidentSetSize of job (KB)
...
006 (017.382.000) 05/09 20:10:28 Image size of job updated: 2000000
	211  -  MemoryUsage of job (MB)
	215820  -  ResidentSetSize of job (KB)
...
006 (017.382.000) 05/09 20:10:33 Image size of job updated: 2000000
	218  -  MemoryUsage of job (MB)
	222948  -  ResidentSetSize of job (KB)
...
006 (017.382.000) 05/09 20:10:38 Image size of job updated: 2000000
	230  -  MemoryUsage of job (MB)
	234828  -  ResidentSetSize of job (KB)
...
006 (017.382.000) 05/09 20:10:43 Image size of job updated: 2000000
	241  -  MemoryUsage of job (MB)
	246708  -  ResidentSetSize of job (KB)
...
006 (017.382.000) 05/09 20:10:48 Image size of job updated: 2000000
	253  -  MemoryUsage of job (MB)
	258456  -  ResidentSetSize of job (KB)
...
006 (017.382.000) 05/09 20:10:53 Image size of job updated: 2000000
	262  -  MemoryUsage of job (MB)
	267960  -  ResidentSetSize of job (KB)
...
006 (017.382.000) 05/09 20:10:58 Image size of job updated: 2000000
	271  -  MemoryUsage of job (MB)
	276804  -  ResidentSetSize of job (KB)
...
006 (017.382.000) 05/09 20:11:03 Image size of job updated: 2000000
	282  -  MemoryUsage of job (MB)
	288420  -  ResidentSetSize of job (KB)
...
006 (017.382.000) 05/09 20:11:08 Image size of job updated: 2000000
	320  -  MemoryUsage of job (MB)
	327228  -  ResidentSetSize of job (KB)
...
006 (017.382.000) 05/09 20:11:13 Image size of job updated: 2000000
	367  -  MemoryUsage of job (MB)
	375276  -  ResidentSetSize of job (KB)
...
006 (017.382.000) 05/09 20:11:18 Image size of job updated: 2000000
	380  -  MemoryUsage of job (MB)
	388212  -  ResidentSetSize of job (KB)
...
006 (017.382.000) 05/09 20:11:23 Image size of job updated: 2000000
	427  -  MemoryUsage of job (MB)
	436656  -  ResidentSetSize of job (KB)
...
006 (017.382.000) 05/09 20:11:28 Image size of job updated: 2000000
	492  -  MemoryUsage of job (MB)
	502788  -  ResidentSetSize of job (KB)
...
006 (017.382.000) 05/09 20:11:33 Image size of job updated: 2000000
	545  -  MemoryUsage of job (MB)
	557964  -  ResidentSetSize of job (KB)
...
006 (017.382.000) 05/09 20:11:38 Image size of job updated: 2000000
	1245  -  MemoryUsage of job (MB)
	1273932  -  ResidentSetSize of job (KB)
...
006 (017.382.000) 05/09 20:29:21 Image size of job updated: 2000000
	1431  -  MemoryUsage of job (MB)
	1465200  -  ResidentSetSize of job (KB)
...
006 (017.382.000) 05/09 20:29:26 Image size of job updated: 2303312
	1590  -  MemoryUsage of job (MB)
	1627560  -  ResidentSetSize of job (KB)
...
006 (017.382.000) 05/09 20:29:31 Image size of job updated: 2303312
	1767  -  MemoryUsage of job (MB)
	1808796  -  ResidentSetSize of job (KB)
...
006 (017.382.000) 05/09 20:29:36 Image size of job updated: 2303312
	1956  -  MemoryUsage of job (MB)
	2002440  -  ResidentSetSize of job (KB)
...
006 (017.382.000) 05/09 20:29:41 Image size of job updated: 2689264
	2032  -  MemoryUsage of job (MB)
	2080188  -  ResidentSetSize of job (KB)
...
006 (017.382.000) 05/09 20:29:46 Image size of job updated: 2689264
	2106  -  MemoryUsage of job (MB)
	2156484  -  ResidentSetSize of job (KB)
...
006 (017.382.000) 05/09 20:29:51 Image size of job updated: 2689264
	2192  -  MemoryUsage of job (MB)
	2244264  -  ResidentSetSize of job (KB)
...
006 (017.382.000) 05/09 20:29:56 Image size of job updated: 2958576
	2269  -  MemoryUsage of job (MB)
	2322936  -  ResidentSetSize of job (KB)
...
006 (017.382.000) 05/09 20:30:01 Image size of job updated: 2958576
	2334  -  MemoryUsage of job (MB)
	2389728  -  ResidentSetSize of job (KB)
...
006 (017.382.000) 05/09 20:30:06 Image size of job updated: 2958576
	2397  -  MemoryUsage of job (MB)
	2454012  -  ResidentSetSize of job (KB)
...
006 (017.382.000) 05/09 20:30:11 Image size of job updated: 3155184
	2459  -  MemoryUsage of job (MB)
	2517636  -  ResidentSetSize of job (KB)
...
006 (017.382.000) 05/09 20:30:16 Image size of job updated: 3155184
	2520  -  MemoryUsage of job (MB)
	2580072  -  ResidentSetSize of job (KB)
...
006 (017.382.000) 05/09 20:30:21 Image size of job updated: 3155184
	2582  -  MemoryUsage of job (MB)
	2643432  -  ResidentSetSize of job (KB)
...
006 (017.382.000) 05/09 20:30:26 Image size of job updated: 3355888
	2643  -  MemoryUsage of job (MB)
	2706396  -  ResidentSetSize of job (KB)
...
006 (017.382.000) 05/09 20:30:31 Image size of job updated: 3355888
	2708  -  MemoryUsage of job (MB)
	2772132  -  ResidentSetSize of job (KB)
...
006 (017.382.000) 05/09 20:30:36 Image size of job updated: 3355888
	2769  -  MemoryUsage of job (MB)
	2834832  -  ResidentSetSize of job (KB)
...
006 (017.382.000) 05/09 20:30:41 Image size of job updated: 3543280
	2829  -  MemoryUsage of job (MB)
	2896476  -  ResidentSetSize of job (KB)
...
006 (017.382.000) 05/09 20:30:46 Image size of job updated: 3543280
	2890  -  MemoryUsage of job (MB)
	2959308  -  ResidentSetSize of job (KB)
...
006 (017.382.000) 05/09 20:30:51 Image size of job updated: 3543280
	2951  -  MemoryUsage of job (MB)
	3020952  -  ResidentSetSize of job (KB)
...
006 (017.382.000) 05/09 20:30:56 Image size of job updated: 3730672
	3012  -  MemoryUsage of job (MB)
	3084048  -  ResidentSetSize of job (KB)
...
006 (017.382.000) 05/09 20:31:01 Image size of job updated: 3730672
	3074  -  MemoryUsage of job (MB)
	3147672  -  ResidentSetSize of job (KB)
...
006 (017.382.000) 05/09 20:31:06 Image size of job updated: 3730672
	3134  -  MemoryUsage of job (MB)
	3208260  -  ResidentSetSize of job (KB)
...
006 (017.382.000) 05/09 20:31:11 Image size of job updated: 3913968
	3195  -  MemoryUsage of job (MB)
	3271488  -  ResidentSetSize of job (KB)
...
006 (017.382.000) 05/09 20:31:16 Image size of job updated: 3952880
	3257  -  MemoryUsage of job (MB)
	3334320  -  ResidentSetSize of job (KB)
...
006 (017.382.000) 05/09 20:31:21 Image size of job updated: 4017392
	3318  -  MemoryUsage of job (MB)
	3396888  -  ResidentSetSize of job (KB)
...
006 (017.382.000) 05/09 20:31:26 Image size of job updated: 4102384
	3380  -  MemoryUsage of job (MB)
	3460776  -  ResidentSetSize of job (KB)
...
006 (017.382.000) 05/09 20:31:31 Image size of job updated: 4102384
	3441  -  MemoryUsage of job (MB)
	3523212  -  ResidentSetSize of job (KB)
...
006 (017.382.000) 05/09 20:31:36 Image size of job updated: 4102384
	3504  -  MemoryUsage of job (MB)
	3587100  -  ResidentSetSize of job (KB)
...
006 (017.382.000) 05/09 20:31:41 Image size of job updated: 4298992
	3564  -  MemoryUsage of job (MB)
	3649404  -  ResidentSetSize of job (KB)
...
006 (017.382.000) 05/09 20:31:46 Image size of job updated: 4298992
	3625  -  MemoryUsage of job (MB)
	3711312  -  ResidentSetSize of job (KB)
...
006 (017.382.000) 05/09 20:31:51 Image size of job updated: 4298992
	3686  -  MemoryUsage of job (MB)
	3773748  -  ResidentSetSize of job (KB)
...
006 (017.382.000) 05/09 20:31:56 Image size of job updated: 4484336
	3746  -  MemoryUsage of job (MB)
	3835656  -  ResidentSetSize of job (KB)
...
006 (017.382.000) 05/09 20:32:01 Image size of job updated: 4484336
	3808  -  MemoryUsage of job (MB)
	3898620  -  ResidentSetSize of job (KB)
...
006 (017.382.000) 05/09 20:32:06 Image size of job updated: 4484336
	3870  -  MemoryUsage of job (MB)
	3962508  -  ResidentSetSize of job (KB)
...
006 (017.382.000) 05/09 20:32:11 Image size of job updated: 4484336
	3932  -  MemoryUsage of job (MB)
	4025868  -  ResidentSetSize of job (KB)
...
006 (017.382.000) 05/09 20:32:16 Image size of job updated: 4687088
	3995  -  MemoryUsage of job (MB)
	4090548  -  ResidentSetSize of job (KB)
...
006 (017.382.000) 05/09 20:32:21 Image size of job updated: 4687088
	4058  -  MemoryUsage of job (MB)
	4155228  -  ResidentSetSize of job (KB)
...
006 (017.382.000) 05/09 20:32:26 Image size of job updated: 4687088
	4117  -  MemoryUsage of job (MB)
	4215552  -  ResidentSetSize of job (KB)
...
006 (017.382.000) 05/09 20:32:31 Image size of job updated: 4876528
	4180  -  MemoryUsage of job (MB)
	4280232  -  ResidentSetSize of job (KB)
...
006 (017.382.000) 05/09 20:32:37 Image size of job updated: 5007600
	4256  -  MemoryUsage of job (MB)
	4357584  -  ResidentSetSize of job (KB)
...
006 (017.382.000) 05/09 20:32:43 Image size of job updated: 5081328
	4332  -  MemoryUsage of job (MB)
	4435068  -  ResidentSetSize of job (KB)
...
006 (017.382.000) 05/09 20:32:49 Image size of job updated: 5102832
	4405  -  MemoryUsage of job (MB)
	4509912  -  ResidentSetSize of job (KB)
...
006 (017.382.000) 05/09 20:32:55 Image size of job updated: 5183728
	4480  -  MemoryUsage of job (MB)
	4587132  -  ResidentSetSize of job (KB)
...
006 (017.382.000) 05/09 20:33:01 Image size of job updated: 5271792
	4555  -  MemoryUsage of job (MB)
	4664088  -  ResidentSetSize of job (KB)
...
006 (017.382.000) 05/09 20:33:07 Image size of job updated: 5271792
	4630  -  MemoryUsage of job (MB)
	4740384  -  ResidentSetSize of job (KB)
...
006 (017.382.000) 05/09 20:33:13 Image size of job updated: 5271792
	4704  -  MemoryUsage of job (MB)
	4816812  -  ResidentSetSize of job (KB)
...
006 (017.382.000) 05/09 20:33:19 Image size of job updated: 5476592
	4781  -  MemoryUsage of job (MB)
	4894824  -  ResidentSetSize of job (KB)
...
006 (017.382.000) 05/09 20:33:25 Image size of job updated: 5476592
	4854  -  MemoryUsage of job (MB)
	4969932  -  ResidentSetSize of job (KB)
...
006 (017.382.000) 05/09 20:33:31 Image size of job updated: 5666032
	4929  -  MemoryUsage of job (MB)
	5046360  -  ResidentSetSize of job (KB)
...
006 (017.382.000) 05/09 20:33:37 Image size of job updated: 5666032
	5003  -  MemoryUsage of job (MB)
	5123052  -  ResidentSetSize of job (KB)
...
006 (017.382.000) 05/09 20:33:43 Image size of job updated: 5666032
	5081  -  MemoryUsage of job (MB)
	5202384  -  ResidentSetSize of job (KB)
...
006 (017.382.000) 05/09 20:33:49 Image size of job updated: 5859568
	5158  -  MemoryUsage of job (MB)
	5281452  -  ResidentSetSize of job (KB)
...
006 (017.382.000) 05/09 20:33:55 Image size of job updated: 5859568
	5231  -  MemoryUsage of job (MB)
	5356164  -  ResidentSetSize of job (KB)
...
006 (017.382.000) 05/09 20:34:01 Image size of job updated: 6054128
	5306  -  MemoryUsage of job (MB)
	5432724  -  ResidentSetSize of job (KB)
...
006 (017.382.000) 05/09 20:34:07 Image size of job updated: 6054128
	5375  -  MemoryUsage of job (MB)
	5503608  -  ResidentSetSize of job (KB)
...
006 (017.382.000) 05/09 20:34:13 Image size of job updated: 6054128
	5423  -  MemoryUsage of job (MB)
	5552316  -  ResidentSetSize of job (KB)
...
006 (017.382.000) 05/09 20:34:19 Image size of job updated: 6260976
	5452  -  MemoryUsage of job (MB)
	5582148  -  ResidentSetSize of job (KB)
...
006 (017.382.000) 05/09 20:34:25 Image size of job updated: 6260976
	5485  -  MemoryUsage of job (MB)
	5615808  -  ResidentSetSize of job (KB)
...
006 (017.382.000) 05/09 20:34:31 Image size of job updated: 6443248
	5509  -  MemoryUsage of job (MB)
	5641152  -  ResidentSetSize of job (KB)
...
006 (017.382.000) 05/09 20:34:37 Image size of job updated: 6443248
	5572  -  MemoryUsage of job (MB)
	5704908  -  ResidentSetSize of job (KB)
...
006 (017.382.000) 05/09 20:34:43 Image size of job updated: 6566128
	5616  -  MemoryUsage of job (MB)
	5750052  -  ResidentSetSize of job (KB)
...
006 (017.382.000) 05/09 20:34:49 Image size of job updated: 6660336
	5693  -  MemoryUsage of job (MB)
	5829252  -  ResidentSetSize of job (KB)
...
006 (017.382.000) 05/09 20:34:55 Image size of job updated: 6722800
	5768  -  MemoryUsage of job (MB)
	5906340  -  ResidentSetSize of job (KB)
...
006 (017.382.000) 05/09 20:35:01 Image size of job updated: 6722800
	5843  -  MemoryUsage of job (MB)
	5982504  -  ResidentSetSize of job (KB)
...
006 (017.382.000) 05/09 20:35:07 Image size of job updated: 6822128
	5917  -  MemoryUsage of job (MB)
	6058272  -  ResidentSetSize of job (KB)
...
006 (017.382.000) 05/09 20:35:13 Image size of job updated: 6971632
	5990  -  MemoryUsage of job (MB)
	6133644  -  ResidentSetSize of job (KB)
...
006 (017.382.000) 05/09 20:35:19 Image size of job updated: 7033072
	6065  -  MemoryUsage of job (MB)
	6209544  -  ResidentSetSize of job (KB)
...
006 (017.382.000) 05/09 20:35:25 Image size of job updated: 7123184
	6139  -  MemoryUsage of job (MB)
	6285972  -  ResidentSetSize of job (KB)
...
006 (017.382.000) 05/09 20:35:31 Image size of job updated: 7190768
	6214  -  MemoryUsage of job (MB)
	6362136  -  ResidentSetSize of job (KB)
...
006 (017.382.000) 05/09 20:35:37 Image size of job updated: 7256304
	6288  -  MemoryUsage of job (MB)
	6438300  -  ResidentSetSize of job (KB)
...
006 (017.382.000) 05/09 20:35:43 Image size of job updated: 7315696
	6363  -  MemoryUsage of job (MB)
	6515256  -  ResidentSetSize of job (KB)
...
006 (017.382.000) 05/09 20:35:49 Image size of job updated: 7389424
	6438  -  MemoryUsage of job (MB)
	6592212  -  ResidentSetSize of job (KB)
...
006 (017.382.000) 05/09 20:35:55 Image size of job updated: 7444720
	6515  -  MemoryUsage of job (MB)
	6670488  -  ResidentSetSize of job (KB)
...
006 (017.382.000) 05/09 20:36:01 Image size of job updated: 7444720
	6592  -  MemoryUsage of job (MB)
	6749688  -  ResidentSetSize of job (KB)
...
006 (017.382.000) 05/09 20:36:07 Image size of job updated: 7642352
	6668  -  MemoryUsage of job (MB)
	6827172  -  ResidentSetSize of job (KB)
...
006 (017.382.000) 05/09 20:36:13 Image size of job updated: 7642352
	6744  -  MemoryUsage of job (MB)
	6905316  -  ResidentSetSize of job (KB)
...
006 (017.382.000) 05/09 20:36:19 Image size of job updated: 7642352
	6821  -  MemoryUsage of job (MB)
	6983724  -  ResidentSetSize of job (KB)
...
006 (017.382.000) 05/09 20:36:25 Image size of job updated: 7830768
	6896  -  MemoryUsage of job (MB)
	7060548  -  ResidentSetSize of job (KB)
...
006 (017.382.000) 05/09 20:36:31 Image size of job updated: 7830768
	6971  -  MemoryUsage of job (MB)
	7137900  -  ResidentSetSize of job (KB)
...
006 (017.382.000) 05/09 20:36:37 Image size of job updated: 8024304
	7047  -  MemoryUsage of job (MB)
	7215912  -  ResidentSetSize of job (KB)
...
006 (017.382.000) 05/09 20:36:43 Image size of job updated: 8024304
	7123  -  MemoryUsage of job (MB)
	7293264  -  ResidentSetSize of job (KB)
...
006 (017.382.000) 05/09 20:36:49 Image size of job updated: 8024304
	7198  -  MemoryUsage of job (MB)
	7370220  -  ResidentSetSize of job (KB)
...
006 (017.382.000) 05/09 20:36:55 Image size of job updated: 8241392
	7275  -  MemoryUsage of job (MB)
	7449024  -  ResidentSetSize of job (KB)
...
006 (017.382.000) 05/09 20:37:01 Image size of job updated: 8304880
	7354  -  MemoryUsage of job (MB)
	7529676  -  ResidentSetSize of job (KB)
...
006 (017.382.000) 05/09 20:37:07 Image size of job updated: 8433904
	7431  -  MemoryUsage of job (MB)
	7608876  -  ResidentSetSize of job (KB)
...
006 (017.382.000) 05/09 20:37:13 Image size of job updated: 8505584
	7612  -  MemoryUsage of job (MB)
	7793808  -  ResidentSetSize of job (KB)
...
006 (017.382.000) 05/09 20:37:19 Image size of job updated: 8505584
	7723  -  MemoryUsage of job (MB)
	7908252  -  ResidentSetSize of job (KB)
...
006 (017.382.000) 05/09 20:37:24 Image size of job updated: 8721392
	7723  -  MemoryUsage of job (MB)
	7908252  -  ResidentSetSize of job (KB)
...
005 (017.382.000) 05/09 20:37:24 Job terminated.
	(1) Normal termination (return value 0)
		Usr 0 00:26:48, Sys 0 00:00:09  -  Run Remote Usage
		Usr 0 00:00:00, Sys 0 00:00:00  -  Run Local Usage
		Usr 0 00:26:48, Sys 0 00:00:09  -  Total Remote Usage
		Usr 0 00:00:00, Sys 0 00:00:00  -  Total Local Usage
	0  -  Run Bytes Sent By Job
	0  -  Run Bytes Received By Job
	0  -  Total Bytes Sent By Job
	0  -  Total Bytes Received By Job
	Partitionable Resources :      Usage  Request Allocated 
	   Cpus                 :       0.96        1         1 
	   Disk (KB)            : 2000000     2000000   6275465 
	   Memory (MB)          :    7723        1954      2007 
...
