000 (205.4061.000) 05/06 03:19:26 Job submitted from host: <127.0.0.1:9618?addrs=127.0.0.1-9618&noUDP&sock=222_da1d_4>
...
033 (205.4061.000) 05/06 14:22:45 Changing job attribute JobPrio from 0 to -5
...
000 (007.4061.000) 05/07 19:00:06 Job submitted from host: <127.0.0.1:9618?addrs=127.0.0.1-9618&noUDP&sock=215_0cf3_4>
...
000 (016.4061.000) 05/08 15:57:14 Job submitted from host: <127.0.0.1:9618?addrs=127.0.0.1-9618&noUDP&sock=227_4816_4>
...
009 (016.4061.000) 05/09 16:54:41 Job was aborted by the user.
	via condor_rm (by user aw868)
...
000 (017.728.000) 05/09 17:25:58 Job submitted from host: <127.0.0.1:9618?addrs=127.0.0.1-9618&noUDP&sock=227_4816_4>
...
001 (017.728.000) 05/09 22:39:18 Job executing on host: <127.0.0.1:9618?addrs=127.0.0.1-9618&noUDP&sock=227_4816_5>
...
006 (017.728.000) 05/09 22:39:24 Image size of job updated: 2000000
	114  -  MemoryUsage of job (MB)
	116688  -  ResidentSetSize of job (KB)
...
006 (017.728.000) 05/09 22:39:54 Image size of job updated: 2000000
	166  -  MemoryUsage of job (MB)
	169884  -  ResidentSetSize of job (KB)
...
006 (017.728.000) 05/09 22:40:00 Image size of job updated: 2000000
	210  -  MemoryUsage of job (MB)
	215028  -  ResidentSetSize of job (KB)
...
006 (017.728.000) 05/09 22:40:06 Image size of job updated: 2000000
	211  -  MemoryUsage of job (MB)
	215820  -  ResidentSetSize of job (KB)
...
006 (017.728.000) 05/09 22:40:12 Image size of job updated: 2000000
	219  -  MemoryUsage of job (MB)
	224136  -  ResidentSetSize of job (KB)
...
006 (017.728.000) 05/09 22:40:18 Image size of job updated: 2000000
	231  -  MemoryUsage of job (MB)
	236016  -  ResidentSetSize of job (KB)
...
006 (017.728.000) 05/09 22:40:24 Image size of job updated: 2000000
	243  -  MemoryUsage of job (MB)
	248820  -  ResidentSetSize of job (KB)
...
006 (017.728.000) 05/09 22:40:30 Image size of job updated: 2000000
	255  -  MemoryUsage of job (MB)
	260304  -  ResidentSetSize of job (KB)
...
006 (017.728.000) 05/09 22:40:36 Image size of job updated: 2000000
	265  -  MemoryUsage of job (MB)
	270468  -  ResidentSetSize of job (KB)
...
006 (017.728.000) 05/09 22:40:42 Image size of job updated: 2000000
	272  -  MemoryUsage of job (MB)
	277992  -  ResidentSetSize of job (KB)
...
006 (017.728.000) 05/09 22:40:48 Image size of job updated: 2000000
	306  -  MemoryUsage of job (MB)
	312708  -  ResidentSetSize of job (KB)
...
006 (017.728.000) 05/09 22:40:54 Image size of job updated: 2000000
	354  -  MemoryUsage of job (MB)
	361548  -  ResidentSetSize of job (KB)
...
006 (017.728.000) 05/09 22:41:00 Image size of job updated: 2000000
	379  -  MemoryUsage of job (MB)
	387288  -  ResidentSetSize of job (KB)
...
006 (017.728.000) 05/09 22:41:06 Image size of job updated: 2000000
	416  -  MemoryUsage of job (MB)
	425568  -  ResidentSetSize of job (KB)
...
006 (017.728.000) 05/09 22:41:12 Image size of job updated: 2000000
	492  -  MemoryUsage of job (MB)
	503448  -  ResidentSetSize of job (KB)
...
006 (017.728.000) 05/09 22:41:18 Image size of job updated: 2000000
	619  -  MemoryUsage of job (MB)
	632940  -  ResidentSetSize of job (KB)
...
006 (017.728.000) 05/09 22:41:24 Image size of job updated: 2000000
	1244  -  MemoryUsage of job (MB)
	1273272  -  ResidentSetSize of job (KB)
...
006 (017.728.000) 05/09 22:56:40 Image size of job updated: 2000000
	1334  -  MemoryUsage of job (MB)
	1365540  -  ResidentSetSize of job (KB)
...
006 (017.728.000) 05/09 22:56:45 Image size of job updated: 2370004
	1659  -  MemoryUsage of job (MB)
	1698708  -  ResidentSetSize of job (KB)
...
006 (017.728.000) 05/09 22:56:50 Image size of job updated: 2370004
	1780  -  MemoryUsage of job (MB)
	1822656  -  ResidentSetSize of job (KB)
...
006 (017.728.000) 05/09 22:56:55 Image size of job updated: 2370004
	2000  -  MemoryUsage of job (MB)
	2047716  -  ResidentSetSize of job (KB)
...
006 (017.728.000) 05/09 22:57:01 Image size of job updated: 2654452
	2000  -  MemoryUsage of job (MB)
	2047716  -  ResidentSetSize of job (KB)
...
006 (017.728.000) 05/09 22:57:13 Image size of job updated: 2669812
	2021  -  MemoryUsage of job (MB)
	2069364  -  ResidentSetSize of job (KB)
...
006 (017.728.000) 05/09 22:57:19 Image size of job updated: 2736372
	2108  -  MemoryUsage of job (MB)
	2158068  -  ResidentSetSize of job (KB)
...
006 (017.728.000) 05/09 22:57:25 Image size of job updated: 2736372
	2165  -  MemoryUsage of job (MB)
	2216148  -  ResidentSetSize of job (KB)
...
006 (017.728.000) 05/09 22:57:31 Image size of job updated: 2901236
	2197  -  MemoryUsage of job (MB)
	2249412  -  ResidentSetSize of job (KB)
...
006 (017.728.000) 05/09 22:57:37 Image size of job updated: 2940148
	2237  -  MemoryUsage of job (MB)
	2290068  -  ResidentSetSize of job (KB)
...
006 (017.728.000) 05/09 22:57:43 Image size of job updated: 2940148
	2272  -  MemoryUsage of job (MB)
	2326368  -  ResidentSetSize of job (KB)
...
006 (017.728.000) 05/09 22:57:49 Image size of job updated: 3005684
	2307  -  MemoryUsage of job (MB)
	2361348  -  ResidentSetSize of job (KB)
...
006 (017.728.000) 05/09 22:57:55 Image size of job updated: 3050740
	2340  -  MemoryUsage of job (MB)
	2395404  -  ResidentSetSize of job (KB)
...
006 (017.728.000) 05/09 22:58:01 Image size of job updated: 3090676
	2374  -  MemoryUsage of job (MB)
	2430384  -  ResidentSetSize of job (KB)
...
006 (017.728.000) 05/09 22:58:07 Image size of job updated: 3090676
	2408  -  MemoryUsage of job (MB)
	2465760  -  ResidentSetSize of job (KB)
...
006 (017.728.000) 05/09 22:58:13 Image size of job updated: 3090676
	2442  -  MemoryUsage of job (MB)
	2500476  -  ResidentSetSize of job (KB)
...
006 (017.728.000) 05/09 22:58:19 Image size of job updated: 3177716
	2477  -  MemoryUsage of job (MB)
	2536116  -  ResidentSetSize of job (KB)
...
006 (017.728.000) 05/09 22:58:25 Image size of job updated: 3209460
	2512  -  MemoryUsage of job (MB)
	2571492  -  ResidentSetSize of job (KB)
...
006 (017.728.000) 05/09 22:58:31 Image size of job updated: 3267828
	2546  -  MemoryUsage of job (MB)
	2607000  -  ResidentSetSize of job (KB)
...
006 (017.728.000) 05/09 22:58:37 Image size of job updated: 3267828
	2581  -  MemoryUsage of job (MB)
	2642244  -  ResidentSetSize of job (KB)
...
006 (017.728.000) 05/09 22:58:43 Image size of job updated: 3318004
	2616  -  MemoryUsage of job (MB)
	2678280  -  ResidentSetSize of job (KB)
...
006 (017.728.000) 05/09 22:58:49 Image size of job updated: 3361012
	2651  -  MemoryUsage of job (MB)
	2713920  -  ResidentSetSize of job (KB)
...
006 (017.728.000) 05/09 22:58:55 Image size of job updated: 3361012
	2687  -  MemoryUsage of job (MB)
	2751408  -  ResidentSetSize of job (KB)
...
006 (017.728.000) 05/09 22:59:01 Image size of job updated: 3448052
	2722  -  MemoryUsage of job (MB)
	2787180  -  ResidentSetSize of job (KB)
...
006 (017.728.000) 05/09 22:59:07 Image size of job updated: 3448052
	2757  -  MemoryUsage of job (MB)
	2822424  -  ResidentSetSize of job (KB)
...
006 (017.728.000) 05/09 22:59:13 Image size of job updated: 3448052
	2791  -  MemoryUsage of job (MB)
	2857800  -  ResidentSetSize of job (KB)
...
006 (017.728.000) 05/09 22:59:19 Image size of job updated: 3546356
	2826  -  MemoryUsage of job (MB)
	2892912  -  ResidentSetSize of job (KB)
...
006 (017.728.000) 05/09 22:59:25 Image size of job updated: 3569908
	2867  -  MemoryUsage of job (MB)
	2934888  -  ResidentSetSize of job (KB)
...
006 (017.728.000) 05/09 22:59:31 Image size of job updated: 3612916
	2909  -  MemoryUsage of job (MB)
	2978316  -  ResidentSetSize of job (KB)
...
006 (017.728.000) 05/09 22:59:37 Image size of job updated: 3658996
	2955  -  MemoryUsage of job (MB)
	3025176  -  ResidentSetSize of job (KB)
...
006 (017.728.000) 05/09 22:59:43 Image size of job updated: 3731700
	3000  -  MemoryUsage of job (MB)
	3071508  -  ResidentSetSize of job (KB)
...
006 (017.728.000) 05/09 22:59:49 Image size of job updated: 3765492
	3041  -  MemoryUsage of job (MB)
	3113748  -  ResidentSetSize of job (KB)
...
006 (017.728.000) 05/09 22:59:55 Image size of job updated: 3778804
	3088  -  MemoryUsage of job (MB)
	3161532  -  ResidentSetSize of job (KB)
...
006 (017.728.000) 05/09 23:00:01 Image size of job updated: 3778804
	3129  -  MemoryUsage of job (MB)
	3203640  -  ResidentSetSize of job (KB)
...
006 (017.728.000) 05/09 23:00:07 Image size of job updated: 3900660
	3167  -  MemoryUsage of job (MB)
	3242976  -  ResidentSetSize of job (KB)
...
006 (017.728.000) 05/09 23:00:13 Image size of job updated: 3909876
	3203  -  MemoryUsage of job (MB)
	3279144  -  ResidentSetSize of job (KB)
...
006 (017.728.000) 05/09 23:00:19 Image size of job updated: 3972340
	3237  -  MemoryUsage of job (MB)
	3313992  -  ResidentSetSize of job (KB)
...
006 (017.728.000) 05/09 23:00:25 Image size of job updated: 4001012
	3271  -  MemoryUsage of job (MB)
	3348972  -  ResidentSetSize of job (KB)
...
006 (017.728.000) 05/09 23:00:31 Image size of job updated: 4001012
	3300  -  MemoryUsage of job (MB)
	3378804  -  ResidentSetSize of job (KB)
...
006 (017.728.000) 05/09 23:00:36 Image size of job updated: 4001012
	3329  -  MemoryUsage of job (MB)
	3408108  -  ResidentSetSize of job (KB)
...
006 (017.728.000) 05/09 23:00:41 Image size of job updated: 4092148
	3357  -  MemoryUsage of job (MB)
	3437148  -  ResidentSetSize of job (KB)
...
006 (017.728.000) 05/09 23:00:46 Image size of job updated: 4106484
	3386  -  MemoryUsage of job (MB)
	3466452  -  ResidentSetSize of job (KB)
...
006 (017.728.000) 05/09 23:00:51 Image size of job updated: 4106484
	3414  -  MemoryUsage of job (MB)
	3495360  -  ResidentSetSize of job (KB)
...
006 (017.728.000) 05/09 23:00:56 Image size of job updated: 4106484
	3443  -  MemoryUsage of job (MB)
	3525588  -  ResidentSetSize of job (KB)
...
006 (017.728.000) 05/09 23:01:01 Image size of job updated: 4200692
	3472  -  MemoryUsage of job (MB)
	3554364  -  ResidentSetSize of job (KB)
...
006 (017.728.000) 05/09 23:01:06 Image size of job updated: 4239604
	3500  -  MemoryUsage of job (MB)
	3583668  -  ResidentSetSize of job (KB)
...
006 (017.728.000) 05/09 23:01:11 Image size of job updated: 4277492
	3528  -  MemoryUsage of job (MB)
	3612444  -  ResidentSetSize of job (KB)
...
006 (017.728.000) 05/09 23:01:16 Image size of job updated: 4294900
	3557  -  MemoryUsage of job (MB)
	3642144  -  ResidentSetSize of job (KB)
...
006 (017.728.000) 05/09 23:01:21 Image size of job updated: 4294900
	3586  -  MemoryUsage of job (MB)
	3671448  -  ResidentSetSize of job (KB)
...
006 (017.728.000) 05/09 23:01:26 Image size of job updated: 4294900
	3616  -  MemoryUsage of job (MB)
	3701808  -  ResidentSetSize of job (KB)
...
006 (017.728.000) 05/09 23:01:31 Image size of job updated: 4385012
	3644  -  MemoryUsage of job (MB)
	3731244  -  ResidentSetSize of job (KB)
...
006 (017.728.000) 05/09 23:01:36 Image size of job updated: 4416756
	3673  -  MemoryUsage of job (MB)
	3760284  -  ResidentSetSize of job (KB)
...
006 (017.728.000) 05/09 23:01:41 Image size of job updated: 4455668
	3701  -  MemoryUsage of job (MB)
	3789456  -  ResidentSetSize of job (KB)
...
006 (017.728.000) 05/09 23:01:46 Image size of job updated: 4472052
	3729  -  MemoryUsage of job (MB)
	3818100  -  ResidentSetSize of job (KB)
...
006 (017.728.000) 05/09 23:01:51 Image size of job updated: 4503796
	3756  -  MemoryUsage of job (MB)
	3845820  -  ResidentSetSize of job (KB)
...
006 (017.728.000) 05/09 23:01:56 Image size of job updated: 4543732
	3784  -  MemoryUsage of job (MB)
	3874068  -  ResidentSetSize of job (KB)
...
006 (017.728.000) 05/09 23:02:01 Image size of job updated: 4561140
	3811  -  MemoryUsage of job (MB)
	3901524  -  ResidentSetSize of job (KB)
...
006 (017.728.000) 05/09 23:02:06 Image size of job updated: 4561140
	3838  -  MemoryUsage of job (MB)
	3929640  -  ResidentSetSize of job (KB)
...
006 (017.728.000) 05/09 23:02:11 Image size of job updated: 4561140
	3866  -  MemoryUsage of job (MB)
	3958152  -  ResidentSetSize of job (KB)
...
006 (017.728.000) 05/09 23:02:16 Image size of job updated: 4645108
	3894  -  MemoryUsage of job (MB)
	3986796  -  ResidentSetSize of job (KB)
...
006 (017.728.000) 05/09 23:02:21 Image size of job updated: 4645108
	3922  -  MemoryUsage of job (MB)
	4015704  -  ResidentSetSize of job (KB)
...
006 (017.728.000) 05/09 23:02:26 Image size of job updated: 4645108
	3946  -  MemoryUsage of job (MB)
	4040652  -  ResidentSetSize of job (KB)
...
006 (017.728.000) 05/09 23:02:31 Image size of job updated: 4732148
	3960  -  MemoryUsage of job (MB)
	4054908  -  ResidentSetSize of job (KB)
...
006 (017.728.000) 05/09 23:02:46 Image size of job updated: 4820212
	3960  -  MemoryUsage of job (MB)
	4054908  -  ResidentSetSize of job (KB)
...
006 (017.728.000) 05/09 23:02:51 Image size of job updated: 4831476
	3960  -  MemoryUsage of job (MB)
	4054908  -  ResidentSetSize of job (KB)
...
006 (017.728.000) 05/09 23:02:56 Image size of job updated: 4848884
	3969  -  MemoryUsage of job (MB)
	4064016  -  ResidentSetSize of job (KB)
...
006 (017.728.000) 05/09 23:03:01 Image size of job updated: 4894964
	3999  -  MemoryUsage of job (MB)
	4094112  -  ResidentSetSize of job (KB)
...
006 (017.728.000) 05/09 23:03:06 Image size of job updated: 4912372
	4027  -  MemoryUsage of job (MB)
	4123020  -  ResidentSetSize of job (KB)
...
006 (017.728.000) 05/09 23:03:11 Image size of job updated: 4935924
	4054  -  MemoryUsage of job (MB)
	4151004  -  ResidentSetSize of job (KB)
...
006 (017.728.000) 05/09 23:03:16 Image size of job updated: 4984052
	4082  -  MemoryUsage of job (MB)
	4178988  -  ResidentSetSize of job (KB)
...
006 (017.728.000) 05/09 23:03:21 Image size of job updated: 4992244
	4110  -  MemoryUsage of job (MB)
	4208028  -  ResidentSetSize of job (KB)
...
006 (017.728.000) 05/09 23:03:26 Image size of job updated: 5020916
	4137  -  MemoryUsage of job (MB)
	4236144  -  ResidentSetSize of job (KB)
...
006 (017.728.000) 05/09 23:03:31 Image size of job updated: 5064948
	4166  -  MemoryUsage of job (MB)
	4265184  -  ResidentSetSize of job (KB)
...
006 (017.728.000) 05/09 23:03:36 Image size of job updated: 5064948
	4197  -  MemoryUsage of job (MB)
	4296864  -  ResidentSetSize of job (KB)
...
006 (017.728.000) 05/09 23:03:41 Image size of job updated: 5064948
	4421  -  MemoryUsage of job (MB)
	4526808  -  ResidentSetSize of job (KB)
...
006 (017.728.000) 05/09 23:03:46 Image size of job updated: 5202164
	4421  -  MemoryUsage of job (MB)
	4526808  -  ResidentSetSize of job (KB)
...
005 (017.728.000) 05/09 23:03:46 Job terminated.
	(1) Normal termination (return value 0)
		Usr 0 00:23:41, Sys 0 00:00:08  -  Run Remote Usage
		Usr 0 00:00:00, Sys 0 00:00:00  -  Run Local Usage
		Usr 0 00:23:41, Sys 0 00:00:08  -  Total Remote Usage
		Usr 0 00:00:00, Sys 0 00:00:00  -  Total Local Usage
	0  -  Run Bytes Sent By Job
	0  -  Run Bytes Received By Job
	0  -  Total Bytes Sent By Job
	0  -  Total Bytes Received By Job
	Partitionable Resources :      Usage  Request Allocated 
	   Cpus                 :       0.99        1         1 
	   Disk (KB)            : 2000000     2000000   6275465 
	   Memory (MB)          :    4421        1954      2007 
...
