000 (205.1090.000) 05/06 03:17:40 Job submitted from host: <127.0.0.1:9618?addrs=127.0.0.1-9618&noUDP&sock=222_da1d_4>
...
033 (205.1090.000) 05/06 14:21:27 Changing job attribute JobPrio from 0 to -5
...
000 (007.1090.000) 05/07 18:59:30 Job submitted from host: <127.0.0.1:9618?addrs=127.0.0.1-9618&noUDP&sock=215_0cf3_4>
...
000 (016.1090.000) 05/08 15:56:43 Job submitted from host: <127.0.0.1:9618?addrs=127.0.0.1-9618&noUDP&sock=227_4816_4>
...
001 (016.1090.000) 05/08 23:48:39 Job executing on host: <127.0.0.1:9618?addrs=127.0.0.1-9618&noUDP&sock=227_4816_5>
...
006 (016.1090.000) 05/08 23:48:45 Image size of job updated: 2000000
	115  -  MemoryUsage of job (MB)
	116820  -  ResidentSetSize of job (KB)
...
006 (016.1090.000) 05/08 23:49:09 Image size of job updated: 2000000
	123  -  MemoryUsage of job (MB)
	125796  -  ResidentSetSize of job (KB)
...
006 (016.1090.000) 05/08 23:49:15 Image size of job updated: 2000000
	208  -  MemoryUsage of job (MB)
	212652  -  ResidentSetSize of job (KB)
...
006 (016.1090.000) 05/08 23:49:21 Image size of job updated: 2000000
	211  -  MemoryUsage of job (MB)
	215292  -  ResidentSetSize of job (KB)
...
006 (016.1090.000) 05/08 23:49:27 Image size of job updated: 2000000
	213  -  MemoryUsage of job (MB)
	217140  -  ResidentSetSize of job (KB)
...
006 (016.1090.000) 05/08 23:49:33 Image size of job updated: 2000000
	225  -  MemoryUsage of job (MB)
	229416  -  ResidentSetSize of job (KB)
...
006 (016.1090.000) 05/08 23:49:39 Image size of job updated: 2000000
	236  -  MemoryUsage of job (MB)
	241560  -  ResidentSetSize of job (KB)
...
006 (016.1090.000) 05/08 23:49:45 Image size of job updated: 2000000
	248  -  MemoryUsage of job (MB)
	253704  -  ResidentSetSize of job (KB)
...
006 (016.1090.000) 05/08 23:49:51 Image size of job updated: 2000000
	259  -  MemoryUsage of job (MB)
	265188  -  ResidentSetSize of job (KB)
...
006 (016.1090.000) 05/08 23:49:57 Image size of job updated: 2000000
	266  -  MemoryUsage of job (MB)
	272316  -  ResidentSetSize of job (KB)
...
006 (016.1090.000) 05/08 23:50:03 Image size of job updated: 2000000
	279  -  MemoryUsage of job (MB)
	285120  -  ResidentSetSize of job (KB)
...
006 (016.1090.000) 05/08 23:50:09 Image size of job updated: 2000000
	313  -  MemoryUsage of job (MB)
	319968  -  ResidentSetSize of job (KB)
...
006 (016.1090.000) 05/08 23:50:15 Image size of job updated: 2000000
	365  -  MemoryUsage of job (MB)
	373296  -  ResidentSetSize of job (KB)
...
006 (016.1090.000) 05/08 23:50:21 Image size of job updated: 2000000
	372  -  MemoryUsage of job (MB)
	380820  -  ResidentSetSize of job (KB)
...
006 (016.1090.000) 05/08 23:50:27 Image size of job updated: 2000000
	422  -  MemoryUsage of job (MB)
	431244  -  ResidentSetSize of job (KB)
...
006 (016.1090.000) 05/08 23:50:33 Image size of job updated: 2000000
	487  -  MemoryUsage of job (MB)
	497772  -  ResidentSetSize of job (KB)
...
006 (016.1090.000) 05/08 23:50:39 Image size of job updated: 2000000
	544  -  MemoryUsage of job (MB)
	556512  -  ResidentSetSize of job (KB)
...
006 (016.1090.000) 05/08 23:50:45 Image size of job updated: 2000000
	1237  -  MemoryUsage of job (MB)
	1266012  -  ResidentSetSize of job (KB)
...
006 (016.1090.000) 05/09 00:07:14 Image size of job updated: 2370000
	1585  -  MemoryUsage of job (MB)
	1622412  -  ResidentSetSize of job (KB)
...
006 (016.1090.000) 05/09 00:07:19 Image size of job updated: 2370000
	1708  -  MemoryUsage of job (MB)
	1748736  -  ResidentSetSize of job (KB)
...
006 (016.1090.000) 05/09 00:07:24 Image size of job updated: 2702064
	1957  -  MemoryUsage of job (MB)
	2003628  -  ResidentSetSize of job (KB)
...
006 (016.1090.000) 05/09 00:07:29 Image size of job updated: 2702064
	1958  -  MemoryUsage of job (MB)
	2004684  -  ResidentSetSize of job (KB)
...
006 (016.1090.000) 05/09 00:07:34 Image size of job updated: 2702064
	1998  -  MemoryUsage of job (MB)
	2044944  -  ResidentSetSize of job (KB)
...
006 (016.1090.000) 05/09 00:07:39 Image size of job updated: 2743536
	2085  -  MemoryUsage of job (MB)
	2134308  -  ResidentSetSize of job (KB)
...
006 (016.1090.000) 05/09 00:07:44 Image size of job updated: 2743536
	2158  -  MemoryUsage of job (MB)
	2209680  -  ResidentSetSize of job (KB)
...
006 (016.1090.000) 05/09 00:07:49 Image size of job updated: 2743536
	2208  -  MemoryUsage of job (MB)
	2260632  -  ResidentSetSize of job (KB)
...
006 (016.1090.000) 05/09 00:07:54 Image size of job updated: 2930928
	2245  -  MemoryUsage of job (MB)
	2298120  -  ResidentSetSize of job (KB)
...
006 (016.1090.000) 05/09 00:07:59 Image size of job updated: 2930928
	2276  -  MemoryUsage of job (MB)
	2329668  -  ResidentSetSize of job (KB)
...
006 (016.1090.000) 05/09 00:08:04 Image size of job updated: 2930928
	2304  -  MemoryUsage of job (MB)
	2358972  -  ResidentSetSize of job (KB)
...
006 (016.1090.000) 05/09 00:08:09 Image size of job updated: 3022064
	2332  -  MemoryUsage of job (MB)
	2387088  -  ResidentSetSize of job (KB)
...
006 (016.1090.000) 05/09 00:08:14 Image size of job updated: 3060976
	2358  -  MemoryUsage of job (MB)
	2414544  -  ResidentSetSize of job (KB)
...
006 (016.1090.000) 05/09 00:08:19 Image size of job updated: 3060976
	2384  -  MemoryUsage of job (MB)
	2441208  -  ResidentSetSize of job (KB)
...
006 (016.1090.000) 05/09 00:08:24 Image size of job updated: 3109104
	2411  -  MemoryUsage of job (MB)
	2468004  -  ResidentSetSize of job (KB)
...
006 (016.1090.000) 05/09 00:08:29 Image size of job updated: 3109104
	2437  -  MemoryUsage of job (MB)
	2495196  -  ResidentSetSize of job (KB)
...
006 (016.1090.000) 05/09 00:08:34 Image size of job updated: 3109104
	2463  -  MemoryUsage of job (MB)
	2521860  -  ResidentSetSize of job (KB)
...
006 (016.1090.000) 05/09 00:08:39 Image size of job updated: 3188976
	2489  -  MemoryUsage of job (MB)
	2548656  -  ResidentSetSize of job (KB)
...
006 (016.1090.000) 05/09 00:08:44 Image size of job updated: 3188976
	2516  -  MemoryUsage of job (MB)
	2575584  -  ResidentSetSize of job (KB)
...
006 (016.1090.000) 05/09 00:08:49 Image size of job updated: 3240176
	2542  -  MemoryUsage of job (MB)
	2602644  -  ResidentSetSize of job (KB)
...
006 (016.1090.000) 05/09 00:08:54 Image size of job updated: 3269872
	2568  -  MemoryUsage of job (MB)
	2629440  -  ResidentSetSize of job (KB)
...
006 (016.1090.000) 05/09 00:08:59 Image size of job updated: 3269872
	2595  -  MemoryUsage of job (MB)
	2656632  -  ResidentSetSize of job (KB)
...
006 (016.1090.000) 05/09 00:09:04 Image size of job updated: 3269872
	2621  -  MemoryUsage of job (MB)
	2683692  -  ResidentSetSize of job (KB)
...
006 (016.1090.000) 05/09 00:09:09 Image size of job updated: 3349744
	2647  -  MemoryUsage of job (MB)
	2710488  -  ResidentSetSize of job (KB)
...
006 (016.1090.000) 05/09 00:09:14 Image size of job updated: 3349744
	2674  -  MemoryUsage of job (MB)
	2737944  -  ResidentSetSize of job (KB)
...
006 (016.1090.000) 05/09 00:09:19 Image size of job updated: 3349744
	2691  -  MemoryUsage of job (MB)
	2755104  -  ResidentSetSize of job (KB)
...
006 (016.1090.000) 05/09 00:09:24 Image size of job updated: 3430640
	2708  -  MemoryUsage of job (MB)
	2772132  -  ResidentSetSize of job (KB)
...
006 (016.1090.000) 05/09 00:09:29 Image size of job updated: 3460336
	2730  -  MemoryUsage of job (MB)
	2795100  -  ResidentSetSize of job (KB)
...
006 (016.1090.000) 05/09 00:09:34 Image size of job updated: 3486960
	2756  -  MemoryUsage of job (MB)
	2821896  -  ResidentSetSize of job (KB)
...
006 (016.1090.000) 05/09 00:09:39 Image size of job updated: 3516656
	2782  -  MemoryUsage of job (MB)
	2848032  -  ResidentSetSize of job (KB)
...
006 (016.1090.000) 05/09 00:09:44 Image size of job updated: 3516656
	2809  -  MemoryUsage of job (MB)
	2875488  -  ResidentSetSize of job (KB)
...
006 (016.1090.000) 05/09 00:09:49 Image size of job updated: 3570928
	2835  -  MemoryUsage of job (MB)
	2902284  -  ResidentSetSize of job (KB)
...
006 (016.1090.000) 05/09 00:09:54 Image size of job updated: 3596528
	2860  -  MemoryUsage of job (MB)
	2928420  -  ResidentSetSize of job (KB)
...
006 (016.1090.000) 05/09 00:09:59 Image size of job updated: 3596528
	2886  -  MemoryUsage of job (MB)
	2955216  -  ResidentSetSize of job (KB)
...
006 (016.1090.000) 05/09 00:10:04 Image size of job updated: 3646704
	2913  -  MemoryUsage of job (MB)
	2982804  -  ResidentSetSize of job (KB)
...
006 (016.1090.000) 05/09 00:10:09 Image size of job updated: 3677424
	2940  -  MemoryUsage of job (MB)
	3009996  -  ResidentSetSize of job (KB)
...
006 (016.1090.000) 05/09 00:10:14 Image size of job updated: 3685616
	2967  -  MemoryUsage of job (MB)
	3037848  -  ResidentSetSize of job (KB)
...
006 (016.1090.000) 05/09 00:10:19 Image size of job updated: 3710192
	2994  -  MemoryUsage of job (MB)
	3065304  -  ResidentSetSize of job (KB)
...
006 (016.1090.000) 05/09 00:10:24 Image size of job updated: 3759344
	3021  -  MemoryUsage of job (MB)
	3092760  -  ResidentSetSize of job (KB)
...
006 (016.1090.000) 05/09 00:10:29 Image size of job updated: 3759344
	3048  -  MemoryUsage of job (MB)
	3120216  -  ResidentSetSize of job (KB)
...
006 (016.1090.000) 05/09 00:10:34 Image size of job updated: 3759344
	3075  -  MemoryUsage of job (MB)
	3148596  -  ResidentSetSize of job (KB)
...
006 (016.1090.000) 05/09 00:10:39 Image size of job updated: 3842288
	3102  -  MemoryUsage of job (MB)
	3175920  -  ResidentSetSize of job (KB)
...
006 (016.1090.000) 05/09 00:10:44 Image size of job updated: 3842288
	3127  -  MemoryUsage of job (MB)
	3201264  -  ResidentSetSize of job (KB)
...
006 (016.1090.000) 05/09 00:10:49 Image size of job updated: 3885296
	3152  -  MemoryUsage of job (MB)
	3227400  -  ResidentSetSize of job (KB)
...
006 (016.1090.000) 05/09 00:10:54 Image size of job updated: 3905776
	3179  -  MemoryUsage of job (MB)
	3254724  -  ResidentSetSize of job (KB)
...
006 (016.1090.000) 05/09 00:10:59 Image size of job updated: 3926256
	3206  -  MemoryUsage of job (MB)
	3282576  -  ResidentSetSize of job (KB)
...
006 (016.1090.000) 05/09 00:11:04 Image size of job updated: 3959024
	3233  -  MemoryUsage of job (MB)
	3310296  -  ResidentSetSize of job (KB)
...
006 (016.1090.000) 05/09 00:11:09 Image size of job updated: 3991792
	3260  -  MemoryUsage of job (MB)
	3338148  -  ResidentSetSize of job (KB)
...
006 (016.1090.000) 05/09 00:11:14 Image size of job updated: 4015344
	3288  -  MemoryUsage of job (MB)
	3366132  -  ResidentSetSize of job (KB)
...
006 (016.1090.000) 05/09 00:11:19 Image size of job updated: 4015344
	3315  -  MemoryUsage of job (MB)
	3393984  -  ResidentSetSize of job (KB)
...
006 (016.1090.000) 05/09 00:11:24 Image size of job updated: 4015344
	3342  -  MemoryUsage of job (MB)
	3421440  -  ResidentSetSize of job (KB)
...
006 (016.1090.000) 05/09 00:11:29 Image size of job updated: 4099312
	3369  -  MemoryUsage of job (MB)
	3449292  -  ResidentSetSize of job (KB)
...
006 (016.1090.000) 05/09 00:11:34 Image size of job updated: 4099312
	3396  -  MemoryUsage of job (MB)
	3476748  -  ResidentSetSize of job (KB)
...
006 (016.1090.000) 05/09 00:11:39 Image size of job updated: 4099312
	3423  -  MemoryUsage of job (MB)
	3504732  -  ResidentSetSize of job (KB)
...
006 (016.1090.000) 05/09 00:11:44 Image size of job updated: 4182256
	3450  -  MemoryUsage of job (MB)
	3532320  -  ResidentSetSize of job (KB)
...
006 (016.1090.000) 05/09 00:11:49 Image size of job updated: 4216048
	3477  -  MemoryUsage of job (MB)
	3560436  -  ResidentSetSize of job (KB)
...
006 (016.1090.000) 05/09 00:11:54 Image size of job updated: 4247792
	3504  -  MemoryUsage of job (MB)
	3588024  -  ResidentSetSize of job (KB)
...
006 (016.1090.000) 05/09 00:11:59 Image size of job updated: 4271344
	3532  -  MemoryUsage of job (MB)
	3615876  -  ResidentSetSize of job (KB)
...
006 (016.1090.000) 05/09 00:12:04 Image size of job updated: 4271344
	3560  -  MemoryUsage of job (MB)
	3645048  -  ResidentSetSize of job (KB)
...
006 (016.1090.000) 05/09 00:12:10 Image size of job updated: 4271344
	3593  -  MemoryUsage of job (MB)
	3678312  -  ResidentSetSize of job (KB)
...
006 (016.1090.000) 05/09 00:12:16 Image size of job updated: 4355312
	3624  -  MemoryUsage of job (MB)
	3710388  -  ResidentSetSize of job (KB)
...
006 (016.1090.000) 05/09 00:12:22 Image size of job updated: 4355312
	3656  -  MemoryUsage of job (MB)
	3743256  -  ResidentSetSize of job (KB)
...
006 (016.1090.000) 05/09 00:12:28 Image size of job updated: 4440304
	3677  -  MemoryUsage of job (MB)
	3765168  -  ResidentSetSize of job (KB)
...
006 (016.1090.000) 05/09 00:12:40 Image size of job updated: 4507888
	3700  -  MemoryUsage of job (MB)
	3788664  -  ResidentSetSize of job (KB)
...
006 (016.1090.000) 05/09 00:12:46 Image size of job updated: 4530416
	3733  -  MemoryUsage of job (MB)
	3822588  -  ResidentSetSize of job (KB)
...
006 (016.1090.000) 05/09 00:12:52 Image size of job updated: 4530416
	3767  -  MemoryUsage of job (MB)
	3856776  -  ResidentSetSize of job (KB)
...
006 (016.1090.000) 05/09 00:12:58 Image size of job updated: 4530416
	3800  -  MemoryUsage of job (MB)
	3890832  -  ResidentSetSize of job (KB)
...
006 (016.1090.000) 05/09 00:13:04 Image size of job updated: 4616432
	3834  -  MemoryUsage of job (MB)
	3925812  -  ResidentSetSize of job (KB)
...
006 (016.1090.000) 05/09 00:13:10 Image size of job updated: 4668656
	3868  -  MemoryUsage of job (MB)
	3960660  -  ResidentSetSize of job (KB)
...
006 (016.1090.000) 05/09 00:13:16 Image size of job updated: 4702448
	3902  -  MemoryUsage of job (MB)
	3995508  -  ResidentSetSize of job (KB)
...
006 (016.1090.000) 05/09 00:13:22 Image size of job updated: 4745456
	3937  -  MemoryUsage of job (MB)
	4030488  -  ResidentSetSize of job (KB)
...
006 (016.1090.000) 05/09 00:13:28 Image size of job updated: 4772080
	3970  -  MemoryUsage of job (MB)
	4065204  -  ResidentSetSize of job (KB)
...
006 (016.1090.000) 05/09 00:13:34 Image size of job updated: 4802800
	4006  -  MemoryUsage of job (MB)
	4101504  -  ResidentSetSize of job (KB)
...
006 (016.1090.000) 05/09 00:13:40 Image size of job updated: 4802800
	4042  -  MemoryUsage of job (MB)
	4138860  -  ResidentSetSize of job (KB)
...
006 (016.1090.000) 05/09 00:13:46 Image size of job updated: 4885744
	4075  -  MemoryUsage of job (MB)
	4172124  -  ResidentSetSize of job (KB)
...
006 (016.1090.000) 05/09 00:13:52 Image size of job updated: 4885744
	4110  -  MemoryUsage of job (MB)
	4207632  -  ResidentSetSize of job (KB)
...
006 (016.1090.000) 05/09 00:13:58 Image size of job updated: 4885744
	4144  -  MemoryUsage of job (MB)
	4243140  -  ResidentSetSize of job (KB)
...
006 (016.1090.000) 05/09 00:14:04 Image size of job updated: 4973808
	4178  -  MemoryUsage of job (MB)
	4277724  -  ResidentSetSize of job (KB)
...
006 (016.1090.000) 05/09 00:14:10 Image size of job updated: 4973808
	4344  -  MemoryUsage of job (MB)
	4447872  -  ResidentSetSize of job (KB)
...
006 (016.1090.000) 05/09 00:14:16 Image size of job updated: 5243120
	4430  -  MemoryUsage of job (MB)
	4535520  -  ResidentSetSize of job (KB)
...
006 (016.1090.000) 05/09 00:14:19 Image size of job updated: 5243888
	4430  -  MemoryUsage of job (MB)
	4535520  -  ResidentSetSize of job (KB)
...
005 (016.1090.000) 05/09 00:14:19 Job terminated.
	(1) Normal termination (return value 0)
		Usr 0 00:25:04, Sys 0 00:00:05  -  Run Remote Usage
		Usr 0 00:00:00, Sys 0 00:00:00  -  Run Local Usage
		Usr 0 00:25:04, Sys 0 00:00:05  -  Total Remote Usage
		Usr 0 00:00:00, Sys 0 00:00:00  -  Total Local Usage
	0  -  Run Bytes Sent By Job
	0  -  Run Bytes Received By Job
	0  -  Total Bytes Sent By Job
	0  -  Total Bytes Received By Job
	Partitionable Resources :      Usage  Request Allocated 
	   Cpus                 :       0.96        1         1 
	   Disk (KB)            : 2000000     2000000   6275465 
	   Memory (MB)          :    4430        1954      2007 
...
