000 (205.7574.000) 05/06 03:21:18 Job submitted from host: <127.0.0.1:9618?addrs=127.0.0.1-9618&noUDP&sock=222_da1d_4>
...
033 (205.7574.000) 05/06 14:23:55 Changing job attribute JobPrio from 0 to -5
...
000 (007.7574.000) 05/07 19:00:49 Job submitted from host: <127.0.0.1:9618?addrs=127.0.0.1-9618&noUDP&sock=215_0cf3_4>
...
000 (016.7574.000) 05/08 15:57:53 Job submitted from host: <127.0.0.1:9618?addrs=127.0.0.1-9618&noUDP&sock=227_4816_4>
...
009 (016.7574.000) 05/09 16:55:51 Job was aborted by the user.
	via condor_rm (by user aw868)
...
000 (014.413.000) 05/09 17:29:37 Job submitted from host: <127.0.0.1:9618?addrs=127.0.0.1-9618&noUDP&sock=212_fe2a_4>
...
033 (014.413.000) 05/09 17:33:54 Changing job attribute JobPrio from 0 to -10
...
033 (014.413.000) 05/09 21:36:11 Changing job attribute JobPrio from -10 to -15
...
001 (014.413.000) 05/09 22:59:53 Job executing on host: <127.0.0.1:9618?addrs=127.0.0.1-9618&noUDP&sock=212_fe2a_5>
...
006 (014.413.000) 05/09 22:59:58 Image size of job updated: 2000000
	111  -  MemoryUsage of job (MB)
	112992  -  ResidentSetSize of job (KB)
...
006 (014.413.000) 05/09 23:00:03 Image size of job updated: 2000000
	115  -  MemoryUsage of job (MB)
	116820  -  ResidentSetSize of job (KB)
...
006 (014.413.000) 05/09 23:00:28 Image size of job updated: 2000000
	134  -  MemoryUsage of job (MB)
	136884  -  ResidentSetSize of job (KB)
...
006 (014.413.000) 05/09 23:00:33 Image size of job updated: 2000000
	210  -  MemoryUsage of job (MB)
	214368  -  ResidentSetSize of job (KB)
...
006 (014.413.000) 05/09 23:00:38 Image size of job updated: 2000000
	211  -  MemoryUsage of job (MB)
	215160  -  ResidentSetSize of job (KB)
...
006 (014.413.000) 05/09 23:00:43 Image size of job updated: 2000000
	213  -  MemoryUsage of job (MB)
	217536  -  ResidentSetSize of job (KB)
...
006 (014.413.000) 05/09 23:00:48 Image size of job updated: 2000000
	225  -  MemoryUsage of job (MB)
	229548  -  ResidentSetSize of job (KB)
...
006 (014.413.000) 05/09 23:00:53 Image size of job updated: 2000000
	235  -  MemoryUsage of job (MB)
	240108  -  ResidentSetSize of job (KB)
...
006 (014.413.000) 05/09 23:01:04 Image size of job updated: 2000000
	241  -  MemoryUsage of job (MB)
	245916  -  ResidentSetSize of job (KB)
...
006 (014.413.000) 05/09 23:01:10 Image size of job updated: 2000000
	255  -  MemoryUsage of job (MB)
	260304  -  ResidentSetSize of job (KB)
...
006 (014.413.000) 05/09 23:01:16 Image size of job updated: 2000000
	264  -  MemoryUsage of job (MB)
	269412  -  ResidentSetSize of job (KB)
...
006 (014.413.000) 05/09 23:01:22 Image size of job updated: 2000000
	275  -  MemoryUsage of job (MB)
	281424  -  ResidentSetSize of job (KB)
...
006 (014.413.000) 05/09 23:01:28 Image size of job updated: 2000000
	321  -  MemoryUsage of job (MB)
	328152  -  ResidentSetSize of job (KB)
...
006 (014.413.000) 05/09 23:01:34 Image size of job updated: 2000000
	370  -  MemoryUsage of job (MB)
	378708  -  ResidentSetSize of job (KB)
...
006 (014.413.000) 05/09 23:01:40 Image size of job updated: 2000000
	373  -  MemoryUsage of job (MB)
	381612  -  ResidentSetSize of job (KB)
...
006 (014.413.000) 05/09 23:01:46 Image size of job updated: 2000000
	453  -  MemoryUsage of job (MB)
	463716  -  ResidentSetSize of job (KB)
...
006 (014.413.000) 05/09 23:01:52 Image size of job updated: 2000000
	514  -  MemoryUsage of job (MB)
	525360  -  ResidentSetSize of job (KB)
...
006 (014.413.000) 05/09 23:01:58 Image size of job updated: 2000000
	1238  -  MemoryUsage of job (MB)
	1266936  -  ResidentSetSize of job (KB)
...
006 (014.413.000) 05/09 23:20:03 Image size of job updated: 2201936
	1554  -  MemoryUsage of job (MB)
	1590468  -  ResidentSetSize of job (KB)
...
006 (014.413.000) 05/09 23:20:09 Image size of job updated: 2454224
	1760  -  MemoryUsage of job (MB)
	1801536  -  ResidentSetSize of job (KB)
...
006 (014.413.000) 05/09 23:20:15 Image size of job updated: 2454224
	1956  -  MemoryUsage of job (MB)
	2002572  -  ResidentSetSize of job (KB)
...
006 (014.413.000) 05/09 23:20:21 Image size of job updated: 2454224
	2049  -  MemoryUsage of job (MB)
	2097480  -  ResidentSetSize of job (KB)
...
006 (014.413.000) 05/09 23:20:27 Image size of job updated: 2843888
	2172  -  MemoryUsage of job (MB)
	2223408  -  ResidentSetSize of job (KB)
...
006 (014.413.000) 05/09 23:20:33 Image size of job updated: 2932976
	2253  -  MemoryUsage of job (MB)
	2306700  -  ResidentSetSize of job (KB)
...
006 (014.413.000) 05/09 23:20:40 Image size of job updated: 3030256
	2324  -  MemoryUsage of job (MB)
	2379696  -  ResidentSetSize of job (KB)
...
006 (014.413.000) 05/09 23:20:45 Image size of job updated: 3030256
	2394  -  MemoryUsage of job (MB)
	2450712  -  ResidentSetSize of job (KB)
...
006 (014.413.000) 05/09 23:20:50 Image size of job updated: 3171568
	2455  -  MemoryUsage of job (MB)
	2513676  -  ResidentSetSize of job (KB)
...
006 (014.413.000) 05/09 23:20:55 Image size of job updated: 3213552
	2508  -  MemoryUsage of job (MB)
	2567400  -  ResidentSetSize of job (KB)
...
006 (014.413.000) 05/09 23:21:00 Image size of job updated: 3267824
	2557  -  MemoryUsage of job (MB)
	2617824  -  ResidentSetSize of job (KB)
...
006 (014.413.000) 05/09 23:21:05 Image size of job updated: 3267824
	2605  -  MemoryUsage of job (MB)
	2667060  -  ResidentSetSize of job (KB)
...
006 (014.413.000) 05/09 23:21:10 Image size of job updated: 3367152
	2659  -  MemoryUsage of job (MB)
	2721972  -  ResidentSetSize of job (KB)
...
006 (014.413.000) 05/09 23:21:15 Image size of job updated: 3367152
	2713  -  MemoryUsage of job (MB)
	2777808  -  ResidentSetSize of job (KB)
...
006 (014.413.000) 05/09 23:21:20 Image size of job updated: 3439856
	2767  -  MemoryUsage of job (MB)
	2833248  -  ResidentSetSize of job (KB)
...
006 (014.413.000) 05/09 23:21:25 Image size of job updated: 3530992
	2821  -  MemoryUsage of job (MB)
	2887764  -  ResidentSetSize of job (KB)
...
006 (014.413.000) 05/09 23:21:30 Image size of job updated: 3530992
	2874  -  MemoryUsage of job (MB)
	2942016  -  ResidentSetSize of job (KB)
...
006 (014.413.000) 05/09 23:21:35 Image size of job updated: 3530992
	2926  -  MemoryUsage of job (MB)
	2995872  -  ResidentSetSize of job (KB)
...
006 (014.413.000) 05/09 23:21:40 Image size of job updated: 3695856
	2980  -  MemoryUsage of job (MB)
	3050652  -  ResidentSetSize of job (KB)
...
006 (014.413.000) 05/09 23:21:45 Image size of job updated: 3695856
	3034  -  MemoryUsage of job (MB)
	3105828  -  ResidentSetSize of job (KB)
...
006 (014.413.000) 05/09 23:21:50 Image size of job updated: 3695856
	3087  -  MemoryUsage of job (MB)
	3160344  -  ResidentSetSize of job (KB)
...
006 (014.413.000) 05/09 23:21:55 Image size of job updated: 3869936
	3137  -  MemoryUsage of job (MB)
	3211824  -  ResidentSetSize of job (KB)
...
006 (014.413.000) 05/09 23:22:00 Image size of job updated: 3869936
	3191  -  MemoryUsage of job (MB)
	3267396  -  ResidentSetSize of job (KB)
...
006 (014.413.000) 05/09 23:22:05 Image size of job updated: 3869936
	3246  -  MemoryUsage of job (MB)
	3323232  -  ResidentSetSize of job (KB)
...
006 (014.413.000) 05/09 23:22:10 Image size of job updated: 4025584
	3299  -  MemoryUsage of job (MB)
	3377880  -  ResidentSetSize of job (KB)
...
006 (014.413.000) 05/09 23:22:15 Image size of job updated: 4081904
	3352  -  MemoryUsage of job (MB)
	3432132  -  ResidentSetSize of job (KB)
...
006 (014.413.000) 05/09 23:22:20 Image size of job updated: 4127984
	3407  -  MemoryUsage of job (MB)
	3487836  -  ResidentSetSize of job (KB)
...
006 (014.413.000) 05/09 23:22:25 Image size of job updated: 4127984
	3460  -  MemoryUsage of job (MB)
	3542484  -  ResidentSetSize of job (KB)
...
006 (014.413.000) 05/09 23:22:30 Image size of job updated: 4231408
	3513  -  MemoryUsage of job (MB)
	3596604  -  ResidentSetSize of job (KB)
...
006 (014.413.000) 05/09 23:22:35 Image size of job updated: 4231408
	3567  -  MemoryUsage of job (MB)
	3651780  -  ResidentSetSize of job (KB)
...
006 (014.413.000) 05/09 23:22:40 Image size of job updated: 4231408
	3620  -  MemoryUsage of job (MB)
	3706296  -  ResidentSetSize of job (KB)
...
006 (014.413.000) 05/09 23:22:45 Image size of job updated: 4395248
	3673  -  MemoryUsage of job (MB)
	3760812  -  ResidentSetSize of job (KB)
...
006 (014.413.000) 05/09 23:22:50 Image size of job updated: 4395248
	3727  -  MemoryUsage of job (MB)
	3815460  -  ResidentSetSize of job (KB)
...
006 (014.413.000) 05/09 23:22:55 Image size of job updated: 4395248
	3780  -  MemoryUsage of job (MB)
	3870108  -  ResidentSetSize of job (KB)
...
006 (014.413.000) 05/09 23:23:00 Image size of job updated: 4567280
	3836  -  MemoryUsage of job (MB)
	3927924  -  ResidentSetSize of job (KB)
...
006 (014.413.000) 05/09 23:23:05 Image size of job updated: 4567280
	3890  -  MemoryUsage of job (MB)
	3983232  -  ResidentSetSize of job (KB)
...
006 (014.413.000) 05/09 23:23:10 Image size of job updated: 4567280
	3943  -  MemoryUsage of job (MB)
	4037484  -  ResidentSetSize of job (KB)
...
006 (014.413.000) 05/09 23:23:15 Image size of job updated: 4742384
	3997  -  MemoryUsage of job (MB)
	4092792  -  ResidentSetSize of job (KB)
...
006 (014.413.000) 05/09 23:23:20 Image size of job updated: 4742384
	4053  -  MemoryUsage of job (MB)
	4149420  -  ResidentSetSize of job (KB)
...
006 (014.413.000) 05/09 23:23:25 Image size of job updated: 4742384
	4104  -  MemoryUsage of job (MB)
	4202352  -  ResidentSetSize of job (KB)
...
006 (014.413.000) 05/09 23:23:30 Image size of job updated: 4918512
	4157  -  MemoryUsage of job (MB)
	4256604  -  ResidentSetSize of job (KB)
...
006 (014.413.000) 05/09 23:23:35 Image size of job updated: 4972784
	4211  -  MemoryUsage of job (MB)
	4311912  -  ResidentSetSize of job (KB)
...
006 (014.413.000) 05/09 23:23:40 Image size of job updated: 4972784
	4266  -  MemoryUsage of job (MB)
	4367748  -  ResidentSetSize of job (KB)
...
006 (014.413.000) 05/09 23:23:45 Image size of job updated: 5072112
	4319  -  MemoryUsage of job (MB)
	4422264  -  ResidentSetSize of job (KB)
...
006 (014.413.000) 05/09 23:23:50 Image size of job updated: 5072112
	4372  -  MemoryUsage of job (MB)
	4476252  -  ResidentSetSize of job (KB)
...
006 (014.413.000) 05/09 23:23:55 Image size of job updated: 5072112
	4425  -  MemoryUsage of job (MB)
	4530504  -  ResidentSetSize of job (KB)
...
006 (014.413.000) 05/09 23:24:00 Image size of job updated: 5233904
	4478  -  MemoryUsage of job (MB)
	4584888  -  ResidentSetSize of job (KB)
...
006 (014.413.000) 05/09 23:24:05 Image size of job updated: 5233904
	4532  -  MemoryUsage of job (MB)
	4640064  -  ResidentSetSize of job (KB)
...
006 (014.413.000) 05/09 23:24:10 Image size of job updated: 5233904
	4585  -  MemoryUsage of job (MB)
	4694976  -  ResidentSetSize of job (KB)
...
006 (014.413.000) 05/09 23:24:15 Image size of job updated: 5397744
	4638  -  MemoryUsage of job (MB)
	4748568  -  ResidentSetSize of job (KB)
...
006 (014.413.000) 05/09 23:24:20 Image size of job updated: 5459184
	4690  -  MemoryUsage of job (MB)
	4802028  -  ResidentSetSize of job (KB)
...
006 (014.413.000) 05/09 23:24:25 Image size of job updated: 5459184
	4743  -  MemoryUsage of job (MB)
	4856148  -  ResidentSetSize of job (KB)
...
006 (014.413.000) 05/09 23:24:30 Image size of job updated: 5558512
	4795  -  MemoryUsage of job (MB)
	4909212  -  ResidentSetSize of job (KB)
...
006 (014.413.000) 05/09 23:24:35 Image size of job updated: 5558512
	4847  -  MemoryUsage of job (MB)
	4962804  -  ResidentSetSize of job (KB)
...
006 (014.413.000) 05/09 23:24:40 Image size of job updated: 5558512
	4899  -  MemoryUsage of job (MB)
	5016528  -  ResidentSetSize of job (KB)
...
006 (014.413.000) 05/09 23:24:45 Image size of job updated: 5717232
	4951  -  MemoryUsage of job (MB)
	5069064  -  ResidentSetSize of job (KB)
...
006 (014.413.000) 05/09 23:24:50 Image size of job updated: 5774576
	5004  -  MemoryUsage of job (MB)
	5123184  -  ResidentSetSize of job (KB)
...
006 (014.413.000) 05/09 23:24:55 Image size of job updated: 5774576
	5056  -  MemoryUsage of job (MB)
	5177304  -  ResidentSetSize of job (KB)
...
006 (014.413.000) 05/09 23:25:00 Image size of job updated: 5879024
	5108  -  MemoryUsage of job (MB)
	5230500  -  ResidentSetSize of job (KB)
...
006 (014.413.000) 05/09 23:25:05 Image size of job updated: 5879024
	5161  -  MemoryUsage of job (MB)
	5284620  -  ResidentSetSize of job (KB)
...
006 (014.413.000) 05/09 23:25:10 Image size of job updated: 5879024
	5214  -  MemoryUsage of job (MB)
	5338212  -  ResidentSetSize of job (KB)
...
006 (014.413.000) 05/09 23:25:15 Image size of job updated: 6052080
	5267  -  MemoryUsage of job (MB)
	5392464  -  ResidentSetSize of job (KB)
...
006 (014.413.000) 05/09 23:25:20 Image size of job updated: 6052080
	5319  -  MemoryUsage of job (MB)
	5446452  -  ResidentSetSize of job (KB)
...
006 (014.413.000) 05/09 23:25:25 Image size of job updated: 6052080
	5371  -  MemoryUsage of job (MB)
	5499120  -  ResidentSetSize of job (KB)
...
006 (014.413.000) 05/09 23:25:30 Image size of job updated: 6207728
	5422  -  MemoryUsage of job (MB)
	5552052  -  ResidentSetSize of job (KB)
...
006 (014.413.000) 05/09 23:25:35 Image size of job updated: 6207728
	5470  -  MemoryUsage of job (MB)
	5600364  -  ResidentSetSize of job (KB)
...
006 (014.413.000) 05/09 23:25:40 Image size of job updated: 6207728
	5522  -  MemoryUsage of job (MB)
	5654220  -  ResidentSetSize of job (KB)
...
006 (014.413.000) 05/09 23:25:45 Image size of job updated: 6207728
	5566  -  MemoryUsage of job (MB)
	5698704  -  ResidentSetSize of job (KB)
...
006 (014.413.000) 05/09 23:25:50 Image size of job updated: 6377712
	5570  -  MemoryUsage of job (MB)
	5703588  -  ResidentSetSize of job (KB)
...
006 (014.413.000) 05/09 23:25:55 Image size of job updated: 6377712
	5577  -  MemoryUsage of job (MB)
	5710716  -  ResidentSetSize of job (KB)
...
006 (014.413.000) 05/09 23:26:00 Image size of job updated: 6377712
	5595  -  MemoryUsage of job (MB)
	5728668  -  ResidentSetSize of job (KB)
...
006 (014.413.000) 05/09 23:26:05 Image size of job updated: 6526192
	5617  -  MemoryUsage of job (MB)
	5751768  -  ResidentSetSize of job (KB)
...
006 (014.413.000) 05/09 23:26:10 Image size of job updated: 6600944
	5659  -  MemoryUsage of job (MB)
	5794668  -  ResidentSetSize of job (KB)
...
006 (014.413.000) 05/09 23:26:15 Image size of job updated: 6600944
	5712  -  MemoryUsage of job (MB)
	5848524  -  ResidentSetSize of job (KB)
...
006 (014.413.000) 05/09 23:26:21 Image size of job updated: 6690032
	5772  -  MemoryUsage of job (MB)
	5910300  -  ResidentSetSize of job (KB)
...
006 (014.413.000) 05/09 23:26:27 Image size of job updated: 6768880
	5833  -  MemoryUsage of job (MB)
	5972340  -  ResidentSetSize of job (KB)
...
006 (014.413.000) 05/09 23:26:33 Image size of job updated: 6845680
	5893  -  MemoryUsage of job (MB)
	6033852  -  ResidentSetSize of job (KB)
...
006 (014.413.000) 05/09 23:26:39 Image size of job updated: 6845680
	5961  -  MemoryUsage of job (MB)
	6103548  -  ResidentSetSize of job (KB)
...
006 (014.413.000) 05/09 23:26:45 Image size of job updated: 6845680
	6021  -  MemoryUsage of job (MB)
	6164796  -  ResidentSetSize of job (KB)
...
006 (014.413.000) 05/09 23:26:51 Image size of job updated: 7030000
	6061  -  MemoryUsage of job (MB)
	6205848  -  ResidentSetSize of job (KB)
...
006 (014.413.000) 05/09 23:26:57 Image size of job updated: 7030000
	6120  -  MemoryUsage of job (MB)
	6266172  -  ResidentSetSize of job (KB)
...
006 (014.413.000) 05/09 23:27:03 Image size of job updated: 7163120
	6180  -  MemoryUsage of job (MB)
	6327420  -  ResidentSetSize of job (KB)
...
006 (014.413.000) 05/09 23:27:09 Image size of job updated: 7222512
	6406  -  MemoryUsage of job (MB)
	6559740  -  ResidentSetSize of job (KB)
...
005 (014.413.000) 05/09 23:27:16 Job terminated.
	(1) Normal termination (return value 0)
		Usr 0 00:26:26, Sys 0 00:00:08  -  Run Remote Usage
		Usr 0 00:00:00, Sys 0 00:00:00  -  Run Local Usage
		Usr 0 00:26:26, Sys 0 00:00:08  -  Total Remote Usage
		Usr 0 00:00:00, Sys 0 00:00:00  -  Total Local Usage
	0  -  Run Bytes Sent By Job
	0  -  Run Bytes Received By Job
	0  -  Total Bytes Sent By Job
	0  -  Total Bytes Received By Job
	Partitionable Resources :      Usage  Request Allocated 
	   Cpus                 :       1.00        1         1 
	   Disk (KB)            : 2000000     2000000   6232219 
	   Memory (MB)          :    6406        1954      2007 
...
