000 (205.10200.000) 05/06 03:22:38 Job submitted from host: <127.0.0.1:9618?addrs=127.0.0.1-9618&noUDP&sock=222_da1d_4>
...
033 (205.10200.000) 05/06 14:24:31 Changing job attribute JobPrio from 0 to -5
...
000 (007.10200.000) 05/07 19:01:18 Job submitted from host: <127.0.0.1:9618?addrs=127.0.0.1-9618&noUDP&sock=215_0cf3_4>
...
000 (016.10200.000) 05/08 15:58:20 Job submitted from host: <127.0.0.1:9618?addrs=127.0.0.1-9618&noUDP&sock=227_4816_4>
...
009 (016.10200.000) 05/09 16:56:47 Job was aborted by the user.
	via condor_rm (by user aw868)
...
000 (014.3039.000) 05/09 17:31:43 Job submitted from host: <127.0.0.1:9618?addrs=127.0.0.1-9618&noUDP&sock=212_fe2a_4>
...
033 (014.3039.000) 05/09 17:33:33 Changing job attribute JobPrio from 0 to -10
...
033 (014.3039.000) 05/09 21:35:58 Changing job attribute JobPrio from -10 to -15
...
001 (014.3039.000) 05/11 01:27:33 Job executing on host: <127.0.0.1:9618?addrs=127.0.0.1-9618&noUDP&sock=212_fe2a_5>
...
006 (014.3039.000) 05/11 01:27:39 Image size of job updated: 2000000
	115  -  MemoryUsage of job (MB)
	117216  -  ResidentSetSize of job (KB)
...
006 (014.3039.000) 05/11 01:28:03 Image size of job updated: 2000000
	117  -  MemoryUsage of job (MB)
	119460  -  ResidentSetSize of job (KB)
...
006 (014.3039.000) 05/11 01:28:09 Image size of job updated: 2000000
	211  -  MemoryUsage of job (MB)
	215556  -  ResidentSetSize of job (KB)
...
006 (014.3039.000) 05/11 01:28:15 Image size of job updated: 2000000
	211  -  MemoryUsage of job (MB)
	215952  -  ResidentSetSize of job (KB)
...
006 (014.3039.000) 05/11 01:28:21 Image size of job updated: 2000000
	222  -  MemoryUsage of job (MB)
	226512  -  ResidentSetSize of job (KB)
...
006 (014.3039.000) 05/11 01:28:27 Image size of job updated: 2000000
	234  -  MemoryUsage of job (MB)
	239052  -  ResidentSetSize of job (KB)
...
006 (014.3039.000) 05/11 01:28:33 Image size of job updated: 2000000
	246  -  MemoryUsage of job (MB)
	251064  -  ResidentSetSize of job (KB)
...
006 (014.3039.000) 05/11 01:28:39 Image size of job updated: 2000000
	256  -  MemoryUsage of job (MB)
	261228  -  ResidentSetSize of job (KB)
...
006 (014.3039.000) 05/11 01:28:45 Image size of job updated: 2000000
	265  -  MemoryUsage of job (MB)
	271260  -  ResidentSetSize of job (KB)
...
006 (014.3039.000) 05/11 01:28:51 Image size of job updated: 2000000
	273  -  MemoryUsage of job (MB)
	278652  -  ResidentSetSize of job (KB)
...
006 (014.3039.000) 05/11 01:28:57 Image size of job updated: 2000000
	296  -  MemoryUsage of job (MB)
	302940  -  ResidentSetSize of job (KB)
...
006 (014.3039.000) 05/11 01:29:03 Image size of job updated: 2000000
	344  -  MemoryUsage of job (MB)
	351516  -  ResidentSetSize of job (KB)
...
006 (014.3039.000) 05/11 01:29:09 Image size of job updated: 2000000
	380  -  MemoryUsage of job (MB)
	388608  -  ResidentSetSize of job (KB)
...
006 (014.3039.000) 05/11 01:29:15 Image size of job updated: 2000000
	381  -  MemoryUsage of job (MB)
	390060  -  ResidentSetSize of job (KB)
...
006 (014.3039.000) 05/11 01:29:21 Image size of job updated: 2000000
	476  -  MemoryUsage of job (MB)
	486420  -  ResidentSetSize of job (KB)
...
006 (014.3039.000) 05/11 01:29:27 Image size of job updated: 2000000
	546  -  MemoryUsage of job (MB)
	558624  -  ResidentSetSize of job (KB)
...
006 (014.3039.000) 05/11 01:29:33 Image size of job updated: 2000000
	1243  -  MemoryUsage of job (MB)
	1272348  -  ResidentSetSize of job (KB)
...
006 (014.3039.000) 05/11 01:47:33 Image size of job updated: 2000000
	1578  -  MemoryUsage of job (MB)
	1615416  -  ResidentSetSize of job (KB)
...
006 (014.3039.000) 05/11 01:47:39 Image size of job updated: 2370004
	1787  -  MemoryUsage of job (MB)
	1829256  -  ResidentSetSize of job (KB)
...
006 (014.3039.000) 05/11 01:47:46 Image size of job updated: 2704620
	1966  -  MemoryUsage of job (MB)
	2013000  -  ResidentSetSize of job (KB)
...
006 (014.3039.000) 05/11 01:47:51 Image size of job updated: 2704620
	1968  -  MemoryUsage of job (MB)
	2014584  -  ResidentSetSize of job (KB)
...
006 (014.3039.000) 05/11 01:47:56 Image size of job updated: 2704620
	2005  -  MemoryUsage of job (MB)
	2052336  -  ResidentSetSize of job (KB)
...
006 (014.3039.000) 05/11 01:48:01 Image size of job updated: 2704620
	2107  -  MemoryUsage of job (MB)
	2157408  -  ResidentSetSize of job (KB)
...
006 (014.3039.000) 05/11 01:48:06 Image size of job updated: 2872044
	2191  -  MemoryUsage of job (MB)
	2243076  -  ResidentSetSize of job (KB)
...
006 (014.3039.000) 05/11 01:48:11 Image size of job updated: 2872044
	2245  -  MemoryUsage of job (MB)
	2298252  -  ResidentSetSize of job (KB)
...
006 (014.3039.000) 05/11 01:48:16 Image size of job updated: 2872044
	2290  -  MemoryUsage of job (MB)
	2344848  -  ResidentSetSize of job (KB)
...
006 (014.3039.000) 05/11 01:48:21 Image size of job updated: 3021548
	2333  -  MemoryUsage of job (MB)
	2388672  -  ResidentSetSize of job (KB)
...
006 (014.3039.000) 05/11 01:48:26 Image size of job updated: 3021548
	2374  -  MemoryUsage of job (MB)
	2430780  -  ResidentSetSize of job (KB)
...
006 (014.3039.000) 05/11 01:48:31 Image size of job updated: 3021548
	2410  -  MemoryUsage of job (MB)
	2467608  -  ResidentSetSize of job (KB)
...
006 (014.3039.000) 05/11 01:48:36 Image size of job updated: 3135212
	2444  -  MemoryUsage of job (MB)
	2501664  -  ResidentSetSize of job (KB)
...
006 (014.3039.000) 05/11 01:48:41 Image size of job updated: 3135212
	2476  -  MemoryUsage of job (MB)
	2535060  -  ResidentSetSize of job (KB)
...
006 (014.3039.000) 05/11 01:48:46 Image size of job updated: 3182316
	2508  -  MemoryUsage of job (MB)
	2567796  -  ResidentSetSize of job (KB)
...
006 (014.3039.000) 05/11 01:48:51 Image size of job updated: 3235564
	2541  -  MemoryUsage of job (MB)
	2601852  -  ResidentSetSize of job (KB)
...
006 (014.3039.000) 05/11 01:48:56 Image size of job updated: 3256044
	2575  -  MemoryUsage of job (MB)
	2635908  -  ResidentSetSize of job (KB)
...
006 (014.3039.000) 05/11 01:49:01 Image size of job updated: 3256044
	2608  -  MemoryUsage of job (MB)
	2669964  -  ResidentSetSize of job (KB)
...
006 (014.3039.000) 05/11 01:49:06 Image size of job updated: 3336940
	2641  -  MemoryUsage of job (MB)
	2703624  -  ResidentSetSize of job (KB)
...
006 (014.3039.000) 05/11 01:49:11 Image size of job updated: 3336940
	2673  -  MemoryUsage of job (MB)
	2736492  -  ResidentSetSize of job (KB)
...
006 (014.3039.000) 05/11 01:49:16 Image size of job updated: 3336940
	2705  -  MemoryUsage of job (MB)
	2769756  -  ResidentSetSize of job (KB)
...
006 (014.3039.000) 05/11 01:49:21 Image size of job updated: 3436268
	2738  -  MemoryUsage of job (MB)
	2802756  -  ResidentSetSize of job (KB)
...
006 (014.3039.000) 05/11 01:49:26 Image size of job updated: 3436268
	2769  -  MemoryUsage of job (MB)
	2835228  -  ResidentSetSize of job (KB)
...
006 (014.3039.000) 05/11 01:49:31 Image size of job updated: 3436268
	2801  -  MemoryUsage of job (MB)
	2867964  -  ResidentSetSize of job (KB)
...
006 (014.3039.000) 05/11 01:49:36 Image size of job updated: 3531500
	2833  -  MemoryUsage of job (MB)
	2900700  -  ResidentSetSize of job (KB)
...
006 (014.3039.000) 05/11 01:49:41 Image size of job updated: 3531500
	2866  -  MemoryUsage of job (MB)
	2934228  -  ResidentSetSize of job (KB)
...
006 (014.3039.000) 05/11 01:49:46 Image size of job updated: 3531500
	2898  -  MemoryUsage of job (MB)
	2967360  -  ResidentSetSize of job (KB)
...
006 (014.3039.000) 05/11 01:49:51 Image size of job updated: 3637996
	2928  -  MemoryUsage of job (MB)
	2997324  -  ResidentSetSize of job (KB)
...
006 (014.3039.000) 05/11 01:49:56 Image size of job updated: 3637996
	2940  -  MemoryUsage of job (MB)
	3010128  -  ResidentSetSize of job (KB)
...
006 (014.3039.000) 05/11 01:50:01 Image size of job updated: 3637996
	2949  -  MemoryUsage of job (MB)
	3018972  -  ResidentSetSize of job (KB)
...
006 (014.3039.000) 05/11 01:50:11 Image size of job updated: 3731180
	2949  -  MemoryUsage of job (MB)
	3018972  -  ResidentSetSize of job (KB)
...
006 (014.3039.000) 05/11 01:50:16 Image size of job updated: 3788524
	2961  -  MemoryUsage of job (MB)
	3031248  -  ResidentSetSize of job (KB)
...
006 (014.3039.000) 05/11 01:50:21 Image size of job updated: 3816172
	2990  -  MemoryUsage of job (MB)
	3061344  -  ResidentSetSize of job (KB)
...
006 (014.3039.000) 05/11 01:50:26 Image size of job updated: 3831532
	3025  -  MemoryUsage of job (MB)
	3096852  -  ResidentSetSize of job (KB)
...
006 (014.3039.000) 05/11 01:50:31 Image size of job updated: 3873516
	3060  -  MemoryUsage of job (MB)
	3132756  -  ResidentSetSize of job (KB)
...
006 (014.3039.000) 05/11 01:50:36 Image size of job updated: 3919596
	3091  -  MemoryUsage of job (MB)
	3164436  -  ResidentSetSize of job (KB)
...
006 (014.3039.000) 05/11 01:50:41 Image size of job updated: 3942124
	3123  -  MemoryUsage of job (MB)
	3197172  -  ResidentSetSize of job (KB)
...
006 (014.3039.000) 05/11 01:50:46 Image size of job updated: 3983084
	3156  -  MemoryUsage of job (MB)
	3231360  -  ResidentSetSize of job (KB)
...
006 (014.3039.000) 05/11 01:50:51 Image size of job updated: 4025068
	3196  -  MemoryUsage of job (MB)
	3272676  -  ResidentSetSize of job (KB)
...
006 (014.3039.000) 05/11 01:50:56 Image size of job updated: 4050668
	3229  -  MemoryUsage of job (MB)
	3305808  -  ResidentSetSize of job (KB)
...
006 (014.3039.000) 05/11 01:51:01 Image size of job updated: 4050668
	3260  -  MemoryUsage of job (MB)
	3338016  -  ResidentSetSize of job (KB)
...
006 (014.3039.000) 05/11 01:51:06 Image size of job updated: 4050668
	3293  -  MemoryUsage of job (MB)
	3371016  -  ResidentSetSize of job (KB)
...
006 (014.3039.000) 05/11 01:51:11 Image size of job updated: 4147948
	3325  -  MemoryUsage of job (MB)
	3404412  -  ResidentSetSize of job (KB)
...
006 (014.3039.000) 05/11 01:51:16 Image size of job updated: 4147948
	3357  -  MemoryUsage of job (MB)
	3437544  -  ResidentSetSize of job (KB)
...
006 (014.3039.000) 05/11 01:51:21 Image size of job updated: 4147948
	3389  -  MemoryUsage of job (MB)
	3469752  -  ResidentSetSize of job (KB)
...
006 (014.3039.000) 05/11 01:51:26 Image size of job updated: 4260588
	3421  -  MemoryUsage of job (MB)
	3502620  -  ResidentSetSize of job (KB)
...
006 (014.3039.000) 05/11 01:51:31 Image size of job updated: 4260588
	3453  -  MemoryUsage of job (MB)
	3534960  -  ResidentSetSize of job (KB)
...
006 (014.3039.000) 05/11 01:51:36 Image size of job updated: 4260588
	3485  -  MemoryUsage of job (MB)
	3568224  -  ResidentSetSize of job (KB)
...
006 (014.3039.000) 05/11 01:51:41 Image size of job updated: 4358892
	3516  -  MemoryUsage of job (MB)
	3600168  -  ResidentSetSize of job (KB)
...
006 (014.3039.000) 05/11 01:51:46 Image size of job updated: 4358892
	3550  -  MemoryUsage of job (MB)
	3635016  -  ResidentSetSize of job (KB)
...
006 (014.3039.000) 05/11 01:51:51 Image size of job updated: 4358892
	3582  -  MemoryUsage of job (MB)
	3667620  -  ResidentSetSize of job (KB)
...
006 (014.3039.000) 05/11 01:51:56 Image size of job updated: 4450028
	3615  -  MemoryUsage of job (MB)
	3700884  -  ResidentSetSize of job (KB)
...
006 (014.3039.000) 05/11 01:52:01 Image size of job updated: 4450028
	3646  -  MemoryUsage of job (MB)
	3733092  -  ResidentSetSize of job (KB)
...
006 (014.3039.000) 05/11 01:52:06 Image size of job updated: 4450028
	3678  -  MemoryUsage of job (MB)
	3765960  -  ResidentSetSize of job (KB)
...
006 (014.3039.000) 05/11 01:52:11 Image size of job updated: 4547308
	3710  -  MemoryUsage of job (MB)
	3798828  -  ResidentSetSize of job (KB)
...
006 (014.3039.000) 05/11 01:52:16 Image size of job updated: 4547308
	3742  -  MemoryUsage of job (MB)
	3831564  -  ResidentSetSize of job (KB)
...
006 (014.3039.000) 05/11 01:52:21 Image size of job updated: 4547308
	3774  -  MemoryUsage of job (MB)
	3864564  -  ResidentSetSize of job (KB)
...
006 (014.3039.000) 05/11 01:52:26 Image size of job updated: 4646636
	3807  -  MemoryUsage of job (MB)
	3897564  -  ResidentSetSize of job (KB)
...
006 (014.3039.000) 05/11 01:52:31 Image size of job updated: 4646636
	3838  -  MemoryUsage of job (MB)
	3929904  -  ResidentSetSize of job (KB)
...
006 (014.3039.000) 05/11 01:52:36 Image size of job updated: 4698860
	3871  -  MemoryUsage of job (MB)
	3963036  -  ResidentSetSize of job (KB)
...
006 (014.3039.000) 05/11 01:52:41 Image size of job updated: 4743916
	3903  -  MemoryUsage of job (MB)
	3996564  -  ResidentSetSize of job (KB)
...
006 (014.3039.000) 05/11 01:52:46 Image size of job updated: 4743916
	3937  -  MemoryUsage of job (MB)
	4030752  -  ResidentSetSize of job (KB)
...
006 (014.3039.000) 05/11 01:52:51 Image size of job updated: 4743916
	3970  -  MemoryUsage of job (MB)
	4064940  -  ResidentSetSize of job (KB)
...
006 (014.3039.000) 05/11 01:52:56 Image size of job updated: 4855532
	4000  -  MemoryUsage of job (MB)
	4095828  -  ResidentSetSize of job (KB)
...
006 (014.3039.000) 05/11 01:53:01 Image size of job updated: 4855532
	4033  -  MemoryUsage of job (MB)
	4129092  -  ResidentSetSize of job (KB)
...
006 (014.3039.000) 05/11 01:53:06 Image size of job updated: 4900588
	4065  -  MemoryUsage of job (MB)
	4161960  -  ResidentSetSize of job (KB)
...
006 (014.3039.000) 05/11 01:53:11 Image size of job updated: 4942572
	4098  -  MemoryUsage of job (MB)
	4195356  -  ResidentSetSize of job (KB)
...
006 (014.3039.000) 05/11 01:53:16 Image size of job updated: 4942572
	4131  -  MemoryUsage of job (MB)
	4229280  -  ResidentSetSize of job (KB)
...
006 (014.3039.000) 05/11 01:53:21 Image size of job updated: 4942572
	4164  -  MemoryUsage of job (MB)
	4263072  -  ResidentSetSize of job (KB)
...
006 (014.3039.000) 05/11 01:53:26 Image size of job updated: 5043948
	4195  -  MemoryUsage of job (MB)
	4295676  -  ResidentSetSize of job (KB)
...
006 (014.3039.000) 05/11 01:53:31 Image size of job updated: 5043948
	4227  -  MemoryUsage of job (MB)
	4328016  -  ResidentSetSize of job (KB)
...
006 (014.3039.000) 05/11 01:53:36 Image size of job updated: 5043948
	4259  -  MemoryUsage of job (MB)
	4360884  -  ResidentSetSize of job (KB)
...
006 (014.3039.000) 05/11 01:53:42 Image size of job updated: 5161708
	4297  -  MemoryUsage of job (MB)
	4400088  -  ResidentSetSize of job (KB)
...
006 (014.3039.000) 05/11 01:53:48 Image size of job updated: 5201644
	4336  -  MemoryUsage of job (MB)
	4439424  -  ResidentSetSize of job (KB)
...
006 (014.3039.000) 05/11 01:53:54 Image size of job updated: 5201644
	4375  -  MemoryUsage of job (MB)
	4479024  -  ResidentSetSize of job (KB)
...
006 (014.3039.000) 05/11 01:54:00 Image size of job updated: 5245676
	4601  -  MemoryUsage of job (MB)
	4710420  -  ResidentSetSize of job (KB)
...
005 (014.3039.000) 05/11 01:54:06 Job terminated.
	(1) Normal termination (return value 0)
		Usr 0 00:25:42, Sys 0 00:00:06  -  Run Remote Usage
		Usr 0 00:00:00, Sys 0 00:00:00  -  Run Local Usage
		Usr 0 00:25:42, Sys 0 00:00:06  -  Total Remote Usage
		Usr 0 00:00:00, Sys 0 00:00:00  -  Total Local Usage
	0  -  Run Bytes Sent By Job
	0  -  Run Bytes Received By Job
	0  -  Total Bytes Sent By Job
	0  -  Total Bytes Received By Job
	Partitionable Resources :      Usage  Request Allocated 
	   Cpus                 :       0.99        1         1 
	   Disk (KB)            : 2000000     2000000   6232219 
	   Memory (MB)          :    4601        1954      2007 
...
