000 (005.8802.000) 05/05 20:25:34 Job submitted from host: <127.0.0.1:9618?addrs=127.0.0.1-9618&noUDP&sock=227_4816_4>
...
033 (005.8802.000) 05/06 14:17:55 Changing job attribute JobPrio from 0 to -10
...
009 (005.8802.000) 05/07 21:45:16 Job was aborted by the user.
	via condor_rm (by user aw868)
...
000 (011.1751.000) 05/08 17:21:29 Job submitted from host: <127.0.0.1:9618?addrs=127.0.0.1-9618&noUDP&sock=212_fe2a_4>
...
033 (011.1751.000) 05/08 20:41:44 Changing job attribute JobPrio from 0 to -5
...
001 (011.1751.000) 05/09 06:02:27 Job executing on host: <127.0.0.1:9618?addrs=127.0.0.1-9618&noUDP&sock=212_fe2a_5>
...
006 (011.1751.000) 05/09 06:02:32 Image size of job updated: 2000000
	98  -  MemoryUsage of job (MB)
	99660  -  ResidentSetSize of job (KB)
...
006 (011.1751.000) 05/09 06:02:37 Image size of job updated: 2000000
	101  -  MemoryUsage of job (MB)
	102960  -  ResidentSetSize of job (KB)
...
006 (011.1751.000) 05/09 06:02:57 Image size of job updated: 2000000
	125  -  MemoryUsage of job (MB)
	127512  -  ResidentSetSize of job (KB)
...
006 (011.1751.000) 05/09 06:03:02 Image size of job updated: 2000000
	184  -  MemoryUsage of job (MB)
	187836  -  ResidentSetSize of job (KB)
...
006 (011.1751.000) 05/09 06:03:07 Image size of job updated: 2000000
	184  -  MemoryUsage of job (MB)
	188232  -  ResidentSetSize of job (KB)
...
006 (011.1751.000) 05/09 06:03:12 Image size of job updated: 2000000
	186  -  MemoryUsage of job (MB)
	189948  -  ResidentSetSize of job (KB)
...
006 (011.1751.000) 05/09 06:03:17 Image size of job updated: 2000000
	196  -  MemoryUsage of job (MB)
	199716  -  ResidentSetSize of job (KB)
...
006 (011.1751.000) 05/09 06:03:22 Image size of job updated: 2000000
	205  -  MemoryUsage of job (MB)
	209484  -  ResidentSetSize of job (KB)
...
006 (011.1751.000) 05/09 06:03:27 Image size of job updated: 2000000
	213  -  MemoryUsage of job (MB)
	217272  -  ResidentSetSize of job (KB)
...
006 (011.1751.000) 05/09 06:03:32 Image size of job updated: 2000000
	222  -  MemoryUsage of job (MB)
	226644  -  ResidentSetSize of job (KB)
...
006 (011.1751.000) 05/09 06:03:38 Image size of job updated: 2000000
	233  -  MemoryUsage of job (MB)
	237732  -  ResidentSetSize of job (KB)
...
006 (011.1751.000) 05/09 06:03:44 Image size of job updated: 2000000
	240  -  MemoryUsage of job (MB)
	244992  -  ResidentSetSize of job (KB)
...
006 (011.1751.000) 05/09 06:03:50 Image size of job updated: 2000000
	277  -  MemoryUsage of job (MB)
	282744  -  ResidentSetSize of job (KB)
...
006 (011.1751.000) 05/09 06:03:56 Image size of job updated: 2000000
	320  -  MemoryUsage of job (MB)
	327492  -  ResidentSetSize of job (KB)
...
006 (011.1751.000) 05/09 06:04:02 Image size of job updated: 2000000
	330  -  MemoryUsage of job (MB)
	337128  -  ResidentSetSize of job (KB)
...
006 (011.1751.000) 05/09 06:04:08 Image size of job updated: 2000000
	421  -  MemoryUsage of job (MB)
	430188  -  ResidentSetSize of job (KB)
...
006 (011.1751.000) 05/09 06:04:14 Image size of job updated: 2000000
	480  -  MemoryUsage of job (MB)
	491304  -  ResidentSetSize of job (KB)
...
006 (011.1751.000) 05/09 06:04:20 Image size of job updated: 2000000
	1169  -  MemoryUsage of job (MB)
	1196448  -  ResidentSetSize of job (KB)
...
006 (011.1751.000) 05/09 06:19:40 Image size of job updated: 2000000
	1170  -  MemoryUsage of job (MB)
	1197240  -  ResidentSetSize of job (KB)
...
006 (011.1751.000) 05/09 06:19:46 Image size of job updated: 2000000
	1176  -  MemoryUsage of job (MB)
	1203444  -  ResidentSetSize of job (KB)
...
006 (011.1751.000) 05/09 06:19:52 Image size of job updated: 2000000
	1249  -  MemoryUsage of job (MB)
	1278420  -  ResidentSetSize of job (KB)
...
006 (011.1751.000) 05/09 06:19:58 Image size of job updated: 2262472
	1673  -  MemoryUsage of job (MB)
	1712436  -  ResidentSetSize of job (KB)
...
006 (011.1751.000) 05/09 06:20:04 Image size of job updated: 2603752
	1925  -  MemoryUsage of job (MB)
	1970496  -  ResidentSetSize of job (KB)
...
006 (011.1751.000) 05/09 06:21:00 Image size of job updated: 2603752
	1929  -  MemoryUsage of job (MB)
	1974852  -  ResidentSetSize of job (KB)
...
006 (011.1751.000) 05/09 06:21:05 Image size of job updated: 2609128
	1931  -  MemoryUsage of job (MB)
	1976700  -  ResidentSetSize of job (KB)
...
006 (011.1751.000) 05/09 06:21:10 Image size of job updated: 2609128
	1933  -  MemoryUsage of job (MB)
	1978680  -  ResidentSetSize of job (KB)
...
006 (011.1751.000) 05/09 06:21:15 Image size of job updated: 2614248
	1936  -  MemoryUsage of job (MB)
	1982376  -  ResidentSetSize of job (KB)
...
006 (011.1751.000) 05/09 06:21:20 Image size of job updated: 2615272
	1940  -  MemoryUsage of job (MB)
	1985544  -  ResidentSetSize of job (KB)
...
006 (011.1751.000) 05/09 06:21:25 Image size of job updated: 2615272
	1945  -  MemoryUsage of job (MB)
	1990956  -  ResidentSetSize of job (KB)
...
006 (011.1751.000) 05/09 06:21:30 Image size of job updated: 2615272
	1948  -  MemoryUsage of job (MB)
	1994520  -  ResidentSetSize of job (KB)
...
006 (011.1751.000) 05/09 06:21:35 Image size of job updated: 2627560
	1952  -  MemoryUsage of job (MB)
	1998084  -  ResidentSetSize of job (KB)
...
006 (011.1751.000) 05/09 06:21:40 Image size of job updated: 2627560
	1954  -  MemoryUsage of job (MB)
	2000064  -  ResidentSetSize of job (KB)
...
006 (011.1751.000) 05/09 06:21:45 Image size of job updated: 2627560
	1957  -  MemoryUsage of job (MB)
	2003496  -  ResidentSetSize of job (KB)
...
006 (011.1751.000) 05/09 06:21:50 Image size of job updated: 2635752
	1959  -  MemoryUsage of job (MB)
	2005872  -  ResidentSetSize of job (KB)
...
006 (011.1751.000) 05/09 06:21:55 Image size of job updated: 2638824
	1962  -  MemoryUsage of job (MB)
	2008908  -  ResidentSetSize of job (KB)
...
006 (011.1751.000) 05/09 06:22:00 Image size of job updated: 2638824
	1965  -  MemoryUsage of job (MB)
	2011152  -  ResidentSetSize of job (KB)
...
006 (011.1751.000) 05/09 06:22:05 Image size of job updated: 2644968
	1968  -  MemoryUsage of job (MB)
	2014584  -  ResidentSetSize of job (KB)
...
006 (011.1751.000) 05/09 06:22:10 Image size of job updated: 2644968
	1972  -  MemoryUsage of job (MB)
	2018544  -  ResidentSetSize of job (KB)
...
006 (011.1751.000) 05/09 06:22:15 Image size of job updated: 2655208
	1976  -  MemoryUsage of job (MB)
	2022636  -  ResidentSetSize of job (KB)
...
006 (011.1751.000) 05/09 06:22:20 Image size of job updated: 2657256
	1978  -  MemoryUsage of job (MB)
	2024880  -  ResidentSetSize of job (KB)
...
006 (011.1751.000) 05/09 06:22:25 Image size of job updated: 2659304
	1980  -  MemoryUsage of job (MB)
	2026596  -  ResidentSetSize of job (KB)
...
006 (011.1751.000) 05/09 06:22:30 Image size of job updated: 2659304
	1984  -  MemoryUsage of job (MB)
	2030688  -  ResidentSetSize of job (KB)
...
006 (011.1751.000) 05/09 06:22:35 Image size of job updated: 2664424
	1987  -  MemoryUsage of job (MB)
	2034384  -  ResidentSetSize of job (KB)
...
006 (011.1751.000) 05/09 06:22:40 Image size of job updated: 2664424
	1989  -  MemoryUsage of job (MB)
	2036364  -  ResidentSetSize of job (KB)
...
006 (011.1751.000) 05/09 06:22:45 Image size of job updated: 2664424
	1993  -  MemoryUsage of job (MB)
	2040192  -  ResidentSetSize of job (KB)
...
006 (011.1751.000) 05/09 06:22:50 Image size of job updated: 2674664
	1995  -  MemoryUsage of job (MB)
	2042568  -  ResidentSetSize of job (KB)
...
006 (011.1751.000) 05/09 06:22:55 Image size of job updated: 2674664
	1999  -  MemoryUsage of job (MB)
	2046000  -  ResidentSetSize of job (KB)
...
006 (011.1751.000) 05/09 06:23:00 Image size of job updated: 2674664
	2002  -  MemoryUsage of job (MB)
	2049036  -  ResidentSetSize of job (KB)
...
006 (011.1751.000) 05/09 06:23:05 Image size of job updated: 2685928
	2006  -  MemoryUsage of job (MB)
	2054052  -  ResidentSetSize of job (KB)
...
006 (011.1751.000) 05/09 06:23:10 Image size of job updated: 2685928
	2011  -  MemoryUsage of job (MB)
	2058936  -  ResidentSetSize of job (KB)
...
006 (011.1751.000) 05/09 06:23:15 Image size of job updated: 2691048
	2013  -  MemoryUsage of job (MB)
	2060388  -  ResidentSetSize of job (KB)
...
006 (011.1751.000) 05/09 06:23:20 Image size of job updated: 2696168
	2016  -  MemoryUsage of job (MB)
	2063688  -  ResidentSetSize of job (KB)
...
006 (011.1751.000) 05/09 06:23:25 Image size of job updated: 2696168
	2019  -  MemoryUsage of job (MB)
	2066856  -  ResidentSetSize of job (KB)
...
006 (011.1751.000) 05/09 06:23:30 Image size of job updated: 2696168
	2022  -  MemoryUsage of job (MB)
	2069760  -  ResidentSetSize of job (KB)
...
006 (011.1751.000) 05/09 06:23:35 Image size of job updated: 2696168
	2024  -  MemoryUsage of job (MB)
	2072532  -  ResidentSetSize of job (KB)
...
006 (011.1751.000) 05/09 06:23:40 Image size of job updated: 2705384
	2028  -  MemoryUsage of job (MB)
	2075964  -  ResidentSetSize of job (KB)
...
006 (011.1751.000) 05/09 06:23:45 Image size of job updated: 2705384
	2031  -  MemoryUsage of job (MB)
	2079396  -  ResidentSetSize of job (KB)
...
006 (011.1751.000) 05/09 06:23:50 Image size of job updated: 2711528
	2034  -  MemoryUsage of job (MB)
	2082036  -  ResidentSetSize of job (KB)
...
006 (011.1751.000) 05/09 06:23:55 Image size of job updated: 2717672
	2038  -  MemoryUsage of job (MB)
	2086260  -  ResidentSetSize of job (KB)
...
006 (011.1751.000) 05/09 06:24:00 Image size of job updated: 2720744
	2043  -  MemoryUsage of job (MB)
	2091408  -  ResidentSetSize of job (KB)
...
006 (011.1751.000) 05/09 06:24:05 Image size of job updated: 2723816
	2046  -  MemoryUsage of job (MB)
	2094708  -  ResidentSetSize of job (KB)
...
006 (011.1751.000) 05/09 06:24:10 Image size of job updated: 2728936
	2051  -  MemoryUsage of job (MB)
	2099328  -  ResidentSetSize of job (KB)
...
006 (011.1751.000) 05/09 06:24:15 Image size of job updated: 2729960
	2052  -  MemoryUsage of job (MB)
	2100912  -  ResidentSetSize of job (KB)
...
006 (011.1751.000) 05/09 06:24:20 Image size of job updated: 2733032
	2054  -  MemoryUsage of job (MB)
	2102628  -  ResidentSetSize of job (KB)
...
006 (011.1751.000) 05/09 06:24:25 Image size of job updated: 2734056
	2060  -  MemoryUsage of job (MB)
	2108700  -  ResidentSetSize of job (KB)
...
006 (011.1751.000) 05/09 06:24:30 Image size of job updated: 2739176
	2062  -  MemoryUsage of job (MB)
	2111076  -  ResidentSetSize of job (KB)
...
006 (011.1751.000) 05/09 06:24:35 Image size of job updated: 2743272
	2065  -  MemoryUsage of job (MB)
	2114112  -  ResidentSetSize of job (KB)
...
006 (011.1751.000) 05/09 06:24:40 Image size of job updated: 2746344
	2068  -  MemoryUsage of job (MB)
	2117412  -  ResidentSetSize of job (KB)
...
006 (011.1751.000) 05/09 06:24:45 Image size of job updated: 2748392
	2071  -  MemoryUsage of job (MB)
	2119788  -  ResidentSetSize of job (KB)
...
006 (011.1751.000) 05/09 06:24:50 Image size of job updated: 2754536
	2076  -  MemoryUsage of job (MB)
	2125200  -  ResidentSetSize of job (KB)
...
006 (011.1751.000) 05/09 06:24:55 Image size of job updated: 2757608
	2078  -  MemoryUsage of job (MB)
	2127312  -  ResidentSetSize of job (KB)
...
006 (011.1751.000) 05/09 06:25:00 Image size of job updated: 2757608
	2080  -  MemoryUsage of job (MB)
	2129292  -  ResidentSetSize of job (KB)
...
006 (011.1751.000) 05/09 06:25:05 Image size of job updated: 2757608
	2084  -  MemoryUsage of job (MB)
	2133648  -  ResidentSetSize of job (KB)
...
006 (011.1751.000) 05/09 06:25:10 Image size of job updated: 2767848
	2089  -  MemoryUsage of job (MB)
	2138136  -  ResidentSetSize of job (KB)
...
006 (011.1751.000) 05/09 06:25:15 Image size of job updated: 2772968
	2093  -  MemoryUsage of job (MB)
	2143020  -  ResidentSetSize of job (KB)
...
006 (011.1751.000) 05/09 06:25:20 Image size of job updated: 2776040
	2096  -  MemoryUsage of job (MB)
	2145924  -  ResidentSetSize of job (KB)
...
006 (011.1751.000) 05/09 06:25:25 Image size of job updated: 2780136
	2100  -  MemoryUsage of job (MB)
	2150280  -  ResidentSetSize of job (KB)
...
006 (011.1751.000) 05/09 06:25:30 Image size of job updated: 2783208
	2105  -  MemoryUsage of job (MB)
	2154636  -  ResidentSetSize of job (KB)
...
006 (011.1751.000) 05/09 06:25:35 Image size of job updated: 2783208
	2108  -  MemoryUsage of job (MB)
	2158068  -  ResidentSetSize of job (KB)
...
006 (011.1751.000) 05/09 06:25:40 Image size of job updated: 2788328
	2109  -  MemoryUsage of job (MB)
	2159256  -  ResidentSetSize of job (KB)
...
006 (011.1751.000) 05/09 06:25:45 Image size of job updated: 2788328
	2114  -  MemoryUsage of job (MB)
	2163876  -  ResidentSetSize of job (KB)
...
006 (011.1751.000) 05/09 06:25:50 Image size of job updated: 2788328
	2120  -  MemoryUsage of job (MB)
	2169948  -  ResidentSetSize of job (KB)
...
006 (011.1751.000) 05/09 06:25:55 Image size of job updated: 2801640
	2123  -  MemoryUsage of job (MB)
	2173908  -  ResidentSetSize of job (KB)
...
006 (011.1751.000) 05/09 06:26:00 Image size of job updated: 2805736
	2125  -  MemoryUsage of job (MB)
	2175492  -  ResidentSetSize of job (KB)
...
006 (011.1751.000) 05/09 06:26:05 Image size of job updated: 2808808
	2129  -  MemoryUsage of job (MB)
	2179980  -  ResidentSetSize of job (KB)
...
006 (011.1751.000) 05/09 06:26:10 Image size of job updated: 2813928
	2133  -  MemoryUsage of job (MB)
	2183544  -  ResidentSetSize of job (KB)
...
006 (011.1751.000) 05/09 06:26:15 Image size of job updated: 2818024
	2137  -  MemoryUsage of job (MB)
	2187504  -  ResidentSetSize of job (KB)
...
006 (011.1751.000) 05/09 06:26:21 Image size of job updated: 3029992
	2346  -  MemoryUsage of job (MB)
	2401476  -  ResidentSetSize of job (KB)
...
005 (011.1751.000) 05/09 06:26:26 Job terminated.
	(1) Normal termination (return value 0)
		Usr 0 00:23:30, Sys 0 00:00:02  -  Run Remote Usage
		Usr 0 00:00:00, Sys 0 00:00:00  -  Run Local Usage
		Usr 0 00:23:30, Sys 0 00:00:02  -  Total Remote Usage
		Usr 0 00:00:00, Sys 0 00:00:00  -  Total Local Usage
	0  -  Run Bytes Sent By Job
	0  -  Run Bytes Received By Job
	0  -  Total Bytes Sent By Job
	0  -  Total Bytes Received By Job
	Partitionable Resources :      Usage  Request Allocated 
	   Cpus                 :       1.00        1         1 
	   Disk (KB)            : 2000000     2000000   6232219 
	   Memory (MB)          :    2346        1954      2007 
...
