000 (205.580.000) 05/06 03:17:23 Job submitted from host: <127.0.0.1:9618?addrs=127.0.0.1-9618&noUDP&sock=222_da1d_4>
...
033 (205.580.000) 05/06 14:21:12 Changing job attribute JobPrio from 0 to -5
...
001 (205.580.000) 05/07 12:36:42 Job executing on host: <127.0.0.1:9618?addrs=127.0.0.1-9618+[--1]-9618&noUDP&sock=337139_e3f4_5>
...
006 (205.580.000) 05/07 12:36:48 Image size of job updated: 2000000
	119  -  MemoryUsage of job (MB)
	121440  -  ResidentSetSize of job (KB)
...
006 (205.580.000) 05/07 12:36:54 Image size of job updated: 2000000
	199  -  MemoryUsage of job (MB)
	202884  -  ResidentSetSize of job (KB)
...
006 (205.580.000) 05/07 12:37:00 Image size of job updated: 2000000
	211  -  MemoryUsage of job (MB)
	215292  -  ResidentSetSize of job (KB)
...
006 (205.580.000) 05/07 12:37:06 Image size of job updated: 2000000
	211  -  MemoryUsage of job (MB)
	215952  -  ResidentSetSize of job (KB)
...
006 (205.580.000) 05/07 12:37:12 Image size of job updated: 2000000
	223  -  MemoryUsage of job (MB)
	227832  -  ResidentSetSize of job (KB)
...
006 (205.580.000) 05/07 12:37:18 Image size of job updated: 2000000
	234  -  MemoryUsage of job (MB)
	239316  -  ResidentSetSize of job (KB)
...
006 (205.580.000) 05/07 12:37:24 Image size of job updated: 2000000
	246  -  MemoryUsage of job (MB)
	250932  -  ResidentSetSize of job (KB)
...
006 (205.580.000) 05/07 12:37:30 Image size of job updated: 2000000
	255  -  MemoryUsage of job (MB)
	260172  -  ResidentSetSize of job (KB)
...
006 (205.580.000) 05/07 12:37:35 Image size of job updated: 2000000
	261  -  MemoryUsage of job (MB)
	266904  -  ResidentSetSize of job (KB)
...
006 (205.580.000) 05/07 12:37:40 Image size of job updated: 2000000
	269  -  MemoryUsage of job (MB)
	274824  -  ResidentSetSize of job (KB)
...
006 (205.580.000) 05/07 12:37:45 Image size of job updated: 2000000
	278  -  MemoryUsage of job (MB)
	284064  -  ResidentSetSize of job (KB)
...
006 (205.580.000) 05/07 12:37:50 Image size of job updated: 2000000
	307  -  MemoryUsage of job (MB)
	313368  -  ResidentSetSize of job (KB)
...
006 (205.580.000) 05/07 12:37:55 Image size of job updated: 2000000
	346  -  MemoryUsage of job (MB)
	354288  -  ResidentSetSize of job (KB)
...
006 (205.580.000) 05/07 12:38:00 Image size of job updated: 2000000
	376  -  MemoryUsage of job (MB)
	384780  -  ResidentSetSize of job (KB)
...
006 (205.580.000) 05/07 12:38:05 Image size of job updated: 2000000
	379  -  MemoryUsage of job (MB)
	387552  -  ResidentSetSize of job (KB)
...
006 (205.580.000) 05/07 12:38:10 Image size of job updated: 2000000
	447  -  MemoryUsage of job (MB)
	457380  -  ResidentSetSize of job (KB)
...
006 (205.580.000) 05/07 12:38:15 Image size of job updated: 2000000
	497  -  MemoryUsage of job (MB)
	508332  -  ResidentSetSize of job (KB)
...
006 (205.580.000) 05/07 12:38:20 Image size of job updated: 2000000
	545  -  MemoryUsage of job (MB)
	557304  -  ResidentSetSize of job (KB)
...
006 (205.580.000) 05/07 12:38:25 Image size of job updated: 2000000
	1243  -  MemoryUsage of job (MB)
	1271952  -  ResidentSetSize of job (KB)
...
006 (205.580.000) 05/07 13:00:18 Image size of job updated: 2000000
	1281  -  MemoryUsage of job (MB)
	1311420  -  ResidentSetSize of job (KB)
...
006 (205.580.000) 05/07 13:04:32 Image size of job updated: 2678000
	1970  -  MemoryUsage of job (MB)
	2016696  -  ResidentSetSize of job (KB)
...
000 (007.580.000) 05/07 18:59:23 Job submitted from host: <127.0.0.1:9618?addrs=127.0.0.1-9618&noUDP&sock=215_0cf3_4>
...
000 (016.580.000) 05/08 15:56:38 Job submitted from host: <127.0.0.1:9618?addrs=127.0.0.1-9618&noUDP&sock=227_4816_4>
...
001 (016.580.000) 05/08 20:06:54 Job executing on host: <127.0.0.1:9618?addrs=127.0.0.1-9618&noUDP&sock=227_4816_5>
...
006 (016.580.000) 05/08 20:07:00 Image size of job updated: 2000000
	115  -  MemoryUsage of job (MB)
	117084  -  ResidentSetSize of job (KB)
...
006 (016.580.000) 05/08 20:07:24 Image size of job updated: 2000000
	164  -  MemoryUsage of job (MB)
	167376  -  ResidentSetSize of job (KB)
...
006 (016.580.000) 05/08 20:07:30 Image size of job updated: 2000000
	211  -  MemoryUsage of job (MB)
	215688  -  ResidentSetSize of job (KB)
...
006 (016.580.000) 05/08 20:07:42 Image size of job updated: 2000000
	218  -  MemoryUsage of job (MB)
	222552  -  ResidentSetSize of job (KB)
...
006 (016.580.000) 05/08 20:07:48 Image size of job updated: 2000000
	229  -  MemoryUsage of job (MB)
	233772  -  ResidentSetSize of job (KB)
...
006 (016.580.000) 05/08 20:07:54 Image size of job updated: 2000000
	240  -  MemoryUsage of job (MB)
	245652  -  ResidentSetSize of job (KB)
...
006 (016.580.000) 05/08 20:08:00 Image size of job updated: 2000000
	252  -  MemoryUsage of job (MB)
	257532  -  ResidentSetSize of job (KB)
...
006 (016.580.000) 05/08 20:08:06 Image size of job updated: 2000000
	261  -  MemoryUsage of job (MB)
	266904  -  ResidentSetSize of job (KB)
...
006 (016.580.000) 05/08 20:08:12 Image size of job updated: 2000000
	269  -  MemoryUsage of job (MB)
	274692  -  ResidentSetSize of job (KB)
...
006 (016.580.000) 05/08 20:08:18 Image size of job updated: 2000000
	282  -  MemoryUsage of job (MB)
	288684  -  ResidentSetSize of job (KB)
...
006 (016.580.000) 05/08 20:08:24 Image size of job updated: 2000000
	339  -  MemoryUsage of job (MB)
	346500  -  ResidentSetSize of job (KB)
...
006 (016.580.000) 05/08 20:08:30 Image size of job updated: 2000000
	373  -  MemoryUsage of job (MB)
	380952  -  ResidentSetSize of job (KB)
...
006 (016.580.000) 05/08 20:08:37 Image size of job updated: 2000000
	418  -  MemoryUsage of job (MB)
	427284  -  ResidentSetSize of job (KB)
...
006 (016.580.000) 05/08 20:08:42 Image size of job updated: 2000000
	474  -  MemoryUsage of job (MB)
	484704  -  ResidentSetSize of job (KB)
...
006 (016.580.000) 05/08 20:08:47 Image size of job updated: 2000000
	520  -  MemoryUsage of job (MB)
	531696  -  ResidentSetSize of job (KB)
...
006 (016.580.000) 05/08 20:08:52 Image size of job updated: 2000000
	887  -  MemoryUsage of job (MB)
	908160  -  ResidentSetSize of job (KB)
...
006 (016.580.000) 05/08 20:08:57 Image size of job updated: 2000000
	1221  -  MemoryUsage of job (MB)
	1249380  -  ResidentSetSize of job (KB)
...
006 (016.580.000) 05/08 20:25:04 Image size of job updated: 2000000
	1545  -  MemoryUsage of job (MB)
	1581228  -  ResidentSetSize of job (KB)
...
006 (016.580.000) 05/08 20:25:09 Image size of job updated: 2000000
	1699  -  MemoryUsage of job (MB)
	1739364  -  ResidentSetSize of job (KB)
...
006 (016.580.000) 05/08 20:25:14 Image size of job updated: 2056824
	1993  -  MemoryUsage of job (MB)
	2039928  -  ResidentSetSize of job (KB)
...
006 (016.580.000) 05/08 20:25:19 Image size of job updated: 2701044
	1993  -  MemoryUsage of job (MB)
	2039928  -  ResidentSetSize of job (KB)
...
006 (016.580.000) 05/08 20:25:24 Image size of job updated: 2706676
	2055  -  MemoryUsage of job (MB)
	2104080  -  ResidentSetSize of job (KB)
...
006 (016.580.000) 05/08 20:25:29 Image size of job updated: 2706676
	2147  -  MemoryUsage of job (MB)
	2198460  -  ResidentSetSize of job (KB)
...
006 (016.580.000) 05/08 20:25:34 Image size of job updated: 2855156
	2242  -  MemoryUsage of job (MB)
	2295480  -  ResidentSetSize of job (KB)
...
006 (016.580.000) 05/08 20:25:39 Image size of job updated: 2855156
	2315  -  MemoryUsage of job (MB)
	2369796  -  ResidentSetSize of job (KB)
...
006 (016.580.000) 05/08 20:25:44 Image size of job updated: 2855156
	2380  -  MemoryUsage of job (MB)
	2436720  -  ResidentSetSize of job (KB)
...
006 (016.580.000) 05/08 20:25:49 Image size of job updated: 3102964
	2443  -  MemoryUsage of job (MB)
	2501268  -  ResidentSetSize of job (KB)
...
006 (016.580.000) 05/08 20:25:54 Image size of job updated: 3169524
	2505  -  MemoryUsage of job (MB)
	2565024  -  ResidentSetSize of job (KB)
...
006 (016.580.000) 05/08 20:25:59 Image size of job updated: 3255540
	2568  -  MemoryUsage of job (MB)
	2629308  -  ResidentSetSize of job (KB)
...
006 (016.580.000) 05/08 20:26:04 Image size of job updated: 3295476
	2632  -  MemoryUsage of job (MB)
	2694648  -  ResidentSetSize of job (KB)
...
006 (016.580.000) 05/08 20:26:09 Image size of job updated: 3295476
	2696  -  MemoryUsage of job (MB)
	2759724  -  ResidentSetSize of job (KB)
...
006 (016.580.000) 05/08 20:26:14 Image size of job updated: 3295476
	2758  -  MemoryUsage of job (MB)
	2824140  -  ResidentSetSize of job (KB)
...
006 (016.580.000) 05/08 20:26:19 Image size of job updated: 3490036
	2822  -  MemoryUsage of job (MB)
	2889084  -  ResidentSetSize of job (KB)
...
006 (016.580.000) 05/08 20:26:24 Image size of job updated: 3490036
	2885  -  MemoryUsage of job (MB)
	2953236  -  ResidentSetSize of job (KB)
...
006 (016.580.000) 05/08 20:26:29 Image size of job updated: 3490036
	2947  -  MemoryUsage of job (MB)
	3017520  -  ResidentSetSize of job (KB)
...
006 (016.580.000) 05/08 20:26:34 Image size of job updated: 3682548
	3010  -  MemoryUsage of job (MB)
	3081672  -  ResidentSetSize of job (KB)
...
006 (016.580.000) 05/08 20:26:39 Image size of job updated: 3682548
	3074  -  MemoryUsage of job (MB)
	3147540  -  ResidentSetSize of job (KB)
...
006 (016.580.000) 05/08 20:26:44 Image size of job updated: 3682548
	3137  -  MemoryUsage of job (MB)
	3211428  -  ResidentSetSize of job (KB)
...
006 (016.580.000) 05/08 20:26:49 Image size of job updated: 3907828
	3203  -  MemoryUsage of job (MB)
	3279012  -  ResidentSetSize of job (KB)
...
006 (016.580.000) 05/08 20:26:54 Image size of job updated: 3995892
	3268  -  MemoryUsage of job (MB)
	3346200  -  ResidentSetSize of job (KB)
...
006 (016.580.000) 05/08 20:26:59 Image size of job updated: 4062452
	3332  -  MemoryUsage of job (MB)
	3411804  -  ResidentSetSize of job (KB)
...
006 (016.580.000) 05/08 20:27:04 Image size of job updated: 4092148
	3406  -  MemoryUsage of job (MB)
	3487572  -  ResidentSetSize of job (KB)
...
006 (016.580.000) 05/08 20:27:09 Image size of job updated: 4173044
	3478  -  MemoryUsage of job (MB)
	3561360  -  ResidentSetSize of job (KB)
...
006 (016.580.000) 05/08 20:27:14 Image size of job updated: 4173044
	3543  -  MemoryUsage of job (MB)
	3627756  -  ResidentSetSize of job (KB)
...
006 (016.580.000) 05/08 20:27:19 Image size of job updated: 4328692
	3606  -  MemoryUsage of job (MB)
	3692040  -  ResidentSetSize of job (KB)
...
006 (016.580.000) 05/08 20:27:24 Image size of job updated: 4328692
	3669  -  MemoryUsage of job (MB)
	3756852  -  ResidentSetSize of job (KB)
...
006 (016.580.000) 05/08 20:27:29 Image size of job updated: 4328692
	3730  -  MemoryUsage of job (MB)
	3818760  -  ResidentSetSize of job (KB)
...
006 (016.580.000) 05/08 20:27:34 Image size of job updated: 4528372
	3789  -  MemoryUsage of job (MB)
	3879348  -  ResidentSetSize of job (KB)
...
006 (016.580.000) 05/08 20:27:39 Image size of job updated: 4528372
	3850  -  MemoryUsage of job (MB)
	3941784  -  ResidentSetSize of job (KB)
...
006 (016.580.000) 05/08 20:27:44 Image size of job updated: 4528372
	3912  -  MemoryUsage of job (MB)
	4005672  -  ResidentSetSize of job (KB)
...
006 (016.580.000) 05/08 20:27:49 Image size of job updated: 4719860
	3976  -  MemoryUsage of job (MB)
	4070880  -  ResidentSetSize of job (KB)
...
006 (016.580.000) 05/08 20:27:54 Image size of job updated: 4741364
	4041  -  MemoryUsage of job (MB)
	4137012  -  ResidentSetSize of job (KB)
...
006 (016.580.000) 05/08 20:27:59 Image size of job updated: 4741364
	4105  -  MemoryUsage of job (MB)
	4202616  -  ResidentSetSize of job (KB)
...
006 (016.580.000) 05/08 20:28:04 Image size of job updated: 4916468
	4169  -  MemoryUsage of job (MB)
	4268748  -  ResidentSetSize of job (KB)
...
006 (016.580.000) 05/08 20:28:09 Image size of job updated: 4947188
	4234  -  MemoryUsage of job (MB)
	4335144  -  ResidentSetSize of job (KB)
...
006 (016.580.000) 05/08 20:28:14 Image size of job updated: 4947188
	4302  -  MemoryUsage of job (MB)
	4404312  -  ResidentSetSize of job (KB)
...
006 (016.580.000) 05/08 20:28:19 Image size of job updated: 4947188
	4365  -  MemoryUsage of job (MB)
	4469256  -  ResidentSetSize of job (KB)
...
006 (016.580.000) 05/08 20:28:24 Image size of job updated: 5133556
	4428  -  MemoryUsage of job (MB)
	4533936  -  ResidentSetSize of job (KB)
...
006 (016.580.000) 05/08 20:28:29 Image size of job updated: 5225716
	4492  -  MemoryUsage of job (MB)
	4599540  -  ResidentSetSize of job (KB)
...
006 (016.580.000) 05/08 20:28:34 Image size of job updated: 5290228
	4556  -  MemoryUsage of job (MB)
	4664484  -  ResidentSetSize of job (KB)
...
006 (016.580.000) 05/08 20:28:39 Image size of job updated: 5358836
	4618  -  MemoryUsage of job (MB)
	4728504  -  ResidentSetSize of job (KB)
...
006 (016.580.000) 05/08 20:28:44 Image size of job updated: 5358836
	4681  -  MemoryUsage of job (MB)
	4792656  -  ResidentSetSize of job (KB)
...
006 (016.580.000) 05/08 20:28:49 Image size of job updated: 5358836
	4744  -  MemoryUsage of job (MB)
	4857468  -  ResidentSetSize of job (KB)
...
006 (016.580.000) 05/08 20:28:54 Image size of job updated: 5518580
	4805  -  MemoryUsage of job (MB)
	4920036  -  ResidentSetSize of job (KB)
...
006 (016.580.000) 05/08 20:28:59 Image size of job updated: 5518580
	4868  -  MemoryUsage of job (MB)
	4984320  -  ResidentSetSize of job (KB)
...
006 (016.580.000) 05/08 20:29:04 Image size of job updated: 5518580
	4931  -  MemoryUsage of job (MB)
	5049132  -  ResidentSetSize of job (KB)
...
006 (016.580.000) 05/08 20:29:09 Image size of job updated: 5727476
	4993  -  MemoryUsage of job (MB)
	5111964  -  ResidentSetSize of job (KB)
...
006 (016.580.000) 05/08 20:29:14 Image size of job updated: 5822708
	5055  -  MemoryUsage of job (MB)
	5175324  -  ResidentSetSize of job (KB)
...
006 (016.580.000) 05/08 20:29:19 Image size of job updated: 5822708
	5117  -  MemoryUsage of job (MB)
	5238948  -  ResidentSetSize of job (KB)
...
006 (016.580.000) 05/08 20:29:24 Image size of job updated: 5925108
	5180  -  MemoryUsage of job (MB)
	5303628  -  ResidentSetSize of job (KB)
...
006 (016.580.000) 05/08 20:29:29 Image size of job updated: 5925108
	5241  -  MemoryUsage of job (MB)
	5365800  -  ResidentSetSize of job (KB)
...
006 (016.580.000) 05/08 20:29:34 Image size of job updated: 5925108
	5303  -  MemoryUsage of job (MB)
	5429424  -  ResidentSetSize of job (KB)
...
006 (016.580.000) 05/08 20:29:39 Image size of job updated: 6114548
	5365  -  MemoryUsage of job (MB)
	5493444  -  ResidentSetSize of job (KB)
...
006 (016.580.000) 05/08 20:29:44 Image size of job updated: 6114548
	5427  -  MemoryUsage of job (MB)
	5556672  -  ResidentSetSize of job (KB)
...
006 (016.580.000) 05/08 20:29:49 Image size of job updated: 6114548
	5490  -  MemoryUsage of job (MB)
	5620824  -  ResidentSetSize of job (KB)
...
006 (016.580.000) 05/08 20:29:54 Image size of job updated: 6306036
	5551  -  MemoryUsage of job (MB)
	5683656  -  ResidentSetSize of job (KB)
...
006 (016.580.000) 05/08 20:29:59 Image size of job updated: 6382836
	5613  -  MemoryUsage of job (MB)
	5746752  -  ResidentSetSize of job (KB)
...
006 (016.580.000) 05/08 20:30:05 Image size of job updated: 6408436
	5686  -  MemoryUsage of job (MB)
	5821992  -  ResidentSetSize of job (KB)
...
006 (016.580.000) 05/08 20:30:11 Image size of job updated: 6494452
	5759  -  MemoryUsage of job (MB)
	5896572  -  ResidentSetSize of job (KB)
...
006 (016.580.000) 05/08 20:30:17 Image size of job updated: 6494452
	5835  -  MemoryUsage of job (MB)
	5974320  -  ResidentSetSize of job (KB)
...
006 (016.580.000) 05/08 20:30:23 Image size of job updated: 6698228
	5911  -  MemoryUsage of job (MB)
	6052068  -  ResidentSetSize of job (KB)
...
006 (016.580.000) 05/08 20:30:29 Image size of job updated: 6740212
	5987  -  MemoryUsage of job (MB)
	6130608  -  ResidentSetSize of job (KB)
...
006 (016.580.000) 05/08 20:30:35 Image size of job updated: 6740212
	6063  -  MemoryUsage of job (MB)
	6208224  -  ResidentSetSize of job (KB)
...
006 (016.580.000) 05/08 20:30:41 Image size of job updated: 6908148
	6139  -  MemoryUsage of job (MB)
	6286104  -  ResidentSetSize of job (KB)
...
006 (016.580.000) 05/08 20:30:47 Image size of job updated: 6908148
	6213  -  MemoryUsage of job (MB)
	6361740  -  ResidentSetSize of job (KB)
...
006 (016.580.000) 05/08 20:30:53 Image size of job updated: 6908148
	6288  -  MemoryUsage of job (MB)
	6438300  -  ResidentSetSize of job (KB)
...
006 (016.580.000) 05/08 20:30:59 Image size of job updated: 7105780
	6360  -  MemoryUsage of job (MB)
	6512220  -  ResidentSetSize of job (KB)
...
006 (016.580.000) 05/08 20:31:05 Image size of job updated: 7105780
	6433  -  MemoryUsage of job (MB)
	6586932  -  ResidentSetSize of job (KB)
...
006 (016.580.000) 05/08 20:31:11 Image size of job updated: 7292148
	6506  -  MemoryUsage of job (MB)
	6661512  -  ResidentSetSize of job (KB)
...
006 (016.580.000) 05/08 20:31:17 Image size of job updated: 7292148
	6578  -  MemoryUsage of job (MB)
	6735432  -  ResidentSetSize of job (KB)
...
006 (016.580.000) 05/08 20:31:23 Image size of job updated: 7292148
	6650  -  MemoryUsage of job (MB)
	6809220  -  ResidentSetSize of job (KB)
...
006 (016.580.000) 05/08 20:31:29 Image size of job updated: 7488756
	6723  -  MemoryUsage of job (MB)
	6884328  -  ResidentSetSize of job (KB)
...
006 (016.580.000) 05/08 20:31:35 Image size of job updated: 7488756
	6795  -  MemoryUsage of job (MB)
	6957720  -  ResidentSetSize of job (KB)
...
006 (016.580.000) 05/08 20:31:41 Image size of job updated: 7684340
	6868  -  MemoryUsage of job (MB)
	7032168  -  ResidentSetSize of job (KB)
...
006 (016.580.000) 05/08 20:31:47 Image size of job updated: 7719156
	6940  -  MemoryUsage of job (MB)
	7106484  -  ResidentSetSize of job (KB)
...
006 (016.580.000) 05/08 20:31:53 Image size of job updated: 7719156
	7013  -  MemoryUsage of job (MB)
	7180404  -  ResidentSetSize of job (KB)
...
006 (016.580.000) 05/08 20:31:59 Image size of job updated: 7869684
	7084  -  MemoryUsage of job (MB)
	7253664  -  ResidentSetSize of job (KB)
...
006 (016.580.000) 05/08 20:32:05 Image size of job updated: 7869684
	7156  -  MemoryUsage of job (MB)
	7327188  -  ResidentSetSize of job (KB)
...
006 (016.580.000) 05/08 20:32:11 Image size of job updated: 8054004
	7229  -  MemoryUsage of job (MB)
	7402032  -  ResidentSetSize of job (KB)
...
006 (016.580.000) 05/08 20:32:17 Image size of job updated: 8101108
	7302  -  MemoryUsage of job (MB)
	7477008  -  ResidentSetSize of job (KB)
...
006 (016.580.000) 05/08 20:32:23 Image size of job updated: 8101108
	7373  -  MemoryUsage of job (MB)
	7549080  -  ResidentSetSize of job (KB)
...
006 (016.580.000) 05/08 20:32:29 Image size of job updated: 8238324
	7445  -  MemoryUsage of job (MB)
	7622868  -  ResidentSetSize of job (KB)
...
006 (016.580.000) 05/08 20:32:35 Image size of job updated: 8238324
	7516  -  MemoryUsage of job (MB)
	7696260  -  ResidentSetSize of job (KB)
...
006 (016.580.000) 05/08 20:32:41 Image size of job updated: 8365300
	7588  -  MemoryUsage of job (MB)
	7769784  -  ResidentSetSize of job (KB)
...
006 (016.580.000) 05/08 20:32:47 Image size of job updated: 8433908
	7660  -  MemoryUsage of job (MB)
	7842912  -  ResidentSetSize of job (KB)
...
006 (016.580.000) 05/08 20:32:53 Image size of job updated: 8433908
	7891  -  MemoryUsage of job (MB)
	8079984  -  ResidentSetSize of job (KB)
...
006 (016.580.000) 05/08 20:32:59 Image size of job updated: 8737012
	7891  -  MemoryUsage of job (MB)
	8079984  -  ResidentSetSize of job (KB)
...
005 (016.580.000) 05/08 20:33:01 Job terminated.
	(1) Normal termination (return value 0)
		Usr 0 00:25:18, Sys 0 00:00:11  -  Run Remote Usage
		Usr 0 00:00:00, Sys 0 00:00:00  -  Run Local Usage
		Usr 0 00:25:18, Sys 0 00:00:11  -  Total Remote Usage
		Usr 0 00:00:00, Sys 0 00:00:00  -  Total Local Usage
	0  -  Run Bytes Sent By Job
	0  -  Run Bytes Received By Job
	0  -  Total Bytes Sent By Job
	0  -  Total Bytes Received By Job
	Partitionable Resources :      Usage  Request Allocated 
	   Cpus                 :       0.99        1         1 
	   Disk (KB)            : 2000000     2000000   6275465 
	   Memory (MB)          :    7891        1954      2007 
...
