000 (205.1641.000) 05/06 03:18:00 Job submitted from host: <127.0.0.1:9618?addrs=127.0.0.1-9618&noUDP&sock=222_da1d_4>
...
033 (205.1641.000) 05/06 14:21:38 Changing job attribute JobPrio from 0 to -5
...
000 (007.1641.000) 05/07 18:59:37 Job submitted from host: <127.0.0.1:9618?addrs=127.0.0.1-9618&noUDP&sock=215_0cf3_4>
...
000 (016.1641.000) 05/08 15:56:49 Job submitted from host: <127.0.0.1:9618?addrs=127.0.0.1-9618&noUDP&sock=227_4816_4>
...
001 (016.1641.000) 05/09 03:51:41 Job executing on host: <127.0.0.1:9618?addrs=127.0.0.1-9618&noUDP&sock=227_4816_5>
...
006 (016.1641.000) 05/09 03:51:47 Image size of job updated: 2000000
	27  -  MemoryUsage of job (MB)
	27192  -  ResidentSetSize of job (KB)
...
006 (016.1641.000) 05/09 03:51:53 Image size of job updated: 2000000
	28  -  MemoryUsage of job (MB)
	27852  -  ResidentSetSize of job (KB)
...
006 (016.1641.000) 05/09 03:51:59 Image size of job updated: 2000000
	34  -  MemoryUsage of job (MB)
	33924  -  ResidentSetSize of job (KB)
...
006 (016.1641.000) 05/09 03:52:04 Image size of job updated: 2000000
	36  -  MemoryUsage of job (MB)
	36828  -  ResidentSetSize of job (KB)
...
006 (016.1641.000) 05/09 03:52:09 Image size of job updated: 2000000
	47  -  MemoryUsage of job (MB)
	47520  -  ResidentSetSize of job (KB)
...
006 (016.1641.000) 05/09 03:52:14 Image size of job updated: 2000000
	114  -  MemoryUsage of job (MB)
	116688  -  ResidentSetSize of job (KB)
...
006 (016.1641.000) 05/09 04:06:49 Image size of job updated: 2000000
	163  -  MemoryUsage of job (MB)
	166584  -  ResidentSetSize of job (KB)
...
006 (016.1641.000) 05/09 04:06:54 Image size of job updated: 2000000
	211  -  MemoryUsage of job (MB)
	215160  -  ResidentSetSize of job (KB)
...
006 (016.1641.000) 05/09 04:07:04 Image size of job updated: 2000000
	211  -  MemoryUsage of job (MB)
	215820  -  ResidentSetSize of job (KB)
...
006 (016.1641.000) 05/09 04:07:09 Image size of job updated: 2000000
	221  -  MemoryUsage of job (MB)
	225456  -  ResidentSetSize of job (KB)
...
006 (016.1641.000) 05/09 04:07:14 Image size of job updated: 2000000
	230  -  MemoryUsage of job (MB)
	234960  -  ResidentSetSize of job (KB)
...
006 (016.1641.000) 05/09 04:07:19 Image size of job updated: 2000000
	239  -  MemoryUsage of job (MB)
	244332  -  ResidentSetSize of job (KB)
...
006 (016.1641.000) 05/09 04:07:24 Image size of job updated: 2000000
	248  -  MemoryUsage of job (MB)
	253836  -  ResidentSetSize of job (KB)
...
006 (016.1641.000) 05/09 04:07:29 Image size of job updated: 2000000
	256  -  MemoryUsage of job (MB)
	261360  -  ResidentSetSize of job (KB)
...
006 (016.1641.000) 05/09 04:07:34 Image size of job updated: 2000000
	262  -  MemoryUsage of job (MB)
	267696  -  ResidentSetSize of job (KB)
...
006 (016.1641.000) 05/09 04:07:39 Image size of job updated: 2000000
	270  -  MemoryUsage of job (MB)
	275484  -  ResidentSetSize of job (KB)
...
006 (016.1641.000) 05/09 04:07:44 Image size of job updated: 2000000
	273  -  MemoryUsage of job (MB)
	279444  -  ResidentSetSize of job (KB)
...
006 (016.1641.000) 05/09 04:07:50 Image size of job updated: 2000000
	305  -  MemoryUsage of job (MB)
	312048  -  ResidentSetSize of job (KB)
...
006 (016.1641.000) 05/09 04:07:56 Image size of job updated: 2000000
	353  -  MemoryUsage of job (MB)
	360624  -  ResidentSetSize of job (KB)
...
006 (016.1641.000) 05/09 04:08:02 Image size of job updated: 2000000
	379  -  MemoryUsage of job (MB)
	388080  -  ResidentSetSize of job (KB)
...
006 (016.1641.000) 05/09 04:08:08 Image size of job updated: 2000000
	402  -  MemoryUsage of job (MB)
	411180  -  ResidentSetSize of job (KB)
...
006 (016.1641.000) 05/09 04:08:14 Image size of job updated: 2000000
	472  -  MemoryUsage of job (MB)
	482856  -  ResidentSetSize of job (KB)
...
006 (016.1641.000) 05/09 04:08:24 Image size of job updated: 2000000
	1242  -  MemoryUsage of job (MB)
	1271688  -  ResidentSetSize of job (KB)
...
006 (016.1641.000) 05/09 04:23:49 Image size of job updated: 2000000
	1305  -  MemoryUsage of job (MB)
	1335840  -  ResidentSetSize of job (KB)
...
006 (016.1641.000) 05/09 04:23:54 Image size of job updated: 2000000
	1684  -  MemoryUsage of job (MB)
	1723656  -  ResidentSetSize of job (KB)
...
006 (016.1641.000) 05/09 04:23:59 Image size of job updated: 2066064
	2013  -  MemoryUsage of job (MB)
	2060916  -  ResidentSetSize of job (KB)
...
006 (016.1641.000) 05/09 04:24:04 Image size of job updated: 2654956
	2013  -  MemoryUsage of job (MB)
	2060916  -  ResidentSetSize of job (KB)
...
006 (016.1641.000) 05/09 04:24:14 Image size of job updated: 2654956
	2073  -  MemoryUsage of job (MB)
	2122692  -  ResidentSetSize of job (KB)
...
006 (016.1641.000) 05/09 04:24:19 Image size of job updated: 2793196
	2147  -  MemoryUsage of job (MB)
	2197932  -  ResidentSetSize of job (KB)
...
006 (016.1641.000) 05/09 04:24:24 Image size of job updated: 2793196
	2205  -  MemoryUsage of job (MB)
	2256936  -  ResidentSetSize of job (KB)
...
006 (016.1641.000) 05/09 04:24:29 Image size of job updated: 2793196
	2210  -  MemoryUsage of job (MB)
	2262480  -  ResidentSetSize of job (KB)
...
006 (016.1641.000) 05/09 04:24:34 Image size of job updated: 2923244
	2247  -  MemoryUsage of job (MB)
	2299968  -  ResidentSetSize of job (KB)
...
006 (016.1641.000) 05/09 04:24:39 Image size of job updated: 2923244
	2279  -  MemoryUsage of job (MB)
	2332836  -  ResidentSetSize of job (KB)
...
006 (016.1641.000) 05/09 04:24:44 Image size of job updated: 2923244
	2307  -  MemoryUsage of job (MB)
	2362008  -  ResidentSetSize of job (KB)
...
006 (016.1641.000) 05/09 04:24:49 Image size of job updated: 3023596
	2334  -  MemoryUsage of job (MB)
	2389860  -  ResidentSetSize of job (KB)
...
006 (016.1641.000) 05/09 04:24:54 Image size of job updated: 3047148
	2361  -  MemoryUsage of job (MB)
	2417448  -  ResidentSetSize of job (KB)
...
006 (016.1641.000) 05/09 04:24:59 Image size of job updated: 3047148
	2388  -  MemoryUsage of job (MB)
	2445036  -  ResidentSetSize of job (KB)
...
006 (016.1641.000) 05/09 04:25:04 Image size of job updated: 3099372
	2415  -  MemoryUsage of job (MB)
	2472492  -  ResidentSetSize of job (KB)
...
006 (016.1641.000) 05/09 04:25:09 Image size of job updated: 3099372
	2443  -  MemoryUsage of job (MB)
	2501136  -  ResidentSetSize of job (KB)
...
006 (016.1641.000) 05/09 04:25:14 Image size of job updated: 3171052
	2470  -  MemoryUsage of job (MB)
	2529252  -  ResidentSetSize of job (KB)
...
006 (016.1641.000) 05/09 04:25:19 Image size of job updated: 3184364
	2497  -  MemoryUsage of job (MB)
	2556840  -  ResidentSetSize of job (KB)
...
006 (016.1641.000) 05/09 04:25:24 Image size of job updated: 3223276
	2525  -  MemoryUsage of job (MB)
	2585352  -  ResidentSetSize of job (KB)
...
006 (016.1641.000) 05/09 04:25:29 Image size of job updated: 3223276
	2553  -  MemoryUsage of job (MB)
	2613864  -  ResidentSetSize of job (KB)
...
006 (016.1641.000) 05/09 04:25:34 Image size of job updated: 3268332
	2581  -  MemoryUsage of job (MB)
	2642244  -  ResidentSetSize of job (KB)
...
006 (016.1641.000) 05/09 04:25:39 Image size of job updated: 3268332
	2595  -  MemoryUsage of job (MB)
	2657028  -  ResidentSetSize of job (KB)
...
006 (016.1641.000) 05/09 04:25:47 Image size of job updated: 3268332
	2608  -  MemoryUsage of job (MB)
	2670096  -  ResidentSetSize of job (KB)
...
006 (016.1641.000) 05/09 04:25:55 Image size of job updated: 3366636
	2652  -  MemoryUsage of job (MB)
	2715240  -  ResidentSetSize of job (KB)
...
006 (016.1641.000) 05/09 04:26:01 Image size of job updated: 3366636
	2692  -  MemoryUsage of job (MB)
	2756424  -  ResidentSetSize of job (KB)
...
006 (016.1641.000) 05/09 04:26:06 Image size of job updated: 3447532
	2724  -  MemoryUsage of job (MB)
	2789028  -  ResidentSetSize of job (KB)
...
006 (016.1641.000) 05/09 04:26:11 Image size of job updated: 3450604
	2755  -  MemoryUsage of job (MB)
	2820972  -  ResidentSetSize of job (KB)
...
006 (016.1641.000) 05/09 04:26:16 Image size of job updated: 3515116
	2792  -  MemoryUsage of job (MB)
	2858988  -  ResidentSetSize of job (KB)
...
006 (016.1641.000) 05/09 04:26:21 Image size of job updated: 3553004
	2827  -  MemoryUsage of job (MB)
	2894760  -  ResidentSetSize of job (KB)
...
006 (016.1641.000) 05/09 04:26:26 Image size of job updated: 3586796
	2864  -  MemoryUsage of job (MB)
	2932380  -  ResidentSetSize of job (KB)
...
006 (016.1641.000) 05/09 04:26:31 Image size of job updated: 3617516
	2901  -  MemoryUsage of job (MB)
	2970528  -  ResidentSetSize of job (KB)
...
006 (016.1641.000) 05/09 04:26:36 Image size of job updated: 3667692
	2940  -  MemoryUsage of job (MB)
	3009864  -  ResidentSetSize of job (KB)
...
006 (016.1641.000) 05/09 04:26:41 Image size of job updated: 3692268
	2979  -  MemoryUsage of job (MB)
	3049596  -  ResidentSetSize of job (KB)
...
006 (016.1641.000) 05/09 04:26:46 Image size of job updated: 3692268
	3018  -  MemoryUsage of job (MB)
	3089460  -  ResidentSetSize of job (KB)
...
006 (016.1641.000) 05/09 04:26:51 Image size of job updated: 3787500
	3057  -  MemoryUsage of job (MB)
	3129852  -  ResidentSetSize of job (KB)
...
006 (016.1641.000) 05/09 04:26:56 Image size of job updated: 3787500
	3087  -  MemoryUsage of job (MB)
	3160476  -  ResidentSetSize of job (KB)
...
006 (016.1641.000) 05/09 04:27:01 Image size of job updated: 3787500
	3115  -  MemoryUsage of job (MB)
	3189384  -  ResidentSetSize of job (KB)
...
006 (016.1641.000) 05/09 04:27:06 Image size of job updated: 3875564
	3143  -  MemoryUsage of job (MB)
	3218028  -  ResidentSetSize of job (KB)
...
006 (016.1641.000) 05/09 04:27:11 Image size of job updated: 3875564
	3178  -  MemoryUsage of job (MB)
	3253272  -  ResidentSetSize of job (KB)
...
006 (016.1641.000) 05/09 04:27:16 Image size of job updated: 3875564
	3214  -  MemoryUsage of job (MB)
	3290760  -  ResidentSetSize of job (KB)
...
006 (016.1641.000) 05/09 04:27:21 Image size of job updated: 3875564
	3252  -  MemoryUsage of job (MB)
	3329964  -  ResidentSetSize of job (KB)
...
006 (016.1641.000) 05/09 04:27:26 Image size of job updated: 3995372
	3291  -  MemoryUsage of job (MB)
	3369168  -  ResidentSetSize of job (KB)
...
006 (016.1641.000) 05/09 04:27:31 Image size of job updated: 3995372
	3329  -  MemoryUsage of job (MB)
	3407976  -  ResidentSetSize of job (KB)
...
006 (016.1641.000) 05/09 04:27:36 Image size of job updated: 3995372
	3367  -  MemoryUsage of job (MB)
	3447312  -  ResidentSetSize of job (KB)
...
006 (016.1641.000) 05/09 04:27:41 Image size of job updated: 4112108
	3405  -  MemoryUsage of job (MB)
	3486384  -  ResidentSetSize of job (KB)
...
006 (016.1641.000) 05/09 04:27:46 Image size of job updated: 4175596
	3434  -  MemoryUsage of job (MB)
	3516348  -  ResidentSetSize of job (KB)
...
006 (016.1641.000) 05/09 04:27:51 Image size of job updated: 4218604
	3473  -  MemoryUsage of job (MB)
	3556080  -  ResidentSetSize of job (KB)
...
006 (016.1641.000) 05/09 04:27:56 Image size of job updated: 4250348
	3510  -  MemoryUsage of job (MB)
	3593436  -  ResidentSetSize of job (KB)
...
006 (016.1641.000) 05/09 04:28:01 Image size of job updated: 4272876
	3538  -  MemoryUsage of job (MB)
	3622476  -  ResidentSetSize of job (KB)
...
006 (016.1641.000) 05/09 04:28:06 Image size of job updated: 4312812
	3567  -  MemoryUsage of job (MB)
	3651648  -  ResidentSetSize of job (KB)
...
006 (016.1641.000) 05/09 04:28:11 Image size of job updated: 4324076
	3595  -  MemoryUsage of job (MB)
	3680556  -  ResidentSetSize of job (KB)
...
006 (016.1641.000) 05/09 04:28:16 Image size of job updated: 4351724
	3623  -  MemoryUsage of job (MB)
	3709596  -  ResidentSetSize of job (KB)
...
006 (016.1641.000) 05/09 04:28:21 Image size of job updated: 4401900
	3654  -  MemoryUsage of job (MB)
	3741540  -  ResidentSetSize of job (KB)
...
006 (016.1641.000) 05/09 04:28:27 Image size of job updated: 4414188
	3686  -  MemoryUsage of job (MB)
	3773484  -  ResidentSetSize of job (KB)
...
006 (016.1641.000) 05/09 04:28:32 Image size of job updated: 4414188
	3714  -  MemoryUsage of job (MB)
	3802524  -  ResidentSetSize of job (KB)
...
006 (016.1641.000) 05/09 04:28:37 Image size of job updated: 4414188
	3743  -  MemoryUsage of job (MB)
	3831828  -  ResidentSetSize of job (KB)
...
006 (016.1641.000) 05/09 04:28:42 Image size of job updated: 4499180
	3771  -  MemoryUsage of job (MB)
	3861396  -  ResidentSetSize of job (KB)
...
006 (016.1641.000) 05/09 04:28:47 Image size of job updated: 4499180
	3799  -  MemoryUsage of job (MB)
	3890040  -  ResidentSetSize of job (KB)
...
006 (016.1641.000) 05/09 04:28:52 Image size of job updated: 4499180
	3832  -  MemoryUsage of job (MB)
	3923172  -  ResidentSetSize of job (KB)
...
006 (016.1641.000) 05/09 04:28:57 Image size of job updated: 4591340
	3869  -  MemoryUsage of job (MB)
	3961188  -  ResidentSetSize of job (KB)
...
006 (016.1641.000) 05/09 04:29:02 Image size of job updated: 4591340
	3907  -  MemoryUsage of job (MB)
	4000524  -  ResidentSetSize of job (KB)
...
006 (016.1641.000) 05/09 04:29:07 Image size of job updated: 4690668
	3946  -  MemoryUsage of job (MB)
	4040652  -  ResidentSetSize of job (KB)
...
006 (016.1641.000) 05/09 04:29:12 Image size of job updated: 4726508
	3989  -  MemoryUsage of job (MB)
	4083948  -  ResidentSetSize of job (KB)
...
006 (016.1641.000) 05/09 04:29:17 Image size of job updated: 4791020
	4030  -  MemoryUsage of job (MB)
	4126056  -  ResidentSetSize of job (KB)
...
006 (016.1641.000) 05/09 04:29:22 Image size of job updated: 4803308
	4070  -  MemoryUsage of job (MB)
	4167372  -  ResidentSetSize of job (KB)
...
006 (016.1641.000) 05/09 04:29:27 Image size of job updated: 4856556
	4109  -  MemoryUsage of job (MB)
	4207104  -  ResidentSetSize of job (KB)
...
006 (016.1641.000) 05/09 04:29:32 Image size of job updated: 4856556
	4150  -  MemoryUsage of job (MB)
	4249344  -  ResidentSetSize of job (KB)
...
006 (016.1641.000) 05/09 04:29:37 Image size of job updated: 4856556
	4191  -  MemoryUsage of job (MB)
	4291056  -  ResidentSetSize of job (KB)
...
006 (016.1641.000) 05/09 04:29:42 Image size of job updated: 4970220
	4226  -  MemoryUsage of job (MB)
	4326960  -  ResidentSetSize of job (KB)
...
006 (016.1641.000) 05/09 04:29:47 Image size of job updated: 4970220
	4265  -  MemoryUsage of job (MB)
	4366692  -  ResidentSetSize of job (KB)
...
006 (016.1641.000) 05/09 04:29:52 Image size of job updated: 4970220
	4302  -  MemoryUsage of job (MB)
	4404576  -  ResidentSetSize of job (KB)
...
006 (016.1641.000) 05/09 04:29:57 Image size of job updated: 5080812
	4330  -  MemoryUsage of job (MB)
	4433880  -  ResidentSetSize of job (KB)
...
006 (016.1641.000) 05/09 04:30:02 Image size of job updated: 5104364
	4360  -  MemoryUsage of job (MB)
	4464240  -  ResidentSetSize of job (KB)
...
006 (016.1641.000) 05/09 04:30:07 Image size of job updated: 5289708
	4580  -  MemoryUsage of job (MB)
	4689300  -  ResidentSetSize of job (KB)
...
006 (016.1641.000) 05/09 04:30:12 Image size of job updated: 5349100
	4590  -  MemoryUsage of job (MB)
	4699596  -  ResidentSetSize of job (KB)
...
005 (016.1641.000) 05/09 04:30:15 Job terminated.
	(1) Normal termination (return value 0)
		Usr 0 00:23:07, Sys 0 00:00:06  -  Run Remote Usage
		Usr 0 00:00:00, Sys 0 00:00:00  -  Run Local Usage
		Usr 0 00:23:07, Sys 0 00:00:06  -  Total Remote Usage
		Usr 0 00:00:00, Sys 0 00:00:00  -  Total Local Usage
	0  -  Run Bytes Sent By Job
	0  -  Run Bytes Received By Job
	0  -  Total Bytes Sent By Job
	0  -  Total Bytes Received By Job
	Partitionable Resources :      Usage  Request Allocated 
	   Cpus                 :       0.83        1         1 
	   Disk (KB)            : 2000000     2000000   6275465 
	   Memory (MB)          :    4590        1954      2007 
...
