000 (005.2011.000) 05/05 20:22:25 Job submitted from host: <127.0.0.1:9618?addrs=127.0.0.1-9618&noUDP&sock=227_4816_4>
...
001 (005.2011.000) 05/06 09:10:38 Job executing on host: <127.0.0.1:9618?addrs=127.0.0.1-9618&noUDP&sock=227_4816_5>
...
006 (005.2011.000) 05/06 09:10:44 Image size of job updated: 2000000
	101  -  MemoryUsage of job (MB)
	103092  -  ResidentSetSize of job (KB)
...
006 (005.2011.000) 05/06 09:11:14 Image size of job updated: 2000000
	177  -  MemoryUsage of job (MB)
	180444  -  ResidentSetSize of job (KB)
...
006 (005.2011.000) 05/06 09:11:20 Image size of job updated: 2000000
	184  -  MemoryUsage of job (MB)
	188100  -  ResidentSetSize of job (KB)
...
006 (005.2011.000) 05/06 09:11:26 Image size of job updated: 2000000
	187  -  MemoryUsage of job (MB)
	191400  -  ResidentSetSize of job (KB)
...
006 (005.2011.000) 05/06 09:11:32 Image size of job updated: 2000000
	199  -  MemoryUsage of job (MB)
	203280  -  ResidentSetSize of job (KB)
...
006 (005.2011.000) 05/06 09:11:38 Image size of job updated: 2000000
	210  -  MemoryUsage of job (MB)
	215028  -  ResidentSetSize of job (KB)
...
006 (005.2011.000) 05/06 09:11:44 Image size of job updated: 2000000
	220  -  MemoryUsage of job (MB)
	224664  -  ResidentSetSize of job (KB)
...
006 (005.2011.000) 05/06 09:11:50 Image size of job updated: 2000000
	231  -  MemoryUsage of job (MB)
	235884  -  ResidentSetSize of job (KB)
...
006 (005.2011.000) 05/06 09:11:56 Image size of job updated: 2000000
	239  -  MemoryUsage of job (MB)
	244728  -  ResidentSetSize of job (KB)
...
006 (005.2011.000) 05/06 09:12:02 Image size of job updated: 2000000
	267  -  MemoryUsage of job (MB)
	272580  -  ResidentSetSize of job (KB)
...
006 (005.2011.000) 05/06 09:12:08 Image size of job updated: 2000000
	304  -  MemoryUsage of job (MB)
	310596  -  ResidentSetSize of job (KB)
...
006 (005.2011.000) 05/06 09:12:14 Image size of job updated: 2000000
	329  -  MemoryUsage of job (MB)
	336468  -  ResidentSetSize of job (KB)
...
006 (005.2011.000) 05/06 09:12:20 Image size of job updated: 2000000
	388  -  MemoryUsage of job (MB)
	396396  -  ResidentSetSize of job (KB)
...
006 (005.2011.000) 05/06 09:12:26 Image size of job updated: 2000000
	450  -  MemoryUsage of job (MB)
	460020  -  ResidentSetSize of job (KB)
...
006 (005.2011.000) 05/06 09:12:32 Image size of job updated: 2000000
	1171  -  MemoryUsage of job (MB)
	1198560  -  ResidentSetSize of job (KB)
...
006 (005.2011.000) 05/06 09:28:35 Image size of job updated: 2000000
	1171  -  MemoryUsage of job (MB)
	1198692  -  ResidentSetSize of job (KB)
...
006 (005.2011.000) 05/06 09:28:40 Image size of job updated: 2000000
	1173  -  MemoryUsage of job (MB)
	1200540  -  ResidentSetSize of job (KB)
...
006 (005.2011.000) 05/06 09:28:45 Image size of job updated: 2000000
	1251  -  MemoryUsage of job (MB)
	1280004  -  ResidentSetSize of job (KB)
...
006 (005.2011.000) 05/06 09:28:50 Image size of job updated: 2000000
	1622  -  MemoryUsage of job (MB)
	1660428  -  ResidentSetSize of job (KB)
...
006 (005.2011.000) 05/06 09:28:55 Image size of job updated: 2396616
	1693  -  MemoryUsage of job (MB)
	1733424  -  ResidentSetSize of job (KB)
...
006 (005.2011.000) 05/06 09:29:00 Image size of job updated: 2396616
	1896  -  MemoryUsage of job (MB)
	1941060  -  ResidentSetSize of job (KB)
...
006 (005.2011.000) 05/06 09:29:05 Image size of job updated: 2396616
	1946  -  MemoryUsage of job (MB)
	1992540  -  ResidentSetSize of job (KB)
...
006 (005.2011.000) 05/06 09:29:10 Image size of job updated: 2649568
	1977  -  MemoryUsage of job (MB)
	2024088  -  ResidentSetSize of job (KB)
...
006 (005.2011.000) 05/06 09:29:15 Image size of job updated: 2649568
	2009  -  MemoryUsage of job (MB)
	2056296  -  ResidentSetSize of job (KB)
...
006 (005.2011.000) 05/06 09:29:20 Image size of job updated: 2649568
	2041  -  MemoryUsage of job (MB)
	2089560  -  ResidentSetSize of job (KB)
...
006 (005.2011.000) 05/06 09:29:25 Image size of job updated: 2745824
	2074  -  MemoryUsage of job (MB)
	2123484  -  ResidentSetSize of job (KB)
...
006 (005.2011.000) 05/06 09:29:30 Image size of job updated: 2745824
	2098  -  MemoryUsage of job (MB)
	2148168  -  ResidentSetSize of job (KB)
...
006 (005.2011.000) 05/06 09:29:35 Image size of job updated: 2789856
	2125  -  MemoryUsage of job (MB)
	2175228  -  ResidentSetSize of job (KB)
...
006 (005.2011.000) 05/06 09:29:40 Image size of job updated: 2823648
	2150  -  MemoryUsage of job (MB)
	2201100  -  ResidentSetSize of job (KB)
...
006 (005.2011.000) 05/06 09:29:45 Image size of job updated: 2823648
	2175  -  MemoryUsage of job (MB)
	2227104  -  ResidentSetSize of job (KB)
...
006 (005.2011.000) 05/06 09:29:50 Image size of job updated: 2823648
	2200  -  MemoryUsage of job (MB)
	2252448  -  ResidentSetSize of job (KB)
...
006 (005.2011.000) 05/06 09:29:55 Image size of job updated: 2906592
	2232  -  MemoryUsage of job (MB)
	2285052  -  ResidentSetSize of job (KB)
...
006 (005.2011.000) 05/06 09:30:00 Image size of job updated: 2931168
	2256  -  MemoryUsage of job (MB)
	2309472  -  ResidentSetSize of job (KB)
...
006 (005.2011.000) 05/06 09:30:05 Image size of job updated: 2931168
	2280  -  MemoryUsage of job (MB)
	2334156  -  ResidentSetSize of job (KB)
...
006 (005.2011.000) 05/06 09:30:10 Image size of job updated: 2984416
	2308  -  MemoryUsage of job (MB)
	2362404  -  ResidentSetSize of job (KB)
...
006 (005.2011.000) 05/06 09:30:15 Image size of job updated: 2984416
	2333  -  MemoryUsage of job (MB)
	2388804  -  ResidentSetSize of job (KB)
...
006 (005.2011.000) 05/06 09:30:20 Image size of job updated: 2984416
	2360  -  MemoryUsage of job (MB)
	2416524  -  ResidentSetSize of job (KB)
...
006 (005.2011.000) 05/06 09:30:25 Image size of job updated: 3062240
	2385  -  MemoryUsage of job (MB)
	2441340  -  ResidentSetSize of job (KB)
...
006 (005.2011.000) 05/06 09:30:30 Image size of job updated: 3072480
	2412  -  MemoryUsage of job (MB)
	2469720  -  ResidentSetSize of job (KB)
...
006 (005.2011.000) 05/06 09:30:35 Image size of job updated: 3072480
	2440  -  MemoryUsage of job (MB)
	2497572  -  ResidentSetSize of job (KB)
...
006 (005.2011.000) 05/06 09:30:40 Image size of job updated: 3147232
	2468  -  MemoryUsage of job (MB)
	2526876  -  ResidentSetSize of job (KB)
...
006 (005.2011.000) 05/06 09:30:45 Image size of job updated: 3178976
	2493  -  MemoryUsage of job (MB)
	2552748  -  ResidentSetSize of job (KB)
...
006 (005.2011.000) 05/06 09:30:50 Image size of job updated: 3178976
	2515  -  MemoryUsage of job (MB)
	2575056  -  ResidentSetSize of job (KB)
...
006 (005.2011.000) 05/06 09:30:55 Image size of job updated: 3231200
	2544  -  MemoryUsage of job (MB)
	2604360  -  ResidentSetSize of job (KB)
...
006 (005.2011.000) 05/06 09:31:00 Image size of job updated: 3231200
	2566  -  MemoryUsage of job (MB)
	2626932  -  ResidentSetSize of job (KB)
...
006 (005.2011.000) 05/06 09:31:05 Image size of job updated: 3231200
	2593  -  MemoryUsage of job (MB)
	2654256  -  ResidentSetSize of job (KB)
...
006 (005.2011.000) 05/06 09:31:11 Image size of job updated: 3317216
	2629  -  MemoryUsage of job (MB)
	2691216  -  ResidentSetSize of job (KB)
...
006 (005.2011.000) 05/06 09:31:17 Image size of job updated: 3317216
	2661  -  MemoryUsage of job (MB)
	2724216  -  ResidentSetSize of job (KB)
...
006 (005.2011.000) 05/06 09:31:23 Image size of job updated: 3380704
	2692  -  MemoryUsage of job (MB)
	2756424  -  ResidentSetSize of job (KB)
...
006 (005.2011.000) 05/06 09:31:29 Image size of job updated: 3395040
	2722  -  MemoryUsage of job (MB)
	2786388  -  ResidentSetSize of job (KB)
...
006 (005.2011.000) 05/06 09:31:35 Image size of job updated: 3395040
	2751  -  MemoryUsage of job (MB)
	2816088  -  ResidentSetSize of job (KB)
...
006 (005.2011.000) 05/06 09:31:41 Image size of job updated: 3472864
	2781  -  MemoryUsage of job (MB)
	2846844  -  ResidentSetSize of job (KB)
...
006 (005.2011.000) 05/06 09:31:47 Image size of job updated: 3483104
	2815  -  MemoryUsage of job (MB)
	2881956  -  ResidentSetSize of job (KB)
...
006 (005.2011.000) 05/06 09:31:53 Image size of job updated: 3483104
	2854  -  MemoryUsage of job (MB)
	2922480  -  ResidentSetSize of job (KB)
...
006 (005.2011.000) 05/06 09:31:59 Image size of job updated: 3483104
	2888  -  MemoryUsage of job (MB)
	2956668  -  ResidentSetSize of job (KB)
...
006 (005.2011.000) 05/06 09:32:05 Image size of job updated: 3585504
	2921  -  MemoryUsage of job (MB)
	2990724  -  ResidentSetSize of job (KB)
...
006 (005.2011.000) 05/06 09:32:11 Image size of job updated: 3585504
	2956  -  MemoryUsage of job (MB)
	3026100  -  ResidentSetSize of job (KB)
...
006 (005.2011.000) 05/06 09:32:17 Image size of job updated: 3678688
	2988  -  MemoryUsage of job (MB)
	3059628  -  ResidentSetSize of job (KB)
...
006 (005.2011.000) 05/06 09:32:23 Image size of job updated: 3697120
	3021  -  MemoryUsage of job (MB)
	3092496  -  ResidentSetSize of job (KB)
...
006 (005.2011.000) 05/06 09:32:29 Image size of job updated: 3724768
	3053  -  MemoryUsage of job (MB)
	3125892  -  ResidentSetSize of job (KB)
...
006 (005.2011.000) 05/06 09:32:35 Image size of job updated: 3760608
	3085  -  MemoryUsage of job (MB)
	3158760  -  ResidentSetSize of job (KB)
...
006 (005.2011.000) 05/06 09:32:41 Image size of job updated: 3760608
	3121  -  MemoryUsage of job (MB)
	3195192  -  ResidentSetSize of job (KB)
...
006 (005.2011.000) 05/06 09:32:47 Image size of job updated: 3846624
	3156  -  MemoryUsage of job (MB)
	3230832  -  ResidentSetSize of job (KB)
...
006 (005.2011.000) 05/06 09:32:53 Image size of job updated: 3869152
	3189  -  MemoryUsage of job (MB)
	3265152  -  ResidentSetSize of job (KB)
...
006 (005.2011.000) 05/06 09:32:59 Image size of job updated: 3900896
	3217  -  MemoryUsage of job (MB)
	3293796  -  ResidentSetSize of job (KB)
...
006 (005.2011.000) 05/06 09:33:05 Image size of job updated: 3928544
	3250  -  MemoryUsage of job (MB)
	3327588  -  ResidentSetSize of job (KB)
...
006 (005.2011.000) 05/06 09:33:11 Image size of job updated: 3928544
	3287  -  MemoryUsage of job (MB)
	3365472  -  ResidentSetSize of job (KB)
...
006 (005.2011.000) 05/06 09:33:17 Image size of job updated: 4017632
	3323  -  MemoryUsage of job (MB)
	3402696  -  ResidentSetSize of job (KB)
...
006 (005.2011.000) 05/06 09:33:23 Image size of job updated: 4017632
	3359  -  MemoryUsage of job (MB)
	3438600  -  ResidentSetSize of job (KB)
...
006 (005.2011.000) 05/06 09:33:29 Image size of job updated: 4017632
	3386  -  MemoryUsage of job (MB)
	3466452  -  ResidentSetSize of job (KB)
...
006 (005.2011.000) 05/06 09:33:35 Image size of job updated: 4099552
	3418  -  MemoryUsage of job (MB)
	3499056  -  ResidentSetSize of job (KB)
...
006 (005.2011.000) 05/06 09:33:41 Image size of job updated: 4099552
	3446  -  MemoryUsage of job (MB)
	3528492  -  ResidentSetSize of job (KB)
...
006 (005.2011.000) 05/06 09:33:47 Image size of job updated: 4179424
	3482  -  MemoryUsage of job (MB)
	3564924  -  ResidentSetSize of job (KB)
...
006 (005.2011.000) 05/06 09:33:53 Image size of job updated: 4179424
	3512  -  MemoryUsage of job (MB)
	3595416  -  ResidentSetSize of job (KB)
...
006 (005.2011.000) 05/06 09:33:59 Image size of job updated: 4179424
	3546  -  MemoryUsage of job (MB)
	3630660  -  ResidentSetSize of job (KB)
...
006 (005.2011.000) 05/06 09:34:05 Image size of job updated: 4263392
	3575  -  MemoryUsage of job (MB)
	3660360  -  ResidentSetSize of job (KB)
...
006 (005.2011.000) 05/06 09:34:11 Image size of job updated: 4311520
	3609  -  MemoryUsage of job (MB)
	3695604  -  ResidentSetSize of job (KB)
...
006 (005.2011.000) 05/06 09:34:17 Image size of job updated: 4353504
	3641  -  MemoryUsage of job (MB)
	3727944  -  ResidentSetSize of job (KB)
...
006 (005.2011.000) 05/06 09:34:23 Image size of job updated: 4388320
	3678  -  MemoryUsage of job (MB)
	3766224  -  ResidentSetSize of job (KB)
...
006 (005.2011.000) 05/06 09:34:29 Image size of job updated: 4410848
	3715  -  MemoryUsage of job (MB)
	3803448  -  ResidentSetSize of job (KB)
...
006 (005.2011.000) 05/06 09:34:35 Image size of job updated: 4448736
	3747  -  MemoryUsage of job (MB)
	3836580  -  ResidentSetSize of job (KB)
...
006 (005.2011.000) 05/06 09:34:41 Image size of job updated: 4448736
	3784  -  MemoryUsage of job (MB)
	3874596  -  ResidentSetSize of job (KB)
...
006 (005.2011.000) 05/06 09:34:47 Image size of job updated: 4448736
	3817  -  MemoryUsage of job (MB)
	3907992  -  ResidentSetSize of job (KB)
...
006 (005.2011.000) 05/06 09:34:53 Image size of job updated: 4542944
	3848  -  MemoryUsage of job (MB)
	3939672  -  ResidentSetSize of job (KB)
...
006 (005.2011.000) 05/06 09:34:59 Image size of job updated: 4542944
	3883  -  MemoryUsage of job (MB)
	3975312  -  ResidentSetSize of job (KB)
...
006 (005.2011.000) 05/06 09:35:05 Image size of job updated: 4641248
	3927  -  MemoryUsage of job (MB)
	4021116  -  ResidentSetSize of job (KB)
...
006 (005.2011.000) 05/06 09:35:11 Image size of job updated: 4641248
	3971  -  MemoryUsage of job (MB)
	4066260  -  ResidentSetSize of job (KB)
...
006 (005.2011.000) 05/06 09:35:17 Image size of job updated: 4641248
	4014  -  MemoryUsage of job (MB)
	4110216  -  ResidentSetSize of job (KB)
...
006 (005.2011.000) 05/06 09:35:23 Image size of job updated: 4787680
	4058  -  MemoryUsage of job (MB)
	4154964  -  ResidentSetSize of job (KB)
...
006 (005.2011.000) 05/06 09:35:29 Image size of job updated: 4787680
	4101  -  MemoryUsage of job (MB)
	4198920  -  ResidentSetSize of job (KB)
...
006 (005.2011.000) 05/06 09:35:35 Image size of job updated: 4870624
	4142  -  MemoryUsage of job (MB)
	4241292  -  ResidentSetSize of job (KB)
...
006 (005.2011.000) 05/06 09:35:41 Image size of job updated: 4870624
	4182  -  MemoryUsage of job (MB)
	4281816  -  ResidentSetSize of job (KB)
...
006 (005.2011.000) 05/06 09:35:47 Image size of job updated: 4870624
	4214  -  MemoryUsage of job (MB)
	4314816  -  ResidentSetSize of job (KB)
...
006 (005.2011.000) 05/06 09:35:53 Image size of job updated: 4958688
	4251  -  MemoryUsage of job (MB)
	4352832  -  ResidentSetSize of job (KB)
...
006 (005.2011.000) 05/06 09:35:59 Image size of job updated: 5006816
	4297  -  MemoryUsage of job (MB)
	4399692  -  ResidentSetSize of job (KB)
...
006 (005.2011.000) 05/06 09:36:05 Image size of job updated: 5065184
	4334  -  MemoryUsage of job (MB)
	4437048  -  ResidentSetSize of job (KB)
...
006 (005.2011.000) 05/06 09:36:11 Image size of job updated: 5082592
	4377  -  MemoryUsage of job (MB)
	4481928  -  ResidentSetSize of job (KB)
...
006 (005.2011.000) 05/06 09:36:17 Image size of job updated: 5140960
	4417  -  MemoryUsage of job (MB)
	4522848  -  ResidentSetSize of job (KB)
...
006 (005.2011.000) 05/06 09:36:23 Image size of job updated: 5171680
	4461  -  MemoryUsage of job (MB)
	4567992  -  ResidentSetSize of job (KB)
...
006 (005.2011.000) 05/06 09:36:29 Image size of job updated: 5171680
	4499  -  MemoryUsage of job (MB)
	4606404  -  ResidentSetSize of job (KB)
...
006 (005.2011.000) 05/06 09:36:35 Image size of job updated: 5264864
	4531  -  MemoryUsage of job (MB)
	4639272  -  ResidentSetSize of job (KB)
...
006 (005.2011.000) 05/06 09:36:41 Image size of job updated: 5296608
	4603  -  MemoryUsage of job (MB)
	4712664  -  ResidentSetSize of job (KB)
...
006 (005.2011.000) 05/06 09:36:47 Image size of job updated: 5515744
	4771  -  MemoryUsage of job (MB)
	4885452  -  ResidentSetSize of job (KB)
...
005 (005.2011.000) 05/06 09:36:52 Job terminated.
	(1) Normal termination (return value 0)
		Usr 0 00:25:42, Sys 0 00:00:04  -  Run Remote Usage
		Usr 0 00:00:00, Sys 0 00:00:00  -  Run Local Usage
		Usr 0 00:25:42, Sys 0 00:00:04  -  Total Remote Usage
		Usr 0 00:00:00, Sys 0 00:00:00  -  Total Local Usage
	0  -  Run Bytes Sent By Job
	0  -  Run Bytes Received By Job
	0  -  Total Bytes Sent By Job
	0  -  Total Bytes Received By Job
	Partitionable Resources :      Usage  Request Allocated 
	   Cpus                 :       1.00        1         1 
	   Disk (KB)            : 2000000     2000000   6275465 
	   Memory (MB)          :    4771        1954      2007 
...
