000 (005.8204.000) 05/05 20:25:16 Job submitted from host: <127.0.0.1:9618?addrs=127.0.0.1-9618&noUDP&sock=227_4816_4>
...
033 (005.8204.000) 05/06 14:17:46 Changing job attribute JobPrio from 0 to -10
...
009 (005.8204.000) 05/07 21:45:03 Job was aborted by the user.
	via condor_rm (by user aw868)
...
000 (011.1153.000) 05/08 17:21:23 Job submitted from host: <127.0.0.1:9618?addrs=127.0.0.1-9618&noUDP&sock=212_fe2a_4>
...
033 (011.1153.000) 05/08 20:41:37 Changing job attribute JobPrio from 0 to -5
...
001 (011.1153.000) 05/09 01:38:52 Job executing on host: <127.0.0.1:9618?addrs=127.0.0.1-9618&noUDP&sock=212_fe2a_5>
...
006 (011.1153.000) 05/09 01:38:58 Image size of job updated: 2000000
	101  -  MemoryUsage of job (MB)
	102960  -  ResidentSetSize of job (KB)
...
006 (011.1153.000) 05/09 01:40:40 Image size of job updated: 2000000
	145  -  MemoryUsage of job (MB)
	147576  -  ResidentSetSize of job (KB)
...
006 (011.1153.000) 05/09 01:40:46 Image size of job updated: 2000000
	184  -  MemoryUsage of job (MB)
	187968  -  ResidentSetSize of job (KB)
...
006 (011.1153.000) 05/09 01:40:52 Image size of job updated: 2000000
	185  -  MemoryUsage of job (MB)
	188496  -  ResidentSetSize of job (KB)
...
006 (011.1153.000) 05/09 01:40:58 Image size of job updated: 2000000
	196  -  MemoryUsage of job (MB)
	200112  -  ResidentSetSize of job (KB)
...
006 (011.1153.000) 05/09 01:41:04 Image size of job updated: 2000000
	208  -  MemoryUsage of job (MB)
	212388  -  ResidentSetSize of job (KB)
...
006 (011.1153.000) 05/09 01:41:10 Image size of job updated: 2000000
	218  -  MemoryUsage of job (MB)
	222288  -  ResidentSetSize of job (KB)
...
006 (011.1153.000) 05/09 01:41:16 Image size of job updated: 2000000
	230  -  MemoryUsage of job (MB)
	234960  -  ResidentSetSize of job (KB)
...
006 (011.1153.000) 05/09 01:41:22 Image size of job updated: 2000000
	239  -  MemoryUsage of job (MB)
	243936  -  ResidentSetSize of job (KB)
...
006 (011.1153.000) 05/09 01:41:28 Image size of job updated: 2000000
	261  -  MemoryUsage of job (MB)
	266508  -  ResidentSetSize of job (KB)
...
006 (011.1153.000) 05/09 01:41:34 Image size of job updated: 2000000
	298  -  MemoryUsage of job (MB)
	304656  -  ResidentSetSize of job (KB)
...
006 (011.1153.000) 05/09 01:41:40 Image size of job updated: 2000000
	329  -  MemoryUsage of job (MB)
	336072  -  ResidentSetSize of job (KB)
...
006 (011.1153.000) 05/09 01:41:46 Image size of job updated: 2000000
	380  -  MemoryUsage of job (MB)
	388476  -  ResidentSetSize of job (KB)
...
006 (011.1153.000) 05/09 01:41:52 Image size of job updated: 2000000
	452  -  MemoryUsage of job (MB)
	462000  -  ResidentSetSize of job (KB)
...
006 (011.1153.000) 05/09 01:41:58 Image size of job updated: 2000000
	1171  -  MemoryUsage of job (MB)
	1198164  -  ResidentSetSize of job (KB)
...
006 (011.1153.000) 05/09 01:56:01 Image size of job updated: 2000000
	1173  -  MemoryUsage of job (MB)
	1200144  -  ResidentSetSize of job (KB)
...
006 (011.1153.000) 05/09 01:56:06 Image size of job updated: 2000000
	1220  -  MemoryUsage of job (MB)
	1248852  -  ResidentSetSize of job (KB)
...
006 (011.1153.000) 05/09 01:56:11 Image size of job updated: 2000000
	1545  -  MemoryUsage of job (MB)
	1581624  -  ResidentSetSize of job (KB)
...
006 (011.1153.000) 05/09 01:56:16 Image size of job updated: 2270664
	1665  -  MemoryUsage of job (MB)
	1704912  -  ResidentSetSize of job (KB)
...
006 (011.1153.000) 05/09 01:56:21 Image size of job updated: 2270664
	1926  -  MemoryUsage of job (MB)
	1971420  -  ResidentSetSize of job (KB)
...
006 (011.1153.000) 05/09 01:56:31 Image size of job updated: 2635232
	1966  -  MemoryUsage of job (MB)
	2012208  -  ResidentSetSize of job (KB)
...
006 (011.1153.000) 05/09 01:56:36 Image size of job updated: 2635232
	1998  -  MemoryUsage of job (MB)
	2045076  -  ResidentSetSize of job (KB)
...
006 (011.1153.000) 05/09 01:56:41 Image size of job updated: 2635232
	2027  -  MemoryUsage of job (MB)
	2075040  -  ResidentSetSize of job (KB)
...
006 (011.1153.000) 05/09 01:56:46 Image size of job updated: 2728416
	2057  -  MemoryUsage of job (MB)
	2105796  -  ResidentSetSize of job (KB)
...
006 (011.1153.000) 05/09 01:56:51 Image size of job updated: 2752992
	2087  -  MemoryUsage of job (MB)
	2136684  -  ResidentSetSize of job (KB)
...
006 (011.1153.000) 05/09 01:56:56 Image size of job updated: 2776544
	2116  -  MemoryUsage of job (MB)
	2165988  -  ResidentSetSize of job (KB)
...
006 (011.1153.000) 05/09 01:57:01 Image size of job updated: 2817504
	2142  -  MemoryUsage of job (MB)
	2192916  -  ResidentSetSize of job (KB)
...
006 (011.1153.000) 05/09 01:57:06 Image size of job updated: 2817504
	2165  -  MemoryUsage of job (MB)
	2216544  -  ResidentSetSize of job (KB)
...
006 (011.1153.000) 05/09 01:57:11 Image size of job updated: 2817504
	2194  -  MemoryUsage of job (MB)
	2245848  -  ResidentSetSize of job (KB)
...
006 (011.1153.000) 05/09 01:57:16 Image size of job updated: 2901472
	2219  -  MemoryUsage of job (MB)
	2272116  -  ResidentSetSize of job (KB)
...
006 (011.1153.000) 05/09 01:57:21 Image size of job updated: 2901472
	2245  -  MemoryUsage of job (MB)
	2298384  -  ResidentSetSize of job (KB)
...
006 (011.1153.000) 05/09 01:57:26 Image size of job updated: 2901472
	2268  -  MemoryUsage of job (MB)
	2322276  -  ResidentSetSize of job (KB)
...
006 (011.1153.000) 05/09 01:57:31 Image size of job updated: 2980320
	2297  -  MemoryUsage of job (MB)
	2351580  -  ResidentSetSize of job (KB)
...
006 (011.1153.000) 05/09 01:57:36 Image size of job updated: 2980320
	2322  -  MemoryUsage of job (MB)
	2377452  -  ResidentSetSize of job (KB)
...
006 (011.1153.000) 05/09 01:57:41 Image size of job updated: 2980320
	2347  -  MemoryUsage of job (MB)
	2402796  -  ResidentSetSize of job (KB)
...
006 (011.1153.000) 05/09 01:57:46 Image size of job updated: 3059168
	2374  -  MemoryUsage of job (MB)
	2430648  -  ResidentSetSize of job (KB)
...
006 (011.1153.000) 05/09 01:57:51 Image size of job updated: 3059168
	2399  -  MemoryUsage of job (MB)
	2455860  -  ResidentSetSize of job (KB)
...
006 (011.1153.000) 05/09 01:57:56 Image size of job updated: 3059168
	2423  -  MemoryUsage of job (MB)
	2481072  -  ResidentSetSize of job (KB)
...
006 (011.1153.000) 05/09 01:58:01 Image size of job updated: 3133920
	2447  -  MemoryUsage of job (MB)
	2505492  -  ResidentSetSize of job (KB)
...
006 (011.1153.000) 05/09 01:58:06 Image size of job updated: 3159520
	2472  -  MemoryUsage of job (MB)
	2530440  -  ResidentSetSize of job (KB)
...
006 (011.1153.000) 05/09 01:58:11 Image size of job updated: 3177952
	2497  -  MemoryUsage of job (MB)
	2556444  -  ResidentSetSize of job (KB)
...
006 (011.1153.000) 05/09 01:58:16 Image size of job updated: 3210720
	2525  -  MemoryUsage of job (MB)
	2585220  -  ResidentSetSize of job (KB)
...
006 (011.1153.000) 05/09 01:58:21 Image size of job updated: 3210720
	2552  -  MemoryUsage of job (MB)
	2613204  -  ResidentSetSize of job (KB)
...
006 (011.1153.000) 05/09 01:58:26 Image size of job updated: 3210720
	2579  -  MemoryUsage of job (MB)
	2640132  -  ResidentSetSize of job (KB)
...
006 (011.1153.000) 05/09 01:58:31 Image size of job updated: 3293664
	2606  -  MemoryUsage of job (MB)
	2668116  -  ResidentSetSize of job (KB)
...
006 (011.1153.000) 05/09 01:58:36 Image size of job updated: 3293664
	2630  -  MemoryUsage of job (MB)
	2692668  -  ResidentSetSize of job (KB)
...
006 (011.1153.000) 05/09 01:58:41 Image size of job updated: 3343840
	2654  -  MemoryUsage of job (MB)
	2717220  -  ResidentSetSize of job (KB)
...
006 (011.1153.000) 05/09 01:58:46 Image size of job updated: 3368416
	2678  -  MemoryUsage of job (MB)
	2741904  -  ResidentSetSize of job (KB)
...
006 (011.1153.000) 05/09 01:58:51 Image size of job updated: 3389920
	2703  -  MemoryUsage of job (MB)
	2767248  -  ResidentSetSize of job (KB)
...
006 (011.1153.000) 05/09 01:58:56 Image size of job updated: 3389920
	2729  -  MemoryUsage of job (MB)
	2793780  -  ResidentSetSize of job (KB)
...
006 (011.1153.000) 05/09 01:59:01 Image size of job updated: 3389920
	2753  -  MemoryUsage of job (MB)
	2818728  -  ResidentSetSize of job (KB)
...
006 (011.1153.000) 05/09 01:59:06 Image size of job updated: 3453408
	2780  -  MemoryUsage of job (MB)
	2845920  -  ResidentSetSize of job (KB)
...
006 (011.1153.000) 05/09 01:59:11 Image size of job updated: 3497440
	2807  -  MemoryUsage of job (MB)
	2873508  -  ResidentSetSize of job (KB)
...
006 (011.1153.000) 05/09 01:59:16 Image size of job updated: 3497440
	2830  -  MemoryUsage of job (MB)
	2897796  -  ResidentSetSize of job (KB)
...
006 (011.1153.000) 05/09 01:59:21 Image size of job updated: 3534304
	2858  -  MemoryUsage of job (MB)
	2925912  -  ResidentSetSize of job (KB)
...
006 (011.1153.000) 05/09 01:59:26 Image size of job updated: 3534304
	2886  -  MemoryUsage of job (MB)
	2954952  -  ResidentSetSize of job (KB)
...
006 (011.1153.000) 05/09 01:59:32 Image size of job updated: 3605984
	2914  -  MemoryUsage of job (MB)
	2983860  -  ResidentSetSize of job (KB)
...
006 (011.1153.000) 05/09 01:59:38 Image size of job updated: 3631584
	2946  -  MemoryUsage of job (MB)
	3015936  -  ResidentSetSize of job (KB)
...
006 (011.1153.000) 05/09 01:59:44 Image size of job updated: 3644896
	2976  -  MemoryUsage of job (MB)
	3046824  -  ResidentSetSize of job (KB)
...
006 (011.1153.000) 05/09 01:59:50 Image size of job updated: 3695072
	3007  -  MemoryUsage of job (MB)
	3079164  -  ResidentSetSize of job (KB)
...
006 (011.1153.000) 05/09 01:59:56 Image size of job updated: 3695072
	3041  -  MemoryUsage of job (MB)
	3113748  -  ResidentSetSize of job (KB)
...
006 (011.1153.000) 05/09 02:00:02 Image size of job updated: 3695072
	3071  -  MemoryUsage of job (MB)
	3144636  -  ResidentSetSize of job (KB)
...
006 (011.1153.000) 05/09 02:00:08 Image size of job updated: 3776992
	3102  -  MemoryUsage of job (MB)
	3175524  -  ResidentSetSize of job (KB)
...
006 (011.1153.000) 05/09 02:00:14 Image size of job updated: 3827168
	3130  -  MemoryUsage of job (MB)
	3204696  -  ResidentSetSize of job (KB)
...
006 (011.1153.000) 05/09 02:00:20 Image size of job updated: 3852768
	3160  -  MemoryUsage of job (MB)
	3235320  -  ResidentSetSize of job (KB)
...
006 (011.1153.000) 05/09 02:00:26 Image size of job updated: 3852768
	3192  -  MemoryUsage of job (MB)
	3267660  -  ResidentSetSize of job (KB)
...
006 (011.1153.000) 05/09 02:00:32 Image size of job updated: 3922400
	3222  -  MemoryUsage of job (MB)
	3298416  -  ResidentSetSize of job (KB)
...
006 (011.1153.000) 05/09 02:00:38 Image size of job updated: 3931616
	3252  -  MemoryUsage of job (MB)
	3329172  -  ResidentSetSize of job (KB)
...
006 (011.1153.000) 05/09 02:00:44 Image size of job updated: 3931616
	3285  -  MemoryUsage of job (MB)
	3362964  -  ResidentSetSize of job (KB)
...
006 (011.1153.000) 05/09 02:00:50 Image size of job updated: 4009440
	3314  -  MemoryUsage of job (MB)
	3392532  -  ResidentSetSize of job (KB)
...
006 (011.1153.000) 05/09 02:00:56 Image size of job updated: 4009440
	3345  -  MemoryUsage of job (MB)
	3424344  -  ResidentSetSize of job (KB)
...
006 (011.1153.000) 05/09 02:01:02 Image size of job updated: 4080096
	3375  -  MemoryUsage of job (MB)
	3455496  -  ResidentSetSize of job (KB)
...
006 (011.1153.000) 05/09 02:01:08 Image size of job updated: 4086240
	3405  -  MemoryUsage of job (MB)
	3486516  -  ResidentSetSize of job (KB)
...
006 (011.1153.000) 05/09 02:01:14 Image size of job updated: 4133344
	3439  -  MemoryUsage of job (MB)
	3521496  -  ResidentSetSize of job (KB)
...
006 (011.1153.000) 05/09 02:01:20 Image size of job updated: 4171232
	3475  -  MemoryUsage of job (MB)
	3557664  -  ResidentSetSize of job (KB)
...
006 (011.1153.000) 05/09 02:01:26 Image size of job updated: 4206048
	3521  -  MemoryUsage of job (MB)
	3605316  -  ResidentSetSize of job (KB)
...
006 (011.1153.000) 05/09 02:01:32 Image size of job updated: 4242912
	3563  -  MemoryUsage of job (MB)
	3647952  -  ResidentSetSize of job (KB)
...
006 (011.1153.000) 05/09 02:01:38 Image size of job updated: 4280800
	3607  -  MemoryUsage of job (MB)
	3693360  -  ResidentSetSize of job (KB)
...
006 (011.1153.000) 05/09 02:01:44 Image size of job updated: 4280800
	3649  -  MemoryUsage of job (MB)
	3736392  -  ResidentSetSize of job (KB)
...
006 (011.1153.000) 05/09 02:01:50 Image size of job updated: 4404704
	3694  -  MemoryUsage of job (MB)
	3782592  -  ResidentSetSize of job (KB)
...
006 (011.1153.000) 05/09 02:01:56 Image size of job updated: 4436448
	3738  -  MemoryUsage of job (MB)
	3827340  -  ResidentSetSize of job (KB)
...
006 (011.1153.000) 05/09 02:02:02 Image size of job updated: 4500960
	3779  -  MemoryUsage of job (MB)
	3869184  -  ResidentSetSize of job (KB)
...
006 (011.1153.000) 05/09 02:02:08 Image size of job updated: 4514272
	3826  -  MemoryUsage of job (MB)
	3917496  -  ResidentSetSize of job (KB)
...
006 (011.1153.000) 05/09 02:02:14 Image size of job updated: 4514272
	3870  -  MemoryUsage of job (MB)
	3962772  -  ResidentSetSize of job (KB)
...
006 (011.1153.000) 05/09 02:02:21 Image size of job updated: 4624864
	3907  -  MemoryUsage of job (MB)
	4000128  -  ResidentSetSize of job (KB)
...
006 (011.1153.000) 05/09 02:02:26 Image size of job updated: 4624864
	3936  -  MemoryUsage of job (MB)
	4030356  -  ResidentSetSize of job (KB)
...
006 (011.1153.000) 05/09 02:02:31 Image size of job updated: 4695520
	3978  -  MemoryUsage of job (MB)
	4073124  -  ResidentSetSize of job (KB)
...
006 (011.1153.000) 05/09 02:02:36 Image size of job updated: 4729312
	4013  -  MemoryUsage of job (MB)
	4108500  -  ResidentSetSize of job (KB)
...
006 (011.1153.000) 05/09 02:02:41 Image size of job updated: 4764128
	4053  -  MemoryUsage of job (MB)
	4149816  -  ResidentSetSize of job (KB)
...
006 (011.1153.000) 05/09 02:02:46 Image size of job updated: 4764128
	4092  -  MemoryUsage of job (MB)
	4189944  -  ResidentSetSize of job (KB)
...
006 (011.1153.000) 05/09 02:02:51 Image size of job updated: 4845024
	4127  -  MemoryUsage of job (MB)
	4225584  -  ResidentSetSize of job (KB)
...
006 (011.1153.000) 05/09 02:02:56 Image size of job updated: 4845024
	4158  -  MemoryUsage of job (MB)
	4256868  -  ResidentSetSize of job (KB)
...
006 (011.1153.000) 05/09 02:03:01 Image size of job updated: 4845024
	4183  -  MemoryUsage of job (MB)
	4282872  -  ResidentSetSize of job (KB)
...
006 (011.1153.000) 05/09 02:03:06 Image size of job updated: 4936160
	4212  -  MemoryUsage of job (MB)
	4312176  -  ResidentSetSize of job (KB)
...
006 (011.1153.000) 05/09 02:03:11 Image size of job updated: 4936160
	4238  -  MemoryUsage of job (MB)
	4339632  -  ResidentSetSize of job (KB)
...
006 (011.1153.000) 05/09 02:03:16 Image size of job updated: 4936160
	4265  -  MemoryUsage of job (MB)
	4367220  -  ResidentSetSize of job (KB)
...
006 (011.1153.000) 05/09 02:03:21 Image size of job updated: 5023200
	4293  -  MemoryUsage of job (MB)
	4395336  -  ResidentSetSize of job (KB)
...
006 (011.1153.000) 05/09 02:03:26 Image size of job updated: 5023200
	4323  -  MemoryUsage of job (MB)
	4425828  -  ResidentSetSize of job (KB)
...
006 (011.1153.000) 05/09 02:03:31 Image size of job updated: 5023200
	4359  -  MemoryUsage of job (MB)
	4463580  -  ResidentSetSize of job (KB)
...
006 (011.1153.000) 05/09 02:03:36 Image size of job updated: 5117408
	4385  -  MemoryUsage of job (MB)
	4489716  -  ResidentSetSize of job (KB)
...
006 (011.1153.000) 05/09 02:03:41 Image size of job updated: 5133792
	4418  -  MemoryUsage of job (MB)
	4523772  -  ResidentSetSize of job (KB)
...
006 (011.1153.000) 05/09 02:03:46 Image size of job updated: 5133792
	4452  -  MemoryUsage of job (MB)
	4558488  -  ResidentSetSize of job (KB)
...
006 (011.1153.000) 05/09 02:03:51 Image size of job updated: 5219808
	4486  -  MemoryUsage of job (MB)
	4593336  -  ResidentSetSize of job (KB)
...
006 (011.1153.000) 05/09 02:03:56 Image size of job updated: 5219808
	4516  -  MemoryUsage of job (MB)
	4624356  -  ResidentSetSize of job (KB)
...
006 (011.1153.000) 05/09 02:04:01 Image size of job updated: 5276128
	4542  -  MemoryUsage of job (MB)
	4650888  -  ResidentSetSize of job (KB)
...
006 (011.1153.000) 05/09 02:04:06 Image size of job updated: 5312992
	4576  -  MemoryUsage of job (MB)
	4685604  -  ResidentSetSize of job (KB)
...
006 (011.1153.000) 05/09 02:04:11 Image size of job updated: 5329376
	4724  -  MemoryUsage of job (MB)
	4836612  -  ResidentSetSize of job (KB)
...
006 (011.1153.000) 05/09 02:04:16 Image size of job updated: 5329376
	4811  -  MemoryUsage of job (MB)
	4925844  -  ResidentSetSize of job (KB)
...
005 (011.1153.000) 05/09 02:04:23 Job terminated.
	(1) Normal termination (return value 0)
		Usr 0 00:23:41, Sys 0 00:00:04  -  Run Remote Usage
		Usr 0 00:00:00, Sys 0 00:00:00  -  Run Local Usage
		Usr 0 00:23:41, Sys 0 00:00:04  -  Total Remote Usage
		Usr 0 00:00:00, Sys 0 00:00:00  -  Total Local Usage
	0  -  Run Bytes Sent By Job
	0  -  Run Bytes Received By Job
	0  -  Total Bytes Sent By Job
	0  -  Total Bytes Received By Job
	Partitionable Resources :      Usage  Request Allocated 
	   Cpus                 :       1.00        1         1 
	   Disk (KB)            : 2000000     2000000   6232219 
	   Memory (MB)          :    4811        1954      2007 
...
