000 (205.8099.000) 05/06 03:21:34 Job submitted from host: <127.0.0.1:9618?addrs=127.0.0.1-9618&noUDP&sock=222_da1d_4>
...
033 (205.8099.000) 05/06 14:24:01 Changing job attribute JobPrio from 0 to -5
...
000 (007.8099.000) 05/07 19:00:56 Job submitted from host: <127.0.0.1:9618?addrs=127.0.0.1-9618&noUDP&sock=215_0cf3_4>
...
000 (016.8099.000) 05/08 15:57:58 Job submitted from host: <127.0.0.1:9618?addrs=127.0.0.1-9618&noUDP&sock=227_4816_4>
...
009 (016.8099.000) 05/09 16:56:01 Job was aborted by the user.
	via condor_rm (by user aw868)
...
000 (014.938.000) 05/09 17:30:02 Job submitted from host: <127.0.0.1:9618?addrs=127.0.0.1-9618&noUDP&sock=212_fe2a_4>
...
033 (014.938.000) 05/09 17:34:04 Changing job attribute JobPrio from 0 to -10
...
033 (014.938.000) 05/09 21:36:18 Changing job attribute JobPrio from -10 to -15
...
001 (014.938.000) 05/10 02:59:50 Job executing on host: <127.0.0.1:9618?addrs=127.0.0.1-9618&noUDP&sock=212_fe2a_5>
...
006 (014.938.000) 05/10 02:59:55 Image size of job updated: 2000000
	115  -  MemoryUsage of job (MB)
	117084  -  ResidentSetSize of job (KB)
...
006 (014.938.000) 05/10 03:00:20 Image size of job updated: 2000000
	116  -  MemoryUsage of job (MB)
	118404  -  ResidentSetSize of job (KB)
...
006 (014.938.000) 05/10 03:00:25 Image size of job updated: 2000000
	165  -  MemoryUsage of job (MB)
	168564  -  ResidentSetSize of job (KB)
...
006 (014.938.000) 05/10 03:00:30 Image size of job updated: 2000000
	209  -  MemoryUsage of job (MB)
	213444  -  ResidentSetSize of job (KB)
...
006 (014.938.000) 05/10 03:00:36 Image size of job updated: 2000000
	210  -  MemoryUsage of job (MB)
	214368  -  ResidentSetSize of job (KB)
...
006 (014.938.000) 05/10 03:00:42 Image size of job updated: 2000000
	219  -  MemoryUsage of job (MB)
	223608  -  ResidentSetSize of job (KB)
...
006 (014.938.000) 05/10 03:00:48 Image size of job updated: 2000000
	235  -  MemoryUsage of job (MB)
	239844  -  ResidentSetSize of job (KB)
...
006 (014.938.000) 05/10 03:00:54 Image size of job updated: 2000000
	247  -  MemoryUsage of job (MB)
	251988  -  ResidentSetSize of job (KB)
...
006 (014.938.000) 05/10 03:01:00 Image size of job updated: 2000000
	256  -  MemoryUsage of job (MB)
	261492  -  ResidentSetSize of job (KB)
...
006 (014.938.000) 05/10 03:01:06 Image size of job updated: 2000000
	268  -  MemoryUsage of job (MB)
	274164  -  ResidentSetSize of job (KB)
...
006 (014.938.000) 05/10 03:01:12 Image size of job updated: 2000000
	278  -  MemoryUsage of job (MB)
	284328  -  ResidentSetSize of job (KB)
...
006 (014.938.000) 05/10 03:01:18 Image size of job updated: 2000000
	317  -  MemoryUsage of job (MB)
	323928  -  ResidentSetSize of job (KB)
...
006 (014.938.000) 05/10 03:01:24 Image size of job updated: 2000000
	365  -  MemoryUsage of job (MB)
	373692  -  ResidentSetSize of job (KB)
...
006 (014.938.000) 05/10 03:01:30 Image size of job updated: 2000000
	377  -  MemoryUsage of job (MB)
	385968  -  ResidentSetSize of job (KB)
...
006 (014.938.000) 05/10 03:01:36 Image size of job updated: 2000000
	421  -  MemoryUsage of job (MB)
	430980  -  ResidentSetSize of job (KB)
...
006 (014.938.000) 05/10 03:01:46 Image size of job updated: 2000000
	488  -  MemoryUsage of job (MB)
	499224  -  ResidentSetSize of job (KB)
...
006 (014.938.000) 05/10 03:01:51 Image size of job updated: 2000000
	543  -  MemoryUsage of job (MB)
	555324  -  ResidentSetSize of job (KB)
...
006 (014.938.000) 05/10 03:01:56 Image size of job updated: 2000000
	1239  -  MemoryUsage of job (MB)
	1267860  -  ResidentSetSize of job (KB)
...
006 (014.938.000) 05/10 03:20:25 Image size of job updated: 2370004
	1575  -  MemoryUsage of job (MB)
	1612776  -  ResidentSetSize of job (KB)
...
006 (014.938.000) 05/10 03:20:30 Image size of job updated: 2370004
	1770  -  MemoryUsage of job (MB)
	1812228  -  ResidentSetSize of job (KB)
...
006 (014.938.000) 05/10 03:20:36 Image size of job updated: 2370004
	1952  -  MemoryUsage of job (MB)
	1998612  -  ResidentSetSize of job (KB)
...
006 (014.938.000) 05/10 03:20:42 Image size of job updated: 2654956
	1961  -  MemoryUsage of job (MB)
	2007984  -  ResidentSetSize of job (KB)
...
006 (014.938.000) 05/10 03:20:48 Image size of job updated: 2654956
	2039  -  MemoryUsage of job (MB)
	2086920  -  ResidentSetSize of job (KB)
...
006 (014.938.000) 05/10 03:20:54 Image size of job updated: 2654956
	2146  -  MemoryUsage of job (MB)
	2197140  -  ResidentSetSize of job (KB)
...
006 (014.938.000) 05/10 03:21:00 Image size of job updated: 2878188
	2209  -  MemoryUsage of job (MB)
	2261424  -  ResidentSetSize of job (KB)
...
006 (014.938.000) 05/10 03:21:06 Image size of job updated: 2878188
	2255  -  MemoryUsage of job (MB)
	2308548  -  ResidentSetSize of job (KB)
...
006 (014.938.000) 05/10 03:21:12 Image size of job updated: 2996972
	2297  -  MemoryUsage of job (MB)
	2351844  -  ResidentSetSize of job (KB)
...
006 (014.938.000) 05/10 03:21:18 Image size of job updated: 2996972
	2336  -  MemoryUsage of job (MB)
	2391708  -  ResidentSetSize of job (KB)
...
006 (014.938.000) 05/10 03:21:24 Image size of job updated: 2996972
	2374  -  MemoryUsage of job (MB)
	2429988  -  ResidentSetSize of job (KB)
...
006 (014.938.000) 05/10 03:21:30 Image size of job updated: 3094252
	2411  -  MemoryUsage of job (MB)
	2468796  -  ResidentSetSize of job (KB)
...
006 (014.938.000) 05/10 03:21:36 Image size of job updated: 3094252
	2449  -  MemoryUsage of job (MB)
	2507604  -  ResidentSetSize of job (KB)
...
006 (014.938.000) 05/10 03:21:42 Image size of job updated: 3191532
	2488  -  MemoryUsage of job (MB)
	2547204  -  ResidentSetSize of job (KB)
...
006 (014.938.000) 05/10 03:21:48 Image size of job updated: 3191532
	2526  -  MemoryUsage of job (MB)
	2586408  -  ResidentSetSize of job (KB)
...
006 (014.938.000) 05/10 03:21:54 Image size of job updated: 3273452
	2565  -  MemoryUsage of job (MB)
	2626008  -  ResidentSetSize of job (KB)
...
006 (014.938.000) 05/10 03:22:00 Image size of job updated: 3289836
	2603  -  MemoryUsage of job (MB)
	2665080  -  ResidentSetSize of job (KB)
...
006 (014.938.000) 05/10 03:22:06 Image size of job updated: 3289836
	2643  -  MemoryUsage of job (MB)
	2706000  -  ResidentSetSize of job (KB)
...
006 (014.938.000) 05/10 03:22:12 Image size of job updated: 3389164
	2681  -  MemoryUsage of job (MB)
	2744808  -  ResidentSetSize of job (KB)
...
006 (014.938.000) 05/10 03:22:18 Image size of job updated: 3389164
	2720  -  MemoryUsage of job (MB)
	2784672  -  ResidentSetSize of job (KB)
...
006 (014.938.000) 05/10 03:22:24 Image size of job updated: 3389164
	2758  -  MemoryUsage of job (MB)
	2824008  -  ResidentSetSize of job (KB)
...
006 (014.938.000) 05/10 03:22:30 Image size of job updated: 3488492
	2798  -  MemoryUsage of job (MB)
	2864136  -  ResidentSetSize of job (KB)
...
006 (014.938.000) 05/10 03:22:36 Image size of job updated: 3537644
	2835  -  MemoryUsage of job (MB)
	2902944  -  ResidentSetSize of job (KB)
...
006 (014.938.000) 05/10 03:22:42 Image size of job updated: 3586796
	2874  -  MemoryUsage of job (MB)
	2942280  -  ResidentSetSize of job (KB)
...
006 (014.938.000) 05/10 03:22:48 Image size of job updated: 3586796
	2913  -  MemoryUsage of job (MB)
	2982276  -  ResidentSetSize of job (KB)
...
006 (014.938.000) 05/10 03:22:54 Image size of job updated: 3586796
	2951  -  MemoryUsage of job (MB)
	3021612  -  ResidentSetSize of job (KB)
...
006 (014.938.000) 05/10 03:23:00 Image size of job updated: 3684076
	2991  -  MemoryUsage of job (MB)
	3062136  -  ResidentSetSize of job (KB)
...
006 (014.938.000) 05/10 03:23:06 Image size of job updated: 3684076
	3033  -  MemoryUsage of job (MB)
	3105168  -  ResidentSetSize of job (KB)
...
006 (014.938.000) 05/10 03:23:12 Image size of job updated: 3785452
	3073  -  MemoryUsage of job (MB)
	3146352  -  ResidentSetSize of job (KB)
...
006 (014.938.000) 05/10 03:23:18 Image size of job updated: 3785452
	3112  -  MemoryUsage of job (MB)
	3186084  -  ResidentSetSize of job (KB)
...
006 (014.938.000) 05/10 03:23:24 Image size of job updated: 3785452
	3151  -  MemoryUsage of job (MB)
	3225948  -  ResidentSetSize of job (KB)
...
006 (014.938.000) 05/10 03:23:30 Image size of job updated: 3884780
	3192  -  MemoryUsage of job (MB)
	3267660  -  ResidentSetSize of job (KB)
...
006 (014.938.000) 05/10 03:23:36 Image size of job updated: 3884780
	3230  -  MemoryUsage of job (MB)
	3306732  -  ResidentSetSize of job (KB)
...
006 (014.938.000) 05/10 03:23:42 Image size of job updated: 3984108
	3267  -  MemoryUsage of job (MB)
	3344484  -  ResidentSetSize of job (KB)
...
006 (014.938.000) 05/10 03:23:48 Image size of job updated: 3984108
	3302  -  MemoryUsage of job (MB)
	3381048  -  ResidentSetSize of job (KB)
...
006 (014.938.000) 05/10 03:23:54 Image size of job updated: 3984108
	3337  -  MemoryUsage of job (MB)
	3416952  -  ResidentSetSize of job (KB)
...
006 (014.938.000) 05/10 03:24:00 Image size of job updated: 4074220
	3372  -  MemoryUsage of job (MB)
	3452724  -  ResidentSetSize of job (KB)
...
006 (014.938.000) 05/10 03:24:06 Image size of job updated: 4074220
	3398  -  MemoryUsage of job (MB)
	3479256  -  ResidentSetSize of job (KB)
...
006 (014.938.000) 05/10 03:24:12 Image size of job updated: 4165356
	3412  -  MemoryUsage of job (MB)
	3493380  -  ResidentSetSize of job (KB)
...
006 (014.938.000) 05/10 03:24:18 Image size of job updated: 4165356
	3447  -  MemoryUsage of job (MB)
	3529548  -  ResidentSetSize of job (KB)
...
006 (014.938.000) 05/10 03:24:24 Image size of job updated: 4165356
	3482  -  MemoryUsage of job (MB)
	3565452  -  ResidentSetSize of job (KB)
...
006 (014.938.000) 05/10 03:24:30 Image size of job updated: 4251372
	3496  -  MemoryUsage of job (MB)
	3579840  -  ResidentSetSize of job (KB)
...
006 (014.938.000) 05/10 03:24:42 Image size of job updated: 4345580
	3496  -  MemoryUsage of job (MB)
	3579840  -  ResidentSetSize of job (KB)
...
006 (014.938.000) 05/10 03:24:48 Image size of job updated: 4370156
	3496  -  MemoryUsage of job (MB)
	3579840  -  ResidentSetSize of job (KB)
...
006 (014.938.000) 05/10 03:24:54 Image size of job updated: 4370156
	3533  -  MemoryUsage of job (MB)
	3616932  -  ResidentSetSize of job (KB)
...
006 (014.938.000) 05/10 03:25:00 Image size of job updated: 4438764
	3570  -  MemoryUsage of job (MB)
	3655080  -  ResidentSetSize of job (KB)
...
006 (014.938.000) 05/10 03:25:06 Image size of job updated: 4493036
	3606  -  MemoryUsage of job (MB)
	3692040  -  ResidentSetSize of job (KB)
...
006 (014.938.000) 05/10 03:25:12 Image size of job updated: 4493036
	3640  -  MemoryUsage of job (MB)
	3727284  -  ResidentSetSize of job (KB)
...
006 (014.938.000) 05/10 03:25:18 Image size of job updated: 4552428
	3675  -  MemoryUsage of job (MB)
	3762660  -  ResidentSetSize of job (KB)
...
006 (014.938.000) 05/10 03:25:24 Image size of job updated: 4580076
	3710  -  MemoryUsage of job (MB)
	3798432  -  ResidentSetSize of job (KB)
...
006 (014.938.000) 05/10 03:25:30 Image size of job updated: 4632300
	3745  -  MemoryUsage of job (MB)
	3834336  -  ResidentSetSize of job (KB)
...
006 (014.938.000) 05/10 03:25:36 Image size of job updated: 4632300
	3781  -  MemoryUsage of job (MB)
	3870900  -  ResidentSetSize of job (KB)
...
006 (014.938.000) 05/10 03:25:43 Image size of job updated: 4632300
	3816  -  MemoryUsage of job (MB)
	3906936  -  ResidentSetSize of job (KB)
...
006 (014.938.000) 05/10 03:25:48 Image size of job updated: 4728556
	3845  -  MemoryUsage of job (MB)
	3936900  -  ResidentSetSize of job (KB)
...
006 (014.938.000) 05/10 03:25:53 Image size of job updated: 4728556
	3875  -  MemoryUsage of job (MB)
	3966996  -  ResidentSetSize of job (KB)
...
006 (014.938.000) 05/10 03:25:58 Image size of job updated: 4728556
	3905  -  MemoryUsage of job (MB)
	3998016  -  ResidentSetSize of job (KB)
...
006 (014.938.000) 05/10 03:26:03 Image size of job updated: 4820716
	3913  -  MemoryUsage of job (MB)
	4006860  -  ResidentSetSize of job (KB)
...
006 (014.938.000) 05/10 03:26:08 Image size of job updated: 4842220
	3924  -  MemoryUsage of job (MB)
	4017288  -  ResidentSetSize of job (KB)
...
006 (014.938.000) 05/10 03:26:13 Image size of job updated: 4879084
	3953  -  MemoryUsage of job (MB)
	4046988  -  ResidentSetSize of job (KB)
...
006 (014.938.000) 05/10 03:26:18 Image size of job updated: 4900588
	3982  -  MemoryUsage of job (MB)
	4077348  -  ResidentSetSize of job (KB)
...
006 (014.938.000) 05/10 03:26:23 Image size of job updated: 4900588
	4012  -  MemoryUsage of job (MB)
	4107972  -  ResidentSetSize of job (KB)
...
006 (014.938.000) 05/10 03:26:28 Image size of job updated: 4965100
	4042  -  MemoryUsage of job (MB)
	4138332  -  ResidentSetSize of job (KB)
...
006 (014.938.000) 05/10 03:26:33 Image size of job updated: 5006060
	4073  -  MemoryUsage of job (MB)
	4170012  -  ResidentSetSize of job (KB)
...
006 (014.938.000) 05/10 03:26:38 Image size of job updated: 5006060
	4103  -  MemoryUsage of job (MB)
	4201164  -  ResidentSetSize of job (KB)
...
006 (014.938.000) 05/10 03:26:43 Image size of job updated: 5006060
	4133  -  MemoryUsage of job (MB)
	4231920  -  ResidentSetSize of job (KB)
...
006 (014.938.000) 05/10 03:26:48 Image size of job updated: 5091052
	4162  -  MemoryUsage of job (MB)
	4261752  -  ResidentSetSize of job (KB)
...
006 (014.938.000) 05/10 03:26:53 Image size of job updated: 5128940
	4192  -  MemoryUsage of job (MB)
	4291980  -  ResidentSetSize of job (KB)
...
006 (014.938.000) 05/10 03:26:58 Image size of job updated: 5128940
	4221  -  MemoryUsage of job (MB)
	4322208  -  ResidentSetSize of job (KB)
...
006 (014.938.000) 05/10 03:27:03 Image size of job updated: 5180140
	4250  -  MemoryUsage of job (MB)
	4351512  -  ResidentSetSize of job (KB)
...
006 (014.938.000) 05/10 03:27:08 Image size of job updated: 5180140
	4279  -  MemoryUsage of job (MB)
	4380816  -  ResidentSetSize of job (KB)
...
006 (014.938.000) 05/10 03:27:13 Image size of job updated: 5235436
	4307  -  MemoryUsage of job (MB)
	4410252  -  ResidentSetSize of job (KB)
...
006 (014.938.000) 05/10 03:27:18 Image size of job updated: 5273324
	4451  -  MemoryUsage of job (MB)
	4557564  -  ResidentSetSize of job (KB)
...
006 (014.938.000) 05/10 03:27:23 Image size of job updated: 5273324
	4571  -  MemoryUsage of job (MB)
	4679796  -  ResidentSetSize of job (KB)
...
005 (014.938.000) 05/10 03:27:29 Job terminated.
	(1) Normal termination (return value 0)
		Usr 0 00:26:43, Sys 0 00:00:10  -  Run Remote Usage
		Usr 0 00:00:00, Sys 0 00:00:00  -  Run Local Usage
		Usr 0 00:26:43, Sys 0 00:00:10  -  Total Remote Usage
		Usr 0 00:00:00, Sys 0 00:00:00  -  Total Local Usage
	0  -  Run Bytes Sent By Job
	0  -  Run Bytes Received By Job
	0  -  Total Bytes Sent By Job
	0  -  Total Bytes Received By Job
	Partitionable Resources :      Usage  Request Allocated 
	   Cpus                 :       0.99        1         1 
	   Disk (KB)            : 2000000     2000000   6232219 
	   Memory (MB)          :    4571        1954      2007 
...
