000 (008.101.000) 05/06 14:19:34 Job submitted from host: <127.0.0.1:9618?addrs=127.0.0.1-9618&noUDP&sock=227_4816_4>
...
001 (008.101.000) 05/06 15:05:50 Job executing on host: <127.0.0.1:9618?addrs=127.0.0.1-9618&noUDP&sock=227_4816_5>
...
006 (008.101.000) 05/06 15:05:56 Image size of job updated: 2000000
	107  -  MemoryUsage of job (MB)
	109164  -  ResidentSetSize of job (KB)
...
006 (008.101.000) 05/06 15:06:32 Image size of job updated: 2000000
	172  -  MemoryUsage of job (MB)
	175692  -  ResidentSetSize of job (KB)
...
006 (008.101.000) 05/06 15:06:38 Image size of job updated: 2000000
	193  -  MemoryUsage of job (MB)
	196944  -  ResidentSetSize of job (KB)
...
006 (008.101.000) 05/06 15:06:44 Image size of job updated: 2000000
	197  -  MemoryUsage of job (MB)
	201564  -  ResidentSetSize of job (KB)
...
006 (008.101.000) 05/06 15:06:50 Image size of job updated: 2000000
	208  -  MemoryUsage of job (MB)
	212124  -  ResidentSetSize of job (KB)
...
006 (008.101.000) 05/06 15:06:56 Image size of job updated: 2000000
	222  -  MemoryUsage of job (MB)
	226908  -  ResidentSetSize of job (KB)
...
006 (008.101.000) 05/06 15:07:03 Image size of job updated: 2000000
	242  -  MemoryUsage of job (MB)
	247368  -  ResidentSetSize of job (KB)
...
006 (008.101.000) 05/06 15:07:13 Image size of job updated: 2000000
	243  -  MemoryUsage of job (MB)
	248292  -  ResidentSetSize of job (KB)
...
006 (008.101.000) 05/06 15:07:20 Image size of job updated: 2000000
	249  -  MemoryUsage of job (MB)
	254364  -  ResidentSetSize of job (KB)
...
006 (008.101.000) 05/06 15:07:26 Image size of job updated: 2000000
	287  -  MemoryUsage of job (MB)
	292908  -  ResidentSetSize of job (KB)
...
006 (008.101.000) 05/06 15:07:32 Image size of job updated: 2000000
	341  -  MemoryUsage of job (MB)
	349140  -  ResidentSetSize of job (KB)
...
006 (008.101.000) 05/06 15:07:38 Image size of job updated: 2000000
	369  -  MemoryUsage of job (MB)
	376992  -  ResidentSetSize of job (KB)
...
006 (008.101.000) 05/06 15:07:44 Image size of job updated: 2000000
	448  -  MemoryUsage of job (MB)
	457908  -  ResidentSetSize of job (KB)
...
006 (008.101.000) 05/06 15:07:50 Image size of job updated: 2000000
	462  -  MemoryUsage of job (MB)
	472956  -  ResidentSetSize of job (KB)
...
006 (008.101.000) 05/06 15:08:05 Image size of job updated: 2000000
	469  -  MemoryUsage of job (MB)
	479424  -  ResidentSetSize of job (KB)
...
006 (008.101.000) 05/06 15:08:33 Image size of job updated: 2000000
	1083  -  MemoryUsage of job (MB)
	1108140  -  ResidentSetSize of job (KB)
...
006 (008.101.000) 05/06 15:27:07 Image size of job updated: 2000000
	1100  -  MemoryUsage of job (MB)
	1125828  -  ResidentSetSize of job (KB)
...
006 (008.101.000) 05/06 15:27:13 Image size of job updated: 2000000
	1505  -  MemoryUsage of job (MB)
	1540704  -  ResidentSetSize of job (KB)
...
006 (008.101.000) 05/06 15:27:19 Image size of job updated: 2335692
	1627  -  MemoryUsage of job (MB)
	1665444  -  ResidentSetSize of job (KB)
...
006 (008.101.000) 05/06 15:27:25 Image size of job updated: 2607852
	1849  -  MemoryUsage of job (MB)
	1893276  -  ResidentSetSize of job (KB)
...
006 (008.101.000) 05/06 15:27:31 Image size of job updated: 2770668
	2063  -  MemoryUsage of job (MB)
	2112396  -  ResidentSetSize of job (KB)
...
006 (008.101.000) 05/06 15:27:37 Image size of job updated: 2770668
	2192  -  MemoryUsage of job (MB)
	2244396  -  ResidentSetSize of job (KB)
...
006 (008.101.000) 05/06 15:27:43 Image size of job updated: 2770668
	2313  -  MemoryUsage of job (MB)
	2367948  -  ResidentSetSize of job (KB)
...
006 (008.101.000) 05/06 15:27:54 Image size of job updated: 3088108
	2379  -  MemoryUsage of job (MB)
	2435400  -  ResidentSetSize of job (KB)
...
006 (008.101.000) 05/06 15:28:08 Image size of job updated: 3390188
	2678  -  MemoryUsage of job (MB)
	2741772  -  ResidentSetSize of job (KB)
...
006 (008.101.000) 05/06 15:28:19 Image size of job updated: 3632876
	2907  -  MemoryUsage of job (MB)
	2975940  -  ResidentSetSize of job (KB)
...
006 (008.101.000) 05/06 15:28:26 Image size of job updated: 3709676
	3050  -  MemoryUsage of job (MB)
	3123120  -  ResidentSetSize of job (KB)
...
006 (008.101.000) 05/06 15:28:31 Image size of job updated: 3709676
	3153  -  MemoryUsage of job (MB)
	3228588  -  ResidentSetSize of job (KB)
...
006 (008.101.000) 05/06 15:28:40 Image size of job updated: 3990252
	3203  -  MemoryUsage of job (MB)
	3279144  -  ResidentSetSize of job (KB)
...
006 (008.101.000) 05/06 15:28:45 Image size of job updated: 3990252
	3314  -  MemoryUsage of job (MB)
	3392664  -  ResidentSetSize of job (KB)
...
006 (008.101.000) 05/06 15:28:51 Image size of job updated: 4123372
	3436  -  MemoryUsage of job (MB)
	3517668  -  ResidentSetSize of job (KB)
...
006 (008.101.000) 05/06 15:28:57 Image size of job updated: 4283116
	3589  -  MemoryUsage of job (MB)
	3674880  -  ResidentSetSize of job (KB)
...
006 (008.101.000) 05/06 15:29:03 Image size of job updated: 4283116
	3727  -  MemoryUsage of job (MB)
	3816120  -  ResidentSetSize of job (KB)
...
006 (008.101.000) 05/06 15:29:10 Image size of job updated: 4283116
	3752  -  MemoryUsage of job (MB)
	3841068  -  ResidentSetSize of job (KB)
...
006 (008.101.000) 05/06 15:29:17 Image size of job updated: 4623084
	3804  -  MemoryUsage of job (MB)
	3894396  -  ResidentSetSize of job (KB)
...
006 (008.101.000) 05/06 15:29:24 Image size of job updated: 4746988
	3948  -  MemoryUsage of job (MB)
	4042632  -  ResidentSetSize of job (KB)
...
006 (008.101.000) 05/06 15:29:30 Image size of job updated: 4824812
	4074  -  MemoryUsage of job (MB)
	4171464  -  ResidentSetSize of job (KB)
...
006 (008.101.000) 05/06 15:29:35 Image size of job updated: 4944620
	4179  -  MemoryUsage of job (MB)
	4278516  -  ResidentSetSize of job (KB)
...
006 (008.101.000) 05/06 15:29:40 Image size of job updated: 4944620
	4279  -  MemoryUsage of job (MB)
	4381608  -  ResidentSetSize of job (KB)
...
006 (008.101.000) 05/06 15:29:45 Image size of job updated: 4944620
	4378  -  MemoryUsage of job (MB)
	4482060  -  ResidentSetSize of job (KB)
...
006 (008.101.000) 05/06 15:29:50 Image size of job updated: 5249772
	4478  -  MemoryUsage of job (MB)
	4585416  -  ResidentSetSize of job (KB)
...
006 (008.101.000) 05/06 15:29:55 Image size of job updated: 5317356
	4578  -  MemoryUsage of job (MB)
	4687056  -  ResidentSetSize of job (KB)
...
006 (008.101.000) 05/06 15:30:00 Image size of job updated: 5478124
	4678  -  MemoryUsage of job (MB)
	4789488  -  ResidentSetSize of job (KB)
...
006 (008.101.000) 05/06 15:30:05 Image size of job updated: 5589740
	4778  -  MemoryUsage of job (MB)
	4892052  -  ResidentSetSize of job (KB)
...
006 (008.101.000) 05/06 15:30:10 Image size of job updated: 5694188
	4881  -  MemoryUsage of job (MB)
	4997256  -  ResidentSetSize of job (KB)
...
006 (008.101.000) 05/06 15:30:15 Image size of job updated: 5694188
	4984  -  MemoryUsage of job (MB)
	5102724  -  ResidentSetSize of job (KB)
...
006 (008.101.000) 05/06 15:30:20 Image size of job updated: 5932780
	5086  -  MemoryUsage of job (MB)
	5207136  -  ResidentSetSize of job (KB)
...
006 (008.101.000) 05/06 15:30:25 Image size of job updated: 5932780
	5188  -  MemoryUsage of job (MB)
	5312340  -  ResidentSetSize of job (KB)
...
006 (008.101.000) 05/06 15:30:30 Image size of job updated: 5932780
	5290  -  MemoryUsage of job (MB)
	5416620  -  ResidentSetSize of job (KB)
...
006 (008.101.000) 05/06 15:30:35 Image size of job updated: 6247148
	5391  -  MemoryUsage of job (MB)
	5519976  -  ResidentSetSize of job (KB)
...
006 (008.101.000) 05/06 15:30:40 Image size of job updated: 6247148
	5487  -  MemoryUsage of job (MB)
	5618448  -  ResidentSetSize of job (KB)
...
006 (008.101.000) 05/06 15:30:45 Image size of job updated: 6354668
	5587  -  MemoryUsage of job (MB)
	5720880  -  ResidentSetSize of job (KB)
...
006 (008.101.000) 05/06 15:30:50 Image size of job updated: 6555372
	5688  -  MemoryUsage of job (MB)
	5823972  -  ResidentSetSize of job (KB)
...
006 (008.101.000) 05/06 15:30:55 Image size of job updated: 6555372
	5789  -  MemoryUsage of job (MB)
	5926932  -  ResidentSetSize of job (KB)
...
006 (008.101.000) 05/06 15:31:00 Image size of job updated: 6555372
	5889  -  MemoryUsage of job (MB)
	6029628  -  ResidentSetSize of job (KB)
...
006 (008.101.000) 05/06 15:31:05 Image size of job updated: 6555372
	5988  -  MemoryUsage of job (MB)
	6131004  -  ResidentSetSize of job (KB)
...
006 (008.101.000) 05/06 15:31:10 Image size of job updated: 6882028
	6064  -  MemoryUsage of job (MB)
	6209280  -  ResidentSetSize of job (KB)
...
006 (008.101.000) 05/06 15:31:15 Image size of job updated: 7052012
	6146  -  MemoryUsage of job (MB)
	6292836  -  ResidentSetSize of job (KB)
...
006 (008.101.000) 05/06 15:31:20 Image size of job updated: 7126764
	6245  -  MemoryUsage of job (MB)
	6394872  -  ResidentSetSize of job (KB)
...
006 (008.101.000) 05/06 15:31:25 Image size of job updated: 7197420
	6282  -  MemoryUsage of job (MB)
	6432360  -  ResidentSetSize of job (KB)
...
006 (008.101.000) 05/06 15:31:52 Image size of job updated: 7294700
	6282  -  MemoryUsage of job (MB)
	6432360  -  ResidentSetSize of job (KB)
...
006 (008.101.000) 05/06 15:32:05 Image size of job updated: 7380716
	6490  -  MemoryUsage of job (MB)
	6644748  -  ResidentSetSize of job (KB)
...
006 (008.101.000) 05/06 15:32:13 Image size of job updated: 7725804
	6699  -  MemoryUsage of job (MB)
	6859248  -  ResidentSetSize of job (KB)
...
006 (008.101.000) 05/06 15:32:21 Image size of job updated: 7725804
	6785  -  MemoryUsage of job (MB)
	6947556  -  ResidentSetSize of job (KB)
...
006 (008.101.000) 05/06 15:32:41 Image size of job updated: 8012524
	6997  -  MemoryUsage of job (MB)
	7164300  -  ResidentSetSize of job (KB)
...
006 (008.101.000) 05/06 15:32:54 Image size of job updated: 8201964
	7275  -  MemoryUsage of job (MB)
	7449288  -  ResidentSetSize of job (KB)
...
006 (008.101.000) 05/06 15:33:02 Image size of job updated: 8533740
	7460  -  MemoryUsage of job (MB)
	7638312  -  ResidentSetSize of job (KB)
...
006 (008.101.000) 05/06 15:33:07 Image size of job updated: 8533740
	7576  -  MemoryUsage of job (MB)
	7757772  -  ResidentSetSize of job (KB)
...
006 (008.101.000) 05/06 15:33:13 Image size of job updated: 8533740
	7701  -  MemoryUsage of job (MB)
	7885020  -  ResidentSetSize of job (KB)
...
006 (008.101.000) 05/06 15:33:19 Image size of job updated: 8863468
	7777  -  MemoryUsage of job (MB)
	7962900  -  ResidentSetSize of job (KB)
...
006 (008.101.000) 05/06 15:33:38 Image size of job updated: 8962796
	7838  -  MemoryUsage of job (MB)
	8025204  -  ResidentSetSize of job (KB)
...
006 (008.101.000) 05/06 15:33:51 Image size of job updated: 9165548
	7942  -  MemoryUsage of job (MB)
	8131860  -  ResidentSetSize of job (KB)
...
006 (008.101.000) 05/06 15:34:01 Image size of job updated: 9255660
	8154  -  MemoryUsage of job (MB)
	8348736  -  ResidentSetSize of job (KB)
...
006 (008.101.000) 05/06 15:34:07 Image size of job updated: 9522924
	8314  -  MemoryUsage of job (MB)
	8512812  -  ResidentSetSize of job (KB)
...
006 (008.101.000) 05/06 15:34:13 Image size of job updated: 9660140
	8430  -  MemoryUsage of job (MB)
	8631348  -  ResidentSetSize of job (KB)
...
006 (008.101.000) 05/06 15:34:19 Image size of job updated: 9660140
	8550  -  MemoryUsage of job (MB)
	8754372  -  ResidentSetSize of job (KB)
...
006 (008.101.000) 05/06 15:34:25 Image size of job updated: 9928428
	8671  -  MemoryUsage of job (MB)
	8878848  -  ResidentSetSize of job (KB)
...
006 (008.101.000) 05/06 15:34:31 Image size of job updated: 10086124
	8792  -  MemoryUsage of job (MB)
	9002400  -  ResidentSetSize of job (KB)
...
006 (008.101.000) 05/06 15:34:37 Image size of job updated: 10086124
	8910  -  MemoryUsage of job (MB)
	9123048  -  ResidentSetSize of job (KB)
...
006 (008.101.000) 05/06 15:34:43 Image size of job updated: 10232556
	9034  -  MemoryUsage of job (MB)
	9250560  -  ResidentSetSize of job (KB)
...
006 (008.101.000) 05/06 15:34:55 Image size of job updated: 10232556
	9043  -  MemoryUsage of job (MB)
	9259272  -  ResidentSetSize of job (KB)
...
006 (008.101.000) 05/06 15:35:03 Image size of job updated: 10232556
	9049  -  MemoryUsage of job (MB)
	9266004  -  ResidentSetSize of job (KB)
...
006 (008.101.000) 05/06 15:35:14 Image size of job updated: 10499820
	9263  -  MemoryUsage of job (MB)
	9484860  -  ResidentSetSize of job (KB)
...
006 (008.101.000) 05/06 15:35:22 Image size of job updated: 10727148
	9426  -  MemoryUsage of job (MB)
	9651444  -  ResidentSetSize of job (KB)
...
006 (008.101.000) 05/06 15:35:28 Image size of job updated: 10727148
	9546  -  MemoryUsage of job (MB)
	9774864  -  ResidentSetSize of job (KB)
...
006 (008.101.000) 05/06 15:35:34 Image size of job updated: 10727148
	9669  -  MemoryUsage of job (MB)
	9900528  -  ResidentSetSize of job (KB)
...
006 (008.101.000) 05/06 15:35:40 Image size of job updated: 11032300
	9797  -  MemoryUsage of job (MB)
	10032000  -  ResidentSetSize of job (KB)
...
006 (008.101.000) 05/06 15:35:51 Image size of job updated: 11032300
	9895  -  MemoryUsage of job (MB)
	10132452  -  ResidentSetSize of job (KB)
...
006 (008.101.000) 05/06 15:36:13 Image size of job updated: 11738860
	10350  -  MemoryUsage of job (MB)
	10597884  -  ResidentSetSize of job (KB)
...
006 (008.101.000) 05/06 15:36:29 Image size of job updated: 12071660
	10688  -  MemoryUsage of job (MB)
	10944384  -  ResidentSetSize of job (KB)
...
006 (008.101.000) 05/06 15:36:39 Image size of job updated: 12071660
	10887  -  MemoryUsage of job (MB)
	11147268  -  ResidentSetSize of job (KB)
...
006 (008.101.000) 05/06 15:36:45 Image size of job updated: 12387052
	11004  -  MemoryUsage of job (MB)
	11267520  -  ResidentSetSize of job (KB)
...
006 (008.101.000) 05/06 15:36:50 Image size of job updated: 12387052
	11097  -  MemoryUsage of job (MB)
	11363088  -  ResidentSetSize of job (KB)
...
006 (008.101.000) 05/06 15:36:56 Image size of job updated: 12387052
	11149  -  MemoryUsage of job (MB)
	11416020  -  ResidentSetSize of job (KB)
...
006 (008.101.000) 05/06 15:37:02 Image size of job updated: 12599020
	11213  -  MemoryUsage of job (MB)
	11481492  -  ResidentSetSize of job (KB)
...
006 (008.101.000) 05/06 15:37:08 Image size of job updated: 12740332
	11314  -  MemoryUsage of job (MB)
	11585508  -  ResidentSetSize of job (KB)
...
006 (008.101.000) 05/06 15:37:13 Image size of job updated: 12809964
	11414  -  MemoryUsage of job (MB)
	11687676  -  ResidentSetSize of job (KB)
...
006 (008.101.000) 05/06 15:37:18 Image size of job updated: 12960492
	11515  -  MemoryUsage of job (MB)
	11790900  -  ResidentSetSize of job (KB)
...
006 (008.101.000) 05/06 15:37:23 Image size of job updated: 12960492
	11614  -  MemoryUsage of job (MB)
	11892672  -  ResidentSetSize of job (KB)
...
006 (008.101.000) 05/06 15:37:28 Image size of job updated: 12960492
	11715  -  MemoryUsage of job (MB)
	11995764  -  ResidentSetSize of job (KB)
...
006 (008.101.000) 05/06 15:37:33 Image size of job updated: 13255404
	11815  -  MemoryUsage of job (MB)
	12097932  -  ResidentSetSize of job (KB)
...
006 (008.101.000) 05/06 15:37:38 Image size of job updated: 13255404
	11915  -  MemoryUsage of job (MB)
	12199968  -  ResidentSetSize of job (KB)
...
006 (008.101.000) 05/06 15:37:43 Image size of job updated: 13255404
	12014  -  MemoryUsage of job (MB)
	12302268  -  ResidentSetSize of job (KB)
...
006 (008.101.000) 05/06 15:37:48 Image size of job updated: 13559532
	12114  -  MemoryUsage of job (MB)
	12404040  -  ResidentSetSize of job (KB)
...
006 (008.101.000) 05/06 15:37:53 Image size of job updated: 13559532
	12215  -  MemoryUsage of job (MB)
	12507792  -  ResidentSetSize of job (KB)
...
006 (008.101.000) 05/06 15:37:58 Image size of job updated: 13559532
	12317  -  MemoryUsage of job (MB)
	12612600  -  ResidentSetSize of job (KB)
...
006 (008.101.000) 05/06 15:38:03 Image size of job updated: 13879020
	12419  -  MemoryUsage of job (MB)
	12716220  -  ResidentSetSize of job (KB)
...
006 (008.101.000) 05/06 15:38:08 Image size of job updated: 13879020
	12520  -  MemoryUsage of job (MB)
	12819708  -  ResidentSetSize of job (KB)
...
006 (008.101.000) 05/06 15:38:13 Image size of job updated: 14061292
	12622  -  MemoryUsage of job (MB)
	12924780  -  ResidentSetSize of job (KB)
...
006 (008.101.000) 05/06 15:38:18 Image size of job updated: 14182124
	12723  -  MemoryUsage of job (MB)
	13027608  -  ResidentSetSize of job (KB)
...
006 (008.101.000) 05/06 15:38:23 Image size of job updated: 14182124
	12824  -  MemoryUsage of job (MB)
	13131624  -  ResidentSetSize of job (KB)
...
006 (008.101.000) 05/06 15:38:28 Image size of job updated: 14182124
	12924  -  MemoryUsage of job (MB)
	13233396  -  ResidentSetSize of job (KB)
...
006 (008.101.000) 05/06 15:38:33 Image size of job updated: 14506732
	13024  -  MemoryUsage of job (MB)
	13335696  -  ResidentSetSize of job (KB)
...
006 (008.101.000) 05/06 15:38:38 Image size of job updated: 14506732
	13121  -  MemoryUsage of job (MB)
	13435884  -  ResidentSetSize of job (KB)
...
006 (008.101.000) 05/06 15:38:43 Image size of job updated: 14708460
	13221  -  MemoryUsage of job (MB)
	13537788  -  ResidentSetSize of job (KB)
...
006 (008.101.000) 05/06 15:38:48 Image size of job updated: 14708460
	13320  -  MemoryUsage of job (MB)
	13639296  -  ResidentSetSize of job (KB)
...
006 (008.101.000) 05/06 15:38:53 Image size of job updated: 14827244
	13420  -  MemoryUsage of job (MB)
	13741332  -  ResidentSetSize of job (KB)
...
006 (008.101.000) 05/06 15:38:58 Image size of job updated: 14827244
	13504  -  MemoryUsage of job (MB)
	13827264  -  ResidentSetSize of job (KB)
...
006 (008.101.000) 05/06 15:39:08 Image size of job updated: 15135468
	13504  -  MemoryUsage of job (MB)
	13827264  -  ResidentSetSize of job (KB)
...
005 (008.101.000) 05/06 15:39:26 Job terminated.
	(0) Abnormal termination (signal 9)
	(0) No core file
		Usr 0 00:29:28, Sys 0 00:01:27  -  Run Remote Usage
		Usr 0 00:00:00, Sys 0 00:00:00  -  Run Local Usage
		Usr 0 00:29:28, Sys 0 00:01:27  -  Total Remote Usage
		Usr 0 00:00:00, Sys 0 00:00:00  -  Total Local Usage
	0  -  Run Bytes Sent By Job
	0  -  Run Bytes Received By Job
	0  -  Total Bytes Sent By Job
	0  -  Total Bytes Received By Job
	Partitionable Resources :      Usage  Request Allocated 
	   Cpus                 :       0.85        1         1 
	   Disk (KB)            : 2000000     2000000   6275465 
	   Memory (MB)          :   13504        1954      2007 
...
000 (013.045.000) 05/06 16:49:16 Job submitted from host: <127.0.0.1:9618?addrs=127.0.0.1-9618&noUDP&sock=227_4816_4>
...
001 (013.045.000) 05/06 18:10:39 Job executing on host: <127.0.0.1:9618?addrs=127.0.0.1-9618&noUDP&sock=227_4816_5>
...
006 (013.045.000) 05/06 18:10:45 Image size of job updated: 2000000
	37  -  MemoryUsage of job (MB)
	37356  -  ResidentSetSize of job (KB)
...
006 (013.045.000) 05/06 18:11:09 Image size of job updated: 2000000
	107  -  MemoryUsage of job (MB)
	108636  -  ResidentSetSize of job (KB)
...
006 (013.045.000) 05/06 18:11:48 Image size of job updated: 2000000
	144  -  MemoryUsage of job (MB)
	147180  -  ResidentSetSize of job (KB)
...
006 (013.045.000) 05/06 18:11:54 Image size of job updated: 2000000
	193  -  MemoryUsage of job (MB)
	197340  -  ResidentSetSize of job (KB)
...
006 (013.045.000) 05/06 18:12:06 Image size of job updated: 2000000
	194  -  MemoryUsage of job (MB)
	198396  -  ResidentSetSize of job (KB)
...
006 (013.045.000) 05/06 18:12:11 Image size of job updated: 2000000
	202  -  MemoryUsage of job (MB)
	206844  -  ResidentSetSize of job (KB)
...
006 (013.045.000) 05/06 18:12:16 Image size of job updated: 2000000
	213  -  MemoryUsage of job (MB)
	217140  -  ResidentSetSize of job (KB)
...
006 (013.045.000) 05/06 18:12:28 Image size of job updated: 2000000
	220  -  MemoryUsage of job (MB)
	224928  -  ResidentSetSize of job (KB)
...
006 (013.045.000) 05/06 18:12:50 Image size of job updated: 2000000
	249  -  MemoryUsage of job (MB)
	253968  -  ResidentSetSize of job (KB)
...
006 (013.045.000) 05/06 18:13:08 Image size of job updated: 2000000
	323  -  MemoryUsage of job (MB)
	329868  -  ResidentSetSize of job (KB)
...
006 (013.045.000) 05/06 18:13:33 Image size of job updated: 2000000
	333  -  MemoryUsage of job (MB)
	340692  -  ResidentSetSize of job (KB)
...
006 (013.045.000) 05/06 18:14:07 Image size of job updated: 2000000
	1171  -  MemoryUsage of job (MB)
	1198956  -  ResidentSetSize of job (KB)
...
006 (013.045.000) 05/06 18:31:23 Image size of job updated: 2760424
	2180  -  MemoryUsage of job (MB)
	2231460  -  ResidentSetSize of job (KB)
...
006 (013.045.000) 05/06 18:32:11 Image size of job updated: 3710696
	3091  -  MemoryUsage of job (MB)
	3164964  -  ResidentSetSize of job (KB)
...
006 (013.045.000) 05/06 18:32:45 Image size of job updated: 4365032
	3801  -  MemoryUsage of job (MB)
	3892152  -  ResidentSetSize of job (KB)
...
006 (013.045.000) 05/06 18:33:07 Image size of job updated: 4998888
	4138  -  MemoryUsage of job (MB)
	4236408  -  ResidentSetSize of job (KB)
...
006 (013.045.000) 05/06 18:33:22 Image size of job updated: 5335784
	4469  -  MemoryUsage of job (MB)
	4575912  -  ResidentSetSize of job (KB)
...
006 (013.045.000) 05/06 18:33:32 Image size of job updated: 5335784
	4690  -  MemoryUsage of job (MB)
	4801632  -  ResidentSetSize of job (KB)
...
006 (013.045.000) 05/06 18:33:38 Image size of job updated: 5689064
	4825  -  MemoryUsage of job (MB)
	4940760  -  ResidentSetSize of job (KB)
...
006 (013.045.000) 05/06 18:33:45 Image size of job updated: 5689064
	4857  -  MemoryUsage of job (MB)
	4973496  -  ResidentSetSize of job (KB)
...
006 (013.045.000) 05/06 18:33:50 Image size of job updated: 5756648
	4875  -  MemoryUsage of job (MB)
	4991844  -  ResidentSetSize of job (KB)
...
006 (013.045.000) 05/06 18:33:56 Image size of job updated: 5877480
	5001  -  MemoryUsage of job (MB)
	5120016  -  ResidentSetSize of job (KB)
...
006 (013.045.000) 05/06 18:34:02 Image size of job updated: 5951208
	5127  -  MemoryUsage of job (MB)
	5249772  -  ResidentSetSize of job (KB)
...
006 (013.045.000) 05/06 18:34:08 Image size of job updated: 5951208
	5255  -  MemoryUsage of job (MB)
	5380980  -  ResidentSetSize of job (KB)
...
006 (013.045.000) 05/06 18:34:14 Image size of job updated: 6275816
	5381  -  MemoryUsage of job (MB)
	5509152  -  ResidentSetSize of job (KB)
...
006 (013.045.000) 05/06 18:34:20 Image size of job updated: 6275816
	5504  -  MemoryUsage of job (MB)
	5636004  -  ResidentSetSize of job (KB)
...
006 (013.045.000) 05/06 18:34:30 Image size of job updated: 6448872
	5513  -  MemoryUsage of job (MB)
	5644320  -  ResidentSetSize of job (KB)
...
006 (013.045.000) 05/06 18:34:40 Image size of job updated: 6588136
	5706  -  MemoryUsage of job (MB)
	5842320  -  ResidentSetSize of job (KB)
...
006 (013.045.000) 05/06 18:34:48 Image size of job updated: 6758120
	5874  -  MemoryUsage of job (MB)
	6014844  -  ResidentSetSize of job (KB)
...
006 (013.045.000) 05/06 18:34:53 Image size of job updated: 6758120
	5978  -  MemoryUsage of job (MB)
	6120708  -  ResidentSetSize of job (KB)
...
006 (013.045.000) 05/06 18:34:58 Image size of job updated: 6758120
	6070  -  MemoryUsage of job (MB)
	6215616  -  ResidentSetSize of job (KB)
...
006 (013.045.000) 05/06 18:35:04 Image size of job updated: 7064296
	6073  -  MemoryUsage of job (MB)
	6217992  -  ResidentSetSize of job (KB)
...
006 (013.045.000) 05/06 18:35:08 Image size of job updated: 7093992
	6162  -  MemoryUsage of job (MB)
	6309072  -  ResidentSetSize of job (KB)
...
006 (013.045.000) 05/06 18:35:13 Image size of job updated: 7093992
	6270  -  MemoryUsage of job (MB)
	6420216  -  ResidentSetSize of job (KB)
...
006 (013.045.000) 05/06 18:35:18 Image size of job updated: 7381736
	6378  -  MemoryUsage of job (MB)
	6530436  -  ResidentSetSize of job (KB)
...
006 (013.045.000) 05/06 18:35:23 Image size of job updated: 7381736
	6486  -  MemoryUsage of job (MB)
	6641184  -  ResidentSetSize of job (KB)
...
006 (013.045.000) 05/06 18:35:29 Image size of job updated: 7381736
	6566  -  MemoryUsage of job (MB)
	6723420  -  ResidentSetSize of job (KB)
...
006 (013.045.000) 05/06 18:35:41 Image size of job updated: 7651048
	6639  -  MemoryUsage of job (MB)
	6797340  -  ResidentSetSize of job (KB)
...
006 (013.045.000) 05/06 18:36:04 Image size of job updated: 7983848
	7074  -  MemoryUsage of job (MB)
	7243104  -  ResidentSetSize of job (KB)
...
006 (013.045.000) 05/06 18:36:22 Image size of job updated: 8477416
	7393  -  MemoryUsage of job (MB)
	7570332  -  ResidentSetSize of job (KB)
...
006 (013.045.000) 05/06 18:36:36 Image size of job updated: 8477416
	7594  -  MemoryUsage of job (MB)
	7775592  -  ResidentSetSize of job (KB)
...
006 (013.045.000) 05/06 18:36:53 Image size of job updated: 8839912
	7935  -  MemoryUsage of job (MB)
	8124732  -  ResidentSetSize of job (KB)
...
006 (013.045.000) 05/06 18:37:02 Image size of job updated: 9127656
	7935  -  MemoryUsage of job (MB)
	8124732  -  ResidentSetSize of job (KB)
...
005 (013.045.000) 05/06 18:37:02 Job terminated.
	(0) Abnormal termination (signal 9)
	(0) No core file
		Usr 0 00:22:02, Sys 0 00:01:27  -  Run Remote Usage
		Usr 0 00:00:00, Sys 0 00:00:00  -  Run Local Usage
		Usr 0 00:22:02, Sys 0 00:01:27  -  Total Remote Usage
		Usr 0 00:00:00, Sys 0 00:00:00  -  Total Local Usage
	0  -  Run Bytes Sent By Job
	0  -  Run Bytes Received By Job
	0  -  Total Bytes Sent By Job
	0  -  Total Bytes Received By Job
	Partitionable Resources :      Usage  Request Allocated 
	   Cpus                 :       1.00        1         1 
	   Disk (KB)            : 2000000     2000000   6275465 
	   Memory (MB)          :    7935        1954      2007 
...
