000 (005.1406.000) 05/05 20:22:08 Job submitted from host: <127.0.0.1:9618?addrs=127.0.0.1-9618&noUDP&sock=227_4816_4>
...
001 (005.1406.000) 05/06 05:19:41 Job executing on host: <127.0.0.1:9618?addrs=127.0.0.1-9618&noUDP&sock=227_4816_5>
...
006 (005.1406.000) 05/06 05:19:47 Image size of job updated: 2000000
	101  -  MemoryUsage of job (MB)
	103092  -  ResidentSetSize of job (KB)
...
006 (005.1406.000) 05/06 05:20:17 Image size of job updated: 2000000
	145  -  MemoryUsage of job (MB)
	147708  -  ResidentSetSize of job (KB)
...
006 (005.1406.000) 05/06 05:20:23 Image size of job updated: 2000000
	184  -  MemoryUsage of job (MB)
	188364  -  ResidentSetSize of job (KB)
...
006 (005.1406.000) 05/06 05:20:29 Image size of job updated: 2000000
	196  -  MemoryUsage of job (MB)
	199980  -  ResidentSetSize of job (KB)
...
006 (005.1406.000) 05/06 05:20:35 Image size of job updated: 2000000
	211  -  MemoryUsage of job (MB)
	215688  -  ResidentSetSize of job (KB)
...
006 (005.1406.000) 05/06 05:20:41 Image size of job updated: 2000000
	229  -  MemoryUsage of job (MB)
	233772  -  ResidentSetSize of job (KB)
...
006 (005.1406.000) 05/06 05:20:47 Image size of job updated: 2000000
	238  -  MemoryUsage of job (MB)
	243276  -  ResidentSetSize of job (KB)
...
006 (005.1406.000) 05/06 05:20:53 Image size of job updated: 2000000
	250  -  MemoryUsage of job (MB)
	255684  -  ResidentSetSize of job (KB)
...
006 (005.1406.000) 05/06 05:20:59 Image size of job updated: 2000000
	298  -  MemoryUsage of job (MB)
	305052  -  ResidentSetSize of job (KB)
...
006 (005.1406.000) 05/06 05:21:05 Image size of job updated: 2000000
	329  -  MemoryUsage of job (MB)
	336336  -  ResidentSetSize of job (KB)
...
006 (005.1406.000) 05/06 05:21:11 Image size of job updated: 2000000
	371  -  MemoryUsage of job (MB)
	378972  -  ResidentSetSize of job (KB)
...
006 (005.1406.000) 05/06 05:21:17 Image size of job updated: 2000000
	437  -  MemoryUsage of job (MB)
	446820  -  ResidentSetSize of job (KB)
...
006 (005.1406.000) 05/06 05:21:23 Image size of job updated: 2000000
	1169  -  MemoryUsage of job (MB)
	1196184  -  ResidentSetSize of job (KB)
...
006 (005.1406.000) 05/06 05:35:57 Image size of job updated: 2000000
	1169  -  MemoryUsage of job (MB)
	1196976  -  ResidentSetSize of job (KB)
...
006 (005.1406.000) 05/06 05:36:02 Image size of job updated: 2000000
	1171  -  MemoryUsage of job (MB)
	1198164  -  ResidentSetSize of job (KB)
...
006 (005.1406.000) 05/06 05:36:07 Image size of job updated: 2000000
	1249  -  MemoryUsage of job (MB)
	1278024  -  ResidentSetSize of job (KB)
...
006 (005.1406.000) 05/06 05:36:12 Image size of job updated: 2000000
	1620  -  MemoryUsage of job (MB)
	1658052  -  ResidentSetSize of job (KB)
...
006 (005.1406.000) 05/06 05:36:17 Image size of job updated: 2000000
	1693  -  MemoryUsage of job (MB)
	1733028  -  ResidentSetSize of job (KB)
...
006 (005.1406.000) 05/06 05:36:22 Image size of job updated: 2561004
	1907  -  MemoryUsage of job (MB)
	1951884  -  ResidentSetSize of job (KB)
...
006 (005.1406.000) 05/06 05:36:27 Image size of job updated: 2561004
	1962  -  MemoryUsage of job (MB)
	2009040  -  ResidentSetSize of job (KB)
...
006 (005.1406.000) 05/06 05:36:32 Image size of job updated: 2561004
	1992  -  MemoryUsage of job (MB)
	2038872  -  ResidentSetSize of job (KB)
...
006 (005.1406.000) 05/06 05:36:37 Image size of job updated: 2684908
	2016  -  MemoryUsage of job (MB)
	2063952  -  ResidentSetSize of job (KB)
...
006 (005.1406.000) 05/06 05:36:42 Image size of job updated: 2684908
	2042  -  MemoryUsage of job (MB)
	2090088  -  ResidentSetSize of job (KB)
...
006 (005.1406.000) 05/06 05:36:47 Image size of job updated: 2684908
	2064  -  MemoryUsage of job (MB)
	2113056  -  ResidentSetSize of job (KB)
...
006 (005.1406.000) 05/06 05:36:52 Image size of job updated: 2758636
	2089  -  MemoryUsage of job (MB)
	2138136  -  ResidentSetSize of job (KB)
...
006 (005.1406.000) 05/06 05:36:57 Image size of job updated: 2758636
	2110  -  MemoryUsage of job (MB)
	2160576  -  ResidentSetSize of job (KB)
...
006 (005.1406.000) 05/06 05:37:02 Image size of job updated: 2758636
	2135  -  MemoryUsage of job (MB)
	2186052  -  ResidentSetSize of job (KB)
...
006 (005.1406.000) 05/06 05:37:07 Image size of job updated: 2828268
	2158  -  MemoryUsage of job (MB)
	2209020  -  ResidentSetSize of job (KB)
...
006 (005.1406.000) 05/06 05:37:12 Image size of job updated: 2828268
	2182  -  MemoryUsage of job (MB)
	2233572  -  ResidentSetSize of job (KB)
...
006 (005.1406.000) 05/06 05:37:17 Image size of job updated: 2883564
	2205  -  MemoryUsage of job (MB)
	2257068  -  ResidentSetSize of job (KB)
...
006 (005.1406.000) 05/06 05:37:23 Image size of job updated: 2898924
	2232  -  MemoryUsage of job (MB)
	2285316  -  ResidentSetSize of job (KB)
...
006 (005.1406.000) 05/06 05:37:29 Image size of job updated: 2898924
	2258  -  MemoryUsage of job (MB)
	2311584  -  ResidentSetSize of job (KB)
...
006 (005.1406.000) 05/06 05:37:35 Image size of job updated: 2966508
	2284  -  MemoryUsage of job (MB)
	2338380  -  ResidentSetSize of job (KB)
...
006 (005.1406.000) 05/06 05:37:41 Image size of job updated: 2966508
	2309  -  MemoryUsage of job (MB)
	2364384  -  ResidentSetSize of job (KB)
...
006 (005.1406.000) 05/06 05:37:47 Image size of job updated: 3013612
	2336  -  MemoryUsage of job (MB)
	2391180  -  ResidentSetSize of job (KB)
...
006 (005.1406.000) 05/06 05:37:53 Image size of job updated: 3033068
	2362  -  MemoryUsage of job (MB)
	2418240  -  ResidentSetSize of job (KB)
...
006 (005.1406.000) 05/06 05:37:59 Image size of job updated: 3033068
	2391  -  MemoryUsage of job (MB)
	2447940  -  ResidentSetSize of job (KB)
...
006 (005.1406.000) 05/06 05:38:05 Image size of job updated: 3033068
	2422  -  MemoryUsage of job (MB)
	2479752  -  ResidentSetSize of job (KB)
...
006 (005.1406.000) 05/06 05:38:11 Image size of job updated: 3117036
	2449  -  MemoryUsage of job (MB)
	2507472  -  ResidentSetSize of job (KB)
...
006 (005.1406.000) 05/06 05:38:17 Image size of job updated: 3157996
	2478  -  MemoryUsage of job (MB)
	2537304  -  ResidentSetSize of job (KB)
...
006 (005.1406.000) 05/06 05:38:23 Image size of job updated: 3193836
	2507  -  MemoryUsage of job (MB)
	2566476  -  ResidentSetSize of job (KB)
...
006 (005.1406.000) 05/06 05:38:29 Image size of job updated: 3193836
	2534  -  MemoryUsage of job (MB)
	2594196  -  ResidentSetSize of job (KB)
...
006 (005.1406.000) 05/06 05:38:35 Image size of job updated: 3193836
	2562  -  MemoryUsage of job (MB)
	2622972  -  ResidentSetSize of job (KB)
...
006 (005.1406.000) 05/06 05:38:41 Image size of job updated: 3264492
	2591  -  MemoryUsage of job (MB)
	2652276  -  ResidentSetSize of job (KB)
...
006 (005.1406.000) 05/06 05:38:47 Image size of job updated: 3302380
	2618  -  MemoryUsage of job (MB)
	2680656  -  ResidentSetSize of job (KB)
...
006 (005.1406.000) 05/06 05:38:53 Image size of job updated: 3337196
	2649  -  MemoryUsage of job (MB)
	2712072  -  ResidentSetSize of job (KB)
...
006 (005.1406.000) 05/06 05:38:59 Image size of job updated: 3347436
	2679  -  MemoryUsage of job (MB)
	2742432  -  ResidentSetSize of job (KB)
...
006 (005.1406.000) 05/06 05:39:05 Image size of job updated: 3347436
	2712  -  MemoryUsage of job (MB)
	2776752  -  ResidentSetSize of job (KB)
...
006 (005.1406.000) 05/06 05:39:11 Image size of job updated: 3426284
	2745  -  MemoryUsage of job (MB)
	2810544  -  ResidentSetSize of job (KB)
...
006 (005.1406.000) 05/06 05:39:17 Image size of job updated: 3463148
	2778  -  MemoryUsage of job (MB)
	2844072  -  ResidentSetSize of job (KB)
...
006 (005.1406.000) 05/06 05:39:23 Image size of job updated: 3463148
	2809  -  MemoryUsage of job (MB)
	2876016  -  ResidentSetSize of job (KB)
...
006 (005.1406.000) 05/06 05:39:29 Image size of job updated: 3506156
	2834  -  MemoryUsage of job (MB)
	2901624  -  ResidentSetSize of job (KB)
...
006 (005.1406.000) 05/06 05:39:35 Image size of job updated: 3506156
	2862  -  MemoryUsage of job (MB)
	2930268  -  ResidentSetSize of job (KB)
...
006 (005.1406.000) 05/06 05:39:41 Image size of job updated: 3581932
	2890  -  MemoryUsage of job (MB)
	2958648  -  ResidentSetSize of job (KB)
...
006 (005.1406.000) 05/06 05:39:47 Image size of job updated: 3598316
	2918  -  MemoryUsage of job (MB)
	2987160  -  ResidentSetSize of job (KB)
...
006 (005.1406.000) 05/06 05:39:53 Image size of job updated: 3617772
	2945  -  MemoryUsage of job (MB)
	3015276  -  ResidentSetSize of job (KB)
...
006 (005.1406.000) 05/06 05:39:59 Image size of job updated: 3651564
	2970  -  MemoryUsage of job (MB)
	3041016  -  ResidentSetSize of job (KB)
...
006 (005.1406.000) 05/06 05:40:05 Image size of job updated: 3688428
	2997  -  MemoryUsage of job (MB)
	3068208  -  ResidentSetSize of job (KB)
...
006 (005.1406.000) 05/06 05:40:11 Image size of job updated: 3716076
	3024  -  MemoryUsage of job (MB)
	3096192  -  ResidentSetSize of job (KB)
...
006 (005.1406.000) 05/06 05:40:17 Image size of job updated: 3734508
	3052  -  MemoryUsage of job (MB)
	3124308  -  ResidentSetSize of job (KB)
...
006 (005.1406.000) 05/06 05:40:23 Image size of job updated: 3767276
	3079  -  MemoryUsage of job (MB)
	3152556  -  ResidentSetSize of job (KB)
...
006 (005.1406.000) 05/06 05:40:29 Image size of job updated: 3791852
	3108  -  MemoryUsage of job (MB)
	3181860  -  ResidentSetSize of job (KB)
...
006 (005.1406.000) 05/06 05:40:35 Image size of job updated: 3812332
	3134  -  MemoryUsage of job (MB)
	3209184  -  ResidentSetSize of job (KB)
...
006 (005.1406.000) 05/06 05:40:41 Image size of job updated: 3859436
	3160  -  MemoryUsage of job (MB)
	3235056  -  ResidentSetSize of job (KB)
...
006 (005.1406.000) 05/06 05:40:47 Image size of job updated: 3859436
	3186  -  MemoryUsage of job (MB)
	3261984  -  ResidentSetSize of job (KB)
...
006 (005.1406.000) 05/06 05:40:53 Image size of job updated: 3859436
	3212  -  MemoryUsage of job (MB)
	3288252  -  ResidentSetSize of job (KB)
...
006 (005.1406.000) 05/06 05:40:59 Image size of job updated: 3927020
	3239  -  MemoryUsage of job (MB)
	3316368  -  ResidentSetSize of job (KB)
...
006 (005.1406.000) 05/06 05:41:05 Image size of job updated: 3927020
	3265  -  MemoryUsage of job (MB)
	3342900  -  ResidentSetSize of job (KB)
...
006 (005.1406.000) 05/06 05:41:11 Image size of job updated: 3988460
	3296  -  MemoryUsage of job (MB)
	3374712  -  ResidentSetSize of job (KB)
...
006 (005.1406.000) 05/06 05:41:17 Image size of job updated: 4006892
	3331  -  MemoryUsage of job (MB)
	3410220  -  ResidentSetSize of job (KB)
...
006 (005.1406.000) 05/06 05:41:23 Image size of job updated: 4006892
	3366  -  MemoryUsage of job (MB)
	3446520  -  ResidentSetSize of job (KB)
...
006 (005.1406.000) 05/06 05:41:29 Image size of job updated: 4094956
	3397  -  MemoryUsage of job (MB)
	3477672  -  ResidentSetSize of job (KB)
...
006 (005.1406.000) 05/06 05:41:35 Image size of job updated: 4128748
	3433  -  MemoryUsage of job (MB)
	3514500  -  ResidentSetSize of job (KB)
...
006 (005.1406.000) 05/06 05:41:41 Image size of job updated: 4128748
	3465  -  MemoryUsage of job (MB)
	3548028  -  ResidentSetSize of job (KB)
...
006 (005.1406.000) 05/06 05:41:47 Image size of job updated: 4175852
	3492  -  MemoryUsage of job (MB)
	3575616  -  ResidentSetSize of job (KB)
...
006 (005.1406.000) 05/06 05:41:53 Image size of job updated: 4175852
	3526  -  MemoryUsage of job (MB)
	3610068  -  ResidentSetSize of job (KB)
...
006 (005.1406.000) 05/06 05:41:59 Image size of job updated: 4258796
	3561  -  MemoryUsage of job (MB)
	3645444  -  ResidentSetSize of job (KB)
...
006 (005.1406.000) 05/06 05:42:05 Image size of job updated: 4258796
	3596  -  MemoryUsage of job (MB)
	3681348  -  ResidentSetSize of job (KB)
...
006 (005.1406.000) 05/06 05:42:11 Image size of job updated: 4258796
	3628  -  MemoryUsage of job (MB)
	3714348  -  ResidentSetSize of job (KB)
...
006 (005.1406.000) 05/06 05:42:17 Image size of job updated: 4342764
	3656  -  MemoryUsage of job (MB)
	3743256  -  ResidentSetSize of job (KB)
...
006 (005.1406.000) 05/06 05:42:23 Image size of job updated: 4342764
	3684  -  MemoryUsage of job (MB)
	3771504  -  ResidentSetSize of job (KB)
...
006 (005.1406.000) 05/06 05:42:29 Image size of job updated: 4416492
	3714  -  MemoryUsage of job (MB)
	3802788  -  ResidentSetSize of job (KB)
...
006 (005.1406.000) 05/06 05:42:35 Image size of job updated: 4440044
	3740  -  MemoryUsage of job (MB)
	3829716  -  ResidentSetSize of job (KB)
...
006 (005.1406.000) 05/06 05:42:41 Image size of job updated: 4462572
	3767  -  MemoryUsage of job (MB)
	3856512  -  ResidentSetSize of job (KB)
...
006 (005.1406.000) 05/06 05:42:47 Image size of job updated: 4484076
	3800  -  MemoryUsage of job (MB)
	3890832  -  ResidentSetSize of job (KB)
...
006 (005.1406.000) 05/06 05:42:53 Image size of job updated: 4484076
	3833  -  MemoryUsage of job (MB)
	3924624  -  ResidentSetSize of job (KB)
...
006 (005.1406.000) 05/06 05:42:59 Image size of job updated: 4567020
	3865  -  MemoryUsage of job (MB)
	3956964  -  ResidentSetSize of job (KB)
...
006 (005.1406.000) 05/06 05:43:05 Image size of job updated: 4589548
	3902  -  MemoryUsage of job (MB)
	3995112  -  ResidentSetSize of job (KB)
...
006 (005.1406.000) 05/06 05:43:11 Image size of job updated: 4659180
	3936  -  MemoryUsage of job (MB)
	4029564  -  ResidentSetSize of job (KB)
...
006 (005.1406.000) 05/06 05:43:17 Image size of job updated: 4688876
	3967  -  MemoryUsage of job (MB)
	4061772  -  ResidentSetSize of job (KB)
...
006 (005.1406.000) 05/06 05:43:24 Image size of job updated: 4703212
	4002  -  MemoryUsage of job (MB)
	4097808  -  ResidentSetSize of job (KB)
...
006 (005.1406.000) 05/06 05:43:29 Image size of job updated: 4756460
	4033  -  MemoryUsage of job (MB)
	4128960  -  ResidentSetSize of job (KB)
...
006 (005.1406.000) 05/06 05:43:34 Image size of job updated: 4767724
	4056  -  MemoryUsage of job (MB)
	4153248  -  ResidentSetSize of job (KB)
...
006 (005.1406.000) 05/06 05:43:39 Image size of job updated: 4793324
	4087  -  MemoryUsage of job (MB)
	4184400  -  ResidentSetSize of job (KB)
...
006 (005.1406.000) 05/06 05:43:44 Image size of job updated: 4793324
	4118  -  MemoryUsage of job (MB)
	4215816  -  ResidentSetSize of job (KB)
...
006 (005.1406.000) 05/06 05:43:49 Image size of job updated: 4849644
	4147  -  MemoryUsage of job (MB)
	4245516  -  ResidentSetSize of job (KB)
...
006 (005.1406.000) 05/06 05:43:54 Image size of job updated: 4899820
	4176  -  MemoryUsage of job (MB)
	4275612  -  ResidentSetSize of job (KB)
...
006 (005.1406.000) 05/06 05:43:59 Image size of job updated: 4940780
	4207  -  MemoryUsage of job (MB)
	4307556  -  ResidentSetSize of job (KB)
...
006 (005.1406.000) 05/06 05:44:04 Image size of job updated: 4952044
	4238  -  MemoryUsage of job (MB)
	4339236  -  ResidentSetSize of job (KB)
...
006 (005.1406.000) 05/06 05:44:09 Image size of job updated: 4987884
	4264  -  MemoryUsage of job (MB)
	4366296  -  ResidentSetSize of job (KB)
...
006 (005.1406.000) 05/06 05:44:14 Image size of job updated: 5026796
	4291  -  MemoryUsage of job (MB)
	4393224  -  ResidentSetSize of job (KB)
...
006 (005.1406.000) 05/06 05:44:19 Image size of job updated: 5026796
	4317  -  MemoryUsage of job (MB)
	4420284  -  ResidentSetSize of job (KB)
...
006 (005.1406.000) 05/06 05:44:24 Image size of job updated: 5026796
	4346  -  MemoryUsage of job (MB)
	4449588  -  ResidentSetSize of job (KB)
...
006 (005.1406.000) 05/06 05:44:29 Image size of job updated: 5106668
	4369  -  MemoryUsage of job (MB)
	4473084  -  ResidentSetSize of job (KB)
...
006 (005.1406.000) 05/06 05:44:34 Image size of job updated: 5114860
	4393  -  MemoryUsage of job (MB)
	4498296  -  ResidentSetSize of job (KB)
...
006 (005.1406.000) 05/06 05:44:39 Image size of job updated: 5151724
	4418  -  MemoryUsage of job (MB)
	4523508  -  ResidentSetSize of job (KB)
...
006 (005.1406.000) 05/06 05:44:44 Image size of job updated: 5151724
	4443  -  MemoryUsage of job (MB)
	4549116  -  ResidentSetSize of job (KB)
...
006 (005.1406.000) 05/06 05:44:49 Image size of job updated: 5200876
	4467  -  MemoryUsage of job (MB)
	4573272  -  ResidentSetSize of job (KB)
...
006 (005.1406.000) 05/06 05:44:54 Image size of job updated: 5229548
	4491  -  MemoryUsage of job (MB)
	4597956  -  ResidentSetSize of job (KB)
...
006 (005.1406.000) 05/06 05:44:59 Image size of job updated: 5229548
	4516  -  MemoryUsage of job (MB)
	4623432  -  ResidentSetSize of job (KB)
...
006 (005.1406.000) 05/06 05:45:04 Image size of job updated: 5385196
	4725  -  MemoryUsage of job (MB)
	4838064  -  ResidentSetSize of job (KB)
...
005 (005.1406.000) 05/06 05:45:10 Job terminated.
	(1) Normal termination (return value 0)
		Usr 0 00:24:53, Sys 0 00:00:04  -  Run Remote Usage
		Usr 0 00:00:00, Sys 0 00:00:00  -  Run Local Usage
		Usr 0 00:24:53, Sys 0 00:00:04  -  Total Remote Usage
		Usr 0 00:00:00, Sys 0 00:00:00  -  Total Local Usage
	0  -  Run Bytes Sent By Job
	0  -  Run Bytes Received By Job
	0  -  Total Bytes Sent By Job
	0  -  Total Bytes Received By Job
	Partitionable Resources :      Usage  Request Allocated 
	   Cpus                 :       1.00        1         1 
	   Disk (KB)            : 2000000     2000000   6275465 
	   Memory (MB)          :    4725        1954      2007 
...
