000 (005.7946.000) 05/05 20:25:08 Job submitted from host: <127.0.0.1:9618?addrs=127.0.0.1-9618&noUDP&sock=227_4816_4>
...
033 (005.7946.000) 05/06 14:17:40 Changing job attribute JobPrio from 0 to -10
...
009 (005.7946.000) 05/07 21:44:57 Job was aborted by the user.
	via condor_rm (by user aw868)
...
000 (011.895.000) 05/08 17:21:21 Job submitted from host: <127.0.0.1:9618?addrs=127.0.0.1-9618&noUDP&sock=212_fe2a_4>
...
033 (011.895.000) 05/08 20:41:34 Changing job attribute JobPrio from 0 to -5
...
001 (011.895.000) 05/08 23:40:11 Job executing on host: <127.0.0.1:9618?addrs=127.0.0.1-9618&noUDP&sock=212_fe2a_5>
...
006 (011.895.000) 05/08 23:40:16 Image size of job updated: 2000000
	101  -  MemoryUsage of job (MB)
	103092  -  ResidentSetSize of job (KB)
...
006 (011.895.000) 05/08 23:40:46 Image size of job updated: 2000000
	129  -  MemoryUsage of job (MB)
	131604  -  ResidentSetSize of job (KB)
...
006 (011.895.000) 05/08 23:40:51 Image size of job updated: 2000000
	184  -  MemoryUsage of job (MB)
	188100  -  ResidentSetSize of job (KB)
...
006 (011.895.000) 05/08 23:40:56 Image size of job updated: 2000000
	185  -  MemoryUsage of job (MB)
	188496  -  ResidentSetSize of job (KB)
...
006 (011.895.000) 05/08 23:41:02 Image size of job updated: 2000000
	189  -  MemoryUsage of job (MB)
	193116  -  ResidentSetSize of job (KB)
...
006 (011.895.000) 05/08 23:41:08 Image size of job updated: 2000000
	201  -  MemoryUsage of job (MB)
	205524  -  ResidentSetSize of job (KB)
...
006 (011.895.000) 05/08 23:41:14 Image size of job updated: 2000000
	211  -  MemoryUsage of job (MB)
	215688  -  ResidentSetSize of job (KB)
...
006 (011.895.000) 05/08 23:41:20 Image size of job updated: 2000000
	223  -  MemoryUsage of job (MB)
	227832  -  ResidentSetSize of job (KB)
...
006 (011.895.000) 05/08 23:41:26 Image size of job updated: 2000000
	234  -  MemoryUsage of job (MB)
	238656  -  ResidentSetSize of job (KB)
...
006 (011.895.000) 05/08 23:41:32 Image size of job updated: 2000000
	241  -  MemoryUsage of job (MB)
	246444  -  ResidentSetSize of job (KB)
...
006 (011.895.000) 05/08 23:41:38 Image size of job updated: 2000000
	292  -  MemoryUsage of job (MB)
	298188  -  ResidentSetSize of job (KB)
...
006 (011.895.000) 05/08 23:41:44 Image size of job updated: 2000000
	329  -  MemoryUsage of job (MB)
	336072  -  ResidentSetSize of job (KB)
...
006 (011.895.000) 05/08 23:41:50 Image size of job updated: 2000000
	369  -  MemoryUsage of job (MB)
	377652  -  ResidentSetSize of job (KB)
...
006 (011.895.000) 05/08 23:41:56 Image size of job updated: 2000000
	441  -  MemoryUsage of job (MB)
	451308  -  ResidentSetSize of job (KB)
...
006 (011.895.000) 05/08 23:42:02 Image size of job updated: 2000000
	1169  -  MemoryUsage of job (MB)
	1196316  -  ResidentSetSize of job (KB)
...
006 (011.895.000) 05/08 23:56:13 Image size of job updated: 2000000
	1169  -  MemoryUsage of job (MB)
	1196580  -  ResidentSetSize of job (KB)
...
006 (011.895.000) 05/08 23:56:19 Image size of job updated: 2000000
	1171  -  MemoryUsage of job (MB)
	1198296  -  ResidentSetSize of job (KB)
...
006 (011.895.000) 05/08 23:56:25 Image size of job updated: 2000000
	1253  -  MemoryUsage of job (MB)
	1282908  -  ResidentSetSize of job (KB)
...
006 (011.895.000) 05/08 23:56:31 Image size of job updated: 2000000
	1675  -  MemoryUsage of job (MB)
	1714548  -  ResidentSetSize of job (KB)
...
006 (011.895.000) 05/08 23:56:37 Image size of job updated: 2345704
	1885  -  MemoryUsage of job (MB)
	1929840  -  ResidentSetSize of job (KB)
...
006 (011.895.000) 05/08 23:56:43 Image size of job updated: 2579432
	1904  -  MemoryUsage of job (MB)
	1948848  -  ResidentSetSize of job (KB)
...
006 (011.895.000) 05/08 23:56:49 Image size of job updated: 2596840
	1923  -  MemoryUsage of job (MB)
	1968252  -  ResidentSetSize of job (KB)
...
006 (011.895.000) 05/08 23:56:55 Image size of job updated: 2596840
	1937  -  MemoryUsage of job (MB)
	1982772  -  ResidentSetSize of job (KB)
...
006 (011.895.000) 05/08 23:57:01 Image size of job updated: 2622440
	1946  -  MemoryUsage of job (MB)
	1991748  -  ResidentSetSize of job (KB)
...
006 (011.895.000) 05/08 23:57:07 Image size of job updated: 2629608
	1956  -  MemoryUsage of job (MB)
	2002176  -  ResidentSetSize of job (KB)
...
006 (011.895.000) 05/08 23:57:13 Image size of job updated: 2635752
	1966  -  MemoryUsage of job (MB)
	2012868  -  ResidentSetSize of job (KB)
...
006 (011.895.000) 05/08 23:57:19 Image size of job updated: 2635752
	1976  -  MemoryUsage of job (MB)
	2022504  -  ResidentSetSize of job (KB)
...
006 (011.895.000) 05/08 23:57:25 Image size of job updated: 2654184
	1983  -  MemoryUsage of job (MB)
	2030028  -  ResidentSetSize of job (KB)
...
006 (011.895.000) 05/08 23:57:31 Image size of job updated: 2654184
	1990  -  MemoryUsage of job (MB)
	2037024  -  ResidentSetSize of job (KB)
...
006 (011.895.000) 05/08 23:57:37 Image size of job updated: 2676712
	2000  -  MemoryUsage of job (MB)
	2047980  -  ResidentSetSize of job (KB)
...
006 (011.895.000) 05/08 23:57:43 Image size of job updated: 2676712
	2009  -  MemoryUsage of job (MB)
	2056428  -  ResidentSetSize of job (KB)
...
006 (011.895.000) 05/08 23:57:49 Image size of job updated: 2676712
	2017  -  MemoryUsage of job (MB)
	2064480  -  ResidentSetSize of job (KB)
...
006 (011.895.000) 05/08 23:57:55 Image size of job updated: 2697192
	2024  -  MemoryUsage of job (MB)
	2072532  -  ResidentSetSize of job (KB)
...
006 (011.895.000) 05/08 23:58:01 Image size of job updated: 2697192
	2033  -  MemoryUsage of job (MB)
	2080848  -  ResidentSetSize of job (KB)
...
006 (011.895.000) 05/08 23:58:07 Image size of job updated: 2719720
	2042  -  MemoryUsage of job (MB)
	2090748  -  ResidentSetSize of job (KB)
...
006 (011.895.000) 05/08 23:58:13 Image size of job updated: 2727912
	2052  -  MemoryUsage of job (MB)
	2100516  -  ResidentSetSize of job (KB)
...
006 (011.895.000) 05/08 23:58:19 Image size of job updated: 2730984
	2058  -  MemoryUsage of job (MB)
	2106852  -  ResidentSetSize of job (KB)
...
006 (011.895.000) 05/08 23:58:25 Image size of job updated: 2740200
	2065  -  MemoryUsage of job (MB)
	2114112  -  ResidentSetSize of job (KB)
...
006 (011.895.000) 05/08 23:58:31 Image size of job updated: 2740200
	2076  -  MemoryUsage of job (MB)
	2125068  -  ResidentSetSize of job (KB)
...
006 (011.895.000) 05/08 23:58:37 Image size of job updated: 2740200
	2084  -  MemoryUsage of job (MB)
	2133912  -  ResidentSetSize of job (KB)
...
006 (011.895.000) 05/08 23:58:43 Image size of job updated: 2763752
	2092  -  MemoryUsage of job (MB)
	2142096  -  ResidentSetSize of job (KB)
...
006 (011.895.000) 05/08 23:58:49 Image size of job updated: 2763752
	2100  -  MemoryUsage of job (MB)
	2150016  -  ResidentSetSize of job (KB)
...
006 (011.895.000) 05/08 23:58:56 Image size of job updated: 2784232
	2108  -  MemoryUsage of job (MB)
	2158464  -  ResidentSetSize of job (KB)
...
006 (011.895.000) 05/08 23:59:01 Image size of job updated: 2784232
	2114  -  MemoryUsage of job (MB)
	2164008  -  ResidentSetSize of job (KB)
...
006 (011.895.000) 05/08 23:59:06 Image size of job updated: 2784232
	2123  -  MemoryUsage of job (MB)
	2173644  -  ResidentSetSize of job (KB)
...
006 (011.895.000) 05/08 23:59:11 Image size of job updated: 2806760
	2130  -  MemoryUsage of job (MB)
	2180244  -  ResidentSetSize of job (KB)
...
006 (011.895.000) 05/08 23:59:16 Image size of job updated: 2806760
	2137  -  MemoryUsage of job (MB)
	2187504  -  ResidentSetSize of job (KB)
...
006 (011.895.000) 05/08 23:59:21 Image size of job updated: 2819048
	2144  -  MemoryUsage of job (MB)
	2195292  -  ResidentSetSize of job (KB)
...
006 (011.895.000) 05/08 23:59:26 Image size of job updated: 2829288
	2152  -  MemoryUsage of job (MB)
	2203344  -  ResidentSetSize of job (KB)
...
006 (011.895.000) 05/08 23:59:31 Image size of job updated: 2829288
	2162  -  MemoryUsage of job (MB)
	2212980  -  ResidentSetSize of job (KB)
...
006 (011.895.000) 05/08 23:59:36 Image size of job updated: 2844648
	2169  -  MemoryUsage of job (MB)
	2220636  -  ResidentSetSize of job (KB)
...
006 (011.895.000) 05/08 23:59:41 Image size of job updated: 2855912
	2176  -  MemoryUsage of job (MB)
	2228160  -  ResidentSetSize of job (KB)
...
006 (011.895.000) 05/08 23:59:46 Image size of job updated: 2855912
	2185  -  MemoryUsage of job (MB)
	2236740  -  ResidentSetSize of job (KB)
...
006 (011.895.000) 05/08 23:59:51 Image size of job updated: 2855912
	2192  -  MemoryUsage of job (MB)
	2243868  -  ResidentSetSize of job (KB)
...
006 (011.895.000) 05/08 23:59:56 Image size of job updated: 2881512
	2199  -  MemoryUsage of job (MB)
	2251656  -  ResidentSetSize of job (KB)
...
006 (011.895.000) 05/09 00:00:01 Image size of job updated: 2884584
	2207  -  MemoryUsage of job (MB)
	2259576  -  ResidentSetSize of job (KB)
...
006 (011.895.000) 05/09 00:00:06 Image size of job updated: 2890728
	2216  -  MemoryUsage of job (MB)
	2268288  -  ResidentSetSize of job (KB)
...
006 (011.895.000) 05/09 00:00:11 Image size of job updated: 2890728
	2222  -  MemoryUsage of job (MB)
	2274756  -  ResidentSetSize of job (KB)
...
006 (011.895.000) 05/09 00:00:16 Image size of job updated: 2908136
	2229  -  MemoryUsage of job (MB)
	2281884  -  ResidentSetSize of job (KB)
...
006 (011.895.000) 05/09 00:00:21 Image size of job updated: 2914280
	2237  -  MemoryUsage of job (MB)
	2289804  -  ResidentSetSize of job (KB)
...
006 (011.895.000) 05/09 00:00:26 Image size of job updated: 2914280
	2244  -  MemoryUsage of job (MB)
	2297196  -  ResidentSetSize of job (KB)
...
006 (011.895.000) 05/09 00:00:31 Image size of job updated: 2929640
	2253  -  MemoryUsage of job (MB)
	2306172  -  ResidentSetSize of job (KB)
...
006 (011.895.000) 05/09 00:00:36 Image size of job updated: 2929640
	2259  -  MemoryUsage of job (MB)
	2313036  -  ResidentSetSize of job (KB)
...
006 (011.895.000) 05/09 00:00:41 Image size of job updated: 2929640
	2267  -  MemoryUsage of job (MB)
	2321352  -  ResidentSetSize of job (KB)
...
006 (011.895.000) 05/09 00:00:46 Image size of job updated: 2952168
	2275  -  MemoryUsage of job (MB)
	2329404  -  ResidentSetSize of job (KB)
...
006 (011.895.000) 05/09 00:00:51 Image size of job updated: 2952168
	2282  -  MemoryUsage of job (MB)
	2336532  -  ResidentSetSize of job (KB)
...
006 (011.895.000) 05/09 00:00:56 Image size of job updated: 2952168
	2291  -  MemoryUsage of job (MB)
	2345772  -  ResidentSetSize of job (KB)
...
006 (011.895.000) 05/09 00:01:01 Image size of job updated: 2980840
	2300  -  MemoryUsage of job (MB)
	2354220  -  ResidentSetSize of job (KB)
...
006 (011.895.000) 05/09 00:01:06 Image size of job updated: 2989032
	2311  -  MemoryUsage of job (MB)
	2365704  -  ResidentSetSize of job (KB)
...
006 (011.895.000) 05/09 00:01:11 Image size of job updated: 2989032
	2321  -  MemoryUsage of job (MB)
	2376000  -  ResidentSetSize of job (KB)
...
006 (011.895.000) 05/09 00:01:16 Image size of job updated: 3007464
	2330  -  MemoryUsage of job (MB)
	2385108  -  ResidentSetSize of job (KB)
...
006 (011.895.000) 05/09 00:01:21 Image size of job updated: 3007464
	2337  -  MemoryUsage of job (MB)
	2392368  -  ResidentSetSize of job (KB)
...
006 (011.895.000) 05/09 00:01:26 Image size of job updated: 3025896
	2345  -  MemoryUsage of job (MB)
	2400420  -  ResidentSetSize of job (KB)
...
006 (011.895.000) 05/09 00:01:31 Image size of job updated: 3034088
	2353  -  MemoryUsage of job (MB)
	2409396  -  ResidentSetSize of job (KB)
...
006 (011.895.000) 05/09 00:01:36 Image size of job updated: 3034088
	2359  -  MemoryUsage of job (MB)
	2415468  -  ResidentSetSize of job (KB)
...
006 (011.895.000) 05/09 00:01:41 Image size of job updated: 3034088
	2368  -  MemoryUsage of job (MB)
	2424180  -  ResidentSetSize of job (KB)
...
006 (011.895.000) 05/09 00:01:46 Image size of job updated: 3055592
	2375  -  MemoryUsage of job (MB)
	2431836  -  ResidentSetSize of job (KB)
...
006 (011.895.000) 05/09 00:01:51 Image size of job updated: 3055592
	2383  -  MemoryUsage of job (MB)
	2439360  -  ResidentSetSize of job (KB)
...
006 (011.895.000) 05/09 00:01:56 Image size of job updated: 3055592
	2391  -  MemoryUsage of job (MB)
	2447676  -  ResidentSetSize of job (KB)
...
006 (011.895.000) 05/09 00:02:01 Image size of job updated: 3080168
	2398  -  MemoryUsage of job (MB)
	2455068  -  ResidentSetSize of job (KB)
...
006 (011.895.000) 05/09 00:02:06 Image size of job updated: 3089384
	2405  -  MemoryUsage of job (MB)
	2462460  -  ResidentSetSize of job (KB)
...
006 (011.895.000) 05/09 00:02:11 Image size of job updated: 3089384
	2412  -  MemoryUsage of job (MB)
	2469720  -  ResidentSetSize of job (KB)
...
006 (011.895.000) 05/09 00:02:16 Image size of job updated: 3102696
	2419  -  MemoryUsage of job (MB)
	2476584  -  ResidentSetSize of job (KB)
...
006 (011.895.000) 05/09 00:02:21 Image size of job updated: 3102696
	2426  -  MemoryUsage of job (MB)
	2483976  -  ResidentSetSize of job (KB)
...
006 (011.895.000) 05/09 00:02:26 Image size of job updated: 3102696
	2434  -  MemoryUsage of job (MB)
	2491896  -  ResidentSetSize of job (KB)
...
006 (011.895.000) 05/09 00:02:31 Image size of job updated: 3124200
	2441  -  MemoryUsage of job (MB)
	2499024  -  ResidentSetSize of job (KB)
...
006 (011.895.000) 05/09 00:02:36 Image size of job updated: 3124200
	2450  -  MemoryUsage of job (MB)
	2508660  -  ResidentSetSize of job (KB)
...
006 (011.895.000) 05/09 00:02:41 Image size of job updated: 3124200
	2461  -  MemoryUsage of job (MB)
	2519616  -  ResidentSetSize of job (KB)
...
006 (011.895.000) 05/09 00:02:46 Image size of job updated: 3311592
	2670  -  MemoryUsage of job (MB)
	2733324  -  ResidentSetSize of job (KB)
...
005 (011.895.000) 05/09 00:02:52 Job terminated.
	(1) Normal termination (return value 0)
		Usr 0 00:22:08, Sys 0 00:00:02  -  Run Remote Usage
		Usr 0 00:00:00, Sys 0 00:00:00  -  Run Local Usage
		Usr 0 00:22:08, Sys 0 00:00:02  -  Total Remote Usage
		Usr 0 00:00:00, Sys 0 00:00:00  -  Total Local Usage
	0  -  Run Bytes Sent By Job
	0  -  Run Bytes Received By Job
	0  -  Total Bytes Sent By Job
	0  -  Total Bytes Received By Job
	Partitionable Resources :      Usage  Request Allocated 
	   Cpus                 :       1.00        1         1 
	   Disk (KB)            : 2000000     2000000   6232219 
	   Memory (MB)          :    2670        1954      2007 
...
