000 (005.1527.000) 05/05 20:22:11 Job submitted from host: <127.0.0.1:9618?addrs=127.0.0.1-9618&noUDP&sock=227_4816_4>
...
001 (005.1527.000) 05/06 06:07:17 Job executing on host: <127.0.0.1:9618?addrs=127.0.0.1-9618&noUDP&sock=227_4816_5>
...
006 (005.1527.000) 05/06 06:07:23 Image size of job updated: 2000000
	101  -  MemoryUsage of job (MB)
	102960  -  ResidentSetSize of job (KB)
...
006 (005.1527.000) 05/06 06:07:53 Image size of job updated: 2000000
	162  -  MemoryUsage of job (MB)
	165000  -  ResidentSetSize of job (KB)
...
006 (005.1527.000) 05/06 06:07:59 Image size of job updated: 2000000
	184  -  MemoryUsage of job (MB)
	187836  -  ResidentSetSize of job (KB)
...
006 (005.1527.000) 05/06 06:08:05 Image size of job updated: 2000000
	186  -  MemoryUsage of job (MB)
	189552  -  ResidentSetSize of job (KB)
...
006 (005.1527.000) 05/06 06:08:11 Image size of job updated: 2000000
	200  -  MemoryUsage of job (MB)
	203808  -  ResidentSetSize of job (KB)
...
006 (005.1527.000) 05/06 06:08:17 Image size of job updated: 2000000
	211  -  MemoryUsage of job (MB)
	215424  -  ResidentSetSize of job (KB)
...
006 (005.1527.000) 05/06 06:08:23 Image size of job updated: 2000000
	223  -  MemoryUsage of job (MB)
	227568  -  ResidentSetSize of job (KB)
...
006 (005.1527.000) 05/06 06:08:29 Image size of job updated: 2000000
	234  -  MemoryUsage of job (MB)
	238656  -  ResidentSetSize of job (KB)
...
006 (005.1527.000) 05/06 06:08:35 Image size of job updated: 2000000
	243  -  MemoryUsage of job (MB)
	248160  -  ResidentSetSize of job (KB)
...
006 (005.1527.000) 05/06 06:08:41 Image size of job updated: 2000000
	294  -  MemoryUsage of job (MB)
	300960  -  ResidentSetSize of job (KB)
...
006 (005.1527.000) 05/06 06:08:47 Image size of job updated: 2000000
	329  -  MemoryUsage of job (MB)
	336072  -  ResidentSetSize of job (KB)
...
006 (005.1527.000) 05/06 06:08:53 Image size of job updated: 2000000
	371  -  MemoryUsage of job (MB)
	379632  -  ResidentSetSize of job (KB)
...
006 (005.1527.000) 05/06 06:08:59 Image size of job updated: 2000000
	436  -  MemoryUsage of job (MB)
	446424  -  ResidentSetSize of job (KB)
...
006 (005.1527.000) 05/06 06:09:05 Image size of job updated: 2000000
	1157  -  MemoryUsage of job (MB)
	1184304  -  ResidentSetSize of job (KB)
...
006 (005.1527.000) 05/06 06:09:11 Image size of job updated: 2000000
	1169  -  MemoryUsage of job (MB)
	1196184  -  ResidentSetSize of job (KB)
...
006 (005.1527.000) 05/06 06:23:01 Image size of job updated: 2000000
	1170  -  MemoryUsage of job (MB)
	1197240  -  ResidentSetSize of job (KB)
...
006 (005.1527.000) 05/06 06:23:07 Image size of job updated: 2000000
	1198  -  MemoryUsage of job (MB)
	1225752  -  ResidentSetSize of job (KB)
...
006 (005.1527.000) 05/06 06:23:13 Image size of job updated: 2000000
	1551  -  MemoryUsage of job (MB)
	1588224  -  ResidentSetSize of job (KB)
...
006 (005.1527.000) 05/06 06:23:19 Image size of job updated: 2000000
	1654  -  MemoryUsage of job (MB)
	1693560  -  ResidentSetSize of job (KB)
...
006 (005.1527.000) 05/06 06:23:25 Image size of job updated: 2335968
	1908  -  MemoryUsage of job (MB)
	1953072  -  ResidentSetSize of job (KB)
...
006 (005.1527.000) 05/06 06:23:31 Image size of job updated: 2335968
	1966  -  MemoryUsage of job (MB)
	2012868  -  ResidentSetSize of job (KB)
...
006 (005.1527.000) 05/06 06:23:37 Image size of job updated: 2670048
	2001  -  MemoryUsage of job (MB)
	2048508  -  ResidentSetSize of job (KB)
...
006 (005.1527.000) 05/06 06:23:43 Image size of job updated: 2670048
	2030  -  MemoryUsage of job (MB)
	2078604  -  ResidentSetSize of job (KB)
...
006 (005.1527.000) 05/06 06:23:49 Image size of job updated: 2670048
	2061  -  MemoryUsage of job (MB)
	2109492  -  ResidentSetSize of job (KB)
...
006 (005.1527.000) 05/06 06:23:55 Image size of job updated: 2745824
	2089  -  MemoryUsage of job (MB)
	2139060  -  ResidentSetSize of job (KB)
...
006 (005.1527.000) 05/06 06:24:01 Image size of job updated: 2745824
	2121  -  MemoryUsage of job (MB)
	2171136  -  ResidentSetSize of job (KB)
...
006 (005.1527.000) 05/06 06:24:07 Image size of job updated: 2825696
	2154  -  MemoryUsage of job (MB)
	2204928  -  ResidentSetSize of job (KB)
...
006 (005.1527.000) 05/06 06:24:13 Image size of job updated: 2825696
	2186  -  MemoryUsage of job (MB)
	2237796  -  ResidentSetSize of job (KB)
...
006 (005.1527.000) 05/06 06:24:19 Image size of job updated: 2825696
	2218  -  MemoryUsage of job (MB)
	2270268  -  ResidentSetSize of job (KB)
...
006 (005.1527.000) 05/06 06:24:25 Image size of job updated: 2906592
	2248  -  MemoryUsage of job (MB)
	2301420  -  ResidentSetSize of job (KB)
...
006 (005.1527.000) 05/06 06:24:31 Image size of job updated: 2956768
	2280  -  MemoryUsage of job (MB)
	2334024  -  ResidentSetSize of job (KB)
...
006 (005.1527.000) 05/06 06:24:37 Image size of job updated: 2992608
	2312  -  MemoryUsage of job (MB)
	2366760  -  ResidentSetSize of job (KB)
...
006 (005.1527.000) 05/06 06:24:43 Image size of job updated: 2992608
	2345  -  MemoryUsage of job (MB)
	2400420  -  ResidentSetSize of job (KB)
...
006 (005.1527.000) 05/06 06:24:49 Image size of job updated: 2992608
	2371  -  MemoryUsage of job (MB)
	2427480  -  ResidentSetSize of job (KB)
...
006 (005.1527.000) 05/06 06:24:55 Image size of job updated: 3068384
	2396  -  MemoryUsage of job (MB)
	2452956  -  ResidentSetSize of job (KB)
...
006 (005.1527.000) 05/06 06:25:01 Image size of job updated: 3068384
	2426  -  MemoryUsage of job (MB)
	2483448  -  ResidentSetSize of job (KB)
...
006 (005.1527.000) 05/06 06:25:07 Image size of job updated: 3068384
	2449  -  MemoryUsage of job (MB)
	2507340  -  ResidentSetSize of job (KB)
...
006 (005.1527.000) 05/06 06:25:12 Image size of job updated: 3145184
	2472  -  MemoryUsage of job (MB)
	2530836  -  ResidentSetSize of job (KB)
...
006 (005.1527.000) 05/06 06:25:17 Image size of job updated: 3176928
	2493  -  MemoryUsage of job (MB)
	2552352  -  ResidentSetSize of job (KB)
...
006 (005.1527.000) 05/06 06:25:22 Image size of job updated: 3176928
	2513  -  MemoryUsage of job (MB)
	2573076  -  ResidentSetSize of job (KB)
...
006 (005.1527.000) 05/06 06:25:27 Image size of job updated: 3211744
	2535  -  MemoryUsage of job (MB)
	2595384  -  ResidentSetSize of job (KB)
...
006 (005.1527.000) 05/06 06:25:32 Image size of job updated: 3211744
	2557  -  MemoryUsage of job (MB)
	2618352  -  ResidentSetSize of job (KB)
...
006 (005.1527.000) 05/06 06:25:37 Image size of job updated: 3211744
	2581  -  MemoryUsage of job (MB)
	2642904  -  ResidentSetSize of job (KB)
...
006 (005.1527.000) 05/06 06:25:42 Image size of job updated: 3291616
	2604  -  MemoryUsage of job (MB)
	2666400  -  ResidentSetSize of job (KB)
...
006 (005.1527.000) 05/06 06:25:47 Image size of job updated: 3305952
	2627  -  MemoryUsage of job (MB)
	2690028  -  ResidentSetSize of job (KB)
...
006 (005.1527.000) 05/06 06:25:52 Image size of job updated: 3330528
	2651  -  MemoryUsage of job (MB)
	2714448  -  ResidentSetSize of job (KB)
...
006 (005.1527.000) 05/06 06:25:57 Image size of job updated: 3362272
	2673  -  MemoryUsage of job (MB)
	2736624  -  ResidentSetSize of job (KB)
...
006 (005.1527.000) 05/06 06:26:02 Image size of job updated: 3378656
	2695  -  MemoryUsage of job (MB)
	2758800  -  ResidentSetSize of job (KB)
...
006 (005.1527.000) 05/06 06:26:07 Image size of job updated: 3378656
	2714  -  MemoryUsage of job (MB)
	2779128  -  ResidentSetSize of job (KB)
...
006 (005.1527.000) 05/06 06:26:12 Image size of job updated: 3418592
	2740  -  MemoryUsage of job (MB)
	2805000  -  ResidentSetSize of job (KB)
...
006 (005.1527.000) 05/06 06:26:17 Image size of job updated: 3418592
	2763  -  MemoryUsage of job (MB)
	2829156  -  ResidentSetSize of job (KB)
...
006 (005.1527.000) 05/06 06:26:22 Image size of job updated: 3418592
	2785  -  MemoryUsage of job (MB)
	2851200  -  ResidentSetSize of job (KB)
...
006 (005.1527.000) 05/06 06:26:27 Image size of job updated: 3493344
	2808  -  MemoryUsage of job (MB)
	2874432  -  ResidentSetSize of job (KB)
...
006 (005.1527.000) 05/06 06:26:32 Image size of job updated: 3493344
	2830  -  MemoryUsage of job (MB)
	2897532  -  ResidentSetSize of job (KB)
...
006 (005.1527.000) 05/06 06:26:37 Image size of job updated: 3493344
	2854  -  MemoryUsage of job (MB)
	2921556  -  ResidentSetSize of job (KB)
...
006 (005.1527.000) 05/06 06:26:42 Image size of job updated: 3562976
	2876  -  MemoryUsage of job (MB)
	2944392  -  ResidentSetSize of job (KB)
...
006 (005.1527.000) 05/06 06:26:47 Image size of job updated: 3562976
	2898  -  MemoryUsage of job (MB)
	2966700  -  ResidentSetSize of job (KB)
...
006 (005.1527.000) 05/06 06:26:52 Image size of job updated: 3562976
	2920  -  MemoryUsage of job (MB)
	2989536  -  ResidentSetSize of job (KB)
...
006 (005.1527.000) 05/06 06:26:57 Image size of job updated: 3637728
	2943  -  MemoryUsage of job (MB)
	3013032  -  ResidentSetSize of job (KB)
...
006 (005.1527.000) 05/06 06:27:02 Image size of job updated: 3637728
	2965  -  MemoryUsage of job (MB)
	3035604  -  ResidentSetSize of job (KB)
...
006 (005.1527.000) 05/06 06:27:07 Image size of job updated: 3637728
	2989  -  MemoryUsage of job (MB)
	3060552  -  ResidentSetSize of job (KB)
...
006 (005.1527.000) 05/06 06:27:12 Image size of job updated: 3711456
	3012  -  MemoryUsage of job (MB)
	3084048  -  ResidentSetSize of job (KB)
...
006 (005.1527.000) 05/06 06:27:17 Image size of job updated: 3727840
	3035  -  MemoryUsage of job (MB)
	3107544  -  ResidentSetSize of job (KB)
...
006 (005.1527.000) 05/06 06:27:22 Image size of job updated: 3754464
	3056  -  MemoryUsage of job (MB)
	3129324  -  ResidentSetSize of job (KB)
...
006 (005.1527.000) 05/06 06:27:27 Image size of job updated: 3774944
	3079  -  MemoryUsage of job (MB)
	3152556  -  ResidentSetSize of job (KB)
...
006 (005.1527.000) 05/06 06:27:32 Image size of job updated: 3793376
	3101  -  MemoryUsage of job (MB)
	3175128  -  ResidentSetSize of job (KB)
...
006 (005.1527.000) 05/06 06:27:37 Image size of job updated: 3808736
	3123  -  MemoryUsage of job (MB)
	3197700  -  ResidentSetSize of job (KB)
...
006 (005.1527.000) 05/06 06:27:42 Image size of job updated: 3839456
	3145  -  MemoryUsage of job (MB)
	3220404  -  ResidentSetSize of job (KB)
...
006 (005.1527.000) 05/06 06:27:47 Image size of job updated: 3850720
	3167  -  MemoryUsage of job (MB)
	3242712  -  ResidentSetSize of job (KB)
...
006 (005.1527.000) 05/06 06:27:52 Image size of job updated: 3850720
	3191  -  MemoryUsage of job (MB)
	3266868  -  ResidentSetSize of job (KB)
...
006 (005.1527.000) 05/06 06:27:57 Image size of job updated: 3910112
	3216  -  MemoryUsage of job (MB)
	3292740  -  ResidentSetSize of job (KB)
...
006 (005.1527.000) 05/06 06:28:02 Image size of job updated: 3941856
	3240  -  MemoryUsage of job (MB)
	3317688  -  ResidentSetSize of job (KB)
...
006 (005.1527.000) 05/06 06:28:07 Image size of job updated: 3941856
	3265  -  MemoryUsage of job (MB)
	3342900  -  ResidentSetSize of job (KB)
...
006 (005.1527.000) 05/06 06:28:12 Image size of job updated: 3941856
	3287  -  MemoryUsage of job (MB)
	3365076  -  ResidentSetSize of job (KB)
...
006 (005.1527.000) 05/06 06:28:17 Image size of job updated: 4013536
	3308  -  MemoryUsage of job (MB)
	3387120  -  ResidentSetSize of job (KB)
...
006 (005.1527.000) 05/06 06:28:22 Image size of job updated: 4014560
	3334  -  MemoryUsage of job (MB)
	3413652  -  ResidentSetSize of job (KB)
...
006 (005.1527.000) 05/06 06:28:27 Image size of job updated: 4014560
	3357  -  MemoryUsage of job (MB)
	3436752  -  ResidentSetSize of job (KB)
...
006 (005.1527.000) 05/06 06:28:32 Image size of job updated: 4073952
	3382  -  MemoryUsage of job (MB)
	3462228  -  ResidentSetSize of job (KB)
...
006 (005.1527.000) 05/06 06:28:37 Image size of job updated: 4073952
	3406  -  MemoryUsage of job (MB)
	3487572  -  ResidentSetSize of job (KB)
...
006 (005.1527.000) 05/06 06:28:42 Image size of job updated: 4073952
	3432  -  MemoryUsage of job (MB)
	3513708  -  ResidentSetSize of job (KB)
...
006 (005.1527.000) 05/06 06:28:47 Image size of job updated: 4162016
	3461  -  MemoryUsage of job (MB)
	3543408  -  ResidentSetSize of job (KB)
...
006 (005.1527.000) 05/06 06:28:52 Image size of job updated: 4162016
	3489  -  MemoryUsage of job (MB)
	3572052  -  ResidentSetSize of job (KB)
...
006 (005.1527.000) 05/06 06:28:57 Image size of job updated: 4162016
	3519  -  MemoryUsage of job (MB)
	3603072  -  ResidentSetSize of job (KB)
...
006 (005.1527.000) 05/06 06:29:02 Image size of job updated: 4240864
	3548  -  MemoryUsage of job (MB)
	3632640  -  ResidentSetSize of job (KB)
...
006 (005.1527.000) 05/06 06:29:07 Image size of job updated: 4240864
	3576  -  MemoryUsage of job (MB)
	3661020  -  ResidentSetSize of job (KB)
...
006 (005.1527.000) 05/06 06:29:12 Image size of job updated: 4240864
	3607  -  MemoryUsage of job (MB)
	3692964  -  ResidentSetSize of job (KB)
...
006 (005.1527.000) 05/06 06:29:17 Image size of job updated: 4338144
	3640  -  MemoryUsage of job (MB)
	3726756  -  ResidentSetSize of job (KB)
...
006 (005.1527.000) 05/06 06:29:22 Image size of job updated: 4338144
	3673  -  MemoryUsage of job (MB)
	3760812  -  ResidentSetSize of job (KB)
...
006 (005.1527.000) 05/06 06:29:27 Image size of job updated: 4338144
	3706  -  MemoryUsage of job (MB)
	3794076  -  ResidentSetSize of job (KB)
...
006 (005.1527.000) 05/06 06:29:32 Image size of job updated: 4440544
	3737  -  MemoryUsage of job (MB)
	3826416  -  ResidentSetSize of job (KB)
...
006 (005.1527.000) 05/06 06:29:37 Image size of job updated: 4440544
	3770  -  MemoryUsage of job (MB)
	3860208  -  ResidentSetSize of job (KB)
...
006 (005.1527.000) 05/06 06:29:42 Image size of job updated: 4440544
	3799  -  MemoryUsage of job (MB)
	3890040  -  ResidentSetSize of job (KB)
...
006 (005.1527.000) 05/06 06:29:47 Image size of job updated: 4537824
	3826  -  MemoryUsage of job (MB)
	3917100  -  ResidentSetSize of job (KB)
...
006 (005.1527.000) 05/06 06:29:52 Image size of job updated: 4537824
	3854  -  MemoryUsage of job (MB)
	3945480  -  ResidentSetSize of job (KB)
...
006 (005.1527.000) 05/06 06:29:57 Image size of job updated: 4537824
	3876  -  MemoryUsage of job (MB)
	3968448  -  ResidentSetSize of job (KB)
...
006 (005.1527.000) 05/06 06:30:02 Image size of job updated: 4618720
	3898  -  MemoryUsage of job (MB)
	3991152  -  ResidentSetSize of job (KB)
...
006 (005.1527.000) 05/06 06:30:07 Image size of job updated: 4618720
	3924  -  MemoryUsage of job (MB)
	4017420  -  ResidentSetSize of job (KB)
...
006 (005.1527.000) 05/06 06:30:12 Image size of job updated: 4618720
	3948  -  MemoryUsage of job (MB)
	4041972  -  ResidentSetSize of job (KB)
...
006 (005.1527.000) 05/06 06:30:17 Image size of job updated: 4696544
	3968  -  MemoryUsage of job (MB)
	4063092  -  ResidentSetSize of job (KB)
...
006 (005.1527.000) 05/06 06:30:22 Image size of job updated: 4703712
	3993  -  MemoryUsage of job (MB)
	4088172  -  ResidentSetSize of job (KB)
...
006 (005.1527.000) 05/06 06:30:27 Image size of job updated: 4703712
	4017  -  MemoryUsage of job (MB)
	4112724  -  ResidentSetSize of job (KB)
...
006 (005.1527.000) 05/06 06:30:32 Image size of job updated: 4703712
	4039  -  MemoryUsage of job (MB)
	4135032  -  ResidentSetSize of job (KB)
...
006 (005.1527.000) 05/06 06:30:37 Image size of job updated: 4769248
	4063  -  MemoryUsage of job (MB)
	4160112  -  ResidentSetSize of job (KB)
...
006 (005.1527.000) 05/06 06:30:42 Image size of job updated: 4769248
	4087  -  MemoryUsage of job (MB)
	4184268  -  ResidentSetSize of job (KB)
...
006 (005.1527.000) 05/06 06:30:47 Image size of job updated: 4830688
	4108  -  MemoryUsage of job (MB)
	4205916  -  ResidentSetSize of job (KB)
...
006 (005.1527.000) 05/06 06:30:52 Image size of job updated: 4855264
	4131  -  MemoryUsage of job (MB)
	4229280  -  ResidentSetSize of job (KB)
...
006 (005.1527.000) 05/06 06:30:57 Image size of job updated: 4869600
	4151  -  MemoryUsage of job (MB)
	4250004  -  ResidentSetSize of job (KB)
...
006 (005.1527.000) 05/06 06:31:02 Image size of job updated: 4903392
	4175  -  MemoryUsage of job (MB)
	4274424  -  ResidentSetSize of job (KB)
...
006 (005.1527.000) 05/06 06:31:07 Image size of job updated: 4922848
	4196  -  MemoryUsage of job (MB)
	4296336  -  ResidentSetSize of job (KB)
...
006 (005.1527.000) 05/06 06:31:12 Image size of job updated: 4922848
	4217  -  MemoryUsage of job (MB)
	4317720  -  ResidentSetSize of job (KB)
...
006 (005.1527.000) 05/06 06:31:17 Image size of job updated: 4922848
	4238  -  MemoryUsage of job (MB)
	4339104  -  ResidentSetSize of job (KB)
...
006 (005.1527.000) 05/06 06:31:22 Image size of job updated: 4986336
	4261  -  MemoryUsage of job (MB)
	4362996  -  ResidentSetSize of job (KB)
...
006 (005.1527.000) 05/06 06:31:27 Image size of job updated: 4986336
	4283  -  MemoryUsage of job (MB)
	4385436  -  ResidentSetSize of job (KB)
...
006 (005.1527.000) 05/06 06:31:32 Image size of job updated: 4986336
	4307  -  MemoryUsage of job (MB)
	4409592  -  ResidentSetSize of job (KB)
...
006 (005.1527.000) 05/06 06:31:37 Image size of job updated: 5058016
	4330  -  MemoryUsage of job (MB)
	4432956  -  ResidentSetSize of job (KB)
...
006 (005.1527.000) 05/06 06:31:42 Image size of job updated: 5068256
	4350  -  MemoryUsage of job (MB)
	4454076  -  ResidentSetSize of job (KB)
...
006 (005.1527.000) 05/06 06:31:47 Image size of job updated: 5068256
	4374  -  MemoryUsage of job (MB)
	4478364  -  ResidentSetSize of job (KB)
...
006 (005.1527.000) 05/06 06:31:52 Image size of job updated: 5125600
	4398  -  MemoryUsage of job (MB)
	4503312  -  ResidentSetSize of job (KB)
...
006 (005.1527.000) 05/06 06:31:57 Image size of job updated: 5125600
	4423  -  MemoryUsage of job (MB)
	4528392  -  ResidentSetSize of job (KB)
...
006 (005.1527.000) 05/06 06:32:02 Image size of job updated: 5125600
	4453  -  MemoryUsage of job (MB)
	4559016  -  ResidentSetSize of job (KB)
...
006 (005.1527.000) 05/06 06:32:07 Image size of job updated: 5353952
	4670  -  MemoryUsage of job (MB)
	4781172  -  ResidentSetSize of job (KB)
...
006 (005.1527.000) 05/06 06:32:12 Image size of job updated: 5413344
	4670  -  MemoryUsage of job (MB)
	4781172  -  ResidentSetSize of job (KB)
...
005 (005.1527.000) 05/06 06:32:12 Job terminated.
	(1) Normal termination (return value 0)
		Usr 0 00:24:22, Sys 0 00:00:04  -  Run Remote Usage
		Usr 0 00:00:00, Sys 0 00:00:00  -  Run Local Usage
		Usr 0 00:24:22, Sys 0 00:00:04  -  Total Remote Usage
		Usr 0 00:00:00, Sys 0 00:00:00  -  Total Local Usage
	0  -  Run Bytes Sent By Job
	0  -  Run Bytes Received By Job
	0  -  Total Bytes Sent By Job
	0  -  Total Bytes Received By Job
	Partitionable Resources :      Usage  Request Allocated 
	   Cpus                 :       1.00        1         1 
	   Disk (KB)            : 2000000     2000000   6275465 
	   Memory (MB)          :    4670        1954      2007 
...
