000 (205.5904.000) 05/06 03:20:27 Job submitted from host: <127.0.0.1:9618?addrs=127.0.0.1-9618&noUDP&sock=222_da1d_4>
...
033 (205.5904.000) 05/06 14:23:25 Changing job attribute JobPrio from 0 to -5
...
000 (007.5904.000) 05/07 19:00:29 Job submitted from host: <127.0.0.1:9618?addrs=127.0.0.1-9618&noUDP&sock=215_0cf3_4>
...
000 (016.5904.000) 05/08 15:57:34 Job submitted from host: <127.0.0.1:9618?addrs=127.0.0.1-9618&noUDP&sock=227_4816_4>
...
009 (016.5904.000) 05/09 16:55:15 Job was aborted by the user.
	via condor_rm (by user aw868)
...
000 (017.2571.000) 05/09 17:26:14 Job submitted from host: <127.0.0.1:9618?addrs=127.0.0.1-9618&noUDP&sock=227_4816_4>
...
001 (017.2571.000) 05/10 11:59:00 Job executing on host: <127.0.0.1:9618?addrs=127.0.0.1-9618&noUDP&sock=227_4816_5>
...
006 (017.2571.000) 05/10 11:59:06 Image size of job updated: 2000000
	115  -  MemoryUsage of job (MB)
	117216  -  ResidentSetSize of job (KB)
...
006 (017.2571.000) 05/10 11:59:36 Image size of job updated: 2000000
	173  -  MemoryUsage of job (MB)
	176352  -  ResidentSetSize of job (KB)
...
006 (017.2571.000) 05/10 11:59:42 Image size of job updated: 2000000
	211  -  MemoryUsage of job (MB)
	215688  -  ResidentSetSize of job (KB)
...
006 (017.2571.000) 05/10 11:59:48 Image size of job updated: 2000000
	212  -  MemoryUsage of job (MB)
	216348  -  ResidentSetSize of job (KB)
...
006 (017.2571.000) 05/10 11:59:54 Image size of job updated: 2000000
	227  -  MemoryUsage of job (MB)
	231528  -  ResidentSetSize of job (KB)
...
006 (017.2571.000) 05/10 12:00:00 Image size of job updated: 2000000
	239  -  MemoryUsage of job (MB)
	244464  -  ResidentSetSize of job (KB)
...
006 (017.2571.000) 05/10 12:00:06 Image size of job updated: 2000000
	253  -  MemoryUsage of job (MB)
	258060  -  ResidentSetSize of job (KB)
...
006 (017.2571.000) 05/10 12:00:12 Image size of job updated: 2000000
	263  -  MemoryUsage of job (MB)
	268752  -  ResidentSetSize of job (KB)
...
006 (017.2571.000) 05/10 12:00:18 Image size of job updated: 2000000
	272  -  MemoryUsage of job (MB)
	278520  -  ResidentSetSize of job (KB)
...
006 (017.2571.000) 05/10 12:00:24 Image size of job updated: 2000000
	299  -  MemoryUsage of job (MB)
	305184  -  ResidentSetSize of job (KB)
...
006 (017.2571.000) 05/10 12:00:30 Image size of job updated: 2000000
	346  -  MemoryUsage of job (MB)
	353760  -  ResidentSetSize of job (KB)
...
006 (017.2571.000) 05/10 12:00:36 Image size of job updated: 2000000
	380  -  MemoryUsage of job (MB)
	388740  -  ResidentSetSize of job (KB)
...
006 (017.2571.000) 05/10 12:00:42 Image size of job updated: 2000000
	381  -  MemoryUsage of job (MB)
	389136  -  ResidentSetSize of job (KB)
...
006 (017.2571.000) 05/10 12:00:48 Image size of job updated: 2000000
	471  -  MemoryUsage of job (MB)
	481932  -  ResidentSetSize of job (KB)
...
006 (017.2571.000) 05/10 12:00:54 Image size of job updated: 2000000
	535  -  MemoryUsage of job (MB)
	547404  -  ResidentSetSize of job (KB)
...
006 (017.2571.000) 05/10 12:01:00 Image size of job updated: 2000000
	1243  -  MemoryUsage of job (MB)
	1272480  -  ResidentSetSize of job (KB)
...
006 (017.2571.000) 05/10 12:18:37 Image size of job updated: 2000000
	1311  -  MemoryUsage of job (MB)
	1341516  -  ResidentSetSize of job (KB)
...
006 (017.2571.000) 05/10 12:18:43 Image size of job updated: 2000000
	1690  -  MemoryUsage of job (MB)
	1729860  -  ResidentSetSize of job (KB)
...
006 (017.2571.000) 05/10 12:18:49 Image size of job updated: 2704620
	1973  -  MemoryUsage of job (MB)
	2019468  -  ResidentSetSize of job (KB)
...
006 (017.2571.000) 05/10 12:18:55 Image size of job updated: 2704620
	2036  -  MemoryUsage of job (MB)
	2084412  -  ResidentSetSize of job (KB)
...
006 (017.2571.000) 05/10 12:19:01 Image size of job updated: 2766572
	2118  -  MemoryUsage of job (MB)
	2168760  -  ResidentSetSize of job (KB)
...
006 (017.2571.000) 05/10 12:19:07 Image size of job updated: 2871020
	2214  -  MemoryUsage of job (MB)
	2266440  -  ResidentSetSize of job (KB)
...
006 (017.2571.000) 05/10 12:19:13 Image size of job updated: 2871020
	2302  -  MemoryUsage of job (MB)
	2356596  -  ResidentSetSize of job (KB)
...
006 (017.2571.000) 05/10 12:19:19 Image size of job updated: 2871020
	2378  -  MemoryUsage of job (MB)
	2434344  -  ResidentSetSize of job (KB)
...
006 (017.2571.000) 05/10 12:19:25 Image size of job updated: 3085036
	2448  -  MemoryUsage of job (MB)
	2506416  -  ResidentSetSize of job (KB)
...
006 (017.2571.000) 05/10 12:19:31 Image size of job updated: 3085036
	2503  -  MemoryUsage of job (MB)
	2563044  -  ResidentSetSize of job (KB)
...
006 (017.2571.000) 05/10 12:19:37 Image size of job updated: 3263212
	2567  -  MemoryUsage of job (MB)
	2628384  -  ResidentSetSize of job (KB)
...
006 (017.2571.000) 05/10 12:19:43 Image size of job updated: 3263212
	2613  -  MemoryUsage of job (MB)
	2674848  -  ResidentSetSize of job (KB)
...
006 (017.2571.000) 05/10 12:19:49 Image size of job updated: 3377900
	2686  -  MemoryUsage of job (MB)
	2749560  -  ResidentSetSize of job (KB)
...
006 (017.2571.000) 05/10 12:19:55 Image size of job updated: 3446508
	2758  -  MemoryUsage of job (MB)
	2823876  -  ResidentSetSize of job (KB)
...
006 (017.2571.000) 05/10 12:20:01 Image size of job updated: 3446508
	2831  -  MemoryUsage of job (MB)
	2898720  -  ResidentSetSize of job (KB)
...
006 (017.2571.000) 05/10 12:20:07 Image size of job updated: 3643116
	2905  -  MemoryUsage of job (MB)
	2974620  -  ResidentSetSize of job (KB)
...
006 (017.2571.000) 05/10 12:20:13 Image size of job updated: 3643116
	3004  -  MemoryUsage of job (MB)
	3075732  -  ResidentSetSize of job (KB)
...
006 (017.2571.000) 05/10 12:20:19 Image size of job updated: 3643116
	3087  -  MemoryUsage of job (MB)
	3160476  -  ResidentSetSize of job (KB)
...
006 (017.2571.000) 05/10 12:20:25 Image size of job updated: 3878636
	3139  -  MemoryUsage of job (MB)
	3214332  -  ResidentSetSize of job (KB)
...
006 (017.2571.000) 05/10 12:20:36 Image size of job updated: 3878636
	3187  -  MemoryUsage of job (MB)
	3262908  -  ResidentSetSize of job (KB)
...
006 (017.2571.000) 05/10 12:20:50 Image size of job updated: 4063980
	3371  -  MemoryUsage of job (MB)
	3451800  -  ResidentSetSize of job (KB)
...
006 (017.2571.000) 05/10 12:21:01 Image size of job updated: 4233964
	3502  -  MemoryUsage of job (MB)
	3585120  -  ResidentSetSize of job (KB)
...
006 (017.2571.000) 05/10 12:21:08 Image size of job updated: 4372204
	3572  -  MemoryUsage of job (MB)
	3657720  -  ResidentSetSize of job (KB)
...
006 (017.2571.000) 05/10 12:21:14 Image size of job updated: 4445932
	3644  -  MemoryUsage of job (MB)
	3731112  -  ResidentSetSize of job (KB)
...
006 (017.2571.000) 05/10 12:21:20 Image size of job updated: 4506348
	3717  -  MemoryUsage of job (MB)
	3805824  -  ResidentSetSize of job (KB)
...
006 (017.2571.000) 05/10 12:21:26 Image size of job updated: 4506348
	3791  -  MemoryUsage of job (MB)
	3881856  -  ResidentSetSize of job (KB)
...
006 (017.2571.000) 05/10 12:21:32 Image size of job updated: 4622060
	3869  -  MemoryUsage of job (MB)
	3961716  -  ResidentSetSize of job (KB)
...
006 (017.2571.000) 05/10 12:21:38 Image size of job updated: 4622060
	3943  -  MemoryUsage of job (MB)
	4037616  -  ResidentSetSize of job (KB)
...
006 (017.2571.000) 05/10 12:21:44 Image size of job updated: 4839148
	4018  -  MemoryUsage of job (MB)
	4114308  -  ResidentSetSize of job (KB)
...
006 (017.2571.000) 05/10 12:21:50 Image size of job updated: 4891372
	4093  -  MemoryUsage of job (MB)
	4191132  -  ResidentSetSize of job (KB)
...
006 (017.2571.000) 05/10 12:21:56 Image size of job updated: 4980460
	4170  -  MemoryUsage of job (MB)
	4269672  -  ResidentSetSize of job (KB)
...
006 (017.2571.000) 05/10 12:22:02 Image size of job updated: 5015276
	4246  -  MemoryUsage of job (MB)
	4347684  -  ResidentSetSize of job (KB)
...
006 (017.2571.000) 05/10 12:22:08 Image size of job updated: 5015276
	4321  -  MemoryUsage of job (MB)
	4423848  -  ResidentSetSize of job (KB)
...
006 (017.2571.000) 05/10 12:22:14 Image size of job updated: 5207788
	4397  -  MemoryUsage of job (MB)
	4501860  -  ResidentSetSize of job (KB)
...
006 (017.2571.000) 05/10 12:22:20 Image size of job updated: 5207788
	4472  -  MemoryUsage of job (MB)
	4578816  -  ResidentSetSize of job (KB)
...
006 (017.2571.000) 05/10 12:22:26 Image size of job updated: 5207788
	4546  -  MemoryUsage of job (MB)
	4654320  -  ResidentSetSize of job (KB)
...
006 (017.2571.000) 05/10 12:22:32 Image size of job updated: 5467884
	4620  -  MemoryUsage of job (MB)
	4730220  -  ResidentSetSize of job (KB)
...
006 (017.2571.000) 05/10 12:22:38 Image size of job updated: 5467884
	4693  -  MemoryUsage of job (MB)
	4805328  -  ResidentSetSize of job (KB)
...
006 (017.2571.000) 05/10 12:22:44 Image size of job updated: 5610220
	4766  -  MemoryUsage of job (MB)
	4879512  -  ResidentSetSize of job (KB)
...
006 (017.2571.000) 05/10 12:22:50 Image size of job updated: 5610220
	4839  -  MemoryUsage of job (MB)
	4955016  -  ResidentSetSize of job (KB)
...
006 (017.2571.000) 05/10 12:22:56 Image size of job updated: 5610220
	4911  -  MemoryUsage of job (MB)
	5028672  -  ResidentSetSize of job (KB)
...
006 (017.2571.000) 05/10 12:23:02 Image size of job updated: 5816044
	4984  -  MemoryUsage of job (MB)
	5102856  -  ResidentSetSize of job (KB)
...
006 (017.2571.000) 05/10 12:23:08 Image size of job updated: 5816044
	5056  -  MemoryUsage of job (MB)
	5177040  -  ResidentSetSize of job (KB)
...
006 (017.2571.000) 05/10 12:23:14 Image size of job updated: 5816044
	5129  -  MemoryUsage of job (MB)
	5251092  -  ResidentSetSize of job (KB)
...
006 (017.2571.000) 05/10 12:23:20 Image size of job updated: 6012652
	5188  -  MemoryUsage of job (MB)
	5312340  -  ResidentSetSize of job (KB)
...
006 (017.2571.000) 05/10 12:23:25 Image size of job updated: 6052588
	5249  -  MemoryUsage of job (MB)
	5374380  -  ResidentSetSize of job (KB)
...
006 (017.2571.000) 05/10 12:23:30 Image size of job updated: 6052588
	5309  -  MemoryUsage of job (MB)
	5435760  -  ResidentSetSize of job (KB)
...
006 (017.2571.000) 05/10 12:23:35 Image size of job updated: 6222572
	5370  -  MemoryUsage of job (MB)
	5498328  -  ResidentSetSize of job (KB)
...
006 (017.2571.000) 05/10 12:23:40 Image size of job updated: 6222572
	5431  -  MemoryUsage of job (MB)
	5560632  -  ResidentSetSize of job (KB)
...
006 (017.2571.000) 05/10 12:23:45 Image size of job updated: 6222572
	5492  -  MemoryUsage of job (MB)
	5622804  -  ResidentSetSize of job (KB)
...
006 (017.2571.000) 05/10 12:23:50 Image size of job updated: 6420204
	5532  -  MemoryUsage of job (MB)
	5663988  -  ResidentSetSize of job (KB)
...
006 (017.2571.000) 05/10 12:23:55 Image size of job updated: 6420204
	5564  -  MemoryUsage of job (MB)
	5696988  -  ResidentSetSize of job (KB)
...
006 (017.2571.000) 05/10 12:24:00 Image size of job updated: 6420204
	5593  -  MemoryUsage of job (MB)
	5726292  -  ResidentSetSize of job (KB)
...
006 (017.2571.000) 05/10 12:24:05 Image size of job updated: 6576876
	5610  -  MemoryUsage of job (MB)
	5744508  -  ResidentSetSize of job (KB)
...
006 (017.2571.000) 05/10 12:24:10 Image size of job updated: 6586092
	5663  -  MemoryUsage of job (MB)
	5798892  -  ResidentSetSize of job (KB)
...
006 (017.2571.000) 05/10 12:24:15 Image size of job updated: 6653676
	5726  -  MemoryUsage of job (MB)
	5862648  -  ResidentSetSize of job (KB)
...
006 (017.2571.000) 05/10 12:24:20 Image size of job updated: 6724332
	5791  -  MemoryUsage of job (MB)
	5929440  -  ResidentSetSize of job (KB)
...
006 (017.2571.000) 05/10 12:24:25 Image size of job updated: 6792940
	5854  -  MemoryUsage of job (MB)
	5993988  -  ResidentSetSize of job (KB)
...
006 (017.2571.000) 05/10 12:24:30 Image size of job updated: 6792940
	5918  -  MemoryUsage of job (MB)
	6059856  -  ResidentSetSize of job (KB)
...
006 (017.2571.000) 05/10 12:24:35 Image size of job updated: 6792940
	5982  -  MemoryUsage of job (MB)
	6125460  -  ResidentSetSize of job (KB)
...
006 (017.2571.000) 05/10 12:24:40 Image size of job updated: 6984428
	6045  -  MemoryUsage of job (MB)
	6189084  -  ResidentSetSize of job (KB)
...
006 (017.2571.000) 05/10 12:24:45 Image size of job updated: 6984428
	6107  -  MemoryUsage of job (MB)
	6253236  -  ResidentSetSize of job (KB)
...
006 (017.2571.000) 05/10 12:24:50 Image size of job updated: 6984428
	6168  -  MemoryUsage of job (MB)
	6315672  -  ResidentSetSize of job (KB)
...
006 (017.2571.000) 05/10 12:24:55 Image size of job updated: 7197420
	6230  -  MemoryUsage of job (MB)
	6379428  -  ResidentSetSize of job (KB)
...
006 (017.2571.000) 05/10 12:25:00 Image size of job updated: 7284460
	6292  -  MemoryUsage of job (MB)
	6442260  -  ResidentSetSize of job (KB)
...
006 (017.2571.000) 05/10 12:25:05 Image size of job updated: 7284460
	6353  -  MemoryUsage of job (MB)
	6505356  -  ResidentSetSize of job (KB)
...
006 (017.2571.000) 05/10 12:25:10 Image size of job updated: 7383788
	6414  -  MemoryUsage of job (MB)
	6567132  -  ResidentSetSize of job (KB)
...
006 (017.2571.000) 05/10 12:25:15 Image size of job updated: 7383788
	6476  -  MemoryUsage of job (MB)
	6630492  -  ResidentSetSize of job (KB)
...
006 (017.2571.000) 05/10 12:25:20 Image size of job updated: 7383788
	6536  -  MemoryUsage of job (MB)
	6692664  -  ResidentSetSize of job (KB)
...
006 (017.2571.000) 05/10 12:25:25 Image size of job updated: 7583468
	6597  -  MemoryUsage of job (MB)
	6754704  -  ResidentSetSize of job (KB)
...
006 (017.2571.000) 05/10 12:25:30 Image size of job updated: 7631596
	6658  -  MemoryUsage of job (MB)
	6817404  -  ResidentSetSize of job (KB)
...
006 (017.2571.000) 05/10 12:25:35 Image size of job updated: 7708396
	6719  -  MemoryUsage of job (MB)
	6879444  -  ResidentSetSize of job (KB)
...
006 (017.2571.000) 05/10 12:25:40 Image size of job updated: 7758572
	6780  -  MemoryUsage of job (MB)
	6941880  -  ResidentSetSize of job (KB)
...
006 (017.2571.000) 05/10 12:25:45 Image size of job updated: 7758572
	6840  -  MemoryUsage of job (MB)
	7003392  -  ResidentSetSize of job (KB)
...
006 (017.2571.000) 05/10 12:25:50 Image size of job updated: 7758572
	6900  -  MemoryUsage of job (MB)
	7065300  -  ResidentSetSize of job (KB)
...
006 (017.2571.000) 05/10 12:25:55 Image size of job updated: 7965420
	6960  -  MemoryUsage of job (MB)
	7126944  -  ResidentSetSize of job (KB)
...
006 (017.2571.000) 05/10 12:26:00 Image size of job updated: 7965420
	7022  -  MemoryUsage of job (MB)
	7189512  -  ResidentSetSize of job (KB)
...
006 (017.2571.000) 05/10 12:26:05 Image size of job updated: 8098540
	7083  -  MemoryUsage of job (MB)
	7252872  -  ResidentSetSize of job (KB)
...
006 (017.2571.000) 05/10 12:26:10 Image size of job updated: 8154860
	7145  -  MemoryUsage of job (MB)
	7316100  -  ResidentSetSize of job (KB)
...
006 (017.2571.000) 05/10 12:26:15 Image size of job updated: 8202988
	7207  -  MemoryUsage of job (MB)
	7379724  -  ResidentSetSize of job (KB)
...
006 (017.2571.000) 05/10 12:26:20 Image size of job updated: 8202988
	7269  -  MemoryUsage of job (MB)
	7442556  -  ResidentSetSize of job (KB)
...
006 (017.2571.000) 05/10 12:26:25 Image size of job updated: 8343276
	7331  -  MemoryUsage of job (MB)
	7506576  -  ResidentSetSize of job (KB)
...
006 (017.2571.000) 05/10 12:26:30 Image size of job updated: 8343276
	7394  -  MemoryUsage of job (MB)
	7570728  -  ResidentSetSize of job (KB)
...
006 (017.2571.000) 05/10 12:26:35 Image size of job updated: 8343276
	7456  -  MemoryUsage of job (MB)
	7634220  -  ResidentSetSize of job (KB)
...
006 (017.2571.000) 05/10 12:26:40 Image size of job updated: 8652524
	7688  -  MemoryUsage of job (MB)
	7871952  -  ResidentSetSize of job (KB)
...
006 (017.2571.000) 05/10 12:26:45 Image size of job updated: 8652524
	7746  -  MemoryUsage of job (MB)
	7931484  -  ResidentSetSize of job (KB)
...
005 (017.2571.000) 05/10 12:26:48 Job terminated.
	(1) Normal termination (return value 0)
		Usr 0 00:26:55, Sys 0 00:00:11  -  Run Remote Usage
		Usr 0 00:00:00, Sys 0 00:00:00  -  Run Local Usage
		Usr 0 00:26:55, Sys 0 00:00:11  -  Total Remote Usage
		Usr 0 00:00:00, Sys 0 00:00:00  -  Total Local Usage
	0  -  Run Bytes Sent By Job
	0  -  Run Bytes Received By Job
	0  -  Total Bytes Sent By Job
	0  -  Total Bytes Received By Job
	Partitionable Resources :      Usage  Request Allocated 
	   Cpus                 :       0.93        1         1 
	   Disk (KB)            : 2000000     2000000   6275465 
	   Memory (MB)          :    7746        1954      2007 
...
