000 (005.7133.000) 05/05 20:24:44 Job submitted from host: <127.0.0.1:9618?addrs=127.0.0.1-9618&noUDP&sock=227_4816_4>
...
033 (005.7133.000) 05/06 14:17:29 Changing job attribute JobPrio from 0 to -10
...
009 (005.7133.000) 05/07 21:44:40 Job was aborted by the user.
	via condor_rm (by user aw868)
...
000 (011.082.000) 05/08 17:21:13 Job submitted from host: <127.0.0.1:9618?addrs=127.0.0.1-9618&noUDP&sock=212_fe2a_4>
...
001 (011.082.000) 05/08 17:52:51 Job executing on host: <127.0.0.1:9618?addrs=127.0.0.1-9618&noUDP&sock=212_fe2a_5>
...
006 (011.082.000) 05/08 17:52:56 Image size of job updated: 2000000
	101  -  MemoryUsage of job (MB)
	103092  -  ResidentSetSize of job (KB)
...
006 (011.082.000) 05/08 17:53:36 Image size of job updated: 2000000
	145  -  MemoryUsage of job (MB)
	147708  -  ResidentSetSize of job (KB)
...
006 (011.082.000) 05/08 17:53:41 Image size of job updated: 2000000
	184  -  MemoryUsage of job (MB)
	188100  -  ResidentSetSize of job (KB)
...
006 (011.082.000) 05/08 17:53:46 Image size of job updated: 2000000
	184  -  MemoryUsage of job (MB)
	188364  -  ResidentSetSize of job (KB)
...
006 (011.082.000) 05/08 17:53:51 Image size of job updated: 2000000
	189  -  MemoryUsage of job (MB)
	193380  -  ResidentSetSize of job (KB)
...
006 (011.082.000) 05/08 17:53:56 Image size of job updated: 2000000
	199  -  MemoryUsage of job (MB)
	203148  -  ResidentSetSize of job (KB)
...
006 (011.082.000) 05/08 17:54:01 Image size of job updated: 2000000
	209  -  MemoryUsage of job (MB)
	213180  -  ResidentSetSize of job (KB)
...
006 (011.082.000) 05/08 17:54:06 Image size of job updated: 2000000
	216  -  MemoryUsage of job (MB)
	220968  -  ResidentSetSize of job (KB)
...
006 (011.082.000) 05/08 17:54:11 Image size of job updated: 2000000
	228  -  MemoryUsage of job (MB)
	233244  -  ResidentSetSize of job (KB)
...
006 (011.082.000) 05/08 17:54:16 Image size of job updated: 2000000
	234  -  MemoryUsage of job (MB)
	238656  -  ResidentSetSize of job (KB)
...
006 (011.082.000) 05/08 17:54:21 Image size of job updated: 2000000
	240  -  MemoryUsage of job (MB)
	245388  -  ResidentSetSize of job (KB)
...
006 (011.082.000) 05/08 17:54:26 Image size of job updated: 2000000
	271  -  MemoryUsage of job (MB)
	276540  -  ResidentSetSize of job (KB)
...
006 (011.082.000) 05/08 17:54:31 Image size of job updated: 2000000
	321  -  MemoryUsage of job (MB)
	327888  -  ResidentSetSize of job (KB)
...
006 (011.082.000) 05/08 17:54:36 Image size of job updated: 2000000
	329  -  MemoryUsage of job (MB)
	336336  -  ResidentSetSize of job (KB)
...
006 (011.082.000) 05/08 17:54:41 Image size of job updated: 2000000
	400  -  MemoryUsage of job (MB)
	409200  -  ResidentSetSize of job (KB)
...
006 (011.082.000) 05/08 17:54:46 Image size of job updated: 2000000
	451  -  MemoryUsage of job (MB)
	460944  -  ResidentSetSize of job (KB)
...
006 (011.082.000) 05/08 17:54:51 Image size of job updated: 2000000
	1169  -  MemoryUsage of job (MB)
	1196448  -  ResidentSetSize of job (KB)
...
006 (011.082.000) 05/08 18:09:28 Image size of job updated: 2000000
	1170  -  MemoryUsage of job (MB)
	1197372  -  ResidentSetSize of job (KB)
...
006 (011.082.000) 05/08 18:09:34 Image size of job updated: 2000000
	1192  -  MemoryUsage of job (MB)
	1220076  -  ResidentSetSize of job (KB)
...
006 (011.082.000) 05/08 18:09:40 Image size of job updated: 2000000
	1551  -  MemoryUsage of job (MB)
	1588092  -  ResidentSetSize of job (KB)
...
006 (011.082.000) 05/08 18:09:46 Image size of job updated: 2000000
	1672  -  MemoryUsage of job (MB)
	1711248  -  ResidentSetSize of job (KB)
...
006 (011.082.000) 05/08 18:09:52 Image size of job updated: 2000000
	1882  -  MemoryUsage of job (MB)
	1926672  -  ResidentSetSize of job (KB)
...
006 (011.082.000) 05/08 18:09:58 Image size of job updated: 2561504
	1902  -  MemoryUsage of job (MB)
	1946736  -  ResidentSetSize of job (KB)
...
006 (011.082.000) 05/08 18:10:04 Image size of job updated: 2561504
	1920  -  MemoryUsage of job (MB)
	1965480  -  ResidentSetSize of job (KB)
...
006 (011.082.000) 05/08 18:10:10 Image size of job updated: 2608608
	1929  -  MemoryUsage of job (MB)
	1974720  -  ResidentSetSize of job (KB)
...
006 (011.082.000) 05/08 18:10:16 Image size of job updated: 2608608
	1938  -  MemoryUsage of job (MB)
	1983564  -  ResidentSetSize of job (KB)
...
006 (011.082.000) 05/08 18:10:22 Image size of job updated: 2630112
	1946  -  MemoryUsage of job (MB)
	1992540  -  ResidentSetSize of job (KB)
...
006 (011.082.000) 05/08 18:10:28 Image size of job updated: 2634208
	1955  -  MemoryUsage of job (MB)
	2001120  -  ResidentSetSize of job (KB)
...
006 (011.082.000) 05/08 18:10:34 Image size of job updated: 2634208
	1962  -  MemoryUsage of job (MB)
	2008776  -  ResidentSetSize of job (KB)
...
006 (011.082.000) 05/08 18:10:40 Image size of job updated: 2658784
	1973  -  MemoryUsage of job (MB)
	2020128  -  ResidentSetSize of job (KB)
...
006 (011.082.000) 05/08 18:10:46 Image size of job updated: 2658784
	1980  -  MemoryUsage of job (MB)
	2027388  -  ResidentSetSize of job (KB)
...
006 (011.082.000) 05/08 18:10:52 Image size of job updated: 2666976
	1989  -  MemoryUsage of job (MB)
	2036232  -  ResidentSetSize of job (KB)
...
006 (011.082.000) 05/08 18:10:58 Image size of job updated: 2681312
	1999  -  MemoryUsage of job (MB)
	2046924  -  ResidentSetSize of job (KB)
...
006 (011.082.000) 05/08 18:11:04 Image size of job updated: 2694624
	2008  -  MemoryUsage of job (MB)
	2056164  -  ResidentSetSize of job (KB)
...
006 (011.082.000) 05/08 18:11:10 Image size of job updated: 2701792
	2017  -  MemoryUsage of job (MB)
	2064480  -  ResidentSetSize of job (KB)
...
006 (011.082.000) 05/08 18:11:16 Image size of job updated: 2705888
	2024  -  MemoryUsage of job (MB)
	2071740  -  ResidentSetSize of job (KB)
...
006 (011.082.000) 05/08 18:11:22 Image size of job updated: 2705888
	2033  -  MemoryUsage of job (MB)
	2081376  -  ResidentSetSize of job (KB)
...
006 (011.082.000) 05/08 18:11:28 Image size of job updated: 2727392
	2042  -  MemoryUsage of job (MB)
	2090484  -  ResidentSetSize of job (KB)
...
006 (011.082.000) 05/08 18:11:34 Image size of job updated: 2737632
	2052  -  MemoryUsage of job (MB)
	2100252  -  ResidentSetSize of job (KB)
...
006 (011.082.000) 05/08 18:11:40 Image size of job updated: 2737632
	2063  -  MemoryUsage of job (MB)
	2112264  -  ResidentSetSize of job (KB)
...
006 (011.082.000) 05/08 18:11:46 Image size of job updated: 2751968
	2070  -  MemoryUsage of job (MB)
	2119524  -  ResidentSetSize of job (KB)
...
006 (011.082.000) 05/08 18:11:52 Image size of job updated: 2751968
	2078  -  MemoryUsage of job (MB)
	2127576  -  ResidentSetSize of job (KB)
...
006 (011.082.000) 05/08 18:11:58 Image size of job updated: 2772448
	2087  -  MemoryUsage of job (MB)
	2136288  -  ResidentSetSize of job (KB)
...
006 (011.082.000) 05/08 18:12:04 Image size of job updated: 2775520
	2095  -  MemoryUsage of job (MB)
	2145264  -  ResidentSetSize of job (KB)
...
006 (011.082.000) 05/08 18:12:10 Image size of job updated: 2790880
	2105  -  MemoryUsage of job (MB)
	2155032  -  ResidentSetSize of job (KB)
...
006 (011.082.000) 05/08 18:12:16 Image size of job updated: 2796000
	2114  -  MemoryUsage of job (MB)
	2163744  -  ResidentSetSize of job (KB)
...
006 (011.082.000) 05/08 18:12:22 Image size of job updated: 2796000
	2122  -  MemoryUsage of job (MB)
	2172588  -  ResidentSetSize of job (KB)
...
006 (011.082.000) 05/08 18:12:28 Image size of job updated: 2817504
	2131  -  MemoryUsage of job (MB)
	2181696  -  ResidentSetSize of job (KB)
...
006 (011.082.000) 05/08 18:12:34 Image size of job updated: 2818528
	2139  -  MemoryUsage of job (MB)
	2190144  -  ResidentSetSize of job (KB)
...
006 (011.082.000) 05/08 18:12:40 Image size of job updated: 2827744
	2148  -  MemoryUsage of job (MB)
	2199252  -  ResidentSetSize of job (KB)
...
006 (011.082.000) 05/08 18:12:46 Image size of job updated: 2840032
	2157  -  MemoryUsage of job (MB)
	2208624  -  ResidentSetSize of job (KB)
...
006 (011.082.000) 05/08 18:12:52 Image size of job updated: 2851296
	2165  -  MemoryUsage of job (MB)
	2216544  -  ResidentSetSize of job (KB)
...
006 (011.082.000) 05/08 18:12:58 Image size of job updated: 2857440
	2172  -  MemoryUsage of job (MB)
	2223804  -  ResidentSetSize of job (KB)
...
006 (011.082.000) 05/08 18:13:04 Image size of job updated: 2860512
	2173  -  MemoryUsage of job (MB)
	2224464  -  ResidentSetSize of job (KB)
...
006 (011.082.000) 05/08 18:13:10 Image size of job updated: 2860512
	2180  -  MemoryUsage of job (MB)
	2231592  -  ResidentSetSize of job (KB)
...
006 (011.082.000) 05/08 18:13:16 Image size of job updated: 2879968
	2185  -  MemoryUsage of job (MB)
	2236740  -  ResidentSetSize of job (KB)
...
006 (011.082.000) 05/08 18:13:22 Image size of job updated: 2888160
	2185  -  MemoryUsage of job (MB)
	2236740  -  ResidentSetSize of job (KB)
...
006 (011.082.000) 05/08 18:13:28 Image size of job updated: 2888160
	2191  -  MemoryUsage of job (MB)
	2242812  -  ResidentSetSize of job (KB)
...
006 (011.082.000) 05/08 18:13:34 Image size of job updated: 2898400
	2200  -  MemoryUsage of job (MB)
	2251920  -  ResidentSetSize of job (KB)
...
006 (011.082.000) 05/08 18:13:40 Image size of job updated: 2908640
	2207  -  MemoryUsage of job (MB)
	2259576  -  ResidentSetSize of job (KB)
...
006 (011.082.000) 05/08 18:13:47 Image size of job updated: 2924000
	2217  -  MemoryUsage of job (MB)
	2269476  -  ResidentSetSize of job (KB)
...
006 (011.082.000) 05/08 18:13:52 Image size of job updated: 2924000
	2223  -  MemoryUsage of job (MB)
	2275680  -  ResidentSetSize of job (KB)
...
006 (011.082.000) 05/08 18:13:57 Image size of job updated: 2931168
	2231  -  MemoryUsage of job (MB)
	2283864  -  ResidentSetSize of job (KB)
...
006 (011.082.000) 05/08 18:14:02 Image size of job updated: 2942432
	2238  -  MemoryUsage of job (MB)
	2290728  -  ResidentSetSize of job (KB)
...
006 (011.082.000) 05/08 18:14:07 Image size of job updated: 2946528
	2244  -  MemoryUsage of job (MB)
	2297460  -  ResidentSetSize of job (KB)
...
006 (011.082.000) 05/08 18:14:12 Image size of job updated: 2956768
	2251  -  MemoryUsage of job (MB)
	2304852  -  ResidentSetSize of job (KB)
...
006 (011.082.000) 05/08 18:14:17 Image size of job updated: 2963936
	2258  -  MemoryUsage of job (MB)
	2312112  -  ResidentSetSize of job (KB)
...
006 (011.082.000) 05/08 18:14:22 Image size of job updated: 2963936
	2266  -  MemoryUsage of job (MB)
	2320164  -  ResidentSetSize of job (KB)
...
006 (011.082.000) 05/08 18:14:27 Image size of job updated: 2963936
	2273  -  MemoryUsage of job (MB)
	2327160  -  ResidentSetSize of job (KB)
...
006 (011.082.000) 05/08 18:14:32 Image size of job updated: 2985440
	2281  -  MemoryUsage of job (MB)
	2335344  -  ResidentSetSize of job (KB)
...
006 (011.082.000) 05/08 18:14:37 Image size of job updated: 2985440
	2289  -  MemoryUsage of job (MB)
	2343132  -  ResidentSetSize of job (KB)
...
006 (011.082.000) 05/08 18:14:42 Image size of job updated: 2998752
	2296  -  MemoryUsage of job (MB)
	2350260  -  ResidentSetSize of job (KB)
...
006 (011.082.000) 05/08 18:14:47 Image size of job updated: 3008992
	2304  -  MemoryUsage of job (MB)
	2358312  -  ResidentSetSize of job (KB)
...
006 (011.082.000) 05/08 18:14:52 Image size of job updated: 3015136
	2311  -  MemoryUsage of job (MB)
	2365836  -  ResidentSetSize of job (KB)
...
006 (011.082.000) 05/08 18:14:57 Image size of job updated: 3015136
	2319  -  MemoryUsage of job (MB)
	2373756  -  ResidentSetSize of job (KB)
...
006 (011.082.000) 05/08 18:15:02 Image size of job updated: 3034592
	2327  -  MemoryUsage of job (MB)
	2382204  -  ResidentSetSize of job (KB)
...
006 (011.082.000) 05/08 18:15:07 Image size of job updated: 3040736
	2336  -  MemoryUsage of job (MB)
	2391708  -  ResidentSetSize of job (KB)
...
006 (011.082.000) 05/08 18:15:12 Image size of job updated: 3052000
	2344  -  MemoryUsage of job (MB)
	2400024  -  ResidentSetSize of job (KB)
...
006 (011.082.000) 05/08 18:15:17 Image size of job updated: 3062240
	2353  -  MemoryUsage of job (MB)
	2409132  -  ResidentSetSize of job (KB)
...
006 (011.082.000) 05/08 18:15:22 Image size of job updated: 3062240
	2361  -  MemoryUsage of job (MB)
	2416788  -  ResidentSetSize of job (KB)
...
006 (011.082.000) 05/08 18:15:27 Image size of job updated: 3062240
	2370  -  MemoryUsage of job (MB)
	2426292  -  ResidentSetSize of job (KB)
...
006 (011.082.000) 05/08 18:15:32 Image size of job updated: 3087840
	2377  -  MemoryUsage of job (MB)
	2433948  -  ResidentSetSize of job (KB)
...
006 (011.082.000) 05/08 18:15:37 Image size of job updated: 3092960
	2386  -  MemoryUsage of job (MB)
	2442396  -  ResidentSetSize of job (KB)
...
006 (011.082.000) 05/08 18:15:42 Image size of job updated: 3102176
	2394  -  MemoryUsage of job (MB)
	2450712  -  ResidentSetSize of job (KB)
...
006 (011.082.000) 05/08 18:15:47 Image size of job updated: 3109344
	2402  -  MemoryUsage of job (MB)
	2459292  -  ResidentSetSize of job (KB)
...
006 (011.082.000) 05/08 18:15:52 Image size of job updated: 3117536
	2411  -  MemoryUsage of job (MB)
	2468268  -  ResidentSetSize of job (KB)
...
006 (011.082.000) 05/08 18:15:57 Image size of job updated: 3117536
	2417  -  MemoryUsage of job (MB)
	2475000  -  ResidentSetSize of job (KB)
...
006 (011.082.000) 05/08 18:16:02 Image size of job updated: 3117536
	2425  -  MemoryUsage of job (MB)
	2482788  -  ResidentSetSize of job (KB)
...
006 (011.082.000) 05/08 18:16:07 Image size of job updated: 3142112
	2433  -  MemoryUsage of job (MB)
	2491236  -  ResidentSetSize of job (KB)
...
006 (011.082.000) 05/08 18:16:12 Image size of job updated: 3150304
	2441  -  MemoryUsage of job (MB)
	2498628  -  ResidentSetSize of job (KB)
...
006 (011.082.000) 05/08 18:16:17 Image size of job updated: 3150304
	2449  -  MemoryUsage of job (MB)
	2507472  -  ResidentSetSize of job (KB)
...
006 (011.082.000) 05/08 18:16:22 Image size of job updated: 3169760
	2457  -  MemoryUsage of job (MB)
	2515788  -  ResidentSetSize of job (KB)
...
006 (011.082.000) 05/08 18:16:27 Image size of job updated: 3169760
	2465  -  MemoryUsage of job (MB)
	2523444  -  ResidentSetSize of job (KB)
...
006 (011.082.000) 05/08 18:16:32 Image size of job updated: 3181024
	2472  -  MemoryUsage of job (MB)
	2531232  -  ResidentSetSize of job (KB)
...
006 (011.082.000) 05/08 18:16:37 Image size of job updated: 3194336
	2482  -  MemoryUsage of job (MB)
	2540604  -  ResidentSetSize of job (KB)
...
006 (011.082.000) 05/08 18:16:42 Image size of job updated: 3201504
	2490  -  MemoryUsage of job (MB)
	2549448  -  ResidentSetSize of job (KB)
...
006 (011.082.000) 05/08 18:16:47 Image size of job updated: 3213792
	2502  -  MemoryUsage of job (MB)
	2561460  -  ResidentSetSize of job (KB)
...
006 (011.082.000) 05/08 18:16:52 Image size of job updated: 3213792
	2514  -  MemoryUsage of job (MB)
	2573340  -  ResidentSetSize of job (KB)
...
006 (011.082.000) 05/08 18:16:57 Image size of job updated: 3233248
	2526  -  MemoryUsage of job (MB)
	2585880  -  ResidentSetSize of job (KB)
...
006 (011.082.000) 05/08 18:17:02 Image size of job updated: 3250656
	2537  -  MemoryUsage of job (MB)
	2597232  -  ResidentSetSize of job (KB)
...
006 (011.082.000) 05/08 18:17:07 Image size of job updated: 3250656
	2544  -  MemoryUsage of job (MB)
	2604360  -  ResidentSetSize of job (KB)
...
006 (011.082.000) 05/08 18:17:12 Image size of job updated: 3261920
	2553  -  MemoryUsage of job (MB)
	2613864  -  ResidentSetSize of job (KB)
...
006 (011.082.000) 05/08 18:17:17 Image size of job updated: 3261920
	2562  -  MemoryUsage of job (MB)
	2623104  -  ResidentSetSize of job (KB)
...
006 (011.082.000) 05/08 18:17:22 Image size of job updated: 3283424
	2568  -  MemoryUsage of job (MB)
	2629572  -  ResidentSetSize of job (KB)
...
006 (011.082.000) 05/08 18:17:27 Image size of job updated: 3293664
	2579  -  MemoryUsage of job (MB)
	2640000  -  ResidentSetSize of job (KB)
...
006 (011.082.000) 05/08 18:17:32 Image size of job updated: 3293664
	2587  -  MemoryUsage of job (MB)
	2648448  -  ResidentSetSize of job (KB)
...
006 (011.082.000) 05/08 18:17:37 Image size of job updated: 3293664
	2596  -  MemoryUsage of job (MB)
	2657820  -  ResidentSetSize of job (KB)
...
006 (011.082.000) 05/08 18:17:42 Image size of job updated: 3317216
	2605  -  MemoryUsage of job (MB)
	2666796  -  ResidentSetSize of job (KB)
...
006 (011.082.000) 05/08 18:17:47 Image size of job updated: 3327456
	2614  -  MemoryUsage of job (MB)
	2675904  -  ResidentSetSize of job (KB)
...
006 (011.082.000) 05/08 18:17:52 Image size of job updated: 3340768
	2624  -  MemoryUsage of job (MB)
	2686200  -  ResidentSetSize of job (KB)
...
006 (011.082.000) 05/08 18:17:57 Image size of job updated: 3343840
	2632  -  MemoryUsage of job (MB)
	2694648  -  ResidentSetSize of job (KB)
...
006 (011.082.000) 05/08 18:18:02 Image size of job updated: 3343840
	2640  -  MemoryUsage of job (MB)
	2703096  -  ResidentSetSize of job (KB)
...
006 (011.082.000) 05/08 18:18:07 Image size of job updated: 3343840
	2651  -  MemoryUsage of job (MB)
	2713656  -  ResidentSetSize of job (KB)
...
006 (011.082.000) 05/08 18:18:12 Image size of job updated: 3372512
	2659  -  MemoryUsage of job (MB)
	2722632  -  ResidentSetSize of job (KB)
...
006 (011.082.000) 05/08 18:18:17 Image size of job updated: 3372512
	2669  -  MemoryUsage of job (MB)
	2732400  -  ResidentSetSize of job (KB)
...
006 (011.082.000) 05/08 18:18:22 Image size of job updated: 3372512
	2679  -  MemoryUsage of job (MB)
	2742564  -  ResidentSetSize of job (KB)
...
006 (011.082.000) 05/08 18:18:27 Image size of job updated: 3400160
	2841  -  MemoryUsage of job (MB)
	2908488  -  ResidentSetSize of job (KB)
...
006 (011.082.000) 05/08 18:18:32 Image size of job updated: 3614176
	2909  -  MemoryUsage of job (MB)
	2978184  -  ResidentSetSize of job (KB)
...
005 (011.082.000) 05/08 18:18:36 Job terminated.
	(1) Normal termination (return value 0)
		Usr 0 00:24:57, Sys 0 00:00:05  -  Run Remote Usage
		Usr 0 00:00:00, Sys 0 00:00:00  -  Run Local Usage
		Usr 0 00:24:57, Sys 0 00:00:05  -  Total Remote Usage
		Usr 0 00:00:00, Sys 0 00:00:00  -  Total Local Usage
	0  -  Run Bytes Sent By Job
	0  -  Run Bytes Received By Job
	0  -  Total Bytes Sent By Job
	0  -  Total Bytes Received By Job
	Partitionable Resources :      Usage  Request Allocated 
	   Cpus                 :       0.92        1         1 
	   Disk (KB)            : 2000000     2000000   6232219 
	   Memory (MB)          :    2909        1954      2007 
...
