000 (005.10874.000) 05/05 20:26:36 Job submitted from host: <127.0.0.1:9618?addrs=127.0.0.1-9618&noUDP&sock=227_4816_4>
...
033 (005.10874.000) 05/06 14:18:29 Changing job attribute JobPrio from 0 to -10
...
009 (005.10874.000) 05/07 21:46:03 Job was aborted by the user.
	via condor_rm (by user aw868)
...
000 (011.3823.000) 05/08 17:21:52 Job submitted from host: <127.0.0.1:9618?addrs=127.0.0.1-9618&noUDP&sock=212_fe2a_4>
...
033 (011.3823.000) 05/08 20:42:12 Changing job attribute JobPrio from 0 to -5
...
001 (011.3823.000) 05/09 19:18:22 Job executing on host: <127.0.0.1:9618?addrs=127.0.0.1-9618&noUDP&sock=212_fe2a_5>
...
006 (011.3823.000) 05/09 19:18:28 Image size of job updated: 2000000
	101  -  MemoryUsage of job (MB)
	102960  -  ResidentSetSize of job (KB)
...
006 (011.3823.000) 05/09 19:18:58 Image size of job updated: 2000000
	144  -  MemoryUsage of job (MB)
	147180  -  ResidentSetSize of job (KB)
...
006 (011.3823.000) 05/09 19:19:04 Image size of job updated: 2000000
	184  -  MemoryUsage of job (MB)
	188100  -  ResidentSetSize of job (KB)
...
006 (011.3823.000) 05/09 19:19:10 Image size of job updated: 2000000
	185  -  MemoryUsage of job (MB)
	188496  -  ResidentSetSize of job (KB)
...
006 (011.3823.000) 05/09 19:19:16 Image size of job updated: 2000000
	195  -  MemoryUsage of job (MB)
	198792  -  ResidentSetSize of job (KB)
...
006 (011.3823.000) 05/09 19:19:22 Image size of job updated: 2000000
	207  -  MemoryUsage of job (MB)
	211068  -  ResidentSetSize of job (KB)
...
006 (011.3823.000) 05/09 19:19:28 Image size of job updated: 2000000
	217  -  MemoryUsage of job (MB)
	221232  -  ResidentSetSize of job (KB)
...
006 (011.3823.000) 05/09 19:19:34 Image size of job updated: 2000000
	229  -  MemoryUsage of job (MB)
	234432  -  ResidentSetSize of job (KB)
...
006 (011.3823.000) 05/09 19:19:40 Image size of job updated: 2000000
	238  -  MemoryUsage of job (MB)
	243408  -  ResidentSetSize of job (KB)
...
006 (011.3823.000) 05/09 19:19:46 Image size of job updated: 2000000
	255  -  MemoryUsage of job (MB)
	260700  -  ResidentSetSize of job (KB)
...
006 (011.3823.000) 05/09 19:19:52 Image size of job updated: 2000000
	298  -  MemoryUsage of job (MB)
	305052  -  ResidentSetSize of job (KB)
...
006 (011.3823.000) 05/09 19:19:58 Image size of job updated: 2000000
	329  -  MemoryUsage of job (MB)
	336336  -  ResidentSetSize of job (KB)
...
006 (011.3823.000) 05/09 19:20:04 Image size of job updated: 2000000
	370  -  MemoryUsage of job (MB)
	378048  -  ResidentSetSize of job (KB)
...
006 (011.3823.000) 05/09 19:20:10 Image size of job updated: 2000000
	437  -  MemoryUsage of job (MB)
	446952  -  ResidentSetSize of job (KB)
...
006 (011.3823.000) 05/09 19:20:16 Image size of job updated: 2000000
	1169  -  MemoryUsage of job (MB)
	1196448  -  ResidentSetSize of job (KB)
...
006 (011.3823.000) 05/09 19:34:14 Image size of job updated: 2000000
	1171  -  MemoryUsage of job (MB)
	1198428  -  ResidentSetSize of job (KB)
...
006 (011.3823.000) 05/09 19:34:20 Image size of job updated: 2000000
	1247  -  MemoryUsage of job (MB)
	1276044  -  ResidentSetSize of job (KB)
...
006 (011.3823.000) 05/09 19:34:26 Image size of job updated: 2000000
	1622  -  MemoryUsage of job (MB)
	1660296  -  ResidentSetSize of job (KB)
...
006 (011.3823.000) 05/09 19:34:32 Image size of job updated: 2325196
	1695  -  MemoryUsage of job (MB)
	1734876  -  ResidentSetSize of job (KB)
...
006 (011.3823.000) 05/09 19:34:38 Image size of job updated: 2325196
	1891  -  MemoryUsage of job (MB)
	1935912  -  ResidentSetSize of job (KB)
...
006 (011.3823.000) 05/09 19:34:44 Image size of job updated: 2325196
	1936  -  MemoryUsage of job (MB)
	1981584  -  ResidentSetSize of job (KB)
...
006 (011.3823.000) 05/09 19:34:50 Image size of job updated: 2630636
	1955  -  MemoryUsage of job (MB)
	2001516  -  ResidentSetSize of job (KB)
...
006 (011.3823.000) 05/09 19:34:56 Image size of job updated: 2642924
	1970  -  MemoryUsage of job (MB)
	2016828  -  ResidentSetSize of job (KB)
...
006 (011.3823.000) 05/09 19:35:02 Image size of job updated: 2655212
	1986  -  MemoryUsage of job (MB)
	2032800  -  ResidentSetSize of job (KB)
...
006 (011.3823.000) 05/09 19:35:08 Image size of job updated: 2666476
	2000  -  MemoryUsage of job (MB)
	2047452  -  ResidentSetSize of job (KB)
...
006 (011.3823.000) 05/09 19:35:14 Image size of job updated: 2689004
	2015  -  MemoryUsage of job (MB)
	2062368  -  ResidentSetSize of job (KB)
...
006 (011.3823.000) 05/09 19:35:20 Image size of job updated: 2706412
	2029  -  MemoryUsage of job (MB)
	2076756  -  ResidentSetSize of job (KB)
...
006 (011.3823.000) 05/09 19:35:26 Image size of job updated: 2707436
	2042  -  MemoryUsage of job (MB)
	2090352  -  ResidentSetSize of job (KB)
...
006 (011.3823.000) 05/09 19:35:33 Image size of job updated: 2728940
	2057  -  MemoryUsage of job (MB)
	2105400  -  ResidentSetSize of job (KB)
...
006 (011.3823.000) 05/09 19:35:38 Image size of job updated: 2728940
	2067  -  MemoryUsage of job (MB)
	2116488  -  ResidentSetSize of job (KB)
...
006 (011.3823.000) 05/09 19:35:43 Image size of job updated: 2728940
	2079  -  MemoryUsage of job (MB)
	2128236  -  ResidentSetSize of job (KB)
...
006 (011.3823.000) 05/09 19:35:48 Image size of job updated: 2769900
	2092  -  MemoryUsage of job (MB)
	2141304  -  ResidentSetSize of job (KB)
...
006 (011.3823.000) 05/09 19:35:53 Image size of job updated: 2769900
	2104  -  MemoryUsage of job (MB)
	2154372  -  ResidentSetSize of job (KB)
...
006 (011.3823.000) 05/09 19:35:58 Image size of job updated: 2792428
	2116  -  MemoryUsage of job (MB)
	2165988  -  ResidentSetSize of job (KB)
...
006 (011.3823.000) 05/09 19:36:03 Image size of job updated: 2805740
	2127  -  MemoryUsage of job (MB)
	2177472  -  ResidentSetSize of job (KB)
...
006 (011.3823.000) 05/09 19:36:08 Image size of job updated: 2805740
	2137  -  MemoryUsage of job (MB)
	2187636  -  ResidentSetSize of job (KB)
...
006 (011.3823.000) 05/09 19:36:13 Image size of job updated: 2827244
	2150  -  MemoryUsage of job (MB)
	2200704  -  ResidentSetSize of job (KB)
...
006 (011.3823.000) 05/09 19:36:18 Image size of job updated: 2841580
	2162  -  MemoryUsage of job (MB)
	2212980  -  ResidentSetSize of job (KB)
...
006 (011.3823.000) 05/09 19:36:23 Image size of job updated: 2841580
	2176  -  MemoryUsage of job (MB)
	2227236  -  ResidentSetSize of job (KB)
...
006 (011.3823.000) 05/09 19:36:28 Image size of job updated: 2865132
	2185  -  MemoryUsage of job (MB)
	2236476  -  ResidentSetSize of job (KB)
...
006 (011.3823.000) 05/09 19:36:33 Image size of job updated: 2875372
	2195  -  MemoryUsage of job (MB)
	2247300  -  ResidentSetSize of job (KB)
...
006 (011.3823.000) 05/09 19:36:38 Image size of job updated: 2875372
	2207  -  MemoryUsage of job (MB)
	2259708  -  ResidentSetSize of job (KB)
...
006 (011.3823.000) 05/09 19:36:43 Image size of job updated: 2875372
	2220  -  MemoryUsage of job (MB)
	2273172  -  ResidentSetSize of job (KB)
...
006 (011.3823.000) 05/09 19:36:48 Image size of job updated: 2911212
	2232  -  MemoryUsage of job (MB)
	2284656  -  ResidentSetSize of job (KB)
...
006 (011.3823.000) 05/09 19:36:53 Image size of job updated: 2911212
	2243  -  MemoryUsage of job (MB)
	2296140  -  ResidentSetSize of job (KB)
...
006 (011.3823.000) 05/09 19:36:58 Image size of job updated: 2911212
	2253  -  MemoryUsage of job (MB)
	2306568  -  ResidentSetSize of job (KB)
...
006 (011.3823.000) 05/09 19:37:03 Image size of job updated: 2949100
	2265  -  MemoryUsage of job (MB)
	2319240  -  ResidentSetSize of job (KB)
...
006 (011.3823.000) 05/09 19:37:08 Image size of job updated: 2949100
	2277  -  MemoryUsage of job (MB)
	2331516  -  ResidentSetSize of job (KB)
...
006 (011.3823.000) 05/09 19:37:13 Image size of job updated: 2949100
	2289  -  MemoryUsage of job (MB)
	2343660  -  ResidentSetSize of job (KB)
...
006 (011.3823.000) 05/09 19:37:18 Image size of job updated: 2949100
	2302  -  MemoryUsage of job (MB)
	2357124  -  ResidentSetSize of job (KB)
...
006 (011.3823.000) 05/09 19:37:23 Image size of job updated: 2989036
	2314  -  MemoryUsage of job (MB)
	2369136  -  ResidentSetSize of job (KB)
...
006 (011.3823.000) 05/09 19:37:28 Image size of job updated: 2989036
	2327  -  MemoryUsage of job (MB)
	2382336  -  ResidentSetSize of job (KB)
...
006 (011.3823.000) 05/09 19:37:33 Image size of job updated: 2989036
	2339  -  MemoryUsage of job (MB)
	2394876  -  ResidentSetSize of job (KB)
...
006 (011.3823.000) 05/09 19:37:38 Image size of job updated: 3026924
	2350  -  MemoryUsage of job (MB)
	2406228  -  ResidentSetSize of job (KB)
...
006 (011.3823.000) 05/09 19:37:43 Image size of job updated: 3026924
	2362  -  MemoryUsage of job (MB)
	2418636  -  ResidentSetSize of job (KB)
...
006 (011.3823.000) 05/09 19:37:48 Image size of job updated: 3026924
	2375  -  MemoryUsage of job (MB)
	2431308  -  ResidentSetSize of job (KB)
...
006 (011.3823.000) 05/09 19:37:53 Image size of job updated: 3065836
	2386  -  MemoryUsage of job (MB)
	2442924  -  ResidentSetSize of job (KB)
...
006 (011.3823.000) 05/09 19:37:58 Image size of job updated: 3065836
	2399  -  MemoryUsage of job (MB)
	2455992  -  ResidentSetSize of job (KB)
...
006 (011.3823.000) 05/09 19:38:03 Image size of job updated: 3065836
	2409  -  MemoryUsage of job (MB)
	2466288  -  ResidentSetSize of job (KB)
...
006 (011.3823.000) 05/09 19:38:08 Image size of job updated: 3106796
	2421  -  MemoryUsage of job (MB)
	2478960  -  ResidentSetSize of job (KB)
...
006 (011.3823.000) 05/09 19:38:13 Image size of job updated: 3119084
	2434  -  MemoryUsage of job (MB)
	2492292  -  ResidentSetSize of job (KB)
...
006 (011.3823.000) 05/09 19:38:18 Image size of job updated: 3127276
	2449  -  MemoryUsage of job (MB)
	2507604  -  ResidentSetSize of job (KB)
...
006 (011.3823.000) 05/09 19:38:23 Image size of job updated: 3141612
	2465  -  MemoryUsage of job (MB)
	2524104  -  ResidentSetSize of job (KB)
...
006 (011.3823.000) 05/09 19:38:28 Image size of job updated: 3141612
	2481  -  MemoryUsage of job (MB)
	2539548  -  ResidentSetSize of job (KB)
...
006 (011.3823.000) 05/09 19:38:33 Image size of job updated: 3141612
	2493  -  MemoryUsage of job (MB)
	2552748  -  ResidentSetSize of job (KB)
...
006 (011.3823.000) 05/09 19:38:38 Image size of job updated: 3186668
	2507  -  MemoryUsage of job (MB)
	2566212  -  ResidentSetSize of job (KB)
...
006 (011.3823.000) 05/09 19:38:43 Image size of job updated: 3186668
	2522  -  MemoryUsage of job (MB)
	2582448  -  ResidentSetSize of job (KB)
...
006 (011.3823.000) 05/09 19:38:48 Image size of job updated: 3186668
	2538  -  MemoryUsage of job (MB)
	2597892  -  ResidentSetSize of job (KB)
...
006 (011.3823.000) 05/09 19:38:53 Image size of job updated: 3231724
	2548  -  MemoryUsage of job (MB)
	2608188  -  ResidentSetSize of job (KB)
...
006 (011.3823.000) 05/09 19:38:58 Image size of job updated: 3231724
	2560  -  MemoryUsage of job (MB)
	2620596  -  ResidentSetSize of job (KB)
...
006 (011.3823.000) 05/09 19:39:03 Image size of job updated: 3231724
	2570  -  MemoryUsage of job (MB)
	2630760  -  ResidentSetSize of job (KB)
...
006 (011.3823.000) 05/09 19:39:08 Image size of job updated: 3264492
	2582  -  MemoryUsage of job (MB)
	2643828  -  ResidentSetSize of job (KB)
...
006 (011.3823.000) 05/09 19:39:13 Image size of job updated: 3264492
	2593  -  MemoryUsage of job (MB)
	2654520  -  ResidentSetSize of job (KB)
...
006 (011.3823.000) 05/09 19:39:18 Image size of job updated: 3264492
	2602  -  MemoryUsage of job (MB)
	2663496  -  ResidentSetSize of job (KB)
...
006 (011.3823.000) 05/09 19:39:23 Image size of job updated: 3298284
	2612  -  MemoryUsage of job (MB)
	2674452  -  ResidentSetSize of job (KB)
...
006 (011.3823.000) 05/09 19:39:28 Image size of job updated: 3313644
	2622  -  MemoryUsage of job (MB)
	2684616  -  ResidentSetSize of job (KB)
...
006 (011.3823.000) 05/09 19:39:33 Image size of job updated: 3322860
	2635  -  MemoryUsage of job (MB)
	2698080  -  ResidentSetSize of job (KB)
...
006 (011.3823.000) 05/09 19:39:38 Image size of job updated: 3331052
	2644  -  MemoryUsage of job (MB)
	2707188  -  ResidentSetSize of job (KB)
...
006 (011.3823.000) 05/09 19:39:43 Image size of job updated: 3346412
	2657  -  MemoryUsage of job (MB)
	2720124  -  ResidentSetSize of job (KB)
...
006 (011.3823.000) 05/09 19:39:48 Image size of job updated: 3354604
	2668  -  MemoryUsage of job (MB)
	2731476  -  ResidentSetSize of job (KB)
...
006 (011.3823.000) 05/09 19:39:53 Image size of job updated: 3367916
	2677  -  MemoryUsage of job (MB)
	2741244  -  ResidentSetSize of job (KB)
...
006 (011.3823.000) 05/09 19:39:58 Image size of job updated: 3367916
	2688  -  MemoryUsage of job (MB)
	2752332  -  ResidentSetSize of job (KB)
...
006 (011.3823.000) 05/09 19:40:03 Image size of job updated: 3390444
	2700  -  MemoryUsage of job (MB)
	2763948  -  ResidentSetSize of job (KB)
...
006 (011.3823.000) 05/09 19:40:08 Image size of job updated: 3398636
	2709  -  MemoryUsage of job (MB)
	2773188  -  ResidentSetSize of job (KB)
...
006 (011.3823.000) 05/09 19:40:13 Image size of job updated: 3398636
	2721  -  MemoryUsage of job (MB)
	2786256  -  ResidentSetSize of job (KB)
...
006 (011.3823.000) 05/09 19:40:18 Image size of job updated: 3398636
	2732  -  MemoryUsage of job (MB)
	2797476  -  ResidentSetSize of job (KB)
...
006 (011.3823.000) 05/09 19:40:23 Image size of job updated: 3434476
	2744  -  MemoryUsage of job (MB)
	2809092  -  ResidentSetSize of job (KB)
...
006 (011.3823.000) 05/09 19:40:28 Image size of job updated: 3434476
	2755  -  MemoryUsage of job (MB)
	2820444  -  ResidentSetSize of job (KB)
...
006 (011.3823.000) 05/09 19:40:33 Image size of job updated: 3434476
	2767  -  MemoryUsage of job (MB)
	2833116  -  ResidentSetSize of job (KB)
...
006 (011.3823.000) 05/09 19:40:38 Image size of job updated: 3468268
	2777  -  MemoryUsage of job (MB)
	2842884  -  ResidentSetSize of job (KB)
...
006 (011.3823.000) 05/09 19:40:43 Image size of job updated: 3468268
	2788  -  MemoryUsage of job (MB)
	2854500  -  ResidentSetSize of job (KB)
...
006 (011.3823.000) 05/09 19:40:48 Image size of job updated: 3468268
	2799  -  MemoryUsage of job (MB)
	2865324  -  ResidentSetSize of job (KB)
...
006 (011.3823.000) 05/09 19:40:53 Image size of job updated: 3503084
	2811  -  MemoryUsage of job (MB)
	2877468  -  ResidentSetSize of job (KB)
...
006 (011.3823.000) 05/09 19:40:58 Image size of job updated: 3512300
	2822  -  MemoryUsage of job (MB)
	2888952  -  ResidentSetSize of job (KB)
...
006 (011.3823.000) 05/09 19:41:03 Image size of job updated: 3518444
	2833  -  MemoryUsage of job (MB)
	2900568  -  ResidentSetSize of job (KB)
...
006 (011.3823.000) 05/09 19:41:08 Image size of job updated: 3535852
	2844  -  MemoryUsage of job (MB)
	2911260  -  ResidentSetSize of job (KB)
...
006 (011.3823.000) 05/09 19:41:13 Image size of job updated: 3535852
	2855  -  MemoryUsage of job (MB)
	2922612  -  ResidentSetSize of job (KB)
...
006 (011.3823.000) 05/09 19:41:19 Image size of job updated: 3553260
	2869  -  MemoryUsage of job (MB)
	2937000  -  ResidentSetSize of job (KB)
...
006 (011.3823.000) 05/09 19:41:25 Image size of job updated: 3574764
	2883  -  MemoryUsage of job (MB)
	2951520  -  ResidentSetSize of job (KB)
...
006 (011.3823.000) 05/09 19:41:31 Image size of job updated: 3588076
	2894  -  MemoryUsage of job (MB)
	2962740  -  ResidentSetSize of job (KB)
...
006 (011.3823.000) 05/09 19:41:37 Image size of job updated: 3605484
	2908  -  MemoryUsage of job (MB)
	2977524  -  ResidentSetSize of job (KB)
...
006 (011.3823.000) 05/09 19:41:43 Image size of job updated: 3605484
	2923  -  MemoryUsage of job (MB)
	2992572  -  ResidentSetSize of job (KB)
...
006 (011.3823.000) 05/09 19:41:49 Image size of job updated: 3605484
	2938  -  MemoryUsage of job (MB)
	3008280  -  ResidentSetSize of job (KB)
...
006 (011.3823.000) 05/09 19:41:55 Image size of job updated: 3645420
	2949  -  MemoryUsage of job (MB)
	3019632  -  ResidentSetSize of job (KB)
...
006 (011.3823.000) 05/09 19:42:01 Image size of job updated: 3658732
	2962  -  MemoryUsage of job (MB)
	3032964  -  ResidentSetSize of job (KB)
...
006 (011.3823.000) 05/09 19:42:07 Image size of job updated: 3668972
	2977  -  MemoryUsage of job (MB)
	3047880  -  ResidentSetSize of job (KB)
...
006 (011.3823.000) 05/09 19:42:13 Image size of job updated: 3684332
	2992  -  MemoryUsage of job (MB)
	3063192  -  ResidentSetSize of job (KB)
...
006 (011.3823.000) 05/09 19:42:19 Image size of job updated: 3815404
	3203  -  MemoryUsage of job (MB)
	3279012  -  ResidentSetSize of job (KB)
...
006 (011.3823.000) 05/09 19:42:25 Image size of job updated: 3908076
	3203  -  MemoryUsage of job (MB)
	3279012  -  ResidentSetSize of job (KB)
...
005 (011.3823.000) 05/09 19:42:25 Job terminated.
	(1) Normal termination (return value 0)
		Usr 0 00:23:29, Sys 0 00:00:03  -  Run Remote Usage
		Usr 0 00:00:00, Sys 0 00:00:00  -  Run Local Usage
		Usr 0 00:23:29, Sys 0 00:00:03  -  Total Remote Usage
		Usr 0 00:00:00, Sys 0 00:00:00  -  Total Local Usage
	0  -  Run Bytes Sent By Job
	0  -  Run Bytes Received By Job
	0  -  Total Bytes Sent By Job
	0  -  Total Bytes Received By Job
	Partitionable Resources :      Usage  Request Allocated 
	   Cpus                 :       0.94        1         1 
	   Disk (KB)            : 2000000     2000000   6232219 
	   Memory (MB)          :    3203        1954      2007 
...
