000 (005.1287.000) 05/05 20:22:04 Job submitted from host: <127.0.0.1:9618?addrs=127.0.0.1-9618&noUDP&sock=227_4816_4>
...
001 (005.1287.000) 05/06 04:33:04 Job executing on host: <127.0.0.1:9618?addrs=127.0.0.1-9618&noUDP&sock=227_4816_5>
...
006 (005.1287.000) 05/06 04:33:09 Image size of job updated: 2000000
	101  -  MemoryUsage of job (MB)
	102960  -  ResidentSetSize of job (KB)
...
006 (005.1287.000) 05/06 04:33:39 Image size of job updated: 2000000
	145  -  MemoryUsage of job (MB)
	147576  -  ResidentSetSize of job (KB)
...
006 (005.1287.000) 05/06 04:33:44 Image size of job updated: 2000000
	184  -  MemoryUsage of job (MB)
	187836  -  ResidentSetSize of job (KB)
...
006 (005.1287.000) 05/06 04:33:49 Image size of job updated: 2000000
	184  -  MemoryUsage of job (MB)
	188100  -  ResidentSetSize of job (KB)
...
006 (005.1287.000) 05/06 04:33:54 Image size of job updated: 2000000
	189  -  MemoryUsage of job (MB)
	193512  -  ResidentSetSize of job (KB)
...
006 (005.1287.000) 05/06 04:33:59 Image size of job updated: 2000000
	200  -  MemoryUsage of job (MB)
	203808  -  ResidentSetSize of job (KB)
...
006 (005.1287.000) 05/06 04:34:04 Image size of job updated: 2000000
	209  -  MemoryUsage of job (MB)
	213972  -  ResidentSetSize of job (KB)
...
006 (005.1287.000) 05/06 04:34:09 Image size of job updated: 2000000
	217  -  MemoryUsage of job (MB)
	222024  -  ResidentSetSize of job (KB)
...
006 (005.1287.000) 05/06 04:34:14 Image size of job updated: 2000000
	229  -  MemoryUsage of job (MB)
	233640  -  ResidentSetSize of job (KB)
...
006 (005.1287.000) 05/06 04:34:19 Image size of job updated: 2000000
	234  -  MemoryUsage of job (MB)
	239580  -  ResidentSetSize of job (KB)
...
006 (005.1287.000) 05/06 04:34:24 Image size of job updated: 2000000
	241  -  MemoryUsage of job (MB)
	246312  -  ResidentSetSize of job (KB)
...
006 (005.1287.000) 05/06 04:34:29 Image size of job updated: 2000000
	290  -  MemoryUsage of job (MB)
	296604  -  ResidentSetSize of job (KB)
...
006 (005.1287.000) 05/06 04:34:34 Image size of job updated: 2000000
	325  -  MemoryUsage of job (MB)
	331980  -  ResidentSetSize of job (KB)
...
006 (005.1287.000) 05/06 04:34:39 Image size of job updated: 2000000
	329  -  MemoryUsage of job (MB)
	336072  -  ResidentSetSize of job (KB)
...
006 (005.1287.000) 05/06 04:34:44 Image size of job updated: 2000000
	397  -  MemoryUsage of job (MB)
	406032  -  ResidentSetSize of job (KB)
...
006 (005.1287.000) 05/06 04:34:49 Image size of job updated: 2000000
	448  -  MemoryUsage of job (MB)
	458700  -  ResidentSetSize of job (KB)
...
006 (005.1287.000) 05/06 04:34:54 Image size of job updated: 2000000
	1171  -  MemoryUsage of job (MB)
	1198296  -  ResidentSetSize of job (KB)
...
006 (005.1287.000) 05/06 04:50:24 Image size of job updated: 2000000
	1171  -  MemoryUsage of job (MB)
	1198956  -  ResidentSetSize of job (KB)
...
006 (005.1287.000) 05/06 04:50:30 Image size of job updated: 2000000
	1188  -  MemoryUsage of job (MB)
	1215588  -  ResidentSetSize of job (KB)
...
006 (005.1287.000) 05/06 04:50:36 Image size of job updated: 2000000
	1553  -  MemoryUsage of job (MB)
	1590204  -  ResidentSetSize of job (KB)
...
006 (005.1287.000) 05/06 04:50:42 Image size of job updated: 2000000
	1825  -  MemoryUsage of job (MB)
	1868460  -  ResidentSetSize of job (KB)
...
006 (005.1287.000) 05/06 04:50:48 Image size of job updated: 2561000
	1885  -  MemoryUsage of job (MB)
	1929708  -  ResidentSetSize of job (KB)
...
006 (005.1287.000) 05/06 04:50:54 Image size of job updated: 2561000
	1886  -  MemoryUsage of job (MB)
	1931160  -  ResidentSetSize of job (KB)
...
006 (005.1287.000) 05/06 04:51:00 Image size of job updated: 2563048
	1892  -  MemoryUsage of job (MB)
	1936836  -  ResidentSetSize of job (KB)
...
006 (005.1287.000) 05/06 04:51:06 Image size of job updated: 2571240
	1897  -  MemoryUsage of job (MB)
	1942512  -  ResidentSetSize of job (KB)
...
006 (005.1287.000) 05/06 04:51:12 Image size of job updated: 2571240
	1904  -  MemoryUsage of job (MB)
	1949640  -  ResidentSetSize of job (KB)
...
006 (005.1287.000) 05/06 04:51:18 Image size of job updated: 2584552
	1910  -  MemoryUsage of job (MB)
	1955052  -  ResidentSetSize of job (KB)
...
006 (005.1287.000) 05/06 04:51:24 Image size of job updated: 2587624
	1913  -  MemoryUsage of job (MB)
	1958880  -  ResidentSetSize of job (KB)
...
006 (005.1287.000) 05/06 04:51:30 Image size of job updated: 2589672
	1916  -  MemoryUsage of job (MB)
	1961388  -  ResidentSetSize of job (KB)
...
006 (005.1287.000) 05/06 04:51:36 Image size of job updated: 2592744
	1918  -  MemoryUsage of job (MB)
	1963236  -  ResidentSetSize of job (KB)
...
006 (005.1287.000) 05/06 04:51:42 Image size of job updated: 2592744
	1920  -  MemoryUsage of job (MB)
	1965612  -  ResidentSetSize of job (KB)
...
006 (005.1287.000) 05/06 04:51:48 Image size of job updated: 2597864
	1922  -  MemoryUsage of job (MB)
	1967988  -  ResidentSetSize of job (KB)
...
006 (005.1287.000) 05/06 04:51:54 Image size of job updated: 2599912
	1927  -  MemoryUsage of job (MB)
	1972608  -  ResidentSetSize of job (KB)
...
006 (005.1287.000) 05/06 04:52:00 Image size of job updated: 2604008
	1929  -  MemoryUsage of job (MB)
	1974984  -  ResidentSetSize of job (KB)
...
006 (005.1287.000) 05/06 04:52:06 Image size of job updated: 2606056
	1930  -  MemoryUsage of job (MB)
	1975908  -  ResidentSetSize of job (KB)
...
006 (005.1287.000) 05/06 04:52:12 Image size of job updated: 2606056
	1932  -  MemoryUsage of job (MB)
	1977756  -  ResidentSetSize of job (KB)
...
006 (005.1287.000) 05/06 04:52:18 Image size of job updated: 2610152
	1934  -  MemoryUsage of job (MB)
	1979868  -  ResidentSetSize of job (KB)
...
006 (005.1287.000) 05/06 04:52:24 Image size of job updated: 2610152
	1936  -  MemoryUsage of job (MB)
	1982244  -  ResidentSetSize of job (KB)
...
006 (005.1287.000) 05/06 04:52:30 Image size of job updated: 2610152
	1940  -  MemoryUsage of job (MB)
	1985940  -  ResidentSetSize of job (KB)
...
006 (005.1287.000) 05/06 04:52:36 Image size of job updated: 2617320
	1943  -  MemoryUsage of job (MB)
	1989504  -  ResidentSetSize of job (KB)
...
006 (005.1287.000) 05/06 04:52:42 Image size of job updated: 2617320
	1946  -  MemoryUsage of job (MB)
	1991880  -  ResidentSetSize of job (KB)
...
006 (005.1287.000) 05/06 04:52:48 Image size of job updated: 2617320
	1949  -  MemoryUsage of job (MB)
	1995576  -  ResidentSetSize of job (KB)
...
006 (005.1287.000) 05/06 04:52:54 Image size of job updated: 2626536
	1953  -  MemoryUsage of job (MB)
	1999536  -  ResidentSetSize of job (KB)
...
006 (005.1287.000) 05/06 04:53:00 Image size of job updated: 2626536
	1954  -  MemoryUsage of job (MB)
	2000460  -  ResidentSetSize of job (KB)
...
006 (005.1287.000) 05/06 04:53:06 Image size of job updated: 2632680
	1958  -  MemoryUsage of job (MB)
	2004552  -  ResidentSetSize of job (KB)
...
006 (005.1287.000) 05/06 04:53:12 Image size of job updated: 2637800
	1961  -  MemoryUsage of job (MB)
	2007060  -  ResidentSetSize of job (KB)
...
006 (005.1287.000) 05/06 04:53:17 Image size of job updated: 2637800
	1964  -  MemoryUsage of job (MB)
	2010888  -  ResidentSetSize of job (KB)
...
006 (005.1287.000) 05/06 04:53:22 Image size of job updated: 2642920
	1966  -  MemoryUsage of job (MB)
	2012736  -  ResidentSetSize of job (KB)
...
006 (005.1287.000) 05/06 04:53:27 Image size of job updated: 2642920
	1970  -  MemoryUsage of job (MB)
	2016432  -  ResidentSetSize of job (KB)
...
006 (005.1287.000) 05/06 04:53:32 Image size of job updated: 2647016
	1970  -  MemoryUsage of job (MB)
	2016564  -  ResidentSetSize of job (KB)
...
006 (005.1287.000) 05/06 04:53:37 Image size of job updated: 2648040
	1972  -  MemoryUsage of job (MB)
	2018940  -  ResidentSetSize of job (KB)
...
006 (005.1287.000) 05/06 04:53:42 Image size of job updated: 2648040
	1975  -  MemoryUsage of job (MB)
	2021448  -  ResidentSetSize of job (KB)
...
006 (005.1287.000) 05/06 04:53:47 Image size of job updated: 2648040
	1978  -  MemoryUsage of job (MB)
	2024616  -  ResidentSetSize of job (KB)
...
006 (005.1287.000) 05/06 04:53:52 Image size of job updated: 2657256
	1979  -  MemoryUsage of job (MB)
	2026464  -  ResidentSetSize of job (KB)
...
006 (005.1287.000) 05/06 04:53:57 Image size of job updated: 2657256
	1984  -  MemoryUsage of job (MB)
	2030820  -  ResidentSetSize of job (KB)
...
006 (005.1287.000) 05/06 04:54:02 Image size of job updated: 2657256
	1985  -  MemoryUsage of job (MB)
	2032140  -  ResidentSetSize of job (KB)
...
006 (005.1287.000) 05/06 04:54:07 Image size of job updated: 2665448
	1988  -  MemoryUsage of job (MB)
	2035440  -  ResidentSetSize of job (KB)
...
006 (005.1287.000) 05/06 04:54:12 Image size of job updated: 2665448
	1990  -  MemoryUsage of job (MB)
	2036892  -  ResidentSetSize of job (KB)
...
006 (005.1287.000) 05/06 04:54:17 Image size of job updated: 2668520
	1992  -  MemoryUsage of job (MB)
	2039136  -  ResidentSetSize of job (KB)
...
006 (005.1287.000) 05/06 04:54:22 Image size of job updated: 2668520
	1995  -  MemoryUsage of job (MB)
	2041908  -  ResidentSetSize of job (KB)
...
006 (005.1287.000) 05/06 04:54:27 Image size of job updated: 2672616
	1995  -  MemoryUsage of job (MB)
	2042040  -  ResidentSetSize of job (KB)
...
006 (005.1287.000) 05/06 04:54:32 Image size of job updated: 2676712
	1999  -  MemoryUsage of job (MB)
	2046000  -  ResidentSetSize of job (KB)
...
006 (005.1287.000) 05/06 04:54:37 Image size of job updated: 2676712
	2001  -  MemoryUsage of job (MB)
	2048508  -  ResidentSetSize of job (KB)
...
006 (005.1287.000) 05/06 04:54:42 Image size of job updated: 2680808
	2004  -  MemoryUsage of job (MB)
	2051148  -  ResidentSetSize of job (KB)
...
006 (005.1287.000) 05/06 04:54:47 Image size of job updated: 2680808
	2005  -  MemoryUsage of job (MB)
	2052864  -  ResidentSetSize of job (KB)
...
006 (005.1287.000) 05/06 04:54:52 Image size of job updated: 2680808
	2009  -  MemoryUsage of job (MB)
	2056824  -  ResidentSetSize of job (KB)
...
006 (005.1287.000) 05/06 04:54:57 Image size of job updated: 2686952
	2010  -  MemoryUsage of job (MB)
	2058012  -  ResidentSetSize of job (KB)
...
006 (005.1287.000) 05/06 04:55:02 Image size of job updated: 2686952
	2012  -  MemoryUsage of job (MB)
	2059992  -  ResidentSetSize of job (KB)
...
006 (005.1287.000) 05/06 04:55:07 Image size of job updated: 2692072
	2014  -  MemoryUsage of job (MB)
	2061840  -  ResidentSetSize of job (KB)
...
006 (005.1287.000) 05/06 04:55:12 Image size of job updated: 2694120
	2016  -  MemoryUsage of job (MB)
	2064216  -  ResidentSetSize of job (KB)
...
006 (005.1287.000) 05/06 04:55:17 Image size of job updated: 2694120
	2017  -  MemoryUsage of job (MB)
	2065140  -  ResidentSetSize of job (KB)
...
006 (005.1287.000) 05/06 04:55:22 Image size of job updated: 2696168
	2020  -  MemoryUsage of job (MB)
	2068044  -  ResidentSetSize of job (KB)
...
006 (005.1287.000) 05/06 04:55:27 Image size of job updated: 2703336
	2026  -  MemoryUsage of job (MB)
	2073984  -  ResidentSetSize of job (KB)
...
006 (005.1287.000) 05/06 04:55:32 Image size of job updated: 2703336
	2029  -  MemoryUsage of job (MB)
	2076888  -  ResidentSetSize of job (KB)
...
006 (005.1287.000) 05/06 04:55:37 Image size of job updated: 2708456
	2030  -  MemoryUsage of job (MB)
	2078340  -  ResidentSetSize of job (KB)
...
006 (005.1287.000) 05/06 04:55:42 Image size of job updated: 2708456
	2031  -  MemoryUsage of job (MB)
	2078868  -  ResidentSetSize of job (KB)
...
006 (005.1287.000) 05/06 04:55:47 Image size of job updated: 2708456
	2034  -  MemoryUsage of job (MB)
	2082564  -  ResidentSetSize of job (KB)
...
006 (005.1287.000) 05/06 04:55:52 Image size of job updated: 2708456
	2038  -  MemoryUsage of job (MB)
	2086656  -  ResidentSetSize of job (KB)
...
006 (005.1287.000) 05/06 04:55:57 Image size of job updated: 2717672
	2041  -  MemoryUsage of job (MB)
	2089032  -  ResidentSetSize of job (KB)
...
006 (005.1287.000) 05/06 04:56:02 Image size of job updated: 2717672
	2042  -  MemoryUsage of job (MB)
	2090748  -  ResidentSetSize of job (KB)
...
006 (005.1287.000) 05/06 04:56:07 Image size of job updated: 2717672
	2044  -  MemoryUsage of job (MB)
	2092200  -  ResidentSetSize of job (KB)
...
006 (005.1287.000) 05/06 04:56:12 Image size of job updated: 2722792
	2046  -  MemoryUsage of job (MB)
	2094576  -  ResidentSetSize of job (KB)
...
006 (005.1287.000) 05/06 04:56:17 Image size of job updated: 2725864
	2197  -  MemoryUsage of job (MB)
	2249412  -  ResidentSetSize of job (KB)
...
006 (005.1287.000) 05/06 04:56:22 Image size of job updated: 2939880
	2257  -  MemoryUsage of job (MB)
	2310396  -  ResidentSetSize of job (KB)
...
005 (005.1287.000) 05/06 04:56:25 Job terminated.
	(1) Normal termination (return value 0)
		Usr 0 00:22:50, Sys 0 00:00:02  -  Run Remote Usage
		Usr 0 00:00:00, Sys 0 00:00:00  -  Run Local Usage
		Usr 0 00:22:50, Sys 0 00:00:02  -  Total Remote Usage
		Usr 0 00:00:00, Sys 0 00:00:00  -  Total Local Usage
	0  -  Run Bytes Sent By Job
	0  -  Run Bytes Received By Job
	0  -  Total Bytes Sent By Job
	0  -  Total Bytes Received By Job
	Partitionable Resources :      Usage  Request Allocated 
	   Cpus                 :       1.00        1         1 
	   Disk (KB)            : 2000000     2000000   6275465 
	   Memory (MB)          :    2257        1954      2007 
...
