000 (005.2938.000) 05/05 20:22:51 Job submitted from host: <127.0.0.1:9618?addrs=127.0.0.1-9618&noUDP&sock=227_4816_4>
...
033 (005.2938.000) 05/06 14:16:21 Changing job attribute JobPrio from 0 to -10
...
001 (005.2938.000) 05/06 19:14:17 Job executing on host: <127.0.0.1:9618?addrs=127.0.0.1-9618&noUDP&sock=227_4816_5>
...
006 (005.2938.000) 05/06 19:14:22 Image size of job updated: 2000000
	101  -  MemoryUsage of job (MB)
	103092  -  ResidentSetSize of job (KB)
...
006 (005.2938.000) 05/06 19:14:47 Image size of job updated: 2000000
	118  -  MemoryUsage of job (MB)
	119988  -  ResidentSetSize of job (KB)
...
006 (005.2938.000) 05/06 19:14:52 Image size of job updated: 2000000
	177  -  MemoryUsage of job (MB)
	180312  -  ResidentSetSize of job (KB)
...
006 (005.2938.000) 05/06 19:14:57 Image size of job updated: 2000000
	184  -  MemoryUsage of job (MB)
	188100  -  ResidentSetSize of job (KB)
...
006 (005.2938.000) 05/06 19:15:02 Image size of job updated: 2000000
	185  -  MemoryUsage of job (MB)
	189024  -  ResidentSetSize of job (KB)
...
006 (005.2938.000) 05/06 19:15:07 Image size of job updated: 2000000
	195  -  MemoryUsage of job (MB)
	198924  -  ResidentSetSize of job (KB)
...
006 (005.2938.000) 05/06 19:15:12 Image size of job updated: 2000000
	205  -  MemoryUsage of job (MB)
	209748  -  ResidentSetSize of job (KB)
...
006 (005.2938.000) 05/06 19:15:17 Image size of job updated: 2000000
	214  -  MemoryUsage of job (MB)
	218724  -  ResidentSetSize of job (KB)
...
006 (005.2938.000) 05/06 19:15:22 Image size of job updated: 2000000
	225  -  MemoryUsage of job (MB)
	230076  -  ResidentSetSize of job (KB)
...
006 (005.2938.000) 05/06 19:15:27 Image size of job updated: 2000000
	234  -  MemoryUsage of job (MB)
	239052  -  ResidentSetSize of job (KB)
...
006 (005.2938.000) 05/06 19:15:32 Image size of job updated: 2000000
	241  -  MemoryUsage of job (MB)
	246180  -  ResidentSetSize of job (KB)
...
006 (005.2938.000) 05/06 19:15:37 Image size of job updated: 2000000
	275  -  MemoryUsage of job (MB)
	281424  -  ResidentSetSize of job (KB)
...
006 (005.2938.000) 05/06 19:15:42 Image size of job updated: 2000000
	304  -  MemoryUsage of job (MB)
	310464  -  ResidentSetSize of job (KB)
...
006 (005.2938.000) 05/06 19:15:47 Image size of job updated: 2000000
	329  -  MemoryUsage of job (MB)
	336204  -  ResidentSetSize of job (KB)
...
006 (005.2938.000) 05/06 19:15:52 Image size of job updated: 2000000
	369  -  MemoryUsage of job (MB)
	377652  -  ResidentSetSize of job (KB)
...
006 (005.2938.000) 05/06 19:15:57 Image size of job updated: 2000000
	432  -  MemoryUsage of job (MB)
	441936  -  ResidentSetSize of job (KB)
...
006 (005.2938.000) 05/06 19:16:02 Image size of job updated: 2000000
	482  -  MemoryUsage of job (MB)
	493284  -  ResidentSetSize of job (KB)
...
006 (005.2938.000) 05/06 19:16:07 Image size of job updated: 2000000
	1171  -  MemoryUsage of job (MB)
	1198296  -  ResidentSetSize of job (KB)
...
006 (005.2938.000) 05/06 19:31:11 Image size of job updated: 2000000
	1173  -  MemoryUsage of job (MB)
	1200276  -  ResidentSetSize of job (KB)
...
006 (005.2938.000) 05/06 19:31:17 Image size of job updated: 2000000
	1225  -  MemoryUsage of job (MB)
	1253472  -  ResidentSetSize of job (KB)
...
006 (005.2938.000) 05/06 19:31:23 Image size of job updated: 2000000
	1553  -  MemoryUsage of job (MB)
	1590204  -  ResidentSetSize of job (KB)
...
006 (005.2938.000) 05/06 19:31:29 Image size of job updated: 2270668
	1629  -  MemoryUsage of job (MB)
	1667292  -  ResidentSetSize of job (KB)
...
006 (005.2938.000) 05/06 19:31:35 Image size of job updated: 2561004
	1885  -  MemoryUsage of job (MB)
	1929708  -  ResidentSetSize of job (KB)
...
006 (005.2938.000) 05/06 19:31:41 Image size of job updated: 2561004
	1886  -  MemoryUsage of job (MB)
	1930368  -  ResidentSetSize of job (KB)
...
006 (005.2938.000) 05/06 19:31:47 Image size of job updated: 2561004
	1892  -  MemoryUsage of job (MB)
	1937100  -  ResidentSetSize of job (KB)
...
006 (005.2938.000) 05/06 19:31:53 Image size of job updated: 2561004
	1897  -  MemoryUsage of job (MB)
	1942512  -  ResidentSetSize of job (KB)
...
006 (005.2938.000) 05/06 19:31:59 Image size of job updated: 2575340
	1902  -  MemoryUsage of job (MB)
	1946736  -  ResidentSetSize of job (KB)
...
006 (005.2938.000) 05/06 19:32:05 Image size of job updated: 2575340
	1909  -  MemoryUsage of job (MB)
	1954128  -  ResidentSetSize of job (KB)
...
006 (005.2938.000) 05/06 19:32:11 Image size of job updated: 2587628
	1913  -  MemoryUsage of job (MB)
	1958880  -  ResidentSetSize of job (KB)
...
006 (005.2938.000) 05/06 19:32:17 Image size of job updated: 2590700
	1917  -  MemoryUsage of job (MB)
	1962180  -  ResidentSetSize of job (KB)
...
006 (005.2938.000) 05/06 19:32:23 Image size of job updated: 2590700
	1920  -  MemoryUsage of job (MB)
	1965348  -  ResidentSetSize of job (KB)
...
006 (005.2938.000) 05/06 19:32:29 Image size of job updated: 2596844
	1922  -  MemoryUsage of job (MB)
	1967724  -  ResidentSetSize of job (KB)
...
006 (005.2938.000) 05/06 19:32:35 Image size of job updated: 2596844
	1925  -  MemoryUsage of job (MB)
	1970496  -  ResidentSetSize of job (KB)
...
006 (005.2938.000) 05/06 19:32:41 Image size of job updated: 2596844
	1929  -  MemoryUsage of job (MB)
	1974720  -  ResidentSetSize of job (KB)
...
006 (005.2938.000) 05/06 19:32:47 Image size of job updated: 2609132
	1935  -  MemoryUsage of job (MB)
	1980528  -  ResidentSetSize of job (KB)
...
006 (005.2938.000) 05/06 19:32:53 Image size of job updated: 2611180
	1935  -  MemoryUsage of job (MB)
	1981188  -  ResidentSetSize of job (KB)
...
006 (005.2938.000) 05/06 19:32:59 Image size of job updated: 2617324
	1940  -  MemoryUsage of job (MB)
	1986468  -  ResidentSetSize of job (KB)
...
006 (005.2938.000) 05/06 19:33:05 Image size of job updated: 2617324
	1944  -  MemoryUsage of job (MB)
	1990296  -  ResidentSetSize of job (KB)
...
006 (005.2938.000) 05/06 19:33:11 Image size of job updated: 2617324
	1950  -  MemoryUsage of job (MB)
	1996104  -  ResidentSetSize of job (KB)
...
006 (005.2938.000) 05/06 19:33:17 Image size of job updated: 2629612
	1954  -  MemoryUsage of job (MB)
	2000592  -  ResidentSetSize of job (KB)
...
006 (005.2938.000) 05/06 19:33:23 Image size of job updated: 2629612
	1958  -  MemoryUsage of job (MB)
	2004420  -  ResidentSetSize of job (KB)
...
006 (005.2938.000) 05/06 19:33:29 Image size of job updated: 2629612
	1960  -  MemoryUsage of job (MB)
	2006532  -  ResidentSetSize of job (KB)
...
006 (005.2938.000) 05/06 19:33:35 Image size of job updated: 2636780
	1965  -  MemoryUsage of job (MB)
	2011152  -  ResidentSetSize of job (KB)
...
006 (005.2938.000) 05/06 19:33:41 Image size of job updated: 2636780
	1966  -  MemoryUsage of job (MB)
	2012340  -  ResidentSetSize of job (KB)
...
006 (005.2938.000) 05/06 19:33:47 Image size of job updated: 2644972
	1970  -  MemoryUsage of job (MB)
	2016564  -  ResidentSetSize of job (KB)
...
006 (005.2938.000) 05/06 19:33:53 Image size of job updated: 2644972
	1971  -  MemoryUsage of job (MB)
	2017752  -  ResidentSetSize of job (KB)
...
006 (005.2938.000) 05/06 19:33:59 Image size of job updated: 2644972
	1976  -  MemoryUsage of job (MB)
	2023296  -  ResidentSetSize of job (KB)
...
006 (005.2938.000) 05/06 19:34:05 Image size of job updated: 2654188
	1978  -  MemoryUsage of job (MB)
	2024880  -  ResidentSetSize of job (KB)
...
006 (005.2938.000) 05/06 19:34:11 Image size of job updated: 2654188
	1983  -  MemoryUsage of job (MB)
	2030292  -  ResidentSetSize of job (KB)
...
006 (005.2938.000) 05/06 19:34:17 Image size of job updated: 2665452
	1990  -  MemoryUsage of job (MB)
	2036760  -  ResidentSetSize of job (KB)
...
006 (005.2938.000) 05/06 19:34:23 Image size of job updated: 2667500
	1992  -  MemoryUsage of job (MB)
	2039400  -  ResidentSetSize of job (KB)
...
006 (005.2938.000) 05/06 19:34:29 Image size of job updated: 2667500
	1996  -  MemoryUsage of job (MB)
	2043492  -  ResidentSetSize of job (KB)
...
006 (005.2938.000) 05/06 19:34:35 Image size of job updated: 2674668
	2000  -  MemoryUsage of job (MB)
	2047584  -  ResidentSetSize of job (KB)
...
006 (005.2938.000) 05/06 19:34:41 Image size of job updated: 2674668
	2007  -  MemoryUsage of job (MB)
	2054448  -  ResidentSetSize of job (KB)
...
006 (005.2938.000) 05/06 19:34:47 Image size of job updated: 2686956
	2010  -  MemoryUsage of job (MB)
	2058144  -  ResidentSetSize of job (KB)
...
006 (005.2938.000) 05/06 19:34:53 Image size of job updated: 2691052
	2013  -  MemoryUsage of job (MB)
	2061048  -  ResidentSetSize of job (KB)
...
006 (005.2938.000) 05/06 19:34:59 Image size of job updated: 2691052
	2016  -  MemoryUsage of job (MB)
	2064216  -  ResidentSetSize of job (KB)
...
006 (005.2938.000) 05/06 19:35:05 Image size of job updated: 2697196
	2019  -  MemoryUsage of job (MB)
	2067120  -  ResidentSetSize of job (KB)
...
006 (005.2938.000) 05/06 19:35:12 Image size of job updated: 2701292
	2023  -  MemoryUsage of job (MB)
	2070552  -  ResidentSetSize of job (KB)
...
006 (005.2938.000) 05/06 19:35:17 Image size of job updated: 2701292
	2025  -  MemoryUsage of job (MB)
	2072664  -  ResidentSetSize of job (KB)
...
006 (005.2938.000) 05/06 19:35:22 Image size of job updated: 2703340
	2028  -  MemoryUsage of job (MB)
	2076360  -  ResidentSetSize of job (KB)
...
006 (005.2938.000) 05/06 19:35:27 Image size of job updated: 2710508
	2032  -  MemoryUsage of job (MB)
	2079792  -  ResidentSetSize of job (KB)
...
006 (005.2938.000) 05/06 19:35:32 Image size of job updated: 2712556
	2034  -  MemoryUsage of job (MB)
	2081904  -  ResidentSetSize of job (KB)
...
006 (005.2938.000) 05/06 19:35:37 Image size of job updated: 2716652
	2038  -  MemoryUsage of job (MB)
	2086524  -  ResidentSetSize of job (KB)
...
006 (005.2938.000) 05/06 19:35:42 Image size of job updated: 2717676
	2042  -  MemoryUsage of job (MB)
	2090748  -  ResidentSetSize of job (KB)
...
006 (005.2938.000) 05/06 19:35:47 Image size of job updated: 2721772
	2045  -  MemoryUsage of job (MB)
	2093520  -  ResidentSetSize of job (KB)
...
006 (005.2938.000) 05/06 19:35:52 Image size of job updated: 2723820
	2048  -  MemoryUsage of job (MB)
	2096424  -  ResidentSetSize of job (KB)
...
006 (005.2938.000) 05/06 19:35:57 Image size of job updated: 2723820
	2052  -  MemoryUsage of job (MB)
	2100384  -  ResidentSetSize of job (KB)
...
006 (005.2938.000) 05/06 19:36:02 Image size of job updated: 2723820
	2054  -  MemoryUsage of job (MB)
	2102892  -  ResidentSetSize of job (KB)
...
006 (005.2938.000) 05/06 19:36:07 Image size of job updated: 2735084
	2056  -  MemoryUsage of job (MB)
	2105136  -  ResidentSetSize of job (KB)
...
006 (005.2938.000) 05/06 19:36:12 Image size of job updated: 2737132
	2059  -  MemoryUsage of job (MB)
	2108304  -  ResidentSetSize of job (KB)
...
006 (005.2938.000) 05/06 19:36:17 Image size of job updated: 2737132
	2063  -  MemoryUsage of job (MB)
	2111604  -  ResidentSetSize of job (KB)
...
006 (005.2938.000) 05/06 19:36:22 Image size of job updated: 2742252
	2067  -  MemoryUsage of job (MB)
	2115960  -  ResidentSetSize of job (KB)
...
006 (005.2938.000) 05/06 19:36:27 Image size of job updated: 2742252
	2070  -  MemoryUsage of job (MB)
	2118864  -  ResidentSetSize of job (KB)
...
006 (005.2938.000) 05/06 19:36:32 Image size of job updated: 2751468
	2072  -  MemoryUsage of job (MB)
	2121108  -  ResidentSetSize of job (KB)
...
006 (005.2938.000) 05/06 19:36:37 Image size of job updated: 2751468
	2075  -  MemoryUsage of job (MB)
	2124144  -  ResidentSetSize of job (KB)
...
006 (005.2938.000) 05/06 19:36:42 Image size of job updated: 2751468
	2077  -  MemoryUsage of job (MB)
	2126256  -  ResidentSetSize of job (KB)
...
006 (005.2938.000) 05/06 19:36:47 Image size of job updated: 2758636
	2079  -  MemoryUsage of job (MB)
	2128500  -  ResidentSetSize of job (KB)
...
006 (005.2938.000) 05/06 19:36:52 Image size of job updated: 2758636
	2082  -  MemoryUsage of job (MB)
	2131404  -  ResidentSetSize of job (KB)
...
006 (005.2938.000) 05/06 19:36:57 Image size of job updated: 2758636
	2277  -  MemoryUsage of job (MB)
	2331252  -  ResidentSetSize of job (KB)
...
006 (005.2938.000) 05/06 19:37:02 Image size of job updated: 2818028
	2277  -  MemoryUsage of job (MB)
	2331252  -  ResidentSetSize of job (KB)
...
005 (005.2938.000) 05/06 19:37:02 Job terminated.
	(1) Normal termination (return value 0)
		Usr 0 00:22:16, Sys 0 00:00:02  -  Run Remote Usage
		Usr 0 00:00:00, Sys 0 00:00:00  -  Run Local Usage
		Usr 0 00:22:16, Sys 0 00:00:02  -  Total Remote Usage
		Usr 0 00:00:00, Sys 0 00:00:00  -  Total Local Usage
	0  -  Run Bytes Sent By Job
	0  -  Run Bytes Received By Job
	0  -  Total Bytes Sent By Job
	0  -  Total Bytes Received By Job
	Partitionable Resources :      Usage  Request Allocated 
	   Cpus                 :       1.00        1         1 
	   Disk (KB)            : 2000000     2000000   6275465 
	   Memory (MB)          :    2277        1954      2007 
...
