000 (205.055.000) 05/06 03:16:58 Job submitted from host: <127.0.0.1:9618?addrs=127.0.0.1-9618&noUDP&sock=222_da1d_4>
...
033 (205.055.000) 05/06 14:21:02 Changing job attribute JobPrio from 0 to -5
...
001 (205.055.000) 05/06 20:23:03 Job executing on host: <127.0.0.1:9618?addrs=127.0.0.1-9618&noUDP&sock=222_da1d_5>
...
006 (205.055.000) 05/06 20:24:03 Image size of job updated: 2000000
	0  -  MemoryUsage of job (MB)
	0  -  ResidentSetSize of job (KB)
...
006 (205.055.000) 05/06 20:28:25 Image size of job updated: 2000000
	414  -  MemoryUsage of job (MB)
	423456  -  ResidentSetSize of job (KB)
...
006 (205.055.000) 05/06 20:32:02 Image size of job updated: 2000000
	1242  -  MemoryUsage of job (MB)
	1271160  -  ResidentSetSize of job (KB)
...
006 (205.055.000) 05/06 20:50:15 Image size of job updated: 2000000
	1650  -  MemoryUsage of job (MB)
	1689336  -  ResidentSetSize of job (KB)
...
006 (205.055.000) 05/06 20:59:02 Image size of job updated: 3370224
	2677  -  MemoryUsage of job (MB)
	2740320  -  ResidentSetSize of job (KB)
...
006 (205.055.000) 05/06 21:04:47 Image size of job updated: 3805424
	3139  -  MemoryUsage of job (MB)
	3213408  -  ResidentSetSize of job (KB)
...
006 (205.055.000) 05/06 21:08:59 Image size of job updated: 3852528
	3139  -  MemoryUsage of job (MB)
	3213408  -  ResidentSetSize of job (KB)
...
005 (205.055.000) 05/06 21:08:59 Job terminated.
	(0) Abnormal termination (signal 9)
	(0) No core file
		Usr 0 00:21:02, Sys 0 00:10:12  -  Run Remote Usage
		Usr 0 00:00:00, Sys 0 00:00:00  -  Run Local Usage
		Usr 0 00:21:02, Sys 0 00:10:12  -  Total Remote Usage
		Usr 0 00:00:00, Sys 0 00:00:00  -  Total Local Usage
	101906  -  Run Bytes Sent By Job
	1864886144  -  Run Bytes Received By Job
	101906  -  Total Bytes Sent By Job
	1864886144  -  Total Bytes Received By Job
	Partitionable Resources :      Usage  Request Allocated 
	   Cpus                 :       0.07        1         1 
	   Disk (KB)            : 2000000     2000000   6540465 
	   Memory (MB)          :    3139        1954      2007 
...
000 (007.055.000) 05/07 18:59:10 Job submitted from host: <127.0.0.1:9618?addrs=127.0.0.1-9618&noUDP&sock=215_0cf3_4>
...
000 (016.055.000) 05/08 15:56:34 Job submitted from host: <127.0.0.1:9618?addrs=127.0.0.1-9618&noUDP&sock=227_4816_4>
...
001 (016.055.000) 05/08 15:58:36 Job executing on host: <127.0.0.1:9618?addrs=127.0.0.1-9618&noUDP&sock=227_4816_5>
...
006 (016.055.000) 05/08 15:58:42 Image size of job updated: 2000000
	115  -  MemoryUsage of job (MB)
	116952  -  ResidentSetSize of job (KB)
...
006 (016.055.000) 05/08 16:01:36 Image size of job updated: 2000000
	116  -  MemoryUsage of job (MB)
	118140  -  ResidentSetSize of job (KB)
...
006 (016.055.000) 05/08 16:01:42 Image size of job updated: 2000000
	197  -  MemoryUsage of job (MB)
	201696  -  ResidentSetSize of job (KB)
...
006 (016.055.000) 05/08 16:01:48 Image size of job updated: 2000000
	211  -  MemoryUsage of job (MB)
	215424  -  ResidentSetSize of job (KB)
...
006 (016.055.000) 05/08 16:01:54 Image size of job updated: 2000000
	211  -  MemoryUsage of job (MB)
	215952  -  ResidentSetSize of job (KB)
...
006 (016.055.000) 05/08 16:02:00 Image size of job updated: 2000000
	221  -  MemoryUsage of job (MB)
	225720  -  ResidentSetSize of job (KB)
...
006 (016.055.000) 05/08 16:02:06 Image size of job updated: 2000000
	231  -  MemoryUsage of job (MB)
	236016  -  ResidentSetSize of job (KB)
...
006 (016.055.000) 05/08 16:02:12 Image size of job updated: 2000000
	241  -  MemoryUsage of job (MB)
	246180  -  ResidentSetSize of job (KB)
...
006 (016.055.000) 05/08 16:02:18 Image size of job updated: 2000000
	251  -  MemoryUsage of job (MB)
	256740  -  ResidentSetSize of job (KB)
...
006 (016.055.000) 05/08 16:02:24 Image size of job updated: 2000000
	261  -  MemoryUsage of job (MB)
	267036  -  ResidentSetSize of job (KB)
...
006 (016.055.000) 05/08 16:02:30 Image size of job updated: 2000000
	270  -  MemoryUsage of job (MB)
	276144  -  ResidentSetSize of job (KB)
...
006 (016.055.000) 05/08 16:02:36 Image size of job updated: 2000000
	279  -  MemoryUsage of job (MB)
	285648  -  ResidentSetSize of job (KB)
...
006 (016.055.000) 05/08 16:02:48 Image size of job updated: 2000000
	296  -  MemoryUsage of job (MB)
	302544  -  ResidentSetSize of job (KB)
...
006 (016.055.000) 05/08 16:03:07 Image size of job updated: 2000000
	379  -  MemoryUsage of job (MB)
	387948  -  ResidentSetSize of job (KB)
...
006 (016.055.000) 05/08 16:03:25 Image size of job updated: 2000000
	386  -  MemoryUsage of job (MB)
	394944  -  ResidentSetSize of job (KB)
...
006 (016.055.000) 05/08 16:03:30 Image size of job updated: 2000000
	477  -  MemoryUsage of job (MB)
	487476  -  ResidentSetSize of job (KB)
...
006 (016.055.000) 05/08 16:03:35 Image size of job updated: 2000000
	521  -  MemoryUsage of job (MB)
	533412  -  ResidentSetSize of job (KB)
...
006 (016.055.000) 05/08 16:03:40 Image size of job updated: 2000000
	1244  -  MemoryUsage of job (MB)
	1273536  -  ResidentSetSize of job (KB)
...
006 (016.055.000) 05/08 16:22:04 Image size of job updated: 2000000
	1246  -  MemoryUsage of job (MB)
	1275384  -  ResidentSetSize of job (KB)
...
006 (016.055.000) 05/08 16:22:10 Image size of job updated: 2000000
	1345  -  MemoryUsage of job (MB)
	1377024  -  ResidentSetSize of job (KB)
...
006 (016.055.000) 05/08 16:22:16 Image size of job updated: 2000000
	1717  -  MemoryUsage of job (MB)
	1757580  -  ResidentSetSize of job (KB)
...
006 (016.055.000) 05/08 16:22:22 Image size of job updated: 2071344
	2023  -  MemoryUsage of job (MB)
	2070948  -  ResidentSetSize of job (KB)
...
006 (016.055.000) 05/08 16:22:28 Image size of job updated: 2654448
	2023  -  MemoryUsage of job (MB)
	2070948  -  ResidentSetSize of job (KB)
...
006 (016.055.000) 05/08 16:22:40 Image size of job updated: 2654448
	2050  -  MemoryUsage of job (MB)
	2098404  -  ResidentSetSize of job (KB)
...
006 (016.055.000) 05/08 16:22:46 Image size of job updated: 2742512
	2128  -  MemoryUsage of job (MB)
	2178264  -  ResidentSetSize of job (KB)
...
006 (016.055.000) 05/08 16:22:52 Image size of job updated: 2742512
	2130  -  MemoryUsage of job (MB)
	2180640  -  ResidentSetSize of job (KB)
...
006 (016.055.000) 05/08 16:22:58 Image size of job updated: 2871536
	2130  -  MemoryUsage of job (MB)
	2180640  -  ResidentSetSize of job (KB)
...
006 (016.055.000) 05/08 16:23:13 Image size of job updated: 2885872
	2130  -  MemoryUsage of job (MB)
	2180640  -  ResidentSetSize of job (KB)
...
006 (016.055.000) 05/08 16:23:43 Image size of job updated: 2894064
	2130  -  MemoryUsage of job (MB)
	2180640  -  ResidentSetSize of job (KB)
...
006 (016.055.000) 05/08 16:24:12 Image size of job updated: 2912496
	2130  -  MemoryUsage of job (MB)
	2180640  -  ResidentSetSize of job (KB)
...
006 (016.055.000) 05/08 16:24:31 Image size of job updated: 2967792
	2156  -  MemoryUsage of job (MB)
	2206908  -  ResidentSetSize of job (KB)
...
006 (016.055.000) 05/08 16:24:43 Image size of job updated: 2986224
	2179  -  MemoryUsage of job (MB)
	2230404  -  ResidentSetSize of job (KB)
...
006 (016.055.000) 05/08 16:24:51 Image size of job updated: 3003632
	2197  -  MemoryUsage of job (MB)
	2249412  -  ResidentSetSize of job (KB)
...
006 (016.055.000) 05/08 16:25:01 Image size of job updated: 3026160
	2207  -  MemoryUsage of job (MB)
	2259312  -  ResidentSetSize of job (KB)
...
006 (016.055.000) 05/08 16:25:14 Image size of job updated: 3056880
	2251  -  MemoryUsage of job (MB)
	2304060  -  ResidentSetSize of job (KB)
...
006 (016.055.000) 05/08 16:25:24 Image size of job updated: 3101936
	2257  -  MemoryUsage of job (MB)
	2311056  -  ResidentSetSize of job (KB)
...
006 (016.055.000) 05/08 16:25:30 Image size of job updated: 3122416
	2272  -  MemoryUsage of job (MB)
	2325576  -  ResidentSetSize of job (KB)
...
006 (016.055.000) 05/08 16:25:36 Image size of job updated: 3125488
	2297  -  MemoryUsage of job (MB)
	2351316  -  ResidentSetSize of job (KB)
...
006 (016.055.000) 05/08 16:25:42 Image size of job updated: 3161328
	2325  -  MemoryUsage of job (MB)
	2380224  -  ResidentSetSize of job (KB)
...
006 (016.055.000) 05/08 16:25:48 Image size of job updated: 3182832
	2354  -  MemoryUsage of job (MB)
	2409924  -  ResidentSetSize of job (KB)
...
006 (016.055.000) 05/08 16:25:54 Image size of job updated: 3221744
	2365  -  MemoryUsage of job (MB)
	2420748  -  ResidentSetSize of job (KB)
...
006 (016.055.000) 05/08 16:26:00 Image size of job updated: 3252464
	2391  -  MemoryUsage of job (MB)
	2448204  -  ResidentSetSize of job (KB)
...
006 (016.055.000) 05/08 16:26:07 Image size of job updated: 3252464
	2397  -  MemoryUsage of job (MB)
	2454012  -  ResidentSetSize of job (KB)
...
006 (016.055.000) 05/08 16:26:12 Image size of job updated: 3261680
	2400  -  MemoryUsage of job (MB)
	2456652  -  ResidentSetSize of job (KB)
...
006 (016.055.000) 05/08 16:26:18 Image size of job updated: 3266800
	2409  -  MemoryUsage of job (MB)
	2466816  -  ResidentSetSize of job (KB)
...
006 (016.055.000) 05/08 16:26:24 Image size of job updated: 3266800
	2436  -  MemoryUsage of job (MB)
	2494008  -  ResidentSetSize of job (KB)
...
006 (016.055.000) 05/08 16:26:30 Image size of job updated: 3266800
	2436  -  MemoryUsage of job (MB)
	2494272  -  ResidentSetSize of job (KB)
...
006 (016.055.000) 05/08 16:27:28 Image size of job updated: 3324144
	2449  -  MemoryUsage of job (MB)
	2507472  -  ResidentSetSize of job (KB)
...
006 (016.055.000) 05/08 16:30:43 Image size of job updated: 3660016
	2770  -  MemoryUsage of job (MB)
	2836152  -  ResidentSetSize of job (KB)
...
006 (016.055.000) 05/08 16:34:39 Image size of job updated: 4382960
	3427  -  MemoryUsage of job (MB)
	3508824  -  ResidentSetSize of job (KB)
...
006 (016.055.000) 05/08 16:36:45 Image size of job updated: 5093616
	3427  -  MemoryUsage of job (MB)
	3508824  -  ResidentSetSize of job (KB)
...
005 (016.055.000) 05/08 16:36:45 Job terminated.
	(1) Normal termination (return value 0)
		Usr 0 00:27:17, Sys 0 00:01:44  -  Run Remote Usage
		Usr 0 00:00:00, Sys 0 00:00:00  -  Run Local Usage
		Usr 0 00:27:17, Sys 0 00:01:44  -  Total Remote Usage
		Usr 0 00:00:00, Sys 0 00:00:00  -  Total Local Usage
	0  -  Run Bytes Sent By Job
	0  -  Run Bytes Received By Job
	0  -  Total Bytes Sent By Job
	0  -  Total Bytes Received By Job
	Partitionable Resources :      Usage  Request Allocated 
	   Cpus                 :       0.42        1         1 
	   Disk (KB)            : 2000000     2000000   6275465 
	   Memory (MB)          :    3427        1954      2007 
...
