000 (005.9626.000) 05/05 20:25:59 Job submitted from host: <127.0.0.1:9618?addrs=127.0.0.1-9618&noUDP&sock=227_4816_4>
...
033 (005.9626.000) 05/06 14:18:11 Changing job attribute JobPrio from 0 to -10
...
009 (005.9626.000) 05/07 21:45:35 Job was aborted by the user.
	via condor_rm (by user aw868)
...
000 (011.2575.000) 05/08 17:21:38 Job submitted from host: <127.0.0.1:9618?addrs=127.0.0.1-9618&noUDP&sock=212_fe2a_4>
...
033 (011.2575.000) 05/08 20:41:56 Changing job attribute JobPrio from 0 to -5
...
001 (011.2575.000) 05/09 11:18:16 Job executing on host: <127.0.0.1:9618?addrs=127.0.0.1-9618&noUDP&sock=212_fe2a_5>
...
006 (011.2575.000) 05/09 11:18:22 Image size of job updated: 2000000
	101  -  MemoryUsage of job (MB)
	102960  -  ResidentSetSize of job (KB)
...
006 (011.2575.000) 05/09 11:18:52 Image size of job updated: 2000000
	167  -  MemoryUsage of job (MB)
	170808  -  ResidentSetSize of job (KB)
...
006 (011.2575.000) 05/09 11:18:58 Image size of job updated: 2000000
	184  -  MemoryUsage of job (MB)
	188100  -  ResidentSetSize of job (KB)
...
006 (011.2575.000) 05/09 11:19:04 Image size of job updated: 2000000
	189  -  MemoryUsage of job (MB)
	193116  -  ResidentSetSize of job (KB)
...
006 (011.2575.000) 05/09 11:19:10 Image size of job updated: 2000000
	202  -  MemoryUsage of job (MB)
	206712  -  ResidentSetSize of job (KB)
...
006 (011.2575.000) 05/09 11:19:16 Image size of job updated: 2000000
	213  -  MemoryUsage of job (MB)
	218064  -  ResidentSetSize of job (KB)
...
006 (011.2575.000) 05/09 11:19:22 Image size of job updated: 2000000
	228  -  MemoryUsage of job (MB)
	232848  -  ResidentSetSize of job (KB)
...
006 (011.2575.000) 05/09 11:19:28 Image size of job updated: 2000000
	238  -  MemoryUsage of job (MB)
	243408  -  ResidentSetSize of job (KB)
...
006 (011.2575.000) 05/09 11:19:34 Image size of job updated: 2000000
	260  -  MemoryUsage of job (MB)
	265452  -  ResidentSetSize of job (KB)
...
006 (011.2575.000) 05/09 11:19:40 Image size of job updated: 2000000
	304  -  MemoryUsage of job (MB)
	310728  -  ResidentSetSize of job (KB)
...
006 (011.2575.000) 05/09 11:19:46 Image size of job updated: 2000000
	329  -  MemoryUsage of job (MB)
	336204  -  ResidentSetSize of job (KB)
...
006 (011.2575.000) 05/09 11:19:52 Image size of job updated: 2000000
	395  -  MemoryUsage of job (MB)
	404448  -  ResidentSetSize of job (KB)
...
006 (011.2575.000) 05/09 11:19:58 Image size of job updated: 2000000
	452  -  MemoryUsage of job (MB)
	461868  -  ResidentSetSize of job (KB)
...
006 (011.2575.000) 05/09 11:20:04 Image size of job updated: 2000000
	1169  -  MemoryUsage of job (MB)
	1196316  -  ResidentSetSize of job (KB)
...
006 (011.2575.000) 05/09 11:33:48 Image size of job updated: 2000000
	1171  -  MemoryUsage of job (MB)
	1198296  -  ResidentSetSize of job (KB)
...
006 (011.2575.000) 05/09 11:33:54 Image size of job updated: 2000000
	1246  -  MemoryUsage of job (MB)
	1275252  -  ResidentSetSize of job (KB)
...
006 (011.2575.000) 05/09 11:34:00 Image size of job updated: 2193292
	1614  -  MemoryUsage of job (MB)
	1652112  -  ResidentSetSize of job (KB)
...
006 (011.2575.000) 05/09 11:34:06 Image size of job updated: 2262476
	1693  -  MemoryUsage of job (MB)
	1732764  -  ResidentSetSize of job (KB)
...
006 (011.2575.000) 05/09 11:34:12 Image size of job updated: 2561004
	1883  -  MemoryUsage of job (MB)
	1927728  -  ResidentSetSize of job (KB)
...
006 (011.2575.000) 05/09 11:34:18 Image size of job updated: 2561004
	1894  -  MemoryUsage of job (MB)
	1939212  -  ResidentSetSize of job (KB)
...
006 (011.2575.000) 05/09 11:34:24 Image size of job updated: 2561004
	1906  -  MemoryUsage of job (MB)
	1951092  -  ResidentSetSize of job (KB)
...
006 (011.2575.000) 05/09 11:34:30 Image size of job updated: 2587628
	1914  -  MemoryUsage of job (MB)
	1959408  -  ResidentSetSize of job (KB)
...
006 (011.2575.000) 05/09 11:34:36 Image size of job updated: 2594796
	1921  -  MemoryUsage of job (MB)
	1966404  -  ResidentSetSize of job (KB)
...
006 (011.2575.000) 05/09 11:34:42 Image size of job updated: 2602988
	1925  -  MemoryUsage of job (MB)
	1970628  -  ResidentSetSize of job (KB)
...
006 (011.2575.000) 05/09 11:34:48 Image size of job updated: 2602988
	1929  -  MemoryUsage of job (MB)
	1975116  -  ResidentSetSize of job (KB)
...
006 (011.2575.000) 05/09 11:34:54 Image size of job updated: 2602988
	1934  -  MemoryUsage of job (MB)
	1979868  -  ResidentSetSize of job (KB)
...
006 (011.2575.000) 05/09 11:35:00 Image size of job updated: 2614252
	1937  -  MemoryUsage of job (MB)
	1983432  -  ResidentSetSize of job (KB)
...
006 (011.2575.000) 05/09 11:35:06 Image size of job updated: 2617324
	1945  -  MemoryUsage of job (MB)
	1991352  -  ResidentSetSize of job (KB)
...
006 (011.2575.000) 05/09 11:35:13 Image size of job updated: 2626540
	1948  -  MemoryUsage of job (MB)
	1994388  -  ResidentSetSize of job (KB)
...
006 (011.2575.000) 05/09 11:35:18 Image size of job updated: 2626540
	1952  -  MemoryUsage of job (MB)
	1998216  -  ResidentSetSize of job (KB)
...
006 (011.2575.000) 05/09 11:35:23 Image size of job updated: 2626540
	1954  -  MemoryUsage of job (MB)
	2000328  -  ResidentSetSize of job (KB)
...
006 (011.2575.000) 05/09 11:35:28 Image size of job updated: 2635756
	1957  -  MemoryUsage of job (MB)
	2003760  -  ResidentSetSize of job (KB)
...
006 (011.2575.000) 05/09 11:35:33 Image size of job updated: 2636780
	1961  -  MemoryUsage of job (MB)
	2007192  -  ResidentSetSize of job (KB)
...
006 (011.2575.000) 05/09 11:35:38 Image size of job updated: 2640876
	1964  -  MemoryUsage of job (MB)
	2010492  -  ResidentSetSize of job (KB)
...
006 (011.2575.000) 05/09 11:35:43 Image size of job updated: 2647020
	1968  -  MemoryUsage of job (MB)
	2014584  -  ResidentSetSize of job (KB)
...
006 (011.2575.000) 05/09 11:35:48 Image size of job updated: 2647020
	1972  -  MemoryUsage of job (MB)
	2018940  -  ResidentSetSize of job (KB)
...
006 (011.2575.000) 05/09 11:35:53 Image size of job updated: 2647020
	1976  -  MemoryUsage of job (MB)
	2022504  -  ResidentSetSize of job (KB)
...
006 (011.2575.000) 05/09 11:35:58 Image size of job updated: 2656236
	1977  -  MemoryUsage of job (MB)
	2023956  -  ResidentSetSize of job (KB)
...
006 (011.2575.000) 05/09 11:36:03 Image size of job updated: 2659308
	1983  -  MemoryUsage of job (MB)
	2030292  -  ResidentSetSize of job (KB)
...
006 (011.2575.000) 05/09 11:36:08 Image size of job updated: 2662380
	1986  -  MemoryUsage of job (MB)
	2033196  -  ResidentSetSize of job (KB)
...
006 (011.2575.000) 05/09 11:36:13 Image size of job updated: 2662380
	1991  -  MemoryUsage of job (MB)
	2038080  -  ResidentSetSize of job (KB)
...
006 (011.2575.000) 05/09 11:36:18 Image size of job updated: 2672620
	1996  -  MemoryUsage of job (MB)
	2043096  -  ResidentSetSize of job (KB)
...
006 (011.2575.000) 05/09 11:36:23 Image size of job updated: 2678764
	2000  -  MemoryUsage of job (MB)
	2047188  -  ResidentSetSize of job (KB)
...
006 (011.2575.000) 05/09 11:36:28 Image size of job updated: 2680812
	2003  -  MemoryUsage of job (MB)
	2050224  -  ResidentSetSize of job (KB)
...
006 (011.2575.000) 05/09 11:36:33 Image size of job updated: 2683884
	2006  -  MemoryUsage of job (MB)
	2053128  -  ResidentSetSize of job (KB)
...
006 (011.2575.000) 05/09 11:36:38 Image size of job updated: 2687980
	2011  -  MemoryUsage of job (MB)
	2058804  -  ResidentSetSize of job (KB)
...
006 (011.2575.000) 05/09 11:36:43 Image size of job updated: 2693100
	2014  -  MemoryUsage of job (MB)
	2061444  -  ResidentSetSize of job (KB)
...
006 (011.2575.000) 05/09 11:36:48 Image size of job updated: 2695148
	2017  -  MemoryUsage of job (MB)
	2064876  -  ResidentSetSize of job (KB)
...
006 (011.2575.000) 05/09 11:36:53 Image size of job updated: 2695148
	2023  -  MemoryUsage of job (MB)
	2070948  -  ResidentSetSize of job (KB)
...
006 (011.2575.000) 05/09 11:36:58 Image size of job updated: 2695148
	2026  -  MemoryUsage of job (MB)
	2074248  -  ResidentSetSize of job (KB)
...
006 (011.2575.000) 05/09 11:37:03 Image size of job updated: 2708460
	2030  -  MemoryUsage of job (MB)
	2078208  -  ResidentSetSize of job (KB)
...
006 (011.2575.000) 05/09 11:37:08 Image size of job updated: 2708460
	2033  -  MemoryUsage of job (MB)
	2080848  -  ResidentSetSize of job (KB)
...
006 (011.2575.000) 05/09 11:37:13 Image size of job updated: 2708460
	2035  -  MemoryUsage of job (MB)
	2083092  -  ResidentSetSize of job (KB)
...
006 (011.2575.000) 05/09 11:37:18 Image size of job updated: 2718700
	2039  -  MemoryUsage of job (MB)
	2087580  -  ResidentSetSize of job (KB)
...
006 (011.2575.000) 05/09 11:37:23 Image size of job updated: 2718700
	2043  -  MemoryUsage of job (MB)
	2091408  -  ResidentSetSize of job (KB)
...
006 (011.2575.000) 05/09 11:37:28 Image size of job updated: 2718700
	2045  -  MemoryUsage of job (MB)
	2093256  -  ResidentSetSize of job (KB)
...
006 (011.2575.000) 05/09 11:37:33 Image size of job updated: 2727916
	2048  -  MemoryUsage of job (MB)
	2097084  -  ResidentSetSize of job (KB)
...
006 (011.2575.000) 05/09 11:37:38 Image size of job updated: 2727916
	2051  -  MemoryUsage of job (MB)
	2100120  -  ResidentSetSize of job (KB)
...
006 (011.2575.000) 05/09 11:37:43 Image size of job updated: 2727916
	2055  -  MemoryUsage of job (MB)
	2103816  -  ResidentSetSize of job (KB)
...
006 (011.2575.000) 05/09 11:37:48 Image size of job updated: 2738156
	2058  -  MemoryUsage of job (MB)
	2107380  -  ResidentSetSize of job (KB)
...
006 (011.2575.000) 05/09 11:37:53 Image size of job updated: 2742252
	2062  -  MemoryUsage of job (MB)
	2111208  -  ResidentSetSize of job (KB)
...
006 (011.2575.000) 05/09 11:37:58 Image size of job updated: 2747372
	2066  -  MemoryUsage of job (MB)
	2115036  -  ResidentSetSize of job (KB)
...
006 (011.2575.000) 05/09 11:38:03 Image size of job updated: 2749420
	2069  -  MemoryUsage of job (MB)
	2118468  -  ResidentSetSize of job (KB)
...
006 (011.2575.000) 05/09 11:38:08 Image size of job updated: 2749420
	2071  -  MemoryUsage of job (MB)
	2120580  -  ResidentSetSize of job (KB)
...
006 (011.2575.000) 05/09 11:38:13 Image size of job updated: 2749420
	2075  -  MemoryUsage of job (MB)
	2124012  -  ResidentSetSize of job (KB)
...
006 (011.2575.000) 05/09 11:38:18 Image size of job updated: 2758636
	2079  -  MemoryUsage of job (MB)
	2128368  -  ResidentSetSize of job (KB)
...
006 (011.2575.000) 05/09 11:38:23 Image size of job updated: 2758636
	2081  -  MemoryUsage of job (MB)
	2130876  -  ResidentSetSize of job (KB)
...
006 (011.2575.000) 05/09 11:38:28 Image size of job updated: 2758636
	2084  -  MemoryUsage of job (MB)
	2133252  -  ResidentSetSize of job (KB)
...
006 (011.2575.000) 05/09 11:38:33 Image size of job updated: 2768876
	2087  -  MemoryUsage of job (MB)
	2136288  -  ResidentSetSize of job (KB)
...
006 (011.2575.000) 05/09 11:38:38 Image size of job updated: 2768876
	2090  -  MemoryUsage of job (MB)
	2139588  -  ResidentSetSize of job (KB)
...
006 (011.2575.000) 05/09 11:38:43 Image size of job updated: 2768876
	2095  -  MemoryUsage of job (MB)
	2145000  -  ResidentSetSize of job (KB)
...
006 (011.2575.000) 05/09 11:38:48 Image size of job updated: 2782188
	2103  -  MemoryUsage of job (MB)
	2152656  -  ResidentSetSize of job (KB)
...
006 (011.2575.000) 05/09 11:38:53 Image size of job updated: 2782188
	2105  -  MemoryUsage of job (MB)
	2154900  -  ResidentSetSize of job (KB)
...
006 (011.2575.000) 05/09 11:38:58 Image size of job updated: 2782188
	2107  -  MemoryUsage of job (MB)
	2156880  -  ResidentSetSize of job (KB)
...
006 (011.2575.000) 05/09 11:39:03 Image size of job updated: 2789356
	2110  -  MemoryUsage of job (MB)
	2160444  -  ResidentSetSize of job (KB)
...
006 (011.2575.000) 05/09 11:39:08 Image size of job updated: 2789356
	2113  -  MemoryUsage of job (MB)
	2163084  -  ResidentSetSize of job (KB)
...
006 (011.2575.000) 05/09 11:39:13 Image size of job updated: 2789356
	2301  -  MemoryUsage of job (MB)
	2356068  -  ResidentSetSize of job (KB)
...
006 (011.2575.000) 05/09 11:39:18 Image size of job updated: 3007468
	2322  -  MemoryUsage of job (MB)
	2377056  -  ResidentSetSize of job (KB)
...
005 (011.2575.000) 05/09 11:39:20 Job terminated.
	(1) Normal termination (return value 0)
		Usr 0 00:20:32, Sys 0 00:00:02  -  Run Remote Usage
		Usr 0 00:00:00, Sys 0 00:00:00  -  Run Local Usage
		Usr 0 00:20:32, Sys 0 00:00:02  -  Total Remote Usage
		Usr 0 00:00:00, Sys 0 00:00:00  -  Total Local Usage
	0  -  Run Bytes Sent By Job
	0  -  Run Bytes Received By Job
	0  -  Total Bytes Sent By Job
	0  -  Total Bytes Received By Job
	Partitionable Resources :      Usage  Request Allocated 
	   Cpus                 :       0.97        1         1 
	   Disk (KB)            : 2000000     2000000   6232219 
	   Memory (MB)          :    2322        1954      2007 
...
