000 (195.113.000) 05/05 21:23:46 Job submitted from host: <127.0.0.1:9618?addrs=127.0.0.1-9618&noUDP&sock=222_da1d_4>
...
001 (195.113.000) 05/06 11:13:29 Job executing on host: <127.0.0.1:9618?addrs=127.0.0.1-9618&noUDP&sock=222_da1d_5>
...
006 (195.113.000) 05/06 11:13:35 Image size of job updated: 2000000
	115  -  MemoryUsage of job (MB)
	117216  -  ResidentSetSize of job (KB)
...
006 (195.113.000) 05/06 11:13:59 Image size of job updated: 2000000
	119  -  MemoryUsage of job (MB)
	121704  -  ResidentSetSize of job (KB)
...
006 (195.113.000) 05/06 11:14:05 Image size of job updated: 2000000
	202  -  MemoryUsage of job (MB)
	206712  -  ResidentSetSize of job (KB)
...
006 (195.113.000) 05/06 11:14:12 Image size of job updated: 2000000
	211  -  MemoryUsage of job (MB)
	215556  -  ResidentSetSize of job (KB)
...
006 (195.113.000) 05/06 11:14:17 Image size of job updated: 2000000
	212  -  MemoryUsage of job (MB)
	216084  -  ResidentSetSize of job (KB)
...
006 (195.113.000) 05/06 11:14:22 Image size of job updated: 2000000
	220  -  MemoryUsage of job (MB)
	225192  -  ResidentSetSize of job (KB)
...
006 (195.113.000) 05/06 11:14:27 Image size of job updated: 2000000
	230  -  MemoryUsage of job (MB)
	235224  -  ResidentSetSize of job (KB)
...
006 (195.113.000) 05/06 11:14:32 Image size of job updated: 2000000
	240  -  MemoryUsage of job (MB)
	245388  -  ResidentSetSize of job (KB)
...
006 (195.113.000) 05/06 11:14:37 Image size of job updated: 2000000
	250  -  MemoryUsage of job (MB)
	255552  -  ResidentSetSize of job (KB)
...
006 (195.113.000) 05/06 11:14:42 Image size of job updated: 2000000
	257  -  MemoryUsage of job (MB)
	263076  -  ResidentSetSize of job (KB)
...
006 (195.113.000) 05/06 11:14:47 Image size of job updated: 2000000
	266  -  MemoryUsage of job (MB)
	271392  -  ResidentSetSize of job (KB)
...
006 (195.113.000) 05/06 11:14:52 Image size of job updated: 2000000
	272  -  MemoryUsage of job (MB)
	278256  -  ResidentSetSize of job (KB)
...
006 (195.113.000) 05/06 11:14:57 Image size of job updated: 2000000
	287  -  MemoryUsage of job (MB)
	293040  -  ResidentSetSize of job (KB)
...
006 (195.113.000) 05/06 11:15:02 Image size of job updated: 2000000
	332  -  MemoryUsage of job (MB)
	338976  -  ResidentSetSize of job (KB)
...
006 (195.113.000) 05/06 11:15:07 Image size of job updated: 2000000
	377  -  MemoryUsage of job (MB)
	385836  -  ResidentSetSize of job (KB)
...
006 (195.113.000) 05/06 11:15:12 Image size of job updated: 2000000
	380  -  MemoryUsage of job (MB)
	388740  -  ResidentSetSize of job (KB)
...
006 (195.113.000) 05/06 11:15:17 Image size of job updated: 2000000
	440  -  MemoryUsage of job (MB)
	450516  -  ResidentSetSize of job (KB)
...
006 (195.113.000) 05/06 11:15:22 Image size of job updated: 2000000
	493  -  MemoryUsage of job (MB)
	504636  -  ResidentSetSize of job (KB)
...
006 (195.113.000) 05/06 11:15:27 Image size of job updated: 2000000
	545  -  MemoryUsage of job (MB)
	557568  -  ResidentSetSize of job (KB)
...
006 (195.113.000) 05/06 11:15:32 Image size of job updated: 2000000
	1245  -  MemoryUsage of job (MB)
	1274460  -  ResidentSetSize of job (KB)
...
006 (195.113.000) 05/06 11:33:57 Image size of job updated: 2303312
	1504  -  MemoryUsage of job (MB)
	1539516  -  ResidentSetSize of job (KB)
...
006 (195.113.000) 05/06 11:34:02 Image size of job updated: 2368976
	1638  -  MemoryUsage of job (MB)
	1676400  -  ResidentSetSize of job (KB)
...
006 (195.113.000) 05/06 11:34:07 Image size of job updated: 2368976
	1706  -  MemoryUsage of job (MB)
	1746756  -  ResidentSetSize of job (KB)
...
006 (195.113.000) 05/06 11:34:12 Image size of job updated: 2368976
	1897  -  MemoryUsage of job (MB)
	1942380  -  ResidentSetSize of job (KB)
...
006 (195.113.000) 05/06 11:34:17 Image size of job updated: 2691312
	1965  -  MemoryUsage of job (MB)
	2011284  -  ResidentSetSize of job (KB)
...
006 (195.113.000) 05/06 11:34:22 Image size of job updated: 2691312
	2011  -  MemoryUsage of job (MB)
	2058408  -  ResidentSetSize of job (KB)
...
006 (195.113.000) 05/06 11:34:27 Image size of job updated: 2691312
	2015  -  MemoryUsage of job (MB)
	2063028  -  ResidentSetSize of job (KB)
...
006 (195.113.000) 05/06 11:34:32 Image size of job updated: 2815216
	2050  -  MemoryUsage of job (MB)
	2099064  -  ResidentSetSize of job (KB)
...
006 (195.113.000) 05/06 11:34:37 Image size of job updated: 2824432
	2081  -  MemoryUsage of job (MB)
	2130876  -  ResidentSetSize of job (KB)
...
006 (195.113.000) 05/06 11:34:42 Image size of job updated: 2824432
	2115  -  MemoryUsage of job (MB)
	2165460  -  ResidentSetSize of job (KB)
...
006 (195.113.000) 05/06 11:34:47 Image size of job updated: 2824432
	2151  -  MemoryUsage of job (MB)
	2201892  -  ResidentSetSize of job (KB)
...
006 (195.113.000) 05/06 11:34:52 Image size of job updated: 2926832
	2181  -  MemoryUsage of job (MB)
	2233176  -  ResidentSetSize of job (KB)
...
006 (195.113.000) 05/06 11:34:57 Image size of job updated: 2926832
	2212  -  MemoryUsage of job (MB)
	2264856  -  ResidentSetSize of job (KB)
...
006 (195.113.000) 05/06 11:35:02 Image size of job updated: 2926832
	2224  -  MemoryUsage of job (MB)
	2277000  -  ResidentSetSize of job (KB)
...
006 (195.113.000) 05/06 11:35:07 Image size of job updated: 2999536
	2224  -  MemoryUsage of job (MB)
	2277000  -  ResidentSetSize of job (KB)
...
006 (195.113.000) 05/06 11:35:12 Image size of job updated: 2999536
	2252  -  MemoryUsage of job (MB)
	2305380  -  ResidentSetSize of job (KB)
...
006 (195.113.000) 05/06 11:35:17 Image size of job updated: 2999536
	2284  -  MemoryUsage of job (MB)
	2337852  -  ResidentSetSize of job (KB)
...
006 (195.113.000) 05/06 11:35:22 Image size of job updated: 3085552
	2316  -  MemoryUsage of job (MB)
	2370852  -  ResidentSetSize of job (KB)
...
006 (195.113.000) 05/06 11:35:27 Image size of job updated: 3121392
	2348  -  MemoryUsage of job (MB)
	2404248  -  ResidentSetSize of job (KB)
...
006 (195.113.000) 05/06 11:35:32 Image size of job updated: 3121392
	2378  -  MemoryUsage of job (MB)
	2434872  -  ResidentSetSize of job (KB)
...
006 (195.113.000) 05/06 11:35:37 Image size of job updated: 3193072
	2412  -  MemoryUsage of job (MB)
	2469060  -  ResidentSetSize of job (KB)
...
006 (195.113.000) 05/06 11:35:42 Image size of job updated: 3193072
	2443  -  MemoryUsage of job (MB)
	2501004  -  ResidentSetSize of job (KB)
...
006 (195.113.000) 05/06 11:35:47 Image size of job updated: 3193072
	2477  -  MemoryUsage of job (MB)
	2536116  -  ResidentSetSize of job (KB)
...
006 (195.113.000) 05/06 11:35:53 Image size of job updated: 3284208
	2501  -  MemoryUsage of job (MB)
	2560140  -  ResidentSetSize of job (KB)
...
006 (195.113.000) 05/06 11:36:06 Image size of job updated: 3284208
	2504  -  MemoryUsage of job (MB)
	2563176  -  ResidentSetSize of job (KB)
...
006 (195.113.000) 05/06 11:36:21 Image size of job updated: 3414256
	2597  -  MemoryUsage of job (MB)
	2658480  -  ResidentSetSize of job (KB)
...
006 (195.113.000) 05/06 11:36:33 Image size of job updated: 3414256
	2677  -  MemoryUsage of job (MB)
	2740320  -  ResidentSetSize of job (KB)
...
006 (195.113.000) 05/06 11:36:41 Image size of job updated: 3535088
	2728  -  MemoryUsage of job (MB)
	2792988  -  ResidentSetSize of job (KB)
...
006 (195.113.000) 05/06 11:36:47 Image size of job updated: 3535088
	2766  -  MemoryUsage of job (MB)
	2831400  -  ResidentSetSize of job (KB)
...
006 (195.113.000) 05/06 11:36:53 Image size of job updated: 3609840
	2804  -  MemoryUsage of job (MB)
	2870868  -  ResidentSetSize of job (KB)
...
006 (195.113.000) 05/06 11:36:59 Image size of job updated: 3609840
	2844  -  MemoryUsage of job (MB)
	2912052  -  ResidentSetSize of job (KB)
...
006 (195.113.000) 05/06 11:37:05 Image size of job updated: 3609840
	2883  -  MemoryUsage of job (MB)
	2951784  -  ResidentSetSize of job (KB)
...
006 (195.113.000) 05/06 11:37:11 Image size of job updated: 3718384
	2922  -  MemoryUsage of job (MB)
	2991780  -  ResidentSetSize of job (KB)
...
006 (195.113.000) 05/06 11:37:17 Image size of job updated: 3718384
	2958  -  MemoryUsage of job (MB)
	3028872  -  ResidentSetSize of job (KB)
...
006 (195.113.000) 05/06 11:37:23 Image size of job updated: 3812592
	2974  -  MemoryUsage of job (MB)
	3044976  -  ResidentSetSize of job (KB)
...
006 (195.113.000) 05/06 11:37:43 Image size of job updated: 3860720
	2993  -  MemoryUsage of job (MB)
	3064248  -  ResidentSetSize of job (KB)
...
006 (195.113.000) 05/06 11:37:50 Image size of job updated: 3901680
	3045  -  MemoryUsage of job (MB)
	3117840  -  ResidentSetSize of job (KB)
...
006 (195.113.000) 05/06 11:37:55 Image size of job updated: 3944688
	3080  -  MemoryUsage of job (MB)
	3153612  -  ResidentSetSize of job (KB)
...
006 (195.113.000) 05/06 11:38:00 Image size of job updated: 3963120
	3116  -  MemoryUsage of job (MB)
	3190704  -  ResidentSetSize of job (KB)
...
006 (195.113.000) 05/06 11:38:05 Image size of job updated: 3963120
	3156  -  MemoryUsage of job (MB)
	3230964  -  ResidentSetSize of job (KB)
...
006 (195.113.000) 05/06 11:38:10 Image size of job updated: 3963120
	3196  -  MemoryUsage of job (MB)
	3272016  -  ResidentSetSize of job (KB)
...
006 (195.113.000) 05/06 11:38:15 Image size of job updated: 4089072
	3236  -  MemoryUsage of job (MB)
	3312804  -  ResidentSetSize of job (KB)
...
006 (195.113.000) 05/06 11:38:20 Image size of job updated: 4089072
	3276  -  MemoryUsage of job (MB)
	3354252  -  ResidentSetSize of job (KB)
...
006 (195.113.000) 05/06 11:38:25 Image size of job updated: 4089072
	3311  -  MemoryUsage of job (MB)
	3389760  -  ResidentSetSize of job (KB)
...
006 (195.113.000) 05/06 11:38:30 Image size of job updated: 4209904
	3320  -  MemoryUsage of job (MB)
	3399660  -  ResidentSetSize of job (KB)
...
006 (195.113.000) 05/06 11:38:47 Image size of job updated: 4209904
	3334  -  MemoryUsage of job (MB)
	3413652  -  ResidentSetSize of job (KB)
...
006 (195.113.000) 05/06 11:39:19 Image size of job updated: 4409584
	3552  -  MemoryUsage of job (MB)
	3636336  -  ResidentSetSize of job (KB)
...
006 (195.113.000) 05/06 11:39:44 Image size of job updated: 4575472
	3652  -  MemoryUsage of job (MB)
	3739296  -  ResidentSetSize of job (KB)
...
006 (195.113.000) 05/06 11:40:00 Image size of job updated: 4676848
	3757  -  MemoryUsage of job (MB)
	3846744  -  ResidentSetSize of job (KB)
...
006 (195.113.000) 05/06 11:40:10 Image size of job updated: 4781296
	3828  -  MemoryUsage of job (MB)
	3919080  -  ResidentSetSize of job (KB)
...
006 (195.113.000) 05/06 11:40:16 Image size of job updated: 4781296
	3872  -  MemoryUsage of job (MB)
	3963960  -  ResidentSetSize of job (KB)
...
006 (195.113.000) 05/06 11:40:22 Image size of job updated: 4781296
	3919  -  MemoryUsage of job (MB)
	4012140  -  ResidentSetSize of job (KB)
...
006 (195.113.000) 05/06 11:40:28 Image size of job updated: 4894960
	3957  -  MemoryUsage of job (MB)
	4050948  -  ResidentSetSize of job (KB)
...
006 (195.113.000) 05/06 11:40:34 Image size of job updated: 4934896
	4005  -  MemoryUsage of job (MB)
	4100448  -  ResidentSetSize of job (KB)
...
006 (195.113.000) 05/06 11:40:40 Image size of job updated: 5006576
	4032  -  MemoryUsage of job (MB)
	4128300  -  ResidentSetSize of job (KB)
...
006 (195.113.000) 05/06 11:40:49 Image size of job updated: 5006576
	4032  -  MemoryUsage of job (MB)
	4128564  -  ResidentSetSize of job (KB)
...
006 (195.113.000) 05/06 11:40:58 Image size of job updated: 5065968
	4084  -  MemoryUsage of job (MB)
	4181364  -  ResidentSetSize of job (KB)
...
006 (195.113.000) 05/06 11:41:05 Image size of job updated: 5065968
	4125  -  MemoryUsage of job (MB)
	4224000  -  ResidentSetSize of job (KB)
...
006 (195.113.000) 05/06 11:41:11 Image size of job updated: 5140720
	4137  -  MemoryUsage of job (MB)
	4235748  -  ResidentSetSize of job (KB)
...
006 (195.113.000) 05/06 11:41:17 Image size of job updated: 5146864
	4155  -  MemoryUsage of job (MB)
	4254492  -  ResidentSetSize of job (KB)
...
006 (195.113.000) 05/06 11:41:23 Image size of job updated: 5194992
	4193  -  MemoryUsage of job (MB)
	4293300  -  ResidentSetSize of job (KB)
...
006 (195.113.000) 05/06 11:41:29 Image size of job updated: 5232880
	4219  -  MemoryUsage of job (MB)
	4319832  -  ResidentSetSize of job (KB)
...
006 (195.113.000) 05/06 11:41:38 Image size of job updated: 5232880
	4231  -  MemoryUsage of job (MB)
	4332240  -  ResidentSetSize of job (KB)
...
006 (195.113.000) 05/06 11:41:45 Image size of job updated: 5285104
	4244  -  MemoryUsage of job (MB)
	4345704  -  ResidentSetSize of job (KB)
...
006 (195.113.000) 05/06 11:41:50 Image size of job updated: 5313776
	4279  -  MemoryUsage of job (MB)
	4381212  -  ResidentSetSize of job (KB)
...
006 (195.113.000) 05/06 11:41:55 Image size of job updated: 5345520
	4308  -  MemoryUsage of job (MB)
	4411176  -  ResidentSetSize of job (KB)
...
006 (195.113.000) 05/06 11:42:00 Image size of job updated: 5382384
	4341  -  MemoryUsage of job (MB)
	4444440  -  ResidentSetSize of job (KB)
...
006 (195.113.000) 05/06 11:42:05 Image size of job updated: 5382384
	4372  -  MemoryUsage of job (MB)
	4476648  -  ResidentSetSize of job (KB)
...
006 (195.113.000) 05/06 11:42:10 Image size of job updated: 5382384
	4404  -  MemoryUsage of job (MB)
	4508856  -  ResidentSetSize of job (KB)
...
006 (195.113.000) 05/06 11:42:15 Image size of job updated: 5480688
	4437  -  MemoryUsage of job (MB)
	4542516  -  ResidentSetSize of job (KB)
...
006 (195.113.000) 05/06 11:42:20 Image size of job updated: 5480688
	4452  -  MemoryUsage of job (MB)
	4557960  -  ResidentSetSize of job (KB)
...
006 (195.113.000) 05/06 11:42:28 Image size of job updated: 5531888
	4452  -  MemoryUsage of job (MB)
	4557960  -  ResidentSetSize of job (KB)
...
006 (195.113.000) 05/06 11:42:38 Image size of job updated: 5580016
	4525  -  MemoryUsage of job (MB)
	4633332  -  ResidentSetSize of job (KB)
...
006 (195.113.000) 05/06 11:42:46 Image size of job updated: 5580016
	4578  -  MemoryUsage of job (MB)
	4687716  -  ResidentSetSize of job (KB)
...
006 (195.113.000) 05/06 11:42:54 Image size of job updated: 5682416
	4593  -  MemoryUsage of job (MB)
	4702896  -  ResidentSetSize of job (KB)
...
006 (195.113.000) 05/06 11:43:07 Image size of job updated: 5779696
	4673  -  MemoryUsage of job (MB)
	4784868  -  ResidentSetSize of job (KB)
...
006 (195.113.000) 05/06 11:43:17 Image size of job updated: 5811440
	4736  -  MemoryUsage of job (MB)
	4849284  -  ResidentSetSize of job (KB)
...
006 (195.113.000) 05/06 11:43:23 Image size of job updated: 5873904
	4774  -  MemoryUsage of job (MB)
	4888488  -  ResidentSetSize of job (KB)
...
006 (195.113.000) 05/06 11:43:29 Image size of job updated: 5873904
	4812  -  MemoryUsage of job (MB)
	4926900  -  ResidentSetSize of job (KB)
...
006 (195.113.000) 05/06 11:43:35 Image size of job updated: 5873904
	4849  -  MemoryUsage of job (MB)
	4965048  -  ResidentSetSize of job (KB)
...
006 (195.113.000) 05/06 11:43:45 Image size of job updated: 5981424
	4849  -  MemoryUsage of job (MB)
	4965048  -  ResidentSetSize of job (KB)
...
006 (195.113.000) 05/06 11:43:56 Image size of job updated: 6193392
	5158  -  MemoryUsage of job (MB)
	5280792  -  ResidentSetSize of job (KB)
...
005 (195.113.000) 05/06 11:44:03 Job terminated.
	(1) Normal termination (return value 0)
		Usr 0 00:27:40, Sys 0 00:00:44  -  Run Remote Usage
		Usr 0 00:00:00, Sys 0 00:00:00  -  Run Local Usage
		Usr 0 00:27:40, Sys 0 00:00:44  -  Total Remote Usage
		Usr 0 00:00:00, Sys 0 00:00:00  -  Total Local Usage
	0  -  Run Bytes Sent By Job
	0  -  Run Bytes Received By Job
	0  -  Total Bytes Sent By Job
	0  -  Total Bytes Received By Job
	Partitionable Resources :      Usage  Request Allocated 
	   Cpus                 :       0.67        1         1 
	   Disk (KB)            : 2000000     2000000   6540465 
	   Memory (MB)          :    5158        1954      2007 
...
