000 (173.749.000) 05/05 01:07:19 Job submitted from host: <127.0.0.1:9618?addrs=127.0.0.1-9618&noUDP&sock=222_da1d_4>
...
001 (173.749.000) 05/05 04:51:25 Job executing on host: <127.0.0.1:9618?addrs=127.0.0.1-9618&noUDP&sock=222_da1d_5>
...
006 (173.749.000) 05/05 04:51:31 Image size of job updated: 2000000
	101  -  MemoryUsage of job (MB)
	102960  -  ResidentSetSize of job (KB)
...
006 (173.749.000) 05/05 04:51:55 Image size of job updated: 2000000
	133  -  MemoryUsage of job (MB)
	135300  -  ResidentSetSize of job (KB)
...
006 (173.749.000) 05/05 04:52:01 Image size of job updated: 2000000
	184  -  MemoryUsage of job (MB)
	187968  -  ResidentSetSize of job (KB)
...
006 (173.749.000) 05/05 04:52:07 Image size of job updated: 2000000
	185  -  MemoryUsage of job (MB)
	188496  -  ResidentSetSize of job (KB)
...
006 (173.749.000) 05/05 04:52:13 Image size of job updated: 2000000
	198  -  MemoryUsage of job (MB)
	201960  -  ResidentSetSize of job (KB)
...
006 (173.749.000) 05/05 04:52:19 Image size of job updated: 2000000
	210  -  MemoryUsage of job (MB)
	214896  -  ResidentSetSize of job (KB)
...
006 (173.749.000) 05/05 04:52:25 Image size of job updated: 2000000
	223  -  MemoryUsage of job (MB)
	227832  -  ResidentSetSize of job (KB)
...
006 (173.749.000) 05/05 04:52:31 Image size of job updated: 2000000
	234  -  MemoryUsage of job (MB)
	239448  -  ResidentSetSize of job (KB)
...
006 (173.749.000) 05/05 04:52:37 Image size of job updated: 2000000
	243  -  MemoryUsage of job (MB)
	248292  -  ResidentSetSize of job (KB)
...
006 (173.749.000) 05/05 04:52:43 Image size of job updated: 2000000
	291  -  MemoryUsage of job (MB)
	297132  -  ResidentSetSize of job (KB)
...
006 (173.749.000) 05/05 04:52:49 Image size of job updated: 2000000
	329  -  MemoryUsage of job (MB)
	336072  -  ResidentSetSize of job (KB)
...
006 (173.749.000) 05/05 04:52:55 Image size of job updated: 2000000
	360  -  MemoryUsage of job (MB)
	368412  -  ResidentSetSize of job (KB)
...
006 (173.749.000) 05/05 04:53:01 Image size of job updated: 2000000
	428  -  MemoryUsage of job (MB)
	437580  -  ResidentSetSize of job (KB)
...
006 (173.749.000) 05/05 04:53:07 Image size of job updated: 2000000
	480  -  MemoryUsage of job (MB)
	491172  -  ResidentSetSize of job (KB)
...
006 (173.749.000) 05/05 04:53:13 Image size of job updated: 2000000
	1169  -  MemoryUsage of job (MB)
	1196184  -  ResidentSetSize of job (KB)
...
006 (173.749.000) 05/05 05:05:45 Image size of job updated: 2000000
	1169  -  MemoryUsage of job (MB)
	1196844  -  ResidentSetSize of job (KB)
...
006 (173.749.000) 05/05 05:05:51 Image size of job updated: 2000000
	1171  -  MemoryUsage of job (MB)
	1198164  -  ResidentSetSize of job (KB)
...
006 (173.749.000) 05/05 05:05:58 Image size of job updated: 2000000
	1249  -  MemoryUsage of job (MB)
	1278024  -  ResidentSetSize of job (KB)
...
006 (173.749.000) 05/05 05:06:03 Image size of job updated: 2000000
	1622  -  MemoryUsage of job (MB)
	1660032  -  ResidentSetSize of job (KB)
...
006 (173.749.000) 05/05 05:06:08 Image size of job updated: 2000000
	1692  -  MemoryUsage of job (MB)
	1731972  -  ResidentSetSize of job (KB)
...
006 (173.749.000) 05/05 05:06:13 Image size of job updated: 2000000
	1885  -  MemoryUsage of job (MB)
	1929312  -  ResidentSetSize of job (KB)
...
006 (173.749.000) 05/05 05:06:18 Image size of job updated: 2561004
	1885  -  MemoryUsage of job (MB)
	1929312  -  ResidentSetSize of job (KB)
...
006 (173.749.000) 05/05 05:07:58 Image size of job updated: 2561004
	2019  -  MemoryUsage of job (MB)
	2067384  -  ResidentSetSize of job (KB)
...
006 (173.749.000) 05/05 05:08:03 Image size of job updated: 2735084
	2056  -  MemoryUsage of job (MB)
	2104740  -  ResidentSetSize of job (KB)
...
005 (173.749.000) 05/05 05:08:05 Job terminated.
	(1) Normal termination (return value 0)
		Usr 0 00:16:13, Sys 0 00:00:02  -  Run Remote Usage
		Usr 0 00:00:00, Sys 0 00:00:00  -  Run Local Usage
		Usr 0 00:16:13, Sys 0 00:00:02  -  Total Remote Usage
		Usr 0 00:00:00, Sys 0 00:00:00  -  Total Local Usage
	0  -  Run Bytes Sent By Job
	0  -  Run Bytes Received By Job
	0  -  Total Bytes Sent By Job
	0  -  Total Bytes Received By Job
	Partitionable Resources :      Usage  Request Allocated 
	   Cpus                 :       1.00        1         1 
	   Disk (KB)            : 2000000     2000000   6540465 
	   Memory (MB)          :    2056        1954      2007 
...
