000 (205.4137.000) 05/06 03:19:28 Job submitted from host: <127.0.0.1:9618?addrs=127.0.0.1-9618&noUDP&sock=222_da1d_4>
...
033 (205.4137.000) 05/06 14:22:47 Changing job attribute JobPrio from 0 to -5
...
000 (007.4137.000) 05/07 19:00:07 Job submitted from host: <127.0.0.1:9618?addrs=127.0.0.1-9618&noUDP&sock=215_0cf3_4>
...
000 (016.4137.000) 05/08 15:57:15 Job submitted from host: <127.0.0.1:9618?addrs=127.0.0.1-9618&noUDP&sock=227_4816_4>
...
009 (016.4137.000) 05/09 16:54:44 Job was aborted by the user.
	via condor_rm (by user aw868)
...
000 (017.804.000) 05/09 17:25:59 Job submitted from host: <127.0.0.1:9618?addrs=127.0.0.1-9618&noUDP&sock=227_4816_4>
...
001 (017.804.000) 05/09 23:10:43 Job executing on host: <127.0.0.1:9618?addrs=127.0.0.1-9618&noUDP&sock=227_4816_5>
...
006 (017.804.000) 05/09 23:10:48 Image size of job updated: 2000000
	114  -  MemoryUsage of job (MB)
	116688  -  ResidentSetSize of job (KB)
...
006 (017.804.000) 05/09 23:10:53 Image size of job updated: 2000000
	115  -  MemoryUsage of job (MB)
	117084  -  ResidentSetSize of job (KB)
...
006 (017.804.000) 05/09 23:11:19 Image size of job updated: 2000000
	173  -  MemoryUsage of job (MB)
	176220  -  ResidentSetSize of job (KB)
...
006 (017.804.000) 05/09 23:11:25 Image size of job updated: 2000000
	211  -  MemoryUsage of job (MB)
	215424  -  ResidentSetSize of job (KB)
...
006 (017.804.000) 05/09 23:11:31 Image size of job updated: 2000000
	213  -  MemoryUsage of job (MB)
	217404  -  ResidentSetSize of job (KB)
...
006 (017.804.000) 05/09 23:11:37 Image size of job updated: 2000000
	231  -  MemoryUsage of job (MB)
	235620  -  ResidentSetSize of job (KB)
...
006 (017.804.000) 05/09 23:11:43 Image size of job updated: 2000000
	243  -  MemoryUsage of job (MB)
	248688  -  ResidentSetSize of job (KB)
...
006 (017.804.000) 05/09 23:11:49 Image size of job updated: 2000000
	262  -  MemoryUsage of job (MB)
	268092  -  ResidentSetSize of job (KB)
...
006 (017.804.000) 05/09 23:11:55 Image size of job updated: 2000000
	270  -  MemoryUsage of job (MB)
	275484  -  ResidentSetSize of job (KB)
...
006 (017.804.000) 05/09 23:12:01 Image size of job updated: 2000000
	279  -  MemoryUsage of job (MB)
	285384  -  ResidentSetSize of job (KB)
...
006 (017.804.000) 05/09 23:12:07 Image size of job updated: 2000000
	328  -  MemoryUsage of job (MB)
	335148  -  ResidentSetSize of job (KB)
...
006 (017.804.000) 05/09 23:12:13 Image size of job updated: 2000000
	377  -  MemoryUsage of job (MB)
	385308  -  ResidentSetSize of job (KB)
...
006 (017.804.000) 05/09 23:12:19 Image size of job updated: 2000000
	385  -  MemoryUsage of job (MB)
	393360  -  ResidentSetSize of job (KB)
...
006 (017.804.000) 05/09 23:12:25 Image size of job updated: 2000000
	476  -  MemoryUsage of job (MB)
	486948  -  ResidentSetSize of job (KB)
...
006 (017.804.000) 05/09 23:12:31 Image size of job updated: 2000000
	546  -  MemoryUsage of job (MB)
	558228  -  ResidentSetSize of job (KB)
...
006 (017.804.000) 05/09 23:12:37 Image size of job updated: 2000000
	1243  -  MemoryUsage of job (MB)
	1271820  -  ResidentSetSize of job (KB)
...
006 (017.804.000) 05/09 23:30:17 Image size of job updated: 2000000
	1565  -  MemoryUsage of job (MB)
	1602348  -  ResidentSetSize of job (KB)
...
006 (017.804.000) 05/09 23:30:23 Image size of job updated: 2360872
	1769  -  MemoryUsage of job (MB)
	1811040  -  ResidentSetSize of job (KB)
...
006 (017.804.000) 05/09 23:30:29 Image size of job updated: 2438384
	1965  -  MemoryUsage of job (MB)
	2011812  -  ResidentSetSize of job (KB)
...
006 (017.804.000) 05/09 23:30:35 Image size of job updated: 2654448
	1966  -  MemoryUsage of job (MB)
	2012604  -  ResidentSetSize of job (KB)
...
006 (017.804.000) 05/09 23:30:41 Image size of job updated: 2654448
	2003  -  MemoryUsage of job (MB)
	2050224  -  ResidentSetSize of job (KB)
...
006 (017.804.000) 05/09 23:30:47 Image size of job updated: 2728176
	2073  -  MemoryUsage of job (MB)
	2122296  -  ResidentSetSize of job (KB)
...
006 (017.804.000) 05/09 23:30:53 Image size of job updated: 2828528
	2158  -  MemoryUsage of job (MB)
	2209416  -  ResidentSetSize of job (KB)
...
006 (017.804.000) 05/09 23:30:59 Image size of job updated: 2895088
	2214  -  MemoryUsage of job (MB)
	2266440  -  ResidentSetSize of job (KB)
...
006 (017.804.000) 05/09 23:31:05 Image size of job updated: 2921712
	2252  -  MemoryUsage of job (MB)
	2305908  -  ResidentSetSize of job (KB)
...
006 (017.804.000) 05/09 23:31:12 Image size of job updated: 2921712
	2288  -  MemoryUsage of job (MB)
	2341944  -  ResidentSetSize of job (KB)
...
006 (017.804.000) 05/09 23:31:17 Image size of job updated: 3018992
	2318  -  MemoryUsage of job (MB)
	2373624  -  ResidentSetSize of job (KB)
...
006 (017.804.000) 05/09 23:31:22 Image size of job updated: 3018992
	2333  -  MemoryUsage of job (MB)
	2388804  -  ResidentSetSize of job (KB)
...
006 (017.804.000) 05/09 23:31:27 Image size of job updated: 3018992
	2347  -  MemoryUsage of job (MB)
	2402664  -  ResidentSetSize of job (KB)
...
006 (017.804.000) 05/09 23:31:34 Image size of job updated: 3094768
	2355  -  MemoryUsage of job (MB)
	2410848  -  ResidentSetSize of job (KB)
...
006 (017.804.000) 05/09 23:31:39 Image size of job updated: 3097840
	2383  -  MemoryUsage of job (MB)
	2440020  -  ResidentSetSize of job (KB)
...
006 (017.804.000) 05/09 23:31:45 Image size of job updated: 3130608
	2417  -  MemoryUsage of job (MB)
	2474208  -  ResidentSetSize of job (KB)
...
006 (017.804.000) 05/09 23:31:51 Image size of job updated: 3192048
	2449  -  MemoryUsage of job (MB)
	2507604  -  ResidentSetSize of job (KB)
...
006 (017.804.000) 05/09 23:31:57 Image size of job updated: 3192048
	2466  -  MemoryUsage of job (MB)
	2525160  -  ResidentSetSize of job (KB)
...
006 (017.804.000) 05/09 23:32:03 Image size of job updated: 3234032
	2474  -  MemoryUsage of job (MB)
	2532420  -  ResidentSetSize of job (KB)
...
006 (017.804.000) 05/09 23:32:09 Image size of job updated: 3243248
	2503  -  MemoryUsage of job (MB)
	2562648  -  ResidentSetSize of job (KB)
...
006 (017.804.000) 05/09 23:32:15 Image size of job updated: 3280112
	2536  -  MemoryUsage of job (MB)
	2596704  -  ResidentSetSize of job (KB)
...
006 (017.804.000) 05/09 23:32:21 Image size of job updated: 3327216
	2567  -  MemoryUsage of job (MB)
	2628120  -  ResidentSetSize of job (KB)
...
006 (017.804.000) 05/09 23:32:27 Image size of job updated: 3354864
	2599  -  MemoryUsage of job (MB)
	2661252  -  ResidentSetSize of job (KB)
...
006 (017.804.000) 05/09 23:32:33 Image size of job updated: 3354864
	2632  -  MemoryUsage of job (MB)
	2694516  -  ResidentSetSize of job (KB)
...
006 (017.804.000) 05/09 23:32:39 Image size of job updated: 3409136
	2664  -  MemoryUsage of job (MB)
	2727780  -  ResidentSetSize of job (KB)
...
006 (017.804.000) 05/09 23:32:45 Image size of job updated: 3409136
	2697  -  MemoryUsage of job (MB)
	2761308  -  ResidentSetSize of job (KB)
...
006 (017.804.000) 05/09 23:32:51 Image size of job updated: 3492080
	2729  -  MemoryUsage of job (MB)
	2793648  -  ResidentSetSize of job (KB)
...
006 (017.804.000) 05/09 23:32:57 Image size of job updated: 3505392
	2761  -  MemoryUsage of job (MB)
	2827176  -  ResidentSetSize of job (KB)
...
006 (017.804.000) 05/09 23:33:03 Image size of job updated: 3552496
	2794  -  MemoryUsage of job (MB)
	2860572  -  ResidentSetSize of job (KB)
...
006 (017.804.000) 05/09 23:33:09 Image size of job updated: 3576048
	2827  -  MemoryUsage of job (MB)
	2894760  -  ResidentSetSize of job (KB)
...
006 (017.804.000) 05/09 23:33:15 Image size of job updated: 3576048
	2861  -  MemoryUsage of job (MB)
	2929344  -  ResidentSetSize of job (KB)
...
006 (017.804.000) 05/09 23:33:21 Image size of job updated: 3576048
	2895  -  MemoryUsage of job (MB)
	2963664  -  ResidentSetSize of job (KB)
...
006 (017.804.000) 05/09 23:33:27 Image size of job updated: 3666160
	2928  -  MemoryUsage of job (MB)
	2997720  -  ResidentSetSize of job (KB)
...
006 (017.804.000) 05/09 23:33:33 Image size of job updated: 3666160
	2962  -  MemoryUsage of job (MB)
	3032172  -  ResidentSetSize of job (KB)
...
006 (017.804.000) 05/09 23:33:39 Image size of job updated: 3752176
	2994  -  MemoryUsage of job (MB)
	3065832  -  ResidentSetSize of job (KB)
...
006 (017.804.000) 05/09 23:33:45 Image size of job updated: 3752176
	3028  -  MemoryUsage of job (MB)
	3099888  -  ResidentSetSize of job (KB)
...
006 (017.804.000) 05/09 23:33:51 Image size of job updated: 3752176
	3060  -  MemoryUsage of job (MB)
	3132756  -  ResidentSetSize of job (KB)
...
006 (017.804.000) 05/09 23:33:57 Image size of job updated: 3835120
	3090  -  MemoryUsage of job (MB)
	3163380  -  ResidentSetSize of job (KB)
...
006 (017.804.000) 05/09 23:34:03 Image size of job updated: 3835120
	3120  -  MemoryUsage of job (MB)
	3194268  -  ResidentSetSize of job (KB)
...
006 (017.804.000) 05/09 23:34:09 Image size of job updated: 3912944
	3152  -  MemoryUsage of job (MB)
	3227136  -  ResidentSetSize of job (KB)
...
006 (017.804.000) 05/09 23:34:15 Image size of job updated: 3912944
	3184  -  MemoryUsage of job (MB)
	3260004  -  ResidentSetSize of job (KB)
...
006 (017.804.000) 05/09 23:34:21 Image size of job updated: 3978480
	3216  -  MemoryUsage of job (MB)
	3292344  -  ResidentSetSize of job (KB)
...
006 (017.804.000) 05/09 23:34:27 Image size of job updated: 4002032
	3250  -  MemoryUsage of job (MB)
	3327852  -  ResidentSetSize of job (KB)
...
006 (017.804.000) 05/09 23:34:33 Image size of job updated: 4002032
	3283  -  MemoryUsage of job (MB)
	3361512  -  ResidentSetSize of job (KB)
...
006 (017.804.000) 05/09 23:34:39 Image size of job updated: 4077808
	3315  -  MemoryUsage of job (MB)
	3394116  -  ResidentSetSize of job (KB)
...
006 (017.804.000) 05/09 23:34:45 Image size of job updated: 4077808
	3347  -  MemoryUsage of job (MB)
	3426852  -  ResidentSetSize of job (KB)
...
006 (017.804.000) 05/09 23:34:51 Image size of job updated: 4077808
	3379  -  MemoryUsage of job (MB)
	3459588  -  ResidentSetSize of job (KB)
...
006 (017.804.000) 05/09 23:34:57 Image size of job updated: 4159728
	3405  -  MemoryUsage of job (MB)
	3485724  -  ResidentSetSize of job (KB)
...
006 (017.804.000) 05/09 23:35:09 Image size of job updated: 4239600
	3432  -  MemoryUsage of job (MB)
	3513972  -  ResidentSetSize of job (KB)
...
006 (017.804.000) 05/09 23:35:15 Image size of job updated: 4281584
	3456  -  MemoryUsage of job (MB)
	3538260  -  ResidentSetSize of job (KB)
...
006 (017.804.000) 05/09 23:35:21 Image size of job updated: 4281584
	3492  -  MemoryUsage of job (MB)
	3575220  -  ResidentSetSize of job (KB)
...
006 (017.804.000) 05/09 23:35:27 Image size of job updated: 4361456
	3527  -  MemoryUsage of job (MB)
	3610992  -  ResidentSetSize of job (KB)
...
006 (017.804.000) 05/09 23:35:33 Image size of job updated: 4373744
	3563  -  MemoryUsage of job (MB)
	3647688  -  ResidentSetSize of job (KB)
...
006 (017.804.000) 05/09 23:35:39 Image size of job updated: 4431088
	3598  -  MemoryUsage of job (MB)
	3683724  -  ResidentSetSize of job (KB)
...
006 (017.804.000) 05/09 23:35:45 Image size of job updated: 4466928
	3633  -  MemoryUsage of job (MB)
	3719628  -  ResidentSetSize of job (KB)
...
006 (017.804.000) 05/09 23:35:51 Image size of job updated: 4466928
	3668  -  MemoryUsage of job (MB)
	3755928  -  ResidentSetSize of job (KB)
...
006 (017.804.000) 05/09 23:35:57 Image size of job updated: 4525296
	3703  -  MemoryUsage of job (MB)
	3791568  -  ResidentSetSize of job (KB)
...
006 (017.804.000) 05/09 23:36:03 Image size of job updated: 4525296
	3738  -  MemoryUsage of job (MB)
	3827340  -  ResidentSetSize of job (KB)
...
006 (017.804.000) 05/09 23:36:09 Image size of job updated: 4525296
	3774  -  MemoryUsage of job (MB)
	3864432  -  ResidentSetSize of job (KB)
...
006 (017.804.000) 05/09 23:36:15 Image size of job updated: 4620528
	3811  -  MemoryUsage of job (MB)
	3901524  -  ResidentSetSize of job (KB)
...
006 (017.804.000) 05/09 23:36:21 Image size of job updated: 4620528
	3846  -  MemoryUsage of job (MB)
	3938220  -  ResidentSetSize of job (KB)
...
006 (017.804.000) 05/09 23:36:27 Image size of job updated: 4718832
	3882  -  MemoryUsage of job (MB)
	3974916  -  ResidentSetSize of job (KB)
...
006 (017.804.000) 05/09 23:36:33 Image size of job updated: 4718832
	3918  -  MemoryUsage of job (MB)
	4011216  -  ResidentSetSize of job (KB)
...
006 (017.804.000) 05/09 23:36:39 Image size of job updated: 4718832
	3954  -  MemoryUsage of job (MB)
	4048308  -  ResidentSetSize of job (KB)
...
006 (017.804.000) 05/09 23:36:45 Image size of job updated: 4809968
	3990  -  MemoryUsage of job (MB)
	4085136  -  ResidentSetSize of job (KB)
...
006 (017.804.000) 05/09 23:36:51 Image size of job updated: 4809968
	4024  -  MemoryUsage of job (MB)
	4120248  -  ResidentSetSize of job (KB)
...
006 (017.804.000) 05/09 23:36:57 Image size of job updated: 4899056
	4059  -  MemoryUsage of job (MB)
	4156020  -  ResidentSetSize of job (KB)
...
006 (017.804.000) 05/09 23:37:03 Image size of job updated: 4930800
	4095  -  MemoryUsage of job (MB)
	4192980  -  ResidentSetSize of job (KB)
...
006 (017.804.000) 05/09 23:37:09 Image size of job updated: 4969712
	4135  -  MemoryUsage of job (MB)
	4233504  -  ResidentSetSize of job (KB)
...
006 (017.804.000) 05/09 23:37:16 Image size of job updated: 4998384
	4370  -  MemoryUsage of job (MB)
	4473876  -  ResidentSetSize of job (KB)
...
006 (017.804.000) 05/09 23:37:21 Image size of job updated: 4998384
	4389  -  MemoryUsage of job (MB)
	4494204  -  ResidentSetSize of job (KB)
...
005 (017.804.000) 05/09 23:37:22 Job terminated.
	(1) Normal termination (return value 0)
		Usr 0 00:25:46, Sys 0 00:00:10  -  Run Remote Usage
		Usr 0 00:00:00, Sys 0 00:00:00  -  Run Local Usage
		Usr 0 00:25:46, Sys 0 00:00:10  -  Total Remote Usage
		Usr 0 00:00:00, Sys 0 00:00:00  -  Total Local Usage
	0  -  Run Bytes Sent By Job
	0  -  Run Bytes Received By Job
	0  -  Total Bytes Sent By Job
	0  -  Total Bytes Received By Job
	Partitionable Resources :      Usage  Request Allocated 
	   Cpus                 :       0.99        1         1 
	   Disk (KB)            : 2000000     2000000   6275465 
	   Memory (MB)          :    4389        1954      2007 
...
