000 (205.6621.000) 05/06 03:20:53 Job submitted from host: <127.0.0.1:9618?addrs=127.0.0.1-9618&noUDP&sock=222_da1d_4>
...
033 (205.6621.000) 05/06 14:23:38 Changing job attribute JobPrio from 0 to -5
...
000 (007.6621.000) 05/07 19:00:38 Job submitted from host: <127.0.0.1:9618?addrs=127.0.0.1-9618&noUDP&sock=215_0cf3_4>
...
000 (016.6621.000) 05/08 15:57:41 Job submitted from host: <127.0.0.1:9618?addrs=127.0.0.1-9618&noUDP&sock=227_4816_4>
...
009 (016.6621.000) 05/09 16:55:31 Job was aborted by the user.
	via condor_rm (by user aw868)
...
000 (017.3288.000) 05/09 17:26:20 Job submitted from host: <127.0.0.1:9618?addrs=127.0.0.1-9618&noUDP&sock=227_4816_4>
...
001 (017.3288.000) 05/10 17:08:06 Job executing on host: <127.0.0.1:9618?addrs=127.0.0.1-9618&noUDP&sock=227_4816_5>
...
006 (017.3288.000) 05/10 17:08:11 Image size of job updated: 2000000
	114  -  MemoryUsage of job (MB)
	116688  -  ResidentSetSize of job (KB)
...
006 (017.3288.000) 05/10 17:08:16 Image size of job updated: 2000000
	115  -  MemoryUsage of job (MB)
	117216  -  ResidentSetSize of job (KB)
...
006 (017.3288.000) 05/10 17:08:41 Image size of job updated: 2000000
	173  -  MemoryUsage of job (MB)
	176220  -  ResidentSetSize of job (KB)
...
006 (017.3288.000) 05/10 17:08:46 Image size of job updated: 2000000
	211  -  MemoryUsage of job (MB)
	215556  -  ResidentSetSize of job (KB)
...
006 (017.3288.000) 05/10 17:08:52 Image size of job updated: 2000000
	211  -  MemoryUsage of job (MB)
	215820  -  ResidentSetSize of job (KB)
...
006 (017.3288.000) 05/10 17:08:58 Image size of job updated: 2000000
	221  -  MemoryUsage of job (MB)
	225984  -  ResidentSetSize of job (KB)
...
006 (017.3288.000) 05/10 17:09:04 Image size of job updated: 2000000
	239  -  MemoryUsage of job (MB)
	244332  -  ResidentSetSize of job (KB)
...
006 (017.3288.000) 05/10 17:09:10 Image size of job updated: 2000000
	255  -  MemoryUsage of job (MB)
	260304  -  ResidentSetSize of job (KB)
...
006 (017.3288.000) 05/10 17:09:16 Image size of job updated: 2000000
	270  -  MemoryUsage of job (MB)
	275748  -  ResidentSetSize of job (KB)
...
006 (017.3288.000) 05/10 17:09:22 Image size of job updated: 2000000
	281  -  MemoryUsage of job (MB)
	287496  -  ResidentSetSize of job (KB)
...
006 (017.3288.000) 05/10 17:09:28 Image size of job updated: 2000000
	326  -  MemoryUsage of job (MB)
	333036  -  ResidentSetSize of job (KB)
...
006 (017.3288.000) 05/10 17:09:34 Image size of job updated: 2000000
	374  -  MemoryUsage of job (MB)
	382800  -  ResidentSetSize of job (KB)
...
006 (017.3288.000) 05/10 17:09:40 Image size of job updated: 2000000
	380  -  MemoryUsage of job (MB)
	388476  -  ResidentSetSize of job (KB)
...
006 (017.3288.000) 05/10 17:09:46 Image size of job updated: 2000000
	444  -  MemoryUsage of job (MB)
	453816  -  ResidentSetSize of job (KB)
...
006 (017.3288.000) 05/10 17:09:52 Image size of job updated: 2000000
	505  -  MemoryUsage of job (MB)
	516648  -  ResidentSetSize of job (KB)
...
006 (017.3288.000) 05/10 17:09:58 Image size of job updated: 2000000
	678  -  MemoryUsage of job (MB)
	693528  -  ResidentSetSize of job (KB)
...
006 (017.3288.000) 05/10 17:10:04 Image size of job updated: 2000000
	1243  -  MemoryUsage of job (MB)
	1272216  -  ResidentSetSize of job (KB)
...
006 (017.3288.000) 05/10 17:25:40 Image size of job updated: 2000000
	1264  -  MemoryUsage of job (MB)
	1293864  -  ResidentSetSize of job (KB)
...
006 (017.3288.000) 05/10 17:25:46 Image size of job updated: 2000000
	1672  -  MemoryUsage of job (MB)
	1711116  -  ResidentSetSize of job (KB)
...
006 (017.3288.000) 05/10 17:25:52 Image size of job updated: 2454228
	1780  -  MemoryUsage of job (MB)
	1822260  -  ResidentSetSize of job (KB)
...
006 (017.3288.000) 05/10 17:25:58 Image size of job updated: 2454228
	2010  -  MemoryUsage of job (MB)
	2057880  -  ResidentSetSize of job (KB)
...
006 (017.3288.000) 05/10 17:26:04 Image size of job updated: 2454228
	2118  -  MemoryUsage of job (MB)
	2168760  -  ResidentSetSize of job (KB)
...
006 (017.3288.000) 05/10 17:26:10 Image size of job updated: 2844916
	2224  -  MemoryUsage of job (MB)
	2276604  -  ResidentSetSize of job (KB)
...
006 (017.3288.000) 05/10 17:26:16 Image size of job updated: 2844916
	2323  -  MemoryUsage of job (MB)
	2377848  -  ResidentSetSize of job (KB)
...
006 (017.3288.000) 05/10 17:26:22 Image size of job updated: 3093748
	2412  -  MemoryUsage of job (MB)
	2468928  -  ResidentSetSize of job (KB)
...
006 (017.3288.000) 05/10 17:26:28 Image size of job updated: 3187956
	2501  -  MemoryUsage of job (MB)
	2560272  -  ResidentSetSize of job (KB)
...
006 (017.3288.000) 05/10 17:26:34 Image size of job updated: 3258612
	2590  -  MemoryUsage of job (MB)
	2651748  -  ResidentSetSize of job (KB)
...
006 (017.3288.000) 05/10 17:26:40 Image size of job updated: 3343604
	2681  -  MemoryUsage of job (MB)
	2745072  -  ResidentSetSize of job (KB)
...
006 (017.3288.000) 05/10 17:26:46 Image size of job updated: 3343604
	2772  -  MemoryUsage of job (MB)
	2837736  -  ResidentSetSize of job (KB)
...
006 (017.3288.000) 05/10 17:26:52 Image size of job updated: 3553524
	2862  -  MemoryUsage of job (MB)
	2930268  -  ResidentSetSize of job (KB)
...
006 (017.3288.000) 05/10 17:26:58 Image size of job updated: 3553524
	2952  -  MemoryUsage of job (MB)
	3022668  -  ResidentSetSize of job (KB)
...
006 (017.3288.000) 05/10 17:27:04 Image size of job updated: 3553524
	3043  -  MemoryUsage of job (MB)
	3115728  -  ResidentSetSize of job (KB)
...
006 (017.3288.000) 05/10 17:27:10 Image size of job updated: 3783924
	3132  -  MemoryUsage of job (MB)
	3206280  -  ResidentSetSize of job (KB)
...
006 (017.3288.000) 05/10 17:27:16 Image size of job updated: 3846388
	3221  -  MemoryUsage of job (MB)
	3298284  -  ResidentSetSize of job (KB)
...
006 (017.3288.000) 05/10 17:27:22 Image size of job updated: 4014324
	3314  -  MemoryUsage of job (MB)
	3392532  -  ResidentSetSize of job (KB)
...
006 (017.3288.000) 05/10 17:27:28 Image size of job updated: 4014324
	3405  -  MemoryUsage of job (MB)
	3486384  -  ResidentSetSize of job (KB)
...
006 (017.3288.000) 05/10 17:27:35 Image size of job updated: 4014324
	3494  -  MemoryUsage of job (MB)
	3577596  -  ResidentSetSize of job (KB)
...
006 (017.3288.000) 05/10 17:27:40 Image size of job updated: 4259060
	3568  -  MemoryUsage of job (MB)
	3653232  -  ResidentSetSize of job (KB)
...
006 (017.3288.000) 05/10 17:27:45 Image size of job updated: 4259060
	3642  -  MemoryUsage of job (MB)
	3729000  -  ResidentSetSize of job (KB)
...
006 (017.3288.000) 05/10 17:27:50 Image size of job updated: 4259060
	3717  -  MemoryUsage of job (MB)
	3805296  -  ResidentSetSize of job (KB)
...
006 (017.3288.000) 05/10 17:27:55 Image size of job updated: 4485364
	3791  -  MemoryUsage of job (MB)
	3881064  -  ResidentSetSize of job (KB)
...
006 (017.3288.000) 05/10 17:28:00 Image size of job updated: 4598004
	3866  -  MemoryUsage of job (MB)
	3958152  -  ResidentSetSize of job (KB)
...
006 (017.3288.000) 05/10 17:28:05 Image size of job updated: 4669684
	3941  -  MemoryUsage of job (MB)
	4035240  -  ResidentSetSize of job (KB)
...
006 (017.3288.000) 05/10 17:28:10 Image size of job updated: 4736244
	4017  -  MemoryUsage of job (MB)
	4112460  -  ResidentSetSize of job (KB)
...
006 (017.3288.000) 05/10 17:28:15 Image size of job updated: 4736244
	4093  -  MemoryUsage of job (MB)
	4190340  -  ResidentSetSize of job (KB)
...
006 (017.3288.000) 05/10 17:28:20 Image size of job updated: 4736244
	4168  -  MemoryUsage of job (MB)
	4267560  -  ResidentSetSize of job (KB)
...
006 (017.3288.000) 05/10 17:28:25 Image size of job updated: 4968692
	4243  -  MemoryUsage of job (MB)
	4344120  -  ResidentSetSize of job (KB)
...
006 (017.3288.000) 05/10 17:28:30 Image size of job updated: 4968692
	4308  -  MemoryUsage of job (MB)
	4410780  -  ResidentSetSize of job (KB)
...
006 (017.3288.000) 05/10 17:28:35 Image size of job updated: 4968692
	4378  -  MemoryUsage of job (MB)
	4482984  -  ResidentSetSize of job (KB)
...
006 (017.3288.000) 05/10 17:28:40 Image size of job updated: 5204212
	4438  -  MemoryUsage of job (MB)
	4543836  -  ResidentSetSize of job (KB)
...
006 (017.3288.000) 05/10 17:28:45 Image size of job updated: 5204212
	4498  -  MemoryUsage of job (MB)
	4605216  -  ResidentSetSize of job (KB)
...
006 (017.3288.000) 05/10 17:28:50 Image size of job updated: 5204212
	4556  -  MemoryUsage of job (MB)
	4665012  -  ResidentSetSize of job (KB)
...
006 (017.3288.000) 05/10 17:28:56 Image size of job updated: 5370100
	4573  -  MemoryUsage of job (MB)
	4682040  -  ResidentSetSize of job (KB)
...
006 (017.3288.000) 05/10 17:29:00 Image size of job updated: 5374196
	4630  -  MemoryUsage of job (MB)
	4740516  -  ResidentSetSize of job (KB)
...
006 (017.3288.000) 05/10 17:29:05 Image size of job updated: 5497076
	4705  -  MemoryUsage of job (MB)
	4817604  -  ResidentSetSize of job (KB)
...
006 (017.3288.000) 05/10 17:29:10 Image size of job updated: 5586164
	4783  -  MemoryUsage of job (MB)
	4897200  -  ResidentSetSize of job (KB)
...
006 (017.3288.000) 05/10 17:29:15 Image size of job updated: 5610740
	4861  -  MemoryUsage of job (MB)
	4976796  -  ResidentSetSize of job (KB)
...
006 (017.3288.000) 05/10 17:29:20 Image size of job updated: 5610740
	4939  -  MemoryUsage of job (MB)
	5057052  -  ResidentSetSize of job (KB)
...
006 (017.3288.000) 05/10 17:29:25 Image size of job updated: 5823732
	5017  -  MemoryUsage of job (MB)
	5136912  -  ResidentSetSize of job (KB)
...
006 (017.3288.000) 05/10 17:29:30 Image size of job updated: 5870836
	5094  -  MemoryUsage of job (MB)
	5216244  -  ResidentSetSize of job (KB)
...
006 (017.3288.000) 05/10 17:29:35 Image size of job updated: 5936372
	5171  -  MemoryUsage of job (MB)
	5294784  -  ResidentSetSize of job (KB)
...
006 (017.3288.000) 05/10 17:29:40 Image size of job updated: 5936372
	5248  -  MemoryUsage of job (MB)
	5373852  -  ResidentSetSize of job (KB)
...
006 (017.3288.000) 05/10 17:29:45 Image size of job updated: 6090996
	5326  -  MemoryUsage of job (MB)
	5453580  -  ResidentSetSize of job (KB)
...
006 (017.3288.000) 05/10 17:29:50 Image size of job updated: 6090996
	5404  -  MemoryUsage of job (MB)
	5533572  -  ResidentSetSize of job (KB)
...
006 (017.3288.000) 05/10 17:29:55 Image size of job updated: 6090996
	5483  -  MemoryUsage of job (MB)
	5614224  -  ResidentSetSize of job (KB)
...
006 (017.3288.000) 05/10 17:30:00 Image size of job updated: 6332660
	5562  -  MemoryUsage of job (MB)
	5695008  -  ResidentSetSize of job (KB)
...
006 (017.3288.000) 05/10 17:30:05 Image size of job updated: 6434036
	5641  -  MemoryUsage of job (MB)
	5775792  -  ResidentSetSize of job (KB)
...
006 (017.3288.000) 05/10 17:30:10 Image size of job updated: 6504692
	5720  -  MemoryUsage of job (MB)
	5856312  -  ResidentSetSize of job (KB)
...
006 (017.3288.000) 05/10 17:30:15 Image size of job updated: 6572276
	5800  -  MemoryUsage of job (MB)
	5938416  -  ResidentSetSize of job (KB)
...
006 (017.3288.000) 05/10 17:30:20 Image size of job updated: 6679796
	5889  -  MemoryUsage of job (MB)
	6030024  -  ResidentSetSize of job (KB)
...
006 (017.3288.000) 05/10 17:30:25 Image size of job updated: 6679796
	5984  -  MemoryUsage of job (MB)
	6126648  -  ResidentSetSize of job (KB)
...
006 (017.3288.000) 05/10 17:30:30 Image size of job updated: 6867188
	6064  -  MemoryUsage of job (MB)
	6209148  -  ResidentSetSize of job (KB)
...
006 (017.3288.000) 05/10 17:30:35 Image size of job updated: 6867188
	6140  -  MemoryUsage of job (MB)
	6287028  -  ResidentSetSize of job (KB)
...
006 (017.3288.000) 05/10 17:30:40 Image size of job updated: 6867188
	6219  -  MemoryUsage of job (MB)
	6367284  -  ResidentSetSize of job (KB)
...
006 (017.3288.000) 05/10 17:30:45 Image size of job updated: 7126260
	6295  -  MemoryUsage of job (MB)
	6445296  -  ResidentSetSize of job (KB)
...
006 (017.3288.000) 05/10 17:30:50 Image size of job updated: 7126260
	6368  -  MemoryUsage of job (MB)
	6520800  -  ResidentSetSize of job (KB)
...
006 (017.3288.000) 05/10 17:30:55 Image size of job updated: 7126260
	6443  -  MemoryUsage of job (MB)
	6596700  -  ResidentSetSize of job (KB)
...
006 (017.3288.000) 05/10 17:31:00 Image size of job updated: 7353588
	6517  -  MemoryUsage of job (MB)
	6672996  -  ResidentSetSize of job (KB)
...
006 (017.3288.000) 05/10 17:31:05 Image size of job updated: 7353588
	6591  -  MemoryUsage of job (MB)
	6749160  -  ResidentSetSize of job (KB)
...
006 (017.3288.000) 05/10 17:31:10 Image size of job updated: 7353588
	6666  -  MemoryUsage of job (MB)
	6825324  -  ResidentSetSize of job (KB)
...
006 (017.3288.000) 05/10 17:31:15 Image size of job updated: 7597300
	6726  -  MemoryUsage of job (MB)
	6886440  -  ResidentSetSize of job (KB)
...
006 (017.3288.000) 05/10 17:31:20 Image size of job updated: 7597300
	6787  -  MemoryUsage of job (MB)
	6949404  -  ResidentSetSize of job (KB)
...
006 (017.3288.000) 05/10 17:31:25 Image size of job updated: 7732468
	6851  -  MemoryUsage of job (MB)
	7015404  -  ResidentSetSize of job (KB)
...
006 (017.3288.000) 05/10 17:31:30 Image size of job updated: 7820532
	6927  -  MemoryUsage of job (MB)
	7092756  -  ResidentSetSize of job (KB)
...
006 (017.3288.000) 05/10 17:31:35 Image size of job updated: 7888116
	7003  -  MemoryUsage of job (MB)
	7170108  -  ResidentSetSize of job (KB)
...
006 (017.3288.000) 05/10 17:31:40 Image size of job updated: 7953652
	7090  -  MemoryUsage of job (MB)
	7259736  -  ResidentSetSize of job (KB)
...
006 (017.3288.000) 05/10 17:31:45 Image size of job updated: 8073460
	7186  -  MemoryUsage of job (MB)
	7358340  -  ResidentSetSize of job (KB)
...
006 (017.3288.000) 05/10 17:31:50 Image size of job updated: 8119540
	7287  -  MemoryUsage of job (MB)
	7461828  -  ResidentSetSize of job (KB)
...
006 (017.3288.000) 05/10 17:31:55 Image size of job updated: 8276212
	7387  -  MemoryUsage of job (MB)
	7564128  -  ResidentSetSize of job (KB)
...
006 (017.3288.000) 05/10 17:32:00 Image size of job updated: 8276212
	7485  -  MemoryUsage of job (MB)
	7664184  -  ResidentSetSize of job (KB)
...
006 (017.3288.000) 05/10 17:32:05 Image size of job updated: 8408308
	7576  -  MemoryUsage of job (MB)
	7757508  -  ResidentSetSize of job (KB)
...
006 (017.3288.000) 05/10 17:32:10 Image size of job updated: 8408308
	7658  -  MemoryUsage of job (MB)
	7840800  -  ResidentSetSize of job (KB)
...
006 (017.3288.000) 05/10 17:32:15 Image size of job updated: 8408308
	7730  -  MemoryUsage of job (MB)
	7915248  -  ResidentSetSize of job (KB)
...
006 (017.3288.000) 05/10 17:32:20 Image size of job updated: 8671476
	7809  -  MemoryUsage of job (MB)
	7996296  -  ResidentSetSize of job (KB)
...
006 (017.3288.000) 05/10 17:32:25 Image size of job updated: 8671476
	7913  -  MemoryUsage of job (MB)
	8102556  -  ResidentSetSize of job (KB)
...
006 (017.3288.000) 05/10 17:32:30 Image size of job updated: 8671476
	8012  -  MemoryUsage of job (MB)
	8204196  -  ResidentSetSize of job (KB)
...
006 (017.3288.000) 05/10 17:32:35 Image size of job updated: 8965364
	8091  -  MemoryUsage of job (MB)
	8284716  -  ResidentSetSize of job (KB)
...
006 (017.3288.000) 05/10 17:32:41 Image size of job updated: 8965364
	8186  -  MemoryUsage of job (MB)
	8381604  -  ResidentSetSize of job (KB)
...
006 (017.3288.000) 05/10 17:32:47 Image size of job updated: 9211124
	8287  -  MemoryUsage of job (MB)
	8485752  -  ResidentSetSize of job (KB)
...
006 (017.3288.000) 05/10 17:32:53 Image size of job updated: 9211124
	8378  -  MemoryUsage of job (MB)
	8578944  -  ResidentSetSize of job (KB)
...
006 (017.3288.000) 05/10 17:32:59 Image size of job updated: 9396468
	8469  -  MemoryUsage of job (MB)
	8671872  -  ResidentSetSize of job (KB)
...
006 (017.3288.000) 05/10 17:33:05 Image size of job updated: 9445620
	8561  -  MemoryUsage of job (MB)
	8765724  -  ResidentSetSize of job (KB)
...
006 (017.3288.000) 05/10 17:33:11 Image size of job updated: 9445620
	8651  -  MemoryUsage of job (MB)
	8857860  -  ResidentSetSize of job (KB)
...
006 (017.3288.000) 05/10 17:33:17 Image size of job updated: 9677044
	8742  -  MemoryUsage of job (MB)
	8951052  -  ResidentSetSize of job (KB)
...
006 (017.3288.000) 05/10 17:33:23 Image size of job updated: 9769204
	8831  -  MemoryUsage of job (MB)
	9042528  -  ResidentSetSize of job (KB)
...
006 (017.3288.000) 05/10 17:33:29 Image size of job updated: 9804020
	9088  -  MemoryUsage of job (MB)
	9305208  -  ResidentSetSize of job (KB)
...
006 (017.3288.000) 05/10 17:33:35 Image size of job updated: 10018036
	9088  -  MemoryUsage of job (MB)
	9305208  -  ResidentSetSize of job (KB)
...
005 (017.3288.000) 05/10 17:33:37 Job terminated.
	(1) Normal termination (return value 0)
		Usr 0 00:24:44, Sys 0 00:00:10  -  Run Remote Usage
		Usr 0 00:00:00, Sys 0 00:00:00  -  Run Local Usage
		Usr 0 00:24:44, Sys 0 00:00:10  -  Total Remote Usage
		Usr 0 00:00:00, Sys 0 00:00:00  -  Total Local Usage
	0  -  Run Bytes Sent By Job
	0  -  Run Bytes Received By Job
	0  -  Total Bytes Sent By Job
	0  -  Total Bytes Received By Job
	Partitionable Resources :      Usage  Request Allocated 
	   Cpus                 :       0.85        1         1 
	   Disk (KB)            : 2000000     2000000   6275465 
	   Memory (MB)          :    9088        1954      2007 
...
