000 (184.053.000) 05/05 20:12:37 Job submitted from host: <127.0.0.1:9618?addrs=127.0.0.1-9618&noUDP&sock=222_da1d_4>
...
001 (184.053.000) 05/05 22:56:21 Job executing on host: <127.0.0.1:9618?addrs=127.0.0.1-9618&noUDP&sock=222_da1d_5>
...
006 (184.053.000) 05/05 22:56:27 Image size of job updated: 2000000
	101  -  MemoryUsage of job (MB)
	102564  -  ResidentSetSize of job (KB)
...
006 (184.053.000) 05/05 22:56:57 Image size of job updated: 2000000
	176  -  MemoryUsage of job (MB)
	179916  -  ResidentSetSize of job (KB)
...
006 (184.053.000) 05/05 22:57:03 Image size of job updated: 2000000
	184  -  MemoryUsage of job (MB)
	187968  -  ResidentSetSize of job (KB)
...
006 (184.053.000) 05/05 22:57:09 Image size of job updated: 2000000
	188  -  MemoryUsage of job (MB)
	192456  -  ResidentSetSize of job (KB)
...
006 (184.053.000) 05/05 22:57:15 Image size of job updated: 2000000
	202  -  MemoryUsage of job (MB)
	206712  -  ResidentSetSize of job (KB)
...
006 (184.053.000) 05/05 22:57:21 Image size of job updated: 2000000
	217  -  MemoryUsage of job (MB)
	222024  -  ResidentSetSize of job (KB)
...
006 (184.053.000) 05/05 22:57:27 Image size of job updated: 2000000
	230  -  MemoryUsage of job (MB)
	235224  -  ResidentSetSize of job (KB)
...
006 (184.053.000) 05/05 22:57:33 Image size of job updated: 2000000
	241  -  MemoryUsage of job (MB)
	246312  -  ResidentSetSize of job (KB)
...
006 (184.053.000) 05/05 22:57:39 Image size of job updated: 2000000
	287  -  MemoryUsage of job (MB)
	293172  -  ResidentSetSize of job (KB)
...
006 (184.053.000) 05/05 22:57:45 Image size of job updated: 2000000
	324  -  MemoryUsage of job (MB)
	331716  -  ResidentSetSize of job (KB)
...
006 (184.053.000) 05/05 22:57:51 Image size of job updated: 2000000
	333  -  MemoryUsage of job (MB)
	340560  -  ResidentSetSize of job (KB)
...
006 (184.053.000) 05/05 22:57:57 Image size of job updated: 2000000
	424  -  MemoryUsage of job (MB)
	433488  -  ResidentSetSize of job (KB)
...
006 (184.053.000) 05/05 22:58:04 Image size of job updated: 2000000
	938  -  MemoryUsage of job (MB)
	960168  -  ResidentSetSize of job (KB)
...
006 (184.053.000) 05/05 22:58:09 Image size of job updated: 2000000
	1170  -  MemoryUsage of job (MB)
	1197504  -  ResidentSetSize of job (KB)
...
006 (184.053.000) 05/05 23:11:01 Image size of job updated: 2000000
	1450  -  MemoryUsage of job (MB)
	1484604  -  ResidentSetSize of job (KB)
...
006 (184.053.000) 05/05 23:11:06 Image size of job updated: 2201484
	1548  -  MemoryUsage of job (MB)
	1584264  -  ResidentSetSize of job (KB)
...
006 (184.053.000) 05/05 23:11:17 Image size of job updated: 2201484
	1700  -  MemoryUsage of job (MB)
	1740024  -  ResidentSetSize of job (KB)
...
006 (184.053.000) 05/05 23:11:37 Image size of job updated: 2576364
	1909  -  MemoryUsage of job (MB)
	1953864  -  ResidentSetSize of job (KB)
...
006 (184.053.000) 05/05 23:11:52 Image size of job updated: 2629612
	1920  -  MemoryUsage of job (MB)
	1965744  -  ResidentSetSize of job (KB)
...
006 (184.053.000) 05/05 23:12:12 Image size of job updated: 2666476
	1935  -  MemoryUsage of job (MB)
	1981188  -  ResidentSetSize of job (KB)
...
006 (184.053.000) 05/05 23:12:52 Image size of job updated: 2727916
	2013  -  MemoryUsage of job (MB)
	2061312  -  ResidentSetSize of job (KB)
...
006 (184.053.000) 05/05 23:13:23 Image size of job updated: 2800620
	2028  -  MemoryUsage of job (MB)
	2076492  -  ResidentSetSize of job (KB)
...
006 (184.053.000) 05/05 23:13:42 Image size of job updated: 2853868
	2072  -  MemoryUsage of job (MB)
	2120844  -  ResidentSetSize of job (KB)
...
006 (184.053.000) 05/05 23:13:54 Image size of job updated: 2882540
	2083  -  MemoryUsage of job (MB)
	2132196  -  ResidentSetSize of job (KB)
...
006 (184.053.000) 05/05 23:14:01 Image size of job updated: 2888684
	2100  -  MemoryUsage of job (MB)
	2150016  -  ResidentSetSize of job (KB)
...
006 (184.053.000) 05/05 23:14:07 Image size of job updated: 2888684
	2114  -  MemoryUsage of job (MB)
	2163876  -  ResidentSetSize of job (KB)
...
006 (184.053.000) 05/05 23:14:13 Image size of job updated: 2925548
	2119  -  MemoryUsage of job (MB)
	2169156  -  ResidentSetSize of job (KB)
...
006 (184.053.000) 05/05 23:14:20 Image size of job updated: 2925548
	2124  -  MemoryUsage of job (MB)
	2174964  -  ResidentSetSize of job (KB)
...
006 (184.053.000) 05/05 23:14:25 Image size of job updated: 2925548
	2131  -  MemoryUsage of job (MB)
	2181564  -  ResidentSetSize of job (KB)
...
006 (184.053.000) 05/05 23:14:39 Image size of job updated: 2958316
	2140  -  MemoryUsage of job (MB)
	2191200  -  ResidentSetSize of job (KB)
...
006 (184.053.000) 05/05 23:15:08 Image size of job updated: 2994156
	2188  -  MemoryUsage of job (MB)
	2240304  -  ResidentSetSize of job (KB)
...
006 (184.053.000) 05/05 23:15:31 Image size of job updated: 3087340
	2224  -  MemoryUsage of job (MB)
	2276604  -  ResidentSetSize of job (KB)
...
006 (184.053.000) 05/05 23:15:45 Image size of job updated: 3126252
	2257  -  MemoryUsage of job (MB)
	2310792  -  ResidentSetSize of job (KB)
...
006 (184.053.000) 05/05 23:15:54 Image size of job updated: 3145708
	2278  -  MemoryUsage of job (MB)
	2331780  -  ResidentSetSize of job (KB)
...
006 (184.053.000) 05/05 23:16:00 Image size of job updated: 3145708
	2292  -  MemoryUsage of job (MB)
	2346300  -  ResidentSetSize of job (KB)
...
006 (184.053.000) 05/05 23:16:06 Image size of job updated: 3145708
	2305  -  MemoryUsage of job (MB)
	2360160  -  ResidentSetSize of job (KB)
...
006 (184.053.000) 05/05 23:16:12 Image size of job updated: 3182572
	2319  -  MemoryUsage of job (MB)
	2374152  -  ResidentSetSize of job (KB)
...
006 (184.053.000) 05/05 23:16:18 Image size of job updated: 3182572
	2332  -  MemoryUsage of job (MB)
	2387880  -  ResidentSetSize of job (KB)
...
006 (184.053.000) 05/05 23:16:24 Image size of job updated: 3182572
	2346  -  MemoryUsage of job (MB)
	2402004  -  ResidentSetSize of job (KB)
...
006 (184.053.000) 05/05 23:16:30 Image size of job updated: 3216364
	2360  -  MemoryUsage of job (MB)
	2415864  -  ResidentSetSize of job (KB)
...
006 (184.053.000) 05/05 23:16:36 Image size of job updated: 3216364
	2373  -  MemoryUsage of job (MB)
	2429592  -  ResidentSetSize of job (KB)
...
006 (184.053.000) 05/05 23:16:42 Image size of job updated: 3251180
	2373  -  MemoryUsage of job (MB)
	2429592  -  ResidentSetSize of job (KB)
...
006 (184.053.000) 05/05 23:16:59 Image size of job updated: 3281900
	2373  -  MemoryUsage of job (MB)
	2429592  -  ResidentSetSize of job (KB)
...
006 (184.053.000) 05/05 23:17:04 Image size of job updated: 3297260
	2381  -  MemoryUsage of job (MB)
	2437908  -  ResidentSetSize of job (KB)
...
006 (184.053.000) 05/05 23:17:09 Image size of job updated: 3298284
	2609  -  MemoryUsage of job (MB)
	2671020  -  ResidentSetSize of job (KB)
...
006 (184.053.000) 05/05 23:17:14 Image size of job updated: 3298284
	2677  -  MemoryUsage of job (MB)
	2740980  -  ResidentSetSize of job (KB)
...
006 (184.053.000) 05/05 23:17:18 Image size of job updated: 3511788
	2677  -  MemoryUsage of job (MB)
	2740980  -  ResidentSetSize of job (KB)
...
005 (184.053.000) 05/05 23:17:18 Job terminated.
	(1) Normal termination (return value 0)
		Usr 0 00:19:06, Sys 0 00:00:28  -  Run Remote Usage
		Usr 0 00:00:00, Sys 0 00:00:00  -  Run Local Usage
		Usr 0 00:19:06, Sys 0 00:00:28  -  Total Remote Usage
		Usr 0 00:00:00, Sys 0 00:00:00  -  Total Local Usage
	0  -  Run Bytes Sent By Job
	0  -  Run Bytes Received By Job
	0  -  Total Bytes Sent By Job
	0  -  Total Bytes Received By Job
	Partitionable Resources :      Usage  Request Allocated 
	   Cpus                 :       0.97        1         1 
	   Disk (KB)            : 2000000     2000000   6540465 
	   Memory (MB)          :    2677        1954      2007 
...
