000 (193.150.000) 05/05 21:23:25 Job submitted from host: <127.0.0.1:9618?addrs=127.0.0.1-9618&noUDP&sock=222_da1d_4>
...
001 (193.150.000) 05/06 09:06:22 Job executing on host: <127.0.0.1:9618?addrs=127.0.0.1-9618&noUDP&sock=222_da1d_5>
...
006 (193.150.000) 05/06 09:06:27 Image size of job updated: 2000000
	105  -  MemoryUsage of job (MB)
	107316  -  ResidentSetSize of job (KB)
...
006 (193.150.000) 05/06 09:07:07 Image size of job updated: 2000000
	188  -  MemoryUsage of job (MB)
	192192  -  ResidentSetSize of job (KB)
...
006 (193.150.000) 05/06 09:07:14 Image size of job updated: 2000000
	189  -  MemoryUsage of job (MB)
	193248  -  ResidentSetSize of job (KB)
...
006 (193.150.000) 05/06 09:07:19 Image size of job updated: 2000000
	201  -  MemoryUsage of job (MB)
	204864  -  ResidentSetSize of job (KB)
...
006 (193.150.000) 05/06 09:07:24 Image size of job updated: 2000000
	210  -  MemoryUsage of job (MB)
	214632  -  ResidentSetSize of job (KB)
...
006 (193.150.000) 05/06 09:07:29 Image size of job updated: 2000000
	221  -  MemoryUsage of job (MB)
	225984  -  ResidentSetSize of job (KB)
...
006 (193.150.000) 05/06 09:07:34 Image size of job updated: 2000000
	233  -  MemoryUsage of job (MB)
	237732  -  ResidentSetSize of job (KB)
...
006 (193.150.000) 05/06 09:07:39 Image size of job updated: 2000000
	241  -  MemoryUsage of job (MB)
	246048  -  ResidentSetSize of job (KB)
...
006 (193.150.000) 05/06 09:07:44 Image size of job updated: 2000000
	256  -  MemoryUsage of job (MB)
	261492  -  ResidentSetSize of job (KB)
...
006 (193.150.000) 05/06 09:07:49 Image size of job updated: 2000000
	292  -  MemoryUsage of job (MB)
	298320  -  ResidentSetSize of job (KB)
...
006 (193.150.000) 05/06 09:07:56 Image size of job updated: 2000000
	329  -  MemoryUsage of job (MB)
	336732  -  ResidentSetSize of job (KB)
...
006 (193.150.000) 05/06 09:08:01 Image size of job updated: 2000000
	332  -  MemoryUsage of job (MB)
	339108  -  ResidentSetSize of job (KB)
...
006 (193.150.000) 05/06 09:08:06 Image size of job updated: 2000000
	406  -  MemoryUsage of job (MB)
	415404  -  ResidentSetSize of job (KB)
...
006 (193.150.000) 05/06 09:08:11 Image size of job updated: 2000000
	464  -  MemoryUsage of job (MB)
	474408  -  ResidentSetSize of job (KB)
...
006 (193.150.000) 05/06 09:08:16 Image size of job updated: 2000000
	1173  -  MemoryUsage of job (MB)
	1200540  -  ResidentSetSize of job (KB)
...
006 (193.150.000) 05/06 09:25:41 Image size of job updated: 2000000
	1441  -  MemoryUsage of job (MB)
	1475364  -  ResidentSetSize of job (KB)
...
006 (193.150.000) 05/06 09:25:46 Image size of job updated: 2000000
	1542  -  MemoryUsage of job (MB)
	1578456  -  ResidentSetSize of job (KB)
...
006 (193.150.000) 05/06 09:25:51 Image size of job updated: 2315468
	1604  -  MemoryUsage of job (MB)
	1641948  -  ResidentSetSize of job (KB)
...
006 (193.150.000) 05/06 09:25:56 Image size of job updated: 2315468
	1632  -  MemoryUsage of job (MB)
	1670460  -  ResidentSetSize of job (KB)
...
006 (193.150.000) 05/06 09:26:01 Image size of job updated: 2315468
	1634  -  MemoryUsage of job (MB)
	1672968  -  ResidentSetSize of job (KB)
...
006 (193.150.000) 05/06 09:26:06 Image size of job updated: 2610412
	1896  -  MemoryUsage of job (MB)
	1941324  -  ResidentSetSize of job (KB)
...
006 (193.150.000) 05/06 09:26:11 Image size of job updated: 2610412
	1978  -  MemoryUsage of job (MB)
	2024484  -  ResidentSetSize of job (KB)
...
006 (193.150.000) 05/06 09:26:16 Image size of job updated: 2610412
	2095  -  MemoryUsage of job (MB)
	2144340  -  ResidentSetSize of job (KB)
...
006 (193.150.000) 05/06 09:26:21 Image size of job updated: 2906348
	2198  -  MemoryUsage of job (MB)
	2249808  -  ResidentSetSize of job (KB)
...
006 (193.150.000) 05/06 09:26:26 Image size of job updated: 2906348
	2291  -  MemoryUsage of job (MB)
	2345904  -  ResidentSetSize of job (KB)
...
006 (193.150.000) 05/06 09:26:31 Image size of job updated: 2906348
	2380  -  MemoryUsage of job (MB)
	2436984  -  ResidentSetSize of job (KB)
...
006 (193.150.000) 05/06 09:26:36 Image size of job updated: 3189996
	2473  -  MemoryUsage of job (MB)
	2532156  -  ResidentSetSize of job (KB)
...
006 (193.150.000) 05/06 09:26:41 Image size of job updated: 3189996
	2565  -  MemoryUsage of job (MB)
	2625876  -  ResidentSetSize of job (KB)
...
006 (193.150.000) 05/06 09:26:46 Image size of job updated: 3189996
	2658  -  MemoryUsage of job (MB)
	2720916  -  ResidentSetSize of job (KB)
...
006 (193.150.000) 05/06 09:26:51 Image size of job updated: 3460332
	2735  -  MemoryUsage of job (MB)
	2799720  -  ResidentSetSize of job (KB)
...
006 (193.150.000) 05/06 09:26:57 Image size of job updated: 3483884
	2751  -  MemoryUsage of job (MB)
	2816484  -  ResidentSetSize of job (KB)
...
006 (193.150.000) 05/06 09:27:03 Image size of job updated: 3594476
	2859  -  MemoryUsage of job (MB)
	2927100  -  ResidentSetSize of job (KB)
...
006 (193.150.000) 05/06 09:27:09 Image size of job updated: 3646700
	2965  -  MemoryUsage of job (MB)
	3035472  -  ResidentSetSize of job (KB)
...
006 (193.150.000) 05/06 09:27:15 Image size of job updated: 3646700
	3073  -  MemoryUsage of job (MB)
	3145956  -  ResidentSetSize of job (KB)
...
006 (193.150.000) 05/06 09:27:21 Image size of job updated: 3923180
	3182  -  MemoryUsage of job (MB)
	3257628  -  ResidentSetSize of job (KB)
...
006 (193.150.000) 05/06 09:27:27 Image size of job updated: 3983596
	3291  -  MemoryUsage of job (MB)
	3369036  -  ResidentSetSize of job (KB)
...
006 (193.150.000) 05/06 09:27:33 Image size of job updated: 3983596
	3401  -  MemoryUsage of job (MB)
	3482160  -  ResidentSetSize of job (KB)
...
006 (193.150.000) 05/06 09:27:39 Image size of job updated: 4202732
	3512  -  MemoryUsage of job (MB)
	3595284  -  ResidentSetSize of job (KB)
...
006 (193.150.000) 05/06 09:27:45 Image size of job updated: 4202732
	3622  -  MemoryUsage of job (MB)
	3708804  -  ResidentSetSize of job (KB)
...
006 (193.150.000) 05/06 09:27:51 Image size of job updated: 4486380
	3732  -  MemoryUsage of job (MB)
	3821136  -  ResidentSetSize of job (KB)
...
006 (193.150.000) 05/06 09:27:57 Image size of job updated: 4524268
	3843  -  MemoryUsage of job (MB)
	3934524  -  ResidentSetSize of job (KB)
...
006 (193.150.000) 05/06 09:28:03 Image size of job updated: 4671724
	3953  -  MemoryUsage of job (MB)
	4047648  -  ResidentSetSize of job (KB)
...
006 (193.150.000) 05/06 09:28:09 Image size of job updated: 4758764
	4063  -  MemoryUsage of job (MB)
	4159584  -  ResidentSetSize of job (KB)
...
006 (193.150.000) 05/06 09:28:15 Image size of job updated: 4758764
	4172  -  MemoryUsage of job (MB)
	4271388  -  ResidentSetSize of job (KB)
...
006 (193.150.000) 05/06 09:28:21 Image size of job updated: 5051628
	4281  -  MemoryUsage of job (MB)
	4383192  -  ResidentSetSize of job (KB)
...
006 (193.150.000) 05/06 09:28:27 Image size of job updated: 5068012
	4391  -  MemoryUsage of job (MB)
	4496316  -  ResidentSetSize of job (KB)
...
006 (193.150.000) 05/06 09:28:33 Image size of job updated: 5068012
	4501  -  MemoryUsage of job (MB)
	4608912  -  ResidentSetSize of job (KB)
...
006 (193.150.000) 05/06 09:28:39 Image size of job updated: 5333228
	4611  -  MemoryUsage of job (MB)
	4721508  -  ResidentSetSize of job (KB)
...
006 (193.150.000) 05/06 09:28:45 Image size of job updated: 5333228
	4719  -  MemoryUsage of job (MB)
	4832124  -  ResidentSetSize of job (KB)
...
006 (193.150.000) 05/06 09:28:51 Image size of job updated: 5609708
	4825  -  MemoryUsage of job (MB)
	4939968  -  ResidentSetSize of job (KB)
...
006 (193.150.000) 05/06 09:28:59 Image size of job updated: 5696748
	4908  -  MemoryUsage of job (MB)
	5025372  -  ResidentSetSize of job (KB)
...
006 (193.150.000) 05/06 09:29:04 Image size of job updated: 5696748
	4994  -  MemoryUsage of job (MB)
	5112888  -  ResidentSetSize of job (KB)
...
006 (193.150.000) 05/06 09:29:09 Image size of job updated: 5814508
	5088  -  MemoryUsage of job (MB)
	5209248  -  ResidentSetSize of job (KB)
...
006 (193.150.000) 05/06 09:29:14 Image size of job updated: 5882092
	5179  -  MemoryUsage of job (MB)
	5302704  -  ResidentSetSize of job (KB)
...
006 (193.150.000) 05/06 09:29:23 Image size of job updated: 5882092
	5245  -  MemoryUsage of job (MB)
	5370420  -  ResidentSetSize of job (KB)
...
006 (193.150.000) 05/06 09:29:34 Image size of job updated: 6175980
	5441  -  MemoryUsage of job (MB)
	5571324  -  ResidentSetSize of job (KB)
...
006 (193.150.000) 05/06 09:29:43 Image size of job updated: 6175980
	5602  -  MemoryUsage of job (MB)
	5736192  -  ResidentSetSize of job (KB)
...
006 (193.150.000) 05/06 09:29:49 Image size of job updated: 6462700
	5691  -  MemoryUsage of job (MB)
	5827404  -  ResidentSetSize of job (KB)
...
006 (193.150.000) 05/06 09:29:55 Image size of job updated: 6537452
	5801  -  MemoryUsage of job (MB)
	5939736  -  ResidentSetSize of job (KB)
...
006 (193.150.000) 05/06 09:30:01 Image size of job updated: 6713580
	5912  -  MemoryUsage of job (MB)
	6053784  -  ResidentSetSize of job (KB)
...
006 (193.150.000) 05/06 09:30:11 Image size of job updated: 6713580
	5990  -  MemoryUsage of job (MB)
	6133116  -  ResidentSetSize of job (KB)
...
006 (193.150.000) 05/06 09:30:21 Image size of job updated: 6926572
	6095  -  MemoryUsage of job (MB)
	6240432  -  ResidentSetSize of job (KB)
...
006 (193.150.000) 05/06 09:30:29 Image size of job updated: 7127276
	6264  -  MemoryUsage of job (MB)
	6414144  -  ResidentSetSize of job (KB)
...
006 (193.150.000) 05/06 09:30:34 Image size of job updated: 7256300
	6377  -  MemoryUsage of job (MB)
	6529248  -  ResidentSetSize of job (KB)
...
006 (193.150.000) 05/06 09:30:39 Image size of job updated: 7256300
	6470  -  MemoryUsage of job (MB)
	6625212  -  ResidentSetSize of job (KB)
...
006 (193.150.000) 05/06 09:30:44 Image size of job updated: 7256300
	6557  -  MemoryUsage of job (MB)
	6713916  -  ResidentSetSize of job (KB)
...
006 (193.150.000) 05/06 09:30:49 Image size of job updated: 7528684
	6644  -  MemoryUsage of job (MB)
	6802884  -  ResidentSetSize of job (KB)
...
006 (193.150.000) 05/06 09:30:54 Image size of job updated: 7528684
	6731  -  MemoryUsage of job (MB)
	6891984  -  ResidentSetSize of job (KB)
...
006 (193.150.000) 05/06 09:30:59 Image size of job updated: 7528684
	6818  -  MemoryUsage of job (MB)
	6981084  -  ResidentSetSize of job (KB)
...
006 (193.150.000) 05/06 09:31:04 Image size of job updated: 7789804
	6904  -  MemoryUsage of job (MB)
	7068732  -  ResidentSetSize of job (KB)
...
006 (193.150.000) 05/06 09:31:09 Image size of job updated: 7789804
	6990  -  MemoryUsage of job (MB)
	7156908  -  ResidentSetSize of job (KB)
...
006 (193.150.000) 05/06 09:31:14 Image size of job updated: 7789804
	7076  -  MemoryUsage of job (MB)
	7245480  -  ResidentSetSize of job (KB)
...
006 (193.150.000) 05/06 09:31:19 Image size of job updated: 8055020
	7163  -  MemoryUsage of job (MB)
	7334316  -  ResidentSetSize of job (KB)
...
006 (193.150.000) 05/06 09:31:24 Image size of job updated: 8055020
	7236  -  MemoryUsage of job (MB)
	7409424  -  ResidentSetSize of job (KB)
...
006 (193.150.000) 05/06 09:31:29 Image size of job updated: 8055020
	7283  -  MemoryUsage of job (MB)
	7457208  -  ResidentSetSize of job (KB)
...
006 (193.150.000) 05/06 09:31:52 Image size of job updated: 8294636
	7343  -  MemoryUsage of job (MB)
	7518852  -  ResidentSetSize of job (KB)
...
006 (193.150.000) 05/06 09:32:49 Image size of job updated: 9038060
	8254  -  MemoryUsage of job (MB)
	8451564  -  ResidentSetSize of job (KB)
...
006 (193.150.000) 05/06 09:33:06 Image size of job updated: 9337068
	8254  -  MemoryUsage of job (MB)
	8451564  -  ResidentSetSize of job (KB)
...
005 (193.150.000) 05/06 09:33:07 Job terminated.
	(0) Abnormal termination (signal 9)
	(0) No core file
		Usr 0 00:24:32, Sys 0 00:00:38  -  Run Remote Usage
		Usr 0 00:00:00, Sys 0 00:00:00  -  Run Local Usage
		Usr 0 00:24:32, Sys 0 00:00:38  -  Total Remote Usage
		Usr 0 00:00:00, Sys 0 00:00:00  -  Total Local Usage
	0  -  Run Bytes Sent By Job
	0  -  Run Bytes Received By Job
	0  -  Total Bytes Sent By Job
	0  -  Total Bytes Received By Job
	Partitionable Resources :      Usage  Request Allocated 
	   Cpus                 :       0.99        1         1 
	   Disk (KB)            : 2000000     2000000   6540465 
	   Memory (MB)          :    8254        1954      2007 
...
000 (010.065.000) 05/06 14:26:46 Job submitted from host: <127.0.0.1:9618?addrs=127.0.0.1-9618&noUDP&sock=227_4816_4>
...
001 (010.065.000) 05/06 16:28:58 Job executing on host: <127.0.0.1:9618?addrs=127.0.0.1-9618&noUDP&sock=227_4816_5>
...
006 (010.065.000) 05/06 16:29:04 Image size of job updated: 2000000
	37  -  MemoryUsage of job (MB)
	37356  -  ResidentSetSize of job (KB)
...
006 (010.065.000) 05/06 16:29:22 Image size of job updated: 2000000
	103  -  MemoryUsage of job (MB)
	104940  -  ResidentSetSize of job (KB)
...
006 (010.065.000) 05/06 16:30:06 Image size of job updated: 2000000
	151  -  MemoryUsage of job (MB)
	154308  -  ResidentSetSize of job (KB)
...
006 (010.065.000) 05/06 16:30:13 Image size of job updated: 2000000
	185  -  MemoryUsage of job (MB)
	189288  -  ResidentSetSize of job (KB)
...
006 (010.065.000) 05/06 16:30:18 Image size of job updated: 2000000
	189  -  MemoryUsage of job (MB)
	193512  -  ResidentSetSize of job (KB)
...
006 (010.065.000) 05/06 16:30:23 Image size of job updated: 2000000
	200  -  MemoryUsage of job (MB)
	203940  -  ResidentSetSize of job (KB)
...
006 (010.065.000) 05/06 16:30:29 Image size of job updated: 2000000
	204  -  MemoryUsage of job (MB)
	208296  -  ResidentSetSize of job (KB)
...
006 (010.065.000) 05/06 16:30:34 Image size of job updated: 2000000
	214  -  MemoryUsage of job (MB)
	218328  -  ResidentSetSize of job (KB)
...
006 (010.065.000) 05/06 16:30:39 Image size of job updated: 2000000
	227  -  MemoryUsage of job (MB)
	231924  -  ResidentSetSize of job (KB)
...
006 (010.065.000) 05/06 16:30:49 Image size of job updated: 2000000
	231  -  MemoryUsage of job (MB)
	236148  -  ResidentSetSize of job (KB)
...
006 (010.065.000) 05/06 16:30:54 Image size of job updated: 2000000
	235  -  MemoryUsage of job (MB)
	239844  -  ResidentSetSize of job (KB)
...
006 (010.065.000) 05/06 16:30:59 Image size of job updated: 2000000
	269  -  MemoryUsage of job (MB)
	274560  -  ResidentSetSize of job (KB)
...
006 (010.065.000) 05/06 16:31:04 Image size of job updated: 2000000
	311  -  MemoryUsage of job (MB)
	318384  -  ResidentSetSize of job (KB)
...
006 (010.065.000) 05/06 16:31:09 Image size of job updated: 2000000
	325  -  MemoryUsage of job (MB)
	331980  -  ResidentSetSize of job (KB)
...
006 (010.065.000) 05/06 16:31:14 Image size of job updated: 2000000
	340  -  MemoryUsage of job (MB)
	347424  -  ResidentSetSize of job (KB)
...
006 (010.065.000) 05/06 16:31:19 Image size of job updated: 2000000
	407  -  MemoryUsage of job (MB)
	415932  -  ResidentSetSize of job (KB)
...
006 (010.065.000) 05/06 16:31:24 Image size of job updated: 2000000
	457  -  MemoryUsage of job (MB)
	467148  -  ResidentSetSize of job (KB)
...
006 (010.065.000) 05/06 16:31:29 Image size of job updated: 2000000
	1169  -  MemoryUsage of job (MB)
	1196712  -  ResidentSetSize of job (KB)
...
006 (010.065.000) 05/06 16:49:15 Image size of job updated: 2195596
	1499  -  MemoryUsage of job (MB)
	1534632  -  ResidentSetSize of job (KB)
...
006 (010.065.000) 05/06 16:49:32 Image size of job updated: 2278348
	1608  -  MemoryUsage of job (MB)
	1645908  -  ResidentSetSize of job (KB)
...
006 (010.065.000) 05/06 16:50:11 Image size of job updated: 3001580
	2557  -  MemoryUsage of job (MB)
	2617692  -  ResidentSetSize of job (KB)
...
006 (010.065.000) 05/06 16:50:41 Image size of job updated: 3601644
	3046  -  MemoryUsage of job (MB)
	3118632  -  ResidentSetSize of job (KB)
...
006 (010.065.000) 05/06 16:51:00 Image size of job updated: 3865836
	3246  -  MemoryUsage of job (MB)
	3323496  -  ResidentSetSize of job (KB)
...
006 (010.065.000) 05/06 16:51:16 Image size of job updated: 4131052
	3460  -  MemoryUsage of job (MB)
	3543012  -  ResidentSetSize of job (KB)
...
006 (010.065.000) 05/06 16:51:32 Image size of job updated: 4326636
	3583  -  MemoryUsage of job (MB)
	3668940  -  ResidentSetSize of job (KB)
...
006 (010.065.000) 05/06 16:52:02 Image size of job updated: 4567276
	3899  -  MemoryUsage of job (MB)
	3991680  -  ResidentSetSize of job (KB)
...
006 (010.065.000) 05/06 16:52:38 Image size of job updated: 5256428
	4424  -  MemoryUsage of job (MB)
	4529976  -  ResidentSetSize of job (KB)
...
006 (010.065.000) 05/06 16:53:02 Image size of job updated: 5481708
	4672  -  MemoryUsage of job (MB)
	4783284  -  ResidentSetSize of job (KB)
...
006 (010.065.000) 05/06 16:53:17 Image size of job updated: 5744876
	4935  -  MemoryUsage of job (MB)
	5053356  -  ResidentSetSize of job (KB)
...
006 (010.065.000) 05/06 16:53:26 Image size of job updated: 5911788
	5060  -  MemoryUsage of job (MB)
	5180868  -  ResidentSetSize of job (KB)
...
006 (010.065.000) 05/06 16:53:32 Image size of job updated: 6023404
	5168  -  MemoryUsage of job (MB)
	5291748  -  ResidentSetSize of job (KB)
...
006 (010.065.000) 05/06 16:53:37 Image size of job updated: 6049004
	5261  -  MemoryUsage of job (MB)
	5386392  -  ResidentSetSize of job (KB)
...
006 (010.065.000) 05/06 16:53:42 Image size of job updated: 6049004
	5354  -  MemoryUsage of job (MB)
	5482488  -  ResidentSetSize of job (KB)
...
006 (010.065.000) 05/06 16:53:47 Image size of job updated: 6049004
	5448  -  MemoryUsage of job (MB)
	5578056  -  ResidentSetSize of job (KB)
...
006 (010.065.000) 05/06 16:53:57 Image size of job updated: 6355180
	5498  -  MemoryUsage of job (MB)
	5629536  -  ResidentSetSize of job (KB)
...
006 (010.065.000) 05/06 16:54:20 Image size of job updated: 6727916
	5965  -  MemoryUsage of job (MB)
	6107376  -  ResidentSetSize of job (KB)
...
006 (010.065.000) 05/06 16:54:37 Image size of job updated: 7001324
	6283  -  MemoryUsage of job (MB)
	6432888  -  ResidentSetSize of job (KB)
...
006 (010.065.000) 05/06 16:54:47 Image size of job updated: 7280876
	6371  -  MemoryUsage of job (MB)
	6523176  -  ResidentSetSize of job (KB)
...
006 (010.065.000) 05/06 16:54:56 Image size of job updated: 7280876
	6415  -  MemoryUsage of job (MB)
	6568188  -  ResidentSetSize of job (KB)
...
006 (010.065.000) 05/06 16:55:05 Image size of job updated: 7405804
	6491  -  MemoryUsage of job (MB)
	6646332  -  ResidentSetSize of job (KB)
...
006 (010.065.000) 05/06 16:55:11 Image size of job updated: 7405804
	6597  -  MemoryUsage of job (MB)
	6754704  -  ResidentSetSize of job (KB)
...
006 (010.065.000) 05/06 16:55:16 Image size of job updated: 7405804
	6683  -  MemoryUsage of job (MB)
	6842880  -  ResidentSetSize of job (KB)
...
006 (010.065.000) 05/06 16:55:23 Image size of job updated: 7671020
	6750  -  MemoryUsage of job (MB)
	6911652  -  ResidentSetSize of job (KB)
...
006 (010.065.000) 05/06 16:55:36 Image size of job updated: 7742700
	6806  -  MemoryUsage of job (MB)
	6969336  -  ResidentSetSize of job (KB)
...
006 (010.065.000) 05/06 16:55:52 Image size of job updated: 8065260
	7044  -  MemoryUsage of job (MB)
	7212348  -  ResidentSetSize of job (KB)
...
006 (010.065.000) 05/06 16:56:04 Image size of job updated: 8193260
	7267  -  MemoryUsage of job (MB)
	7440444  -  ResidentSetSize of job (KB)
...
006 (010.065.000) 05/06 16:56:11 Image size of job updated: 8369388
	7389  -  MemoryUsage of job (MB)
	7565448  -  ResidentSetSize of job (KB)
...
006 (010.065.000) 05/06 16:56:21 Image size of job updated: 8369388
	7401  -  MemoryUsage of job (MB)
	7578120  -  ResidentSetSize of job (KB)
...
005 (010.065.000) 05/06 16:56:21 Job terminated.
	(0) Abnormal termination (signal 9)
	(0) No core file
		Usr 0 00:22:35, Sys 0 00:01:26  -  Run Remote Usage
		Usr 0 00:00:00, Sys 0 00:00:00  -  Run Local Usage
		Usr 0 00:22:35, Sys 0 00:01:26  -  Total Remote Usage
		Usr 0 00:00:00, Sys 0 00:00:00  -  Total Local Usage
	0  -  Run Bytes Sent By Job
	0  -  Run Bytes Received By Job
	0  -  Total Bytes Sent By Job
	0  -  Total Bytes Received By Job
	Partitionable Resources :      Usage  Request Allocated 
	   Cpus                 :       0.99        1         1 
	   Disk (KB)            : 2000000     2000000   6275465 
	   Memory (MB)          :    7401        1954      2007 
...
