000 (005.10978.000) 05/05 20:26:40 Job submitted from host: <127.0.0.1:9618?addrs=127.0.0.1-9618&noUDP&sock=227_4816_4>
...
033 (005.10978.000) 05/06 14:18:32 Changing job attribute JobPrio from 0 to -10
...
009 (005.10978.000) 05/07 21:46:05 Job was aborted by the user.
	via condor_rm (by user aw868)
...
000 (011.3927.000) 05/08 17:21:53 Job submitted from host: <127.0.0.1:9618?addrs=127.0.0.1-9618&noUDP&sock=212_fe2a_4>
...
033 (011.3927.000) 05/08 20:42:13 Changing job attribute JobPrio from 0 to -5
...
001 (011.3927.000) 05/09 19:58:53 Job executing on host: <127.0.0.1:9618?addrs=127.0.0.1-9618&noUDP&sock=212_fe2a_5>
...
006 (011.3927.000) 05/09 19:58:58 Image size of job updated: 2000000
	101  -  MemoryUsage of job (MB)
	102960  -  ResidentSetSize of job (KB)
...
006 (011.3927.000) 05/09 19:59:28 Image size of job updated: 2000000
	163  -  MemoryUsage of job (MB)
	166716  -  ResidentSetSize of job (KB)
...
006 (011.3927.000) 05/09 19:59:33 Image size of job updated: 2000000
	184  -  MemoryUsage of job (MB)
	188100  -  ResidentSetSize of job (KB)
...
006 (011.3927.000) 05/09 19:59:38 Image size of job updated: 2000000
	185  -  MemoryUsage of job (MB)
	188496  -  ResidentSetSize of job (KB)
...
006 (011.3927.000) 05/09 19:59:43 Image size of job updated: 2000000
	192  -  MemoryUsage of job (MB)
	195624  -  ResidentSetSize of job (KB)
...
006 (011.3927.000) 05/09 19:59:48 Image size of job updated: 2000000
	202  -  MemoryUsage of job (MB)
	206844  -  ResidentSetSize of job (KB)
...
006 (011.3927.000) 05/09 19:59:53 Image size of job updated: 2000000
	212  -  MemoryUsage of job (MB)
	216084  -  ResidentSetSize of job (KB)
...
006 (011.3927.000) 05/09 19:59:58 Image size of job updated: 2000000
	223  -  MemoryUsage of job (MB)
	227436  -  ResidentSetSize of job (KB)
...
006 (011.3927.000) 05/09 20:00:03 Image size of job updated: 2000000
	233  -  MemoryUsage of job (MB)
	237996  -  ResidentSetSize of job (KB)
...
006 (011.3927.000) 05/09 20:00:08 Image size of job updated: 2000000
	239  -  MemoryUsage of job (MB)
	244728  -  ResidentSetSize of job (KB)
...
006 (011.3927.000) 05/09 20:00:13 Image size of job updated: 2000000
	262  -  MemoryUsage of job (MB)
	268092  -  ResidentSetSize of job (KB)
...
006 (011.3927.000) 05/09 20:00:18 Image size of job updated: 2000000
	298  -  MemoryUsage of job (MB)
	304920  -  ResidentSetSize of job (KB)
...
006 (011.3927.000) 05/09 20:00:23 Image size of job updated: 2000000
	329  -  MemoryUsage of job (MB)
	336204  -  ResidentSetSize of job (KB)
...
006 (011.3927.000) 05/09 20:00:28 Image size of job updated: 2000000
	364  -  MemoryUsage of job (MB)
	371844  -  ResidentSetSize of job (KB)
...
006 (011.3927.000) 05/09 20:00:33 Image size of job updated: 2000000
	421  -  MemoryUsage of job (MB)
	430980  -  ResidentSetSize of job (KB)
...
006 (011.3927.000) 05/09 20:00:38 Image size of job updated: 2000000
	471  -  MemoryUsage of job (MB)
	481404  -  ResidentSetSize of job (KB)
...
006 (011.3927.000) 05/09 20:00:43 Image size of job updated: 2000000
	1169  -  MemoryUsage of job (MB)
	1196448  -  ResidentSetSize of job (KB)
...
006 (011.3927.000) 05/09 20:14:13 Image size of job updated: 2000000
	1170  -  MemoryUsage of job (MB)
	1197636  -  ResidentSetSize of job (KB)
...
006 (011.3927.000) 05/09 20:14:19 Image size of job updated: 2000000
	1200  -  MemoryUsage of job (MB)
	1228392  -  ResidentSetSize of job (KB)
...
006 (011.3927.000) 05/09 20:14:25 Image size of job updated: 2000000
	1554  -  MemoryUsage of job (MB)
	1590336  -  ResidentSetSize of job (KB)
...
006 (011.3927.000) 05/09 20:14:31 Image size of job updated: 2270664
	1675  -  MemoryUsage of job (MB)
	1714548  -  ResidentSetSize of job (KB)
...
006 (011.3927.000) 05/09 20:14:37 Image size of job updated: 2270664
	1885  -  MemoryUsage of job (MB)
	1929840  -  ResidentSetSize of job (KB)
...
006 (011.3927.000) 05/09 20:14:43 Image size of job updated: 2561000
	1885  -  MemoryUsage of job (MB)
	1929840  -  ResidentSetSize of job (KB)
...
006 (011.3927.000) 05/09 20:14:49 Image size of job updated: 2561000
	1886  -  MemoryUsage of job (MB)
	1930764  -  ResidentSetSize of job (KB)
...
006 (011.3927.000) 05/09 20:14:55 Image size of job updated: 2564072
	1889  -  MemoryUsage of job (MB)
	1933932  -  ResidentSetSize of job (KB)
...
006 (011.3927.000) 05/09 20:15:01 Image size of job updated: 2564072
	1892  -  MemoryUsage of job (MB)
	1936968  -  ResidentSetSize of job (KB)
...
006 (011.3927.000) 05/09 20:15:07 Image size of job updated: 2564072
	1901  -  MemoryUsage of job (MB)
	1946604  -  ResidentSetSize of job (KB)
...
006 (011.3927.000) 05/09 20:15:13 Image size of job updated: 2577384
	1907  -  MemoryUsage of job (MB)
	1951752  -  ResidentSetSize of job (KB)
...
006 (011.3927.000) 05/09 20:15:19 Image size of job updated: 2584552
	1911  -  MemoryUsage of job (MB)
	1955976  -  ResidentSetSize of job (KB)
...
006 (011.3927.000) 05/09 20:15:25 Image size of job updated: 2589672
	1914  -  MemoryUsage of job (MB)
	1959276  -  ResidentSetSize of job (KB)
...
006 (011.3927.000) 05/09 20:15:31 Image size of job updated: 2589672
	1915  -  MemoryUsage of job (MB)
	1960860  -  ResidentSetSize of job (KB)
...
006 (011.3927.000) 05/09 20:15:37 Image size of job updated: 2589672
	1918  -  MemoryUsage of job (MB)
	1963896  -  ResidentSetSize of job (KB)
...
006 (011.3927.000) 05/09 20:15:43 Image size of job updated: 2595816
	1921  -  MemoryUsage of job (MB)
	1966536  -  ResidentSetSize of job (KB)
...
006 (011.3927.000) 05/09 20:15:49 Image size of job updated: 2599912
	1924  -  MemoryUsage of job (MB)
	1969176  -  ResidentSetSize of job (KB)
...
006 (011.3927.000) 05/09 20:15:55 Image size of job updated: 2599912
	1925  -  MemoryUsage of job (MB)
	1970892  -  ResidentSetSize of job (KB)
...
006 (011.3927.000) 05/09 20:16:01 Image size of job updated: 2600936
	1928  -  MemoryUsage of job (MB)
	1973532  -  ResidentSetSize of job (KB)
...
006 (011.3927.000) 05/09 20:16:07 Image size of job updated: 2600936
	1931  -  MemoryUsage of job (MB)
	1976436  -  ResidentSetSize of job (KB)
...
006 (011.3927.000) 05/09 20:16:13 Image size of job updated: 2609128
	1933  -  MemoryUsage of job (MB)
	1978944  -  ResidentSetSize of job (KB)
...
006 (011.3927.000) 05/09 20:16:19 Image size of job updated: 2609128
	1934  -  MemoryUsage of job (MB)
	1979472  -  ResidentSetSize of job (KB)
...
006 (011.3927.000) 05/09 20:16:25 Image size of job updated: 2609128
	1936  -  MemoryUsage of job (MB)
	1982376  -  ResidentSetSize of job (KB)
...
006 (011.3927.000) 05/09 20:16:31 Image size of job updated: 2614248
	1939  -  MemoryUsage of job (MB)
	1985148  -  ResidentSetSize of job (KB)
...
006 (011.3927.000) 05/09 20:16:37 Image size of job updated: 2614248
	1941  -  MemoryUsage of job (MB)
	1986864  -  ResidentSetSize of job (KB)
...
006 (011.3927.000) 05/09 20:16:43 Image size of job updated: 2620392
	1944  -  MemoryUsage of job (MB)
	1989636  -  ResidentSetSize of job (KB)
...
006 (011.3927.000) 05/09 20:16:49 Image size of job updated: 2622440
	1946  -  MemoryUsage of job (MB)
	1992408  -  ResidentSetSize of job (KB)
...
006 (011.3927.000) 05/09 20:16:55 Image size of job updated: 2622440
	1949  -  MemoryUsage of job (MB)
	1995444  -  ResidentSetSize of job (KB)
...
006 (011.3927.000) 05/09 20:17:01 Image size of job updated: 2626536
	1951  -  MemoryUsage of job (MB)
	1997820  -  ResidentSetSize of job (KB)
...
006 (011.3927.000) 05/09 20:17:07 Image size of job updated: 2628584
	1953  -  MemoryUsage of job (MB)
	1999008  -  ResidentSetSize of job (KB)
...
006 (011.3927.000) 05/09 20:17:13 Image size of job updated: 2632680
	1957  -  MemoryUsage of job (MB)
	2003496  -  ResidentSetSize of job (KB)
...
006 (011.3927.000) 05/09 20:17:19 Image size of job updated: 2632680
	1959  -  MemoryUsage of job (MB)
	2005740  -  ResidentSetSize of job (KB)
...
006 (011.3927.000) 05/09 20:17:25 Image size of job updated: 2632680
	1960  -  MemoryUsage of job (MB)
	2006796  -  ResidentSetSize of job (KB)
...
006 (011.3927.000) 05/09 20:17:31 Image size of job updated: 2637800
	1962  -  MemoryUsage of job (MB)
	2008776  -  ResidentSetSize of job (KB)
...
006 (011.3927.000) 05/09 20:17:37 Image size of job updated: 2637800
	1968  -  MemoryUsage of job (MB)
	2014848  -  ResidentSetSize of job (KB)
...
006 (011.3927.000) 05/09 20:17:43 Image size of job updated: 2647016
	1971  -  MemoryUsage of job (MB)
	2017488  -  ResidentSetSize of job (KB)
...
006 (011.3927.000) 05/09 20:17:49 Image size of job updated: 2647016
	1972  -  MemoryUsage of job (MB)
	2018940  -  ResidentSetSize of job (KB)
...
006 (011.3927.000) 05/09 20:17:55 Image size of job updated: 2647016
	1973  -  MemoryUsage of job (MB)
	2019864  -  ResidentSetSize of job (KB)
...
006 (011.3927.000) 05/09 20:18:01 Image size of job updated: 2651112
	1976  -  MemoryUsage of job (MB)
	2022636  -  ResidentSetSize of job (KB)
...
006 (011.3927.000) 05/09 20:18:07 Image size of job updated: 2651112
	1978  -  MemoryUsage of job (MB)
	2024616  -  ResidentSetSize of job (KB)
...
006 (011.3927.000) 05/09 20:18:13 Image size of job updated: 2651112
	1979  -  MemoryUsage of job (MB)
	2026200  -  ResidentSetSize of job (KB)
...
006 (011.3927.000) 05/09 20:18:19 Image size of job updated: 2659304
	1982  -  MemoryUsage of job (MB)
	2029368  -  ResidentSetSize of job (KB)
...
006 (011.3927.000) 05/09 20:18:25 Image size of job updated: 2660328
	1984  -  MemoryUsage of job (MB)
	2031612  -  ResidentSetSize of job (KB)
...
006 (011.3927.000) 05/09 20:18:31 Image size of job updated: 2665448
	1990  -  MemoryUsage of job (MB)
	2037552  -  ResidentSetSize of job (KB)
...
006 (011.3927.000) 05/09 20:18:37 Image size of job updated: 2665448
	1992  -  MemoryUsage of job (MB)
	2039400  -  ResidentSetSize of job (KB)
...
006 (011.3927.000) 05/09 20:18:43 Image size of job updated: 2665448
	1994  -  MemoryUsage of job (MB)
	2040984  -  ResidentSetSize of job (KB)
...
006 (011.3927.000) 05/09 20:18:49 Image size of job updated: 2672616
	1995  -  MemoryUsage of job (MB)
	2042832  -  ResidentSetSize of job (KB)
...
006 (011.3927.000) 05/09 20:18:55 Image size of job updated: 2672616
	1997  -  MemoryUsage of job (MB)
	2044548  -  ResidentSetSize of job (KB)
...
006 (011.3927.000) 05/09 20:19:01 Image size of job updated: 2676712
	2000  -  MemoryUsage of job (MB)
	2047056  -  ResidentSetSize of job (KB)
...
006 (011.3927.000) 05/09 20:19:07 Image size of job updated: 2676712
	2003  -  MemoryUsage of job (MB)
	2050620  -  ResidentSetSize of job (KB)
...
006 (011.3927.000) 05/09 20:19:13 Image size of job updated: 2676712
	2005  -  MemoryUsage of job (MB)
	2052600  -  ResidentSetSize of job (KB)
...
006 (011.3927.000) 05/09 20:19:19 Image size of job updated: 2684904
	2010  -  MemoryUsage of job (MB)
	2057484  -  ResidentSetSize of job (KB)
...
006 (011.3927.000) 05/09 20:19:25 Image size of job updated: 2684904
	2012  -  MemoryUsage of job (MB)
	2060256  -  ResidentSetSize of job (KB)
...
006 (011.3927.000) 05/09 20:19:31 Image size of job updated: 2691048
	2014  -  MemoryUsage of job (MB)
	2061576  -  ResidentSetSize of job (KB)
...
006 (011.3927.000) 05/09 20:19:37 Image size of job updated: 2692072
	2014  -  MemoryUsage of job (MB)
	2061708  -  ResidentSetSize of job (KB)
...
006 (011.3927.000) 05/09 20:19:43 Image size of job updated: 2694120
	2016  -  MemoryUsage of job (MB)
	2063688  -  ResidentSetSize of job (KB)
...
006 (011.3927.000) 05/09 20:19:49 Image size of job updated: 2696168
	2143  -  MemoryUsage of job (MB)
	2194236  -  ResidentSetSize of job (KB)
...
006 (011.3927.000) 05/09 20:19:55 Image size of job updated: 2909160
	2226  -  MemoryUsage of job (MB)
	2278848  -  ResidentSetSize of job (KB)
...
005 (011.3927.000) 05/09 20:19:58 Job terminated.
	(1) Normal termination (return value 0)
		Usr 0 00:20:36, Sys 0 00:00:02  -  Run Remote Usage
		Usr 0 00:00:00, Sys 0 00:00:00  -  Run Local Usage
		Usr 0 00:20:36, Sys 0 00:00:02  -  Total Remote Usage
		Usr 0 00:00:00, Sys 0 00:00:00  -  Total Local Usage
	0  -  Run Bytes Sent By Job
	0  -  Run Bytes Received By Job
	0  -  Total Bytes Sent By Job
	0  -  Total Bytes Received By Job
	Partitionable Resources :      Usage  Request Allocated 
	   Cpus                 :       1.00        1         1 
	   Disk (KB)            : 2000000     2000000   6232219 
	   Memory (MB)          :    2226        1954      2007 
...
