000 (205.8369.000) 05/06 03:21:44 Job submitted from host: <127.0.0.1:9618?addrs=127.0.0.1-9618&noUDP&sock=222_da1d_4>
...
033 (205.8369.000) 05/06 14:24:06 Changing job attribute JobPrio from 0 to -5
...
000 (007.8369.000) 05/07 19:00:58 Job submitted from host: <127.0.0.1:9618?addrs=127.0.0.1-9618&noUDP&sock=215_0cf3_4>
...
000 (016.8369.000) 05/08 15:58:01 Job submitted from host: <127.0.0.1:9618?addrs=127.0.0.1-9618&noUDP&sock=227_4816_4>
...
009 (016.8369.000) 05/09 16:56:06 Job was aborted by the user.
	via condor_rm (by user aw868)
...
000 (014.1208.000) 05/09 17:30:16 Job submitted from host: <127.0.0.1:9618?addrs=127.0.0.1-9618&noUDP&sock=212_fe2a_4>
...
033 (014.1208.000) 05/09 17:34:10 Changing job attribute JobPrio from 0 to -10
...
033 (014.1208.000) 05/09 21:36:22 Changing job attribute JobPrio from -10 to -15
...
001 (014.1208.000) 05/10 12:15:00 Job executing on host: <127.0.0.1:9618?addrs=127.0.0.1-9618&noUDP&sock=212_fe2a_5>
...
006 (014.1208.000) 05/10 12:15:05 Image size of job updated: 2000000
	115  -  MemoryUsage of job (MB)
	116952  -  ResidentSetSize of job (KB)
...
006 (014.1208.000) 05/10 12:15:30 Image size of job updated: 2000000
	121  -  MemoryUsage of job (MB)
	123816  -  ResidentSetSize of job (KB)
...
006 (014.1208.000) 05/10 12:15:35 Image size of job updated: 2000000
	187  -  MemoryUsage of job (MB)
	191004  -  ResidentSetSize of job (KB)
...
006 (014.1208.000) 05/10 12:15:40 Image size of job updated: 2000000
	211  -  MemoryUsage of job (MB)
	215160  -  ResidentSetSize of job (KB)
...
006 (014.1208.000) 05/10 12:15:45 Image size of job updated: 2000000
	211  -  MemoryUsage of job (MB)
	215424  -  ResidentSetSize of job (KB)
...
006 (014.1208.000) 05/10 12:15:50 Image size of job updated: 2000000
	215  -  MemoryUsage of job (MB)
	219516  -  ResidentSetSize of job (KB)
...
006 (014.1208.000) 05/10 12:15:55 Image size of job updated: 2000000
	224  -  MemoryUsage of job (MB)
	229152  -  ResidentSetSize of job (KB)
...
006 (014.1208.000) 05/10 12:16:00 Image size of job updated: 2000000
	234  -  MemoryUsage of job (MB)
	238656  -  ResidentSetSize of job (KB)
...
006 (014.1208.000) 05/10 12:16:05 Image size of job updated: 2000000
	243  -  MemoryUsage of job (MB)
	248160  -  ResidentSetSize of job (KB)
...
006 (014.1208.000) 05/10 12:16:10 Image size of job updated: 2000000
	252  -  MemoryUsage of job (MB)
	257796  -  ResidentSetSize of job (KB)
...
006 (014.1208.000) 05/10 12:16:15 Image size of job updated: 2000000
	260  -  MemoryUsage of job (MB)
	266112  -  ResidentSetSize of job (KB)
...
006 (014.1208.000) 05/10 12:16:20 Image size of job updated: 2000000
	266  -  MemoryUsage of job (MB)
	272052  -  ResidentSetSize of job (KB)
...
006 (014.1208.000) 05/10 12:16:25 Image size of job updated: 2000000
	273  -  MemoryUsage of job (MB)
	278652  -  ResidentSetSize of job (KB)
...
006 (014.1208.000) 05/10 12:16:30 Image size of job updated: 2000000
	293  -  MemoryUsage of job (MB)
	299772  -  ResidentSetSize of job (KB)
...
006 (014.1208.000) 05/10 12:16:35 Image size of job updated: 2000000
	332  -  MemoryUsage of job (MB)
	339240  -  ResidentSetSize of job (KB)
...
006 (014.1208.000) 05/10 12:16:40 Image size of job updated: 2000000
	371  -  MemoryUsage of job (MB)
	379368  -  ResidentSetSize of job (KB)
...
006 (014.1208.000) 05/10 12:16:45 Image size of job updated: 2000000
	380  -  MemoryUsage of job (MB)
	388212  -  ResidentSetSize of job (KB)
...
006 (014.1208.000) 05/10 12:16:50 Image size of job updated: 2000000
	415  -  MemoryUsage of job (MB)
	424248  -  ResidentSetSize of job (KB)
...
006 (014.1208.000) 05/10 12:16:55 Image size of job updated: 2000000
	471  -  MemoryUsage of job (MB)
	481404  -  ResidentSetSize of job (KB)
...
006 (014.1208.000) 05/10 12:17:00 Image size of job updated: 2000000
	516  -  MemoryUsage of job (MB)
	528000  -  ResidentSetSize of job (KB)
...
006 (014.1208.000) 05/10 12:17:05 Image size of job updated: 2000000
	788  -  MemoryUsage of job (MB)
	805992  -  ResidentSetSize of job (KB)
...
006 (014.1208.000) 05/10 12:17:10 Image size of job updated: 2000000
	1245  -  MemoryUsage of job (MB)
	1274064  -  ResidentSetSize of job (KB)
...
006 (014.1208.000) 05/10 12:33:18 Image size of job updated: 2303316
	1561  -  MemoryUsage of job (MB)
	1598256  -  ResidentSetSize of job (KB)
...
006 (014.1208.000) 05/10 12:33:23 Image size of job updated: 2370004
	1738  -  MemoryUsage of job (MB)
	1778964  -  ResidentSetSize of job (KB)
...
006 (014.1208.000) 05/10 12:33:28 Image size of job updated: 2370004
	2004  -  MemoryUsage of job (MB)
	2051280  -  ResidentSetSize of job (KB)
...
006 (014.1208.000) 05/10 12:33:33 Image size of job updated: 2654452
	2004  -  MemoryUsage of job (MB)
	2051280  -  ResidentSetSize of job (KB)
...
006 (014.1208.000) 05/10 12:33:38 Image size of job updated: 2728180
	2043  -  MemoryUsage of job (MB)
	2091804  -  ResidentSetSize of job (KB)
...
006 (014.1208.000) 05/10 12:33:43 Image size of job updated: 2728180
	2105  -  MemoryUsage of job (MB)
	2155428  -  ResidentSetSize of job (KB)
...
006 (014.1208.000) 05/10 12:33:48 Image size of job updated: 2862324
	2180  -  MemoryUsage of job (MB)
	2231592  -  ResidentSetSize of job (KB)
...
006 (014.1208.000) 05/10 12:33:53 Image size of job updated: 2862324
	2258  -  MemoryUsage of job (MB)
	2311848  -  ResidentSetSize of job (KB)
...
006 (014.1208.000) 05/10 12:33:58 Image size of job updated: 2862324
	2327  -  MemoryUsage of job (MB)
	2382732  -  ResidentSetSize of job (KB)
...
006 (014.1208.000) 05/10 12:34:03 Image size of job updated: 3089652
	2395  -  MemoryUsage of job (MB)
	2451636  -  ResidentSetSize of job (KB)
...
006 (014.1208.000) 05/10 12:34:08 Image size of job updated: 3128564
	2462  -  MemoryUsage of job (MB)
	2520408  -  ResidentSetSize of job (KB)
...
006 (014.1208.000) 05/10 12:34:13 Image size of job updated: 3193076
	2528  -  MemoryUsage of job (MB)
	2588520  -  ResidentSetSize of job (KB)
...
006 (014.1208.000) 05/10 12:34:18 Image size of job updated: 3287284
	2595  -  MemoryUsage of job (MB)
	2657160  -  ResidentSetSize of job (KB)
...
006 (014.1208.000) 05/10 12:34:23 Image size of job updated: 3287284
	2663  -  MemoryUsage of job (MB)
	2726196  -  ResidentSetSize of job (KB)
...
006 (014.1208.000) 05/10 12:34:28 Image size of job updated: 3287284
	2732  -  MemoryUsage of job (MB)
	2796552  -  ResidentSetSize of job (KB)
...
006 (014.1208.000) 05/10 12:34:33 Image size of job updated: 3494132
	2799  -  MemoryUsage of job (MB)
	2865324  -  ResidentSetSize of job (KB)
...
006 (014.1208.000) 05/10 12:34:38 Image size of job updated: 3532020
	2866  -  MemoryUsage of job (MB)
	2933832  -  ResidentSetSize of job (KB)
...
006 (014.1208.000) 05/10 12:34:43 Image size of job updated: 3648756
	2935  -  MemoryUsage of job (MB)
	3004452  -  ResidentSetSize of job (KB)
...
006 (014.1208.000) 05/10 12:34:48 Image size of job updated: 3699956
	3002  -  MemoryUsage of job (MB)
	3073488  -  ResidentSetSize of job (KB)
...
006 (014.1208.000) 05/10 12:34:53 Image size of job updated: 3748084
	3070  -  MemoryUsage of job (MB)
	3142788  -  ResidentSetSize of job (KB)
...
006 (014.1208.000) 05/10 12:34:58 Image size of job updated: 3748084
	3134  -  MemoryUsage of job (MB)
	3209052  -  ResidentSetSize of job (KB)
...
006 (014.1208.000) 05/10 12:35:03 Image size of job updated: 3903732
	3202  -  MemoryUsage of job (MB)
	3278484  -  ResidentSetSize of job (KB)
...
006 (014.1208.000) 05/10 12:35:08 Image size of job updated: 3903732
	3270  -  MemoryUsage of job (MB)
	3348312  -  ResidentSetSize of job (KB)
...
006 (014.1208.000) 05/10 12:35:13 Image size of job updated: 3903732
	3338  -  MemoryUsage of job (MB)
	3417744  -  ResidentSetSize of job (KB)
...
006 (014.1208.000) 05/10 12:35:18 Image size of job updated: 4110580
	3405  -  MemoryUsage of job (MB)
	3485856  -  ResidentSetSize of job (KB)
...
006 (014.1208.000) 05/10 12:35:23 Image size of job updated: 4110580
	3471  -  MemoryUsage of job (MB)
	3553308  -  ResidentSetSize of job (KB)
...
006 (014.1208.000) 05/10 12:35:28 Image size of job updated: 4110580
	3533  -  MemoryUsage of job (MB)
	3616932  -  ResidentSetSize of job (KB)
...
006 (014.1208.000) 05/10 12:35:33 Image size of job updated: 4313332
	3573  -  MemoryUsage of job (MB)
	3657984  -  ResidentSetSize of job (KB)
...
006 (014.1208.000) 05/10 12:35:38 Image size of job updated: 4374772
	3641  -  MemoryUsage of job (MB)
	3728076  -  ResidentSetSize of job (KB)
...
006 (014.1208.000) 05/10 12:35:43 Image size of job updated: 4374772
	3708  -  MemoryUsage of job (MB)
	3796320  -  ResidentSetSize of job (KB)
...
006 (014.1208.000) 05/10 12:35:48 Image size of job updated: 4515060
	3776  -  MemoryUsage of job (MB)
	3865620  -  ResidentSetSize of job (KB)
...
006 (014.1208.000) 05/10 12:35:54 Image size of job updated: 4515060
	3821  -  MemoryUsage of job (MB)
	3912348  -  ResidentSetSize of job (KB)
...
006 (014.1208.000) 05/10 12:36:00 Image size of job updated: 4591860
	3902  -  MemoryUsage of job (MB)
	3994980  -  ResidentSetSize of job (KB)
...
006 (014.1208.000) 05/10 12:36:06 Image size of job updated: 4724980
	4015  -  MemoryUsage of job (MB)
	4110480  -  ResidentSetSize of job (KB)
...
006 (014.1208.000) 05/10 12:36:12 Image size of job updated: 4724980
	4118  -  MemoryUsage of job (MB)
	4216080  -  ResidentSetSize of job (KB)
...
006 (014.1208.000) 05/10 12:36:18 Image size of job updated: 4979956
	4205  -  MemoryUsage of job (MB)
	4305444  -  ResidentSetSize of job (KB)
...
006 (014.1208.000) 05/10 12:36:24 Image size of job updated: 5050612
	4288  -  MemoryUsage of job (MB)
	4390848  -  ResidentSetSize of job (KB)
...
006 (014.1208.000) 05/10 12:36:30 Image size of job updated: 5151988
	4372  -  MemoryUsage of job (MB)
	4476780  -  ResidentSetSize of job (KB)
...
006 (014.1208.000) 05/10 12:36:36 Image size of job updated: 5218548
	4456  -  MemoryUsage of job (MB)
	4562448  -  ResidentSetSize of job (KB)
...
006 (014.1208.000) 05/10 12:36:42 Image size of job updated: 5218548
	4538  -  MemoryUsage of job (MB)
	4646796  -  ResidentSetSize of job (KB)
...
006 (014.1208.000) 05/10 12:36:48 Image size of job updated: 5218548
	4622  -  MemoryUsage of job (MB)
	4731936  -  ResidentSetSize of job (KB)
...
006 (014.1208.000) 05/10 12:36:54 Image size of job updated: 5483764
	4705  -  MemoryUsage of job (MB)
	4817472  -  ResidentSetSize of job (KB)
...
006 (014.1208.000) 05/10 12:37:00 Image size of job updated: 5483764
	4788  -  MemoryUsage of job (MB)
	4902084  -  ResidentSetSize of job (KB)
...
006 (014.1208.000) 05/10 12:37:06 Image size of job updated: 5649652
	4872  -  MemoryUsage of job (MB)
	4988148  -  ResidentSetSize of job (KB)
...
006 (014.1208.000) 05/10 12:37:12 Image size of job updated: 5649652
	4956  -  MemoryUsage of job (MB)
	5074080  -  ResidentSetSize of job (KB)
...
006 (014.1208.000) 05/10 12:37:18 Image size of job updated: 5781748
	5038  -  MemoryUsage of job (MB)
	5158296  -  ResidentSetSize of job (KB)
...
006 (014.1208.000) 05/10 12:37:24 Image size of job updated: 5860596
	5123  -  MemoryUsage of job (MB)
	5245680  -  ResidentSetSize of job (KB)
...
006 (014.1208.000) 05/10 12:37:30 Image size of job updated: 5991668
	5208  -  MemoryUsage of job (MB)
	5332536  -  ResidentSetSize of job (KB)
...
006 (014.1208.000) 05/10 12:37:36 Image size of job updated: 6075636
	5291  -  MemoryUsage of job (MB)
	5417940  -  ResidentSetSize of job (KB)
...
006 (014.1208.000) 05/10 12:37:42 Image size of job updated: 6136052
	5375  -  MemoryUsage of job (MB)
	5503476  -  ResidentSetSize of job (KB)
...
006 (014.1208.000) 05/10 12:37:48 Image size of job updated: 6136052
	5481  -  MemoryUsage of job (MB)
	5612244  -  ResidentSetSize of job (KB)
...
006 (014.1208.000) 05/10 12:37:54 Image size of job updated: 6349044
	5567  -  MemoryUsage of job (MB)
	5700552  -  ResidentSetSize of job (KB)
...
006 (014.1208.000) 05/10 12:38:00 Image size of job updated: 6454516
	5658  -  MemoryUsage of job (MB)
	5793612  -  ResidentSetSize of job (KB)
...
006 (014.1208.000) 05/10 12:38:06 Image size of job updated: 6530292
	5769  -  MemoryUsage of job (MB)
	5907264  -  ResidentSetSize of job (KB)
...
006 (014.1208.000) 05/10 12:38:12 Image size of job updated: 6642932
	5877  -  MemoryUsage of job (MB)
	6017352  -  ResidentSetSize of job (KB)
...
006 (014.1208.000) 05/10 12:38:18 Image size of job updated: 6642932
	5972  -  MemoryUsage of job (MB)
	6114636  -  ResidentSetSize of job (KB)
...
006 (014.1208.000) 05/10 12:38:25 Image size of job updated: 6910196
	6076  -  MemoryUsage of job (MB)
	6221028  -  ResidentSetSize of job (KB)
...
006 (014.1208.000) 05/10 12:38:30 Image size of job updated: 6958324
	6176  -  MemoryUsage of job (MB)
	6323724  -  ResidentSetSize of job (KB)
...
006 (014.1208.000) 05/10 12:38:35 Image size of job updated: 7024884
	6273  -  MemoryUsage of job (MB)
	6423120  -  ResidentSetSize of job (KB)
...
006 (014.1208.000) 05/10 12:38:40 Image size of job updated: 7024884
	6371  -  MemoryUsage of job (MB)
	6523044  -  ResidentSetSize of job (KB)
...
006 (014.1208.000) 05/10 12:38:45 Image size of job updated: 7279860
	6467  -  MemoryUsage of job (MB)
	6621648  -  ResidentSetSize of job (KB)
...
006 (014.1208.000) 05/10 12:38:50 Image size of job updated: 7279860
	6540  -  MemoryUsage of job (MB)
	6696492  -  ResidentSetSize of job (KB)
...
006 (014.1208.000) 05/10 12:38:55 Image size of job updated: 7279860
	6613  -  MemoryUsage of job (MB)
	6771600  -  ResidentSetSize of job (KB)
...
006 (014.1208.000) 05/10 12:39:00 Image size of job updated: 7512308
	6685  -  MemoryUsage of job (MB)
	6844860  -  ResidentSetSize of job (KB)
...
006 (014.1208.000) 05/10 12:39:05 Image size of job updated: 7605492
	6755  -  MemoryUsage of job (MB)
	6916668  -  ResidentSetSize of job (KB)
...
006 (014.1208.000) 05/10 12:39:10 Image size of job updated: 7619828
	6826  -  MemoryUsage of job (MB)
	6989004  -  ResidentSetSize of job (KB)
...
006 (014.1208.000) 05/10 12:39:15 Image size of job updated: 7726324
	6895  -  MemoryUsage of job (MB)
	7059888  -  ResidentSetSize of job (KB)
...
006 (014.1208.000) 05/10 12:39:20 Image size of job updated: 7726324
	6969  -  MemoryUsage of job (MB)
	7135392  -  ResidentSetSize of job (KB)
...
006 (014.1208.000) 05/10 12:39:25 Image size of job updated: 7726324
	7039  -  MemoryUsage of job (MB)
	7207200  -  ResidentSetSize of job (KB)
...
006 (014.1208.000) 05/10 12:39:30 Image size of job updated: 7943412
	7109  -  MemoryUsage of job (MB)
	7279272  -  ResidentSetSize of job (KB)
...
006 (014.1208.000) 05/10 12:39:35 Image size of job updated: 7943412
	7181  -  MemoryUsage of job (MB)
	7352532  -  ResidentSetSize of job (KB)
...
006 (014.1208.000) 05/10 12:39:40 Image size of job updated: 7943412
	7251  -  MemoryUsage of job (MB)
	7424604  -  ResidentSetSize of job (KB)
...
006 (014.1208.000) 05/10 12:39:45 Image size of job updated: 8158452
	7319  -  MemoryUsage of job (MB)
	7494300  -  ResidentSetSize of job (KB)
...
006 (014.1208.000) 05/10 12:39:50 Image size of job updated: 8158452
	7386  -  MemoryUsage of job (MB)
	7562940  -  ResidentSetSize of job (KB)
...
006 (014.1208.000) 05/10 12:39:55 Image size of job updated: 8158452
	7453  -  MemoryUsage of job (MB)
	7631844  -  ResidentSetSize of job (KB)
...
006 (014.1208.000) 05/10 12:40:00 Image size of job updated: 8364276
	7523  -  MemoryUsage of job (MB)
	7702596  -  ResidentSetSize of job (KB)
...
006 (014.1208.000) 05/10 12:40:05 Image size of job updated: 8364276
	7592  -  MemoryUsage of job (MB)
	7773216  -  ResidentSetSize of job (KB)
...
006 (014.1208.000) 05/10 12:40:10 Image size of job updated: 8364276
	7659  -  MemoryUsage of job (MB)
	7842384  -  ResidentSetSize of job (KB)
...
006 (014.1208.000) 05/10 12:40:15 Image size of job updated: 8572148
	7726  -  MemoryUsage of job (MB)
	7911420  -  ResidentSetSize of job (KB)
...
006 (014.1208.000) 05/10 12:40:20 Image size of job updated: 8572148
	7795  -  MemoryUsage of job (MB)
	7981644  -  ResidentSetSize of job (KB)
...
006 (014.1208.000) 05/10 12:40:25 Image size of job updated: 8572148
	7864  -  MemoryUsage of job (MB)
	8052396  -  ResidentSetSize of job (KB)
...
006 (014.1208.000) 05/10 12:40:30 Image size of job updated: 8783092
	7935  -  MemoryUsage of job (MB)
	8124732  -  ResidentSetSize of job (KB)
...
006 (014.1208.000) 05/10 12:40:35 Image size of job updated: 8783092
	8008  -  MemoryUsage of job (MB)
	8199312  -  ResidentSetSize of job (KB)
...
006 (014.1208.000) 05/10 12:40:40 Image size of job updated: 8952052
	8079  -  MemoryUsage of job (MB)
	8272704  -  ResidentSetSize of job (KB)
...
006 (014.1208.000) 05/10 12:40:45 Image size of job updated: 9000180
	8151  -  MemoryUsage of job (MB)
	8346360  -  ResidentSetSize of job (KB)
...
006 (014.1208.000) 05/10 12:40:50 Image size of job updated: 9058548
	8222  -  MemoryUsage of job (MB)
	8419224  -  ResidentSetSize of job (KB)
...
006 (014.1208.000) 05/10 12:40:55 Image size of job updated: 9240820
	8440  -  MemoryUsage of job (MB)
	8642304  -  ResidentSetSize of job (KB)
...
006 (014.1208.000) 05/10 12:41:00 Image size of job updated: 9336052
	8463  -  MemoryUsage of job (MB)
	8665932  -  ResidentSetSize of job (KB)
...
005 (014.1208.000) 05/10 12:41:03 Job terminated.
	(1) Normal termination (return value 0)
		Usr 0 00:24:55, Sys 0 00:00:12  -  Run Remote Usage
		Usr 0 00:00:00, Sys 0 00:00:00  -  Run Local Usage
		Usr 0 00:24:55, Sys 0 00:00:12  -  Total Remote Usage
		Usr 0 00:00:00, Sys 0 00:00:00  -  Total Local Usage
	0  -  Run Bytes Sent By Job
	0  -  Run Bytes Received By Job
	0  -  Total Bytes Sent By Job
	0  -  Total Bytes Received By Job
	Partitionable Resources :      Usage  Request Allocated 
	   Cpus                 :       0.94        1         1 
	   Disk (KB)            : 2000000     2000000   6232219 
	   Memory (MB)          :    8463        1954      2007 
...
