000 (205.10873.000) 05/06 03:22:59 Job submitted from host: <127.0.0.1:9618?addrs=127.0.0.1-9618&noUDP&sock=222_da1d_4>
...
033 (205.10873.000) 05/06 14:24:45 Changing job attribute JobPrio from 0 to -5
...
000 (007.10873.000) 05/07 19:01:27 Job submitted from host: <127.0.0.1:9618?addrs=127.0.0.1-9618&noUDP&sock=215_0cf3_4>
...
000 (016.10873.000) 05/08 15:58:27 Job submitted from host: <127.0.0.1:9618?addrs=127.0.0.1-9618&noUDP&sock=227_4816_4>
...
009 (016.10873.000) 05/09 16:56:57 Job was aborted by the user.
	via condor_rm (by user aw868)
...
000 (014.3712.000) 05/09 17:32:16 Job submitted from host: <127.0.0.1:9618?addrs=127.0.0.1-9618&noUDP&sock=212_fe2a_4>
...
033 (014.3712.000) 05/09 17:33:42 Changing job attribute JobPrio from 0 to -10
...
033 (014.3712.000) 05/09 21:36:05 Changing job attribute JobPrio from -10 to -15
...
001 (014.3712.000) 05/11 06:17:20 Job executing on host: <127.0.0.1:9618?addrs=127.0.0.1-9618&noUDP&sock=212_fe2a_5>
...
006 (014.3712.000) 05/11 06:17:25 Image size of job updated: 2000000
	115  -  MemoryUsage of job (MB)
	117216  -  ResidentSetSize of job (KB)
...
006 (014.3712.000) 05/11 06:17:55 Image size of job updated: 2000000
	173  -  MemoryUsage of job (MB)
	176352  -  ResidentSetSize of job (KB)
...
006 (014.3712.000) 05/11 06:18:00 Image size of job updated: 2000000
	211  -  MemoryUsage of job (MB)
	215688  -  ResidentSetSize of job (KB)
...
006 (014.3712.000) 05/11 06:18:05 Image size of job updated: 2000000
	211  -  MemoryUsage of job (MB)
	215952  -  ResidentSetSize of job (KB)
...
006 (014.3712.000) 05/11 06:18:10 Image size of job updated: 2000000
	219  -  MemoryUsage of job (MB)
	224004  -  ResidentSetSize of job (KB)
...
006 (014.3712.000) 05/11 06:18:15 Image size of job updated: 2000000
	231  -  MemoryUsage of job (MB)
	236016  -  ResidentSetSize of job (KB)
...
006 (014.3712.000) 05/11 06:18:20 Image size of job updated: 2000000
	243  -  MemoryUsage of job (MB)
	247896  -  ResidentSetSize of job (KB)
...
006 (014.3712.000) 05/11 06:18:25 Image size of job updated: 2000000
	254  -  MemoryUsage of job (MB)
	259776  -  ResidentSetSize of job (KB)
...
006 (014.3712.000) 05/11 06:18:30 Image size of job updated: 2000000
	263  -  MemoryUsage of job (MB)
	268752  -  ResidentSetSize of job (KB)
...
006 (014.3712.000) 05/11 06:18:35 Image size of job updated: 2000000
	272  -  MemoryUsage of job (MB)
	277596  -  ResidentSetSize of job (KB)
...
006 (014.3712.000) 05/11 06:18:40 Image size of job updated: 2000000
	287  -  MemoryUsage of job (MB)
	293436  -  ResidentSetSize of job (KB)
...
006 (014.3712.000) 05/11 06:18:45 Image size of job updated: 2000000
	334  -  MemoryUsage of job (MB)
	341352  -  ResidentSetSize of job (KB)
...
006 (014.3712.000) 05/11 06:18:50 Image size of job updated: 2000000
	377  -  MemoryUsage of job (MB)
	385044  -  ResidentSetSize of job (KB)
...
006 (014.3712.000) 05/11 06:18:55 Image size of job updated: 2000000
	380  -  MemoryUsage of job (MB)
	388740  -  ResidentSetSize of job (KB)
...
006 (014.3712.000) 05/11 06:19:00 Image size of job updated: 2000000
	452  -  MemoryUsage of job (MB)
	462132  -  ResidentSetSize of job (KB)
...
006 (014.3712.000) 05/11 06:19:05 Image size of job updated: 2000000
	502  -  MemoryUsage of job (MB)
	513612  -  ResidentSetSize of job (KB)
...
006 (014.3712.000) 05/11 06:19:10 Image size of job updated: 2000000
	549  -  MemoryUsage of job (MB)
	561924  -  ResidentSetSize of job (KB)
...
006 (014.3712.000) 05/11 06:19:15 Image size of job updated: 2000000
	1245  -  MemoryUsage of job (MB)
	1274460  -  ResidentSetSize of job (KB)
...
006 (014.3712.000) 05/11 06:37:32 Image size of job updated: 2000000
	1515  -  MemoryUsage of job (MB)
	1551132  -  ResidentSetSize of job (KB)
...
006 (014.3712.000) 05/11 06:37:37 Image size of job updated: 2370004
	1686  -  MemoryUsage of job (MB)
	1726296  -  ResidentSetSize of job (KB)
...
006 (014.3712.000) 05/11 06:37:42 Image size of job updated: 2370004
	1738  -  MemoryUsage of job (MB)
	1778832  -  ResidentSetSize of job (KB)
...
006 (014.3712.000) 05/11 06:37:47 Image size of job updated: 2444532
	1738  -  MemoryUsage of job (MB)
	1778832  -  ResidentSetSize of job (KB)
...
006 (014.3712.000) 05/11 06:37:52 Image size of job updated: 2654452
	1919  -  MemoryUsage of job (MB)
	1964424  -  ResidentSetSize of job (KB)
...
006 (014.3712.000) 05/11 06:37:57 Image size of job updated: 2654452
	1955  -  MemoryUsage of job (MB)
	2001516  -  ResidentSetSize of job (KB)
...
006 (014.3712.000) 05/11 06:38:02 Image size of job updated: 2654452
	2067  -  MemoryUsage of job (MB)
	2116092  -  ResidentSetSize of job (KB)
...
006 (014.3712.000) 05/11 06:38:07 Image size of job updated: 2893044
	2178  -  MemoryUsage of job (MB)
	2229612  -  ResidentSetSize of job (KB)
...
006 (014.3712.000) 05/11 06:38:12 Image size of job updated: 2893044
	2242  -  MemoryUsage of job (MB)
	2295612  -  ResidentSetSize of job (KB)
...
006 (014.3712.000) 05/11 06:38:17 Image size of job updated: 2893044
	2297  -  MemoryUsage of job (MB)
	2351976  -  ResidentSetSize of job (KB)
...
006 (014.3712.000) 05/11 06:38:22 Image size of job updated: 3083508
	2354  -  MemoryUsage of job (MB)
	2410188  -  ResidentSetSize of job (KB)
...
006 (014.3712.000) 05/11 06:38:27 Image size of job updated: 3083508
	2413  -  MemoryUsage of job (MB)
	2470908  -  ResidentSetSize of job (KB)
...
006 (014.3712.000) 05/11 06:38:32 Image size of job updated: 3083508
	2467  -  MemoryUsage of job (MB)
	2525952  -  ResidentSetSize of job (KB)
...
006 (014.3712.000) 05/11 06:38:39 Image size of job updated: 3268852
	2494  -  MemoryUsage of job (MB)
	2553540  -  ResidentSetSize of job (KB)
...
006 (014.3712.000) 05/11 06:38:45 Image size of job updated: 3323124
	2548  -  MemoryUsage of job (MB)
	2608584  -  ResidentSetSize of job (KB)
...
006 (014.3712.000) 05/11 06:38:51 Image size of job updated: 3323124
	2599  -  MemoryUsage of job (MB)
	2661120  -  ResidentSetSize of job (KB)
...
006 (014.3712.000) 05/11 06:38:57 Image size of job updated: 3389684
	2650  -  MemoryUsage of job (MB)
	2713260  -  ResidentSetSize of job (KB)
...
006 (014.3712.000) 05/11 06:39:03 Image size of job updated: 3442932
	2701  -  MemoryUsage of job (MB)
	2765268  -  ResidentSetSize of job (KB)
...
006 (014.3712.000) 05/11 06:39:09 Image size of job updated: 3519732
	2752  -  MemoryUsage of job (MB)
	2817672  -  ResidentSetSize of job (KB)
...
006 (014.3712.000) 05/11 06:39:15 Image size of job updated: 3519732
	2803  -  MemoryUsage of job (MB)
	2869680  -  ResidentSetSize of job (KB)
...
006 (014.3712.000) 05/11 06:39:21 Image size of job updated: 3605748
	2854  -  MemoryUsage of job (MB)
	2921952  -  ResidentSetSize of job (KB)
...
006 (014.3712.000) 05/11 06:39:27 Image size of job updated: 3677428
	2908  -  MemoryUsage of job (MB)
	2977392  -  ResidentSetSize of job (KB)
...
006 (014.3712.000) 05/11 06:39:33 Image size of job updated: 3677428
	2960  -  MemoryUsage of job (MB)
	3030588  -  ResidentSetSize of job (KB)
...
006 (014.3712.000) 05/11 06:39:39 Image size of job updated: 3793140
	3012  -  MemoryUsage of job (MB)
	3083652  -  ResidentSetSize of job (KB)
...
006 (014.3712.000) 05/11 06:39:45 Image size of job updated: 3793140
	3056  -  MemoryUsage of job (MB)
	3128796  -  ResidentSetSize of job (KB)
...
006 (014.3712.000) 05/11 06:39:51 Image size of job updated: 3793140
	3060  -  MemoryUsage of job (MB)
	3133020  -  ResidentSetSize of job (KB)
...
006 (014.3712.000) 05/11 06:40:02 Image size of job updated: 3911924
	3087  -  MemoryUsage of job (MB)
	3160476  -  ResidentSetSize of job (KB)
...
006 (014.3712.000) 05/11 06:40:08 Image size of job updated: 4008180
	3152  -  MemoryUsage of job (MB)
	3226740  -  ResidentSetSize of job (KB)
...
006 (014.3712.000) 05/11 06:40:14 Image size of job updated: 4058356
	3206  -  MemoryUsage of job (MB)
	3282840  -  ResidentSetSize of job (KB)
...
006 (014.3712.000) 05/11 06:40:20 Image size of job updated: 4076788
	3256  -  MemoryUsage of job (MB)
	3333528  -  ResidentSetSize of job (KB)
...
006 (014.3712.000) 05/11 06:40:26 Image size of job updated: 4076788
	3305  -  MemoryUsage of job (MB)
	3384084  -  ResidentSetSize of job (KB)
...
006 (014.3712.000) 05/11 06:40:32 Image size of job updated: 4196596
	3356  -  MemoryUsage of job (MB)
	3435960  -  ResidentSetSize of job (KB)
...
006 (014.3712.000) 05/11 06:40:38 Image size of job updated: 4196596
	3405  -  MemoryUsage of job (MB)
	3486648  -  ResidentSetSize of job (KB)
...
006 (014.3712.000) 05/11 06:40:45 Image size of job updated: 4306164
	3425  -  MemoryUsage of job (MB)
	3506448  -  ResidentSetSize of job (KB)
...
006 (014.3712.000) 05/11 06:40:50 Image size of job updated: 4325620
	3468  -  MemoryUsage of job (MB)
	3550668  -  ResidentSetSize of job (KB)
...
006 (014.3712.000) 05/11 06:40:56 Image size of job updated: 4325620
	3520  -  MemoryUsage of job (MB)
	3603600  -  ResidentSetSize of job (KB)
...
006 (014.3712.000) 05/11 06:41:03 Image size of job updated: 4430068
	3571  -  MemoryUsage of job (MB)
	3656664  -  ResidentSetSize of job (KB)
...
006 (014.3712.000) 05/11 06:41:08 Image size of job updated: 4464884
	3613  -  MemoryUsage of job (MB)
	3699168  -  ResidentSetSize of job (KB)
...
006 (014.3712.000) 05/11 06:41:13 Image size of job updated: 4534516
	3655  -  MemoryUsage of job (MB)
	3741936  -  ResidentSetSize of job (KB)
...
006 (014.3712.000) 05/11 06:41:18 Image size of job updated: 4569332
	3697  -  MemoryUsage of job (MB)
	3785232  -  ResidentSetSize of job (KB)
...
006 (014.3712.000) 05/11 06:41:23 Image size of job updated: 4592884
	3739  -  MemoryUsage of job (MB)
	3828264  -  ResidentSetSize of job (KB)
...
006 (014.3712.000) 05/11 06:41:28 Image size of job updated: 4662516
	3782  -  MemoryUsage of job (MB)
	3872484  -  ResidentSetSize of job (KB)
...
006 (014.3712.000) 05/11 06:41:33 Image size of job updated: 4696308
	3825  -  MemoryUsage of job (MB)
	3916704  -  ResidentSetSize of job (KB)
...
006 (014.3712.000) 05/11 06:41:38 Image size of job updated: 4724980
	3869  -  MemoryUsage of job (MB)
	3961716  -  ResidentSetSize of job (KB)
...
006 (014.3712.000) 05/11 06:41:43 Image size of job updated: 4724980
	3913  -  MemoryUsage of job (MB)
	4006860  -  ResidentSetSize of job (KB)
...
006 (014.3712.000) 05/11 06:41:48 Image size of job updated: 4724980
	3956  -  MemoryUsage of job (MB)
	4050684  -  ResidentSetSize of job (KB)
...
006 (014.3712.000) 05/11 06:41:53 Image size of job updated: 4865268
	3998  -  MemoryUsage of job (MB)
	4093056  -  ResidentSetSize of job (KB)
...
006 (014.3712.000) 05/11 06:41:58 Image size of job updated: 4865268
	4042  -  MemoryUsage of job (MB)
	4138596  -  ResidentSetSize of job (KB)
...
006 (014.3712.000) 05/11 06:42:03 Image size of job updated: 4865268
	4086  -  MemoryUsage of job (MB)
	4183344  -  ResidentSetSize of job (KB)
...
006 (014.3712.000) 05/11 06:42:08 Image size of job updated: 5005556
	4130  -  MemoryUsage of job (MB)
	4228884  -  ResidentSetSize of job (KB)
...
006 (014.3712.000) 05/11 06:42:13 Image size of job updated: 5056756
	4173  -  MemoryUsage of job (MB)
	4272444  -  ResidentSetSize of job (KB)
...
006 (014.3712.000) 05/11 06:42:18 Image size of job updated: 5056756
	4216  -  MemoryUsage of job (MB)
	4317060  -  ResidentSetSize of job (KB)
...
006 (014.3712.000) 05/11 06:42:23 Image size of job updated: 5140724
	4259  -  MemoryUsage of job (MB)
	4360488  -  ResidentSetSize of job (KB)
...
006 (014.3712.000) 05/11 06:42:28 Image size of job updated: 5140724
	4301  -  MemoryUsage of job (MB)
	4404180  -  ResidentSetSize of job (KB)
...
006 (014.3712.000) 05/11 06:42:33 Image size of job updated: 5245172
	4346  -  MemoryUsage of job (MB)
	4449324  -  ResidentSetSize of job (KB)
...
006 (014.3712.000) 05/11 06:42:38 Image size of job updated: 5279988
	4388  -  MemoryUsage of job (MB)
	4492620  -  ResidentSetSize of job (KB)
...
006 (014.3712.000) 05/11 06:42:43 Image size of job updated: 5279988
	4430  -  MemoryUsage of job (MB)
	4535784  -  ResidentSetSize of job (KB)
...
006 (014.3712.000) 05/11 06:42:48 Image size of job updated: 5279988
	4472  -  MemoryUsage of job (MB)
	4578684  -  ResidentSetSize of job (KB)
...
006 (014.3712.000) 05/11 06:42:53 Image size of job updated: 5414132
	4499  -  MemoryUsage of job (MB)
	4606800  -  ResidentSetSize of job (KB)
...
006 (014.3712.000) 05/11 06:42:58 Image size of job updated: 5449972
	4542  -  MemoryUsage of job (MB)
	4650096  -  ResidentSetSize of job (KB)
...
006 (014.3712.000) 05/11 06:43:03 Image size of job updated: 5449972
	4584  -  MemoryUsage of job (MB)
	4693656  -  ResidentSetSize of job (KB)
...
006 (014.3712.000) 05/11 06:43:08 Image size of job updated: 5449972
	4627  -  MemoryUsage of job (MB)
	4737216  -  ResidentSetSize of job (KB)
...
006 (014.3712.000) 05/11 06:43:13 Image size of job updated: 5562612
	4669  -  MemoryUsage of job (MB)
	4781040  -  ResidentSetSize of job (KB)
...
006 (014.3712.000) 05/11 06:43:18 Image size of job updated: 5562612
	4700  -  MemoryUsage of job (MB)
	4811796  -  ResidentSetSize of job (KB)
...
006 (014.3712.000) 05/11 06:43:28 Image size of job updated: 5708020
	4700  -  MemoryUsage of job (MB)
	4812324  -  ResidentSetSize of job (KB)
...
006 (014.3712.000) 05/11 06:43:40 Image size of job updated: 5751028
	4739  -  MemoryUsage of job (MB)
	4851924  -  ResidentSetSize of job (KB)
...
006 (014.3712.000) 05/11 06:43:45 Image size of job updated: 5812468
	4780  -  MemoryUsage of job (MB)
	4894692  -  ResidentSetSize of job (KB)
...
006 (014.3712.000) 05/11 06:43:50 Image size of job updated: 5812468
	4822  -  MemoryUsage of job (MB)
	4937460  -  ResidentSetSize of job (KB)
...
006 (014.3712.000) 05/11 06:43:55 Image size of job updated: 5812468
	4864  -  MemoryUsage of job (MB)
	4980492  -  ResidentSetSize of job (KB)
...
006 (014.3712.000) 05/11 06:44:00 Image size of job updated: 5940468
	4906  -  MemoryUsage of job (MB)
	5023656  -  ResidentSetSize of job (KB)
...
006 (014.3712.000) 05/11 06:44:05 Image size of job updated: 5940468
	4936  -  MemoryUsage of job (MB)
	5054148  -  ResidentSetSize of job (KB)
...
006 (014.3712.000) 05/11 06:44:16 Image size of job updated: 6057204
	4969  -  MemoryUsage of job (MB)
	5087412  -  ResidentSetSize of job (KB)
...
006 (014.3712.000) 05/11 06:44:22 Image size of job updated: 6059252
	5019  -  MemoryUsage of job (MB)
	5139288  -  ResidentSetSize of job (KB)
...
006 (014.3712.000) 05/11 06:44:28 Image size of job updated: 6059252
	5070  -  MemoryUsage of job (MB)
	5191428  -  ResidentSetSize of job (KB)
...
006 (014.3712.000) 05/11 06:44:34 Image size of job updated: 6209780
	5121  -  MemoryUsage of job (MB)
	5242908  -  ResidentSetSize of job (KB)
...
006 (014.3712.000) 05/11 06:44:40 Image size of job updated: 6209780
	5171  -  MemoryUsage of job (MB)
	5294916  -  ResidentSetSize of job (KB)
...
006 (014.3712.000) 05/11 06:44:46 Image size of job updated: 6308084
	5224  -  MemoryUsage of job (MB)
	5348772  -  ResidentSetSize of job (KB)
...
006 (014.3712.000) 05/11 06:44:52 Image size of job updated: 6308084
	5291  -  MemoryUsage of job (MB)
	5417280  -  ResidentSetSize of job (KB)
...
006 (014.3712.000) 05/11 06:44:58 Image size of job updated: 6308084
	5352  -  MemoryUsage of job (MB)
	5479452  -  ResidentSetSize of job (KB)
...
006 (014.3712.000) 05/11 06:45:04 Image size of job updated: 6467828
	5387  -  MemoryUsage of job (MB)
	5515356  -  ResidentSetSize of job (KB)
...
006 (014.3712.000) 05/11 06:45:10 Image size of job updated: 6527220
	5387  -  MemoryUsage of job (MB)
	5515356  -  ResidentSetSize of job (KB)
...
006 (014.3712.000) 05/11 06:45:22 Image size of job updated: 6529268
	5509  -  MemoryUsage of job (MB)
	5641152  -  ResidentSetSize of job (KB)
...
006 (014.3712.000) 05/11 06:45:27 Image size of job updated: 6529268
	5716  -  MemoryUsage of job (MB)
	5852220  -  ResidentSetSize of job (KB)
...
006 (014.3712.000) 05/11 06:45:32 Image size of job updated: 6772980
	5776  -  MemoryUsage of job (MB)
	5913732  -  ResidentSetSize of job (KB)
...
005 (014.3712.000) 05/11 06:45:35 Job terminated.
	(1) Normal termination (return value 0)
		Usr 0 00:26:53, Sys 0 00:00:14  -  Run Remote Usage
		Usr 0 00:00:00, Sys 0 00:00:00  -  Run Local Usage
		Usr 0 00:26:53, Sys 0 00:00:14  -  Total Remote Usage
		Usr 0 00:00:00, Sys 0 00:00:00  -  Total Local Usage
	0  -  Run Bytes Sent By Job
	0  -  Run Bytes Received By Job
	0  -  Total Bytes Sent By Job
	0  -  Total Bytes Received By Job
	Partitionable Resources :      Usage  Request Allocated 
	   Cpus                 :       0.78        1         1 
	   Disk (KB)            : 2000000     2000000   6232219 
	   Memory (MB)          :    5776        1954      2007 
...
