000 (005.6495.000) 05/05 20:24:27 Job submitted from host: <127.0.0.1:9618?addrs=127.0.0.1-9618&noUDP&sock=227_4816_4>
...
033 (005.6495.000) 05/06 14:17:18 Changing job attribute JobPrio from 0 to -10
...
001 (005.6495.000) 05/07 17:49:54 Job executing on host: <127.0.0.1:9618?addrs=127.0.0.1-9618&noUDP&sock=227_4816_5>
...
006 (005.6495.000) 05/07 17:49:59 Image size of job updated: 2000000
	101  -  MemoryUsage of job (MB)
	103092  -  ResidentSetSize of job (KB)
...
006 (005.6495.000) 05/07 17:50:24 Image size of job updated: 2000000
	106  -  MemoryUsage of job (MB)
	108108  -  ResidentSetSize of job (KB)
...
006 (005.6495.000) 05/07 17:50:29 Image size of job updated: 2000000
	176  -  MemoryUsage of job (MB)
	179520  -  ResidentSetSize of job (KB)
...
006 (005.6495.000) 05/07 17:50:34 Image size of job updated: 2000000
	184  -  MemoryUsage of job (MB)
	188100  -  ResidentSetSize of job (KB)
...
006 (005.6495.000) 05/07 17:50:39 Image size of job updated: 2000000
	185  -  MemoryUsage of job (MB)
	188628  -  ResidentSetSize of job (KB)
...
006 (005.6495.000) 05/07 17:50:44 Image size of job updated: 2000000
	193  -  MemoryUsage of job (MB)
	196812  -  ResidentSetSize of job (KB)
...
006 (005.6495.000) 05/07 17:50:49 Image size of job updated: 2000000
	202  -  MemoryUsage of job (MB)
	206844  -  ResidentSetSize of job (KB)
...
006 (005.6495.000) 05/07 17:50:54 Image size of job updated: 2000000
	212  -  MemoryUsage of job (MB)
	216876  -  ResidentSetSize of job (KB)
...
006 (005.6495.000) 05/07 17:50:59 Image size of job updated: 2000000
	228  -  MemoryUsage of job (MB)
	233112  -  ResidentSetSize of job (KB)
...
006 (005.6495.000) 05/07 17:51:04 Image size of job updated: 2000000
	239  -  MemoryUsage of job (MB)
	243936  -  ResidentSetSize of job (KB)
...
006 (005.6495.000) 05/07 17:51:09 Image size of job updated: 2000000
	259  -  MemoryUsage of job (MB)
	264264  -  ResidentSetSize of job (KB)
...
006 (005.6495.000) 05/07 17:51:14 Image size of job updated: 2000000
	298  -  MemoryUsage of job (MB)
	304920  -  ResidentSetSize of job (KB)
...
006 (005.6495.000) 05/07 17:51:19 Image size of job updated: 2000000
	329  -  MemoryUsage of job (MB)
	336204  -  ResidentSetSize of job (KB)
...
006 (005.6495.000) 05/07 17:51:24 Image size of job updated: 2000000
	335  -  MemoryUsage of job (MB)
	342540  -  ResidentSetSize of job (KB)
...
006 (005.6495.000) 05/07 17:51:29 Image size of job updated: 2000000
	408  -  MemoryUsage of job (MB)
	417120  -  ResidentSetSize of job (KB)
...
006 (005.6495.000) 05/07 17:51:34 Image size of job updated: 2000000
	459  -  MemoryUsage of job (MB)
	469788  -  ResidentSetSize of job (KB)
...
006 (005.6495.000) 05/07 17:51:39 Image size of job updated: 2000000
	1171  -  MemoryUsage of job (MB)
	1198428  -  ResidentSetSize of job (KB)
...
006 (005.6495.000) 05/07 18:05:58 Image size of job updated: 2000000
	1171  -  MemoryUsage of job (MB)
	1198956  -  ResidentSetSize of job (KB)
...
006 (005.6495.000) 05/07 18:06:03 Image size of job updated: 2000000
	1182  -  MemoryUsage of job (MB)
	1209516  -  ResidentSetSize of job (KB)
...
006 (005.6495.000) 05/07 18:06:08 Image size of job updated: 2000000
	1257  -  MemoryUsage of job (MB)
	1287132  -  ResidentSetSize of job (KB)
...
006 (005.6495.000) 05/07 18:06:13 Image size of job updated: 2000000
	1675  -  MemoryUsage of job (MB)
	1714548  -  ResidentSetSize of job (KB)
...
006 (005.6495.000) 05/07 18:06:18 Image size of job updated: 2603756
	1927  -  MemoryUsage of job (MB)
	1972476  -  ResidentSetSize of job (KB)
...
006 (005.6495.000) 05/07 18:06:28 Image size of job updated: 2603756
	1930  -  MemoryUsage of job (MB)
	1975512  -  ResidentSetSize of job (KB)
...
006 (005.6495.000) 05/07 18:06:33 Image size of job updated: 2619372
	1944  -  MemoryUsage of job (MB)
	1990296  -  ResidentSetSize of job (KB)
...
006 (005.6495.000) 05/07 18:06:38 Image size of job updated: 2623468
	1958  -  MemoryUsage of job (MB)
	2004552  -  ResidentSetSize of job (KB)
...
006 (005.6495.000) 05/07 18:06:43 Image size of job updated: 2636780
	1971  -  MemoryUsage of job (MB)
	2017356  -  ResidentSetSize of job (KB)
...
006 (005.6495.000) 05/07 18:06:48 Image size of job updated: 2649068
	1982  -  MemoryUsage of job (MB)
	2029500  -  ResidentSetSize of job (KB)
...
006 (005.6495.000) 05/07 18:06:53 Image size of job updated: 2662380
	1992  -  MemoryUsage of job (MB)
	2039532  -  ResidentSetSize of job (KB)
...
006 (005.6495.000) 05/07 18:06:58 Image size of job updated: 2674668
	2006  -  MemoryUsage of job (MB)
	2053656  -  ResidentSetSize of job (KB)
...
006 (005.6495.000) 05/07 18:07:04 Image size of job updated: 2687980
	2021  -  MemoryUsage of job (MB)
	2069232  -  ResidentSetSize of job (KB)
...
006 (005.6495.000) 05/07 18:07:10 Image size of job updated: 2700268
	2033  -  MemoryUsage of job (MB)
	2081772  -  ResidentSetSize of job (KB)
...
006 (005.6495.000) 05/07 18:07:16 Image size of job updated: 2700268
	2047  -  MemoryUsage of job (MB)
	2095236  -  ResidentSetSize of job (KB)
...
006 (005.6495.000) 05/07 18:07:22 Image size of job updated: 2732012
	2060  -  MemoryUsage of job (MB)
	2108436  -  ResidentSetSize of job (KB)
...
006 (005.6495.000) 05/07 18:07:28 Image size of job updated: 2732012
	2072  -  MemoryUsage of job (MB)
	2120844  -  ResidentSetSize of job (KB)
...
006 (005.6495.000) 05/07 18:07:34 Image size of job updated: 2732012
	2082  -  MemoryUsage of job (MB)
	2131800  -  ResidentSetSize of job (KB)
...
006 (005.6495.000) 05/07 18:07:40 Image size of job updated: 2766828
	2094  -  MemoryUsage of job (MB)
	2143548  -  ResidentSetSize of job (KB)
...
006 (005.6495.000) 05/07 18:07:46 Image size of job updated: 2766828
	2106  -  MemoryUsage of job (MB)
	2155560  -  ResidentSetSize of job (KB)
...
006 (005.6495.000) 05/07 18:07:52 Image size of job updated: 2796524
	2117  -  MemoryUsage of job (MB)
	2166912  -  ResidentSetSize of job (KB)
...
006 (005.6495.000) 05/07 18:07:58 Image size of job updated: 2797548
	2129  -  MemoryUsage of job (MB)
	2179584  -  ResidentSetSize of job (KB)
...
006 (005.6495.000) 05/07 18:08:04 Image size of job updated: 2797548
	2142  -  MemoryUsage of job (MB)
	2192916  -  ResidentSetSize of job (KB)
...
006 (005.6495.000) 05/07 18:08:10 Image size of job updated: 2830316
	2154  -  MemoryUsage of job (MB)
	2205060  -  ResidentSetSize of job (KB)
...
006 (005.6495.000) 05/07 18:08:16 Image size of job updated: 2830316
	2166  -  MemoryUsage of job (MB)
	2217600  -  ResidentSetSize of job (KB)
...
006 (005.6495.000) 05/07 18:08:22 Image size of job updated: 2830316
	2180  -  MemoryUsage of job (MB)
	2231328  -  ResidentSetSize of job (KB)
...
006 (005.6495.000) 05/07 18:08:28 Image size of job updated: 2862060
	2191  -  MemoryUsage of job (MB)
	2242680  -  ResidentSetSize of job (KB)
...
006 (005.6495.000) 05/07 18:08:34 Image size of job updated: 2862060
	2201  -  MemoryUsage of job (MB)
	2253504  -  ResidentSetSize of job (KB)
...
006 (005.6495.000) 05/07 18:08:40 Image size of job updated: 2890732
	2214  -  MemoryUsage of job (MB)
	2266704  -  ResidentSetSize of job (KB)
...
006 (005.6495.000) 05/07 18:08:46 Image size of job updated: 2890732
	2226  -  MemoryUsage of job (MB)
	2279112  -  ResidentSetSize of job (KB)
...
006 (005.6495.000) 05/07 18:08:52 Image size of job updated: 2890732
	2238  -  MemoryUsage of job (MB)
	2290860  -  ResidentSetSize of job (KB)
...
006 (005.6495.000) 05/07 18:08:58 Image size of job updated: 2923500
	2250  -  MemoryUsage of job (MB)
	2303400  -  ResidentSetSize of job (KB)
...
006 (005.6495.000) 05/07 18:09:04 Image size of job updated: 2923500
	2260  -  MemoryUsage of job (MB)
	2314092  -  ResidentSetSize of job (KB)
...
006 (005.6495.000) 05/07 18:09:10 Image size of job updated: 2953196
	2272  -  MemoryUsage of job (MB)
	2326500  -  ResidentSetSize of job (KB)
...
006 (005.6495.000) 05/07 18:09:16 Image size of job updated: 2965484
	2285  -  MemoryUsage of job (MB)
	2339832  -  ResidentSetSize of job (KB)
...
006 (005.6495.000) 05/07 18:09:22 Image size of job updated: 2965484
	2295  -  MemoryUsage of job (MB)
	2349468  -  ResidentSetSize of job (KB)
...
006 (005.6495.000) 05/07 18:09:28 Image size of job updated: 2982892
	2307  -  MemoryUsage of job (MB)
	2361876  -  ResidentSetSize of job (KB)
...
006 (005.6495.000) 05/07 18:09:34 Image size of job updated: 2999276
	2318  -  MemoryUsage of job (MB)
	2373624  -  ResidentSetSize of job (KB)
...
006 (005.6495.000) 05/07 18:09:40 Image size of job updated: 3010540
	2328  -  MemoryUsage of job (MB)
	2383788  -  ResidentSetSize of job (KB)
...
006 (005.6495.000) 05/07 18:09:46 Image size of job updated: 3010540
	2340  -  MemoryUsage of job (MB)
	2395140  -  ResidentSetSize of job (KB)
...
006 (005.6495.000) 05/07 18:09:52 Image size of job updated: 3010540
	2352  -  MemoryUsage of job (MB)
	2407812  -  ResidentSetSize of job (KB)
...
006 (005.6495.000) 05/07 18:09:58 Image size of job updated: 3039212
	2363  -  MemoryUsage of job (MB)
	2419164  -  ResidentSetSize of job (KB)
...
006 (005.6495.000) 05/07 18:10:04 Image size of job updated: 3039212
	2375  -  MemoryUsage of job (MB)
	2431176  -  ResidentSetSize of job (KB)
...
006 (005.6495.000) 05/07 18:10:10 Image size of job updated: 3069932
	2385  -  MemoryUsage of job (MB)
	2441604  -  ResidentSetSize of job (KB)
...
006 (005.6495.000) 05/07 18:10:16 Image size of job updated: 3069932
	2398  -  MemoryUsage of job (MB)
	2455464  -  ResidentSetSize of job (KB)
...
006 (005.6495.000) 05/07 18:10:22 Image size of job updated: 3086316
	2409  -  MemoryUsage of job (MB)
	2466816  -  ResidentSetSize of job (KB)
...
006 (005.6495.000) 05/07 18:10:28 Image size of job updated: 3101676
	2420  -  MemoryUsage of job (MB)
	2477640  -  ResidentSetSize of job (KB)
...
006 (005.6495.000) 05/07 18:10:34 Image size of job updated: 3101676
	2434  -  MemoryUsage of job (MB)
	2492160  -  ResidentSetSize of job (KB)
...
006 (005.6495.000) 05/07 18:10:40 Image size of job updated: 3101676
	2444  -  MemoryUsage of job (MB)
	2502456  -  ResidentSetSize of job (KB)
...
006 (005.6495.000) 05/07 18:10:46 Image size of job updated: 3132396
	2457  -  MemoryUsage of job (MB)
	2515524  -  ResidentSetSize of job (KB)
...
006 (005.6495.000) 05/07 18:10:52 Image size of job updated: 3132396
	2468  -  MemoryUsage of job (MB)
	2526216  -  ResidentSetSize of job (KB)
...
006 (005.6495.000) 05/07 18:10:58 Image size of job updated: 3165164
	2478  -  MemoryUsage of job (MB)
	2537436  -  ResidentSetSize of job (KB)
...
006 (005.6495.000) 05/07 18:11:04 Image size of job updated: 3165164
	2491  -  MemoryUsage of job (MB)
	2550240  -  ResidentSetSize of job (KB)
...
006 (005.6495.000) 05/07 18:11:10 Image size of job updated: 3191788
	2504  -  MemoryUsage of job (MB)
	2563308  -  ResidentSetSize of job (KB)
...
006 (005.6495.000) 05/07 18:11:16 Image size of job updated: 3201004
	2515  -  MemoryUsage of job (MB)
	2575056  -  ResidentSetSize of job (KB)
...
006 (005.6495.000) 05/07 18:11:22 Image size of job updated: 3214316
	2528  -  MemoryUsage of job (MB)
	2588256  -  ResidentSetSize of job (KB)
...
006 (005.6495.000) 05/07 18:11:28 Image size of job updated: 3222508
	2539  -  MemoryUsage of job (MB)
	2599476  -  ResidentSetSize of job (KB)
...
006 (005.6495.000) 05/07 18:11:34 Image size of job updated: 3234796
	2550  -  MemoryUsage of job (MB)
	2610696  -  ResidentSetSize of job (KB)
...
006 (005.6495.000) 05/07 18:11:40 Image size of job updated: 3244012
	2563  -  MemoryUsage of job (MB)
	2624292  -  ResidentSetSize of job (KB)
...
006 (005.6495.000) 05/07 18:11:46 Image size of job updated: 3261420
	2576  -  MemoryUsage of job (MB)
	2637756  -  ResidentSetSize of job (KB)
...
006 (005.6495.000) 05/07 18:11:52 Image size of job updated: 3261420
	2590  -  MemoryUsage of job (MB)
	2651484  -  ResidentSetSize of job (KB)
...
006 (005.6495.000) 05/07 18:11:58 Image size of job updated: 3261420
	2600  -  MemoryUsage of job (MB)
	2662308  -  ResidentSetSize of job (KB)
...
006 (005.6495.000) 05/07 18:12:04 Image size of job updated: 3291116
	2613  -  MemoryUsage of job (MB)
	2675640  -  ResidentSetSize of job (KB)
...
006 (005.6495.000) 05/07 18:12:10 Image size of job updated: 3291116
	2624  -  MemoryUsage of job (MB)
	2686860  -  ResidentSetSize of job (KB)
...
006 (005.6495.000) 05/07 18:12:16 Image size of job updated: 3291116
	2637  -  MemoryUsage of job (MB)
	2699400  -  ResidentSetSize of job (KB)
...
006 (005.6495.000) 05/07 18:12:22 Image size of job updated: 3334124
	2649  -  MemoryUsage of job (MB)
	2712468  -  ResidentSetSize of job (KB)
...
006 (005.6495.000) 05/07 18:12:28 Image size of job updated: 3350508
	2663  -  MemoryUsage of job (MB)
	2726064  -  ResidentSetSize of job (KB)
...
006 (005.6495.000) 05/07 18:12:34 Image size of job updated: 3361772
	2674  -  MemoryUsage of job (MB)
	2737812  -  ResidentSetSize of job (KB)
...
006 (005.6495.000) 05/07 18:12:40 Image size of job updated: 3361772
	2686  -  MemoryUsage of job (MB)
	2750088  -  ResidentSetSize of job (KB)
...
006 (005.6495.000) 05/07 18:12:46 Image size of job updated: 3361772
	2697  -  MemoryUsage of job (MB)
	2760912  -  ResidentSetSize of job (KB)
...
006 (005.6495.000) 05/07 18:12:52 Image size of job updated: 3388396
	2709  -  MemoryUsage of job (MB)
	2773452  -  ResidentSetSize of job (KB)
...
006 (005.6495.000) 05/07 18:12:58 Image size of job updated: 3388396
	2721  -  MemoryUsage of job (MB)
	2786256  -  ResidentSetSize of job (KB)
...
006 (005.6495.000) 05/07 18:13:04 Image size of job updated: 3419116
	2733  -  MemoryUsage of job (MB)
	2798268  -  ResidentSetSize of job (KB)
...
006 (005.6495.000) 05/07 18:13:10 Image size of job updated: 3435500
	2745  -  MemoryUsage of job (MB)
	2810676  -  ResidentSetSize of job (KB)
...
006 (005.6495.000) 05/07 18:13:17 Image size of job updated: 3435500
	2955  -  MemoryUsage of job (MB)
	3025044  -  ResidentSetSize of job (KB)
...
006 (005.6495.000) 05/07 18:13:22 Image size of job updated: 3650540
	2955  -  MemoryUsage of job (MB)
	3025044  -  ResidentSetSize of job (KB)
...
005 (005.6495.000) 05/07 18:13:22 Job terminated.
	(1) Normal termination (return value 0)
		Usr 0 00:22:58, Sys 0 00:00:02  -  Run Remote Usage
		Usr 0 00:00:00, Sys 0 00:00:00  -  Run Local Usage
		Usr 0 00:22:58, Sys 0 00:00:02  -  Total Remote Usage
		Usr 0 00:00:00, Sys 0 00:00:00  -  Total Local Usage
	0  -  Run Bytes Sent By Job
	0  -  Run Bytes Received By Job
	0  -  Total Bytes Sent By Job
	0  -  Total Bytes Received By Job
	Partitionable Resources :      Usage  Request Allocated 
	   Cpus                 :       1.00        1         1 
	   Disk (KB)            : 2000000     2000000   6275465 
	   Memory (MB)          :    2955        1954      2007 
...
