000 (205.2277.000) 05/06 03:18:21 Job submitted from host: <127.0.0.1:9618?addrs=127.0.0.1-9618&noUDP&sock=222_da1d_4>
...
033 (205.2277.000) 05/06 14:21:50 Changing job attribute JobPrio from 0 to -5
...
000 (007.2277.000) 05/07 18:59:44 Job submitted from host: <127.0.0.1:9618?addrs=127.0.0.1-9618&noUDP&sock=215_0cf3_4>
...
000 (016.2277.000) 05/08 15:56:55 Job submitted from host: <127.0.0.1:9618?addrs=127.0.0.1-9618&noUDP&sock=227_4816_4>
...
001 (016.2277.000) 05/09 08:48:15 Job executing on host: <127.0.0.1:9618?addrs=127.0.0.1-9618&noUDP&sock=227_4816_5>
...
006 (016.2277.000) 05/09 08:48:20 Image size of job updated: 2000000
	115  -  MemoryUsage of job (MB)
	116820  -  ResidentSetSize of job (KB)
...
006 (016.2277.000) 05/09 08:48:47 Image size of job updated: 2000000
	146  -  MemoryUsage of job (MB)
	149424  -  ResidentSetSize of job (KB)
...
006 (016.2277.000) 05/09 08:48:53 Image size of job updated: 2000000
	211  -  MemoryUsage of job (MB)
	215292  -  ResidentSetSize of job (KB)
...
006 (016.2277.000) 05/09 08:48:59 Image size of job updated: 2000000
	211  -  MemoryUsage of job (MB)
	215688  -  ResidentSetSize of job (KB)
...
006 (016.2277.000) 05/09 08:49:05 Image size of job updated: 2000000
	216  -  MemoryUsage of job (MB)
	220836  -  ResidentSetSize of job (KB)
...
006 (016.2277.000) 05/09 08:49:11 Image size of job updated: 2000000
	228  -  MemoryUsage of job (MB)
	232980  -  ResidentSetSize of job (KB)
...
006 (016.2277.000) 05/09 08:49:17 Image size of job updated: 2000000
	240  -  MemoryUsage of job (MB)
	244992  -  ResidentSetSize of job (KB)
...
006 (016.2277.000) 05/09 08:49:23 Image size of job updated: 2000000
	252  -  MemoryUsage of job (MB)
	257136  -  ResidentSetSize of job (KB)
...
006 (016.2277.000) 05/09 08:49:29 Image size of job updated: 2000000
	262  -  MemoryUsage of job (MB)
	267300  -  ResidentSetSize of job (KB)
...
006 (016.2277.000) 05/09 08:49:35 Image size of job updated: 2000000
	270  -  MemoryUsage of job (MB)
	276276  -  ResidentSetSize of job (KB)
...
006 (016.2277.000) 05/09 08:49:41 Image size of job updated: 2000000
	282  -  MemoryUsage of job (MB)
	288024  -  ResidentSetSize of job (KB)
...
006 (016.2277.000) 05/09 08:49:47 Image size of job updated: 2000000
	327  -  MemoryUsage of job (MB)
	333960  -  ResidentSetSize of job (KB)
...
006 (016.2277.000) 05/09 08:49:53 Image size of job updated: 2000000
	375  -  MemoryUsage of job (MB)
	383988  -  ResidentSetSize of job (KB)
...
006 (016.2277.000) 05/09 08:49:59 Image size of job updated: 2000000
	380  -  MemoryUsage of job (MB)
	388476  -  ResidentSetSize of job (KB)
...
006 (016.2277.000) 05/09 08:50:05 Image size of job updated: 2000000
	445  -  MemoryUsage of job (MB)
	455664  -  ResidentSetSize of job (KB)
...
006 (016.2277.000) 05/09 08:50:11 Image size of job updated: 2000000
	507  -  MemoryUsage of job (MB)
	518496  -  ResidentSetSize of job (KB)
...
006 (016.2277.000) 05/09 08:50:17 Image size of job updated: 2000000
	864  -  MemoryUsage of job (MB)
	884136  -  ResidentSetSize of job (KB)
...
006 (016.2277.000) 05/09 08:50:23 Image size of job updated: 2000000
	1242  -  MemoryUsage of job (MB)
	1271556  -  ResidentSetSize of job (KB)
...
006 (016.2277.000) 05/09 09:08:20 Image size of job updated: 2000000
	1603  -  MemoryUsage of job (MB)
	1640760  -  ResidentSetSize of job (KB)
...
006 (016.2277.000) 05/09 09:08:26 Image size of job updated: 2454228
	1772  -  MemoryUsage of job (MB)
	1813812  -  ResidentSetSize of job (KB)
...
006 (016.2277.000) 05/09 09:08:32 Image size of job updated: 2454228
	1959  -  MemoryUsage of job (MB)
	2005608  -  ResidentSetSize of job (KB)
...
006 (016.2277.000) 05/09 09:08:38 Image size of job updated: 2454228
	1965  -  MemoryUsage of job (MB)
	2011152  -  ResidentSetSize of job (KB)
...
006 (016.2277.000) 05/09 09:08:44 Image size of job updated: 2671860
	2020  -  MemoryUsage of job (MB)
	2068044  -  ResidentSetSize of job (KB)
...
006 (016.2277.000) 05/09 09:08:51 Image size of job updated: 2671860
	2045  -  MemoryUsage of job (MB)
	2093784  -  ResidentSetSize of job (KB)
...
006 (016.2277.000) 05/09 09:08:56 Image size of job updated: 2822388
	2122  -  MemoryUsage of job (MB)
	2172852  -  ResidentSetSize of job (KB)
...
006 (016.2277.000) 05/09 09:09:01 Image size of job updated: 2842868
	2174  -  MemoryUsage of job (MB)
	2225388  -  ResidentSetSize of job (KB)
...
006 (016.2277.000) 05/09 09:09:06 Image size of job updated: 2892020
	2211  -  MemoryUsage of job (MB)
	2263404  -  ResidentSetSize of job (KB)
...
006 (016.2277.000) 05/09 09:09:11 Image size of job updated: 2950388
	2242  -  MemoryUsage of job (MB)
	2295612  -  ResidentSetSize of job (KB)
...
006 (016.2277.000) 05/09 09:09:16 Image size of job updated: 2974964
	2270  -  MemoryUsage of job (MB)
	2323992  -  ResidentSetSize of job (KB)
...
006 (016.2277.000) 05/09 09:09:21 Image size of job updated: 2974964
	2296  -  MemoryUsage of job (MB)
	2350920  -  ResidentSetSize of job (KB)
...
006 (016.2277.000) 05/09 09:09:26 Image size of job updated: 3032308
	2322  -  MemoryUsage of job (MB)
	2377452  -  ResidentSetSize of job (KB)
...
006 (016.2277.000) 05/09 09:09:31 Image size of job updated: 3032308
	2348  -  MemoryUsage of job (MB)
	2403852  -  ResidentSetSize of job (KB)
...
006 (016.2277.000) 05/09 09:09:36 Image size of job updated: 3032308
	2373  -  MemoryUsage of job (MB)
	2429724  -  ResidentSetSize of job (KB)
...
006 (016.2277.000) 05/09 09:09:41 Image size of job updated: 3110132
	2399  -  MemoryUsage of job (MB)
	2455596  -  ResidentSetSize of job (KB)
...
006 (016.2277.000) 05/09 09:09:46 Image size of job updated: 3110132
	2424  -  MemoryUsage of job (MB)
	2481996  -  ResidentSetSize of job (KB)
...
006 (016.2277.000) 05/09 09:09:51 Image size of job updated: 3110132
	2449  -  MemoryUsage of job (MB)
	2507472  -  ResidentSetSize of job (KB)
...
006 (016.2277.000) 05/09 09:09:56 Image size of job updated: 3188980
	2472  -  MemoryUsage of job (MB)
	2530836  -  ResidentSetSize of job (KB)
...
006 (016.2277.000) 05/09 09:10:01 Image size of job updated: 3188980
	2498  -  MemoryUsage of job (MB)
	2557500  -  ResidentSetSize of job (KB)
...
006 (016.2277.000) 05/09 09:10:06 Image size of job updated: 3188980
	2523  -  MemoryUsage of job (MB)
	2583372  -  ResidentSetSize of job (KB)
...
006 (016.2277.000) 05/09 09:10:11 Image size of job updated: 3266804
	2549  -  MemoryUsage of job (MB)
	2609376  -  ResidentSetSize of job (KB)
...
006 (016.2277.000) 05/09 09:10:16 Image size of job updated: 3266804
	2570  -  MemoryUsage of job (MB)
	2631024  -  ResidentSetSize of job (KB)
...
006 (016.2277.000) 05/09 09:10:21 Image size of job updated: 3266804
	2593  -  MemoryUsage of job (MB)
	2655048  -  ResidentSetSize of job (KB)
...
006 (016.2277.000) 05/09 09:10:30 Image size of job updated: 3336436
	2605  -  MemoryUsage of job (MB)
	2666664  -  ResidentSetSize of job (KB)
...
006 (016.2277.000) 05/09 09:10:42 Image size of job updated: 3365108
	2663  -  MemoryUsage of job (MB)
	2726856  -  ResidentSetSize of job (KB)
...
006 (016.2277.000) 05/09 09:10:51 Image size of job updated: 3419380
	2709  -  MemoryUsage of job (MB)
	2773848  -  ResidentSetSize of job (KB)
...
006 (016.2277.000) 05/09 09:10:57 Image size of job updated: 3419380
	2740  -  MemoryUsage of job (MB)
	2805264  -  ResidentSetSize of job (KB)
...
006 (016.2277.000) 05/09 09:11:02 Image size of job updated: 3497204
	2767  -  MemoryUsage of job (MB)
	2832456  -  ResidentSetSize of job (KB)
...
006 (016.2277.000) 05/09 09:11:07 Image size of job updated: 3497204
	2792  -  MemoryUsage of job (MB)
	2858856  -  ResidentSetSize of job (KB)
...
006 (016.2277.000) 05/09 09:11:12 Image size of job updated: 3497204
	2817  -  MemoryUsage of job (MB)
	2884464  -  ResidentSetSize of job (KB)
...
006 (016.2277.000) 05/09 09:11:17 Image size of job updated: 3580148
	2843  -  MemoryUsage of job (MB)
	2910996  -  ResidentSetSize of job (KB)
...
006 (016.2277.000) 05/09 09:11:22 Image size of job updated: 3580148
	2869  -  MemoryUsage of job (MB)
	2937660  -  ResidentSetSize of job (KB)
...
006 (016.2277.000) 05/09 09:11:27 Image size of job updated: 3580148
	2895  -  MemoryUsage of job (MB)
	2963928  -  ResidentSetSize of job (KB)
...
006 (016.2277.000) 05/09 09:11:32 Image size of job updated: 3654900
	2921  -  MemoryUsage of job (MB)
	2990196  -  ResidentSetSize of job (KB)
...
006 (016.2277.000) 05/09 09:11:37 Image size of job updated: 3654900
	2946  -  MemoryUsage of job (MB)
	3016464  -  ResidentSetSize of job (KB)
...
006 (016.2277.000) 05/09 09:11:42 Image size of job updated: 3654900
	2972  -  MemoryUsage of job (MB)
	3042864  -  ResidentSetSize of job (KB)
...
006 (016.2277.000) 05/09 09:11:47 Image size of job updated: 3732724
	2998  -  MemoryUsage of job (MB)
	3069132  -  ResidentSetSize of job (KB)
...
006 (016.2277.000) 05/09 09:11:52 Image size of job updated: 3732724
	3023  -  MemoryUsage of job (MB)
	3095136  -  ResidentSetSize of job (KB)
...
006 (016.2277.000) 05/09 09:11:57 Image size of job updated: 3732724
	3049  -  MemoryUsage of job (MB)
	3121272  -  ResidentSetSize of job (KB)
...
006 (016.2277.000) 05/09 09:12:02 Image size of job updated: 3811572
	3074  -  MemoryUsage of job (MB)
	3147408  -  ResidentSetSize of job (KB)
...
006 (016.2277.000) 05/09 09:12:07 Image size of job updated: 3811572
	3099  -  MemoryUsage of job (MB)
	3173280  -  ResidentSetSize of job (KB)
...
006 (016.2277.000) 05/09 09:12:12 Image size of job updated: 3871988
	3129  -  MemoryUsage of job (MB)
	3203904  -  ResidentSetSize of job (KB)
...
006 (016.2277.000) 05/09 09:12:17 Image size of job updated: 3892468
	3154  -  MemoryUsage of job (MB)
	3229248  -  ResidentSetSize of job (KB)
...
006 (016.2277.000) 05/09 09:12:22 Image size of job updated: 3892468
	3181  -  MemoryUsage of job (MB)
	3256704  -  ResidentSetSize of job (KB)
...
006 (016.2277.000) 05/09 09:12:27 Image size of job updated: 3939572
	3207  -  MemoryUsage of job (MB)
	3283764  -  ResidentSetSize of job (KB)
...
006 (016.2277.000) 05/09 09:12:32 Image size of job updated: 3974388
	3234  -  MemoryUsage of job (MB)
	3310956  -  ResidentSetSize of job (KB)
...
006 (016.2277.000) 05/09 09:12:37 Image size of job updated: 3974388
	3260  -  MemoryUsage of job (MB)
	3337620  -  ResidentSetSize of job (KB)
...
006 (016.2277.000) 05/09 09:12:42 Image size of job updated: 3974388
	3286  -  MemoryUsage of job (MB)
	3364020  -  ResidentSetSize of job (KB)
...
006 (016.2277.000) 05/09 09:12:47 Image size of job updated: 4053236
	3311  -  MemoryUsage of job (MB)
	3390156  -  ResidentSetSize of job (KB)
...
006 (016.2277.000) 05/09 09:12:52 Image size of job updated: 4053236
	3337  -  MemoryUsage of job (MB)
	3416688  -  ResidentSetSize of job (KB)
...
006 (016.2277.000) 05/09 09:12:57 Image size of job updated: 4100340
	3363  -  MemoryUsage of job (MB)
	3442824  -  ResidentSetSize of job (KB)
...
006 (016.2277.000) 05/09 09:13:02 Image size of job updated: 4130036
	3388  -  MemoryUsage of job (MB)
	3468960  -  ResidentSetSize of job (KB)
...
006 (016.2277.000) 05/09 09:13:07 Image size of job updated: 4130036
	3413  -  MemoryUsage of job (MB)
	3494832  -  ResidentSetSize of job (KB)
...
006 (016.2277.000) 05/09 09:13:12 Image size of job updated: 4181236
	3439  -  MemoryUsage of job (MB)
	3520836  -  ResidentSetSize of job (KB)
...
006 (016.2277.000) 05/09 09:13:17 Image size of job updated: 4207860
	3464  -  MemoryUsage of job (MB)
	3546972  -  ResidentSetSize of job (KB)
...
006 (016.2277.000) 05/09 09:13:22 Image size of job updated: 4207860
	3499  -  MemoryUsage of job (MB)
	3582612  -  ResidentSetSize of job (KB)
...
006 (016.2277.000) 05/09 09:13:27 Image size of job updated: 4207860
	3534  -  MemoryUsage of job (MB)
	3617988  -  ResidentSetSize of job (KB)
...
006 (016.2277.000) 05/09 09:13:32 Image size of job updated: 4311284
	3568  -  MemoryUsage of job (MB)
	3653364  -  ResidentSetSize of job (KB)
...
006 (016.2277.000) 05/09 09:13:37 Image size of job updated: 4311284
	3598  -  MemoryUsage of job (MB)
	3684120  -  ResidentSetSize of job (KB)
...
006 (016.2277.000) 05/09 09:13:42 Image size of job updated: 4311284
	3626  -  MemoryUsage of job (MB)
	3712104  -  ResidentSetSize of job (KB)
...
006 (016.2277.000) 05/09 09:13:47 Image size of job updated: 4400372
	3654  -  MemoryUsage of job (MB)
	3741276  -  ResidentSetSize of job (KB)
...
006 (016.2277.000) 05/09 09:13:52 Image size of job updated: 4400372
	3681  -  MemoryUsage of job (MB)
	3769128  -  ResidentSetSize of job (KB)
...
006 (016.2277.000) 05/09 09:13:57 Image size of job updated: 4400372
	3708  -  MemoryUsage of job (MB)
	3796584  -  ResidentSetSize of job (KB)
...
006 (016.2277.000) 05/09 09:14:03 Image size of job updated: 4484340
	3740  -  MemoryUsage of job (MB)
	3828792  -  ResidentSetSize of job (KB)
...
006 (016.2277.000) 05/09 09:14:09 Image size of job updated: 4484340
	3772  -  MemoryUsage of job (MB)
	3862320  -  ResidentSetSize of job (KB)
...
006 (016.2277.000) 05/09 09:14:15 Image size of job updated: 4484340
	3804  -  MemoryUsage of job (MB)
	3894924  -  ResidentSetSize of job (KB)
...
006 (016.2277.000) 05/09 09:14:21 Image size of job updated: 4571380
	3836  -  MemoryUsage of job (MB)
	3927264  -  ResidentSetSize of job (KB)
...
006 (016.2277.000) 05/09 09:14:27 Image size of job updated: 4604148
	3868  -  MemoryUsage of job (MB)
	3960660  -  ResidentSetSize of job (KB)
...
006 (016.2277.000) 05/09 09:14:33 Image size of job updated: 4659444
	3909  -  MemoryUsage of job (MB)
	4002108  -  ResidentSetSize of job (KB)
...
006 (016.2277.000) 05/09 09:14:39 Image size of job updated: 4659444
	3948  -  MemoryUsage of job (MB)
	4042500  -  ResidentSetSize of job (KB)
...
006 (016.2277.000) 05/09 09:14:45 Image size of job updated: 4659444
	3975  -  MemoryUsage of job (MB)
	4069692  -  ResidentSetSize of job (KB)
...
006 (016.2277.000) 05/09 09:14:51 Image size of job updated: 4751604
	3975  -  MemoryUsage of job (MB)
	4069692  -  ResidentSetSize of job (KB)
...
006 (016.2277.000) 05/09 09:15:03 Image size of job updated: 4838644
	3975  -  MemoryUsage of job (MB)
	4069692  -  ResidentSetSize of job (KB)
...
006 (016.2277.000) 05/09 09:15:09 Image size of job updated: 4852980
	3975  -  MemoryUsage of job (MB)
	4069692  -  ResidentSetSize of job (KB)
...
006 (016.2277.000) 05/09 09:15:15 Image size of job updated: 4852980
	4222  -  MemoryUsage of job (MB)
	4322736  -  ResidentSetSize of job (KB)
...
006 (016.2277.000) 05/09 09:15:21 Image size of job updated: 5094388
	4240  -  MemoryUsage of job (MB)
	4340820  -  ResidentSetSize of job (KB)
...
005 (016.2277.000) 05/09 09:15:23 Job terminated.
	(1) Normal termination (return value 0)
		Usr 0 00:26:14, Sys 0 00:00:12  -  Run Remote Usage
		Usr 0 00:00:00, Sys 0 00:00:00  -  Run Local Usage
		Usr 0 00:26:14, Sys 0 00:00:12  -  Total Remote Usage
		Usr 0 00:00:00, Sys 0 00:00:00  -  Total Local Usage
	0  -  Run Bytes Sent By Job
	0  -  Run Bytes Received By Job
	0  -  Total Bytes Sent By Job
	0  -  Total Bytes Received By Job
	Partitionable Resources :      Usage  Request Allocated 
	   Cpus                 :       0.89        1         1 
	   Disk (KB)            : 2000000     2000000   6275465 
	   Memory (MB)          :    4240        1954      2007 
...
