000 (005.5791.000) 05/05 20:24:06 Job submitted from host: <127.0.0.1:9618?addrs=127.0.0.1-9618&noUDP&sock=227_4816_4>
...
033 (005.5791.000) 05/06 14:17:05 Changing job attribute JobPrio from 0 to -10
...
001 (005.5791.000) 05/07 13:19:59 Job executing on host: <127.0.0.1:9618?addrs=127.0.0.1-9618&noUDP&sock=227_4816_5>
...
006 (005.5791.000) 05/07 13:20:04 Image size of job updated: 2000000
	101  -  MemoryUsage of job (MB)
	102960  -  ResidentSetSize of job (KB)
...
006 (005.5791.000) 05/07 13:20:29 Image size of job updated: 2000000
	115  -  MemoryUsage of job (MB)
	117612  -  ResidentSetSize of job (KB)
...
006 (005.5791.000) 05/07 13:20:34 Image size of job updated: 2000000
	177  -  MemoryUsage of job (MB)
	180312  -  ResidentSetSize of job (KB)
...
006 (005.5791.000) 05/07 13:20:39 Image size of job updated: 2000000
	184  -  MemoryUsage of job (MB)
	187968  -  ResidentSetSize of job (KB)
...
006 (005.5791.000) 05/07 13:20:44 Image size of job updated: 2000000
	184  -  MemoryUsage of job (MB)
	188364  -  ResidentSetSize of job (KB)
...
006 (005.5791.000) 05/07 13:20:49 Image size of job updated: 2000000
	194  -  MemoryUsage of job (MB)
	198132  -  ResidentSetSize of job (KB)
...
006 (005.5791.000) 05/07 13:20:55 Image size of job updated: 2000000
	206  -  MemoryUsage of job (MB)
	210144  -  ResidentSetSize of job (KB)
...
006 (005.5791.000) 05/07 13:21:01 Image size of job updated: 2000000
	216  -  MemoryUsage of job (MB)
	220176  -  ResidentSetSize of job (KB)
...
006 (005.5791.000) 05/07 13:21:07 Image size of job updated: 2000000
	229  -  MemoryUsage of job (MB)
	233640  -  ResidentSetSize of job (KB)
...
006 (005.5791.000) 05/07 13:21:13 Image size of job updated: 2000000
	240  -  MemoryUsage of job (MB)
	244860  -  ResidentSetSize of job (KB)
...
006 (005.5791.000) 05/07 13:21:19 Image size of job updated: 2000000
	275  -  MemoryUsage of job (MB)
	280632  -  ResidentSetSize of job (KB)
...
006 (005.5791.000) 05/07 13:21:25 Image size of job updated: 2000000
	319  -  MemoryUsage of job (MB)
	326436  -  ResidentSetSize of job (KB)
...
006 (005.5791.000) 05/07 13:21:31 Image size of job updated: 2000000
	329  -  MemoryUsage of job (MB)
	336072  -  ResidentSetSize of job (KB)
...
006 (005.5791.000) 05/07 13:21:37 Image size of job updated: 2000000
	412  -  MemoryUsage of job (MB)
	421608  -  ResidentSetSize of job (KB)
...
006 (005.5791.000) 05/07 13:21:43 Image size of job updated: 2000000
	477  -  MemoryUsage of job (MB)
	487872  -  ResidentSetSize of job (KB)
...
006 (005.5791.000) 05/07 13:21:49 Image size of job updated: 2000000
	1169  -  MemoryUsage of job (MB)
	1196184  -  ResidentSetSize of job (KB)
...
006 (005.5791.000) 05/07 13:36:00 Image size of job updated: 2000000
	1171  -  MemoryUsage of job (MB)
	1198164  -  ResidentSetSize of job (KB)
...
006 (005.5791.000) 05/07 13:36:06 Image size of job updated: 2000000
	1249  -  MemoryUsage of job (MB)
	1278156  -  ResidentSetSize of job (KB)
...
006 (005.5791.000) 05/07 13:36:12 Image size of job updated: 2270664
	1675  -  MemoryUsage of job (MB)
	1714416  -  ResidentSetSize of job (KB)
...
006 (005.5791.000) 05/07 13:36:18 Image size of job updated: 2270664
	1885  -  MemoryUsage of job (MB)
	1929708  -  ResidentSetSize of job (KB)
...
006 (005.5791.000) 05/07 13:36:24 Image size of job updated: 2270664
	1897  -  MemoryUsage of job (MB)
	1942248  -  ResidentSetSize of job (KB)
...
006 (005.5791.000) 05/07 13:36:30 Image size of job updated: 2573288
	1925  -  MemoryUsage of job (MB)
	1970628  -  ResidentSetSize of job (KB)
...
006 (005.5791.000) 05/07 13:36:36 Image size of job updated: 2616296
	1943  -  MemoryUsage of job (MB)
	1989108  -  ResidentSetSize of job (KB)
...
006 (005.5791.000) 05/07 13:36:42 Image size of job updated: 2630632
	1957  -  MemoryUsage of job (MB)
	2003628  -  ResidentSetSize of job (KB)
...
006 (005.5791.000) 05/07 13:36:48 Image size of job updated: 2639848
	1968  -  MemoryUsage of job (MB)
	2014452  -  ResidentSetSize of job (KB)
...
006 (005.5791.000) 05/07 13:36:54 Image size of job updated: 2651112
	1981  -  MemoryUsage of job (MB)
	2028048  -  ResidentSetSize of job (KB)
...
006 (005.5791.000) 05/07 13:37:00 Image size of job updated: 2664424
	1987  -  MemoryUsage of job (MB)
	2034120  -  ResidentSetSize of job (KB)
...
006 (005.5791.000) 05/07 13:37:06 Image size of job updated: 2664424
	1999  -  MemoryUsage of job (MB)
	2046264  -  ResidentSetSize of job (KB)
...
006 (005.5791.000) 05/07 13:37:12 Image size of job updated: 2682856
	2009  -  MemoryUsage of job (MB)
	2056692  -  ResidentSetSize of job (KB)
...
006 (005.5791.000) 05/07 13:37:18 Image size of job updated: 2698216
	2021  -  MemoryUsage of job (MB)
	2069100  -  ResidentSetSize of job (KB)
...
006 (005.5791.000) 05/07 13:37:24 Image size of job updated: 2708456
	2033  -  MemoryUsage of job (MB)
	2081376  -  ResidentSetSize of job (KB)
...
006 (005.5791.000) 05/07 13:37:30 Image size of job updated: 2713576
	2044  -  MemoryUsage of job (MB)
	2092728  -  ResidentSetSize of job (KB)
...
006 (005.5791.000) 05/07 13:37:36 Image size of job updated: 2713576
	2054  -  MemoryUsage of job (MB)
	2103156  -  ResidentSetSize of job (KB)
...
006 (005.5791.000) 05/07 13:37:42 Image size of job updated: 2740200
	2063  -  MemoryUsage of job (MB)
	2111736  -  ResidentSetSize of job (KB)
...
006 (005.5791.000) 05/07 13:37:48 Image size of job updated: 2740200
	2073  -  MemoryUsage of job (MB)
	2122296  -  ResidentSetSize of job (KB)
...
006 (005.5791.000) 05/07 13:37:54 Image size of job updated: 2760680
	2081  -  MemoryUsage of job (MB)
	2130348  -  ResidentSetSize of job (KB)
...
006 (005.5791.000) 05/07 13:38:00 Image size of job updated: 2769896
	2091  -  MemoryUsage of job (MB)
	2141040  -  ResidentSetSize of job (KB)
...
006 (005.5791.000) 05/07 13:38:06 Image size of job updated: 2769896
	2104  -  MemoryUsage of job (MB)
	2154240  -  ResidentSetSize of job (KB)
...
006 (005.5791.000) 05/07 13:38:12 Image size of job updated: 2791400
	2113  -  MemoryUsage of job (MB)
	2163216  -  ResidentSetSize of job (KB)
...
006 (005.5791.000) 05/07 13:38:18 Image size of job updated: 2791400
	2124  -  MemoryUsage of job (MB)
	2174832  -  ResidentSetSize of job (KB)
...
006 (005.5791.000) 05/07 13:38:24 Image size of job updated: 2791400
	2135  -  MemoryUsage of job (MB)
	2185392  -  ResidentSetSize of job (KB)
...
006 (005.5791.000) 05/07 13:38:30 Image size of job updated: 2820072
	2147  -  MemoryUsage of job (MB)
	2197668  -  ResidentSetSize of job (KB)
...
006 (005.5791.000) 05/07 13:38:36 Image size of job updated: 2832360
	2156  -  MemoryUsage of job (MB)
	2207436  -  ResidentSetSize of job (KB)
...
006 (005.5791.000) 05/07 13:38:42 Image size of job updated: 2847720
	2169  -  MemoryUsage of job (MB)
	2220636  -  ResidentSetSize of job (KB)
...
006 (005.5791.000) 05/07 13:38:48 Image size of job updated: 2857960
	2178  -  MemoryUsage of job (MB)
	2229744  -  ResidentSetSize of job (KB)
...
006 (005.5791.000) 05/07 13:38:54 Image size of job updated: 2867176
	2189  -  MemoryUsage of job (MB)
	2240832  -  ResidentSetSize of job (KB)
...
006 (005.5791.000) 05/07 13:39:00 Image size of job updated: 2878440
	2200  -  MemoryUsage of job (MB)
	2252712  -  ResidentSetSize of job (KB)
...
006 (005.5791.000) 05/07 13:39:06 Image size of job updated: 2891752
	2210  -  MemoryUsage of job (MB)
	2262612  -  ResidentSetSize of job (KB)
...
006 (005.5791.000) 05/07 13:39:13 Image size of job updated: 2891752
	2221  -  MemoryUsage of job (MB)
	2274228  -  ResidentSetSize of job (KB)
...
006 (005.5791.000) 05/07 13:39:18 Image size of job updated: 2904040
	2231  -  MemoryUsage of job (MB)
	2283732  -  ResidentSetSize of job (KB)
...
006 (005.5791.000) 05/07 13:39:23 Image size of job updated: 2904040
	2241  -  MemoryUsage of job (MB)
	2294160  -  ResidentSetSize of job (KB)
...
006 (005.5791.000) 05/07 13:39:28 Image size of job updated: 2904040
	2249  -  MemoryUsage of job (MB)
	2302608  -  ResidentSetSize of job (KB)
...
006 (005.5791.000) 05/07 13:39:33 Image size of job updated: 2934760
	2257  -  MemoryUsage of job (MB)
	2310396  -  ResidentSetSize of job (KB)
...
006 (005.5791.000) 05/07 13:39:38 Image size of job updated: 2934760
	2265  -  MemoryUsage of job (MB)
	2319240  -  ResidentSetSize of job (KB)
...
006 (005.5791.000) 05/07 13:39:43 Image size of job updated: 2934760
	2274  -  MemoryUsage of job (MB)
	2328480  -  ResidentSetSize of job (KB)
...
006 (005.5791.000) 05/07 13:39:48 Image size of job updated: 2962408
	2285  -  MemoryUsage of job (MB)
	2339304  -  ResidentSetSize of job (KB)
...
006 (005.5791.000) 05/07 13:39:53 Image size of job updated: 2969576
	2294  -  MemoryUsage of job (MB)
	2348940  -  ResidentSetSize of job (KB)
...
006 (005.5791.000) 05/07 13:39:58 Image size of job updated: 2969576
	2303  -  MemoryUsage of job (MB)
	2357784  -  ResidentSetSize of job (KB)
...
006 (005.5791.000) 05/07 13:40:03 Image size of job updated: 2999272
	2315  -  MemoryUsage of job (MB)
	2369928  -  ResidentSetSize of job (KB)
...
006 (005.5791.000) 05/07 13:40:08 Image size of job updated: 3001320
	2324  -  MemoryUsage of job (MB)
	2379564  -  ResidentSetSize of job (KB)
...
006 (005.5791.000) 05/07 13:40:13 Image size of job updated: 3013608
	2334  -  MemoryUsage of job (MB)
	2389068  -  ResidentSetSize of job (KB)
...
006 (005.5791.000) 05/07 13:40:18 Image size of job updated: 3029992
	2348  -  MemoryUsage of job (MB)
	2403588  -  ResidentSetSize of job (KB)
...
006 (005.5791.000) 05/07 13:40:23 Image size of job updated: 3029992
	2359  -  MemoryUsage of job (MB)
	2414940  -  ResidentSetSize of job (KB)
...
006 (005.5791.000) 05/07 13:40:28 Image size of job updated: 3029992
	2368  -  MemoryUsage of job (MB)
	2424444  -  ResidentSetSize of job (KB)
...
006 (005.5791.000) 05/07 13:40:33 Image size of job updated: 3060712
	2379  -  MemoryUsage of job (MB)
	2435400  -  ResidentSetSize of job (KB)
...
006 (005.5791.000) 05/07 13:40:38 Image size of job updated: 3069928
	2387  -  MemoryUsage of job (MB)
	2443716  -  ResidentSetSize of job (KB)
...
006 (005.5791.000) 05/07 13:40:43 Image size of job updated: 3081192
	2397  -  MemoryUsage of job (MB)
	2454144  -  ResidentSetSize of job (KB)
...
006 (005.5791.000) 05/07 13:40:48 Image size of job updated: 3088360
	2405  -  MemoryUsage of job (MB)
	2462328  -  ResidentSetSize of job (KB)
...
006 (005.5791.000) 05/07 13:40:53 Image size of job updated: 3088360
	2415  -  MemoryUsage of job (MB)
	2472756  -  ResidentSetSize of job (KB)
...
006 (005.5791.000) 05/07 13:40:58 Image size of job updated: 3088360
	2426  -  MemoryUsage of job (MB)
	2484108  -  ResidentSetSize of job (KB)
...
006 (005.5791.000) 05/07 13:41:03 Image size of job updated: 3120104
	2437  -  MemoryUsage of job (MB)
	2494668  -  ResidentSetSize of job (KB)
...
006 (005.5791.000) 05/07 13:41:08 Image size of job updated: 3120104
	2445  -  MemoryUsage of job (MB)
	2503116  -  ResidentSetSize of job (KB)
...
006 (005.5791.000) 05/07 13:41:13 Image size of job updated: 3120104
	2455  -  MemoryUsage of job (MB)
	2513412  -  ResidentSetSize of job (KB)
...
006 (005.5791.000) 05/07 13:41:18 Image size of job updated: 3148776
	2463  -  MemoryUsage of job (MB)
	2521992  -  ResidentSetSize of job (KB)
...
006 (005.5791.000) 05/07 13:41:23 Image size of job updated: 3148776
	2473  -  MemoryUsage of job (MB)
	2531628  -  ResidentSetSize of job (KB)
...
006 (005.5791.000) 05/07 13:41:28 Image size of job updated: 3148776
	2483  -  MemoryUsage of job (MB)
	2542320  -  ResidentSetSize of job (KB)
...
006 (005.5791.000) 05/07 13:41:33 Image size of job updated: 3181544
	2495  -  MemoryUsage of job (MB)
	2554464  -  ResidentSetSize of job (KB)
...
006 (005.5791.000) 05/07 13:41:38 Image size of job updated: 3186664
	2503  -  MemoryUsage of job (MB)
	2562648  -  ResidentSetSize of job (KB)
...
006 (005.5791.000) 05/07 13:41:43 Image size of job updated: 3186664
	2513  -  MemoryUsage of job (MB)
	2572944  -  ResidentSetSize of job (KB)
...
006 (005.5791.000) 05/07 13:41:48 Image size of job updated: 3209192
	2522  -  MemoryUsage of job (MB)
	2581920  -  ResidentSetSize of job (KB)
...
006 (005.5791.000) 05/07 13:41:53 Image size of job updated: 3218408
	2532  -  MemoryUsage of job (MB)
	2592348  -  ResidentSetSize of job (KB)
...
006 (005.5791.000) 05/07 13:41:58 Image size of job updated: 3218408
	2542  -  MemoryUsage of job (MB)
	2602776  -  ResidentSetSize of job (KB)
...
006 (005.5791.000) 05/07 13:42:03 Image size of job updated: 3241960
	2553  -  MemoryUsage of job (MB)
	2613468  -  ResidentSetSize of job (KB)
...
006 (005.5791.000) 05/07 13:42:08 Image size of job updated: 3241960
	2563  -  MemoryUsage of job (MB)
	2624028  -  ResidentSetSize of job (KB)
...
006 (005.5791.000) 05/07 13:42:13 Image size of job updated: 3241960
	2572  -  MemoryUsage of job (MB)
	2633004  -  ResidentSetSize of job (KB)
...
006 (005.5791.000) 05/07 13:42:18 Image size of job updated: 3271656
	2582  -  MemoryUsage of job (MB)
	2643432  -  ResidentSetSize of job (KB)
...
006 (005.5791.000) 05/07 13:42:23 Image size of job updated: 3271656
	2593  -  MemoryUsage of job (MB)
	2654652  -  ResidentSetSize of job (KB)
...
006 (005.5791.000) 05/07 13:42:28 Image size of job updated: 3271656
	2603  -  MemoryUsage of job (MB)
	2664552  -  ResidentSetSize of job (KB)
...
006 (005.5791.000) 05/07 13:42:33 Image size of job updated: 3302376
	2611  -  MemoryUsage of job (MB)
	2673396  -  ResidentSetSize of job (KB)
...
006 (005.5791.000) 05/07 13:42:38 Image size of job updated: 3302376
	2621  -  MemoryUsage of job (MB)
	2683164  -  ResidentSetSize of job (KB)
...
006 (005.5791.000) 05/07 13:42:43 Image size of job updated: 3302376
	2632  -  MemoryUsage of job (MB)
	2694252  -  ResidentSetSize of job (KB)
...
006 (005.5791.000) 05/07 13:42:48 Image size of job updated: 3333096
	2641  -  MemoryUsage of job (MB)
	2703888  -  ResidentSetSize of job (KB)
...
006 (005.5791.000) 05/07 13:42:53 Image size of job updated: 3337192
	2652  -  MemoryUsage of job (MB)
	2714712  -  ResidentSetSize of job (KB)
...
006 (005.5791.000) 05/07 13:42:58 Image size of job updated: 3337192
	2660  -  MemoryUsage of job (MB)
	2722896  -  ResidentSetSize of job (KB)
...
006 (005.5791.000) 05/07 13:43:03 Image size of job updated: 3470312
	2784  -  MemoryUsage of job (MB)
	2850144  -  ResidentSetSize of job (KB)
...
006 (005.5791.000) 05/07 13:43:08 Image size of job updated: 3470312
	2875  -  MemoryUsage of job (MB)
	2943600  -  ResidentSetSize of job (KB)
...
005 (005.5791.000) 05/07 13:43:13 Job terminated.
	(1) Normal termination (return value 0)
		Usr 0 00:22:44, Sys 0 00:00:03  -  Run Remote Usage
		Usr 0 00:00:00, Sys 0 00:00:00  -  Run Local Usage
		Usr 0 00:22:44, Sys 0 00:00:03  -  Total Remote Usage
		Usr 0 00:00:00, Sys 0 00:00:00  -  Total Local Usage
	0  -  Run Bytes Sent By Job
	0  -  Run Bytes Received By Job
	0  -  Total Bytes Sent By Job
	0  -  Total Bytes Received By Job
	Partitionable Resources :      Usage  Request Allocated 
	   Cpus                 :       1.00        1         1 
	   Disk (KB)            : 2000000     2000000   6275465 
	   Memory (MB)          :    2875        1954      2007 
...
