000 (005.8192.000) 05/05 20:25:16 Job submitted from host: <127.0.0.1:9618?addrs=127.0.0.1-9618&noUDP&sock=227_4816_4>
...
033 (005.8192.000) 05/06 14:17:46 Changing job attribute JobPrio from 0 to -10
...
009 (005.8192.000) 05/07 21:45:03 Job was aborted by the user.
	via condor_rm (by user aw868)
...
000 (011.1141.000) 05/08 17:21:23 Job submitted from host: <127.0.0.1:9618?addrs=127.0.0.1-9618&noUDP&sock=212_fe2a_4>
...
033 (011.1141.000) 05/08 20:41:37 Changing job attribute JobPrio from 0 to -5
...
001 (011.1141.000) 05/09 01:32:00 Job executing on host: <127.0.0.1:9618?addrs=127.0.0.1-9618&noUDP&sock=212_fe2a_5>
...
006 (011.1141.000) 05/09 01:32:05 Image size of job updated: 2000000
	69  -  MemoryUsage of job (MB)
	70092  -  ResidentSetSize of job (KB)
...
006 (011.1141.000) 05/09 01:32:10 Image size of job updated: 2000000
	101  -  MemoryUsage of job (MB)
	102960  -  ResidentSetSize of job (KB)
...
006 (011.1141.000) 05/09 01:35:34 Image size of job updated: 2000000
	119  -  MemoryUsage of job (MB)
	121572  -  ResidentSetSize of job (KB)
...
006 (011.1141.000) 05/09 01:35:40 Image size of job updated: 2000000
	184  -  MemoryUsage of job (MB)
	187968  -  ResidentSetSize of job (KB)
...
006 (011.1141.000) 05/09 01:35:46 Image size of job updated: 2000000
	184  -  MemoryUsage of job (MB)
	188364  -  ResidentSetSize of job (KB)
...
006 (011.1141.000) 05/09 01:35:52 Image size of job updated: 2000000
	190  -  MemoryUsage of job (MB)
	194172  -  ResidentSetSize of job (KB)
...
006 (011.1141.000) 05/09 01:35:57 Image size of job updated: 2000000
	200  -  MemoryUsage of job (MB)
	204336  -  ResidentSetSize of job (KB)
...
006 (011.1141.000) 05/09 01:36:02 Image size of job updated: 2000000
	210  -  MemoryUsage of job (MB)
	214500  -  ResidentSetSize of job (KB)
...
006 (011.1141.000) 05/09 01:36:07 Image size of job updated: 2000000
	218  -  MemoryUsage of job (MB)
	222552  -  ResidentSetSize of job (KB)
...
006 (011.1141.000) 05/09 01:36:12 Image size of job updated: 2000000
	229  -  MemoryUsage of job (MB)
	234036  -  ResidentSetSize of job (KB)
...
006 (011.1141.000) 05/09 01:36:17 Image size of job updated: 2000000
	237  -  MemoryUsage of job (MB)
	242484  -  ResidentSetSize of job (KB)
...
006 (011.1141.000) 05/09 01:36:22 Image size of job updated: 2000000
	240  -  MemoryUsage of job (MB)
	245520  -  ResidentSetSize of job (KB)
...
006 (011.1141.000) 05/09 01:36:27 Image size of job updated: 2000000
	269  -  MemoryUsage of job (MB)
	274824  -  ResidentSetSize of job (KB)
...
006 (011.1141.000) 05/09 01:36:32 Image size of job updated: 2000000
	304  -  MemoryUsage of job (MB)
	310860  -  ResidentSetSize of job (KB)
...
006 (011.1141.000) 05/09 01:36:37 Image size of job updated: 2000000
	329  -  MemoryUsage of job (MB)
	336072  -  ResidentSetSize of job (KB)
...
006 (011.1141.000) 05/09 01:36:42 Image size of job updated: 2000000
	344  -  MemoryUsage of job (MB)
	351516  -  ResidentSetSize of job (KB)
...
006 (011.1141.000) 05/09 01:36:47 Image size of job updated: 2000000
	410  -  MemoryUsage of job (MB)
	418836  -  ResidentSetSize of job (KB)
...
006 (011.1141.000) 05/09 01:36:52 Image size of job updated: 2000000
	460  -  MemoryUsage of job (MB)
	470976  -  ResidentSetSize of job (KB)
...
006 (011.1141.000) 05/09 01:36:57 Image size of job updated: 2000000
	1169  -  MemoryUsage of job (MB)
	1196184  -  ResidentSetSize of job (KB)
...
006 (011.1141.000) 05/09 01:51:00 Image size of job updated: 2000000
	1169  -  MemoryUsage of job (MB)
	1196712  -  ResidentSetSize of job (KB)
...
006 (011.1141.000) 05/09 01:51:05 Image size of job updated: 2000000
	1171  -  MemoryUsage of job (MB)
	1198164  -  ResidentSetSize of job (KB)
...
006 (011.1141.000) 05/09 01:51:10 Image size of job updated: 2000000
	1253  -  MemoryUsage of job (MB)
	1282776  -  ResidentSetSize of job (KB)
...
006 (011.1141.000) 05/09 01:51:15 Image size of job updated: 2201480
	1713  -  MemoryUsage of job (MB)
	1754016  -  ResidentSetSize of job (KB)
...
006 (011.1141.000) 05/09 01:51:20 Image size of job updated: 2561000
	1911  -  MemoryUsage of job (MB)
	1955976  -  ResidentSetSize of job (KB)
...
006 (011.1141.000) 05/09 01:51:25 Image size of job updated: 2637800
	1969  -  MemoryUsage of job (MB)
	2016168  -  ResidentSetSize of job (KB)
...
006 (011.1141.000) 05/09 01:51:30 Image size of job updated: 2653160
	1995  -  MemoryUsage of job (MB)
	2042040  -  ResidentSetSize of job (KB)
...
006 (011.1141.000) 05/09 01:51:35 Image size of job updated: 2653160
	2018  -  MemoryUsage of job (MB)
	2066196  -  ResidentSetSize of job (KB)
...
006 (011.1141.000) 05/09 01:51:40 Image size of job updated: 2715624
	2042  -  MemoryUsage of job (MB)
	2090484  -  ResidentSetSize of job (KB)
...
006 (011.1141.000) 05/09 01:51:45 Image size of job updated: 2715624
	2065  -  MemoryUsage of job (MB)
	2113980  -  ResidentSetSize of job (KB)
...
006 (011.1141.000) 05/09 01:51:50 Image size of job updated: 2715624
	2089  -  MemoryUsage of job (MB)
	2138136  -  ResidentSetSize of job (KB)
...
006 (011.1141.000) 05/09 01:51:55 Image size of job updated: 2786280
	2110  -  MemoryUsage of job (MB)
	2160444  -  ResidentSetSize of job (KB)
...
006 (011.1141.000) 05/09 01:52:00 Image size of job updated: 2810856
	2132  -  MemoryUsage of job (MB)
	2182488  -  ResidentSetSize of job (KB)
...
006 (011.1141.000) 05/09 01:52:05 Image size of job updated: 2824168
	2156  -  MemoryUsage of job (MB)
	2207700  -  ResidentSetSize of job (KB)
...
006 (011.1141.000) 05/09 01:52:10 Image size of job updated: 2853864
	2176  -  MemoryUsage of job (MB)
	2228028  -  ResidentSetSize of job (KB)
...
006 (011.1141.000) 05/09 01:52:15 Image size of job updated: 2853864
	2198  -  MemoryUsage of job (MB)
	2249940  -  ResidentSetSize of job (KB)
...
006 (011.1141.000) 05/09 01:52:20 Image size of job updated: 2853864
	2218  -  MemoryUsage of job (MB)
	2270532  -  ResidentSetSize of job (KB)
...
006 (011.1141.000) 05/09 01:52:25 Image size of job updated: 2922472
	2240  -  MemoryUsage of job (MB)
	2293368  -  ResidentSetSize of job (KB)
...
006 (011.1141.000) 05/09 01:52:30 Image size of job updated: 2922472
	2262  -  MemoryUsage of job (MB)
	2315808  -  ResidentSetSize of job (KB)
...
006 (011.1141.000) 05/09 01:52:35 Image size of job updated: 2922472
	2282  -  MemoryUsage of job (MB)
	2336136  -  ResidentSetSize of job (KB)
...
006 (011.1141.000) 05/09 01:52:40 Image size of job updated: 2985960
	2303  -  MemoryUsage of job (MB)
	2358048  -  ResidentSetSize of job (KB)
...
006 (011.1141.000) 05/09 01:52:45 Image size of job updated: 3000296
	2324  -  MemoryUsage of job (MB)
	2379300  -  ResidentSetSize of job (KB)
...
006 (011.1141.000) 05/09 01:52:50 Image size of job updated: 3020776
	2344  -  MemoryUsage of job (MB)
	2399892  -  ResidentSetSize of job (KB)
...
006 (011.1141.000) 05/09 01:52:55 Image size of job updated: 3050472
	2366  -  MemoryUsage of job (MB)
	2422332  -  ResidentSetSize of job (KB)
...
006 (011.1141.000) 05/09 01:53:00 Image size of job updated: 3050472
	2389  -  MemoryUsage of job (MB)
	2445696  -  ResidentSetSize of job (KB)
...
006 (011.1141.000) 05/09 01:53:05 Image size of job updated: 3050472
	2409  -  MemoryUsage of job (MB)
	2466420  -  ResidentSetSize of job (KB)
...
006 (011.1141.000) 05/09 01:53:10 Image size of job updated: 3114984
	2430  -  MemoryUsage of job (MB)
	2487408  -  ResidentSetSize of job (KB)
...
006 (011.1141.000) 05/09 01:53:15 Image size of job updated: 3114984
	2454  -  MemoryUsage of job (MB)
	2512224  -  ResidentSetSize of job (KB)
...
006 (011.1141.000) 05/09 01:53:20 Image size of job updated: 3114984
	2477  -  MemoryUsage of job (MB)
	2536380  -  ResidentSetSize of job (KB)
...
006 (011.1141.000) 05/09 01:53:26 Image size of job updated: 3185640
	2503  -  MemoryUsage of job (MB)
	2562912  -  ResidentSetSize of job (KB)
...
006 (011.1141.000) 05/09 01:53:32 Image size of job updated: 3201000
	2528  -  MemoryUsage of job (MB)
	2588124  -  ResidentSetSize of job (KB)
...
006 (011.1141.000) 05/09 01:53:38 Image size of job updated: 3223528
	2553  -  MemoryUsage of job (MB)
	2613996  -  ResidentSetSize of job (KB)
...
006 (011.1141.000) 05/09 01:53:44 Image size of job updated: 3249128
	2578  -  MemoryUsage of job (MB)
	2639868  -  ResidentSetSize of job (KB)
...
006 (011.1141.000) 05/09 01:53:50 Image size of job updated: 3289064
	2604  -  MemoryUsage of job (MB)
	2666400  -  ResidentSetSize of job (KB)
...
006 (011.1141.000) 05/09 01:53:56 Image size of job updated: 3314664
	2629  -  MemoryUsage of job (MB)
	2691612  -  ResidentSetSize of job (KB)
...
006 (011.1141.000) 05/09 01:54:02 Image size of job updated: 3343336
	2656  -  MemoryUsage of job (MB)
	2718804  -  ResidentSetSize of job (KB)
...
006 (011.1141.000) 05/09 01:54:08 Image size of job updated: 3356648
	2682  -  MemoryUsage of job (MB)
	2745732  -  ResidentSetSize of job (KB)
...
006 (011.1141.000) 05/09 01:54:14 Image size of job updated: 3381224
	2709  -  MemoryUsage of job (MB)
	2773188  -  ResidentSetSize of job (KB)
...
006 (011.1141.000) 05/09 01:54:20 Image size of job updated: 3381224
	2736  -  MemoryUsage of job (MB)
	2800644  -  ResidentSetSize of job (KB)
...
006 (011.1141.000) 05/09 01:54:26 Image size of job updated: 3454952
	2763  -  MemoryUsage of job (MB)
	2829024  -  ResidentSetSize of job (KB)
...
006 (011.1141.000) 05/09 01:54:32 Image size of job updated: 3454952
	2797  -  MemoryUsage of job (MB)
	2863212  -  ResidentSetSize of job (KB)
...
006 (011.1141.000) 05/09 01:54:38 Image size of job updated: 3502056
	2828  -  MemoryUsage of job (MB)
	2895420  -  ResidentSetSize of job (KB)
...
006 (011.1141.000) 05/09 01:54:44 Image size of job updated: 3555304
	2861  -  MemoryUsage of job (MB)
	2928816  -  ResidentSetSize of job (KB)
...
006 (011.1141.000) 05/09 01:54:50 Image size of job updated: 3588072
	2892  -  MemoryUsage of job (MB)
	2960760  -  ResidentSetSize of job (KB)
...
006 (011.1141.000) 05/09 01:54:56 Image size of job updated: 3588072
	2922  -  MemoryUsage of job (MB)
	2991912  -  ResidentSetSize of job (KB)
...
006 (011.1141.000) 05/09 01:55:02 Image size of job updated: 3624936
	2954  -  MemoryUsage of job (MB)
	3024384  -  ResidentSetSize of job (KB)
...
006 (011.1141.000) 05/09 01:55:08 Image size of job updated: 3624936
	2984  -  MemoryUsage of job (MB)
	3055404  -  ResidentSetSize of job (KB)
...
006 (011.1141.000) 05/09 01:55:14 Image size of job updated: 3702760
	3016  -  MemoryUsage of job (MB)
	3087876  -  ResidentSetSize of job (KB)
...
006 (011.1141.000) 05/09 01:55:20 Image size of job updated: 3723240
	3039  -  MemoryUsage of job (MB)
	3111504  -  ResidentSetSize of job (KB)
...
006 (011.1141.000) 05/09 01:55:26 Image size of job updated: 3723240
	3067  -  MemoryUsage of job (MB)
	3139884  -  ResidentSetSize of job (KB)
...
006 (011.1141.000) 05/09 01:55:32 Image size of job updated: 3775464
	3096  -  MemoryUsage of job (MB)
	3169716  -  ResidentSetSize of job (KB)
...
006 (011.1141.000) 05/09 01:55:38 Image size of job updated: 3775464
	3127  -  MemoryUsage of job (MB)
	3201528  -  ResidentSetSize of job (KB)
...
006 (011.1141.000) 05/09 01:55:44 Image size of job updated: 3852264
	3152  -  MemoryUsage of job (MB)
	3227004  -  ResidentSetSize of job (KB)
...
006 (011.1141.000) 05/09 01:55:50 Image size of job updated: 3852264
	3178  -  MemoryUsage of job (MB)
	3253272  -  ResidentSetSize of job (KB)
...
006 (011.1141.000) 05/09 01:55:56 Image size of job updated: 3852264
	3202  -  MemoryUsage of job (MB)
	3278484  -  ResidentSetSize of job (KB)
...
006 (011.1141.000) 05/09 01:56:02 Image size of job updated: 3929064
	3227  -  MemoryUsage of job (MB)
	3303432  -  ResidentSetSize of job (KB)
...
006 (011.1141.000) 05/09 01:56:08 Image size of job updated: 3955688
	3252  -  MemoryUsage of job (MB)
	3329172  -  ResidentSetSize of job (KB)
...
006 (011.1141.000) 05/09 01:56:14 Image size of job updated: 3971048
	3274  -  MemoryUsage of job (MB)
	3352404  -  ResidentSetSize of job (KB)
...
006 (011.1141.000) 05/09 01:56:20 Image size of job updated: 3981288
	3300  -  MemoryUsage of job (MB)
	3378408  -  ResidentSetSize of job (KB)
...
006 (011.1141.000) 05/09 01:56:26 Image size of job updated: 3981288
	3326  -  MemoryUsage of job (MB)
	3404808  -  ResidentSetSize of job (KB)
...
006 (011.1141.000) 05/09 01:56:32 Image size of job updated: 4045800
	3350  -  MemoryUsage of job (MB)
	3430152  -  ResidentSetSize of job (KB)
...
006 (011.1141.000) 05/09 01:56:38 Image size of job updated: 4045800
	3374  -  MemoryUsage of job (MB)
	3454968  -  ResidentSetSize of job (KB)
...
006 (011.1141.000) 05/09 01:56:44 Image size of job updated: 4045800
	3401  -  MemoryUsage of job (MB)
	3481764  -  ResidentSetSize of job (KB)
...
006 (011.1141.000) 05/09 01:56:50 Image size of job updated: 4126696
	3427  -  MemoryUsage of job (MB)
	3508428  -  ResidentSetSize of job (KB)
...
006 (011.1141.000) 05/09 01:56:56 Image size of job updated: 4145128
	3451  -  MemoryUsage of job (MB)
	3533244  -  ResidentSetSize of job (KB)
...
006 (011.1141.000) 05/09 01:57:02 Image size of job updated: 4184040
	3478  -  MemoryUsage of job (MB)
	3561228  -  ResidentSetSize of job (KB)
...
006 (011.1141.000) 05/09 01:57:08 Image size of job updated: 4184040
	3500  -  MemoryUsage of job (MB)
	3583932  -  ResidentSetSize of job (KB)
...
006 (011.1141.000) 05/09 01:57:14 Image size of job updated: 4184040
	3523  -  MemoryUsage of job (MB)
	3606768  -  ResidentSetSize of job (KB)
...
006 (011.1141.000) 05/09 01:57:20 Image size of job updated: 4244456
	3543  -  MemoryUsage of job (MB)
	3627756  -  ResidentSetSize of job (KB)
...
006 (011.1141.000) 05/09 01:57:26 Image size of job updated: 4244456
	3569  -  MemoryUsage of job (MB)
	3653760  -  ResidentSetSize of job (KB)
...
006 (011.1141.000) 05/09 01:57:32 Image size of job updated: 4302824
	3590  -  MemoryUsage of job (MB)
	3675408  -  ResidentSetSize of job (KB)
...
006 (011.1141.000) 05/09 01:57:38 Image size of job updated: 4302824
	3613  -  MemoryUsage of job (MB)
	3699036  -  ResidentSetSize of job (KB)
...
006 (011.1141.000) 05/09 01:57:44 Image size of job updated: 4302824
	3635  -  MemoryUsage of job (MB)
	3721476  -  ResidentSetSize of job (KB)
...
006 (011.1141.000) 05/09 01:57:50 Image size of job updated: 4360168
	3660  -  MemoryUsage of job (MB)
	3746952  -  ResidentSetSize of job (KB)
...
006 (011.1141.000) 05/09 01:57:56 Image size of job updated: 4360168
	3681  -  MemoryUsage of job (MB)
	3768468  -  ResidentSetSize of job (KB)
...
006 (011.1141.000) 05/09 01:58:02 Image size of job updated: 4417512
	3703  -  MemoryUsage of job (MB)
	3791832  -  ResidentSetSize of job (KB)
...
006 (011.1141.000) 05/09 01:58:08 Image size of job updated: 4440040
	3729  -  MemoryUsage of job (MB)
	3817704  -  ResidentSetSize of job (KB)
...
006 (011.1141.000) 05/09 01:58:14 Image size of job updated: 4454376
	3751  -  MemoryUsage of job (MB)
	3840276  -  ResidentSetSize of job (KB)
...
006 (011.1141.000) 05/09 01:58:20 Image size of job updated: 4478952
	3777  -  MemoryUsage of job (MB)
	3866676  -  ResidentSetSize of job (KB)
...
006 (011.1141.000) 05/09 01:58:26 Image size of job updated: 4478952
	3798  -  MemoryUsage of job (MB)
	3888984  -  ResidentSetSize of job (KB)
...
006 (011.1141.000) 05/09 01:58:32 Image size of job updated: 4540392
	3824  -  MemoryUsage of job (MB)
	3914988  -  ResidentSetSize of job (KB)
...
006 (011.1141.000) 05/09 01:58:38 Image size of job updated: 4540392
	3849  -  MemoryUsage of job (MB)
	3940860  -  ResidentSetSize of job (KB)
...
006 (011.1141.000) 05/09 01:58:44 Image size of job updated: 4584424
	3873  -  MemoryUsage of job (MB)
	3965544  -  ResidentSetSize of job (KB)
...
006 (011.1141.000) 05/09 01:58:50 Image size of job updated: 4624360
	3899  -  MemoryUsage of job (MB)
	3992340  -  ResidentSetSize of job (KB)
...
006 (011.1141.000) 05/09 01:58:56 Image size of job updated: 4624360
	3922  -  MemoryUsage of job (MB)
	4015836  -  ResidentSetSize of job (KB)
...
006 (011.1141.000) 05/09 01:59:02 Image size of job updated: 4624360
	3946  -  MemoryUsage of job (MB)
	4040520  -  ResidentSetSize of job (KB)
...
006 (011.1141.000) 05/09 01:59:09 Image size of job updated: 4692968
	3971  -  MemoryUsage of job (MB)
	4065732  -  ResidentSetSize of job (KB)
...
006 (011.1141.000) 05/09 01:59:14 Image size of job updated: 4707304
	3991  -  MemoryUsage of job (MB)
	4086060  -  ResidentSetSize of job (KB)
...
006 (011.1141.000) 05/09 01:59:19 Image size of job updated: 4741096
	4016  -  MemoryUsage of job (MB)
	4111932  -  ResidentSetSize of job (KB)
...
006 (011.1141.000) 05/09 01:59:24 Image size of job updated: 4741096
	4227  -  MemoryUsage of job (MB)
	4327488  -  ResidentSetSize of job (KB)
...
006 (011.1141.000) 05/09 01:59:29 Image size of job updated: 4741096
	4228  -  MemoryUsage of job (MB)
	4329072  -  ResidentSetSize of job (KB)
...
005 (011.1141.000) 05/09 01:59:31 Job terminated.
	(1) Normal termination (return value 0)
		Usr 0 00:23:53, Sys 0 00:00:03  -  Run Remote Usage
		Usr 0 00:00:00, Sys 0 00:00:00  -  Run Local Usage
		Usr 0 00:23:53, Sys 0 00:00:03  -  Total Remote Usage
		Usr 0 00:00:00, Sys 0 00:00:00  -  Total Local Usage
	0  -  Run Bytes Sent By Job
	0  -  Run Bytes Received By Job
	0  -  Total Bytes Sent By Job
	0  -  Total Bytes Received By Job
	Partitionable Resources :      Usage  Request Allocated 
	   Cpus                 :       1.00        1         1 
	   Disk (KB)            : 2000000     2000000   6232219 
	   Memory (MB)          :    4228        1954      2007 
...
