000 (205.3601.000) 05/06 03:19:11 Job submitted from host: <127.0.0.1:9618?addrs=127.0.0.1-9618&noUDP&sock=222_da1d_4>
...
033 (205.3601.000) 05/06 14:22:39 Changing job attribute JobPrio from 0 to -5
...
000 (007.3601.000) 05/07 19:00:01 Job submitted from host: <127.0.0.1:9618?addrs=127.0.0.1-9618&noUDP&sock=215_0cf3_4>
...
000 (016.3601.000) 05/08 15:57:09 Job submitted from host: <127.0.0.1:9618?addrs=127.0.0.1-9618&noUDP&sock=227_4816_4>
...
009 (016.3601.000) 05/09 16:54:34 Job was aborted by the user.
	via condor_rm (by user aw868)
...
000 (017.268.000) 05/09 17:25:54 Job submitted from host: <127.0.0.1:9618?addrs=127.0.0.1-9618&noUDP&sock=227_4816_4>
...
001 (017.268.000) 05/09 19:20:22 Job executing on host: <127.0.0.1:9618?addrs=127.0.0.1-9618&noUDP&sock=227_4816_5>
...
006 (017.268.000) 05/09 19:20:28 Image size of job updated: 2000000
	115  -  MemoryUsage of job (MB)
	116820  -  ResidentSetSize of job (KB)
...
006 (017.268.000) 05/09 19:21:03 Image size of job updated: 2000000
	165  -  MemoryUsage of job (MB)
	168432  -  ResidentSetSize of job (KB)
...
006 (017.268.000) 05/09 19:21:09 Image size of job updated: 2000000
	211  -  MemoryUsage of job (MB)
	215424  -  ResidentSetSize of job (KB)
...
006 (017.268.000) 05/09 19:21:55 Image size of job updated: 2000000
	271  -  MemoryUsage of job (MB)
	276936  -  ResidentSetSize of job (KB)
...
006 (017.268.000) 05/09 19:22:20 Image size of job updated: 2000000
	448  -  MemoryUsage of job (MB)
	458040  -  ResidentSetSize of job (KB)
...
006 (017.268.000) 05/09 19:22:35 Image size of job updated: 2000000
	1246  -  MemoryUsage of job (MB)
	1275252  -  ResidentSetSize of job (KB)
...
006 (017.268.000) 05/09 19:39:35 Image size of job updated: 2000000
	1266  -  MemoryUsage of job (MB)
	1295580  -  ResidentSetSize of job (KB)
...
006 (017.268.000) 05/09 19:39:40 Image size of job updated: 2304336
	1596  -  MemoryUsage of job (MB)
	1633500  -  ResidentSetSize of job (KB)
...
006 (017.268.000) 05/09 19:39:45 Image size of job updated: 2304336
	1754  -  MemoryUsage of job (MB)
	1795992  -  ResidentSetSize of job (KB)
...
006 (017.268.000) 05/09 19:39:50 Image size of job updated: 2304336
	1998  -  MemoryUsage of job (MB)
	2045208  -  ResidentSetSize of job (KB)
...
006 (017.268.000) 05/09 19:39:55 Image size of job updated: 2654952
	1998  -  MemoryUsage of job (MB)
	2045208  -  ResidentSetSize of job (KB)
...
006 (017.268.000) 05/09 19:40:05 Image size of job updated: 2654952
	2064  -  MemoryUsage of job (MB)
	2112660  -  ResidentSetSize of job (KB)
...
006 (017.268.000) 05/09 19:40:10 Image size of job updated: 2816744
	2150  -  MemoryUsage of job (MB)
	2200704  -  ResidentSetSize of job (KB)
...
006 (017.268.000) 05/09 19:40:15 Image size of job updated: 2884328
	2207  -  MemoryUsage of job (MB)
	2259444  -  ResidentSetSize of job (KB)
...
006 (017.268.000) 05/09 19:40:20 Image size of job updated: 2916072
	2251  -  MemoryUsage of job (MB)
	2304060  -  ResidentSetSize of job (KB)
...
006 (017.268.000) 05/09 19:40:25 Image size of job updated: 2996968
	2288  -  MemoryUsage of job (MB)
	2342868  -  ResidentSetSize of job (KB)
...
006 (017.268.000) 05/09 19:40:30 Image size of job updated: 2996968
	2325  -  MemoryUsage of job (MB)
	2380356  -  ResidentSetSize of job (KB)
...
006 (017.268.000) 05/09 19:40:35 Image size of job updated: 3057384
	2363  -  MemoryUsage of job (MB)
	2418768  -  ResidentSetSize of job (KB)
...
006 (017.268.000) 05/09 19:40:40 Image size of job updated: 3057384
	2399  -  MemoryUsage of job (MB)
	2456124  -  ResidentSetSize of job (KB)
...
006 (017.268.000) 05/09 19:40:45 Image size of job updated: 3115752
	2436  -  MemoryUsage of job (MB)
	2493744  -  ResidentSetSize of job (KB)
...
006 (017.268.000) 05/09 19:40:50 Image size of job updated: 3115752
	2472  -  MemoryUsage of job (MB)
	2530440  -  ResidentSetSize of job (KB)
...
006 (017.268.000) 05/09 19:40:55 Image size of job updated: 3115752
	2508  -  MemoryUsage of job (MB)
	2567796  -  ResidentSetSize of job (KB)
...
006 (017.268.000) 05/09 19:41:00 Image size of job updated: 3226344
	2544  -  MemoryUsage of job (MB)
	2604756  -  ResidentSetSize of job (KB)
...
006 (017.268.000) 05/09 19:41:05 Image size of job updated: 3226344
	2581  -  MemoryUsage of job (MB)
	2642376  -  ResidentSetSize of job (KB)
...
006 (017.268.000) 05/09 19:41:10 Image size of job updated: 3310312
	2618  -  MemoryUsage of job (MB)
	2680656  -  ResidentSetSize of job (KB)
...
006 (017.268.000) 05/09 19:41:15 Image size of job updated: 3338984
	2656  -  MemoryUsage of job (MB)
	2718804  -  ResidentSetSize of job (KB)
...
006 (017.268.000) 05/09 19:41:20 Image size of job updated: 3338984
	2695  -  MemoryUsage of job (MB)
	2758668  -  ResidentSetSize of job (KB)
...
006 (017.268.000) 05/09 19:41:25 Image size of job updated: 3338984
	2732  -  MemoryUsage of job (MB)
	2797080  -  ResidentSetSize of job (KB)
...
006 (017.268.000) 05/09 19:41:30 Image size of job updated: 3454696
	2770  -  MemoryUsage of job (MB)
	2835888  -  ResidentSetSize of job (KB)
...
006 (017.268.000) 05/09 19:41:35 Image size of job updated: 3454696
	2807  -  MemoryUsage of job (MB)
	2873640  -  ResidentSetSize of job (KB)
...
006 (017.268.000) 05/09 19:41:40 Image size of job updated: 3454696
	2844  -  MemoryUsage of job (MB)
	2911920  -  ResidentSetSize of job (KB)
...
006 (017.268.000) 05/09 19:41:45 Image size of job updated: 3569384
	2881  -  MemoryUsage of job (MB)
	2949408  -  ResidentSetSize of job (KB)
...
006 (017.268.000) 05/09 19:41:50 Image size of job updated: 3569384
	2917  -  MemoryUsage of job (MB)
	2986632  -  ResidentSetSize of job (KB)
...
006 (017.268.000) 05/09 19:41:55 Image size of job updated: 3569384
	2956  -  MemoryUsage of job (MB)
	3026100  -  ResidentSetSize of job (KB)
...
006 (017.268.000) 05/09 19:42:00 Image size of job updated: 3688168
	2992  -  MemoryUsage of job (MB)
	3063588  -  ResidentSetSize of job (KB)
...
006 (017.268.000) 05/09 19:42:05 Image size of job updated: 3688168
	3028  -  MemoryUsage of job (MB)
	3100284  -  ResidentSetSize of job (KB)
...
006 (017.268.000) 05/09 19:42:10 Image size of job updated: 3688168
	3064  -  MemoryUsage of job (MB)
	3137376  -  ResidentSetSize of job (KB)
...
006 (017.268.000) 05/09 19:42:15 Image size of job updated: 3799784
	3099  -  MemoryUsage of job (MB)
	3172884  -  ResidentSetSize of job (KB)
...
006 (017.268.000) 05/09 19:42:20 Image size of job updated: 3799784
	3129  -  MemoryUsage of job (MB)
	3203772  -  ResidentSetSize of job (KB)
...
006 (017.268.000) 05/09 19:42:25 Image size of job updated: 3799784
	3150  -  MemoryUsage of job (MB)
	3224760  -  ResidentSetSize of job (KB)
...
006 (017.268.000) 05/09 19:42:31 Image size of job updated: 3899112
	3150  -  MemoryUsage of job (MB)
	3224760  -  ResidentSetSize of job (KB)
...
006 (017.268.000) 05/09 19:42:43 Image size of job updated: 3899112
	3163  -  MemoryUsage of job (MB)
	3238752  -  ResidentSetSize of job (KB)
...
006 (017.268.000) 05/09 19:42:55 Image size of job updated: 3986152
	3248  -  MemoryUsage of job (MB)
	3325344  -  ResidentSetSize of job (KB)
...
006 (017.268.000) 05/09 19:43:05 Image size of job updated: 4089576
	3320  -  MemoryUsage of job (MB)
	3399000  -  ResidentSetSize of job (KB)
...
006 (017.268.000) 05/09 19:43:11 Image size of job updated: 4089576
	3362  -  MemoryUsage of job (MB)
	3442296  -  ResidentSetSize of job (KB)
...
006 (017.268.000) 05/09 19:43:19 Image size of job updated: 4194024
	3391  -  MemoryUsage of job (MB)
	3472128  -  ResidentSetSize of job (KB)
...
006 (017.268.000) 05/09 19:43:24 Image size of job updated: 4233960
	3428  -  MemoryUsage of job (MB)
	3509616  -  ResidentSetSize of job (KB)
...
006 (017.268.000) 05/09 19:43:29 Image size of job updated: 4233960
	3465  -  MemoryUsage of job (MB)
	3547764  -  ResidentSetSize of job (KB)
...
006 (017.268.000) 05/09 19:43:34 Image size of job updated: 4314856
	3503  -  MemoryUsage of job (MB)
	3586308  -  ResidentSetSize of job (KB)
...
006 (017.268.000) 05/09 19:43:39 Image size of job updated: 4314856
	3537  -  MemoryUsage of job (MB)
	3621552  -  ResidentSetSize of job (KB)
...
006 (017.268.000) 05/09 19:43:44 Image size of job updated: 4389608
	3550  -  MemoryUsage of job (MB)
	3634620  -  ResidentSetSize of job (KB)
...
006 (017.268.000) 05/09 19:43:49 Image size of job updated: 4423400
	3587  -  MemoryUsage of job (MB)
	3673032  -  ResidentSetSize of job (KB)
...
006 (017.268.000) 05/09 19:43:54 Image size of job updated: 4423400
	3625  -  MemoryUsage of job (MB)
	3711180  -  ResidentSetSize of job (KB)
...
006 (017.268.000) 05/09 19:43:59 Image size of job updated: 4500200
	3662  -  MemoryUsage of job (MB)
	3749724  -  ResidentSetSize of job (KB)
...
006 (017.268.000) 05/09 19:44:04 Image size of job updated: 4530920
	3699  -  MemoryUsage of job (MB)
	3787740  -  ResidentSetSize of job (KB)
...
006 (017.268.000) 05/09 19:44:09 Image size of job updated: 4530920
	3737  -  MemoryUsage of job (MB)
	3826284  -  ResidentSetSize of job (KB)
...
006 (017.268.000) 05/09 19:44:14 Image size of job updated: 4530920
	3776  -  MemoryUsage of job (MB)
	3866544  -  ResidentSetSize of job (KB)
...
006 (017.268.000) 05/09 19:44:19 Image size of job updated: 4648680
	3815  -  MemoryUsage of job (MB)
	3906276  -  ResidentSetSize of job (KB)
...
006 (017.268.000) 05/09 19:44:24 Image size of job updated: 4684520
	3855  -  MemoryUsage of job (MB)
	3946800  -  ResidentSetSize of job (KB)
...
006 (017.268.000) 05/09 19:44:29 Image size of job updated: 4703976
	3893  -  MemoryUsage of job (MB)
	3985740  -  ResidentSetSize of job (KB)
...
006 (017.268.000) 05/09 19:44:34 Image size of job updated: 4762344
	3932  -  MemoryUsage of job (MB)
	4025604  -  ResidentSetSize of job (KB)
...
006 (017.268.000) 05/09 19:44:39 Image size of job updated: 4781800
	3971  -  MemoryUsage of job (MB)
	4065336  -  ResidentSetSize of job (KB)
...
006 (017.268.000) 05/09 19:44:44 Image size of job updated: 4781800
	4008  -  MemoryUsage of job (MB)
	4103748  -  ResidentSetSize of job (KB)
...
006 (017.268.000) 05/09 19:44:49 Image size of job updated: 4880104
	4047  -  MemoryUsage of job (MB)
	4143612  -  ResidentSetSize of job (KB)
...
006 (017.268.000) 05/09 19:44:54 Image size of job updated: 4880104
	4086  -  MemoryUsage of job (MB)
	4183476  -  ResidentSetSize of job (KB)
...
006 (017.268.000) 05/09 19:44:59 Image size of job updated: 4953832
	4125  -  MemoryUsage of job (MB)
	4223208  -  ResidentSetSize of job (KB)
...
006 (017.268.000) 05/09 19:45:04 Image size of job updated: 5008104
	4163  -  MemoryUsage of job (MB)
	4262676  -  ResidentSetSize of job (KB)
...
006 (017.268.000) 05/09 19:45:09 Image size of job updated: 5008104
	4202  -  MemoryUsage of job (MB)
	4302408  -  ResidentSetSize of job (KB)
...
006 (017.268.000) 05/09 19:45:14 Image size of job updated: 5068520
	4241  -  MemoryUsage of job (MB)
	4342536  -  ResidentSetSize of job (KB)
...
006 (017.268.000) 05/09 19:45:19 Image size of job updated: 5125864
	4280  -  MemoryUsage of job (MB)
	4382664  -  ResidentSetSize of job (KB)
...
006 (017.268.000) 05/09 19:45:24 Image size of job updated: 5144296
	4319  -  MemoryUsage of job (MB)
	4421868  -  ResidentSetSize of job (KB)
...
006 (017.268.000) 05/09 19:45:29 Image size of job updated: 5144296
	4358  -  MemoryUsage of job (MB)
	4461732  -  ResidentSetSize of job (KB)
...
006 (017.268.000) 05/09 19:45:34 Image size of job updated: 5144296
	4397  -  MemoryUsage of job (MB)
	4502520  -  ResidentSetSize of job (KB)
...
006 (017.268.000) 05/09 19:45:39 Image size of job updated: 5262056
	4438  -  MemoryUsage of job (MB)
	4543704  -  ResidentSetSize of job (KB)
...
006 (017.268.000) 05/09 19:45:44 Image size of job updated: 5262056
	4476  -  MemoryUsage of job (MB)
	4583172  -  ResidentSetSize of job (KB)
...
006 (017.268.000) 05/09 19:45:49 Image size of job updated: 5262056
	4514  -  MemoryUsage of job (MB)
	4622244  -  ResidentSetSize of job (KB)
...
006 (017.268.000) 05/09 19:45:54 Image size of job updated: 5380840
	4552  -  MemoryUsage of job (MB)
	4660656  -  ResidentSetSize of job (KB)
...
006 (017.268.000) 05/09 19:45:59 Image size of job updated: 5380840
	4588  -  MemoryUsage of job (MB)
	4697616  -  ResidentSetSize of job (KB)
...
006 (017.268.000) 05/09 19:46:04 Image size of job updated: 5380840
	4624  -  MemoryUsage of job (MB)
	4734444  -  ResidentSetSize of job (KB)
...
006 (017.268.000) 05/09 19:46:09 Image size of job updated: 5505768
	4660  -  MemoryUsage of job (MB)
	4771272  -  ResidentSetSize of job (KB)
...
006 (017.268.000) 05/09 19:46:14 Image size of job updated: 5505768
	4699  -  MemoryUsage of job (MB)
	4811004  -  ResidentSetSize of job (KB)
...
006 (017.268.000) 05/09 19:46:19 Image size of job updated: 5505768
	4738  -  MemoryUsage of job (MB)
	4851660  -  ResidentSetSize of job (KB)
...
006 (017.268.000) 05/09 19:46:24 Image size of job updated: 5623528
	4775  -  MemoryUsage of job (MB)
	4889412  -  ResidentSetSize of job (KB)
...
006 (017.268.000) 05/09 19:46:29 Image size of job updated: 5623528
	4779  -  MemoryUsage of job (MB)
	4892712  -  ResidentSetSize of job (KB)
...
006 (017.268.000) 05/09 19:46:39 Image size of job updated: 5742312
	4785  -  MemoryUsage of job (MB)
	4899312  -  ResidentSetSize of job (KB)
...
006 (017.268.000) 05/09 19:46:45 Image size of job updated: 5756648
	4827  -  MemoryUsage of job (MB)
	4942476  -  ResidentSetSize of job (KB)
...
006 (017.268.000) 05/09 19:46:51 Image size of job updated: 5803752
	4871  -  MemoryUsage of job (MB)
	4986960  -  ResidentSetSize of job (KB)
...
006 (017.268.000) 05/09 19:46:57 Image size of job updated: 5858024
	4914  -  MemoryUsage of job (MB)
	5031840  -  ResidentSetSize of job (KB)
...
006 (017.268.000) 05/09 19:47:03 Image size of job updated: 5858024
	5085  -  MemoryUsage of job (MB)
	5206872  -  ResidentSetSize of job (KB)
...
006 (017.268.000) 05/09 19:47:18 Image size of job updated: 6105832
	5177  -  MemoryUsage of job (MB)
	5301120  -  ResidentSetSize of job (KB)
...
006 (017.268.000) 05/09 19:47:27 Image size of job updated: 6123240
	5177  -  MemoryUsage of job (MB)
	5301120  -  ResidentSetSize of job (KB)
...
005 (017.268.000) 05/09 19:47:27 Job terminated.
	(1) Normal termination (return value 0)
		Usr 0 00:25:23, Sys 0 00:00:21  -  Run Remote Usage
		Usr 0 00:00:00, Sys 0 00:00:00  -  Run Local Usage
		Usr 0 00:25:23, Sys 0 00:00:21  -  Total Remote Usage
		Usr 0 00:00:00, Sys 0 00:00:00  -  Total Local Usage
	0  -  Run Bytes Sent By Job
	0  -  Run Bytes Received By Job
	0  -  Total Bytes Sent By Job
	0  -  Total Bytes Received By Job
	Partitionable Resources :      Usage  Request Allocated 
	   Cpus                 :       0.59        1         1 
	   Disk (KB)            : 2000000     2000000   6275465 
	   Memory (MB)          :    5177        1954      2007 
...
