000 (005.3569.000) 05/05 20:23:09 Job submitted from host: <127.0.0.1:9618?addrs=127.0.0.1-9618&noUDP&sock=227_4816_4>
...
033 (005.3569.000) 05/06 14:16:33 Changing job attribute JobPrio from 0 to -10
...
001 (005.3569.000) 05/06 23:17:21 Job executing on host: <127.0.0.1:9618?addrs=127.0.0.1-9618&noUDP&sock=227_4816_5>
...
006 (005.3569.000) 05/06 23:17:26 Image size of job updated: 2000000
	101  -  MemoryUsage of job (MB)
	102960  -  ResidentSetSize of job (KB)
...
006 (005.3569.000) 05/06 23:17:51 Image size of job updated: 2000000
	118  -  MemoryUsage of job (MB)
	120780  -  ResidentSetSize of job (KB)
...
006 (005.3569.000) 05/06 23:17:56 Image size of job updated: 2000000
	177  -  MemoryUsage of job (MB)
	180312  -  ResidentSetSize of job (KB)
...
006 (005.3569.000) 05/06 23:18:01 Image size of job updated: 2000000
	184  -  MemoryUsage of job (MB)
	187968  -  ResidentSetSize of job (KB)
...
006 (005.3569.000) 05/06 23:18:06 Image size of job updated: 2000000
	185  -  MemoryUsage of job (MB)
	188496  -  ResidentSetSize of job (KB)
...
006 (005.3569.000) 05/06 23:18:11 Image size of job updated: 2000000
	195  -  MemoryUsage of job (MB)
	198660  -  ResidentSetSize of job (KB)
...
006 (005.3569.000) 05/06 23:18:16 Image size of job updated: 2000000
	206  -  MemoryUsage of job (MB)
	210672  -  ResidentSetSize of job (KB)
...
006 (005.3569.000) 05/06 23:18:21 Image size of job updated: 2000000
	218  -  MemoryUsage of job (MB)
	222288  -  ResidentSetSize of job (KB)
...
006 (005.3569.000) 05/06 23:18:26 Image size of job updated: 2000000
	231  -  MemoryUsage of job (MB)
	235884  -  ResidentSetSize of job (KB)
...
006 (005.3569.000) 05/06 23:18:31 Image size of job updated: 2000000
	241  -  MemoryUsage of job (MB)
	246048  -  ResidentSetSize of job (KB)
...
006 (005.3569.000) 05/06 23:18:36 Image size of job updated: 2000000
	274  -  MemoryUsage of job (MB)
	279840  -  ResidentSetSize of job (KB)
...
006 (005.3569.000) 05/06 23:18:42 Image size of job updated: 2000000
	312  -  MemoryUsage of job (MB)
	318912  -  ResidentSetSize of job (KB)
...
006 (005.3569.000) 05/06 23:18:48 Image size of job updated: 2000000
	329  -  MemoryUsage of job (MB)
	336336  -  ResidentSetSize of job (KB)
...
006 (005.3569.000) 05/06 23:18:54 Image size of job updated: 2000000
	402  -  MemoryUsage of job (MB)
	411312  -  ResidentSetSize of job (KB)
...
006 (005.3569.000) 05/06 23:19:00 Image size of job updated: 2000000
	466  -  MemoryUsage of job (MB)
	477048  -  ResidentSetSize of job (KB)
...
006 (005.3569.000) 05/06 23:19:06 Image size of job updated: 2000000
	1171  -  MemoryUsage of job (MB)
	1198428  -  ResidentSetSize of job (KB)
...
006 (005.3569.000) 05/06 23:31:28 Image size of job updated: 2000000
	1173  -  MemoryUsage of job (MB)
	1200408  -  ResidentSetSize of job (KB)
...
006 (005.3569.000) 05/06 23:31:34 Image size of job updated: 2000000
	1251  -  MemoryUsage of job (MB)
	1280268  -  ResidentSetSize of job (KB)
...
006 (005.3569.000) 05/06 23:31:40 Image size of job updated: 2000000
	1650  -  MemoryUsage of job (MB)
	1689204  -  ResidentSetSize of job (KB)
...
006 (005.3569.000) 05/06 23:31:46 Image size of job updated: 2000000
	1885  -  MemoryUsage of job (MB)
	1929840  -  ResidentSetSize of job (KB)
...
006 (005.3569.000) 05/06 23:31:52 Image size of job updated: 2561000
	1916  -  MemoryUsage of job (MB)
	1961388  -  ResidentSetSize of job (KB)
...
006 (005.3569.000) 05/06 23:31:58 Image size of job updated: 2612200
	1939  -  MemoryUsage of job (MB)
	1984620  -  ResidentSetSize of job (KB)
...
006 (005.3569.000) 05/06 23:32:04 Image size of job updated: 2624488
	1953  -  MemoryUsage of job (MB)
	1999536  -  ResidentSetSize of job (KB)
...
006 (005.3569.000) 05/06 23:32:10 Image size of job updated: 2631656
	1966  -  MemoryUsage of job (MB)
	2013132  -  ResidentSetSize of job (KB)
...
006 (005.3569.000) 05/06 23:32:16 Image size of job updated: 2631656
	1980  -  MemoryUsage of job (MB)
	2026596  -  ResidentSetSize of job (KB)
...
006 (005.3569.000) 05/06 23:32:22 Image size of job updated: 2658280
	1991  -  MemoryUsage of job (MB)
	2038608  -  ResidentSetSize of job (KB)
...
006 (005.3569.000) 05/06 23:32:28 Image size of job updated: 2658280
	2004  -  MemoryUsage of job (MB)
	2051412  -  ResidentSetSize of job (KB)
...
006 (005.3569.000) 05/06 23:32:34 Image size of job updated: 2690024
	2018  -  MemoryUsage of job (MB)
	2065668  -  ResidentSetSize of job (KB)
...
006 (005.3569.000) 05/06 23:32:40 Image size of job updated: 2690024
	2029  -  MemoryUsage of job (MB)
	2077548  -  ResidentSetSize of job (KB)
...
006 (005.3569.000) 05/06 23:32:46 Image size of job updated: 2690024
	2043  -  MemoryUsage of job (MB)
	2091672  -  ResidentSetSize of job (KB)
...
006 (005.3569.000) 05/06 23:32:52 Image size of job updated: 2728936
	2055  -  MemoryUsage of job (MB)
	2104212  -  ResidentSetSize of job (KB)
...
006 (005.3569.000) 05/06 23:32:58 Image size of job updated: 2735080
	2068  -  MemoryUsage of job (MB)
	2116884  -  ResidentSetSize of job (KB)
...
006 (005.3569.000) 05/06 23:33:04 Image size of job updated: 2753512
	2079  -  MemoryUsage of job (MB)
	2128500  -  ResidentSetSize of job (KB)
...
006 (005.3569.000) 05/06 23:33:10 Image size of job updated: 2766824
	2092  -  MemoryUsage of job (MB)
	2141304  -  ResidentSetSize of job (KB)
...
006 (005.3569.000) 05/06 23:33:16 Image size of job updated: 2766824
	2103  -  MemoryUsage of job (MB)
	2153052  -  ResidentSetSize of job (KB)
...
006 (005.3569.000) 05/06 23:33:22 Image size of job updated: 2786280
	2115  -  MemoryUsage of job (MB)
	2164800  -  ResidentSetSize of job (KB)
...
006 (005.3569.000) 05/06 23:33:28 Image size of job updated: 2786280
	2126  -  MemoryUsage of job (MB)
	2176548  -  ResidentSetSize of job (KB)
...
006 (005.3569.000) 05/06 23:33:34 Image size of job updated: 2817000
	2139  -  MemoryUsage of job (MB)
	2189748  -  ResidentSetSize of job (KB)
...
006 (005.3569.000) 05/06 23:33:40 Image size of job updated: 2832360
	2152  -  MemoryUsage of job (MB)
	2203344  -  ResidentSetSize of job (KB)
...
006 (005.3569.000) 05/06 23:33:46 Image size of job updated: 2842600
	2164  -  MemoryUsage of job (MB)
	2215356  -  ResidentSetSize of job (KB)
...
006 (005.3569.000) 05/06 23:33:52 Image size of job updated: 2847720
	2173  -  MemoryUsage of job (MB)
	2224332  -  ResidentSetSize of job (KB)
...
006 (005.3569.000) 05/06 23:33:58 Image size of job updated: 2847720
	2185  -  MemoryUsage of job (MB)
	2237268  -  ResidentSetSize of job (KB)
...
006 (005.3569.000) 05/06 23:34:04 Image size of job updated: 2876392
	2197  -  MemoryUsage of job (MB)
	2248752  -  ResidentSetSize of job (KB)
...
006 (005.3569.000) 05/06 23:34:10 Image size of job updated: 2882536
	2207  -  MemoryUsage of job (MB)
	2259840  -  ResidentSetSize of job (KB)
...
006 (005.3569.000) 05/06 23:34:16 Image size of job updated: 2882536
	2220  -  MemoryUsage of job (MB)
	2272380  -  ResidentSetSize of job (KB)
...
006 (005.3569.000) 05/06 23:34:22 Image size of job updated: 2905064
	2230  -  MemoryUsage of job (MB)
	2283336  -  ResidentSetSize of job (KB)
...
006 (005.3569.000) 05/06 23:34:28 Image size of job updated: 2905064
	2242  -  MemoryUsage of job (MB)
	2295612  -  ResidentSetSize of job (KB)
...
006 (005.3569.000) 05/06 23:34:34 Image size of job updated: 2934760
	2254  -  MemoryUsage of job (MB)
	2308020  -  ResidentSetSize of job (KB)
...
006 (005.3569.000) 05/06 23:34:40 Image size of job updated: 2934760
	2267  -  MemoryUsage of job (MB)
	2320824  -  ResidentSetSize of job (KB)
...
006 (005.3569.000) 05/06 23:34:46 Image size of job updated: 2934760
	2279  -  MemoryUsage of job (MB)
	2333496  -  ResidentSetSize of job (KB)
...
006 (005.3569.000) 05/06 23:34:52 Image size of job updated: 2965480
	2290  -  MemoryUsage of job (MB)
	2344056  -  ResidentSetSize of job (KB)
...
006 (005.3569.000) 05/06 23:34:58 Image size of job updated: 2975720
	2301  -  MemoryUsage of job (MB)
	2355936  -  ResidentSetSize of job (KB)
...
006 (005.3569.000) 05/06 23:35:04 Image size of job updated: 2996200
	2312  -  MemoryUsage of job (MB)
	2367420  -  ResidentSetSize of job (KB)
...
006 (005.3569.000) 05/06 23:35:10 Image size of job updated: 2996200
	2324  -  MemoryUsage of job (MB)
	2379300  -  ResidentSetSize of job (KB)
...
006 (005.3569.000) 05/06 23:35:16 Image size of job updated: 3012584
	2335  -  MemoryUsage of job (MB)
	2390916  -  ResidentSetSize of job (KB)
...
006 (005.3569.000) 05/06 23:35:22 Image size of job updated: 3026920
	2347  -  MemoryUsage of job (MB)
	2402400  -  ResidentSetSize of job (KB)
...
006 (005.3569.000) 05/06 23:35:28 Image size of job updated: 3026920
	2360  -  MemoryUsage of job (MB)
	2416392  -  ResidentSetSize of job (KB)
...
006 (005.3569.000) 05/06 23:35:34 Image size of job updated: 3026920
	2371  -  MemoryUsage of job (MB)
	2427876  -  ResidentSetSize of job (KB)
...
006 (005.3569.000) 05/06 23:35:40 Image size of job updated: 3059688
	2383  -  MemoryUsage of job (MB)
	2439228  -  ResidentSetSize of job (KB)
...
006 (005.3569.000) 05/06 23:35:46 Image size of job updated: 3059688
	2395  -  MemoryUsage of job (MB)
	2451768  -  ResidentSetSize of job (KB)
...
006 (005.3569.000) 05/06 23:35:52 Image size of job updated: 3092456
	2408  -  MemoryUsage of job (MB)
	2464836  -  ResidentSetSize of job (KB)
...
006 (005.3569.000) 05/06 23:35:58 Image size of job updated: 3092456
	2418  -  MemoryUsage of job (MB)
	2475528  -  ResidentSetSize of job (KB)
...
006 (005.3569.000) 05/06 23:36:04 Image size of job updated: 3092456
	2431  -  MemoryUsage of job (MB)
	2488728  -  ResidentSetSize of job (KB)
...
006 (005.3569.000) 05/06 23:36:10 Image size of job updated: 3119080
	2441  -  MemoryUsage of job (MB)
	2498760  -  ResidentSetSize of job (KB)
...
006 (005.3569.000) 05/06 23:36:16 Image size of job updated: 3119080
	2453  -  MemoryUsage of job (MB)
	2511300  -  ResidentSetSize of job (KB)
...
006 (005.3569.000) 05/06 23:36:22 Image size of job updated: 3147752
	2462  -  MemoryUsage of job (MB)
	2521068  -  ResidentSetSize of job (KB)
...
006 (005.3569.000) 05/06 23:36:28 Image size of job updated: 3163112
	2475  -  MemoryUsage of job (MB)
	2533740  -  ResidentSetSize of job (KB)
...
006 (005.3569.000) 05/06 23:36:34 Image size of job updated: 3163112
	2486  -  MemoryUsage of job (MB)
	2544696  -  ResidentSetSize of job (KB)
...
006 (005.3569.000) 05/06 23:36:40 Image size of job updated: 3176424
	2498  -  MemoryUsage of job (MB)
	2557500  -  ResidentSetSize of job (KB)
...
006 (005.3569.000) 05/06 23:36:46 Image size of job updated: 3176424
	2509  -  MemoryUsage of job (MB)
	2568456  -  ResidentSetSize of job (KB)
...
006 (005.3569.000) 05/06 23:36:52 Image size of job updated: 3176424
	2521  -  MemoryUsage of job (MB)
	2581392  -  ResidentSetSize of job (KB)
...
006 (005.3569.000) 05/06 23:36:58 Image size of job updated: 3210216
	2530  -  MemoryUsage of job (MB)
	2590632  -  ResidentSetSize of job (KB)
...
006 (005.3569.000) 05/06 23:37:04 Image size of job updated: 3210216
	2541  -  MemoryUsage of job (MB)
	2601456  -  ResidentSetSize of job (KB)
...
006 (005.3569.000) 05/06 23:37:10 Image size of job updated: 3240936
	2552  -  MemoryUsage of job (MB)
	2612940  -  ResidentSetSize of job (KB)
...
006 (005.3569.000) 05/06 23:37:16 Image size of job updated: 3240936
	2563  -  MemoryUsage of job (MB)
	2624160  -  ResidentSetSize of job (KB)
...
006 (005.3569.000) 05/06 23:37:22 Image size of job updated: 3259368
	2572  -  MemoryUsage of job (MB)
	2633268  -  ResidentSetSize of job (KB)
...
006 (005.3569.000) 05/06 23:37:27 Image size of job updated: 3271656
	2582  -  MemoryUsage of job (MB)
	2643036  -  ResidentSetSize of job (KB)
...
006 (005.3569.000) 05/06 23:37:32 Image size of job updated: 3273704
	2590  -  MemoryUsage of job (MB)
	2652144  -  ResidentSetSize of job (KB)
...
006 (005.3569.000) 05/06 23:37:37 Image size of job updated: 3273704
	2599  -  MemoryUsage of job (MB)
	2661120  -  ResidentSetSize of job (KB)
...
006 (005.3569.000) 05/06 23:37:42 Image size of job updated: 3273704
	2609  -  MemoryUsage of job (MB)
	2671152  -  ResidentSetSize of job (KB)
...
006 (005.3569.000) 05/06 23:37:47 Image size of job updated: 3304424
	2619  -  MemoryUsage of job (MB)
	2681580  -  ResidentSetSize of job (KB)
...
006 (005.3569.000) 05/06 23:37:52 Image size of job updated: 3304424
	2631  -  MemoryUsage of job (MB)
	2693460  -  ResidentSetSize of job (KB)
...
006 (005.3569.000) 05/06 23:37:57 Image size of job updated: 3304424
	2640  -  MemoryUsage of job (MB)
	2702436  -  ResidentSetSize of job (KB)
...
006 (005.3569.000) 05/06 23:38:02 Image size of job updated: 3336168
	2648  -  MemoryUsage of job (MB)
	2711280  -  ResidentSetSize of job (KB)
...
006 (005.3569.000) 05/06 23:38:07 Image size of job updated: 3342312
	2658  -  MemoryUsage of job (MB)
	2721576  -  ResidentSetSize of job (KB)
...
006 (005.3569.000) 05/06 23:38:12 Image size of job updated: 3342312
	2668  -  MemoryUsage of job (MB)
	2731212  -  ResidentSetSize of job (KB)
...
006 (005.3569.000) 05/06 23:38:17 Image size of job updated: 3365864
	2676  -  MemoryUsage of job (MB)
	2739660  -  ResidentSetSize of job (KB)
...
006 (005.3569.000) 05/06 23:38:22 Image size of job updated: 3374056
	2685  -  MemoryUsage of job (MB)
	2749032  -  ResidentSetSize of job (KB)
...
006 (005.3569.000) 05/06 23:38:27 Image size of job updated: 3385320
	2694  -  MemoryUsage of job (MB)
	2757744  -  ResidentSetSize of job (KB)
...
006 (005.3569.000) 05/06 23:38:32 Image size of job updated: 3394536
	2704  -  MemoryUsage of job (MB)
	2768832  -  ResidentSetSize of job (KB)
...
006 (005.3569.000) 05/06 23:38:37 Image size of job updated: 3394536
	2712  -  MemoryUsage of job (MB)
	2776884  -  ResidentSetSize of job (KB)
...
006 (005.3569.000) 05/06 23:38:42 Image size of job updated: 3394536
	2722  -  MemoryUsage of job (MB)
	2787180  -  ResidentSetSize of job (KB)
...
006 (005.3569.000) 05/06 23:38:47 Image size of job updated: 3420136
	2730  -  MemoryUsage of job (MB)
	2794572  -  ResidentSetSize of job (KB)
...
006 (005.3569.000) 05/06 23:38:52 Image size of job updated: 3420136
	2902  -  MemoryUsage of job (MB)
	2970660  -  ResidentSetSize of job (KB)
...
006 (005.3569.000) 05/06 23:38:57 Image size of job updated: 3420136
	2943  -  MemoryUsage of job (MB)
	3013428  -  ResidentSetSize of job (KB)
...
005 (005.3569.000) 05/06 23:39:00 Job terminated.
	(1) Normal termination (return value 0)
		Usr 0 00:21:09, Sys 0 00:00:03  -  Run Remote Usage
		Usr 0 00:00:00, Sys 0 00:00:00  -  Run Local Usage
		Usr 0 00:21:09, Sys 0 00:00:03  -  Total Remote Usage
		Usr 0 00:00:00, Sys 0 00:00:00  -  Total Local Usage
	0  -  Run Bytes Sent By Job
	0  -  Run Bytes Received By Job
	0  -  Total Bytes Sent By Job
	0  -  Total Bytes Received By Job
	Partitionable Resources :      Usage  Request Allocated 
	   Cpus                 :       0.99        1         1 
	   Disk (KB)            : 2000000     2000000   6275465 
	   Memory (MB)          :    2943        1954      2007 
...
