000 (205.6977.000) 05/06 03:21:04 Job submitted from host: <127.0.0.1:9618?addrs=127.0.0.1-9618&noUDP&sock=222_da1d_4>
...
033 (205.6977.000) 05/06 14:23:46 Changing job attribute JobPrio from 0 to -5
...
000 (007.6977.000) 05/07 19:00:43 Job submitted from host: <127.0.0.1:9618?addrs=127.0.0.1-9618&noUDP&sock=215_0cf3_4>
...
000 (016.6977.000) 05/08 15:57:46 Job submitted from host: <127.0.0.1:9618?addrs=127.0.0.1-9618&noUDP&sock=227_4816_4>
...
009 (016.6977.000) 05/09 16:55:39 Job was aborted by the user.
	via condor_rm (by user aw868)
...
000 (017.3644.000) 05/09 17:26:24 Job submitted from host: <127.0.0.1:9618?addrs=127.0.0.1-9618&noUDP&sock=227_4816_4>
...
001 (017.3644.000) 05/10 19:43:58 Job executing on host: <127.0.0.1:9618?addrs=127.0.0.1-9618&noUDP&sock=227_4816_5>
...
006 (017.3644.000) 05/10 19:44:04 Image size of job updated: 2000000
	114  -  MemoryUsage of job (MB)
	116556  -  ResidentSetSize of job (KB)
...
006 (017.3644.000) 05/10 19:44:34 Image size of job updated: 2000000
	172  -  MemoryUsage of job (MB)
	175164  -  ResidentSetSize of job (KB)
...
006 (017.3644.000) 05/10 19:44:41 Image size of job updated: 2000000
	197  -  MemoryUsage of job (MB)
	201696  -  ResidentSetSize of job (KB)
...
006 (017.3644.000) 05/10 19:44:46 Image size of job updated: 2000000
	205  -  MemoryUsage of job (MB)
	209880  -  ResidentSetSize of job (KB)
...
006 (017.3644.000) 05/10 19:44:51 Image size of job updated: 2000000
	206  -  MemoryUsage of job (MB)
	210276  -  ResidentSetSize of job (KB)
...
006 (017.3644.000) 05/10 19:44:56 Image size of job updated: 2000000
	207  -  MemoryUsage of job (MB)
	211860  -  ResidentSetSize of job (KB)
...
006 (017.3644.000) 05/10 19:45:01 Image size of job updated: 2000000
	217  -  MemoryUsage of job (MB)
	221760  -  ResidentSetSize of job (KB)
...
006 (017.3644.000) 05/10 19:45:06 Image size of job updated: 2000000
	227  -  MemoryUsage of job (MB)
	231528  -  ResidentSetSize of job (KB)
...
006 (017.3644.000) 05/10 19:45:11 Image size of job updated: 2000000
	237  -  MemoryUsage of job (MB)
	241956  -  ResidentSetSize of job (KB)
...
006 (017.3644.000) 05/10 19:45:16 Image size of job updated: 2000000
	246  -  MemoryUsage of job (MB)
	251856  -  ResidentSetSize of job (KB)
...
006 (017.3644.000) 05/10 19:45:21 Image size of job updated: 2000000
	255  -  MemoryUsage of job (MB)
	260568  -  ResidentSetSize of job (KB)
...
006 (017.3644.000) 05/10 19:45:26 Image size of job updated: 2000000
	266  -  MemoryUsage of job (MB)
	271392  -  ResidentSetSize of job (KB)
...
006 (017.3644.000) 05/10 19:45:31 Image size of job updated: 2000000
	275  -  MemoryUsage of job (MB)
	280632  -  ResidentSetSize of job (KB)
...
006 (017.3644.000) 05/10 19:45:36 Image size of job updated: 2000000
	308  -  MemoryUsage of job (MB)
	315216  -  ResidentSetSize of job (KB)
...
006 (017.3644.000) 05/10 19:45:41 Image size of job updated: 2000000
	351  -  MemoryUsage of job (MB)
	358644  -  ResidentSetSize of job (KB)
...
006 (017.3644.000) 05/10 19:45:46 Image size of job updated: 2000000
	375  -  MemoryUsage of job (MB)
	383592  -  ResidentSetSize of job (KB)
...
006 (017.3644.000) 05/10 19:45:51 Image size of job updated: 2000000
	419  -  MemoryUsage of job (MB)
	428604  -  ResidentSetSize of job (KB)
...
006 (017.3644.000) 05/10 19:45:57 Image size of job updated: 2000000
	441  -  MemoryUsage of job (MB)
	451308  -  ResidentSetSize of job (KB)
...
006 (017.3644.000) 05/10 19:47:02 Image size of job updated: 2000000
	1237  -  MemoryUsage of job (MB)
	1266408  -  ResidentSetSize of job (KB)
...
006 (017.3644.000) 05/10 20:04:10 Image size of job updated: 2608880
	1931  -  MemoryUsage of job (MB)
	1976700  -  ResidentSetSize of job (KB)
...
006 (017.3644.000) 05/10 20:04:21 Image size of job updated: 2654448
	1952  -  MemoryUsage of job (MB)
	1998084  -  ResidentSetSize of job (KB)
...
006 (017.3644.000) 05/10 20:04:28 Image size of job updated: 2767088
	2053  -  MemoryUsage of job (MB)
	2102232  -  ResidentSetSize of job (KB)
...
006 (017.3644.000) 05/10 20:04:34 Image size of job updated: 2866416
	2139  -  MemoryUsage of job (MB)
	2190276  -  ResidentSetSize of job (KB)
...
006 (017.3644.000) 05/10 20:04:40 Image size of job updated: 2916592
	2194  -  MemoryUsage of job (MB)
	2245848  -  ResidentSetSize of job (KB)
...
006 (017.3644.000) 05/10 20:04:46 Image size of job updated: 2967792
	2239  -  MemoryUsage of job (MB)
	2291784  -  ResidentSetSize of job (KB)
...
006 (017.3644.000) 05/10 20:04:52 Image size of job updated: 2967792
	2281  -  MemoryUsage of job (MB)
	2334816  -  ResidentSetSize of job (KB)
...
006 (017.3644.000) 05/10 20:04:58 Image size of job updated: 2967792
	2323  -  MemoryUsage of job (MB)
	2378112  -  ResidentSetSize of job (KB)
...
006 (017.3644.000) 05/10 20:05:04 Image size of job updated: 3073264
	2361  -  MemoryUsage of job (MB)
	2416920  -  ResidentSetSize of job (KB)
...
006 (017.3644.000) 05/10 20:05:10 Image size of job updated: 3127536
	2400  -  MemoryUsage of job (MB)
	2456784  -  ResidentSetSize of job (KB)
...
006 (017.3644.000) 05/10 20:05:16 Image size of job updated: 3167472
	2439  -  MemoryUsage of job (MB)
	2496648  -  ResidentSetSize of job (KB)
...
006 (017.3644.000) 05/10 20:05:22 Image size of job updated: 3167472
	2477  -  MemoryUsage of job (MB)
	2536380  -  ResidentSetSize of job (KB)
...
006 (017.3644.000) 05/10 20:05:28 Image size of job updated: 3167472
	2517  -  MemoryUsage of job (MB)
	2577300  -  ResidentSetSize of job (KB)
...
006 (017.3644.000) 05/10 20:05:34 Image size of job updated: 3276016
	2557  -  MemoryUsage of job (MB)
	2618220  -  ResidentSetSize of job (KB)
...
006 (017.3644.000) 05/10 20:05:40 Image size of job updated: 3325168
	2598  -  MemoryUsage of job (MB)
	2659536  -  ResidentSetSize of job (KB)
...
006 (017.3644.000) 05/10 20:05:47 Image size of job updated: 3366128
	2638  -  MemoryUsage of job (MB)
	2700324  -  ResidentSetSize of job (KB)
...
006 (017.3644.000) 05/10 20:05:52 Image size of job updated: 3396848
	2671  -  MemoryUsage of job (MB)
	2734908  -  ResidentSetSize of job (KB)
...
006 (017.3644.000) 05/10 20:05:57 Image size of job updated: 3396848
	2705  -  MemoryUsage of job (MB)
	2769360  -  ResidentSetSize of job (KB)
...
006 (017.3644.000) 05/10 20:06:02 Image size of job updated: 3396848
	2739  -  MemoryUsage of job (MB)
	2803812  -  ResidentSetSize of job (KB)
...
006 (017.3644.000) 05/10 20:06:07 Image size of job updated: 3396848
	2772  -  MemoryUsage of job (MB)
	2838000  -  ResidentSetSize of job (KB)
...
006 (017.3644.000) 05/10 20:06:12 Image size of job updated: 3519728
	2806  -  MemoryUsage of job (MB)
	2872452  -  ResidentSetSize of job (KB)
...
006 (017.3644.000) 05/10 20:06:17 Image size of job updated: 3519728
	2839  -  MemoryUsage of job (MB)
	2906772  -  ResidentSetSize of job (KB)
...
006 (017.3644.000) 05/10 20:06:22 Image size of job updated: 3519728
	2873  -  MemoryUsage of job (MB)
	2941224  -  ResidentSetSize of job (KB)
...
006 (017.3644.000) 05/10 20:06:27 Image size of job updated: 3648752
	2906  -  MemoryUsage of job (MB)
	2975148  -  ResidentSetSize of job (KB)
...
006 (017.3644.000) 05/10 20:06:32 Image size of job updated: 3648752
	2940  -  MemoryUsage of job (MB)
	3009996  -  ResidentSetSize of job (KB)
...
006 (017.3644.000) 05/10 20:06:37 Image size of job updated: 3648752
	2977  -  MemoryUsage of job (MB)
	3048012  -  ResidentSetSize of job (KB)
...
006 (017.3644.000) 05/10 20:06:42 Image size of job updated: 3760368
	3017  -  MemoryUsage of job (MB)
	3089328  -  ResidentSetSize of job (KB)
...
006 (017.3644.000) 05/10 20:06:47 Image size of job updated: 3796208
	3050  -  MemoryUsage of job (MB)
	3122460  -  ResidentSetSize of job (KB)
...
006 (017.3644.000) 05/10 20:06:52 Image size of job updated: 3825904
	3081  -  MemoryUsage of job (MB)
	3154404  -  ResidentSetSize of job (KB)
...
006 (017.3644.000) 05/10 20:06:57 Image size of job updated: 3825904
	3112  -  MemoryUsage of job (MB)
	3185820  -  ResidentSetSize of job (KB)
...
006 (017.3644.000) 05/10 20:07:02 Image size of job updated: 3891440
	3144  -  MemoryUsage of job (MB)
	3219216  -  ResidentSetSize of job (KB)
...
006 (017.3644.000) 05/10 20:07:07 Image size of job updated: 3891440
	3177  -  MemoryUsage of job (MB)
	3252612  -  ResidentSetSize of job (KB)
...
006 (017.3644.000) 05/10 20:07:12 Image size of job updated: 3891440
	3210  -  MemoryUsage of job (MB)
	3286140  -  ResidentSetSize of job (KB)
...
006 (017.3644.000) 05/10 20:07:17 Image size of job updated: 3966192
	3242  -  MemoryUsage of job (MB)
	3319404  -  ResidentSetSize of job (KB)
...
006 (017.3644.000) 05/10 20:07:22 Image size of job updated: 3966192
	3274  -  MemoryUsage of job (MB)
	3351876  -  ResidentSetSize of job (KB)
...
006 (017.3644.000) 05/10 20:07:27 Image size of job updated: 3966192
	3306  -  MemoryUsage of job (MB)
	3384480  -  ResidentSetSize of job (KB)
...
006 (017.3644.000) 05/10 20:07:32 Image size of job updated: 4070640
	3338  -  MemoryUsage of job (MB)
	3417744  -  ResidentSetSize of job (KB)
...
006 (017.3644.000) 05/10 20:07:37 Image size of job updated: 4070640
	3380  -  MemoryUsage of job (MB)
	3460380  -  ResidentSetSize of job (KB)
...
006 (017.3644.000) 05/10 20:07:42 Image size of job updated: 4144368
	3411  -  MemoryUsage of job (MB)
	3492060  -  ResidentSetSize of job (KB)
...
006 (017.3644.000) 05/10 20:07:47 Image size of job updated: 4177136
	3441  -  MemoryUsage of job (MB)
	3523476  -  ResidentSetSize of job (KB)
...
006 (017.3644.000) 05/10 20:07:52 Image size of job updated: 4177136
	3472  -  MemoryUsage of job (MB)
	3555288  -  ResidentSetSize of job (KB)
...
006 (017.3644.000) 05/10 20:07:57 Image size of job updated: 4177136
	3503  -  MemoryUsage of job (MB)
	3586572  -  ResidentSetSize of job (KB)
...
006 (017.3644.000) 05/10 20:08:02 Image size of job updated: 4271344
	3534  -  MemoryUsage of job (MB)
	3618384  -  ResidentSetSize of job (KB)
...
006 (017.3644.000) 05/10 20:08:07 Image size of job updated: 4294896
	3574  -  MemoryUsage of job (MB)
	3659436  -  ResidentSetSize of job (KB)
...
006 (017.3644.000) 05/10 20:08:12 Image size of job updated: 4356336
	3615  -  MemoryUsage of job (MB)
	3701412  -  ResidentSetSize of job (KB)
...
006 (017.3644.000) 05/10 20:08:17 Image size of job updated: 4397296
	3648  -  MemoryUsage of job (MB)
	3734940  -  ResidentSetSize of job (KB)
...
006 (017.3644.000) 05/10 20:08:22 Image size of job updated: 4419824
	3690  -  MemoryUsage of job (MB)
	3778368  -  ResidentSetSize of job (KB)
...
006 (017.3644.000) 05/10 20:08:27 Image size of job updated: 4419824
	3730  -  MemoryUsage of job (MB)
	3819156  -  ResidentSetSize of job (KB)
...
006 (017.3644.000) 05/10 20:08:32 Image size of job updated: 4510960
	3769  -  MemoryUsage of job (MB)
	3858492  -  ResidentSetSize of job (KB)
...
006 (017.3644.000) 05/10 20:08:37 Image size of job updated: 4510960
	3812  -  MemoryUsage of job (MB)
	3903372  -  ResidentSetSize of job (KB)
...
006 (017.3644.000) 05/10 20:08:42 Image size of job updated: 4510960
	3855  -  MemoryUsage of job (MB)
	3946800  -  ResidentSetSize of job (KB)
...
006 (017.3644.000) 05/10 20:08:47 Image size of job updated: 4649200
	3898  -  MemoryUsage of job (MB)
	3990624  -  ResidentSetSize of job (KB)
...
006 (017.3644.000) 05/10 20:08:52 Image size of job updated: 4649200
	3936  -  MemoryUsage of job (MB)
	4029960  -  ResidentSetSize of job (KB)
...
006 (017.3644.000) 05/10 20:08:57 Image size of job updated: 4726000
	3971  -  MemoryUsage of job (MB)
	4065996  -  ResidentSetSize of job (KB)
...
006 (017.3644.000) 05/10 20:09:02 Image size of job updated: 4761840
	4004  -  MemoryUsage of job (MB)
	4099920  -  ResidentSetSize of job (KB)
...
006 (017.3644.000) 05/10 20:09:07 Image size of job updated: 4761840
	4037  -  MemoryUsage of job (MB)
	4133448  -  ResidentSetSize of job (KB)
...
006 (017.3644.000) 05/10 20:09:12 Image size of job updated: 4761840
	4079  -  MemoryUsage of job (MB)
	4176084  -  ResidentSetSize of job (KB)
...
006 (017.3644.000) 05/10 20:09:17 Image size of job updated: 4878576
	4122  -  MemoryUsage of job (MB)
	4220832  -  ResidentSetSize of job (KB)
...
006 (017.3644.000) 05/10 20:09:22 Image size of job updated: 4878576
	4157  -  MemoryUsage of job (MB)
	4256604  -  ResidentSetSize of job (KB)
...
006 (017.3644.000) 05/10 20:09:27 Image size of job updated: 4878576
	4196  -  MemoryUsage of job (MB)
	4296336  -  ResidentSetSize of job (KB)
...
006 (017.3644.000) 05/10 20:09:32 Image size of job updated: 4995312
	4235  -  MemoryUsage of job (MB)
	4335804  -  ResidentSetSize of job (KB)
...
006 (017.3644.000) 05/10 20:09:37 Image size of job updated: 4995312
	4275  -  MemoryUsage of job (MB)
	4376724  -  ResidentSetSize of job (KB)
...
006 (017.3644.000) 05/10 20:09:42 Image size of job updated: 4995312
	4315  -  MemoryUsage of job (MB)
	4418040  -  ResidentSetSize of job (KB)
...
006 (017.3644.000) 05/10 20:09:47 Image size of job updated: 5116144
	4349  -  MemoryUsage of job (MB)
	4453020  -  ResidentSetSize of job (KB)
...
006 (017.3644.000) 05/10 20:09:52 Image size of job updated: 5116144
	4380  -  MemoryUsage of job (MB)
	4484304  -  ResidentSetSize of job (KB)
...
006 (017.3644.000) 05/10 20:09:57 Image size of job updated: 5116144
	4410  -  MemoryUsage of job (MB)
	4515060  -  ResidentSetSize of job (KB)
...
006 (017.3644.000) 05/10 20:10:02 Image size of job updated: 5209328
	4440  -  MemoryUsage of job (MB)
	4545684  -  ResidentSetSize of job (KB)
...
006 (017.3644.000) 05/10 20:10:07 Image size of job updated: 5209328
	4562  -  MemoryUsage of job (MB)
	4670820  -  ResidentSetSize of job (KB)
...
006 (017.3644.000) 05/10 20:10:12 Image size of job updated: 5209328
	4688  -  MemoryUsage of job (MB)
	4799784  -  ResidentSetSize of job (KB)
...
006 (017.3644.000) 05/10 20:10:17 Image size of job updated: 5464304
	4688  -  MemoryUsage of job (MB)
	4799784  -  ResidentSetSize of job (KB)
...
005 (017.3644.000) 05/10 20:10:17 Job terminated.
	(1) Normal termination (return value 0)
		Usr 0 00:24:54, Sys 0 00:00:22  -  Run Remote Usage
		Usr 0 00:00:00, Sys 0 00:00:00  -  Run Local Usage
		Usr 0 00:24:54, Sys 0 00:00:22  -  Total Remote Usage
		Usr 0 00:00:00, Sys 0 00:00:00  -  Total Local Usage
	0  -  Run Bytes Sent By Job
	0  -  Run Bytes Received By Job
	0  -  Total Bytes Sent By Job
	0  -  Total Bytes Received By Job
	Partitionable Resources :      Usage  Request Allocated 
	   Cpus                 :       0.99        1         1 
	   Disk (KB)            : 2000000     2000000   6275465 
	   Memory (MB)          :    4688        1954      2007 
...
