000 (005.1572.000) 05/05 20:22:13 Job submitted from host: <127.0.0.1:9618?addrs=127.0.0.1-9618&noUDP&sock=227_4816_4>
...
001 (005.1572.000) 05/06 06:24:30 Job executing on host: <127.0.0.1:9618?addrs=127.0.0.1-9618&noUDP&sock=227_4816_5>
...
006 (005.1572.000) 05/06 06:24:36 Image size of job updated: 2000000
	101  -  MemoryUsage of job (MB)
	103092  -  ResidentSetSize of job (KB)
...
006 (005.1572.000) 05/06 06:25:00 Image size of job updated: 2000000
	116  -  MemoryUsage of job (MB)
	117876  -  ResidentSetSize of job (KB)
...
006 (005.1572.000) 05/06 06:25:06 Image size of job updated: 2000000
	184  -  MemoryUsage of job (MB)
	188100  -  ResidentSetSize of job (KB)
...
006 (005.1572.000) 05/06 06:25:12 Image size of job updated: 2000000
	185  -  MemoryUsage of job (MB)
	188496  -  ResidentSetSize of job (KB)
...
006 (005.1572.000) 05/06 06:25:18 Image size of job updated: 2000000
	191  -  MemoryUsage of job (MB)
	194832  -  ResidentSetSize of job (KB)
...
006 (005.1572.000) 05/06 06:25:24 Image size of job updated: 2000000
	203  -  MemoryUsage of job (MB)
	207636  -  ResidentSetSize of job (KB)
...
006 (005.1572.000) 05/06 06:25:30 Image size of job updated: 2000000
	215  -  MemoryUsage of job (MB)
	219780  -  ResidentSetSize of job (KB)
...
006 (005.1572.000) 05/06 06:25:36 Image size of job updated: 2000000
	229  -  MemoryUsage of job (MB)
	234300  -  ResidentSetSize of job (KB)
...
006 (005.1572.000) 05/06 06:25:42 Image size of job updated: 2000000
	238  -  MemoryUsage of job (MB)
	243540  -  ResidentSetSize of job (KB)
...
006 (005.1572.000) 05/06 06:25:48 Image size of job updated: 2000000
	256  -  MemoryUsage of job (MB)
	262020  -  ResidentSetSize of job (KB)
...
006 (005.1572.000) 05/06 06:25:54 Image size of job updated: 2000000
	299  -  MemoryUsage of job (MB)
	305184  -  ResidentSetSize of job (KB)
...
006 (005.1572.000) 05/06 06:26:00 Image size of job updated: 2000000
	329  -  MemoryUsage of job (MB)
	336468  -  ResidentSetSize of job (KB)
...
006 (005.1572.000) 05/06 06:26:06 Image size of job updated: 2000000
	385  -  MemoryUsage of job (MB)
	393756  -  ResidentSetSize of job (KB)
...
006 (005.1572.000) 05/06 06:26:12 Image size of job updated: 2000000
	455  -  MemoryUsage of job (MB)
	464904  -  ResidentSetSize of job (KB)
...
006 (005.1572.000) 05/06 06:26:18 Image size of job updated: 2000000
	1169  -  MemoryUsage of job (MB)
	1196580  -  ResidentSetSize of job (KB)
...
006 (005.1572.000) 05/06 06:39:57 Image size of job updated: 2000000
	1170  -  MemoryUsage of job (MB)
	1197372  -  ResidentSetSize of job (KB)
...
006 (005.1572.000) 05/06 06:40:03 Image size of job updated: 2000000
	1186  -  MemoryUsage of job (MB)
	1213608  -  ResidentSetSize of job (KB)
...
006 (005.1572.000) 05/06 06:40:09 Image size of job updated: 2000000
	1552  -  MemoryUsage of job (MB)
	1588356  -  ResidentSetSize of job (KB)
...
006 (005.1572.000) 05/06 06:40:15 Image size of job updated: 2262476
	1637  -  MemoryUsage of job (MB)
	1675608  -  ResidentSetSize of job (KB)
...
006 (005.1572.000) 05/06 06:40:21 Image size of job updated: 2602732
	1915  -  MemoryUsage of job (MB)
	1960728  -  ResidentSetSize of job (KB)
...
006 (005.1572.000) 05/06 06:40:27 Image size of job updated: 2602732
	1983  -  MemoryUsage of job (MB)
	2030292  -  ResidentSetSize of job (KB)
...
006 (005.1572.000) 05/06 06:40:33 Image size of job updated: 2662380
	2028  -  MemoryUsage of job (MB)
	2076624  -  ResidentSetSize of job (KB)
...
006 (005.1572.000) 05/06 06:40:39 Image size of job updated: 2662380
	2078  -  MemoryUsage of job (MB)
	2127180  -  ResidentSetSize of job (KB)
...
006 (005.1572.000) 05/06 06:40:45 Image size of job updated: 2790380
	2123  -  MemoryUsage of job (MB)
	2173776  -  ResidentSetSize of job (KB)
...
006 (005.1572.000) 05/06 06:40:51 Image size of job updated: 2790380
	2166  -  MemoryUsage of job (MB)
	2217864  -  ResidentSetSize of job (KB)
...
006 (005.1572.000) 05/06 06:40:57 Image size of job updated: 2848748
	2205  -  MemoryUsage of job (MB)
	2257860  -  ResidentSetSize of job (KB)
...
006 (005.1572.000) 05/06 06:41:03 Image size of job updated: 2903020
	2246  -  MemoryUsage of job (MB)
	2299308  -  ResidentSetSize of job (KB)
...
006 (005.1572.000) 05/06 06:41:09 Image size of job updated: 2938860
	2285  -  MemoryUsage of job (MB)
	2339700  -  ResidentSetSize of job (KB)
...
006 (005.1572.000) 05/06 06:41:15 Image size of job updated: 2938860
	2326  -  MemoryUsage of job (MB)
	2381280  -  ResidentSetSize of job (KB)
...
006 (005.1572.000) 05/06 06:41:21 Image size of job updated: 3011564
	2366  -  MemoryUsage of job (MB)
	2422596  -  ResidentSetSize of job (KB)
...
006 (005.1572.000) 05/06 06:41:28 Image size of job updated: 3011564
	2407  -  MemoryUsage of job (MB)
	2464308  -  ResidentSetSize of job (KB)
...
006 (005.1572.000) 05/06 06:41:33 Image size of job updated: 3111916
	2438  -  MemoryUsage of job (MB)
	2495592  -  ResidentSetSize of job (KB)
...
006 (005.1572.000) 05/06 06:41:38 Image size of job updated: 3111916
	2473  -  MemoryUsage of job (MB)
	2531892  -  ResidentSetSize of job (KB)
...
006 (005.1572.000) 05/06 06:41:43 Image size of job updated: 3111916
	2510  -  MemoryUsage of job (MB)
	2570172  -  ResidentSetSize of job (KB)
...
006 (005.1572.000) 05/06 06:41:48 Image size of job updated: 3222508
	2547  -  MemoryUsage of job (MB)
	2607396  -  ResidentSetSize of job (KB)
...
006 (005.1572.000) 05/06 06:41:53 Image size of job updated: 3222508
	2582  -  MemoryUsage of job (MB)
	2643828  -  ResidentSetSize of job (KB)
...
006 (005.1572.000) 05/06 06:41:58 Image size of job updated: 3222508
	2617  -  MemoryUsage of job (MB)
	2678808  -  ResidentSetSize of job (KB)
...
006 (005.1572.000) 05/06 06:42:03 Image size of job updated: 3326956
	2648  -  MemoryUsage of job (MB)
	2711148  -  ResidentSetSize of job (KB)
...
006 (005.1572.000) 05/06 06:42:08 Image size of job updated: 3350508
	2685  -  MemoryUsage of job (MB)
	2749296  -  ResidentSetSize of job (KB)
...
006 (005.1572.000) 05/06 06:42:13 Image size of job updated: 3398636
	2719  -  MemoryUsage of job (MB)
	2784144  -  ResidentSetSize of job (KB)
...
006 (005.1572.000) 05/06 06:42:18 Image size of job updated: 3439596
	2753  -  MemoryUsage of job (MB)
	2818596  -  ResidentSetSize of job (KB)
...
006 (005.1572.000) 05/06 06:42:23 Image size of job updated: 3453932
	2787  -  MemoryUsage of job (MB)
	2853576  -  ResidentSetSize of job (KB)
...
006 (005.1572.000) 05/06 06:42:28 Image size of job updated: 3500012
	2825  -  MemoryUsage of job (MB)
	2891856  -  ResidentSetSize of job (KB)
...
006 (005.1572.000) 05/06 06:42:33 Image size of job updated: 3550188
	2863  -  MemoryUsage of job (MB)
	2930796  -  ResidentSetSize of job (KB)
...
006 (005.1572.000) 05/06 06:42:38 Image size of job updated: 3550188
	2897  -  MemoryUsage of job (MB)
	2966040  -  ResidentSetSize of job (KB)
...
006 (005.1572.000) 05/06 06:42:43 Image size of job updated: 3550188
	2930  -  MemoryUsage of job (MB)
	3000096  -  ResidentSetSize of job (KB)
...
006 (005.1572.000) 05/06 06:42:48 Image size of job updated: 3656684
	2966  -  MemoryUsage of job (MB)
	3036528  -  ResidentSetSize of job (KB)
...
006 (005.1572.000) 05/06 06:42:53 Image size of job updated: 3680236
	2998  -  MemoryUsage of job (MB)
	3069924  -  ResidentSetSize of job (KB)
...
006 (005.1572.000) 05/06 06:42:58 Image size of job updated: 3718124
	3034  -  MemoryUsage of job (MB)
	3106224  -  ResidentSetSize of job (KB)
...
006 (005.1572.000) 05/06 06:43:03 Image size of job updated: 3762156
	3071  -  MemoryUsage of job (MB)
	3144240  -  ResidentSetSize of job (KB)
...
006 (005.1572.000) 05/06 06:43:08 Image size of job updated: 3762156
	3109  -  MemoryUsage of job (MB)
	3183180  -  ResidentSetSize of job (KB)
...
006 (005.1572.000) 05/06 06:43:13 Image size of job updated: 3838956
	3146  -  MemoryUsage of job (MB)
	3221196  -  ResidentSetSize of job (KB)
...
006 (005.1572.000) 05/06 06:43:18 Image size of job updated: 3882988
	3182  -  MemoryUsage of job (MB)
	3257628  -  ResidentSetSize of job (KB)
...
006 (005.1572.000) 05/06 06:43:23 Image size of job updated: 3882988
	3219  -  MemoryUsage of job (MB)
	3295512  -  ResidentSetSize of job (KB)
...
006 (005.1572.000) 05/06 06:43:28 Image size of job updated: 3882988
	3255  -  MemoryUsage of job (MB)
	3333000  -  ResidentSetSize of job (KB)
...
006 (005.1572.000) 05/06 06:43:33 Image size of job updated: 3994604
	3291  -  MemoryUsage of job (MB)
	3369696  -  ResidentSetSize of job (KB)
...
006 (005.1572.000) 05/06 06:43:38 Image size of job updated: 3994604
	3327  -  MemoryUsage of job (MB)
	3406128  -  ResidentSetSize of job (KB)
...
006 (005.1572.000) 05/06 06:43:43 Image size of job updated: 3994604
	3360  -  MemoryUsage of job (MB)
	3440184  -  ResidentSetSize of job (KB)
...
006 (005.1572.000) 05/06 06:43:48 Image size of job updated: 4069356
	3395  -  MemoryUsage of job (MB)
	3476220  -  ResidentSetSize of job (KB)
...
006 (005.1572.000) 05/06 06:43:53 Image size of job updated: 4108268
	3428  -  MemoryUsage of job (MB)
	3509484  -  ResidentSetSize of job (KB)
...
006 (005.1572.000) 05/06 06:43:58 Image size of job updated: 4108268
	3459  -  MemoryUsage of job (MB)
	3541824  -  ResidentSetSize of job (KB)
...
006 (005.1572.000) 05/06 06:44:03 Image size of job updated: 4108268
	3493  -  MemoryUsage of job (MB)
	3575880  -  ResidentSetSize of job (KB)
...
006 (005.1572.000) 05/06 06:44:08 Image size of job updated: 4214764
	3526  -  MemoryUsage of job (MB)
	3610596  -  ResidentSetSize of job (KB)
...
006 (005.1572.000) 05/06 06:44:13 Image size of job updated: 4214764
	3561  -  MemoryUsage of job (MB)
	3645708  -  ResidentSetSize of job (KB)
...
006 (005.1572.000) 05/06 06:44:18 Image size of job updated: 4214764
	3596  -  MemoryUsage of job (MB)
	3682272  -  ResidentSetSize of job (KB)
...
006 (005.1572.000) 05/06 06:44:23 Image size of job updated: 4319212
	3632  -  MemoryUsage of job (MB)
	3718176  -  ResidentSetSize of job (KB)
...
006 (005.1572.000) 05/06 06:44:28 Image size of job updated: 4319212
	3666  -  MemoryUsage of job (MB)
	3753420  -  ResidentSetSize of job (KB)
...
006 (005.1572.000) 05/06 06:44:33 Image size of job updated: 4319212
	3703  -  MemoryUsage of job (MB)
	3791172  -  ResidentSetSize of job (KB)
...
006 (005.1572.000) 05/06 06:44:38 Image size of job updated: 4430828
	3737  -  MemoryUsage of job (MB)
	3826548  -  ResidentSetSize of job (KB)
...
006 (005.1572.000) 05/06 06:44:43 Image size of job updated: 4430828
	3771  -  MemoryUsage of job (MB)
	3861000  -  ResidentSetSize of job (KB)
...
006 (005.1572.000) 05/06 06:44:48 Image size of job updated: 4514796
	3807  -  MemoryUsage of job (MB)
	3897696  -  ResidentSetSize of job (KB)
...
006 (005.1572.000) 05/06 06:44:53 Image size of job updated: 4543468
	3841  -  MemoryUsage of job (MB)
	3933072  -  ResidentSetSize of job (KB)
...
006 (005.1572.000) 05/06 06:44:58 Image size of job updated: 4543468
	3878  -  MemoryUsage of job (MB)
	3970296  -  ResidentSetSize of job (KB)
...
006 (005.1572.000) 05/06 06:45:03 Image size of job updated: 4543468
	3912  -  MemoryUsage of job (MB)
	4005276  -  ResidentSetSize of job (KB)
...
006 (005.1572.000) 05/06 06:45:08 Image size of job updated: 4658156
	3948  -  MemoryUsage of job (MB)
	4042236  -  ResidentSetSize of job (KB)
...
006 (005.1572.000) 05/06 06:45:13 Image size of job updated: 4658156
	3980  -  MemoryUsage of job (MB)
	4075104  -  ResidentSetSize of job (KB)
...
006 (005.1572.000) 05/06 06:45:18 Image size of job updated: 4658156
	4013  -  MemoryUsage of job (MB)
	4108764  -  ResidentSetSize of job (KB)
...
006 (005.1572.000) 05/06 06:45:23 Image size of job updated: 4768748
	4048  -  MemoryUsage of job (MB)
	4144404  -  ResidentSetSize of job (KB)
...
006 (005.1572.000) 05/06 06:45:28 Image size of job updated: 4768748
	4082  -  MemoryUsage of job (MB)
	4179384  -  ResidentSetSize of job (KB)
...
006 (005.1572.000) 05/06 06:45:33 Image size of job updated: 4815852
	4116  -  MemoryUsage of job (MB)
	4213836  -  ResidentSetSize of job (KB)
...
006 (005.1572.000) 05/06 06:45:38 Image size of job updated: 4881388
	4152  -  MemoryUsage of job (MB)
	4251060  -  ResidentSetSize of job (KB)
...
006 (005.1572.000) 05/06 06:45:43 Image size of job updated: 4881388
	4185  -  MemoryUsage of job (MB)
	4285380  -  ResidentSetSize of job (KB)
...
006 (005.1572.000) 05/06 06:45:48 Image size of job updated: 4944876
	4219  -  MemoryUsage of job (MB)
	4319568  -  ResidentSetSize of job (KB)
...
006 (005.1572.000) 05/06 06:45:53 Image size of job updated: 4985836
	4254  -  MemoryUsage of job (MB)
	4355076  -  ResidentSetSize of job (KB)
...
006 (005.1572.000) 05/06 06:45:58 Image size of job updated: 4995052
	4288  -  MemoryUsage of job (MB)
	4389924  -  ResidentSetSize of job (KB)
...
006 (005.1572.000) 05/06 06:46:03 Image size of job updated: 4995052
	4320  -  MemoryUsage of job (MB)
	4423056  -  ResidentSetSize of job (KB)
...
006 (005.1572.000) 05/06 06:46:08 Image size of job updated: 5084140
	4350  -  MemoryUsage of job (MB)
	4454340  -  ResidentSetSize of job (KB)
...
006 (005.1572.000) 05/06 06:46:13 Image size of job updated: 5084140
	4383  -  MemoryUsage of job (MB)
	4487340  -  ResidentSetSize of job (KB)
...
006 (005.1572.000) 05/06 06:46:18 Image size of job updated: 5084140
	4416  -  MemoryUsage of job (MB)
	4521660  -  ResidentSetSize of job (KB)
...
006 (005.1572.000) 05/06 06:46:23 Image size of job updated: 5084140
	4448  -  MemoryUsage of job (MB)
	4554660  -  ResidentSetSize of job (KB)
...
006 (005.1572.000) 05/06 06:46:28 Image size of job updated: 5190636
	4481  -  MemoryUsage of job (MB)
	4588320  -  ResidentSetSize of job (KB)
...
006 (005.1572.000) 05/06 06:46:33 Image size of job updated: 5190636
	4513  -  MemoryUsage of job (MB)
	4620924  -  ResidentSetSize of job (KB)
...
006 (005.1572.000) 05/06 06:46:38 Image size of job updated: 5271532
	4546  -  MemoryUsage of job (MB)
	4654188  -  ResidentSetSize of job (KB)
...
006 (005.1572.000) 05/06 06:46:43 Image size of job updated: 5308396
	4580  -  MemoryUsage of job (MB)
	4688904  -  ResidentSetSize of job (KB)
...
006 (005.1572.000) 05/06 06:46:48 Image size of job updated: 5344236
	4613  -  MemoryUsage of job (MB)
	4722696  -  ResidentSetSize of job (KB)
...
006 (005.1572.000) 05/06 06:46:53 Image size of job updated: 5344236
	4646  -  MemoryUsage of job (MB)
	4757412  -  ResidentSetSize of job (KB)
...
006 (005.1572.000) 05/06 06:46:58 Image size of job updated: 5392364
	4680  -  MemoryUsage of job (MB)
	4791600  -  ResidentSetSize of job (KB)
...
006 (005.1572.000) 05/06 06:47:04 Image size of job updated: 5392364
	4716  -  MemoryUsage of job (MB)
	4828296  -  ResidentSetSize of job (KB)
...
006 (005.1572.000) 05/06 06:47:10 Image size of job updated: 5490668
	4754  -  MemoryUsage of job (MB)
	4867500  -  ResidentSetSize of job (KB)
...
006 (005.1572.000) 05/06 06:47:16 Image size of job updated: 5490668
	4792  -  MemoryUsage of job (MB)
	4906572  -  ResidentSetSize of job (KB)
...
006 (005.1572.000) 05/06 06:47:22 Image size of job updated: 5490668
	4831  -  MemoryUsage of job (MB)
	4946700  -  ResidentSetSize of job (KB)
...
006 (005.1572.000) 05/06 06:47:28 Image size of job updated: 5588972
	4870  -  MemoryUsage of job (MB)
	4986696  -  ResidentSetSize of job (KB)
...
006 (005.1572.000) 05/06 06:47:34 Image size of job updated: 5588972
	4909  -  MemoryUsage of job (MB)
	5025900  -  ResidentSetSize of job (KB)
...
006 (005.1572.000) 05/06 06:47:40 Image size of job updated: 5684204
	4947  -  MemoryUsage of job (MB)
	5065368  -  ResidentSetSize of job (KB)
...
006 (005.1572.000) 05/06 06:47:46 Image size of job updated: 5684204
	4986  -  MemoryUsage of job (MB)
	5105100  -  ResidentSetSize of job (KB)
...
006 (005.1572.000) 05/06 06:47:52 Image size of job updated: 5684204
	5025  -  MemoryUsage of job (MB)
	5144700  -  ResidentSetSize of job (KB)
...
006 (005.1572.000) 05/06 06:47:58 Image size of job updated: 5784556
	5063  -  MemoryUsage of job (MB)
	5184168  -  ResidentSetSize of job (KB)
...
006 (005.1572.000) 05/06 06:48:04 Image size of job updated: 5784556
	5101  -  MemoryUsage of job (MB)
	5223240  -  ResidentSetSize of job (KB)
...
006 (005.1572.000) 05/06 06:48:10 Image size of job updated: 5880812
	5140  -  MemoryUsage of job (MB)
	5262444  -  ResidentSetSize of job (KB)
...
006 (005.1572.000) 05/06 06:48:16 Image size of job updated: 5880812
	5176  -  MemoryUsage of job (MB)
	5300064  -  ResidentSetSize of job (KB)
...
006 (005.1572.000) 05/06 06:48:22 Image size of job updated: 5945324
	5213  -  MemoryUsage of job (MB)
	5337420  -  ResidentSetSize of job (KB)
...
006 (005.1572.000) 05/06 06:48:28 Image size of job updated: 5975020
	5251  -  MemoryUsage of job (MB)
	5376624  -  ResidentSetSize of job (KB)
...
006 (005.1572.000) 05/06 06:48:34 Image size of job updated: 5975020
	5472  -  MemoryUsage of job (MB)
	5602608  -  ResidentSetSize of job (KB)
...
006 (005.1572.000) 05/06 06:48:40 Image size of job updated: 6232556
	5472  -  MemoryUsage of job (MB)
	5602608  -  ResidentSetSize of job (KB)
...
005 (005.1572.000) 05/06 06:48:42 Job terminated.
	(1) Normal termination (return value 0)
		Usr 0 00:23:39, Sys 0 00:00:04  -  Run Remote Usage
		Usr 0 00:00:00, Sys 0 00:00:00  -  Run Local Usage
		Usr 0 00:23:39, Sys 0 00:00:04  -  Total Remote Usage
		Usr 0 00:00:00, Sys 0 00:00:00  -  Total Local Usage
	0  -  Run Bytes Sent By Job
	0  -  Run Bytes Received By Job
	0  -  Total Bytes Sent By Job
	0  -  Total Bytes Received By Job
	Partitionable Resources :      Usage  Request Allocated 
	   Cpus                 :       1.00        1         1 
	   Disk (KB)            : 2000000     2000000   6275465 
	   Memory (MB)          :    5472        1954      2007 
...
