000 (205.7226.000) 05/06 03:21:10 Job submitted from host: <127.0.0.1:9618?addrs=127.0.0.1-9618&noUDP&sock=222_da1d_4>
...
033 (205.7226.000) 05/06 14:23:50 Changing job attribute JobPrio from 0 to -5
...
000 (007.7226.000) 05/07 19:00:46 Job submitted from host: <127.0.0.1:9618?addrs=127.0.0.1-9618&noUDP&sock=215_0cf3_4>
...
000 (016.7226.000) 05/08 15:57:49 Job submitted from host: <127.0.0.1:9618?addrs=127.0.0.1-9618&noUDP&sock=227_4816_4>
...
009 (016.7226.000) 05/09 16:55:45 Job was aborted by the user.
	via condor_rm (by user aw868)
...
000 (014.065.000) 05/09 17:29:13 Job submitted from host: <127.0.0.1:9618?addrs=127.0.0.1-9618&noUDP&sock=212_fe2a_4>
...
033 (014.065.000) 05/09 17:33:47 Changing job attribute JobPrio from 0 to -10
...
001 (014.065.000) 05/09 20:27:20 Job executing on host: <127.0.0.1:9618?addrs=127.0.0.1-9618&noUDP&sock=212_fe2a_5>
...
006 (014.065.000) 05/09 20:27:26 Image size of job updated: 2000000
	115  -  MemoryUsage of job (MB)
	117084  -  ResidentSetSize of job (KB)
...
006 (014.065.000) 05/09 20:27:50 Image size of job updated: 2000000
	119  -  MemoryUsage of job (MB)
	121572  -  ResidentSetSize of job (KB)
...
006 (014.065.000) 05/09 20:27:56 Image size of job updated: 2000000
	201  -  MemoryUsage of job (MB)
	205788  -  ResidentSetSize of job (KB)
...
006 (014.065.000) 05/09 20:28:02 Image size of job updated: 2000000
	211  -  MemoryUsage of job (MB)
	215556  -  ResidentSetSize of job (KB)
...
006 (014.065.000) 05/09 20:28:08 Image size of job updated: 2000000
	212  -  MemoryUsage of job (MB)
	216084  -  ResidentSetSize of job (KB)
...
006 (014.065.000) 05/09 20:28:14 Image size of job updated: 2000000
	222  -  MemoryUsage of job (MB)
	227040  -  ResidentSetSize of job (KB)
...
006 (014.065.000) 05/09 20:28:20 Image size of job updated: 2000000
	234  -  MemoryUsage of job (MB)
	238656  -  ResidentSetSize of job (KB)
...
006 (014.065.000) 05/09 20:28:26 Image size of job updated: 2000000
	245  -  MemoryUsage of job (MB)
	250140  -  ResidentSetSize of job (KB)
...
006 (014.065.000) 05/09 20:28:32 Image size of job updated: 2000000
	255  -  MemoryUsage of job (MB)
	260304  -  ResidentSetSize of job (KB)
...
006 (014.065.000) 05/09 20:28:38 Image size of job updated: 2000000
	265  -  MemoryUsage of job (MB)
	270732  -  ResidentSetSize of job (KB)
...
006 (014.065.000) 05/09 20:28:44 Image size of job updated: 2000000
	272  -  MemoryUsage of job (MB)
	278256  -  ResidentSetSize of job (KB)
...
006 (014.065.000) 05/09 20:28:50 Image size of job updated: 2000000
	298  -  MemoryUsage of job (MB)
	304260  -  ResidentSetSize of job (KB)
...
006 (014.065.000) 05/09 20:28:56 Image size of job updated: 2000000
	353  -  MemoryUsage of job (MB)
	361020  -  ResidentSetSize of job (KB)
...
006 (014.065.000) 05/09 20:29:02 Image size of job updated: 2000000
	380  -  MemoryUsage of job (MB)
	388608  -  ResidentSetSize of job (KB)
...
006 (014.065.000) 05/09 20:29:08 Image size of job updated: 2000000
	435  -  MemoryUsage of job (MB)
	445368  -  ResidentSetSize of job (KB)
...
006 (014.065.000) 05/09 20:29:14 Image size of job updated: 2000000
	507  -  MemoryUsage of job (MB)
	518364  -  ResidentSetSize of job (KB)
...
006 (014.065.000) 05/09 20:29:20 Image size of job updated: 2000000
	1245  -  MemoryUsage of job (MB)
	1274460  -  ResidentSetSize of job (KB)
...
006 (014.065.000) 05/09 20:46:34 Image size of job updated: 2000000
	1588  -  MemoryUsage of job (MB)
	1625580  -  ResidentSetSize of job (KB)
...
006 (014.065.000) 05/09 20:46:39 Image size of job updated: 2000000
	1775  -  MemoryUsage of job (MB)
	1816980  -  ResidentSetSize of job (KB)
...
006 (014.065.000) 05/09 20:46:44 Image size of job updated: 2654448
	1952  -  MemoryUsage of job (MB)
	1998744  -  ResidentSetSize of job (KB)
...
006 (014.065.000) 05/09 20:46:49 Image size of job updated: 2654448
	1975  -  MemoryUsage of job (MB)
	2022240  -  ResidentSetSize of job (KB)
...
006 (014.065.000) 05/09 20:46:57 Image size of job updated: 2798832
	2066  -  MemoryUsage of job (MB)
	2115432  -  ResidentSetSize of job (KB)
...
006 (014.065.000) 05/09 20:47:08 Image size of job updated: 2898160
	2250  -  MemoryUsage of job (MB)
	2303796  -  ResidentSetSize of job (KB)
...
006 (014.065.000) 05/09 20:47:17 Image size of job updated: 3134704
	2394  -  MemoryUsage of job (MB)
	2450712  -  ResidentSetSize of job (KB)
...
006 (014.065.000) 05/09 20:47:23 Image size of job updated: 3134704
	2487  -  MemoryUsage of job (MB)
	2545752  -  ResidentSetSize of job (KB)
...
006 (014.065.000) 05/09 20:47:29 Image size of job updated: 3254512
	2520  -  MemoryUsage of job (MB)
	2579676  -  ResidentSetSize of job (KB)
...
006 (014.065.000) 05/09 20:47:35 Image size of job updated: 3334384
	2613  -  MemoryUsage of job (MB)
	2674848  -  ResidentSetSize of job (KB)
...
006 (014.065.000) 05/09 20:47:41 Image size of job updated: 3418352
	2706  -  MemoryUsage of job (MB)
	2770152  -  ResidentSetSize of job (KB)
...
006 (014.065.000) 05/09 20:47:47 Image size of job updated: 3542256
	2794  -  MemoryUsage of job (MB)
	2860836  -  ResidentSetSize of job (KB)
...
006 (014.065.000) 05/09 20:47:53 Image size of job updated: 3542256
	2882  -  MemoryUsage of job (MB)
	2950332  -  ResidentSetSize of job (KB)
...
006 (014.065.000) 05/09 20:47:59 Image size of job updated: 3542256
	2971  -  MemoryUsage of job (MB)
	3041808  -  ResidentSetSize of job (KB)
...
006 (014.065.000) 05/09 20:48:05 Image size of job updated: 3766512
	3059  -  MemoryUsage of job (MB)
	3131832  -  ResidentSetSize of job (KB)
...
006 (014.065.000) 05/09 20:48:11 Image size of job updated: 3854576
	3147  -  MemoryUsage of job (MB)
	3222384  -  ResidentSetSize of job (KB)
...
006 (014.065.000) 05/09 20:48:17 Image size of job updated: 4017392
	3252  -  MemoryUsage of job (MB)
	3329832  -  ResidentSetSize of job (KB)
...
006 (014.065.000) 05/09 20:48:23 Image size of job updated: 4112624
	3345  -  MemoryUsage of job (MB)
	3425268  -  ResidentSetSize of job (KB)
...
006 (014.065.000) 05/09 20:48:29 Image size of job updated: 4112624
	3438  -  MemoryUsage of job (MB)
	3520176  -  ResidentSetSize of job (KB)
...
006 (014.065.000) 05/09 20:48:36 Image size of job updated: 4249840
	3531  -  MemoryUsage of job (MB)
	3615348  -  ResidentSetSize of job (KB)
...
006 (014.065.000) 05/09 20:48:41 Image size of job updated: 4381936
	3609  -  MemoryUsage of job (MB)
	3695076  -  ResidentSetSize of job (KB)
...
006 (014.065.000) 05/09 20:48:46 Image size of job updated: 4381936
	3686  -  MemoryUsage of job (MB)
	3774276  -  ResidentSetSize of job (KB)
...
006 (014.065.000) 05/09 20:48:51 Image size of job updated: 4520176
	3763  -  MemoryUsage of job (MB)
	3852948  -  ResidentSetSize of job (KB)
...
006 (014.065.000) 05/09 20:48:56 Image size of job updated: 4623600
	3839  -  MemoryUsage of job (MB)
	3930696  -  ResidentSetSize of job (KB)
...
006 (014.065.000) 05/09 20:49:01 Image size of job updated: 4705520
	3917  -  MemoryUsage of job (MB)
	4010160  -  ResidentSetSize of job (KB)
...
006 (014.065.000) 05/09 20:49:06 Image size of job updated: 4751600
	3994  -  MemoryUsage of job (MB)
	4089228  -  ResidentSetSize of job (KB)
...
006 (014.065.000) 05/09 20:49:11 Image size of job updated: 4751600
	4072  -  MemoryUsage of job (MB)
	4169088  -  ResidentSetSize of job (KB)
...
006 (014.065.000) 05/09 20:49:16 Image size of job updated: 4751600
	4152  -  MemoryUsage of job (MB)
	4251060  -  ResidentSetSize of job (KB)
...
006 (014.065.000) 05/09 20:49:21 Image size of job updated: 5009648
	4231  -  MemoryUsage of job (MB)
	4331976  -  ResidentSetSize of job (KB)
...
006 (014.065.000) 05/09 20:49:26 Image size of job updated: 5009648
	4311  -  MemoryUsage of job (MB)
	4413948  -  ResidentSetSize of job (KB)
...
006 (014.065.000) 05/09 20:49:31 Image size of job updated: 5113072
	4389  -  MemoryUsage of job (MB)
	4493808  -  ResidentSetSize of job (KB)
...
006 (014.065.000) 05/09 20:49:36 Image size of job updated: 5220592
	4467  -  MemoryUsage of job (MB)
	4573536  -  ResidentSetSize of job (KB)
...
006 (014.065.000) 05/09 20:49:41 Image size of job updated: 5297392
	4546  -  MemoryUsage of job (MB)
	4654452  -  ResidentSetSize of job (KB)
...
006 (014.065.000) 05/09 20:49:46 Image size of job updated: 5366000
	4624  -  MemoryUsage of job (MB)
	4734180  -  ResidentSetSize of job (KB)
...
006 (014.065.000) 05/09 20:49:51 Image size of job updated: 5366000
	4702  -  MemoryUsage of job (MB)
	4814172  -  ResidentSetSize of job (KB)
...
006 (014.065.000) 05/09 20:49:56 Image size of job updated: 5522672
	4781  -  MemoryUsage of job (MB)
	4894824  -  ResidentSetSize of job (KB)
...
006 (014.065.000) 05/09 20:50:01 Image size of job updated: 5522672
	4859  -  MemoryUsage of job (MB)
	4974816  -  ResidentSetSize of job (KB)
...
006 (014.065.000) 05/09 20:50:06 Image size of job updated: 5522672
	4937  -  MemoryUsage of job (MB)
	5054940  -  ResidentSetSize of job (KB)
...
006 (014.065.000) 05/09 20:50:11 Image size of job updated: 5762288
	5016  -  MemoryUsage of job (MB)
	5136384  -  ResidentSetSize of job (KB)
...
006 (014.065.000) 05/09 20:50:16 Image size of job updated: 5762288
	5093  -  MemoryUsage of job (MB)
	5215188  -  ResidentSetSize of job (KB)
...
006 (014.065.000) 05/09 20:50:21 Image size of job updated: 5762288
	5170  -  MemoryUsage of job (MB)
	5293068  -  ResidentSetSize of job (KB)
...
006 (014.065.000) 05/09 20:50:26 Image size of job updated: 5998832
	5249  -  MemoryUsage of job (MB)
	5374908  -  ResidentSetSize of job (KB)
...
006 (014.065.000) 05/09 20:50:31 Image size of job updated: 6095088
	5346  -  MemoryUsage of job (MB)
	5473512  -  ResidentSetSize of job (KB)
...
006 (014.065.000) 05/09 20:50:36 Image size of job updated: 6205680
	5438  -  MemoryUsage of job (MB)
	5568024  -  ResidentSetSize of job (KB)
...
006 (014.065.000) 05/09 20:50:41 Image size of job updated: 6271216
	5513  -  MemoryUsage of job (MB)
	5644320  -  ResidentSetSize of job (KB)
...
006 (014.065.000) 05/09 20:50:46 Image size of job updated: 6271216
	5603  -  MemoryUsage of job (MB)
	5737380  -  ResidentSetSize of job (KB)
...
006 (014.065.000) 05/09 20:50:51 Image size of job updated: 6271216
	5686  -  MemoryUsage of job (MB)
	5822124  -  ResidentSetSize of job (KB)
...
006 (014.065.000) 05/09 20:50:56 Image size of job updated: 6531312
	5783  -  MemoryUsage of job (MB)
	5920992  -  ResidentSetSize of job (KB)
...
006 (014.065.000) 05/09 20:51:01 Image size of job updated: 6531312
	5875  -  MemoryUsage of job (MB)
	6015900  -  ResidentSetSize of job (KB)
...
006 (014.065.000) 05/09 20:51:06 Image size of job updated: 6531312
	5969  -  MemoryUsage of job (MB)
	6111468  -  ResidentSetSize of job (KB)
...
006 (014.065.000) 05/09 20:51:11 Image size of job updated: 6823152
	6071  -  MemoryUsage of job (MB)
	6216540  -  ResidentSetSize of job (KB)
...
006 (014.065.000) 05/09 20:51:16 Image size of job updated: 6823152
	6172  -  MemoryUsage of job (MB)
	6319896  -  ResidentSetSize of job (KB)
...
006 (014.065.000) 05/09 20:51:21 Image size of job updated: 6823152
	6272  -  MemoryUsage of job (MB)
	6422460  -  ResidentSetSize of job (KB)
...
006 (014.065.000) 05/09 20:51:26 Image size of job updated: 7223536
	6370  -  MemoryUsage of job (MB)
	6522120  -  ResidentSetSize of job (KB)
...
006 (014.065.000) 05/09 20:51:31 Image size of job updated: 7287024
	6458  -  MemoryUsage of job (MB)
	6612804  -  ResidentSetSize of job (KB)
...
006 (014.065.000) 05/09 20:51:36 Image size of job updated: 7287024
	6556  -  MemoryUsage of job (MB)
	6712992  -  ResidentSetSize of job (KB)
...
006 (014.065.000) 05/09 20:51:41 Image size of job updated: 7453936
	6657  -  MemoryUsage of job (MB)
	6815820  -  ResidentSetSize of job (KB)
...
006 (014.065.000) 05/09 20:51:46 Image size of job updated: 7453936
	6754  -  MemoryUsage of job (MB)
	6915612  -  ResidentSetSize of job (KB)
...
006 (014.065.000) 05/09 20:51:51 Image size of job updated: 7453936
	6855  -  MemoryUsage of job (MB)
	7018704  -  ResidentSetSize of job (KB)
...
006 (014.065.000) 05/09 20:51:56 Image size of job updated: 7758064
	6954  -  MemoryUsage of job (MB)
	7120080  -  ResidentSetSize of job (KB)
...
006 (014.065.000) 05/09 20:52:01 Image size of job updated: 7758064
	7045  -  MemoryUsage of job (MB)
	7213800  -  ResidentSetSize of job (KB)
...
006 (014.065.000) 05/09 20:52:06 Image size of job updated: 7758064
	7134  -  MemoryUsage of job (MB)
	7304352  -  ResidentSetSize of job (KB)
...
006 (014.065.000) 05/09 20:52:11 Image size of job updated: 8040688
	7234  -  MemoryUsage of job (MB)
	7406916  -  ResidentSetSize of job (KB)
...
006 (014.065.000) 05/09 20:52:16 Image size of job updated: 8040688
	7334  -  MemoryUsage of job (MB)
	7509348  -  ResidentSetSize of job (KB)
...
006 (014.065.000) 05/09 20:52:21 Image size of job updated: 8280304
	7425  -  MemoryUsage of job (MB)
	7602276  -  ResidentSetSize of job (KB)
...
006 (014.065.000) 05/09 20:52:26 Image size of job updated: 8346864
	7512  -  MemoryUsage of job (MB)
	7691904  -  ResidentSetSize of job (KB)
...
006 (014.065.000) 05/09 20:52:31 Image size of job updated: 8483056
	7607  -  MemoryUsage of job (MB)
	7788924  -  ResidentSetSize of job (KB)
...
006 (014.065.000) 05/09 20:52:36 Image size of job updated: 8547568
	7682  -  MemoryUsage of job (MB)
	7865748  -  ResidentSetSize of job (KB)
...
006 (014.065.000) 05/09 20:52:41 Image size of job updated: 8602864
	7755  -  MemoryUsage of job (MB)
	7940592  -  ResidentSetSize of job (KB)
...
006 (014.065.000) 05/09 20:52:46 Image size of job updated: 8602864
	7828  -  MemoryUsage of job (MB)
	8015832  -  ResidentSetSize of job (KB)
...
006 (014.065.000) 05/09 20:52:51 Image size of job updated: 8602864
	7905  -  MemoryUsage of job (MB)
	8093712  -  ResidentSetSize of job (KB)
...
006 (014.065.000) 05/09 20:52:56 Image size of job updated: 8842480
	7981  -  MemoryUsage of job (MB)
	8171724  -  ResidentSetSize of job (KB)
...
006 (014.065.000) 05/09 20:53:01 Image size of job updated: 8842480
	8056  -  MemoryUsage of job (MB)
	8249208  -  ResidentSetSize of job (KB)
...
006 (014.065.000) 05/09 20:53:06 Image size of job updated: 8842480
	8131  -  MemoryUsage of job (MB)
	8325900  -  ResidentSetSize of job (KB)
...
006 (014.065.000) 05/09 20:53:11 Image size of job updated: 9071856
	8206  -  MemoryUsage of job (MB)
	8402724  -  ResidentSetSize of job (KB)
...
006 (014.065.000) 05/09 20:53:16 Image size of job updated: 9156848
	8266  -  MemoryUsage of job (MB)
	8463708  -  ResidentSetSize of job (KB)
...
006 (014.065.000) 05/09 20:53:21 Image size of job updated: 9156848
	8312  -  MemoryUsage of job (MB)
	8511228  -  ResidentSetSize of job (KB)
...
006 (014.065.000) 05/09 20:53:26 Image size of job updated: 9301232
	8368  -  MemoryUsage of job (MB)
	8568384  -  ResidentSetSize of job (KB)
...
006 (014.065.000) 05/09 20:53:31 Image size of job updated: 9301232
	8440  -  MemoryUsage of job (MB)
	8642040  -  ResidentSetSize of job (KB)
...
006 (014.065.000) 05/09 20:53:36 Image size of job updated: 9301232
	8493  -  MemoryUsage of job (MB)
	8696292  -  ResidentSetSize of job (KB)
...
006 (014.065.000) 05/09 20:53:41 Image size of job updated: 9492720
	8493  -  MemoryUsage of job (MB)
	8696292  -  ResidentSetSize of job (KB)
...
005 (014.065.000) 05/09 20:53:42 Job terminated.
	(0) Abnormal termination (signal 9)
	(0) No core file
		Usr 0 00:25:19, Sys 0 00:00:13  -  Run Remote Usage
		Usr 0 00:00:00, Sys 0 00:00:00  -  Run Local Usage
		Usr 0 00:25:19, Sys 0 00:00:13  -  Total Remote Usage
		Usr 0 00:00:00, Sys 0 00:00:00  -  Total Local Usage
	0  -  Run Bytes Sent By Job
	0  -  Run Bytes Received By Job
	0  -  Total Bytes Sent By Job
	0  -  Total Bytes Received By Job
	Partitionable Resources :      Usage  Request Allocated 
	   Cpus                 :       0.81        1         1 
	   Disk (KB)            : 2000000     2000000   6232219 
	   Memory (MB)          :    8493        1954      2007 
...
000 (019.782.000) 05/12 04:13:38 Job submitted from host: <127.0.0.1:9618?addrs=127.0.0.1-9618&noUDP&sock=227_4816_4>
...
001 (019.782.000) 05/12 10:06:35 Job executing on host: <127.0.0.1:9618?addrs=127.0.0.1-9618&noUDP&sock=227_4816_5>
...
006 (019.782.000) 05/12 10:06:40 Image size of job updated: 2000000
	37  -  MemoryUsage of job (MB)
	37488  -  ResidentSetSize of job (KB)
...
006 (019.782.000) 05/12 10:07:06 Image size of job updated: 2000000
	115  -  MemoryUsage of job (MB)
	116820  -  ResidentSetSize of job (KB)
...
006 (019.782.000) 05/12 10:07:38 Image size of job updated: 2000000
	117  -  MemoryUsage of job (MB)
	119328  -  ResidentSetSize of job (KB)
...
006 (019.782.000) 05/12 10:07:43 Image size of job updated: 2000000
	182  -  MemoryUsage of job (MB)
	185724  -  ResidentSetSize of job (KB)
...
006 (019.782.000) 05/12 10:07:48 Image size of job updated: 2000000
	211  -  MemoryUsage of job (MB)
	215424  -  ResidentSetSize of job (KB)
...
006 (019.782.000) 05/12 10:07:53 Image size of job updated: 2000000
	211  -  MemoryUsage of job (MB)
	215820  -  ResidentSetSize of job (KB)
...
006 (019.782.000) 05/12 10:07:58 Image size of job updated: 2000000
	216  -  MemoryUsage of job (MB)
	220308  -  ResidentSetSize of job (KB)
...
006 (019.782.000) 05/12 10:08:03 Image size of job updated: 2000000
	225  -  MemoryUsage of job (MB)
	230208  -  ResidentSetSize of job (KB)
...
006 (019.782.000) 05/12 10:08:08 Image size of job updated: 2000000
	235  -  MemoryUsage of job (MB)
	240108  -  ResidentSetSize of job (KB)
...
006 (019.782.000) 05/12 10:08:15 Image size of job updated: 2000000
	241  -  MemoryUsage of job (MB)
	246048  -  ResidentSetSize of job (KB)
...
006 (019.782.000) 05/12 10:08:21 Image size of job updated: 2000000
	250  -  MemoryUsage of job (MB)
	255816  -  ResidentSetSize of job (KB)
...
006 (019.782.000) 05/12 10:08:27 Image size of job updated: 2000000
	262  -  MemoryUsage of job (MB)
	267300  -  ResidentSetSize of job (KB)
...
006 (019.782.000) 05/12 10:08:33 Image size of job updated: 2000000
	270  -  MemoryUsage of job (MB)
	276144  -  ResidentSetSize of job (KB)
...
006 (019.782.000) 05/12 10:08:40 Image size of job updated: 2000000
	280  -  MemoryUsage of job (MB)
	285780  -  ResidentSetSize of job (KB)
...
006 (019.782.000) 05/12 10:08:50 Image size of job updated: 2000000
	280  -  MemoryUsage of job (MB)
	285912  -  ResidentSetSize of job (KB)
...
006 (019.782.000) 05/12 10:08:57 Image size of job updated: 2000000
	336  -  MemoryUsage of job (MB)
	343992  -  ResidentSetSize of job (KB)
...
006 (019.782.000) 05/12 10:09:03 Image size of job updated: 2000000
	380  -  MemoryUsage of job (MB)
	388344  -  ResidentSetSize of job (KB)
...
006 (019.782.000) 05/12 10:09:10 Image size of job updated: 2000000
	380  -  MemoryUsage of job (MB)
	388740  -  ResidentSetSize of job (KB)
...
006 (019.782.000) 05/12 10:09:22 Image size of job updated: 2000000
	443  -  MemoryUsage of job (MB)
	453420  -  ResidentSetSize of job (KB)
...
006 (019.782.000) 05/12 10:09:27 Image size of job updated: 2000000
	495  -  MemoryUsage of job (MB)
	506220  -  ResidentSetSize of job (KB)
...
006 (019.782.000) 05/12 10:09:32 Image size of job updated: 2000000
	543  -  MemoryUsage of job (MB)
	555060  -  ResidentSetSize of job (KB)
...
006 (019.782.000) 05/12 10:09:47 Image size of job updated: 2000000
	548  -  MemoryUsage of job (MB)
	560208  -  ResidentSetSize of job (KB)
...
006 (019.782.000) 05/12 10:10:18 Image size of job updated: 2000000
	1237  -  MemoryUsage of job (MB)
	1266012  -  ResidentSetSize of job (KB)
...
006 (019.782.000) 05/12 10:27:19 Image size of job updated: 2000000
	1243  -  MemoryUsage of job (MB)
	1272084  -  ResidentSetSize of job (KB)
...
006 (019.782.000) 05/12 10:27:24 Image size of job updated: 2286932
	1625  -  MemoryUsage of job (MB)
	1663464  -  ResidentSetSize of job (KB)
...
006 (019.782.000) 05/12 10:27:30 Image size of job updated: 2286932
	1741  -  MemoryUsage of job (MB)
	1782528  -  ResidentSetSize of job (KB)
...
006 (019.782.000) 05/12 10:27:35 Image size of job updated: 2704116
	1972  -  MemoryUsage of job (MB)
	2018544  -  ResidentSetSize of job (KB)
...
006 (019.782.000) 05/12 10:27:41 Image size of job updated: 2704116
	1997  -  MemoryUsage of job (MB)
	2044548  -  ResidentSetSize of job (KB)
...
006 (019.782.000) 05/12 10:27:47 Image size of job updated: 2704116
	2081  -  MemoryUsage of job (MB)
	2130744  -  ResidentSetSize of job (KB)
...
006 (019.782.000) 05/12 10:27:57 Image size of job updated: 2889972
	2158  -  MemoryUsage of job (MB)
	2209284  -  ResidentSetSize of job (KB)
...
006 (019.782.000) 05/12 10:28:09 Image size of job updated: 2953460
	2383  -  MemoryUsage of job (MB)
	2440152  -  ResidentSetSize of job (KB)
...
006 (019.782.000) 05/12 10:28:18 Image size of job updated: 3183860
	2534  -  MemoryUsage of job (MB)
	2593800  -  ResidentSetSize of job (KB)
...
006 (019.782.000) 05/12 10:28:25 Image size of job updated: 3300596
	2568  -  MemoryUsage of job (MB)
	2629176  -  ResidentSetSize of job (KB)
...
006 (019.782.000) 05/12 10:28:31 Image size of job updated: 3300596
	2657  -  MemoryUsage of job (MB)
	2720520  -  ResidentSetSize of job (KB)
...
006 (019.782.000) 05/12 10:28:37 Image size of job updated: 3420404
	2747  -  MemoryUsage of job (MB)
	2812128  -  ResidentSetSize of job (KB)
...
006 (019.782.000) 05/12 10:28:43 Image size of job updated: 3420404
	2834  -  MemoryUsage of job (MB)
	2901360  -  ResidentSetSize of job (KB)
...
006 (019.782.000) 05/12 10:28:49 Image size of job updated: 3631348
	2887  -  MemoryUsage of job (MB)
	2955876  -  ResidentSetSize of job (KB)
...
006 (019.782.000) 05/12 10:28:55 Image size of job updated: 3631348
	2977  -  MemoryUsage of job (MB)
	3047484  -  ResidentSetSize of job (KB)
...
006 (019.782.000) 05/12 10:29:01 Image size of job updated: 3631348
	3069  -  MemoryUsage of job (MB)
	3142392  -  ResidentSetSize of job (KB)
...
006 (019.782.000) 05/12 10:29:08 Image size of job updated: 3897588
	3138  -  MemoryUsage of job (MB)
	3212616  -  ResidentSetSize of job (KB)
...
006 (019.782.000) 05/12 10:29:24 Image size of job updated: 3897588
	3164  -  MemoryUsage of job (MB)
	3239808  -  ResidentSetSize of job (KB)
...
006 (019.782.000) 05/12 10:29:34 Image size of job updated: 3977460
	3304  -  MemoryUsage of job (MB)
	3382764  -  ResidentSetSize of job (KB)
...
006 (019.782.000) 05/12 10:29:40 Image size of job updated: 3977460
	3390  -  MemoryUsage of job (MB)
	3470544  -  ResidentSetSize of job (KB)
...
006 (019.782.000) 05/12 10:29:56 Image size of job updated: 4208884
	3415  -  MemoryUsage of job (MB)
	3496812  -  ResidentSetSize of job (KB)
...
006 (019.782.000) 05/12 10:30:33 Image size of job updated: 4535540
	3712  -  MemoryUsage of job (MB)
	3801072  -  ResidentSetSize of job (KB)
...
006 (019.782.000) 05/12 10:31:02 Image size of job updated: 5003508
	4141  -  MemoryUsage of job (MB)
	4240368  -  ResidentSetSize of job (KB)
...
006 (019.782.000) 05/12 10:31:20 Image size of job updated: 5190900
	4321  -  MemoryUsage of job (MB)
	4424244  -  ResidentSetSize of job (KB)
...
006 (019.782.000) 05/12 10:31:31 Image size of job updated: 5227764
	4483  -  MemoryUsage of job (MB)
	4590432  -  ResidentSetSize of job (KB)
...
006 (019.782.000) 05/12 10:31:38 Image size of job updated: 5424372
	4584  -  MemoryUsage of job (MB)
	4693656  -  ResidentSetSize of job (KB)
...
006 (019.782.000) 05/12 10:31:44 Image size of job updated: 5424372
	4671  -  MemoryUsage of job (MB)
	4782756  -  ResidentSetSize of job (KB)
...
006 (019.782.000) 05/12 10:31:50 Image size of job updated: 5637364
	4727  -  MemoryUsage of job (MB)
	4839912  -  ResidentSetSize of job (KB)
...
006 (019.782.000) 05/12 10:31:58 Image size of job updated: 5637364
	4755  -  MemoryUsage of job (MB)
	4868292  -  ResidentSetSize of job (KB)
...
006 (019.782.000) 05/12 10:32:02 Image size of job updated: 5726452
	4787  -  MemoryUsage of job (MB)
	4901424  -  ResidentSetSize of job (KB)
...
006 (019.782.000) 05/12 10:32:07 Image size of job updated: 5811444
	4874  -  MemoryUsage of job (MB)
	4990392  -  ResidentSetSize of job (KB)
...
006 (019.782.000) 05/12 10:32:12 Image size of job updated: 5822708
	4972  -  MemoryUsage of job (MB)
	5091240  -  ResidentSetSize of job (KB)
...
006 (019.782.000) 05/12 10:32:17 Image size of job updated: 5822708
	5060  -  MemoryUsage of job (MB)
	5181000  -  ResidentSetSize of job (KB)
...
006 (019.782.000) 05/12 10:32:28 Image size of job updated: 5822708
	5082  -  MemoryUsage of job (MB)
	5203440  -  ResidentSetSize of job (KB)
...
006 (019.782.000) 05/12 10:32:47 Image size of job updated: 6225140
	5281  -  MemoryUsage of job (MB)
	5407644  -  ResidentSetSize of job (KB)
...
006 (019.782.000) 05/12 10:33:19 Image size of job updated: 6742260
	5690  -  MemoryUsage of job (MB)
	5826348  -  ResidentSetSize of job (KB)
...
006 (019.782.000) 05/12 10:33:40 Image size of job updated: 6989044
	5951  -  MemoryUsage of job (MB)
	6093780  -  ResidentSetSize of job (KB)
...
006 (019.782.000) 05/12 10:33:54 Image size of job updated: 7076084
	5966  -  MemoryUsage of job (MB)
	6108828  -  ResidentSetSize of job (KB)
...
006 (019.782.000) 05/12 10:34:03 Image size of job updated: 7227636
	6098  -  MemoryUsage of job (MB)
	6243600  -  ResidentSetSize of job (KB)
...
006 (019.782.000) 05/12 10:34:09 Image size of job updated: 7227636
	6185  -  MemoryUsage of job (MB)
	6332964  -  ResidentSetSize of job (KB)
...
006 (019.782.000) 05/12 10:34:21 Image size of job updated: 7339252
	6230  -  MemoryUsage of job (MB)
	6379428  -  ResidentSetSize of job (KB)
...
006 (019.782.000) 05/12 10:34:41 Image size of job updated: 7542004
	6537  -  MemoryUsage of job (MB)
	6693588  -  ResidentSetSize of job (KB)
...
006 (019.782.000) 05/12 10:34:49 Image size of job updated: 7542004
	6539  -  MemoryUsage of job (MB)
	6695700  -  ResidentSetSize of job (KB)
...
005 (019.782.000) 05/12 10:34:49 Job terminated.
	(0) Abnormal termination (signal 9)
	(0) No core file
		Usr 0 00:22:54, Sys 0 00:01:40  -  Run Remote Usage
		Usr 0 00:00:00, Sys 0 00:00:00  -  Run Local Usage
		Usr 0 00:22:54, Sys 0 00:01:40  -  Total Remote Usage
		Usr 0 00:00:00, Sys 0 00:00:00  -  Total Local Usage
	0  -  Run Bytes Sent By Job
	0  -  Run Bytes Received By Job
	0  -  Total Bytes Sent By Job
	0  -  Total Bytes Received By Job
	Partitionable Resources :      Usage  Request Allocated 
	   Cpus                 :       0.99        1         1 
	   Disk (KB)            : 2000000     2000000   6275465 
	   Memory (MB)          :    6539        1954      2007 
...
