000 (005.3737.000) 05/05 20:23:12 Job submitted from host: <127.0.0.1:9618?addrs=127.0.0.1-9618&noUDP&sock=227_4816_4>
...
033 (005.3737.000) 05/06 14:16:35 Changing job attribute JobPrio from 0 to -10
...
001 (005.3737.000) 05/07 00:19:20 Job executing on host: <127.0.0.1:9618?addrs=127.0.0.1-9618&noUDP&sock=227_4816_5>
...
006 (005.3737.000) 05/07 00:19:25 Image size of job updated: 2000000
	101  -  MemoryUsage of job (MB)
	103092  -  ResidentSetSize of job (KB)
...
006 (005.3737.000) 05/07 00:19:50 Image size of job updated: 2000000
	148  -  MemoryUsage of job (MB)
	151536  -  ResidentSetSize of job (KB)
...
006 (005.3737.000) 05/07 00:19:55 Image size of job updated: 2000000
	184  -  MemoryUsage of job (MB)
	188100  -  ResidentSetSize of job (KB)
...
006 (005.3737.000) 05/07 00:20:00 Image size of job updated: 2000000
	185  -  MemoryUsage of job (MB)
	188496  -  ResidentSetSize of job (KB)
...
006 (005.3737.000) 05/07 00:20:05 Image size of job updated: 2000000
	191  -  MemoryUsage of job (MB)
	194568  -  ResidentSetSize of job (KB)
...
006 (005.3737.000) 05/07 00:20:10 Image size of job updated: 2000000
	200  -  MemoryUsage of job (MB)
	204600  -  ResidentSetSize of job (KB)
...
006 (005.3737.000) 05/07 00:20:15 Image size of job updated: 2000000
	210  -  MemoryUsage of job (MB)
	214632  -  ResidentSetSize of job (KB)
...
006 (005.3737.000) 05/07 00:20:20 Image size of job updated: 2000000
	218  -  MemoryUsage of job (MB)
	222552  -  ResidentSetSize of job (KB)
...
006 (005.3737.000) 05/07 00:20:25 Image size of job updated: 2000000
	229  -  MemoryUsage of job (MB)
	234168  -  ResidentSetSize of job (KB)
...
006 (005.3737.000) 05/07 00:20:30 Image size of job updated: 2000000
	237  -  MemoryUsage of job (MB)
	242484  -  ResidentSetSize of job (KB)
...
006 (005.3737.000) 05/07 00:20:35 Image size of job updated: 2000000
	242  -  MemoryUsage of job (MB)
	247368  -  ResidentSetSize of job (KB)
...
006 (005.3737.000) 05/07 00:20:40 Image size of job updated: 2000000
	284  -  MemoryUsage of job (MB)
	290664  -  ResidentSetSize of job (KB)
...
006 (005.3737.000) 05/07 00:20:45 Image size of job updated: 2000000
	319  -  MemoryUsage of job (MB)
	326568  -  ResidentSetSize of job (KB)
...
006 (005.3737.000) 05/07 00:20:50 Image size of job updated: 2000000
	329  -  MemoryUsage of job (MB)
	336336  -  ResidentSetSize of job (KB)
...
006 (005.3737.000) 05/07 00:20:55 Image size of job updated: 2000000
	396  -  MemoryUsage of job (MB)
	405240  -  ResidentSetSize of job (KB)
...
006 (005.3737.000) 05/07 00:21:00 Image size of job updated: 2000000
	448  -  MemoryUsage of job (MB)
	458436  -  ResidentSetSize of job (KB)
...
006 (005.3737.000) 05/07 00:21:05 Image size of job updated: 2000000
	1169  -  MemoryUsage of job (MB)
	1196316  -  ResidentSetSize of job (KB)
...
006 (005.3737.000) 05/07 00:33:59 Image size of job updated: 2000000
	1171  -  MemoryUsage of job (MB)
	1198296  -  ResidentSetSize of job (KB)
...
006 (005.3737.000) 05/07 00:34:05 Image size of job updated: 2000000
	1225  -  MemoryUsage of job (MB)
	1253472  -  ResidentSetSize of job (KB)
...
006 (005.3737.000) 05/07 00:34:11 Image size of job updated: 2193292
	1552  -  MemoryUsage of job (MB)
	1588356  -  ResidentSetSize of job (KB)
...
006 (005.3737.000) 05/07 00:34:17 Image size of job updated: 2193292
	1622  -  MemoryUsage of job (MB)
	1660560  -  ResidentSetSize of job (KB)
...
006 (005.3737.000) 05/07 00:34:23 Image size of job updated: 2561508
	1887  -  MemoryUsage of job (MB)
	1931820  -  ResidentSetSize of job (KB)
...
006 (005.3737.000) 05/07 00:34:29 Image size of job updated: 2609636
	1961  -  MemoryUsage of job (MB)
	2007324  -  ResidentSetSize of job (KB)
...
006 (005.3737.000) 05/07 00:34:35 Image size of job updated: 2650596
	1991  -  MemoryUsage of job (MB)
	2038476  -  ResidentSetSize of job (KB)
...
006 (005.3737.000) 05/07 00:34:41 Image size of job updated: 2682340
	2020  -  MemoryUsage of job (MB)
	2067780  -  ResidentSetSize of job (KB)
...
006 (005.3737.000) 05/07 00:34:47 Image size of job updated: 2682340
	2046  -  MemoryUsage of job (MB)
	2094840  -  ResidentSetSize of job (KB)
...
006 (005.3737.000) 05/07 00:34:53 Image size of job updated: 2682340
	2073  -  MemoryUsage of job (MB)
	2121768  -  ResidentSetSize of job (KB)
...
006 (005.3737.000) 05/07 00:34:59 Image size of job updated: 2752996
	2097  -  MemoryUsage of job (MB)
	2147244  -  ResidentSetSize of job (KB)
...
006 (005.3737.000) 05/07 00:35:05 Image size of job updated: 2752996
	2122  -  MemoryUsage of job (MB)
	2172192  -  ResidentSetSize of job (KB)
...
006 (005.3737.000) 05/07 00:35:11 Image size of job updated: 2825700
	2146  -  MemoryUsage of job (MB)
	2197404  -  ResidentSetSize of job (KB)
...
006 (005.3737.000) 05/07 00:35:17 Image size of job updated: 2825700
	2172  -  MemoryUsage of job (MB)
	2223408  -  ResidentSetSize of job (KB)
...
006 (005.3737.000) 05/07 00:35:23 Image size of job updated: 2860516
	2196  -  MemoryUsage of job (MB)
	2248224  -  ResidentSetSize of job (KB)
...
006 (005.3737.000) 05/07 00:35:29 Image size of job updated: 2893284
	2220  -  MemoryUsage of job (MB)
	2272644  -  ResidentSetSize of job (KB)
...
006 (005.3737.000) 05/07 00:35:35 Image size of job updated: 2924004
	2244  -  MemoryUsage of job (MB)
	2296932  -  ResidentSetSize of job (KB)
...
006 (005.3737.000) 05/07 00:35:41 Image size of job updated: 2945508
	2269  -  MemoryUsage of job (MB)
	2323200  -  ResidentSetSize of job (KB)
...
006 (005.3737.000) 05/07 00:35:47 Image size of job updated: 2945508
	2293  -  MemoryUsage of job (MB)
	2348016  -  ResidentSetSize of job (KB)
...
006 (005.3737.000) 05/07 00:35:53 Image size of job updated: 2945508
	2317  -  MemoryUsage of job (MB)
	2372304  -  ResidentSetSize of job (KB)
...
006 (005.3737.000) 05/07 00:35:59 Image size of job updated: 3007972
	2342  -  MemoryUsage of job (MB)
	2397252  -  ResidentSetSize of job (KB)
...
006 (005.3737.000) 05/07 00:36:05 Image size of job updated: 3007972
	2364  -  MemoryUsage of job (MB)
	2420088  -  ResidentSetSize of job (KB)
...
006 (005.3737.000) 05/07 00:36:11 Image size of job updated: 3067364
	2388  -  MemoryUsage of job (MB)
	2445168  -  ResidentSetSize of job (KB)
...
006 (005.3737.000) 05/07 00:36:17 Image size of job updated: 3076580
	2412  -  MemoryUsage of job (MB)
	2469456  -  ResidentSetSize of job (KB)
...
006 (005.3737.000) 05/07 00:36:23 Image size of job updated: 3076580
	2436  -  MemoryUsage of job (MB)
	2494272  -  ResidentSetSize of job (KB)
...
006 (005.3737.000) 05/07 00:36:29 Image size of job updated: 3128804
	2460  -  MemoryUsage of job (MB)
	2518296  -  ResidentSetSize of job (KB)
...
006 (005.3737.000) 05/07 00:36:35 Image size of job updated: 3172836
	2485  -  MemoryUsage of job (MB)
	2543772  -  ResidentSetSize of job (KB)
...
006 (005.3737.000) 05/07 00:36:41 Image size of job updated: 3196388
	2510  -  MemoryUsage of job (MB)
	2569644  -  ResidentSetSize of job (KB)
...
006 (005.3737.000) 05/07 00:36:47 Image size of job updated: 3196388
	2534  -  MemoryUsage of job (MB)
	2594460  -  ResidentSetSize of job (KB)
...
006 (005.3737.000) 05/07 00:36:53 Image size of job updated: 3196388
	2559  -  MemoryUsage of job (MB)
	2619804  -  ResidentSetSize of job (KB)
...
006 (005.3737.000) 05/07 00:36:59 Image size of job updated: 3258852
	2584  -  MemoryUsage of job (MB)
	2645676  -  ResidentSetSize of job (KB)
...
006 (005.3737.000) 05/07 00:37:05 Image size of job updated: 3258852
	2606  -  MemoryUsage of job (MB)
	2668380  -  ResidentSetSize of job (KB)
...
006 (005.3737.000) 05/07 00:37:11 Image size of job updated: 3258852
	2630  -  MemoryUsage of job (MB)
	2692140  -  ResidentSetSize of job (KB)
...
006 (005.3737.000) 05/07 00:37:17 Image size of job updated: 3345892
	2656  -  MemoryUsage of job (MB)
	2718804  -  ResidentSetSize of job (KB)
...
006 (005.3737.000) 05/07 00:37:23 Image size of job updated: 3345892
	2681  -  MemoryUsage of job (MB)
	2744676  -  ResidentSetSize of job (KB)
...
006 (005.3737.000) 05/07 00:37:29 Image size of job updated: 3391972
	2706  -  MemoryUsage of job (MB)
	2770944  -  ResidentSetSize of job (KB)
...
006 (005.3737.000) 05/07 00:37:35 Image size of job updated: 3414500
	2730  -  MemoryUsage of job (MB)
	2795232  -  ResidentSetSize of job (KB)
...
006 (005.3737.000) 05/07 00:37:41 Image size of job updated: 3449316
	2755  -  MemoryUsage of job (MB)
	2820708  -  ResidentSetSize of job (KB)
...
006 (005.3737.000) 05/07 00:37:47 Image size of job updated: 3454436
	2780  -  MemoryUsage of job (MB)
	2845920  -  ResidentSetSize of job (KB)
...
006 (005.3737.000) 05/07 00:37:53 Image size of job updated: 3454436
	2807  -  MemoryUsage of job (MB)
	2873376  -  ResidentSetSize of job (KB)
...
006 (005.3737.000) 05/07 00:37:59 Image size of job updated: 3518948
	2830  -  MemoryUsage of job (MB)
	2897268  -  ResidentSetSize of job (KB)
...
006 (005.3737.000) 05/07 00:38:05 Image size of job updated: 3518948
	2855  -  MemoryUsage of job (MB)
	2923272  -  ResidentSetSize of job (KB)
...
006 (005.3737.000) 05/07 00:38:11 Image size of job updated: 3561956
	2881  -  MemoryUsage of job (MB)
	2949672  -  ResidentSetSize of job (KB)
...
006 (005.3737.000) 05/07 00:38:17 Image size of job updated: 3595748
	2908  -  MemoryUsage of job (MB)
	2977128  -  ResidentSetSize of job (KB)
...
006 (005.3737.000) 05/07 00:38:23 Image size of job updated: 3610084
	2937  -  MemoryUsage of job (MB)
	3006564  -  ResidentSetSize of job (KB)
...
006 (005.3737.000) 05/07 00:38:29 Image size of job updated: 3664356
	2971  -  MemoryUsage of job (MB)
	3041412  -  ResidentSetSize of job (KB)
...
006 (005.3737.000) 05/07 00:38:35 Image size of job updated: 3676644
	3002  -  MemoryUsage of job (MB)
	3073752  -  ResidentSetSize of job (KB)
...
006 (005.3737.000) 05/07 00:38:41 Image size of job updated: 3718628
	3032  -  MemoryUsage of job (MB)
	3104244  -  ResidentSetSize of job (KB)
...
006 (005.3737.000) 05/07 00:38:47 Image size of job updated: 3744228
	3065  -  MemoryUsage of job (MB)
	3138300  -  ResidentSetSize of job (KB)
...
006 (005.3737.000) 05/07 00:38:53 Image size of job updated: 3744228
	3091  -  MemoryUsage of job (MB)
	3164568  -  ResidentSetSize of job (KB)
...
006 (005.3737.000) 05/07 00:38:59 Image size of job updated: 3816932
	3119  -  MemoryUsage of job (MB)
	3193740  -  ResidentSetSize of job (KB)
...
006 (005.3737.000) 05/07 00:39:05 Image size of job updated: 3834340
	3151  -  MemoryUsage of job (MB)
	3226476  -  ResidentSetSize of job (KB)
...
006 (005.3737.000) 05/07 00:39:11 Image size of job updated: 3856868
	3186  -  MemoryUsage of job (MB)
	3262116  -  ResidentSetSize of job (KB)
...
006 (005.3737.000) 05/07 00:39:17 Image size of job updated: 3902948
	3221  -  MemoryUsage of job (MB)
	3297756  -  ResidentSetSize of job (KB)
...
006 (005.3737.000) 05/07 00:39:23 Image size of job updated: 3902948
	3246  -  MemoryUsage of job (MB)
	3323232  -  ResidentSetSize of job (KB)
...
006 (005.3737.000) 05/07 00:39:28 Image size of job updated: 3902948
	3274  -  MemoryUsage of job (MB)
	3352140  -  ResidentSetSize of job (KB)
...
006 (005.3737.000) 05/07 00:39:33 Image size of job updated: 3985892
	3298  -  MemoryUsage of job (MB)
	3376296  -  ResidentSetSize of job (KB)
...
006 (005.3737.000) 05/07 00:39:38 Image size of job updated: 4030948
	3325  -  MemoryUsage of job (MB)
	3403884  -  ResidentSetSize of job (KB)
...
006 (005.3737.000) 05/07 00:39:43 Image size of job updated: 4030948
	3347  -  MemoryUsage of job (MB)
	3426852  -  ResidentSetSize of job (KB)
...
006 (005.3737.000) 05/07 00:39:48 Image size of job updated: 4074980
	3368  -  MemoryUsage of job (MB)
	3447840  -  ResidentSetSize of job (KB)
...
006 (005.3737.000) 05/07 00:39:53 Image size of job updated: 4077028
	3388  -  MemoryUsage of job (MB)
	3468432  -  ResidentSetSize of job (KB)
...
006 (005.3737.000) 05/07 00:39:58 Image size of job updated: 4098532
	3413  -  MemoryUsage of job (MB)
	3494172  -  ResidentSetSize of job (KB)
...
006 (005.3737.000) 05/07 00:40:03 Image size of job updated: 4127204
	3434  -  MemoryUsage of job (MB)
	3515820  -  ResidentSetSize of job (KB)
...
006 (005.3737.000) 05/07 00:40:08 Image size of job updated: 4127204
	3456  -  MemoryUsage of job (MB)
	3538260  -  ResidentSetSize of job (KB)
...
006 (005.3737.000) 05/07 00:40:13 Image size of job updated: 4127204
	3477  -  MemoryUsage of job (MB)
	3560040  -  ResidentSetSize of job (KB)
...
006 (005.3737.000) 05/07 00:40:18 Image size of job updated: 4195812
	3497  -  MemoryUsage of job (MB)
	3580236  -  ResidentSetSize of job (KB)
...
006 (005.3737.000) 05/07 00:40:23 Image size of job updated: 4215268
	3519  -  MemoryUsage of job (MB)
	3603072  -  ResidentSetSize of job (KB)
...
006 (005.3737.000) 05/07 00:40:28 Image size of job updated: 4253156
	3546  -  MemoryUsage of job (MB)
	3630132  -  ResidentSetSize of job (KB)
...
006 (005.3737.000) 05/07 00:40:33 Image size of job updated: 4268516
	3574  -  MemoryUsage of job (MB)
	3658776  -  ResidentSetSize of job (KB)
...
006 (005.3737.000) 05/07 00:40:38 Image size of job updated: 4268516
	3596  -  MemoryUsage of job (MB)
	3681744  -  ResidentSetSize of job (KB)
...
006 (005.3737.000) 05/07 00:40:43 Image size of job updated: 4268516
	3620  -  MemoryUsage of job (MB)
	3706032  -  ResidentSetSize of job (KB)
...
006 (005.3737.000) 05/07 00:40:48 Image size of job updated: 4343268
	3643  -  MemoryUsage of job (MB)
	3729924  -  ResidentSetSize of job (KB)
...
006 (005.3737.000) 05/07 00:40:53 Image size of job updated: 4343268
	3665  -  MemoryUsage of job (MB)
	3752364  -  ResidentSetSize of job (KB)
...
006 (005.3737.000) 05/07 00:40:58 Image size of job updated: 4391396
	3689  -  MemoryUsage of job (MB)
	3776784  -  ResidentSetSize of job (KB)
...
006 (005.3737.000) 05/07 00:41:03 Image size of job updated: 4411876
	3710  -  MemoryUsage of job (MB)
	3798300  -  ResidentSetSize of job (KB)
...
006 (005.3737.000) 05/07 00:41:08 Image size of job updated: 4411876
	3731  -  MemoryUsage of job (MB)
	3820080  -  ResidentSetSize of job (KB)
...
006 (005.3737.000) 05/07 00:41:13 Image size of job updated: 4449764
	3755  -  MemoryUsage of job (MB)
	3844104  -  ResidentSetSize of job (KB)
...
006 (005.3737.000) 05/07 00:41:18 Image size of job updated: 4490724
	3777  -  MemoryUsage of job (MB)
	3867468  -  ResidentSetSize of job (KB)
...
006 (005.3737.000) 05/07 00:41:23 Image size of job updated: 4490724
	3801  -  MemoryUsage of job (MB)
	3891888  -  ResidentSetSize of job (KB)
...
006 (005.3737.000) 05/07 00:41:28 Image size of job updated: 4539876
	3822  -  MemoryUsage of job (MB)
	3912744  -  ResidentSetSize of job (KB)
...
006 (005.3737.000) 05/07 00:41:33 Image size of job updated: 4562404
	3844  -  MemoryUsage of job (MB)
	3935844  -  ResidentSetSize of job (KB)
...
006 (005.3737.000) 05/07 00:41:38 Image size of job updated: 4562404
	3872  -  MemoryUsage of job (MB)
	3964224  -  ResidentSetSize of job (KB)
...
006 (005.3737.000) 05/07 00:41:43 Image size of job updated: 4562404
	3896  -  MemoryUsage of job (MB)
	3989304  -  ResidentSetSize of job (KB)
...
006 (005.3737.000) 05/07 00:41:48 Image size of job updated: 4638180
	3918  -  MemoryUsage of job (MB)
	4011876  -  ResidentSetSize of job (KB)
...
006 (005.3737.000) 05/07 00:41:53 Image size of job updated: 4638180
	3942  -  MemoryUsage of job (MB)
	4035900  -  ResidentSetSize of job (KB)
...
006 (005.3737.000) 05/07 00:41:58 Image size of job updated: 4638180
	3964  -  MemoryUsage of job (MB)
	4059000  -  ResidentSetSize of job (KB)
...
006 (005.3737.000) 05/07 00:42:03 Image size of job updated: 4708836
	3987  -  MemoryUsage of job (MB)
	4081836  -  ResidentSetSize of job (KB)
...
006 (005.3737.000) 05/07 00:42:08 Image size of job updated: 4708836
	4009  -  MemoryUsage of job (MB)
	4104540  -  ResidentSetSize of job (KB)
...
006 (005.3737.000) 05/07 00:42:13 Image size of job updated: 4708836
	4031  -  MemoryUsage of job (MB)
	4127244  -  ResidentSetSize of job (KB)
...
006 (005.3737.000) 05/07 00:42:18 Image size of job updated: 4777444
	4054  -  MemoryUsage of job (MB)
	4150872  -  ResidentSetSize of job (KB)
...
006 (005.3737.000) 05/07 00:42:23 Image size of job updated: 4777444
	4267  -  MemoryUsage of job (MB)
	4368804  -  ResidentSetSize of job (KB)
...
005 (005.3737.000) 05/07 00:42:28 Job terminated.
	(1) Normal termination (return value 0)
		Usr 0 00:22:41, Sys 0 00:00:03  -  Run Remote Usage
		Usr 0 00:00:00, Sys 0 00:00:00  -  Run Local Usage
		Usr 0 00:22:41, Sys 0 00:00:03  -  Total Remote Usage
		Usr 0 00:00:00, Sys 0 00:00:00  -  Total Local Usage
	0  -  Run Bytes Sent By Job
	0  -  Run Bytes Received By Job
	0  -  Total Bytes Sent By Job
	0  -  Total Bytes Received By Job
	Partitionable Resources :      Usage  Request Allocated 
	   Cpus                 :       1.00        1         1 
	   Disk (KB)            : 2000000     2000000   6275465 
	   Memory (MB)          :    4267        1954      2007 
...
