000 (205.8742.000) 05/06 03:21:55 Job submitted from host: <127.0.0.1:9618?addrs=127.0.0.1-9618&noUDP&sock=222_da1d_4>
...
033 (205.8742.000) 05/06 14:24:11 Changing job attribute JobPrio from 0 to -5
...
000 (007.8742.000) 05/07 19:01:02 Job submitted from host: <127.0.0.1:9618?addrs=127.0.0.1-9618&noUDP&sock=215_0cf3_4>
...
000 (016.8742.000) 05/08 15:58:05 Job submitted from host: <127.0.0.1:9618?addrs=127.0.0.1-9618&noUDP&sock=227_4816_4>
...
009 (016.8742.000) 05/09 16:56:12 Job was aborted by the user.
	via condor_rm (by user aw868)
...
000 (014.1581.000) 05/09 17:30:34 Job submitted from host: <127.0.0.1:9618?addrs=127.0.0.1-9618&noUDP&sock=212_fe2a_4>
...
033 (014.1581.000) 05/09 17:34:26 Changing job attribute JobPrio from 0 to -10
...
033 (014.1581.000) 05/09 21:36:27 Changing job attribute JobPrio from -10 to -15
...
001 (014.1581.000) 05/10 14:57:36 Job executing on host: <127.0.0.1:9618?addrs=127.0.0.1-9618&noUDP&sock=212_fe2a_5>
...
006 (014.1581.000) 05/10 14:57:42 Image size of job updated: 2000000
	115  -  MemoryUsage of job (MB)
	117084  -  ResidentSetSize of job (KB)
...
006 (014.1581.000) 05/10 14:58:12 Image size of job updated: 2000000
	160  -  MemoryUsage of job (MB)
	162888  -  ResidentSetSize of job (KB)
...
006 (014.1581.000) 05/10 14:58:18 Image size of job updated: 2000000
	211  -  MemoryUsage of job (MB)
	215556  -  ResidentSetSize of job (KB)
...
006 (014.1581.000) 05/10 14:58:24 Image size of job updated: 2000000
	211  -  MemoryUsage of job (MB)
	215820  -  ResidentSetSize of job (KB)
...
006 (014.1581.000) 05/10 14:58:30 Image size of job updated: 2000000
	220  -  MemoryUsage of job (MB)
	224268  -  ResidentSetSize of job (KB)
...
006 (014.1581.000) 05/10 14:58:36 Image size of job updated: 2000000
	233  -  MemoryUsage of job (MB)
	238392  -  ResidentSetSize of job (KB)
...
006 (014.1581.000) 05/10 14:58:42 Image size of job updated: 2000000
	247  -  MemoryUsage of job (MB)
	252384  -  ResidentSetSize of job (KB)
...
006 (014.1581.000) 05/10 14:58:48 Image size of job updated: 2000000
	264  -  MemoryUsage of job (MB)
	269808  -  ResidentSetSize of job (KB)
...
006 (014.1581.000) 05/10 14:58:54 Image size of job updated: 2000000
	270  -  MemoryUsage of job (MB)
	275616  -  ResidentSetSize of job (KB)
...
006 (014.1581.000) 05/10 14:59:00 Image size of job updated: 2000000
	282  -  MemoryUsage of job (MB)
	288684  -  ResidentSetSize of job (KB)
...
006 (014.1581.000) 05/10 14:59:10 Image size of job updated: 2000000
	342  -  MemoryUsage of job (MB)
	349272  -  ResidentSetSize of job (KB)
...
006 (014.1581.000) 05/10 14:59:20 Image size of job updated: 2000000
	416  -  MemoryUsage of job (MB)
	425832  -  ResidentSetSize of job (KB)
...
006 (014.1581.000) 05/10 14:59:28 Image size of job updated: 2000000
	516  -  MemoryUsage of job (MB)
	527604  -  ResidentSetSize of job (KB)
...
006 (014.1581.000) 05/10 14:59:33 Image size of job updated: 2000000
	1243  -  MemoryUsage of job (MB)
	1272084  -  ResidentSetSize of job (KB)
...
006 (014.1581.000) 05/10 15:17:26 Image size of job updated: 2000000
	1595  -  MemoryUsage of job (MB)
	1632576  -  ResidentSetSize of job (KB)
...
006 (014.1581.000) 05/10 15:17:32 Image size of job updated: 2370000
	1830  -  MemoryUsage of job (MB)
	1873212  -  ResidentSetSize of job (KB)
...
006 (014.1581.000) 05/10 15:17:38 Image size of job updated: 2370000
	1983  -  MemoryUsage of job (MB)
	2029896  -  ResidentSetSize of job (KB)
...
006 (014.1581.000) 05/10 15:17:44 Image size of job updated: 2831600
	2091  -  MemoryUsage of job (MB)
	2141040  -  ResidentSetSize of job (KB)
...
006 (014.1581.000) 05/10 15:17:55 Image size of job updated: 2831600
	2166  -  MemoryUsage of job (MB)
	2217864  -  ResidentSetSize of job (KB)
...
006 (014.1581.000) 05/10 15:18:10 Image size of job updated: 3000560
	2373  -  MemoryUsage of job (MB)
	2429592  -  ResidentSetSize of job (KB)
...
006 (014.1581.000) 05/10 15:18:22 Image size of job updated: 3203312
	2527  -  MemoryUsage of job (MB)
	2587068  -  ResidentSetSize of job (KB)
...
006 (014.1581.000) 05/10 15:18:31 Image size of job updated: 3384560
	2601  -  MemoryUsage of job (MB)
	2662440  -  ResidentSetSize of job (KB)
...
006 (014.1581.000) 05/10 15:18:37 Image size of job updated: 3465456
	2690  -  MemoryUsage of job (MB)
	2754180  -  ResidentSetSize of job (KB)
...
006 (014.1581.000) 05/10 15:18:43 Image size of job updated: 3465456
	2764  -  MemoryUsage of job (MB)
	2830080  -  ResidentSetSize of job (KB)
...
006 (014.1581.000) 05/10 15:18:49 Image size of job updated: 3608816
	2838  -  MemoryUsage of job (MB)
	2905188  -  ResidentSetSize of job (KB)
...
006 (014.1581.000) 05/10 15:18:55 Image size of job updated: 3655920
	2911  -  MemoryUsage of job (MB)
	2980428  -  ResidentSetSize of job (KB)
...
006 (014.1581.000) 05/10 15:19:01 Image size of job updated: 3769584
	2986  -  MemoryUsage of job (MB)
	3056988  -  ResidentSetSize of job (KB)
...
006 (014.1581.000) 05/10 15:19:07 Image size of job updated: 3800304
	3059  -  MemoryUsage of job (MB)
	3131568  -  ResidentSetSize of job (KB)
...
006 (014.1581.000) 05/10 15:19:13 Image size of job updated: 3800304
	3136  -  MemoryUsage of job (MB)
	3210768  -  ResidentSetSize of job (KB)
...
006 (014.1581.000) 05/10 15:19:19 Image size of job updated: 3991792
	3211  -  MemoryUsage of job (MB)
	3287328  -  ResidentSetSize of job (KB)
...
006 (014.1581.000) 05/10 15:19:25 Image size of job updated: 4021488
	3287  -  MemoryUsage of job (MB)
	3365868  -  ResidentSetSize of job (KB)
...
006 (014.1581.000) 05/10 15:19:31 Image size of job updated: 4110576
	3363  -  MemoryUsage of job (MB)
	3443484  -  ResidentSetSize of job (KB)
...
006 (014.1581.000) 05/10 15:19:37 Image size of job updated: 4197616
	3440  -  MemoryUsage of job (MB)
	3522552  -  ResidentSetSize of job (KB)
...
006 (014.1581.000) 05/10 15:19:43 Image size of job updated: 4320496
	3519  -  MemoryUsage of job (MB)
	3603336  -  ResidentSetSize of job (KB)
...
006 (014.1581.000) 05/10 15:19:49 Image size of job updated: 4409584
	3609  -  MemoryUsage of job (MB)
	3695604  -  ResidentSetSize of job (KB)
...
006 (014.1581.000) 05/10 15:19:55 Image size of job updated: 4409584
	3705  -  MemoryUsage of job (MB)
	3793812  -  ResidentSetSize of job (KB)
...
006 (014.1581.000) 05/10 15:20:01 Image size of job updated: 4538608
	3787  -  MemoryUsage of job (MB)
	3877764  -  ResidentSetSize of job (KB)
...
006 (014.1581.000) 05/10 15:20:07 Image size of job updated: 4642032
	3865  -  MemoryUsage of job (MB)
	3957756  -  ResidentSetSize of job (KB)
...
006 (014.1581.000) 05/10 15:20:13 Image size of job updated: 4642032
	3945  -  MemoryUsage of job (MB)
	4039068  -  ResidentSetSize of job (KB)
...
006 (014.1581.000) 05/10 15:20:19 Image size of job updated: 4642032
	4023  -  MemoryUsage of job (MB)
	4119324  -  ResidentSetSize of job (KB)
...
006 (014.1581.000) 05/10 15:20:25 Image size of job updated: 4842736
	4102  -  MemoryUsage of job (MB)
	4199580  -  ResidentSetSize of job (KB)
...
006 (014.1581.000) 05/10 15:20:31 Image size of job updated: 4842736
	4180  -  MemoryUsage of job (MB)
	4280232  -  ResidentSetSize of job (KB)
...
006 (014.1581.000) 05/10 15:20:37 Image size of job updated: 5043440
	4260  -  MemoryUsage of job (MB)
	4361280  -  ResidentSetSize of job (KB)
...
006 (014.1581.000) 05/10 15:20:43 Image size of job updated: 5043440
	4335  -  MemoryUsage of job (MB)
	4438632  -  ResidentSetSize of job (KB)
...
006 (014.1581.000) 05/10 15:20:49 Image size of job updated: 5236976
	4412  -  MemoryUsage of job (MB)
	4517172  -  ResidentSetSize of job (KB)
...
006 (014.1581.000) 05/10 15:20:55 Image size of job updated: 5246192
	4487  -  MemoryUsage of job (MB)
	4594524  -  ResidentSetSize of job (KB)
...
006 (014.1581.000) 05/10 15:21:01 Image size of job updated: 5246192
	4563  -  MemoryUsage of job (MB)
	4671744  -  ResidentSetSize of job (KB)
...
006 (014.1581.000) 05/10 15:21:07 Image size of job updated: 5438704
	4638  -  MemoryUsage of job (MB)
	4749228  -  ResidentSetSize of job (KB)
...
006 (014.1581.000) 05/10 15:21:13 Image size of job updated: 5495024
	4713  -  MemoryUsage of job (MB)
	4825788  -  ResidentSetSize of job (KB)
...
006 (014.1581.000) 05/10 15:21:19 Image size of job updated: 5628144
	4790  -  MemoryUsage of job (MB)
	4904064  -  ResidentSetSize of job (KB)
...
006 (014.1581.000) 05/10 15:21:25 Image size of job updated: 5696752
	4866  -  MemoryUsage of job (MB)
	4982208  -  ResidentSetSize of job (KB)
...
006 (014.1581.000) 05/10 15:21:31 Image size of job updated: 5696752
	4942  -  MemoryUsage of job (MB)
	5060088  -  ResidentSetSize of job (KB)
...
006 (014.1581.000) 05/10 15:21:37 Image size of job updated: 5696752
	5007  -  MemoryUsage of job (MB)
	5126352  -  ResidentSetSize of job (KB)
...
006 (014.1581.000) 05/10 15:21:42 Image size of job updated: 5850352
	5072  -  MemoryUsage of job (MB)
	5193540  -  ResidentSetSize of job (KB)
...
006 (014.1581.000) 05/10 15:21:47 Image size of job updated: 5960944
	5137  -  MemoryUsage of job (MB)
	5259276  -  ResidentSetSize of job (KB)
...
006 (014.1581.000) 05/10 15:21:52 Image size of job updated: 6050032
	5202  -  MemoryUsage of job (MB)
	5326596  -  ResidentSetSize of job (KB)
...
006 (014.1581.000) 05/10 15:21:57 Image size of job updated: 6050032
	5267  -  MemoryUsage of job (MB)
	5392596  -  ResidentSetSize of job (KB)
...
006 (014.1581.000) 05/10 15:22:02 Image size of job updated: 6050032
	5331  -  MemoryUsage of job (MB)
	5458860  -  ResidentSetSize of job (KB)
...
006 (014.1581.000) 05/10 15:22:07 Image size of job updated: 6248688
	5397  -  MemoryUsage of job (MB)
	5525652  -  ResidentSetSize of job (KB)
...
006 (014.1581.000) 05/10 15:22:12 Image size of job updated: 6248688
	5462  -  MemoryUsage of job (MB)
	5592972  -  ResidentSetSize of job (KB)
...
006 (014.1581.000) 05/10 15:22:17 Image size of job updated: 6248688
	5529  -  MemoryUsage of job (MB)
	5661084  -  ResidentSetSize of job (KB)
...
006 (014.1581.000) 05/10 15:22:22 Image size of job updated: 6454512
	5600  -  MemoryUsage of job (MB)
	5734080  -  ResidentSetSize of job (KB)
...
006 (014.1581.000) 05/10 15:22:27 Image size of job updated: 6514928
	5670  -  MemoryUsage of job (MB)
	5805228  -  ResidentSetSize of job (KB)
...
006 (014.1581.000) 05/10 15:22:32 Image size of job updated: 6514928
	5738  -  MemoryUsage of job (MB)
	5874792  -  ResidentSetSize of job (KB)
...
006 (014.1581.000) 05/10 15:22:37 Image size of job updated: 6665456
	5806  -  MemoryUsage of job (MB)
	5944884  -  ResidentSetSize of job (KB)
...
006 (014.1581.000) 05/10 15:22:42 Image size of job updated: 6665456
	5876  -  MemoryUsage of job (MB)
	6016956  -  ResidentSetSize of job (KB)
...
006 (014.1581.000) 05/10 15:22:47 Image size of job updated: 6665456
	5946  -  MemoryUsage of job (MB)
	6088632  -  ResidentSetSize of job (KB)
...
006 (014.1581.000) 05/10 15:22:52 Image size of job updated: 6665456
	6015  -  MemoryUsage of job (MB)
	6158592  -  ResidentSetSize of job (KB)
...
006 (014.1581.000) 05/10 15:22:57 Image size of job updated: 6894832
	6083  -  MemoryUsage of job (MB)
	6228684  -  ResidentSetSize of job (KB)
...
006 (014.1581.000) 05/10 15:23:02 Image size of job updated: 6894832
	6151  -  MemoryUsage of job (MB)
	6298116  -  ResidentSetSize of job (KB)
...
006 (014.1581.000) 05/10 15:23:07 Image size of job updated: 6894832
	6217  -  MemoryUsage of job (MB)
	6365568  -  ResidentSetSize of job (KB)
...
006 (014.1581.000) 05/10 15:23:12 Image size of job updated: 7168240
	6285  -  MemoryUsage of job (MB)
	6435396  -  ResidentSetSize of job (KB)
...
006 (014.1581.000) 05/10 15:23:17 Image size of job updated: 7168240
	6352  -  MemoryUsage of job (MB)
	6503640  -  ResidentSetSize of job (KB)
...
006 (014.1581.000) 05/10 15:23:22 Image size of job updated: 7168240
	6418  -  MemoryUsage of job (MB)
	6571488  -  ResidentSetSize of job (KB)
...
006 (014.1581.000) 05/10 15:23:27 Image size of job updated: 7325936
	6484  -  MemoryUsage of job (MB)
	6639336  -  ResidentSetSize of job (KB)
...
006 (014.1581.000) 05/10 15:23:32 Image size of job updated: 7325936
	6551  -  MemoryUsage of job (MB)
	6707448  -  ResidentSetSize of job (KB)
...
006 (014.1581.000) 05/10 15:23:37 Image size of job updated: 7325936
	6618  -  MemoryUsage of job (MB)
	6776352  -  ResidentSetSize of job (KB)
...
006 (014.1581.000) 05/10 15:23:42 Image size of job updated: 7530736
	6683  -  MemoryUsage of job (MB)
	6843276  -  ResidentSetSize of job (KB)
...
006 (014.1581.000) 05/10 15:23:47 Image size of job updated: 7530736
	6749  -  MemoryUsage of job (MB)
	6910728  -  ResidentSetSize of job (KB)
...
006 (014.1581.000) 05/10 15:23:52 Image size of job updated: 7530736
	6816  -  MemoryUsage of job (MB)
	6979368  -  ResidentSetSize of job (KB)
...
006 (014.1581.000) 05/10 15:23:57 Image size of job updated: 7733488
	6883  -  MemoryUsage of job (MB)
	7047480  -  ResidentSetSize of job (KB)
...
006 (014.1581.000) 05/10 15:24:02 Image size of job updated: 7733488
	6949  -  MemoryUsage of job (MB)
	7115592  -  ResidentSetSize of job (KB)
...
006 (014.1581.000) 05/10 15:24:07 Image size of job updated: 7733488
	7016  -  MemoryUsage of job (MB)
	7184232  -  ResidentSetSize of job (KB)
...
006 (014.1581.000) 05/10 15:24:12 Image size of job updated: 7954672
	7076  -  MemoryUsage of job (MB)
	7244820  -  ResidentSetSize of job (KB)
...
006 (014.1581.000) 05/10 15:24:17 Image size of job updated: 7954672
	7143  -  MemoryUsage of job (MB)
	7313724  -  ResidentSetSize of job (KB)
...
006 (014.1581.000) 05/10 15:24:22 Image size of job updated: 8116464
	7198  -  MemoryUsage of job (MB)
	7370352  -  ResidentSetSize of job (KB)
...
006 (014.1581.000) 05/10 15:24:27 Image size of job updated: 8167664
	7263  -  MemoryUsage of job (MB)
	7437012  -  ResidentSetSize of job (KB)
...
006 (014.1581.000) 05/10 15:24:32 Image size of job updated: 8202480
	7329  -  MemoryUsage of job (MB)
	7504596  -  ResidentSetSize of job (KB)
...
006 (014.1581.000) 05/10 15:24:37 Image size of job updated: 8202480
	7395  -  MemoryUsage of job (MB)
	7572180  -  ResidentSetSize of job (KB)
...
006 (014.1581.000) 05/10 15:24:42 Image size of job updated: 8369392
	7455  -  MemoryUsage of job (MB)
	7633428  -  ResidentSetSize of job (KB)
...
006 (014.1581.000) 05/10 15:24:48 Image size of job updated: 8369392
	7499  -  MemoryUsage of job (MB)
	7678044  -  ResidentSetSize of job (KB)
...
006 (014.1581.000) 05/10 15:24:54 Image size of job updated: 8369392
	7737  -  MemoryUsage of job (MB)
	7921848  -  ResidentSetSize of job (KB)
...
006 (014.1581.000) 05/10 15:25:00 Image size of job updated: 8711408
	7737  -  MemoryUsage of job (MB)
	7921848  -  ResidentSetSize of job (KB)
...
005 (014.1581.000) 05/10 15:25:01 Job terminated.
	(1) Normal termination (return value 0)
		Usr 0 00:26:25, Sys 0 00:00:10  -  Run Remote Usage
		Usr 0 00:00:00, Sys 0 00:00:00  -  Run Local Usage
		Usr 0 00:26:25, Sys 0 00:00:10  -  Total Remote Usage
		Usr 0 00:00:00, Sys 0 00:00:00  -  Total Local Usage
	0  -  Run Bytes Sent By Job
	0  -  Run Bytes Received By Job
	0  -  Total Bytes Sent By Job
	0  -  Total Bytes Received By Job
	Partitionable Resources :      Usage  Request Allocated 
	   Cpus                 :       0.92        1         1 
	   Disk (KB)            : 2000000     2000000   6232219 
	   Memory (MB)          :    7737        1954      2007 
...
