000 (005.7446.000) 05/05 20:24:53 Job submitted from host: <127.0.0.1:9618?addrs=127.0.0.1-9618&noUDP&sock=227_4816_4>
...
033 (005.7446.000) 05/06 14:17:33 Changing job attribute JobPrio from 0 to -10
...
009 (005.7446.000) 05/07 21:44:47 Job was aborted by the user.
	via condor_rm (by user aw868)
...
000 (011.395.000) 05/08 17:21:16 Job submitted from host: <127.0.0.1:9618?addrs=127.0.0.1-9618&noUDP&sock=212_fe2a_4>
...
001 (011.395.000) 05/08 20:11:06 Job executing on host: <127.0.0.1:9618?addrs=127.0.0.1-9618&noUDP&sock=212_fe2a_5>
...
006 (011.395.000) 05/08 20:11:12 Image size of job updated: 2000000
	101  -  MemoryUsage of job (MB)
	102960  -  ResidentSetSize of job (KB)
...
006 (011.395.000) 05/08 20:11:39 Image size of job updated: 2000000
	145  -  MemoryUsage of job (MB)
	147576  -  ResidentSetSize of job (KB)
...
006 (011.395.000) 05/08 20:11:44 Image size of job updated: 2000000
	184  -  MemoryUsage of job (MB)
	187968  -  ResidentSetSize of job (KB)
...
006 (011.395.000) 05/08 20:11:49 Image size of job updated: 2000000
	184  -  MemoryUsage of job (MB)
	188364  -  ResidentSetSize of job (KB)
...
006 (011.395.000) 05/08 20:11:54 Image size of job updated: 2000000
	188  -  MemoryUsage of job (MB)
	192456  -  ResidentSetSize of job (KB)
...
006 (011.395.000) 05/08 20:11:59 Image size of job updated: 2000000
	198  -  MemoryUsage of job (MB)
	202620  -  ResidentSetSize of job (KB)
...
006 (011.395.000) 05/08 20:12:04 Image size of job updated: 2000000
	208  -  MemoryUsage of job (MB)
	212652  -  ResidentSetSize of job (KB)
...
006 (011.395.000) 05/08 20:12:09 Image size of job updated: 2000000
	216  -  MemoryUsage of job (MB)
	220440  -  ResidentSetSize of job (KB)
...
006 (011.395.000) 05/08 20:12:14 Image size of job updated: 2000000
	228  -  MemoryUsage of job (MB)
	232980  -  ResidentSetSize of job (KB)
...
006 (011.395.000) 05/08 20:12:19 Image size of job updated: 2000000
	234  -  MemoryUsage of job (MB)
	238920  -  ResidentSetSize of job (KB)
...
006 (011.395.000) 05/08 20:12:24 Image size of job updated: 2000000
	241  -  MemoryUsage of job (MB)
	245784  -  ResidentSetSize of job (KB)
...
006 (011.395.000) 05/08 20:12:29 Image size of job updated: 2000000
	272  -  MemoryUsage of job (MB)
	278256  -  ResidentSetSize of job (KB)
...
006 (011.395.000) 05/08 20:12:34 Image size of job updated: 2000000
	314  -  MemoryUsage of job (MB)
	321288  -  ResidentSetSize of job (KB)
...
006 (011.395.000) 05/08 20:12:39 Image size of job updated: 2000000
	332  -  MemoryUsage of job (MB)
	338976  -  ResidentSetSize of job (KB)
...
006 (011.395.000) 05/08 20:12:44 Image size of job updated: 2000000
	408  -  MemoryUsage of job (MB)
	417252  -  ResidentSetSize of job (KB)
...
006 (011.395.000) 05/08 20:12:49 Image size of job updated: 2000000
	465  -  MemoryUsage of job (MB)
	475332  -  ResidentSetSize of job (KB)
...
006 (011.395.000) 05/08 20:12:54 Image size of job updated: 2000000
	1171  -  MemoryUsage of job (MB)
	1198296  -  ResidentSetSize of job (KB)
...
006 (011.395.000) 05/08 20:26:01 Image size of job updated: 2000000
	1173  -  MemoryUsage of job (MB)
	1200276  -  ResidentSetSize of job (KB)
...
006 (011.395.000) 05/08 20:26:06 Image size of job updated: 2000000
	1219  -  MemoryUsage of job (MB)
	1247928  -  ResidentSetSize of job (KB)
...
006 (011.395.000) 05/08 20:26:11 Image size of job updated: 2000000
	1553  -  MemoryUsage of job (MB)
	1589808  -  ResidentSetSize of job (KB)
...
006 (011.395.000) 05/08 20:26:16 Image size of job updated: 2325196
	1674  -  MemoryUsage of job (MB)
	1714152  -  ResidentSetSize of job (KB)
...
006 (011.395.000) 05/08 20:26:21 Image size of job updated: 2325196
	1918  -  MemoryUsage of job (MB)
	1963236  -  ResidentSetSize of job (KB)
...
006 (011.395.000) 05/08 20:26:26 Image size of job updated: 2325196
	1936  -  MemoryUsage of job (MB)
	1982376  -  ResidentSetSize of job (KB)
...
006 (011.395.000) 05/08 20:26:31 Image size of job updated: 2647020
	1975  -  MemoryUsage of job (MB)
	2022108  -  ResidentSetSize of job (KB)
...
006 (011.395.000) 05/08 20:26:36 Image size of job updated: 2647020
	2008  -  MemoryUsage of job (MB)
	2055504  -  ResidentSetSize of job (KB)
...
006 (011.395.000) 05/08 20:26:41 Image size of job updated: 2647020
	2041  -  MemoryUsage of job (MB)
	2089692  -  ResidentSetSize of job (KB)
...
006 (011.395.000) 05/08 20:26:46 Image size of job updated: 2747372
	2076  -  MemoryUsage of job (MB)
	2125200  -  ResidentSetSize of job (KB)
...
006 (011.395.000) 05/08 20:26:51 Image size of job updated: 2747372
	2110  -  MemoryUsage of job (MB)
	2160312  -  ResidentSetSize of job (KB)
...
006 (011.395.000) 05/08 20:26:56 Image size of job updated: 2797548
	2145  -  MemoryUsage of job (MB)
	2196480  -  ResidentSetSize of job (KB)
...
006 (011.395.000) 05/08 20:27:01 Image size of job updated: 2851820
	2177  -  MemoryUsage of job (MB)
	2229216  -  ResidentSetSize of job (KB)
...
006 (011.395.000) 05/08 20:27:06 Image size of job updated: 2851820
	2206  -  MemoryUsage of job (MB)
	2258916  -  ResidentSetSize of job (KB)
...
006 (011.395.000) 05/08 20:27:11 Image size of job updated: 2851820
	2237  -  MemoryUsage of job (MB)
	2289936  -  ResidentSetSize of job (KB)
...
006 (011.395.000) 05/08 20:27:16 Image size of job updated: 2950124
	2266  -  MemoryUsage of job (MB)
	2319900  -  ResidentSetSize of job (KB)
...
006 (011.395.000) 05/08 20:27:21 Image size of job updated: 2974700
	2296  -  MemoryUsage of job (MB)
	2350524  -  ResidentSetSize of job (KB)
...
006 (011.395.000) 05/08 20:27:26 Image size of job updated: 2974700
	2323  -  MemoryUsage of job (MB)
	2377848  -  ResidentSetSize of job (KB)
...
006 (011.395.000) 05/08 20:27:31 Image size of job updated: 3036140
	2353  -  MemoryUsage of job (MB)
	2408868  -  ResidentSetSize of job (KB)
...
006 (011.395.000) 05/08 20:27:36 Image size of job updated: 3036140
	2383  -  MemoryUsage of job (MB)
	2440020  -  ResidentSetSize of job (KB)
...
006 (011.395.000) 05/08 20:27:41 Image size of job updated: 3036140
	2416  -  MemoryUsage of job (MB)
	2473284  -  ResidentSetSize of job (KB)
...
006 (011.395.000) 05/08 20:27:46 Image size of job updated: 3131372
	2445  -  MemoryUsage of job (MB)
	2503644  -  ResidentSetSize of job (KB)
...
006 (011.395.000) 05/08 20:27:51 Image size of job updated: 3144684
	2474  -  MemoryUsage of job (MB)
	2533080  -  ResidentSetSize of job (KB)
...
006 (011.395.000) 05/08 20:27:56 Image size of job updated: 3144684
	2508  -  MemoryUsage of job (MB)
	2567928  -  ResidentSetSize of job (KB)
...
006 (011.395.000) 05/08 20:28:01 Image size of job updated: 3217388
	2544  -  MemoryUsage of job (MB)
	2605020  -  ResidentSetSize of job (KB)
...
006 (011.395.000) 05/08 20:28:06 Image size of job updated: 3247084
	2576  -  MemoryUsage of job (MB)
	2637492  -  ResidentSetSize of job (KB)
...
006 (011.395.000) 05/08 20:28:11 Image size of job updated: 3247084
	2607  -  MemoryUsage of job (MB)
	2669040  -  ResidentSetSize of job (KB)
...
006 (011.395.000) 05/08 20:28:16 Image size of job updated: 3247084
	2647  -  MemoryUsage of job (MB)
	2709960  -  ResidentSetSize of job (KB)
...
006 (011.395.000) 05/08 20:28:21 Image size of job updated: 3352556
	2687  -  MemoryUsage of job (MB)
	2751276  -  ResidentSetSize of job (KB)
...
006 (011.395.000) 05/08 20:28:26 Image size of job updated: 3407852
	2731  -  MemoryUsage of job (MB)
	2796024  -  ResidentSetSize of job (KB)
...
006 (011.395.000) 05/08 20:28:31 Image size of job updated: 3442668
	2764  -  MemoryUsage of job (MB)
	2829816  -  ResidentSetSize of job (KB)
...
006 (011.395.000) 05/08 20:28:36 Image size of job updated: 3478508
	2792  -  MemoryUsage of job (MB)
	2858988  -  ResidentSetSize of job (KB)
...
006 (011.395.000) 05/08 20:28:41 Image size of job updated: 3506156
	2825  -  MemoryUsage of job (MB)
	2892252  -  ResidentSetSize of job (KB)
...
006 (011.395.000) 05/08 20:28:46 Image size of job updated: 3506156
	2858  -  MemoryUsage of job (MB)
	2925780  -  ResidentSetSize of job (KB)
...
006 (011.395.000) 05/08 20:28:51 Image size of job updated: 3576812
	2888  -  MemoryUsage of job (MB)
	2956800  -  ResidentSetSize of job (KB)
...
006 (011.395.000) 05/08 20:28:56 Image size of job updated: 3576812
	2912  -  MemoryUsage of job (MB)
	2981880  -  ResidentSetSize of job (KB)
...
006 (011.395.000) 05/08 20:29:01 Image size of job updated: 3576812
	2945  -  MemoryUsage of job (MB)
	3015540  -  ResidentSetSize of job (KB)
...
006 (011.395.000) 05/08 20:29:06 Image size of job updated: 3666924
	2976  -  MemoryUsage of job (MB)
	3047220  -  ResidentSetSize of job (KB)
...
006 (011.395.000) 05/08 20:29:11 Image size of job updated: 3666924
	3009  -  MemoryUsage of job (MB)
	3080484  -  ResidentSetSize of job (KB)
...
006 (011.395.000) 05/08 20:29:16 Image size of job updated: 3666924
	3039  -  MemoryUsage of job (MB)
	3111372  -  ResidentSetSize of job (KB)
...
006 (011.395.000) 05/08 20:29:21 Image size of job updated: 3761132
	3070  -  MemoryUsage of job (MB)
	3143184  -  ResidentSetSize of job (KB)
...
006 (011.395.000) 05/08 20:29:27 Image size of job updated: 3761132
	3113  -  MemoryUsage of job (MB)
	3186876  -  ResidentSetSize of job (KB)
...
006 (011.395.000) 05/08 20:29:33 Image size of job updated: 3761132
	3158  -  MemoryUsage of job (MB)
	3233604  -  ResidentSetSize of job (KB)
...
006 (011.395.000) 05/08 20:29:39 Image size of job updated: 3901420
	3212  -  MemoryUsage of job (MB)
	3289044  -  ResidentSetSize of job (KB)
...
006 (011.395.000) 05/08 20:29:45 Image size of job updated: 3948524
	3254  -  MemoryUsage of job (MB)
	3331944  -  ResidentSetSize of job (KB)
...
006 (011.395.000) 05/08 20:29:51 Image size of job updated: 3989484
	3293  -  MemoryUsage of job (MB)
	3371280  -  ResidentSetSize of job (KB)
...
006 (011.395.000) 05/08 20:29:57 Image size of job updated: 4006892
	3330  -  MemoryUsage of job (MB)
	3409164  -  ResidentSetSize of job (KB)
...
006 (011.395.000) 05/08 20:30:03 Image size of job updated: 4006892
	3368  -  MemoryUsage of job (MB)
	3448500  -  ResidentSetSize of job (KB)
...
006 (011.395.000) 05/08 20:30:09 Image size of job updated: 4108268
	3405  -  MemoryUsage of job (MB)
	3486120  -  ResidentSetSize of job (KB)
...
006 (011.395.000) 05/08 20:30:15 Image size of job updated: 4108268
	3438  -  MemoryUsage of job (MB)
	3520308  -  ResidentSetSize of job (KB)
...
006 (011.395.000) 05/08 20:30:21 Image size of job updated: 4108268
	3480  -  MemoryUsage of job (MB)
	3562680  -  ResidentSetSize of job (KB)
...
006 (011.395.000) 05/08 20:30:27 Image size of job updated: 4205548
	3520  -  MemoryUsage of job (MB)
	3604392  -  ResidentSetSize of job (KB)
...
006 (011.395.000) 05/08 20:30:33 Image size of job updated: 4205548
	3568  -  MemoryUsage of job (MB)
	3652836  -  ResidentSetSize of job (KB)
...
006 (011.395.000) 05/08 20:30:39 Image size of job updated: 4330476
	3615  -  MemoryUsage of job (MB)
	3701676  -  ResidentSetSize of job (KB)
...
006 (011.395.000) 05/08 20:30:45 Image size of job updated: 4330476
	3663  -  MemoryUsage of job (MB)
	3750516  -  ResidentSetSize of job (KB)
...
006 (011.395.000) 05/08 20:30:51 Image size of job updated: 4330476
	3713  -  MemoryUsage of job (MB)
	3801336  -  ResidentSetSize of job (KB)
...
006 (011.395.000) 05/08 20:30:57 Image size of job updated: 4453356
	3760  -  MemoryUsage of job (MB)
	3850044  -  ResidentSetSize of job (KB)
...
006 (011.395.000) 05/08 20:31:03 Image size of job updated: 4453356
	3800  -  MemoryUsage of job (MB)
	3890700  -  ResidentSetSize of job (KB)
...
006 (011.395.000) 05/08 20:31:09 Image size of job updated: 4552684
	3831  -  MemoryUsage of job (MB)
	3921984  -  ResidentSetSize of job (KB)
...
006 (011.395.000) 05/08 20:31:15 Image size of job updated: 4586476
	3864  -  MemoryUsage of job (MB)
	3956700  -  ResidentSetSize of job (KB)
...
006 (011.395.000) 05/08 20:31:21 Image size of job updated: 4603884
	3902  -  MemoryUsage of job (MB)
	3995112  -  ResidentSetSize of job (KB)
...
006 (011.395.000) 05/08 20:31:27 Image size of job updated: 4648940
	3933  -  MemoryUsage of job (MB)
	4027188  -  ResidentSetSize of job (KB)
...
006 (011.395.000) 05/08 20:31:33 Image size of job updated: 4648940
	3966  -  MemoryUsage of job (MB)
	4060848  -  ResidentSetSize of job (KB)
...
006 (011.395.000) 05/08 20:31:39 Image size of job updated: 4648940
	3999  -  MemoryUsage of job (MB)
	4094772  -  ResidentSetSize of job (KB)
...
006 (011.395.000) 05/08 20:31:45 Image size of job updated: 4735980
	4035  -  MemoryUsage of job (MB)
	4131336  -  ResidentSetSize of job (KB)
...
006 (011.395.000) 05/08 20:31:51 Image size of job updated: 4774892
	4072  -  MemoryUsage of job (MB)
	4168824  -  ResidentSetSize of job (KB)
...
006 (011.395.000) 05/08 20:31:57 Image size of job updated: 4833260
	4114  -  MemoryUsage of job (MB)
	4212120  -  ResidentSetSize of job (KB)
...
006 (011.395.000) 05/08 20:32:03 Image size of job updated: 4833260
	4150  -  MemoryUsage of job (MB)
	4249476  -  ResidentSetSize of job (KB)
...
006 (011.395.000) 05/08 20:32:09 Image size of job updated: 4833260
	4187  -  MemoryUsage of job (MB)
	4287228  -  ResidentSetSize of job (KB)
...
006 (011.395.000) 05/08 20:32:15 Image size of job updated: 4930540
	4222  -  MemoryUsage of job (MB)
	4322604  -  ResidentSetSize of job (KB)
...
006 (011.395.000) 05/08 20:32:21 Image size of job updated: 4970476
	4254  -  MemoryUsage of job (MB)
	4355472  -  ResidentSetSize of job (KB)
...
006 (011.395.000) 05/08 20:32:27 Image size of job updated: 5014508
	4285  -  MemoryUsage of job (MB)
	4387284  -  ResidentSetSize of job (KB)
...
006 (011.395.000) 05/08 20:32:33 Image size of job updated: 5014508
	4319  -  MemoryUsage of job (MB)
	4421736  -  ResidentSetSize of job (KB)
...
006 (011.395.000) 05/08 20:32:39 Image size of job updated: 5087212
	4355  -  MemoryUsage of job (MB)
	4459488  -  ResidentSetSize of job (KB)
...
006 (011.395.000) 05/08 20:32:45 Image size of job updated: 5114860
	4389  -  MemoryUsage of job (MB)
	4493940  -  ResidentSetSize of job (KB)
...
006 (011.395.000) 05/08 20:32:51 Image size of job updated: 5149676
	4427  -  MemoryUsage of job (MB)
	4532616  -  ResidentSetSize of job (KB)
...
006 (011.395.000) 05/08 20:32:57 Image size of job updated: 5198828
	4470  -  MemoryUsage of job (MB)
	4576308  -  ResidentSetSize of job (KB)
...
006 (011.395.000) 05/08 20:33:03 Image size of job updated: 5198828
	4515  -  MemoryUsage of job (MB)
	4623168  -  ResidentSetSize of job (KB)
...
006 (011.395.000) 05/08 20:33:09 Image size of job updated: 5198828
	4560  -  MemoryUsage of job (MB)
	4668708  -  ResidentSetSize of job (KB)
...
006 (011.395.000) 05/08 20:33:15 Image size of job updated: 5312492
	4605  -  MemoryUsage of job (MB)
	4715304  -  ResidentSetSize of job (KB)
...
006 (011.395.000) 05/08 20:33:21 Image size of job updated: 5312492
	4649  -  MemoryUsage of job (MB)
	4760184  -  ResidentSetSize of job (KB)
...
006 (011.395.000) 05/08 20:33:27 Image size of job updated: 5425132
	4694  -  MemoryUsage of job (MB)
	4805856  -  ResidentSetSize of job (KB)
...
006 (011.395.000) 05/08 20:33:33 Image size of job updated: 5451756
	4737  -  MemoryUsage of job (MB)
	4850208  -  ResidentSetSize of job (KB)
...
006 (011.395.000) 05/08 20:33:39 Image size of job updated: 5451756
	4771  -  MemoryUsage of job (MB)
	4885188  -  ResidentSetSize of job (KB)
...
006 (011.395.000) 05/08 20:33:45 Image size of job updated: 5525484
	4802  -  MemoryUsage of job (MB)
	4916736  -  ResidentSetSize of job (KB)
...
006 (011.395.000) 05/08 20:33:51 Image size of job updated: 5525484
	4839  -  MemoryUsage of job (MB)
	4954224  -  ResidentSetSize of job (KB)
...
006 (011.395.000) 05/08 20:33:57 Image size of job updated: 5620716
	4875  -  MemoryUsage of job (MB)
	4991316  -  ResidentSetSize of job (KB)
...
006 (011.395.000) 05/08 20:34:03 Image size of job updated: 5638124
	4909  -  MemoryUsage of job (MB)
	5026560  -  ResidentSetSize of job (KB)
...
006 (011.395.000) 05/08 20:34:09 Image size of job updated: 5638124
	4941  -  MemoryUsage of job (MB)
	5059164  -  ResidentSetSize of job (KB)
...
006 (011.395.000) 05/08 20:34:15 Image size of job updated: 5698540
	4974  -  MemoryUsage of job (MB)
	5093352  -  ResidentSetSize of job (KB)
...
006 (011.395.000) 05/08 20:34:21 Image size of job updated: 5698540
	5011  -  MemoryUsage of job (MB)
	5131104  -  ResidentSetSize of job (KB)
...
006 (011.395.000) 05/08 20:34:27 Image size of job updated: 5777388
	5047  -  MemoryUsage of job (MB)
	5167404  -  ResidentSetSize of job (KB)
...
006 (011.395.000) 05/08 20:34:33 Image size of job updated: 5817324
	5082  -  MemoryUsage of job (MB)
	5203308  -  ResidentSetSize of job (KB)
...
006 (011.395.000) 05/08 20:34:39 Image size of job updated: 5817324
	5115  -  MemoryUsage of job (MB)
	5237628  -  ResidentSetSize of job (KB)
...
006 (011.395.000) 05/08 20:34:45 Image size of job updated: 5891052
	5152  -  MemoryUsage of job (MB)
	5274720  -  ResidentSetSize of job (KB)
...
006 (011.395.000) 05/08 20:34:52 Image size of job updated: 6121452
	5369  -  MemoryUsage of job (MB)
	5497140  -  ResidentSetSize of job (KB)
...
006 (011.395.000) 05/08 20:34:57 Image size of job updated: 6121452
	5370  -  MemoryUsage of job (MB)
	5498196  -  ResidentSetSize of job (KB)
...
005 (011.395.000) 05/08 20:34:58 Job terminated.
	(1) Normal termination (return value 0)
		Usr 0 00:23:21, Sys 0 00:00:04  -  Run Remote Usage
		Usr 0 00:00:00, Sys 0 00:00:00  -  Run Local Usage
		Usr 0 00:23:21, Sys 0 00:00:04  -  Total Remote Usage
		Usr 0 00:00:00, Sys 0 00:00:00  -  Total Local Usage
	0  -  Run Bytes Sent By Job
	0  -  Run Bytes Received By Job
	0  -  Total Bytes Sent By Job
	0  -  Total Bytes Received By Job
	Partitionable Resources :      Usage  Request Allocated 
	   Cpus                 :       0.99        1         1 
	   Disk (KB)            : 2000000     2000000   6232219 
	   Memory (MB)          :    5370        1954      2007 
...
