000 (205.4251.000) 05/06 03:19:31 Job submitted from host: <127.0.0.1:9618?addrs=127.0.0.1-9618&noUDP&sock=222_da1d_4>
...
033 (205.4251.000) 05/06 14:22:48 Changing job attribute JobPrio from 0 to -5
...
000 (007.4251.000) 05/07 19:00:08 Job submitted from host: <127.0.0.1:9618?addrs=127.0.0.1-9618&noUDP&sock=215_0cf3_4>
...
000 (016.4251.000) 05/08 15:57:16 Job submitted from host: <127.0.0.1:9618?addrs=127.0.0.1-9618&noUDP&sock=227_4816_4>
...
009 (016.4251.000) 05/09 16:54:47 Job was aborted by the user.
	via condor_rm (by user aw868)
...
000 (017.918.000) 05/09 17:26:00 Job submitted from host: <127.0.0.1:9618?addrs=127.0.0.1-9618&noUDP&sock=227_4816_4>
...
001 (017.918.000) 05/10 00:01:07 Job executing on host: <127.0.0.1:9618?addrs=127.0.0.1-9618&noUDP&sock=227_4816_5>
...
006 (017.918.000) 05/10 00:01:13 Image size of job updated: 2000000
	115  -  MemoryUsage of job (MB)
	117084  -  ResidentSetSize of job (KB)
...
006 (017.918.000) 05/10 00:01:43 Image size of job updated: 2000000
	168  -  MemoryUsage of job (MB)
	171732  -  ResidentSetSize of job (KB)
...
006 (017.918.000) 05/10 00:01:49 Image size of job updated: 2000000
	211  -  MemoryUsage of job (MB)
	215556  -  ResidentSetSize of job (KB)
...
006 (017.918.000) 05/10 00:01:55 Image size of job updated: 2000000
	211  -  MemoryUsage of job (MB)
	215820  -  ResidentSetSize of job (KB)
...
006 (017.918.000) 05/10 00:02:01 Image size of job updated: 2000000
	219  -  MemoryUsage of job (MB)
	223608  -  ResidentSetSize of job (KB)
...
006 (017.918.000) 05/10 00:02:07 Image size of job updated: 2000000
	230  -  MemoryUsage of job (MB)
	235488  -  ResidentSetSize of job (KB)
...
006 (017.918.000) 05/10 00:02:13 Image size of job updated: 2000000
	242  -  MemoryUsage of job (MB)
	247500  -  ResidentSetSize of job (KB)
...
006 (017.918.000) 05/10 00:02:19 Image size of job updated: 2000000
	254  -  MemoryUsage of job (MB)
	259380  -  ResidentSetSize of job (KB)
...
006 (017.918.000) 05/10 00:02:25 Image size of job updated: 2000000
	263  -  MemoryUsage of job (MB)
	268488  -  ResidentSetSize of job (KB)
...
006 (017.918.000) 05/10 00:02:31 Image size of job updated: 2000000
	271  -  MemoryUsage of job (MB)
	277332  -  ResidentSetSize of job (KB)
...
006 (017.918.000) 05/10 00:02:37 Image size of job updated: 2000000
	287  -  MemoryUsage of job (MB)
	293304  -  ResidentSetSize of job (KB)
...
006 (017.918.000) 05/10 00:02:43 Image size of job updated: 2000000
	333  -  MemoryUsage of job (MB)
	340164  -  ResidentSetSize of job (KB)
...
006 (017.918.000) 05/10 00:02:49 Image size of job updated: 2000000
	377  -  MemoryUsage of job (MB)
	385572  -  ResidentSetSize of job (KB)
...
006 (017.918.000) 05/10 00:02:55 Image size of job updated: 2000000
	380  -  MemoryUsage of job (MB)
	388476  -  ResidentSetSize of job (KB)
...
006 (017.918.000) 05/10 00:03:01 Image size of job updated: 2000000
	455  -  MemoryUsage of job (MB)
	465564  -  ResidentSetSize of job (KB)
...
006 (017.918.000) 05/10 00:03:07 Image size of job updated: 2000000
	529  -  MemoryUsage of job (MB)
	541068  -  ResidentSetSize of job (KB)
...
006 (017.918.000) 05/10 00:03:13 Image size of job updated: 2000000
	1243  -  MemoryUsage of job (MB)
	1272216  -  ResidentSetSize of job (KB)
...
006 (017.918.000) 05/10 00:22:29 Image size of job updated: 2000000
	1517  -  MemoryUsage of job (MB)
	1552452  -  ResidentSetSize of job (KB)
...
006 (017.918.000) 05/10 00:22:34 Image size of job updated: 2000000
	1630  -  MemoryUsage of job (MB)
	1668348  -  ResidentSetSize of job (KB)
...
006 (017.918.000) 05/10 00:22:39 Image size of job updated: 2420432
	1772  -  MemoryUsage of job (MB)
	1813548  -  ResidentSetSize of job (KB)
...
006 (017.918.000) 05/10 00:22:44 Image size of job updated: 2420432
	1962  -  MemoryUsage of job (MB)
	2009040  -  ResidentSetSize of job (KB)
...
006 (017.918.000) 05/10 00:22:49 Image size of job updated: 2676976
	1988  -  MemoryUsage of job (MB)
	2035572  -  ResidentSetSize of job (KB)
...
006 (017.918.000) 05/10 00:22:54 Image size of job updated: 2676976
	2042  -  MemoryUsage of job (MB)
	2090220  -  ResidentSetSize of job (KB)
...
006 (017.918.000) 05/10 00:22:59 Image size of job updated: 2676976
	2143  -  MemoryUsage of job (MB)
	2193840  -  ResidentSetSize of job (KB)
...
006 (017.918.000) 05/10 00:23:04 Image size of job updated: 2676976
	2213  -  MemoryUsage of job (MB)
	2265252  -  ResidentSetSize of job (KB)
...
006 (017.918.000) 05/10 00:23:09 Image size of job updated: 2919664
	2268  -  MemoryUsage of job (MB)
	2322012  -  ResidentSetSize of job (KB)
...
006 (017.918.000) 05/10 00:23:14 Image size of job updated: 2919664
	2312  -  MemoryUsage of job (MB)
	2366892  -  ResidentSetSize of job (KB)
...
006 (017.918.000) 05/10 00:23:19 Image size of job updated: 2919664
	2349  -  MemoryUsage of job (MB)
	2404908  -  ResidentSetSize of job (KB)
...
006 (017.918.000) 05/10 00:23:24 Image size of job updated: 3060976
	2382  -  MemoryUsage of job (MB)
	2438964  -  ResidentSetSize of job (KB)
...
006 (017.918.000) 05/10 00:23:29 Image size of job updated: 3060976
	2417  -  MemoryUsage of job (MB)
	2474340  -  ResidentSetSize of job (KB)
...
006 (017.918.000) 05/10 00:23:34 Image size of job updated: 3060976
	2452  -  MemoryUsage of job (MB)
	2510376  -  ResidentSetSize of job (KB)
...
006 (017.918.000) 05/10 00:23:39 Image size of job updated: 3188976
	2471  -  MemoryUsage of job (MB)
	2529648  -  ResidentSetSize of job (KB)
...
006 (017.918.000) 05/10 00:24:00 Image size of job updated: 3188976
	2491  -  MemoryUsage of job (MB)
	2550768  -  ResidentSetSize of job (KB)
...
006 (017.918.000) 05/10 00:24:49 Image size of job updated: 3582192
	2914  -  MemoryUsage of job (MB)
	2983860  -  ResidentSetSize of job (KB)
...
006 (017.918.000) 05/10 00:25:29 Image size of job updated: 4016368
	3287  -  MemoryUsage of job (MB)
	3365868  -  ResidentSetSize of job (KB)
...
006 (017.918.000) 05/10 00:25:53 Image size of job updated: 4296944
	3515  -  MemoryUsage of job (MB)
	3598584  -  ResidentSetSize of job (KB)
...
006 (017.918.000) 05/10 00:26:08 Image size of job updated: 4454640
	3658  -  MemoryUsage of job (MB)
	3745236  -  ResidentSetSize of job (KB)
...
006 (017.918.000) 05/10 00:26:17 Image size of job updated: 4507888
	3752  -  MemoryUsage of job (MB)
	3841860  -  ResidentSetSize of job (KB)
...
006 (017.918.000) 05/10 00:26:23 Image size of job updated: 4616432
	3823  -  MemoryUsage of job (MB)
	3914592  -  ResidentSetSize of job (KB)
...
006 (017.918.000) 05/10 00:26:29 Image size of job updated: 4616432
	3890  -  MemoryUsage of job (MB)
	3983232  -  ResidentSetSize of job (KB)
...
006 (017.918.000) 05/10 00:26:35 Image size of job updated: 4616432
	3956  -  MemoryUsage of job (MB)
	4050024  -  ResidentSetSize of job (KB)
...
006 (017.918.000) 05/10 00:26:41 Image size of job updated: 4799728
	4017  -  MemoryUsage of job (MB)
	4112724  -  ResidentSetSize of job (KB)
...
006 (017.918.000) 05/10 00:26:47 Image size of job updated: 4799728
	4073  -  MemoryUsage of job (MB)
	4170408  -  ResidentSetSize of job (KB)
...
006 (017.918.000) 05/10 00:26:53 Image size of job updated: 4799728
	4129  -  MemoryUsage of job (MB)
	4227828  -  ResidentSetSize of job (KB)
...
006 (017.918.000) 05/10 00:26:59 Image size of job updated: 4945136
	4183  -  MemoryUsage of job (MB)
	4283136  -  ResidentSetSize of job (KB)
...
006 (017.918.000) 05/10 00:27:05 Image size of job updated: 4945136
	4237  -  MemoryUsage of job (MB)
	4338048  -  ResidentSetSize of job (KB)
...
006 (017.918.000) 05/10 00:27:11 Image size of job updated: 5096688
	4290  -  MemoryUsage of job (MB)
	4392828  -  ResidentSetSize of job (KB)
...
006 (017.918.000) 05/10 00:27:17 Image size of job updated: 5146864
	4345  -  MemoryUsage of job (MB)
	4448928  -  ResidentSetSize of job (KB)
...
006 (017.918.000) 05/10 00:27:23 Image size of job updated: 5146864
	4399  -  MemoryUsage of job (MB)
	4503708  -  ResidentSetSize of job (KB)
...
006 (017.918.000) 05/10 00:27:29 Image size of job updated: 5146864
	4453  -  MemoryUsage of job (MB)
	4559412  -  ResidentSetSize of job (KB)
...
006 (017.918.000) 05/10 00:27:35 Image size of job updated: 5315824
	4509  -  MemoryUsage of job (MB)
	4616568  -  ResidentSetSize of job (KB)
...
006 (017.918.000) 05/10 00:27:42 Image size of job updated: 5315824
	4559  -  MemoryUsage of job (MB)
	4667916  -  ResidentSetSize of job (KB)
...
006 (017.918.000) 05/10 00:27:47 Image size of job updated: 5315824
	4601  -  MemoryUsage of job (MB)
	4710684  -  ResidentSetSize of job (KB)
...
006 (017.918.000) 05/10 00:27:52 Image size of job updated: 5443824
	4634  -  MemoryUsage of job (MB)
	4745004  -  ResidentSetSize of job (KB)
...
006 (017.918.000) 05/10 00:27:57 Image size of job updated: 5443824
	4665  -  MemoryUsage of job (MB)
	4776156  -  ResidentSetSize of job (KB)
...
006 (017.918.000) 05/10 00:28:02 Image size of job updated: 5443824
	4688  -  MemoryUsage of job (MB)
	4799784  -  ResidentSetSize of job (KB)
...
006 (017.918.000) 05/10 00:28:08 Image size of job updated: 5569776
	4707  -  MemoryUsage of job (MB)
	4819848  -  ResidentSetSize of job (KB)
...
006 (017.918.000) 05/10 00:28:13 Image size of job updated: 5597424
	4742  -  MemoryUsage of job (MB)
	4855620  -  ResidentSetSize of job (KB)
...
006 (017.918.000) 05/10 00:28:19 Image size of job updated: 5700848
	4798  -  MemoryUsage of job (MB)
	4912512  -  ResidentSetSize of job (KB)
...
006 (017.918.000) 05/10 00:28:25 Image size of job updated: 5763312
	4854  -  MemoryUsage of job (MB)
	4970328  -  ResidentSetSize of job (KB)
...
006 (017.918.000) 05/10 00:28:31 Image size of job updated: 5763312
	4915  -  MemoryUsage of job (MB)
	5032632  -  ResidentSetSize of job (KB)
...
006 (017.918.000) 05/10 00:28:37 Image size of job updated: 5863664
	4966  -  MemoryUsage of job (MB)
	5084244  -  ResidentSetSize of job (KB)
...
006 (017.918.000) 05/10 00:28:43 Image size of job updated: 5910768
	5016  -  MemoryUsage of job (MB)
	5135856  -  ResidentSetSize of job (KB)
...
006 (017.918.000) 05/10 00:28:49 Image size of job updated: 5975280
	5067  -  MemoryUsage of job (MB)
	5187864  -  ResidentSetSize of job (KB)
...
006 (017.918.000) 05/10 00:28:55 Image size of job updated: 5975280
	5117  -  MemoryUsage of job (MB)
	5239344  -  ResidentSetSize of job (KB)
...
006 (017.918.000) 05/10 00:29:01 Image size of job updated: 6074608
	5168  -  MemoryUsage of job (MB)
	5292012  -  ResidentSetSize of job (KB)
...
006 (017.918.000) 05/10 00:29:07 Image size of job updated: 6104304
	5219  -  MemoryUsage of job (MB)
	5344020  -  ResidentSetSize of job (KB)
...
006 (017.918.000) 05/10 00:29:13 Image size of job updated: 6147312
	5271  -  MemoryUsage of job (MB)
	5396556  -  ResidentSetSize of job (KB)
...
006 (017.918.000) 05/10 00:29:19 Image size of job updated: 6235376
	5321  -  MemoryUsage of job (MB)
	5448564  -  ResidentSetSize of job (KB)
...
006 (017.918.000) 05/10 00:29:25 Image size of job updated: 6245616
	5373  -  MemoryUsage of job (MB)
	5501496  -  ResidentSetSize of job (KB)
...
006 (017.918.000) 05/10 00:29:31 Image size of job updated: 6245616
	5424  -  MemoryUsage of job (MB)
	5553768  -  ResidentSetSize of job (KB)
...
006 (017.918.000) 05/10 00:29:37 Image size of job updated: 6366448
	5477  -  MemoryUsage of job (MB)
	5607492  -  ResidentSetSize of job (KB)
...
006 (017.918.000) 05/10 00:29:43 Image size of job updated: 6443248
	5528  -  MemoryUsage of job (MB)
	5660556  -  ResidentSetSize of job (KB)
...
006 (017.918.000) 05/10 00:29:49 Image size of job updated: 6500592
	5581  -  MemoryUsage of job (MB)
	5714676  -  ResidentSetSize of job (KB)
...
006 (017.918.000) 05/10 00:29:55 Image size of job updated: 6511856
	5747  -  MemoryUsage of job (MB)
	5884032  -  ResidentSetSize of job (KB)
...
006 (017.918.000) 05/10 00:30:01 Image size of job updated: 6703344
	5909  -  MemoryUsage of job (MB)
	6049824  -  ResidentSetSize of job (KB)
...
005 (017.918.000) 05/10 00:30:04 Job terminated.
	(1) Normal termination (return value 0)
		Usr 0 00:27:56, Sys 0 00:00:11  -  Run Remote Usage
		Usr 0 00:00:00, Sys 0 00:00:00  -  Run Local Usage
		Usr 0 00:27:56, Sys 0 00:00:11  -  Total Remote Usage
		Usr 0 00:00:00, Sys 0 00:00:00  -  Total Local Usage
	0  -  Run Bytes Sent By Job
	0  -  Run Bytes Received By Job
	0  -  Total Bytes Sent By Job
	0  -  Total Bytes Received By Job
	Partitionable Resources :      Usage  Request Allocated 
	   Cpus                 :       0.97        1         1 
	   Disk (KB)            : 2000000     2000000   6275465 
	   Memory (MB)          :    5909        1954      2007 
...
