000 (205.5842.000) 05/06 03:20:25 Job submitted from host: <127.0.0.1:9618?addrs=127.0.0.1-9618&noUDP&sock=222_da1d_4>
...
033 (205.5842.000) 05/06 14:23:25 Changing job attribute JobPrio from 0 to -5
...
000 (007.5842.000) 05/07 19:00:28 Job submitted from host: <127.0.0.1:9618?addrs=127.0.0.1-9618&noUDP&sock=215_0cf3_4>
...
000 (016.5842.000) 05/08 15:57:34 Job submitted from host: <127.0.0.1:9618?addrs=127.0.0.1-9618&noUDP&sock=227_4816_4>
...
009 (016.5842.000) 05/09 16:55:14 Job was aborted by the user.
	via condor_rm (by user aw868)
...
000 (017.2509.000) 05/09 17:26:13 Job submitted from host: <127.0.0.1:9618?addrs=127.0.0.1-9618&noUDP&sock=227_4816_4>
...
001 (017.2509.000) 05/10 11:32:31 Job executing on host: <127.0.0.1:9618?addrs=127.0.0.1-9618&noUDP&sock=227_4816_5>
...
006 (017.2509.000) 05/10 11:32:36 Image size of job updated: 2000000
	110  -  MemoryUsage of job (MB)
	112200  -  ResidentSetSize of job (KB)
...
006 (017.2509.000) 05/10 11:32:41 Image size of job updated: 2000000
	115  -  MemoryUsage of job (MB)
	117084  -  ResidentSetSize of job (KB)
...
006 (017.2509.000) 05/10 11:33:06 Image size of job updated: 2000000
	175  -  MemoryUsage of job (MB)
	179124  -  ResidentSetSize of job (KB)
...
006 (017.2509.000) 05/10 11:33:11 Image size of job updated: 2000000
	211  -  MemoryUsage of job (MB)
	215556  -  ResidentSetSize of job (KB)
...
006 (017.2509.000) 05/10 11:33:16 Image size of job updated: 2000000
	212  -  MemoryUsage of job (MB)
	216084  -  ResidentSetSize of job (KB)
...
006 (017.2509.000) 05/10 11:33:21 Image size of job updated: 2000000
	224  -  MemoryUsage of job (MB)
	229020  -  ResidentSetSize of job (KB)
...
006 (017.2509.000) 05/10 11:33:26 Image size of job updated: 2000000
	238  -  MemoryUsage of job (MB)
	243408  -  ResidentSetSize of job (KB)
...
006 (017.2509.000) 05/10 11:33:31 Image size of job updated: 2000000
	252  -  MemoryUsage of job (MB)
	257532  -  ResidentSetSize of job (KB)
...
006 (017.2509.000) 05/10 11:33:36 Image size of job updated: 2000000
	263  -  MemoryUsage of job (MB)
	268752  -  ResidentSetSize of job (KB)
...
006 (017.2509.000) 05/10 11:33:41 Image size of job updated: 2000000
	271  -  MemoryUsage of job (MB)
	276936  -  ResidentSetSize of job (KB)
...
006 (017.2509.000) 05/10 11:33:46 Image size of job updated: 2000000
	280  -  MemoryUsage of job (MB)
	285780  -  ResidentSetSize of job (KB)
...
006 (017.2509.000) 05/10 11:33:51 Image size of job updated: 2000000
	309  -  MemoryUsage of job (MB)
	316404  -  ResidentSetSize of job (KB)
...
006 (017.2509.000) 05/10 11:33:56 Image size of job updated: 2000000
	349  -  MemoryUsage of job (MB)
	356532  -  ResidentSetSize of job (KB)
...
006 (017.2509.000) 05/10 11:34:01 Image size of job updated: 2000000
	377  -  MemoryUsage of job (MB)
	385704  -  ResidentSetSize of job (KB)
...
006 (017.2509.000) 05/10 11:34:06 Image size of job updated: 2000000
	380  -  MemoryUsage of job (MB)
	388476  -  ResidentSetSize of job (KB)
...
006 (017.2509.000) 05/10 11:34:11 Image size of job updated: 2000000
	455  -  MemoryUsage of job (MB)
	465696  -  ResidentSetSize of job (KB)
...
006 (017.2509.000) 05/10 11:34:16 Image size of job updated: 2000000
	506  -  MemoryUsage of job (MB)
	517440  -  ResidentSetSize of job (KB)
...
006 (017.2509.000) 05/10 11:34:21 Image size of job updated: 2000000
	554  -  MemoryUsage of job (MB)
	567204  -  ResidentSetSize of job (KB)
...
006 (017.2509.000) 05/10 11:34:26 Image size of job updated: 2000000
	1243  -  MemoryUsage of job (MB)
	1272216  -  ResidentSetSize of job (KB)
...
006 (017.2509.000) 05/10 11:52:10 Image size of job updated: 2000000
	1606  -  MemoryUsage of job (MB)
	1643532  -  ResidentSetSize of job (KB)
...
006 (017.2509.000) 05/10 11:52:16 Image size of job updated: 2454228
	1710  -  MemoryUsage of job (MB)
	1750056  -  ResidentSetSize of job (KB)
...
006 (017.2509.000) 05/10 11:52:22 Image size of job updated: 2454228
	1962  -  MemoryUsage of job (MB)
	2009040  -  ResidentSetSize of job (KB)
...
006 (017.2509.000) 05/10 11:52:28 Image size of job updated: 2454228
	1967  -  MemoryUsage of job (MB)
	2013660  -  ResidentSetSize of job (KB)
...
006 (017.2509.000) 05/10 11:52:34 Image size of job updated: 2675436
	2027  -  MemoryUsage of job (MB)
	2074776  -  ResidentSetSize of job (KB)
...
006 (017.2509.000) 05/10 11:52:40 Image size of job updated: 2675436
	2138  -  MemoryUsage of job (MB)
	2188692  -  ResidentSetSize of job (KB)
...
006 (017.2509.000) 05/10 11:52:46 Image size of job updated: 2904812
	2204  -  MemoryUsage of job (MB)
	2256276  -  ResidentSetSize of job (KB)
...
006 (017.2509.000) 05/10 11:52:52 Image size of job updated: 2942700
	2242  -  MemoryUsage of job (MB)
	2295612  -  ResidentSetSize of job (KB)
...
006 (017.2509.000) 05/10 11:52:58 Image size of job updated: 2979564
	2279  -  MemoryUsage of job (MB)
	2332704  -  ResidentSetSize of job (KB)
...
006 (017.2509.000) 05/10 11:53:04 Image size of job updated: 3007212
	2317  -  MemoryUsage of job (MB)
	2372568  -  ResidentSetSize of job (KB)
...
006 (017.2509.000) 05/10 11:53:10 Image size of job updated: 3007212
	2360  -  MemoryUsage of job (MB)
	2415996  -  ResidentSetSize of job (KB)
...
006 (017.2509.000) 05/10 11:53:16 Image size of job updated: 3007212
	2395  -  MemoryUsage of job (MB)
	2451636  -  ResidentSetSize of job (KB)
...
006 (017.2509.000) 05/10 11:53:22 Image size of job updated: 3133164
	2428  -  MemoryUsage of job (MB)
	2485692  -  ResidentSetSize of job (KB)
...
006 (017.2509.000) 05/10 11:53:28 Image size of job updated: 3164908
	2460  -  MemoryUsage of job (MB)
	2518956  -  ResidentSetSize of job (KB)
...
006 (017.2509.000) 05/10 11:53:34 Image size of job updated: 3195628
	2493  -  MemoryUsage of job (MB)
	2552616  -  ResidentSetSize of job (KB)
...
006 (017.2509.000) 05/10 11:53:40 Image size of job updated: 3195628
	2526  -  MemoryUsage of job (MB)
	2586012  -  ResidentSetSize of job (KB)
...
006 (017.2509.000) 05/10 11:53:46 Image size of job updated: 3263212
	2558  -  MemoryUsage of job (MB)
	2618880  -  ResidentSetSize of job (KB)
...
006 (017.2509.000) 05/10 11:53:52 Image size of job updated: 3283692
	2590  -  MemoryUsage of job (MB)
	2651748  -  ResidentSetSize of job (KB)
...
006 (017.2509.000) 05/10 11:53:58 Image size of job updated: 3283692
	2625  -  MemoryUsage of job (MB)
	2687256  -  ResidentSetSize of job (KB)
...
006 (017.2509.000) 05/10 11:54:04 Image size of job updated: 3370732
	2661  -  MemoryUsage of job (MB)
	2724348  -  ResidentSetSize of job (KB)
...
006 (017.2509.000) 05/10 11:54:10 Image size of job updated: 3370732
	2695  -  MemoryUsage of job (MB)
	2759592  -  ResidentSetSize of job (KB)
...
006 (017.2509.000) 05/10 11:54:16 Image size of job updated: 3370732
	2728  -  MemoryUsage of job (MB)
	2792592  -  ResidentSetSize of job (KB)
...
006 (017.2509.000) 05/10 11:54:22 Image size of job updated: 3456748
	2759  -  MemoryUsage of job (MB)
	2824932  -  ResidentSetSize of job (KB)
...
006 (017.2509.000) 05/10 11:54:28 Image size of job updated: 3505900
	2791  -  MemoryUsage of job (MB)
	2857536  -  ResidentSetSize of job (KB)
...
006 (017.2509.000) 05/10 11:54:34 Image size of job updated: 3537644
	2823  -  MemoryUsage of job (MB)
	2890272  -  ResidentSetSize of job (KB)
...
006 (017.2509.000) 05/10 11:54:40 Image size of job updated: 3551980
	2854  -  MemoryUsage of job (MB)
	2922216  -  ResidentSetSize of job (KB)
...
006 (017.2509.000) 05/10 11:54:46 Image size of job updated: 3597036
	2898  -  MemoryUsage of job (MB)
	2967360  -  ResidentSetSize of job (KB)
...
006 (017.2509.000) 05/10 11:54:52 Image size of job updated: 3647212
	2940  -  MemoryUsage of job (MB)
	3010392  -  ResidentSetSize of job (KB)
...
006 (017.2509.000) 05/10 11:54:58 Image size of job updated: 3647212
	2979  -  MemoryUsage of job (MB)
	3050256  -  ResidentSetSize of job (KB)
...
006 (017.2509.000) 05/10 11:55:04 Image size of job updated: 3647212
	3017  -  MemoryUsage of job (MB)
	3089328  -  ResidentSetSize of job (KB)
...
006 (017.2509.000) 05/10 11:55:10 Image size of job updated: 3747564
	3051  -  MemoryUsage of job (MB)
	3123516  -  ResidentSetSize of job (KB)
...
006 (017.2509.000) 05/10 11:55:16 Image size of job updated: 3747564
	3085  -  MemoryUsage of job (MB)
	3158496  -  ResidentSetSize of job (KB)
...
006 (017.2509.000) 05/10 11:55:22 Image size of job updated: 3832556
	3116  -  MemoryUsage of job (MB)
	3190176  -  ResidentSetSize of job (KB)
...
006 (017.2509.000) 05/10 11:55:28 Image size of job updated: 3850988
	3147  -  MemoryUsage of job (MB)
	3221988  -  ResidentSetSize of job (KB)
...
006 (017.2509.000) 05/10 11:55:34 Image size of job updated: 3850988
	3180  -  MemoryUsage of job (MB)
	3256308  -  ResidentSetSize of job (KB)
...
006 (017.2509.000) 05/10 11:55:40 Image size of job updated: 3913452
	3215  -  MemoryUsage of job (MB)
	3291156  -  ResidentSetSize of job (KB)
...
006 (017.2509.000) 05/10 11:55:46 Image size of job updated: 3913452
	3248  -  MemoryUsage of job (MB)
	3325212  -  ResidentSetSize of job (KB)
...
006 (017.2509.000) 05/10 11:55:52 Image size of job updated: 4010732
	3281  -  MemoryUsage of job (MB)
	3358740  -  ResidentSetSize of job (KB)
...
006 (017.2509.000) 05/10 11:55:58 Image size of job updated: 4010732
	3311  -  MemoryUsage of job (MB)
	3390156  -  ResidentSetSize of job (KB)
...
006 (017.2509.000) 05/10 11:56:04 Image size of job updated: 4010732
	3336  -  MemoryUsage of job (MB)
	3415500  -  ResidentSetSize of job (KB)
...
006 (017.2509.000) 05/10 11:56:10 Image size of job updated: 4096748
	3360  -  MemoryUsage of job (MB)
	3439656  -  ResidentSetSize of job (KB)
...
006 (017.2509.000) 05/10 11:56:16 Image size of job updated: 4146924
	3366  -  MemoryUsage of job (MB)
	3445860  -  ResidentSetSize of job (KB)
...
006 (017.2509.000) 05/10 11:56:22 Image size of job updated: 4175596
	3397  -  MemoryUsage of job (MB)
	3477804  -  ResidentSetSize of job (KB)
...
006 (017.2509.000) 05/10 11:56:28 Image size of job updated: 4203244
	3429  -  MemoryUsage of job (MB)
	3510276  -  ResidentSetSize of job (KB)
...
006 (017.2509.000) 05/10 11:56:34 Image size of job updated: 4241132
	3460  -  MemoryUsage of job (MB)
	3542616  -  ResidentSetSize of job (KB)
...
006 (017.2509.000) 05/10 11:56:40 Image size of job updated: 4262636
	3486  -  MemoryUsage of job (MB)
	3569412  -  ResidentSetSize of job (KB)
...
006 (017.2509.000) 05/10 11:56:45 Image size of job updated: 4262636
	3513  -  MemoryUsage of job (MB)
	3596340  -  ResidentSetSize of job (KB)
...
006 (017.2509.000) 05/10 11:56:50 Image size of job updated: 4306668
	3539  -  MemoryUsage of job (MB)
	3623928  -  ResidentSetSize of job (KB)
...
006 (017.2509.000) 05/10 11:56:55 Image size of job updated: 4344556
	3566  -  MemoryUsage of job (MB)
	3651252  -  ResidentSetSize of job (KB)
...
006 (017.2509.000) 05/10 11:57:00 Image size of job updated: 4344556
	3592  -  MemoryUsage of job (MB)
	3678048  -  ResidentSetSize of job (KB)
...
006 (017.2509.000) 05/10 11:57:05 Image size of job updated: 4344556
	3619  -  MemoryUsage of job (MB)
	3705108  -  ResidentSetSize of job (KB)
...
006 (017.2509.000) 05/10 11:57:10 Image size of job updated: 4427500
	3646  -  MemoryUsage of job (MB)
	3732564  -  ResidentSetSize of job (KB)
...
006 (017.2509.000) 05/10 11:57:15 Image size of job updated: 4427500
	3672  -  MemoryUsage of job (MB)
	3760020  -  ResidentSetSize of job (KB)
...
006 (017.2509.000) 05/10 11:57:20 Image size of job updated: 4485868
	3700  -  MemoryUsage of job (MB)
	3788136  -  ResidentSetSize of job (KB)
...
006 (017.2509.000) 05/10 11:57:25 Image size of job updated: 4506348
	3727  -  MemoryUsage of job (MB)
	3815460  -  ResidentSetSize of job (KB)
...
006 (017.2509.000) 05/10 11:57:30 Image size of job updated: 4535020
	3755  -  MemoryUsage of job (MB)
	3844764  -  ResidentSetSize of job (KB)
...
006 (017.2509.000) 05/10 11:57:35 Image size of job updated: 4535020
	3791  -  MemoryUsage of job (MB)
	3881856  -  ResidentSetSize of job (KB)
...
006 (017.2509.000) 05/10 11:57:40 Image size of job updated: 4618988
	3828  -  MemoryUsage of job (MB)
	3919608  -  ResidentSetSize of job (KB)
...
006 (017.2509.000) 05/10 11:57:45 Image size of job updated: 4618988
	3865  -  MemoryUsage of job (MB)
	3956964  -  ResidentSetSize of job (KB)
...
006 (017.2509.000) 05/10 11:57:50 Image size of job updated: 4618988
	3898  -  MemoryUsage of job (MB)
	3991284  -  ResidentSetSize of job (KB)
...
006 (017.2509.000) 05/10 11:57:55 Image size of job updated: 4618988
	3927  -  MemoryUsage of job (MB)
	4020720  -  ResidentSetSize of job (KB)
...
006 (017.2509.000) 05/10 11:58:00 Image size of job updated: 4737772
	3954  -  MemoryUsage of job (MB)
	4048440  -  ResidentSetSize of job (KB)
...
006 (017.2509.000) 05/10 11:58:05 Image size of job updated: 4737772
	3981  -  MemoryUsage of job (MB)
	4075764  -  ResidentSetSize of job (KB)
...
006 (017.2509.000) 05/10 11:58:10 Image size of job updated: 4737772
	4009  -  MemoryUsage of job (MB)
	4104408  -  ResidentSetSize of job (KB)
...
006 (017.2509.000) 05/10 11:58:15 Image size of job updated: 4737772
	4037  -  MemoryUsage of job (MB)
	4133184  -  ResidentSetSize of job (KB)
...
006 (017.2509.000) 05/10 11:58:20 Image size of job updated: 4851436
	4062  -  MemoryUsage of job (MB)
	4159452  -  ResidentSetSize of job (KB)
...
006 (017.2509.000) 05/10 11:58:25 Image size of job updated: 4884204
	4090  -  MemoryUsage of job (MB)
	4187172  -  ResidentSetSize of job (KB)
...
006 (017.2509.000) 05/10 11:58:30 Image size of job updated: 4884204
	4117  -  MemoryUsage of job (MB)
	4215156  -  ResidentSetSize of job (KB)
...
006 (017.2509.000) 05/10 11:58:35 Image size of job updated: 4944620
	4147  -  MemoryUsage of job (MB)
	4245780  -  ResidentSetSize of job (KB)
...
006 (017.2509.000) 05/10 11:58:40 Image size of job updated: 4944620
	4177  -  MemoryUsage of job (MB)
	4276800  -  ResidentSetSize of job (KB)
...
006 (017.2509.000) 05/10 11:58:45 Image size of job updated: 4944620
	4252  -  MemoryUsage of job (MB)
	4353624  -  ResidentSetSize of job (KB)
...
006 (017.2509.000) 05/10 11:58:50 Image size of job updated: 5226220
	4457  -  MemoryUsage of job (MB)
	4563900  -  ResidentSetSize of job (KB)
...
005 (017.2509.000) 05/10 11:58:56 Job terminated.
	(1) Normal termination (return value 0)
		Usr 0 00:25:37, Sys 0 00:00:08  -  Run Remote Usage
		Usr 0 00:00:00, Sys 0 00:00:00  -  Run Local Usage
		Usr 0 00:25:37, Sys 0 00:00:08  -  Total Remote Usage
		Usr 0 00:00:00, Sys 0 00:00:00  -  Total Local Usage
	0  -  Run Bytes Sent By Job
	0  -  Run Bytes Received By Job
	0  -  Total Bytes Sent By Job
	0  -  Total Bytes Received By Job
	Partitionable Resources :      Usage  Request Allocated 
	   Cpus                 :       0.91        1         1 
	   Disk (KB)            : 2000000     2000000   6275465 
	   Memory (MB)          :    4457        1954      2007 
...
