000 (205.9932.000) 05/06 03:22:30 Job submitted from host: <127.0.0.1:9618?addrs=127.0.0.1-9618&noUDP&sock=222_da1d_4>
...
033 (205.9932.000) 05/06 14:24:27 Changing job attribute JobPrio from 0 to -5
...
000 (007.9932.000) 05/07 19:01:15 Job submitted from host: <127.0.0.1:9618?addrs=127.0.0.1-9618&noUDP&sock=215_0cf3_4>
...
000 (016.9932.000) 05/08 15:58:17 Job submitted from host: <127.0.0.1:9618?addrs=127.0.0.1-9618&noUDP&sock=227_4816_4>
...
009 (016.9932.000) 05/09 16:56:42 Job was aborted by the user.
	via condor_rm (by user aw868)
...
000 (014.2771.000) 05/09 17:31:30 Job submitted from host: <127.0.0.1:9618?addrs=127.0.0.1-9618&noUDP&sock=212_fe2a_4>
...
033 (014.2771.000) 05/09 17:33:29 Changing job attribute JobPrio from 0 to -10
...
033 (014.2771.000) 05/09 21:35:54 Changing job attribute JobPrio from -10 to -15
...
001 (014.2771.000) 05/10 23:31:24 Job executing on host: <127.0.0.1:9618?addrs=127.0.0.1-9618&noUDP&sock=212_fe2a_5>
...
006 (014.2771.000) 05/10 23:31:30 Image size of job updated: 2000000
	115  -  MemoryUsage of job (MB)
	116952  -  ResidentSetSize of job (KB)
...
006 (014.2771.000) 05/10 23:31:54 Image size of job updated: 2000000
	159  -  MemoryUsage of job (MB)
	161964  -  ResidentSetSize of job (KB)
...
006 (014.2771.000) 05/10 23:32:00 Image size of job updated: 2000000
	211  -  MemoryUsage of job (MB)
	215424  -  ResidentSetSize of job (KB)
...
006 (014.2771.000) 05/10 23:32:06 Image size of job updated: 2000000
	211  -  MemoryUsage of job (MB)
	215688  -  ResidentSetSize of job (KB)
...
006 (014.2771.000) 05/10 23:32:12 Image size of job updated: 2000000
	217  -  MemoryUsage of job (MB)
	221892  -  ResidentSetSize of job (KB)
...
006 (014.2771.000) 05/10 23:32:18 Image size of job updated: 2000000
	229  -  MemoryUsage of job (MB)
	233772  -  ResidentSetSize of job (KB)
...
006 (014.2771.000) 05/10 23:32:24 Image size of job updated: 2000000
	240  -  MemoryUsage of job (MB)
	245124  -  ResidentSetSize of job (KB)
...
006 (014.2771.000) 05/10 23:32:30 Image size of job updated: 2000000
	251  -  MemoryUsage of job (MB)
	257004  -  ResidentSetSize of job (KB)
...
006 (014.2771.000) 05/10 23:32:36 Image size of job updated: 2000000
	261  -  MemoryUsage of job (MB)
	266904  -  ResidentSetSize of job (KB)
...
006 (014.2771.000) 05/10 23:32:42 Image size of job updated: 2000000
	270  -  MemoryUsage of job (MB)
	276012  -  ResidentSetSize of job (KB)
...
006 (014.2771.000) 05/10 23:32:48 Image size of job updated: 2000000
	280  -  MemoryUsage of job (MB)
	286176  -  ResidentSetSize of job (KB)
...
006 (014.2771.000) 05/10 23:32:54 Image size of job updated: 2000000
	328  -  MemoryUsage of job (MB)
	335412  -  ResidentSetSize of job (KB)
...
006 (014.2771.000) 05/10 23:33:00 Image size of job updated: 2000000
	376  -  MemoryUsage of job (MB)
	384516  -  ResidentSetSize of job (KB)
...
006 (014.2771.000) 05/10 23:33:12 Image size of job updated: 2000000
	407  -  MemoryUsage of job (MB)
	416592  -  ResidentSetSize of job (KB)
...
006 (014.2771.000) 05/10 23:33:18 Image size of job updated: 2000000
	473  -  MemoryUsage of job (MB)
	484176  -  ResidentSetSize of job (KB)
...
006 (014.2771.000) 05/10 23:33:24 Image size of job updated: 2000000
	528  -  MemoryUsage of job (MB)
	540540  -  ResidentSetSize of job (KB)
...
006 (014.2771.000) 05/10 23:33:30 Image size of job updated: 2000000
	1240  -  MemoryUsage of job (MB)
	1268916  -  ResidentSetSize of job (KB)
...
006 (014.2771.000) 05/10 23:50:37 Image size of job updated: 2286928
	1573  -  MemoryUsage of job (MB)
	1610400  -  ResidentSetSize of job (KB)
...
006 (014.2771.000) 05/10 23:50:43 Image size of job updated: 2286928
	1766  -  MemoryUsage of job (MB)
	1807872  -  ResidentSetSize of job (KB)
...
006 (014.2771.000) 05/10 23:50:49 Image size of job updated: 2286928
	1947  -  MemoryUsage of job (MB)
	1993332  -  ResidentSetSize of job (KB)
...
006 (014.2771.000) 05/10 23:50:55 Image size of job updated: 2654448
	2048  -  MemoryUsage of job (MB)
	2096820  -  ResidentSetSize of job (KB)
...
006 (014.2771.000) 05/10 23:51:01 Image size of job updated: 2654448
	2140  -  MemoryUsage of job (MB)
	2190804  -  ResidentSetSize of job (KB)
...
006 (014.2771.000) 05/10 23:51:07 Image size of job updated: 2899184
	2234  -  MemoryUsage of job (MB)
	2286900  -  ResidentSetSize of job (KB)
...
006 (014.2771.000) 05/10 23:51:13 Image size of job updated: 2899184
	2328  -  MemoryUsage of job (MB)
	2383260  -  ResidentSetSize of job (KB)
...
006 (014.2771.000) 05/10 23:51:19 Image size of job updated: 2899184
	2418  -  MemoryUsage of job (MB)
	2475528  -  ResidentSetSize of job (KB)
...
006 (014.2771.000) 05/10 23:51:25 Image size of job updated: 3135728
	2492  -  MemoryUsage of job (MB)
	2551692  -  ResidentSetSize of job (KB)
...
006 (014.2771.000) 05/10 23:51:30 Image size of job updated: 3135728
	2566  -  MemoryUsage of job (MB)
	2626932  -  ResidentSetSize of job (KB)
...
006 (014.2771.000) 05/10 23:51:35 Image size of job updated: 3135728
	2640  -  MemoryUsage of job (MB)
	2702436  -  ResidentSetSize of job (KB)
...
006 (014.2771.000) 05/10 23:51:40 Image size of job updated: 3376368
	2714  -  MemoryUsage of job (MB)
	2778600  -  ResidentSetSize of job (KB)
...
006 (014.2771.000) 05/10 23:51:45 Image size of job updated: 3376368
	2787  -  MemoryUsage of job (MB)
	2853444  -  ResidentSetSize of job (KB)
...
006 (014.2771.000) 05/10 23:51:50 Image size of job updated: 3376368
	2856  -  MemoryUsage of job (MB)
	2923668  -  ResidentSetSize of job (KB)
...
006 (014.2771.000) 05/10 23:51:55 Image size of job updated: 3599600
	2903  -  MemoryUsage of job (MB)
	2972376  -  ResidentSetSize of job (KB)
...
006 (014.2771.000) 05/10 23:52:00 Image size of job updated: 3599600
	2955  -  MemoryUsage of job (MB)
	3025704  -  ResidentSetSize of job (KB)
...
006 (014.2771.000) 05/10 23:52:05 Image size of job updated: 3714288
	2991  -  MemoryUsage of job (MB)
	3062532  -  ResidentSetSize of job (KB)
...
006 (014.2771.000) 05/10 23:52:10 Image size of job updated: 3803376
	3070  -  MemoryUsage of job (MB)
	3142920  -  ResidentSetSize of job (KB)
...
006 (014.2771.000) 05/10 23:52:15 Image size of job updated: 3803376
	3142  -  MemoryUsage of job (MB)
	3217236  -  ResidentSetSize of job (KB)
...
006 (014.2771.000) 05/10 23:52:20 Image size of job updated: 3803376
	3216  -  MemoryUsage of job (MB)
	3293136  -  ResidentSetSize of job (KB)
...
006 (014.2771.000) 05/10 23:52:25 Image size of job updated: 4019440
	3289  -  MemoryUsage of job (MB)
	3367320  -  ResidentSetSize of job (KB)
...
006 (014.2771.000) 05/10 23:52:30 Image size of job updated: 4019440
	3360  -  MemoryUsage of job (MB)
	3439788  -  ResidentSetSize of job (KB)
...
006 (014.2771.000) 05/10 23:52:36 Image size of job updated: 4019440
	3367  -  MemoryUsage of job (MB)
	3446916  -  ResidentSetSize of job (KB)
...
006 (014.2771.000) 05/10 23:52:40 Image size of job updated: 4195568
	3424  -  MemoryUsage of job (MB)
	3505788  -  ResidentSetSize of job (KB)
...
006 (014.2771.000) 05/10 23:52:45 Image size of job updated: 4222192
	3498  -  MemoryUsage of job (MB)
	3581424  -  ResidentSetSize of job (KB)
...
006 (014.2771.000) 05/10 23:52:50 Image size of job updated: 4222192
	3571  -  MemoryUsage of job (MB)
	3656532  -  ResidentSetSize of job (KB)
...
006 (014.2771.000) 05/10 23:52:55 Image size of job updated: 4222192
	3646  -  MemoryUsage of job (MB)
	3732828  -  ResidentSetSize of job (KB)
...
006 (014.2771.000) 05/10 23:53:00 Image size of job updated: 4444400
	3703  -  MemoryUsage of job (MB)
	3790908  -  ResidentSetSize of job (KB)
...
006 (014.2771.000) 05/10 23:53:05 Image size of job updated: 4522224
	3729  -  MemoryUsage of job (MB)
	3818232  -  ResidentSetSize of job (KB)
...
006 (014.2771.000) 05/10 23:53:11 Image size of job updated: 4632816
	3814  -  MemoryUsage of job (MB)
	3905220  -  ResidentSetSize of job (KB)
...
006 (014.2771.000) 05/10 23:53:17 Image size of job updated: 4674800
	3901  -  MemoryUsage of job (MB)
	3994584  -  ResidentSetSize of job (KB)
...
006 (014.2771.000) 05/10 23:53:23 Image size of job updated: 4674800
	3990  -  MemoryUsage of job (MB)
	4085268  -  ResidentSetSize of job (KB)
...
006 (014.2771.000) 05/10 23:53:29 Image size of job updated: 4869360
	4077  -  MemoryUsage of job (MB)
	4174236  -  ResidentSetSize of job (KB)
...
006 (014.2771.000) 05/10 23:53:35 Image size of job updated: 4979952
	4166  -  MemoryUsage of job (MB)
	4265448  -  ResidentSetSize of job (KB)
...
006 (014.2771.000) 05/10 23:53:41 Image size of job updated: 5079280
	4253  -  MemoryUsage of job (MB)
	4354416  -  ResidentSetSize of job (KB)
...
006 (014.2771.000) 05/10 23:53:47 Image size of job updated: 5140720
	4350  -  MemoryUsage of job (MB)
	4454076  -  ResidentSetSize of job (KB)
...
006 (014.2771.000) 05/10 23:53:53 Image size of job updated: 5140720
	4450  -  MemoryUsage of job (MB)
	4556112  -  ResidentSetSize of job (KB)
...
006 (014.2771.000) 05/10 23:53:59 Image size of job updated: 5333232
	4551  -  MemoryUsage of job (MB)
	4659468  -  ResidentSetSize of job (KB)
...
006 (014.2771.000) 05/10 23:54:05 Image size of job updated: 5397744
	4647  -  MemoryUsage of job (MB)
	4757676  -  ResidentSetSize of job (KB)
...
006 (014.2771.000) 05/10 23:54:11 Image size of job updated: 5569776
	4742  -  MemoryUsage of job (MB)
	4855092  -  ResidentSetSize of job (KB)
...
006 (014.2771.000) 05/10 23:54:17 Image size of job updated: 5569776
	4837  -  MemoryUsage of job (MB)
	4952772  -  ResidentSetSize of job (KB)
...
006 (014.2771.000) 05/10 23:54:23 Image size of job updated: 5569776
	4933  -  MemoryUsage of job (MB)
	5050716  -  ResidentSetSize of job (KB)
...
006 (014.2771.000) 05/10 23:54:29 Image size of job updated: 5810416
	5028  -  MemoryUsage of job (MB)
	5147736  -  ResidentSetSize of job (KB)
...
006 (014.2771.000) 05/10 23:54:35 Image size of job updated: 5810416
	5120  -  MemoryUsage of job (MB)
	5242776  -  ResidentSetSize of job (KB)
...
006 (014.2771.000) 05/10 23:54:41 Image size of job updated: 6050032
	5216  -  MemoryUsage of job (MB)
	5340192  -  ResidentSetSize of job (KB)
...
006 (014.2771.000) 05/10 23:54:47 Image size of job updated: 6050032
	5310  -  MemoryUsage of job (MB)
	5436552  -  ResidentSetSize of job (KB)
...
006 (014.2771.000) 05/10 23:54:53 Image size of job updated: 6050032
	5405  -  MemoryUsage of job (MB)
	5533704  -  ResidentSetSize of job (KB)
...
006 (014.2771.000) 05/10 23:54:59 Image size of job updated: 6291696
	5499  -  MemoryUsage of job (MB)
	5630196  -  ResidentSetSize of job (KB)
...
006 (014.2771.000) 05/10 23:55:05 Image size of job updated: 6291696
	5593  -  MemoryUsage of job (MB)
	5727216  -  ResidentSetSize of job (KB)
...
006 (014.2771.000) 05/10 23:55:11 Image size of job updated: 6534384
	5689  -  MemoryUsage of job (MB)
	5824764  -  ResidentSetSize of job (KB)
...
006 (014.2771.000) 05/10 23:55:17 Image size of job updated: 6534384
	5781  -  MemoryUsage of job (MB)
	5919276  -  ResidentSetSize of job (KB)
...
006 (014.2771.000) 05/10 23:55:23 Image size of job updated: 6656240
	5879  -  MemoryUsage of job (MB)
	6019200  -  ResidentSetSize of job (KB)
...
006 (014.2771.000) 05/10 23:55:29 Image size of job updated: 6778096
	5989  -  MemoryUsage of job (MB)
	6132060  -  ResidentSetSize of job (KB)
...
006 (014.2771.000) 05/10 23:55:35 Image size of job updated: 6778096
	6090  -  MemoryUsage of job (MB)
	6235944  -  ResidentSetSize of job (KB)
...
006 (014.2771.000) 05/10 23:55:41 Image size of job updated: 6778096
	6193  -  MemoryUsage of job (MB)
	6341544  -  ResidentSetSize of job (KB)
...
006 (014.2771.000) 05/10 23:55:47 Image size of job updated: 7089392
	6305  -  MemoryUsage of job (MB)
	6456252  -  ResidentSetSize of job (KB)
...
006 (014.2771.000) 05/10 23:55:53 Image size of job updated: 7089392
	6419  -  MemoryUsage of job (MB)
	6572940  -  ResidentSetSize of job (KB)
...
006 (014.2771.000) 05/10 23:55:59 Image size of job updated: 7378160
	6509  -  MemoryUsage of job (MB)
	6665208  -  ResidentSetSize of job (KB)
...
006 (014.2771.000) 05/10 23:56:05 Image size of job updated: 7378160
	6535  -  MemoryUsage of job (MB)
	6691476  -  ResidentSetSize of job (KB)
...
006 (014.2771.000) 05/10 23:56:11 Image size of job updated: 7378160
	6590  -  MemoryUsage of job (MB)
	6747840  -  ResidentSetSize of job (KB)
...
006 (014.2771.000) 05/10 23:56:17 Image size of job updated: 7605488
	6678  -  MemoryUsage of job (MB)
	6837468  -  ResidentSetSize of job (KB)
...
006 (014.2771.000) 05/10 23:56:23 Image size of job updated: 7605488
	6765  -  MemoryUsage of job (MB)
	6926700  -  ResidentSetSize of job (KB)
...
006 (014.2771.000) 05/10 23:56:29 Image size of job updated: 7826672
	6854  -  MemoryUsage of job (MB)
	7018044  -  ResidentSetSize of job (KB)
...
006 (014.2771.000) 05/10 23:56:35 Image size of job updated: 7826672
	6943  -  MemoryUsage of job (MB)
	7109388  -  ResidentSetSize of job (KB)
...
006 (014.2771.000) 05/10 23:56:46 Image size of job updated: 8027376
	6943  -  MemoryUsage of job (MB)
	7109388  -  ResidentSetSize of job (KB)
...
005 (014.2771.000) 05/10 23:56:47 Job terminated.
	(0) Abnormal termination (signal 9)
	(0) No core file
		Usr 0 00:24:19, Sys 0 00:00:13  -  Run Remote Usage
		Usr 0 00:00:00, Sys 0 00:00:00  -  Run Local Usage
		Usr 0 00:24:19, Sys 0 00:00:13  -  Total Remote Usage
		Usr 0 00:00:00, Sys 0 00:00:00  -  Total Local Usage
	0  -  Run Bytes Sent By Job
	0  -  Run Bytes Received By Job
	0  -  Total Bytes Sent By Job
	0  -  Total Bytes Received By Job
	Partitionable Resources :      Usage  Request Allocated 
	   Cpus                 :       1.00        1         1 
	   Disk (KB)            : 2000000     2000000   6232219 
	   Memory (MB)          :    6943        1954      2007 
...
000 (019.1189.000) 05/12 04:13:49 Job submitted from host: <127.0.0.1:9618?addrs=127.0.0.1-9618&noUDP&sock=227_4816_4>
...
001 (019.1189.000) 05/12 13:15:59 Job executing on host: <127.0.0.1:9618?addrs=127.0.0.1-9618&noUDP&sock=227_4816_5>
...
006 (019.1189.000) 05/12 13:16:04 Image size of job updated: 2000000
	37  -  MemoryUsage of job (MB)
	37488  -  ResidentSetSize of job (KB)
...
006 (019.1189.000) 05/12 13:16:38 Image size of job updated: 2000000
	114  -  MemoryUsage of job (MB)
	116688  -  ResidentSetSize of job (KB)
...
006 (019.1189.000) 05/12 13:17:04 Image size of job updated: 2000000
	116  -  MemoryUsage of job (MB)
	118536  -  ResidentSetSize of job (KB)
...
006 (019.1189.000) 05/12 13:17:09 Image size of job updated: 2000000
	192  -  MemoryUsage of job (MB)
	196152  -  ResidentSetSize of job (KB)
...
006 (019.1189.000) 05/12 13:17:14 Image size of job updated: 2000000
	210  -  MemoryUsage of job (MB)
	214764  -  ResidentSetSize of job (KB)
...
006 (019.1189.000) 05/12 13:17:19 Image size of job updated: 2000000
	211  -  MemoryUsage of job (MB)
	215292  -  ResidentSetSize of job (KB)
...
006 (019.1189.000) 05/12 13:17:24 Image size of job updated: 2000000
	218  -  MemoryUsage of job (MB)
	222816  -  ResidentSetSize of job (KB)
...
006 (019.1189.000) 05/12 13:17:30 Image size of job updated: 2000000
	218  -  MemoryUsage of job (MB)
	223212  -  ResidentSetSize of job (KB)
...
006 (019.1189.000) 05/12 13:17:38 Image size of job updated: 2000000
	219  -  MemoryUsage of job (MB)
	224004  -  ResidentSetSize of job (KB)
...
006 (019.1189.000) 05/12 13:17:54 Image size of job updated: 2000000
	246  -  MemoryUsage of job (MB)
	251328  -  ResidentSetSize of job (KB)
...
006 (019.1189.000) 05/12 13:18:06 Image size of job updated: 2000000
	266  -  MemoryUsage of job (MB)
	272184  -  ResidentSetSize of job (KB)
...
006 (019.1189.000) 05/12 13:18:14 Image size of job updated: 2000000
	272  -  MemoryUsage of job (MB)
	277596  -  ResidentSetSize of job (KB)
...
006 (019.1189.000) 05/12 13:18:19 Image size of job updated: 2000000
	291  -  MemoryUsage of job (MB)
	297924  -  ResidentSetSize of job (KB)
...
006 (019.1189.000) 05/12 13:18:25 Image size of job updated: 2000000
	341  -  MemoryUsage of job (MB)
	349008  -  ResidentSetSize of job (KB)
...
006 (019.1189.000) 05/12 13:18:31 Image size of job updated: 2000000
	380  -  MemoryUsage of job (MB)
	388872  -  ResidentSetSize of job (KB)
...
006 (019.1189.000) 05/12 13:18:37 Image size of job updated: 2000000
	391  -  MemoryUsage of job (MB)
	399960  -  ResidentSetSize of job (KB)
...
006 (019.1189.000) 05/12 13:18:43 Image size of job updated: 2000000
	459  -  MemoryUsage of job (MB)
	469656  -  ResidentSetSize of job (KB)
...
006 (019.1189.000) 05/12 13:18:49 Image size of job updated: 2000000
	519  -  MemoryUsage of job (MB)
	530640  -  ResidentSetSize of job (KB)
...
006 (019.1189.000) 05/12 13:18:55 Image size of job updated: 2000000
	1245  -  MemoryUsage of job (MB)
	1274196  -  ResidentSetSize of job (KB)
...
006 (019.1189.000) 05/12 13:35:56 Image size of job updated: 2000000
	1591  -  MemoryUsage of job (MB)
	1628616  -  ResidentSetSize of job (KB)
...
006 (019.1189.000) 05/12 13:36:01 Image size of job updated: 2368980
	1748  -  MemoryUsage of job (MB)
	1789260  -  ResidentSetSize of job (KB)
...
006 (019.1189.000) 05/12 13:36:14 Image size of job updated: 2368980
	1973  -  MemoryUsage of job (MB)
	2019468  -  ResidentSetSize of job (KB)
...
006 (019.1189.000) 05/12 13:36:40 Image size of job updated: 2908148
	2220  -  MemoryUsage of job (MB)
	2273172  -  ResidentSetSize of job (KB)
...
006 (019.1189.000) 05/12 13:37:08 Image size of job updated: 3363828
	2671  -  MemoryUsage of job (MB)
	2734908  -  ResidentSetSize of job (KB)
...
006 (019.1189.000) 05/12 13:37:27 Image size of job updated: 3570676
	2885  -  MemoryUsage of job (MB)
	2953896  -  ResidentSetSize of job (KB)
...
006 (019.1189.000) 05/12 13:37:39 Image size of job updated: 3757044
	3061  -  MemoryUsage of job (MB)
	3134208  -  ResidentSetSize of job (KB)
...
006 (019.1189.000) 05/12 13:37:46 Image size of job updated: 3875828
	3115  -  MemoryUsage of job (MB)
	3189516  -  ResidentSetSize of job (KB)
...
006 (019.1189.000) 05/12 13:37:52 Image size of job updated: 3935220
	3207  -  MemoryUsage of job (MB)
	3283764  -  ResidentSetSize of job (KB)
...
006 (019.1189.000) 05/12 13:37:58 Image size of job updated: 3935220
	3302  -  MemoryUsage of job (MB)
	3380256  -  ResidentSetSize of job (KB)
...
006 (019.1189.000) 05/12 13:38:04 Image size of job updated: 3935220
	3419  -  MemoryUsage of job (MB)
	3500376  -  ResidentSetSize of job (KB)
...
006 (019.1189.000) 05/12 13:38:10 Image size of job updated: 4248564
	3516  -  MemoryUsage of job (MB)
	3599508  -  ResidentSetSize of job (KB)
...
006 (019.1189.000) 05/12 13:38:16 Image size of job updated: 4248564
	3610  -  MemoryUsage of job (MB)
	3696000  -  ResidentSetSize of job (KB)
...
006 (019.1189.000) 05/12 13:38:23 Image size of job updated: 4451316
	3687  -  MemoryUsage of job (MB)
	3774540  -  ResidentSetSize of job (KB)
...
006 (019.1189.000) 05/12 13:38:28 Image size of job updated: 4451316
	3697  -  MemoryUsage of job (MB)
	3784968  -  ResidentSetSize of job (KB)
...
006 (019.1189.000) 05/12 13:38:34 Image size of job updated: 4580340
	3787  -  MemoryUsage of job (MB)
	3877764  -  ResidentSetSize of job (KB)
...
006 (019.1189.000) 05/12 13:38:40 Image size of job updated: 4676596
	3900  -  MemoryUsage of job (MB)
	3992736  -  ResidentSetSize of job (KB)
...
006 (019.1189.000) 05/12 13:38:46 Image size of job updated: 4676596
	3992  -  MemoryUsage of job (MB)
	4087116  -  ResidentSetSize of job (KB)
...
006 (019.1189.000) 05/12 13:38:52 Image size of job updated: 4676596
	4079  -  MemoryUsage of job (MB)
	4176216  -  ResidentSetSize of job (KB)
...
006 (019.1189.000) 05/12 13:39:01 Image size of job updated: 4931572
	4118  -  MemoryUsage of job (MB)
	4216212  -  ResidentSetSize of job (KB)
...
006 (019.1189.000) 05/12 13:39:11 Image size of job updated: 5011444
	4230  -  MemoryUsage of job (MB)
	4331052  -  ResidentSetSize of job (KB)
...
006 (019.1189.000) 05/12 13:39:19 Image size of job updated: 5160948
	4351  -  MemoryUsage of job (MB)
	4454472  -  ResidentSetSize of job (KB)
...
006 (019.1189.000) 05/12 13:39:25 Image size of job updated: 5160948
	4438  -  MemoryUsage of job (MB)
	4543572  -  ResidentSetSize of job (KB)
...
006 (019.1189.000) 05/12 13:39:31 Image size of job updated: 5327860
	4476  -  MemoryUsage of job (MB)
	4583040  -  ResidentSetSize of job (KB)
...
006 (019.1189.000) 05/12 13:39:37 Image size of job updated: 5380084
	4563  -  MemoryUsage of job (MB)
	4672272  -  ResidentSetSize of job (KB)
...
006 (019.1189.000) 05/12 13:39:47 Image size of job updated: 5380084
	4668  -  MemoryUsage of job (MB)
	4779324  -  ResidentSetSize of job (KB)
...
006 (019.1189.000) 05/12 13:39:58 Image size of job updated: 5645300
	4851  -  MemoryUsage of job (MB)
	4967424  -  ResidentSetSize of job (KB)
...
006 (019.1189.000) 05/12 13:40:16 Image size of job updated: 5819380
	4917  -  MemoryUsage of job (MB)
	5034612  -  ResidentSetSize of job (KB)
...
006 (019.1189.000) 05/12 13:40:44 Image size of job updated: 6103028
	5217  -  MemoryUsage of job (MB)
	5341776  -  ResidentSetSize of job (KB)
...
006 (019.1189.000) 05/12 13:41:06 Image size of job updated: 6404084
	5481  -  MemoryUsage of job (MB)
	5612112  -  ResidentSetSize of job (KB)
...
006 (019.1189.000) 05/12 13:41:23 Image size of job updated: 6548468
	5649  -  MemoryUsage of job (MB)
	5783976  -  ResidentSetSize of job (KB)
...
006 (019.1189.000) 05/12 13:41:38 Image size of job updated: 6769652
	5733  -  MemoryUsage of job (MB)
	5869776  -  ResidentSetSize of job (KB)
...
006 (019.1189.000) 05/12 13:41:45 Image size of job updated: 6774772
	5836  -  MemoryUsage of job (MB)
	5975376  -  ResidentSetSize of job (KB)
...
006 (019.1189.000) 05/12 13:41:50 Image size of job updated: 6944756
	5911  -  MemoryUsage of job (MB)
	6052068  -  ResidentSetSize of job (KB)
...
006 (019.1189.000) 05/12 13:41:55 Image size of job updated: 6944756
	5984  -  MemoryUsage of job (MB)
	6127572  -  ResidentSetSize of job (KB)
...
006 (019.1189.000) 05/12 13:42:00 Image size of job updated: 6944756
	6026  -  MemoryUsage of job (MB)
	6170208  -  ResidentSetSize of job (KB)
...
006 (019.1189.000) 05/12 13:42:07 Image size of job updated: 7135220
	6032  -  MemoryUsage of job (MB)
	6176148  -  ResidentSetSize of job (KB)
...
006 (019.1189.000) 05/12 13:42:13 Image size of job updated: 7135220
	6124  -  MemoryUsage of job (MB)
	6270528  -  ResidentSetSize of job (KB)
...
006 (019.1189.000) 05/12 13:42:19 Image size of job updated: 7324660
	6223  -  MemoryUsage of job (MB)
	6372036  -  ResidentSetSize of job (KB)
...
006 (019.1189.000) 05/12 13:42:25 Image size of job updated: 7324660
	6301  -  MemoryUsage of job (MB)
	6451764  -  ResidentSetSize of job (KB)
...
006 (019.1189.000) 05/12 13:42:31 Image size of job updated: 7459828
	6343  -  MemoryUsage of job (MB)
	6494268  -  ResidentSetSize of job (KB)
...
006 (019.1189.000) 05/12 13:42:36 Image size of job updated: 7459828
	6416  -  MemoryUsage of job (MB)
	6569244  -  ResidentSetSize of job (KB)
...
006 (019.1189.000) 05/12 13:42:41 Image size of job updated: 7569396
	6488  -  MemoryUsage of job (MB)
	6643428  -  ResidentSetSize of job (KB)
...
006 (019.1189.000) 05/12 13:42:46 Image size of job updated: 7569396
	6560  -  MemoryUsage of job (MB)
	6717348  -  ResidentSetSize of job (KB)
...
006 (019.1189.000) 05/12 13:42:57 Image size of job updated: 7779316
	6635  -  MemoryUsage of job (MB)
	6793380  -  ResidentSetSize of job (KB)
...
006 (019.1189.000) 05/12 13:43:15 Image size of job updated: 8053748
	6942  -  MemoryUsage of job (MB)
	7107936  -  ResidentSetSize of job (KB)
...
006 (019.1189.000) 05/12 13:43:30 Image size of job updated: 8226804
	7087  -  MemoryUsage of job (MB)
	7256172  -  ResidentSetSize of job (KB)
...
005 (019.1189.000) 05/12 13:43:41 Job terminated.
	(0) Abnormal termination (signal 9)
	(0) No core file
		Usr 0 00:23:36, Sys 0 00:01:13  -  Run Remote Usage
		Usr 0 00:00:00, Sys 0 00:00:00  -  Run Local Usage
		Usr 0 00:23:36, Sys 0 00:01:13  -  Total Remote Usage
		Usr 0 00:00:00, Sys 0 00:00:00  -  Total Local Usage
	0  -  Run Bytes Sent By Job
	0  -  Run Bytes Received By Job
	0  -  Total Bytes Sent By Job
	0  -  Total Bytes Received By Job
	Partitionable Resources :      Usage  Request Allocated 
	   Cpus                 :       0.99        1         1 
	   Disk (KB)            : 2000000     2000000   6275465 
	   Memory (MB)          :    7087        1954      2007 
...
