000 (205.473.000) 05/06 03:17:14 Job submitted from host: <127.0.0.1:9618?addrs=127.0.0.1-9618&noUDP&sock=222_da1d_4>
...
033 (205.473.000) 05/06 14:21:10 Changing job attribute JobPrio from 0 to -5
...
001 (205.473.000) 05/07 10:39:23 Job executing on host: <127.0.0.1:9618?addrs=127.0.0.1-9618+[--1]-9618&noUDP&sock=337139_e3f4_5>
...
006 (205.473.000) 05/07 10:39:55 Image size of job updated: 2000000
	108  -  MemoryUsage of job (MB)
	110352  -  ResidentSetSize of job (KB)
...
006 (205.473.000) 05/07 10:40:00 Image size of job updated: 2000000
	171  -  MemoryUsage of job (MB)
	174372  -  ResidentSetSize of job (KB)
...
006 (205.473.000) 05/07 10:40:17 Image size of job updated: 2000000
	209  -  MemoryUsage of job (MB)
	213312  -  ResidentSetSize of job (KB)
...
006 (205.473.000) 05/07 10:42:12 Image size of job updated: 2000000
	288  -  MemoryUsage of job (MB)
	293964  -  ResidentSetSize of job (KB)
...
006 (205.473.000) 05/07 10:46:26 Image size of job updated: 2000000
	348  -  MemoryUsage of job (MB)
	356004  -  ResidentSetSize of job (KB)
...
006 (205.473.000) 05/07 11:01:48 Image size of job updated: 2000000
	1234  -  MemoryUsage of job (MB)
	1262844  -  ResidentSetSize of job (KB)
...
006 (205.473.000) 05/07 11:26:44 Image size of job updated: 3390708
	2656  -  MemoryUsage of job (MB)
	2719596  -  ResidentSetSize of job (KB)
...
006 (205.473.000) 05/07 11:45:42 Image size of job updated: 4230388
	3381  -  MemoryUsage of job (MB)
	3461832  -  ResidentSetSize of job (KB)
...
006 (205.473.000) 05/07 11:58:16 Image size of job updated: 4627700
	3740  -  MemoryUsage of job (MB)
	3828924  -  ResidentSetSize of job (KB)
...
006 (205.473.000) 05/07 12:10:59 Image size of job updated: 4827380
	3892  -  MemoryUsage of job (MB)
	3984420  -  ResidentSetSize of job (KB)
...
006 (205.473.000) 05/07 12:16:43 Image size of job updated: 5102836
	3892  -  MemoryUsage of job (MB)
	3984420  -  ResidentSetSize of job (KB)
...
005 (205.473.000) 05/07 12:17:42 Job terminated.
	(1) Normal termination (return value 0)
		Usr 0 00:19:17, Sys 0 00:45:04  -  Run Remote Usage
		Usr 0 00:00:00, Sys 0 00:00:00  -  Run Local Usage
		Usr 0 00:19:17, Sys 0 00:45:04  -  Total Remote Usage
		Usr 0 00:00:00, Sys 0 00:00:00  -  Total Local Usage
	101823  -  Run Bytes Sent By Job
	1864886144  -  Run Bytes Received By Job
	101823  -  Total Bytes Sent By Job
	1864886144  -  Total Bytes Received By Job
	Partitionable Resources :      Usage  Request Allocated 
	   Cpus                 :       0.13        1         1 
	   Disk (KB)            : 2000000     2000000   6513701 
	   Memory (MB)          :    3892        1954      2007 
...
000 (007.473.000) 05/07 18:59:20 Job submitted from host: <127.0.0.1:9618?addrs=127.0.0.1-9618&noUDP&sock=215_0cf3_4>
...
000 (016.473.000) 05/08 15:56:37 Job submitted from host: <127.0.0.1:9618?addrs=127.0.0.1-9618&noUDP&sock=227_4816_4>
...
001 (016.473.000) 05/08 19:20:50 Job executing on host: <127.0.0.1:9618?addrs=127.0.0.1-9618&noUDP&sock=227_4816_5>
...
006 (016.473.000) 05/08 19:20:55 Image size of job updated: 2000000
	114  -  MemoryUsage of job (MB)
	116688  -  ResidentSetSize of job (KB)
...
006 (016.473.000) 05/08 19:21:00 Image size of job updated: 2000000
	115  -  MemoryUsage of job (MB)
	117084  -  ResidentSetSize of job (KB)
...
006 (016.473.000) 05/08 19:21:26 Image size of job updated: 2000000
	145  -  MemoryUsage of job (MB)
	147576  -  ResidentSetSize of job (KB)
...
006 (016.473.000) 05/08 19:21:32 Image size of job updated: 2000000
	209  -  MemoryUsage of job (MB)
	213576  -  ResidentSetSize of job (KB)
...
006 (016.473.000) 05/08 19:21:38 Image size of job updated: 2000000
	209  -  MemoryUsage of job (MB)
	213840  -  ResidentSetSize of job (KB)
...
006 (016.473.000) 05/08 19:21:44 Image size of job updated: 2000000
	218  -  MemoryUsage of job (MB)
	222288  -  ResidentSetSize of job (KB)
...
006 (016.473.000) 05/08 19:21:50 Image size of job updated: 2000000
	232  -  MemoryUsage of job (MB)
	236676  -  ResidentSetSize of job (KB)
...
006 (016.473.000) 05/08 19:21:56 Image size of job updated: 2000000
	246  -  MemoryUsage of job (MB)
	251064  -  ResidentSetSize of job (KB)
...
006 (016.473.000) 05/08 19:22:02 Image size of job updated: 2000000
	263  -  MemoryUsage of job (MB)
	268884  -  ResidentSetSize of job (KB)
...
006 (016.473.000) 05/08 19:22:08 Image size of job updated: 2000000
	268  -  MemoryUsage of job (MB)
	273504  -  ResidentSetSize of job (KB)
...
006 (016.473.000) 05/08 19:22:14 Image size of job updated: 2000000
	278  -  MemoryUsage of job (MB)
	283800  -  ResidentSetSize of job (KB)
...
006 (016.473.000) 05/08 19:22:20 Image size of job updated: 2000000
	323  -  MemoryUsage of job (MB)
	329868  -  ResidentSetSize of job (KB)
...
006 (016.473.000) 05/08 19:22:26 Image size of job updated: 2000000
	350  -  MemoryUsage of job (MB)
	357456  -  ResidentSetSize of job (KB)
...
006 (016.473.000) 05/08 19:22:32 Image size of job updated: 2000000
	378  -  MemoryUsage of job (MB)
	386232  -  ResidentSetSize of job (KB)
...
006 (016.473.000) 05/08 19:22:38 Image size of job updated: 2000000
	435  -  MemoryUsage of job (MB)
	444840  -  ResidentSetSize of job (KB)
...
006 (016.473.000) 05/08 19:22:44 Image size of job updated: 2000000
	517  -  MemoryUsage of job (MB)
	529188  -  ResidentSetSize of job (KB)
...
006 (016.473.000) 05/08 19:22:50 Image size of job updated: 2000000
	1243  -  MemoryUsage of job (MB)
	1272612  -  ResidentSetSize of job (KB)
...
006 (016.473.000) 05/08 19:40:17 Image size of job updated: 2000000
	1510  -  MemoryUsage of job (MB)
	1545852  -  ResidentSetSize of job (KB)
...
006 (016.473.000) 05/08 19:40:22 Image size of job updated: 2000000
	1641  -  MemoryUsage of job (MB)
	1680096  -  ResidentSetSize of job (KB)
...
006 (016.473.000) 05/08 19:40:27 Image size of job updated: 2000000
	1772  -  MemoryUsage of job (MB)
	1814340  -  ResidentSetSize of job (KB)
...
006 (016.473.000) 05/08 19:40:32 Image size of job updated: 2445040
	1951  -  MemoryUsage of job (MB)
	1997556  -  ResidentSetSize of job (KB)
...
006 (016.473.000) 05/08 19:40:42 Image size of job updated: 2445040
	1963  -  MemoryUsage of job (MB)
	2009172  -  ResidentSetSize of job (KB)
...
006 (016.473.000) 05/08 19:40:47 Image size of job updated: 2717936
	2015  -  MemoryUsage of job (MB)
	2062632  -  ResidentSetSize of job (KB)
...
006 (016.473.000) 05/08 19:40:52 Image size of job updated: 2829552
	2072  -  MemoryUsage of job (MB)
	2121240  -  ResidentSetSize of job (KB)
...
006 (016.473.000) 05/08 19:40:57 Image size of job updated: 2829552
	2124  -  MemoryUsage of job (MB)
	2174172  -  ResidentSetSize of job (KB)
...
006 (016.473.000) 05/08 19:41:02 Image size of job updated: 2913520
	2161  -  MemoryUsage of job (MB)
	2212188  -  ResidentSetSize of job (KB)
...
006 (016.473.000) 05/08 19:41:07 Image size of job updated: 2913520
	2192  -  MemoryUsage of job (MB)
	2244000  -  ResidentSetSize of job (KB)
...
006 (016.473.000) 05/08 19:41:12 Image size of job updated: 2913520
	2219  -  MemoryUsage of job (MB)
	2271984  -  ResidentSetSize of job (KB)
...
006 (016.473.000) 05/08 19:41:17 Image size of job updated: 3005680
	2245  -  MemoryUsage of job (MB)
	2298252  -  ResidentSetSize of job (KB)
...
006 (016.473.000) 05/08 19:41:22 Image size of job updated: 3005680
	2270  -  MemoryUsage of job (MB)
	2323728  -  ResidentSetSize of job (KB)
...
006 (016.473.000) 05/08 19:41:28 Image size of job updated: 3005680
	2300  -  MemoryUsage of job (MB)
	2354748  -  ResidentSetSize of job (KB)
...
006 (016.473.000) 05/08 19:41:34 Image size of job updated: 3083504
	2300  -  MemoryUsage of job (MB)
	2354748  -  ResidentSetSize of job (KB)
...
006 (016.473.000) 05/08 19:41:40 Image size of job updated: 3129584
	2325  -  MemoryUsage of job (MB)
	2380092  -  ResidentSetSize of job (KB)
...
006 (016.473.000) 05/08 19:41:46 Image size of job updated: 3160304
	2355  -  MemoryUsage of job (MB)
	2410716  -  ResidentSetSize of job (KB)
...
006 (016.473.000) 05/08 19:41:52 Image size of job updated: 3160304
	2386  -  MemoryUsage of job (MB)
	2443056  -  ResidentSetSize of job (KB)
...
006 (016.473.000) 05/08 19:41:58 Image size of job updated: 3160304
	2418  -  MemoryUsage of job (MB)
	2475924  -  ResidentSetSize of job (KB)
...
006 (016.473.000) 05/08 19:42:04 Image size of job updated: 3240176
	2446  -  MemoryUsage of job (MB)
	2504700  -  ResidentSetSize of job (KB)
...
006 (016.473.000) 05/08 19:42:13 Image size of job updated: 3240176
	2454  -  MemoryUsage of job (MB)
	2512752  -  ResidentSetSize of job (KB)
...
006 (016.473.000) 05/08 19:42:23 Image size of job updated: 3318000
	2507  -  MemoryUsage of job (MB)
	2567136  -  ResidentSetSize of job (KB)
...
006 (016.473.000) 05/08 19:42:31 Image size of job updated: 3318000
	2549  -  MemoryUsage of job (MB)
	2609640  -  ResidentSetSize of job (KB)
...
006 (016.473.000) 05/08 19:42:37 Image size of job updated: 3396848
	2581  -  MemoryUsage of job (MB)
	2642376  -  ResidentSetSize of job (KB)
...
006 (016.473.000) 05/08 19:42:43 Image size of job updated: 3396848
	2600  -  MemoryUsage of job (MB)
	2661780  -  ResidentSetSize of job (KB)
...
006 (016.473.000) 05/08 19:42:49 Image size of job updated: 3462384
	2615  -  MemoryUsage of job (MB)
	2677356  -  ResidentSetSize of job (KB)
...
006 (016.473.000) 05/08 19:42:55 Image size of job updated: 3473648
	2644  -  MemoryUsage of job (MB)
	2707320  -  ResidentSetSize of job (KB)
...
006 (016.473.000) 05/08 19:43:01 Image size of job updated: 3473648
	2674  -  MemoryUsage of job (MB)
	2737680  -  ResidentSetSize of job (KB)
...
006 (016.473.000) 05/08 19:43:07 Image size of job updated: 3537136
	2702  -  MemoryUsage of job (MB)
	2766192  -  ResidentSetSize of job (KB)
...
006 (016.473.000) 05/08 19:43:13 Image size of job updated: 3537136
	2711  -  MemoryUsage of job (MB)
	2775696  -  ResidentSetSize of job (KB)
...
006 (016.473.000) 05/08 19:43:19 Image size of job updated: 3588336
	2714  -  MemoryUsage of job (MB)
	2778864  -  ResidentSetSize of job (KB)
...
006 (016.473.000) 05/08 19:43:25 Image size of job updated: 3621104
	2746  -  MemoryUsage of job (MB)
	2810940  -  ResidentSetSize of job (KB)
...
006 (016.473.000) 05/08 19:43:31 Image size of job updated: 3650800
	2777  -  MemoryUsage of job (MB)
	2843016  -  ResidentSetSize of job (KB)
...
006 (016.473.000) 05/08 19:43:37 Image size of job updated: 3676400
	2808  -  MemoryUsage of job (MB)
	2874960  -  ResidentSetSize of job (KB)
...
006 (016.473.000) 05/08 19:43:43 Image size of job updated: 3676400
	2839  -  MemoryUsage of job (MB)
	2906640  -  ResidentSetSize of job (KB)
...
006 (016.473.000) 05/08 19:43:49 Image size of job updated: 3676400
	2870  -  MemoryUsage of job (MB)
	2938848  -  ResidentSetSize of job (KB)
...
006 (016.473.000) 05/08 19:43:55 Image size of job updated: 3751152
	2901  -  MemoryUsage of job (MB)
	2970132  -  ResidentSetSize of job (KB)
...
006 (016.473.000) 05/08 19:44:01 Image size of job updated: 3751152
	2932  -  MemoryUsage of job (MB)
	3002076  -  ResidentSetSize of job (KB)
...
006 (016.473.000) 05/08 19:44:07 Image size of job updated: 3830000
	2963  -  MemoryUsage of job (MB)
	3033624  -  ResidentSetSize of job (KB)
...
006 (016.473.000) 05/08 19:44:13 Image size of job updated: 3830000
	2993  -  MemoryUsage of job (MB)
	3064512  -  ResidentSetSize of job (KB)
...
006 (016.473.000) 05/08 19:44:19 Image size of job updated: 3903728
	3012  -  MemoryUsage of job (MB)
	3083916  -  ResidentSetSize of job (KB)
...
006 (016.473.000) 05/08 19:44:25 Image size of job updated: 3919088
	3043  -  MemoryUsage of job (MB)
	3115728  -  ResidentSetSize of job (KB)
...
006 (016.473.000) 05/08 19:44:31 Image size of job updated: 3919088
	3075  -  MemoryUsage of job (MB)
	3148200  -  ResidentSetSize of job (KB)
...
006 (016.473.000) 05/08 19:44:37 Image size of job updated: 3991792
	3079  -  MemoryUsage of job (MB)
	3152820  -  ResidentSetSize of job (KB)
...
006 (016.473.000) 05/08 19:44:46 Image size of job updated: 3991792
	3096  -  MemoryUsage of job (MB)
	3169320  -  ResidentSetSize of job (KB)
...
006 (016.473.000) 05/08 19:44:53 Image size of job updated: 4060400
	3130  -  MemoryUsage of job (MB)
	3205092  -  ResidentSetSize of job (KB)
...
006 (016.473.000) 05/08 19:44:59 Image size of job updated: 4097264
	3166  -  MemoryUsage of job (MB)
	3241920  -  ResidentSetSize of job (KB)
...
006 (016.473.000) 05/08 19:45:05 Image size of job updated: 4121840
	3205  -  MemoryUsage of job (MB)
	3281124  -  ResidentSetSize of job (KB)
...
006 (016.473.000) 05/08 19:45:11 Image size of job updated: 4180208
	3242  -  MemoryUsage of job (MB)
	3319272  -  ResidentSetSize of job (KB)
...
006 (016.473.000) 05/08 19:45:17 Image size of job updated: 4180208
	3280  -  MemoryUsage of job (MB)
	3358476  -  ResidentSetSize of job (KB)
...
006 (016.473.000) 05/08 19:45:23 Image size of job updated: 4245744
	3319  -  MemoryUsage of job (MB)
	3398076  -  ResidentSetSize of job (KB)
...
006 (016.473.000) 05/08 19:45:29 Image size of job updated: 4245744
	3353  -  MemoryUsage of job (MB)
	3433320  -  ResidentSetSize of job (KB)
...
006 (016.473.000) 05/08 19:45:35 Image size of job updated: 4245744
	3364  -  MemoryUsage of job (MB)
	3444672  -  ResidentSetSize of job (KB)
...
006 (016.473.000) 05/08 19:45:43 Image size of job updated: 4339952
	3364  -  MemoryUsage of job (MB)
	3444672  -  ResidentSetSize of job (KB)
...
006 (016.473.000) 05/08 19:45:49 Image size of job updated: 4380912
	3388  -  MemoryUsage of job (MB)
	3468432  -  ResidentSetSize of job (KB)
...
006 (016.473.000) 05/08 19:45:55 Image size of job updated: 4403440
	3416  -  MemoryUsage of job (MB)
	3497868  -  ResidentSetSize of job (KB)
...
006 (016.473.000) 05/08 19:46:01 Image size of job updated: 4435184
	3445  -  MemoryUsage of job (MB)
	3527568  -  ResidentSetSize of job (KB)
...
006 (016.473.000) 05/08 19:46:07 Image size of job updated: 4435184
	3474  -  MemoryUsage of job (MB)
	3556608  -  ResidentSetSize of job (KB)
...
006 (016.473.000) 05/08 19:46:13 Image size of job updated: 4476144
	3504  -  MemoryUsage of job (MB)
	3588024  -  ResidentSetSize of job (KB)
...
006 (016.473.000) 05/08 19:46:19 Image size of job updated: 4476144
	3538  -  MemoryUsage of job (MB)
	3622608  -  ResidentSetSize of job (KB)
...
006 (016.473.000) 05/08 19:46:25 Image size of job updated: 4560112
	3571  -  MemoryUsage of job (MB)
	3656400  -  ResidentSetSize of job (KB)
...
006 (016.473.000) 05/08 19:46:31 Image size of job updated: 4560112
	3604  -  MemoryUsage of job (MB)
	3690456  -  ResidentSetSize of job (KB)
...
006 (016.473.000) 05/08 19:46:43 Image size of job updated: 4651248
	3604  -  MemoryUsage of job (MB)
	3690456  -  ResidentSetSize of job (KB)
...
006 (016.473.000) 05/08 19:46:55 Image size of job updated: 4704496
	3604  -  MemoryUsage of job (MB)
	3690456  -  ResidentSetSize of job (KB)
...
006 (016.473.000) 05/08 19:47:01 Image size of job updated: 4704496
	3616  -  MemoryUsage of job (MB)
	3702732  -  ResidentSetSize of job (KB)
...
006 (016.473.000) 05/08 19:47:13 Image size of job updated: 4779248
	3616  -  MemoryUsage of job (MB)
	3702732  -  ResidentSetSize of job (KB)
...
006 (016.473.000) 05/08 19:47:19 Image size of job updated: 4779248
	3637  -  MemoryUsage of job (MB)
	3724248  -  ResidentSetSize of job (KB)
...
006 (016.473.000) 05/08 19:47:25 Image size of job updated: 4779248
	3667  -  MemoryUsage of job (MB)
	3754608  -  ResidentSetSize of job (KB)
...
006 (016.473.000) 05/08 19:47:34 Image size of job updated: 4849904
	3667  -  MemoryUsage of job (MB)
	3754608  -  ResidentSetSize of job (KB)
...
006 (016.473.000) 05/08 19:47:42 Image size of job updated: 4890864
	3833  -  MemoryUsage of job (MB)
	3924492  -  ResidentSetSize of job (KB)
...
006 (016.473.000) 05/08 19:47:48 Image size of job updated: 5103856
	4031  -  MemoryUsage of job (MB)
	4126980  -  ResidentSetSize of job (KB)
...
006 (016.473.000) 05/08 19:47:53 Image size of job updated: 5103856
	4152  -  MemoryUsage of job (MB)
	4251588  -  ResidentSetSize of job (KB)
...
005 (016.473.000) 05/08 19:47:55 Job terminated.
	(1) Normal termination (return value 0)
		Usr 0 00:25:45, Sys 0 00:00:18  -  Run Remote Usage
		Usr 0 00:00:00, Sys 0 00:00:00  -  Run Local Usage
		Usr 0 00:25:45, Sys 0 00:00:18  -  Total Remote Usage
		Usr 0 00:00:00, Sys 0 00:00:00  -  Total Local Usage
	0  -  Run Bytes Sent By Job
	0  -  Run Bytes Received By Job
	0  -  Total Bytes Sent By Job
	0  -  Total Bytes Received By Job
	Partitionable Resources :      Usage  Request Allocated 
	   Cpus                 :       0.72        1         1 
	   Disk (KB)            : 2000000     2000000   6275465 
	   Memory (MB)          :    4152        1954      2007 
...
