000 (205.8913.000) 05/06 03:22:00 Job submitted from host: <127.0.0.1:9618?addrs=127.0.0.1-9618&noUDP&sock=222_da1d_4>
...
033 (205.8913.000) 05/06 14:24:14 Changing job attribute JobPrio from 0 to -5
...
000 (007.8913.000) 05/07 19:01:03 Job submitted from host: <127.0.0.1:9618?addrs=127.0.0.1-9618&noUDP&sock=215_0cf3_4>
...
000 (016.8913.000) 05/08 15:58:06 Job submitted from host: <127.0.0.1:9618?addrs=127.0.0.1-9618&noUDP&sock=227_4816_4>
...
009 (016.8913.000) 05/09 16:56:16 Job was aborted by the user.
	via condor_rm (by user aw868)
...
000 (014.1752.000) 05/09 17:30:43 Job submitted from host: <127.0.0.1:9618?addrs=127.0.0.1-9618&noUDP&sock=212_fe2a_4>
...
033 (014.1752.000) 05/09 17:34:43 Changing job attribute JobPrio from 0 to -10
...
033 (014.1752.000) 05/09 21:36:30 Changing job attribute JobPrio from -10 to -15
...
001 (014.1752.000) 05/10 16:11:32 Job executing on host: <127.0.0.1:9618?addrs=127.0.0.1-9618&noUDP&sock=212_fe2a_5>
...
006 (014.1752.000) 05/10 16:11:38 Image size of job updated: 2000000
	115  -  MemoryUsage of job (MB)
	117084  -  ResidentSetSize of job (KB)
...
006 (014.1752.000) 05/10 16:12:08 Image size of job updated: 2000000
	166  -  MemoryUsage of job (MB)
	169884  -  ResidentSetSize of job (KB)
...
006 (014.1752.000) 05/10 16:12:14 Image size of job updated: 2000000
	211  -  MemoryUsage of job (MB)
	215424  -  ResidentSetSize of job (KB)
...
006 (014.1752.000) 05/10 16:12:20 Image size of job updated: 2000000
	213  -  MemoryUsage of job (MB)
	217668  -  ResidentSetSize of job (KB)
...
006 (014.1752.000) 05/10 16:12:26 Image size of job updated: 2000000
	227  -  MemoryUsage of job (MB)
	232056  -  ResidentSetSize of job (KB)
...
006 (014.1752.000) 05/10 16:12:32 Image size of job updated: 2000000
	240  -  MemoryUsage of job (MB)
	244992  -  ResidentSetSize of job (KB)
...
006 (014.1752.000) 05/10 16:12:38 Image size of job updated: 2000000
	251  -  MemoryUsage of job (MB)
	256212  -  ResidentSetSize of job (KB)
...
006 (014.1752.000) 05/10 16:12:44 Image size of job updated: 2000000
	261  -  MemoryUsage of job (MB)
	266376  -  ResidentSetSize of job (KB)
...
006 (014.1752.000) 05/10 16:12:50 Image size of job updated: 2000000
	270  -  MemoryUsage of job (MB)
	275748  -  ResidentSetSize of job (KB)
...
006 (014.1752.000) 05/10 16:12:56 Image size of job updated: 2000000
	279  -  MemoryUsage of job (MB)
	285384  -  ResidentSetSize of job (KB)
...
006 (014.1752.000) 05/10 16:13:02 Image size of job updated: 2000000
	319  -  MemoryUsage of job (MB)
	326040  -  ResidentSetSize of job (KB)
...
006 (014.1752.000) 05/10 16:13:08 Image size of job updated: 2000000
	368  -  MemoryUsage of job (MB)
	376200  -  ResidentSetSize of job (KB)
...
006 (014.1752.000) 05/10 16:13:14 Image size of job updated: 2000000
	380  -  MemoryUsage of job (MB)
	388476  -  ResidentSetSize of job (KB)
...
006 (014.1752.000) 05/10 16:13:20 Image size of job updated: 2000000
	442  -  MemoryUsage of job (MB)
	452496  -  ResidentSetSize of job (KB)
...
006 (014.1752.000) 05/10 16:13:26 Image size of job updated: 2000000
	515  -  MemoryUsage of job (MB)
	526548  -  ResidentSetSize of job (KB)
...
006 (014.1752.000) 05/10 16:13:32 Image size of job updated: 2000000
	1243  -  MemoryUsage of job (MB)
	1272084  -  ResidentSetSize of job (KB)
...
006 (014.1752.000) 05/10 16:32:14 Image size of job updated: 2000000
	1290  -  MemoryUsage of job (MB)
	1320924  -  ResidentSetSize of job (KB)
...
006 (014.1752.000) 05/10 16:32:19 Image size of job updated: 2343212
	1672  -  MemoryUsage of job (MB)
	1711380  -  ResidentSetSize of job (KB)
...
006 (014.1752.000) 05/10 16:32:24 Image size of job updated: 2454228
	1784  -  MemoryUsage of job (MB)
	1826616  -  ResidentSetSize of job (KB)
...
006 (014.1752.000) 05/10 16:32:29 Image size of job updated: 2454228
	1969  -  MemoryUsage of job (MB)
	2015772  -  ResidentSetSize of job (KB)
...
006 (014.1752.000) 05/10 16:32:34 Image size of job updated: 2654452
	1972  -  MemoryUsage of job (MB)
	2019204  -  ResidentSetSize of job (KB)
...
006 (014.1752.000) 05/10 16:32:39 Image size of job updated: 2688244
	2007  -  MemoryUsage of job (MB)
	2054580  -  ResidentSetSize of job (KB)
...
006 (014.1752.000) 05/10 16:32:44 Image size of job updated: 2688244
	2096  -  MemoryUsage of job (MB)
	2146056  -  ResidentSetSize of job (KB)
...
006 (014.1752.000) 05/10 16:32:49 Image size of job updated: 2862324
	2190  -  MemoryUsage of job (MB)
	2242152  -  ResidentSetSize of job (KB)
...
006 (014.1752.000) 05/10 16:32:54 Image size of job updated: 2862324
	2250  -  MemoryUsage of job (MB)
	2303268  -  ResidentSetSize of job (KB)
...
006 (014.1752.000) 05/10 16:32:59 Image size of job updated: 2862324
	2289  -  MemoryUsage of job (MB)
	2343660  -  ResidentSetSize of job (KB)
...
006 (014.1752.000) 05/10 16:33:04 Image size of job updated: 3009780
	2320  -  MemoryUsage of job (MB)
	2375208  -  ResidentSetSize of job (KB)
...
006 (014.1752.000) 05/10 16:33:09 Image size of job updated: 3009780
	2352  -  MemoryUsage of job (MB)
	2407548  -  ResidentSetSize of job (KB)
...
006 (014.1752.000) 05/10 16:33:14 Image size of job updated: 3054836
	2383  -  MemoryUsage of job (MB)
	2439492  -  ResidentSetSize of job (KB)
...
006 (014.1752.000) 05/10 16:33:19 Image size of job updated: 3082484
	2413  -  MemoryUsage of job (MB)
	2470908  -  ResidentSetSize of job (KB)
...
006 (014.1752.000) 05/10 16:33:24 Image size of job updated: 3106036
	2445  -  MemoryUsage of job (MB)
	2503644  -  ResidentSetSize of job (KB)
...
006 (014.1752.000) 05/10 16:33:29 Image size of job updated: 3106036
	2476  -  MemoryUsage of job (MB)
	2535060  -  ResidentSetSize of job (KB)
...
006 (014.1752.000) 05/10 16:33:34 Image size of job updated: 3106036
	2506  -  MemoryUsage of job (MB)
	2565156  -  ResidentSetSize of job (KB)
...
006 (014.1752.000) 05/10 16:33:39 Image size of job updated: 3204340
	2535  -  MemoryUsage of job (MB)
	2595120  -  ResidentSetSize of job (KB)
...
006 (014.1752.000) 05/10 16:33:44 Image size of job updated: 3204340
	2564  -  MemoryUsage of job (MB)
	2625216  -  ResidentSetSize of job (KB)
...
006 (014.1752.000) 05/10 16:33:49 Image size of job updated: 3204340
	2594  -  MemoryUsage of job (MB)
	2655312  -  ResidentSetSize of job (KB)
...
006 (014.1752.000) 05/10 16:33:54 Image size of job updated: 3312884
	2623  -  MemoryUsage of job (MB)
	2685672  -  ResidentSetSize of job (KB)
...
006 (014.1752.000) 05/10 16:33:59 Image size of job updated: 3312884
	2648  -  MemoryUsage of job (MB)
	2711016  -  ResidentSetSize of job (KB)
...
006 (014.1752.000) 05/10 16:34:04 Image size of job updated: 3312884
	2668  -  MemoryUsage of job (MB)
	2731212  -  ResidentSetSize of job (KB)
...
006 (014.1752.000) 05/10 16:34:09 Image size of job updated: 3407092
	2696  -  MemoryUsage of job (MB)
	2759988  -  ResidentSetSize of job (KB)
...
006 (014.1752.000) 05/10 16:34:14 Image size of job updated: 3407092
	2722  -  MemoryUsage of job (MB)
	2786784  -  ResidentSetSize of job (KB)
...
006 (014.1752.000) 05/10 16:34:19 Image size of job updated: 3407092
	2729  -  MemoryUsage of job (MB)
	2794308  -  ResidentSetSize of job (KB)
...
006 (014.1752.000) 05/10 16:34:24 Image size of job updated: 3478772
	2761  -  MemoryUsage of job (MB)
	2826384  -  ResidentSetSize of job (KB)
...
006 (014.1752.000) 05/10 16:34:29 Image size of job updated: 3485940
	2792  -  MemoryUsage of job (MB)
	2858328  -  ResidentSetSize of job (KB)
...
006 (014.1752.000) 05/10 16:34:34 Image size of job updated: 3485940
	2823  -  MemoryUsage of job (MB)
	2890536  -  ResidentSetSize of job (KB)
...
006 (014.1752.000) 05/10 16:34:39 Image size of job updated: 3575028
	2855  -  MemoryUsage of job (MB)
	2922744  -  ResidentSetSize of job (KB)
...
006 (014.1752.000) 05/10 16:34:44 Image size of job updated: 3583220
	2886  -  MemoryUsage of job (MB)
	2955084  -  ResidentSetSize of job (KB)
...
006 (014.1752.000) 05/10 16:34:49 Image size of job updated: 3615988
	2917  -  MemoryUsage of job (MB)
	2986896  -  ResidentSetSize of job (KB)
...
006 (014.1752.000) 05/10 16:34:54 Image size of job updated: 3670260
	2948  -  MemoryUsage of job (MB)
	3018444  -  ResidentSetSize of job (KB)
...
006 (014.1752.000) 05/10 16:34:59 Image size of job updated: 3682548
	2980  -  MemoryUsage of job (MB)
	3050784  -  ResidentSetSize of job (KB)
...
006 (014.1752.000) 05/10 16:35:04 Image size of job updated: 3712244
	3012  -  MemoryUsage of job (MB)
	3083652  -  ResidentSetSize of job (KB)
...
006 (014.1752.000) 05/10 16:35:09 Image size of job updated: 3766516
	3049  -  MemoryUsage of job (MB)
	3121668  -  ResidentSetSize of job (KB)
...
006 (014.1752.000) 05/10 16:35:14 Image size of job updated: 3779828
	3079  -  MemoryUsage of job (MB)
	3152556  -  ResidentSetSize of job (KB)
...
006 (014.1752.000) 05/10 16:35:19 Image size of job updated: 3815668
	3109  -  MemoryUsage of job (MB)
	3182652  -  ResidentSetSize of job (KB)
...
006 (014.1752.000) 05/10 16:35:24 Image size of job updated: 3815668
	3137  -  MemoryUsage of job (MB)
	3211956  -  ResidentSetSize of job (KB)
...
006 (014.1752.000) 05/10 16:35:29 Image size of job updated: 3869940
	3166  -  MemoryUsage of job (MB)
	3241920  -  ResidentSetSize of job (KB)
...
006 (014.1752.000) 05/10 16:35:34 Image size of job updated: 3869940
	3196  -  MemoryUsage of job (MB)
	3272280  -  ResidentSetSize of job (KB)
...
006 (014.1752.000) 05/10 16:35:39 Image size of job updated: 3869940
	3226  -  MemoryUsage of job (MB)
	3303300  -  ResidentSetSize of job (KB)
...
006 (014.1752.000) 05/10 16:35:44 Image size of job updated: 3961076
	3256  -  MemoryUsage of job (MB)
	3333924  -  ResidentSetSize of job (KB)
...
006 (014.1752.000) 05/10 16:35:49 Image size of job updated: 3987700
	3287  -  MemoryUsage of job (MB)
	3365340  -  ResidentSetSize of job (KB)
...
006 (014.1752.000) 05/10 16:35:54 Image size of job updated: 4030708
	3317  -  MemoryUsage of job (MB)
	3395700  -  ResidentSetSize of job (KB)
...
006 (014.1752.000) 05/10 16:35:59 Image size of job updated: 4053236
	3346  -  MemoryUsage of job (MB)
	3425400  -  ResidentSetSize of job (KB)
...
006 (014.1752.000) 05/10 16:36:04 Image size of job updated: 4086004
	3375  -  MemoryUsage of job (MB)
	3455364  -  ResidentSetSize of job (KB)
...
006 (014.1752.000) 05/10 16:36:09 Image size of job updated: 4121844
	3405  -  MemoryUsage of job (MB)
	3485856  -  ResidentSetSize of job (KB)
...
006 (014.1752.000) 05/10 16:36:14 Image size of job updated: 4143348
	3434  -  MemoryUsage of job (MB)
	3516348  -  ResidentSetSize of job (KB)
...
006 (014.1752.000) 05/10 16:36:19 Image size of job updated: 4143348
	3464  -  MemoryUsage of job (MB)
	3546576  -  ResidentSetSize of job (KB)
...
006 (014.1752.000) 05/10 16:36:24 Image size of job updated: 4143348
	3493  -  MemoryUsage of job (MB)
	3576144  -  ResidentSetSize of job (KB)
...
006 (014.1752.000) 05/10 16:36:29 Image size of job updated: 4233460
	3521  -  MemoryUsage of job (MB)
	3605448  -  ResidentSetSize of job (KB)
...
006 (014.1752.000) 05/10 16:36:34 Image size of job updated: 4258036
	3551  -  MemoryUsage of job (MB)
	3635940  -  ResidentSetSize of job (KB)
...
006 (014.1752.000) 05/10 16:36:39 Image size of job updated: 4306164
	3580  -  MemoryUsage of job (MB)
	3665772  -  ResidentSetSize of job (KB)
...
006 (014.1752.000) 05/10 16:36:44 Image size of job updated: 4333812
	3609  -  MemoryUsage of job (MB)
	3695472  -  ResidentSetSize of job (KB)
...
006 (014.1752.000) 05/10 16:36:49 Image size of job updated: 4354292
	3639  -  MemoryUsage of job (MB)
	3725568  -  ResidentSetSize of job (KB)
...
006 (014.1752.000) 05/10 16:36:55 Image size of job updated: 4396276
	3675  -  MemoryUsage of job (MB)
	3762792  -  ResidentSetSize of job (KB)
...
006 (014.1752.000) 05/10 16:37:01 Image size of job updated: 4425972
	3711  -  MemoryUsage of job (MB)
	3799752  -  ResidentSetSize of job (KB)
...
006 (014.1752.000) 05/10 16:37:07 Image size of job updated: 4425972
	3748  -  MemoryUsage of job (MB)
	3837504  -  ResidentSetSize of job (KB)
...
006 (014.1752.000) 05/10 16:37:13 Image size of job updated: 4518132
	3771  -  MemoryUsage of job (MB)
	3861264  -  ResidentSetSize of job (KB)
...
006 (014.1752.000) 05/10 16:37:19 Image size of job updated: 4518132
	3778  -  MemoryUsage of job (MB)
	3867864  -  ResidentSetSize of job (KB)
...
006 (014.1752.000) 05/10 16:37:31 Image size of job updated: 4617460
	3778  -  MemoryUsage of job (MB)
	3867864  -  ResidentSetSize of job (KB)
...
006 (014.1752.000) 05/10 16:37:37 Image size of job updated: 4642036
	3805  -  MemoryUsage of job (MB)
	3895848  -  ResidentSetSize of job (KB)
...
006 (014.1752.000) 05/10 16:37:43 Image size of job updated: 4697332
	3842  -  MemoryUsage of job (MB)
	3933468  -  ResidentSetSize of job (KB)
...
006 (014.1752.000) 05/10 16:37:49 Image size of job updated: 4736244
	3880  -  MemoryUsage of job (MB)
	3972672  -  ResidentSetSize of job (KB)
...
006 (014.1752.000) 05/10 16:37:55 Image size of job updated: 4736244
	3924  -  MemoryUsage of job (MB)
	4017948  -  ResidentSetSize of job (KB)
...
006 (014.1752.000) 05/10 16:38:01 Image size of job updated: 4801780
	3968  -  MemoryUsage of job (MB)
	4062564  -  ResidentSetSize of job (KB)
...
006 (014.1752.000) 05/10 16:38:07 Image size of job updated: 4801780
	4006  -  MemoryUsage of job (MB)
	4101768  -  ResidentSetSize of job (KB)
...
006 (014.1752.000) 05/10 16:38:13 Image size of job updated: 4904180
	4045  -  MemoryUsage of job (MB)
	4141236  -  ResidentSetSize of job (KB)
...
006 (014.1752.000) 05/10 16:38:19 Image size of job updated: 4914420
	4083  -  MemoryUsage of job (MB)
	4180440  -  ResidentSetSize of job (KB)
...
006 (014.1752.000) 05/10 16:38:25 Image size of job updated: 4914420
	4122  -  MemoryUsage of job (MB)
	4220436  -  ResidentSetSize of job (KB)
...
006 (014.1752.000) 05/10 16:38:31 Image size of job updated: 5011700
	4163  -  MemoryUsage of job (MB)
	4262676  -  ResidentSetSize of job (KB)
...
006 (014.1752.000) 05/10 16:38:37 Image size of job updated: 5068020
	4201  -  MemoryUsage of job (MB)
	4301088  -  ResidentSetSize of job (KB)
...
006 (014.1752.000) 05/10 16:38:43 Image size of job updated: 5094644
	4239  -  MemoryUsage of job (MB)
	4339896  -  ResidentSetSize of job (KB)
...
006 (014.1752.000) 05/10 16:38:49 Image size of job updated: 5116148
	4277  -  MemoryUsage of job (MB)
	4378704  -  ResidentSetSize of job (KB)
...
006 (014.1752.000) 05/10 16:38:55 Image size of job updated: 5116148
	4313  -  MemoryUsage of job (MB)
	4415796  -  ResidentSetSize of job (KB)
...
006 (014.1752.000) 05/10 16:39:01 Image size of job updated: 5210356
	4349  -  MemoryUsage of job (MB)
	4453152  -  ResidentSetSize of job (KB)
...
006 (014.1752.000) 05/10 16:39:07 Image size of job updated: 5210356
	4384  -  MemoryUsage of job (MB)
	4489056  -  ResidentSetSize of job (KB)
...
006 (014.1752.000) 05/10 16:39:13 Image size of job updated: 5210356
	4646  -  MemoryUsage of job (MB)
	4756488  -  ResidentSetSize of job (KB)
...
006 (014.1752.000) 05/10 16:39:19 Image size of job updated: 5476596
	4646  -  MemoryUsage of job (MB)
	4756620  -  ResidentSetSize of job (KB)
...
005 (014.1752.000) 05/10 16:39:20 Job terminated.
	(1) Normal termination (return value 0)
		Usr 0 00:26:55, Sys 0 00:00:08  -  Run Remote Usage
		Usr 0 00:00:00, Sys 0 00:00:00  -  Run Local Usage
		Usr 0 00:26:55, Sys 0 00:00:08  -  Total Remote Usage
		Usr 0 00:00:00, Sys 0 00:00:00  -  Total Local Usage
	0  -  Run Bytes Sent By Job
	0  -  Run Bytes Received By Job
	0  -  Total Bytes Sent By Job
	0  -  Total Bytes Received By Job
	Partitionable Resources :      Usage  Request Allocated 
	   Cpus                 :       0.90        1         1 
	   Disk (KB)            : 2000000     2000000   6232219 
	   Memory (MB)          :    4646        1954      2007 
...
