000 (040.676.000) 04/27 18:42:04 Job submitted from host: <127.0.0.1:9618?addrs=127.0.0.1-9618&noUDP&sock=222_da1d_4>
...
001 (040.676.000) 04/28 03:42:22 Job executing on host: <127.0.0.1:9618?addrs=127.0.0.1-9618&noUDP&sock=222_da1d_5>
...
006 (040.676.000) 04/28 03:42:27 Image size of job updated: 330132
	323  -  MemoryUsage of job (MB)
	330132  -  ResidentSetSize of job (KB)
...
006 (040.676.000) 04/28 03:42:32 Image size of job updated: 660052
	638  -  MemoryUsage of job (MB)
	652608  -  ResidentSetSize of job (KB)
...
006 (040.676.000) 04/28 03:42:37 Image size of job updated: 695376
	665  -  MemoryUsage of job (MB)
	680064  -  ResidentSetSize of job (KB)
...
005 (040.676.000) 04/28 03:45:07 Job terminated.
	(1) Normal termination (return value 0)
		Usr 0 00:02:42, Sys 0 00:00:00  -  Run Remote Usage
		Usr 0 00:00:00, Sys 0 00:00:00  -  Run Local Usage
		Usr 0 00:02:42, Sys 0 00:00:00  -  Total Remote Usage
		Usr 0 00:00:00, Sys 0 00:00:00  -  Total Local Usage
	0  -  Run Bytes Sent By Job
	0  -  Run Bytes Received By Job
	0  -  Total Bytes Sent By Job
	0  -  Total Bytes Received By Job
	Partitionable Resources :    Usage  Request Allocated 
	   Cpus                 :     0.99        1         1 
	   Disk (KB)            :     1           1   6540465 
	   Memory (MB)          :   665           1      2007 
...
