000 (205.8057.000) 05/06 03:21:33 Job submitted from host: <127.0.0.1:9618?addrs=127.0.0.1-9618&noUDP&sock=222_da1d_4>
...
033 (205.8057.000) 05/06 14:24:01 Changing job attribute JobPrio from 0 to -5
...
000 (007.8057.000) 05/07 19:00:54 Job submitted from host: <127.0.0.1:9618?addrs=127.0.0.1-9618&noUDP&sock=215_0cf3_4>
...
000 (016.8057.000) 05/08 15:57:57 Job submitted from host: <127.0.0.1:9618?addrs=127.0.0.1-9618&noUDP&sock=227_4816_4>
...
009 (016.8057.000) 05/09 16:56:01 Job was aborted by the user.
	via condor_rm (by user aw868)
...
000 (014.896.000) 05/09 17:30:00 Job submitted from host: <127.0.0.1:9618?addrs=127.0.0.1-9618&noUDP&sock=212_fe2a_4>
...
033 (014.896.000) 05/09 17:34:03 Changing job attribute JobPrio from 0 to -10
...
033 (014.896.000) 05/09 21:36:17 Changing job attribute JobPrio from -10 to -15
...
001 (014.896.000) 05/10 02:40:52 Job executing on host: <127.0.0.1:9618?addrs=127.0.0.1-9618&noUDP&sock=212_fe2a_5>
...
006 (014.896.000) 05/10 02:40:57 Image size of job updated: 2000000
	111  -  MemoryUsage of job (MB)
	112992  -  ResidentSetSize of job (KB)
...
006 (014.896.000) 05/10 02:41:02 Image size of job updated: 2000000
	115  -  MemoryUsage of job (MB)
	116820  -  ResidentSetSize of job (KB)
...
006 (014.896.000) 05/10 02:41:42 Image size of job updated: 2000000
	126  -  MemoryUsage of job (MB)
	128436  -  ResidentSetSize of job (KB)
...
006 (014.896.000) 05/10 02:41:47 Image size of job updated: 2000000
	208  -  MemoryUsage of job (MB)
	212520  -  ResidentSetSize of job (KB)
...
006 (014.896.000) 05/10 02:41:52 Image size of job updated: 2000000
	211  -  MemoryUsage of job (MB)
	215160  -  ResidentSetSize of job (KB)
...
006 (014.896.000) 05/10 02:41:57 Image size of job updated: 2000000
	211  -  MemoryUsage of job (MB)
	215292  -  ResidentSetSize of job (KB)
...
006 (014.896.000) 05/10 02:42:02 Image size of job updated: 2000000
	219  -  MemoryUsage of job (MB)
	223872  -  ResidentSetSize of job (KB)
...
006 (014.896.000) 05/10 02:42:07 Image size of job updated: 2000000
	225  -  MemoryUsage of job (MB)
	230208  -  ResidentSetSize of job (KB)
...
006 (014.896.000) 05/10 02:42:18 Image size of job updated: 2000000
	233  -  MemoryUsage of job (MB)
	237600  -  ResidentSetSize of job (KB)
...
006 (014.896.000) 05/10 02:42:23 Image size of job updated: 2000000
	243  -  MemoryUsage of job (MB)
	248424  -  ResidentSetSize of job (KB)
...
006 (014.896.000) 05/10 02:42:28 Image size of job updated: 2000000
	257  -  MemoryUsage of job (MB)
	262416  -  ResidentSetSize of job (KB)
...
006 (014.896.000) 05/10 02:42:33 Image size of job updated: 2000000
	261  -  MemoryUsage of job (MB)
	266640  -  ResidentSetSize of job (KB)
...
006 (014.896.000) 05/10 02:42:38 Image size of job updated: 2000000
	268  -  MemoryUsage of job (MB)
	273636  -  ResidentSetSize of job (KB)
...
006 (014.896.000) 05/10 02:42:43 Image size of job updated: 2000000
	298  -  MemoryUsage of job (MB)
	304260  -  ResidentSetSize of job (KB)
...
006 (014.896.000) 05/10 02:42:48 Image size of job updated: 2000000
	339  -  MemoryUsage of job (MB)
	346236  -  ResidentSetSize of job (KB)
...
006 (014.896.000) 05/10 02:42:53 Image size of job updated: 2000000
	371  -  MemoryUsage of job (MB)
	379764  -  ResidentSetSize of job (KB)
...
006 (014.896.000) 05/10 02:42:58 Image size of job updated: 2000000
	374  -  MemoryUsage of job (MB)
	382404  -  ResidentSetSize of job (KB)
...
006 (014.896.000) 05/10 02:43:03 Image size of job updated: 2000000
	416  -  MemoryUsage of job (MB)
	425700  -  ResidentSetSize of job (KB)
...
006 (014.896.000) 05/10 02:43:08 Image size of job updated: 2000000
	489  -  MemoryUsage of job (MB)
	499884  -  ResidentSetSize of job (KB)
...
006 (014.896.000) 05/10 02:43:13 Image size of job updated: 2000000
	548  -  MemoryUsage of job (MB)
	561000  -  ResidentSetSize of job (KB)
...
006 (014.896.000) 05/10 02:43:18 Image size of job updated: 2000000
	1240  -  MemoryUsage of job (MB)
	1268916  -  ResidentSetSize of job (KB)
...
006 (014.896.000) 05/10 03:00:46 Image size of job updated: 2000000
	1295  -  MemoryUsage of job (MB)
	1325808  -  ResidentSetSize of job (KB)
...
006 (014.896.000) 05/10 03:00:51 Image size of job updated: 2000000
	1541  -  MemoryUsage of job (MB)
	1577796  -  ResidentSetSize of job (KB)
...
006 (014.896.000) 05/10 03:00:56 Image size of job updated: 2454224
	1726  -  MemoryUsage of job (MB)
	1767084  -  ResidentSetSize of job (KB)
...
006 (014.896.000) 05/10 03:01:01 Image size of job updated: 2454224
	1974  -  MemoryUsage of job (MB)
	2020788  -  ResidentSetSize of job (KB)
...
006 (014.896.000) 05/10 03:01:11 Image size of job updated: 2454224
	2007  -  MemoryUsage of job (MB)
	2054976  -  ResidentSetSize of job (KB)
...
006 (014.896.000) 05/10 03:01:16 Image size of job updated: 2813672
	2143  -  MemoryUsage of job (MB)
	2193840  -  ResidentSetSize of job (KB)
...
006 (014.896.000) 05/10 03:01:21 Image size of job updated: 2813672
	2215  -  MemoryUsage of job (MB)
	2268156  -  ResidentSetSize of job (KB)
...
006 (014.896.000) 05/10 03:01:26 Image size of job updated: 2813672
	2263  -  MemoryUsage of job (MB)
	2316996  -  ResidentSetSize of job (KB)
...
006 (014.896.000) 05/10 03:01:31 Image size of job updated: 3018472
	2303  -  MemoryUsage of job (MB)
	2358048  -  ResidentSetSize of job (KB)
...
006 (014.896.000) 05/10 03:01:36 Image size of job updated: 3018472
	2309  -  MemoryUsage of job (MB)
	2364120  -  ResidentSetSize of job (KB)
...
006 (014.896.000) 05/10 03:01:42 Image size of job updated: 3018472
	2332  -  MemoryUsage of job (MB)
	2387220  -  ResidentSetSize of job (KB)
...
006 (014.896.000) 05/10 03:01:47 Image size of job updated: 3107560
	2340  -  MemoryUsage of job (MB)
	2395404  -  ResidentSetSize of job (KB)
...
006 (014.896.000) 05/10 03:01:53 Image size of job updated: 3158760
	2389  -  MemoryUsage of job (MB)
	2445960  -  ResidentSetSize of job (KB)
...
006 (014.896.000) 05/10 03:01:59 Image size of job updated: 3186408
	2441  -  MemoryUsage of job (MB)
	2498892  -  ResidentSetSize of job (KB)
...
006 (014.896.000) 05/10 03:02:05 Image size of job updated: 3250920
	2494  -  MemoryUsage of job (MB)
	2553804  -  ResidentSetSize of job (KB)
...
006 (014.896.000) 05/10 03:02:11 Image size of job updated: 3290856
	2548  -  MemoryUsage of job (MB)
	2608848  -  ResidentSetSize of job (KB)
...
006 (014.896.000) 05/10 03:02:17 Image size of job updated: 3372776
	2608  -  MemoryUsage of job (MB)
	2670360  -  ResidentSetSize of job (KB)
...
006 (014.896.000) 05/10 03:02:23 Image size of job updated: 3441384
	2668  -  MemoryUsage of job (MB)
	2731608  -  ResidentSetSize of job (KB)
...
006 (014.896.000) 05/10 03:02:29 Image size of job updated: 3489512
	2719  -  MemoryUsage of job (MB)
	2783880  -  ResidentSetSize of job (KB)
...
006 (014.896.000) 05/10 03:02:35 Image size of job updated: 3517160
	2770  -  MemoryUsage of job (MB)
	2836416  -  ResidentSetSize of job (KB)
...
006 (014.896.000) 05/10 03:02:41 Image size of job updated: 3587816
	2814  -  MemoryUsage of job (MB)
	2880768  -  ResidentSetSize of job (KB)
...
006 (014.896.000) 05/10 03:02:46 Image size of job updated: 3623656
	2856  -  MemoryUsage of job (MB)
	2923800  -  ResidentSetSize of job (KB)
...
006 (014.896.000) 05/10 03:02:51 Image size of job updated: 3650280
	2898  -  MemoryUsage of job (MB)
	2967492  -  ResidentSetSize of job (KB)
...
006 (014.896.000) 05/10 03:02:56 Image size of job updated: 3712744
	2942  -  MemoryUsage of job (MB)
	3011712  -  ResidentSetSize of job (KB)
...
006 (014.896.000) 05/10 03:03:01 Image size of job updated: 3712744
	2984  -  MemoryUsage of job (MB)
	3055536  -  ResidentSetSize of job (KB)
...
006 (014.896.000) 05/10 03:03:06 Image size of job updated: 3787496
	3029  -  MemoryUsage of job (MB)
	3100812  -  ResidentSetSize of job (KB)
...
006 (014.896.000) 05/10 03:03:11 Image size of job updated: 3787496
	3071  -  MemoryUsage of job (MB)
	3143844  -  ResidentSetSize of job (KB)
...
006 (014.896.000) 05/10 03:03:16 Image size of job updated: 3787496
	3114  -  MemoryUsage of job (MB)
	3188592  -  ResidentSetSize of job (KB)
...
006 (014.896.000) 05/10 03:03:21 Image size of job updated: 3920616
	3158  -  MemoryUsage of job (MB)
	3233472  -  ResidentSetSize of job (KB)
...
006 (014.896.000) 05/10 03:03:26 Image size of job updated: 3920616
	3204  -  MemoryUsage of job (MB)
	3280068  -  ResidentSetSize of job (KB)
...
006 (014.896.000) 05/10 03:03:31 Image size of job updated: 3920616
	3247  -  MemoryUsage of job (MB)
	3324552  -  ResidentSetSize of job (KB)
...
006 (014.896.000) 05/10 03:03:36 Image size of job updated: 4053736
	3291  -  MemoryUsage of job (MB)
	3369300  -  ResidentSetSize of job (KB)
...
006 (014.896.000) 05/10 03:03:41 Image size of job updated: 4053736
	3335  -  MemoryUsage of job (MB)
	3414576  -  ResidentSetSize of job (KB)
...
006 (014.896.000) 05/10 03:03:46 Image size of job updated: 4053736
	3378  -  MemoryUsage of job (MB)
	3458796  -  ResidentSetSize of job (KB)
...
006 (014.896.000) 05/10 03:03:51 Image size of job updated: 4187880
	3421  -  MemoryUsage of job (MB)
	3502356  -  ResidentSetSize of job (KB)
...
006 (014.896.000) 05/10 03:03:56 Image size of job updated: 4187880
	3462  -  MemoryUsage of job (MB)
	3544728  -  ResidentSetSize of job (KB)
...
006 (014.896.000) 05/10 03:04:11 Image size of job updated: 4375272
	3507  -  MemoryUsage of job (MB)
	3590400  -  ResidentSetSize of job (KB)
...
006 (014.896.000) 05/10 03:04:26 Image size of job updated: 4514536
	3642  -  MemoryUsage of job (MB)
	3728604  -  ResidentSetSize of job (KB)
...
006 (014.896.000) 05/10 03:04:38 Image size of job updated: 4608744
	3749  -  MemoryUsage of job (MB)
	3838296  -  ResidentSetSize of job (KB)
...
006 (014.896.000) 05/10 03:04:46 Image size of job updated: 4608744
	3820  -  MemoryUsage of job (MB)
	3911160  -  ResidentSetSize of job (KB)
...
006 (014.896.000) 05/10 03:04:52 Image size of job updated: 4739816
	3874  -  MemoryUsage of job (MB)
	3966336  -  ResidentSetSize of job (KB)
...
006 (014.896.000) 05/10 03:04:58 Image size of job updated: 4739816
	3929  -  MemoryUsage of job (MB)
	4022436  -  ResidentSetSize of job (KB)
...
006 (014.896.000) 05/10 03:05:04 Image size of job updated: 4739816
	3982  -  MemoryUsage of job (MB)
	4077348  -  ResidentSetSize of job (KB)
...
006 (014.896.000) 05/10 03:05:10 Image size of job updated: 4877032
	4037  -  MemoryUsage of job (MB)
	4133184  -  ResidentSetSize of job (KB)
...
006 (014.896.000) 05/10 03:05:16 Image size of job updated: 4877032
	4092  -  MemoryUsage of job (MB)
	4190076  -  ResidentSetSize of job (KB)
...
006 (014.896.000) 05/10 03:05:22 Image size of job updated: 5019368
	4148  -  MemoryUsage of job (MB)
	4246968  -  ResidentSetSize of job (KB)
...
006 (014.896.000) 05/10 03:05:28 Image size of job updated: 5019368
	4202  -  MemoryUsage of job (MB)
	4302540  -  ResidentSetSize of job (KB)
...
006 (014.896.000) 05/10 03:05:34 Image size of job updated: 5019368
	4256  -  MemoryUsage of job (MB)
	4357452  -  ResidentSetSize of job (KB)
...
006 (014.896.000) 05/10 03:05:40 Image size of job updated: 5157608
	4311  -  MemoryUsage of job (MB)
	4413684  -  ResidentSetSize of job (KB)
...
006 (014.896.000) 05/10 03:05:46 Image size of job updated: 5157608
	4364  -  MemoryUsage of job (MB)
	4468068  -  ResidentSetSize of job (KB)
...
006 (014.896.000) 05/10 03:05:52 Image size of job updated: 5292776
	4417  -  MemoryUsage of job (MB)
	4522716  -  ResidentSetSize of job (KB)
...
006 (014.896.000) 05/10 03:05:58 Image size of job updated: 5292776
	4472  -  MemoryUsage of job (MB)
	4578948  -  ResidentSetSize of job (KB)
...
006 (014.896.000) 05/10 03:06:04 Image size of job updated: 5292776
	4523  -  MemoryUsage of job (MB)
	4630956  -  ResidentSetSize of job (KB)
...
006 (014.896.000) 05/10 03:06:10 Image size of job updated: 5436136
	4572  -  MemoryUsage of job (MB)
	4680984  -  ResidentSetSize of job (KB)
...
006 (014.896.000) 05/10 03:06:16 Image size of job updated: 5436136
	4611  -  MemoryUsage of job (MB)
	4721508  -  ResidentSetSize of job (KB)
...
006 (014.896.000) 05/10 03:06:24 Image size of job updated: 5548776
	4616  -  MemoryUsage of job (MB)
	4726260  -  ResidentSetSize of job (KB)
...
006 (014.896.000) 05/10 03:06:29 Image size of job updated: 5552872
	4655  -  MemoryUsage of job (MB)
	4766652  -  ResidentSetSize of job (KB)
...
006 (014.896.000) 05/10 03:06:34 Image size of job updated: 5552872
	4697  -  MemoryUsage of job (MB)
	4808892  -  ResidentSetSize of job (KB)
...
006 (014.896.000) 05/10 03:06:39 Image size of job updated: 5676776
	4739  -  MemoryUsage of job (MB)
	4851792  -  ResidentSetSize of job (KB)
...
006 (014.896.000) 05/10 03:06:45 Image size of job updated: 5676776
	4788  -  MemoryUsage of job (MB)
	4902876  -  ResidentSetSize of job (KB)
...
006 (014.896.000) 05/10 03:06:51 Image size of job updated: 5676776
	4812  -  MemoryUsage of job (MB)
	4926768  -  ResidentSetSize of job (KB)
...
006 (014.896.000) 05/10 03:06:57 Image size of job updated: 5804776
	4812  -  MemoryUsage of job (MB)
	4926900  -  ResidentSetSize of job (KB)
...
006 (014.896.000) 05/10 03:07:03 Image size of job updated: 5859048
	4854  -  MemoryUsage of job (MB)
	4969932  -  ResidentSetSize of job (KB)
...
006 (014.896.000) 05/10 03:07:09 Image size of job updated: 5859048
	4904  -  MemoryUsage of job (MB)
	5021412  -  ResidentSetSize of job (KB)
...
006 (014.896.000) 05/10 03:07:15 Image size of job updated: 5921512
	4954  -  MemoryUsage of job (MB)
	5071968  -  ResidentSetSize of job (KB)
...
006 (014.896.000) 05/10 03:07:21 Image size of job updated: 5921512
	4990  -  MemoryUsage of job (MB)
	5108796  -  ResidentSetSize of job (KB)
...
006 (014.896.000) 05/10 03:07:27 Image size of job updated: 6057704
	5025  -  MemoryUsage of job (MB)
	5144700  -  ResidentSetSize of job (KB)
...
006 (014.896.000) 05/10 03:07:33 Image size of job updated: 6109928
	5073  -  MemoryUsage of job (MB)
	5194200  -  ResidentSetSize of job (KB)
...
006 (014.896.000) 05/10 03:07:39 Image size of job updated: 6109928
	5121  -  MemoryUsage of job (MB)
	5243568  -  ResidentSetSize of job (KB)
...
006 (014.896.000) 05/10 03:07:45 Image size of job updated: 6182632
	5172  -  MemoryUsage of job (MB)
	5295444  -  ResidentSetSize of job (KB)
...
006 (014.896.000) 05/10 03:07:51 Image size of job updated: 6223592
	5224  -  MemoryUsage of job (MB)
	5348904  -  ResidentSetSize of job (KB)
...
006 (014.896.000) 05/10 03:07:57 Image size of job updated: 6315752
	5276  -  MemoryUsage of job (MB)
	5401704  -  ResidentSetSize of job (KB)
...
006 (014.896.000) 05/10 03:08:03 Image size of job updated: 6363880
	5328  -  MemoryUsage of job (MB)
	5455824  -  ResidentSetSize of job (KB)
...
006 (014.896.000) 05/10 03:08:09 Image size of job updated: 6424296
	5382  -  MemoryUsage of job (MB)
	5510604  -  ResidentSetSize of job (KB)
...
006 (014.896.000) 05/10 03:08:15 Image size of job updated: 6458088
	5436  -  MemoryUsage of job (MB)
	5565516  -  ResidentSetSize of job (KB)
...
006 (014.896.000) 05/10 03:08:21 Image size of job updated: 6458088
	5487  -  MemoryUsage of job (MB)
	5618580  -  ResidentSetSize of job (KB)
...
006 (014.896.000) 05/10 03:08:27 Image size of job updated: 6458088
	5730  -  MemoryUsage of job (MB)
	5867268  -  ResidentSetSize of job (KB)
...
006 (014.896.000) 05/10 03:08:33 Image size of job updated: 6737640
	5833  -  MemoryUsage of job (MB)
	5972076  -  ResidentSetSize of job (KB)
...
005 (014.896.000) 05/10 03:08:36 Job terminated.
	(1) Normal termination (return value 0)
		Usr 0 00:25:59, Sys 0 00:00:17  -  Run Remote Usage
		Usr 0 00:00:00, Sys 0 00:00:00  -  Run Local Usage
		Usr 0 00:25:59, Sys 0 00:00:17  -  Total Remote Usage
		Usr 0 00:00:00, Sys 0 00:00:00  -  Total Local Usage
	0  -  Run Bytes Sent By Job
	0  -  Run Bytes Received By Job
	0  -  Total Bytes Sent By Job
	0  -  Total Bytes Received By Job
	Partitionable Resources :      Usage  Request Allocated 
	   Cpus                 :       0.90        1         1 
	   Disk (KB)            : 2000000     2000000   6232219 
	   Memory (MB)          :    5833        1954      2007 
...
