000 (185.015.000) 05/05 20:12:45 Job submitted from host: <127.0.0.1:9618?addrs=127.0.0.1-9618&noUDP&sock=222_da1d_4>
...
001 (185.015.000) 05/05 23:41:31 Job executing on host: <127.0.0.1:9618?addrs=127.0.0.1-9618&noUDP&sock=222_da1d_5>
...
006 (185.015.000) 05/05 23:41:37 Image size of job updated: 2000000
	101  -  MemoryUsage of job (MB)
	102432  -  ResidentSetSize of job (KB)
...
006 (185.015.000) 05/05 23:42:11 Image size of job updated: 2000000
	117  -  MemoryUsage of job (MB)
	118800  -  ResidentSetSize of job (KB)
...
006 (185.015.000) 05/05 23:42:18 Image size of job updated: 2000000
	184  -  MemoryUsage of job (MB)
	187836  -  ResidentSetSize of job (KB)
...
006 (185.015.000) 05/05 23:42:23 Image size of job updated: 2000000
	184  -  MemoryUsage of job (MB)
	188232  -  ResidentSetSize of job (KB)
...
006 (185.015.000) 05/05 23:42:33 Image size of job updated: 2000000
	195  -  MemoryUsage of job (MB)
	199584  -  ResidentSetSize of job (KB)
...
006 (185.015.000) 05/05 23:42:38 Image size of job updated: 2000000
	207  -  MemoryUsage of job (MB)
	211068  -  ResidentSetSize of job (KB)
...
006 (185.015.000) 05/05 23:42:43 Image size of job updated: 2000000
	217  -  MemoryUsage of job (MB)
	221628  -  ResidentSetSize of job (KB)
...
006 (185.015.000) 05/05 23:42:48 Image size of job updated: 2000000
	228  -  MemoryUsage of job (MB)
	233244  -  ResidentSetSize of job (KB)
...
006 (185.015.000) 05/05 23:42:53 Image size of job updated: 2000000
	235  -  MemoryUsage of job (MB)
	239712  -  ResidentSetSize of job (KB)
...
006 (185.015.000) 05/05 23:42:58 Image size of job updated: 2000000
	241  -  MemoryUsage of job (MB)
	246576  -  ResidentSetSize of job (KB)
...
006 (185.015.000) 05/05 23:43:03 Image size of job updated: 2000000
	273  -  MemoryUsage of job (MB)
	278784  -  ResidentSetSize of job (KB)
...
006 (185.015.000) 05/05 23:43:08 Image size of job updated: 2000000
	275  -  MemoryUsage of job (MB)
	281424  -  ResidentSetSize of job (KB)
...
006 (185.015.000) 05/05 23:43:18 Image size of job updated: 2000000
	312  -  MemoryUsage of job (MB)
	319176  -  ResidentSetSize of job (KB)
...
006 (185.015.000) 05/05 23:43:23 Image size of job updated: 2000000
	328  -  MemoryUsage of job (MB)
	335544  -  ResidentSetSize of job (KB)
...
006 (185.015.000) 05/05 23:43:28 Image size of job updated: 2000000
	378  -  MemoryUsage of job (MB)
	386232  -  ResidentSetSize of job (KB)
...
006 (185.015.000) 05/05 23:43:33 Image size of job updated: 2000000
	435  -  MemoryUsage of job (MB)
	445368  -  ResidentSetSize of job (KB)
...
006 (185.015.000) 05/05 23:43:38 Image size of job updated: 2000000
	480  -  MemoryUsage of job (MB)
	490512  -  ResidentSetSize of job (KB)
...
006 (185.015.000) 05/05 23:43:43 Image size of job updated: 2000000
	1168  -  MemoryUsage of job (MB)
	1195524  -  ResidentSetSize of job (KB)
...
006 (185.015.000) 05/05 23:58:28 Image size of job updated: 2000000
	1413  -  MemoryUsage of job (MB)
	1446324  -  ResidentSetSize of job (KB)
...
006 (185.015.000) 05/05 23:58:34 Image size of job updated: 2000000
	1577  -  MemoryUsage of job (MB)
	1613964  -  ResidentSetSize of job (KB)
...
006 (185.015.000) 05/05 23:58:40 Image size of job updated: 2000000
	1862  -  MemoryUsage of job (MB)
	1905684  -  ResidentSetSize of job (KB)
...
006 (185.015.000) 05/05 23:58:46 Image size of job updated: 2599656
	1871  -  MemoryUsage of job (MB)
	1915188  -  ResidentSetSize of job (KB)
...
006 (185.015.000) 05/05 23:58:52 Image size of job updated: 2599656
	1961  -  MemoryUsage of job (MB)
	2007060  -  ResidentSetSize of job (KB)
...
006 (185.015.000) 05/05 23:58:58 Image size of job updated: 2743272
	2036  -  MemoryUsage of job (MB)
	2084544  -  ResidentSetSize of job (KB)
...
006 (185.015.000) 05/05 23:59:04 Image size of job updated: 2765800
	2109  -  MemoryUsage of job (MB)
	2159520  -  ResidentSetSize of job (KB)
...
006 (185.015.000) 05/05 23:59:10 Image size of job updated: 2765800
	2181  -  MemoryUsage of job (MB)
	2232384  -  ResidentSetSize of job (KB)
...
006 (185.015.000) 05/05 23:59:16 Image size of job updated: 2933736
	2253  -  MemoryUsage of job (MB)
	2306832  -  ResidentSetSize of job (KB)
...
006 (185.015.000) 05/05 23:59:22 Image size of job updated: 3015656
	2324  -  MemoryUsage of job (MB)
	2379432  -  ResidentSetSize of job (KB)
...
006 (185.015.000) 05/05 23:59:28 Image size of job updated: 3117032
	2394  -  MemoryUsage of job (MB)
	2450448  -  ResidentSetSize of job (KB)
...
006 (185.015.000) 05/05 23:59:34 Image size of job updated: 3117032
	2463  -  MemoryUsage of job (MB)
	2521332  -  ResidentSetSize of job (KB)
...
006 (185.015.000) 05/05 23:59:40 Image size of job updated: 3117032
	2532  -  MemoryUsage of job (MB)
	2592612  -  ResidentSetSize of job (KB)
...
006 (185.015.000) 05/05 23:59:46 Image size of job updated: 3293160
	2601  -  MemoryUsage of job (MB)
	2662440  -  ResidentSetSize of job (KB)
...
006 (185.015.000) 05/05 23:59:53 Image size of job updated: 3293160
	2668  -  MemoryUsage of job (MB)
	2731476  -  ResidentSetSize of job (KB)
...
006 (185.015.000) 05/05 23:59:58 Image size of job updated: 3293160
	2724  -  MemoryUsage of job (MB)
	2788500  -  ResidentSetSize of job (KB)
...
006 (185.015.000) 05/06 00:00:03 Image size of job updated: 3486696
	2779  -  MemoryUsage of job (MB)
	2845524  -  ResidentSetSize of job (KB)
...
006 (185.015.000) 05/06 00:00:08 Image size of job updated: 3486696
	2829  -  MemoryUsage of job (MB)
	2896872  -  ResidentSetSize of job (KB)
...
006 (185.015.000) 05/06 00:00:13 Image size of job updated: 3486696
	2878  -  MemoryUsage of job (MB)
	2946504  -  ResidentSetSize of job (KB)
...
006 (185.015.000) 05/06 00:00:18 Image size of job updated: 3658728
	2923  -  MemoryUsage of job (MB)
	2992704  -  ResidentSetSize of job (KB)
...
006 (185.015.000) 05/06 00:00:28 Image size of job updated: 3658728
	2984  -  MemoryUsage of job (MB)
	3054876  -  ResidentSetSize of job (KB)
...
006 (185.015.000) 05/06 00:00:41 Image size of job updated: 3871720
	3129  -  MemoryUsage of job (MB)
	3203112  -  ResidentSetSize of job (KB)
...
006 (185.015.000) 05/06 00:00:51 Image size of job updated: 3911656
	3236  -  MemoryUsage of job (MB)
	3313200  -  ResidentSetSize of job (KB)
...
006 (185.015.000) 05/06 00:00:57 Image size of job updated: 4037608
	3302  -  MemoryUsage of job (MB)
	3380256  -  ResidentSetSize of job (KB)
...
006 (185.015.000) 05/06 00:01:02 Image size of job updated: 4037608
	3357  -  MemoryUsage of job (MB)
	3437148  -  ResidentSetSize of job (KB)
...
006 (185.015.000) 05/06 00:01:07 Image size of job updated: 4037608
	3409  -  MemoryUsage of job (MB)
	3490212  -  ResidentSetSize of job (KB)
...
006 (185.015.000) 05/06 00:01:12 Image size of job updated: 4175848
	3409  -  MemoryUsage of job (MB)
	3490740  -  ResidentSetSize of job (KB)
...
006 (185.015.000) 05/06 00:01:17 Image size of job updated: 4219880
	3453  -  MemoryUsage of job (MB)
	3535356  -  ResidentSetSize of job (KB)
...
006 (185.015.000) 05/06 00:01:22 Image size of job updated: 4219880
	3510  -  MemoryUsage of job (MB)
	3593568  -  ResidentSetSize of job (KB)
...
006 (185.015.000) 05/06 00:01:27 Image size of job updated: 4353000
	3563  -  MemoryUsage of job (MB)
	3648480  -  ResidentSetSize of job (KB)
...
006 (185.015.000) 05/06 00:01:33 Image size of job updated: 4401128
	3630  -  MemoryUsage of job (MB)
	3716196  -  ResidentSetSize of job (KB)
...
006 (185.015.000) 05/06 00:01:39 Image size of job updated: 4447208
	3697  -  MemoryUsage of job (MB)
	3785364  -  ResidentSetSize of job (KB)
...
006 (185.015.000) 05/06 00:01:45 Image size of job updated: 4522984
	3763  -  MemoryUsage of job (MB)
	3852816  -  ResidentSetSize of job (KB)
...
006 (185.015.000) 05/06 00:01:51 Image size of job updated: 4522984
	3831  -  MemoryUsage of job (MB)
	3922512  -  ResidentSetSize of job (KB)
...
006 (185.015.000) 05/06 00:01:59 Image size of job updated: 4686824
	3867  -  MemoryUsage of job (MB)
	3959736  -  ResidentSetSize of job (KB)
...
006 (185.015.000) 05/06 00:02:05 Image size of job updated: 4715496
	3939  -  MemoryUsage of job (MB)
	4033392  -  ResidentSetSize of job (KB)
...
006 (185.015.000) 05/06 00:02:11 Image size of job updated: 4715496
	4007  -  MemoryUsage of job (MB)
	4102692  -  ResidentSetSize of job (KB)
...
006 (185.015.000) 05/06 00:02:17 Image size of job updated: 4862952
	4054  -  MemoryUsage of job (MB)
	4150872  -  ResidentSetSize of job (KB)
...
006 (185.015.000) 05/06 00:02:23 Image size of job updated: 4897768
	4110  -  MemoryUsage of job (MB)
	4207632  -  ResidentSetSize of job (KB)
...
006 (185.015.000) 05/06 00:02:29 Image size of job updated: 4999144
	4178  -  MemoryUsage of job (MB)
	4277328  -  ResidentSetSize of job (KB)
...
006 (185.015.000) 05/06 00:02:35 Image size of job updated: 5061608
	4239  -  MemoryUsage of job (MB)
	4340556  -  ResidentSetSize of job (KB)
...
006 (185.015.000) 05/06 00:02:43 Image size of job updated: 5061608
	4249  -  MemoryUsage of job (MB)
	4350060  -  ResidentSetSize of job (KB)
...
006 (185.015.000) 05/06 00:02:47 Image size of job updated: 5121000
	4301  -  MemoryUsage of job (MB)
	4403916  -  ResidentSetSize of job (KB)
...
006 (185.015.000) 05/06 00:02:52 Image size of job updated: 5186536
	4358  -  MemoryUsage of job (MB)
	4461996  -  ResidentSetSize of job (KB)
...
006 (185.015.000) 05/06 00:02:57 Image size of job updated: 5186536
	4413  -  MemoryUsage of job (MB)
	4518624  -  ResidentSetSize of job (KB)
...
006 (185.015.000) 05/06 00:03:02 Image size of job updated: 5186536
	4441  -  MemoryUsage of job (MB)
	4546740  -  ResidentSetSize of job (KB)
...
006 (185.015.000) 05/06 00:03:31 Image size of job updated: 5320680
	4443  -  MemoryUsage of job (MB)
	4548852  -  ResidentSetSize of job (KB)
...
006 (185.015.000) 05/06 00:04:46 Image size of job updated: 5958632
	5002  -  MemoryUsage of job (MB)
	5121732  -  ResidentSetSize of job (KB)
...
006 (185.015.000) 05/06 00:05:45 Image size of job updated: 6568936
	5597  -  MemoryUsage of job (MB)
	5731044  -  ResidentSetSize of job (KB)
...
006 (185.015.000) 05/06 00:06:21 Image size of job updated: 6984680
	5889  -  MemoryUsage of job (MB)
	6030288  -  ResidentSetSize of job (KB)
...
006 (185.015.000) 05/06 00:06:43 Image size of job updated: 7158760
	6142  -  MemoryUsage of job (MB)
	6288744  -  ResidentSetSize of job (KB)
...
006 (185.015.000) 05/06 00:06:56 Image size of job updated: 7391208
	6292  -  MemoryUsage of job (MB)
	6442524  -  ResidentSetSize of job (KB)
...
006 (185.015.000) 05/06 00:07:04 Image size of job updated: 7506920
	6341  -  MemoryUsage of job (MB)
	6492420  -  ResidentSetSize of job (KB)
...
006 (185.015.000) 05/06 00:07:10 Image size of job updated: 7544808
	6350  -  MemoryUsage of job (MB)
	6501792  -  ResidentSetSize of job (KB)
...
006 (185.015.000) 05/06 00:07:16 Image size of job updated: 7544808
	6387  -  MemoryUsage of job (MB)
	6539676  -  ResidentSetSize of job (KB)
...
006 (185.015.000) 05/06 00:07:22 Image size of job updated: 7655400
	6459  -  MemoryUsage of job (MB)
	6613068  -  ResidentSetSize of job (KB)
...
006 (185.015.000) 05/06 00:07:28 Image size of job updated: 7655400
	6528  -  MemoryUsage of job (MB)
	6684480  -  ResidentSetSize of job (KB)
...
006 (185.015.000) 05/06 00:07:34 Image size of job updated: 7795688
	6600  -  MemoryUsage of job (MB)
	6758400  -  ResidentSetSize of job (KB)
...
006 (185.015.000) 05/06 00:07:40 Image size of job updated: 7836648
	6674  -  MemoryUsage of job (MB)
	6833244  -  ResidentSetSize of job (KB)
...
006 (185.015.000) 05/06 00:07:46 Image size of job updated: 7836648
	6745  -  MemoryUsage of job (MB)
	6906504  -  ResidentSetSize of job (KB)
...
006 (185.015.000) 05/06 00:07:52 Image size of job updated: 7978984
	6817  -  MemoryUsage of job (MB)
	6980160  -  ResidentSetSize of job (KB)
...
006 (185.015.000) 05/06 00:07:58 Image size of job updated: 7978984
	6886  -  MemoryUsage of job (MB)
	7050384  -  ResidentSetSize of job (KB)
...
006 (185.015.000) 05/06 00:08:04 Image size of job updated: 8157160
	6954  -  MemoryUsage of job (MB)
	7120212  -  ResidentSetSize of job (KB)
...
006 (185.015.000) 05/06 00:08:10 Image size of job updated: 8157160
	6998  -  MemoryUsage of job (MB)
	7165488  -  ResidentSetSize of job (KB)
...
006 (185.015.000) 05/06 00:08:16 Image size of job updated: 8283112
	7032  -  MemoryUsage of job (MB)
	7200072  -  ResidentSetSize of job (KB)
...
006 (185.015.000) 05/06 00:08:22 Image size of job updated: 8329192
	7086  -  MemoryUsage of job (MB)
	7255512  -  ResidentSetSize of job (KB)
...
006 (185.015.000) 05/06 00:08:34 Image size of job updated: 8383464
	7095  -  MemoryUsage of job (MB)
	7265148  -  ResidentSetSize of job (KB)
...
006 (185.015.000) 05/06 00:08:40 Image size of job updated: 8469480
	7171  -  MemoryUsage of job (MB)
	7342896  -  ResidentSetSize of job (KB)
...
006 (185.015.000) 05/06 00:08:46 Image size of job updated: 8574952
	7237  -  MemoryUsage of job (MB)
	7410348  -  ResidentSetSize of job (KB)
...
006 (185.015.000) 05/06 00:08:52 Image size of job updated: 8642536
	7307  -  MemoryUsage of job (MB)
	7482156  -  ResidentSetSize of job (KB)
...
006 (185.015.000) 05/06 00:08:58 Image size of job updated: 8737768
	7387  -  MemoryUsage of job (MB)
	7564260  -  ResidentSetSize of job (KB)
...
006 (185.015.000) 05/06 00:09:04 Image size of job updated: 8737768
	7477  -  MemoryUsage of job (MB)
	7656396  -  ResidentSetSize of job (KB)
...
006 (185.015.000) 05/06 00:09:10 Image size of job updated: 8861672
	7549  -  MemoryUsage of job (MB)
	7729656  -  ResidentSetSize of job (KB)
...
006 (185.015.000) 05/06 00:09:16 Image size of job updated: 8861672
	7621  -  MemoryUsage of job (MB)
	7803840  -  ResidentSetSize of job (KB)
...
006 (185.015.000) 05/06 00:09:29 Image size of job updated: 9052136
	7656  -  MemoryUsage of job (MB)
	7838820  -  ResidentSetSize of job (KB)
...
006 (185.015.000) 05/06 00:09:46 Image size of job updated: 9258984
	7882  -  MemoryUsage of job (MB)
	8071140  -  ResidentSetSize of job (KB)
...
006 (185.015.000) 05/06 00:10:02 Image size of job updated: 9414632
	7995  -  MemoryUsage of job (MB)
	8186508  -  ResidentSetSize of job (KB)
...
006 (185.015.000) 05/06 00:10:15 Image size of job updated: 9485288
	8232  -  MemoryUsage of job (MB)
	8429256  -  ResidentSetSize of job (KB)
...
006 (185.015.000) 05/06 00:10:24 Image size of job updated: 9579496
	8527  -  MemoryUsage of job (MB)
	8731008  -  ResidentSetSize of job (KB)
...
005 (185.015.000) 05/06 00:10:38 Job terminated.
	(0) Abnormal termination (signal 9)
	(0) No core file
		Usr 0 00:25:08, Sys 0 00:00:55  -  Run Remote Usage
		Usr 0 00:00:00, Sys 0 00:00:00  -  Run Local Usage
		Usr 0 00:25:08, Sys 0 00:00:55  -  Total Remote Usage
		Usr 0 00:00:00, Sys 0 00:00:00  -  Total Local Usage
	0  -  Run Bytes Sent By Job
	0  -  Run Bytes Received By Job
	0  -  Total Bytes Sent By Job
	0  -  Total Bytes Received By Job
	Partitionable Resources :      Usage  Request Allocated 
	   Cpus                 :       0.28        1         1 
	   Disk (KB)            : 2000000     2000000   6540465 
	   Memory (MB)          :    8527        1954      2007 
...
000 (203.002.000) 05/06 02:46:14 Job submitted from host: <127.0.0.1:9618?addrs=127.0.0.1-9618&noUDP&sock=222_da1d_4>
...
001 (203.002.000) 05/06 14:35:32 Job executing on host: <127.0.0.1:9618?addrs=127.0.0.1-9618&noUDP&sock=222_da1d_5>
...
006 (203.002.000) 05/06 14:35:40 Image size of job updated: 2000000
	31  -  MemoryUsage of job (MB)
	31548  -  ResidentSetSize of job (KB)
...
006 (203.002.000) 05/06 14:35:59 Image size of job updated: 2000000
	35  -  MemoryUsage of job (MB)
	35112  -  ResidentSetSize of job (KB)
...
006 (203.002.000) 05/06 14:36:12 Image size of job updated: 2000000
	55  -  MemoryUsage of job (MB)
	56232  -  ResidentSetSize of job (KB)
...
006 (203.002.000) 05/06 14:36:22 Image size of job updated: 2000000
	98  -  MemoryUsage of job (MB)
	99660  -  ResidentSetSize of job (KB)
...
006 (203.002.000) 05/06 14:37:23 Image size of job updated: 2000000
	183  -  MemoryUsage of job (MB)
	186648  -  ResidentSetSize of job (KB)
...
006 (203.002.000) 05/06 14:38:00 Image size of job updated: 2000000
	195  -  MemoryUsage of job (MB)
	199452  -  ResidentSetSize of job (KB)
...
006 (203.002.000) 05/06 14:38:54 Image size of job updated: 2000000
	268  -  MemoryUsage of job (MB)
	273900  -  ResidentSetSize of job (KB)
...
006 (203.002.000) 05/06 14:39:48 Image size of job updated: 2000000
	1167  -  MemoryUsage of job (MB)
	1194732  -  ResidentSetSize of job (KB)
...
006 (203.002.000) 05/06 14:53:12 Image size of job updated: 2000000
	1198  -  MemoryUsage of job (MB)
	1226412  -  ResidentSetSize of job (KB)
...
006 (203.002.000) 05/06 14:54:11 Image size of job updated: 2779116
	2039  -  MemoryUsage of job (MB)
	2086920  -  ResidentSetSize of job (KB)
...
006 (203.002.000) 05/06 14:54:48 Image size of job updated: 3064812
	2391  -  MemoryUsage of job (MB)
	2448336  -  ResidentSetSize of job (KB)
...
006 (203.002.000) 05/06 14:55:20 Image size of job updated: 3064812
	2422  -  MemoryUsage of job (MB)
	2479488  -  ResidentSetSize of job (KB)
...
006 (203.002.000) 05/06 14:55:46 Image size of job updated: 3393516
	2643  -  MemoryUsage of job (MB)
	2705736  -  ResidentSetSize of job (KB)
...
006 (203.002.000) 05/06 14:56:06 Image size of job updated: 3498988
	2831  -  MemoryUsage of job (MB)
	2898456  -  ResidentSetSize of job (KB)
...
006 (203.002.000) 05/06 14:56:21 Image size of job updated: 3772396
	2967  -  MemoryUsage of job (MB)
	3037320  -  ResidentSetSize of job (KB)
...
006 (203.002.000) 05/06 14:56:47 Image size of job updated: 3794924
	3003  -  MemoryUsage of job (MB)
	3074544  -  ResidentSetSize of job (KB)
...
006 (203.002.000) 05/06 14:58:16 Image size of job updated: 4104172
	3315  -  MemoryUsage of job (MB)
	3394116  -  ResidentSetSize of job (KB)
...
006 (203.002.000) 05/06 15:00:26 Image size of job updated: 4990956
	4077  -  MemoryUsage of job (MB)
	4173840  -  ResidentSetSize of job (KB)
...
006 (203.002.000) 05/06 15:02:03 Image size of job updated: 5563372
	4436  -  MemoryUsage of job (MB)
	4541988  -  ResidentSetSize of job (KB)
...
006 (203.002.000) 05/06 15:03:03 Image size of job updated: 6011884
	4857  -  MemoryUsage of job (MB)
	4972836  -  ResidentSetSize of job (KB)
...
006 (203.002.000) 05/06 15:03:45 Image size of job updated: 6329324
	5168  -  MemoryUsage of job (MB)
	5291484  -  ResidentSetSize of job (KB)
...
006 (203.002.000) 05/06 15:04:18 Image size of job updated: 6532076
	5325  -  MemoryUsage of job (MB)
	5452524  -  ResidentSetSize of job (KB)
...
006 (203.002.000) 05/06 15:04:40 Image size of job updated: 6653932
	5371  -  MemoryUsage of job (MB)
	5499648  -  ResidentSetSize of job (KB)
...
006 (203.002.000) 05/06 15:05:18 Image size of job updated: 6704108
	5405  -  MemoryUsage of job (MB)
	5533704  -  ResidentSetSize of job (KB)
...
006 (203.002.000) 05/06 15:05:50 Image size of job updated: 6980588
	5468  -  MemoryUsage of job (MB)
	5598252  -  ResidentSetSize of job (KB)
...
005 (203.002.000) 05/06 15:05:50 Job terminated.
	(0) Abnormal termination (signal 9)
	(0) No core file
		Usr 0 00:18:18, Sys 0 00:04:30  -  Run Remote Usage
		Usr 0 00:00:00, Sys 0 00:00:00  -  Run Local Usage
		Usr 0 00:18:18, Sys 0 00:04:30  -  Total Remote Usage
		Usr 0 00:00:00, Sys 0 00:00:00  -  Total Local Usage
	0  -  Run Bytes Sent By Job
	0  -  Run Bytes Received By Job
	0  -  Total Bytes Sent By Job
	0  -  Total Bytes Received By Job
	Partitionable Resources :      Usage  Request Allocated 
	   Cpus                 :       0.98        1         1 
	   Disk (KB)            : 2000000     2000000   6540465 
	   Memory (MB)          :    5468        1954      2007 
...
