000 (005.1995.000) 05/05 20:22:25 Job submitted from host: <127.0.0.1:9618?addrs=127.0.0.1-9618&noUDP&sock=227_4816_4>
...
001 (005.1995.000) 05/06 09:04:45 Job executing on host: <127.0.0.1:9618?addrs=127.0.0.1-9618&noUDP&sock=227_4816_5>
...
006 (005.1995.000) 05/06 09:04:50 Image size of job updated: 2000000
	101  -  MemoryUsage of job (MB)
	103092  -  ResidentSetSize of job (KB)
...
006 (005.1995.000) 05/06 09:05:15 Image size of job updated: 2000000
	123  -  MemoryUsage of job (MB)
	125268  -  ResidentSetSize of job (KB)
...
006 (005.1995.000) 05/06 09:05:20 Image size of job updated: 2000000
	184  -  MemoryUsage of job (MB)
	188100  -  ResidentSetSize of job (KB)
...
006 (005.1995.000) 05/06 09:05:25 Image size of job updated: 2000000
	185  -  MemoryUsage of job (MB)
	188496  -  ResidentSetSize of job (KB)
...
006 (005.1995.000) 05/06 09:05:30 Image size of job updated: 2000000
	189  -  MemoryUsage of job (MB)
	193248  -  ResidentSetSize of job (KB)
...
006 (005.1995.000) 05/06 09:05:35 Image size of job updated: 2000000
	200  -  MemoryUsage of job (MB)
	204336  -  ResidentSetSize of job (KB)
...
006 (005.1995.000) 05/06 09:05:40 Image size of job updated: 2000000
	211  -  MemoryUsage of job (MB)
	215424  -  ResidentSetSize of job (KB)
...
006 (005.1995.000) 05/06 09:05:45 Image size of job updated: 2000000
	220  -  MemoryUsage of job (MB)
	224532  -  ResidentSetSize of job (KB)
...
006 (005.1995.000) 05/06 09:05:50 Image size of job updated: 2000000
	230  -  MemoryUsage of job (MB)
	235356  -  ResidentSetSize of job (KB)
...
006 (005.1995.000) 05/06 09:05:55 Image size of job updated: 2000000
	239  -  MemoryUsage of job (MB)
	243804  -  ResidentSetSize of job (KB)
...
006 (005.1995.000) 05/06 09:06:00 Image size of job updated: 2000000
	252  -  MemoryUsage of job (MB)
	257928  -  ResidentSetSize of job (KB)
...
006 (005.1995.000) 05/06 09:06:05 Image size of job updated: 2000000
	294  -  MemoryUsage of job (MB)
	300300  -  ResidentSetSize of job (KB)
...
006 (005.1995.000) 05/06 09:06:10 Image size of job updated: 2000000
	323  -  MemoryUsage of job (MB)
	330660  -  ResidentSetSize of job (KB)
...
006 (005.1995.000) 05/06 09:06:15 Image size of job updated: 2000000
	329  -  MemoryUsage of job (MB)
	336204  -  ResidentSetSize of job (KB)
...
006 (005.1995.000) 05/06 09:06:20 Image size of job updated: 2000000
	398  -  MemoryUsage of job (MB)
	407220  -  ResidentSetSize of job (KB)
...
006 (005.1995.000) 05/06 09:06:25 Image size of job updated: 2000000
	451  -  MemoryUsage of job (MB)
	460812  -  ResidentSetSize of job (KB)
...
006 (005.1995.000) 05/06 09:06:30 Image size of job updated: 2000000
	1171  -  MemoryUsage of job (MB)
	1198560  -  ResidentSetSize of job (KB)
...
006 (005.1995.000) 05/06 09:21:38 Image size of job updated: 2000000
	1171  -  MemoryUsage of job (MB)
	1198692  -  ResidentSetSize of job (KB)
...
006 (005.1995.000) 05/06 09:21:44 Image size of job updated: 2000000
	1173  -  MemoryUsage of job (MB)
	1200540  -  ResidentSetSize of job (KB)
...
006 (005.1995.000) 05/06 09:21:50 Image size of job updated: 2000000
	1251  -  MemoryUsage of job (MB)
	1280268  -  ResidentSetSize of job (KB)
...
006 (005.1995.000) 05/06 09:21:56 Image size of job updated: 2201484
	1622  -  MemoryUsage of job (MB)
	1660428  -  ResidentSetSize of job (KB)
...
006 (005.1995.000) 05/06 09:22:02 Image size of job updated: 2325196
	1922  -  MemoryUsage of job (MB)
	1967988  -  ResidentSetSize of job (KB)
...
006 (005.1995.000) 05/06 09:22:08 Image size of job updated: 2561004
	1922  -  MemoryUsage of job (MB)
	1967988  -  ResidentSetSize of job (KB)
...
006 (005.1995.000) 05/06 09:22:14 Image size of job updated: 2586604
	1922  -  MemoryUsage of job (MB)
	1967988  -  ResidentSetSize of job (KB)
...
006 (005.1995.000) 05/06 09:22:20 Image size of job updated: 2586604
	1927  -  MemoryUsage of job (MB)
	1972740  -  ResidentSetSize of job (KB)
...
006 (005.1995.000) 05/06 09:22:26 Image size of job updated: 2586604
	1939  -  MemoryUsage of job (MB)
	1985148  -  ResidentSetSize of job (KB)
...
006 (005.1995.000) 05/06 09:22:32 Image size of job updated: 2618348
	1949  -  MemoryUsage of job (MB)
	1995444  -  ResidentSetSize of job (KB)
...
006 (005.1995.000) 05/06 09:22:38 Image size of job updated: 2628588
	1958  -  MemoryUsage of job (MB)
	2004816  -  ResidentSetSize of job (KB)
...
006 (005.1995.000) 05/06 09:22:44 Image size of job updated: 2638828
	1964  -  MemoryUsage of job (MB)
	2011020  -  ResidentSetSize of job (KB)
...
006 (005.1995.000) 05/06 09:22:50 Image size of job updated: 2638828
	1973  -  MemoryUsage of job (MB)
	2019864  -  ResidentSetSize of job (KB)
...
006 (005.1995.000) 05/06 09:22:56 Image size of job updated: 2638828
	1980  -  MemoryUsage of job (MB)
	2026992  -  ResidentSetSize of job (KB)
...
006 (005.1995.000) 05/06 09:23:02 Image size of job updated: 2659308
	1986  -  MemoryUsage of job (MB)
	2033592  -  ResidentSetSize of job (KB)
...
006 (005.1995.000) 05/06 09:23:08 Image size of job updated: 2659308
	1994  -  MemoryUsage of job (MB)
	2040984  -  ResidentSetSize of job (KB)
...
006 (005.1995.000) 05/06 09:23:14 Image size of job updated: 2676716
	1999  -  MemoryUsage of job (MB)
	2046792  -  ResidentSetSize of job (KB)
...
006 (005.1995.000) 05/06 09:23:20 Image size of job updated: 2676716
	2005  -  MemoryUsage of job (MB)
	2052336  -  ResidentSetSize of job (KB)
...
006 (005.1995.000) 05/06 09:23:26 Image size of job updated: 2676716
	2013  -  MemoryUsage of job (MB)
	2060388  -  ResidentSetSize of job (KB)
...
006 (005.1995.000) 05/06 09:23:32 Image size of job updated: 2694124
	2024  -  MemoryUsage of job (MB)
	2072136  -  ResidentSetSize of job (KB)
...
006 (005.1995.000) 05/06 09:23:38 Image size of job updated: 2694124
	2031  -  MemoryUsage of job (MB)
	2079264  -  ResidentSetSize of job (KB)
...
006 (005.1995.000) 05/06 09:23:44 Image size of job updated: 2694124
	2042  -  MemoryUsage of job (MB)
	2090880  -  ResidentSetSize of job (KB)
...
006 (005.1995.000) 05/06 09:23:50 Image size of job updated: 2721772
	2052  -  MemoryUsage of job (MB)
	2101044  -  ResidentSetSize of job (KB)
...
006 (005.1995.000) 05/06 09:23:56 Image size of job updated: 2721772
	2059  -  MemoryUsage of job (MB)
	2108304  -  ResidentSetSize of job (KB)
...
006 (005.1995.000) 05/06 09:24:02 Image size of job updated: 2743276
	2067  -  MemoryUsage of job (MB)
	2116092  -  ResidentSetSize of job (KB)
...
006 (005.1995.000) 05/06 09:24:08 Image size of job updated: 2754540
	2078  -  MemoryUsage of job (MB)
	2127180  -  ResidentSetSize of job (KB)
...
006 (005.1995.000) 05/06 09:24:14 Image size of job updated: 2754540
	2088  -  MemoryUsage of job (MB)
	2137476  -  ResidentSetSize of job (KB)
...
006 (005.1995.000) 05/06 09:24:20 Image size of job updated: 2768876
	2095  -  MemoryUsage of job (MB)
	2145132  -  ResidentSetSize of job (KB)
...
006 (005.1995.000) 05/06 09:24:26 Image size of job updated: 2787308
	2107  -  MemoryUsage of job (MB)
	2157012  -  ResidentSetSize of job (KB)
...
006 (005.1995.000) 05/06 09:24:32 Image size of job updated: 2793452
	2117  -  MemoryUsage of job (MB)
	2167044  -  ResidentSetSize of job (KB)
...
006 (005.1995.000) 05/06 09:24:38 Image size of job updated: 2804716
	2126  -  MemoryUsage of job (MB)
	2176152  -  ResidentSetSize of job (KB)
...
006 (005.1995.000) 05/06 09:24:44 Image size of job updated: 2811884
	2136  -  MemoryUsage of job (MB)
	2187108  -  ResidentSetSize of job (KB)
...
006 (005.1995.000) 05/06 09:24:50 Image size of job updated: 2824172
	2148  -  MemoryUsage of job (MB)
	2199252  -  ResidentSetSize of job (KB)
...
006 (005.1995.000) 05/06 09:24:56 Image size of job updated: 2824172
	2158  -  MemoryUsage of job (MB)
	2209548  -  ResidentSetSize of job (KB)
...
006 (005.1995.000) 05/06 09:25:02 Image size of job updated: 2844652
	2167  -  MemoryUsage of job (MB)
	2218260  -  ResidentSetSize of job (KB)
...
006 (005.1995.000) 05/06 09:25:08 Image size of job updated: 2844652
	2176  -  MemoryUsage of job (MB)
	2228160  -  ResidentSetSize of job (KB)
...
006 (005.1995.000) 05/06 09:25:14 Image size of job updated: 2867180
	2187  -  MemoryUsage of job (MB)
	2239248  -  ResidentSetSize of job (KB)
...
006 (005.1995.000) 05/06 09:25:20 Image size of job updated: 2878444
	2201  -  MemoryUsage of job (MB)
	2252844  -  ResidentSetSize of job (KB)
...
006 (005.1995.000) 05/06 09:25:26 Image size of job updated: 2878444
	2210  -  MemoryUsage of job (MB)
	2262084  -  ResidentSetSize of job (KB)
...
006 (005.1995.000) 05/06 09:25:32 Image size of job updated: 2899948
	2220  -  MemoryUsage of job (MB)
	2273040  -  ResidentSetSize of job (KB)
...
006 (005.1995.000) 05/06 09:25:38 Image size of job updated: 2904044
	2233  -  MemoryUsage of job (MB)
	2286240  -  ResidentSetSize of job (KB)
...
006 (005.1995.000) 05/06 09:25:44 Image size of job updated: 2918380
	2242  -  MemoryUsage of job (MB)
	2295480  -  ResidentSetSize of job (KB)
...
006 (005.1995.000) 05/06 09:25:50 Image size of job updated: 2926572
	2253  -  MemoryUsage of job (MB)
	2306436  -  ResidentSetSize of job (KB)
...
006 (005.1995.000) 05/06 09:25:56 Image size of job updated: 2926572
	2262  -  MemoryUsage of job (MB)
	2315940  -  ResidentSetSize of job (KB)
...
006 (005.1995.000) 05/06 09:26:02 Image size of job updated: 2952172
	2270  -  MemoryUsage of job (MB)
	2324388  -  ResidentSetSize of job (KB)
...
006 (005.1995.000) 05/06 09:26:08 Image size of job updated: 2952172
	2280  -  MemoryUsage of job (MB)
	2334552  -  ResidentSetSize of job (KB)
...
006 (005.1995.000) 05/06 09:26:14 Image size of job updated: 2952172
	2288  -  MemoryUsage of job (MB)
	2342340  -  ResidentSetSize of job (KB)
...
006 (005.1995.000) 05/06 09:26:20 Image size of job updated: 2976748
	2295  -  MemoryUsage of job (MB)
	2349336  -  ResidentSetSize of job (KB)
...
006 (005.1995.000) 05/06 09:26:26 Image size of job updated: 2983916
	2306  -  MemoryUsage of job (MB)
	2360424  -  ResidentSetSize of job (KB)
...
006 (005.1995.000) 05/06 09:26:32 Image size of job updated: 2998252
	2314  -  MemoryUsage of job (MB)
	2369004  -  ResidentSetSize of job (KB)
...
006 (005.1995.000) 05/06 09:26:38 Image size of job updated: 2998252
	2324  -  MemoryUsage of job (MB)
	2379168  -  ResidentSetSize of job (KB)
...
006 (005.1995.000) 05/06 09:26:44 Image size of job updated: 2998252
	2333  -  MemoryUsage of job (MB)
	2388540  -  ResidentSetSize of job (KB)
...
006 (005.1995.000) 05/06 09:26:50 Image size of job updated: 3022828
	2340  -  MemoryUsage of job (MB)
	2395932  -  ResidentSetSize of job (KB)
...
006 (005.1995.000) 05/06 09:26:56 Image size of job updated: 3022828
	2350  -  MemoryUsage of job (MB)
	2405568  -  ResidentSetSize of job (KB)
...
006 (005.1995.000) 05/06 09:27:02 Image size of job updated: 3036140
	2358  -  MemoryUsage of job (MB)
	2414412  -  ResidentSetSize of job (KB)
...
006 (005.1995.000) 05/06 09:27:07 Image size of job updated: 3050476
	2369  -  MemoryUsage of job (MB)
	2425236  -  ResidentSetSize of job (KB)
...
006 (005.1995.000) 05/06 09:27:12 Image size of job updated: 3050476
	2378  -  MemoryUsage of job (MB)
	2434872  -  ResidentSetSize of job (KB)
...
006 (005.1995.000) 05/06 09:27:17 Image size of job updated: 3065836
	2387  -  MemoryUsage of job (MB)
	2443980  -  ResidentSetSize of job (KB)
...
006 (005.1995.000) 05/06 09:27:22 Image size of job updated: 3081196
	2396  -  MemoryUsage of job (MB)
	2453220  -  ResidentSetSize of job (KB)
...
006 (005.1995.000) 05/06 09:27:27 Image size of job updated: 3084268
	2405  -  MemoryUsage of job (MB)
	2461800  -  ResidentSetSize of job (KB)
...
006 (005.1995.000) 05/06 09:27:32 Image size of job updated: 3094508
	2411  -  MemoryUsage of job (MB)
	2468136  -  ResidentSetSize of job (KB)
...
006 (005.1995.000) 05/06 09:27:37 Image size of job updated: 3102700
	2419  -  MemoryUsage of job (MB)
	2476452  -  ResidentSetSize of job (KB)
...
006 (005.1995.000) 05/06 09:27:42 Image size of job updated: 3108844
	2425  -  MemoryUsage of job (MB)
	2482920  -  ResidentSetSize of job (KB)
...
006 (005.1995.000) 05/06 09:27:47 Image size of job updated: 3116012
	2431  -  MemoryUsage of job (MB)
	2488992  -  ResidentSetSize of job (KB)
...
006 (005.1995.000) 05/06 09:27:52 Image size of job updated: 3116012
	2440  -  MemoryUsage of job (MB)
	2498100  -  ResidentSetSize of job (KB)
...
006 (005.1995.000) 05/06 09:27:57 Image size of job updated: 3127276
	2617  -  MemoryUsage of job (MB)
	2678940  -  ResidentSetSize of job (KB)
...
006 (005.1995.000) 05/06 09:28:02 Image size of job updated: 3127276
	2651  -  MemoryUsage of job (MB)
	2714580  -  ResidentSetSize of job (KB)
...
006 (005.1995.000) 05/06 09:28:04 Image size of job updated: 3340780
	2651  -  MemoryUsage of job (MB)
	2714580  -  ResidentSetSize of job (KB)
...
005 (005.1995.000) 05/06 09:28:04 Job terminated.
	(1) Normal termination (return value 0)
		Usr 0 00:22:50, Sys 0 00:00:03  -  Run Remote Usage
		Usr 0 00:00:00, Sys 0 00:00:00  -  Run Local Usage
		Usr 0 00:22:50, Sys 0 00:00:03  -  Total Remote Usage
		Usr 0 00:00:00, Sys 0 00:00:00  -  Total Local Usage
	0  -  Run Bytes Sent By Job
	0  -  Run Bytes Received By Job
	0  -  Total Bytes Sent By Job
	0  -  Total Bytes Received By Job
	Partitionable Resources :      Usage  Request Allocated 
	   Cpus                 :       1.00        1         1 
	   Disk (KB)            : 2000000     2000000   6275465 
	   Memory (MB)          :    2651        1954      2007 
...
