000 (005.1424.000) 05/05 20:22:09 Job submitted from host: <127.0.0.1:9618?addrs=127.0.0.1-9618&noUDP&sock=227_4816_4>
...
001 (005.1424.000) 05/06 05:25:44 Job executing on host: <127.0.0.1:9618?addrs=127.0.0.1-9618&noUDP&sock=227_4816_5>
...
006 (005.1424.000) 05/06 05:25:49 Image size of job updated: 2000000
	101  -  MemoryUsage of job (MB)
	102828  -  ResidentSetSize of job (KB)
...
006 (005.1424.000) 05/06 05:26:19 Image size of job updated: 2000000
	156  -  MemoryUsage of job (MB)
	159324  -  ResidentSetSize of job (KB)
...
006 (005.1424.000) 05/06 05:26:24 Image size of job updated: 2000000
	184  -  MemoryUsage of job (MB)
	187836  -  ResidentSetSize of job (KB)
...
006 (005.1424.000) 05/06 05:26:29 Image size of job updated: 2000000
	184  -  MemoryUsage of job (MB)
	188232  -  ResidentSetSize of job (KB)
...
006 (005.1424.000) 05/06 05:26:34 Image size of job updated: 2000000
	191  -  MemoryUsage of job (MB)
	194964  -  ResidentSetSize of job (KB)
...
006 (005.1424.000) 05/06 05:26:39 Image size of job updated: 2000000
	201  -  MemoryUsage of job (MB)
	204996  -  ResidentSetSize of job (KB)
...
006 (005.1424.000) 05/06 05:26:44 Image size of job updated: 2000000
	210  -  MemoryUsage of job (MB)
	215028  -  ResidentSetSize of job (KB)
...
006 (005.1424.000) 05/06 05:26:49 Image size of job updated: 2000000
	218  -  MemoryUsage of job (MB)
	222816  -  ResidentSetSize of job (KB)
...
006 (005.1424.000) 05/06 05:26:54 Image size of job updated: 2000000
	229  -  MemoryUsage of job (MB)
	234036  -  ResidentSetSize of job (KB)
...
006 (005.1424.000) 05/06 05:26:59 Image size of job updated: 2000000
	237  -  MemoryUsage of job (MB)
	241956  -  ResidentSetSize of job (KB)
...
006 (005.1424.000) 05/06 05:27:04 Image size of job updated: 2000000
	241  -  MemoryUsage of job (MB)
	246048  -  ResidentSetSize of job (KB)
...
006 (005.1424.000) 05/06 05:27:09 Image size of job updated: 2000000
	278  -  MemoryUsage of job (MB)
	284196  -  ResidentSetSize of job (KB)
...
006 (005.1424.000) 05/06 05:27:15 Image size of job updated: 2000000
	316  -  MemoryUsage of job (MB)
	323400  -  ResidentSetSize of job (KB)
...
006 (005.1424.000) 05/06 05:27:21 Image size of job updated: 2000000
	329  -  MemoryUsage of job (MB)
	336336  -  ResidentSetSize of job (KB)
...
006 (005.1424.000) 05/06 05:27:27 Image size of job updated: 2000000
	407  -  MemoryUsage of job (MB)
	416196  -  ResidentSetSize of job (KB)
...
006 (005.1424.000) 05/06 05:27:33 Image size of job updated: 2000000
	466  -  MemoryUsage of job (MB)
	476784  -  ResidentSetSize of job (KB)
...
006 (005.1424.000) 05/06 05:27:39 Image size of job updated: 2000000
	1169  -  MemoryUsage of job (MB)
	1196448  -  ResidentSetSize of job (KB)
...
006 (005.1424.000) 05/06 05:44:00 Image size of job updated: 2000000
	1171  -  MemoryUsage of job (MB)
	1198296  -  ResidentSetSize of job (KB)
...
006 (005.1424.000) 05/06 05:44:06 Image size of job updated: 2000000
	1233  -  MemoryUsage of job (MB)
	1262580  -  ResidentSetSize of job (KB)
...
006 (005.1424.000) 05/06 05:44:12 Image size of job updated: 2000000
	1569  -  MemoryUsage of job (MB)
	1606308  -  ResidentSetSize of job (KB)
...
006 (005.1424.000) 05/06 05:44:18 Image size of job updated: 2270664
	1638  -  MemoryUsage of job (MB)
	1677060  -  ResidentSetSize of job (KB)
...
006 (005.1424.000) 05/06 05:44:24 Image size of job updated: 2270664
	1885  -  MemoryUsage of job (MB)
	1929972  -  ResidentSetSize of job (KB)
...
006 (005.1424.000) 05/06 05:44:30 Image size of job updated: 2600936
	1925  -  MemoryUsage of job (MB)
	1971024  -  ResidentSetSize of job (KB)
...
006 (005.1424.000) 05/06 05:44:36 Image size of job updated: 2600936
	1942  -  MemoryUsage of job (MB)
	1987788  -  ResidentSetSize of job (KB)
...
006 (005.1424.000) 05/06 05:44:43 Image size of job updated: 2621416
	1955  -  MemoryUsage of job (MB)
	2001780  -  ResidentSetSize of job (KB)
...
006 (005.1424.000) 05/06 05:44:48 Image size of job updated: 2642920
	1966  -  MemoryUsage of job (MB)
	2013132  -  ResidentSetSize of job (KB)
...
006 (005.1424.000) 05/06 05:44:53 Image size of job updated: 2643944
	1976  -  MemoryUsage of job (MB)
	2022768  -  ResidentSetSize of job (KB)
...
006 (005.1424.000) 05/06 05:44:58 Image size of job updated: 2655208
	1990  -  MemoryUsage of job (MB)
	2037156  -  ResidentSetSize of job (KB)
...
006 (005.1424.000) 05/06 05:45:03 Image size of job updated: 2674664
	2000  -  MemoryUsage of job (MB)
	2047584  -  ResidentSetSize of job (KB)
...
006 (005.1424.000) 05/06 05:45:08 Image size of job updated: 2674664
	2012  -  MemoryUsage of job (MB)
	2059464  -  ResidentSetSize of job (KB)
...
006 (005.1424.000) 05/06 05:45:13 Image size of job updated: 2697192
	2025  -  MemoryUsage of job (MB)
	2073588  -  ResidentSetSize of job (KB)
...
006 (005.1424.000) 05/06 05:45:18 Image size of job updated: 2713576
	2038  -  MemoryUsage of job (MB)
	2086392  -  ResidentSetSize of job (KB)
...
006 (005.1424.000) 05/06 05:45:23 Image size of job updated: 2724840
	2050  -  MemoryUsage of job (MB)
	2098536  -  ResidentSetSize of job (KB)
...
006 (005.1424.000) 05/06 05:45:28 Image size of job updated: 2732008
	2059  -  MemoryUsage of job (MB)
	2107776  -  ResidentSetSize of job (KB)
...
006 (005.1424.000) 05/06 05:45:33 Image size of job updated: 2746344
	2070  -  MemoryUsage of job (MB)
	2118996  -  ResidentSetSize of job (KB)
...
006 (005.1424.000) 05/06 05:45:38 Image size of job updated: 2759656
	2083  -  MemoryUsage of job (MB)
	2132196  -  ResidentSetSize of job (KB)
...
006 (005.1424.000) 05/06 05:45:43 Image size of job updated: 2769896
	2097  -  MemoryUsage of job (MB)
	2146980  -  ResidentSetSize of job (KB)
...
006 (005.1424.000) 05/06 05:45:48 Image size of job updated: 2769896
	2110  -  MemoryUsage of job (MB)
	2160180  -  ResidentSetSize of job (KB)
...
006 (005.1424.000) 05/06 05:45:53 Image size of job updated: 2790376
	2122  -  MemoryUsage of job (MB)
	2172852  -  ResidentSetSize of job (KB)
...
006 (005.1424.000) 05/06 05:45:58 Image size of job updated: 2790376
	2132  -  MemoryUsage of job (MB)
	2182884  -  ResidentSetSize of job (KB)
...
006 (005.1424.000) 05/06 05:46:03 Image size of job updated: 2790376
	2142  -  MemoryUsage of job (MB)
	2193048  -  ResidentSetSize of job (KB)
...
006 (005.1424.000) 05/06 05:46:08 Image size of job updated: 2823144
	2153  -  MemoryUsage of job (MB)
	2203740  -  ResidentSetSize of job (KB)
...
006 (005.1424.000) 05/06 05:46:13 Image size of job updated: 2823144
	2163  -  MemoryUsage of job (MB)
	2214036  -  ResidentSetSize of job (KB)
...
006 (005.1424.000) 05/06 05:46:18 Image size of job updated: 2853864
	2173  -  MemoryUsage of job (MB)
	2224332  -  ResidentSetSize of job (KB)
...
006 (005.1424.000) 05/06 05:46:23 Image size of job updated: 2853864
	2184  -  MemoryUsage of job (MB)
	2235420  -  ResidentSetSize of job (KB)
...
006 (005.1424.000) 05/06 05:46:28 Image size of job updated: 2871272
	2193  -  MemoryUsage of job (MB)
	2245584  -  ResidentSetSize of job (KB)
...
006 (005.1424.000) 05/06 05:46:33 Image size of job updated: 2882536
	2201  -  MemoryUsage of job (MB)
	2253240  -  ResidentSetSize of job (KB)
...
006 (005.1424.000) 05/06 05:46:38 Image size of job updated: 2884584
	2210  -  MemoryUsage of job (MB)
	2263008  -  ResidentSetSize of job (KB)
...
006 (005.1424.000) 05/06 05:46:43 Image size of job updated: 2884584
	2221  -  MemoryUsage of job (MB)
	2273304  -  ResidentSetSize of job (KB)
...
006 (005.1424.000) 05/06 05:46:48 Image size of job updated: 2914280
	2232  -  MemoryUsage of job (MB)
	2285052  -  ResidentSetSize of job (KB)
...
006 (005.1424.000) 05/06 05:46:53 Image size of job updated: 2917352
	2241  -  MemoryUsage of job (MB)
	2293764  -  ResidentSetSize of job (KB)
...
006 (005.1424.000) 05/06 05:46:58 Image size of job updated: 2927592
	2252  -  MemoryUsage of job (MB)
	2305248  -  ResidentSetSize of job (KB)
...
006 (005.1424.000) 05/06 05:47:03 Image size of job updated: 2927592
	2261  -  MemoryUsage of job (MB)
	2315148  -  ResidentSetSize of job (KB)
...
006 (005.1424.000) 05/06 05:47:08 Image size of job updated: 2946024
	2273  -  MemoryUsage of job (MB)
	2326632  -  ResidentSetSize of job (KB)
...
006 (005.1424.000) 05/06 05:47:13 Image size of job updated: 2961384
	2283  -  MemoryUsage of job (MB)
	2337720  -  ResidentSetSize of job (KB)
...
006 (005.1424.000) 05/06 05:47:18 Image size of job updated: 2972648
	2292  -  MemoryUsage of job (MB)
	2346564  -  ResidentSetSize of job (KB)
...
006 (005.1424.000) 05/06 05:47:23 Image size of job updated: 2977768
	2304  -  MemoryUsage of job (MB)
	2358840  -  ResidentSetSize of job (KB)
...
006 (005.1424.000) 05/06 05:47:28 Image size of job updated: 2977768
	2312  -  MemoryUsage of job (MB)
	2367024  -  ResidentSetSize of job (KB)
...
006 (005.1424.000) 05/06 05:47:33 Image size of job updated: 2977768
	2323  -  MemoryUsage of job (MB)
	2377848  -  ResidentSetSize of job (KB)
...
006 (005.1424.000) 05/06 05:47:38 Image size of job updated: 3009512
	2333  -  MemoryUsage of job (MB)
	2388012  -  ResidentSetSize of job (KB)
...
006 (005.1424.000) 05/06 05:47:43 Image size of job updated: 3009512
	2344  -  MemoryUsage of job (MB)
	2399364  -  ResidentSetSize of job (KB)
...
006 (005.1424.000) 05/06 05:47:48 Image size of job updated: 3009512
	2354  -  MemoryUsage of job (MB)
	2410188  -  ResidentSetSize of job (KB)
...
006 (005.1424.000) 05/06 05:47:53 Image size of job updated: 3051496
	2367  -  MemoryUsage of job (MB)
	2422860  -  ResidentSetSize of job (KB)
...
006 (005.1424.000) 05/06 05:47:58 Image size of job updated: 3062760
	2376  -  MemoryUsage of job (MB)
	2433024  -  ResidentSetSize of job (KB)
...
006 (005.1424.000) 05/06 05:48:03 Image size of job updated: 3071976
	2387  -  MemoryUsage of job (MB)
	2443584  -  ResidentSetSize of job (KB)
...
006 (005.1424.000) 05/06 05:48:08 Image size of job updated: 3076072
	2401  -  MemoryUsage of job (MB)
	2457840  -  ResidentSetSize of job (KB)
...
006 (005.1424.000) 05/06 05:48:13 Image size of job updated: 3087336
	2415  -  MemoryUsage of job (MB)
	2472360  -  ResidentSetSize of job (KB)
...
006 (005.1424.000) 05/06 05:48:18 Image size of job updated: 3103720
	2428  -  MemoryUsage of job (MB)
	2485560  -  ResidentSetSize of job (KB)
...
006 (005.1424.000) 05/06 05:48:23 Image size of job updated: 3123176
	2440  -  MemoryUsage of job (MB)
	2497836  -  ResidentSetSize of job (KB)
...
006 (005.1424.000) 05/06 05:48:28 Image size of job updated: 3123176
	2453  -  MemoryUsage of job (MB)
	2511696  -  ResidentSetSize of job (KB)
...
006 (005.1424.000) 05/06 05:48:33 Image size of job updated: 3141608
	2465  -  MemoryUsage of job (MB)
	2523576  -  ResidentSetSize of job (KB)
...
006 (005.1424.000) 05/06 05:48:38 Image size of job updated: 3160040
	2475  -  MemoryUsage of job (MB)
	2534004  -  ResidentSetSize of job (KB)
...
006 (005.1424.000) 05/06 05:48:43 Image size of job updated: 3160040
	2486  -  MemoryUsage of job (MB)
	2544960  -  ResidentSetSize of job (KB)
...
006 (005.1424.000) 05/06 05:48:48 Image size of job updated: 3160040
	2497  -  MemoryUsage of job (MB)
	2555916  -  ResidentSetSize of job (KB)
...
006 (005.1424.000) 05/06 05:48:53 Image size of job updated: 3192808
	2507  -  MemoryUsage of job (MB)
	2566740  -  ResidentSetSize of job (KB)
...
006 (005.1424.000) 05/06 05:48:58 Image size of job updated: 3192808
	2517  -  MemoryUsage of job (MB)
	2577168  -  ResidentSetSize of job (KB)
...
006 (005.1424.000) 05/06 05:49:03 Image size of job updated: 3192808
	2530  -  MemoryUsage of job (MB)
	2589840  -  ResidentSetSize of job (KB)
...
006 (005.1424.000) 05/06 05:49:08 Image size of job updated: 3225576
	2539  -  MemoryUsage of job (MB)
	2599080  -  ResidentSetSize of job (KB)
...
006 (005.1424.000) 05/06 05:49:13 Image size of job updated: 3225576
	2549  -  MemoryUsage of job (MB)
	2609376  -  ResidentSetSize of job (KB)
...
006 (005.1424.000) 05/06 05:49:18 Image size of job updated: 3225576
	2559  -  MemoryUsage of job (MB)
	2619408  -  ResidentSetSize of job (KB)
...
006 (005.1424.000) 05/06 05:49:23 Image size of job updated: 3257320
	2571  -  MemoryUsage of job (MB)
	2632212  -  ResidentSetSize of job (KB)
...
006 (005.1424.000) 05/06 05:49:28 Image size of job updated: 3257320
	2581  -  MemoryUsage of job (MB)
	2642508  -  ResidentSetSize of job (KB)
...
006 (005.1424.000) 05/06 05:49:33 Image size of job updated: 3257320
	2591  -  MemoryUsage of job (MB)
	2652540  -  ResidentSetSize of job (KB)
...
006 (005.1424.000) 05/06 05:49:38 Image size of job updated: 3291112
	2601  -  MemoryUsage of job (MB)
	2662836  -  ResidentSetSize of job (KB)
...
006 (005.1424.000) 05/06 05:49:43 Image size of job updated: 3291112
	2612  -  MemoryUsage of job (MB)
	2674320  -  ResidentSetSize of job (KB)
...
006 (005.1424.000) 05/06 05:49:48 Image size of job updated: 3308520
	2622  -  MemoryUsage of job (MB)
	2684220  -  ResidentSetSize of job (KB)
...
006 (005.1424.000) 05/06 05:49:53 Image size of job updated: 3322856
	2633  -  MemoryUsage of job (MB)
	2696100  -  ResidentSetSize of job (KB)
...
006 (005.1424.000) 05/06 05:49:58 Image size of job updated: 3326952
	2642  -  MemoryUsage of job (MB)
	2705208  -  ResidentSetSize of job (KB)
...
006 (005.1424.000) 05/06 05:50:03 Image size of job updated: 3343336
	2652  -  MemoryUsage of job (MB)
	2715372  -  ResidentSetSize of job (KB)
...
006 (005.1424.000) 05/06 05:50:08 Image size of job updated: 3343336
	2662  -  MemoryUsage of job (MB)
	2725536  -  ResidentSetSize of job (KB)
...
006 (005.1424.000) 05/06 05:50:13 Image size of job updated: 3360744
	2673  -  MemoryUsage of job (MB)
	2736228  -  ResidentSetSize of job (KB)
...
006 (005.1424.000) 05/06 05:50:19 Image size of job updated: 3360744
	2685  -  MemoryUsage of job (MB)
	2749032  -  ResidentSetSize of job (KB)
...
006 (005.1424.000) 05/06 05:50:25 Image size of job updated: 3387368
	2696  -  MemoryUsage of job (MB)
	2759988  -  ResidentSetSize of job (KB)
...
006 (005.1424.000) 05/06 05:50:31 Image size of job updated: 3398632
	2707  -  MemoryUsage of job (MB)
	2771208  -  ResidentSetSize of job (KB)
...
006 (005.1424.000) 05/06 05:50:37 Image size of job updated: 3409896
	2720  -  MemoryUsage of job (MB)
	2784540  -  ResidentSetSize of job (KB)
...
006 (005.1424.000) 05/06 05:50:43 Image size of job updated: 3422184
	2732  -  MemoryUsage of job (MB)
	2796552  -  ResidentSetSize of job (KB)
...
006 (005.1424.000) 05/06 05:50:49 Image size of job updated: 3422184
	2743  -  MemoryUsage of job (MB)
	2808696  -  ResidentSetSize of job (KB)
...
006 (005.1424.000) 05/06 05:50:55 Image size of job updated: 3446760
	2756  -  MemoryUsage of job (MB)
	2821632  -  ResidentSetSize of job (KB)
...
006 (005.1424.000) 05/06 05:51:01 Image size of job updated: 3600360
	2963  -  MemoryUsage of job (MB)
	3034020  -  ResidentSetSize of job (KB)
...
005 (005.1424.000) 05/06 05:51:06 Job terminated.
	(1) Normal termination (return value 0)
		Usr 0 00:24:50, Sys 0 00:00:03  -  Run Remote Usage
		Usr 0 00:00:00, Sys 0 00:00:00  -  Run Local Usage
		Usr 0 00:24:50, Sys 0 00:00:03  -  Total Remote Usage
		Usr 0 00:00:00, Sys 0 00:00:00  -  Total Local Usage
	0  -  Run Bytes Sent By Job
	0  -  Run Bytes Received By Job
	0  -  Total Bytes Sent By Job
	0  -  Total Bytes Received By Job
	Partitionable Resources :      Usage  Request Allocated 
	   Cpus                 :       1.00        1         1 
	   Disk (KB)            : 2000000     2000000   6275465 
	   Memory (MB)          :    2963        1954      2007 
...
