000 (016.1002.000) 05/10 03:37:43 Job submitted from host: <127.0.0.1:9618?addrs=127.0.0.1-9618&noUDP&sock=212_fe2a_4>
...
001 (016.1002.000) 05/10 09:16:09 Job executing on host: <127.0.0.1:9618?addrs=127.0.0.1-9618&noUDP&sock=212_fe2a_5>
...
006 (016.1002.000) 05/10 09:16:14 Image size of job updated: 2000000
	101  -  MemoryUsage of job (MB)
	103092  -  ResidentSetSize of job (KB)
...
006 (016.1002.000) 05/10 09:16:44 Image size of job updated: 2000000
	145  -  MemoryUsage of job (MB)
	147708  -  ResidentSetSize of job (KB)
...
006 (016.1002.000) 05/10 09:16:49 Image size of job updated: 2000000
	184  -  MemoryUsage of job (MB)
	188100  -  ResidentSetSize of job (KB)
...
006 (016.1002.000) 05/10 09:16:54 Image size of job updated: 2000000
	185  -  MemoryUsage of job (MB)
	188496  -  ResidentSetSize of job (KB)
...
006 (016.1002.000) 05/10 09:16:59 Image size of job updated: 2000000
	193  -  MemoryUsage of job (MB)
	197340  -  ResidentSetSize of job (KB)
...
006 (016.1002.000) 05/10 09:17:04 Image size of job updated: 2000000
	204  -  MemoryUsage of job (MB)
	208692  -  ResidentSetSize of job (KB)
...
006 (016.1002.000) 05/10 09:17:09 Image size of job updated: 2000000
	214  -  MemoryUsage of job (MB)
	218196  -  ResidentSetSize of job (KB)
...
006 (016.1002.000) 05/10 09:17:14 Image size of job updated: 2000000
	224  -  MemoryUsage of job (MB)
	229284  -  ResidentSetSize of job (KB)
...
006 (016.1002.000) 05/10 09:17:19 Image size of job updated: 2000000
	233  -  MemoryUsage of job (MB)
	238392  -  ResidentSetSize of job (KB)
...
006 (016.1002.000) 05/10 09:17:24 Image size of job updated: 2000000
	240  -  MemoryUsage of job (MB)
	245256  -  ResidentSetSize of job (KB)
...
006 (016.1002.000) 05/10 09:17:29 Image size of job updated: 2000000
	266  -  MemoryUsage of job (MB)
	272316  -  ResidentSetSize of job (KB)
...
006 (016.1002.000) 05/10 09:17:34 Image size of job updated: 2000000
	299  -  MemoryUsage of job (MB)
	305580  -  ResidentSetSize of job (KB)
...
006 (016.1002.000) 05/10 09:17:39 Image size of job updated: 2000000
	329  -  MemoryUsage of job (MB)
	336204  -  ResidentSetSize of job (KB)
...
006 (016.1002.000) 05/10 09:17:44 Image size of job updated: 2000000
	362  -  MemoryUsage of job (MB)
	370128  -  ResidentSetSize of job (KB)
...
006 (016.1002.000) 05/10 09:17:49 Image size of job updated: 2000000
	439  -  MemoryUsage of job (MB)
	449064  -  ResidentSetSize of job (KB)
...
006 (016.1002.000) 05/10 09:17:54 Image size of job updated: 2000000
	1169  -  MemoryUsage of job (MB)
	1196184  -  ResidentSetSize of job (KB)
...
006 (016.1002.000) 05/10 09:30:44 Image size of job updated: 2000000
	1171  -  MemoryUsage of job (MB)
	1198164  -  ResidentSetSize of job (KB)
...
006 (016.1002.000) 05/10 09:30:49 Image size of job updated: 2000000
	1193  -  MemoryUsage of job (MB)
	1221528  -  ResidentSetSize of job (KB)
...
006 (016.1002.000) 05/10 09:30:54 Image size of job updated: 2000000
	1249  -  MemoryUsage of job (MB)
	1278288  -  ResidentSetSize of job (KB)
...
006 (016.1002.000) 05/10 09:30:59 Image size of job updated: 2217712
	1620  -  MemoryUsage of job (MB)
	1658052  -  ResidentSetSize of job (KB)
...
006 (016.1002.000) 05/10 09:31:04 Image size of job updated: 2317000
	1690  -  MemoryUsage of job (MB)
	1730124  -  ResidentSetSize of job (KB)
...
006 (016.1002.000) 05/10 09:31:09 Image size of job updated: 2317000
	1885  -  MemoryUsage of job (MB)
	1929576  -  ResidentSetSize of job (KB)
...
006 (016.1002.000) 05/10 09:31:14 Image size of job updated: 2561000
	1885  -  MemoryUsage of job (MB)
	1929576  -  ResidentSetSize of job (KB)
...
006 (016.1002.000) 05/10 09:31:19 Image size of job updated: 2561000
	1886  -  MemoryUsage of job (MB)
	1930632  -  ResidentSetSize of job (KB)
...
006 (016.1002.000) 05/10 09:31:24 Image size of job updated: 2561000
	1896  -  MemoryUsage of job (MB)
	1941456  -  ResidentSetSize of job (KB)
...
006 (016.1002.000) 05/10 09:31:29 Image size of job updated: 2575336
	1902  -  MemoryUsage of job (MB)
	1947396  -  ResidentSetSize of job (KB)
...
006 (016.1002.000) 05/10 09:31:34 Image size of job updated: 2575336
	1907  -  MemoryUsage of job (MB)
	1952676  -  ResidentSetSize of job (KB)
...
006 (016.1002.000) 05/10 09:31:39 Image size of job updated: 2587624
	1912  -  MemoryUsage of job (MB)
	1957560  -  ResidentSetSize of job (KB)
...
006 (016.1002.000) 05/10 09:31:44 Image size of job updated: 2592744
	1917  -  MemoryUsage of job (MB)
	1962576  -  ResidentSetSize of job (KB)
...
006 (016.1002.000) 05/10 09:31:49 Image size of job updated: 2595816
	1921  -  MemoryUsage of job (MB)
	1966668  -  ResidentSetSize of job (KB)
...
006 (016.1002.000) 05/10 09:31:54 Image size of job updated: 2595816
	1925  -  MemoryUsage of job (MB)
	1970628  -  ResidentSetSize of job (KB)
...
006 (016.1002.000) 05/10 09:31:59 Image size of job updated: 2602984
	1927  -  MemoryUsage of job (MB)
	1972740  -  ResidentSetSize of job (KB)
...
006 (016.1002.000) 05/10 09:32:04 Image size of job updated: 2602984
	1932  -  MemoryUsage of job (MB)
	1977888  -  ResidentSetSize of job (KB)
...
006 (016.1002.000) 05/10 09:32:09 Image size of job updated: 2611176
	1937  -  MemoryUsage of job (MB)
	1982508  -  ResidentSetSize of job (KB)
...
006 (016.1002.000) 05/10 09:32:14 Image size of job updated: 2616296
	1940  -  MemoryUsage of job (MB)
	1985940  -  ResidentSetSize of job (KB)
...
006 (016.1002.000) 05/10 09:32:19 Image size of job updated: 2619368
	1946  -  MemoryUsage of job (MB)
	1991748  -  ResidentSetSize of job (KB)
...
006 (016.1002.000) 05/10 09:32:24 Image size of job updated: 2619368
	1951  -  MemoryUsage of job (MB)
	1996896  -  ResidentSetSize of job (KB)
...
006 (016.1002.000) 05/10 09:32:29 Image size of job updated: 2633704
	1956  -  MemoryUsage of job (MB)
	2002704  -  ResidentSetSize of job (KB)
...
006 (016.1002.000) 05/10 09:32:34 Image size of job updated: 2633704
	1961  -  MemoryUsage of job (MB)
	2007192  -  ResidentSetSize of job (KB)
...
006 (016.1002.000) 05/10 09:32:39 Image size of job updated: 2633704
	1966  -  MemoryUsage of job (MB)
	2012340  -  ResidentSetSize of job (KB)
...
006 (016.1002.000) 05/10 09:32:44 Image size of job updated: 2644968
	1969  -  MemoryUsage of job (MB)
	2015772  -  ResidentSetSize of job (KB)
...
006 (016.1002.000) 05/10 09:32:49 Image size of job updated: 2648040
	1973  -  MemoryUsage of job (MB)
	2019732  -  ResidentSetSize of job (KB)
...
006 (016.1002.000) 05/10 09:32:54 Image size of job updated: 2651112
	1977  -  MemoryUsage of job (MB)
	2023428  -  ResidentSetSize of job (KB)
...
006 (016.1002.000) 05/10 09:32:59 Image size of job updated: 2651112
	1982  -  MemoryUsage of job (MB)
	2029368  -  ResidentSetSize of job (KB)
...
006 (016.1002.000) 05/10 09:33:04 Image size of job updated: 2661352
	1986  -  MemoryUsage of job (MB)
	2033064  -  ResidentSetSize of job (KB)
...
006 (016.1002.000) 05/10 09:33:09 Image size of job updated: 2661352
	1991  -  MemoryUsage of job (MB)
	2038344  -  ResidentSetSize of job (KB)
...
006 (016.1002.000) 05/10 09:33:14 Image size of job updated: 2661352
	1995  -  MemoryUsage of job (MB)
	2042700  -  ResidentSetSize of job (KB)
...
006 (016.1002.000) 05/10 09:33:20 Image size of job updated: 2676712
	2001  -  MemoryUsage of job (MB)
	2048640  -  ResidentSetSize of job (KB)
...
006 (016.1002.000) 05/10 09:33:26 Image size of job updated: 2676712
	2006  -  MemoryUsage of job (MB)
	2053524  -  ResidentSetSize of job (KB)
...
006 (016.1002.000) 05/10 09:33:32 Image size of job updated: 2691048
	2012  -  MemoryUsage of job (MB)
	2060256  -  ResidentSetSize of job (KB)
...
006 (016.1002.000) 05/10 09:33:38 Image size of job updated: 2695144
	2017  -  MemoryUsage of job (MB)
	2064876  -  ResidentSetSize of job (KB)
...
006 (016.1002.000) 05/10 09:33:44 Image size of job updated: 2697192
	2022  -  MemoryUsage of job (MB)
	2070156  -  ResidentSetSize of job (KB)
...
006 (016.1002.000) 05/10 09:33:50 Image size of job updated: 2704360
	2027  -  MemoryUsage of job (MB)
	2074908  -  ResidentSetSize of job (KB)
...
006 (016.1002.000) 05/10 09:33:56 Image size of job updated: 2704360
	2034  -  MemoryUsage of job (MB)
	2082300  -  ResidentSetSize of job (KB)
...
006 (016.1002.000) 05/10 09:34:02 Image size of job updated: 2716648
	2038  -  MemoryUsage of job (MB)
	2086128  -  ResidentSetSize of job (KB)
...
006 (016.1002.000) 05/10 09:34:08 Image size of job updated: 2716648
	2043  -  MemoryUsage of job (MB)
	2091936  -  ResidentSetSize of job (KB)
...
006 (016.1002.000) 05/10 09:34:14 Image size of job updated: 2716648
	2048  -  MemoryUsage of job (MB)
	2097084  -  ResidentSetSize of job (KB)
...
006 (016.1002.000) 05/10 09:34:20 Image size of job updated: 2730984
	2054  -  MemoryUsage of job (MB)
	2102364  -  ResidentSetSize of job (KB)
...
006 (016.1002.000) 05/10 09:34:26 Image size of job updated: 2730984
	2060  -  MemoryUsage of job (MB)
	2108964  -  ResidentSetSize of job (KB)
...
006 (016.1002.000) 05/10 09:34:32 Image size of job updated: 2745320
	2065  -  MemoryUsage of job (MB)
	2114376  -  ResidentSetSize of job (KB)
...
006 (016.1002.000) 05/10 09:34:38 Image size of job updated: 2745320
	2070  -  MemoryUsage of job (MB)
	2119128  -  ResidentSetSize of job (KB)
...
006 (016.1002.000) 05/10 09:34:44 Image size of job updated: 2745320
	2076  -  MemoryUsage of job (MB)
	2125200  -  ResidentSetSize of job (KB)
...
006 (016.1002.000) 05/10 09:34:50 Image size of job updated: 2757608
	2080  -  MemoryUsage of job (MB)
	2129424  -  ResidentSetSize of job (KB)
...
006 (016.1002.000) 05/10 09:34:56 Image size of job updated: 2764776
	2086  -  MemoryUsage of job (MB)
	2135496  -  ResidentSetSize of job (KB)
...
006 (016.1002.000) 05/10 09:35:02 Image size of job updated: 2767848
	2090  -  MemoryUsage of job (MB)
	2139192  -  ResidentSetSize of job (KB)
...
006 (016.1002.000) 05/10 09:35:08 Image size of job updated: 2770920
	2096  -  MemoryUsage of job (MB)
	2145528  -  ResidentSetSize of job (KB)
...
006 (016.1002.000) 05/10 09:35:14 Image size of job updated: 2770920
	2101  -  MemoryUsage of job (MB)
	2151336  -  ResidentSetSize of job (KB)
...
006 (016.1002.000) 05/10 09:35:20 Image size of job updated: 2784232
	2106  -  MemoryUsage of job (MB)
	2156088  -  ResidentSetSize of job (KB)
...
006 (016.1002.000) 05/10 09:35:26 Image size of job updated: 2784232
	2112  -  MemoryUsage of job (MB)
	2161764  -  ResidentSetSize of job (KB)
...
006 (016.1002.000) 05/10 09:35:32 Image size of job updated: 2784232
	2117  -  MemoryUsage of job (MB)
	2166912  -  ResidentSetSize of job (KB)
...
006 (016.1002.000) 05/10 09:35:38 Image size of job updated: 2797544
	2120  -  MemoryUsage of job (MB)
	2170476  -  ResidentSetSize of job (KB)
...
006 (016.1002.000) 05/10 09:35:44 Image size of job updated: 2797544
	2126  -  MemoryUsage of job (MB)
	2176680  -  ResidentSetSize of job (KB)
...
006 (016.1002.000) 05/10 09:35:50 Image size of job updated: 2953192
	2328  -  MemoryUsage of job (MB)
	2382996  -  ResidentSetSize of job (KB)
...
006 (016.1002.000) 05/10 09:35:56 Image size of job updated: 3020776
	2328  -  MemoryUsage of job (MB)
	2382996  -  ResidentSetSize of job (KB)
...
005 (016.1002.000) 05/10 09:35:56 Job terminated.
	(1) Normal termination (return value 0)
		Usr 0 00:19:16, Sys 0 00:00:02  -  Run Remote Usage
		Usr 0 00:00:00, Sys 0 00:00:00  -  Run Local Usage
		Usr 0 00:19:16, Sys 0 00:00:02  -  Total Remote Usage
		Usr 0 00:00:00, Sys 0 00:00:00  -  Total Local Usage
	0  -  Run Bytes Sent By Job
	0  -  Run Bytes Received By Job
	0  -  Total Bytes Sent By Job
	0  -  Total Bytes Received By Job
	Partitionable Resources :      Usage  Request Allocated 
	   Cpus                 :       0.99        1         1 
	   Disk (KB)            : 2000000     2000000   6232219 
	   Memory (MB)          :    2328        1954      2007 
...
