000 (005.10316.000) 05/05 20:26:19 Job submitted from host: <127.0.0.1:9618?addrs=127.0.0.1-9618&noUDP&sock=227_4816_4>
...
033 (005.10316.000) 05/06 14:18:21 Changing job attribute JobPrio from 0 to -10
...
009 (005.10316.000) 05/07 21:45:50 Job was aborted by the user.
	via condor_rm (by user aw868)
...
000 (011.3265.000) 05/08 17:21:45 Job submitted from host: <127.0.0.1:9618?addrs=127.0.0.1-9618&noUDP&sock=212_fe2a_4>
...
033 (011.3265.000) 05/08 20:42:05 Changing job attribute JobPrio from 0 to -5
...
001 (011.3265.000) 05/09 15:39:25 Job executing on host: <127.0.0.1:9618?addrs=127.0.0.1-9618&noUDP&sock=212_fe2a_5>
...
006 (011.3265.000) 05/09 15:39:31 Image size of job updated: 2000000
	101  -  MemoryUsage of job (MB)
	103092  -  ResidentSetSize of job (KB)
...
006 (011.3265.000) 05/09 15:39:55 Image size of job updated: 2000000
	116  -  MemoryUsage of job (MB)
	118668  -  ResidentSetSize of job (KB)
...
006 (011.3265.000) 05/09 15:40:01 Image size of job updated: 2000000
	184  -  MemoryUsage of job (MB)
	188100  -  ResidentSetSize of job (KB)
...
006 (011.3265.000) 05/09 15:40:07 Image size of job updated: 2000000
	184  -  MemoryUsage of job (MB)
	188364  -  ResidentSetSize of job (KB)
...
006 (011.3265.000) 05/09 15:40:13 Image size of job updated: 2000000
	193  -  MemoryUsage of job (MB)
	197340  -  ResidentSetSize of job (KB)
...
006 (011.3265.000) 05/09 15:40:19 Image size of job updated: 2000000
	207  -  MemoryUsage of job (MB)
	211068  -  ResidentSetSize of job (KB)
...
006 (011.3265.000) 05/09 15:40:25 Image size of job updated: 2000000
	218  -  MemoryUsage of job (MB)
	222684  -  ResidentSetSize of job (KB)
...
006 (011.3265.000) 05/09 15:40:31 Image size of job updated: 2000000
	231  -  MemoryUsage of job (MB)
	235752  -  ResidentSetSize of job (KB)
...
006 (011.3265.000) 05/09 15:40:37 Image size of job updated: 2000000
	240  -  MemoryUsage of job (MB)
	245388  -  ResidentSetSize of job (KB)
...
006 (011.3265.000) 05/09 15:40:43 Image size of job updated: 2000000
	275  -  MemoryUsage of job (MB)
	281028  -  ResidentSetSize of job (KB)
...
006 (011.3265.000) 05/09 15:40:49 Image size of job updated: 2000000
	313  -  MemoryUsage of job (MB)
	319572  -  ResidentSetSize of job (KB)
...
006 (011.3265.000) 05/09 15:40:55 Image size of job updated: 2000000
	329  -  MemoryUsage of job (MB)
	336336  -  ResidentSetSize of job (KB)
...
006 (011.3265.000) 05/09 15:41:01 Image size of job updated: 2000000
	408  -  MemoryUsage of job (MB)
	417252  -  ResidentSetSize of job (KB)
...
006 (011.3265.000) 05/09 15:41:07 Image size of job updated: 2000000
	469  -  MemoryUsage of job (MB)
	479688  -  ResidentSetSize of job (KB)
...
006 (011.3265.000) 05/09 15:41:13 Image size of job updated: 2000000
	1171  -  MemoryUsage of job (MB)
	1198560  -  ResidentSetSize of job (KB)
...
006 (011.3265.000) 05/09 15:55:16 Image size of job updated: 2000000
	1172  -  MemoryUsage of job (MB)
	1199616  -  ResidentSetSize of job (KB)
...
006 (011.3265.000) 05/09 15:55:21 Image size of job updated: 2000000
	1173  -  MemoryUsage of job (MB)
	1200540  -  ResidentSetSize of job (KB)
...
006 (011.3265.000) 05/09 15:55:26 Image size of job updated: 2000000
	1251  -  MemoryUsage of job (MB)
	1280004  -  ResidentSetSize of job (KB)
...
006 (011.3265.000) 05/09 15:55:31 Image size of job updated: 2000000
	1622  -  MemoryUsage of job (MB)
	1660296  -  ResidentSetSize of job (KB)
...
006 (011.3265.000) 05/09 15:55:36 Image size of job updated: 2284244
	1637  -  MemoryUsage of job (MB)
	1676268  -  ResidentSetSize of job (KB)
...
006 (011.3265.000) 05/09 15:55:41 Image size of job updated: 2561508
	1885  -  MemoryUsage of job (MB)
	1929972  -  ResidentSetSize of job (KB)
...
006 (011.3265.000) 05/09 15:55:46 Image size of job updated: 2561508
	1954  -  MemoryUsage of job (MB)
	2000196  -  ResidentSetSize of job (KB)
...
006 (011.3265.000) 05/09 15:55:51 Image size of job updated: 2561508
	1987  -  MemoryUsage of job (MB)
	2034120  -  ResidentSetSize of job (KB)
...
006 (011.3265.000) 05/09 15:55:56 Image size of job updated: 2676196
	2017  -  MemoryUsage of job (MB)
	2065140  -  ResidentSetSize of job (KB)
...
006 (011.3265.000) 05/09 15:56:01 Image size of job updated: 2676196
	2043  -  MemoryUsage of job (MB)
	2091804  -  ResidentSetSize of job (KB)
...
006 (011.3265.000) 05/09 15:56:06 Image size of job updated: 2676196
	2068  -  MemoryUsage of job (MB)
	2117412  -  ResidentSetSize of job (KB)
...
006 (011.3265.000) 05/09 15:56:11 Image size of job updated: 2763236
	2094  -  MemoryUsage of job (MB)
	2144208  -  ResidentSetSize of job (KB)
...
006 (011.3265.000) 05/09 15:56:16 Image size of job updated: 2763236
	2120  -  MemoryUsage of job (MB)
	2170872  -  ResidentSetSize of job (KB)
...
006 (011.3265.000) 05/09 15:56:21 Image size of job updated: 2826724
	2148  -  MemoryUsage of job (MB)
	2199384  -  ResidentSetSize of job (KB)
...
006 (011.3265.000) 05/09 15:56:26 Image size of job updated: 2856420
	2176  -  MemoryUsage of job (MB)
	2228028  -  ResidentSetSize of job (KB)
...
006 (011.3265.000) 05/09 15:56:31 Image size of job updated: 2856420
	2203  -  MemoryUsage of job (MB)
	2254956  -  ResidentSetSize of job (KB)
...
006 (011.3265.000) 05/09 15:56:36 Image size of job updated: 2856420
	2231  -  MemoryUsage of job (MB)
	2283864  -  ResidentSetSize of job (KB)
...
006 (011.3265.000) 05/09 15:56:41 Image size of job updated: 2940388
	2257  -  MemoryUsage of job (MB)
	2310792  -  ResidentSetSize of job (KB)
...
006 (011.3265.000) 05/09 15:56:46 Image size of job updated: 2940388
	2283  -  MemoryUsage of job (MB)
	2337456  -  ResidentSetSize of job (KB)
...
006 (011.3265.000) 05/09 15:56:51 Image size of job updated: 2988516
	2307  -  MemoryUsage of job (MB)
	2361480  -  ResidentSetSize of job (KB)
...
006 (011.3265.000) 05/09 15:56:56 Image size of job updated: 2988516
	2329  -  MemoryUsage of job (MB)
	2384844  -  ResidentSetSize of job (KB)
...
006 (011.3265.000) 05/09 15:57:01 Image size of job updated: 3020260
	2356  -  MemoryUsage of job (MB)
	2412300  -  ResidentSetSize of job (KB)
...
006 (011.3265.000) 05/09 15:57:06 Image size of job updated: 3020260
	2383  -  MemoryUsage of job (MB)
	2439360  -  ResidentSetSize of job (KB)
...
006 (011.3265.000) 05/09 15:57:11 Image size of job updated: 3020260
	2405  -  MemoryUsage of job (MB)
	2462592  -  ResidentSetSize of job (KB)
...
006 (011.3265.000) 05/09 15:57:16 Image size of job updated: 3096036
	2427  -  MemoryUsage of job (MB)
	2484636  -  ResidentSetSize of job (KB)
...
006 (011.3265.000) 05/09 15:57:21 Image size of job updated: 3096036
	2451  -  MemoryUsage of job (MB)
	2509056  -  ResidentSetSize of job (KB)
...
006 (011.3265.000) 05/09 15:57:26 Image size of job updated: 3096036
	2473  -  MemoryUsage of job (MB)
	2531892  -  ResidentSetSize of job (KB)
...
006 (011.3265.000) 05/09 15:57:31 Image size of job updated: 3169764
	2495  -  MemoryUsage of job (MB)
	2554068  -  ResidentSetSize of job (KB)
...
006 (011.3265.000) 05/09 15:57:36 Image size of job updated: 3169764
	2516  -  MemoryUsage of job (MB)
	2575452  -  ResidentSetSize of job (KB)
...
006 (011.3265.000) 05/09 15:57:41 Image size of job updated: 3227108
	2538  -  MemoryUsage of job (MB)
	2598420  -  ResidentSetSize of job (KB)
...
006 (011.3265.000) 05/09 15:57:46 Image size of job updated: 3238372
	2559  -  MemoryUsage of job (MB)
	2620068  -  ResidentSetSize of job (KB)
...
006 (011.3265.000) 05/09 15:57:51 Image size of job updated: 3254756
	2582  -  MemoryUsage of job (MB)
	2643564  -  ResidentSetSize of job (KB)
...
006 (011.3265.000) 05/09 15:57:56 Image size of job updated: 3254756
	2605  -  MemoryUsage of job (MB)
	2667192  -  ResidentSetSize of job (KB)
...
006 (011.3265.000) 05/09 15:58:01 Image size of job updated: 3309028
	2629  -  MemoryUsage of job (MB)
	2691348  -  ResidentSetSize of job (KB)
...
006 (011.3265.000) 05/09 15:58:06 Image size of job updated: 3309028
	2652  -  MemoryUsage of job (MB)
	2715636  -  ResidentSetSize of job (KB)
...
006 (011.3265.000) 05/09 15:58:11 Image size of job updated: 3367396
	2676  -  MemoryUsage of job (MB)
	2739792  -  ResidentSetSize of job (KB)
...
006 (011.3265.000) 05/09 15:58:16 Image size of job updated: 3386852
	2700  -  MemoryUsage of job (MB)
	2764740  -  ResidentSetSize of job (KB)
...
006 (011.3265.000) 05/09 15:58:21 Image size of job updated: 3401188
	2725  -  MemoryUsage of job (MB)
	2790348  -  ResidentSetSize of job (KB)
...
006 (011.3265.000) 05/09 15:58:26 Image size of job updated: 3421668
	2747  -  MemoryUsage of job (MB)
	2812656  -  ResidentSetSize of job (KB)
...
006 (011.3265.000) 05/09 15:58:31 Image size of job updated: 3465700
	2773  -  MemoryUsage of job (MB)
	2839056  -  ResidentSetSize of job (KB)
...
006 (011.3265.000) 05/09 15:58:36 Image size of job updated: 3465700
	2799  -  MemoryUsage of job (MB)
	2866116  -  ResidentSetSize of job (KB)
...
006 (011.3265.000) 05/09 15:58:41 Image size of job updated: 3465700
	2822  -  MemoryUsage of job (MB)
	2888952  -  ResidentSetSize of job (KB)
...
006 (011.3265.000) 05/09 15:58:46 Image size of job updated: 3538404
	2843  -  MemoryUsage of job (MB)
	2910996  -  ResidentSetSize of job (KB)
...
006 (011.3265.000) 05/09 15:58:51 Image size of job updated: 3538404
	2867  -  MemoryUsage of job (MB)
	2935548  -  ResidentSetSize of job (KB)
...
006 (011.3265.000) 05/09 15:58:56 Image size of job updated: 3538404
	2890  -  MemoryUsage of job (MB)
	2958780  -  ResidentSetSize of job (KB)
...
006 (011.3265.000) 05/09 15:59:01 Image size of job updated: 3611108
	2915  -  MemoryUsage of job (MB)
	2984124  -  ResidentSetSize of job (KB)
...
006 (011.3265.000) 05/09 15:59:06 Image size of job updated: 3614180
	2939  -  MemoryUsage of job (MB)
	3008544  -  ResidentSetSize of job (KB)
...
006 (011.3265.000) 05/09 15:59:11 Image size of job updated: 3648996
	2962  -  MemoryUsage of job (MB)
	3032832  -  ResidentSetSize of job (KB)
...
006 (011.3265.000) 05/09 15:59:16 Image size of job updated: 3648996
	2989  -  MemoryUsage of job (MB)
	3060024  -  ResidentSetSize of job (KB)
...
006 (011.3265.000) 05/09 15:59:21 Image size of job updated: 3690980
	3011  -  MemoryUsage of job (MB)
	3082332  -  ResidentSetSize of job (KB)
...
006 (011.3265.000) 05/09 15:59:26 Image size of job updated: 3690980
	3036  -  MemoryUsage of job (MB)
	3108336  -  ResidentSetSize of job (KB)
...
006 (011.3265.000) 05/09 15:59:31 Image size of job updated: 3690980
	3060  -  MemoryUsage of job (MB)
	3133152  -  ResidentSetSize of job (KB)
...
006 (011.3265.000) 05/09 15:59:36 Image size of job updated: 3767780
	3082  -  MemoryUsage of job (MB)
	3155856  -  ResidentSetSize of job (KB)
...
006 (011.3265.000) 05/09 15:59:41 Image size of job updated: 3767780
	3105  -  MemoryUsage of job (MB)
	3179484  -  ResidentSetSize of job (KB)
...
006 (011.3265.000) 05/09 15:59:46 Image size of job updated: 3767780
	3127  -  MemoryUsage of job (MB)
	3201792  -  ResidentSetSize of job (KB)
...
006 (011.3265.000) 05/09 15:59:51 Image size of job updated: 3838436
	3151  -  MemoryUsage of job (MB)
	3225948  -  ResidentSetSize of job (KB)
...
006 (011.3265.000) 05/09 15:59:56 Image size of job updated: 3871204
	3176  -  MemoryUsage of job (MB)
	3251292  -  ResidentSetSize of job (KB)
...
006 (011.3265.000) 05/09 16:00:01 Image size of job updated: 3893732
	3198  -  MemoryUsage of job (MB)
	3273732  -  ResidentSetSize of job (KB)
...
006 (011.3265.000) 05/09 16:00:06 Image size of job updated: 3909092
	3223  -  MemoryUsage of job (MB)
	3299340  -  ResidentSetSize of job (KB)
...
006 (011.3265.000) 05/09 16:00:11 Image size of job updated: 3927524
	3246  -  MemoryUsage of job (MB)
	3323232  -  ResidentSetSize of job (KB)
...
006 (011.3265.000) 05/09 16:00:16 Image size of job updated: 3964388
	3269  -  MemoryUsage of job (MB)
	3347256  -  ResidentSetSize of job (KB)
...
006 (011.3265.000) 05/09 16:00:21 Image size of job updated: 3979748
	3294  -  MemoryUsage of job (MB)
	3372996  -  ResidentSetSize of job (KB)
...
006 (011.3265.000) 05/09 16:00:27 Image size of job updated: 4022756
	3326  -  MemoryUsage of job (MB)
	3405600  -  ResidentSetSize of job (KB)
...
006 (011.3265.000) 05/09 16:00:33 Image size of job updated: 4044260
	3355  -  MemoryUsage of job (MB)
	3434508  -  ResidentSetSize of job (KB)
...
006 (011.3265.000) 05/09 16:00:39 Image size of job updated: 4072932
	3384  -  MemoryUsage of job (MB)
	3464472  -  ResidentSetSize of job (KB)
...
006 (011.3265.000) 05/09 16:00:45 Image size of job updated: 4116964
	3413  -  MemoryUsage of job (MB)
	3493908  -  ResidentSetSize of job (KB)
...
006 (011.3265.000) 05/09 16:00:51 Image size of job updated: 4143588
	3440  -  MemoryUsage of job (MB)
	3522156  -  ResidentSetSize of job (KB)
...
006 (011.3265.000) 05/09 16:00:57 Image size of job updated: 4143588
	3470  -  MemoryUsage of job (MB)
	3553044  -  ResidentSetSize of job (KB)
...
006 (011.3265.000) 05/09 16:01:03 Image size of job updated: 4143588
	3499  -  MemoryUsage of job (MB)
	3582348  -  ResidentSetSize of job (KB)
...
006 (011.3265.000) 05/09 16:01:09 Image size of job updated: 4223460
	3525  -  MemoryUsage of job (MB)
	3609540  -  ResidentSetSize of job (KB)
...
006 (011.3265.000) 05/09 16:01:15 Image size of job updated: 4223460
	3555  -  MemoryUsage of job (MB)
	3640032  -  ResidentSetSize of job (KB)
...
006 (011.3265.000) 05/09 16:01:21 Image size of job updated: 4223460
	3583  -  MemoryUsage of job (MB)
	3668808  -  ResidentSetSize of job (KB)
...
006 (011.3265.000) 05/09 16:01:27 Image size of job updated: 4309476
	3614  -  MemoryUsage of job (MB)
	3700092  -  ResidentSetSize of job (KB)
...
006 (011.3265.000) 05/09 16:01:33 Image size of job updated: 4352484
	3642  -  MemoryUsage of job (MB)
	3729000  -  ResidentSetSize of job (KB)
...
006 (011.3265.000) 05/09 16:01:39 Image size of job updated: 4377060
	3670  -  MemoryUsage of job (MB)
	3757908  -  ResidentSetSize of job (KB)
...
006 (011.3265.000) 05/09 16:01:45 Image size of job updated: 4397540
	3699  -  MemoryUsage of job (MB)
	3787740  -  ResidentSetSize of job (KB)
...
006 (011.3265.000) 05/09 16:01:51 Image size of job updated: 4397540
	3726  -  MemoryUsage of job (MB)
	3814932  -  ResidentSetSize of job (KB)
...
006 (011.3265.000) 05/09 16:01:57 Image size of job updated: 4475364
	3758  -  MemoryUsage of job (MB)
	3847932  -  ResidentSetSize of job (KB)
...
006 (011.3265.000) 05/09 16:02:03 Image size of job updated: 4500964
	3788  -  MemoryUsage of job (MB)
	3878820  -  ResidentSetSize of job (KB)
...
006 (011.3265.000) 05/09 16:02:09 Image size of job updated: 4500964
	3818  -  MemoryUsage of job (MB)
	3909180  -  ResidentSetSize of job (KB)
...
006 (011.3265.000) 05/09 16:02:15 Image size of job updated: 4550116
	3848  -  MemoryUsage of job (MB)
	3939672  -  ResidentSetSize of job (KB)
...
006 (011.3265.000) 05/09 16:02:21 Image size of job updated: 4550116
	3877  -  MemoryUsage of job (MB)
	3969372  -  ResidentSetSize of job (KB)
...
006 (011.3265.000) 05/09 16:02:27 Image size of job updated: 4632036
	3907  -  MemoryUsage of job (MB)
	3999864  -  ResidentSetSize of job (KB)
...
006 (011.3265.000) 05/09 16:02:33 Image size of job updated: 4654564
	3934  -  MemoryUsage of job (MB)
	4027584  -  ResidentSetSize of job (KB)
...
006 (011.3265.000) 05/09 16:02:39 Image size of job updated: 4679140
	3962  -  MemoryUsage of job (MB)
	4057020  -  ResidentSetSize of job (KB)
...
006 (011.3265.000) 05/09 16:02:45 Image size of job updated: 4697572
	3991  -  MemoryUsage of job (MB)
	4086588  -  ResidentSetSize of job (KB)
...
006 (011.3265.000) 05/09 16:02:51 Image size of job updated: 4748772
	4022  -  MemoryUsage of job (MB)
	4118400  -  ResidentSetSize of job (KB)
...
006 (011.3265.000) 05/09 16:02:57 Image size of job updated: 4781540
	4053  -  MemoryUsage of job (MB)
	4149684  -  ResidentSetSize of job (KB)
...
006 (011.3265.000) 05/09 16:03:03 Image size of job updated: 4811236
	4087  -  MemoryUsage of job (MB)
	4184136  -  ResidentSetSize of job (KB)
...
006 (011.3265.000) 05/09 16:03:09 Image size of job updated: 4840932
	4120  -  MemoryUsage of job (MB)
	4218720  -  ResidentSetSize of job (KB)
...
006 (011.3265.000) 05/09 16:03:15 Image size of job updated: 4864484
	4151  -  MemoryUsage of job (MB)
	4249608  -  ResidentSetSize of job (KB)
...
006 (011.3265.000) 05/09 16:03:21 Image size of job updated: 4864484
	4181  -  MemoryUsage of job (MB)
	4280892  -  ResidentSetSize of job (KB)
...
006 (011.3265.000) 05/09 16:03:27 Image size of job updated: 4941284
	4211  -  MemoryUsage of job (MB)
	4311120  -  ResidentSetSize of job (KB)
...
006 (011.3265.000) 05/09 16:03:33 Image size of job updated: 4941284
	4239  -  MemoryUsage of job (MB)
	4340556  -  ResidentSetSize of job (KB)
...
006 (011.3265.000) 05/09 16:03:39 Image size of job updated: 4941284
	4270  -  MemoryUsage of job (MB)
	4372368  -  ResidentSetSize of job (KB)
...
006 (011.3265.000) 05/09 16:03:45 Image size of job updated: 5022180
	4301  -  MemoryUsage of job (MB)
	4403388  -  ResidentSetSize of job (KB)
...
006 (011.3265.000) 05/09 16:03:51 Image size of job updated: 5022180
	4331  -  MemoryUsage of job (MB)
	4434804  -  ResidentSetSize of job (KB)
...
006 (011.3265.000) 05/09 16:03:57 Image size of job updated: 5022180
	4362  -  MemoryUsage of job (MB)
	4466352  -  ResidentSetSize of job (KB)
...
006 (011.3265.000) 05/09 16:04:03 Image size of job updated: 5101028
	4391  -  MemoryUsage of job (MB)
	4495392  -  ResidentSetSize of job (KB)
...
006 (011.3265.000) 05/09 16:04:09 Image size of job updated: 5157348
	4422  -  MemoryUsage of job (MB)
	4527468  -  ResidentSetSize of job (KB)
...
006 (011.3265.000) 05/09 16:04:15 Image size of job updated: 5181924
	4452  -  MemoryUsage of job (MB)
	4558620  -  ResidentSetSize of job (KB)
...
006 (011.3265.000) 05/09 16:04:21 Image size of job updated: 5181924
	4486  -  MemoryUsage of job (MB)
	4592940  -  ResidentSetSize of job (KB)
...
006 (011.3265.000) 05/09 16:04:27 Image size of job updated: 5226980
	4515  -  MemoryUsage of job (MB)
	4622772  -  ResidentSetSize of job (KB)
...
006 (011.3265.000) 05/09 16:04:33 Image size of job updated: 5263844
	4546  -  MemoryUsage of job (MB)
	4654320  -  ResidentSetSize of job (KB)
...
006 (011.3265.000) 05/09 16:04:39 Image size of job updated: 5430756
	4691  -  MemoryUsage of job (MB)
	4803216  -  ResidentSetSize of job (KB)
...
006 (011.3265.000) 05/09 16:04:45 Image size of job updated: 5522916
	4777  -  MemoryUsage of job (MB)
	4891260  -  ResidentSetSize of job (KB)
...
005 (011.3265.000) 05/09 16:04:48 Job terminated.
	(1) Normal termination (return value 0)
		Usr 0 00:24:52, Sys 0 00:00:04  -  Run Remote Usage
		Usr 0 00:00:00, Sys 0 00:00:00  -  Run Local Usage
		Usr 0 00:24:52, Sys 0 00:00:04  -  Total Remote Usage
		Usr 0 00:00:00, Sys 0 00:00:00  -  Total Local Usage
	0  -  Run Bytes Sent By Job
	0  -  Run Bytes Received By Job
	0  -  Total Bytes Sent By Job
	0  -  Total Bytes Received By Job
	Partitionable Resources :      Usage  Request Allocated 
	   Cpus                 :       1.00        1         1 
	   Disk (KB)            : 2000000     2000000   6232219 
	   Memory (MB)          :    4777        1954      2007 
...
