000 (005.6761.000) 05/05 20:24:34 Job submitted from host: <127.0.0.1:9618?addrs=127.0.0.1-9618&noUDP&sock=227_4816_4>
...
033 (005.6761.000) 05/06 14:17:23 Changing job attribute JobPrio from 0 to -10
...
001 (005.6761.000) 05/07 19:30:43 Job executing on host: <127.0.0.1:9618?addrs=127.0.0.1-9618&noUDP&sock=227_4816_5>
...
006 (005.6761.000) 05/07 19:30:49 Image size of job updated: 2000000
	101  -  MemoryUsage of job (MB)
	103092  -  ResidentSetSize of job (KB)
...
006 (005.6761.000) 05/07 19:31:13 Image size of job updated: 2000000
	145  -  MemoryUsage of job (MB)
	147708  -  ResidentSetSize of job (KB)
...
006 (005.6761.000) 05/07 19:31:19 Image size of job updated: 2000000
	184  -  MemoryUsage of job (MB)
	188100  -  ResidentSetSize of job (KB)
...
006 (005.6761.000) 05/07 19:31:25 Image size of job updated: 2000000
	185  -  MemoryUsage of job (MB)
	188628  -  ResidentSetSize of job (KB)
...
006 (005.6761.000) 05/07 19:31:31 Image size of job updated: 2000000
	195  -  MemoryUsage of job (MB)
	199452  -  ResidentSetSize of job (KB)
...
006 (005.6761.000) 05/07 19:31:37 Image size of job updated: 2000000
	207  -  MemoryUsage of job (MB)
	211464  -  ResidentSetSize of job (KB)
...
006 (005.6761.000) 05/07 19:31:43 Image size of job updated: 2000000
	217  -  MemoryUsage of job (MB)
	221232  -  ResidentSetSize of job (KB)
...
006 (005.6761.000) 05/07 19:31:49 Image size of job updated: 2000000
	229  -  MemoryUsage of job (MB)
	234300  -  ResidentSetSize of job (KB)
...
006 (005.6761.000) 05/07 19:31:55 Image size of job updated: 2000000
	238  -  MemoryUsage of job (MB)
	243540  -  ResidentSetSize of job (KB)
...
006 (005.6761.000) 05/07 19:32:01 Image size of job updated: 2000000
	256  -  MemoryUsage of job (MB)
	261756  -  ResidentSetSize of job (KB)
...
006 (005.6761.000) 05/07 19:32:07 Image size of job updated: 2000000
	298  -  MemoryUsage of job (MB)
	305052  -  ResidentSetSize of job (KB)
...
006 (005.6761.000) 05/07 19:32:13 Image size of job updated: 2000000
	329  -  MemoryUsage of job (MB)
	336468  -  ResidentSetSize of job (KB)
...
006 (005.6761.000) 05/07 19:32:19 Image size of job updated: 2000000
	379  -  MemoryUsage of job (MB)
	387684  -  ResidentSetSize of job (KB)
...
006 (005.6761.000) 05/07 19:32:25 Image size of job updated: 2000000
	445  -  MemoryUsage of job (MB)
	454740  -  ResidentSetSize of job (KB)
...
006 (005.6761.000) 05/07 19:32:31 Image size of job updated: 2000000
	1171  -  MemoryUsage of job (MB)
	1198692  -  ResidentSetSize of job (KB)
...
006 (005.6761.000) 05/07 19:46:44 Image size of job updated: 2000000
	1173  -  MemoryUsage of job (MB)
	1200672  -  ResidentSetSize of job (KB)
...
006 (005.6761.000) 05/07 19:46:50 Image size of job updated: 2000000
	1251  -  MemoryUsage of job (MB)
	1280268  -  ResidentSetSize of job (KB)
...
006 (005.6761.000) 05/07 19:46:56 Image size of job updated: 2000000
	1622  -  MemoryUsage of job (MB)
	1660560  -  ResidentSetSize of job (KB)
...
006 (005.6761.000) 05/07 19:47:02 Image size of job updated: 2401740
	1927  -  MemoryUsage of job (MB)
	1972872  -  ResidentSetSize of job (KB)
...
006 (005.6761.000) 05/07 19:47:08 Image size of job updated: 2401740
	1927  -  MemoryUsage of job (MB)
	1973004  -  ResidentSetSize of job (KB)
...
006 (005.6761.000) 05/07 19:47:14 Image size of job updated: 2627044
	1959  -  MemoryUsage of job (MB)
	2005080  -  ResidentSetSize of job (KB)
...
006 (005.6761.000) 05/07 19:47:20 Image size of job updated: 2652644
	1981  -  MemoryUsage of job (MB)
	2027652  -  ResidentSetSize of job (KB)
...
006 (005.6761.000) 05/07 19:47:26 Image size of job updated: 2677220
	2000  -  MemoryUsage of job (MB)
	2047584  -  ResidentSetSize of job (KB)
...
006 (005.6761.000) 05/07 19:47:32 Image size of job updated: 2690532
	2022  -  MemoryUsage of job (MB)
	2069628  -  ResidentSetSize of job (KB)
...
006 (005.6761.000) 05/07 19:47:38 Image size of job updated: 2712036
	2041  -  MemoryUsage of job (MB)
	2089032  -  ResidentSetSize of job (KB)
...
006 (005.6761.000) 05/07 19:47:44 Image size of job updated: 2731492
	2062  -  MemoryUsage of job (MB)
	2110812  -  ResidentSetSize of job (KB)
...
006 (005.6761.000) 05/07 19:47:50 Image size of job updated: 2750948
	2079  -  MemoryUsage of job (MB)
	2128236  -  ResidentSetSize of job (KB)
...
006 (005.6761.000) 05/07 19:47:55 Image size of job updated: 2750948
	2092  -  MemoryUsage of job (MB)
	2141832  -  ResidentSetSize of job (KB)
...
006 (005.6761.000) 05/07 19:48:00 Image size of job updated: 2750948
	2109  -  MemoryUsage of job (MB)
	2159124  -  ResidentSetSize of job (KB)
...
006 (005.6761.000) 05/07 19:48:05 Image size of job updated: 2792932
	2124  -  MemoryUsage of job (MB)
	2174436  -  ResidentSetSize of job (KB)
...
006 (005.6761.000) 05/07 19:48:10 Image size of job updated: 2792932
	2140  -  MemoryUsage of job (MB)
	2191332  -  ResidentSetSize of job (KB)
...
006 (005.6761.000) 05/07 19:48:15 Image size of job updated: 2792932
	2154  -  MemoryUsage of job (MB)
	2204796  -  ResidentSetSize of job (KB)
...
006 (005.6761.000) 05/07 19:48:20 Image size of job updated: 2837988
	2169  -  MemoryUsage of job (MB)
	2220240  -  ResidentSetSize of job (KB)
...
006 (005.6761.000) 05/07 19:48:25 Image size of job updated: 2837988
	2184  -  MemoryUsage of job (MB)
	2235552  -  ResidentSetSize of job (KB)
...
006 (005.6761.000) 05/07 19:48:30 Image size of job updated: 2837988
	2202  -  MemoryUsage of job (MB)
	2254164  -  ResidentSetSize of job (KB)
...
006 (005.6761.000) 05/07 19:48:35 Image size of job updated: 2899428
	2220  -  MemoryUsage of job (MB)
	2272644  -  ResidentSetSize of job (KB)
...
006 (005.6761.000) 05/07 19:48:40 Image size of job updated: 2899428
	2233  -  MemoryUsage of job (MB)
	2286504  -  ResidentSetSize of job (KB)
...
006 (005.6761.000) 05/07 19:48:45 Image size of job updated: 2916836
	2249  -  MemoryUsage of job (MB)
	2302740  -  ResidentSetSize of job (KB)
...
006 (005.6761.000) 05/07 19:48:50 Image size of job updated: 2937316
	2263  -  MemoryUsage of job (MB)
	2317260  -  ResidentSetSize of job (KB)
...
006 (005.6761.000) 05/07 19:48:55 Image size of job updated: 2948580
	2280  -  MemoryUsage of job (MB)
	2334420  -  ResidentSetSize of job (KB)
...
006 (005.6761.000) 05/07 19:49:00 Image size of job updated: 2965988
	2296  -  MemoryUsage of job (MB)
	2350260  -  ResidentSetSize of job (KB)
...
006 (005.6761.000) 05/07 19:49:05 Image size of job updated: 2988516
	2308  -  MemoryUsage of job (MB)
	2362800  -  ResidentSetSize of job (KB)
...
006 (005.6761.000) 05/07 19:49:10 Image size of job updated: 2995684
	2324  -  MemoryUsage of job (MB)
	2379036  -  ResidentSetSize of job (KB)
...
006 (005.6761.000) 05/07 19:49:15 Image size of job updated: 2995684
	2342  -  MemoryUsage of job (MB)
	2397384  -  ResidentSetSize of job (KB)
...
006 (005.6761.000) 05/07 19:49:20 Image size of job updated: 3034596
	2355  -  MemoryUsage of job (MB)
	2410848  -  ResidentSetSize of job (KB)
...
006 (005.6761.000) 05/07 19:49:25 Image size of job updated: 3034596
	2368  -  MemoryUsage of job (MB)
	2424708  -  ResidentSetSize of job (KB)
...
006 (005.6761.000) 05/07 19:49:30 Image size of job updated: 3034596
	2384  -  MemoryUsage of job (MB)
	2440284  -  ResidentSetSize of job (KB)
...
006 (005.6761.000) 05/07 19:49:35 Image size of job updated: 3078628
	2397  -  MemoryUsage of job (MB)
	2454276  -  ResidentSetSize of job (KB)
...
006 (005.6761.000) 05/07 19:49:40 Image size of job updated: 3092964
	2414  -  MemoryUsage of job (MB)
	2471700  -  ResidentSetSize of job (KB)
...
006 (005.6761.000) 05/07 19:49:45 Image size of job updated: 3092964
	2430  -  MemoryUsage of job (MB)
	2487804  -  ResidentSetSize of job (KB)
...
006 (005.6761.000) 05/07 19:49:50 Image size of job updated: 3124708
	2444  -  MemoryUsage of job (MB)
	2501928  -  ResidentSetSize of job (KB)
...
006 (005.6761.000) 05/07 19:49:55 Image size of job updated: 3124708
	2458  -  MemoryUsage of job (MB)
	2516844  -  ResidentSetSize of job (KB)
...
006 (005.6761.000) 05/07 19:50:00 Image size of job updated: 3124708
	2473  -  MemoryUsage of job (MB)
	2531760  -  ResidentSetSize of job (KB)
...
006 (005.6761.000) 05/07 19:50:05 Image size of job updated: 3173860
	2489  -  MemoryUsage of job (MB)
	2547732  -  ResidentSetSize of job (KB)
...
006 (005.6761.000) 05/07 19:50:10 Image size of job updated: 3173860
	2503  -  MemoryUsage of job (MB)
	2562252  -  ResidentSetSize of job (KB)
...
006 (005.6761.000) 05/07 19:50:15 Image size of job updated: 3173860
	2519  -  MemoryUsage of job (MB)
	2578752  -  ResidentSetSize of job (KB)
...
006 (005.6761.000) 05/07 19:50:20 Image size of job updated: 3218916
	2534  -  MemoryUsage of job (MB)
	2594460  -  ResidentSetSize of job (KB)
...
006 (005.6761.000) 05/07 19:50:25 Image size of job updated: 3218916
	2550  -  MemoryUsage of job (MB)
	2610300  -  ResidentSetSize of job (KB)
...
006 (005.6761.000) 05/07 19:50:30 Image size of job updated: 3254756
	2565  -  MemoryUsage of job (MB)
	2626008  -  ResidentSetSize of job (KB)
...
006 (005.6761.000) 05/07 19:50:35 Image size of job updated: 3266020
	2581  -  MemoryUsage of job (MB)
	2641980  -  ResidentSetSize of job (KB)
...
006 (005.6761.000) 05/07 19:50:40 Image size of job updated: 3273188
	2597  -  MemoryUsage of job (MB)
	2658876  -  ResidentSetSize of job (KB)
...
006 (005.6761.000) 05/07 19:50:45 Image size of job updated: 3273188
	2613  -  MemoryUsage of job (MB)
	2675508  -  ResidentSetSize of job (KB)
...
006 (005.6761.000) 05/07 19:50:50 Image size of job updated: 3319268
	2629  -  MemoryUsage of job (MB)
	2691084  -  ResidentSetSize of job (KB)
...
006 (005.6761.000) 05/07 19:50:55 Image size of job updated: 3319268
	2643  -  MemoryUsage of job (MB)
	2706264  -  ResidentSetSize of job (KB)
...
006 (005.6761.000) 05/07 19:51:00 Image size of job updated: 3339748
	2658  -  MemoryUsage of job (MB)
	2721312  -  ResidentSetSize of job (KB)
...
006 (005.6761.000) 05/07 19:51:05 Image size of job updated: 3355108
	2674  -  MemoryUsage of job (MB)
	2738076  -  ResidentSetSize of job (KB)
...
006 (005.6761.000) 05/07 19:51:10 Image size of job updated: 3368420
	2689  -  MemoryUsage of job (MB)
	2753388  -  ResidentSetSize of job (KB)
...
006 (005.6761.000) 05/07 19:51:15 Image size of job updated: 3394020
	2705  -  MemoryUsage of job (MB)
	2768964  -  ResidentSetSize of job (KB)
...
006 (005.6761.000) 05/07 19:51:20 Image size of job updated: 3394020
	2721  -  MemoryUsage of job (MB)
	2785332  -  ResidentSetSize of job (KB)
...
006 (005.6761.000) 05/07 19:51:25 Image size of job updated: 3420644
	2734  -  MemoryUsage of job (MB)
	2799588  -  ResidentSetSize of job (KB)
...
006 (005.6761.000) 05/07 19:51:30 Image size of job updated: 3437028
	2751  -  MemoryUsage of job (MB)
	2816748  -  ResidentSetSize of job (KB)
...
006 (005.6761.000) 05/07 19:51:35 Image size of job updated: 3437028
	2767  -  MemoryUsage of job (MB)
	2832720  -  ResidentSetSize of job (KB)
...
006 (005.6761.000) 05/07 19:51:40 Image size of job updated: 3467748
	2787  -  MemoryUsage of job (MB)
	2853048  -  ResidentSetSize of job (KB)
...
006 (005.6761.000) 05/07 19:51:45 Image size of job updated: 3467748
	2809  -  MemoryUsage of job (MB)
	2876280  -  ResidentSetSize of job (KB)
...
006 (005.6761.000) 05/07 19:51:50 Image size of job updated: 3467748
	2830  -  MemoryUsage of job (MB)
	2897796  -  ResidentSetSize of job (KB)
...
006 (005.6761.000) 05/07 19:51:55 Image size of job updated: 3532260
	2848  -  MemoryUsage of job (MB)
	2915352  -  ResidentSetSize of job (KB)
...
006 (005.6761.000) 05/07 19:52:00 Image size of job updated: 3532260
	2868  -  MemoryUsage of job (MB)
	2936340  -  ResidentSetSize of job (KB)
...
006 (005.6761.000) 05/07 19:52:05 Image size of job updated: 3532260
	2885  -  MemoryUsage of job (MB)
	2953500  -  ResidentSetSize of job (KB)
...
006 (005.6761.000) 05/07 19:52:10 Image size of job updated: 3597796
	2908  -  MemoryUsage of job (MB)
	2977392  -  ResidentSetSize of job (KB)
...
006 (005.6761.000) 05/07 19:52:15 Image size of job updated: 3625444
	2930  -  MemoryUsage of job (MB)
	2999436  -  ResidentSetSize of job (KB)
...
006 (005.6761.000) 05/07 19:52:20 Image size of job updated: 3625444
	2950  -  MemoryUsage of job (MB)
	3020424  -  ResidentSetSize of job (KB)
...
006 (005.6761.000) 05/07 19:52:25 Image size of job updated: 3656164
	2970  -  MemoryUsage of job (MB)
	3041280  -  ResidentSetSize of job (KB)
...
006 (005.6761.000) 05/07 19:52:30 Image size of job updated: 3679716
	2990  -  MemoryUsage of job (MB)
	3061740  -  ResidentSetSize of job (KB)
...
006 (005.6761.000) 05/07 19:52:35 Image size of job updated: 3679716
	3011  -  MemoryUsage of job (MB)
	3083124  -  ResidentSetSize of job (KB)
...
006 (005.6761.000) 05/07 19:52:40 Image size of job updated: 3720676
	3035  -  MemoryUsage of job (MB)
	3107676  -  ResidentSetSize of job (KB)
...
006 (005.6761.000) 05/07 19:52:45 Image size of job updated: 3720676
	3057  -  MemoryUsage of job (MB)
	3129720  -  ResidentSetSize of job (KB)
...
006 (005.6761.000) 05/07 19:52:50 Image size of job updated: 3720676
	3078  -  MemoryUsage of job (MB)
	3151632  -  ResidentSetSize of job (KB)
...
006 (005.6761.000) 05/07 19:52:55 Image size of job updated: 3800548
	3101  -  MemoryUsage of job (MB)
	3174864  -  ResidentSetSize of job (KB)
...
006 (005.6761.000) 05/07 19:53:00 Image size of job updated: 3808740
	3124  -  MemoryUsage of job (MB)
	3198360  -  ResidentSetSize of job (KB)
...
006 (005.6761.000) 05/07 19:53:05 Image size of job updated: 3831268
	3143  -  MemoryUsage of job (MB)
	3218160  -  ResidentSetSize of job (KB)
...
006 (005.6761.000) 05/07 19:53:10 Image size of job updated: 3855844
	3165  -  MemoryUsage of job (MB)
	3240468  -  ResidentSetSize of job (KB)
...
006 (005.6761.000) 05/07 19:53:15 Image size of job updated: 3855844
	3183  -  MemoryUsage of job (MB)
	3259212  -  ResidentSetSize of job (KB)
...
006 (005.6761.000) 05/07 19:53:20 Image size of job updated: 3894756
	3200  -  MemoryUsage of job (MB)
	3276504  -  ResidentSetSize of job (KB)
...
006 (005.6761.000) 05/07 19:53:25 Image size of job updated: 3917284
	3220  -  MemoryUsage of job (MB)
	3296436  -  ResidentSetSize of job (KB)
...
006 (005.6761.000) 05/07 19:53:31 Image size of job updated: 3917284
	3241  -  MemoryUsage of job (MB)
	3318348  -  ResidentSetSize of job (KB)
...
006 (005.6761.000) 05/07 19:53:37 Image size of job updated: 3946980
	3262  -  MemoryUsage of job (MB)
	3339732  -  ResidentSetSize of job (KB)
...
006 (005.6761.000) 05/07 19:53:43 Image size of job updated: 3969508
	3284  -  MemoryUsage of job (MB)
	3362700  -  ResidentSetSize of job (KB)
...
006 (005.6761.000) 05/07 19:53:49 Image size of job updated: 3969508
	3304  -  MemoryUsage of job (MB)
	3382500  -  ResidentSetSize of job (KB)
...
006 (005.6761.000) 05/07 19:53:55 Image size of job updated: 3969508
	3324  -  MemoryUsage of job (MB)
	3403752  -  ResidentSetSize of job (KB)
...
006 (005.6761.000) 05/07 19:54:01 Image size of job updated: 4039140
	3344  -  MemoryUsage of job (MB)
	3423948  -  ResidentSetSize of job (KB)
...
006 (005.6761.000) 05/07 19:54:07 Image size of job updated: 4039140
	3366  -  MemoryUsage of job (MB)
	3446784  -  ResidentSetSize of job (KB)
...
006 (005.6761.000) 05/07 19:54:13 Image size of job updated: 4086244
	3387  -  MemoryUsage of job (MB)
	3467904  -  ResidentSetSize of job (KB)
...
006 (005.6761.000) 05/07 19:54:19 Image size of job updated: 4086244
	3409  -  MemoryUsage of job (MB)
	3490212  -  ResidentSetSize of job (KB)
...
006 (005.6761.000) 05/07 19:54:25 Image size of job updated: 4086244
	3599  -  MemoryUsage of job (MB)
	3684912  -  ResidentSetSize of job (KB)
...
006 (005.6761.000) 05/07 19:54:31 Image size of job updated: 4334052
	3627  -  MemoryUsage of job (MB)
	3713556  -  ResidentSetSize of job (KB)
...
005 (005.6761.000) 05/07 19:54:33 Job terminated.
	(1) Normal termination (return value 0)
		Usr 0 00:23:22, Sys 0 00:00:03  -  Run Remote Usage
		Usr 0 00:00:00, Sys 0 00:00:00  -  Run Local Usage
		Usr 0 00:23:22, Sys 0 00:00:03  -  Total Remote Usage
		Usr 0 00:00:00, Sys 0 00:00:00  -  Total Local Usage
	0  -  Run Bytes Sent By Job
	0  -  Run Bytes Received By Job
	0  -  Total Bytes Sent By Job
	0  -  Total Bytes Received By Job
	Partitionable Resources :      Usage  Request Allocated 
	   Cpus                 :       1.00        1         1 
	   Disk (KB)            : 2000000     2000000   6275465 
	   Memory (MB)          :    3627        1954      2007 
...
