000 (005.4943.000) 05/05 20:23:43 Job submitted from host: <127.0.0.1:9618?addrs=127.0.0.1-9618&noUDP&sock=227_4816_4>
...
033 (005.4943.000) 05/06 14:16:51 Changing job attribute JobPrio from 0 to -10
...
001 (005.4943.000) 05/07 07:58:37 Job executing on host: <127.0.0.1:9618?addrs=127.0.0.1-9618&noUDP&sock=227_4816_5>
...
006 (005.4943.000) 05/07 07:58:42 Image size of job updated: 2000000
	101  -  MemoryUsage of job (MB)
	103092  -  ResidentSetSize of job (KB)
...
006 (005.4943.000) 05/07 07:59:27 Image size of job updated: 2000000
	110  -  MemoryUsage of job (MB)
	111804  -  ResidentSetSize of job (KB)
...
006 (005.4943.000) 05/07 07:59:32 Image size of job updated: 2000000
	177  -  MemoryUsage of job (MB)
	180312  -  ResidentSetSize of job (KB)
...
006 (005.4943.000) 05/07 07:59:37 Image size of job updated: 2000000
	184  -  MemoryUsage of job (MB)
	187968  -  ResidentSetSize of job (KB)
...
006 (005.4943.000) 05/07 07:59:42 Image size of job updated: 2000000
	185  -  MemoryUsage of job (MB)
	188892  -  ResidentSetSize of job (KB)
...
006 (005.4943.000) 05/07 07:59:47 Image size of job updated: 2000000
	196  -  MemoryUsage of job (MB)
	199980  -  ResidentSetSize of job (KB)
...
006 (005.4943.000) 05/07 07:59:52 Image size of job updated: 2000000
	206  -  MemoryUsage of job (MB)
	210408  -  ResidentSetSize of job (KB)
...
006 (005.4943.000) 05/07 07:59:57 Image size of job updated: 2000000
	215  -  MemoryUsage of job (MB)
	219912  -  ResidentSetSize of job (KB)
...
006 (005.4943.000) 05/07 08:00:02 Image size of job updated: 2000000
	235  -  MemoryUsage of job (MB)
	240504  -  ResidentSetSize of job (KB)
...
006 (005.4943.000) 05/07 08:00:07 Image size of job updated: 2000000
	237  -  MemoryUsage of job (MB)
	242220  -  ResidentSetSize of job (KB)
...
006 (005.4943.000) 05/07 08:00:12 Image size of job updated: 2000000
	241  -  MemoryUsage of job (MB)
	246180  -  ResidentSetSize of job (KB)
...
006 (005.4943.000) 05/07 08:00:18 Image size of job updated: 2000000
	285  -  MemoryUsage of job (MB)
	291060  -  ResidentSetSize of job (KB)
...
006 (005.4943.000) 05/07 08:00:24 Image size of job updated: 2000000
	324  -  MemoryUsage of job (MB)
	331056  -  ResidentSetSize of job (KB)
...
006 (005.4943.000) 05/07 08:00:30 Image size of job updated: 2000000
	332  -  MemoryUsage of job (MB)
	339108  -  ResidentSetSize of job (KB)
...
006 (005.4943.000) 05/07 08:00:36 Image size of job updated: 2000000
	422  -  MemoryUsage of job (MB)
	431376  -  ResidentSetSize of job (KB)
...
006 (005.4943.000) 05/07 08:00:42 Image size of job updated: 2000000
	1169  -  MemoryUsage of job (MB)
	1196052  -  ResidentSetSize of job (KB)
...
006 (005.4943.000) 05/07 08:15:13 Image size of job updated: 2000000
	1170  -  MemoryUsage of job (MB)
	1198032  -  ResidentSetSize of job (KB)
...
006 (005.4943.000) 05/07 08:15:19 Image size of job updated: 2000000
	1248  -  MemoryUsage of job (MB)
	1277496  -  ResidentSetSize of job (KB)
...
006 (005.4943.000) 05/07 08:15:25 Image size of job updated: 2193292
	1619  -  MemoryUsage of job (MB)
	1657788  -  ResidentSetSize of job (KB)
...
006 (005.4943.000) 05/07 08:15:31 Image size of job updated: 2193292
	1924  -  MemoryUsage of job (MB)
	1970100  -  ResidentSetSize of job (KB)
...
006 (005.4943.000) 05/07 08:15:43 Image size of job updated: 2574820
	1924  -  MemoryUsage of job (MB)
	1970100  -  ResidentSetSize of job (KB)
...
006 (005.4943.000) 05/07 08:15:49 Image size of job updated: 2597348
	1926  -  MemoryUsage of job (MB)
	1971816  -  ResidentSetSize of job (KB)
...
006 (005.4943.000) 05/07 08:15:55 Image size of job updated: 2615780
	1939  -  MemoryUsage of job (MB)
	1984884  -  ResidentSetSize of job (KB)
...
006 (005.4943.000) 05/07 08:16:01 Image size of job updated: 2615780
	1950  -  MemoryUsage of job (MB)
	1996500  -  ResidentSetSize of job (KB)
...
006 (005.4943.000) 05/07 08:16:07 Image size of job updated: 2615780
	1960  -  MemoryUsage of job (MB)
	2006928  -  ResidentSetSize of job (KB)
...
006 (005.4943.000) 05/07 08:16:13 Image size of job updated: 2644452
	1970  -  MemoryUsage of job (MB)
	2016300  -  ResidentSetSize of job (KB)
...
006 (005.4943.000) 05/07 08:16:19 Image size of job updated: 2644452
	1975  -  MemoryUsage of job (MB)
	2021976  -  ResidentSetSize of job (KB)
...
006 (005.4943.000) 05/07 08:16:25 Image size of job updated: 2644452
	1981  -  MemoryUsage of job (MB)
	2028180  -  ResidentSetSize of job (KB)
...
006 (005.4943.000) 05/07 08:16:31 Image size of job updated: 2661860
	1988  -  MemoryUsage of job (MB)
	2035572  -  ResidentSetSize of job (KB)
...
006 (005.4943.000) 05/07 08:16:37 Image size of job updated: 2671076
	1994  -  MemoryUsage of job (MB)
	2041644  -  ResidentSetSize of job (KB)
...
006 (005.4943.000) 05/07 08:16:43 Image size of job updated: 2677220
	2002  -  MemoryUsage of job (MB)
	2049300  -  ResidentSetSize of job (KB)
...
006 (005.4943.000) 05/07 08:16:49 Image size of job updated: 2677220
	2008  -  MemoryUsage of job (MB)
	2056032  -  ResidentSetSize of job (KB)
...
006 (005.4943.000) 05/07 08:16:55 Image size of job updated: 2697700
	2017  -  MemoryUsage of job (MB)
	2064744  -  ResidentSetSize of job (KB)
...
006 (005.4943.000) 05/07 08:17:01 Image size of job updated: 2700772
	2023  -  MemoryUsage of job (MB)
	2070552  -  ResidentSetSize of job (KB)
...
006 (005.4943.000) 05/07 08:17:07 Image size of job updated: 2700772
	2031  -  MemoryUsage of job (MB)
	2078736  -  ResidentSetSize of job (KB)
...
006 (005.4943.000) 05/07 08:17:13 Image size of job updated: 2714084
	2038  -  MemoryUsage of job (MB)
	2086392  -  ResidentSetSize of job (KB)
...
006 (005.4943.000) 05/07 08:17:19 Image size of job updated: 2721252
	2046  -  MemoryUsage of job (MB)
	2094180  -  ResidentSetSize of job (KB)
...
006 (005.4943.000) 05/07 08:17:25 Image size of job updated: 2721252
	2056  -  MemoryUsage of job (MB)
	2104344  -  ResidentSetSize of job (KB)
...
006 (005.4943.000) 05/07 08:17:31 Image size of job updated: 2738660
	2063  -  MemoryUsage of job (MB)
	2111604  -  ResidentSetSize of job (KB)
...
006 (005.4943.000) 05/07 08:17:37 Image size of job updated: 2750948
	2073  -  MemoryUsage of job (MB)
	2122560  -  ResidentSetSize of job (KB)
...
006 (005.4943.000) 05/07 08:17:43 Image size of job updated: 2760164
	2082  -  MemoryUsage of job (MB)
	2131140  -  ResidentSetSize of job (KB)
...
006 (005.4943.000) 05/07 08:17:49 Image size of job updated: 2766308
	2090  -  MemoryUsage of job (MB)
	2139192  -  ResidentSetSize of job (KB)
...
006 (005.4943.000) 05/07 08:17:55 Image size of job updated: 2778596
	2099  -  MemoryUsage of job (MB)
	2148828  -  ResidentSetSize of job (KB)
...
006 (005.4943.000) 05/07 08:18:01 Image size of job updated: 2782692
	2106  -  MemoryUsage of job (MB)
	2155692  -  ResidentSetSize of job (KB)
...
006 (005.4943.000) 05/07 08:18:07 Image size of job updated: 2788836
	2115  -  MemoryUsage of job (MB)
	2164932  -  ResidentSetSize of job (KB)
...
006 (005.4943.000) 05/07 08:18:13 Image size of job updated: 2796004
	2121  -  MemoryUsage of job (MB)
	2171532  -  ResidentSetSize of job (KB)
...
006 (005.4943.000) 05/07 08:18:18 Image size of job updated: 2804196
	2128  -  MemoryUsage of job (MB)
	2179056  -  ResidentSetSize of job (KB)
...
006 (005.4943.000) 05/07 08:18:23 Image size of job updated: 2811364
	2136  -  MemoryUsage of job (MB)
	2186448  -  ResidentSetSize of job (KB)
...
006 (005.4943.000) 05/07 08:18:28 Image size of job updated: 2819556
	2142  -  MemoryUsage of job (MB)
	2192916  -  ResidentSetSize of job (KB)
...
006 (005.4943.000) 05/07 08:18:33 Image size of job updated: 2824676
	2148  -  MemoryUsage of job (MB)
	2198592  -  ResidentSetSize of job (KB)
...
006 (005.4943.000) 05/07 08:18:38 Image size of job updated: 2824676
	2155  -  MemoryUsage of job (MB)
	2205984  -  ResidentSetSize of job (KB)
...
006 (005.4943.000) 05/07 08:18:43 Image size of job updated: 2824676
	2161  -  MemoryUsage of job (MB)
	2212848  -  ResidentSetSize of job (KB)
...
006 (005.4943.000) 05/07 08:18:48 Image size of job updated: 2845156
	2168  -  MemoryUsage of job (MB)
	2219580  -  ResidentSetSize of job (KB)
...
006 (005.4943.000) 05/07 08:18:53 Image size of job updated: 2854372
	2178  -  MemoryUsage of job (MB)
	2230008  -  ResidentSetSize of job (KB)
...
006 (005.4943.000) 05/07 08:18:58 Image size of job updated: 2854372
	2186  -  MemoryUsage of job (MB)
	2237532  -  ResidentSetSize of job (KB)
...
006 (005.4943.000) 05/07 08:19:03 Image size of job updated: 2870756
	2191  -  MemoryUsage of job (MB)
	2243208  -  ResidentSetSize of job (KB)
...
006 (005.4943.000) 05/07 08:19:08 Image size of job updated: 2870756
	2197  -  MemoryUsage of job (MB)
	2249016  -  ResidentSetSize of job (KB)
...
006 (005.4943.000) 05/07 08:19:13 Image size of job updated: 2870756
	2204  -  MemoryUsage of job (MB)
	2256276  -  ResidentSetSize of job (KB)
...
006 (005.4943.000) 05/07 08:19:18 Image size of job updated: 2889188
	2210  -  MemoryUsage of job (MB)
	2262876  -  ResidentSetSize of job (KB)
...
006 (005.4943.000) 05/07 08:19:23 Image size of job updated: 2889188
	2217  -  MemoryUsage of job (MB)
	2270136  -  ResidentSetSize of job (KB)
...
006 (005.4943.000) 05/07 08:19:28 Image size of job updated: 2889188
	2225  -  MemoryUsage of job (MB)
	2277528  -  ResidentSetSize of job (KB)
...
006 (005.4943.000) 05/07 08:19:33 Image size of job updated: 2912740
	2231  -  MemoryUsage of job (MB)
	2284260  -  ResidentSetSize of job (KB)
...
006 (005.4943.000) 05/07 08:19:38 Image size of job updated: 2912740
	2237  -  MemoryUsage of job (MB)
	2290332  -  ResidentSetSize of job (KB)
...
006 (005.4943.000) 05/07 08:19:43 Image size of job updated: 2912740
	2243  -  MemoryUsage of job (MB)
	2296272  -  ResidentSetSize of job (KB)
...
006 (005.4943.000) 05/07 08:19:48 Image size of job updated: 2931172
	2250  -  MemoryUsage of job (MB)
	2303136  -  ResidentSetSize of job (KB)
...
006 (005.4943.000) 05/07 08:19:53 Image size of job updated: 2931172
	2257  -  MemoryUsage of job (MB)
	2310660  -  ResidentSetSize of job (KB)
...
006 (005.4943.000) 05/07 08:19:58 Image size of job updated: 2931172
	2262  -  MemoryUsage of job (MB)
	2316204  -  ResidentSetSize of job (KB)
...
006 (005.4943.000) 05/07 08:20:03 Image size of job updated: 2949604
	2269  -  MemoryUsage of job (MB)
	2322672  -  ResidentSetSize of job (KB)
...
006 (005.4943.000) 05/07 08:20:08 Image size of job updated: 2955748
	2276  -  MemoryUsage of job (MB)
	2329932  -  ResidentSetSize of job (KB)
...
006 (005.4943.000) 05/07 08:20:13 Image size of job updated: 2962916
	2282  -  MemoryUsage of job (MB)
	2336268  -  ResidentSetSize of job (KB)
...
006 (005.4943.000) 05/07 08:20:18 Image size of job updated: 2972132
	2287  -  MemoryUsage of job (MB)
	2341416  -  ResidentSetSize of job (KB)
...
006 (005.4943.000) 05/07 08:20:23 Image size of job updated: 2972132
	2294  -  MemoryUsage of job (MB)
	2348280  -  ResidentSetSize of job (KB)
...
006 (005.4943.000) 05/07 08:20:28 Image size of job updated: 2981348
	2301  -  MemoryUsage of job (MB)
	2355408  -  ResidentSetSize of job (KB)
...
006 (005.4943.000) 05/07 08:20:33 Image size of job updated: 2992612
	2307  -  MemoryUsage of job (MB)
	2362008  -  ResidentSetSize of job (KB)
...
006 (005.4943.000) 05/07 08:20:38 Image size of job updated: 2992612
	2313  -  MemoryUsage of job (MB)
	2368476  -  ResidentSetSize of job (KB)
...
006 (005.4943.000) 05/07 08:20:43 Image size of job updated: 2992612
	2321  -  MemoryUsage of job (MB)
	2376528  -  ResidentSetSize of job (KB)
...
006 (005.4943.000) 05/07 08:20:48 Image size of job updated: 3011044
	2326  -  MemoryUsage of job (MB)
	2381148  -  ResidentSetSize of job (KB)
...
006 (005.4943.000) 05/07 08:20:53 Image size of job updated: 3011044
	2334  -  MemoryUsage of job (MB)
	2389068  -  ResidentSetSize of job (KB)
...
006 (005.4943.000) 05/07 08:20:58 Image size of job updated: 3011044
	2342  -  MemoryUsage of job (MB)
	2398176  -  ResidentSetSize of job (KB)
...
006 (005.4943.000) 05/07 08:21:03 Image size of job updated: 3034596
	2348  -  MemoryUsage of job (MB)
	2404248  -  ResidentSetSize of job (KB)
...
006 (005.4943.000) 05/07 08:21:08 Image size of job updated: 3034596
	2355  -  MemoryUsage of job (MB)
	2411244  -  ResidentSetSize of job (KB)
...
006 (005.4943.000) 05/07 08:21:13 Image size of job updated: 3034596
	2361  -  MemoryUsage of job (MB)
	2417184  -  ResidentSetSize of job (KB)
...
006 (005.4943.000) 05/07 08:21:18 Image size of job updated: 3052004
	2366  -  MemoryUsage of job (MB)
	2421936  -  ResidentSetSize of job (KB)
...
006 (005.4943.000) 05/07 08:21:23 Image size of job updated: 3052004
	2372  -  MemoryUsage of job (MB)
	2428800  -  ResidentSetSize of job (KB)
...
006 (005.4943.000) 05/07 08:21:28 Image size of job updated: 3052004
	2379  -  MemoryUsage of job (MB)
	2435400  -  ResidentSetSize of job (KB)
...
006 (005.4943.000) 05/07 08:21:33 Image size of job updated: 3071460
	2385  -  MemoryUsage of job (MB)
	2441472  -  ResidentSetSize of job (KB)
...
006 (005.4943.000) 05/07 08:21:38 Image size of job updated: 3071460
	2391  -  MemoryUsage of job (MB)
	2448204  -  ResidentSetSize of job (KB)
...
006 (005.4943.000) 05/07 08:21:43 Image size of job updated: 3071460
	2398  -  MemoryUsage of job (MB)
	2454804  -  ResidentSetSize of job (KB)
...
006 (005.4943.000) 05/07 08:21:48 Image size of job updated: 3071460
	2552  -  MemoryUsage of job (MB)
	2612280  -  ResidentSetSize of job (KB)
...
006 (005.4943.000) 05/07 08:21:53 Image size of job updated: 3267044
	2611  -  MemoryUsage of job (MB)
	2673132  -  ResidentSetSize of job (KB)
...
005 (005.4943.000) 05/07 08:21:56 Job terminated.
	(1) Normal termination (return value 0)
		Usr 0 00:22:28, Sys 0 00:00:02  -  Run Remote Usage
		Usr 0 00:00:00, Sys 0 00:00:00  -  Run Local Usage
		Usr 0 00:22:28, Sys 0 00:00:02  -  Total Remote Usage
		Usr 0 00:00:00, Sys 0 00:00:00  -  Total Local Usage
	0  -  Run Bytes Sent By Job
	0  -  Run Bytes Received By Job
	0  -  Total Bytes Sent By Job
	0  -  Total Bytes Received By Job
	Partitionable Resources :      Usage  Request Allocated 
	   Cpus                 :       1.00        1         1 
	   Disk (KB)            : 2000000     2000000   6275465 
	   Memory (MB)          :    2611        1954      2007 
...
