000 (205.10339.000) 05/06 03:22:42 Job submitted from host: <127.0.0.1:9618?addrs=127.0.0.1-9618&noUDP&sock=222_da1d_4>
...
033 (205.10339.000) 05/06 14:24:33 Changing job attribute JobPrio from 0 to -5
...
000 (007.10339.000) 05/07 19:01:20 Job submitted from host: <127.0.0.1:9618?addrs=127.0.0.1-9618&noUDP&sock=215_0cf3_4>
...
000 (016.10339.000) 05/08 15:58:21 Job submitted from host: <127.0.0.1:9618?addrs=127.0.0.1-9618&noUDP&sock=227_4816_4>
...
009 (016.10339.000) 05/09 16:56:49 Job was aborted by the user.
	via condor_rm (by user aw868)
...
000 (014.3178.000) 05/09 17:31:51 Job submitted from host: <127.0.0.1:9618?addrs=127.0.0.1-9618&noUDP&sock=212_fe2a_4>
...
033 (014.3178.000) 05/09 17:33:35 Changing job attribute JobPrio from 0 to -10
...
033 (014.3178.000) 05/09 21:35:59 Changing job attribute JobPrio from -10 to -15
...
001 (014.3178.000) 05/11 02:27:01 Job executing on host: <127.0.0.1:9618?addrs=127.0.0.1-9618&noUDP&sock=212_fe2a_5>
...
006 (014.3178.000) 05/11 02:27:06 Image size of job updated: 2000000
	115  -  MemoryUsage of job (MB)
	117084  -  ResidentSetSize of job (KB)
...
006 (014.3178.000) 05/11 02:27:36 Image size of job updated: 2000000
	163  -  MemoryUsage of job (MB)
	166716  -  ResidentSetSize of job (KB)
...
006 (014.3178.000) 05/11 02:27:41 Image size of job updated: 2000000
	211  -  MemoryUsage of job (MB)
	215424  -  ResidentSetSize of job (KB)
...
006 (014.3178.000) 05/11 02:27:47 Image size of job updated: 2000000
	211  -  MemoryUsage of job (MB)
	215820  -  ResidentSetSize of job (KB)
...
006 (014.3178.000) 05/11 02:27:53 Image size of job updated: 2000000
	216  -  MemoryUsage of job (MB)
	221100  -  ResidentSetSize of job (KB)
...
006 (014.3178.000) 05/11 02:27:59 Image size of job updated: 2000000
	230  -  MemoryUsage of job (MB)
	235488  -  ResidentSetSize of job (KB)
...
006 (014.3178.000) 05/11 02:28:05 Image size of job updated: 2000000
	242  -  MemoryUsage of job (MB)
	247236  -  ResidentSetSize of job (KB)
...
006 (014.3178.000) 05/11 02:28:11 Image size of job updated: 2000000
	254  -  MemoryUsage of job (MB)
	259248  -  ResidentSetSize of job (KB)
...
006 (014.3178.000) 05/11 02:28:17 Image size of job updated: 2000000
	263  -  MemoryUsage of job (MB)
	268356  -  ResidentSetSize of job (KB)
...
006 (014.3178.000) 05/11 02:28:23 Image size of job updated: 2000000
	271  -  MemoryUsage of job (MB)
	277068  -  ResidentSetSize of job (KB)
...
006 (014.3178.000) 05/11 02:28:29 Image size of job updated: 2000000
	286  -  MemoryUsage of job (MB)
	292116  -  ResidentSetSize of job (KB)
...
006 (014.3178.000) 05/11 02:28:35 Image size of job updated: 2000000
	331  -  MemoryUsage of job (MB)
	338316  -  ResidentSetSize of job (KB)
...
006 (014.3178.000) 05/11 02:28:41 Image size of job updated: 2000000
	377  -  MemoryUsage of job (MB)
	385704  -  ResidentSetSize of job (KB)
...
006 (014.3178.000) 05/11 02:28:47 Image size of job updated: 2000000
	380  -  MemoryUsage of job (MB)
	388608  -  ResidentSetSize of job (KB)
...
006 (014.3178.000) 05/11 02:28:53 Image size of job updated: 2000000
	450  -  MemoryUsage of job (MB)
	460020  -  ResidentSetSize of job (KB)
...
006 (014.3178.000) 05/11 02:28:59 Image size of job updated: 2000000
	514  -  MemoryUsage of job (MB)
	526152  -  ResidentSetSize of job (KB)
...
006 (014.3178.000) 05/11 02:29:05 Image size of job updated: 2000000
	1216  -  MemoryUsage of job (MB)
	1244496  -  ResidentSetSize of job (KB)
...
006 (014.3178.000) 05/11 02:29:11 Image size of job updated: 2000000
	1223  -  MemoryUsage of job (MB)
	1252020  -  ResidentSetSize of job (KB)
...
006 (014.3178.000) 05/11 02:45:48 Image size of job updated: 2000000
	1561  -  MemoryUsage of job (MB)
	1597992  -  ResidentSetSize of job (KB)
...
006 (014.3178.000) 05/11 02:45:53 Image size of job updated: 2000000
	1781  -  MemoryUsage of job (MB)
	1823580  -  ResidentSetSize of job (KB)
...
006 (014.3178.000) 05/11 02:45:58 Image size of job updated: 2654452
	1960  -  MemoryUsage of job (MB)
	2006928  -  ResidentSetSize of job (KB)
...
006 (014.3178.000) 05/11 02:46:03 Image size of job updated: 2695412
	2037  -  MemoryUsage of job (MB)
	2085336  -  ResidentSetSize of job (KB)
...
006 (014.3178.000) 05/11 02:46:08 Image size of job updated: 2744564
	2140  -  MemoryUsage of job (MB)
	2191068  -  ResidentSetSize of job (KB)
...
006 (014.3178.000) 05/11 02:46:13 Image size of job updated: 2744564
	2216  -  MemoryUsage of job (MB)
	2268816  -  ResidentSetSize of job (KB)
...
006 (014.3178.000) 05/11 02:46:18 Image size of job updated: 2921716
	2296  -  MemoryUsage of job (MB)
	2350128  -  ResidentSetSize of job (KB)
...
006 (014.3178.000) 05/11 02:46:23 Image size of job updated: 2921716
	2373  -  MemoryUsage of job (MB)
	2429460  -  ResidentSetSize of job (KB)
...
006 (014.3178.000) 05/11 02:46:28 Image size of job updated: 2921716
	2449  -  MemoryUsage of job (MB)
	2507736  -  ResidentSetSize of job (KB)
...
006 (014.3178.000) 05/11 02:46:33 Image size of job updated: 3160308
	2525  -  MemoryUsage of job (MB)
	2585484  -  ResidentSetSize of job (KB)
...
006 (014.3178.000) 05/11 02:46:38 Image size of job updated: 3160308
	2601  -  MemoryUsage of job (MB)
	2662572  -  ResidentSetSize of job (KB)
...
006 (014.3178.000) 05/11 02:46:44 Image size of job updated: 3392756
	2692  -  MemoryUsage of job (MB)
	2756292  -  ResidentSetSize of job (KB)
...
006 (014.3178.000) 05/11 02:46:50 Image size of job updated: 3392756
	2784  -  MemoryUsage of job (MB)
	2850672  -  ResidentSetSize of job (KB)
...
006 (014.3178.000) 05/11 02:46:56 Image size of job updated: 3392756
	2874  -  MemoryUsage of job (MB)
	2942016  -  ResidentSetSize of job (KB)
...
006 (014.3178.000) 05/11 02:47:02 Image size of job updated: 3626228
	2965  -  MemoryUsage of job (MB)
	3035208  -  ResidentSetSize of job (KB)
...
006 (014.3178.000) 05/11 02:47:08 Image size of job updated: 3626228
	3063  -  MemoryUsage of job (MB)
	3135924  -  ResidentSetSize of job (KB)
...
006 (014.3178.000) 05/11 02:47:14 Image size of job updated: 3867892
	3149  -  MemoryUsage of job (MB)
	3223572  -  ResidentSetSize of job (KB)
...
006 (014.3178.000) 05/11 02:47:20 Image size of job updated: 3878132
	3244  -  MemoryUsage of job (MB)
	3321384  -  ResidentSetSize of job (KB)
...
006 (014.3178.000) 05/11 02:47:26 Image size of job updated: 4026612
	3349  -  MemoryUsage of job (MB)
	3428568  -  ResidentSetSize of job (KB)
...
006 (014.3178.000) 05/11 02:47:32 Image size of job updated: 4167924
	3442  -  MemoryUsage of job (MB)
	3523872  -  ResidentSetSize of job (KB)
...
006 (014.3178.000) 05/11 02:47:38 Image size of job updated: 4218100
	3534  -  MemoryUsage of job (MB)
	3617988  -  ResidentSetSize of job (KB)
...
006 (014.3178.000) 05/11 02:47:44 Image size of job updated: 4353268
	3624  -  MemoryUsage of job (MB)
	3710124  -  ResidentSetSize of job (KB)
...
006 (014.3178.000) 05/11 02:47:50 Image size of job updated: 4353268
	3715  -  MemoryUsage of job (MB)
	3803316  -  ResidentSetSize of job (KB)
...
006 (014.3178.000) 05/11 02:47:56 Image size of job updated: 4353268
	3804  -  MemoryUsage of job (MB)
	3895188  -  ResidentSetSize of job (KB)
...
006 (014.3178.000) 05/11 02:48:02 Image size of job updated: 4585716
	3896  -  MemoryUsage of job (MB)
	3988908  -  ResidentSetSize of job (KB)
...
006 (014.3178.000) 05/11 02:48:08 Image size of job updated: 4585716
	3988  -  MemoryUsage of job (MB)
	4082892  -  ResidentSetSize of job (KB)
...
006 (014.3178.000) 05/11 02:48:14 Image size of job updated: 4829428
	4083  -  MemoryUsage of job (MB)
	4180572  -  ResidentSetSize of job (KB)
...
006 (014.3178.000) 05/11 02:48:20 Image size of job updated: 4936948
	4193  -  MemoryUsage of job (MB)
	4293168  -  ResidentSetSize of job (KB)
...
006 (014.3178.000) 05/11 02:48:26 Image size of job updated: 5036276
	4288  -  MemoryUsage of job (MB)
	4390716  -  ResidentSetSize of job (KB)
...
006 (014.3178.000) 05/11 02:48:32 Image size of job updated: 5088500
	4384  -  MemoryUsage of job (MB)
	4488396  -  ResidentSetSize of job (KB)
...
006 (014.3178.000) 05/11 02:48:38 Image size of job updated: 5088500
	4477  -  MemoryUsage of job (MB)
	4583700  -  ResidentSetSize of job (KB)
...
006 (014.3178.000) 05/11 02:48:44 Image size of job updated: 5088500
	4577  -  MemoryUsage of job (MB)
	4686792  -  ResidentSetSize of job (KB)
...
006 (014.3178.000) 05/11 02:48:50 Image size of job updated: 5351668
	4676  -  MemoryUsage of job (MB)
	4788036  -  ResidentSetSize of job (KB)
...
006 (014.3178.000) 05/11 02:48:56 Image size of job updated: 5351668
	4768  -  MemoryUsage of job (MB)
	4882152  -  ResidentSetSize of job (KB)
...
006 (014.3178.000) 05/11 02:49:02 Image size of job updated: 5601524
	4859  -  MemoryUsage of job (MB)
	4974948  -  ResidentSetSize of job (KB)
...
006 (014.3178.000) 05/11 02:49:08 Image size of job updated: 5601524
	4951  -  MemoryUsage of job (MB)
	5069196  -  ResidentSetSize of job (KB)
...
006 (014.3178.000) 05/11 02:49:14 Image size of job updated: 5797108
	5043  -  MemoryUsage of job (MB)
	5163312  -  ResidentSetSize of job (KB)
...
006 (014.3178.000) 05/11 02:49:20 Image size of job updated: 5857524
	5145  -  MemoryUsage of job (MB)
	5267856  -  ResidentSetSize of job (KB)
...
006 (014.3178.000) 05/11 02:49:26 Image size of job updated: 5857524
	5255  -  MemoryUsage of job (MB)
	5380452  -  ResidentSetSize of job (KB)
...
006 (014.3178.000) 05/11 02:49:32 Image size of job updated: 6114548
	5346  -  MemoryUsage of job (MB)
	5474304  -  ResidentSetSize of job (KB)
...
006 (014.3178.000) 05/11 02:49:38 Image size of job updated: 6184180
	5439  -  MemoryUsage of job (MB)
	5568684  -  ResidentSetSize of job (KB)
...
006 (014.3178.000) 05/11 02:49:44 Image size of job updated: 6274292
	5529  -  MemoryUsage of job (MB)
	5661216  -  ResidentSetSize of job (KB)
...
006 (014.3178.000) 05/11 02:49:50 Image size of job updated: 6362356
	5617  -  MemoryUsage of job (MB)
	5750844  -  ResidentSetSize of job (KB)
...
006 (014.3178.000) 05/11 02:49:56 Image size of job updated: 6362356
	5705  -  MemoryUsage of job (MB)
	5841264  -  ResidentSetSize of job (KB)
...
006 (014.3178.000) 05/11 02:50:02 Image size of job updated: 6362356
	5795  -  MemoryUsage of job (MB)
	5933268  -  ResidentSetSize of job (KB)
...
006 (014.3178.000) 05/11 02:50:08 Image size of job updated: 6590708
	5885  -  MemoryUsage of job (MB)
	6025404  -  ResidentSetSize of job (KB)
...
006 (014.3178.000) 05/11 02:50:14 Image size of job updated: 6590708
	5963  -  MemoryUsage of job (MB)
	6105528  -  ResidentSetSize of job (KB)
...
006 (014.3178.000) 05/11 02:50:20 Image size of job updated: 6815988
	6007  -  MemoryUsage of job (MB)
	6150408  -  ResidentSetSize of job (KB)
...
006 (014.3178.000) 05/11 02:50:26 Image size of job updated: 6815988
	6063  -  MemoryUsage of job (MB)
	6208356  -  ResidentSetSize of job (KB)
...
006 (014.3178.000) 05/11 02:50:32 Image size of job updated: 6815988
	6113  -  MemoryUsage of job (MB)
	6259440  -  ResidentSetSize of job (KB)
...
006 (014.3178.000) 05/11 02:50:38 Image size of job updated: 7140596
	6203  -  MemoryUsage of job (MB)
	6351840  -  ResidentSetSize of job (KB)
...
006 (014.3178.000) 05/11 02:50:44 Image size of job updated: 7140596
	6293  -  MemoryUsage of job (MB)
	6443316  -  ResidentSetSize of job (KB)
...
006 (014.3178.000) 05/11 02:50:50 Image size of job updated: 7302388
	6382  -  MemoryUsage of job (MB)
	6534528  -  ResidentSetSize of job (KB)
...
006 (014.3178.000) 05/11 02:50:59 Image size of job updated: 7302388
	6450  -  MemoryUsage of job (MB)
	6603828  -  ResidentSetSize of job (KB)
...
006 (014.3178.000) 05/11 02:51:09 Image size of job updated: 7539956
	6596  -  MemoryUsage of job (MB)
	6754176  -  ResidentSetSize of job (KB)
...
006 (014.3178.000) 05/11 02:51:17 Image size of job updated: 7539956
	6717  -  MemoryUsage of job (MB)
	6877596  -  ResidentSetSize of job (KB)
...
006 (014.3178.000) 05/11 02:51:23 Image size of job updated: 7779572
	6806  -  MemoryUsage of job (MB)
	6968412  -  ResidentSetSize of job (KB)
...
006 (014.3178.000) 05/11 02:51:29 Image size of job updated: 7833844
	6896  -  MemoryUsage of job (MB)
	7060548  -  ResidentSetSize of job (KB)
...
006 (014.3178.000) 05/11 02:51:35 Image size of job updated: 7966964
	6986  -  MemoryUsage of job (MB)
	7152948  -  ResidentSetSize of job (KB)
...
006 (014.3178.000) 05/11 02:51:41 Image size of job updated: 8041716
	7075  -  MemoryUsage of job (MB)
	7244424  -  ResidentSetSize of job (KB)
...
006 (014.3178.000) 05/11 02:51:47 Image size of job updated: 8041716
	7165  -  MemoryUsage of job (MB)
	7336164  -  ResidentSetSize of job (KB)
...
006 (014.3178.000) 05/11 02:51:53 Image size of job updated: 8041716
	7253  -  MemoryUsage of job (MB)
	7426848  -  ResidentSetSize of job (KB)
...
006 (014.3178.000) 05/11 02:51:59 Image size of job updated: 8241396
	7342  -  MemoryUsage of job (MB)
	7517664  -  ResidentSetSize of job (KB)
...
006 (014.3178.000) 05/11 02:52:05 Image size of job updated: 8382708
	7431  -  MemoryUsage of job (MB)
	7609272  -  ResidentSetSize of job (KB)
...
006 (014.3178.000) 05/11 02:52:11 Image size of job updated: 8505588
	7520  -  MemoryUsage of job (MB)
	7700088  -  ResidentSetSize of job (KB)
...
006 (014.3178.000) 05/11 02:52:18 Image size of job updated: 8505588
	7608  -  MemoryUsage of job (MB)
	7789848  -  ResidentSetSize of job (KB)
...
006 (014.3178.000) 05/11 02:52:23 Image size of job updated: 8505588
	7682  -  MemoryUsage of job (MB)
	7866276  -  ResidentSetSize of job (KB)
...
006 (014.3178.000) 05/11 02:52:28 Image size of job updated: 8505588
	7758  -  MemoryUsage of job (MB)
	7944156  -  ResidentSetSize of job (KB)
...
006 (014.3178.000) 05/11 02:52:33 Image size of job updated: 8769780
	7834  -  MemoryUsage of job (MB)
	8021904  -  ResidentSetSize of job (KB)
...
006 (014.3178.000) 05/11 02:52:38 Image size of job updated: 8769780
	7910  -  MemoryUsage of job (MB)
	8098860  -  ResidentSetSize of job (KB)
...
006 (014.3178.000) 05/11 02:52:43 Image size of job updated: 8934644
	7985  -  MemoryUsage of job (MB)
	8175948  -  ResidentSetSize of job (KB)
...
006 (014.3178.000) 05/11 02:52:48 Image size of job updated: 9056500
	8063  -  MemoryUsage of job (MB)
	8255808  -  ResidentSetSize of job (KB)
...
006 (014.3178.000) 05/11 02:52:53 Image size of job updated: 9056500
	8138  -  MemoryUsage of job (MB)
	8332764  -  ResidentSetSize of job (KB)
...
006 (014.3178.000) 05/11 02:52:58 Image size of job updated: 9056500
	8213  -  MemoryUsage of job (MB)
	8409984  -  ResidentSetSize of job (KB)
...
006 (014.3178.000) 05/11 02:53:03 Image size of job updated: 9267444
	8289  -  MemoryUsage of job (MB)
	8487336  -  ResidentSetSize of job (KB)
...
006 (014.3178.000) 05/11 02:53:08 Image size of job updated: 9267444
	8364  -  MemoryUsage of job (MB)
	8564160  -  ResidentSetSize of job (KB)
...
006 (014.3178.000) 05/11 02:53:13 Image size of job updated: 9444596
	8438  -  MemoryUsage of job (MB)
	8639664  -  ResidentSetSize of job (KB)
...
006 (014.3178.000) 05/11 02:53:18 Image size of job updated: 9518324
	8513  -  MemoryUsage of job (MB)
	8717280  -  ResidentSetSize of job (KB)
...
006 (014.3178.000) 05/11 02:53:23 Image size of job updated: 9518324
	8588  -  MemoryUsage of job (MB)
	8793444  -  ResidentSetSize of job (KB)
...
006 (014.3178.000) 05/11 02:53:28 Image size of job updated: 9673972
	8663  -  MemoryUsage of job (MB)
	8870400  -  ResidentSetSize of job (KB)
...
006 (014.3178.000) 05/11 02:53:33 Image size of job updated: 9742580
	8740  -  MemoryUsage of job (MB)
	8949336  -  ResidentSetSize of job (KB)
...
006 (014.3178.000) 05/11 02:53:38 Image size of job updated: 9742580
	8962  -  MemoryUsage of job (MB)
	9176640  -  ResidentSetSize of job (KB)
...
006 (014.3178.000) 05/11 02:53:43 Image size of job updated: 9985268
	8978  -  MemoryUsage of job (MB)
	9193008  -  ResidentSetSize of job (KB)
...
005 (014.3178.000) 05/11 02:53:45 Job terminated.
	(1) Normal termination (return value 0)
		Usr 0 00:25:51, Sys 0 00:00:09  -  Run Remote Usage
		Usr 0 00:00:00, Sys 0 00:00:00  -  Run Local Usage
		Usr 0 00:25:51, Sys 0 00:00:09  -  Total Remote Usage
		Usr 0 00:00:00, Sys 0 00:00:00  -  Total Local Usage
	0  -  Run Bytes Sent By Job
	0  -  Run Bytes Received By Job
	0  -  Total Bytes Sent By Job
	0  -  Total Bytes Received By Job
	Partitionable Resources :      Usage  Request Allocated 
	   Cpus                 :       0.94        1         1 
	   Disk (KB)            : 2000000     2000000   6232219 
	   Memory (MB)          :    8978        1954      2007 
...
