000 (205.6492.000) 05/06 03:20:49 Job submitted from host: <127.0.0.1:9618?addrs=127.0.0.1-9618&noUDP&sock=222_da1d_4>
...
033 (205.6492.000) 05/06 14:23:35 Changing job attribute JobPrio from 0 to -5
...
000 (007.6492.000) 05/07 19:00:36 Job submitted from host: <127.0.0.1:9618?addrs=127.0.0.1-9618&noUDP&sock=215_0cf3_4>
...
000 (016.6492.000) 05/08 15:57:40 Job submitted from host: <127.0.0.1:9618?addrs=127.0.0.1-9618&noUDP&sock=227_4816_4>
...
009 (016.6492.000) 05/09 16:55:29 Job was aborted by the user.
	via condor_rm (by user aw868)
...
000 (017.3159.000) 05/09 17:26:19 Job submitted from host: <127.0.0.1:9618?addrs=127.0.0.1-9618&noUDP&sock=227_4816_4>
...
001 (017.3159.000) 05/10 16:13:13 Job executing on host: <127.0.0.1:9618?addrs=127.0.0.1-9618&noUDP&sock=227_4816_5>
...
006 (017.3159.000) 05/10 16:13:18 Image size of job updated: 2000000
	111  -  MemoryUsage of job (MB)
	112992  -  ResidentSetSize of job (KB)
...
006 (017.3159.000) 05/10 16:13:23 Image size of job updated: 2000000
	115  -  MemoryUsage of job (MB)
	116820  -  ResidentSetSize of job (KB)
...
006 (017.3159.000) 05/10 16:13:46 Image size of job updated: 2000000
	147  -  MemoryUsage of job (MB)
	150216  -  ResidentSetSize of job (KB)
...
006 (017.3159.000) 05/10 16:13:52 Image size of job updated: 2000000
	211  -  MemoryUsage of job (MB)
	215160  -  ResidentSetSize of job (KB)
...
006 (017.3159.000) 05/10 16:13:58 Image size of job updated: 2000000
	211  -  MemoryUsage of job (MB)
	215556  -  ResidentSetSize of job (KB)
...
006 (017.3159.000) 05/10 16:14:04 Image size of job updated: 2000000
	216  -  MemoryUsage of job (MB)
	220308  -  ResidentSetSize of job (KB)
...
006 (017.3159.000) 05/10 16:14:10 Image size of job updated: 2000000
	218  -  MemoryUsage of job (MB)
	222288  -  ResidentSetSize of job (KB)
...
006 (017.3159.000) 05/10 16:14:16 Image size of job updated: 2000000
	232  -  MemoryUsage of job (MB)
	237336  -  ResidentSetSize of job (KB)
...
006 (017.3159.000) 05/10 16:14:22 Image size of job updated: 2000000
	247  -  MemoryUsage of job (MB)
	252120  -  ResidentSetSize of job (KB)
...
006 (017.3159.000) 05/10 16:14:28 Image size of job updated: 2000000
	259  -  MemoryUsage of job (MB)
	265188  -  ResidentSetSize of job (KB)
...
006 (017.3159.000) 05/10 16:14:34 Image size of job updated: 2000000
	270  -  MemoryUsage of job (MB)
	276144  -  ResidentSetSize of job (KB)
...
006 (017.3159.000) 05/10 16:14:40 Image size of job updated: 2000000
	309  -  MemoryUsage of job (MB)
	315876  -  ResidentSetSize of job (KB)
...
006 (017.3159.000) 05/10 16:14:46 Image size of job updated: 2000000
	359  -  MemoryUsage of job (MB)
	367092  -  ResidentSetSize of job (KB)
...
006 (017.3159.000) 05/10 16:14:52 Image size of job updated: 2000000
	377  -  MemoryUsage of job (MB)
	385176  -  ResidentSetSize of job (KB)
...
006 (017.3159.000) 05/10 16:14:58 Image size of job updated: 2000000
	431  -  MemoryUsage of job (MB)
	440352  -  ResidentSetSize of job (KB)
...
006 (017.3159.000) 05/10 16:15:04 Image size of job updated: 2000000
	494  -  MemoryUsage of job (MB)
	505296  -  ResidentSetSize of job (KB)
...
006 (017.3159.000) 05/10 16:15:10 Image size of job updated: 2000000
	580  -  MemoryUsage of job (MB)
	593208  -  ResidentSetSize of job (KB)
...
006 (017.3159.000) 05/10 16:15:16 Image size of job updated: 2000000
	1242  -  MemoryUsage of job (MB)
	1271292  -  ResidentSetSize of job (KB)
...
006 (017.3159.000) 05/10 16:31:49 Image size of job updated: 2000000
	1539  -  MemoryUsage of job (MB)
	1575684  -  ResidentSetSize of job (KB)
...
006 (017.3159.000) 05/10 16:31:55 Image size of job updated: 2303312
	1728  -  MemoryUsage of job (MB)
	1769328  -  ResidentSetSize of job (KB)
...
006 (017.3159.000) 05/10 16:32:01 Image size of job updated: 2303312
	2008  -  MemoryUsage of job (MB)
	2055636  -  ResidentSetSize of job (KB)
...
006 (017.3159.000) 05/10 16:32:07 Image size of job updated: 2704616
	2008  -  MemoryUsage of job (MB)
	2055636  -  ResidentSetSize of job (KB)
...
006 (017.3159.000) 05/10 16:32:19 Image size of job updated: 2737896
	2072  -  MemoryUsage of job (MB)
	2121372  -  ResidentSetSize of job (KB)
...
006 (017.3159.000) 05/10 16:32:25 Image size of job updated: 2737896
	2149  -  MemoryUsage of job (MB)
	2200044  -  ResidentSetSize of job (KB)
...
006 (017.3159.000) 05/10 16:32:32 Image size of job updated: 2902760
	2198  -  MemoryUsage of job (MB)
	2250204  -  ResidentSetSize of job (KB)
...
006 (017.3159.000) 05/10 16:32:37 Image size of job updated: 2920168
	2233  -  MemoryUsage of job (MB)
	2286108  -  ResidentSetSize of job (KB)
...
006 (017.3159.000) 05/10 16:32:42 Image size of job updated: 2920168
	2264  -  MemoryUsage of job (MB)
	2318052  -  ResidentSetSize of job (KB)
...
006 (017.3159.000) 05/10 16:32:47 Image size of job updated: 2920168
	2295  -  MemoryUsage of job (MB)
	2349072  -  ResidentSetSize of job (KB)
...
006 (017.3159.000) 05/10 16:32:52 Image size of job updated: 2920168
	2324  -  MemoryUsage of job (MB)
	2379564  -  ResidentSetSize of job (KB)
...
006 (017.3159.000) 05/10 16:32:57 Image size of job updated: 3045096
	2353  -  MemoryUsage of job (MB)
	2408604  -  ResidentSetSize of job (KB)
...
006 (017.3159.000) 05/10 16:33:02 Image size of job updated: 3045096
	2381  -  MemoryUsage of job (MB)
	2437776  -  ResidentSetSize of job (KB)
...
006 (017.3159.000) 05/10 16:33:07 Image size of job updated: 3045096
	2410  -  MemoryUsage of job (MB)
	2466948  -  ResidentSetSize of job (KB)
...
006 (017.3159.000) 05/10 16:33:12 Image size of job updated: 3128040
	2438  -  MemoryUsage of job (MB)
	2496384  -  ResidentSetSize of job (KB)
...
006 (017.3159.000) 05/10 16:33:17 Image size of job updated: 3128040
	2467  -  MemoryUsage of job (MB)
	2525424  -  ResidentSetSize of job (KB)
...
006 (017.3159.000) 05/10 16:33:22 Image size of job updated: 3128040
	2495  -  MemoryUsage of job (MB)
	2554596  -  ResidentSetSize of job (KB)
...
006 (017.3159.000) 05/10 16:33:27 Image size of job updated: 3215080
	2524  -  MemoryUsage of job (MB)
	2584428  -  ResidentSetSize of job (KB)
...
006 (017.3159.000) 05/10 16:33:32 Image size of job updated: 3215080
	2553  -  MemoryUsage of job (MB)
	2613336  -  ResidentSetSize of job (KB)
...
006 (017.3159.000) 05/10 16:33:37 Image size of job updated: 3215080
	2581  -  MemoryUsage of job (MB)
	2642904  -  ResidentSetSize of job (KB)
...
006 (017.3159.000) 05/10 16:33:42 Image size of job updated: 3303144
	2610  -  MemoryUsage of job (MB)
	2672340  -  ResidentSetSize of job (KB)
...
006 (017.3159.000) 05/10 16:33:47 Image size of job updated: 3303144
	2639  -  MemoryUsage of job (MB)
	2701380  -  ResidentSetSize of job (KB)
...
006 (017.3159.000) 05/10 16:33:52 Image size of job updated: 3363560
	2668  -  MemoryUsage of job (MB)
	2731212  -  ResidentSetSize of job (KB)
...
006 (017.3159.000) 05/10 16:33:57 Image size of job updated: 3396328
	2696  -  MemoryUsage of job (MB)
	2760120  -  ResidentSetSize of job (KB)
...
006 (017.3159.000) 05/10 16:34:02 Image size of job updated: 3396328
	2725  -  MemoryUsage of job (MB)
	2789820  -  ResidentSetSize of job (KB)
...
006 (017.3159.000) 05/10 16:34:07 Image size of job updated: 3396328
	2754  -  MemoryUsage of job (MB)
	2819388  -  ResidentSetSize of job (KB)
...
006 (017.3159.000) 05/10 16:34:12 Image size of job updated: 3485416
	2783  -  MemoryUsage of job (MB)
	2848956  -  ResidentSetSize of job (KB)
...
006 (017.3159.000) 05/10 16:34:17 Image size of job updated: 3519208
	2811  -  MemoryUsage of job (MB)
	2878128  -  ResidentSetSize of job (KB)
...
006 (017.3159.000) 05/10 16:34:22 Image size of job updated: 3534568
	2842  -  MemoryUsage of job (MB)
	2909412  -  ResidentSetSize of job (KB)
...
006 (017.3159.000) 05/10 16:34:27 Image size of job updated: 3571432
	2870  -  MemoryUsage of job (MB)
	2938056  -  ResidentSetSize of job (KB)
...
006 (017.3159.000) 05/10 16:34:32 Image size of job updated: 3614440
	2898  -  MemoryUsage of job (MB)
	2966700  -  ResidentSetSize of job (KB)
...
006 (017.3159.000) 05/10 16:34:37 Image size of job updated: 3614440
	2926  -  MemoryUsage of job (MB)
	2995872  -  ResidentSetSize of job (KB)
...
006 (017.3159.000) 05/10 16:34:42 Image size of job updated: 3659496
	2956  -  MemoryUsage of job (MB)
	3026496  -  ResidentSetSize of job (KB)
...
006 (017.3159.000) 05/10 16:34:47 Image size of job updated: 3659496
	2986  -  MemoryUsage of job (MB)
	3056724  -  ResidentSetSize of job (KB)
...
006 (017.3159.000) 05/10 16:34:52 Image size of job updated: 3659496
	3015  -  MemoryUsage of job (MB)
	3086688  -  ResidentSetSize of job (KB)
...
006 (017.3159.000) 05/10 16:34:57 Image size of job updated: 3761896
	3045  -  MemoryUsage of job (MB)
	3117444  -  ResidentSetSize of job (KB)
...
006 (017.3159.000) 05/10 16:35:02 Image size of job updated: 3761896
	3078  -  MemoryUsage of job (MB)
	3151236  -  ResidentSetSize of job (KB)
...
006 (017.3159.000) 05/10 16:35:07 Image size of job updated: 3761896
	3111  -  MemoryUsage of job (MB)
	3184764  -  ResidentSetSize of job (KB)
...
006 (017.3159.000) 05/10 16:35:12 Image size of job updated: 3862248
	3139  -  MemoryUsage of job (MB)
	3213804  -  ResidentSetSize of job (KB)
...
006 (017.3159.000) 05/10 16:35:17 Image size of job updated: 3872488
	3168  -  MemoryUsage of job (MB)
	3243636  -  ResidentSetSize of job (KB)
...
006 (017.3159.000) 05/10 16:35:22 Image size of job updated: 3903208
	3198  -  MemoryUsage of job (MB)
	3273864  -  ResidentSetSize of job (KB)
...
006 (017.3159.000) 05/10 16:35:27 Image size of job updated: 3948264
	3228  -  MemoryUsage of job (MB)
	3304752  -  ResidentSetSize of job (KB)
...
006 (017.3159.000) 05/10 16:35:32 Image size of job updated: 3948264
	3256  -  MemoryUsage of job (MB)
	3334056  -  ResidentSetSize of job (KB)
...
006 (017.3159.000) 05/10 16:35:37 Image size of job updated: 3948264
	3285  -  MemoryUsage of job (MB)
	3363624  -  ResidentSetSize of job (KB)
...
006 (017.3159.000) 05/10 16:35:42 Image size of job updated: 4036328
	3314  -  MemoryUsage of job (MB)
	3392664  -  ResidentSetSize of job (KB)
...
006 (017.3159.000) 05/10 16:35:47 Image size of job updated: 4036328
	3343  -  MemoryUsage of job (MB)
	3422364  -  ResidentSetSize of job (KB)
...
006 (017.3159.000) 05/10 16:35:52 Image size of job updated: 4036328
	3372  -  MemoryUsage of job (MB)
	3452064  -  ResidentSetSize of job (KB)
...
006 (017.3159.000) 05/10 16:35:57 Image size of job updated: 4129512
	3400  -  MemoryUsage of job (MB)
	3481104  -  ResidentSetSize of job (KB)
...
006 (017.3159.000) 05/10 16:36:02 Image size of job updated: 4129512
	3429  -  MemoryUsage of job (MB)
	3510804  -  ResidentSetSize of job (KB)
...
006 (017.3159.000) 05/10 16:36:07 Image size of job updated: 4129512
	3458  -  MemoryUsage of job (MB)
	3540240  -  ResidentSetSize of job (KB)
...
006 (017.3159.000) 05/10 16:36:12 Image size of job updated: 4217576
	3486  -  MemoryUsage of job (MB)
	3569544  -  ResidentSetSize of job (KB)
...
006 (017.3159.000) 05/10 16:36:17 Image size of job updated: 4217576
	3514  -  MemoryUsage of job (MB)
	3598320  -  ResidentSetSize of job (KB)
...
006 (017.3159.000) 05/10 16:36:22 Image size of job updated: 4217576
	3542  -  MemoryUsage of job (MB)
	3626040  -  ResidentSetSize of job (KB)
...
006 (017.3159.000) 05/10 16:36:27 Image size of job updated: 4312808
	3568  -  MemoryUsage of job (MB)
	3652968  -  ResidentSetSize of job (KB)
...
006 (017.3159.000) 05/10 16:36:32 Image size of job updated: 4330216
	3596  -  MemoryUsage of job (MB)
	3682140  -  ResidentSetSize of job (KB)
...
006 (017.3159.000) 05/10 16:36:37 Image size of job updated: 4330216
	3625  -  MemoryUsage of job (MB)
	3711972  -  ResidentSetSize of job (KB)
...
006 (017.3159.000) 05/10 16:36:42 Image size of job updated: 4401896
	3655  -  MemoryUsage of job (MB)
	3742596  -  ResidentSetSize of job (KB)
...
006 (017.3159.000) 05/10 16:36:47 Image size of job updated: 4424424
	3686  -  MemoryUsage of job (MB)
	3773748  -  ResidentSetSize of job (KB)
...
006 (017.3159.000) 05/10 16:36:52 Image size of job updated: 4424424
	3714  -  MemoryUsage of job (MB)
	3803052  -  ResidentSetSize of job (KB)
...
006 (017.3159.000) 05/10 16:36:57 Image size of job updated: 4492008
	3743  -  MemoryUsage of job (MB)
	3832620  -  ResidentSetSize of job (KB)
...
006 (017.3159.000) 05/10 16:37:02 Image size of job updated: 4492008
	3772  -  MemoryUsage of job (MB)
	3861792  -  ResidentSetSize of job (KB)
...
006 (017.3159.000) 05/10 16:37:07 Image size of job updated: 4492008
	3800  -  MemoryUsage of job (MB)
	3890832  -  ResidentSetSize of job (KB)
...
006 (017.3159.000) 05/10 16:37:12 Image size of job updated: 4575976
	3812  -  MemoryUsage of job (MB)
	3903372  -  ResidentSetSize of job (KB)
...
006 (017.3159.000) 05/10 16:37:17 Image size of job updated: 4575976
	3823  -  MemoryUsage of job (MB)
	3914724  -  ResidentSetSize of job (KB)
...
006 (017.3159.000) 05/10 16:37:22 Image size of job updated: 4575976
	3834  -  MemoryUsage of job (MB)
	3925944  -  ResidentSetSize of job (KB)
...
006 (017.3159.000) 05/10 16:37:27 Image size of job updated: 4660968
	3838  -  MemoryUsage of job (MB)
	3929508  -  ResidentSetSize of job (KB)
...
006 (017.3159.000) 05/10 16:37:32 Image size of job updated: 4660968
	3869  -  MemoryUsage of job (MB)
	3961452  -  ResidentSetSize of job (KB)
...
006 (017.3159.000) 05/10 16:37:37 Image size of job updated: 4660968
	3900  -  MemoryUsage of job (MB)
	3992736  -  ResidentSetSize of job (KB)
...
006 (017.3159.000) 05/10 16:37:42 Image size of job updated: 4660968
	3931  -  MemoryUsage of job (MB)
	4025076  -  ResidentSetSize of job (KB)
...
006 (017.3159.000) 05/10 16:37:47 Image size of job updated: 4769512
	3962  -  MemoryUsage of job (MB)
	4056756  -  ResidentSetSize of job (KB)
...
006 (017.3159.000) 05/10 16:37:52 Image size of job updated: 4769512
	3994  -  MemoryUsage of job (MB)
	4088964  -  ResidentSetSize of job (KB)
...
006 (017.3159.000) 05/10 16:37:57 Image size of job updated: 4769512
	4023  -  MemoryUsage of job (MB)
	4118532  -  ResidentSetSize of job (KB)
...
006 (017.3159.000) 05/10 16:38:02 Image size of job updated: 4881128
	4054  -  MemoryUsage of job (MB)
	4150608  -  ResidentSetSize of job (KB)
...
006 (017.3159.000) 05/10 16:38:07 Image size of job updated: 4881128
	4086  -  MemoryUsage of job (MB)
	4183608  -  ResidentSetSize of job (KB)
...
006 (017.3159.000) 05/10 16:38:13 Image size of job updated: 4881128
	4123  -  MemoryUsage of job (MB)
	4221228  -  ResidentSetSize of job (KB)
...
006 (017.3159.000) 05/10 16:38:19 Image size of job updated: 4958952
	4158  -  MemoryUsage of job (MB)
	4257660  -  ResidentSetSize of job (KB)
...
006 (017.3159.000) 05/10 16:38:25 Image size of job updated: 4958952
	4194  -  MemoryUsage of job (MB)
	4294620  -  ResidentSetSize of job (KB)
...
006 (017.3159.000) 05/10 16:38:31 Image size of job updated: 5050088
	4230  -  MemoryUsage of job (MB)
	4331184  -  ResidentSetSize of job (KB)
...
006 (017.3159.000) 05/10 16:38:37 Image size of job updated: 5100264
	4267  -  MemoryUsage of job (MB)
	4368804  -  ResidentSetSize of job (KB)
...
006 (017.3159.000) 05/10 16:38:43 Image size of job updated: 5262056
	4494  -  MemoryUsage of job (MB)
	4601256  -  ResidentSetSize of job (KB)
...
006 (017.3159.000) 05/10 16:38:49 Image size of job updated: 5337576
	4494  -  MemoryUsage of job (MB)
	4601388  -  ResidentSetSize of job (KB)
...
005 (017.3159.000) 05/10 16:38:50 Job terminated.
	(1) Normal termination (return value 0)
		Usr 0 00:24:52, Sys 0 00:00:07  -  Run Remote Usage
		Usr 0 00:00:00, Sys 0 00:00:00  -  Run Local Usage
		Usr 0 00:24:52, Sys 0 00:00:07  -  Total Remote Usage
		Usr 0 00:00:00, Sys 0 00:00:00  -  Total Local Usage
	0  -  Run Bytes Sent By Job
	0  -  Run Bytes Received By Job
	0  -  Total Bytes Sent By Job
	0  -  Total Bytes Received By Job
	Partitionable Resources :      Usage  Request Allocated 
	   Cpus                 :       0.97        1         1 
	   Disk (KB)            : 2000000     2000000   6275465 
	   Memory (MB)          :    4494        1954      2007 
...
