000 (205.5345.000) 05/06 03:20:09 Job submitted from host: <127.0.0.1:9618?addrs=127.0.0.1-9618&noUDP&sock=222_da1d_4>
...
033 (205.5345.000) 05/06 14:23:10 Changing job attribute JobPrio from 0 to -5
...
000 (007.5345.000) 05/07 19:00:22 Job submitted from host: <127.0.0.1:9618?addrs=127.0.0.1-9618&noUDP&sock=215_0cf3_4>
...
000 (016.5345.000) 05/08 15:57:28 Job submitted from host: <127.0.0.1:9618?addrs=127.0.0.1-9618&noUDP&sock=227_4816_4>
...
009 (016.5345.000) 05/09 16:55:03 Job was aborted by the user.
	via condor_rm (by user aw868)
...
000 (017.2012.000) 05/09 17:26:09 Job submitted from host: <127.0.0.1:9618?addrs=127.0.0.1-9618&noUDP&sock=227_4816_4>
...
001 (017.2012.000) 05/10 07:56:16 Job executing on host: <127.0.0.1:9618?addrs=127.0.0.1-9618&noUDP&sock=227_4816_5>
...
006 (017.2012.000) 05/10 07:56:21 Image size of job updated: 2000000
	115  -  MemoryUsage of job (MB)
	117084  -  ResidentSetSize of job (KB)
...
006 (017.2012.000) 05/10 07:57:16 Image size of job updated: 2000000
	139  -  MemoryUsage of job (MB)
	141900  -  ResidentSetSize of job (KB)
...
006 (017.2012.000) 05/10 07:57:21 Image size of job updated: 2000000
	202  -  MemoryUsage of job (MB)
	206052  -  ResidentSetSize of job (KB)
...
006 (017.2012.000) 05/10 07:57:33 Image size of job updated: 2000000
	208  -  MemoryUsage of job (MB)
	212784  -  ResidentSetSize of job (KB)
...
006 (017.2012.000) 05/10 07:57:55 Image size of job updated: 2000000
	237  -  MemoryUsage of job (MB)
	242484  -  ResidentSetSize of job (KB)
...
006 (017.2012.000) 05/10 07:58:12 Image size of job updated: 2000000
	260  -  MemoryUsage of job (MB)
	265980  -  ResidentSetSize of job (KB)
...
006 (017.2012.000) 05/10 07:58:22 Image size of job updated: 2000000
	282  -  MemoryUsage of job (MB)
	288024  -  ResidentSetSize of job (KB)
...
006 (017.2012.000) 05/10 07:58:28 Image size of job updated: 2000000
	327  -  MemoryUsage of job (MB)
	334752  -  ResidentSetSize of job (KB)
...
006 (017.2012.000) 05/10 07:58:33 Image size of job updated: 2000000
	374  -  MemoryUsage of job (MB)
	382536  -  ResidentSetSize of job (KB)
...
006 (017.2012.000) 05/10 07:58:38 Image size of job updated: 2000000
	377  -  MemoryUsage of job (MB)
	385572  -  ResidentSetSize of job (KB)
...
006 (017.2012.000) 05/10 07:58:43 Image size of job updated: 2000000
	391  -  MemoryUsage of job (MB)
	400356  -  ResidentSetSize of job (KB)
...
006 (017.2012.000) 05/10 07:58:48 Image size of job updated: 2000000
	457  -  MemoryUsage of job (MB)
	467148  -  ResidentSetSize of job (KB)
...
006 (017.2012.000) 05/10 07:58:53 Image size of job updated: 2000000
	507  -  MemoryUsage of job (MB)
	518760  -  ResidentSetSize of job (KB)
...
006 (017.2012.000) 05/10 07:58:58 Image size of job updated: 2000000
	702  -  MemoryUsage of job (MB)
	718080  -  ResidentSetSize of job (KB)
...
006 (017.2012.000) 05/10 07:59:03 Image size of job updated: 2000000
	1242  -  MemoryUsage of job (MB)
	1271556  -  ResidentSetSize of job (KB)
...
006 (017.2012.000) 05/10 08:17:51 Image size of job updated: 2000000
	1531  -  MemoryUsage of job (MB)
	1567104  -  ResidentSetSize of job (KB)
...
006 (017.2012.000) 05/10 08:17:57 Image size of job updated: 2454228
	1709  -  MemoryUsage of job (MB)
	1749660  -  ResidentSetSize of job (KB)
...
006 (017.2012.000) 05/10 08:18:03 Image size of job updated: 2454228
	2005  -  MemoryUsage of job (MB)
	2052864  -  ResidentSetSize of job (KB)
...
006 (017.2012.000) 05/10 08:18:09 Image size of job updated: 2654452
	2034  -  MemoryUsage of job (MB)
	2082564  -  ResidentSetSize of job (KB)
...
006 (017.2012.000) 05/10 08:18:15 Image size of job updated: 2771188
	2128  -  MemoryUsage of job (MB)
	2178792  -  ResidentSetSize of job (KB)
...
006 (017.2012.000) 05/10 08:18:21 Image size of job updated: 2771188
	2224  -  MemoryUsage of job (MB)
	2277264  -  ResidentSetSize of job (KB)
...
006 (017.2012.000) 05/10 08:18:27 Image size of job updated: 3010804
	2317  -  MemoryUsage of job (MB)
	2372040  -  ResidentSetSize of job (KB)
...
006 (017.2012.000) 05/10 08:18:33 Image size of job updated: 3010804
	2406  -  MemoryUsage of job (MB)
	2463516  -  ResidentSetSize of job (KB)
...
006 (017.2012.000) 05/10 08:18:39 Image size of job updated: 3132660
	2496  -  MemoryUsage of job (MB)
	2555124  -  ResidentSetSize of job (KB)
...
006 (017.2012.000) 05/10 08:18:45 Image size of job updated: 3272948
	2585  -  MemoryUsage of job (MB)
	2646336  -  ResidentSetSize of job (KB)
...
006 (017.2012.000) 05/10 08:18:51 Image size of job updated: 3272948
	2676  -  MemoryUsage of job (MB)
	2739792  -  ResidentSetSize of job (KB)
...
006 (017.2012.000) 05/10 08:18:57 Image size of job updated: 3272948
	2766  -  MemoryUsage of job (MB)
	2831796  -  ResidentSetSize of job (KB)
...
006 (017.2012.000) 05/10 08:19:03 Image size of job updated: 3513588
	2849  -  MemoryUsage of job (MB)
	2917200  -  ResidentSetSize of job (KB)
...
006 (017.2012.000) 05/10 08:19:08 Image size of job updated: 3572980
	2923  -  MemoryUsage of job (MB)
	2992704  -  ResidentSetSize of job (KB)
...
006 (017.2012.000) 05/10 08:19:13 Image size of job updated: 3648756
	2998  -  MemoryUsage of job (MB)
	3069924  -  ResidentSetSize of job (KB)
...
006 (017.2012.000) 05/10 08:19:18 Image size of job updated: 3742964
	3073  -  MemoryUsage of job (MB)
	3146748  -  ResidentSetSize of job (KB)
...
006 (017.2012.000) 05/10 08:19:23 Image size of job updated: 3742964
	3144  -  MemoryUsage of job (MB)
	3219084  -  ResidentSetSize of job (KB)
...
006 (017.2012.000) 05/10 08:19:28 Image size of job updated: 3908852
	3218  -  MemoryUsage of job (MB)
	3294588  -  ResidentSetSize of job (KB)
...
006 (017.2012.000) 05/10 08:19:33 Image size of job updated: 3965172
	3291  -  MemoryUsage of job (MB)
	3369828  -  ResidentSetSize of job (KB)
...
006 (017.2012.000) 05/10 08:19:38 Image size of job updated: 3965172
	3365  -  MemoryUsage of job (MB)
	3445200  -  ResidentSetSize of job (KB)
...
006 (017.2012.000) 05/10 08:19:43 Image size of job updated: 3965172
	3436  -  MemoryUsage of job (MB)
	3517668  -  ResidentSetSize of job (KB)
...
006 (017.2012.000) 05/10 08:19:48 Image size of job updated: 4186356
	3506  -  MemoryUsage of job (MB)
	3589872  -  ResidentSetSize of job (KB)
...
006 (017.2012.000) 05/10 08:19:53 Image size of job updated: 4186356
	3579  -  MemoryUsage of job (MB)
	3664056  -  ResidentSetSize of job (KB)
...
006 (017.2012.000) 05/10 08:19:58 Image size of job updated: 4186356
	3651  -  MemoryUsage of job (MB)
	3737976  -  ResidentSetSize of job (KB)
...
006 (017.2012.000) 05/10 08:20:03 Image size of job updated: 4446452
	3723  -  MemoryUsage of job (MB)
	3812028  -  ResidentSetSize of job (KB)
...
006 (017.2012.000) 05/10 08:20:08 Image size of job updated: 4490484
	3794  -  MemoryUsage of job (MB)
	3885024  -  ResidentSetSize of job (KB)
...
006 (017.2012.000) 05/10 08:20:13 Image size of job updated: 4490484
	3866  -  MemoryUsage of job (MB)
	3958284  -  ResidentSetSize of job (KB)
...
006 (017.2012.000) 05/10 08:20:18 Image size of job updated: 4631796
	3937  -  MemoryUsage of job (MB)
	4031016  -  ResidentSetSize of job (KB)
...
006 (017.2012.000) 05/10 08:20:23 Image size of job updated: 4631796
	4008  -  MemoryUsage of job (MB)
	4103484  -  ResidentSetSize of job (KB)
...
006 (017.2012.000) 05/10 08:20:28 Image size of job updated: 4631796
	4081  -  MemoryUsage of job (MB)
	4178460  -  ResidentSetSize of job (KB)
...
006 (017.2012.000) 05/10 08:20:33 Image size of job updated: 4881652
	4153  -  MemoryUsage of job (MB)
	4251852  -  ResidentSetSize of job (KB)
...
006 (017.2012.000) 05/10 08:20:38 Image size of job updated: 4881652
	4227  -  MemoryUsage of job (MB)
	4327752  -  ResidentSetSize of job (KB)
...
006 (017.2012.000) 05/10 08:20:43 Image size of job updated: 4881652
	4300  -  MemoryUsage of job (MB)
	4402200  -  ResidentSetSize of job (KB)
...
006 (017.2012.000) 05/10 08:20:48 Image size of job updated: 5106932
	4373  -  MemoryUsage of job (MB)
	4477044  -  ResidentSetSize of job (KB)
...
006 (017.2012.000) 05/10 08:20:53 Image size of job updated: 5106932
	4444  -  MemoryUsage of job (MB)
	4550436  -  ResidentSetSize of job (KB)
...
006 (017.2012.000) 05/10 08:20:58 Image size of job updated: 5106932
	4517  -  MemoryUsage of job (MB)
	4624752  -  ResidentSetSize of job (KB)
...
006 (017.2012.000) 05/10 08:21:03 Image size of job updated: 5329140
	4591  -  MemoryUsage of job (MB)
	4701048  -  ResidentSetSize of job (KB)
...
006 (017.2012.000) 05/10 08:21:08 Image size of job updated: 5329140
	4675  -  MemoryUsage of job (MB)
	4786980  -  ResidentSetSize of job (KB)
...
006 (017.2012.000) 05/10 08:21:13 Image size of job updated: 5329140
	4735  -  MemoryUsage of job (MB)
	4848096  -  ResidentSetSize of job (KB)
...
006 (017.2012.000) 05/10 08:21:18 Image size of job updated: 5580020
	4826  -  MemoryUsage of job (MB)
	4941024  -  ResidentSetSize of job (KB)
...
006 (017.2012.000) 05/10 08:21:23 Image size of job updated: 5672180
	4910  -  MemoryUsage of job (MB)
	5027088  -  ResidentSetSize of job (KB)
...
006 (017.2012.000) 05/10 08:21:28 Image size of job updated: 5672180
	4979  -  MemoryUsage of job (MB)
	5098368  -  ResidentSetSize of job (KB)
...
006 (017.2012.000) 05/10 08:21:33 Image size of job updated: 5833972
	5050  -  MemoryUsage of job (MB)
	5170704  -  ResidentSetSize of job (KB)
...
006 (017.2012.000) 05/10 08:21:38 Image size of job updated: 5833972
	5078  -  MemoryUsage of job (MB)
	5199744  -  ResidentSetSize of job (KB)
...
006 (017.2012.000) 05/10 08:21:43 Image size of job updated: 5833972
	5091  -  MemoryUsage of job (MB)
	5212284  -  ResidentSetSize of job (KB)
...
006 (017.2012.000) 05/10 08:21:48 Image size of job updated: 6037748
	5122  -  MemoryUsage of job (MB)
	5244360  -  ResidentSetSize of job (KB)
...
006 (017.2012.000) 05/10 08:21:53 Image size of job updated: 6037748
	5162  -  MemoryUsage of job (MB)
	5285280  -  ResidentSetSize of job (KB)
...
006 (017.2012.000) 05/10 08:21:59 Image size of job updated: 6037748
	5212  -  MemoryUsage of job (MB)
	5336496  -  ResidentSetSize of job (KB)
...
006 (017.2012.000) 05/10 08:22:05 Image size of job updated: 6248692
	5245  -  MemoryUsage of job (MB)
	5370024  -  ResidentSetSize of job (KB)
...
006 (017.2012.000) 05/10 08:22:11 Image size of job updated: 6248692
	5329  -  MemoryUsage of job (MB)
	5456088  -  ResidentSetSize of job (KB)
...
006 (017.2012.000) 05/10 08:22:17 Image size of job updated: 6248692
	5411  -  MemoryUsage of job (MB)
	5540568  -  ResidentSetSize of job (KB)
...
006 (017.2012.000) 05/10 08:22:23 Image size of job updated: 6455540
	5496  -  MemoryUsage of job (MB)
	5627028  -  ResidentSetSize of job (KB)
...
006 (017.2012.000) 05/10 08:22:29 Image size of job updated: 6455540
	5579  -  MemoryUsage of job (MB)
	5712564  -  ResidentSetSize of job (KB)
...
006 (017.2012.000) 05/10 08:22:35 Image size of job updated: 6670580
	5663  -  MemoryUsage of job (MB)
	5798628  -  ResidentSetSize of job (KB)
...
006 (017.2012.000) 05/10 08:22:41 Image size of job updated: 6670580
	5728  -  MemoryUsage of job (MB)
	5864496  -  ResidentSetSize of job (KB)
...
006 (017.2012.000) 05/10 08:22:47 Image size of job updated: 6815988
	5796  -  MemoryUsage of job (MB)
	5934456  -  ResidentSetSize of job (KB)
...
006 (017.2012.000) 05/10 08:22:53 Image size of job updated: 6905076
	5883  -  MemoryUsage of job (MB)
	6023952  -  ResidentSetSize of job (KB)
...
006 (017.2012.000) 05/10 08:22:59 Image size of job updated: 6905076
	5968  -  MemoryUsage of job (MB)
	6111072  -  ResidentSetSize of job (KB)
...
006 (017.2012.000) 05/10 08:23:05 Image size of job updated: 7069940
	5981  -  MemoryUsage of job (MB)
	6123744  -  ResidentSetSize of job (KB)
...
006 (017.2012.000) 05/10 08:23:11 Image size of job updated: 7159028
	6072  -  MemoryUsage of job (MB)
	6217728  -  ResidentSetSize of job (KB)
...
006 (017.2012.000) 05/10 08:23:17 Image size of job updated: 7159028
	6163  -  MemoryUsage of job (MB)
	6310128  -  ResidentSetSize of job (KB)
...
006 (017.2012.000) 05/10 08:23:23 Image size of job updated: 7344372
	6252  -  MemoryUsage of job (MB)
	6401736  -  ResidentSetSize of job (KB)
...
006 (017.2012.000) 05/10 08:23:29 Image size of job updated: 7344372
	6343  -  MemoryUsage of job (MB)
	6494928  -  ResidentSetSize of job (KB)
...
006 (017.2012.000) 05/10 08:23:43 Image size of job updated: 7344372
	6355  -  MemoryUsage of job (MB)
	6507468  -  ResidentSetSize of job (KB)
...
006 (017.2012.000) 05/10 08:24:05 Image size of job updated: 7767284
	6663  -  MemoryUsage of job (MB)
	6822420  -  ResidentSetSize of job (KB)
...
005 (017.2012.000) 05/10 08:24:13 Job terminated.
	(0) Abnormal termination (signal 9)
	(0) No core file
		Usr 0 00:26:19, Sys 0 00:00:18  -  Run Remote Usage
		Usr 0 00:00:00, Sys 0 00:00:00  -  Run Local Usage
		Usr 0 00:26:19, Sys 0 00:00:18  -  Total Remote Usage
		Usr 0 00:00:00, Sys 0 00:00:00  -  Total Local Usage
	0  -  Run Bytes Sent By Job
	0  -  Run Bytes Received By Job
	0  -  Total Bytes Sent By Job
	0  -  Total Bytes Received By Job
	Partitionable Resources :      Usage  Request Allocated 
	   Cpus                 :       0.99        1         1 
	   Disk (KB)            : 2000000     2000000   6275465 
	   Memory (MB)          :    6663        1954      2007 
...
000 (019.573.000) 05/12 04:13:32 Job submitted from host: <127.0.0.1:9618?addrs=127.0.0.1-9618&noUDP&sock=227_4816_4>
...
001 (019.573.000) 05/12 08:30:52 Job executing on host: <127.0.0.1:9618?addrs=127.0.0.1-9618&noUDP&sock=227_4816_5>
...
006 (019.573.000) 05/12 08:30:58 Image size of job updated: 2000000
	37  -  MemoryUsage of job (MB)
	37224  -  ResidentSetSize of job (KB)
...
006 (019.573.000) 05/12 08:31:40 Image size of job updated: 2000000
	93  -  MemoryUsage of job (MB)
	94380  -  ResidentSetSize of job (KB)
...
006 (019.573.000) 05/12 08:31:45 Image size of job updated: 2000000
	114  -  MemoryUsage of job (MB)
	116688  -  ResidentSetSize of job (KB)
...
006 (019.573.000) 05/12 08:33:13 Image size of job updated: 2000000
	179  -  MemoryUsage of job (MB)
	182292  -  ResidentSetSize of job (KB)
...
006 (019.573.000) 05/12 08:33:19 Image size of job updated: 2000000
	211  -  MemoryUsage of job (MB)
	215952  -  ResidentSetSize of job (KB)
...
006 (019.573.000) 05/12 08:33:27 Image size of job updated: 2000000
	212  -  MemoryUsage of job (MB)
	216084  -  ResidentSetSize of job (KB)
...
006 (019.573.000) 05/12 08:33:33 Image size of job updated: 2000000
	218  -  MemoryUsage of job (MB)
	222684  -  ResidentSetSize of job (KB)
...
006 (019.573.000) 05/12 08:33:39 Image size of job updated: 2000000
	230  -  MemoryUsage of job (MB)
	234960  -  ResidentSetSize of job (KB)
...
006 (019.573.000) 05/12 08:33:45 Image size of job updated: 2000000
	242  -  MemoryUsage of job (MB)
	247236  -  ResidentSetSize of job (KB)
...
006 (019.573.000) 05/12 08:34:01 Image size of job updated: 2000000
	247  -  MemoryUsage of job (MB)
	251988  -  ResidentSetSize of job (KB)
...
006 (019.573.000) 05/12 08:34:32 Image size of job updated: 2000000
	297  -  MemoryUsage of job (MB)
	303600  -  ResidentSetSize of job (KB)
...
006 (019.573.000) 05/12 08:35:25 Image size of job updated: 2000000
	1242  -  MemoryUsage of job (MB)
	1271292  -  ResidentSetSize of job (KB)
...
006 (019.573.000) 05/12 08:50:59 Image size of job updated: 2000000
	1254  -  MemoryUsage of job (MB)
	1283964  -  ResidentSetSize of job (KB)
...
006 (019.573.000) 05/12 08:51:10 Image size of job updated: 2000000
	1381  -  MemoryUsage of job (MB)
	1413984  -  ResidentSetSize of job (KB)
...
006 (019.573.000) 05/12 08:51:27 Image size of job updated: 2500052
	2030  -  MemoryUsage of job (MB)
	2078076  -  ResidentSetSize of job (KB)
...
006 (019.573.000) 05/12 08:51:41 Image size of job updated: 2799860
	2128  -  MemoryUsage of job (MB)
	2178396  -  ResidentSetSize of job (KB)
...
006 (019.573.000) 05/12 08:51:49 Image size of job updated: 2892020
	2254  -  MemoryUsage of job (MB)
	2308020  -  ResidentSetSize of job (KB)
...
006 (019.573.000) 05/12 08:51:57 Image size of job updated: 2984180
	2320  -  MemoryUsage of job (MB)
	2375472  -  ResidentSetSize of job (KB)
...
006 (019.573.000) 05/12 08:52:09 Image size of job updated: 3298548
	2577  -  MemoryUsage of job (MB)
	2638680  -  ResidentSetSize of job (KB)
...
006 (019.573.000) 05/12 08:52:18 Image size of job updated: 3370228
	2641  -  MemoryUsage of job (MB)
	2703492  -  ResidentSetSize of job (KB)
...
006 (019.573.000) 05/12 08:52:23 Image size of job updated: 3467508
	2712  -  MemoryUsage of job (MB)
	2777016  -  ResidentSetSize of job (KB)
...
006 (019.573.000) 05/12 08:52:28 Image size of job updated: 3467508
	2805  -  MemoryUsage of job (MB)
	2871792  -  ResidentSetSize of job (KB)
...
006 (019.573.000) 05/12 08:52:33 Image size of job updated: 3467508
	2864  -  MemoryUsage of job (MB)
	2932380  -  ResidentSetSize of job (KB)
...
006 (019.573.000) 05/12 08:52:39 Image size of job updated: 3467508
	2865  -  MemoryUsage of job (MB)
	2933040  -  ResidentSetSize of job (KB)
...
006 (019.573.000) 05/12 08:52:44 Image size of job updated: 3685620
	2909  -  MemoryUsage of job (MB)
	2978580  -  ResidentSetSize of job (KB)
...
006 (019.573.000) 05/12 08:52:50 Image size of job updated: 3714292
	2997  -  MemoryUsage of job (MB)
	3068604  -  ResidentSetSize of job (KB)
...
006 (019.573.000) 05/12 08:52:56 Image size of job updated: 3714292
	3084  -  MemoryUsage of job (MB)
	3157044  -  ResidentSetSize of job (KB)
...
006 (019.573.000) 05/12 08:53:06 Image size of job updated: 3910900
	3127  -  MemoryUsage of job (MB)
	3201924  -  ResidentSetSize of job (KB)
...
006 (019.573.000) 05/12 08:53:16 Image size of job updated: 4026612
	3278  -  MemoryUsage of job (MB)
	3355836  -  ResidentSetSize of job (KB)
...
006 (019.573.000) 05/12 08:53:24 Image size of job updated: 4137204
	3396  -  MemoryUsage of job (MB)
	3476484  -  ResidentSetSize of job (KB)
...
006 (019.573.000) 05/12 08:53:30 Image size of job updated: 4137204
	3478  -  MemoryUsage of job (MB)
	3561228  -  ResidentSetSize of job (KB)
...
006 (019.573.000) 05/12 08:53:38 Image size of job updated: 4137204
	3489  -  MemoryUsage of job (MB)
	3572316  -  ResidentSetSize of job (KB)
...
006 (019.573.000) 05/12 08:53:44 Image size of job updated: 4355316
	3587  -  MemoryUsage of job (MB)
	3672504  -  ResidentSetSize of job (KB)
...
006 (019.573.000) 05/12 08:53:49 Image size of job updated: 4355316
	3666  -  MemoryUsage of job (MB)
	3753024  -  ResidentSetSize of job (KB)
...
006 (019.573.000) 05/12 08:53:54 Image size of job updated: 4355316
	3743  -  MemoryUsage of job (MB)
	3832620  -  ResidentSetSize of job (KB)
...
006 (019.573.000) 05/12 08:53:59 Image size of job updated: 4595956
	3815  -  MemoryUsage of job (MB)
	3905880  -  ResidentSetSize of job (KB)
...
006 (019.573.000) 05/12 08:54:04 Image size of job updated: 4595956
	3855  -  MemoryUsage of job (MB)
	3947328  -  ResidentSetSize of job (KB)
...
006 (019.573.000) 05/12 08:54:13 Image size of job updated: 4595956
	3927  -  MemoryUsage of job (MB)
	4021116  -  ResidentSetSize of job (KB)
...
006 (019.573.000) 05/12 08:54:26 Image size of job updated: 4817140
	4170  -  MemoryUsage of job (MB)
	4269408  -  ResidentSetSize of job (KB)
...
006 (019.573.000) 05/12 08:54:36 Image size of job updated: 5160180
	4279  -  MemoryUsage of job (MB)
	4380948  -  ResidentSetSize of job (KB)
...
006 (019.573.000) 05/12 08:54:42 Image size of job updated: 5160180
	4385  -  MemoryUsage of job (MB)
	4489848  -  ResidentSetSize of job (KB)
...
006 (019.573.000) 05/12 08:54:47 Image size of job updated: 5297396
	4479  -  MemoryUsage of job (MB)
	4586208  -  ResidentSetSize of job (KB)
...
006 (019.573.000) 05/12 08:54:52 Image size of job updated: 5297396
	4564  -  MemoryUsage of job (MB)
	4673328  -  ResidentSetSize of job (KB)
...
006 (019.573.000) 05/12 08:54:57 Image size of job updated: 5297396
	4659  -  MemoryUsage of job (MB)
	4769820  -  ResidentSetSize of job (KB)
...
006 (019.573.000) 05/12 08:55:02 Image size of job updated: 5580020
	4659  -  MemoryUsage of job (MB)
	4769820  -  ResidentSetSize of job (KB)
...
006 (019.573.000) 05/12 08:55:07 Image size of job updated: 5580020
	4693  -  MemoryUsage of job (MB)
	4805064  -  ResidentSetSize of job (KB)
...
006 (019.573.000) 05/12 08:55:12 Image size of job updated: 5686516
	4766  -  MemoryUsage of job (MB)
	4880304  -  ResidentSetSize of job (KB)
...
006 (019.573.000) 05/12 08:55:17 Image size of job updated: 5740788
	4840  -  MemoryUsage of job (MB)
	4956072  -  ResidentSetSize of job (KB)
...
006 (019.573.000) 05/12 08:55:22 Image size of job updated: 5740788
	4901  -  MemoryUsage of job (MB)
	5017980  -  ResidentSetSize of job (KB)
...
006 (019.573.000) 05/12 08:55:27 Image size of job updated: 5892340
	4901  -  MemoryUsage of job (MB)
	5017980  -  ResidentSetSize of job (KB)
...
006 (019.573.000) 05/12 08:55:32 Image size of job updated: 5912820
	4971  -  MemoryUsage of job (MB)
	5089392  -  ResidentSetSize of job (KB)
...
006 (019.573.000) 05/12 08:55:37 Image size of job updated: 5977332
	5057  -  MemoryUsage of job (MB)
	5177832  -  ResidentSetSize of job (KB)
...
006 (019.573.000) 05/12 08:55:42 Image size of job updated: 5977332
	5129  -  MemoryUsage of job (MB)
	5251752  -  ResidentSetSize of job (KB)
...
006 (019.573.000) 05/12 08:55:47 Image size of job updated: 6159604
	5165  -  MemoryUsage of job (MB)
	5288052  -  ResidentSetSize of job (KB)
...
006 (019.573.000) 05/12 08:55:53 Image size of job updated: 6187252
	5166  -  MemoryUsage of job (MB)
	5289636  -  ResidentSetSize of job (KB)
...
006 (019.573.000) 05/12 08:55:59 Image size of job updated: 6285556
	5276  -  MemoryUsage of job (MB)
	5402100  -  ResidentSetSize of job (KB)
...
006 (019.573.000) 05/12 08:56:05 Image size of job updated: 6310132
	5384  -  MemoryUsage of job (MB)
	5512320  -  ResidentSetSize of job (KB)
...
006 (019.573.000) 05/12 08:56:11 Image size of job updated: 6310132
	5478  -  MemoryUsage of job (MB)
	5608548  -  ResidentSetSize of job (KB)
...
006 (019.573.000) 05/12 08:56:17 Image size of job updated: 6530292
	5478  -  MemoryUsage of job (MB)
	5608548  -  ResidentSetSize of job (KB)
...
006 (019.573.000) 05/12 08:56:23 Image size of job updated: 6610164
	5529  -  MemoryUsage of job (MB)
	5661480  -  ResidentSetSize of job (KB)
...
006 (019.573.000) 05/12 08:56:29 Image size of job updated: 6610164
	5617  -  MemoryUsage of job (MB)
	5751636  -  ResidentSetSize of job (KB)
...
006 (019.573.000) 05/12 08:56:35 Image size of job updated: 6723828
	5706  -  MemoryUsage of job (MB)
	5842452  -  ResidentSetSize of job (KB)
...
006 (019.573.000) 05/12 08:56:41 Image size of job updated: 6843636
	5795  -  MemoryUsage of job (MB)
	5933532  -  ResidentSetSize of job (KB)
...
006 (019.573.000) 05/12 08:56:47 Image size of job updated: 6954228
	5885  -  MemoryUsage of job (MB)
	6025668  -  ResidentSetSize of job (KB)
...
006 (019.573.000) 05/12 08:56:53 Image size of job updated: 6954228
	5972  -  MemoryUsage of job (MB)
	6114636  -  ResidentSetSize of job (KB)
...
006 (019.573.000) 05/12 08:57:05 Image size of job updated: 7117044
	5972  -  MemoryUsage of job (MB)
	6114636  -  ResidentSetSize of job (KB)
...
006 (019.573.000) 05/12 08:57:23 Image size of job updated: 7343348
	6148  -  MemoryUsage of job (MB)
	6294816  -  ResidentSetSize of job (KB)
...
006 (019.573.000) 05/12 08:57:38 Image size of job updated: 7530740
	6195  -  MemoryUsage of job (MB)
	6342996  -  ResidentSetSize of job (KB)
...
006 (019.573.000) 05/12 08:57:47 Image size of job updated: 7530740
	6349  -  MemoryUsage of job (MB)
	6500472  -  ResidentSetSize of job (KB)
...
006 (019.573.000) 05/12 08:57:53 Image size of job updated: 7769332
	6448  -  MemoryUsage of job (MB)
	6602244  -  ResidentSetSize of job (KB)
...
006 (019.573.000) 05/12 08:58:00 Image size of job updated: 7769332
	6491  -  MemoryUsage of job (MB)
	6645804  -  ResidentSetSize of job (KB)
...
006 (019.573.000) 05/12 08:58:18 Image size of job updated: 7950580
	6687  -  MemoryUsage of job (MB)
	6847104  -  ResidentSetSize of job (KB)
...
006 (019.573.000) 05/12 08:58:35 Image size of job updated: 8167668
	6687  -  MemoryUsage of job (MB)
	6847368  -  ResidentSetSize of job (KB)
...
005 (019.573.000) 05/12 08:58:35 Job terminated.
	(0) Abnormal termination (signal 9)
	(0) No core file
		Usr 0 00:22:06, Sys 0 00:01:22  -  Run Remote Usage
		Usr 0 00:00:00, Sys 0 00:00:00  -  Run Local Usage
		Usr 0 00:22:06, Sys 0 00:01:22  -  Total Remote Usage
		Usr 0 00:00:00, Sys 0 00:00:00  -  Total Local Usage
	0  -  Run Bytes Sent By Job
	0  -  Run Bytes Received By Job
	0  -  Total Bytes Sent By Job
	0  -  Total Bytes Received By Job
	Partitionable Resources :      Usage  Request Allocated 
	   Cpus                 :       0.99        1         1 
	   Disk (KB)            : 2000000     2000000   6275465 
	   Memory (MB)          :    6687        1954      2007 
...
