000 (005.5521.000) 05/05 20:23:58 Job submitted from host: <127.0.0.1:9618?addrs=127.0.0.1-9618&noUDP&sock=227_4816_4>
...
033 (005.5521.000) 05/06 14:17:00 Changing job attribute JobPrio from 0 to -10
...
001 (005.5521.000) 05/07 11:38:37 Job executing on host: <127.0.0.1:9618?addrs=127.0.0.1-9618&noUDP&sock=227_4816_5>
...
006 (005.5521.000) 05/07 11:38:42 Image size of job updated: 2000000
	101  -  MemoryUsage of job (MB)
	103092  -  ResidentSetSize of job (KB)
...
006 (005.5521.000) 05/07 11:39:12 Image size of job updated: 2000000
	180  -  MemoryUsage of job (MB)
	184140  -  ResidentSetSize of job (KB)
...
006 (005.5521.000) 05/07 11:39:17 Image size of job updated: 2000000
	185  -  MemoryUsage of job (MB)
	188496  -  ResidentSetSize of job (KB)
...
006 (005.5521.000) 05/07 11:39:22 Image size of job updated: 2000000
	188  -  MemoryUsage of job (MB)
	191664  -  ResidentSetSize of job (KB)
...
006 (005.5521.000) 05/07 11:39:27 Image size of job updated: 2000000
	199  -  MemoryUsage of job (MB)
	203676  -  ResidentSetSize of job (KB)
...
006 (005.5521.000) 05/07 11:39:32 Image size of job updated: 2000000
	209  -  MemoryUsage of job (MB)
	213576  -  ResidentSetSize of job (KB)
...
006 (005.5521.000) 05/07 11:39:37 Image size of job updated: 2000000
	217  -  MemoryUsage of job (MB)
	221496  -  ResidentSetSize of job (KB)
...
006 (005.5521.000) 05/07 11:39:42 Image size of job updated: 2000000
	237  -  MemoryUsage of job (MB)
	242616  -  ResidentSetSize of job (KB)
...
006 (005.5521.000) 05/07 11:39:52 Image size of job updated: 2000000
	243  -  MemoryUsage of job (MB)
	247896  -  ResidentSetSize of job (KB)
...
006 (005.5521.000) 05/07 11:39:57 Image size of job updated: 2000000
	274  -  MemoryUsage of job (MB)
	280236  -  ResidentSetSize of job (KB)
...
006 (005.5521.000) 05/07 11:40:02 Image size of job updated: 2000000
	310  -  MemoryUsage of job (MB)
	316932  -  ResidentSetSize of job (KB)
...
006 (005.5521.000) 05/07 11:40:07 Image size of job updated: 2000000
	331  -  MemoryUsage of job (MB)
	338316  -  ResidentSetSize of job (KB)
...
006 (005.5521.000) 05/07 11:40:12 Image size of job updated: 2000000
	378  -  MemoryUsage of job (MB)
	386232  -  ResidentSetSize of job (KB)
...
006 (005.5521.000) 05/07 11:40:17 Image size of job updated: 2000000
	433  -  MemoryUsage of job (MB)
	443256  -  ResidentSetSize of job (KB)
...
006 (005.5521.000) 05/07 11:40:22 Image size of job updated: 2000000
	482  -  MemoryUsage of job (MB)
	493416  -  ResidentSetSize of job (KB)
...
006 (005.5521.000) 05/07 11:40:27 Image size of job updated: 2000000
	1171  -  MemoryUsage of job (MB)
	1198428  -  ResidentSetSize of job (KB)
...
006 (005.5521.000) 05/07 11:54:30 Image size of job updated: 2000000
	1171  -  MemoryUsage of job (MB)
	1198824  -  ResidentSetSize of job (KB)
...
006 (005.5521.000) 05/07 11:54:36 Image size of job updated: 2000000
	1191  -  MemoryUsage of job (MB)
	1219020  -  ResidentSetSize of job (KB)
...
006 (005.5521.000) 05/07 11:54:42 Image size of job updated: 2201484
	1553  -  MemoryUsage of job (MB)
	1590204  -  ResidentSetSize of job (KB)
...
006 (005.5521.000) 05/07 11:54:48 Image size of job updated: 2331372
	1927  -  MemoryUsage of job (MB)
	1972476  -  ResidentSetSize of job (KB)
...
006 (005.5521.000) 05/07 11:54:54 Image size of job updated: 2331372
	1962  -  MemoryUsage of job (MB)
	2008116  -  ResidentSetSize of job (KB)
...
006 (005.5521.000) 05/07 11:55:00 Image size of job updated: 2651116
	2010  -  MemoryUsage of job (MB)
	2057352  -  ResidentSetSize of job (KB)
...
006 (005.5521.000) 05/07 11:55:06 Image size of job updated: 2651116
	2051  -  MemoryUsage of job (MB)
	2099592  -  ResidentSetSize of job (KB)
...
006 (005.5521.000) 05/07 11:55:12 Image size of job updated: 2760684
	2095  -  MemoryUsage of job (MB)
	2145264  -  ResidentSetSize of job (KB)
...
006 (005.5521.000) 05/07 11:55:18 Image size of job updated: 2760684
	2147  -  MemoryUsage of job (MB)
	2197800  -  ResidentSetSize of job (KB)
...
006 (005.5521.000) 05/07 11:55:24 Image size of job updated: 2760684
	2193  -  MemoryUsage of job (MB)
	2245056  -  ResidentSetSize of job (KB)
...
006 (005.5521.000) 05/07 11:55:30 Image size of job updated: 2884588
	2235  -  MemoryUsage of job (MB)
	2287692  -  ResidentSetSize of job (KB)
...
006 (005.5521.000) 05/07 11:55:36 Image size of job updated: 2950124
	2272  -  MemoryUsage of job (MB)
	2326104  -  ResidentSetSize of job (KB)
...
006 (005.5521.000) 05/07 11:55:42 Image size of job updated: 2992108
	2314  -  MemoryUsage of job (MB)
	2368872  -  ResidentSetSize of job (KB)
...
006 (005.5521.000) 05/07 11:55:48 Image size of job updated: 3006444
	2354  -  MemoryUsage of job (MB)
	2410056  -  ResidentSetSize of job (KB)
...
006 (005.5521.000) 05/07 11:55:54 Image size of job updated: 3046380
	2392  -  MemoryUsage of job (MB)
	2449260  -  ResidentSetSize of job (KB)
...
006 (005.5521.000) 05/07 11:56:00 Image size of job updated: 3113964
	2432  -  MemoryUsage of job (MB)
	2490048  -  ResidentSetSize of job (KB)
...
006 (005.5521.000) 05/07 11:56:06 Image size of job updated: 3113964
	2477  -  MemoryUsage of job (MB)
	2535456  -  ResidentSetSize of job (KB)
...
006 (005.5521.000) 05/07 11:56:12 Image size of job updated: 3113964
	2527  -  MemoryUsage of job (MB)
	2587200  -  ResidentSetSize of job (KB)
...
006 (005.5521.000) 05/07 11:56:18 Image size of job updated: 3222508
	2575  -  MemoryUsage of job (MB)
	2636304  -  ResidentSetSize of job (KB)
...
006 (005.5521.000) 05/07 11:56:24 Image size of job updated: 3222508
	2620  -  MemoryUsage of job (MB)
	2682768  -  ResidentSetSize of job (KB)
...
006 (005.5521.000) 05/07 11:56:30 Image size of job updated: 3343340
	2669  -  MemoryUsage of job (MB)
	2732532  -  ResidentSetSize of job (KB)
...
006 (005.5521.000) 05/07 11:56:36 Image size of job updated: 3343340
	2709  -  MemoryUsage of job (MB)
	2773584  -  ResidentSetSize of job (KB)
...
006 (005.5521.000) 05/07 11:56:42 Image size of job updated: 3343340
	2746  -  MemoryUsage of job (MB)
	2811600  -  ResidentSetSize of job (KB)
...
006 (005.5521.000) 05/07 11:56:48 Image size of job updated: 3458028
	2784  -  MemoryUsage of job (MB)
	2850012  -  ResidentSetSize of job (KB)
...
006 (005.5521.000) 05/07 11:56:54 Image size of job updated: 3502060
	2819  -  MemoryUsage of job (MB)
	2886444  -  ResidentSetSize of job (KB)
...
006 (005.5521.000) 05/07 11:57:00 Image size of job updated: 3502060
	2854  -  MemoryUsage of job (MB)
	2922480  -  ResidentSetSize of job (KB)
...
006 (005.5521.000) 05/07 11:57:06 Image size of job updated: 3549164
	2892  -  MemoryUsage of job (MB)
	2961024  -  ResidentSetSize of job (KB)
...
006 (005.5521.000) 05/07 11:57:12 Image size of job updated: 3549164
	2929  -  MemoryUsage of job (MB)
	2999040  -  ResidentSetSize of job (KB)
...
006 (005.5521.000) 05/07 11:57:18 Image size of job updated: 3650540
	2968  -  MemoryUsage of job (MB)
	3038640  -  ResidentSetSize of job (KB)
...
006 (005.5521.000) 05/07 11:57:24 Image size of job updated: 3708908
	3011  -  MemoryUsage of job (MB)
	3083256  -  ResidentSetSize of job (KB)
...
006 (005.5521.000) 05/07 11:57:30 Image size of job updated: 3728364
	3047  -  MemoryUsage of job (MB)
	3119292  -  ResidentSetSize of job (KB)
...
006 (005.5521.000) 05/07 11:57:36 Image size of job updated: 3773420
	3082  -  MemoryUsage of job (MB)
	3155856  -  ResidentSetSize of job (KB)
...
006 (005.5521.000) 05/07 11:57:42 Image size of job updated: 3773420
	3117  -  MemoryUsage of job (MB)
	3191496  -  ResidentSetSize of job (KB)
...
006 (005.5521.000) 05/07 11:57:48 Image size of job updated: 3844076
	3152  -  MemoryUsage of job (MB)
	3227004  -  ResidentSetSize of job (KB)
...
006 (005.5521.000) 05/07 11:57:54 Image size of job updated: 3844076
	3188  -  MemoryUsage of job (MB)
	3263964  -  ResidentSetSize of job (KB)
...
006 (005.5521.000) 05/07 11:58:00 Image size of job updated: 3895276
	3224  -  MemoryUsage of job (MB)
	3301188  -  ResidentSetSize of job (KB)
...
006 (005.5521.000) 05/07 11:58:06 Image size of job updated: 3933164
	3261  -  MemoryUsage of job (MB)
	3338676  -  ResidentSetSize of job (KB)
...
006 (005.5521.000) 05/07 11:58:12 Image size of job updated: 3933164
	3297  -  MemoryUsage of job (MB)
	3375504  -  ResidentSetSize of job (KB)
...
006 (005.5521.000) 05/07 11:58:18 Image size of job updated: 4028396
	3335  -  MemoryUsage of job (MB)
	3414312  -  ResidentSetSize of job (KB)
...
006 (005.5521.000) 05/07 11:58:24 Image size of job updated: 4028396
	3372  -  MemoryUsage of job (MB)
	3452724  -  ResidentSetSize of job (KB)
...
006 (005.5521.000) 05/07 11:58:30 Image size of job updated: 4028396
	3409  -  MemoryUsage of job (MB)
	3489816  -  ResidentSetSize of job (KB)
...
006 (005.5521.000) 05/07 11:58:36 Image size of job updated: 4121580
	3450  -  MemoryUsage of job (MB)
	3532452  -  ResidentSetSize of job (KB)
...
006 (005.5521.000) 05/07 11:58:43 Image size of job updated: 4121580
	3490  -  MemoryUsage of job (MB)
	3573240  -  ResidentSetSize of job (KB)
...
006 (005.5521.000) 05/07 11:58:48 Image size of job updated: 4121580
	3520  -  MemoryUsage of job (MB)
	3603996  -  ResidentSetSize of job (KB)
...
006 (005.5521.000) 05/07 11:58:53 Image size of job updated: 4229100
	3551  -  MemoryUsage of job (MB)
	3635280  -  ResidentSetSize of job (KB)
...
006 (005.5521.000) 05/07 11:58:58 Image size of job updated: 4229100
	3580  -  MemoryUsage of job (MB)
	3665244  -  ResidentSetSize of job (KB)
...
006 (005.5521.000) 05/07 11:59:03 Image size of job updated: 4229100
	3610  -  MemoryUsage of job (MB)
	3695736  -  ResidentSetSize of job (KB)
...
006 (005.5521.000) 05/07 11:59:08 Image size of job updated: 4334572
	3638  -  MemoryUsage of job (MB)
	3725172  -  ResidentSetSize of job (KB)
...
006 (005.5521.000) 05/07 11:59:13 Image size of job updated: 4368364
	3668  -  MemoryUsage of job (MB)
	3755664  -  ResidentSetSize of job (KB)
...
006 (005.5521.000) 05/07 11:59:18 Image size of job updated: 4412396
	3696  -  MemoryUsage of job (MB)
	3784704  -  ResidentSetSize of job (KB)
...
006 (005.5521.000) 05/07 11:59:23 Image size of job updated: 4428780
	3727  -  MemoryUsage of job (MB)
	3815592  -  ResidentSetSize of job (KB)
...
006 (005.5521.000) 05/07 11:59:28 Image size of job updated: 4461548
	3757  -  MemoryUsage of job (MB)
	3846480  -  ResidentSetSize of job (KB)
...
006 (005.5521.000) 05/07 11:59:33 Image size of job updated: 4461548
	3786  -  MemoryUsage of job (MB)
	3875916  -  ResidentSetSize of job (KB)
...
006 (005.5521.000) 05/07 11:59:38 Image size of job updated: 4524012
	3814  -  MemoryUsage of job (MB)
	3905484  -  ResidentSetSize of job (KB)
...
006 (005.5521.000) 05/07 11:59:43 Image size of job updated: 4524012
	3845  -  MemoryUsage of job (MB)
	3937164  -  ResidentSetSize of job (KB)
...
006 (005.5521.000) 05/07 11:59:48 Image size of job updated: 4524012
	3874  -  MemoryUsage of job (MB)
	3966468  -  ResidentSetSize of job (KB)
...
006 (005.5521.000) 05/07 11:59:53 Image size of job updated: 4611052
	3904  -  MemoryUsage of job (MB)
	3996960  -  ResidentSetSize of job (KB)
...
006 (005.5521.000) 05/07 11:59:58 Image size of job updated: 4611052
	3933  -  MemoryUsage of job (MB)
	4026792  -  ResidentSetSize of job (KB)
...
006 (005.5521.000) 05/07 12:00:03 Image size of job updated: 4611052
	3961  -  MemoryUsage of job (MB)
	4055436  -  ResidentSetSize of job (KB)
...
006 (005.5521.000) 05/07 12:00:08 Image size of job updated: 4701164
	3991  -  MemoryUsage of job (MB)
	4086060  -  ResidentSetSize of job (KB)
...
006 (005.5521.000) 05/07 12:00:13 Image size of job updated: 4726764
	4020  -  MemoryUsage of job (MB)
	4116420  -  ResidentSetSize of job (KB)
...
006 (005.5521.000) 05/07 12:00:18 Image size of job updated: 4726764
	4050  -  MemoryUsage of job (MB)
	4146780  -  ResidentSetSize of job (KB)
...
006 (005.5521.000) 05/07 12:00:23 Image size of job updated: 4791276
	4081  -  MemoryUsage of job (MB)
	4178064  -  ResidentSetSize of job (KB)
...
006 (005.5521.000) 05/07 12:00:28 Image size of job updated: 4833260
	4112  -  MemoryUsage of job (MB)
	4209876  -  ResidentSetSize of job (KB)
...
006 (005.5521.000) 05/07 12:00:33 Image size of job updated: 4852716
	4141  -  MemoryUsage of job (MB)
	4239840  -  ResidentSetSize of job (KB)
...
006 (005.5521.000) 05/07 12:00:38 Image size of job updated: 4899820
	4172  -  MemoryUsage of job (MB)
	4272048  -  ResidentSetSize of job (KB)
...
006 (005.5521.000) 05/07 12:00:43 Image size of job updated: 4909036
	4203  -  MemoryUsage of job (MB)
	4303200  -  ResidentSetSize of job (KB)
...
006 (005.5521.000) 05/07 12:00:48 Image size of job updated: 4909036
	4233  -  MemoryUsage of job (MB)
	4333956  -  ResidentSetSize of job (KB)
...
006 (005.5521.000) 05/07 12:00:53 Image size of job updated: 4985836
	4266  -  MemoryUsage of job (MB)
	4367748  -  ResidentSetSize of job (KB)
...
006 (005.5521.000) 05/07 12:00:58 Image size of job updated: 4985836
	4297  -  MemoryUsage of job (MB)
	4399824  -  ResidentSetSize of job (KB)
...
006 (005.5521.000) 05/07 12:01:03 Image size of job updated: 4985836
	4326  -  MemoryUsage of job (MB)
	4429788  -  ResidentSetSize of job (KB)
...
006 (005.5521.000) 05/07 12:01:08 Image size of job updated: 4985836
	4359  -  MemoryUsage of job (MB)
	4462920  -  ResidentSetSize of job (KB)
...
006 (005.5521.000) 05/07 12:01:13 Image size of job updated: 5108716
	4393  -  MemoryUsage of job (MB)
	4497900  -  ResidentSetSize of job (KB)
...
006 (005.5521.000) 05/07 12:01:18 Image size of job updated: 5108716
	4424  -  MemoryUsage of job (MB)
	4529448  -  ResidentSetSize of job (KB)
...
006 (005.5521.000) 05/07 12:01:23 Image size of job updated: 5108716
	4455  -  MemoryUsage of job (MB)
	4561260  -  ResidentSetSize of job (KB)
...
006 (005.5521.000) 05/07 12:01:28 Image size of job updated: 5210092
	4487  -  MemoryUsage of job (MB)
	4593732  -  ResidentSetSize of job (KB)
...
006 (005.5521.000) 05/07 12:01:33 Image size of job updated: 5210092
	4517  -  MemoryUsage of job (MB)
	4624488  -  ResidentSetSize of job (KB)
...
006 (005.5521.000) 05/07 12:01:38 Image size of job updated: 5281772
	4547  -  MemoryUsage of job (MB)
	4655376  -  ResidentSetSize of job (KB)
...
006 (005.5521.000) 05/07 12:01:43 Image size of job updated: 5309420
	4577  -  MemoryUsage of job (MB)
	4685868  -  ResidentSetSize of job (KB)
...
006 (005.5521.000) 05/07 12:01:48 Image size of job updated: 5309420
	4609  -  MemoryUsage of job (MB)
	4718868  -  ResidentSetSize of job (KB)
...
006 (005.5521.000) 05/07 12:01:53 Image size of job updated: 5309420
	4640  -  MemoryUsage of job (MB)
	4750680  -  ResidentSetSize of job (KB)
...
006 (005.5521.000) 05/07 12:01:58 Image size of job updated: 5412844
	4671  -  MemoryUsage of job (MB)
	4783020  -  ResidentSetSize of job (KB)
...
006 (005.5521.000) 05/07 12:02:03 Image size of job updated: 5442540
	4702  -  MemoryUsage of job (MB)
	4814040  -  ResidentSetSize of job (KB)
...
006 (005.5521.000) 05/07 12:02:08 Image size of job updated: 5472236
	4733  -  MemoryUsage of job (MB)
	4845720  -  ResidentSetSize of job (KB)
...
006 (005.5521.000) 05/07 12:02:13 Image size of job updated: 5507052
	4765  -  MemoryUsage of job (MB)
	4878984  -  ResidentSetSize of job (KB)
...
006 (005.5521.000) 05/07 12:02:18 Image size of job updated: 5521388
	4798  -  MemoryUsage of job (MB)
	4912248  -  ResidentSetSize of job (KB)
...
006 (005.5521.000) 05/07 12:02:23 Image size of job updated: 5521388
	4829  -  MemoryUsage of job (MB)
	4944852  -  ResidentSetSize of job (KB)
...
006 (005.5521.000) 05/07 12:02:28 Image size of job updated: 5521388
	4861  -  MemoryUsage of job (MB)
	4977456  -  ResidentSetSize of job (KB)
...
006 (005.5521.000) 05/07 12:02:33 Image size of job updated: 5618668
	4894  -  MemoryUsage of job (MB)
	5010456  -  ResidentSetSize of job (KB)
...
006 (005.5521.000) 05/07 12:02:38 Image size of job updated: 5618668
	4924  -  MemoryUsage of job (MB)
	5041212  -  ResidentSetSize of job (KB)
...
006 (005.5521.000) 05/07 12:02:43 Image size of job updated: 5618668
	4956  -  MemoryUsage of job (MB)
	5074344  -  ResidentSetSize of job (KB)
...
006 (005.5521.000) 05/07 12:02:48 Image size of job updated: 5714924
	4986  -  MemoryUsage of job (MB)
	5105232  -  ResidentSetSize of job (KB)
...
006 (005.5521.000) 05/07 12:02:53 Image size of job updated: 5714924
	5019  -  MemoryUsage of job (MB)
	5138628  -  ResidentSetSize of job (KB)
...
006 (005.5521.000) 05/07 12:02:58 Image size of job updated: 5714924
	5052  -  MemoryUsage of job (MB)
	5173212  -  ResidentSetSize of job (KB)
...
006 (005.5521.000) 05/07 12:03:03 Image size of job updated: 5819372
	5084  -  MemoryUsage of job (MB)
	5205156  -  ResidentSetSize of job (KB)
...
006 (005.5521.000) 05/07 12:03:08 Image size of job updated: 5819372
	5115  -  MemoryUsage of job (MB)
	5237760  -  ResidentSetSize of job (KB)
...
006 (005.5521.000) 05/07 12:03:13 Image size of job updated: 5819372
	5147  -  MemoryUsage of job (MB)
	5269704  -  ResidentSetSize of job (KB)
...
006 (005.5521.000) 05/07 12:03:18 Image size of job updated: 5915628
	5178  -  MemoryUsage of job (MB)
	5301912  -  ResidentSetSize of job (KB)
...
006 (005.5521.000) 05/07 12:03:23 Image size of job updated: 5915628
	5211  -  MemoryUsage of job (MB)
	5335572  -  ResidentSetSize of job (KB)
...
006 (005.5521.000) 05/07 12:03:28 Image size of job updated: 5984236
	5244  -  MemoryUsage of job (MB)
	5368968  -  ResidentSetSize of job (KB)
...
006 (005.5521.000) 05/07 12:03:33 Image size of job updated: 6180844
	5457  -  MemoryUsage of job (MB)
	5587296  -  ResidentSetSize of job (KB)
...
006 (005.5521.000) 05/07 12:03:38 Image size of job updated: 6216172
	5457  -  MemoryUsage of job (MB)
	5587296  -  ResidentSetSize of job (KB)
...
005 (005.5521.000) 05/07 12:03:40 Job terminated.
	(1) Normal termination (return value 0)
		Usr 0 00:24:30, Sys 0 00:00:04  -  Run Remote Usage
		Usr 0 00:00:00, Sys 0 00:00:00  -  Run Local Usage
		Usr 0 00:24:30, Sys 0 00:00:04  -  Total Remote Usage
		Usr 0 00:00:00, Sys 0 00:00:00  -  Total Local Usage
	0  -  Run Bytes Sent By Job
	0  -  Run Bytes Received By Job
	0  -  Total Bytes Sent By Job
	0  -  Total Bytes Received By Job
	Partitionable Resources :      Usage  Request Allocated 
	   Cpus                 :       1.00        1         1 
	   Disk (KB)            : 2000000     2000000   6275465 
	   Memory (MB)          :    5457        1954      2007 
...
