000 (005.9834.000) 05/05 20:26:05 Job submitted from host: <127.0.0.1:9618?addrs=127.0.0.1-9618&noUDP&sock=227_4816_4>
...
033 (005.9834.000) 05/06 14:18:14 Changing job attribute JobPrio from 0 to -10
...
009 (005.9834.000) 05/07 21:45:39 Job was aborted by the user.
	via condor_rm (by user aw868)
...
000 (011.2783.000) 05/08 17:21:40 Job submitted from host: <127.0.0.1:9618?addrs=127.0.0.1-9618&noUDP&sock=212_fe2a_4>
...
033 (011.2783.000) 05/08 20:41:59 Changing job attribute JobPrio from 0 to -5
...
001 (011.2783.000) 05/09 12:36:30 Job executing on host: <127.0.0.1:9618?addrs=127.0.0.1-9618&noUDP&sock=212_fe2a_5>
...
006 (011.2783.000) 05/09 12:36:36 Image size of job updated: 2000000
	101  -  MemoryUsage of job (MB)
	103092  -  ResidentSetSize of job (KB)
...
006 (011.2783.000) 05/09 12:37:06 Image size of job updated: 2000000
	154  -  MemoryUsage of job (MB)
	156684  -  ResidentSetSize of job (KB)
...
006 (011.2783.000) 05/09 12:37:12 Image size of job updated: 2000000
	184  -  MemoryUsage of job (MB)
	187968  -  ResidentSetSize of job (KB)
...
006 (011.2783.000) 05/09 12:37:18 Image size of job updated: 2000000
	185  -  MemoryUsage of job (MB)
	189288  -  ResidentSetSize of job (KB)
...
006 (011.2783.000) 05/09 12:37:24 Image size of job updated: 2000000
	197  -  MemoryUsage of job (MB)
	201564  -  ResidentSetSize of job (KB)
...
006 (011.2783.000) 05/09 12:37:30 Image size of job updated: 2000000
	209  -  MemoryUsage of job (MB)
	213840  -  ResidentSetSize of job (KB)
...
006 (011.2783.000) 05/09 12:37:36 Image size of job updated: 2000000
	219  -  MemoryUsage of job (MB)
	224004  -  ResidentSetSize of job (KB)
...
006 (011.2783.000) 05/09 12:37:42 Image size of job updated: 2000000
	231  -  MemoryUsage of job (MB)
	235752  -  ResidentSetSize of job (KB)
...
006 (011.2783.000) 05/09 12:37:48 Image size of job updated: 2000000
	240  -  MemoryUsage of job (MB)
	244860  -  ResidentSetSize of job (KB)
...
006 (011.2783.000) 05/09 12:37:54 Image size of job updated: 2000000
	271  -  MemoryUsage of job (MB)
	277200  -  ResidentSetSize of job (KB)
...
006 (011.2783.000) 05/09 12:38:00 Image size of job updated: 2000000
	310  -  MemoryUsage of job (MB)
	316800  -  ResidentSetSize of job (KB)
...
006 (011.2783.000) 05/09 12:38:06 Image size of job updated: 2000000
	329  -  MemoryUsage of job (MB)
	336336  -  ResidentSetSize of job (KB)
...
006 (011.2783.000) 05/09 12:38:12 Image size of job updated: 2000000
	402  -  MemoryUsage of job (MB)
	410916  -  ResidentSetSize of job (KB)
...
006 (011.2783.000) 05/09 12:38:18 Image size of job updated: 2000000
	462  -  MemoryUsage of job (MB)
	472956  -  ResidentSetSize of job (KB)
...
006 (011.2783.000) 05/09 12:38:24 Image size of job updated: 2000000
	1169  -  MemoryUsage of job (MB)
	1196448  -  ResidentSetSize of job (KB)
...
006 (011.2783.000) 05/09 12:52:03 Image size of job updated: 2000000
	1171  -  MemoryUsage of job (MB)
	1198296  -  ResidentSetSize of job (KB)
...
006 (011.2783.000) 05/09 12:52:09 Image size of job updated: 2000000
	1251  -  MemoryUsage of job (MB)
	1280004  -  ResidentSetSize of job (KB)
...
006 (011.2783.000) 05/09 12:52:15 Image size of job updated: 2201480
	1622  -  MemoryUsage of job (MB)
	1660428  -  ResidentSetSize of job (KB)
...
006 (011.2783.000) 05/09 12:52:21 Image size of job updated: 2201480
	1695  -  MemoryUsage of job (MB)
	1735404  -  ResidentSetSize of job (KB)
...
006 (011.2783.000) 05/09 12:52:27 Image size of job updated: 2201480
	1885  -  MemoryUsage of job (MB)
	1930104  -  ResidentSetSize of job (KB)
...
006 (011.2783.000) 05/09 12:52:33 Image size of job updated: 2561000
	1886  -  MemoryUsage of job (MB)
	1931160  -  ResidentSetSize of job (KB)
...
006 (011.2783.000) 05/09 12:52:39 Image size of job updated: 2561000
	1892  -  MemoryUsage of job (MB)
	1936572  -  ResidentSetSize of job (KB)
...
006 (011.2783.000) 05/09 12:52:45 Image size of job updated: 2569192
	1896  -  MemoryUsage of job (MB)
	1940928  -  ResidentSetSize of job (KB)
...
006 (011.2783.000) 05/09 12:52:51 Image size of job updated: 2569192
	1902  -  MemoryUsage of job (MB)
	1947264  -  ResidentSetSize of job (KB)
...
006 (011.2783.000) 05/09 12:52:57 Image size of job updated: 2581480
	1906  -  MemoryUsage of job (MB)
	1951620  -  ResidentSetSize of job (KB)
...
006 (011.2783.000) 05/09 12:53:03 Image size of job updated: 2583528
	1909  -  MemoryUsage of job (MB)
	1954392  -  ResidentSetSize of job (KB)
...
006 (011.2783.000) 05/09 12:53:09 Image size of job updated: 2586600
	1914  -  MemoryUsage of job (MB)
	1959672  -  ResidentSetSize of job (KB)
...
006 (011.2783.000) 05/09 12:53:15 Image size of job updated: 2590696
	1917  -  MemoryUsage of job (MB)
	1962048  -  ResidentSetSize of job (KB)
...
006 (011.2783.000) 05/09 12:53:21 Image size of job updated: 2593768
	1918  -  MemoryUsage of job (MB)
	1963896  -  ResidentSetSize of job (KB)
...
006 (011.2783.000) 05/09 12:53:27 Image size of job updated: 2595816
	1920  -  MemoryUsage of job (MB)
	1965348  -  ResidentSetSize of job (KB)
...
006 (011.2783.000) 05/09 12:53:33 Image size of job updated: 2595816
	1924  -  MemoryUsage of job (MB)
	1969308  -  ResidentSetSize of job (KB)
...
006 (011.2783.000) 05/09 12:53:39 Image size of job updated: 2595816
	1926  -  MemoryUsage of job (MB)
	1971288  -  ResidentSetSize of job (KB)
...
006 (011.2783.000) 05/09 12:53:45 Image size of job updated: 2602984
	1927  -  MemoryUsage of job (MB)
	1972740  -  ResidentSetSize of job (KB)
...
006 (011.2783.000) 05/09 12:53:52 Image size of job updated: 2602984
	1930  -  MemoryUsage of job (MB)
	1975380  -  ResidentSetSize of job (KB)
...
006 (011.2783.000) 05/09 12:53:57 Image size of job updated: 2606056
	1932  -  MemoryUsage of job (MB)
	1977360  -  ResidentSetSize of job (KB)
...
006 (011.2783.000) 05/09 12:54:02 Image size of job updated: 2610152
	1934  -  MemoryUsage of job (MB)
	1979868  -  ResidentSetSize of job (KB)
...
006 (011.2783.000) 05/09 12:54:07 Image size of job updated: 2610152
	1936  -  MemoryUsage of job (MB)
	1981848  -  ResidentSetSize of job (KB)
...
006 (011.2783.000) 05/09 12:54:12 Image size of job updated: 2610152
	1937  -  MemoryUsage of job (MB)
	1983036  -  ResidentSetSize of job (KB)
...
006 (011.2783.000) 05/09 12:54:17 Image size of job updated: 2617320
	1941  -  MemoryUsage of job (MB)
	1987260  -  ResidentSetSize of job (KB)
...
006 (011.2783.000) 05/09 12:54:22 Image size of job updated: 2617320
	1942  -  MemoryUsage of job (MB)
	1988448  -  ResidentSetSize of job (KB)
...
006 (011.2783.000) 05/09 12:54:27 Image size of job updated: 2617320
	1945  -  MemoryUsage of job (MB)
	1991088  -  ResidentSetSize of job (KB)
...
006 (011.2783.000) 05/09 12:54:32 Image size of job updated: 2623464
	1947  -  MemoryUsage of job (MB)
	1993332  -  ResidentSetSize of job (KB)
...
006 (011.2783.000) 05/09 12:54:37 Image size of job updated: 2623464
	1951  -  MemoryUsage of job (MB)
	1996896  -  ResidentSetSize of job (KB)
...
006 (011.2783.000) 05/09 12:54:42 Image size of job updated: 2628584
	1955  -  MemoryUsage of job (MB)
	2001384  -  ResidentSetSize of job (KB)
...
006 (011.2783.000) 05/09 12:54:47 Image size of job updated: 2628584
	1960  -  MemoryUsage of job (MB)
	2006136  -  ResidentSetSize of job (KB)
...
006 (011.2783.000) 05/09 12:54:52 Image size of job updated: 2636776
	1961  -  MemoryUsage of job (MB)
	2007324  -  ResidentSetSize of job (KB)
...
006 (011.2783.000) 05/09 12:54:57 Image size of job updated: 2636776
	1961  -  MemoryUsage of job (MB)
	2007984  -  ResidentSetSize of job (KB)
...
006 (011.2783.000) 05/09 12:55:02 Image size of job updated: 2636776
	1963  -  MemoryUsage of job (MB)
	2009436  -  ResidentSetSize of job (KB)
...
006 (011.2783.000) 05/09 12:55:07 Image size of job updated: 2639848
	1965  -  MemoryUsage of job (MB)
	2011944  -  ResidentSetSize of job (KB)
...
006 (011.2783.000) 05/09 12:55:12 Image size of job updated: 2641896
	1967  -  MemoryUsage of job (MB)
	2014056  -  ResidentSetSize of job (KB)
...
006 (011.2783.000) 05/09 12:55:17 Image size of job updated: 2647016
	1970  -  MemoryUsage of job (MB)
	2017092  -  ResidentSetSize of job (KB)
...
006 (011.2783.000) 05/09 12:55:22 Image size of job updated: 2649064
	1972  -  MemoryUsage of job (MB)
	2018940  -  ResidentSetSize of job (KB)
...
006 (011.2783.000) 05/09 12:55:27 Image size of job updated: 2649064
	1976  -  MemoryUsage of job (MB)
	2022504  -  ResidentSetSize of job (KB)
...
006 (011.2783.000) 05/09 12:55:32 Image size of job updated: 2649064
	1978  -  MemoryUsage of job (MB)
	2025144  -  ResidentSetSize of job (KB)
...
006 (011.2783.000) 05/09 12:55:37 Image size of job updated: 2656232
	1980  -  MemoryUsage of job (MB)
	2027256  -  ResidentSetSize of job (KB)
...
006 (011.2783.000) 05/09 12:55:42 Image size of job updated: 2660328
	1984  -  MemoryUsage of job (MB)
	2030952  -  ResidentSetSize of job (KB)
...
006 (011.2783.000) 05/09 12:55:47 Image size of job updated: 2663400
	1987  -  MemoryUsage of job (MB)
	2033988  -  ResidentSetSize of job (KB)
...
006 (011.2783.000) 05/09 12:55:52 Image size of job updated: 2664424
	1987  -  MemoryUsage of job (MB)
	2034252  -  ResidentSetSize of job (KB)
...
006 (011.2783.000) 05/09 12:55:57 Image size of job updated: 2664424
	1990  -  MemoryUsage of job (MB)
	2037420  -  ResidentSetSize of job (KB)
...
006 (011.2783.000) 05/09 12:56:02 Image size of job updated: 2664424
	1992  -  MemoryUsage of job (MB)
	2039268  -  ResidentSetSize of job (KB)
...
006 (011.2783.000) 05/09 12:56:07 Image size of job updated: 2671592
	1995  -  MemoryUsage of job (MB)
	2041908  -  ResidentSetSize of job (KB)
...
006 (011.2783.000) 05/09 12:56:12 Image size of job updated: 2671592
	1996  -  MemoryUsage of job (MB)
	2043888  -  ResidentSetSize of job (KB)
...
006 (011.2783.000) 05/09 12:56:17 Image size of job updated: 2677736
	2001  -  MemoryUsage of job (MB)
	2048640  -  ResidentSetSize of job (KB)
...
006 (011.2783.000) 05/09 12:56:22 Image size of job updated: 2680808
	2003  -  MemoryUsage of job (MB)
	2050224  -  ResidentSetSize of job (KB)
...
006 (011.2783.000) 05/09 12:56:27 Image size of job updated: 2680808
	2005  -  MemoryUsage of job (MB)
	2052864  -  ResidentSetSize of job (KB)
...
006 (011.2783.000) 05/09 12:56:32 Image size of job updated: 2680808
	2006  -  MemoryUsage of job (MB)
	2054052  -  ResidentSetSize of job (KB)
...
006 (011.2783.000) 05/09 12:56:37 Image size of job updated: 2685928
	2008  -  MemoryUsage of job (MB)
	2055900  -  ResidentSetSize of job (KB)
...
006 (011.2783.000) 05/09 12:56:42 Image size of job updated: 2685928
	2011  -  MemoryUsage of job (MB)
	2058276  -  ResidentSetSize of job (KB)
...
006 (011.2783.000) 05/09 12:56:47 Image size of job updated: 2685928
	2013  -  MemoryUsage of job (MB)
	2060916  -  ResidentSetSize of job (KB)
...
006 (011.2783.000) 05/09 12:56:52 Image size of job updated: 2694120
	2016  -  MemoryUsage of job (MB)
	2064084  -  ResidentSetSize of job (KB)
...
006 (011.2783.000) 05/09 12:56:57 Image size of job updated: 2694120
	2019  -  MemoryUsage of job (MB)
	2066724  -  ResidentSetSize of job (KB)
...
006 (011.2783.000) 05/09 12:57:02 Image size of job updated: 2694120
	2021  -  MemoryUsage of job (MB)
	2068572  -  ResidentSetSize of job (KB)
...
006 (011.2783.000) 05/09 12:57:07 Image size of job updated: 2700264
	2024  -  MemoryUsage of job (MB)
	2071740  -  ResidentSetSize of job (KB)
...
006 (011.2783.000) 05/09 12:57:12 Image size of job updated: 2703336
	2026  -  MemoryUsage of job (MB)
	2074116  -  ResidentSetSize of job (KB)
...
006 (011.2783.000) 05/09 12:57:17 Image size of job updated: 2703336
	2028  -  MemoryUsage of job (MB)
	2075832  -  ResidentSetSize of job (KB)
...
006 (011.2783.000) 05/09 12:57:22 Image size of job updated: 2707432
	2031  -  MemoryUsage of job (MB)
	2079264  -  ResidentSetSize of job (KB)
...
006 (011.2783.000) 05/09 12:57:27 Image size of job updated: 2707432
	2035  -  MemoryUsage of job (MB)
	2083356  -  ResidentSetSize of job (KB)
...
006 (011.2783.000) 05/09 12:57:32 Image size of job updated: 2707432
	2038  -  MemoryUsage of job (MB)
	2086128  -  ResidentSetSize of job (KB)
...
006 (011.2783.000) 05/09 12:57:37 Image size of job updated: 2876392
	2237  -  MemoryUsage of job (MB)
	2289936  -  ResidentSetSize of job (KB)
...
006 (011.2783.000) 05/09 12:57:42 Image size of job updated: 2929128
	2246  -  MemoryUsage of job (MB)
	2299704  -  ResidentSetSize of job (KB)
...
005 (011.2783.000) 05/09 12:57:44 Job terminated.
	(1) Normal termination (return value 0)
		Usr 0 00:20:42, Sys 0 00:00:02  -  Run Remote Usage
		Usr 0 00:00:00, Sys 0 00:00:00  -  Run Local Usage
		Usr 0 00:20:42, Sys 0 00:00:02  -  Total Remote Usage
		Usr 0 00:00:00, Sys 0 00:00:00  -  Total Local Usage
	0  -  Run Bytes Sent By Job
	0  -  Run Bytes Received By Job
	0  -  Total Bytes Sent By Job
	0  -  Total Bytes Received By Job
	Partitionable Resources :      Usage  Request Allocated 
	   Cpus                 :       1.00        1         1 
	   Disk (KB)            : 2000000     2000000   6232219 
	   Memory (MB)          :    2246        1954      2007 
...
