000 (205.5572.000) 05/06 03:20:16 Job submitted from host: <127.0.0.1:9618?addrs=127.0.0.1-9618&noUDP&sock=222_da1d_4>
...
033 (205.5572.000) 05/06 14:23:14 Changing job attribute JobPrio from 0 to -5
...
000 (007.5572.000) 05/07 19:00:25 Job submitted from host: <127.0.0.1:9618?addrs=127.0.0.1-9618&noUDP&sock=215_0cf3_4>
...
000 (016.5572.000) 05/08 15:57:30 Job submitted from host: <127.0.0.1:9618?addrs=127.0.0.1-9618&noUDP&sock=227_4816_4>
...
009 (016.5572.000) 05/09 16:55:09 Job was aborted by the user.
	via condor_rm (by user aw868)
...
000 (017.2239.000) 05/09 17:26:11 Job submitted from host: <127.0.0.1:9618?addrs=127.0.0.1-9618&noUDP&sock=227_4816_4>
...
001 (017.2239.000) 05/10 09:33:52 Job executing on host: <127.0.0.1:9618?addrs=127.0.0.1-9618&noUDP&sock=227_4816_5>
...
006 (017.2239.000) 05/10 09:33:57 Image size of job updated: 2000000
	114  -  MemoryUsage of job (MB)
	116424  -  ResidentSetSize of job (KB)
...
006 (017.2239.000) 05/10 09:34:02 Image size of job updated: 2000000
	115  -  MemoryUsage of job (MB)
	116952  -  ResidentSetSize of job (KB)
...
006 (017.2239.000) 05/10 09:34:26 Image size of job updated: 2000000
	120  -  MemoryUsage of job (MB)
	122496  -  ResidentSetSize of job (KB)
...
006 (017.2239.000) 05/10 09:34:32 Image size of job updated: 2000000
	210  -  MemoryUsage of job (MB)
	214764  -  ResidentSetSize of job (KB)
...
006 (017.2239.000) 05/10 09:34:38 Image size of job updated: 2000000
	211  -  MemoryUsage of job (MB)
	215688  -  ResidentSetSize of job (KB)
...
006 (017.2239.000) 05/10 09:34:44 Image size of job updated: 2000000
	218  -  MemoryUsage of job (MB)
	223212  -  ResidentSetSize of job (KB)
...
006 (017.2239.000) 05/10 09:34:50 Image size of job updated: 2000000
	232  -  MemoryUsage of job (MB)
	237468  -  ResidentSetSize of job (KB)
...
006 (017.2239.000) 05/10 09:34:56 Image size of job updated: 2000000
	246  -  MemoryUsage of job (MB)
	251724  -  ResidentSetSize of job (KB)
...
006 (017.2239.000) 05/10 09:35:02 Image size of job updated: 2000000
	260  -  MemoryUsage of job (MB)
	265320  -  ResidentSetSize of job (KB)
...
006 (017.2239.000) 05/10 09:35:08 Image size of job updated: 2000000
	269  -  MemoryUsage of job (MB)
	275352  -  ResidentSetSize of job (KB)
...
006 (017.2239.000) 05/10 09:35:14 Image size of job updated: 2000000
	279  -  MemoryUsage of job (MB)
	285516  -  ResidentSetSize of job (KB)
...
006 (017.2239.000) 05/10 09:35:20 Image size of job updated: 2000000
	314  -  MemoryUsage of job (MB)
	321288  -  ResidentSetSize of job (KB)
...
006 (017.2239.000) 05/10 09:35:26 Image size of job updated: 2000000
	362  -  MemoryUsage of job (MB)
	370656  -  ResidentSetSize of job (KB)
...
006 (017.2239.000) 05/10 09:35:32 Image size of job updated: 2000000
	380  -  MemoryUsage of job (MB)
	388344  -  ResidentSetSize of job (KB)
...
006 (017.2239.000) 05/10 09:35:38 Image size of job updated: 2000000
	427  -  MemoryUsage of job (MB)
	436788  -  ResidentSetSize of job (KB)
...
006 (017.2239.000) 05/10 09:35:44 Image size of job updated: 2000000
	503  -  MemoryUsage of job (MB)
	514668  -  ResidentSetSize of job (KB)
...
006 (017.2239.000) 05/10 09:35:50 Image size of job updated: 2000000
	1245  -  MemoryUsage of job (MB)
	1274196  -  ResidentSetSize of job (KB)
...
006 (017.2239.000) 05/10 09:52:11 Image size of job updated: 2000000
	1249  -  MemoryUsage of job (MB)
	1278552  -  ResidentSetSize of job (KB)
...
006 (017.2239.000) 05/10 09:52:17 Image size of job updated: 2100564
	1679  -  MemoryUsage of job (MB)
	1718508  -  ResidentSetSize of job (KB)
...
006 (017.2239.000) 05/10 09:52:23 Image size of job updated: 2100564
	1777  -  MemoryUsage of job (MB)
	1819224  -  ResidentSetSize of job (KB)
...
006 (017.2239.000) 05/10 09:52:29 Image size of job updated: 2654452
	1970  -  MemoryUsage of job (MB)
	2016828  -  ResidentSetSize of job (KB)
...
006 (017.2239.000) 05/10 09:52:35 Image size of job updated: 2654452
	1988  -  MemoryUsage of job (MB)
	2035044  -  ResidentSetSize of job (KB)
...
006 (017.2239.000) 05/10 09:52:43 Image size of job updated: 2654452
	2000  -  MemoryUsage of job (MB)
	2047584  -  ResidentSetSize of job (KB)
...
006 (017.2239.000) 05/10 09:52:49 Image size of job updated: 2743540
	2051  -  MemoryUsage of job (MB)
	2099328  -  ResidentSetSize of job (KB)
...
006 (017.2239.000) 05/10 09:52:55 Image size of job updated: 2829556
	2142  -  MemoryUsage of job (MB)
	2193312  -  ResidentSetSize of job (KB)
...
006 (017.2239.000) 05/10 09:53:02 Image size of job updated: 2899188
	2226  -  MemoryUsage of job (MB)
	2278452  -  ResidentSetSize of job (KB)
...
006 (017.2239.000) 05/10 09:53:07 Image size of job updated: 2969844
	2278  -  MemoryUsage of job (MB)
	2332440  -  ResidentSetSize of job (KB)
...
006 (017.2239.000) 05/10 09:53:12 Image size of job updated: 2969844
	2328  -  MemoryUsage of job (MB)
	2382996  -  ResidentSetSize of job (KB)
...
006 (017.2239.000) 05/10 09:53:17 Image size of job updated: 2969844
	2375  -  MemoryUsage of job (MB)
	2431572  -  ResidentSetSize of job (KB)
...
006 (017.2239.000) 05/10 09:53:22 Image size of job updated: 3119348
	2423  -  MemoryUsage of job (MB)
	2480940  -  ResidentSetSize of job (KB)
...
006 (017.2239.000) 05/10 09:53:27 Image size of job updated: 3119348
	2458  -  MemoryUsage of job (MB)
	2516184  -  ResidentSetSize of job (KB)
...
006 (017.2239.000) 05/10 09:53:32 Image size of job updated: 3188980
	2482  -  MemoryUsage of job (MB)
	2540604  -  ResidentSetSize of job (KB)
...
006 (017.2239.000) 05/10 09:53:37 Image size of job updated: 3252468
	2536  -  MemoryUsage of job (MB)
	2596044  -  ResidentSetSize of job (KB)
...
006 (017.2239.000) 05/10 09:53:42 Image size of job updated: 3260660
	2586  -  MemoryUsage of job (MB)
	2647392  -  ResidentSetSize of job (KB)
...
006 (017.2239.000) 05/10 09:53:47 Image size of job updated: 3358964
	2635  -  MemoryUsage of job (MB)
	2697948  -  ResidentSetSize of job (KB)
...
006 (017.2239.000) 05/10 09:53:52 Image size of job updated: 3408116
	2685  -  MemoryUsage of job (MB)
	2749296  -  ResidentSetSize of job (KB)
...
006 (017.2239.000) 05/10 09:53:57 Image size of job updated: 3413236
	2735  -  MemoryUsage of job (MB)
	2800116  -  ResidentSetSize of job (KB)
...
006 (017.2239.000) 05/10 09:54:02 Image size of job updated: 3413236
	2785  -  MemoryUsage of job (MB)
	2851200  -  ResidentSetSize of job (KB)
...
006 (017.2239.000) 05/10 09:54:07 Image size of job updated: 3413236
	2836  -  MemoryUsage of job (MB)
	2903736  -  ResidentSetSize of job (KB)
...
006 (017.2239.000) 05/10 09:54:12 Image size of job updated: 3566836
	2899  -  MemoryUsage of job (MB)
	2967888  -  ResidentSetSize of job (KB)
...
006 (017.2239.000) 05/10 09:54:17 Image size of job updated: 3566836
	2963  -  MemoryUsage of job (MB)
	3033228  -  ResidentSetSize of job (KB)
...
006 (017.2239.000) 05/10 09:54:22 Image size of job updated: 3566836
	2984  -  MemoryUsage of job (MB)
	3054744  -  ResidentSetSize of job (KB)
...
006 (017.2239.000) 05/10 09:54:27 Image size of job updated: 3757300
	3017  -  MemoryUsage of job (MB)
	3089196  -  ResidentSetSize of job (KB)
...
006 (017.2239.000) 05/10 09:54:32 Image size of job updated: 3817716
	3067  -  MemoryUsage of job (MB)
	3139884  -  ResidentSetSize of job (KB)
...
006 (017.2239.000) 05/10 09:54:37 Image size of job updated: 3875060
	3125  -  MemoryUsage of job (MB)
	3199416  -  ResidentSetSize of job (KB)
...
006 (017.2239.000) 05/10 09:54:42 Image size of job updated: 3945716
	3187  -  MemoryUsage of job (MB)
	3262644  -  ResidentSetSize of job (KB)
...
006 (017.2239.000) 05/10 09:54:47 Image size of job updated: 3949812
	3243  -  MemoryUsage of job (MB)
	3320592  -  ResidentSetSize of job (KB)
...
006 (017.2239.000) 05/10 09:54:52 Image size of job updated: 4008180
	3300  -  MemoryUsage of job (MB)
	3378408  -  ResidentSetSize of job (KB)
...
006 (017.2239.000) 05/10 09:54:57 Image size of job updated: 4102388
	3367  -  MemoryUsage of job (MB)
	3447312  -  ResidentSetSize of job (KB)
...
006 (017.2239.000) 05/10 09:55:02 Image size of job updated: 4191476
	3434  -  MemoryUsage of job (MB)
	3515820  -  ResidentSetSize of job (KB)
...
006 (017.2239.000) 05/10 09:55:07 Image size of job updated: 4191476
	3496  -  MemoryUsage of job (MB)
	3579708  -  ResidentSetSize of job (KB)
...
006 (017.2239.000) 05/10 09:55:12 Image size of job updated: 4324596
	3564  -  MemoryUsage of job (MB)
	3649272  -  ResidentSetSize of job (KB)
...
006 (017.2239.000) 05/10 09:55:17 Image size of job updated: 4355316
	3630  -  MemoryUsage of job (MB)
	3716856  -  ResidentSetSize of job (KB)
...
006 (017.2239.000) 05/10 09:55:22 Image size of job updated: 4355316
	3684  -  MemoryUsage of job (MB)
	3772296  -  ResidentSetSize of job (KB)
...
006 (017.2239.000) 05/10 09:55:27 Image size of job updated: 4516084
	3738  -  MemoryUsage of job (MB)
	3827604  -  ResidentSetSize of job (KB)
...
006 (017.2239.000) 05/10 09:55:32 Image size of job updated: 4531444
	3791  -  MemoryUsage of job (MB)
	3881196  -  ResidentSetSize of job (KB)
...
006 (017.2239.000) 05/10 09:55:37 Image size of job updated: 4531444
	3843  -  MemoryUsage of job (MB)
	3934392  -  ResidentSetSize of job (KB)
...
006 (017.2239.000) 05/10 09:55:42 Image size of job updated: 4675828
	3894  -  MemoryUsage of job (MB)
	3987324  -  ResidentSetSize of job (KB)
...
006 (017.2239.000) 05/10 09:55:47 Image size of job updated: 4723956
	3946  -  MemoryUsage of job (MB)
	4040388  -  ResidentSetSize of job (KB)
...
006 (017.2239.000) 05/10 09:55:52 Image size of job updated: 4723956
	3998  -  MemoryUsage of job (MB)
	4093716  -  ResidentSetSize of job (KB)
...
006 (017.2239.000) 05/10 09:55:57 Image size of job updated: 4837620
	4054  -  MemoryUsage of job (MB)
	4150608  -  ResidentSetSize of job (KB)
...
006 (017.2239.000) 05/10 09:56:02 Image size of job updated: 4837620
	4104  -  MemoryUsage of job (MB)
	4202484  -  ResidentSetSize of job (KB)
...
006 (017.2239.000) 05/10 09:56:07 Image size of job updated: 4837620
	4157  -  MemoryUsage of job (MB)
	4256340  -  ResidentSetSize of job (KB)
...
006 (017.2239.000) 05/10 09:56:12 Image size of job updated: 4996340
	4209  -  MemoryUsage of job (MB)
	4309140  -  ResidentSetSize of job (KB)
...
006 (017.2239.000) 05/10 09:56:17 Image size of job updated: 4996340
	4261  -  MemoryUsage of job (MB)
	4362336  -  ResidentSetSize of job (KB)
...
006 (017.2239.000) 05/10 09:56:22 Image size of job updated: 4996340
	4311  -  MemoryUsage of job (MB)
	4413816  -  ResidentSetSize of job (KB)
...
006 (017.2239.000) 05/10 09:56:27 Image size of job updated: 5151988
	4361  -  MemoryUsage of job (MB)
	4465560  -  ResidentSetSize of job (KB)
...
006 (017.2239.000) 05/10 09:56:32 Image size of job updated: 5151988
	4410  -  MemoryUsage of job (MB)
	4515720  -  ResidentSetSize of job (KB)
...
006 (017.2239.000) 05/10 09:56:37 Image size of job updated: 5151988
	4430  -  MemoryUsage of job (MB)
	4535916  -  ResidentSetSize of job (KB)
...
006 (017.2239.000) 05/10 09:56:42 Image size of job updated: 5294324
	4430  -  MemoryUsage of job (MB)
	4535916  -  ResidentSetSize of job (KB)
...
006 (017.2239.000) 05/10 09:56:47 Image size of job updated: 5304564
	4430  -  MemoryUsage of job (MB)
	4535916  -  ResidentSetSize of job (KB)
...
006 (017.2239.000) 05/10 09:56:52 Image size of job updated: 5304564
	4481  -  MemoryUsage of job (MB)
	4587792  -  ResidentSetSize of job (KB)
...
006 (017.2239.000) 05/10 09:56:57 Image size of job updated: 5304564
	4535  -  MemoryUsage of job (MB)
	4643628  -  ResidentSetSize of job (KB)
...
006 (017.2239.000) 05/10 09:57:02 Image size of job updated: 5477620
	4600  -  MemoryUsage of job (MB)
	4710024  -  ResidentSetSize of job (KB)
...
006 (017.2239.000) 05/10 09:57:08 Image size of job updated: 5549300
	4677  -  MemoryUsage of job (MB)
	4788564  -  ResidentSetSize of job (KB)
...
006 (017.2239.000) 05/10 09:57:14 Image size of job updated: 5549300
	4743  -  MemoryUsage of job (MB)
	4856016  -  ResidentSetSize of job (KB)
...
006 (017.2239.000) 05/10 09:57:20 Image size of job updated: 5653748
	4805  -  MemoryUsage of job (MB)
	4920168  -  ResidentSetSize of job (KB)
...
006 (017.2239.000) 05/10 09:57:26 Image size of job updated: 5715188
	4869  -  MemoryUsage of job (MB)
	4985244  -  ResidentSetSize of job (KB)
...
006 (017.2239.000) 05/10 09:57:32 Image size of job updated: 5812468
	4933  -  MemoryUsage of job (MB)
	5050716  -  ResidentSetSize of job (KB)
...
006 (017.2239.000) 05/10 09:57:38 Image size of job updated: 5812468
	4997  -  MemoryUsage of job (MB)
	5116320  -  ResidentSetSize of job (KB)
...
006 (017.2239.000) 05/10 09:57:44 Image size of job updated: 5812468
	5062  -  MemoryUsage of job (MB)
	5182848  -  ResidentSetSize of job (KB)
...
006 (017.2239.000) 05/10 09:57:50 Image size of job updated: 5981428
	5130  -  MemoryUsage of job (MB)
	5252280  -  ResidentSetSize of job (KB)
...
006 (017.2239.000) 05/10 09:57:56 Image size of job updated: 5981428
	5195  -  MemoryUsage of job (MB)
	5319468  -  ResidentSetSize of job (KB)
...
006 (017.2239.000) 05/10 09:58:02 Image size of job updated: 6138100
	5260  -  MemoryUsage of job (MB)
	5385336  -  ResidentSetSize of job (KB)
...
006 (017.2239.000) 05/10 09:58:08 Image size of job updated: 6225140
	5325  -  MemoryUsage of job (MB)
	5452128  -  ResidentSetSize of job (KB)
...
006 (017.2239.000) 05/10 09:58:14 Image size of job updated: 6282484
	5391  -  MemoryUsage of job (MB)
	5519448  -  ResidentSetSize of job (KB)
...
006 (017.2239.000) 05/10 09:58:20 Image size of job updated: 6303988
	5455  -  MemoryUsage of job (MB)
	5585712  -  ResidentSetSize of job (KB)
...
006 (017.2239.000) 05/10 09:58:26 Image size of job updated: 6303988
	5521  -  MemoryUsage of job (MB)
	5653296  -  ResidentSetSize of job (KB)
...
006 (017.2239.000) 05/10 09:58:32 Image size of job updated: 6485236
	5588  -  MemoryUsage of job (MB)
	5721276  -  ResidentSetSize of job (KB)
...
006 (017.2239.000) 05/10 09:58:38 Image size of job updated: 6485236
	5653  -  MemoryUsage of job (MB)
	5787672  -  ResidentSetSize of job (KB)
...
006 (017.2239.000) 05/10 09:58:44 Image size of job updated: 6485236
	5719  -  MemoryUsage of job (MB)
	5856180  -  ResidentSetSize of job (KB)
...
006 (017.2239.000) 05/10 09:58:50 Image size of job updated: 6697204
	5786  -  MemoryUsage of job (MB)
	5924688  -  ResidentSetSize of job (KB)
...
006 (017.2239.000) 05/10 09:58:56 Image size of job updated: 6697204
	5854  -  MemoryUsage of job (MB)
	5993592  -  ResidentSetSize of job (KB)
...
006 (017.2239.000) 05/10 09:59:02 Image size of job updated: 6697204
	5876  -  MemoryUsage of job (MB)
	6016692  -  ResidentSetSize of job (KB)
...
006 (017.2239.000) 05/10 09:59:08 Image size of job updated: 6893812
	5894  -  MemoryUsage of job (MB)
	6035304  -  ResidentSetSize of job (KB)
...
006 (017.2239.000) 05/10 09:59:19 Image size of job updated: 6962420
	5926  -  MemoryUsage of job (MB)
	6067644  -  ResidentSetSize of job (KB)
...
006 (017.2239.000) 05/10 09:59:25 Image size of job updated: 7001332
	5956  -  MemoryUsage of job (MB)
	6098004  -  ResidentSetSize of job (KB)
...
006 (017.2239.000) 05/10 09:59:31 Image size of job updated: 7049460
	6017  -  MemoryUsage of job (MB)
	6160704  -  ResidentSetSize of job (KB)
...
006 (017.2239.000) 05/10 09:59:37 Image size of job updated: 7133428
	6084  -  MemoryUsage of job (MB)
	6229212  -  ResidentSetSize of job (KB)
...
006 (017.2239.000) 05/10 09:59:43 Image size of job updated: 7133428
	6294  -  MemoryUsage of job (MB)
	6444372  -  ResidentSetSize of job (KB)
...
006 (017.2239.000) 05/10 09:59:49 Image size of job updated: 7347444
	6508  -  MemoryUsage of job (MB)
	6663228  -  ResidentSetSize of job (KB)
...
006 (017.2239.000) 05/10 09:59:55 Image size of job updated: 7389172
	6508  -  MemoryUsage of job (MB)
	6663228  -  ResidentSetSize of job (KB)
...
005 (017.2239.000) 05/10 09:59:55 Job terminated.
	(1) Normal termination (return value 0)
		Usr 0 00:24:49, Sys 0 00:00:17  -  Run Remote Usage
		Usr 0 00:00:00, Sys 0 00:00:00  -  Run Local Usage
		Usr 0 00:24:49, Sys 0 00:00:17  -  Total Remote Usage
		Usr 0 00:00:00, Sys 0 00:00:00  -  Total Local Usage
	0  -  Run Bytes Sent By Job
	0  -  Run Bytes Received By Job
	0  -  Total Bytes Sent By Job
	0  -  Total Bytes Received By Job
	Partitionable Resources :      Usage  Request Allocated 
	   Cpus                 :       0.86        1         1 
	   Disk (KB)            : 2000000     2000000   6275465 
	   Memory (MB)          :    6508        1954      2007 
...
