000 (005.10088.000) 05/05 20:26:12 Job submitted from host: <127.0.0.1:9618?addrs=127.0.0.1-9618&noUDP&sock=227_4816_4>
...
033 (005.10088.000) 05/06 14:18:18 Changing job attribute JobPrio from 0 to -10
...
009 (005.10088.000) 05/07 21:45:44 Job was aborted by the user.
	via condor_rm (by user aw868)
...
000 (011.3037.000) 05/08 17:21:43 Job submitted from host: <127.0.0.1:9618?addrs=127.0.0.1-9618&noUDP&sock=212_fe2a_4>
...
033 (011.3037.000) 05/08 20:42:02 Changing job attribute JobPrio from 0 to -5
...
001 (011.3037.000) 05/09 14:12:58 Job executing on host: <127.0.0.1:9618?addrs=127.0.0.1-9618&noUDP&sock=212_fe2a_5>
...
006 (011.3037.000) 05/09 14:13:04 Image size of job updated: 2000000
	101  -  MemoryUsage of job (MB)
	102828  -  ResidentSetSize of job (KB)
...
006 (011.3037.000) 05/09 14:13:28 Image size of job updated: 2000000
	102  -  MemoryUsage of job (MB)
	103488  -  ResidentSetSize of job (KB)
...
006 (011.3037.000) 05/09 14:13:34 Image size of job updated: 2000000
	184  -  MemoryUsage of job (MB)
	187836  -  ResidentSetSize of job (KB)
...
006 (011.3037.000) 05/09 14:13:40 Image size of job updated: 2000000
	184  -  MemoryUsage of job (MB)
	188100  -  ResidentSetSize of job (KB)
...
006 (011.3037.000) 05/09 14:13:46 Image size of job updated: 2000000
	192  -  MemoryUsage of job (MB)
	196548  -  ResidentSetSize of job (KB)
...
006 (011.3037.000) 05/09 14:13:52 Image size of job updated: 2000000
	206  -  MemoryUsage of job (MB)
	210144  -  ResidentSetSize of job (KB)
...
006 (011.3037.000) 05/09 14:13:58 Image size of job updated: 2000000
	217  -  MemoryUsage of job (MB)
	221628  -  ResidentSetSize of job (KB)
...
006 (011.3037.000) 05/09 14:14:04 Image size of job updated: 2000000
	230  -  MemoryUsage of job (MB)
	235092  -  ResidentSetSize of job (KB)
...
006 (011.3037.000) 05/09 14:14:10 Image size of job updated: 2000000
	239  -  MemoryUsage of job (MB)
	244596  -  ResidentSetSize of job (KB)
...
006 (011.3037.000) 05/09 14:14:16 Image size of job updated: 2000000
	259  -  MemoryUsage of job (MB)
	264924  -  ResidentSetSize of job (KB)
...
006 (011.3037.000) 05/09 14:14:21 Image size of job updated: 2000000
	298  -  MemoryUsage of job (MB)
	304656  -  ResidentSetSize of job (KB)
...
006 (011.3037.000) 05/09 14:14:26 Image size of job updated: 2000000
	329  -  MemoryUsage of job (MB)
	335940  -  ResidentSetSize of job (KB)
...
006 (011.3037.000) 05/09 14:14:31 Image size of job updated: 2000000
	330  -  MemoryUsage of job (MB)
	337788  -  ResidentSetSize of job (KB)
...
006 (011.3037.000) 05/09 14:14:36 Image size of job updated: 2000000
	414  -  MemoryUsage of job (MB)
	423060  -  ResidentSetSize of job (KB)
...
006 (011.3037.000) 05/09 14:14:41 Image size of job updated: 2000000
	480  -  MemoryUsage of job (MB)
	491040  -  ResidentSetSize of job (KB)
...
006 (011.3037.000) 05/09 14:14:46 Image size of job updated: 2000000
	1169  -  MemoryUsage of job (MB)
	1196052  -  ResidentSetSize of job (KB)
...
006 (011.3037.000) 05/09 14:27:36 Image size of job updated: 2000000
	1169  -  MemoryUsage of job (MB)
	1196712  -  ResidentSetSize of job (KB)
...
006 (011.3037.000) 05/09 14:27:41 Image size of job updated: 2000000
	1170  -  MemoryUsage of job (MB)
	1198032  -  ResidentSetSize of job (KB)
...
006 (011.3037.000) 05/09 14:27:46 Image size of job updated: 2000000
	1248  -  MemoryUsage of job (MB)
	1277892  -  ResidentSetSize of job (KB)
...
006 (011.3037.000) 05/09 14:27:51 Image size of job updated: 2000000
	1620  -  MemoryUsage of job (MB)
	1657920  -  ResidentSetSize of job (KB)
...
006 (011.3037.000) 05/09 14:27:56 Image size of job updated: 2000000
	1693  -  MemoryUsage of job (MB)
	1732896  -  ResidentSetSize of job (KB)
...
006 (011.3037.000) 05/09 14:28:01 Image size of job updated: 2577644
	1885  -  MemoryUsage of job (MB)
	1929576  -  ResidentSetSize of job (KB)
...
006 (011.3037.000) 05/09 14:28:11 Image size of job updated: 2577644
	1886  -  MemoryUsage of job (MB)
	1930500  -  ResidentSetSize of job (KB)
...
006 (011.3037.000) 05/09 14:28:16 Image size of job updated: 2577644
	1891  -  MemoryUsage of job (MB)
	1936176  -  ResidentSetSize of job (KB)
...
006 (011.3037.000) 05/09 14:28:21 Image size of job updated: 2577644
	1897  -  MemoryUsage of job (MB)
	1942248  -  ResidentSetSize of job (KB)
...
006 (011.3037.000) 05/09 14:28:26 Image size of job updated: 2577644
	1902  -  MemoryUsage of job (MB)
	1946868  -  ResidentSetSize of job (KB)
...
006 (011.3037.000) 05/09 14:28:31 Image size of job updated: 2580460
	1905  -  MemoryUsage of job (MB)
	1950696  -  ResidentSetSize of job (KB)
...
006 (011.3037.000) 05/09 14:28:36 Image size of job updated: 2580460
	1911  -  MemoryUsage of job (MB)
	1956108  -  ResidentSetSize of job (KB)
...
006 (011.3037.000) 05/09 14:28:41 Image size of job updated: 2580460
	1919  -  MemoryUsage of job (MB)
	1964952  -  ResidentSetSize of job (KB)
...
006 (011.3037.000) 05/09 14:28:46 Image size of job updated: 2595820
	1920  -  MemoryUsage of job (MB)
	1965348  -  ResidentSetSize of job (KB)
...
006 (011.3037.000) 05/09 14:28:51 Image size of job updated: 2596844
	1922  -  MemoryUsage of job (MB)
	1967988  -  ResidentSetSize of job (KB)
...
006 (011.3037.000) 05/09 14:28:56 Image size of job updated: 2596844
	1925  -  MemoryUsage of job (MB)
	1971156  -  ResidentSetSize of job (KB)
...
006 (011.3037.000) 05/09 14:29:01 Image size of job updated: 2602988
	1927  -  MemoryUsage of job (MB)
	1972740  -  ResidentSetSize of job (KB)
...
006 (011.3037.000) 05/09 14:29:06 Image size of job updated: 2602988
	1930  -  MemoryUsage of job (MB)
	1975644  -  ResidentSetSize of job (KB)
...
006 (011.3037.000) 05/09 14:29:11 Image size of job updated: 2602988
	1932  -  MemoryUsage of job (MB)
	1977624  -  ResidentSetSize of job (KB)
...
006 (011.3037.000) 05/09 14:29:16 Image size of job updated: 2610156
	1936  -  MemoryUsage of job (MB)
	1981452  -  ResidentSetSize of job (KB)
...
006 (011.3037.000) 05/09 14:29:21 Image size of job updated: 2612204
	1937  -  MemoryUsage of job (MB)
	1982640  -  ResidentSetSize of job (KB)
...
006 (011.3037.000) 05/09 14:29:26 Image size of job updated: 2614252
	1937  -  MemoryUsage of job (MB)
	1983300  -  ResidentSetSize of job (KB)
...
006 (011.3037.000) 05/09 14:29:31 Image size of job updated: 2615276
	1940  -  MemoryUsage of job (MB)
	1985808  -  ResidentSetSize of job (KB)
...
006 (011.3037.000) 05/09 14:29:36 Image size of job updated: 2619372
	1944  -  MemoryUsage of job (MB)
	1990164  -  ResidentSetSize of job (KB)
...
006 (011.3037.000) 05/09 14:29:41 Image size of job updated: 2624492
	1948  -  MemoryUsage of job (MB)
	1994124  -  ResidentSetSize of job (KB)
...
006 (011.3037.000) 05/09 14:29:46 Image size of job updated: 2627564
	1951  -  MemoryUsage of job (MB)
	1996896  -  ResidentSetSize of job (KB)
...
006 (011.3037.000) 05/09 14:29:51 Image size of job updated: 2627564
	1953  -  MemoryUsage of job (MB)
	1998876  -  ResidentSetSize of job (KB)
...
006 (011.3037.000) 05/09 14:29:56 Image size of job updated: 2627564
	1957  -  MemoryUsage of job (MB)
	2003232  -  ResidentSetSize of job (KB)
...
006 (011.3037.000) 05/09 14:30:01 Image size of job updated: 2636780
	1959  -  MemoryUsage of job (MB)
	2006004  -  ResidentSetSize of job (KB)
...
006 (011.3037.000) 05/09 14:30:06 Image size of job updated: 2637804
	1963  -  MemoryUsage of job (MB)
	2009700  -  ResidentSetSize of job (KB)
...
006 (011.3037.000) 05/09 14:30:11 Image size of job updated: 2643948
	1966  -  MemoryUsage of job (MB)
	2013000  -  ResidentSetSize of job (KB)
...
006 (011.3037.000) 05/09 14:30:16 Image size of job updated: 2647020
	1969  -  MemoryUsage of job (MB)
	2015904  -  ResidentSetSize of job (KB)
...
006 (011.3037.000) 05/09 14:30:21 Image size of job updated: 2647020
	1972  -  MemoryUsage of job (MB)
	2019204  -  ResidentSetSize of job (KB)
...
006 (011.3037.000) 05/09 14:30:26 Image size of job updated: 2647020
	1975  -  MemoryUsage of job (MB)
	2021448  -  ResidentSetSize of job (KB)
...
006 (011.3037.000) 05/09 14:30:31 Image size of job updated: 2647020
	1980  -  MemoryUsage of job (MB)
	2026596  -  ResidentSetSize of job (KB)
...
006 (011.3037.000) 05/09 14:30:36 Image size of job updated: 2657260
	1980  -  MemoryUsage of job (MB)
	2027520  -  ResidentSetSize of job (KB)
...
006 (011.3037.000) 05/09 14:30:41 Image size of job updated: 2657260
	1983  -  MemoryUsage of job (MB)
	2030028  -  ResidentSetSize of job (KB)
...
006 (011.3037.000) 05/09 14:30:46 Image size of job updated: 2657260
	1988  -  MemoryUsage of job (MB)
	2034780  -  ResidentSetSize of job (KB)
...
006 (011.3037.000) 05/09 14:30:51 Image size of job updated: 2666476
	1992  -  MemoryUsage of job (MB)
	2039004  -  ResidentSetSize of job (KB)
...
006 (011.3037.000) 05/09 14:30:56 Image size of job updated: 2666476
	1993  -  MemoryUsage of job (MB)
	2040456  -  ResidentSetSize of job (KB)
...
006 (011.3037.000) 05/09 14:31:01 Image size of job updated: 2666476
	1997  -  MemoryUsage of job (MB)
	2044020  -  ResidentSetSize of job (KB)
...
006 (011.3037.000) 05/09 14:31:06 Image size of job updated: 2674668
	2000  -  MemoryUsage of job (MB)
	2047056  -  ResidentSetSize of job (KB)
...
006 (011.3037.000) 05/09 14:31:11 Image size of job updated: 2674668
	2003  -  MemoryUsage of job (MB)
	2051016  -  ResidentSetSize of job (KB)
...
006 (011.3037.000) 05/09 14:31:16 Image size of job updated: 2674668
	2004  -  MemoryUsage of job (MB)
	2051544  -  ResidentSetSize of job (KB)
...
006 (011.3037.000) 05/09 14:31:21 Image size of job updated: 2685932
	2007  -  MemoryUsage of job (MB)
	2054844  -  ResidentSetSize of job (KB)
...
006 (011.3037.000) 05/09 14:31:26 Image size of job updated: 2685932
	2008  -  MemoryUsage of job (MB)
	2055900  -  ResidentSetSize of job (KB)
...
006 (011.3037.000) 05/09 14:31:31 Image size of job updated: 2685932
	2011  -  MemoryUsage of job (MB)
	2058804  -  ResidentSetSize of job (KB)
...
006 (011.3037.000) 05/09 14:31:36 Image size of job updated: 2691052
	2014  -  MemoryUsage of job (MB)
	2062104  -  ResidentSetSize of job (KB)
...
006 (011.3037.000) 05/09 14:31:41 Image size of job updated: 2691052
	2019  -  MemoryUsage of job (MB)
	2066460  -  ResidentSetSize of job (KB)
...
006 (011.3037.000) 05/09 14:31:46 Image size of job updated: 2691052
	2020  -  MemoryUsage of job (MB)
	2067912  -  ResidentSetSize of job (KB)
...
006 (011.3037.000) 05/09 14:31:51 Image size of job updated: 2699244
	2021  -  MemoryUsage of job (MB)
	2069496  -  ResidentSetSize of job (KB)
...
006 (011.3037.000) 05/09 14:31:56 Image size of job updated: 2699244
	2027  -  MemoryUsage of job (MB)
	2075436  -  ResidentSetSize of job (KB)
...
006 (011.3037.000) 05/09 14:32:01 Image size of job updated: 2699244
	2027  -  MemoryUsage of job (MB)
	2075568  -  ResidentSetSize of job (KB)
...
006 (011.3037.000) 05/09 14:32:07 Image size of job updated: 2710508
	2032  -  MemoryUsage of job (MB)
	2079792  -  ResidentSetSize of job (KB)
...
006 (011.3037.000) 05/09 14:32:13 Image size of job updated: 2710508
	2036  -  MemoryUsage of job (MB)
	2084412  -  ResidentSetSize of job (KB)
...
006 (011.3037.000) 05/09 14:32:19 Image size of job updated: 2716652
	2038  -  MemoryUsage of job (MB)
	2086128  -  ResidentSetSize of job (KB)
...
006 (011.3037.000) 05/09 14:32:25 Image size of job updated: 2717676
	2040  -  MemoryUsage of job (MB)
	2088504  -  ResidentSetSize of job (KB)
...
006 (011.3037.000) 05/09 14:32:31 Image size of job updated: 2720748
	2042  -  MemoryUsage of job (MB)
	2090748  -  ResidentSetSize of job (KB)
...
006 (011.3037.000) 05/09 14:32:37 Image size of job updated: 2723820
	2046  -  MemoryUsage of job (MB)
	2094312  -  ResidentSetSize of job (KB)
...
006 (011.3037.000) 05/09 14:32:43 Image size of job updated: 2729964
	2051  -  MemoryUsage of job (MB)
	2099460  -  ResidentSetSize of job (KB)
...
006 (011.3037.000) 05/09 14:32:49 Image size of job updated: 2729964
	2052  -  MemoryUsage of job (MB)
	2100648  -  ResidentSetSize of job (KB)
...
006 (011.3037.000) 05/09 14:32:55 Image size of job updated: 2732012
	2059  -  MemoryUsage of job (MB)
	2107512  -  ResidentSetSize of job (KB)
...
006 (011.3037.000) 05/09 14:33:01 Image size of job updated: 2732012
	2064  -  MemoryUsage of job (MB)
	2112528  -  ResidentSetSize of job (KB)
...
006 (011.3037.000) 05/09 14:33:07 Image size of job updated: 2745324
	2066  -  MemoryUsage of job (MB)
	2115168  -  ResidentSetSize of job (KB)
...
006 (011.3037.000) 05/09 14:33:13 Image size of job updated: 2745324
	2066  -  MemoryUsage of job (MB)
	2115564  -  ResidentSetSize of job (KB)
...
006 (011.3037.000) 05/09 14:33:19 Image size of job updated: 2745324
	2069  -  MemoryUsage of job (MB)
	2118204  -  ResidentSetSize of job (KB)
...
006 (011.3037.000) 05/09 14:33:25 Image size of job updated: 2749420
	2278  -  MemoryUsage of job (MB)
	2332308  -  ResidentSetSize of job (KB)
...
005 (011.3037.000) 05/09 14:33:30 Job terminated.
	(1) Normal termination (return value 0)
		Usr 0 00:20:03, Sys 0 00:00:02  -  Run Remote Usage
		Usr 0 00:00:00, Sys 0 00:00:00  -  Run Local Usage
		Usr 0 00:20:03, Sys 0 00:00:02  -  Total Remote Usage
		Usr 0 00:00:00, Sys 0 00:00:00  -  Total Local Usage
	0  -  Run Bytes Sent By Job
	0  -  Run Bytes Received By Job
	0  -  Total Bytes Sent By Job
	0  -  Total Bytes Received By Job
	Partitionable Resources :      Usage  Request Allocated 
	   Cpus                 :       1.00        1         1 
	   Disk (KB)            : 2000000     2000000   6232219 
	   Memory (MB)          :    2278        1954      2007 
...
