000 (005.165.000) 05/05 20:21:40 Job submitted from host: <127.0.0.1:9618?addrs=127.0.0.1-9618&noUDP&sock=227_4816_4>
...
001 (005.165.000) 05/05 21:23:10 Job executing on host: <127.0.0.1:9618?addrs=127.0.0.1-9618&noUDP&sock=227_4816_5>
...
006 (005.165.000) 05/05 21:23:15 Image size of job updated: 2000000
	101  -  MemoryUsage of job (MB)
	103092  -  ResidentSetSize of job (KB)
...
006 (005.165.000) 05/05 21:23:50 Image size of job updated: 2000000
	129  -  MemoryUsage of job (MB)
	131208  -  ResidentSetSize of job (KB)
...
006 (005.165.000) 05/05 21:23:55 Image size of job updated: 2000000
	184  -  MemoryUsage of job (MB)
	188100  -  ResidentSetSize of job (KB)
...
006 (005.165.000) 05/05 21:24:00 Image size of job updated: 2000000
	185  -  MemoryUsage of job (MB)
	188496  -  ResidentSetSize of job (KB)
...
006 (005.165.000) 05/05 21:24:05 Image size of job updated: 2000000
	186  -  MemoryUsage of job (MB)
	190212  -  ResidentSetSize of job (KB)
...
006 (005.165.000) 05/05 21:24:10 Image size of job updated: 2000000
	196  -  MemoryUsage of job (MB)
	199716  -  ResidentSetSize of job (KB)
...
006 (005.165.000) 05/05 21:24:16 Image size of job updated: 2000000
	206  -  MemoryUsage of job (MB)
	210936  -  ResidentSetSize of job (KB)
...
006 (005.165.000) 05/05 21:24:22 Image size of job updated: 2000000
	216  -  MemoryUsage of job (MB)
	220572  -  ResidentSetSize of job (KB)
...
006 (005.165.000) 05/05 21:24:28 Image size of job updated: 2000000
	233  -  MemoryUsage of job (MB)
	237864  -  ResidentSetSize of job (KB)
...
006 (005.165.000) 05/05 21:24:34 Image size of job updated: 2000000
	250  -  MemoryUsage of job (MB)
	255552  -  ResidentSetSize of job (KB)
...
006 (005.165.000) 05/05 21:24:40 Image size of job updated: 2000000
	298  -  MemoryUsage of job (MB)
	304920  -  ResidentSetSize of job (KB)
...
006 (005.165.000) 05/05 21:24:46 Image size of job updated: 2000000
	329  -  MemoryUsage of job (MB)
	336336  -  ResidentSetSize of job (KB)
...
006 (005.165.000) 05/05 21:24:52 Image size of job updated: 2000000
	371  -  MemoryUsage of job (MB)
	379500  -  ResidentSetSize of job (KB)
...
006 (005.165.000) 05/05 21:24:58 Image size of job updated: 2000000
	435  -  MemoryUsage of job (MB)
	444576  -  ResidentSetSize of job (KB)
...
006 (005.165.000) 05/05 21:25:04 Image size of job updated: 2000000
	891  -  MemoryUsage of job (MB)
	911988  -  ResidentSetSize of job (KB)
...
006 (005.165.000) 05/05 21:25:10 Image size of job updated: 2000000
	1169  -  MemoryUsage of job (MB)
	1196448  -  ResidentSetSize of job (KB)
...
006 (005.165.000) 05/05 21:39:11 Image size of job updated: 2000000
	1169  -  MemoryUsage of job (MB)
	1196580  -  ResidentSetSize of job (KB)
...
006 (005.165.000) 05/05 21:39:17 Image size of job updated: 2000000
	1171  -  MemoryUsage of job (MB)
	1198428  -  ResidentSetSize of job (KB)
...
006 (005.165.000) 05/05 21:39:23 Image size of job updated: 2000000
	1253  -  MemoryUsage of job (MB)
	1282908  -  ResidentSetSize of job (KB)
...
006 (005.165.000) 05/05 21:39:29 Image size of job updated: 2000000
	1673  -  MemoryUsage of job (MB)
	1712568  -  ResidentSetSize of job (KB)
...
006 (005.165.000) 05/05 21:39:35 Image size of job updated: 2604256
	1885  -  MemoryUsage of job (MB)
	1929972  -  ResidentSetSize of job (KB)
...
006 (005.165.000) 05/05 21:40:06 Image size of job updated: 2604256
	1886  -  MemoryUsage of job (MB)
	1931028  -  ResidentSetSize of job (KB)
...
006 (005.165.000) 05/05 21:40:11 Image size of job updated: 2604256
	1887  -  MemoryUsage of job (MB)
	1931292  -  ResidentSetSize of job (KB)
...
006 (005.165.000) 05/05 21:40:16 Image size of job updated: 2604256
	1887  -  MemoryUsage of job (MB)
	1931424  -  ResidentSetSize of job (KB)
...
006 (005.165.000) 05/05 21:40:21 Image size of job updated: 2604256
	1890  -  MemoryUsage of job (MB)
	1935120  -  ResidentSetSize of job (KB)
...
006 (005.165.000) 05/05 21:40:26 Image size of job updated: 2604256
	1894  -  MemoryUsage of job (MB)
	1938816  -  ResidentSetSize of job (KB)
...
006 (005.165.000) 05/05 21:40:31 Image size of job updated: 2604256
	1895  -  MemoryUsage of job (MB)
	1940004  -  ResidentSetSize of job (KB)
...
006 (005.165.000) 05/05 21:40:36 Image size of job updated: 2604256
	1898  -  MemoryUsage of job (MB)
	1943040  -  ResidentSetSize of job (KB)
...
006 (005.165.000) 05/05 21:40:41 Image size of job updated: 2604256
	1899  -  MemoryUsage of job (MB)
	1944360  -  ResidentSetSize of job (KB)
...
006 (005.165.000) 05/05 21:40:46 Image size of job updated: 2604256
	1899  -  MemoryUsage of job (MB)
	1944492  -  ResidentSetSize of job (KB)
...
006 (005.165.000) 05/05 21:40:51 Image size of job updated: 2604256
	1900  -  MemoryUsage of job (MB)
	1945416  -  ResidentSetSize of job (KB)
...
006 (005.165.000) 05/05 21:40:56 Image size of job updated: 2604256
	1901  -  MemoryUsage of job (MB)
	1946604  -  ResidentSetSize of job (KB)
...
006 (005.165.000) 05/05 21:41:01 Image size of job updated: 2604256
	1904  -  MemoryUsage of job (MB)
	1949376  -  ResidentSetSize of job (KB)
...
006 (005.165.000) 05/05 21:41:06 Image size of job updated: 2604256
	1905  -  MemoryUsage of job (MB)
	1950036  -  ResidentSetSize of job (KB)
...
006 (005.165.000) 05/05 21:41:11 Image size of job updated: 2604256
	1906  -  MemoryUsage of job (MB)
	1951488  -  ResidentSetSize of job (KB)
...
006 (005.165.000) 05/05 21:41:16 Image size of job updated: 2604256
	1908  -  MemoryUsage of job (MB)
	1953732  -  ResidentSetSize of job (KB)
...
006 (005.165.000) 05/05 21:41:21 Image size of job updated: 2604256
	1910  -  MemoryUsage of job (MB)
	1955580  -  ResidentSetSize of job (KB)
...
006 (005.165.000) 05/05 21:41:26 Image size of job updated: 2604256
	1913  -  MemoryUsage of job (MB)
	1957956  -  ResidentSetSize of job (KB)
...
006 (005.165.000) 05/05 21:41:31 Image size of job updated: 2604256
	1913  -  MemoryUsage of job (MB)
	1958484  -  ResidentSetSize of job (KB)
...
006 (005.165.000) 05/05 21:41:36 Image size of job updated: 2604256
	1914  -  MemoryUsage of job (MB)
	1959012  -  ResidentSetSize of job (KB)
...
006 (005.165.000) 05/05 21:41:41 Image size of job updated: 2604256
	1917  -  MemoryUsage of job (MB)
	1962576  -  ResidentSetSize of job (KB)
...
006 (005.165.000) 05/05 21:41:46 Image size of job updated: 2604256
	1919  -  MemoryUsage of job (MB)
	1964160  -  ResidentSetSize of job (KB)
...
006 (005.165.000) 05/05 21:41:51 Image size of job updated: 2604256
	1920  -  MemoryUsage of job (MB)
	1966008  -  ResidentSetSize of job (KB)
...
006 (005.165.000) 05/05 21:41:56 Image size of job updated: 2604256
	1922  -  MemoryUsage of job (MB)
	1967856  -  ResidentSetSize of job (KB)
...
006 (005.165.000) 05/05 21:42:26 Image size of job updated: 2604256
	1924  -  MemoryUsage of job (MB)
	1969836  -  ResidentSetSize of job (KB)
...
006 (005.165.000) 05/05 21:42:31 Image size of job updated: 2604256
	1925  -  MemoryUsage of job (MB)
	1970628  -  ResidentSetSize of job (KB)
...
006 (005.165.000) 05/05 21:42:36 Image size of job updated: 2604256
	1928  -  MemoryUsage of job (MB)
	1973928  -  ResidentSetSize of job (KB)
...
006 (005.165.000) 05/05 21:42:41 Image size of job updated: 2604256
	1933  -  MemoryUsage of job (MB)
	1978548  -  ResidentSetSize of job (KB)
...
006 (005.165.000) 05/05 21:42:46 Image size of job updated: 2609632
	1935  -  MemoryUsage of job (MB)
	1980660  -  ResidentSetSize of job (KB)
...
006 (005.165.000) 05/05 21:42:51 Image size of job updated: 2609632
	1935  -  MemoryUsage of job (MB)
	1981188  -  ResidentSetSize of job (KB)
...
006 (005.165.000) 05/05 21:42:56 Image size of job updated: 2609632
	1937  -  MemoryUsage of job (MB)
	1983300  -  ResidentSetSize of job (KB)
...
006 (005.165.000) 05/05 21:43:01 Image size of job updated: 2613728
	1937  -  MemoryUsage of job (MB)
	1983300  -  ResidentSetSize of job (KB)
...
006 (005.165.000) 05/05 21:43:06 Image size of job updated: 2613728
	1938  -  MemoryUsage of job (MB)
	1984224  -  ResidentSetSize of job (KB)
...
006 (005.165.000) 05/05 21:43:11 Image size of job updated: 2615776
	1940  -  MemoryUsage of job (MB)
	1985676  -  ResidentSetSize of job (KB)
...
006 (005.165.000) 05/05 21:43:16 Image size of job updated: 2615776
	1941  -  MemoryUsage of job (MB)
	1986732  -  ResidentSetSize of job (KB)
...
006 (005.165.000) 05/05 21:43:21 Image size of job updated: 2617824
	1942  -  MemoryUsage of job (MB)
	1988316  -  ResidentSetSize of job (KB)
...
006 (005.165.000) 05/05 21:43:26 Image size of job updated: 2617824
	1943  -  MemoryUsage of job (MB)
	1989372  -  ResidentSetSize of job (KB)
...
006 (005.165.000) 05/05 21:43:31 Image size of job updated: 2617824
	1946  -  MemoryUsage of job (MB)
	1992144  -  ResidentSetSize of job (KB)
...
006 (005.165.000) 05/05 21:43:36 Image size of job updated: 2623968
	1948  -  MemoryUsage of job (MB)
	1994520  -  ResidentSetSize of job (KB)
...
006 (005.165.000) 05/05 21:43:41 Image size of job updated: 2626016
	1949  -  MemoryUsage of job (MB)
	1995180  -  ResidentSetSize of job (KB)
...
006 (005.165.000) 05/05 21:43:51 Image size of job updated: 2626016
	1949  -  MemoryUsage of job (MB)
	1995576  -  ResidentSetSize of job (KB)
...
006 (005.165.000) 05/05 21:43:56 Image size of job updated: 2627040
	1951  -  MemoryUsage of job (MB)
	1997688  -  ResidentSetSize of job (KB)
...
006 (005.165.000) 05/05 21:44:01 Image size of job updated: 2629088
	1953  -  MemoryUsage of job (MB)
	1999140  -  ResidentSetSize of job (KB)
...
006 (005.165.000) 05/05 21:44:11 Image size of job updated: 2631136
	1954  -  MemoryUsage of job (MB)
	2000460  -  ResidentSetSize of job (KB)
...
006 (005.165.000) 05/05 21:44:16 Image size of job updated: 2631136
	1956  -  MemoryUsage of job (MB)
	2002308  -  ResidentSetSize of job (KB)
...
006 (005.165.000) 05/05 21:44:21 Image size of job updated: 2631136
	1958  -  MemoryUsage of job (MB)
	2004420  -  ResidentSetSize of job (KB)
...
006 (005.165.000) 05/05 21:44:26 Image size of job updated: 2636256
	1960  -  MemoryUsage of job (MB)
	2006532  -  ResidentSetSize of job (KB)
...
006 (005.165.000) 05/05 21:44:31 Image size of job updated: 2636256
	1963  -  MemoryUsage of job (MB)
	2010096  -  ResidentSetSize of job (KB)
...
006 (005.165.000) 05/05 21:44:36 Image size of job updated: 2636256
	1966  -  MemoryUsage of job (MB)
	2012736  -  ResidentSetSize of job (KB)
...
006 (005.165.000) 05/05 21:44:41 Image size of job updated: 2644448
	1968  -  MemoryUsage of job (MB)
	2014716  -  ResidentSetSize of job (KB)
...
006 (005.165.000) 05/05 21:44:46 Image size of job updated: 2644448
	1971  -  MemoryUsage of job (MB)
	2017356  -  ResidentSetSize of job (KB)
...
006 (005.165.000) 05/05 21:44:51 Image size of job updated: 2644448
	1971  -  MemoryUsage of job (MB)
	2017620  -  ResidentSetSize of job (KB)
...
006 (005.165.000) 05/05 21:44:57 Image size of job updated: 2647520
	1971  -  MemoryUsage of job (MB)
	2017620  -  ResidentSetSize of job (KB)
...
006 (005.165.000) 05/05 21:45:03 Image size of job updated: 2647520
	1972  -  MemoryUsage of job (MB)
	2018412  -  ResidentSetSize of job (KB)
...
006 (005.165.000) 05/05 21:45:09 Image size of job updated: 2651616
	1974  -  MemoryUsage of job (MB)
	2021316  -  ResidentSetSize of job (KB)
...
006 (005.165.000) 05/05 21:45:15 Image size of job updated: 2652640
	1975  -  MemoryUsage of job (MB)
	2021976  -  ResidentSetSize of job (KB)
...
006 (005.165.000) 05/05 21:45:21 Image size of job updated: 2652640
	1975  -  MemoryUsage of job (MB)
	2022108  -  ResidentSetSize of job (KB)
...
006 (005.165.000) 05/05 21:45:27 Image size of job updated: 2655712
	1981  -  MemoryUsage of job (MB)
	2028444  -  ResidentSetSize of job (KB)
...
006 (005.165.000) 05/05 21:45:33 Image size of job updated: 2655712
	1985  -  MemoryUsage of job (MB)
	2032008  -  ResidentSetSize of job (KB)
...
006 (005.165.000) 05/05 21:45:39 Image size of job updated: 2663904
	1987  -  MemoryUsage of job (MB)
	2034252  -  ResidentSetSize of job (KB)
...
006 (005.165.000) 05/05 21:45:45 Image size of job updated: 2665952
	1991  -  MemoryUsage of job (MB)
	2038476  -  ResidentSetSize of job (KB)
...
006 (005.165.000) 05/05 21:45:51 Image size of job updated: 2672096
	1995  -  MemoryUsage of job (MB)
	2042172  -  ResidentSetSize of job (KB)
...
006 (005.165.000) 05/05 21:45:57 Image size of job updated: 2797024
	2202  -  MemoryUsage of job (MB)
	2254824  -  ResidentSetSize of job (KB)
...
006 (005.165.000) 05/05 21:46:03 Image size of job updated: 2886112
	2202  -  MemoryUsage of job (MB)
	2254824  -  ResidentSetSize of job (KB)
...
005 (005.165.000) 05/05 21:46:04 Job terminated.
	(1) Normal termination (return value 0)
		Usr 0 00:22:15, Sys 0 00:00:02  -  Run Remote Usage
		Usr 0 00:00:00, Sys 0 00:00:00  -  Run Local Usage
		Usr 0 00:22:15, Sys 0 00:00:02  -  Total Remote Usage
		Usr 0 00:00:00, Sys 0 00:00:00  -  Total Local Usage
	0  -  Run Bytes Sent By Job
	0  -  Run Bytes Received By Job
	0  -  Total Bytes Sent By Job
	0  -  Total Bytes Received By Job
	Partitionable Resources :      Usage  Request Allocated 
	   Cpus                 :       0.99        1         1 
	   Disk (KB)            : 2000000     2000000   6275465 
	   Memory (MB)          :    2202        1954      2007 
...
