000 (005.5414.000) 05/05 20:23:56 Job submitted from host: <127.0.0.1:9618?addrs=127.0.0.1-9618&noUDP&sock=227_4816_4>
...
033 (005.5414.000) 05/06 14:16:59 Changing job attribute JobPrio from 0 to -10
...
001 (005.5414.000) 05/07 10:58:45 Job executing on host: <127.0.0.1:9618?addrs=127.0.0.1-9618&noUDP&sock=227_4816_5>
...
006 (005.5414.000) 05/07 10:58:51 Image size of job updated: 2000000
	101  -  MemoryUsage of job (MB)
	102828  -  ResidentSetSize of job (KB)
...
006 (005.5414.000) 05/07 10:59:15 Image size of job updated: 2000000
	137  -  MemoryUsage of job (MB)
	139656  -  ResidentSetSize of job (KB)
...
006 (005.5414.000) 05/07 10:59:21 Image size of job updated: 2000000
	184  -  MemoryUsage of job (MB)
	187836  -  ResidentSetSize of job (KB)
...
006 (005.5414.000) 05/07 10:59:27 Image size of job updated: 2000000
	187  -  MemoryUsage of job (MB)
	191004  -  ResidentSetSize of job (KB)
...
006 (005.5414.000) 05/07 10:59:33 Image size of job updated: 2000000
	202  -  MemoryUsage of job (MB)
	206448  -  ResidentSetSize of job (KB)
...
006 (005.5414.000) 05/07 10:59:39 Image size of job updated: 2000000
	213  -  MemoryUsage of job (MB)
	217272  -  ResidentSetSize of job (KB)
...
006 (005.5414.000) 05/07 10:59:45 Image size of job updated: 2000000
	225  -  MemoryUsage of job (MB)
	229416  -  ResidentSetSize of job (KB)
...
006 (005.5414.000) 05/07 10:59:51 Image size of job updated: 2000000
	234  -  MemoryUsage of job (MB)
	239184  -  ResidentSetSize of job (KB)
...
006 (005.5414.000) 05/07 10:59:57 Image size of job updated: 2000000
	244  -  MemoryUsage of job (MB)
	249348  -  ResidentSetSize of job (KB)
...
006 (005.5414.000) 05/07 11:00:03 Image size of job updated: 2000000
	297  -  MemoryUsage of job (MB)
	303996  -  ResidentSetSize of job (KB)
...
006 (005.5414.000) 05/07 11:00:09 Image size of job updated: 2000000
	329  -  MemoryUsage of job (MB)
	336072  -  ResidentSetSize of job (KB)
...
006 (005.5414.000) 05/07 11:00:15 Image size of job updated: 2000000
	388  -  MemoryUsage of job (MB)
	396528  -  ResidentSetSize of job (KB)
...
006 (005.5414.000) 05/07 11:00:21 Image size of job updated: 2000000
	452  -  MemoryUsage of job (MB)
	462000  -  ResidentSetSize of job (KB)
...
006 (005.5414.000) 05/07 11:00:27 Image size of job updated: 2000000
	1169  -  MemoryUsage of job (MB)
	1196316  -  ResidentSetSize of job (KB)
...
006 (005.5414.000) 05/07 11:15:35 Image size of job updated: 2000000
	1171  -  MemoryUsage of job (MB)
	1198296  -  ResidentSetSize of job (KB)
...
006 (005.5414.000) 05/07 11:15:40 Image size of job updated: 2000000
	1220  -  MemoryUsage of job (MB)
	1248984  -  ResidentSetSize of job (KB)
...
006 (005.5414.000) 05/07 11:15:45 Image size of job updated: 2000000
	1554  -  MemoryUsage of job (MB)
	1590336  -  ResidentSetSize of job (KB)
...
006 (005.5414.000) 05/07 11:15:50 Image size of job updated: 2270668
	1675  -  MemoryUsage of job (MB)
	1714548  -  ResidentSetSize of job (KB)
...
006 (005.5414.000) 05/07 11:15:55 Image size of job updated: 2391756
	1927  -  MemoryUsage of job (MB)
	1972476  -  ResidentSetSize of job (KB)
...
006 (005.5414.000) 05/07 11:16:10 Image size of job updated: 2577388
	1927  -  MemoryUsage of job (MB)
	1972476  -  ResidentSetSize of job (KB)
...
006 (005.5414.000) 05/07 11:16:15 Image size of job updated: 2585580
	1927  -  MemoryUsage of job (MB)
	1972476  -  ResidentSetSize of job (KB)
...
006 (005.5414.000) 05/07 11:16:25 Image size of job updated: 2595820
	1927  -  MemoryUsage of job (MB)
	1972476  -  ResidentSetSize of job (KB)
...
006 (005.5414.000) 05/07 11:16:30 Image size of job updated: 2595820
	1930  -  MemoryUsage of job (MB)
	1975512  -  ResidentSetSize of job (KB)
...
006 (005.5414.000) 05/07 11:16:35 Image size of job updated: 2595820
	1933  -  MemoryUsage of job (MB)
	1978944  -  ResidentSetSize of job (KB)
...
006 (005.5414.000) 05/07 11:16:40 Image size of job updated: 2610156
	1936  -  MemoryUsage of job (MB)
	1981584  -  ResidentSetSize of job (KB)
...
006 (005.5414.000) 05/07 11:16:45 Image size of job updated: 2612204
	1940  -  MemoryUsage of job (MB)
	1986336  -  ResidentSetSize of job (KB)
...
006 (005.5414.000) 05/07 11:16:50 Image size of job updated: 2612204
	1945  -  MemoryUsage of job (MB)
	1991352  -  ResidentSetSize of job (KB)
...
006 (005.5414.000) 05/07 11:16:55 Image size of job updated: 2623468
	1953  -  MemoryUsage of job (MB)
	1999140  -  ResidentSetSize of job (KB)
...
006 (005.5414.000) 05/07 11:17:00 Image size of job updated: 2629612
	1957  -  MemoryUsage of job (MB)
	2003496  -  ResidentSetSize of job (KB)
...
006 (005.5414.000) 05/07 11:17:05 Image size of job updated: 2634732
	1963  -  MemoryUsage of job (MB)
	2009832  -  ResidentSetSize of job (KB)
...
006 (005.5414.000) 05/07 11:17:10 Image size of job updated: 2641900
	1966  -  MemoryUsage of job (MB)
	2013000  -  ResidentSetSize of job (KB)
...
006 (005.5414.000) 05/07 11:17:15 Image size of job updated: 2645996
	1970  -  MemoryUsage of job (MB)
	2017224  -  ResidentSetSize of job (KB)
...
006 (005.5414.000) 05/07 11:17:20 Image size of job updated: 2650092
	1975  -  MemoryUsage of job (MB)
	2022240  -  ResidentSetSize of job (KB)
...
006 (005.5414.000) 05/07 11:17:25 Image size of job updated: 2653164
	1980  -  MemoryUsage of job (MB)
	2026728  -  ResidentSetSize of job (KB)
...
006 (005.5414.000) 05/07 11:17:30 Image size of job updated: 2653164
	1983  -  MemoryUsage of job (MB)
	2029896  -  ResidentSetSize of job (KB)
...
006 (005.5414.000) 05/07 11:17:35 Image size of job updated: 2653164
	1987  -  MemoryUsage of job (MB)
	2034252  -  ResidentSetSize of job (KB)
...
006 (005.5414.000) 05/07 11:17:40 Image size of job updated: 2666476
	1992  -  MemoryUsage of job (MB)
	2039004  -  ResidentSetSize of job (KB)
...
006 (005.5414.000) 05/07 11:17:45 Image size of job updated: 2669548
	1994  -  MemoryUsage of job (MB)
	2041116  -  ResidentSetSize of job (KB)
...
006 (005.5414.000) 05/07 11:17:50 Image size of job updated: 2669548
	1998  -  MemoryUsage of job (MB)
	2045868  -  ResidentSetSize of job (KB)
...
006 (005.5414.000) 05/07 11:17:55 Image size of job updated: 2677740
	2001  -  MemoryUsage of job (MB)
	2048640  -  ResidentSetSize of job (KB)
...
006 (005.5414.000) 05/07 11:18:00 Image size of job updated: 2677740
	2006  -  MemoryUsage of job (MB)
	2054052  -  ResidentSetSize of job (KB)
...
006 (005.5414.000) 05/07 11:18:05 Image size of job updated: 2677740
	2011  -  MemoryUsage of job (MB)
	2058408  -  ResidentSetSize of job (KB)
...
006 (005.5414.000) 05/07 11:18:10 Image size of job updated: 2691052
	2015  -  MemoryUsage of job (MB)
	2063028  -  ResidentSetSize of job (KB)
...
006 (005.5414.000) 05/07 11:18:15 Image size of job updated: 2691052
	2018  -  MemoryUsage of job (MB)
	2066196  -  ResidentSetSize of job (KB)
...
006 (005.5414.000) 05/07 11:18:20 Image size of job updated: 2691052
	2022  -  MemoryUsage of job (MB)
	2069892  -  ResidentSetSize of job (KB)
...
006 (005.5414.000) 05/07 11:18:25 Image size of job updated: 2703340
	2025  -  MemoryUsage of job (MB)
	2072928  -  ResidentSetSize of job (KB)
...
006 (005.5414.000) 05/07 11:18:30 Image size of job updated: 2703340
	2030  -  MemoryUsage of job (MB)
	2078076  -  ResidentSetSize of job (KB)
...
006 (005.5414.000) 05/07 11:18:35 Image size of job updated: 2703340
	2033  -  MemoryUsage of job (MB)
	2081244  -  ResidentSetSize of job (KB)
...
006 (005.5414.000) 05/07 11:18:40 Image size of job updated: 2713580
	2036  -  MemoryUsage of job (MB)
	2084280  -  ResidentSetSize of job (KB)
...
006 (005.5414.000) 05/07 11:18:45 Image size of job updated: 2713580
	2040  -  MemoryUsage of job (MB)
	2088240  -  ResidentSetSize of job (KB)
...
006 (005.5414.000) 05/07 11:18:50 Image size of job updated: 2713580
	2044  -  MemoryUsage of job (MB)
	2092464  -  ResidentSetSize of job (KB)
...
006 (005.5414.000) 05/07 11:18:55 Image size of job updated: 2725868
	2048  -  MemoryUsage of job (MB)
	2096688  -  ResidentSetSize of job (KB)
...
006 (005.5414.000) 05/07 11:19:00 Image size of job updated: 2732012
	2053  -  MemoryUsage of job (MB)
	2101704  -  ResidentSetSize of job (KB)
...
006 (005.5414.000) 05/07 11:19:05 Image size of job updated: 2732012
	2055  -  MemoryUsage of job (MB)
	2103948  -  ResidentSetSize of job (KB)
...
006 (005.5414.000) 05/07 11:19:10 Image size of job updated: 2738156
	2060  -  MemoryUsage of job (MB)
	2108700  -  ResidentSetSize of job (KB)
...
006 (005.5414.000) 05/07 11:19:15 Image size of job updated: 2738156
	2063  -  MemoryUsage of job (MB)
	2112132  -  ResidentSetSize of job (KB)
...
006 (005.5414.000) 05/07 11:19:20 Image size of job updated: 2738156
	2066  -  MemoryUsage of job (MB)
	2115432  -  ResidentSetSize of job (KB)
...
006 (005.5414.000) 05/07 11:19:25 Image size of job updated: 2749420
	2072  -  MemoryUsage of job (MB)
	2120844  -  ResidentSetSize of job (KB)
...
006 (005.5414.000) 05/07 11:19:31 Image size of job updated: 2749420
	2076  -  MemoryUsage of job (MB)
	2124936  -  ResidentSetSize of job (KB)
...
006 (005.5414.000) 05/07 11:19:37 Image size of job updated: 2749420
	2080  -  MemoryUsage of job (MB)
	2129556  -  ResidentSetSize of job (KB)
...
006 (005.5414.000) 05/07 11:19:43 Image size of job updated: 2760684
	2085  -  MemoryUsage of job (MB)
	2134044  -  ResidentSetSize of job (KB)
...
006 (005.5414.000) 05/07 11:19:49 Image size of job updated: 2768876
	2090  -  MemoryUsage of job (MB)
	2139324  -  ResidentSetSize of job (KB)
...
006 (005.5414.000) 05/07 11:19:55 Image size of job updated: 2772972
	2094  -  MemoryUsage of job (MB)
	2143680  -  ResidentSetSize of job (KB)
...
006 (005.5414.000) 05/07 11:20:01 Image size of job updated: 2772972
	2099  -  MemoryUsage of job (MB)
	2148828  -  ResidentSetSize of job (KB)
...
006 (005.5414.000) 05/07 11:20:07 Image size of job updated: 2772972
	2103  -  MemoryUsage of job (MB)
	2153052  -  ResidentSetSize of job (KB)
...
006 (005.5414.000) 05/07 11:20:13 Image size of job updated: 2784236
	2107  -  MemoryUsage of job (MB)
	2157276  -  ResidentSetSize of job (KB)
...
006 (005.5414.000) 05/07 11:20:19 Image size of job updated: 2784236
	2113  -  MemoryUsage of job (MB)
	2162952  -  ResidentSetSize of job (KB)
...
006 (005.5414.000) 05/07 11:20:25 Image size of job updated: 2797548
	2118  -  MemoryUsage of job (MB)
	2167968  -  ResidentSetSize of job (KB)
...
006 (005.5414.000) 05/07 11:20:31 Image size of job updated: 2797548
	2124  -  MemoryUsage of job (MB)
	2174040  -  ResidentSetSize of job (KB)
...
006 (005.5414.000) 05/07 11:20:37 Image size of job updated: 2797548
	2127  -  MemoryUsage of job (MB)
	2177736  -  ResidentSetSize of job (KB)
...
006 (005.5414.000) 05/07 11:20:43 Image size of job updated: 2808812
	2131  -  MemoryUsage of job (MB)
	2181960  -  ResidentSetSize of job (KB)
...
006 (005.5414.000) 05/07 11:20:49 Image size of job updated: 2812908
	2136  -  MemoryUsage of job (MB)
	2187240  -  ResidentSetSize of job (KB)
...
006 (005.5414.000) 05/07 11:20:55 Image size of job updated: 2820076
	2141  -  MemoryUsage of job (MB)
	2191464  -  ResidentSetSize of job (KB)
...
006 (005.5414.000) 05/07 11:21:01 Image size of job updated: 2820076
	2147  -  MemoryUsage of job (MB)
	2197932  -  ResidentSetSize of job (KB)
...
006 (005.5414.000) 05/07 11:21:07 Image size of job updated: 2833388
	2152  -  MemoryUsage of job (MB)
	2203344  -  ResidentSetSize of job (KB)
...
006 (005.5414.000) 05/07 11:21:13 Image size of job updated: 2837484
	2223  -  MemoryUsage of job (MB)
	2275812  -  ResidentSetSize of job (KB)
...
006 (005.5414.000) 05/07 11:21:19 Image size of job updated: 3049452
	2365  -  MemoryUsage of job (MB)
	2421144  -  ResidentSetSize of job (KB)
...
005 (005.5414.000) 05/07 11:21:23 Job terminated.
	(1) Normal termination (return value 0)
		Usr 0 00:22:11, Sys 0 00:00:02  -  Run Remote Usage
		Usr 0 00:00:00, Sys 0 00:00:00  -  Run Local Usage
		Usr 0 00:22:11, Sys 0 00:00:02  -  Total Remote Usage
		Usr 0 00:00:00, Sys 0 00:00:00  -  Total Local Usage
	0  -  Run Bytes Sent By Job
	0  -  Run Bytes Received By Job
	0  -  Total Bytes Sent By Job
	0  -  Total Bytes Received By Job
	Partitionable Resources :      Usage  Request Allocated 
	   Cpus                 :       1.00        1         1 
	   Disk (KB)            : 2000000     2000000   6275465 
	   Memory (MB)          :    2365        1954      2007 
...
