000 (005.5239.000) 05/05 20:23:51 Job submitted from host: <127.0.0.1:9618?addrs=127.0.0.1-9618&noUDP&sock=227_4816_4>
...
033 (005.5239.000) 05/06 14:16:56 Changing job attribute JobPrio from 0 to -10
...
001 (005.5239.000) 05/07 09:52:11 Job executing on host: <127.0.0.1:9618?addrs=127.0.0.1-9618&noUDP&sock=227_4816_5>
...
006 (005.5239.000) 05/07 09:52:17 Image size of job updated: 2000000
	101  -  MemoryUsage of job (MB)
	103092  -  ResidentSetSize of job (KB)
...
006 (005.5239.000) 05/07 09:52:41 Image size of job updated: 2000000
	125  -  MemoryUsage of job (MB)
	127644  -  ResidentSetSize of job (KB)
...
006 (005.5239.000) 05/07 09:52:47 Image size of job updated: 2000000
	184  -  MemoryUsage of job (MB)
	188100  -  ResidentSetSize of job (KB)
...
006 (005.5239.000) 05/07 09:52:53 Image size of job updated: 2000000
	185  -  MemoryUsage of job (MB)
	188496  -  ResidentSetSize of job (KB)
...
006 (005.5239.000) 05/07 09:52:59 Image size of job updated: 2000000
	192  -  MemoryUsage of job (MB)
	196020  -  ResidentSetSize of job (KB)
...
006 (005.5239.000) 05/07 09:53:05 Image size of job updated: 2000000
	204  -  MemoryUsage of job (MB)
	208164  -  ResidentSetSize of job (KB)
...
006 (005.5239.000) 05/07 09:53:11 Image size of job updated: 2000000
	213  -  MemoryUsage of job (MB)
	218064  -  ResidentSetSize of job (KB)
...
006 (005.5239.000) 05/07 09:53:18 Image size of job updated: 2000000
	226  -  MemoryUsage of job (MB)
	230736  -  ResidentSetSize of job (KB)
...
006 (005.5239.000) 05/07 09:53:23 Image size of job updated: 2000000
	234  -  MemoryUsage of job (MB)
	238788  -  ResidentSetSize of job (KB)
...
006 (005.5239.000) 05/07 09:53:28 Image size of job updated: 2000000
	240  -  MemoryUsage of job (MB)
	245652  -  ResidentSetSize of job (KB)
...
006 (005.5239.000) 05/07 09:53:33 Image size of job updated: 2000000
	269  -  MemoryUsage of job (MB)
	275088  -  ResidentSetSize of job (KB)
...
006 (005.5239.000) 05/07 09:53:38 Image size of job updated: 2000000
	299  -  MemoryUsage of job (MB)
	305448  -  ResidentSetSize of job (KB)
...
006 (005.5239.000) 05/07 09:53:43 Image size of job updated: 2000000
	329  -  MemoryUsage of job (MB)
	336336  -  ResidentSetSize of job (KB)
...
006 (005.5239.000) 05/07 09:53:48 Image size of job updated: 2000000
	364  -  MemoryUsage of job (MB)
	371976  -  ResidentSetSize of job (KB)
...
006 (005.5239.000) 05/07 09:53:53 Image size of job updated: 2000000
	423  -  MemoryUsage of job (MB)
	432168  -  ResidentSetSize of job (KB)
...
006 (005.5239.000) 05/07 09:53:58 Image size of job updated: 2000000
	472  -  MemoryUsage of job (MB)
	482988  -  ResidentSetSize of job (KB)
...
006 (005.5239.000) 05/07 09:54:03 Image size of job updated: 2000000
	1169  -  MemoryUsage of job (MB)
	1196580  -  ResidentSetSize of job (KB)
...
006 (005.5239.000) 05/07 10:08:50 Image size of job updated: 2000000
	1170  -  MemoryUsage of job (MB)
	1197504  -  ResidentSetSize of job (KB)
...
006 (005.5239.000) 05/07 10:08:56 Image size of job updated: 2000000
	1184  -  MemoryUsage of job (MB)
	1212156  -  ResidentSetSize of job (KB)
...
006 (005.5239.000) 05/07 10:09:02 Image size of job updated: 2000000
	1552  -  MemoryUsage of job (MB)
	1588488  -  ResidentSetSize of job (KB)
...
006 (005.5239.000) 05/07 10:09:08 Image size of job updated: 2225140
	1621  -  MemoryUsage of job (MB)
	1659108  -  ResidentSetSize of job (KB)
...
006 (005.5239.000) 05/07 10:09:14 Image size of job updated: 2225140
	1883  -  MemoryUsage of job (MB)
	1927992  -  ResidentSetSize of job (KB)
...
006 (005.5239.000) 05/07 10:09:20 Image size of job updated: 2573292
	1899  -  MemoryUsage of job (MB)
	1944492  -  ResidentSetSize of job (KB)
...
006 (005.5239.000) 05/07 10:09:26 Image size of job updated: 2573292
	1908  -  MemoryUsage of job (MB)
	1953732  -  ResidentSetSize of job (KB)
...
006 (005.5239.000) 05/07 10:09:32 Image size of job updated: 2573292
	1916  -  MemoryUsage of job (MB)
	1961124  -  ResidentSetSize of job (KB)
...
006 (005.5239.000) 05/07 10:09:38 Image size of job updated: 2596844
	1922  -  MemoryUsage of job (MB)
	1967724  -  ResidentSetSize of job (KB)
...
006 (005.5239.000) 05/07 10:09:44 Image size of job updated: 2604012
	1930  -  MemoryUsage of job (MB)
	1976304  -  ResidentSetSize of job (KB)
...
006 (005.5239.000) 05/07 10:09:50 Image size of job updated: 2604012
	1938  -  MemoryUsage of job (MB)
	1984224  -  ResidentSetSize of job (KB)
...
006 (005.5239.000) 05/07 10:09:56 Image size of job updated: 2617324
	1942  -  MemoryUsage of job (MB)
	1988580  -  ResidentSetSize of job (KB)
...
006 (005.5239.000) 05/07 10:10:02 Image size of job updated: 2617324
	1947  -  MemoryUsage of job (MB)
	1993596  -  ResidentSetSize of job (KB)
...
006 (005.5239.000) 05/07 10:10:08 Image size of job updated: 2629612
	1954  -  MemoryUsage of job (MB)
	2000196  -  ResidentSetSize of job (KB)
...
006 (005.5239.000) 05/07 10:10:14 Image size of job updated: 2629612
	1960  -  MemoryUsage of job (MB)
	2006268  -  ResidentSetSize of job (KB)
...
006 (005.5239.000) 05/07 10:10:20 Image size of job updated: 2643948
	1965  -  MemoryUsage of job (MB)
	2011416  -  ResidentSetSize of job (KB)
...
006 (005.5239.000) 05/07 10:10:26 Image size of job updated: 2643948
	1972  -  MemoryUsage of job (MB)
	2019204  -  ResidentSetSize of job (KB)
...
006 (005.5239.000) 05/07 10:10:32 Image size of job updated: 2652140
	1978  -  MemoryUsage of job (MB)
	2025012  -  ResidentSetSize of job (KB)
...
006 (005.5239.000) 05/07 10:10:38 Image size of job updated: 2660332
	1982  -  MemoryUsage of job (MB)
	2029236  -  ResidentSetSize of job (KB)
...
006 (005.5239.000) 05/07 10:10:44 Image size of job updated: 2660332
	1988  -  MemoryUsage of job (MB)
	2035308  -  ResidentSetSize of job (KB)
...
006 (005.5239.000) 05/07 10:10:50 Image size of job updated: 2671596
	1992  -  MemoryUsage of job (MB)
	2039796  -  ResidentSetSize of job (KB)
...
006 (005.5239.000) 05/07 10:10:56 Image size of job updated: 2672620
	1998  -  MemoryUsage of job (MB)
	2045736  -  ResidentSetSize of job (KB)
...
006 (005.5239.000) 05/07 10:11:02 Image size of job updated: 2672620
	2006  -  MemoryUsage of job (MB)
	2053128  -  ResidentSetSize of job (KB)
...
006 (005.5239.000) 05/07 10:11:08 Image size of job updated: 2689004
	2011  -  MemoryUsage of job (MB)
	2058804  -  ResidentSetSize of job (KB)
...
006 (005.5239.000) 05/07 10:11:14 Image size of job updated: 2689004
	2016  -  MemoryUsage of job (MB)
	2063820  -  ResidentSetSize of job (KB)
...
006 (005.5239.000) 05/07 10:11:20 Image size of job updated: 2701292
	2021  -  MemoryUsage of job (MB)
	2069364  -  ResidentSetSize of job (KB)
...
006 (005.5239.000) 05/07 10:11:26 Image size of job updated: 2702316
	2028  -  MemoryUsage of job (MB)
	2076624  -  ResidentSetSize of job (KB)
...
006 (005.5239.000) 05/07 10:11:32 Image size of job updated: 2702316
	2035  -  MemoryUsage of job (MB)
	2082960  -  ResidentSetSize of job (KB)
...
006 (005.5239.000) 05/07 10:11:38 Image size of job updated: 2716652
	2039  -  MemoryUsage of job (MB)
	2087316  -  ResidentSetSize of job (KB)
...
006 (005.5239.000) 05/07 10:11:44 Image size of job updated: 2716652
	2045  -  MemoryUsage of job (MB)
	2094048  -  ResidentSetSize of job (KB)
...
006 (005.5239.000) 05/07 10:11:50 Image size of job updated: 2716652
	2051  -  MemoryUsage of job (MB)
	2099328  -  ResidentSetSize of job (KB)
...
006 (005.5239.000) 05/07 10:11:56 Image size of job updated: 2730988
	2057  -  MemoryUsage of job (MB)
	2105796  -  ResidentSetSize of job (KB)
...
006 (005.5239.000) 05/07 10:12:02 Image size of job updated: 2730988
	2061  -  MemoryUsage of job (MB)
	2110152  -  ResidentSetSize of job (KB)
...
006 (005.5239.000) 05/07 10:12:08 Image size of job updated: 2743276
	2066  -  MemoryUsage of job (MB)
	2115036  -  ResidentSetSize of job (KB)
...
006 (005.5239.000) 05/07 10:12:14 Image size of job updated: 2743276
	2072  -  MemoryUsage of job (MB)
	2120712  -  ResidentSetSize of job (KB)
...
006 (005.5239.000) 05/07 10:12:20 Image size of job updated: 2753516
	2075  -  MemoryUsage of job (MB)
	2124408  -  ResidentSetSize of job (KB)
...
006 (005.5239.000) 05/07 10:12:26 Image size of job updated: 2758636
	2080  -  MemoryUsage of job (MB)
	2129820  -  ResidentSetSize of job (KB)
...
006 (005.5239.000) 05/07 10:12:32 Image size of job updated: 2761708
	2084  -  MemoryUsage of job (MB)
	2133912  -  ResidentSetSize of job (KB)
...
006 (005.5239.000) 05/07 10:12:38 Image size of job updated: 2769900
	2092  -  MemoryUsage of job (MB)
	2141832  -  ResidentSetSize of job (KB)
...
006 (005.5239.000) 05/07 10:12:44 Image size of job updated: 2777068
	2098  -  MemoryUsage of job (MB)
	2147376  -  ResidentSetSize of job (KB)
...
006 (005.5239.000) 05/07 10:12:50 Image size of job updated: 2777068
	2103  -  MemoryUsage of job (MB)
	2153184  -  ResidentSetSize of job (KB)
...
006 (005.5239.000) 05/07 10:12:56 Image size of job updated: 2784236
	2107  -  MemoryUsage of job (MB)
	2157012  -  ResidentSetSize of job (KB)
...
006 (005.5239.000) 05/07 10:13:02 Image size of job updated: 2788332
	2113  -  MemoryUsage of job (MB)
	2162952  -  ResidentSetSize of job (KB)
...
006 (005.5239.000) 05/07 10:13:08 Image size of job updated: 2797548
	2118  -  MemoryUsage of job (MB)
	2167836  -  ResidentSetSize of job (KB)
...
006 (005.5239.000) 05/07 10:13:14 Image size of job updated: 2797548
	2123  -  MemoryUsage of job (MB)
	2173248  -  ResidentSetSize of job (KB)
...
006 (005.5239.000) 05/07 10:13:20 Image size of job updated: 2797548
	2131  -  MemoryUsage of job (MB)
	2181564  -  ResidentSetSize of job (KB)
...
006 (005.5239.000) 05/07 10:13:26 Image size of job updated: 2811884
	2136  -  MemoryUsage of job (MB)
	2187240  -  ResidentSetSize of job (KB)
...
006 (005.5239.000) 05/07 10:13:32 Image size of job updated: 2811884
	2144  -  MemoryUsage of job (MB)
	2194500  -  ResidentSetSize of job (KB)
...
006 (005.5239.000) 05/07 10:13:38 Image size of job updated: 2829292
	2149  -  MemoryUsage of job (MB)
	2199912  -  ResidentSetSize of job (KB)
...
006 (005.5239.000) 05/07 10:13:44 Image size of job updated: 2829292
	2155  -  MemoryUsage of job (MB)
	2206248  -  ResidentSetSize of job (KB)
...
006 (005.5239.000) 05/07 10:13:50 Image size of job updated: 2829292
	2160  -  MemoryUsage of job (MB)
	2211396  -  ResidentSetSize of job (KB)
...
006 (005.5239.000) 05/07 10:13:55 Image size of job updated: 2844652
	2164  -  MemoryUsage of job (MB)
	2215620  -  ResidentSetSize of job (KB)
...
006 (005.5239.000) 05/07 10:14:00 Image size of job updated: 2844652
	2169  -  MemoryUsage of job (MB)
	2220504  -  ResidentSetSize of job (KB)
...
006 (005.5239.000) 05/07 10:14:05 Image size of job updated: 2844652
	2173  -  MemoryUsage of job (MB)
	2225124  -  ResidentSetSize of job (KB)
...
006 (005.5239.000) 05/07 10:14:10 Image size of job updated: 2857964
	2177  -  MemoryUsage of job (MB)
	2229216  -  ResidentSetSize of job (KB)
...
006 (005.5239.000) 05/07 10:14:15 Image size of job updated: 2857964
	2181  -  MemoryUsage of job (MB)
	2233044  -  ResidentSetSize of job (KB)
...
006 (005.5239.000) 05/07 10:14:20 Image size of job updated: 2857964
	2187  -  MemoryUsage of job (MB)
	2238588  -  ResidentSetSize of job (KB)
...
006 (005.5239.000) 05/07 10:14:25 Image size of job updated: 2871276
	2190  -  MemoryUsage of job (MB)
	2241624  -  ResidentSetSize of job (KB)
...
006 (005.5239.000) 05/07 10:14:30 Image size of job updated: 2871276
	2195  -  MemoryUsage of job (MB)
	2247300  -  ResidentSetSize of job (KB)
...
006 (005.5239.000) 05/07 10:14:35 Image size of job updated: 2879468
	2201  -  MemoryUsage of job (MB)
	2252976  -  ResidentSetSize of job (KB)
...
006 (005.5239.000) 05/07 10:14:40 Image size of job updated: 2885612
	2204  -  MemoryUsage of job (MB)
	2256672  -  ResidentSetSize of job (KB)
...
006 (005.5239.000) 05/07 10:14:45 Image size of job updated: 2885612
	2208  -  MemoryUsage of job (MB)
	2260368  -  ResidentSetSize of job (KB)
...
006 (005.5239.000) 05/07 10:14:50 Image size of job updated: 2885612
	2211  -  MemoryUsage of job (MB)
	2263668  -  ResidentSetSize of job (KB)
...
006 (005.5239.000) 05/07 10:14:55 Image size of job updated: 2885612
	2217  -  MemoryUsage of job (MB)
	2269608  -  ResidentSetSize of job (KB)
...
006 (005.5239.000) 05/07 10:15:00 Image size of job updated: 2899948
	2220  -  MemoryUsage of job (MB)
	2273040  -  ResidentSetSize of job (KB)
...
006 (005.5239.000) 05/07 10:15:05 Image size of job updated: 2899948
	2225  -  MemoryUsage of job (MB)
	2277660  -  ResidentSetSize of job (KB)
...
006 (005.5239.000) 05/07 10:15:10 Image size of job updated: 2899948
	2349  -  MemoryUsage of job (MB)
	2405304  -  ResidentSetSize of job (KB)
...
006 (005.5239.000) 05/07 10:15:15 Image size of job updated: 3062764
	2437  -  MemoryUsage of job (MB)
	2494932  -  ResidentSetSize of job (KB)
...
005 (005.5239.000) 05/07 10:15:18 Job terminated.
	(1) Normal termination (return value 0)
		Usr 0 00:22:39, Sys 0 00:00:02  -  Run Remote Usage
		Usr 0 00:00:00, Sys 0 00:00:00  -  Run Local Usage
		Usr 0 00:22:39, Sys 0 00:00:02  -  Total Remote Usage
		Usr 0 00:00:00, Sys 0 00:00:00  -  Total Local Usage
	0  -  Run Bytes Sent By Job
	0  -  Run Bytes Received By Job
	0  -  Total Bytes Sent By Job
	0  -  Total Bytes Received By Job
	Partitionable Resources :      Usage  Request Allocated 
	   Cpus                 :       1.00        1         1 
	   Disk (KB)            : 2000000     2000000   6275465 
	   Memory (MB)          :    2437        1954      2007 
...
