000 (205.8111.000) 05/06 03:21:35 Job submitted from host: <127.0.0.1:9618?addrs=127.0.0.1-9618&noUDP&sock=222_da1d_4>
...
033 (205.8111.000) 05/06 14:24:01 Changing job attribute JobPrio from 0 to -5
...
000 (007.8111.000) 05/07 19:00:56 Job submitted from host: <127.0.0.1:9618?addrs=127.0.0.1-9618&noUDP&sock=215_0cf3_4>
...
000 (016.8111.000) 05/08 15:57:58 Job submitted from host: <127.0.0.1:9618?addrs=127.0.0.1-9618&noUDP&sock=227_4816_4>
...
009 (016.8111.000) 05/09 16:56:01 Job was aborted by the user.
	via condor_rm (by user aw868)
...
000 (014.950.000) 05/09 17:30:03 Job submitted from host: <127.0.0.1:9618?addrs=127.0.0.1-9618&noUDP&sock=212_fe2a_4>
...
033 (014.950.000) 05/09 17:34:04 Changing job attribute JobPrio from 0 to -10
...
033 (014.950.000) 05/09 21:36:18 Changing job attribute JobPrio from -10 to -15
...
001 (014.950.000) 05/10 03:04:36 Job executing on host: <127.0.0.1:9618?addrs=127.0.0.1-9618&noUDP&sock=212_fe2a_5>
...
006 (014.950.000) 05/10 03:04:42 Image size of job updated: 2000000
	115  -  MemoryUsage of job (MB)
	117084  -  ResidentSetSize of job (KB)
...
006 (014.950.000) 05/10 03:05:06 Image size of job updated: 2000000
	119  -  MemoryUsage of job (MB)
	121572  -  ResidentSetSize of job (KB)
...
006 (014.950.000) 05/10 03:05:12 Image size of job updated: 2000000
	210  -  MemoryUsage of job (MB)
	214764  -  ResidentSetSize of job (KB)
...
006 (014.950.000) 05/10 03:05:18 Image size of job updated: 2000000
	211  -  MemoryUsage of job (MB)
	215820  -  ResidentSetSize of job (KB)
...
006 (014.950.000) 05/10 03:05:24 Image size of job updated: 2000000
	219  -  MemoryUsage of job (MB)
	223740  -  ResidentSetSize of job (KB)
...
006 (014.950.000) 05/10 03:05:30 Image size of job updated: 2000000
	232  -  MemoryUsage of job (MB)
	236940  -  ResidentSetSize of job (KB)
...
006 (014.950.000) 05/10 03:05:36 Image size of job updated: 2000000
	245  -  MemoryUsage of job (MB)
	250008  -  ResidentSetSize of job (KB)
...
006 (014.950.000) 05/10 03:05:42 Image size of job updated: 2000000
	255  -  MemoryUsage of job (MB)
	260304  -  ResidentSetSize of job (KB)
...
006 (014.950.000) 05/10 03:05:48 Image size of job updated: 2000000
	265  -  MemoryUsage of job (MB)
	271128  -  ResidentSetSize of job (KB)
...
006 (014.950.000) 05/10 03:05:54 Image size of job updated: 2000000
	273  -  MemoryUsage of job (MB)
	278784  -  ResidentSetSize of job (KB)
...
006 (014.950.000) 05/10 03:06:00 Image size of job updated: 2000000
	308  -  MemoryUsage of job (MB)
	315084  -  ResidentSetSize of job (KB)
...
006 (014.950.000) 05/10 03:06:06 Image size of job updated: 2000000
	365  -  MemoryUsage of job (MB)
	373032  -  ResidentSetSize of job (KB)
...
006 (014.950.000) 05/10 03:06:12 Image size of job updated: 2000000
	380  -  MemoryUsage of job (MB)
	388212  -  ResidentSetSize of job (KB)
...
006 (014.950.000) 05/10 03:06:18 Image size of job updated: 2000000
	425  -  MemoryUsage of job (MB)
	434676  -  ResidentSetSize of job (KB)
...
006 (014.950.000) 05/10 03:06:24 Image size of job updated: 2000000
	433  -  MemoryUsage of job (MB)
	442992  -  ResidentSetSize of job (KB)
...
006 (014.950.000) 05/10 03:06:30 Image size of job updated: 2000000
	498  -  MemoryUsage of job (MB)
	509520  -  ResidentSetSize of job (KB)
...
006 (014.950.000) 05/10 03:06:36 Image size of job updated: 2000000
	1231  -  MemoryUsage of job (MB)
	1259676  -  ResidentSetSize of job (KB)
...
006 (014.950.000) 05/10 03:23:35 Image size of job updated: 2000000
	1235  -  MemoryUsage of job (MB)
	1263768  -  ResidentSetSize of job (KB)
...
006 (014.950.000) 05/10 03:23:40 Image size of job updated: 2000000
	1606  -  MemoryUsage of job (MB)
	1643928  -  ResidentSetSize of job (KB)
...
006 (014.950.000) 05/10 03:23:45 Image size of job updated: 2370000
	1833  -  MemoryUsage of job (MB)
	1876380  -  ResidentSetSize of job (KB)
...
006 (014.950.000) 05/10 03:23:50 Image size of job updated: 2370000
	1970  -  MemoryUsage of job (MB)
	2016564  -  ResidentSetSize of job (KB)
...
006 (014.950.000) 05/10 03:23:55 Image size of job updated: 2370000
	1974  -  MemoryUsage of job (MB)
	2020788  -  ResidentSetSize of job (KB)
...
006 (014.950.000) 05/10 03:24:00 Image size of job updated: 2663664
	2002  -  MemoryUsage of job (MB)
	2049828  -  ResidentSetSize of job (KB)
...
006 (014.950.000) 05/10 03:24:05 Image size of job updated: 2663664
	2066  -  MemoryUsage of job (MB)
	2114904  -  ResidentSetSize of job (KB)
...
006 (014.950.000) 05/10 03:24:10 Image size of job updated: 2663664
	2137  -  MemoryUsage of job (MB)
	2187900  -  ResidentSetSize of job (KB)
...
006 (014.950.000) 05/10 03:24:15 Image size of job updated: 2843888
	2196  -  MemoryUsage of job (MB)
	2247696  -  ResidentSetSize of job (KB)
...
006 (014.950.000) 05/10 03:24:20 Image size of job updated: 2843888
	2241  -  MemoryUsage of job (MB)
	2294688  -  ResidentSetSize of job (KB)
...
006 (014.950.000) 05/10 03:24:25 Image size of job updated: 2843888
	2279  -  MemoryUsage of job (MB)
	2333364  -  ResidentSetSize of job (KB)
...
006 (014.950.000) 05/10 03:24:30 Image size of job updated: 2981104
	2306  -  MemoryUsage of job (MB)
	2360556  -  ResidentSetSize of job (KB)
...
006 (014.950.000) 05/10 03:24:35 Image size of job updated: 2981104
	2335  -  MemoryUsage of job (MB)
	2390124  -  ResidentSetSize of job (KB)
...
006 (014.950.000) 05/10 03:24:40 Image size of job updated: 2981104
	2352  -  MemoryUsage of job (MB)
	2408208  -  ResidentSetSize of job (KB)
...
006 (014.950.000) 05/10 03:24:45 Image size of job updated: 3090672
	2371  -  MemoryUsage of job (MB)
	2427876  -  ResidentSetSize of job (KB)
...
006 (014.950.000) 05/10 03:24:50 Image size of job updated: 3119344
	2406  -  MemoryUsage of job (MB)
	2463516  -  ResidentSetSize of job (KB)
...
006 (014.950.000) 05/10 03:24:55 Image size of job updated: 3119344
	2442  -  MemoryUsage of job (MB)
	2500608  -  ResidentSetSize of job (KB)
...
006 (014.950.000) 05/10 03:25:00 Image size of job updated: 3198192
	2467  -  MemoryUsage of job (MB)
	2525820  -  ResidentSetSize of job (KB)
...
006 (014.950.000) 05/10 03:25:05 Image size of job updated: 3198192
	2487  -  MemoryUsage of job (MB)
	2546016  -  ResidentSetSize of job (KB)
...
006 (014.950.000) 05/10 03:25:10 Image size of job updated: 3261680
	2522  -  MemoryUsage of job (MB)
	2582448  -  ResidentSetSize of job (KB)
...
006 (014.950.000) 05/10 03:25:16 Image size of job updated: 3335408
	2565  -  MemoryUsage of job (MB)
	2625876  -  ResidentSetSize of job (KB)
...
006 (014.950.000) 05/10 03:25:22 Image size of job updated: 3370224
	2609  -  MemoryUsage of job (MB)
	2671416  -  ResidentSetSize of job (KB)
...
006 (014.950.000) 05/10 03:25:28 Image size of job updated: 3370224
	2653  -  MemoryUsage of job (MB)
	2716296  -  ResidentSetSize of job (KB)
...
006 (014.950.000) 05/10 03:25:34 Image size of job updated: 3436784
	2699  -  MemoryUsage of job (MB)
	2763552  -  ResidentSetSize of job (KB)
...
006 (014.950.000) 05/10 03:25:40 Image size of job updated: 3436784
	2758  -  MemoryUsage of job (MB)
	2823348  -  ResidentSetSize of job (KB)
...
006 (014.950.000) 05/10 03:25:46 Image size of job updated: 3582192
	2811  -  MemoryUsage of job (MB)
	2877468  -  ResidentSetSize of job (KB)
...
006 (014.950.000) 05/10 03:25:52 Image size of job updated: 3582192
	2857  -  MemoryUsage of job (MB)
	2925384  -  ResidentSetSize of job (KB)
...
006 (014.950.000) 05/10 03:25:58 Image size of job updated: 3582192
	2909  -  MemoryUsage of job (MB)
	2978184  -  ResidentSetSize of job (KB)
...
006 (014.950.000) 05/10 03:26:04 Image size of job updated: 3706096
	2929  -  MemoryUsage of job (MB)
	2999040  -  ResidentSetSize of job (KB)
...
006 (014.950.000) 05/10 03:26:10 Image size of job updated: 3730672
	2966  -  MemoryUsage of job (MB)
	3036924  -  ResidentSetSize of job (KB)
...
006 (014.950.000) 05/10 03:26:16 Image size of job updated: 3800304
	3010  -  MemoryUsage of job (MB)
	3081276  -  ResidentSetSize of job (KB)
...
006 (014.950.000) 05/10 03:26:22 Image size of job updated: 3800304
	3051  -  MemoryUsage of job (MB)
	3123780  -  ResidentSetSize of job (KB)
...
006 (014.950.000) 05/10 03:26:28 Image size of job updated: 3878128
	3096  -  MemoryUsage of job (MB)
	3169716  -  ResidentSetSize of job (KB)
...
006 (014.950.000) 05/10 03:26:34 Image size of job updated: 3928304
	3141  -  MemoryUsage of job (MB)
	3216048  -  ResidentSetSize of job (KB)
...
006 (014.950.000) 05/10 03:26:40 Image size of job updated: 3928304
	3186  -  MemoryUsage of job (MB)
	3262116  -  ResidentSetSize of job (KB)
...
006 (014.950.000) 05/10 03:26:46 Image size of job updated: 4036848
	3234  -  MemoryUsage of job (MB)
	3311220  -  ResidentSetSize of job (KB)
...
006 (014.950.000) 05/10 03:26:52 Image size of job updated: 4087024
	3279  -  MemoryUsage of job (MB)
	3357684  -  ResidentSetSize of job (KB)
...
006 (014.950.000) 05/10 03:26:58 Image size of job updated: 4087024
	3325  -  MemoryUsage of job (MB)
	3404016  -  ResidentSetSize of job (KB)
...
006 (014.950.000) 05/10 03:27:04 Image size of job updated: 4153584
	3375  -  MemoryUsage of job (MB)
	3455232  -  ResidentSetSize of job (KB)
...
006 (014.950.000) 05/10 03:27:10 Image size of job updated: 4244720
	3433  -  MemoryUsage of job (MB)
	3514632  -  ResidentSetSize of job (KB)
...
006 (014.950.000) 05/10 03:27:16 Image size of job updated: 4244720
	3492  -  MemoryUsage of job (MB)
	3575352  -  ResidentSetSize of job (KB)
...
006 (014.950.000) 05/10 03:27:22 Image size of job updated: 4308208
	3551  -  MemoryUsage of job (MB)
	3635940  -  ResidentSetSize of job (KB)
...
006 (014.950.000) 05/10 03:27:28 Image size of job updated: 4308208
	3600  -  MemoryUsage of job (MB)
	3685968  -  ResidentSetSize of job (KB)
...
006 (014.950.000) 05/10 03:27:34 Image size of job updated: 4442352
	3648  -  MemoryUsage of job (MB)
	3735072  -  ResidentSetSize of job (KB)
...
006 (014.950.000) 05/10 03:27:40 Image size of job updated: 4513008
	3700  -  MemoryUsage of job (MB)
	3788664  -  ResidentSetSize of job (KB)
...
006 (014.950.000) 05/10 03:27:46 Image size of job updated: 4544752
	3752  -  MemoryUsage of job (MB)
	3841992  -  ResidentSetSize of job (KB)
...
006 (014.950.000) 05/10 03:27:52 Image size of job updated: 4590832
	3803  -  MemoryUsage of job (MB)
	3894132  -  ResidentSetSize of job (KB)
...
006 (014.950.000) 05/10 03:27:58 Image size of job updated: 4590832
	3852  -  MemoryUsage of job (MB)
	3943500  -  ResidentSetSize of job (KB)
...
006 (014.950.000) 05/10 03:28:04 Image size of job updated: 4721904
	3900  -  MemoryUsage of job (MB)
	3993000  -  ResidentSetSize of job (KB)
...
006 (014.950.000) 05/10 03:28:10 Image size of job updated: 4721904
	3947  -  MemoryUsage of job (MB)
	4040916  -  ResidentSetSize of job (KB)
...
006 (014.950.000) 05/10 03:28:16 Image size of job updated: 4721904
	3993  -  MemoryUsage of job (MB)
	4088568  -  ResidentSetSize of job (KB)
...
006 (014.950.000) 05/10 03:28:22 Image size of job updated: 4846832
	4037  -  MemoryUsage of job (MB)
	4132920  -  ResidentSetSize of job (KB)
...
006 (014.950.000) 05/10 03:28:28 Image size of job updated: 4846832
	4074  -  MemoryUsage of job (MB)
	4171728  -  ResidentSetSize of job (KB)
...
006 (014.950.000) 05/10 03:28:33 Image size of job updated: 4846832
	4109  -  MemoryUsage of job (MB)
	4207500  -  ResidentSetSize of job (KB)
...
006 (014.950.000) 05/10 03:28:38 Image size of job updated: 4968688
	4109  -  MemoryUsage of job (MB)
	4207500  -  ResidentSetSize of job (KB)
...
006 (014.950.000) 05/10 03:28:48 Image size of job updated: 5048560
	4116  -  MemoryUsage of job (MB)
	4214364  -  ResidentSetSize of job (KB)
...
006 (014.950.000) 05/10 03:28:53 Image size of job updated: 5076208
	4154  -  MemoryUsage of job (MB)
	4252908  -  ResidentSetSize of job (KB)
...
006 (014.950.000) 05/10 03:28:58 Image size of job updated: 5076208
	4190  -  MemoryUsage of job (MB)
	4290132  -  ResidentSetSize of job (KB)
...
006 (014.950.000) 05/10 03:29:03 Image size of job updated: 5144816
	4227  -  MemoryUsage of job (MB)
	4327884  -  ResidentSetSize of job (KB)
...
006 (014.950.000) 05/10 03:29:08 Image size of job updated: 5196016
	4264  -  MemoryUsage of job (MB)
	4365900  -  ResidentSetSize of job (KB)
...
006 (014.950.000) 05/10 03:29:13 Image size of job updated: 5196016
	4301  -  MemoryUsage of job (MB)
	4403520  -  ResidentSetSize of job (KB)
...
006 (014.950.000) 05/10 03:29:18 Image size of job updated: 5196016
	4337  -  MemoryUsage of job (MB)
	4440876  -  ResidentSetSize of job (KB)
...
006 (014.950.000) 05/10 03:29:23 Image size of job updated: 5307632
	4373  -  MemoryUsage of job (MB)
	4477572  -  ResidentSetSize of job (KB)
...
006 (014.950.000) 05/10 03:29:28 Image size of job updated: 5307632
	4409  -  MemoryUsage of job (MB)
	4514004  -  ResidentSetSize of job (KB)
...
006 (014.950.000) 05/10 03:29:33 Image size of job updated: 5382384
	4422  -  MemoryUsage of job (MB)
	4527204  -  ResidentSetSize of job (KB)
...
006 (014.950.000) 05/10 03:29:38 Image size of job updated: 5416176
	4458  -  MemoryUsage of job (MB)
	4564164  -  ResidentSetSize of job (KB)
...
006 (014.950.000) 05/10 03:29:43 Image size of job updated: 5416176
	4494  -  MemoryUsage of job (MB)
	4601124  -  ResidentSetSize of job (KB)
...
006 (014.950.000) 05/10 03:29:48 Image size of job updated: 5416176
	4530  -  MemoryUsage of job (MB)
	4638084  -  ResidentSetSize of job (KB)
...
006 (014.950.000) 05/10 03:29:53 Image size of job updated: 5534960
	4566  -  MemoryUsage of job (MB)
	4675308  -  ResidentSetSize of job (KB)
...
006 (014.950.000) 05/10 03:29:58 Image size of job updated: 5534960
	4602  -  MemoryUsage of job (MB)
	4711872  -  ResidentSetSize of job (KB)
...
006 (014.950.000) 05/10 03:30:03 Image size of job updated: 5534960
	4625  -  MemoryUsage of job (MB)
	4735764  -  ResidentSetSize of job (KB)
...
006 (014.950.000) 05/10 03:30:08 Image size of job updated: 5534960
	4640  -  MemoryUsage of job (MB)
	4750548  -  ResidentSetSize of job (KB)
...
006 (014.950.000) 05/10 03:30:15 Image size of job updated: 5652720
	4644  -  MemoryUsage of job (MB)
	4754904  -  ResidentSetSize of job (KB)
...
006 (014.950.000) 05/10 03:30:20 Image size of job updated: 5654768
	4680  -  MemoryUsage of job (MB)
	4792260  -  ResidentSetSize of job (KB)
...
006 (014.950.000) 05/10 03:30:25 Image size of job updated: 5693680
	4717  -  MemoryUsage of job (MB)
	4829484  -  ResidentSetSize of job (KB)
...
006 (014.950.000) 05/10 03:30:30 Image size of job updated: 5764336
	4753  -  MemoryUsage of job (MB)
	4866312  -  ResidentSetSize of job (KB)
...
006 (014.950.000) 05/10 03:30:35 Image size of job updated: 5764336
	4789  -  MemoryUsage of job (MB)
	4903140  -  ResidentSetSize of job (KB)
...
006 (014.950.000) 05/10 03:30:40 Image size of job updated: 5807344
	4828  -  MemoryUsage of job (MB)
	4943400  -  ResidentSetSize of job (KB)
...
006 (014.950.000) 05/10 03:30:45 Image size of job updated: 5992688
	4989  -  MemoryUsage of job (MB)
	5108400  -  ResidentSetSize of job (KB)
...
006 (014.950.000) 05/10 03:30:50 Image size of job updated: 6031600
	5135  -  MemoryUsage of job (MB)
	5257956  -  ResidentSetSize of job (KB)
...
006 (014.950.000) 05/10 03:30:55 Image size of job updated: 6082800
	5149  -  MemoryUsage of job (MB)
	5272344  -  ResidentSetSize of job (KB)
...
005 (014.950.000) 05/10 03:30:57 Job terminated.
	(1) Normal termination (return value 0)
		Usr 0 00:25:25, Sys 0 00:00:10  -  Run Remote Usage
		Usr 0 00:00:00, Sys 0 00:00:00  -  Run Local Usage
		Usr 0 00:25:25, Sys 0 00:00:10  -  Total Remote Usage
		Usr 0 00:00:00, Sys 0 00:00:00  -  Total Local Usage
	0  -  Run Bytes Sent By Job
	0  -  Run Bytes Received By Job
	0  -  Total Bytes Sent By Job
	0  -  Total Bytes Received By Job
	Partitionable Resources :      Usage  Request Allocated 
	   Cpus                 :       0.95        1         1 
	   Disk (KB)            : 2000000     2000000   6232219 
	   Memory (MB)          :    5149        1954      2007 
...
