000 (016.693.000) 05/10 03:37:33 Job submitted from host: <127.0.0.1:9618?addrs=127.0.0.1-9618&noUDP&sock=212_fe2a_4>
...
001 (016.693.000) 05/10 07:32:35 Job executing on host: <127.0.0.1:9618?addrs=127.0.0.1-9618&noUDP&sock=212_fe2a_5>
...
006 (016.693.000) 05/10 07:32:40 Image size of job updated: 2000000
	101  -  MemoryUsage of job (MB)
	102960  -  ResidentSetSize of job (KB)
...
006 (016.693.000) 05/10 07:33:50 Image size of job updated: 2000000
	151  -  MemoryUsage of job (MB)
	154044  -  ResidentSetSize of job (KB)
...
006 (016.693.000) 05/10 07:33:55 Image size of job updated: 2000000
	184  -  MemoryUsage of job (MB)
	188100  -  ResidentSetSize of job (KB)
...
006 (016.693.000) 05/10 07:34:00 Image size of job updated: 2000000
	192  -  MemoryUsage of job (MB)
	195756  -  ResidentSetSize of job (KB)
...
006 (016.693.000) 05/10 07:34:05 Image size of job updated: 2000000
	207  -  MemoryUsage of job (MB)
	211068  -  ResidentSetSize of job (KB)
...
006 (016.693.000) 05/10 07:34:10 Image size of job updated: 2000000
	219  -  MemoryUsage of job (MB)
	224136  -  ResidentSetSize of job (KB)
...
006 (016.693.000) 05/10 07:34:15 Image size of job updated: 2000000
	233  -  MemoryUsage of job (MB)
	238128  -  ResidentSetSize of job (KB)
...
006 (016.693.000) 05/10 07:34:20 Image size of job updated: 2000000
	240  -  MemoryUsage of job (MB)
	244992  -  ResidentSetSize of job (KB)
...
006 (016.693.000) 05/10 07:34:25 Image size of job updated: 2000000
	269  -  MemoryUsage of job (MB)
	274824  -  ResidentSetSize of job (KB)
...
006 (016.693.000) 05/10 07:34:30 Image size of job updated: 2000000
	303  -  MemoryUsage of job (MB)
	309276  -  ResidentSetSize of job (KB)
...
006 (016.693.000) 05/10 07:34:35 Image size of job updated: 2000000
	329  -  MemoryUsage of job (MB)
	336204  -  ResidentSetSize of job (KB)
...
006 (016.693.000) 05/10 07:34:40 Image size of job updated: 2000000
	353  -  MemoryUsage of job (MB)
	360492  -  ResidentSetSize of job (KB)
...
006 (016.693.000) 05/10 07:34:45 Image size of job updated: 2000000
	435  -  MemoryUsage of job (MB)
	444708  -  ResidentSetSize of job (KB)
...
006 (016.693.000) 05/10 07:34:50 Image size of job updated: 2000000
	1171  -  MemoryUsage of job (MB)
	1198428  -  ResidentSetSize of job (KB)
...
006 (016.693.000) 05/10 07:49:02 Image size of job updated: 2000000
	1172  -  MemoryUsage of job (MB)
	1199748  -  ResidentSetSize of job (KB)
...
006 (016.693.000) 05/10 07:49:07 Image size of job updated: 2000000
	1178  -  MemoryUsage of job (MB)
	1205424  -  ResidentSetSize of job (KB)
...
006 (016.693.000) 05/10 07:49:12 Image size of job updated: 2000000
	1251  -  MemoryUsage of job (MB)
	1280268  -  ResidentSetSize of job (KB)
...
006 (016.693.000) 05/10 07:49:17 Image size of job updated: 2201480
	1622  -  MemoryUsage of job (MB)
	1660164  -  ResidentSetSize of job (KB)
...
006 (016.693.000) 05/10 07:49:22 Image size of job updated: 2201480
	1693  -  MemoryUsage of job (MB)
	1733292  -  ResidentSetSize of job (KB)
...
006 (016.693.000) 05/10 07:49:27 Image size of job updated: 2201480
	1885  -  MemoryUsage of job (MB)
	1929840  -  ResidentSetSize of job (KB)
...
006 (016.693.000) 05/10 07:49:32 Image size of job updated: 2561504
	1885  -  MemoryUsage of job (MB)
	1929840  -  ResidentSetSize of job (KB)
...
006 (016.693.000) 05/10 07:49:37 Image size of job updated: 2561504
	1886  -  MemoryUsage of job (MB)
	1930632  -  ResidentSetSize of job (KB)
...
006 (016.693.000) 05/10 07:49:42 Image size of job updated: 2561504
	1888  -  MemoryUsage of job (MB)
	1932876  -  ResidentSetSize of job (KB)
...
006 (016.693.000) 05/10 07:49:47 Image size of job updated: 2564576
	1892  -  MemoryUsage of job (MB)
	1936572  -  ResidentSetSize of job (KB)
...
006 (016.693.000) 05/10 07:49:52 Image size of job updated: 2564576
	1896  -  MemoryUsage of job (MB)
	1941324  -  ResidentSetSize of job (KB)
...
006 (016.693.000) 05/10 07:49:57 Image size of job updated: 2573792
	1899  -  MemoryUsage of job (MB)
	1944096  -  ResidentSetSize of job (KB)
...
006 (016.693.000) 05/10 07:50:02 Image size of job updated: 2577888
	1903  -  MemoryUsage of job (MB)
	1948584  -  ResidentSetSize of job (KB)
...
006 (016.693.000) 05/10 07:50:07 Image size of job updated: 2577888
	1906  -  MemoryUsage of job (MB)
	1951224  -  ResidentSetSize of job (KB)
...
006 (016.693.000) 05/10 07:50:13 Image size of job updated: 2577888
	1908  -  MemoryUsage of job (MB)
	1952940  -  ResidentSetSize of job (KB)
...
006 (016.693.000) 05/10 07:50:19 Image size of job updated: 2584032
	1910  -  MemoryUsage of job (MB)
	1955184  -  ResidentSetSize of job (KB)
...
006 (016.693.000) 05/10 07:50:25 Image size of job updated: 2587104
	1911  -  MemoryUsage of job (MB)
	1956768  -  ResidentSetSize of job (KB)
...
006 (016.693.000) 05/10 07:50:31 Image size of job updated: 2591200
	1916  -  MemoryUsage of job (MB)
	1961388  -  ResidentSetSize of job (KB)
...
006 (016.693.000) 05/10 07:50:37 Image size of job updated: 2591200
	1919  -  MemoryUsage of job (MB)
	1964952  -  ResidentSetSize of job (KB)
...
006 (016.693.000) 05/10 07:50:43 Image size of job updated: 2591200
	1924  -  MemoryUsage of job (MB)
	1969440  -  ResidentSetSize of job (KB)
...
006 (016.693.000) 05/10 07:50:49 Image size of job updated: 2604512
	1929  -  MemoryUsage of job (MB)
	1975116  -  ResidentSetSize of job (KB)
...
006 (016.693.000) 05/10 07:50:55 Image size of job updated: 2604512
	1933  -  MemoryUsage of job (MB)
	1978548  -  ResidentSetSize of job (KB)
...
006 (016.693.000) 05/10 07:51:01 Image size of job updated: 2604512
	1938  -  MemoryUsage of job (MB)
	1983696  -  ResidentSetSize of job (KB)
...
006 (016.693.000) 05/10 07:51:07 Image size of job updated: 2615776
	1944  -  MemoryUsage of job (MB)
	1989636  -  ResidentSetSize of job (KB)
...
006 (016.693.000) 05/10 07:51:13 Image size of job updated: 2615776
	1948  -  MemoryUsage of job (MB)
	1994388  -  ResidentSetSize of job (KB)
...
006 (016.693.000) 05/10 07:51:19 Image size of job updated: 2628064
	1952  -  MemoryUsage of job (MB)
	1997952  -  ResidentSetSize of job (KB)
...
006 (016.693.000) 05/10 07:51:25 Image size of job updated: 2628064
	1957  -  MemoryUsage of job (MB)
	2002968  -  ResidentSetSize of job (KB)
...
006 (016.693.000) 05/10 07:51:31 Image size of job updated: 2628064
	1961  -  MemoryUsage of job (MB)
	2007060  -  ResidentSetSize of job (KB)
...
006 (016.693.000) 05/10 07:51:37 Image size of job updated: 2639328
	1965  -  MemoryUsage of job (MB)
	2012076  -  ResidentSetSize of job (KB)
...
006 (016.693.000) 05/10 07:51:43 Image size of job updated: 2639328
	1968  -  MemoryUsage of job (MB)
	2014716  -  ResidentSetSize of job (KB)
...
006 (016.693.000) 05/10 07:51:49 Image size of job updated: 2639328
	1971  -  MemoryUsage of job (MB)
	2017620  -  ResidentSetSize of job (KB)
...
006 (016.693.000) 05/10 07:51:55 Image size of job updated: 2648544
	1975  -  MemoryUsage of job (MB)
	2021844  -  ResidentSetSize of job (KB)
...
006 (016.693.000) 05/10 07:52:01 Image size of job updated: 2648544
	1979  -  MemoryUsage of job (MB)
	2026200  -  ResidentSetSize of job (KB)
...
006 (016.693.000) 05/10 07:52:07 Image size of job updated: 2660832
	1984  -  MemoryUsage of job (MB)
	2030820  -  ResidentSetSize of job (KB)
...
006 (016.693.000) 05/10 07:52:13 Image size of job updated: 2660832
	1987  -  MemoryUsage of job (MB)
	2034120  -  ResidentSetSize of job (KB)
...
006 (016.693.000) 05/10 07:52:19 Image size of job updated: 2660832
	1990  -  MemoryUsage of job (MB)
	2037552  -  ResidentSetSize of job (KB)
...
006 (016.693.000) 05/10 07:52:25 Image size of job updated: 2670048
	1995  -  MemoryUsage of job (MB)
	2042568  -  ResidentSetSize of job (KB)
...
006 (016.693.000) 05/10 07:52:31 Image size of job updated: 2670048
	1999  -  MemoryUsage of job (MB)
	2046264  -  ResidentSetSize of job (KB)
...
006 (016.693.000) 05/10 07:52:37 Image size of job updated: 2670048
	2004  -  MemoryUsage of job (MB)
	2051808  -  ResidentSetSize of job (KB)
...
006 (016.693.000) 05/10 07:52:43 Image size of job updated: 2682336
	2007  -  MemoryUsage of job (MB)
	2054448  -  ResidentSetSize of job (KB)
...
006 (016.693.000) 05/10 07:52:49 Image size of job updated: 2682336
	2010  -  MemoryUsage of job (MB)
	2058144  -  ResidentSetSize of job (KB)
...
006 (016.693.000) 05/10 07:52:55 Image size of job updated: 2691552
	2014  -  MemoryUsage of job (MB)
	2061972  -  ResidentSetSize of job (KB)
...
006 (016.693.000) 05/10 07:53:01 Image size of job updated: 2691552
	2016  -  MemoryUsage of job (MB)
	2064084  -  ResidentSetSize of job (KB)
...
006 (016.693.000) 05/10 07:53:07 Image size of job updated: 2691552
	2019  -  MemoryUsage of job (MB)
	2066988  -  ResidentSetSize of job (KB)
...
006 (016.693.000) 05/10 07:53:13 Image size of job updated: 2700768
	2022  -  MemoryUsage of job (MB)
	2070024  -  ResidentSetSize of job (KB)
...
006 (016.693.000) 05/10 07:53:19 Image size of job updated: 2704864
	2026  -  MemoryUsage of job (MB)
	2074116  -  ResidentSetSize of job (KB)
...
006 (016.693.000) 05/10 07:53:25 Image size of job updated: 2707936
	2029  -  MemoryUsage of job (MB)
	2077548  -  ResidentSetSize of job (KB)
...
006 (016.693.000) 05/10 07:53:31 Image size of job updated: 2707936
	2033  -  MemoryUsage of job (MB)
	2080848  -  ResidentSetSize of job (KB)
...
006 (016.693.000) 05/10 07:53:37 Image size of job updated: 2707936
	2035  -  MemoryUsage of job (MB)
	2082828  -  ResidentSetSize of job (KB)
...
006 (016.693.000) 05/10 07:53:43 Image size of job updated: 2716128
	2177  -  MemoryUsage of job (MB)
	2228556  -  ResidentSetSize of job (KB)
...
006 (016.693.000) 05/10 07:53:49 Image size of job updated: 2929120
	2177  -  MemoryUsage of job (MB)
	2228556  -  ResidentSetSize of job (KB)
...
005 (016.693.000) 05/10 07:53:49 Job terminated.
	(1) Normal termination (return value 0)
		Usr 0 00:20:03, Sys 0 00:00:02  -  Run Remote Usage
		Usr 0 00:00:00, Sys 0 00:00:00  -  Run Local Usage
		Usr 0 00:20:03, Sys 0 00:00:02  -  Total Remote Usage
		Usr 0 00:00:00, Sys 0 00:00:00  -  Total Local Usage
	0  -  Run Bytes Sent By Job
	0  -  Run Bytes Received By Job
	0  -  Total Bytes Sent By Job
	0  -  Total Bytes Received By Job
	Partitionable Resources :      Usage  Request Allocated 
	   Cpus                 :       1.00        1         1 
	   Disk (KB)            : 2000000     2000000   6232219 
	   Memory (MB)          :    2177        1954      2007 
...
