000 (205.6273.000) 05/06 03:20:43 Job submitted from host: <127.0.0.1:9618?addrs=127.0.0.1-9618&noUDP&sock=222_da1d_4>
...
033 (205.6273.000) 05/06 14:23:31 Changing job attribute JobPrio from 0 to -5
...
000 (007.6273.000) 05/07 19:00:33 Job submitted from host: <127.0.0.1:9618?addrs=127.0.0.1-9618&noUDP&sock=215_0cf3_4>
...
000 (016.6273.000) 05/08 15:57:38 Job submitted from host: <127.0.0.1:9618?addrs=127.0.0.1-9618&noUDP&sock=227_4816_4>
...
009 (016.6273.000) 05/09 16:55:25 Job was aborted by the user.
	via condor_rm (by user aw868)
...
000 (017.2940.000) 05/09 17:26:17 Job submitted from host: <127.0.0.1:9618?addrs=127.0.0.1-9618&noUDP&sock=227_4816_4>
...
001 (017.2940.000) 05/10 14:38:11 Job executing on host: <127.0.0.1:9618?addrs=127.0.0.1-9618&noUDP&sock=227_4816_5>
...
006 (017.2940.000) 05/10 14:38:17 Image size of job updated: 2000000
	115  -  MemoryUsage of job (MB)
	116952  -  ResidentSetSize of job (KB)
...
006 (017.2940.000) 05/10 14:38:47 Image size of job updated: 2000000
	181  -  MemoryUsage of job (MB)
	184932  -  ResidentSetSize of job (KB)
...
006 (017.2940.000) 05/10 14:38:53 Image size of job updated: 2000000
	211  -  MemoryUsage of job (MB)
	215424  -  ResidentSetSize of job (KB)
...
006 (017.2940.000) 05/10 14:38:59 Image size of job updated: 2000000
	211  -  MemoryUsage of job (MB)
	215820  -  ResidentSetSize of job (KB)
...
006 (017.2940.000) 05/10 14:39:05 Image size of job updated: 2000000
	221  -  MemoryUsage of job (MB)
	225720  -  ResidentSetSize of job (KB)
...
006 (017.2940.000) 05/10 14:39:11 Image size of job updated: 2000000
	233  -  MemoryUsage of job (MB)
	237732  -  ResidentSetSize of job (KB)
...
006 (017.2940.000) 05/10 14:39:17 Image size of job updated: 2000000
	244  -  MemoryUsage of job (MB)
	249744  -  ResidentSetSize of job (KB)
...
006 (017.2940.000) 05/10 14:39:23 Image size of job updated: 2000000
	256  -  MemoryUsage of job (MB)
	261360  -  ResidentSetSize of job (KB)
...
006 (017.2940.000) 05/10 14:39:29 Image size of job updated: 2000000
	266  -  MemoryUsage of job (MB)
	272316  -  ResidentSetSize of job (KB)
...
006 (017.2940.000) 05/10 14:39:35 Image size of job updated: 2000000
	279  -  MemoryUsage of job (MB)
	285648  -  ResidentSetSize of job (KB)
...
006 (017.2940.000) 05/10 14:39:41 Image size of job updated: 2000000
	320  -  MemoryUsage of job (MB)
	326832  -  ResidentSetSize of job (KB)
...
006 (017.2940.000) 05/10 14:39:47 Image size of job updated: 2000000
	366  -  MemoryUsage of job (MB)
	374616  -  ResidentSetSize of job (KB)
...
006 (017.2940.000) 05/10 14:39:53 Image size of job updated: 2000000
	380  -  MemoryUsage of job (MB)
	388212  -  ResidentSetSize of job (KB)
...
006 (017.2940.000) 05/10 14:39:59 Image size of job updated: 2000000
	435  -  MemoryUsage of job (MB)
	444972  -  ResidentSetSize of job (KB)
...
006 (017.2940.000) 05/10 14:40:05 Image size of job updated: 2000000
	509  -  MemoryUsage of job (MB)
	521004  -  ResidentSetSize of job (KB)
...
006 (017.2940.000) 05/10 14:40:11 Image size of job updated: 2000000
	1243  -  MemoryUsage of job (MB)
	1271820  -  ResidentSetSize of job (KB)
...
006 (017.2940.000) 05/10 14:56:59 Image size of job updated: 2000000
	1572  -  MemoryUsage of job (MB)
	1609080  -  ResidentSetSize of job (KB)
...
006 (017.2940.000) 05/10 14:57:04 Image size of job updated: 2295120
	1778  -  MemoryUsage of job (MB)
	1819752  -  ResidentSetSize of job (KB)
...
006 (017.2940.000) 05/10 14:57:09 Image size of job updated: 2443496
	2004  -  MemoryUsage of job (MB)
	2051412  -  ResidentSetSize of job (KB)
...
006 (017.2940.000) 05/10 14:57:19 Image size of job updated: 2724584
	2031  -  MemoryUsage of job (MB)
	2079528  -  ResidentSetSize of job (KB)
...
006 (017.2940.000) 05/10 14:57:24 Image size of job updated: 2823912
	2129  -  MemoryUsage of job (MB)
	2179584  -  ResidentSetSize of job (KB)
...
006 (017.2940.000) 05/10 14:57:29 Image size of job updated: 2846440
	2190  -  MemoryUsage of job (MB)
	2242020  -  ResidentSetSize of job (KB)
...
006 (017.2940.000) 05/10 14:57:34 Image size of job updated: 2846440
	2241  -  MemoryUsage of job (MB)
	2294424  -  ResidentSetSize of job (KB)
...
006 (017.2940.000) 05/10 14:57:39 Image size of job updated: 2982632
	2283  -  MemoryUsage of job (MB)
	2336796  -  ResidentSetSize of job (KB)
...
006 (017.2940.000) 05/10 14:57:44 Image size of job updated: 2982632
	2316  -  MemoryUsage of job (MB)
	2370852  -  ResidentSetSize of job (KB)
...
006 (017.2940.000) 05/10 14:57:49 Image size of job updated: 2982632
	2348  -  MemoryUsage of job (MB)
	2403852  -  ResidentSetSize of job (KB)
...
006 (017.2940.000) 05/10 14:57:54 Image size of job updated: 2982632
	2380  -  MemoryUsage of job (MB)
	2436852  -  ResidentSetSize of job (KB)
...
006 (017.2940.000) 05/10 14:57:59 Image size of job updated: 3089128
	2417  -  MemoryUsage of job (MB)
	2474736  -  ResidentSetSize of job (KB)
...
006 (017.2940.000) 05/10 14:58:04 Image size of job updated: 3153640
	2454  -  MemoryUsage of job (MB)
	2512092  -  ResidentSetSize of job (KB)
...
006 (017.2940.000) 05/10 14:58:09 Image size of job updated: 3153640
	2496  -  MemoryUsage of job (MB)
	2554992  -  ResidentSetSize of job (KB)
...
006 (017.2940.000) 05/10 14:58:14 Image size of job updated: 3218152
	2533  -  MemoryUsage of job (MB)
	2593272  -  ResidentSetSize of job (KB)
...
006 (017.2940.000) 05/10 14:58:19 Image size of job updated: 3218152
	2573  -  MemoryUsage of job (MB)
	2633928  -  ResidentSetSize of job (KB)
...
006 (017.2940.000) 05/10 14:58:24 Image size of job updated: 3218152
	2607  -  MemoryUsage of job (MB)
	2669436  -  ResidentSetSize of job (KB)
...
006 (017.2940.000) 05/10 14:58:29 Image size of job updated: 3321576
	2641  -  MemoryUsage of job (MB)
	2703756  -  ResidentSetSize of job (KB)
...
006 (017.2940.000) 05/10 14:58:34 Image size of job updated: 3369704
	2676  -  MemoryUsage of job (MB)
	2739264  -  ResidentSetSize of job (KB)
...
006 (017.2940.000) 05/10 14:58:39 Image size of job updated: 3399400
	2711  -  MemoryUsage of job (MB)
	2775168  -  ResidentSetSize of job (KB)
...
006 (017.2940.000) 05/10 14:58:44 Image size of job updated: 3428072
	2746  -  MemoryUsage of job (MB)
	2810940  -  ResidentSetSize of job (KB)
...
006 (017.2940.000) 05/10 14:58:49 Image size of job updated: 3428072
	2780  -  MemoryUsage of job (MB)
	2846316  -  ResidentSetSize of job (KB)
...
006 (017.2940.000) 05/10 14:58:54 Image size of job updated: 3428072
	2813  -  MemoryUsage of job (MB)
	2879976  -  ResidentSetSize of job (KB)
...
006 (017.2940.000) 05/10 14:58:59 Image size of job updated: 3532520
	2851  -  MemoryUsage of job (MB)
	2918916  -  ResidentSetSize of job (KB)
...
006 (017.2940.000) 05/10 14:59:04 Image size of job updated: 3532520
	2889  -  MemoryUsage of job (MB)
	2958120  -  ResidentSetSize of job (KB)
...
006 (017.2940.000) 05/10 14:59:09 Image size of job updated: 3532520
	2917  -  MemoryUsage of job (MB)
	2986632  -  ResidentSetSize of job (KB)
...
006 (017.2940.000) 05/10 14:59:14 Image size of job updated: 3636968
	2946  -  MemoryUsage of job (MB)
	3016200  -  ResidentSetSize of job (KB)
...
006 (017.2940.000) 05/10 14:59:19 Image size of job updated: 3636968
	2974  -  MemoryUsage of job (MB)
	3045372  -  ResidentSetSize of job (KB)
...
006 (017.2940.000) 05/10 14:59:24 Image size of job updated: 3636968
	3003  -  MemoryUsage of job (MB)
	3075072  -  ResidentSetSize of job (KB)
...
006 (017.2940.000) 05/10 14:59:29 Image size of job updated: 3726056
	3033  -  MemoryUsage of job (MB)
	3105300  -  ResidentSetSize of job (KB)
...
006 (017.2940.000) 05/10 14:59:34 Image size of job updated: 3726056
	3063  -  MemoryUsage of job (MB)
	3135528  -  ResidentSetSize of job (KB)
...
006 (017.2940.000) 05/10 14:59:39 Image size of job updated: 3726056
	3096  -  MemoryUsage of job (MB)
	3169452  -  ResidentSetSize of job (KB)
...
006 (017.2940.000) 05/10 14:59:44 Image size of job updated: 3822312
	3135  -  MemoryUsage of job (MB)
	3209316  -  ResidentSetSize of job (KB)
...
006 (017.2940.000) 05/10 14:59:49 Image size of job updated: 3822312
	3165  -  MemoryUsage of job (MB)
	3240864  -  ResidentSetSize of job (KB)
...
006 (017.2940.000) 05/10 14:59:54 Image size of job updated: 3822312
	3193  -  MemoryUsage of job (MB)
	3269376  -  ResidentSetSize of job (KB)
...
006 (017.2940.000) 05/10 14:59:59 Image size of job updated: 3928808
	3224  -  MemoryUsage of job (MB)
	3301056  -  ResidentSetSize of job (KB)
...
006 (017.2940.000) 05/10 15:00:04 Image size of job updated: 3928808
	3245  -  MemoryUsage of job (MB)
	3322308  -  ResidentSetSize of job (KB)
...
006 (017.2940.000) 05/10 15:00:09 Image size of job updated: 3928808
	3259  -  MemoryUsage of job (MB)
	3336432  -  ResidentSetSize of job (KB)
...
006 (017.2940.000) 05/10 15:00:14 Image size of job updated: 4023016
	3259  -  MemoryUsage of job (MB)
	3336432  -  ResidentSetSize of job (KB)
...
006 (017.2940.000) 05/10 15:00:19 Image size of job updated: 4054760
	3259  -  MemoryUsage of job (MB)
	3336432  -  ResidentSetSize of job (KB)
...
006 (017.2940.000) 05/10 15:00:24 Image size of job updated: 4088552
	3286  -  MemoryUsage of job (MB)
	3364284  -  ResidentSetSize of job (KB)
...
006 (017.2940.000) 05/10 15:00:29 Image size of job updated: 4098792
	3316  -  MemoryUsage of job (MB)
	3395436  -  ResidentSetSize of job (KB)
...
006 (017.2940.000) 05/10 15:00:34 Image size of job updated: 4098792
	3348  -  MemoryUsage of job (MB)
	3427380  -  ResidentSetSize of job (KB)
...
006 (017.2940.000) 05/10 15:00:39 Image size of job updated: 4098792
	3378  -  MemoryUsage of job (MB)
	3459060  -  ResidentSetSize of job (KB)
...
006 (017.2940.000) 05/10 15:00:44 Image size of job updated: 4194024
	3409  -  MemoryUsage of job (MB)
	3490740  -  ResidentSetSize of job (KB)
...
006 (017.2940.000) 05/10 15:00:49 Image size of job updated: 4194024
	3440  -  MemoryUsage of job (MB)
	3522552  -  ResidentSetSize of job (KB)
...
006 (017.2940.000) 05/10 15:00:54 Image size of job updated: 4194024
	3471  -  MemoryUsage of job (MB)
	3554100  -  ResidentSetSize of job (KB)
...
006 (017.2940.000) 05/10 15:00:59 Image size of job updated: 4288232
	3502  -  MemoryUsage of job (MB)
	3585780  -  ResidentSetSize of job (KB)
...
006 (017.2940.000) 05/10 15:01:04 Image size of job updated: 4288232
	3533  -  MemoryUsage of job (MB)
	3617328  -  ResidentSetSize of job (KB)
...
006 (017.2940.000) 05/10 15:01:09 Image size of job updated: 4288232
	3565  -  MemoryUsage of job (MB)
	3649800  -  ResidentSetSize of job (KB)
...
006 (017.2940.000) 05/10 15:01:15 Image size of job updated: 4383464
	3603  -  MemoryUsage of job (MB)
	3688476  -  ResidentSetSize of job (KB)
...
006 (017.2940.000) 05/10 15:01:21 Image size of job updated: 4383464
	3640  -  MemoryUsage of job (MB)
	3727020  -  ResidentSetSize of job (KB)
...
006 (017.2940.000) 05/10 15:01:27 Image size of job updated: 4488936
	3679  -  MemoryUsage of job (MB)
	3766752  -  ResidentSetSize of job (KB)
...
006 (017.2940.000) 05/10 15:01:33 Image size of job updated: 4507368
	3718  -  MemoryUsage of job (MB)
	3807012  -  ResidentSetSize of job (KB)
...
006 (017.2940.000) 05/10 15:01:39 Image size of job updated: 4545256
	3758  -  MemoryUsage of job (MB)
	3847932  -  ResidentSetSize of job (KB)
...
006 (017.2940.000) 05/10 15:01:45 Image size of job updated: 4595432
	3798  -  MemoryUsage of job (MB)
	3889116  -  ResidentSetSize of job (KB)
...
006 (017.2940.000) 05/10 15:01:51 Image size of job updated: 4648680
	3838  -  MemoryUsage of job (MB)
	3929244  -  ResidentSetSize of job (KB)
...
006 (017.2940.000) 05/10 15:01:57 Image size of job updated: 4683496
	3878  -  MemoryUsage of job (MB)
	3970428  -  ResidentSetSize of job (KB)
...
006 (017.2940.000) 05/10 15:02:03 Image size of job updated: 4730600
	3915  -  MemoryUsage of job (MB)
	4008180  -  ResidentSetSize of job (KB)
...
006 (017.2940.000) 05/10 15:02:09 Image size of job updated: 4730600
	3952  -  MemoryUsage of job (MB)
	4046724  -  ResidentSetSize of job (KB)
...
006 (017.2940.000) 05/10 15:02:15 Image size of job updated: 4793064
	3991  -  MemoryUsage of job (MB)
	4085796  -  ResidentSetSize of job (KB)
...
006 (017.2940.000) 05/10 15:02:21 Image size of job updated: 4793064
	4028  -  MemoryUsage of job (MB)
	4124076  -  ResidentSetSize of job (KB)
...
006 (017.2940.000) 05/10 15:02:27 Image size of job updated: 4793064
	4064  -  MemoryUsage of job (MB)
	4160772  -  ResidentSetSize of job (KB)
...
006 (017.2940.000) 05/10 15:02:33 Image size of job updated: 4910824
	4103  -  MemoryUsage of job (MB)
	4200768  -  ResidentSetSize of job (KB)
...
006 (017.2940.000) 05/10 15:02:39 Image size of job updated: 4910824
	4141  -  MemoryUsage of job (MB)
	4240104  -  ResidentSetSize of job (KB)
...
006 (017.2940.000) 05/10 15:02:45 Image size of job updated: 5009128
	4180  -  MemoryUsage of job (MB)
	4279836  -  ResidentSetSize of job (KB)
...
006 (017.2940.000) 05/10 15:02:51 Image size of job updated: 5009128
	4218  -  MemoryUsage of job (MB)
	4318512  -  ResidentSetSize of job (KB)
...
006 (017.2940.000) 05/10 15:02:57 Image size of job updated: 5009128
	4255  -  MemoryUsage of job (MB)
	4356528  -  ResidentSetSize of job (KB)
...
006 (017.2940.000) 05/10 15:03:03 Image size of job updated: 5106408
	4291  -  MemoryUsage of job (MB)
	4393488  -  ResidentSetSize of job (KB)
...
006 (017.2940.000) 05/10 15:03:09 Image size of job updated: 5139176
	4327  -  MemoryUsage of job (MB)
	4430052  -  ResidentSetSize of job (KB)
...
006 (017.2940.000) 05/10 15:03:15 Image size of job updated: 5175016
	4362  -  MemoryUsage of job (MB)
	4466220  -  ResidentSetSize of job (KB)
...
006 (017.2940.000) 05/10 15:03:21 Image size of job updated: 5197544
	4398  -  MemoryUsage of job (MB)
	4502784  -  ResidentSetSize of job (KB)
...
006 (017.2940.000) 05/10 15:03:27 Image size of job updated: 5197544
	4433  -  MemoryUsage of job (MB)
	4538952  -  ResidentSetSize of job (KB)
...
006 (017.2940.000) 05/10 15:03:33 Image size of job updated: 5405416
	4654  -  MemoryUsage of job (MB)
	4765068  -  ResidentSetSize of job (KB)
...
005 (017.2940.000) 05/10 15:03:40 Job terminated.
	(1) Normal termination (return value 0)
		Usr 0 00:24:43, Sys 0 00:00:06  -  Run Remote Usage
		Usr 0 00:00:00, Sys 0 00:00:00  -  Run Local Usage
		Usr 0 00:24:43, Sys 0 00:00:06  -  Total Remote Usage
		Usr 0 00:00:00, Sys 0 00:00:00  -  Total Local Usage
	0  -  Run Bytes Sent By Job
	0  -  Run Bytes Received By Job
	0  -  Total Bytes Sent By Job
	0  -  Total Bytes Received By Job
	Partitionable Resources :      Usage  Request Allocated 
	   Cpus                 :       1.00        1         1 
	   Disk (KB)            : 2000000     2000000   6275465 
	   Memory (MB)          :    4654        1954      2007 
...
