000 (205.2231.000) 05/06 03:18:20 Job submitted from host: <127.0.0.1:9618?addrs=127.0.0.1-9618&noUDP&sock=222_da1d_4>
...
033 (205.2231.000) 05/06 14:21:49 Changing job attribute JobPrio from 0 to -5
...
000 (007.2231.000) 05/07 18:59:44 Job submitted from host: <127.0.0.1:9618?addrs=127.0.0.1-9618&noUDP&sock=215_0cf3_4>
...
000 (016.2231.000) 05/08 15:56:55 Job submitted from host: <127.0.0.1:9618?addrs=127.0.0.1-9618&noUDP&sock=227_4816_4>
...
001 (016.2231.000) 05/09 08:29:33 Job executing on host: <127.0.0.1:9618?addrs=127.0.0.1-9618&noUDP&sock=227_4816_5>
...
006 (016.2231.000) 05/09 08:29:38 Image size of job updated: 2000000
	106  -  MemoryUsage of job (MB)
	108108  -  ResidentSetSize of job (KB)
...
006 (016.2231.000) 05/09 08:29:43 Image size of job updated: 2000000
	115  -  MemoryUsage of job (MB)
	117084  -  ResidentSetSize of job (KB)
...
006 (016.2231.000) 05/09 08:30:48 Image size of job updated: 2000000
	172  -  MemoryUsage of job (MB)
	175296  -  ResidentSetSize of job (KB)
...
006 (016.2231.000) 05/09 08:30:53 Image size of job updated: 2000000
	211  -  MemoryUsage of job (MB)
	215556  -  ResidentSetSize of job (KB)
...
006 (016.2231.000) 05/09 08:30:58 Image size of job updated: 2000000
	211  -  MemoryUsage of job (MB)
	215820  -  ResidentSetSize of job (KB)
...
006 (016.2231.000) 05/09 08:31:03 Image size of job updated: 2000000
	213  -  MemoryUsage of job (MB)
	217140  -  ResidentSetSize of job (KB)
...
006 (016.2231.000) 05/09 08:31:08 Image size of job updated: 2000000
	222  -  MemoryUsage of job (MB)
	226776  -  ResidentSetSize of job (KB)
...
006 (016.2231.000) 05/09 08:31:13 Image size of job updated: 2000000
	231  -  MemoryUsage of job (MB)
	236412  -  ResidentSetSize of job (KB)
...
006 (016.2231.000) 05/09 08:31:18 Image size of job updated: 2000000
	241  -  MemoryUsage of job (MB)
	245916  -  ResidentSetSize of job (KB)
...
006 (016.2231.000) 05/09 08:31:23 Image size of job updated: 2000000
	250  -  MemoryUsage of job (MB)
	255288  -  ResidentSetSize of job (KB)
...
006 (016.2231.000) 05/09 08:31:28 Image size of job updated: 2000000
	257  -  MemoryUsage of job (MB)
	262548  -  ResidentSetSize of job (KB)
...
006 (016.2231.000) 05/09 08:31:33 Image size of job updated: 2000000
	265  -  MemoryUsage of job (MB)
	271128  -  ResidentSetSize of job (KB)
...
006 (016.2231.000) 05/09 08:31:38 Image size of job updated: 2000000
	271  -  MemoryUsage of job (MB)
	277464  -  ResidentSetSize of job (KB)
...
006 (016.2231.000) 05/09 08:31:43 Image size of job updated: 2000000
	283  -  MemoryUsage of job (MB)
	288816  -  ResidentSetSize of job (KB)
...
006 (016.2231.000) 05/09 08:31:48 Image size of job updated: 2000000
	331  -  MemoryUsage of job (MB)
	338448  -  ResidentSetSize of job (KB)
...
006 (016.2231.000) 05/09 08:31:53 Image size of job updated: 2000000
	371  -  MemoryUsage of job (MB)
	379104  -  ResidentSetSize of job (KB)
...
006 (016.2231.000) 05/09 08:31:58 Image size of job updated: 2000000
	380  -  MemoryUsage of job (MB)
	388476  -  ResidentSetSize of job (KB)
...
006 (016.2231.000) 05/09 08:32:03 Image size of job updated: 2000000
	406  -  MemoryUsage of job (MB)
	415404  -  ResidentSetSize of job (KB)
...
006 (016.2231.000) 05/09 08:32:08 Image size of job updated: 2000000
	491  -  MemoryUsage of job (MB)
	502392  -  ResidentSetSize of job (KB)
...
006 (016.2231.000) 05/09 08:32:13 Image size of job updated: 2000000
	583  -  MemoryUsage of job (MB)
	596640  -  ResidentSetSize of job (KB)
...
006 (016.2231.000) 05/09 08:32:18 Image size of job updated: 2000000
	1243  -  MemoryUsage of job (MB)
	1272216  -  ResidentSetSize of job (KB)
...
006 (016.2231.000) 05/09 08:47:12 Image size of job updated: 2000000
	1300  -  MemoryUsage of job (MB)
	1330956  -  ResidentSetSize of job (KB)
...
006 (016.2231.000) 05/09 08:47:18 Image size of job updated: 2000000
	1686  -  MemoryUsage of job (MB)
	1726296  -  ResidentSetSize of job (KB)
...
006 (016.2231.000) 05/09 08:47:33 Image size of job updated: 2453200
	1793  -  MemoryUsage of job (MB)
	1835988  -  ResidentSetSize of job (KB)
...
006 (016.2231.000) 05/09 08:47:55 Image size of job updated: 2908400
	2231  -  MemoryUsage of job (MB)
	2284524  -  ResidentSetSize of job (KB)
...
006 (016.2231.000) 05/09 08:48:13 Image size of job updated: 3073264
	2494  -  MemoryUsage of job (MB)
	2553012  -  ResidentSetSize of job (KB)
...
006 (016.2231.000) 05/09 08:48:24 Image size of job updated: 3267824
	2643  -  MemoryUsage of job (MB)
	2705736  -  ResidentSetSize of job (KB)
...
006 (016.2231.000) 05/09 08:48:31 Image size of job updated: 3267824
	2738  -  MemoryUsage of job (MB)
	2802756  -  ResidentSetSize of job (KB)
...
006 (016.2231.000) 05/09 08:48:37 Image size of job updated: 3477744
	2818  -  MemoryUsage of job (MB)
	2884860  -  ResidentSetSize of job (KB)
...
006 (016.2231.000) 05/09 08:48:43 Image size of job updated: 3477744
	2898  -  MemoryUsage of job (MB)
	2966832  -  ResidentSetSize of job (KB)
...
006 (016.2231.000) 05/09 08:48:49 Image size of job updated: 3676400
	2980  -  MemoryUsage of job (MB)
	3051180  -  ResidentSetSize of job (KB)
...
006 (016.2231.000) 05/09 08:48:55 Image size of job updated: 3676400
	3062  -  MemoryUsage of job (MB)
	3135264  -  ResidentSetSize of job (KB)
...
006 (016.2231.000) 05/09 08:49:01 Image size of job updated: 3676400
	3143  -  MemoryUsage of job (MB)
	3218292  -  ResidentSetSize of job (KB)
...
006 (016.2231.000) 05/09 08:49:07 Image size of job updated: 3885296
	3226  -  MemoryUsage of job (MB)
	3303300  -  ResidentSetSize of job (KB)
...
006 (016.2231.000) 05/09 08:49:13 Image size of job updated: 3959024
	3309  -  MemoryUsage of job (MB)
	3388044  -  ResidentSetSize of job (KB)
...
006 (016.2231.000) 05/09 08:49:19 Image size of job updated: 4095216
	3390  -  MemoryUsage of job (MB)
	3470544  -  ResidentSetSize of job (KB)
...
006 (016.2231.000) 05/09 08:49:25 Image size of job updated: 4095216
	3472  -  MemoryUsage of job (MB)
	3554760  -  ResidentSetSize of job (KB)
...
006 (016.2231.000) 05/09 08:49:31 Image size of job updated: 4195568
	3552  -  MemoryUsage of job (MB)
	3636600  -  ResidentSetSize of job (KB)
...
006 (016.2231.000) 05/09 08:49:37 Image size of job updated: 4308208
	3632  -  MemoryUsage of job (MB)
	3719100  -  ResidentSetSize of job (KB)
...
006 (016.2231.000) 05/09 08:49:43 Image size of job updated: 4308208
	3711  -  MemoryUsage of job (MB)
	3799356  -  ResidentSetSize of job (KB)
...
006 (016.2231.000) 05/09 08:49:49 Image size of job updated: 4509936
	3790  -  MemoryUsage of job (MB)
	3880272  -  ResidentSetSize of job (KB)
...
006 (016.2231.000) 05/09 08:49:55 Image size of job updated: 4509936
	3869  -  MemoryUsage of job (MB)
	3961584  -  ResidentSetSize of job (KB)
...
006 (016.2231.000) 05/09 08:50:01 Image size of job updated: 4509936
	3949  -  MemoryUsage of job (MB)
	4043160  -  ResidentSetSize of job (KB)
...
006 (016.2231.000) 05/09 08:50:07 Image size of job updated: 4713712
	4032  -  MemoryUsage of job (MB)
	4127772  -  ResidentSetSize of job (KB)
...
006 (016.2231.000) 05/09 08:50:13 Image size of job updated: 4713712
	4113  -  MemoryUsage of job (MB)
	4211592  -  ResidentSetSize of job (KB)
...
006 (016.2231.000) 05/09 08:50:19 Image size of job updated: 4923632
	4193  -  MemoryUsage of job (MB)
	4293168  -  ResidentSetSize of job (KB)
...
006 (016.2231.000) 05/09 08:50:25 Image size of job updated: 4923632
	4262  -  MemoryUsage of job (MB)
	4364184  -  ResidentSetSize of job (KB)
...
006 (016.2231.000) 05/09 08:50:31 Image size of job updated: 4923632
	4345  -  MemoryUsage of job (MB)
	4448268  -  ResidentSetSize of job (KB)
...
006 (016.2231.000) 05/09 08:50:37 Image size of job updated: 5134576
	4406  -  MemoryUsage of job (MB)
	4510968  -  ResidentSetSize of job (KB)
...
006 (016.2231.000) 05/09 08:50:43 Image size of job updated: 5170416
	4483  -  MemoryUsage of job (MB)
	4590168  -  ResidentSetSize of job (KB)
...
006 (016.2231.000) 05/09 08:50:49 Image size of job updated: 5316848
	4562  -  MemoryUsage of job (MB)
	4671480  -  ResidentSetSize of job (KB)
...
006 (016.2231.000) 05/09 08:50:55 Image size of job updated: 5316848
	4643  -  MemoryUsage of job (MB)
	4753848  -  ResidentSetSize of job (KB)
...
006 (016.2231.000) 05/09 08:51:01 Image size of job updated: 5316848
	4723  -  MemoryUsage of job (MB)
	4836348  -  ResidentSetSize of job (KB)
...
006 (016.2231.000) 05/09 08:51:07 Image size of job updated: 5537008
	4804  -  MemoryUsage of job (MB)
	4918980  -  ResidentSetSize of job (KB)
...
006 (016.2231.000) 05/09 08:51:13 Image size of job updated: 5649648
	4884  -  MemoryUsage of job (MB)
	5000424  -  ResidentSetSize of job (KB)
...
006 (016.2231.000) 05/09 08:51:19 Image size of job updated: 5649648
	4962  -  MemoryUsage of job (MB)
	5080944  -  ResidentSetSize of job (KB)
...
006 (016.2231.000) 05/09 08:51:25 Image size of job updated: 5752048
	5037  -  MemoryUsage of job (MB)
	5157636  -  ResidentSetSize of job (KB)
...
006 (016.2231.000) 05/09 08:51:31 Image size of job updated: 5752048
	5114  -  MemoryUsage of job (MB)
	5236440  -  ResidentSetSize of job (KB)
...
006 (016.2231.000) 05/09 08:51:37 Image size of job updated: 5947632
	5192  -  MemoryUsage of job (MB)
	5316036  -  ResidentSetSize of job (KB)
...
006 (016.2231.000) 05/09 08:51:43 Image size of job updated: 5947632
	5273  -  MemoryUsage of job (MB)
	5398800  -  ResidentSetSize of job (KB)
...
006 (016.2231.000) 05/09 08:51:49 Image size of job updated: 5947632
	5359  -  MemoryUsage of job (MB)
	5487108  -  ResidentSetSize of job (KB)
...
006 (016.2231.000) 05/09 08:51:55 Image size of job updated: 6159600
	5442  -  MemoryUsage of job (MB)
	5572116  -  ResidentSetSize of job (KB)
...
006 (016.2231.000) 05/09 08:52:02 Image size of job updated: 6306032
	5491  -  MemoryUsage of job (MB)
	5622276  -  ResidentSetSize of job (KB)
...
006 (016.2231.000) 05/09 08:52:07 Image size of job updated: 6306032
	5555  -  MemoryUsage of job (MB)
	5688144  -  ResidentSetSize of job (KB)
...
006 (016.2231.000) 05/09 08:52:12 Image size of job updated: 6390000
	5621  -  MemoryUsage of job (MB)
	5755596  -  ResidentSetSize of job (KB)
...
006 (016.2231.000) 05/09 08:52:17 Image size of job updated: 6390000
	5688  -  MemoryUsage of job (MB)
	5823708  -  ResidentSetSize of job (KB)
...
006 (016.2231.000) 05/09 08:52:22 Image size of job updated: 6390000
	5753  -  MemoryUsage of job (MB)
	5890500  -  ResidentSetSize of job (KB)
...
006 (016.2231.000) 05/09 08:52:27 Image size of job updated: 6592752
	5820  -  MemoryUsage of job (MB)
	5958876  -  ResidentSetSize of job (KB)
...
006 (016.2231.000) 05/09 08:52:32 Image size of job updated: 6592752
	5887  -  MemoryUsage of job (MB)
	6027516  -  ResidentSetSize of job (KB)
...
006 (016.2231.000) 05/09 08:52:37 Image size of job updated: 6741232
	5955  -  MemoryUsage of job (MB)
	6097740  -  ResidentSetSize of job (KB)
...
006 (016.2231.000) 05/09 08:52:42 Image size of job updated: 6817008
	6025  -  MemoryUsage of job (MB)
	6168756  -  ResidentSetSize of job (KB)
...
006 (016.2231.000) 05/09 08:52:47 Image size of job updated: 6884592
	6095  -  MemoryUsage of job (MB)
	6240696  -  ResidentSetSize of job (KB)
...
006 (016.2231.000) 05/09 08:52:52 Image size of job updated: 6884592
	6164  -  MemoryUsage of job (MB)
	6311448  -  ResidentSetSize of job (KB)
...
006 (016.2231.000) 05/09 08:52:57 Image size of job updated: 7016688
	6232  -  MemoryUsage of job (MB)
	6381276  -  ResidentSetSize of job (KB)
...
006 (016.2231.000) 05/09 08:53:02 Image size of job updated: 7093488
	6301  -  MemoryUsage of job (MB)
	6451764  -  ResidentSetSize of job (KB)
...
006 (016.2231.000) 05/09 08:53:07 Image size of job updated: 7175408
	6369  -  MemoryUsage of job (MB)
	6521856  -  ResidentSetSize of job (KB)
...
006 (016.2231.000) 05/09 08:53:12 Image size of job updated: 7266544
	6435  -  MemoryUsage of job (MB)
	6588912  -  ResidentSetSize of job (KB)
...
006 (016.2231.000) 05/09 08:53:17 Image size of job updated: 7317744
	6501  -  MemoryUsage of job (MB)
	6656100  -  ResidentSetSize of job (KB)
...
006 (016.2231.000) 05/09 08:53:22 Image size of job updated: 7386352
	6567  -  MemoryUsage of job (MB)
	6723816  -  ResidentSetSize of job (KB)
...
006 (016.2231.000) 05/09 08:53:27 Image size of job updated: 7442672
	6633  -  MemoryUsage of job (MB)
	6792192  -  ResidentSetSize of job (KB)
...
006 (016.2231.000) 05/09 08:53:32 Image size of job updated: 7442672
	6701  -  MemoryUsage of job (MB)
	6860832  -  ResidentSetSize of job (KB)
...
006 (016.2231.000) 05/09 08:53:37 Image size of job updated: 7442672
	6767  -  MemoryUsage of job (MB)
	6928812  -  ResidentSetSize of job (KB)
...
006 (016.2231.000) 05/09 08:53:42 Image size of job updated: 7685360
	6851  -  MemoryUsage of job (MB)
	7014480  -  ResidentSetSize of job (KB)
...
006 (016.2231.000) 05/09 08:53:47 Image size of job updated: 7685360
	6938  -  MemoryUsage of job (MB)
	7103976  -  ResidentSetSize of job (KB)
...
006 (016.2231.000) 05/09 08:53:52 Image size of job updated: 7685360
	7020  -  MemoryUsage of job (MB)
	7188060  -  ResidentSetSize of job (KB)
...
006 (016.2231.000) 05/09 08:53:57 Image size of job updated: 7932144
	7088  -  MemoryUsage of job (MB)
	7258020  -  ResidentSetSize of job (KB)
...
006 (016.2231.000) 05/09 08:54:02 Image size of job updated: 7932144
	7157  -  MemoryUsage of job (MB)
	7328508  -  ResidentSetSize of job (KB)
...
006 (016.2231.000) 05/09 08:54:07 Image size of job updated: 7932144
	7227  -  MemoryUsage of job (MB)
	7399920  -  ResidentSetSize of job (KB)
...
006 (016.2231.000) 05/09 08:54:12 Image size of job updated: 8157424
	7296  -  MemoryUsage of job (MB)
	7470408  -  ResidentSetSize of job (KB)
...
006 (016.2231.000) 05/09 08:54:17 Image size of job updated: 8157424
	7364  -  MemoryUsage of job (MB)
	7539972  -  ResidentSetSize of job (KB)
...
006 (016.2231.000) 05/09 08:54:22 Image size of job updated: 8157424
	7430  -  MemoryUsage of job (MB)
	7608216  -  ResidentSetSize of job (KB)
...
006 (016.2231.000) 05/09 08:54:27 Image size of job updated: 8157424
	7501  -  MemoryUsage of job (MB)
	7680684  -  ResidentSetSize of job (KB)
...
006 (016.2231.000) 05/09 08:54:32 Image size of job updated: 8414448
	7570  -  MemoryUsage of job (MB)
	7750908  -  ResidentSetSize of job (KB)
...
006 (016.2231.000) 05/09 08:54:37 Image size of job updated: 8414448
	7638  -  MemoryUsage of job (MB)
	7820604  -  ResidentSetSize of job (KB)
...
006 (016.2231.000) 05/09 08:54:42 Image size of job updated: 8414448
	7707  -  MemoryUsage of job (MB)
	7891356  -  ResidentSetSize of job (KB)
...
006 (016.2231.000) 05/09 08:54:47 Image size of job updated: 8623344
	7772  -  MemoryUsage of job (MB)
	7958148  -  ResidentSetSize of job (KB)
...
006 (016.2231.000) 05/09 08:54:52 Image size of job updated: 8623344
	7838  -  MemoryUsage of job (MB)
	8025204  -  ResidentSetSize of job (KB)
...
006 (016.2231.000) 05/09 08:54:57 Image size of job updated: 8623344
	7919  -  MemoryUsage of job (MB)
	8108364  -  ResidentSetSize of job (KB)
...
006 (016.2231.000) 05/09 08:55:02 Image size of job updated: 8874224
	7998  -  MemoryUsage of job (MB)
	8189940  -  ResidentSetSize of job (KB)
...
006 (016.2231.000) 05/09 08:55:16 Image size of job updated: 8874224
	7999  -  MemoryUsage of job (MB)
	8190072  -  ResidentSetSize of job (KB)
...
005 (016.2231.000) 05/09 08:55:17 Job terminated.
	(0) Abnormal termination (signal 9)
	(0) No core file
		Usr 0 00:24:00, Sys 0 00:00:15  -  Run Remote Usage
		Usr 0 00:00:00, Sys 0 00:00:00  -  Run Local Usage
		Usr 0 00:24:00, Sys 0 00:00:15  -  Total Remote Usage
		Usr 0 00:00:00, Sys 0 00:00:00  -  Total Local Usage
	0  -  Run Bytes Sent By Job
	0  -  Run Bytes Received By Job
	0  -  Total Bytes Sent By Job
	0  -  Total Bytes Received By Job
	Partitionable Resources :      Usage  Request Allocated 
	   Cpus                 :       1.00        1         1 
	   Disk (KB)            : 2000000     2000000   6275465 
	   Memory (MB)          :    7999        1954      2007 
...
000 (019.164.000) 05/12 04:13:21 Job submitted from host: <127.0.0.1:9618?addrs=127.0.0.1-9618&noUDP&sock=227_4816_4>
...
001 (019.164.000) 05/12 05:20:21 Job executing on host: <127.0.0.1:9618?addrs=127.0.0.1-9618&noUDP&sock=227_4816_5>
...
006 (019.164.000) 05/12 05:20:27 Image size of job updated: 2000000
	30  -  MemoryUsage of job (MB)
	30096  -  ResidentSetSize of job (KB)
...
006 (019.164.000) 05/12 05:20:34 Image size of job updated: 2000000
	36  -  MemoryUsage of job (MB)
	36564  -  ResidentSetSize of job (KB)
...
006 (019.164.000) 05/12 05:20:56 Image size of job updated: 2000000
	114  -  MemoryUsage of job (MB)
	115764  -  ResidentSetSize of job (KB)
...
006 (019.164.000) 05/12 05:21:38 Image size of job updated: 2000000
	166  -  MemoryUsage of job (MB)
	169092  -  ResidentSetSize of job (KB)
...
006 (019.164.000) 05/12 05:21:43 Image size of job updated: 2000000
	210  -  MemoryUsage of job (MB)
	214368  -  ResidentSetSize of job (KB)
...
006 (019.164.000) 05/12 05:21:48 Image size of job updated: 2000000
	210  -  MemoryUsage of job (MB)
	214764  -  ResidentSetSize of job (KB)
...
006 (019.164.000) 05/12 05:21:53 Image size of job updated: 2000000
	213  -  MemoryUsage of job (MB)
	217140  -  ResidentSetSize of job (KB)
...
006 (019.164.000) 05/12 05:21:58 Image size of job updated: 2000000
	222  -  MemoryUsage of job (MB)
	227172  -  ResidentSetSize of job (KB)
...
006 (019.164.000) 05/12 05:22:14 Image size of job updated: 2000000
	232  -  MemoryUsage of job (MB)
	237072  -  ResidentSetSize of job (KB)
...
006 (019.164.000) 05/12 05:22:50 Image size of job updated: 2000000
	263  -  MemoryUsage of job (MB)
	268356  -  ResidentSetSize of job (KB)
...
006 (019.164.000) 05/12 05:23:27 Image size of job updated: 2000000
	348  -  MemoryUsage of job (MB)
	355872  -  ResidentSetSize of job (KB)
...
006 (019.164.000) 05/12 05:23:47 Image size of job updated: 2000000
	473  -  MemoryUsage of job (MB)
	484308  -  ResidentSetSize of job (KB)
...
006 (019.164.000) 05/12 05:24:01 Image size of job updated: 2000000
	1239  -  MemoryUsage of job (MB)
	1268652  -  ResidentSetSize of job (KB)
...
006 (019.164.000) 05/12 05:40:57 Image size of job updated: 2635504
	1862  -  MemoryUsage of job (MB)
	1905684  -  ResidentSetSize of job (KB)
...
006 (019.164.000) 05/12 05:41:13 Image size of job updated: 2812144
	2024  -  MemoryUsage of job (MB)
	2071608  -  ResidentSetSize of job (KB)
...
006 (019.164.000) 05/12 05:41:22 Image size of job updated: 2876656
	2093  -  MemoryUsage of job (MB)
	2142888  -  ResidentSetSize of job (KB)
...
006 (019.164.000) 05/12 05:41:28 Image size of job updated: 2996464
	2185  -  MemoryUsage of job (MB)
	2237268  -  ResidentSetSize of job (KB)
...
006 (019.164.000) 05/12 05:41:33 Image size of job updated: 3036400
	2255  -  MemoryUsage of job (MB)
	2309076  -  ResidentSetSize of job (KB)
...
006 (019.164.000) 05/12 05:41:40 Image size of job updated: 3036400
	2291  -  MemoryUsage of job (MB)
	2345904  -  ResidentSetSize of job (KB)
...
006 (019.164.000) 05/12 05:41:49 Image size of job updated: 3207408
	2400  -  MemoryUsage of job (MB)
	2457048  -  ResidentSetSize of job (KB)
...
006 (019.164.000) 05/12 05:41:56 Image size of job updated: 3289328
	2438  -  MemoryUsage of job (MB)
	2495988  -  ResidentSetSize of job (KB)
...
006 (019.164.000) 05/12 05:42:02 Image size of job updated: 3313904
	2503  -  MemoryUsage of job (MB)
	2562384  -  ResidentSetSize of job (KB)
...
006 (019.164.000) 05/12 05:42:08 Image size of job updated: 3361008
	2584  -  MemoryUsage of job (MB)
	2645808  -  ResidentSetSize of job (KB)
...
006 (019.164.000) 05/12 05:42:15 Image size of job updated: 3494128
	2639  -  MemoryUsage of job (MB)
	2701644  -  ResidentSetSize of job (KB)
...
006 (019.164.000) 05/12 05:42:20 Image size of job updated: 3500272
	2707  -  MemoryUsage of job (MB)
	2771208  -  ResidentSetSize of job (KB)
...
006 (019.164.000) 05/12 05:42:26 Image size of job updated: 3600624
	2789  -  MemoryUsage of job (MB)
	2855556  -  ResidentSetSize of job (KB)
...
006 (019.164.000) 05/12 05:42:32 Image size of job updated: 3692784
	2871  -  MemoryUsage of job (MB)
	2939640  -  ResidentSetSize of job (KB)
...
006 (019.164.000) 05/12 05:42:52 Image size of job updated: 3692784
	2878  -  MemoryUsage of job (MB)
	2946372  -  ResidentSetSize of job (KB)
...
006 (019.164.000) 05/12 05:43:28 Image size of job updated: 4051184
	3317  -  MemoryUsage of job (MB)
	3395964  -  ResidentSetSize of job (KB)
...
006 (019.164.000) 05/12 05:43:57 Image size of job updated: 4422896
	3535  -  MemoryUsage of job (MB)
	3619044  -  ResidentSetSize of job (KB)
...
006 (019.164.000) 05/12 05:44:19 Image size of job updated: 4502768
	3695  -  MemoryUsage of job (MB)
	3783252  -  ResidentSetSize of job (KB)
...
006 (019.164.000) 05/12 05:44:42 Image size of job updated: 4871408
	3951  -  MemoryUsage of job (MB)
	4045272  -  ResidentSetSize of job (KB)
...
006 (019.164.000) 05/12 05:44:58 Image size of job updated: 4982000
	4033  -  MemoryUsage of job (MB)
	4129752  -  ResidentSetSize of job (KB)
...
006 (019.164.000) 05/12 05:45:08 Image size of job updated: 4991216
	4167  -  MemoryUsage of job (MB)
	4266108  -  ResidentSetSize of job (KB)
...
006 (019.164.000) 05/12 05:45:26 Image size of job updated: 5144816
	4222  -  MemoryUsage of job (MB)
	4322736  -  ResidentSetSize of job (KB)
...
006 (019.164.000) 05/12 05:45:58 Image size of job updated: 5438704
	4584  -  MemoryUsage of job (MB)
	4693920  -  ResidentSetSize of job (KB)
...
006 (019.164.000) 05/12 05:46:23 Image size of job updated: 5746928
	4765  -  MemoryUsage of job (MB)
	4879116  -  ResidentSetSize of job (KB)
...
006 (019.164.000) 05/12 05:46:38 Image size of job updated: 5977328
	4932  -  MemoryUsage of job (MB)
	5049792  -  ResidentSetSize of job (KB)
...
006 (019.164.000) 05/12 05:46:48 Image size of job updated: 5977328
	5036  -  MemoryUsage of job (MB)
	5156448  -  ResidentSetSize of job (KB)
...
006 (019.164.000) 05/12 05:46:56 Image size of job updated: 5977328
	5061  -  MemoryUsage of job (MB)
	5182452  -  ResidentSetSize of job (KB)
...
006 (019.164.000) 05/12 05:47:02 Image size of job updated: 6126832
	5091  -  MemoryUsage of job (MB)
	5212416  -  ResidentSetSize of job (KB)
...
006 (019.164.000) 05/12 05:47:11 Image size of job updated: 6126832
	5098  -  MemoryUsage of job (MB)
	5220072  -  ResidentSetSize of job (KB)
...
006 (019.164.000) 05/12 05:47:18 Image size of job updated: 6269168
	5214  -  MemoryUsage of job (MB)
	5338344  -  ResidentSetSize of job (KB)
...
006 (019.164.000) 05/12 05:47:25 Image size of job updated: 6269168
	5254  -  MemoryUsage of job (MB)
	5379924  -  ResidentSetSize of job (KB)
...
006 (019.164.000) 05/12 05:47:45 Image size of job updated: 6269168
	5269  -  MemoryUsage of job (MB)
	5394576  -  ResidentSetSize of job (KB)
...
006 (019.164.000) 05/12 05:48:39 Image size of job updated: 6643952
	5566  -  MemoryUsage of job (MB)
	5698968  -  ResidentSetSize of job (KB)
...
006 (019.164.000) 05/12 05:49:10 Image size of job updated: 6834416
	5567  -  MemoryUsage of job (MB)
	5699628  -  ResidentSetSize of job (KB)
...
005 (019.164.000) 05/12 05:49:10 Job terminated.
	(0) Abnormal termination (signal 9)
	(0) No core file
		Usr 0 00:22:58, Sys 0 00:02:04  -  Run Remote Usage
		Usr 0 00:00:00, Sys 0 00:00:00  -  Run Local Usage
		Usr 0 00:22:58, Sys 0 00:02:04  -  Total Remote Usage
		Usr 0 00:00:00, Sys 0 00:00:00  -  Total Local Usage
	0  -  Run Bytes Sent By Job
	0  -  Run Bytes Received By Job
	0  -  Total Bytes Sent By Job
	0  -  Total Bytes Received By Job
	Partitionable Resources :      Usage  Request Allocated 
	   Cpus                 :       0.99        1         1 
	   Disk (KB)            : 2000000     2000000   6275465 
	   Memory (MB)          :    5567        1954      2007 
...
