000 (005.8630.000) 05/05 20:25:29 Job submitted from host: <127.0.0.1:9618?addrs=127.0.0.1-9618&noUDP&sock=227_4816_4>
...
033 (005.8630.000) 05/06 14:17:52 Changing job attribute JobPrio from 0 to -10
...
009 (005.8630.000) 05/07 21:45:12 Job was aborted by the user.
	via condor_rm (by user aw868)
...
000 (011.1579.000) 05/08 17:21:27 Job submitted from host: <127.0.0.1:9618?addrs=127.0.0.1-9618&noUDP&sock=212_fe2a_4>
...
033 (011.1579.000) 05/08 20:41:43 Changing job attribute JobPrio from 0 to -5
...
001 (011.1579.000) 05/09 04:52:29 Job executing on host: <127.0.0.1:9618?addrs=127.0.0.1-9618&noUDP&sock=212_fe2a_5>
...
006 (011.1579.000) 05/09 04:52:34 Image size of job updated: 2000000
	101  -  MemoryUsage of job (MB)
	102960  -  ResidentSetSize of job (KB)
...
006 (011.1579.000) 05/09 04:52:59 Image size of job updated: 2000000
	133  -  MemoryUsage of job (MB)
	135564  -  ResidentSetSize of job (KB)
...
006 (011.1579.000) 05/09 04:53:04 Image size of job updated: 2000000
	184  -  MemoryUsage of job (MB)
	187968  -  ResidentSetSize of job (KB)
...
006 (011.1579.000) 05/09 04:53:09 Image size of job updated: 2000000
	184  -  MemoryUsage of job (MB)
	188364  -  ResidentSetSize of job (KB)
...
006 (011.1579.000) 05/09 04:53:14 Image size of job updated: 2000000
	187  -  MemoryUsage of job (MB)
	190476  -  ResidentSetSize of job (KB)
...
006 (011.1579.000) 05/09 04:53:19 Image size of job updated: 2000000
	196  -  MemoryUsage of job (MB)
	199716  -  ResidentSetSize of job (KB)
...
006 (011.1579.000) 05/09 04:53:24 Image size of job updated: 2000000
	205  -  MemoryUsage of job (MB)
	209088  -  ResidentSetSize of job (KB)
...
006 (011.1579.000) 05/09 04:53:29 Image size of job updated: 2000000
	212  -  MemoryUsage of job (MB)
	217008  -  ResidentSetSize of job (KB)
...
006 (011.1579.000) 05/09 04:53:34 Image size of job updated: 2000000
	221  -  MemoryUsage of job (MB)
	226248  -  ResidentSetSize of job (KB)
...
006 (011.1579.000) 05/09 04:53:39 Image size of job updated: 2000000
	230  -  MemoryUsage of job (MB)
	235488  -  ResidentSetSize of job (KB)
...
006 (011.1579.000) 05/09 04:53:44 Image size of job updated: 2000000
	238  -  MemoryUsage of job (MB)
	243276  -  ResidentSetSize of job (KB)
...
006 (011.1579.000) 05/09 04:53:49 Image size of job updated: 2000000
	245  -  MemoryUsage of job (MB)
	250536  -  ResidentSetSize of job (KB)
...
006 (011.1579.000) 05/09 04:53:54 Image size of job updated: 2000000
	283  -  MemoryUsage of job (MB)
	289344  -  ResidentSetSize of job (KB)
...
006 (011.1579.000) 05/09 04:53:59 Image size of job updated: 2000000
	315  -  MemoryUsage of job (MB)
	321816  -  ResidentSetSize of job (KB)
...
006 (011.1579.000) 05/09 04:54:04 Image size of job updated: 2000000
	329  -  MemoryUsage of job (MB)
	336336  -  ResidentSetSize of job (KB)
...
006 (011.1579.000) 05/09 04:54:09 Image size of job updated: 2000000
	379  -  MemoryUsage of job (MB)
	387156  -  ResidentSetSize of job (KB)
...
006 (011.1579.000) 05/09 04:54:14 Image size of job updated: 2000000
	431  -  MemoryUsage of job (MB)
	441144  -  ResidentSetSize of job (KB)
...
006 (011.1579.000) 05/09 04:54:19 Image size of job updated: 2000000
	476  -  MemoryUsage of job (MB)
	486420  -  ResidentSetSize of job (KB)
...
006 (011.1579.000) 05/09 04:54:24 Image size of job updated: 2000000
	1169  -  MemoryUsage of job (MB)
	1196448  -  ResidentSetSize of job (KB)
...
006 (011.1579.000) 05/09 05:09:16 Image size of job updated: 2159500
	1500  -  MemoryUsage of job (MB)
	1535160  -  ResidentSetSize of job (KB)
...
006 (011.1579.000) 05/09 05:09:22 Image size of job updated: 2193292
	1655  -  MemoryUsage of job (MB)
	1694088  -  ResidentSetSize of job (KB)
...
006 (011.1579.000) 05/09 05:09:28 Image size of job updated: 2323692
	1872  -  MemoryUsage of job (MB)
	1915980  -  ResidentSetSize of job (KB)
...
006 (011.1579.000) 05/09 05:09:34 Image size of job updated: 2566124
	1880  -  MemoryUsage of job (MB)
	1924296  -  ResidentSetSize of job (KB)
...
006 (011.1579.000) 05/09 05:09:40 Image size of job updated: 2583532
	1907  -  MemoryUsage of job (MB)
	1952544  -  ResidentSetSize of job (KB)
...
006 (011.1579.000) 05/09 05:09:46 Image size of job updated: 2608108
	1927  -  MemoryUsage of job (MB)
	1973136  -  ResidentSetSize of job (KB)
...
006 (011.1579.000) 05/09 05:09:52 Image size of job updated: 2625516
	1937  -  MemoryUsage of job (MB)
	1983432  -  ResidentSetSize of job (KB)
...
006 (011.1579.000) 05/09 05:09:58 Image size of job updated: 2630636
	1949  -  MemoryUsage of job (MB)
	1995312  -  ResidentSetSize of job (KB)
...
006 (011.1579.000) 05/09 05:10:04 Image size of job updated: 2653164
	1962  -  MemoryUsage of job (MB)
	2009040  -  ResidentSetSize of job (KB)
...
006 (011.1579.000) 05/09 05:10:10 Image size of job updated: 2670572
	1979  -  MemoryUsage of job (MB)
	2025672  -  ResidentSetSize of job (KB)
...
006 (011.1579.000) 05/09 05:10:16 Image size of job updated: 2674668
	1993  -  MemoryUsage of job (MB)
	2039928  -  ResidentSetSize of job (KB)
...
006 (011.1579.000) 05/09 05:10:22 Image size of job updated: 2692076
	2006  -  MemoryUsage of job (MB)
	2053524  -  ResidentSetSize of job (KB)
...
006 (011.1579.000) 05/09 05:10:29 Image size of job updated: 2692076
	2019  -  MemoryUsage of job (MB)
	2066856  -  ResidentSetSize of job (KB)
...
006 (011.1579.000) 05/09 05:10:34 Image size of job updated: 2692076
	2031  -  MemoryUsage of job (MB)
	2079000  -  ResidentSetSize of job (KB)
...
006 (011.1579.000) 05/09 05:10:39 Image size of job updated: 2729964
	2042  -  MemoryUsage of job (MB)
	2090748  -  ResidentSetSize of job (KB)
...
006 (011.1579.000) 05/09 05:10:44 Image size of job updated: 2745324
	2055  -  MemoryUsage of job (MB)
	2103420  -  ResidentSetSize of job (KB)
...
006 (011.1579.000) 05/09 05:10:49 Image size of job updated: 2752492
	2068  -  MemoryUsage of job (MB)
	2116884  -  ResidentSetSize of job (KB)
...
006 (011.1579.000) 05/09 05:10:54 Image size of job updated: 2771948
	2079  -  MemoryUsage of job (MB)
	2127972  -  ResidentSetSize of job (KB)
...
006 (011.1579.000) 05/09 05:10:59 Image size of job updated: 2773996
	2091  -  MemoryUsage of job (MB)
	2140512  -  ResidentSetSize of job (KB)
...
006 (011.1579.000) 05/09 05:11:04 Image size of job updated: 2792428
	2102  -  MemoryUsage of job (MB)
	2151732  -  ResidentSetSize of job (KB)
...
006 (011.1579.000) 05/09 05:11:09 Image size of job updated: 2808812
	2115  -  MemoryUsage of job (MB)
	2164932  -  ResidentSetSize of job (KB)
...
006 (011.1579.000) 05/09 05:11:14 Image size of job updated: 2809836
	2126  -  MemoryUsage of job (MB)
	2176548  -  ResidentSetSize of job (KB)
...
006 (011.1579.000) 05/09 05:11:19 Image size of job updated: 2831340
	2140  -  MemoryUsage of job (MB)
	2191332  -  ResidentSetSize of job (KB)
...
006 (011.1579.000) 05/09 05:11:24 Image size of job updated: 2847724
	2152  -  MemoryUsage of job (MB)
	2203476  -  ResidentSetSize of job (KB)
...
006 (011.1579.000) 05/09 05:11:29 Image size of job updated: 2856940
	2165  -  MemoryUsage of job (MB)
	2216808  -  ResidentSetSize of job (KB)
...
006 (011.1579.000) 05/09 05:11:34 Image size of job updated: 2864108
	2177  -  MemoryUsage of job (MB)
	2229084  -  ResidentSetSize of job (KB)
...
006 (011.1579.000) 05/09 05:11:39 Image size of job updated: 2887660
	2191  -  MemoryUsage of job (MB)
	2243472  -  ResidentSetSize of job (KB)
...
006 (011.1579.000) 05/09 05:11:44 Image size of job updated: 2887660
	2202  -  MemoryUsage of job (MB)
	2254824  -  ResidentSetSize of job (KB)
...
006 (011.1579.000) 05/09 05:11:49 Image size of job updated: 2887660
	2213  -  MemoryUsage of job (MB)
	2265912  -  ResidentSetSize of job (KB)
...
006 (011.1579.000) 05/09 05:11:54 Image size of job updated: 2925548
	2229  -  MemoryUsage of job (MB)
	2281620  -  ResidentSetSize of job (KB)
...
006 (011.1579.000) 05/09 05:11:59 Image size of job updated: 2935788
	2241  -  MemoryUsage of job (MB)
	2294028  -  ResidentSetSize of job (KB)
...
006 (011.1579.000) 05/09 05:12:04 Image size of job updated: 2935788
	2254  -  MemoryUsage of job (MB)
	2307624  -  ResidentSetSize of job (KB)
...
006 (011.1579.000) 05/09 05:12:09 Image size of job updated: 2957292
	2267  -  MemoryUsage of job (MB)
	2321352  -  ResidentSetSize of job (KB)
...
006 (011.1579.000) 05/09 05:12:14 Image size of job updated: 2967532
	2276  -  MemoryUsage of job (MB)
	2330064  -  ResidentSetSize of job (KB)
...
006 (011.1579.000) 05/09 05:12:19 Image size of job updated: 2967532
	2288  -  MemoryUsage of job (MB)
	2342868  -  ResidentSetSize of job (KB)
...
006 (011.1579.000) 05/09 05:12:24 Image size of job updated: 3000300
	2302  -  MemoryUsage of job (MB)
	2356464  -  ResidentSetSize of job (KB)
...
006 (011.1579.000) 05/09 05:12:29 Image size of job updated: 3013612
	2314  -  MemoryUsage of job (MB)
	2369400  -  ResidentSetSize of job (KB)
...
006 (011.1579.000) 05/09 05:12:34 Image size of job updated: 3019756
	2329  -  MemoryUsage of job (MB)
	2384844  -  ResidentSetSize of job (KB)
...
006 (011.1579.000) 05/09 05:12:39 Image size of job updated: 3019756
	2344  -  MemoryUsage of job (MB)
	2399364  -  ResidentSetSize of job (KB)
...
006 (011.1579.000) 05/09 05:12:44 Image size of job updated: 3046380
	2359  -  MemoryUsage of job (MB)
	2415072  -  ResidentSetSize of job (KB)
...
006 (011.1579.000) 05/09 05:12:49 Image size of job updated: 3046380
	2378  -  MemoryUsage of job (MB)
	2434344  -  ResidentSetSize of job (KB)
...
006 (011.1579.000) 05/09 05:12:54 Image size of job updated: 3046380
	2397  -  MemoryUsage of job (MB)
	2453616  -  ResidentSetSize of job (KB)
...
006 (011.1579.000) 05/09 05:12:59 Image size of job updated: 3113964
	2413  -  MemoryUsage of job (MB)
	2470116  -  ResidentSetSize of job (KB)
...
006 (011.1579.000) 05/09 05:13:04 Image size of job updated: 3124204
	2432  -  MemoryUsage of job (MB)
	2489916  -  ResidentSetSize of job (KB)
...
006 (011.1579.000) 05/09 05:13:09 Image size of job updated: 3124204
	2451  -  MemoryUsage of job (MB)
	2508924  -  ResidentSetSize of job (KB)
...
006 (011.1579.000) 05/09 05:13:14 Image size of job updated: 3162092
	2469  -  MemoryUsage of job (MB)
	2527668  -  ResidentSetSize of job (KB)
...
006 (011.1579.000) 05/09 05:13:19 Image size of job updated: 3186668
	2484  -  MemoryUsage of job (MB)
	2542980  -  ResidentSetSize of job (KB)
...
006 (011.1579.000) 05/09 05:13:24 Image size of job updated: 3195884
	2499  -  MemoryUsage of job (MB)
	2558820  -  ResidentSetSize of job (KB)
...
006 (011.1579.000) 05/09 05:13:29 Image size of job updated: 3209196
	2511  -  MemoryUsage of job (MB)
	2571096  -  ResidentSetSize of job (KB)
...
006 (011.1579.000) 05/09 05:13:34 Image size of job updated: 3209196
	2528  -  MemoryUsage of job (MB)
	2587860  -  ResidentSetSize of job (KB)
...
006 (011.1579.000) 05/09 05:13:39 Image size of job updated: 3240940
	2543  -  MemoryUsage of job (MB)
	2603964  -  ResidentSetSize of job (KB)
...
006 (011.1579.000) 05/09 05:13:44 Image size of job updated: 3259372
	2561  -  MemoryUsage of job (MB)
	2622180  -  ResidentSetSize of job (KB)
...
006 (011.1579.000) 05/09 05:13:49 Image size of job updated: 3259372
	2577  -  MemoryUsage of job (MB)
	2638020  -  ResidentSetSize of job (KB)
...
006 (011.1579.000) 05/09 05:13:54 Image size of job updated: 3285996
	2595  -  MemoryUsage of job (MB)
	2657160  -  ResidentSetSize of job (KB)
...
006 (011.1579.000) 05/09 05:13:59 Image size of job updated: 3315692
	2618  -  MemoryUsage of job (MB)
	2680392  -  ResidentSetSize of job (KB)
...
006 (011.1579.000) 05/09 05:14:04 Image size of job updated: 3315692
	2639  -  MemoryUsage of job (MB)
	2701908  -  ResidentSetSize of job (KB)
...
006 (011.1579.000) 05/09 05:14:09 Image size of job updated: 3315692
	2656  -  MemoryUsage of job (MB)
	2719464  -  ResidentSetSize of job (KB)
...
006 (011.1579.000) 05/09 05:14:14 Image size of job updated: 3370988
	2676  -  MemoryUsage of job (MB)
	2739660  -  ResidentSetSize of job (KB)
...
006 (011.1579.000) 05/09 05:14:19 Image size of job updated: 3370988
	2698  -  MemoryUsage of job (MB)
	2761968  -  ResidentSetSize of job (KB)
...
006 (011.1579.000) 05/09 05:14:24 Image size of job updated: 3423212
	2719  -  MemoryUsage of job (MB)
	2783748  -  ResidentSetSize of job (KB)
...
006 (011.1579.000) 05/09 05:14:29 Image size of job updated: 3444716
	2740  -  MemoryUsage of job (MB)
	2805396  -  ResidentSetSize of job (KB)
...
006 (011.1579.000) 05/09 05:14:34 Image size of job updated: 3444716
	2763  -  MemoryUsage of job (MB)
	2828628  -  ResidentSetSize of job (KB)
...
006 (011.1579.000) 05/09 05:14:39 Image size of job updated: 3444716
	2785  -  MemoryUsage of job (MB)
	2851728  -  ResidentSetSize of job (KB)
...
006 (011.1579.000) 05/09 05:14:44 Image size of job updated: 3503084
	2806  -  MemoryUsage of job (MB)
	2872980  -  ResidentSetSize of job (KB)
...
006 (011.1579.000) 05/09 05:14:49 Image size of job updated: 3503084
	2828  -  MemoryUsage of job (MB)
	2895552  -  ResidentSetSize of job (KB)
...
006 (011.1579.000) 05/09 05:14:54 Image size of job updated: 3503084
	2848  -  MemoryUsage of job (MB)
	2916144  -  ResidentSetSize of job (KB)
...
006 (011.1579.000) 05/09 05:14:59 Image size of job updated: 3575788
	2870  -  MemoryUsage of job (MB)
	2937924  -  ResidentSetSize of job (KB)
...
006 (011.1579.000) 05/09 05:15:04 Image size of job updated: 3575788
	2890  -  MemoryUsage of job (MB)
	2959176  -  ResidentSetSize of job (KB)
...
006 (011.1579.000) 05/09 05:15:09 Image size of job updated: 3575788
	2915  -  MemoryUsage of job (MB)
	2984652  -  ResidentSetSize of job (KB)
...
006 (011.1579.000) 05/09 05:15:14 Image size of job updated: 3640300
	2936  -  MemoryUsage of job (MB)
	3006168  -  ResidentSetSize of job (KB)
...
006 (011.1579.000) 05/09 05:15:19 Image size of job updated: 3640300
	3143  -  MemoryUsage of job (MB)
	3218424  -  ResidentSetSize of job (KB)
...
005 (011.1579.000) 05/09 05:15:23 Job terminated.
	(1) Normal termination (return value 0)
		Usr 0 00:22:11, Sys 0 00:00:04  -  Run Remote Usage
		Usr 0 00:00:00, Sys 0 00:00:00  -  Run Local Usage
		Usr 0 00:22:11, Sys 0 00:00:04  -  Total Remote Usage
		Usr 0 00:00:00, Sys 0 00:00:00  -  Total Local Usage
	0  -  Run Bytes Sent By Job
	0  -  Run Bytes Received By Job
	0  -  Total Bytes Sent By Job
	0  -  Total Bytes Received By Job
	Partitionable Resources :      Usage  Request Allocated 
	   Cpus                 :       1.00        1         1 
	   Disk (KB)            : 2000000     2000000   6232219 
	   Memory (MB)          :    3143        1954      2007 
...
