000 (205.9804.000) 05/06 03:22:26 Job submitted from host: <127.0.0.1:9618?addrs=127.0.0.1-9618&noUDP&sock=222_da1d_4>
...
033 (205.9804.000) 05/06 14:24:26 Changing job attribute JobPrio from 0 to -5
...
000 (007.9804.000) 05/07 19:01:13 Job submitted from host: <127.0.0.1:9618?addrs=127.0.0.1-9618&noUDP&sock=215_0cf3_4>
...
000 (016.9804.000) 05/08 15:58:16 Job submitted from host: <127.0.0.1:9618?addrs=127.0.0.1-9618&noUDP&sock=227_4816_4>
...
009 (016.9804.000) 05/09 16:56:38 Job was aborted by the user.
	via condor_rm (by user aw868)
...
000 (014.2643.000) 05/09 17:31:25 Job submitted from host: <127.0.0.1:9618?addrs=127.0.0.1-9618&noUDP&sock=212_fe2a_4>
...
033 (014.2643.000) 05/09 17:33:28 Changing job attribute JobPrio from 0 to -10
...
033 (014.2643.000) 05/09 21:35:53 Changing job attribute JobPrio from -10 to -15
...
001 (014.2643.000) 05/10 22:36:49 Job executing on host: <127.0.0.1:9618?addrs=127.0.0.1-9618&noUDP&sock=212_fe2a_5>
...
006 (014.2643.000) 05/10 22:36:55 Image size of job updated: 2000000
	114  -  MemoryUsage of job (MB)
	116688  -  ResidentSetSize of job (KB)
...
006 (014.2643.000) 05/10 22:37:19 Image size of job updated: 2000000
	130  -  MemoryUsage of job (MB)
	132396  -  ResidentSetSize of job (KB)
...
006 (014.2643.000) 05/10 22:37:25 Image size of job updated: 2000000
	211  -  MemoryUsage of job (MB)
	215160  -  ResidentSetSize of job (KB)
...
006 (014.2643.000) 05/10 22:37:31 Image size of job updated: 2000000
	211  -  MemoryUsage of job (MB)
	215556  -  ResidentSetSize of job (KB)
...
006 (014.2643.000) 05/10 22:37:37 Image size of job updated: 2000000
	219  -  MemoryUsage of job (MB)
	224136  -  ResidentSetSize of job (KB)
...
006 (014.2643.000) 05/10 22:37:43 Image size of job updated: 2000000
	224  -  MemoryUsage of job (MB)
	229020  -  ResidentSetSize of job (KB)
...
006 (014.2643.000) 05/10 22:37:49 Image size of job updated: 2000000
	236  -  MemoryUsage of job (MB)
	240768  -  ResidentSetSize of job (KB)
...
006 (014.2643.000) 05/10 22:37:55 Image size of job updated: 2000000
	247  -  MemoryUsage of job (MB)
	252912  -  ResidentSetSize of job (KB)
...
006 (014.2643.000) 05/10 22:38:01 Image size of job updated: 2000000
	265  -  MemoryUsage of job (MB)
	270732  -  ResidentSetSize of job (KB)
...
006 (014.2643.000) 05/10 22:38:07 Image size of job updated: 2000000
	269  -  MemoryUsage of job (MB)
	274560  -  ResidentSetSize of job (KB)
...
006 (014.2643.000) 05/10 22:38:16 Image size of job updated: 2000000
	269  -  MemoryUsage of job (MB)
	275352  -  ResidentSetSize of job (KB)
...
006 (014.2643.000) 05/10 22:38:21 Image size of job updated: 2000000
	299  -  MemoryUsage of job (MB)
	305316  -  ResidentSetSize of job (KB)
...
006 (014.2643.000) 05/10 22:38:26 Image size of job updated: 2000000
	343  -  MemoryUsage of job (MB)
	350460  -  ResidentSetSize of job (KB)
...
006 (014.2643.000) 05/10 22:38:31 Image size of job updated: 2000000
	374  -  MemoryUsage of job (MB)
	382932  -  ResidentSetSize of job (KB)
...
006 (014.2643.000) 05/10 22:38:36 Image size of job updated: 2000000
	377  -  MemoryUsage of job (MB)
	385836  -  ResidentSetSize of job (KB)
...
006 (014.2643.000) 05/10 22:38:41 Image size of job updated: 2000000
	450  -  MemoryUsage of job (MB)
	460284  -  ResidentSetSize of job (KB)
...
006 (014.2643.000) 05/10 22:38:46 Image size of job updated: 2000000
	507  -  MemoryUsage of job (MB)
	518760  -  ResidentSetSize of job (KB)
...
006 (014.2643.000) 05/10 22:38:51 Image size of job updated: 2000000
	1241  -  MemoryUsage of job (MB)
	1270236  -  ResidentSetSize of job (KB)
...
006 (014.2643.000) 05/10 22:55:09 Image size of job updated: 2000000
	1605  -  MemoryUsage of job (MB)
	1642740  -  ResidentSetSize of job (KB)
...
006 (014.2643.000) 05/10 22:55:15 Image size of job updated: 2454224
	1761  -  MemoryUsage of job (MB)
	1802988  -  ResidentSetSize of job (KB)
...
006 (014.2643.000) 05/10 22:55:21 Image size of job updated: 2704112
	1957  -  MemoryUsage of job (MB)
	2003232  -  ResidentSetSize of job (KB)
...
006 (014.2643.000) 05/10 22:55:27 Image size of job updated: 2704112
	1969  -  MemoryUsage of job (MB)
	2015640  -  ResidentSetSize of job (KB)
...
006 (014.2643.000) 05/10 22:55:33 Image size of job updated: 2704112
	2029  -  MemoryUsage of job (MB)
	2076888  -  ResidentSetSize of job (KB)
...
006 (014.2643.000) 05/10 22:55:39 Image size of job updated: 2737392
	2131  -  MemoryUsage of job (MB)
	2181828  -  ResidentSetSize of job (KB)
...
006 (014.2643.000) 05/10 22:55:45 Image size of job updated: 2879728
	2203  -  MemoryUsage of job (MB)
	2255616  -  ResidentSetSize of job (KB)
...
006 (014.2643.000) 05/10 22:55:51 Image size of job updated: 2938096
	2253  -  MemoryUsage of job (MB)
	2306964  -  ResidentSetSize of job (KB)
...
006 (014.2643.000) 05/10 22:55:57 Image size of job updated: 2938096
	2296  -  MemoryUsage of job (MB)
	2350524  -  ResidentSetSize of job (KB)
...
006 (014.2643.000) 05/10 22:56:03 Image size of job updated: 3001584
	2346  -  MemoryUsage of job (MB)
	2401476  -  ResidentSetSize of job (KB)
...
006 (014.2643.000) 05/10 22:56:09 Image size of job updated: 3001584
	2384  -  MemoryUsage of job (MB)
	2441208  -  ResidentSetSize of job (KB)
...
006 (014.2643.000) 05/10 22:56:15 Image size of job updated: 3111152
	2422  -  MemoryUsage of job (MB)
	2479752  -  ResidentSetSize of job (KB)
...
006 (014.2643.000) 05/10 22:56:21 Image size of job updated: 3111152
	2460  -  MemoryUsage of job (MB)
	2518560  -  ResidentSetSize of job (KB)
...
006 (014.2643.000) 05/10 22:56:27 Image size of job updated: 3111152
	2496  -  MemoryUsage of job (MB)
	2555784  -  ResidentSetSize of job (KB)
...
006 (014.2643.000) 05/10 22:56:33 Image size of job updated: 3212528
	2532  -  MemoryUsage of job (MB)
	2592480  -  ResidentSetSize of job (KB)
...
006 (014.2643.000) 05/10 22:56:39 Image size of job updated: 3212528
	2568  -  MemoryUsage of job (MB)
	2629308  -  ResidentSetSize of job (KB)
...
006 (014.2643.000) 05/10 22:56:45 Image size of job updated: 3303664
	2604  -  MemoryUsage of job (MB)
	2665608  -  ResidentSetSize of job (KB)
...
006 (014.2643.000) 05/10 22:56:51 Image size of job updated: 3335408
	2640  -  MemoryUsage of job (MB)
	2703360  -  ResidentSetSize of job (KB)
...
006 (014.2643.000) 05/10 22:56:57 Image size of job updated: 3371248
	2676  -  MemoryUsage of job (MB)
	2739924  -  ResidentSetSize of job (KB)
...
006 (014.2643.000) 05/10 22:57:03 Image size of job updated: 3393776
	2713  -  MemoryUsage of job (MB)
	2777808  -  ResidentSetSize of job (KB)
...
006 (014.2643.000) 05/10 22:57:09 Image size of job updated: 3393776
	2752  -  MemoryUsage of job (MB)
	2817804  -  ResidentSetSize of job (KB)
...
006 (014.2643.000) 05/10 22:57:15 Image size of job updated: 3491056
	2787  -  MemoryUsage of job (MB)
	2853312  -  ResidentSetSize of job (KB)
...
006 (014.2643.000) 05/10 22:57:21 Image size of job updated: 3491056
	2813  -  MemoryUsage of job (MB)
	2879976  -  ResidentSetSize of job (KB)
...
006 (014.2643.000) 05/10 22:57:27 Image size of job updated: 3491056
	2816  -  MemoryUsage of job (MB)
	2883276  -  ResidentSetSize of job (KB)
...
006 (014.2643.000) 05/10 22:57:33 Image size of job updated: 3579120
	2849  -  MemoryUsage of job (MB)
	2916408  -  ResidentSetSize of job (KB)
...
006 (014.2643.000) 05/10 22:57:39 Image size of job updated: 3602672
	2883  -  MemoryUsage of job (MB)
	2951784  -  ResidentSetSize of job (KB)
...
006 (014.2643.000) 05/10 22:57:45 Image size of job updated: 3602672
	2917  -  MemoryUsage of job (MB)
	2986896  -  ResidentSetSize of job (KB)
...
006 (014.2643.000) 05/10 22:57:51 Image size of job updated: 3655920
	2952  -  MemoryUsage of job (MB)
	3022404  -  ResidentSetSize of job (KB)
...
006 (014.2643.000) 05/10 22:57:57 Image size of job updated: 3655920
	2987  -  MemoryUsage of job (MB)
	3058308  -  ResidentSetSize of job (KB)
...
006 (014.2643.000) 05/10 22:58:03 Image size of job updated: 3757296
	3022  -  MemoryUsage of job (MB)
	3094476  -  ResidentSetSize of job (KB)
...
006 (014.2643.000) 05/10 22:58:09 Image size of job updated: 3757296
	3059  -  MemoryUsage of job (MB)
	3131700  -  ResidentSetSize of job (KB)
...
006 (014.2643.000) 05/10 22:58:15 Image size of job updated: 3757296
	3095  -  MemoryUsage of job (MB)
	3169056  -  ResidentSetSize of job (KB)
...
006 (014.2643.000) 05/10 22:58:22 Image size of job updated: 3757296
	3127  -  MemoryUsage of job (MB)
	3201528  -  ResidentSetSize of job (KB)
...
006 (014.2643.000) 05/10 22:58:27 Image size of job updated: 3884272
	3155  -  MemoryUsage of job (MB)
	3230172  -  ResidentSetSize of job (KB)
...
006 (014.2643.000) 05/10 22:58:33 Image size of job updated: 3905776
	3192  -  MemoryUsage of job (MB)
	3267924  -  ResidentSetSize of job (KB)
...
006 (014.2643.000) 05/10 22:58:39 Image size of job updated: 3905776
	3235  -  MemoryUsage of job (MB)
	3312144  -  ResidentSetSize of job (KB)
...
006 (014.2643.000) 05/10 22:58:45 Image size of job updated: 3989744
	3271  -  MemoryUsage of job (MB)
	3348708  -  ResidentSetSize of job (KB)
...
006 (014.2643.000) 05/10 22:58:51 Image size of job updated: 3989744
	3307  -  MemoryUsage of job (MB)
	3385668  -  ResidentSetSize of job (KB)
...
006 (014.2643.000) 05/10 22:58:57 Image size of job updated: 4084976
	3342  -  MemoryUsage of job (MB)
	3421704  -  ResidentSetSize of job (KB)
...
006 (014.2643.000) 05/10 22:59:03 Image size of job updated: 4108528
	3377  -  MemoryUsage of job (MB)
	3457080  -  ResidentSetSize of job (KB)
...
006 (014.2643.000) 05/10 22:59:09 Image size of job updated: 4131056
	3412  -  MemoryUsage of job (MB)
	3493248  -  ResidentSetSize of job (KB)
...
006 (014.2643.000) 05/10 22:59:15 Image size of job updated: 4170992
	3448  -  MemoryUsage of job (MB)
	3530076  -  ResidentSetSize of job (KB)
...
006 (014.2643.000) 05/10 22:59:21 Image size of job updated: 4170992
	3483  -  MemoryUsage of job (MB)
	3566508  -  ResidentSetSize of job (KB)
...
006 (014.2643.000) 05/10 22:59:27 Image size of job updated: 4262128
	3519  -  MemoryUsage of job (MB)
	3603072  -  ResidentSetSize of job (KB)
...
006 (014.2643.000) 05/10 22:59:33 Image size of job updated: 4262128
	3555  -  MemoryUsage of job (MB)
	3640032  -  ResidentSetSize of job (KB)
...
006 (014.2643.000) 05/10 22:59:39 Image size of job updated: 4262128
	3591  -  MemoryUsage of job (MB)
	3676860  -  ResidentSetSize of job (KB)
...
006 (014.2643.000) 05/10 22:59:45 Image size of job updated: 4357360
	3638  -  MemoryUsage of job (MB)
	3724512  -  ResidentSetSize of job (KB)
...
006 (014.2643.000) 05/10 22:59:51 Image size of job updated: 4404464
	3674  -  MemoryUsage of job (MB)
	3761340  -  ResidentSetSize of job (KB)
...
006 (014.2643.000) 05/10 22:59:57 Image size of job updated: 4458736
	3712  -  MemoryUsage of job (MB)
	3800148  -  ResidentSetSize of job (KB)
...
006 (014.2643.000) 05/10 23:00:03 Image size of job updated: 4458736
	3742  -  MemoryUsage of job (MB)
	3831432  -  ResidentSetSize of job (KB)
...
006 (014.2643.000) 05/10 23:00:08 Image size of job updated: 4458736
	3777  -  MemoryUsage of job (MB)
	3867072  -  ResidentSetSize of job (KB)
...
006 (014.2643.000) 05/10 23:00:13 Image size of job updated: 4458736
	3808  -  MemoryUsage of job (MB)
	3899280  -  ResidentSetSize of job (KB)
...
006 (014.2643.000) 05/10 23:00:18 Image size of job updated: 4569328
	3837  -  MemoryUsage of job (MB)
	3928320  -  ResidentSetSize of job (KB)
...
006 (014.2643.000) 05/10 23:00:23 Image size of job updated: 4569328
	3865  -  MemoryUsage of job (MB)
	3957096  -  ResidentSetSize of job (KB)
...
006 (014.2643.000) 05/10 23:00:28 Image size of job updated: 4569328
	3889  -  MemoryUsage of job (MB)
	3982308  -  ResidentSetSize of job (KB)
...
006 (014.2643.000) 05/10 23:00:33 Image size of job updated: 4673776
	3925  -  MemoryUsage of job (MB)
	4018344  -  ResidentSetSize of job (KB)
...
006 (014.2643.000) 05/10 23:00:38 Image size of job updated: 4705520
	3957  -  MemoryUsage of job (MB)
	4051740  -  ResidentSetSize of job (KB)
...
006 (014.2643.000) 05/10 23:00:43 Image size of job updated: 4705520
	3990  -  MemoryUsage of job (MB)
	4084740  -  ResidentSetSize of job (KB)
...
006 (014.2643.000) 05/10 23:00:48 Image size of job updated: 4774128
	4021  -  MemoryUsage of job (MB)
	4117212  -  ResidentSetSize of job (KB)
...
006 (014.2643.000) 05/10 23:00:53 Image size of job updated: 4812016
	4059  -  MemoryUsage of job (MB)
	4155756  -  ResidentSetSize of job (KB)
...
006 (014.2643.000) 05/10 23:00:58 Image size of job updated: 4849904
	4095  -  MemoryUsage of job (MB)
	4192980  -  ResidentSetSize of job (KB)
...
006 (014.2643.000) 05/10 23:01:03 Image size of job updated: 4873456
	4125  -  MemoryUsage of job (MB)
	4224000  -  ResidentSetSize of job (KB)
...
006 (014.2643.000) 05/10 23:01:08 Image size of job updated: 4873456
	4165  -  MemoryUsage of job (MB)
	4264128  -  ResidentSetSize of job (KB)
...
006 (014.2643.000) 05/10 23:01:13 Image size of job updated: 4873456
	4199  -  MemoryUsage of job (MB)
	4299504  -  ResidentSetSize of job (KB)
...
006 (014.2643.000) 05/10 23:01:18 Image size of job updated: 4994288
	4235  -  MemoryUsage of job (MB)
	4335672  -  ResidentSetSize of job (KB)
...
006 (014.2643.000) 05/10 23:01:23 Image size of job updated: 5032176
	4275  -  MemoryUsage of job (MB)
	4376988  -  ResidentSetSize of job (KB)
...
006 (014.2643.000) 05/10 23:01:28 Image size of job updated: 5032176
	4307  -  MemoryUsage of job (MB)
	4409988  -  ResidentSetSize of job (KB)
...
006 (014.2643.000) 05/10 23:01:33 Image size of job updated: 5107952
	4339  -  MemoryUsage of job (MB)
	4442328  -  ResidentSetSize of job (KB)
...
006 (014.2643.000) 05/10 23:01:38 Image size of job updated: 5107952
	4370  -  MemoryUsage of job (MB)
	4474404  -  ResidentSetSize of job (KB)
...
006 (014.2643.000) 05/10 23:01:43 Image size of job updated: 5172464
	4401  -  MemoryUsage of job (MB)
	4505820  -  ResidentSetSize of job (KB)
...
006 (014.2643.000) 05/10 23:01:48 Image size of job updated: 5192944
	4431  -  MemoryUsage of job (MB)
	4536840  -  ResidentSetSize of job (KB)
...
006 (014.2643.000) 05/10 23:01:53 Image size of job updated: 5192944
	4461  -  MemoryUsage of job (MB)
	4567860  -  ResidentSetSize of job (KB)
...
006 (014.2643.000) 05/10 23:01:58 Image size of job updated: 5192944
	4519  -  MemoryUsage of job (MB)
	4626468  -  ResidentSetSize of job (KB)
...
006 (014.2643.000) 05/10 23:02:03 Image size of job updated: 5484784
	4714  -  MemoryUsage of job (MB)
	4826580  -  ResidentSetSize of job (KB)
...
005 (014.2643.000) 05/10 23:02:08 Job terminated.
	(1) Normal termination (return value 0)
		Usr 0 00:24:22, Sys 0 00:00:10  -  Run Remote Usage
		Usr 0 00:00:00, Sys 0 00:00:00  -  Run Local Usage
		Usr 0 00:24:22, Sys 0 00:00:10  -  Total Remote Usage
		Usr 0 00:00:00, Sys 0 00:00:00  -  Total Local Usage
	0  -  Run Bytes Sent By Job
	0  -  Run Bytes Received By Job
	0  -  Total Bytes Sent By Job
	0  -  Total Bytes Received By Job
	Partitionable Resources :      Usage  Request Allocated 
	   Cpus                 :       0.91        1         1 
	   Disk (KB)            : 2000000     2000000   6232219 
	   Memory (MB)          :    4714        1954      2007 
...
