000 (205.9023.000) 05/06 03:22:03 Job submitted from host: <127.0.0.1:9618?addrs=127.0.0.1-9618&noUDP&sock=222_da1d_4>
...
033 (205.9023.000) 05/06 14:24:15 Changing job attribute JobPrio from 0 to -5
...
000 (007.9023.000) 05/07 19:01:04 Job submitted from host: <127.0.0.1:9618?addrs=127.0.0.1-9618&noUDP&sock=215_0cf3_4>
...
000 (016.9023.000) 05/08 15:58:08 Job submitted from host: <127.0.0.1:9618?addrs=127.0.0.1-9618&noUDP&sock=227_4816_4>
...
009 (016.9023.000) 05/09 16:56:19 Job was aborted by the user.
	via condor_rm (by user aw868)
...
000 (014.1862.000) 05/09 17:30:48 Job submitted from host: <127.0.0.1:9618?addrs=127.0.0.1-9618&noUDP&sock=212_fe2a_4>
...
033 (014.1862.000) 05/09 17:34:44 Changing job attribute JobPrio from 0 to -10
...
033 (014.1862.000) 05/09 21:36:31 Changing job attribute JobPrio from -10 to -15
...
001 (014.1862.000) 05/10 16:59:59 Job executing on host: <127.0.0.1:9618?addrs=127.0.0.1-9618&noUDP&sock=212_fe2a_5>
...
006 (014.1862.000) 05/10 17:00:05 Image size of job updated: 2000000
	115  -  MemoryUsage of job (MB)
	116952  -  ResidentSetSize of job (KB)
...
006 (014.1862.000) 05/10 17:00:35 Image size of job updated: 2000000
	141  -  MemoryUsage of job (MB)
	144276  -  ResidentSetSize of job (KB)
...
006 (014.1862.000) 05/10 17:00:41 Image size of job updated: 2000000
	209  -  MemoryUsage of job (MB)
	213708  -  ResidentSetSize of job (KB)
...
006 (014.1862.000) 05/10 17:00:47 Image size of job updated: 2000000
	209  -  MemoryUsage of job (MB)
	213972  -  ResidentSetSize of job (KB)
...
006 (014.1862.000) 05/10 17:00:53 Image size of job updated: 2000000
	218  -  MemoryUsage of job (MB)
	222816  -  ResidentSetSize of job (KB)
...
006 (014.1862.000) 05/10 17:00:59 Image size of job updated: 2000000
	232  -  MemoryUsage of job (MB)
	237072  -  ResidentSetSize of job (KB)
...
006 (014.1862.000) 05/10 17:01:05 Image size of job updated: 2000000
	247  -  MemoryUsage of job (MB)
	252780  -  ResidentSetSize of job (KB)
...
006 (014.1862.000) 05/10 17:01:11 Image size of job updated: 2000000
	261  -  MemoryUsage of job (MB)
	266904  -  ResidentSetSize of job (KB)
...
006 (014.1862.000) 05/10 17:01:17 Image size of job updated: 2000000
	272  -  MemoryUsage of job (MB)
	277860  -  ResidentSetSize of job (KB)
...
006 (014.1862.000) 05/10 17:01:23 Image size of job updated: 2000000
	311  -  MemoryUsage of job (MB)
	318120  -  ResidentSetSize of job (KB)
...
006 (014.1862.000) 05/10 17:01:29 Image size of job updated: 2000000
	360  -  MemoryUsage of job (MB)
	367752  -  ResidentSetSize of job (KB)
...
006 (014.1862.000) 05/10 17:01:35 Image size of job updated: 2000000
	378  -  MemoryUsage of job (MB)
	386760  -  ResidentSetSize of job (KB)
...
006 (014.1862.000) 05/10 17:01:41 Image size of job updated: 2000000
	441  -  MemoryUsage of job (MB)
	450648  -  ResidentSetSize of job (KB)
...
006 (014.1862.000) 05/10 17:01:47 Image size of job updated: 2000000
	501  -  MemoryUsage of job (MB)
	512424  -  ResidentSetSize of job (KB)
...
006 (014.1862.000) 05/10 17:01:53 Image size of job updated: 2000000
	553  -  MemoryUsage of job (MB)
	565752  -  ResidentSetSize of job (KB)
...
006 (014.1862.000) 05/10 17:01:59 Image size of job updated: 2000000
	1242  -  MemoryUsage of job (MB)
	1271028  -  ResidentSetSize of job (KB)
...
006 (014.1862.000) 05/10 17:20:32 Image size of job updated: 2000000
	1310  -  MemoryUsage of job (MB)
	1340592  -  ResidentSetSize of job (KB)
...
006 (014.1862.000) 05/10 17:20:37 Image size of job updated: 2000000
	1636  -  MemoryUsage of job (MB)
	1675080  -  ResidentSetSize of job (KB)
...
006 (014.1862.000) 05/10 17:20:42 Image size of job updated: 2454228
	1794  -  MemoryUsage of job (MB)
	1836516  -  ResidentSetSize of job (KB)
...
006 (014.1862.000) 05/10 17:20:47 Image size of job updated: 2704620
	2007  -  MemoryUsage of job (MB)
	2054976  -  ResidentSetSize of job (KB)
...
006 (014.1862.000) 05/10 17:21:02 Image size of job updated: 2704620
	2095  -  MemoryUsage of job (MB)
	2145000  -  ResidentSetSize of job (KB)
...
006 (014.1862.000) 05/10 17:21:07 Image size of job updated: 2859756
	2173  -  MemoryUsage of job (MB)
	2224464  -  ResidentSetSize of job (KB)
...
006 (014.1862.000) 05/10 17:21:12 Image size of job updated: 2859756
	2224  -  MemoryUsage of job (MB)
	2277132  -  ResidentSetSize of job (KB)
...
006 (014.1862.000) 05/10 17:21:17 Image size of job updated: 2928364
	2262  -  MemoryUsage of job (MB)
	2315940  -  ResidentSetSize of job (KB)
...
006 (014.1862.000) 05/10 17:21:22 Image size of job updated: 2928364
	2296  -  MemoryUsage of job (MB)
	2350788  -  ResidentSetSize of job (KB)
...
006 (014.1862.000) 05/10 17:21:27 Image size of job updated: 2928364
	2328  -  MemoryUsage of job (MB)
	2383788  -  ResidentSetSize of job (KB)
...
006 (014.1862.000) 05/10 17:21:32 Image size of job updated: 3045100
	2361  -  MemoryUsage of job (MB)
	2416656  -  ResidentSetSize of job (KB)
...
006 (014.1862.000) 05/10 17:21:37 Image size of job updated: 3045100
	2392  -  MemoryUsage of job (MB)
	2448732  -  ResidentSetSize of job (KB)
...
006 (014.1862.000) 05/10 17:21:42 Image size of job updated: 3045100
	2423  -  MemoryUsage of job (MB)
	2480148  -  ResidentSetSize of job (KB)
...
006 (014.1862.000) 05/10 17:21:47 Image size of job updated: 3139308
	2453  -  MemoryUsage of job (MB)
	2511168  -  ResidentSetSize of job (KB)
...
006 (014.1862.000) 05/10 17:21:52 Image size of job updated: 3139308
	2484  -  MemoryUsage of job (MB)
	2542848  -  ResidentSetSize of job (KB)
...
006 (014.1862.000) 05/10 17:21:57 Image size of job updated: 3139308
	2515  -  MemoryUsage of job (MB)
	2574924  -  ResidentSetSize of job (KB)
...
006 (014.1862.000) 05/10 17:22:02 Image size of job updated: 3234540
	2546  -  MemoryUsage of job (MB)
	2606340  -  ResidentSetSize of job (KB)
...
006 (014.1862.000) 05/10 17:22:07 Image size of job updated: 3264236
	2577  -  MemoryUsage of job (MB)
	2638548  -  ResidentSetSize of job (KB)
...
006 (014.1862.000) 05/10 17:22:12 Image size of job updated: 3264236
	2609  -  MemoryUsage of job (MB)
	2670888  -  ResidentSetSize of job (KB)
...
006 (014.1862.000) 05/10 17:22:17 Image size of job updated: 3313388
	2641  -  MemoryUsage of job (MB)
	2703624  -  ResidentSetSize of job (KB)
...
006 (014.1862.000) 05/10 17:22:22 Image size of job updated: 3343084
	2672  -  MemoryUsage of job (MB)
	2736096  -  ResidentSetSize of job (KB)
...
006 (014.1862.000) 05/10 17:22:27 Image size of job updated: 3343084
	2704  -  MemoryUsage of job (MB)
	2767908  -  ResidentSetSize of job (KB)
...
006 (014.1862.000) 05/10 17:22:32 Image size of job updated: 3343084
	2735  -  MemoryUsage of job (MB)
	2800248  -  ResidentSetSize of job (KB)
...
006 (014.1862.000) 05/10 17:22:37 Image size of job updated: 3440364
	2763  -  MemoryUsage of job (MB)
	2828892  -  ResidentSetSize of job (KB)
...
006 (014.1862.000) 05/10 17:22:42 Image size of job updated: 3440364
	2780  -  MemoryUsage of job (MB)
	2846580  -  ResidentSetSize of job (KB)
...
006 (014.1862.000) 05/10 17:22:47 Image size of job updated: 3440364
	2803  -  MemoryUsage of job (MB)
	2869812  -  ResidentSetSize of job (KB)
...
006 (014.1862.000) 05/10 17:22:52 Image size of job updated: 3534572
	2811  -  MemoryUsage of job (MB)
	2877600  -  ResidentSetSize of job (KB)
...
006 (014.1862.000) 05/10 17:22:57 Image size of job updated: 3534572
	2815  -  MemoryUsage of job (MB)
	2881692  -  ResidentSetSize of job (KB)
...
006 (014.1862.000) 05/10 17:23:02 Image size of job updated: 3615468
	2819  -  MemoryUsage of job (MB)
	2886312  -  ResidentSetSize of job (KB)
...
006 (014.1862.000) 05/10 17:23:07 Image size of job updated: 3629804
	2853  -  MemoryUsage of job (MB)
	2921160  -  ResidentSetSize of job (KB)
...
006 (014.1862.000) 05/10 17:23:12 Image size of job updated: 3669740
	2886  -  MemoryUsage of job (MB)
	2954952  -  ResidentSetSize of job (KB)
...
006 (014.1862.000) 05/10 17:23:17 Image size of job updated: 3701484
	2917  -  MemoryUsage of job (MB)
	2986896  -  ResidentSetSize of job (KB)
...
006 (014.1862.000) 05/10 17:23:22 Image size of job updated: 3730156
	2948  -  MemoryUsage of job (MB)
	3018708  -  ResidentSetSize of job (KB)
...
006 (014.1862.000) 05/10 17:23:27 Image size of job updated: 3730156
	2979  -  MemoryUsage of job (MB)
	3050388  -  ResidentSetSize of job (KB)
...
006 (014.1862.000) 05/10 17:23:32 Image size of job updated: 3730156
	3011  -  MemoryUsage of job (MB)
	3082728  -  ResidentSetSize of job (KB)
...
006 (014.1862.000) 05/10 17:23:37 Image size of job updated: 3825388
	3041  -  MemoryUsage of job (MB)
	3113352  -  ResidentSetSize of job (KB)
...
006 (014.1862.000) 05/10 17:23:42 Image size of job updated: 3825388
	3072  -  MemoryUsage of job (MB)
	3144900  -  ResidentSetSize of job (KB)
...
006 (014.1862.000) 05/10 17:23:48 Image size of job updated: 3905260
	3110  -  MemoryUsage of job (MB)
	3183708  -  ResidentSetSize of job (KB)
...
006 (014.1862.000) 05/10 17:23:54 Image size of job updated: 3930860
	3147  -  MemoryUsage of job (MB)
	3222516  -  ResidentSetSize of job (KB)
...
006 (014.1862.000) 05/10 17:24:00 Image size of job updated: 3930860
	3186  -  MemoryUsage of job (MB)
	3261852  -  ResidentSetSize of job (KB)
...
006 (014.1862.000) 05/10 17:24:06 Image size of job updated: 4028140
	3224  -  MemoryUsage of job (MB)
	3300792  -  ResidentSetSize of job (KB)
...
006 (014.1862.000) 05/10 17:24:12 Image size of job updated: 4056812
	3262  -  MemoryUsage of job (MB)
	3339336  -  ResidentSetSize of job (KB)
...
006 (014.1862.000) 05/10 17:24:18 Image size of job updated: 4056812
	3299  -  MemoryUsage of job (MB)
	3377484  -  ResidentSetSize of job (KB)
...
006 (014.1862.000) 05/10 17:24:24 Image size of job updated: 4130540
	3337  -  MemoryUsage of job (MB)
	3416160  -  ResidentSetSize of job (KB)
...
006 (014.1862.000) 05/10 17:24:30 Image size of job updated: 4130540
	3376  -  MemoryUsage of job (MB)
	3456288  -  ResidentSetSize of job (KB)
...
006 (014.1862.000) 05/10 17:24:36 Image size of job updated: 4130540
	3415  -  MemoryUsage of job (MB)
	3496944  -  ResidentSetSize of job (KB)
...
006 (014.1862.000) 05/10 17:24:42 Image size of job updated: 4237036
	3453  -  MemoryUsage of job (MB)
	3535620  -  ResidentSetSize of job (KB)
...
006 (014.1862.000) 05/10 17:24:48 Image size of job updated: 4307692
	3492  -  MemoryUsage of job (MB)
	3575484  -  ResidentSetSize of job (KB)
...
006 (014.1862.000) 05/10 17:24:54 Image size of job updated: 4330220
	3529  -  MemoryUsage of job (MB)
	3613500  -  ResidentSetSize of job (KB)
...
006 (014.1862.000) 05/10 17:25:00 Image size of job updated: 4352748
	3567  -  MemoryUsage of job (MB)
	3652308  -  ResidentSetSize of job (KB)
...
006 (014.1862.000) 05/10 17:25:06 Image size of job updated: 4412140
	3604  -  MemoryUsage of job (MB)
	3690060  -  ResidentSetSize of job (KB)
...
006 (014.1862.000) 05/10 17:25:12 Image size of job updated: 4458220
	3642  -  MemoryUsage of job (MB)
	3728736  -  ResidentSetSize of job (KB)
...
006 (014.1862.000) 05/10 17:25:18 Image size of job updated: 4458220
	3680  -  MemoryUsage of job (MB)
	3767676  -  ResidentSetSize of job (KB)
...
006 (014.1862.000) 05/10 17:25:24 Image size of job updated: 4458220
	3717  -  MemoryUsage of job (MB)
	3805824  -  ResidentSetSize of job (KB)
...
006 (014.1862.000) 05/10 17:25:30 Image size of job updated: 4545260
	3755  -  MemoryUsage of job (MB)
	3844236  -  ResidentSetSize of job (KB)
...
006 (014.1862.000) 05/10 17:25:36 Image size of job updated: 4582124
	3793  -  MemoryUsage of job (MB)
	3883044  -  ResidentSetSize of job (KB)
...
006 (014.1862.000) 05/10 17:25:42 Image size of job updated: 4641516
	3830  -  MemoryUsage of job (MB)
	3921588  -  ResidentSetSize of job (KB)
...
006 (014.1862.000) 05/10 17:25:48 Image size of job updated: 4641516
	3868  -  MemoryUsage of job (MB)
	3959868  -  ResidentSetSize of job (KB)
...
006 (014.1862.000) 05/10 17:25:54 Image size of job updated: 4641516
	3906  -  MemoryUsage of job (MB)
	3998808  -  ResidentSetSize of job (KB)
...
006 (014.1862.000) 05/10 17:26:00 Image size of job updated: 4737772
	3944  -  MemoryUsage of job (MB)
	4037748  -  ResidentSetSize of job (KB)
...
006 (014.1862.000) 05/10 17:26:06 Image size of job updated: 4737772
	3982  -  MemoryUsage of job (MB)
	4077216  -  ResidentSetSize of job (KB)
...
006 (014.1862.000) 05/10 17:26:12 Image size of job updated: 4836076
	4021  -  MemoryUsage of job (MB)
	4116552  -  ResidentSetSize of job (KB)
...
006 (014.1862.000) 05/10 17:26:18 Image size of job updated: 4836076
	4058  -  MemoryUsage of job (MB)
	4154964  -  ResidentSetSize of job (KB)
...
006 (014.1862.000) 05/10 17:26:24 Image size of job updated: 4836076
	4097  -  MemoryUsage of job (MB)
	4194564  -  ResidentSetSize of job (KB)
...
006 (014.1862.000) 05/10 17:26:30 Image size of job updated: 4933356
	4105  -  MemoryUsage of job (MB)
	4202748  -  ResidentSetSize of job (KB)
...
006 (014.1862.000) 05/10 17:26:42 Image size of job updated: 5028588
	4105  -  MemoryUsage of job (MB)
	4202748  -  ResidentSetSize of job (KB)
...
006 (014.1862.000) 05/10 17:26:52 Image size of job updated: 5028588
	4106  -  MemoryUsage of job (MB)
	4204068  -  ResidentSetSize of job (KB)
...
006 (014.1862.000) 05/10 17:27:04 Image size of job updated: 5127916
	4181  -  MemoryUsage of job (MB)
	4280628  -  ResidentSetSize of job (KB)
...
006 (014.1862.000) 05/10 17:27:14 Image size of job updated: 5168876
	4243  -  MemoryUsage of job (MB)
	4344780  -  ResidentSetSize of job (KB)
...
006 (014.1862.000) 05/10 17:27:20 Image size of job updated: 5225196
	4281  -  MemoryUsage of job (MB)
	4383060  -  ResidentSetSize of job (KB)
...
006 (014.1862.000) 05/10 17:27:26 Image size of job updated: 5225196
	4473  -  MemoryUsage of job (MB)
	4579344  -  ResidentSetSize of job (KB)
...
006 (014.1862.000) 05/10 17:27:32 Image size of job updated: 5487340
	4570  -  MemoryUsage of job (MB)
	4679004  -  ResidentSetSize of job (KB)
...
005 (014.1862.000) 05/10 17:27:36 Job terminated.
	(1) Normal termination (return value 0)
		Usr 0 00:26:39, Sys 0 00:00:12  -  Run Remote Usage
		Usr 0 00:00:00, Sys 0 00:00:00  -  Run Local Usage
		Usr 0 00:26:39, Sys 0 00:00:12  -  Total Remote Usage
		Usr 0 00:00:00, Sys 0 00:00:00  -  Total Local Usage
	0  -  Run Bytes Sent By Job
	0  -  Run Bytes Received By Job
	0  -  Total Bytes Sent By Job
	0  -  Total Bytes Received By Job
	Partitionable Resources :      Usage  Request Allocated 
	   Cpus                 :       0.92        1         1 
	   Disk (KB)            : 2000000     2000000   6232219 
	   Memory (MB)          :    4570        1954      2007 
...
