000 (205.886.000) 05/06 03:17:34 Job submitted from host: <127.0.0.1:9618?addrs=127.0.0.1-9618&noUDP&sock=222_da1d_4>
...
033 (205.886.000) 05/06 14:21:21 Changing job attribute JobPrio from 0 to -5
...
000 (007.886.000) 05/07 18:59:27 Job submitted from host: <127.0.0.1:9618?addrs=127.0.0.1-9618&noUDP&sock=215_0cf3_4>
...
000 (016.886.000) 05/08 15:56:42 Job submitted from host: <127.0.0.1:9618?addrs=127.0.0.1-9618&noUDP&sock=227_4816_4>
...
001 (016.886.000) 05/08 22:19:37 Job executing on host: <127.0.0.1:9618?addrs=127.0.0.1-9618&noUDP&sock=227_4816_5>
...
006 (016.886.000) 05/08 22:19:42 Image size of job updated: 2000000
	109  -  MemoryUsage of job (MB)
	110748  -  ResidentSetSize of job (KB)
...
006 (016.886.000) 05/08 22:19:47 Image size of job updated: 2000000
	115  -  MemoryUsage of job (MB)
	117216  -  ResidentSetSize of job (KB)
...
006 (016.886.000) 05/08 22:20:07 Image size of job updated: 2000000
	115  -  MemoryUsage of job (MB)
	117744  -  ResidentSetSize of job (KB)
...
006 (016.886.000) 05/08 22:20:12 Image size of job updated: 2000000
	173  -  MemoryUsage of job (MB)
	176220  -  ResidentSetSize of job (KB)
...
006 (016.886.000) 05/08 22:20:17 Image size of job updated: 2000000
	211  -  MemoryUsage of job (MB)
	215556  -  ResidentSetSize of job (KB)
...
006 (016.886.000) 05/08 22:20:22 Image size of job updated: 2000000
	211  -  MemoryUsage of job (MB)
	215952  -  ResidentSetSize of job (KB)
...
006 (016.886.000) 05/08 22:20:27 Image size of job updated: 2000000
	215  -  MemoryUsage of job (MB)
	219780  -  ResidentSetSize of job (KB)
...
006 (016.886.000) 05/08 22:20:32 Image size of job updated: 2000000
	226  -  MemoryUsage of job (MB)
	230472  -  ResidentSetSize of job (KB)
...
006 (016.886.000) 05/08 22:20:37 Image size of job updated: 2000000
	236  -  MemoryUsage of job (MB)
	241164  -  ResidentSetSize of job (KB)
...
006 (016.886.000) 05/08 22:20:42 Image size of job updated: 2000000
	246  -  MemoryUsage of job (MB)
	251196  -  ResidentSetSize of job (KB)
...
006 (016.886.000) 05/08 22:20:47 Image size of job updated: 2000000
	255  -  MemoryUsage of job (MB)
	260304  -  ResidentSetSize of job (KB)
...
006 (016.886.000) 05/08 22:20:52 Image size of job updated: 2000000
	263  -  MemoryUsage of job (MB)
	268620  -  ResidentSetSize of job (KB)
...
006 (016.886.000) 05/08 22:20:57 Image size of job updated: 2000000
	270  -  MemoryUsage of job (MB)
	276408  -  ResidentSetSize of job (KB)
...
006 (016.886.000) 05/08 22:21:02 Image size of job updated: 2000000
	279  -  MemoryUsage of job (MB)
	285516  -  ResidentSetSize of job (KB)
...
006 (016.886.000) 05/08 22:21:07 Image size of job updated: 2000000
	306  -  MemoryUsage of job (MB)
	312576  -  ResidentSetSize of job (KB)
...
006 (016.886.000) 05/08 22:21:12 Image size of job updated: 2000000
	347  -  MemoryUsage of job (MB)
	354420  -  ResidentSetSize of job (KB)
...
006 (016.886.000) 05/08 22:21:17 Image size of job updated: 2000000
	377  -  MemoryUsage of job (MB)
	385704  -  ResidentSetSize of job (KB)
...
006 (016.886.000) 05/08 22:21:22 Image size of job updated: 2000000
	380  -  MemoryUsage of job (MB)
	388740  -  ResidentSetSize of job (KB)
...
006 (016.886.000) 05/08 22:21:27 Image size of job updated: 2000000
	441  -  MemoryUsage of job (MB)
	450912  -  ResidentSetSize of job (KB)
...
006 (016.886.000) 05/08 22:21:32 Image size of job updated: 2000000
	509  -  MemoryUsage of job (MB)
	520740  -  ResidentSetSize of job (KB)
...
006 (016.886.000) 05/08 22:21:37 Image size of job updated: 2000000
	990  -  MemoryUsage of job (MB)
	1012836  -  ResidentSetSize of job (KB)
...
006 (016.886.000) 05/08 22:21:43 Image size of job updated: 2000000
	1243  -  MemoryUsage of job (MB)
	1272348  -  ResidentSetSize of job (KB)
...
006 (016.886.000) 05/08 22:38:58 Image size of job updated: 2000000
	1308  -  MemoryUsage of job (MB)
	1338744  -  ResidentSetSize of job (KB)
...
006 (016.886.000) 05/08 22:39:04 Image size of job updated: 2000000
	1687  -  MemoryUsage of job (MB)
	1726824  -  ResidentSetSize of job (KB)
...
006 (016.886.000) 05/08 22:39:10 Image size of job updated: 2701040
	1970  -  MemoryUsage of job (MB)
	2016564  -  ResidentSetSize of job (KB)
...
006 (016.886.000) 05/08 22:39:16 Image size of job updated: 2701040
	2039  -  MemoryUsage of job (MB)
	2087184  -  ResidentSetSize of job (KB)
...
006 (016.886.000) 05/08 22:39:22 Image size of job updated: 2701040
	2175  -  MemoryUsage of job (MB)
	2226312  -  ResidentSetSize of job (KB)
...
006 (016.886.000) 05/08 22:39:28 Image size of job updated: 2913520
	2272  -  MemoryUsage of job (MB)
	2326368  -  ResidentSetSize of job (KB)
...
006 (016.886.000) 05/08 22:39:34 Image size of job updated: 2913520
	2338  -  MemoryUsage of job (MB)
	2393688  -  ResidentSetSize of job (KB)
...
006 (016.886.000) 05/08 22:39:40 Image size of job updated: 3087600
	2404  -  MemoryUsage of job (MB)
	2461008  -  ResidentSetSize of job (KB)
...
006 (016.886.000) 05/08 22:39:46 Image size of job updated: 3133680
	2469  -  MemoryUsage of job (MB)
	2527536  -  ResidentSetSize of job (KB)
...
006 (016.886.000) 05/08 22:39:52 Image size of job updated: 3203312
	2535  -  MemoryUsage of job (MB)
	2595780  -  ResidentSetSize of job (KB)
...
006 (016.886.000) 05/08 22:39:58 Image size of job updated: 3263728
	2607  -  MemoryUsage of job (MB)
	2669304  -  ResidentSetSize of job (KB)
...
006 (016.886.000) 05/08 22:40:04 Image size of job updated: 3263728
	2693  -  MemoryUsage of job (MB)
	2756688  -  ResidentSetSize of job (KB)
...
006 (016.886.000) 05/08 22:40:10 Image size of job updated: 3263728
	2768  -  MemoryUsage of job (MB)
	2834304  -  ResidentSetSize of job (KB)
...
006 (016.886.000) 05/08 22:40:16 Image size of job updated: 3479792
	2831  -  MemoryUsage of job (MB)
	2898852  -  ResidentSetSize of job (KB)
...
006 (016.886.000) 05/08 22:40:22 Image size of job updated: 3579120
	2892  -  MemoryUsage of job (MB)
	2960496  -  ResidentSetSize of job (KB)
...
006 (016.886.000) 05/08 22:40:28 Image size of job updated: 3644656
	2951  -  MemoryUsage of job (MB)
	3021744  -  ResidentSetSize of job (KB)
...
006 (016.886.000) 05/08 22:40:34 Image size of job updated: 3685616
	3013  -  MemoryUsage of job (MB)
	3085104  -  ResidentSetSize of job (KB)
...
006 (016.886.000) 05/08 22:40:40 Image size of job updated: 3685616
	3063  -  MemoryUsage of job (MB)
	3135924  -  ResidentSetSize of job (KB)
...
006 (016.886.000) 05/08 22:40:45 Image size of job updated: 3685616
	3114  -  MemoryUsage of job (MB)
	3187932  -  ResidentSetSize of job (KB)
...
006 (016.886.000) 05/08 22:40:50 Image size of job updated: 3828976
	3162  -  MemoryUsage of job (MB)
	3236904  -  ResidentSetSize of job (KB)
...
006 (016.886.000) 05/08 22:40:55 Image size of job updated: 3828976
	3212  -  MemoryUsage of job (MB)
	3288780  -  ResidentSetSize of job (KB)
...
006 (016.886.000) 05/08 22:41:00 Image size of job updated: 3828976
	3264  -  MemoryUsage of job (MB)
	3342240  -  ResidentSetSize of job (KB)
...
006 (016.886.000) 05/08 22:41:05 Image size of job updated: 3984624
	3322  -  MemoryUsage of job (MB)
	3401376  -  ResidentSetSize of job (KB)
...
006 (016.886.000) 05/08 22:41:10 Image size of job updated: 3984624
	3388  -  MemoryUsage of job (MB)
	3468564  -  ResidentSetSize of job (KB)
...
006 (016.886.000) 05/08 22:41:15 Image size of job updated: 3984624
	3450  -  MemoryUsage of job (MB)
	3532188  -  ResidentSetSize of job (KB)
...
006 (016.886.000) 05/08 22:41:20 Image size of job updated: 4174064
	3505  -  MemoryUsage of job (MB)
	3588420  -  ResidentSetSize of job (KB)
...
006 (016.886.000) 05/08 22:41:25 Image size of job updated: 4174064
	3572  -  MemoryUsage of job (MB)
	3657720  -  ResidentSetSize of job (KB)
...
006 (016.886.000) 05/08 22:41:30 Image size of job updated: 4174064
	3638  -  MemoryUsage of job (MB)
	3724380  -  ResidentSetSize of job (KB)
...
006 (016.886.000) 05/08 22:41:35 Image size of job updated: 4382960
	3702  -  MemoryUsage of job (MB)
	3790116  -  ResidentSetSize of job (KB)
...
006 (016.886.000) 05/08 22:41:40 Image size of job updated: 4382960
	3768  -  MemoryUsage of job (MB)
	3857436  -  ResidentSetSize of job (KB)
...
006 (016.886.000) 05/08 22:41:45 Image size of job updated: 4382960
	3831  -  MemoryUsage of job (MB)
	3922380  -  ResidentSetSize of job (KB)
...
006 (016.886.000) 05/08 22:41:50 Image size of job updated: 4578544
	3876  -  MemoryUsage of job (MB)
	3968844  -  ResidentSetSize of job (KB)
...
006 (016.886.000) 05/08 22:41:55 Image size of job updated: 4578544
	3929  -  MemoryUsage of job (MB)
	4023096  -  ResidentSetSize of job (KB)
...
006 (016.886.000) 05/08 22:42:00 Image size of job updated: 4578544
	3971  -  MemoryUsage of job (MB)
	4065996  -  ResidentSetSize of job (KB)
...
006 (016.886.000) 05/08 22:42:05 Image size of job updated: 4739312
	4007  -  MemoryUsage of job (MB)
	4102560  -  ResidentSetSize of job (KB)
...
006 (016.886.000) 05/08 22:42:10 Image size of job updated: 4739312
	4043  -  MemoryUsage of job (MB)
	4139916  -  ResidentSetSize of job (KB)
...
006 (016.886.000) 05/08 22:42:30 Image size of job updated: 4739312
	4078  -  MemoryUsage of job (MB)
	4175292  -  ResidentSetSize of job (KB)
...
006 (016.886.000) 05/08 22:43:08 Image size of job updated: 5221616
	4479  -  MemoryUsage of job (MB)
	4586340  -  ResidentSetSize of job (KB)
...
006 (016.886.000) 05/08 22:43:38 Image size of job updated: 5607664
	4793  -  MemoryUsage of job (MB)
	4907628  -  ResidentSetSize of job (KB)
...
006 (016.886.000) 05/08 22:43:56 Image size of job updated: 5718256
	4985  -  MemoryUsage of job (MB)
	5104044  -  ResidentSetSize of job (KB)
...
006 (016.886.000) 05/08 22:44:07 Image size of job updated: 5889264
	5102  -  MemoryUsage of job (MB)
	5223504  -  ResidentSetSize of job (KB)
...
006 (016.886.000) 05/08 22:44:14 Image size of job updated: 5889264
	5176  -  MemoryUsage of job (MB)
	5300064  -  ResidentSetSize of job (KB)
...
006 (016.886.000) 05/08 22:44:19 Image size of job updated: 6052080
	5231  -  MemoryUsage of job (MB)
	5356032  -  ResidentSetSize of job (KB)
...
006 (016.886.000) 05/08 22:44:24 Image size of job updated: 6052080
	5285  -  MemoryUsage of job (MB)
	5411208  -  ResidentSetSize of job (KB)
...
006 (016.886.000) 05/08 22:44:30 Image size of job updated: 6052080
	5365  -  MemoryUsage of job (MB)
	5493312  -  ResidentSetSize of job (KB)
...
006 (016.886.000) 05/08 22:44:36 Image size of job updated: 6244592
	5438  -  MemoryUsage of job (MB)
	5568156  -  ResidentSetSize of job (KB)
...
006 (016.886.000) 05/08 22:44:42 Image size of job updated: 6244592
	5516  -  MemoryUsage of job (MB)
	5648280  -  ResidentSetSize of job (KB)
...
006 (016.886.000) 05/08 22:44:48 Image size of job updated: 6244592
	5577  -  MemoryUsage of job (MB)
	5710056  -  ResidentSetSize of job (KB)
...
006 (016.886.000) 05/08 22:44:54 Image size of job updated: 6422768
	5640  -  MemoryUsage of job (MB)
	5774604  -  ResidentSetSize of job (KB)
...
006 (016.886.000) 05/08 22:45:00 Image size of job updated: 6486256
	5710  -  MemoryUsage of job (MB)
	5846676  -  ResidentSetSize of job (KB)
...
006 (016.886.000) 05/08 22:45:06 Image size of job updated: 6586608
	5772  -  MemoryUsage of job (MB)
	5910036  -  ResidentSetSize of job (KB)
...
006 (016.886.000) 05/08 22:45:12 Image size of job updated: 6586608
	5836  -  MemoryUsage of job (MB)
	5976036  -  ResidentSetSize of job (KB)
...
006 (016.886.000) 05/08 22:45:18 Image size of job updated: 6586608
	5904  -  MemoryUsage of job (MB)
	6045204  -  ResidentSetSize of job (KB)
...
006 (016.886.000) 05/08 22:45:24 Image size of job updated: 6754544
	5979  -  MemoryUsage of job (MB)
	6122424  -  ResidentSetSize of job (KB)
...
006 (016.886.000) 05/08 22:45:30 Image size of job updated: 6754544
	6047  -  MemoryUsage of job (MB)
	6191724  -  ResidentSetSize of job (KB)
...
006 (016.886.000) 05/08 22:45:36 Image size of job updated: 6945008
	6112  -  MemoryUsage of job (MB)
	6258516  -  ResidentSetSize of job (KB)
...
006 (016.886.000) 05/08 22:45:42 Image size of job updated: 7027952
	6177  -  MemoryUsage of job (MB)
	6324648  -  ResidentSetSize of job (KB)
...
006 (016.886.000) 05/08 22:45:48 Image size of job updated: 7027952
	6243  -  MemoryUsage of job (MB)
	6392100  -  ResidentSetSize of job (KB)
...
006 (016.886.000) 05/08 22:45:54 Image size of job updated: 7110896
	6309  -  MemoryUsage of job (MB)
	6459420  -  ResidentSetSize of job (KB)
...
006 (016.886.000) 05/08 22:46:00 Image size of job updated: 7110896
	6509  -  MemoryUsage of job (MB)
	6664416  -  ResidentSetSize of job (KB)
...
006 (016.886.000) 05/08 22:46:06 Image size of job updated: 7426288
	6604  -  MemoryUsage of job (MB)
	6761964  -  ResidentSetSize of job (KB)
...
005 (016.886.000) 05/08 22:46:09 Job terminated.
	(1) Normal termination (return value 0)
		Usr 0 00:25:40, Sys 0 00:00:10  -  Run Remote Usage
		Usr 0 00:00:00, Sys 0 00:00:00  -  Run Local Usage
		Usr 0 00:25:40, Sys 0 00:00:10  -  Total Remote Usage
		Usr 0 00:00:00, Sys 0 00:00:00  -  Total Local Usage
	0  -  Run Bytes Sent By Job
	0  -  Run Bytes Received By Job
	0  -  Total Bytes Sent By Job
	0  -  Total Bytes Received By Job
	Partitionable Resources :      Usage  Request Allocated 
	   Cpus                 :       0.95        1         1 
	   Disk (KB)            : 2000000     2000000   6275465 
	   Memory (MB)          :    6604        1954      2007 
...
