000 (005.5172.000) 05/05 20:23:49 Job submitted from host: <127.0.0.1:9618?addrs=127.0.0.1-9618&noUDP&sock=227_4816_4>
...
033 (005.5172.000) 05/06 14:16:55 Changing job attribute JobPrio from 0 to -10
...
001 (005.5172.000) 05/07 09:25:52 Job executing on host: <127.0.0.1:9618?addrs=127.0.0.1-9618&noUDP&sock=227_4816_5>
...
006 (005.5172.000) 05/07 09:25:57 Image size of job updated: 2000000
	101  -  MemoryUsage of job (MB)
	102960  -  ResidentSetSize of job (KB)
...
006 (005.5172.000) 05/07 09:26:32 Image size of job updated: 2000000
	162  -  MemoryUsage of job (MB)
	165264  -  ResidentSetSize of job (KB)
...
006 (005.5172.000) 05/07 09:26:37 Image size of job updated: 2000000
	184  -  MemoryUsage of job (MB)
	187836  -  ResidentSetSize of job (KB)
...
006 (005.5172.000) 05/07 09:26:42 Image size of job updated: 2000000
	184  -  MemoryUsage of job (MB)
	188364  -  ResidentSetSize of job (KB)
...
006 (005.5172.000) 05/07 09:26:47 Image size of job updated: 2000000
	192  -  MemoryUsage of job (MB)
	195756  -  ResidentSetSize of job (KB)
...
006 (005.5172.000) 05/07 09:26:52 Image size of job updated: 2000000
	202  -  MemoryUsage of job (MB)
	205920  -  ResidentSetSize of job (KB)
...
006 (005.5172.000) 05/07 09:26:57 Image size of job updated: 2000000
	211  -  MemoryUsage of job (MB)
	215424  -  ResidentSetSize of job (KB)
...
006 (005.5172.000) 05/07 09:27:02 Image size of job updated: 2000000
	219  -  MemoryUsage of job (MB)
	223872  -  ResidentSetSize of job (KB)
...
006 (005.5172.000) 05/07 09:27:07 Image size of job updated: 2000000
	230  -  MemoryUsage of job (MB)
	234696  -  ResidentSetSize of job (KB)
...
006 (005.5172.000) 05/07 09:27:12 Image size of job updated: 2000000
	238  -  MemoryUsage of job (MB)
	242880  -  ResidentSetSize of job (KB)
...
006 (005.5172.000) 05/07 09:27:17 Image size of job updated: 2000000
	245  -  MemoryUsage of job (MB)
	250008  -  ResidentSetSize of job (KB)
...
006 (005.5172.000) 05/07 09:27:22 Image size of job updated: 2000000
	286  -  MemoryUsage of job (MB)
	291984  -  ResidentSetSize of job (KB)
...
006 (005.5172.000) 05/07 09:27:27 Image size of job updated: 2000000
	316  -  MemoryUsage of job (MB)
	323136  -  ResidentSetSize of job (KB)
...
006 (005.5172.000) 05/07 09:27:32 Image size of job updated: 2000000
	329  -  MemoryUsage of job (MB)
	336204  -  ResidentSetSize of job (KB)
...
006 (005.5172.000) 05/07 09:27:37 Image size of job updated: 2000000
	391  -  MemoryUsage of job (MB)
	400356  -  ResidentSetSize of job (KB)
...
006 (005.5172.000) 05/07 09:27:42 Image size of job updated: 2000000
	452  -  MemoryUsage of job (MB)
	461868  -  ResidentSetSize of job (KB)
...
006 (005.5172.000) 05/07 09:27:47 Image size of job updated: 2000000
	1169  -  MemoryUsage of job (MB)
	1196316  -  ResidentSetSize of job (KB)
...
006 (005.5172.000) 05/07 09:42:43 Image size of job updated: 2000000
	1170  -  MemoryUsage of job (MB)
	1197240  -  ResidentSetSize of job (KB)
...
006 (005.5172.000) 05/07 09:42:49 Image size of job updated: 2000000
	1180  -  MemoryUsage of job (MB)
	1207668  -  ResidentSetSize of job (KB)
...
006 (005.5172.000) 05/07 09:42:55 Image size of job updated: 2000000
	1253  -  MemoryUsage of job (MB)
	1282776  -  ResidentSetSize of job (KB)
...
006 (005.5172.000) 05/07 09:43:01 Image size of job updated: 2262472
	1673  -  MemoryUsage of job (MB)
	1712436  -  ResidentSetSize of job (KB)
...
006 (005.5172.000) 05/07 09:43:07 Image size of job updated: 2337512
	1883  -  MemoryUsage of job (MB)
	1927464  -  ResidentSetSize of job (KB)
...
006 (005.5172.000) 05/07 09:43:25 Image size of job updated: 2561000
	1883  -  MemoryUsage of job (MB)
	1928124  -  ResidentSetSize of job (KB)
...
006 (005.5172.000) 05/07 09:43:31 Image size of job updated: 2561000
	1888  -  MemoryUsage of job (MB)
	1933140  -  ResidentSetSize of job (KB)
...
006 (005.5172.000) 05/07 09:43:37 Image size of job updated: 2561000
	1897  -  MemoryUsage of job (MB)
	1942248  -  ResidentSetSize of job (KB)
...
006 (005.5172.000) 05/07 09:43:43 Image size of job updated: 2577384
	1903  -  MemoryUsage of job (MB)
	1948188  -  ResidentSetSize of job (KB)
...
006 (005.5172.000) 05/07 09:43:49 Image size of job updated: 2577384
	1908  -  MemoryUsage of job (MB)
	1953468  -  ResidentSetSize of job (KB)
...
006 (005.5172.000) 05/07 09:43:55 Image size of job updated: 2588648
	1912  -  MemoryUsage of job (MB)
	1957164  -  ResidentSetSize of job (KB)
...
006 (005.5172.000) 05/07 09:44:01 Image size of job updated: 2588648
	1914  -  MemoryUsage of job (MB)
	1959276  -  ResidentSetSize of job (KB)
...
006 (005.5172.000) 05/07 09:44:07 Image size of job updated: 2588648
	1915  -  MemoryUsage of job (MB)
	1960860  -  ResidentSetSize of job (KB)
...
006 (005.5172.000) 05/07 09:44:13 Image size of job updated: 2595816
	1917  -  MemoryUsage of job (MB)
	1962708  -  ResidentSetSize of job (KB)
...
006 (005.5172.000) 05/07 09:44:19 Image size of job updated: 2595816
	1919  -  MemoryUsage of job (MB)
	1964952  -  ResidentSetSize of job (KB)
...
006 (005.5172.000) 05/07 09:44:25 Image size of job updated: 2602984
	1926  -  MemoryUsage of job (MB)
	1971420  -  ResidentSetSize of job (KB)
...
006 (005.5172.000) 05/07 09:44:31 Image size of job updated: 2602984
	1931  -  MemoryUsage of job (MB)
	1977228  -  ResidentSetSize of job (KB)
...
006 (005.5172.000) 05/07 09:44:37 Image size of job updated: 2602984
	1935  -  MemoryUsage of job (MB)
	1980660  -  ResidentSetSize of job (KB)
...
006 (005.5172.000) 05/07 09:44:43 Image size of job updated: 2615272
	1938  -  MemoryUsage of job (MB)
	1983960  -  ResidentSetSize of job (KB)
...
006 (005.5172.000) 05/07 09:44:49 Image size of job updated: 2619368
	1942  -  MemoryUsage of job (MB)
	1987656  -  ResidentSetSize of job (KB)
...
006 (005.5172.000) 05/07 09:44:55 Image size of job updated: 2626536
	1948  -  MemoryUsage of job (MB)
	1994124  -  ResidentSetSize of job (KB)
...
006 (005.5172.000) 05/07 09:45:01 Image size of job updated: 2626536
	1951  -  MemoryUsage of job (MB)
	1996896  -  ResidentSetSize of job (KB)
...
006 (005.5172.000) 05/07 09:45:07 Image size of job updated: 2631656
	1957  -  MemoryUsage of job (MB)
	2003364  -  ResidentSetSize of job (KB)
...
006 (005.5172.000) 05/07 09:45:13 Image size of job updated: 2638824
	1962  -  MemoryUsage of job (MB)
	2009040  -  ResidentSetSize of job (KB)
...
006 (005.5172.000) 05/07 09:45:19 Image size of job updated: 2645992
	1966  -  MemoryUsage of job (MB)
	2012868  -  ResidentSetSize of job (KB)
...
006 (005.5172.000) 05/07 09:45:25 Image size of job updated: 2649064
	1972  -  MemoryUsage of job (MB)
	2019072  -  ResidentSetSize of job (KB)
...
006 (005.5172.000) 05/07 09:45:31 Image size of job updated: 2653160
	1975  -  MemoryUsage of job (MB)
	2022372  -  ResidentSetSize of job (KB)
...
006 (005.5172.000) 05/07 09:45:37 Image size of job updated: 2653160
	1977  -  MemoryUsage of job (MB)
	2024352  -  ResidentSetSize of job (KB)
...
006 (005.5172.000) 05/07 09:45:43 Image size of job updated: 2659304
	1980  -  MemoryUsage of job (MB)
	2027388  -  ResidentSetSize of job (KB)
...
006 (005.5172.000) 05/07 09:45:49 Image size of job updated: 2659304
	1983  -  MemoryUsage of job (MB)
	2030424  -  ResidentSetSize of job (KB)
...
006 (005.5172.000) 05/07 09:45:55 Image size of job updated: 2659304
	1988  -  MemoryUsage of job (MB)
	2035572  -  ResidentSetSize of job (KB)
...
006 (005.5172.000) 05/07 09:46:01 Image size of job updated: 2669544
	1994  -  MemoryUsage of job (MB)
	2041776  -  ResidentSetSize of job (KB)
...
006 (005.5172.000) 05/07 09:46:07 Image size of job updated: 2669544
	1996  -  MemoryUsage of job (MB)
	2043492  -  ResidentSetSize of job (KB)
...
006 (005.5172.000) 05/07 09:46:13 Image size of job updated: 2678760
	2000  -  MemoryUsage of job (MB)
	2047320  -  ResidentSetSize of job (KB)
...
006 (005.5172.000) 05/07 09:46:19 Image size of job updated: 2678760
	2002  -  MemoryUsage of job (MB)
	2049168  -  ResidentSetSize of job (KB)
...
006 (005.5172.000) 05/07 09:46:25 Image size of job updated: 2683880
	2003  -  MemoryUsage of job (MB)
	2051016  -  ResidentSetSize of job (KB)
...
006 (005.5172.000) 05/07 09:46:31 Image size of job updated: 2686952
	2007  -  MemoryUsage of job (MB)
	2054844  -  ResidentSetSize of job (KB)
...
006 (005.5172.000) 05/07 09:46:37 Image size of job updated: 2686952
	2011  -  MemoryUsage of job (MB)
	2058276  -  ResidentSetSize of job (KB)
...
006 (005.5172.000) 05/07 09:46:43 Image size of job updated: 2686952
	2013  -  MemoryUsage of job (MB)
	2061180  -  ResidentSetSize of job (KB)
...
006 (005.5172.000) 05/07 09:46:50 Image size of job updated: 2695144
	2019  -  MemoryUsage of job (MB)
	2066724  -  ResidentSetSize of job (KB)
...
006 (005.5172.000) 05/07 09:46:55 Image size of job updated: 2703336
	2023  -  MemoryUsage of job (MB)
	2071212  -  ResidentSetSize of job (KB)
...
006 (005.5172.000) 05/07 09:47:00 Image size of job updated: 2704360
	2027  -  MemoryUsage of job (MB)
	2075304  -  ResidentSetSize of job (KB)
...
006 (005.5172.000) 05/07 09:47:05 Image size of job updated: 2709480
	2031  -  MemoryUsage of job (MB)
	2079264  -  ResidentSetSize of job (KB)
...
006 (005.5172.000) 05/07 09:47:10 Image size of job updated: 2709480
	2033  -  MemoryUsage of job (MB)
	2081112  -  ResidentSetSize of job (KB)
...
006 (005.5172.000) 05/07 09:47:15 Image size of job updated: 2713576
	2034  -  MemoryUsage of job (MB)
	2082696  -  ResidentSetSize of job (KB)
...
006 (005.5172.000) 05/07 09:47:20 Image size of job updated: 2717672
	2040  -  MemoryUsage of job (MB)
	2088636  -  ResidentSetSize of job (KB)
...
006 (005.5172.000) 05/07 09:47:25 Image size of job updated: 2717672
	2044  -  MemoryUsage of job (MB)
	2092068  -  ResidentSetSize of job (KB)
...
006 (005.5172.000) 05/07 09:47:30 Image size of job updated: 2726888
	2047  -  MemoryUsage of job (MB)
	2095236  -  ResidentSetSize of job (KB)
...
006 (005.5172.000) 05/07 09:47:35 Image size of job updated: 2730984
	2050  -  MemoryUsage of job (MB)
	2098668  -  ResidentSetSize of job (KB)
...
006 (005.5172.000) 05/07 09:47:40 Image size of job updated: 2730984
	2053  -  MemoryUsage of job (MB)
	2102100  -  ResidentSetSize of job (KB)
...
006 (005.5172.000) 05/07 09:47:45 Image size of job updated: 2730984
	2058  -  MemoryUsage of job (MB)
	2106720  -  ResidentSetSize of job (KB)
...
006 (005.5172.000) 05/07 09:47:50 Image size of job updated: 2740200
	2060  -  MemoryUsage of job (MB)
	2109228  -  ResidentSetSize of job (KB)
...
006 (005.5172.000) 05/07 09:47:55 Image size of job updated: 2745320
	2064  -  MemoryUsage of job (MB)
	2112660  -  ResidentSetSize of job (KB)
...
006 (005.5172.000) 05/07 09:48:00 Image size of job updated: 2747368
	2066  -  MemoryUsage of job (MB)
	2115036  -  ResidentSetSize of job (KB)
...
006 (005.5172.000) 05/07 09:48:05 Image size of job updated: 2749416
	2070  -  MemoryUsage of job (MB)
	2119260  -  ResidentSetSize of job (KB)
...
006 (005.5172.000) 05/07 09:48:10 Image size of job updated: 2753512
	2072  -  MemoryUsage of job (MB)
	2121108  -  ResidentSetSize of job (KB)
...
006 (005.5172.000) 05/07 09:48:15 Image size of job updated: 2966504
	2282  -  MemoryUsage of job (MB)
	2336532  -  ResidentSetSize of job (KB)
...
005 (005.5172.000) 05/07 09:48:19 Job terminated.
	(1) Normal termination (return value 0)
		Usr 0 00:21:53, Sys 0 00:00:02  -  Run Remote Usage
		Usr 0 00:00:00, Sys 0 00:00:00  -  Run Local Usage
		Usr 0 00:21:53, Sys 0 00:00:02  -  Total Remote Usage
		Usr 0 00:00:00, Sys 0 00:00:00  -  Total Local Usage
	0  -  Run Bytes Sent By Job
	0  -  Run Bytes Received By Job
	0  -  Total Bytes Sent By Job
	0  -  Total Bytes Received By Job
	Partitionable Resources :      Usage  Request Allocated 
	   Cpus                 :       1.00        1         1 
	   Disk (KB)            : 2000000     2000000   6275465 
	   Memory (MB)          :    2282        1954      2007 
...
