000 (173.295.000) 05/05 01:07:09 Job submitted from host: <127.0.0.1:9618?addrs=127.0.0.1-9618&noUDP&sock=222_da1d_4>
...
001 (173.295.000) 05/05 02:38:14 Job executing on host: <127.0.0.1:9618?addrs=127.0.0.1-9618&noUDP&sock=222_da1d_5>
...
006 (173.295.000) 05/05 02:38:20 Image size of job updated: 2000000
	101  -  MemoryUsage of job (MB)
	102960  -  ResidentSetSize of job (KB)
...
006 (173.295.000) 05/05 02:38:44 Image size of job updated: 2000000
	122  -  MemoryUsage of job (MB)
	124872  -  ResidentSetSize of job (KB)
...
006 (173.295.000) 05/05 02:38:50 Image size of job updated: 2000000
	184  -  MemoryUsage of job (MB)
	187968  -  ResidentSetSize of job (KB)
...
006 (173.295.000) 05/05 02:38:56 Image size of job updated: 2000000
	184  -  MemoryUsage of job (MB)
	188364  -  ResidentSetSize of job (KB)
...
006 (173.295.000) 05/05 02:39:02 Image size of job updated: 2000000
	194  -  MemoryUsage of job (MB)
	197736  -  ResidentSetSize of job (KB)
...
006 (173.295.000) 05/05 02:39:08 Image size of job updated: 2000000
	205  -  MemoryUsage of job (MB)
	209220  -  ResidentSetSize of job (KB)
...
006 (173.295.000) 05/05 02:39:14 Image size of job updated: 2000000
	214  -  MemoryUsage of job (MB)
	218856  -  ResidentSetSize of job (KB)
...
006 (173.295.000) 05/05 02:39:20 Image size of job updated: 2000000
	226  -  MemoryUsage of job (MB)
	230604  -  ResidentSetSize of job (KB)
...
006 (173.295.000) 05/05 02:39:27 Image size of job updated: 2000000
	234  -  MemoryUsage of job (MB)
	239448  -  ResidentSetSize of job (KB)
...
006 (173.295.000) 05/05 02:39:32 Image size of job updated: 2000000
	241  -  MemoryUsage of job (MB)
	246312  -  ResidentSetSize of job (KB)
...
006 (173.295.000) 05/05 02:39:37 Image size of job updated: 2000000
	275  -  MemoryUsage of job (MB)
	280896  -  ResidentSetSize of job (KB)
...
006 (173.295.000) 05/05 02:39:42 Image size of job updated: 2000000
	305  -  MemoryUsage of job (MB)
	311916  -  ResidentSetSize of job (KB)
...
006 (173.295.000) 05/05 02:39:47 Image size of job updated: 2000000
	329  -  MemoryUsage of job (MB)
	336204  -  ResidentSetSize of job (KB)
...
006 (173.295.000) 05/05 02:39:52 Image size of job updated: 2000000
	367  -  MemoryUsage of job (MB)
	375672  -  ResidentSetSize of job (KB)
...
006 (173.295.000) 05/05 02:39:57 Image size of job updated: 2000000
	424  -  MemoryUsage of job (MB)
	433884  -  ResidentSetSize of job (KB)
...
006 (173.295.000) 05/05 02:40:02 Image size of job updated: 2000000
	472  -  MemoryUsage of job (MB)
	482856  -  ResidentSetSize of job (KB)
...
006 (173.295.000) 05/05 02:40:07 Image size of job updated: 2000000
	1169  -  MemoryUsage of job (MB)
	1196316  -  ResidentSetSize of job (KB)
...
006 (173.295.000) 05/05 02:51:34 Image size of job updated: 2000000
	1171  -  MemoryUsage of job (MB)
	1198296  -  ResidentSetSize of job (KB)
...
006 (173.295.000) 05/05 02:51:40 Image size of job updated: 2000000
	1240  -  MemoryUsage of job (MB)
	1269444  -  ResidentSetSize of job (KB)
...
006 (173.295.000) 05/05 02:51:46 Image size of job updated: 2193288
	1605  -  MemoryUsage of job (MB)
	1643004  -  ResidentSetSize of job (KB)
...
006 (173.295.000) 05/05 02:51:53 Image size of job updated: 2193288
	1693  -  MemoryUsage of job (MB)
	1733028  -  ResidentSetSize of job (KB)
...
006 (173.295.000) 05/05 02:51:58 Image size of job updated: 2193288
	1883  -  MemoryUsage of job (MB)
	1927596  -  ResidentSetSize of job (KB)
...
006 (173.295.000) 05/05 02:52:03 Image size of job updated: 2561000
	1883  -  MemoryUsage of job (MB)
	1927596  -  ResidentSetSize of job (KB)
...
006 (173.295.000) 05/05 02:52:08 Image size of job updated: 2561000
	1884  -  MemoryUsage of job (MB)
	1928388  -  ResidentSetSize of job (KB)
...
006 (173.295.000) 05/05 02:52:13 Image size of job updated: 2561000
	1884  -  MemoryUsage of job (MB)
	1928784  -  ResidentSetSize of job (KB)
...
006 (173.295.000) 05/05 02:52:18 Image size of job updated: 2561000
	1886  -  MemoryUsage of job (MB)
	1930500  -  ResidentSetSize of job (KB)
...
006 (173.295.000) 05/05 02:52:23 Image size of job updated: 2561000
	1890  -  MemoryUsage of job (MB)
	1934592  -  ResidentSetSize of job (KB)
...
006 (173.295.000) 05/05 02:52:28 Image size of job updated: 2561000
	1892  -  MemoryUsage of job (MB)
	1937364  -  ResidentSetSize of job (KB)
...
006 (173.295.000) 05/05 02:52:33 Image size of job updated: 2570216
	1895  -  MemoryUsage of job (MB)
	1940136  -  ResidentSetSize of job (KB)
...
006 (173.295.000) 05/05 02:52:38 Image size of job updated: 2570216
	1899  -  MemoryUsage of job (MB)
	1943568  -  ResidentSetSize of job (KB)
...
006 (173.295.000) 05/05 02:52:43 Image size of job updated: 2576360
	1904  -  MemoryUsage of job (MB)
	1948848  -  ResidentSetSize of job (KB)
...
006 (173.295.000) 05/05 02:52:48 Image size of job updated: 2584552
	1907  -  MemoryUsage of job (MB)
	1952016  -  ResidentSetSize of job (KB)
...
006 (173.295.000) 05/05 02:52:53 Image size of job updated: 2586600
	1911  -  MemoryUsage of job (MB)
	1955844  -  ResidentSetSize of job (KB)
...
006 (173.295.000) 05/05 02:52:58 Image size of job updated: 2586600
	1913  -  MemoryUsage of job (MB)
	1958352  -  ResidentSetSize of job (KB)
...
006 (173.295.000) 05/05 02:53:03 Image size of job updated: 2593768
	1916  -  MemoryUsage of job (MB)
	1961520  -  ResidentSetSize of job (KB)
...
006 (173.295.000) 05/05 02:53:08 Image size of job updated: 2593768
	1923  -  MemoryUsage of job (MB)
	1968252  -  ResidentSetSize of job (KB)
...
006 (173.295.000) 05/05 02:53:13 Image size of job updated: 2600936
	1927  -  MemoryUsage of job (MB)
	1972476  -  ResidentSetSize of job (KB)
...
006 (173.295.000) 05/05 02:53:18 Image size of job updated: 2608104
	1930  -  MemoryUsage of job (MB)
	1975644  -  ResidentSetSize of job (KB)
...
006 (173.295.000) 05/05 02:53:23 Image size of job updated: 2612200
	1934  -  MemoryUsage of job (MB)
	1980264  -  ResidentSetSize of job (KB)
...
006 (173.295.000) 05/05 02:53:28 Image size of job updated: 2612200
	1939  -  MemoryUsage of job (MB)
	1985412  -  ResidentSetSize of job (KB)
...
006 (173.295.000) 05/05 02:53:33 Image size of job updated: 2621416
	1942  -  MemoryUsage of job (MB)
	1988580  -  ResidentSetSize of job (KB)
...
006 (173.295.000) 05/05 02:53:38 Image size of job updated: 2621416
	1946  -  MemoryUsage of job (MB)
	1991748  -  ResidentSetSize of job (KB)
...
006 (173.295.000) 05/05 02:53:43 Image size of job updated: 2621416
	1956  -  MemoryUsage of job (MB)
	2002176  -  ResidentSetSize of job (KB)
...
006 (173.295.000) 05/05 02:53:48 Image size of job updated: 2621416
	1956  -  MemoryUsage of job (MB)
	2002704  -  ResidentSetSize of job (KB)
...
006 (173.295.000) 05/05 02:53:53 Image size of job updated: 2635752
	1957  -  MemoryUsage of job (MB)
	2003496  -  ResidentSetSize of job (KB)
...
006 (173.295.000) 05/05 02:53:58 Image size of job updated: 2636776
	1960  -  MemoryUsage of job (MB)
	2006796  -  ResidentSetSize of job (KB)
...
006 (173.295.000) 05/05 02:54:03 Image size of job updated: 2639848
	1962  -  MemoryUsage of job (MB)
	2008248  -  ResidentSetSize of job (KB)
...
006 (173.295.000) 05/05 02:54:08 Image size of job updated: 2642920
	1969  -  MemoryUsage of job (MB)
	2015772  -  ResidentSetSize of job (KB)
...
006 (173.295.000) 05/05 02:54:13 Image size of job updated: 2642920
	1976  -  MemoryUsage of job (MB)
	2023032  -  ResidentSetSize of job (KB)
...
006 (173.295.000) 05/05 02:54:18 Image size of job updated: 2642920
	1979  -  MemoryUsage of job (MB)
	2025672  -  ResidentSetSize of job (KB)
...
006 (173.295.000) 05/05 02:54:23 Image size of job updated: 2659304
	1981  -  MemoryUsage of job (MB)
	2027652  -  ResidentSetSize of job (KB)
...
006 (173.295.000) 05/05 02:54:28 Image size of job updated: 2667496
	1989  -  MemoryUsage of job (MB)
	2035968  -  ResidentSetSize of job (KB)
...
006 (173.295.000) 05/05 02:54:33 Image size of job updated: 2668520
	1992  -  MemoryUsage of job (MB)
	2039532  -  ResidentSetSize of job (KB)
...
006 (173.295.000) 05/05 02:54:38 Image size of job updated: 2673640
	1996  -  MemoryUsage of job (MB)
	2042964  -  ResidentSetSize of job (KB)
...
006 (173.295.000) 05/05 02:54:43 Image size of job updated: 2673640
	1998  -  MemoryUsage of job (MB)
	2045472  -  ResidentSetSize of job (KB)
...
006 (173.295.000) 05/05 02:54:48 Image size of job updated: 2673640
	1999  -  MemoryUsage of job (MB)
	2046264  -  ResidentSetSize of job (KB)
...
006 (173.295.000) 05/05 02:54:53 Image size of job updated: 2681832
	2003  -  MemoryUsage of job (MB)
	2050092  -  ResidentSetSize of job (KB)
...
006 (173.295.000) 05/05 02:54:58 Image size of job updated: 2682856
	2003  -  MemoryUsage of job (MB)
	2050884  -  ResidentSetSize of job (KB)
...
006 (173.295.000) 05/05 02:55:03 Image size of job updated: 2684904
	2006  -  MemoryUsage of job (MB)
	2053656  -  ResidentSetSize of job (KB)
...
006 (173.295.000) 05/05 02:55:08 Image size of job updated: 2689000
	2009  -  MemoryUsage of job (MB)
	2056692  -  ResidentSetSize of job (KB)
...
006 (173.295.000) 05/05 02:55:13 Image size of job updated: 2689000
	2012  -  MemoryUsage of job (MB)
	2059992  -  ResidentSetSize of job (KB)
...
006 (173.295.000) 05/05 02:55:18 Image size of job updated: 2689000
	2014  -  MemoryUsage of job (MB)
	2062236  -  ResidentSetSize of job (KB)
...
006 (173.295.000) 05/05 02:55:23 Image size of job updated: 2695144
	2015  -  MemoryUsage of job (MB)
	2063028  -  ResidentSetSize of job (KB)
...
006 (173.295.000) 05/05 02:55:28 Image size of job updated: 2695144
	2016  -  MemoryUsage of job (MB)
	2063820  -  ResidentSetSize of job (KB)
...
006 (173.295.000) 05/05 02:55:33 Image size of job updated: 2821096
	2147  -  MemoryUsage of job (MB)
	2197932  -  ResidentSetSize of job (KB)
...
006 (173.295.000) 05/05 02:55:38 Image size of job updated: 2911208
	2228  -  MemoryUsage of job (MB)
	2280828  -  ResidentSetSize of job (KB)
...
005 (173.295.000) 05/05 02:55:41 Job terminated.
	(1) Normal termination (return value 0)
		Usr 0 00:16:57, Sys 0 00:00:02  -  Run Remote Usage
		Usr 0 00:00:00, Sys 0 00:00:00  -  Run Local Usage
		Usr 0 00:16:57, Sys 0 00:00:02  -  Total Remote Usage
		Usr 0 00:00:00, Sys 0 00:00:00  -  Total Local Usage
	0  -  Run Bytes Sent By Job
	0  -  Run Bytes Received By Job
	0  -  Total Bytes Sent By Job
	0  -  Total Bytes Received By Job
	Partitionable Resources :      Usage  Request Allocated 
	   Cpus                 :       1.00        1         1 
	   Disk (KB)            : 2000000     2000000   6540465 
	   Memory (MB)          :    2228        1954      2007 
...
