000 (005.3721.000) 05/05 20:23:12 Job submitted from host: <127.0.0.1:9618?addrs=127.0.0.1-9618&noUDP&sock=227_4816_4>
...
033 (005.3721.000) 05/06 14:16:35 Changing job attribute JobPrio from 0 to -10
...
001 (005.3721.000) 05/07 00:13:28 Job executing on host: <127.0.0.1:9618?addrs=127.0.0.1-9618&noUDP&sock=227_4816_5>
...
006 (005.3721.000) 05/07 00:13:34 Image size of job updated: 2000000
	101  -  MemoryUsage of job (MB)
	102960  -  ResidentSetSize of job (KB)
...
006 (005.3721.000) 05/07 00:13:58 Image size of job updated: 2000000
	169  -  MemoryUsage of job (MB)
	172656  -  ResidentSetSize of job (KB)
...
006 (005.3721.000) 05/07 00:14:04 Image size of job updated: 2000000
	184  -  MemoryUsage of job (MB)
	187968  -  ResidentSetSize of job (KB)
...
006 (005.3721.000) 05/07 00:14:10 Image size of job updated: 2000000
	186  -  MemoryUsage of job (MB)
	189948  -  ResidentSetSize of job (KB)
...
006 (005.3721.000) 05/07 00:14:16 Image size of job updated: 2000000
	198  -  MemoryUsage of job (MB)
	201960  -  ResidentSetSize of job (KB)
...
006 (005.3721.000) 05/07 00:14:22 Image size of job updated: 2000000
	213  -  MemoryUsage of job (MB)
	217272  -  ResidentSetSize of job (KB)
...
006 (005.3721.000) 05/07 00:14:28 Image size of job updated: 2000000
	230  -  MemoryUsage of job (MB)
	235092  -  ResidentSetSize of job (KB)
...
006 (005.3721.000) 05/07 00:14:34 Image size of job updated: 2000000
	240  -  MemoryUsage of job (MB)
	245256  -  ResidentSetSize of job (KB)
...
006 (005.3721.000) 05/07 00:14:40 Image size of job updated: 2000000
	276  -  MemoryUsage of job (MB)
	281688  -  ResidentSetSize of job (KB)
...
006 (005.3721.000) 05/07 00:14:46 Image size of job updated: 2000000
	314  -  MemoryUsage of job (MB)
	320760  -  ResidentSetSize of job (KB)
...
006 (005.3721.000) 05/07 00:14:52 Image size of job updated: 2000000
	329  -  MemoryUsage of job (MB)
	336072  -  ResidentSetSize of job (KB)
...
006 (005.3721.000) 05/07 00:14:58 Image size of job updated: 2000000
	413  -  MemoryUsage of job (MB)
	422004  -  ResidentSetSize of job (KB)
...
006 (005.3721.000) 05/07 00:15:04 Image size of job updated: 2000000
	480  -  MemoryUsage of job (MB)
	491172  -  ResidentSetSize of job (KB)
...
006 (005.3721.000) 05/07 00:15:10 Image size of job updated: 2000000
	1169  -  MemoryUsage of job (MB)
	1196316  -  ResidentSetSize of job (KB)
...
006 (005.3721.000) 05/07 00:26:47 Image size of job updated: 2000000
	1170  -  MemoryUsage of job (MB)
	1197636  -  ResidentSetSize of job (KB)
...
006 (005.3721.000) 05/07 00:26:53 Image size of job updated: 2000000
	1191  -  MemoryUsage of job (MB)
	1219416  -  ResidentSetSize of job (KB)
...
006 (005.3721.000) 05/07 00:26:59 Image size of job updated: 2000000
	1485  -  MemoryUsage of job (MB)
	1519980  -  ResidentSetSize of job (KB)
...
006 (005.3721.000) 05/07 00:27:05 Image size of job updated: 2262476
	1673  -  MemoryUsage of job (MB)
	1712436  -  ResidentSetSize of job (KB)
...
006 (005.3721.000) 05/07 00:27:11 Image size of job updated: 2337516
	1883  -  MemoryUsage of job (MB)
	1927728  -  ResidentSetSize of job (KB)
...
006 (005.3721.000) 05/07 00:27:17 Image size of job updated: 2561004
	1883  -  MemoryUsage of job (MB)
	1927728  -  ResidentSetSize of job (KB)
...
006 (005.3721.000) 05/07 00:27:23 Image size of job updated: 2561004
	1884  -  MemoryUsage of job (MB)
	1928388  -  ResidentSetSize of job (KB)
...
006 (005.3721.000) 05/07 00:27:29 Image size of job updated: 2563052
	1895  -  MemoryUsage of job (MB)
	1939872  -  ResidentSetSize of job (KB)
...
006 (005.3721.000) 05/07 00:27:35 Image size of job updated: 2583532
	1906  -  MemoryUsage of job (MB)
	1951224  -  ResidentSetSize of job (KB)
...
006 (005.3721.000) 05/07 00:27:41 Image size of job updated: 2583532
	1910  -  MemoryUsage of job (MB)
	1955448  -  ResidentSetSize of job (KB)
...
006 (005.3721.000) 05/07 00:27:47 Image size of job updated: 2590700
	1917  -  MemoryUsage of job (MB)
	1962048  -  ResidentSetSize of job (KB)
...
006 (005.3721.000) 05/07 00:27:53 Image size of job updated: 2590700
	1922  -  MemoryUsage of job (MB)
	1967988  -  ResidentSetSize of job (KB)
...
006 (005.3721.000) 05/07 00:27:59 Image size of job updated: 2602988
	1928  -  MemoryUsage of job (MB)
	1973268  -  ResidentSetSize of job (KB)
...
006 (005.3721.000) 05/07 00:28:05 Image size of job updated: 2602988
	1929  -  MemoryUsage of job (MB)
	1974984  -  ResidentSetSize of job (KB)
...
006 (005.3721.000) 05/07 00:28:11 Image size of job updated: 2602988
	1932  -  MemoryUsage of job (MB)
	1977888  -  ResidentSetSize of job (KB)
...
006 (005.3721.000) 05/07 00:28:17 Image size of job updated: 2611180
	1935  -  MemoryUsage of job (MB)
	1981320  -  ResidentSetSize of job (KB)
...
006 (005.3721.000) 05/07 00:28:23 Image size of job updated: 2611180
	1939  -  MemoryUsage of job (MB)
	1985016  -  ResidentSetSize of job (KB)
...
006 (005.3721.000) 05/07 00:28:29 Image size of job updated: 2623468
	1945  -  MemoryUsage of job (MB)
	1990692  -  ResidentSetSize of job (KB)
...
006 (005.3721.000) 05/07 00:28:36 Image size of job updated: 2624492
	1949  -  MemoryUsage of job (MB)
	1994916  -  ResidentSetSize of job (KB)
...
006 (005.3721.000) 05/07 00:28:41 Image size of job updated: 2629612
	1951  -  MemoryUsage of job (MB)
	1997556  -  ResidentSetSize of job (KB)
...
006 (005.3721.000) 05/07 00:28:46 Image size of job updated: 2631660
	1956  -  MemoryUsage of job (MB)
	2002572  -  ResidentSetSize of job (KB)
...
006 (005.3721.000) 05/07 00:28:51 Image size of job updated: 2634732
	1960  -  MemoryUsage of job (MB)
	2006400  -  ResidentSetSize of job (KB)
...
006 (005.3721.000) 05/07 00:28:56 Image size of job updated: 2642924
	1964  -  MemoryUsage of job (MB)
	2010228  -  ResidentSetSize of job (KB)
...
006 (005.3721.000) 05/07 00:29:01 Image size of job updated: 2644972
	1968  -  MemoryUsage of job (MB)
	2014716  -  ResidentSetSize of job (KB)
...
006 (005.3721.000) 05/07 00:29:06 Image size of job updated: 2644972
	1972  -  MemoryUsage of job (MB)
	2019072  -  ResidentSetSize of job (KB)
...
006 (005.3721.000) 05/07 00:29:11 Image size of job updated: 2644972
	1977  -  MemoryUsage of job (MB)
	2024352  -  ResidentSetSize of job (KB)
...
006 (005.3721.000) 05/07 00:29:16 Image size of job updated: 2659308
	1983  -  MemoryUsage of job (MB)
	2030292  -  ResidentSetSize of job (KB)
...
006 (005.3721.000) 05/07 00:29:21 Image size of job updated: 2659308
	1985  -  MemoryUsage of job (MB)
	2032536  -  ResidentSetSize of job (KB)
...
006 (005.3721.000) 05/07 00:29:26 Image size of job updated: 2659308
	1989  -  MemoryUsage of job (MB)
	2036364  -  ResidentSetSize of job (KB)
...
006 (005.3721.000) 05/07 00:29:31 Image size of job updated: 2670572
	1995  -  MemoryUsage of job (MB)
	2042436  -  ResidentSetSize of job (KB)
...
006 (005.3721.000) 05/07 00:29:36 Image size of job updated: 2675692
	1999  -  MemoryUsage of job (MB)
	2046264  -  ResidentSetSize of job (KB)
...
006 (005.3721.000) 05/07 00:29:41 Image size of job updated: 2678764
	2002  -  MemoryUsage of job (MB)
	2049696  -  ResidentSetSize of job (KB)
...
006 (005.3721.000) 05/07 00:29:46 Image size of job updated: 2683884
	2007  -  MemoryUsage of job (MB)
	2055108  -  ResidentSetSize of job (KB)
...
006 (005.3721.000) 05/07 00:29:51 Image size of job updated: 2683884
	2009  -  MemoryUsage of job (MB)
	2057088  -  ResidentSetSize of job (KB)
...
006 (005.3721.000) 05/07 00:29:56 Image size of job updated: 2683884
	2014  -  MemoryUsage of job (MB)
	2061840  -  ResidentSetSize of job (KB)
...
006 (005.3721.000) 05/07 00:30:01 Image size of job updated: 2697196
	2019  -  MemoryUsage of job (MB)
	2066856  -  ResidentSetSize of job (KB)
...
006 (005.3721.000) 05/07 00:30:06 Image size of job updated: 2704364
	2024  -  MemoryUsage of job (MB)
	2072136  -  ResidentSetSize of job (KB)
...
006 (005.3721.000) 05/07 00:30:11 Image size of job updated: 2706412
	2027  -  MemoryUsage of job (MB)
	2075040  -  ResidentSetSize of job (KB)
...
006 (005.3721.000) 05/07 00:30:16 Image size of job updated: 2711532
	2035  -  MemoryUsage of job (MB)
	2082828  -  ResidentSetSize of job (KB)
...
006 (005.3721.000) 05/07 00:30:21 Image size of job updated: 2711532
	2038  -  MemoryUsage of job (MB)
	2086788  -  ResidentSetSize of job (KB)
...
006 (005.3721.000) 05/07 00:30:26 Image size of job updated: 2711532
	2043  -  MemoryUsage of job (MB)
	2091276  -  ResidentSetSize of job (KB)
...
006 (005.3721.000) 05/07 00:30:31 Image size of job updated: 2725868
	2047  -  MemoryUsage of job (MB)
	2096028  -  ResidentSetSize of job (KB)
...
006 (005.3721.000) 05/07 00:30:36 Image size of job updated: 2725868
	2051  -  MemoryUsage of job (MB)
	2099592  -  ResidentSetSize of job (KB)
...
006 (005.3721.000) 05/07 00:30:41 Image size of job updated: 2733036
	2054  -  MemoryUsage of job (MB)
	2103024  -  ResidentSetSize of job (KB)
...
006 (005.3721.000) 05/07 00:30:46 Image size of job updated: 2739180
	2060  -  MemoryUsage of job (MB)
	2108568  -  ResidentSetSize of job (KB)
...
006 (005.3721.000) 05/07 00:30:51 Image size of job updated: 2742252
	2064  -  MemoryUsage of job (MB)
	2113188  -  ResidentSetSize of job (KB)
...
006 (005.3721.000) 05/07 00:30:56 Image size of job updated: 2747372
	2068  -  MemoryUsage of job (MB)
	2117016  -  ResidentSetSize of job (KB)
...
006 (005.3721.000) 05/07 00:31:01 Image size of job updated: 2752492
	2073  -  MemoryUsage of job (MB)
	2122164  -  ResidentSetSize of job (KB)
...
006 (005.3721.000) 05/07 00:31:06 Image size of job updated: 2752492
	2077  -  MemoryUsage of job (MB)
	2126652  -  ResidentSetSize of job (KB)
...
006 (005.3721.000) 05/07 00:31:11 Image size of job updated: 2757612
	2081  -  MemoryUsage of job (MB)
	2130612  -  ResidentSetSize of job (KB)
...
006 (005.3721.000) 05/07 00:31:16 Image size of job updated: 2764780
	2086  -  MemoryUsage of job (MB)
	2135892  -  ResidentSetSize of job (KB)
...
006 (005.3721.000) 05/07 00:31:21 Image size of job updated: 2764780
	2093  -  MemoryUsage of job (MB)
	2142624  -  ResidentSetSize of job (KB)
...
006 (005.3721.000) 05/07 00:31:26 Image size of job updated: 2764780
	2097  -  MemoryUsage of job (MB)
	2146848  -  ResidentSetSize of job (KB)
...
006 (005.3721.000) 05/07 00:31:31 Image size of job updated: 2779116
	2100  -  MemoryUsage of job (MB)
	2149884  -  ResidentSetSize of job (KB)
...
006 (005.3721.000) 05/07 00:31:36 Image size of job updated: 2779116
	2103  -  MemoryUsage of job (MB)
	2153448  -  ResidentSetSize of job (KB)
...
006 (005.3721.000) 05/07 00:31:41 Image size of job updated: 2786284
	2108  -  MemoryUsage of job (MB)
	2157804  -  ResidentSetSize of job (KB)
...
006 (005.3721.000) 05/07 00:31:46 Image size of job updated: 2795500
	2116  -  MemoryUsage of job (MB)
	2165856  -  ResidentSetSize of job (KB)
...
006 (005.3721.000) 05/07 00:31:51 Image size of job updated: 2795500
	2119  -  MemoryUsage of job (MB)
	2169156  -  ResidentSetSize of job (KB)
...
006 (005.3721.000) 05/07 00:31:56 Image size of job updated: 2799596
	2123  -  MemoryUsage of job (MB)
	2173116  -  ResidentSetSize of job (KB)
...
006 (005.3721.000) 05/07 00:32:01 Image size of job updated: 2805740
	2128  -  MemoryUsage of job (MB)
	2178132  -  ResidentSetSize of job (KB)
...
006 (005.3721.000) 05/07 00:32:06 Image size of job updated: 2807788
	2129  -  MemoryUsage of job (MB)
	2179584  -  ResidentSetSize of job (KB)
...
006 (005.3721.000) 05/07 00:32:11 Image size of job updated: 2807788
	2136  -  MemoryUsage of job (MB)
	2186448  -  ResidentSetSize of job (KB)
...
006 (005.3721.000) 05/07 00:32:16 Image size of job updated: 2817004
	2137  -  MemoryUsage of job (MB)
	2188032  -  ResidentSetSize of job (KB)
...
006 (005.3721.000) 05/07 00:32:21 Image size of job updated: 2820076
	2141  -  MemoryUsage of job (MB)
	2191596  -  ResidentSetSize of job (KB)
...
006 (005.3721.000) 05/07 00:32:26 Image size of job updated: 2820076
	2146  -  MemoryUsage of job (MB)
	2196744  -  ResidentSetSize of job (KB)
...
006 (005.3721.000) 05/07 00:32:31 Image size of job updated: 2820076
	2151  -  MemoryUsage of job (MB)
	2202420  -  ResidentSetSize of job (KB)
...
006 (005.3721.000) 05/07 00:32:36 Image size of job updated: 2835436
	2156  -  MemoryUsage of job (MB)
	2207172  -  ResidentSetSize of job (KB)
...
006 (005.3721.000) 05/07 00:32:41 Image size of job updated: 2962412
	2281  -  MemoryUsage of job (MB)
	2335344  -  ResidentSetSize of job (KB)
...
006 (005.3721.000) 05/07 00:32:46 Image size of job updated: 2962412
	2366  -  MemoryUsage of job (MB)
	2421936  -  ResidentSetSize of job (KB)
...
006 (005.3721.000) 05/07 00:32:50 Image size of job updated: 3051500
	2366  -  MemoryUsage of job (MB)
	2421936  -  ResidentSetSize of job (KB)
...
005 (005.3721.000) 05/07 00:32:50 Job terminated.
	(1) Normal termination (return value 0)
		Usr 0 00:18:58, Sys 0 00:00:02  -  Run Remote Usage
		Usr 0 00:00:00, Sys 0 00:00:00  -  Run Local Usage
		Usr 0 00:18:58, Sys 0 00:00:02  -  Total Remote Usage
		Usr 0 00:00:00, Sys 0 00:00:00  -  Total Local Usage
	0  -  Run Bytes Sent By Job
	0  -  Run Bytes Received By Job
	0  -  Total Bytes Sent By Job
	0  -  Total Bytes Received By Job
	Partitionable Resources :      Usage  Request Allocated 
	   Cpus                 :       1.00        1         1 
	   Disk (KB)            : 2000000     2000000   6275465 
	   Memory (MB)          :    2366        1954      2007 
...
