000 (205.8505.000) 05/06 03:21:48 Job submitted from host: <127.0.0.1:9618?addrs=127.0.0.1-9618&noUDP&sock=222_da1d_4>
...
033 (205.8505.000) 05/06 14:24:09 Changing job attribute JobPrio from 0 to -5
...
000 (007.8505.000) 05/07 19:00:59 Job submitted from host: <127.0.0.1:9618?addrs=127.0.0.1-9618&noUDP&sock=215_0cf3_4>
...
000 (016.8505.000) 05/08 15:58:02 Job submitted from host: <127.0.0.1:9618?addrs=127.0.0.1-9618&noUDP&sock=227_4816_4>
...
009 (016.8505.000) 05/09 16:56:08 Job was aborted by the user.
	via condor_rm (by user aw868)
...
000 (014.1344.000) 05/09 17:30:23 Job submitted from host: <127.0.0.1:9618?addrs=127.0.0.1-9618&noUDP&sock=212_fe2a_4>
...
033 (014.1344.000) 05/09 17:34:15 Changing job attribute JobPrio from 0 to -10
...
033 (014.1344.000) 05/09 21:36:24 Changing job attribute JobPrio from -10 to -15
...
001 (014.1344.000) 05/10 13:15:40 Job executing on host: <127.0.0.1:9618?addrs=127.0.0.1-9618&noUDP&sock=212_fe2a_5>
...
006 (014.1344.000) 05/10 13:15:46 Image size of job updated: 2000000
	115  -  MemoryUsage of job (MB)
	117216  -  ResidentSetSize of job (KB)
...
006 (014.1344.000) 05/10 13:16:22 Image size of job updated: 2000000
	162  -  MemoryUsage of job (MB)
	165132  -  ResidentSetSize of job (KB)
...
006 (014.1344.000) 05/10 13:16:28 Image size of job updated: 2000000
	201  -  MemoryUsage of job (MB)
	205524  -  ResidentSetSize of job (KB)
...
006 (014.1344.000) 05/10 13:16:34 Image size of job updated: 2000000
	202  -  MemoryUsage of job (MB)
	205920  -  ResidentSetSize of job (KB)
...
006 (014.1344.000) 05/10 13:16:40 Image size of job updated: 2000000
	209  -  MemoryUsage of job (MB)
	213840  -  ResidentSetSize of job (KB)
...
006 (014.1344.000) 05/10 13:16:46 Image size of job updated: 2000000
	221  -  MemoryUsage of job (MB)
	225984  -  ResidentSetSize of job (KB)
...
006 (014.1344.000) 05/10 13:16:52 Image size of job updated: 2000000
	233  -  MemoryUsage of job (MB)
	237864  -  ResidentSetSize of job (KB)
...
006 (014.1344.000) 05/10 13:16:58 Image size of job updated: 2000000
	245  -  MemoryUsage of job (MB)
	249876  -  ResidentSetSize of job (KB)
...
006 (014.1344.000) 05/10 13:17:04 Image size of job updated: 2000000
	253  -  MemoryUsage of job (MB)
	258720  -  ResidentSetSize of job (KB)
...
006 (014.1344.000) 05/10 13:17:10 Image size of job updated: 2000000
	262  -  MemoryUsage of job (MB)
	267696  -  ResidentSetSize of job (KB)
...
006 (014.1344.000) 05/10 13:17:16 Image size of job updated: 2000000
	279  -  MemoryUsage of job (MB)
	284988  -  ResidentSetSize of job (KB)
...
006 (014.1344.000) 05/10 13:17:22 Image size of job updated: 2000000
	326  -  MemoryUsage of job (MB)
	333432  -  ResidentSetSize of job (KB)
...
006 (014.1344.000) 05/10 13:17:28 Image size of job updated: 2000000
	371  -  MemoryUsage of job (MB)
	378972  -  ResidentSetSize of job (KB)
...
006 (014.1344.000) 05/10 13:17:34 Image size of job updated: 2000000
	394  -  MemoryUsage of job (MB)
	402996  -  ResidentSetSize of job (KB)
...
006 (014.1344.000) 05/10 13:17:40 Image size of job updated: 2000000
	478  -  MemoryUsage of job (MB)
	488664  -  ResidentSetSize of job (KB)
...
006 (014.1344.000) 05/10 13:17:46 Image size of job updated: 2000000
	547  -  MemoryUsage of job (MB)
	559284  -  ResidentSetSize of job (KB)
...
006 (014.1344.000) 05/10 13:17:52 Image size of job updated: 2000000
	1237  -  MemoryUsage of job (MB)
	1266276  -  ResidentSetSize of job (KB)
...
006 (014.1344.000) 05/10 13:34:04 Image size of job updated: 2000000
	1400  -  MemoryUsage of job (MB)
	1433388  -  ResidentSetSize of job (KB)
...
006 (014.1344.000) 05/10 13:34:09 Image size of job updated: 2000000
	1655  -  MemoryUsage of job (MB)
	1694220  -  ResidentSetSize of job (KB)
...
006 (014.1344.000) 05/10 13:34:14 Image size of job updated: 2445044
	1968  -  MemoryUsage of job (MB)
	2014320  -  ResidentSetSize of job (KB)
...
006 (014.1344.000) 05/10 13:34:29 Image size of job updated: 2730228
	2017  -  MemoryUsage of job (MB)
	2065404  -  ResidentSetSize of job (KB)
...
006 (014.1344.000) 05/10 13:34:34 Image size of job updated: 2730228
	2106  -  MemoryUsage of job (MB)
	2155956  -  ResidentSetSize of job (KB)
...
006 (014.1344.000) 05/10 13:34:39 Image size of job updated: 2901236
	2165  -  MemoryUsage of job (MB)
	2216016  -  ResidentSetSize of job (KB)
...
006 (014.1344.000) 05/10 13:34:44 Image size of job updated: 2935028
	2206  -  MemoryUsage of job (MB)
	2258916  -  ResidentSetSize of job (KB)
...
006 (014.1344.000) 05/10 13:34:49 Image size of job updated: 2967796
	2241  -  MemoryUsage of job (MB)
	2294424  -  ResidentSetSize of job (KB)
...
006 (014.1344.000) 05/10 13:34:54 Image size of job updated: 2982132
	2273  -  MemoryUsage of job (MB)
	2326764  -  ResidentSetSize of job (KB)
...
006 (014.1344.000) 05/10 13:34:59 Image size of job updated: 2982132
	2304  -  MemoryUsage of job (MB)
	2358444  -  ResidentSetSize of job (KB)
...
006 (014.1344.000) 05/10 13:35:04 Image size of job updated: 3048692
	2334  -  MemoryUsage of job (MB)
	2389728  -  ResidentSetSize of job (KB)
...
006 (014.1344.000) 05/10 13:35:09 Image size of job updated: 3048692
	2364  -  MemoryUsage of job (MB)
	2420352  -  ResidentSetSize of job (KB)
...
006 (014.1344.000) 05/10 13:35:14 Image size of job updated: 3048692
	2394  -  MemoryUsage of job (MB)
	2451240  -  ResidentSetSize of job (KB)
...
006 (014.1344.000) 05/10 13:35:19 Image size of job updated: 3146996
	2425  -  MemoryUsage of job (MB)
	2482392  -  ResidentSetSize of job (KB)
...
006 (014.1344.000) 05/10 13:35:24 Image size of job updated: 3146996
	2455  -  MemoryUsage of job (MB)
	2513544  -  ResidentSetSize of job (KB)
...
006 (014.1344.000) 05/10 13:35:29 Image size of job updated: 3146996
	2486  -  MemoryUsage of job (MB)
	2544696  -  ResidentSetSize of job (KB)
...
006 (014.1344.000) 05/10 13:35:34 Image size of job updated: 3252468
	2516  -  MemoryUsage of job (MB)
	2576244  -  ResidentSetSize of job (KB)
...
006 (014.1344.000) 05/10 13:35:39 Image size of job updated: 3267828
	2547  -  MemoryUsage of job (MB)
	2607528  -  ResidentSetSize of job (KB)
...
006 (014.1344.000) 05/10 13:35:44 Image size of job updated: 3267828
	2578  -  MemoryUsage of job (MB)
	2639340  -  ResidentSetSize of job (KB)
...
006 (014.1344.000) 05/10 13:35:49 Image size of job updated: 3345652
	2608  -  MemoryUsage of job (MB)
	2669832  -  ResidentSetSize of job (KB)
...
006 (014.1344.000) 05/10 13:35:54 Image size of job updated: 3354868
	2639  -  MemoryUsage of job (MB)
	2701512  -  ResidentSetSize of job (KB)
...
006 (014.1344.000) 05/10 13:35:59 Image size of job updated: 3392756
	2672  -  MemoryUsage of job (MB)
	2735832  -  ResidentSetSize of job (KB)
...
006 (014.1344.000) 05/10 13:36:04 Image size of job updated: 3448052
	2704  -  MemoryUsage of job (MB)
	2768304  -  ResidentSetSize of job (KB)
...
006 (014.1344.000) 05/10 13:36:09 Image size of job updated: 3448052
	2736  -  MemoryUsage of job (MB)
	2801172  -  ResidentSetSize of job (KB)
...
006 (014.1344.000) 05/10 13:36:14 Image size of job updated: 3513588
	2767  -  MemoryUsage of job (MB)
	2833380  -  ResidentSetSize of job (KB)
...
006 (014.1344.000) 05/10 13:36:19 Image size of job updated: 3513588
	2799  -  MemoryUsage of job (MB)
	2865852  -  ResidentSetSize of job (KB)
...
006 (014.1344.000) 05/10 13:36:24 Image size of job updated: 3558644
	2831  -  MemoryUsage of job (MB)
	2898324  -  ResidentSetSize of job (KB)
...
006 (014.1344.000) 05/10 13:36:29 Image size of job updated: 3558644
	2862  -  MemoryUsage of job (MB)
	2930004  -  ResidentSetSize of job (KB)
...
006 (014.1344.000) 05/10 13:36:34 Image size of job updated: 3558644
	2893  -  MemoryUsage of job (MB)
	2961552  -  ResidentSetSize of job (KB)
...
006 (014.1344.000) 05/10 13:36:39 Image size of job updated: 3647732
	2924  -  MemoryUsage of job (MB)
	2994024  -  ResidentSetSize of job (KB)
...
006 (014.1344.000) 05/10 13:36:44 Image size of job updated: 3647732
	2955  -  MemoryUsage of job (MB)
	3025572  -  ResidentSetSize of job (KB)
...
006 (014.1344.000) 05/10 13:36:49 Image size of job updated: 3647732
	2986  -  MemoryUsage of job (MB)
	3057648  -  ResidentSetSize of job (KB)
...
006 (014.1344.000) 05/10 13:36:54 Image size of job updated: 3742964
	3018  -  MemoryUsage of job (MB)
	3089856  -  ResidentSetSize of job (KB)
...
006 (014.1344.000) 05/10 13:36:59 Image size of job updated: 3742964
	3050  -  MemoryUsage of job (MB)
	3122196  -  ResidentSetSize of job (KB)
...
006 (014.1344.000) 05/10 13:37:04 Image size of job updated: 3742964
	3081  -  MemoryUsage of job (MB)
	3154800  -  ResidentSetSize of job (KB)
...
006 (014.1344.000) 05/10 13:37:09 Image size of job updated: 3840244
	3111  -  MemoryUsage of job (MB)
	3185160  -  ResidentSetSize of job (KB)
...
006 (014.1344.000) 05/10 13:37:14 Image size of job updated: 3840244
	3140  -  MemoryUsage of job (MB)
	3214992  -  ResidentSetSize of job (KB)
...
006 (014.1344.000) 05/10 13:37:19 Image size of job updated: 3840244
	3171  -  MemoryUsage of job (MB)
	3246408  -  ResidentSetSize of job (KB)
...
006 (014.1344.000) 05/10 13:37:24 Image size of job updated: 3931380
	3202  -  MemoryUsage of job (MB)
	3277956  -  ResidentSetSize of job (KB)
...
006 (014.1344.000) 05/10 13:37:29 Image size of job updated: 3931380
	3233  -  MemoryUsage of job (MB)
	3310560  -  ResidentSetSize of job (KB)
...
006 (014.1344.000) 05/10 13:37:34 Image size of job updated: 3931380
	3263  -  MemoryUsage of job (MB)
	3340788  -  ResidentSetSize of job (KB)
...
006 (014.1344.000) 05/10 13:37:39 Image size of job updated: 4029684
	3293  -  MemoryUsage of job (MB)
	3371148  -  ResidentSetSize of job (KB)
...
006 (014.1344.000) 05/10 13:37:44 Image size of job updated: 4029684
	3323  -  MemoryUsage of job (MB)
	3401772  -  ResidentSetSize of job (KB)
...
006 (014.1344.000) 05/10 13:37:49 Image size of job updated: 4029684
	3353  -  MemoryUsage of job (MB)
	3432528  -  ResidentSetSize of job (KB)
...
006 (014.1344.000) 05/10 13:37:55 Image size of job updated: 4122868
	3389  -  MemoryUsage of job (MB)
	3469488  -  ResidentSetSize of job (KB)
...
006 (014.1344.000) 05/10 13:38:01 Image size of job updated: 4122868
	3424  -  MemoryUsage of job (MB)
	3505920  -  ResidentSetSize of job (KB)
...
006 (014.1344.000) 05/10 13:38:07 Image size of job updated: 4212980
	3453  -  MemoryUsage of job (MB)
	3535092  -  ResidentSetSize of job (KB)
...
006 (014.1344.000) 05/10 13:38:13 Image size of job updated: 4212980
	3479  -  MemoryUsage of job (MB)
	3561888  -  ResidentSetSize of job (KB)
...
006 (014.1344.000) 05/10 13:38:19 Image size of job updated: 4212980
	3489  -  MemoryUsage of job (MB)
	3572184  -  ResidentSetSize of job (KB)
...
006 (014.1344.000) 05/10 13:38:25 Image size of job updated: 4322548
	3502  -  MemoryUsage of job (MB)
	3585120  -  ResidentSetSize of job (KB)
...
006 (014.1344.000) 05/10 13:38:31 Image size of job updated: 4350196
	3535  -  MemoryUsage of job (MB)
	3619440  -  ResidentSetSize of job (KB)
...
006 (014.1344.000) 05/10 13:38:37 Image size of job updated: 4393204
	3570  -  MemoryUsage of job (MB)
	3654948  -  ResidentSetSize of job (KB)
...
006 (014.1344.000) 05/10 13:38:43 Image size of job updated: 4393204
	3604  -  MemoryUsage of job (MB)
	3690324  -  ResidentSetSize of job (KB)
...
006 (014.1344.000) 05/10 13:38:49 Image size of job updated: 4393204
	3621  -  MemoryUsage of job (MB)
	3707220  -  ResidentSetSize of job (KB)
...
006 (014.1344.000) 05/10 13:38:55 Image size of job updated: 4480244
	3621  -  MemoryUsage of job (MB)
	3707220  -  ResidentSetSize of job (KB)
...
006 (014.1344.000) 05/10 13:39:01 Image size of job updated: 4480244
	3641  -  MemoryUsage of job (MB)
	3727680  -  ResidentSetSize of job (KB)
...
006 (014.1344.000) 05/10 13:39:07 Image size of job updated: 4558068
	3657  -  MemoryUsage of job (MB)
	3744444  -  ResidentSetSize of job (KB)
...
006 (014.1344.000) 05/10 13:39:13 Image size of job updated: 4569332
	3690  -  MemoryUsage of job (MB)
	3777840  -  ResidentSetSize of job (KB)
...
006 (014.1344.000) 05/10 13:39:19 Image size of job updated: 4569332
	3722  -  MemoryUsage of job (MB)
	3810840  -  ResidentSetSize of job (KB)
...
006 (014.1344.000) 05/10 13:39:25 Image size of job updated: 4643060
	3755  -  MemoryUsage of job (MB)
	3844500  -  ResidentSetSize of job (KB)
...
006 (014.1344.000) 05/10 13:39:31 Image size of job updated: 4643060
	3788  -  MemoryUsage of job (MB)
	3878028  -  ResidentSetSize of job (KB)
...
006 (014.1344.000) 05/10 13:39:37 Image size of job updated: 4643060
	3821  -  MemoryUsage of job (MB)
	3912348  -  ResidentSetSize of job (KB)
...
006 (014.1344.000) 05/10 13:39:43 Image size of job updated: 4728052
	3855  -  MemoryUsage of job (MB)
	3946668  -  ResidentSetSize of job (KB)
...
006 (014.1344.000) 05/10 13:39:49 Image size of job updated: 4728052
	3889  -  MemoryUsage of job (MB)
	3981912  -  ResidentSetSize of job (KB)
...
006 (014.1344.000) 05/10 13:39:55 Image size of job updated: 4826356
	3922  -  MemoryUsage of job (MB)
	4016100  -  ResidentSetSize of job (KB)
...
006 (014.1344.000) 05/10 13:40:01 Image size of job updated: 4861172
	3956  -  MemoryUsage of job (MB)
	4050024  -  ResidentSetSize of job (KB)
...
006 (014.1344.000) 05/10 13:40:07 Image size of job updated: 4861172
	3989  -  MemoryUsage of job (MB)
	4083948  -  ResidentSetSize of job (KB)
...
006 (014.1344.000) 05/10 13:40:13 Image size of job updated: 4911348
	4024  -  MemoryUsage of job (MB)
	4119852  -  ResidentSetSize of job (KB)
...
006 (014.1344.000) 05/10 13:40:19 Image size of job updated: 4911348
	4059  -  MemoryUsage of job (MB)
	4155492  -  ResidentSetSize of job (KB)
...
006 (014.1344.000) 05/10 13:40:25 Image size of job updated: 4998388
	4092  -  MemoryUsage of job (MB)
	4189812  -  ResidentSetSize of job (KB)
...
006 (014.1344.000) 05/10 13:40:31 Image size of job updated: 4998388
	4126  -  MemoryUsage of job (MB)
	4224396  -  ResidentSetSize of job (KB)
...
006 (014.1344.000) 05/10 13:40:37 Image size of job updated: 5040372
	4160  -  MemoryUsage of job (MB)
	4259112  -  ResidentSetSize of job (KB)
...
006 (014.1344.000) 05/10 13:40:43 Image size of job updated: 5095668
	4193  -  MemoryUsage of job (MB)
	4293168  -  ResidentSetSize of job (KB)
...
006 (014.1344.000) 05/10 13:40:49 Image size of job updated: 5095668
	4226  -  MemoryUsage of job (MB)
	4326696  -  ResidentSetSize of job (KB)
...
006 (014.1344.000) 05/10 13:40:55 Image size of job updated: 5095668
	4452  -  MemoryUsage of job (MB)
	4557960  -  ResidentSetSize of job (KB)
...
006 (014.1344.000) 05/10 13:41:01 Image size of job updated: 5361908
	4452  -  MemoryUsage of job (MB)
	4557960  -  ResidentSetSize of job (KB)
...
005 (014.1344.000) 05/10 13:41:01 Job terminated.
	(1) Normal termination (return value 0)
		Usr 0 00:24:26, Sys 0 00:00:07  -  Run Remote Usage
		Usr 0 00:00:00, Sys 0 00:00:00  -  Run Local Usage
		Usr 0 00:24:26, Sys 0 00:00:07  -  Total Remote Usage
		Usr 0 00:00:00, Sys 0 00:00:00  -  Total Local Usage
	0  -  Run Bytes Sent By Job
	0  -  Run Bytes Received By Job
	0  -  Total Bytes Sent By Job
	0  -  Total Bytes Received By Job
	Partitionable Resources :      Usage  Request Allocated 
	   Cpus                 :       0.96        1         1 
	   Disk (KB)            : 2000000     2000000   6232219 
	   Memory (MB)          :    4452        1954      2007 
...
