000 (040.9155.000) 04/27 18:46:36 Job submitted from host: <127.0.0.1:9618?addrs=127.0.0.1-9618&noUDP&sock=222_da1d_4>
...
001 (040.9155.000) 04/28 10:04:06 Job executing on host: <127.0.0.1:9618?addrs=127.0.0.1-9618&noUDP&sock=222_da1d_5>
...
006 (040.9155.000) 04/28 10:04:11 Image size of job updated: 338052
	331  -  MemoryUsage of job (MB)
	338052  -  ResidentSetSize of job (KB)
...
006 (040.9155.000) 04/28 10:04:16 Image size of job updated: 648912
	634  -  MemoryUsage of job (MB)
	648912  -  ResidentSetSize of job (KB)
...
006 (040.9155.000) 04/28 10:04:21 Image size of job updated: 690756
	665  -  MemoryUsage of job (MB)
	680064  -  ResidentSetSize of job (KB)
...
006 (040.9155.000) 04/28 10:04:26 Image size of job updated: 695376
	665  -  MemoryUsage of job (MB)
	680064  -  ResidentSetSize of job (KB)
...
005 (040.9155.000) 04/28 10:06:53 Job terminated.
	(1) Normal termination (return value 0)
		Usr 0 00:02:43, Sys 0 00:00:00  -  Run Remote Usage
		Usr 0 00:00:00, Sys 0 00:00:00  -  Run Local Usage
		Usr 0 00:02:43, Sys 0 00:00:00  -  Total Remote Usage
		Usr 0 00:00:00, Sys 0 00:00:00  -  Total Local Usage
	0  -  Run Bytes Sent By Job
	0  -  Run Bytes Received By Job
	0  -  Total Bytes Sent By Job
	0  -  Total Bytes Received By Job
	Partitionable Resources :    Usage  Request Allocated 
	   Cpus                 :     0.99        1         1 
	   Disk (KB)            :     1           1   6540465 
	   Memory (MB)          :   665           1      2007 
...
