000 (005.8058.000) 05/05 20:25:12 Job submitted from host: <127.0.0.1:9618?addrs=127.0.0.1-9618&noUDP&sock=227_4816_4>
...
033 (005.8058.000) 05/06 14:17:42 Changing job attribute JobPrio from 0 to -10
...
009 (005.8058.000) 05/07 21:45:00 Job was aborted by the user.
	via condor_rm (by user aw868)
...
000 (011.1007.000) 05/08 17:21:22 Job submitted from host: <127.0.0.1:9618?addrs=127.0.0.1-9618&noUDP&sock=212_fe2a_4>
...
033 (011.1007.000) 05/08 20:41:35 Changing job attribute JobPrio from 0 to -5
...
001 (011.1007.000) 05/09 00:29:30 Job executing on host: <127.0.0.1:9618?addrs=127.0.0.1-9618&noUDP&sock=212_fe2a_5>
...
006 (011.1007.000) 05/09 00:29:35 Image size of job updated: 2000000
	19  -  MemoryUsage of job (MB)
	19272  -  ResidentSetSize of job (KB)
...
006 (011.1007.000) 05/09 00:29:42 Image size of job updated: 2000000
	27  -  MemoryUsage of job (MB)
	27456  -  ResidentSetSize of job (KB)
...
006 (011.1007.000) 05/09 00:29:47 Image size of job updated: 2000000
	78  -  MemoryUsage of job (MB)
	79068  -  ResidentSetSize of job (KB)
...
006 (011.1007.000) 05/09 00:29:52 Image size of job updated: 2000000
	101  -  MemoryUsage of job (MB)
	102432  -  ResidentSetSize of job (KB)
...
006 (011.1007.000) 05/09 00:37:23 Image size of job updated: 2000000
	116  -  MemoryUsage of job (MB)
	118668  -  ResidentSetSize of job (KB)
...
006 (011.1007.000) 05/09 00:37:29 Image size of job updated: 2000000
	184  -  MemoryUsage of job (MB)
	187440  -  ResidentSetSize of job (KB)
...
006 (011.1007.000) 05/09 00:37:34 Image size of job updated: 2000000
	185  -  MemoryUsage of job (MB)
	188760  -  ResidentSetSize of job (KB)
...
006 (011.1007.000) 05/09 00:37:40 Image size of job updated: 2000000
	203  -  MemoryUsage of job (MB)
	206976  -  ResidentSetSize of job (KB)
...
006 (011.1007.000) 05/09 00:37:46 Image size of job updated: 2000000
	218  -  MemoryUsage of job (MB)
	222420  -  ResidentSetSize of job (KB)
...
006 (011.1007.000) 05/09 00:37:52 Image size of job updated: 2000000
	230  -  MemoryUsage of job (MB)
	235224  -  ResidentSetSize of job (KB)
...
006 (011.1007.000) 05/09 00:37:58 Image size of job updated: 2000000
	238  -  MemoryUsage of job (MB)
	243276  -  ResidentSetSize of job (KB)
...
006 (011.1007.000) 05/09 00:38:04 Image size of job updated: 2000000
	241  -  MemoryUsage of job (MB)
	245784  -  ResidentSetSize of job (KB)
...
006 (011.1007.000) 05/09 00:38:10 Image size of job updated: 2000000
	259  -  MemoryUsage of job (MB)
	264660  -  ResidentSetSize of job (KB)
...
006 (011.1007.000) 05/09 00:38:16 Image size of job updated: 2000000
	307  -  MemoryUsage of job (MB)
	313896  -  ResidentSetSize of job (KB)
...
006 (011.1007.000) 05/09 00:38:22 Image size of job updated: 2000000
	328  -  MemoryUsage of job (MB)
	335676  -  ResidentSetSize of job (KB)
...
006 (011.1007.000) 05/09 00:38:34 Image size of job updated: 2000000
	335  -  MemoryUsage of job (MB)
	342672  -  ResidentSetSize of job (KB)
...
006 (011.1007.000) 05/09 00:38:40 Image size of job updated: 2000000
	356  -  MemoryUsage of job (MB)
	363528  -  ResidentSetSize of job (KB)
...
006 (011.1007.000) 05/09 00:38:46 Image size of job updated: 2000000
	454  -  MemoryUsage of job (MB)
	464640  -  ResidentSetSize of job (KB)
...
006 (011.1007.000) 05/09 00:38:52 Image size of job updated: 2000000
	1168  -  MemoryUsage of job (MB)
	1195656  -  ResidentSetSize of job (KB)
...
006 (011.1007.000) 05/09 00:47:12 Image size of job updated: 2000000
	1170  -  MemoryUsage of job (MB)
	1197636  -  ResidentSetSize of job (KB)
...
006 (011.1007.000) 05/09 00:47:17 Image size of job updated: 2000000
	1248  -  MemoryUsage of job (MB)
	1277496  -  ResidentSetSize of job (KB)
...
006 (011.1007.000) 05/09 00:47:22 Image size of job updated: 2000000
	1672  -  MemoryUsage of job (MB)
	1711644  -  ResidentSetSize of job (KB)
...
006 (011.1007.000) 05/09 00:47:27 Image size of job updated: 2000000
	1889  -  MemoryUsage of job (MB)
	1934328  -  ResidentSetSize of job (KB)
...
006 (011.1007.000) 05/09 00:47:32 Image size of job updated: 2607584
	1946  -  MemoryUsage of job (MB)
	1991880  -  ResidentSetSize of job (KB)
...
006 (011.1007.000) 05/09 00:47:37 Image size of job updated: 2607584
	1970  -  MemoryUsage of job (MB)
	2016432  -  ResidentSetSize of job (KB)
...
006 (011.1007.000) 05/09 00:47:42 Image size of job updated: 2607584
	1989  -  MemoryUsage of job (MB)
	2036628  -  ResidentSetSize of job (KB)
...
006 (011.1007.000) 05/09 00:47:48 Image size of job updated: 2677216
	2012  -  MemoryUsage of job (MB)
	2059728  -  ResidentSetSize of job (KB)
...
006 (011.1007.000) 05/09 00:47:54 Image size of job updated: 2677216
	2036  -  MemoryUsage of job (MB)
	2084412  -  ResidentSetSize of job (KB)
...
006 (011.1007.000) 05/09 00:48:00 Image size of job updated: 2737632
	2059  -  MemoryUsage of job (MB)
	2107776  -  ResidentSetSize of job (KB)
...
006 (011.1007.000) 05/09 00:48:06 Image size of job updated: 2737632
	2083  -  MemoryUsage of job (MB)
	2132460  -  ResidentSetSize of job (KB)
...
006 (011.1007.000) 05/09 00:48:12 Image size of job updated: 2781664
	2110  -  MemoryUsage of job (MB)
	2159916  -  ResidentSetSize of job (KB)
...
006 (011.1007.000) 05/09 00:48:18 Image size of job updated: 2812384
	2131  -  MemoryUsage of job (MB)
	2182092  -  ResidentSetSize of job (KB)
...
006 (011.1007.000) 05/09 00:48:24 Image size of job updated: 2812384
	2158  -  MemoryUsage of job (MB)
	2208888  -  ResidentSetSize of job (KB)
...
006 (011.1007.000) 05/09 00:48:30 Image size of job updated: 2861536
	2182  -  MemoryUsage of job (MB)
	2233968  -  ResidentSetSize of job (KB)
...
006 (011.1007.000) 05/09 00:48:36 Image size of job updated: 2882016
	2208  -  MemoryUsage of job (MB)
	2259972  -  ResidentSetSize of job (KB)
...
006 (011.1007.000) 05/09 00:48:42 Image size of job updated: 2882016
	2233  -  MemoryUsage of job (MB)
	2285844  -  ResidentSetSize of job (KB)
...
006 (011.1007.000) 05/09 00:48:48 Image size of job updated: 2924000
	2255  -  MemoryUsage of job (MB)
	2308680  -  ResidentSetSize of job (KB)
...
006 (011.1007.000) 05/09 00:48:54 Image size of job updated: 2924000
	2278  -  MemoryUsage of job (MB)
	2332572  -  ResidentSetSize of job (KB)
...
006 (011.1007.000) 05/09 00:49:00 Image size of job updated: 2985440
	2303  -  MemoryUsage of job (MB)
	2357916  -  ResidentSetSize of job (KB)
...
006 (011.1007.000) 05/09 00:49:06 Image size of job updated: 2985440
	2325  -  MemoryUsage of job (MB)
	2379960  -  ResidentSetSize of job (KB)
...
006 (011.1007.000) 05/09 00:49:12 Image size of job updated: 2985440
	2350  -  MemoryUsage of job (MB)
	2405700  -  ResidentSetSize of job (KB)
...
006 (011.1007.000) 05/09 00:49:18 Image size of job updated: 3048928
	2374  -  MemoryUsage of job (MB)
	2430648  -  ResidentSetSize of job (KB)
...
006 (011.1007.000) 05/09 00:49:24 Image size of job updated: 3048928
	2397  -  MemoryUsage of job (MB)
	2453748  -  ResidentSetSize of job (KB)
...
006 (011.1007.000) 05/09 00:49:30 Image size of job updated: 3048928
	2420  -  MemoryUsage of job (MB)
	2477112  -  ResidentSetSize of job (KB)
...
006 (011.1007.000) 05/09 00:49:36 Image size of job updated: 3107296
	2442  -  MemoryUsage of job (MB)
	2500344  -  ResidentSetSize of job (KB)
...
006 (011.1007.000) 05/09 00:49:42 Image size of job updated: 3107296
	2466  -  MemoryUsage of job (MB)
	2524896  -  ResidentSetSize of job (KB)
...
006 (011.1007.000) 05/09 00:49:48 Image size of job updated: 3165664
	2486  -  MemoryUsage of job (MB)
	2545620  -  ResidentSetSize of job (KB)
...
006 (011.1007.000) 05/09 00:49:54 Image size of job updated: 3165664
	2505  -  MemoryUsage of job (MB)
	2564364  -  ResidentSetSize of job (KB)
...
006 (011.1007.000) 05/09 00:50:00 Image size of job updated: 3165664
	2526  -  MemoryUsage of job (MB)
	2585748  -  ResidentSetSize of job (KB)
...
006 (011.1007.000) 05/09 00:50:06 Image size of job updated: 3219936
	2546  -  MemoryUsage of job (MB)
	2606208  -  ResidentSetSize of job (KB)
...
006 (011.1007.000) 05/09 00:50:12 Image size of job updated: 3219936
	2569  -  MemoryUsage of job (MB)
	2629704  -  ResidentSetSize of job (KB)
...
006 (011.1007.000) 05/09 00:50:18 Image size of job updated: 3274208
	2587  -  MemoryUsage of job (MB)
	2648976  -  ResidentSetSize of job (KB)
...
006 (011.1007.000) 05/09 00:50:24 Image size of job updated: 3274208
	2609  -  MemoryUsage of job (MB)
	2671416  -  ResidentSetSize of job (KB)
...
006 (011.1007.000) 05/09 00:50:30 Image size of job updated: 3274208
	2630  -  MemoryUsage of job (MB)
	2692668  -  ResidentSetSize of job (KB)
...
006 (011.1007.000) 05/09 00:50:36 Image size of job updated: 3328480
	2651  -  MemoryUsage of job (MB)
	2714448  -  ResidentSetSize of job (KB)
...
006 (011.1007.000) 05/09 00:50:42 Image size of job updated: 3328480
	2666  -  MemoryUsage of job (MB)
	2729100  -  ResidentSetSize of job (KB)
...
006 (011.1007.000) 05/09 00:50:48 Image size of job updated: 3368416
	2681  -  MemoryUsage of job (MB)
	2744940  -  ResidentSetSize of job (KB)
...
006 (011.1007.000) 05/09 00:50:54 Image size of job updated: 3368416
	2696  -  MemoryUsage of job (MB)
	2759724  -  ResidentSetSize of job (KB)
...
006 (011.1007.000) 05/09 00:51:00 Image size of job updated: 3394016
	2709  -  MemoryUsage of job (MB)
	2773848  -  ResidentSetSize of job (KB)
...
006 (011.1007.000) 05/09 00:51:06 Image size of job updated: 3406304
	2724  -  MemoryUsage of job (MB)
	2789292  -  ResidentSetSize of job (KB)
...
006 (011.1007.000) 05/09 00:51:12 Image size of job updated: 3406304
	2740  -  MemoryUsage of job (MB)
	2805264  -  ResidentSetSize of job (KB)
...
006 (011.1007.000) 05/09 00:51:18 Image size of job updated: 3445216
	2755  -  MemoryUsage of job (MB)
	2820180  -  ResidentSetSize of job (KB)
...
006 (011.1007.000) 05/09 00:51:24 Image size of job updated: 3445216
	2772  -  MemoryUsage of job (MB)
	2837604  -  ResidentSetSize of job (KB)
...
006 (011.1007.000) 05/09 00:51:30 Image size of job updated: 3445216
	2794  -  MemoryUsage of job (MB)
	2860176  -  ResidentSetSize of job (KB)
...
006 (011.1007.000) 05/09 00:51:36 Image size of job updated: 3492320
	2814  -  MemoryUsage of job (MB)
	2880900  -  ResidentSetSize of job (KB)
...
006 (011.1007.000) 05/09 00:51:42 Image size of job updated: 3492320
	2831  -  MemoryUsage of job (MB)
	2898588  -  ResidentSetSize of job (KB)
...
006 (011.1007.000) 05/09 00:51:48 Image size of job updated: 3542496
	2852  -  MemoryUsage of job (MB)
	2920368  -  ResidentSetSize of job (KB)
...
006 (011.1007.000) 05/09 00:51:55 Image size of job updated: 3542496
	2870  -  MemoryUsage of job (MB)
	2938584  -  ResidentSetSize of job (KB)
...
006 (011.1007.000) 05/09 00:52:06 Image size of job updated: 3588576
	2903  -  MemoryUsage of job (MB)
	2972508  -  ResidentSetSize of job (KB)
...
006 (011.1007.000) 05/09 00:52:14 Image size of job updated: 3605984
	2926  -  MemoryUsage of job (MB)
	2996136  -  ResidentSetSize of job (KB)
...
006 (011.1007.000) 05/09 00:52:20 Image size of job updated: 3631584
	2943  -  MemoryUsage of job (MB)
	3012900  -  ResidentSetSize of job (KB)
...
006 (011.1007.000) 05/09 00:52:26 Image size of job updated: 3631584
	2958  -  MemoryUsage of job (MB)
	3028740  -  ResidentSetSize of job (KB)
...
006 (011.1007.000) 05/09 00:52:32 Image size of job updated: 3792352
	3115  -  MemoryUsage of job (MB)
	3188988  -  ResidentSetSize of job (KB)
...
006 (011.1007.000) 05/09 00:52:38 Image size of job updated: 3846624
	3115  -  MemoryUsage of job (MB)
	3188988  -  ResidentSetSize of job (KB)
...
005 (011.1007.000) 05/09 00:52:39 Job terminated.
	(1) Normal termination (return value 0)
		Usr 0 00:14:49, Sys 0 00:00:02  -  Run Remote Usage
		Usr 0 00:00:00, Sys 0 00:00:00  -  Run Local Usage
		Usr 0 00:14:49, Sys 0 00:00:02  -  Total Remote Usage
		Usr 0 00:00:00, Sys 0 00:00:00  -  Total Local Usage
	0  -  Run Bytes Sent By Job
	0  -  Run Bytes Received By Job
	0  -  Total Bytes Sent By Job
	0  -  Total Bytes Received By Job
	Partitionable Resources :      Usage  Request Allocated 
	   Cpus                 :       1.00        1         1 
	   Disk (KB)            : 2000000     2000000   6232219 
	   Memory (MB)          :    3115        1954      2007 
...
