000 (205.10011.000) 05/06 03:22:32 Job submitted from host: <127.0.0.1:9618?addrs=127.0.0.1-9618&noUDP&sock=222_da1d_4>
...
033 (205.10011.000) 05/06 14:24:29 Changing job attribute JobPrio from 0 to -5
...
000 (007.10011.000) 05/07 19:01:16 Job submitted from host: <127.0.0.1:9618?addrs=127.0.0.1-9618&noUDP&sock=215_0cf3_4>
...
000 (016.10011.000) 05/08 15:58:19 Job submitted from host: <127.0.0.1:9618?addrs=127.0.0.1-9618&noUDP&sock=227_4816_4>
...
009 (016.10011.000) 05/09 16:56:45 Job was aborted by the user.
	via condor_rm (by user aw868)
...
000 (014.2850.000) 05/09 17:31:34 Job submitted from host: <127.0.0.1:9618?addrs=127.0.0.1-9618&noUDP&sock=212_fe2a_4>
...
033 (014.2850.000) 05/09 17:33:30 Changing job attribute JobPrio from 0 to -10
...
033 (014.2850.000) 05/09 21:35:55 Changing job attribute JobPrio from -10 to -15
...
001 (014.2850.000) 05/11 00:06:03 Job executing on host: <127.0.0.1:9618?addrs=127.0.0.1-9618&noUDP&sock=212_fe2a_5>
...
006 (014.2850.000) 05/11 00:06:09 Image size of job updated: 2000000
	115  -  MemoryUsage of job (MB)
	117084  -  ResidentSetSize of job (KB)
...
006 (014.2850.000) 05/11 00:06:39 Image size of job updated: 2000000
	189  -  MemoryUsage of job (MB)
	193512  -  ResidentSetSize of job (KB)
...
006 (014.2850.000) 05/11 00:06:45 Image size of job updated: 2000000
	211  -  MemoryUsage of job (MB)
	215556  -  ResidentSetSize of job (KB)
...
006 (014.2850.000) 05/11 00:06:51 Image size of job updated: 2000000
	212  -  MemoryUsage of job (MB)
	216084  -  ResidentSetSize of job (KB)
...
006 (014.2850.000) 05/11 00:06:57 Image size of job updated: 2000000
	223  -  MemoryUsage of job (MB)
	227700  -  ResidentSetSize of job (KB)
...
006 (014.2850.000) 05/11 00:07:03 Image size of job updated: 2000000
	235  -  MemoryUsage of job (MB)
	239844  -  ResidentSetSize of job (KB)
...
006 (014.2850.000) 05/11 00:07:09 Image size of job updated: 2000000
	247  -  MemoryUsage of job (MB)
	252516  -  ResidentSetSize of job (KB)
...
006 (014.2850.000) 05/11 00:07:15 Image size of job updated: 2000000
	260  -  MemoryUsage of job (MB)
	266112  -  ResidentSetSize of job (KB)
...
006 (014.2850.000) 05/11 00:07:21 Image size of job updated: 2000000
	271  -  MemoryUsage of job (MB)
	276540  -  ResidentSetSize of job (KB)
...
006 (014.2850.000) 05/11 00:07:27 Image size of job updated: 2000000
	287  -  MemoryUsage of job (MB)
	293436  -  ResidentSetSize of job (KB)
...
006 (014.2850.000) 05/11 00:07:33 Image size of job updated: 2000000
	349  -  MemoryUsage of job (MB)
	357192  -  ResidentSetSize of job (KB)
...
006 (014.2850.000) 05/11 00:07:39 Image size of job updated: 2000000
	380  -  MemoryUsage of job (MB)
	388476  -  ResidentSetSize of job (KB)
...
006 (014.2850.000) 05/11 00:07:45 Image size of job updated: 2000000
	431  -  MemoryUsage of job (MB)
	440616  -  ResidentSetSize of job (KB)
...
006 (014.2850.000) 05/11 00:07:51 Image size of job updated: 2000000
	494  -  MemoryUsage of job (MB)
	505824  -  ResidentSetSize of job (KB)
...
006 (014.2850.000) 05/11 00:07:57 Image size of job updated: 2000000
	551  -  MemoryUsage of job (MB)
	564168  -  ResidentSetSize of job (KB)
...
006 (014.2850.000) 05/11 00:08:03 Image size of job updated: 2000000
	1245  -  MemoryUsage of job (MB)
	1274196  -  ResidentSetSize of job (KB)
...
006 (014.2850.000) 05/11 00:25:00 Image size of job updated: 2265428
	1457  -  MemoryUsage of job (MB)
	1491336  -  ResidentSetSize of job (KB)
...
006 (014.2850.000) 05/11 00:25:06 Image size of job updated: 2265428
	1562  -  MemoryUsage of job (MB)
	1599048  -  ResidentSetSize of job (KB)
...
006 (014.2850.000) 05/11 00:25:12 Image size of job updated: 2370004
	1647  -  MemoryUsage of job (MB)
	1686036  -  ResidentSetSize of job (KB)
...
006 (014.2850.000) 05/11 00:25:17 Image size of job updated: 2454228
	1746  -  MemoryUsage of job (MB)
	1787676  -  ResidentSetSize of job (KB)
...
006 (014.2850.000) 05/11 00:25:22 Image size of job updated: 2454228
	1936  -  MemoryUsage of job (MB)
	1981716  -  ResidentSetSize of job (KB)
...
006 (014.2850.000) 05/11 00:25:27 Image size of job updated: 2454228
	1940  -  MemoryUsage of job (MB)
	1986468  -  ResidentSetSize of job (KB)
...
006 (014.2850.000) 05/11 00:25:32 Image size of job updated: 2685172
	1979  -  MemoryUsage of job (MB)
	2025936  -  ResidentSetSize of job (KB)
...
006 (014.2850.000) 05/11 00:25:37 Image size of job updated: 2685172
	2063  -  MemoryUsage of job (MB)
	2111868  -  ResidentSetSize of job (KB)
...
006 (014.2850.000) 05/11 00:25:42 Image size of job updated: 2790644
	2135  -  MemoryUsage of job (MB)
	2186184  -  ResidentSetSize of job (KB)
...
006 (014.2850.000) 05/11 00:25:47 Image size of job updated: 2900212
	2185  -  MemoryUsage of job (MB)
	2237136  -  ResidentSetSize of job (KB)
...
006 (014.2850.000) 05/11 00:25:52 Image size of job updated: 2900212
	2222  -  MemoryUsage of job (MB)
	2274360  -  ResidentSetSize of job (KB)
...
006 (014.2850.000) 05/11 00:25:57 Image size of job updated: 2981108
	2256  -  MemoryUsage of job (MB)
	2309604  -  ResidentSetSize of job (KB)
...
006 (014.2850.000) 05/11 00:26:02 Image size of job updated: 3011828
	2293  -  MemoryUsage of job (MB)
	2347488  -  ResidentSetSize of job (KB)
...
006 (014.2850.000) 05/11 00:26:07 Image size of job updated: 3024116
	2322  -  MemoryUsage of job (MB)
	2377452  -  ResidentSetSize of job (KB)
...
006 (014.2850.000) 05/11 00:26:12 Image size of job updated: 3024116
	2350  -  MemoryUsage of job (MB)
	2406228  -  ResidentSetSize of job (KB)
...
006 (014.2850.000) 05/11 00:26:17 Image size of job updated: 3099892
	2379  -  MemoryUsage of job (MB)
	2435136  -  ResidentSetSize of job (KB)
...
006 (014.2850.000) 05/11 00:26:22 Image size of job updated: 3099892
	2406  -  MemoryUsage of job (MB)
	2463384  -  ResidentSetSize of job (KB)
...
006 (014.2850.000) 05/11 00:26:27 Image size of job updated: 3140852
	2435  -  MemoryUsage of job (MB)
	2492424  -  ResidentSetSize of job (KB)
...
006 (014.2850.000) 05/11 00:26:32 Image size of job updated: 3186932
	2462  -  MemoryUsage of job (MB)
	2520936  -  ResidentSetSize of job (KB)
...
006 (014.2850.000) 05/11 00:26:37 Image size of job updated: 3202292
	2491  -  MemoryUsage of job (MB)
	2549976  -  ResidentSetSize of job (KB)
...
006 (014.2850.000) 05/11 00:26:42 Image size of job updated: 3228916
	2519  -  MemoryUsage of job (MB)
	2578620  -  ResidentSetSize of job (KB)
...
006 (014.2850.000) 05/11 00:26:47 Image size of job updated: 3228916
	2547  -  MemoryUsage of job (MB)
	2607924  -  ResidentSetSize of job (KB)
...
006 (014.2850.000) 05/11 00:26:52 Image size of job updated: 3295476
	2578  -  MemoryUsage of job (MB)
	2639208  -  ResidentSetSize of job (KB)
...
006 (014.2850.000) 05/11 00:26:57 Image size of job updated: 3316980
	2610  -  MemoryUsage of job (MB)
	2671812  -  ResidentSetSize of job (KB)
...
006 (014.2850.000) 05/11 00:27:02 Image size of job updated: 3316980
	2640  -  MemoryUsage of job (MB)
	2702700  -  ResidentSetSize of job (KB)
...
006 (014.2850.000) 05/11 00:27:07 Image size of job updated: 3378420
	2670  -  MemoryUsage of job (MB)
	2733060  -  ResidentSetSize of job (KB)
...
006 (014.2850.000) 05/11 00:27:12 Image size of job updated: 3378420
	2699  -  MemoryUsage of job (MB)
	2763420  -  ResidentSetSize of job (KB)
...
006 (014.2850.000) 05/11 00:27:17 Image size of job updated: 3455220
	2732  -  MemoryUsage of job (MB)
	2796816  -  ResidentSetSize of job (KB)
...
006 (014.2850.000) 05/11 00:27:22 Image size of job updated: 3476724
	2769  -  MemoryUsage of job (MB)
	2834436  -  ResidentSetSize of job (KB)
...
006 (014.2850.000) 05/11 00:27:27 Image size of job updated: 3476724
	2800  -  MemoryUsage of job (MB)
	2866644  -  ResidentSetSize of job (KB)
...
006 (014.2850.000) 05/11 00:27:32 Image size of job updated: 3476724
	2829  -  MemoryUsage of job (MB)
	2896344  -  ResidentSetSize of job (KB)
...
006 (014.2850.000) 05/11 00:27:37 Image size of job updated: 3577076
	2858  -  MemoryUsage of job (MB)
	2926044  -  ResidentSetSize of job (KB)
...
006 (014.2850.000) 05/11 00:27:42 Image size of job updated: 3577076
	2889  -  MemoryUsage of job (MB)
	2957592  -  ResidentSetSize of job (KB)
...
006 (014.2850.000) 05/11 00:27:47 Image size of job updated: 3577076
	2918  -  MemoryUsage of job (MB)
	2987820  -  ResidentSetSize of job (KB)
...
006 (014.2850.000) 05/11 00:27:52 Image size of job updated: 3676404
	2948  -  MemoryUsage of job (MB)
	3018576  -  ResidentSetSize of job (KB)
...
006 (014.2850.000) 05/11 00:27:57 Image size of job updated: 3698932
	2978  -  MemoryUsage of job (MB)
	3049068  -  ResidentSetSize of job (KB)
...
006 (014.2850.000) 05/11 00:28:02 Image size of job updated: 3724532
	3009  -  MemoryUsage of job (MB)
	3080220  -  ResidentSetSize of job (KB)
...
006 (014.2850.000) 05/11 00:28:07 Image size of job updated: 3763444
	3044  -  MemoryUsage of job (MB)
	3117048  -  ResidentSetSize of job (KB)
...
006 (014.2850.000) 05/11 00:28:12 Image size of job updated: 3763444
	3081  -  MemoryUsage of job (MB)
	3154536  -  ResidentSetSize of job (KB)
...
006 (014.2850.000) 05/11 00:28:17 Image size of job updated: 3763444
	3110  -  MemoryUsage of job (MB)
	3183840  -  ResidentSetSize of job (KB)
...
006 (014.2850.000) 05/11 00:28:22 Image size of job updated: 3867892
	3137  -  MemoryUsage of job (MB)
	3212220  -  ResidentSetSize of job (KB)
...
006 (014.2850.000) 05/11 00:28:27 Image size of job updated: 3867892
	3171  -  MemoryUsage of job (MB)
	3246672  -  ResidentSetSize of job (KB)
...
006 (014.2850.000) 05/11 00:28:32 Image size of job updated: 3867892
	3205  -  MemoryUsage of job (MB)
	3281520  -  ResidentSetSize of job (KB)
...
006 (014.2850.000) 05/11 00:28:37 Image size of job updated: 3964148
	3237  -  MemoryUsage of job (MB)
	3313728  -  ResidentSetSize of job (KB)
...
006 (014.2850.000) 05/11 00:28:42 Image size of job updated: 3964148
	3266  -  MemoryUsage of job (MB)
	3343824  -  ResidentSetSize of job (KB)
...
006 (014.2850.000) 05/11 00:28:47 Image size of job updated: 4026612
	3293  -  MemoryUsage of job (MB)
	3371940  -  ResidentSetSize of job (KB)
...
006 (014.2850.000) 05/11 00:28:52 Image size of job updated: 4060404
	3321  -  MemoryUsage of job (MB)
	3400452  -  ResidentSetSize of job (KB)
...
006 (014.2850.000) 05/11 00:28:57 Image size of job updated: 4060404
	3349  -  MemoryUsage of job (MB)
	3428832  -  ResidentSetSize of job (KB)
...
006 (014.2850.000) 05/11 00:29:02 Image size of job updated: 4060404
	3376  -  MemoryUsage of job (MB)
	3456816  -  ResidentSetSize of job (KB)
...
006 (014.2850.000) 05/11 00:29:07 Image size of job updated: 4144372
	3404  -  MemoryUsage of job (MB)
	3485064  -  ResidentSetSize of job (KB)
...
006 (014.2850.000) 05/11 00:29:12 Image size of job updated: 4144372
	3430  -  MemoryUsage of job (MB)
	3511728  -  ResidentSetSize of job (KB)
...
006 (014.2850.000) 05/11 00:29:17 Image size of job updated: 4144372
	3457  -  MemoryUsage of job (MB)
	3539052  -  ResidentSetSize of job (KB)
...
006 (014.2850.000) 05/11 00:29:22 Image size of job updated: 4225268
	3483  -  MemoryUsage of job (MB)
	3566244  -  ResidentSetSize of job (KB)
...
006 (014.2850.000) 05/11 00:29:27 Image size of job updated: 4225268
	3510  -  MemoryUsage of job (MB)
	3593304  -  ResidentSetSize of job (KB)
...
006 (014.2850.000) 05/11 00:29:32 Image size of job updated: 4225268
	3530  -  MemoryUsage of job (MB)
	3614424  -  ResidentSetSize of job (KB)
...
006 (014.2850.000) 05/11 00:29:37 Image size of job updated: 4319476
	3546  -  MemoryUsage of job (MB)
	3630528  -  ResidentSetSize of job (KB)
...
006 (014.2850.000) 05/11 00:29:52 Image size of job updated: 4410612
	3546  -  MemoryUsage of job (MB)
	3630528  -  ResidentSetSize of job (KB)
...
006 (014.2850.000) 05/11 00:29:57 Image size of job updated: 4430068
	3546  -  MemoryUsage of job (MB)
	3630528  -  ResidentSetSize of job (KB)
...
006 (014.2850.000) 05/11 00:30:02 Image size of job updated: 4450548
	3568  -  MemoryUsage of job (MB)
	3653496  -  ResidentSetSize of job (KB)
...
006 (014.2850.000) 05/11 00:30:07 Image size of job updated: 4481268
	3597  -  MemoryUsage of job (MB)
	3682932  -  ResidentSetSize of job (KB)
...
006 (014.2850.000) 05/11 00:30:12 Image size of job updated: 4510964
	3625  -  MemoryUsage of job (MB)
	3711180  -  ResidentSetSize of job (KB)
...
006 (014.2850.000) 05/11 00:30:17 Image size of job updated: 4539636
	3651  -  MemoryUsage of job (MB)
	3738240  -  ResidentSetSize of job (KB)
...
006 (014.2850.000) 05/11 00:30:22 Image size of job updated: 4539636
	3678  -  MemoryUsage of job (MB)
	3765564  -  ResidentSetSize of job (KB)
...
006 (014.2850.000) 05/11 00:30:28 Image size of job updated: 4582644
	3717  -  MemoryUsage of job (MB)
	3805296  -  ResidentSetSize of job (KB)
...
006 (014.2850.000) 05/11 00:30:34 Image size of job updated: 4582644
	3760  -  MemoryUsage of job (MB)
	3849252  -  ResidentSetSize of job (KB)
...
006 (014.2850.000) 05/11 00:30:40 Image size of job updated: 4697332
	3802  -  MemoryUsage of job (MB)
	3892944  -  ResidentSetSize of job (KB)
...
006 (014.2850.000) 05/11 00:30:46 Image size of job updated: 4697332
	3844  -  MemoryUsage of job (MB)
	3935580  -  ResidentSetSize of job (KB)
...
006 (014.2850.000) 05/11 00:30:52 Image size of job updated: 4697332
	3880  -  MemoryUsage of job (MB)
	3973068  -  ResidentSetSize of job (KB)
...
006 (014.2850.000) 05/11 00:30:58 Image size of job updated: 4800756
	3921  -  MemoryUsage of job (MB)
	4014780  -  ResidentSetSize of job (KB)
...
006 (014.2850.000) 05/11 00:31:04 Image size of job updated: 4800756
	3955  -  MemoryUsage of job (MB)
	4049100  -  ResidentSetSize of job (KB)
...
006 (014.2850.000) 05/11 00:31:10 Image size of job updated: 4800756
	3985  -  MemoryUsage of job (MB)
	4080384  -  ResidentSetSize of job (KB)
...
006 (014.2850.000) 05/11 00:31:16 Image size of job updated: 4889844
	4018  -  MemoryUsage of job (MB)
	4113912  -  ResidentSetSize of job (KB)
...
006 (014.2850.000) 05/11 00:31:22 Image size of job updated: 4889844
	4052  -  MemoryUsage of job (MB)
	4148232  -  ResidentSetSize of job (KB)
...
006 (014.2850.000) 05/11 00:31:28 Image size of job updated: 4979956
	4084  -  MemoryUsage of job (MB)
	4181232  -  ResidentSetSize of job (KB)
...
006 (014.2850.000) 05/11 00:31:34 Image size of job updated: 4979956
	4263  -  MemoryUsage of job (MB)
	4365240  -  ResidentSetSize of job (KB)
...
006 (014.2850.000) 05/11 00:31:40 Image size of job updated: 4979956
	4289  -  MemoryUsage of job (MB)
	4391772  -  ResidentSetSize of job (KB)
...
006 (014.2850.000) 05/11 00:31:48 Image size of job updated: 5216500
	4289  -  MemoryUsage of job (MB)
	4391772  -  ResidentSetSize of job (KB)
...
006 (014.2850.000) 05/11 00:31:53 Image size of job updated: 5217524
	4289  -  MemoryUsage of job (MB)
	4391772  -  ResidentSetSize of job (KB)
...
005 (014.2850.000) 05/11 00:31:53 Job terminated.
	(1) Normal termination (return value 0)
		Usr 0 00:24:47, Sys 0 00:00:09  -  Run Remote Usage
		Usr 0 00:00:00, Sys 0 00:00:00  -  Run Local Usage
		Usr 0 00:24:47, Sys 0 00:00:09  -  Total Remote Usage
		Usr 0 00:00:00, Sys 0 00:00:00  -  Total Local Usage
	0  -  Run Bytes Sent By Job
	0  -  Run Bytes Received By Job
	0  -  Total Bytes Sent By Job
	0  -  Total Bytes Received By Job
	Partitionable Resources :      Usage  Request Allocated 
	   Cpus                 :       0.86        1         1 
	   Disk (KB)            : 2000000     2000000   6232219 
	   Memory (MB)          :    4289        1954      2007 
...
