000 (005.3846.000) 05/05 20:23:15 Job submitted from host: <127.0.0.1:9618?addrs=127.0.0.1-9618&noUDP&sock=227_4816_4>
...
033 (005.3846.000) 05/06 14:16:36 Changing job attribute JobPrio from 0 to -10
...
001 (005.3846.000) 05/07 01:00:46 Job executing on host: <127.0.0.1:9618?addrs=127.0.0.1-9618&noUDP&sock=227_4816_5>
...
006 (005.3846.000) 05/07 01:00:52 Image size of job updated: 2000000
	101  -  MemoryUsage of job (MB)
	102960  -  ResidentSetSize of job (KB)
...
006 (005.3846.000) 05/07 01:01:16 Image size of job updated: 2000000
	145  -  MemoryUsage of job (MB)
	147708  -  ResidentSetSize of job (KB)
...
006 (005.3846.000) 05/07 01:01:22 Image size of job updated: 2000000
	184  -  MemoryUsage of job (MB)
	187968  -  ResidentSetSize of job (KB)
...
006 (005.3846.000) 05/07 01:01:28 Image size of job updated: 2000000
	185  -  MemoryUsage of job (MB)
	188496  -  ResidentSetSize of job (KB)
...
006 (005.3846.000) 05/07 01:01:34 Image size of job updated: 2000000
	195  -  MemoryUsage of job (MB)
	199320  -  ResidentSetSize of job (KB)
...
006 (005.3846.000) 05/07 01:01:40 Image size of job updated: 2000000
	207  -  MemoryUsage of job (MB)
	211596  -  ResidentSetSize of job (KB)
...
006 (005.3846.000) 05/07 01:01:46 Image size of job updated: 2000000
	217  -  MemoryUsage of job (MB)
	221628  -  ResidentSetSize of job (KB)
...
006 (005.3846.000) 05/07 01:01:52 Image size of job updated: 2000000
	230  -  MemoryUsage of job (MB)
	234564  -  ResidentSetSize of job (KB)
...
006 (005.3846.000) 05/07 01:01:58 Image size of job updated: 2000000
	238  -  MemoryUsage of job (MB)
	243672  -  ResidentSetSize of job (KB)
...
006 (005.3846.000) 05/07 01:02:04 Image size of job updated: 2000000
	260  -  MemoryUsage of job (MB)
	265452  -  ResidentSetSize of job (KB)
...
006 (005.3846.000) 05/07 01:02:10 Image size of job updated: 2000000
	305  -  MemoryUsage of job (MB)
	311652  -  ResidentSetSize of job (KB)
...
006 (005.3846.000) 05/07 01:02:16 Image size of job updated: 2000000
	329  -  MemoryUsage of job (MB)
	336204  -  ResidentSetSize of job (KB)
...
006 (005.3846.000) 05/07 01:02:22 Image size of job updated: 2000000
	404  -  MemoryUsage of job (MB)
	412764  -  ResidentSetSize of job (KB)
...
006 (005.3846.000) 05/07 01:02:28 Image size of job updated: 2000000
	464  -  MemoryUsage of job (MB)
	474540  -  ResidentSetSize of job (KB)
...
006 (005.3846.000) 05/07 01:02:34 Image size of job updated: 2000000
	1169  -  MemoryUsage of job (MB)
	1196448  -  ResidentSetSize of job (KB)
...
006 (005.3846.000) 05/07 01:16:28 Image size of job updated: 2000000
	1170  -  MemoryUsage of job (MB)
	1197504  -  ResidentSetSize of job (KB)
...
006 (005.3846.000) 05/07 01:16:34 Image size of job updated: 2000000
	1198  -  MemoryUsage of job (MB)
	1226412  -  ResidentSetSize of job (KB)
...
006 (005.3846.000) 05/07 01:16:40 Image size of job updated: 2000000
	1552  -  MemoryUsage of job (MB)
	1588356  -  ResidentSetSize of job (KB)
...
006 (005.3846.000) 05/07 01:16:46 Image size of job updated: 2000000
	1636  -  MemoryUsage of job (MB)
	1674552  -  ResidentSetSize of job (KB)
...
006 (005.3846.000) 05/07 01:16:52 Image size of job updated: 2561004
	1890  -  MemoryUsage of job (MB)
	1934724  -  ResidentSetSize of job (KB)
...
006 (005.3846.000) 05/07 01:16:58 Image size of job updated: 2561004
	1944  -  MemoryUsage of job (MB)
	1989768  -  ResidentSetSize of job (KB)
...
006 (005.3846.000) 05/07 01:17:04 Image size of job updated: 2634732
	1966  -  MemoryUsage of job (MB)
	2012340  -  ResidentSetSize of job (KB)
...
006 (005.3846.000) 05/07 01:17:10 Image size of job updated: 2652140
	1984  -  MemoryUsage of job (MB)
	2031612  -  ResidentSetSize of job (KB)
...
006 (005.3846.000) 05/07 01:17:16 Image size of job updated: 2652140
	2002  -  MemoryUsage of job (MB)
	2049696  -  ResidentSetSize of job (KB)
...
006 (005.3846.000) 05/07 01:17:22 Image size of job updated: 2652140
	2020  -  MemoryUsage of job (MB)
	2067780  -  ResidentSetSize of job (KB)
...
006 (005.3846.000) 05/07 01:17:28 Image size of job updated: 2702316
	2037  -  MemoryUsage of job (MB)
	2085468  -  ResidentSetSize of job (KB)
...
006 (005.3846.000) 05/07 01:17:34 Image size of job updated: 2733036
	2055  -  MemoryUsage of job (MB)
	2103552  -  ResidentSetSize of job (KB)
...
006 (005.3846.000) 05/07 01:17:40 Image size of job updated: 2747372
	2072  -  MemoryUsage of job (MB)
	2121636  -  ResidentSetSize of job (KB)
...
006 (005.3846.000) 05/07 01:17:46 Image size of job updated: 2747372
	2090  -  MemoryUsage of job (MB)
	2139984  -  ResidentSetSize of job (KB)
...
006 (005.3846.000) 05/07 01:17:52 Image size of job updated: 2775020
	2111  -  MemoryUsage of job (MB)
	2160708  -  ResidentSetSize of job (KB)
...
006 (005.3846.000) 05/07 01:17:58 Image size of job updated: 2796524
	2127  -  MemoryUsage of job (MB)
	2178000  -  ResidentSetSize of job (KB)
...
006 (005.3846.000) 05/07 01:18:04 Image size of job updated: 2796524
	2143  -  MemoryUsage of job (MB)
	2194368  -  ResidentSetSize of job (KB)
...
006 (005.3846.000) 05/07 01:18:10 Image size of job updated: 2840556
	2160  -  MemoryUsage of job (MB)
	2211396  -  ResidentSetSize of job (KB)
...
006 (005.3846.000) 05/07 01:18:16 Image size of job updated: 2840556
	2179  -  MemoryUsage of job (MB)
	2230800  -  ResidentSetSize of job (KB)
...
006 (005.3846.000) 05/07 01:18:22 Image size of job updated: 2840556
	2197  -  MemoryUsage of job (MB)
	2249412  -  ResidentSetSize of job (KB)
...
006 (005.3846.000) 05/07 01:18:28 Image size of job updated: 2887660
	2214  -  MemoryUsage of job (MB)
	2266572  -  ResidentSetSize of job (KB)
...
006 (005.3846.000) 05/07 01:18:34 Image size of job updated: 2908140
	2228  -  MemoryUsage of job (MB)
	2281092  -  ResidentSetSize of job (KB)
...
006 (005.3846.000) 05/07 01:18:40 Image size of job updated: 2908140
	2242  -  MemoryUsage of job (MB)
	2295348  -  ResidentSetSize of job (KB)
...
006 (005.3846.000) 05/07 01:18:46 Image size of job updated: 2941932
	2259  -  MemoryUsage of job (MB)
	2312508  -  ResidentSetSize of job (KB)
...
006 (005.3846.000) 05/07 01:18:52 Image size of job updated: 2957292
	2274  -  MemoryUsage of job (MB)
	2328084  -  ResidentSetSize of job (KB)
...
006 (005.3846.000) 05/07 01:18:58 Image size of job updated: 2971628
	2291  -  MemoryUsage of job (MB)
	2345244  -  ResidentSetSize of job (KB)
...
006 (005.3846.000) 05/07 01:19:04 Image size of job updated: 2971628
	2309  -  MemoryUsage of job (MB)
	2363988  -  ResidentSetSize of job (KB)
...
006 (005.3846.000) 05/07 01:19:10 Image size of job updated: 2971628
	2326  -  MemoryUsage of job (MB)
	2381412  -  ResidentSetSize of job (KB)
...
006 (005.3846.000) 05/07 01:19:16 Image size of job updated: 3017708
	2343  -  MemoryUsage of job (MB)
	2398704  -  ResidentSetSize of job (KB)
...
006 (005.3846.000) 05/07 01:19:22 Image size of job updated: 3017708
	2359  -  MemoryUsage of job (MB)
	2414676  -  ResidentSetSize of job (KB)
...
006 (005.3846.000) 05/07 01:19:28 Image size of job updated: 3017708
	2375  -  MemoryUsage of job (MB)
	2431308  -  ResidentSetSize of job (KB)
...
006 (005.3846.000) 05/07 01:19:34 Image size of job updated: 3061740
	2392  -  MemoryUsage of job (MB)
	2449392  -  ResidentSetSize of job (KB)
...
006 (005.3846.000) 05/07 01:19:40 Image size of job updated: 3061740
	2411  -  MemoryUsage of job (MB)
	2468796  -  ResidentSetSize of job (KB)
...
006 (005.3846.000) 05/07 01:19:46 Image size of job updated: 3108844
	2428  -  MemoryUsage of job (MB)
	2486088  -  ResidentSetSize of job (KB)
...
006 (005.3846.000) 05/07 01:19:52 Image size of job updated: 3121132
	2445  -  MemoryUsage of job (MB)
	2502720  -  ResidentSetSize of job (KB)
...
006 (005.3846.000) 05/07 01:19:58 Image size of job updated: 3140588
	2460  -  MemoryUsage of job (MB)
	2518956  -  ResidentSetSize of job (KB)
...
006 (005.3846.000) 05/07 01:20:04 Image size of job updated: 3152876
	2478  -  MemoryUsage of job (MB)
	2537172  -  ResidentSetSize of job (KB)
...
006 (005.3846.000) 05/07 01:20:10 Image size of job updated: 3171308
	2496  -  MemoryUsage of job (MB)
	2555520  -  ResidentSetSize of job (KB)
...
006 (005.3846.000) 05/07 01:20:16 Image size of job updated: 3185644
	2511  -  MemoryUsage of job (MB)
	2571096  -  ResidentSetSize of job (KB)
...
006 (005.3846.000) 05/07 01:20:22 Image size of job updated: 3215340
	2528  -  MemoryUsage of job (MB)
	2588256  -  ResidentSetSize of job (KB)
...
006 (005.3846.000) 05/07 01:20:28 Image size of job updated: 3223532
	2547  -  MemoryUsage of job (MB)
	2607264  -  ResidentSetSize of job (KB)
...
006 (005.3846.000) 05/07 01:20:34 Image size of job updated: 3249132
	2564  -  MemoryUsage of job (MB)
	2625348  -  ResidentSetSize of job (KB)
...
006 (005.3846.000) 05/07 01:20:40 Image size of job updated: 3254252
	2581  -  MemoryUsage of job (MB)
	2642244  -  ResidentSetSize of job (KB)
...
006 (005.3846.000) 05/07 01:20:46 Image size of job updated: 3254252
	2600  -  MemoryUsage of job (MB)
	2662044  -  ResidentSetSize of job (KB)
...
006 (005.3846.000) 05/07 01:20:52 Image size of job updated: 3300332
	2617  -  MemoryUsage of job (MB)
	2679468  -  ResidentSetSize of job (KB)
...
006 (005.3846.000) 05/07 01:20:59 Image size of job updated: 3313644
	2632  -  MemoryUsage of job (MB)
	2694648  -  ResidentSetSize of job (KB)
...
006 (005.3846.000) 05/07 01:21:04 Image size of job updated: 3323884
	2646  -  MemoryUsage of job (MB)
	2708640  -  ResidentSetSize of job (KB)
...
006 (005.3846.000) 05/07 01:21:09 Image size of job updated: 3340268
	2660  -  MemoryUsage of job (MB)
	2723820  -  ResidentSetSize of job (KB)
...
006 (005.3846.000) 05/07 01:21:14 Image size of job updated: 3340268
	2677  -  MemoryUsage of job (MB)
	2740320  -  ResidentSetSize of job (KB)
...
006 (005.3846.000) 05/07 01:21:19 Image size of job updated: 3340268
	2691  -  MemoryUsage of job (MB)
	2754576  -  ResidentSetSize of job (KB)
...
006 (005.3846.000) 05/07 01:21:24 Image size of job updated: 3387372
	2705  -  MemoryUsage of job (MB)
	2769228  -  ResidentSetSize of job (KB)
...
006 (005.3846.000) 05/07 01:21:29 Image size of job updated: 3387372
	2721  -  MemoryUsage of job (MB)
	2785332  -  ResidentSetSize of job (KB)
...
006 (005.3846.000) 05/07 01:21:34 Image size of job updated: 3418092
	2734  -  MemoryUsage of job (MB)
	2799324  -  ResidentSetSize of job (KB)
...
006 (005.3846.000) 05/07 01:21:39 Image size of job updated: 3435500
	2749  -  MemoryUsage of job (MB)
	2814240  -  ResidentSetSize of job (KB)
...
006 (005.3846.000) 05/07 01:21:44 Image size of job updated: 3435500
	2764  -  MemoryUsage of job (MB)
	2830080  -  ResidentSetSize of job (KB)
...
006 (005.3846.000) 05/07 01:21:49 Image size of job updated: 3435500
	2779  -  MemoryUsage of job (MB)
	2844732  -  ResidentSetSize of job (KB)
...
006 (005.3846.000) 05/07 01:21:54 Image size of job updated: 3484652
	2792  -  MemoryUsage of job (MB)
	2858460  -  ResidentSetSize of job (KB)
...
006 (005.3846.000) 05/07 01:21:59 Image size of job updated: 3494892
	2805  -  MemoryUsage of job (MB)
	2871528  -  ResidentSetSize of job (KB)
...
006 (005.3846.000) 05/07 01:22:04 Image size of job updated: 3494892
	2819  -  MemoryUsage of job (MB)
	2886312  -  ResidentSetSize of job (KB)
...
006 (005.3846.000) 05/07 01:22:09 Image size of job updated: 3525612
	2832  -  MemoryUsage of job (MB)
	2899512  -  ResidentSetSize of job (KB)
...
006 (005.3846.000) 05/07 01:22:14 Image size of job updated: 3540972
	2845  -  MemoryUsage of job (MB)
	2912844  -  ResidentSetSize of job (KB)
...
006 (005.3846.000) 05/07 01:22:19 Image size of job updated: 3547116
	2856  -  MemoryUsage of job (MB)
	2924460  -  ResidentSetSize of job (KB)
...
006 (005.3846.000) 05/07 01:22:24 Image size of job updated: 3562476
	2869  -  MemoryUsage of job (MB)
	2937000  -  ResidentSetSize of job (KB)
...
006 (005.3846.000) 05/07 01:22:29 Image size of job updated: 3562476
	2886  -  MemoryUsage of job (MB)
	2954292  -  ResidentSetSize of job (KB)
...
006 (005.3846.000) 05/07 01:22:34 Image size of job updated: 3562476
	2900  -  MemoryUsage of job (MB)
	2969472  -  ResidentSetSize of job (KB)
...
006 (005.3846.000) 05/07 01:22:39 Image size of job updated: 3609580
	2915  -  MemoryUsage of job (MB)
	2984652  -  ResidentSetSize of job (KB)
...
006 (005.3846.000) 05/07 01:22:44 Image size of job updated: 3609580
	2930  -  MemoryUsage of job (MB)
	2999436  -  ResidentSetSize of job (KB)
...
006 (005.3846.000) 05/07 01:22:49 Image size of job updated: 3609580
	2946  -  MemoryUsage of job (MB)
	3016200  -  ResidentSetSize of job (KB)
...
006 (005.3846.000) 05/07 01:22:54 Image size of job updated: 3657708
	2959  -  MemoryUsage of job (MB)
	3029664  -  ResidentSetSize of job (KB)
...
006 (005.3846.000) 05/07 01:22:59 Image size of job updated: 3669996
	2976  -  MemoryUsage of job (MB)
	3046560  -  ResidentSetSize of job (KB)
...
006 (005.3846.000) 05/07 01:23:04 Image size of job updated: 3669996
	2990  -  MemoryUsage of job (MB)
	3061344  -  ResidentSetSize of job (KB)
...
006 (005.3846.000) 05/07 01:23:09 Image size of job updated: 3669996
	3005  -  MemoryUsage of job (MB)
	3076128  -  ResidentSetSize of job (KB)
...
006 (005.3846.000) 05/07 01:23:14 Image size of job updated: 3705836
	3019  -  MemoryUsage of job (MB)
	3090648  -  ResidentSetSize of job (KB)
...
006 (005.3846.000) 05/07 01:23:19 Image size of job updated: 3705836
	3034  -  MemoryUsage of job (MB)
	3106488  -  ResidentSetSize of job (KB)
...
006 (005.3846.000) 05/07 01:23:24 Image size of job updated: 3705836
	3048  -  MemoryUsage of job (MB)
	3120480  -  ResidentSetSize of job (KB)
...
006 (005.3846.000) 05/07 01:23:29 Image size of job updated: 3751916
	3062  -  MemoryUsage of job (MB)
	3135396  -  ResidentSetSize of job (KB)
...
006 (005.3846.000) 05/07 01:23:34 Image size of job updated: 3751916
	3078  -  MemoryUsage of job (MB)
	3151764  -  ResidentSetSize of job (KB)
...
006 (005.3846.000) 05/07 01:23:39 Image size of job updated: 3751916
	3092  -  MemoryUsage of job (MB)
	3165228  -  ResidentSetSize of job (KB)
...
006 (005.3846.000) 05/07 01:23:44 Image size of job updated: 3795948
	3106  -  MemoryUsage of job (MB)
	3180012  -  ResidentSetSize of job (KB)
...
006 (005.3846.000) 05/07 01:23:49 Image size of job updated: 3795948
	3119  -  MemoryUsage of job (MB)
	3193344  -  ResidentSetSize of job (KB)
...
006 (005.3846.000) 05/07 01:23:54 Image size of job updated: 3795948
	3135  -  MemoryUsage of job (MB)
	3209580  -  ResidentSetSize of job (KB)
...
006 (005.3846.000) 05/07 01:23:59 Image size of job updated: 3839980
	3150  -  MemoryUsage of job (MB)
	3225024  -  ResidentSetSize of job (KB)
...
006 (005.3846.000) 05/07 01:24:04 Image size of job updated: 3839980
	3163  -  MemoryUsage of job (MB)
	3238224  -  ResidentSetSize of job (KB)
...
006 (005.3846.000) 05/07 01:24:09 Image size of job updated: 3875820
	3174  -  MemoryUsage of job (MB)
	3249180  -  ResidentSetSize of job (KB)
...
006 (005.3846.000) 05/07 01:24:14 Image size of job updated: 3882988
	3187  -  MemoryUsage of job (MB)
	3263304  -  ResidentSetSize of job (KB)
...
006 (005.3846.000) 05/07 01:24:19 Image size of job updated: 3882988
	3201  -  MemoryUsage of job (MB)
	3277692  -  ResidentSetSize of job (KB)
...
006 (005.3846.000) 05/07 01:24:24 Image size of job updated: 3882988
	3215  -  MemoryUsage of job (MB)
	3291948  -  ResidentSetSize of job (KB)
...
006 (005.3846.000) 05/07 01:24:29 Image size of job updated: 3925996
	3229  -  MemoryUsage of job (MB)
	3305544  -  ResidentSetSize of job (KB)
...
006 (005.3846.000) 05/07 01:24:34 Image size of job updated: 3925996
	3242  -  MemoryUsage of job (MB)
	3318876  -  ResidentSetSize of job (KB)
...
006 (005.3846.000) 05/07 01:24:39 Image size of job updated: 3925996
	3258  -  MemoryUsage of job (MB)
	3335244  -  ResidentSetSize of job (KB)
...
006 (005.3846.000) 05/07 01:24:44 Image size of job updated: 3971052
	3329  -  MemoryUsage of job (MB)
	3408372  -  ResidentSetSize of job (KB)
...
006 (005.3846.000) 05/07 01:24:49 Image size of job updated: 3971052
	3477  -  MemoryUsage of job (MB)
	3560304  -  ResidentSetSize of job (KB)
...
006 (005.3846.000) 05/07 01:24:54 Image size of job updated: 4112876
	3477  -  MemoryUsage of job (MB)
	3560304  -  ResidentSetSize of job (KB)
...
005 (005.3846.000) 05/07 01:24:54 Job terminated.
	(1) Normal termination (return value 0)
		Usr 0 00:23:40, Sys 0 00:00:03  -  Run Remote Usage
		Usr 0 00:00:00, Sys 0 00:00:00  -  Run Local Usage
		Usr 0 00:23:40, Sys 0 00:00:03  -  Total Remote Usage
		Usr 0 00:00:00, Sys 0 00:00:00  -  Total Local Usage
	0  -  Run Bytes Sent By Job
	0  -  Run Bytes Received By Job
	0  -  Total Bytes Sent By Job
	0  -  Total Bytes Received By Job
	Partitionable Resources :      Usage  Request Allocated 
	   Cpus                 :       0.99        1         1 
	   Disk (KB)            : 2000000     2000000   6275465 
	   Memory (MB)          :    3477        1954      2007 
...
