000 (205.9666.000) 05/06 03:22:22 Job submitted from host: <127.0.0.1:9618?addrs=127.0.0.1-9618&noUDP&sock=222_da1d_4>
...
033 (205.9666.000) 05/06 14:24:24 Changing job attribute JobPrio from 0 to -5
...
000 (007.9666.000) 05/07 19:01:12 Job submitted from host: <127.0.0.1:9618?addrs=127.0.0.1-9618&noUDP&sock=215_0cf3_4>
...
000 (016.9666.000) 05/08 15:58:15 Job submitted from host: <127.0.0.1:9618?addrs=127.0.0.1-9618&noUDP&sock=227_4816_4>
...
009 (016.9666.000) 05/09 16:56:36 Job was aborted by the user.
	via condor_rm (by user aw868)
...
000 (014.2505.000) 05/09 17:31:20 Job submitted from host: <127.0.0.1:9618?addrs=127.0.0.1-9618&noUDP&sock=212_fe2a_4>
...
033 (014.2505.000) 05/09 17:33:24 Changing job attribute JobPrio from 0 to -10
...
033 (014.2505.000) 05/09 21:35:50 Changing job attribute JobPrio from -10 to -15
...
001 (014.2505.000) 05/10 21:37:15 Job executing on host: <127.0.0.1:9618?addrs=127.0.0.1-9618&noUDP&sock=212_fe2a_5>
...
006 (014.2505.000) 05/10 21:37:21 Image size of job updated: 2000000
	115  -  MemoryUsage of job (MB)
	116952  -  ResidentSetSize of job (KB)
...
006 (014.2505.000) 05/10 21:37:45 Image size of job updated: 2000000
	119  -  MemoryUsage of job (MB)
	121440  -  ResidentSetSize of job (KB)
...
006 (014.2505.000) 05/10 21:37:51 Image size of job updated: 2000000
	210  -  MemoryUsage of job (MB)
	214632  -  ResidentSetSize of job (KB)
...
006 (014.2505.000) 05/10 21:37:57 Image size of job updated: 2000000
	211  -  MemoryUsage of job (MB)
	215688  -  ResidentSetSize of job (KB)
...
006 (014.2505.000) 05/10 21:38:03 Image size of job updated: 2000000
	218  -  MemoryUsage of job (MB)
	223212  -  ResidentSetSize of job (KB)
...
006 (014.2505.000) 05/10 21:38:09 Image size of job updated: 2000000
	232  -  MemoryUsage of job (MB)
	237468  -  ResidentSetSize of job (KB)
...
006 (014.2505.000) 05/10 21:38:15 Image size of job updated: 2000000
	246  -  MemoryUsage of job (MB)
	251592  -  ResidentSetSize of job (KB)
...
006 (014.2505.000) 05/10 21:38:21 Image size of job updated: 2000000
	261  -  MemoryUsage of job (MB)
	266640  -  ResidentSetSize of job (KB)
...
006 (014.2505.000) 05/10 21:38:27 Image size of job updated: 2000000
	270  -  MemoryUsage of job (MB)
	275880  -  ResidentSetSize of job (KB)
...
006 (014.2505.000) 05/10 21:38:33 Image size of job updated: 2000000
	284  -  MemoryUsage of job (MB)
	290664  -  ResidentSetSize of job (KB)
...
006 (014.2505.000) 05/10 21:38:39 Image size of job updated: 2000000
	333  -  MemoryUsage of job (MB)
	340956  -  ResidentSetSize of job (KB)
...
006 (014.2505.000) 05/10 21:38:45 Image size of job updated: 2000000
	380  -  MemoryUsage of job (MB)
	388608  -  ResidentSetSize of job (KB)
...
006 (014.2505.000) 05/10 21:38:51 Image size of job updated: 2000000
	384  -  MemoryUsage of job (MB)
	393096  -  ResidentSetSize of job (KB)
...
006 (014.2505.000) 05/10 21:38:57 Image size of job updated: 2000000
	498  -  MemoryUsage of job (MB)
	509520  -  ResidentSetSize of job (KB)
...
006 (014.2505.000) 05/10 21:39:03 Image size of job updated: 2000000
	1245  -  MemoryUsage of job (MB)
	1274328  -  ResidentSetSize of job (KB)
...
006 (014.2505.000) 05/10 21:57:27 Image size of job updated: 2000000
	1491  -  MemoryUsage of job (MB)
	1526316  -  ResidentSetSize of job (KB)
...
006 (014.2505.000) 05/10 21:57:33 Image size of job updated: 2000000
	1679  -  MemoryUsage of job (MB)
	1718376  -  ResidentSetSize of job (KB)
...
006 (014.2505.000) 05/10 21:57:39 Image size of job updated: 2454228
	1987  -  MemoryUsage of job (MB)
	2034120  -  ResidentSetSize of job (KB)
...
006 (014.2505.000) 05/10 21:57:51 Image size of job updated: 2751212
	2054  -  MemoryUsage of job (MB)
	2103156  -  ResidentSetSize of job (KB)
...
006 (014.2505.000) 05/10 21:58:07 Image size of job updated: 2751212
	2227  -  MemoryUsage of job (MB)
	2280300  -  ResidentSetSize of job (KB)
...
006 (014.2505.000) 05/10 21:58:13 Image size of job updated: 3014380
	2303  -  MemoryUsage of job (MB)
	2357784  -  ResidentSetSize of job (KB)
...
006 (014.2505.000) 05/10 21:58:19 Image size of job updated: 3101420
	2375  -  MemoryUsage of job (MB)
	2431968  -  ResidentSetSize of job (KB)
...
006 (014.2505.000) 05/10 21:58:25 Image size of job updated: 3101420
	2448  -  MemoryUsage of job (MB)
	2505888  -  ResidentSetSize of job (KB)
...
006 (014.2505.000) 05/10 21:58:31 Image size of job updated: 3197676
	2518  -  MemoryUsage of job (MB)
	2577696  -  ResidentSetSize of job (KB)
...
006 (014.2505.000) 05/10 21:58:37 Image size of job updated: 3287788
	2600  -  MemoryUsage of job (MB)
	2662308  -  ResidentSetSize of job (KB)
...
006 (014.2505.000) 05/10 21:58:43 Image size of job updated: 3287788
	2698  -  MemoryUsage of job (MB)
	2762364  -  ResidentSetSize of job (KB)
...
006 (014.2505.000) 05/10 21:58:49 Image size of job updated: 3518188
	2780  -  MemoryUsage of job (MB)
	2846712  -  ResidentSetSize of job (KB)
...
006 (014.2505.000) 05/10 21:58:55 Image size of job updated: 3518188
	2849  -  MemoryUsage of job (MB)
	2916540  -  ResidentSetSize of job (KB)
...
006 (014.2505.000) 05/10 21:59:01 Image size of job updated: 3647212
	2882  -  MemoryUsage of job (MB)
	2950200  -  ResidentSetSize of job (KB)
...
006 (014.2505.000) 05/10 21:59:07 Image size of job updated: 3678956
	2958  -  MemoryUsage of job (MB)
	3028344  -  ResidentSetSize of job (KB)
...
006 (014.2505.000) 05/10 21:59:13 Image size of job updated: 3678956
	3036  -  MemoryUsage of job (MB)
	3108600  -  ResidentSetSize of job (KB)
...
006 (014.2505.000) 05/10 21:59:19 Image size of job updated: 3872492
	3110  -  MemoryUsage of job (MB)
	3184500  -  ResidentSetSize of job (KB)
...
006 (014.2505.000) 05/10 21:59:25 Image size of job updated: 3872492
	3188  -  MemoryUsage of job (MB)
	3264492  -  ResidentSetSize of job (KB)
...
006 (014.2505.000) 05/10 21:59:46 Image size of job updated: 4032236
	3252  -  MemoryUsage of job (MB)
	3329964  -  ResidentSetSize of job (KB)
...
006 (014.2505.000) 05/10 22:00:29 Image size of job updated: 4478700
	3750  -  MemoryUsage of job (MB)
	3839220  -  ResidentSetSize of job (KB)
...
006 (014.2505.000) 05/10 22:01:03 Image size of job updated: 4961004
	4169  -  MemoryUsage of job (MB)
	4268220  -  ResidentSetSize of job (KB)
...
006 (014.2505.000) 05/10 22:01:24 Image size of job updated: 5149420
	4426  -  MemoryUsage of job (MB)
	4532220  -  ResidentSetSize of job (KB)
...
006 (014.2505.000) 05/10 22:01:37 Image size of job updated: 5347052
	4584  -  MemoryUsage of job (MB)
	4693656  -  ResidentSetSize of job (KB)
...
006 (014.2505.000) 05/10 22:01:45 Image size of job updated: 5347052
	4684  -  MemoryUsage of job (MB)
	4795956  -  ResidentSetSize of job (KB)
...
006 (014.2505.000) 05/10 22:01:51 Image size of job updated: 5557996
	4756  -  MemoryUsage of job (MB)
	4869876  -  ResidentSetSize of job (KB)
...
006 (014.2505.000) 05/10 22:01:57 Image size of job updated: 5557996
	4829  -  MemoryUsage of job (MB)
	4944588  -  ResidentSetSize of job (KB)
...
006 (014.2505.000) 05/10 22:02:03 Image size of job updated: 5557996
	4903  -  MemoryUsage of job (MB)
	5019960  -  ResidentSetSize of job (KB)
...
006 (014.2505.000) 05/10 22:02:09 Image size of job updated: 5761772
	4976  -  MemoryUsage of job (MB)
	5094540  -  ResidentSetSize of job (KB)
...
006 (014.2505.000) 05/10 22:02:15 Image size of job updated: 5811948
	5049  -  MemoryUsage of job (MB)
	5169780  -  ResidentSetSize of job (KB)
...
006 (014.2505.000) 05/10 22:02:21 Image size of job updated: 5931756
	5122  -  MemoryUsage of job (MB)
	5244624  -  ResidentSetSize of job (KB)
...
006 (014.2505.000) 05/10 22:02:27 Image size of job updated: 5931756
	5195  -  MemoryUsage of job (MB)
	5318940  -  ResidentSetSize of job (KB)
...
006 (014.2505.000) 05/10 22:02:33 Image size of job updated: 5931756
	5267  -  MemoryUsage of job (MB)
	5392728  -  ResidentSetSize of job (KB)
...
006 (014.2505.000) 05/10 22:02:39 Image size of job updated: 6117100
	5321  -  MemoryUsage of job (MB)
	5448432  -  ResidentSetSize of job (KB)
...
006 (014.2505.000) 05/10 22:02:45 Image size of job updated: 6117100
	5349  -  MemoryUsage of job (MB)
	5477208  -  ResidentSetSize of job (KB)
...
006 (014.2505.000) 05/10 22:02:59 Image size of job updated: 6327020
	5412  -  MemoryUsage of job (MB)
	5541624  -  ResidentSetSize of job (KB)
...
006 (014.2505.000) 05/10 22:03:05 Image size of job updated: 6397676
	5491  -  MemoryUsage of job (MB)
	5622144  -  ResidentSetSize of job (KB)
...
006 (014.2505.000) 05/10 22:03:11 Image size of job updated: 6462188
	5570  -  MemoryUsage of job (MB)
	5702664  -  ResidentSetSize of job (KB)
...
006 (014.2505.000) 05/10 22:03:17 Image size of job updated: 6521580
	5649  -  MemoryUsage of job (MB)
	5784240  -  ResidentSetSize of job (KB)
...
006 (014.2505.000) 05/10 22:03:23 Image size of job updated: 6521580
	5730  -  MemoryUsage of job (MB)
	5866608  -  ResidentSetSize of job (KB)
...
006 (014.2505.000) 05/10 22:03:29 Image size of job updated: 6729452
	5811  -  MemoryUsage of job (MB)
	5950164  -  ResidentSetSize of job (KB)
...
006 (014.2505.000) 05/10 22:03:35 Image size of job updated: 6818540
	5894  -  MemoryUsage of job (MB)
	6034512  -  ResidentSetSize of job (KB)
...
006 (014.2505.000) 05/10 22:03:41 Image size of job updated: 6913772
	5976  -  MemoryUsage of job (MB)
	6119256  -  ResidentSetSize of job (KB)
...
006 (014.2505.000) 05/10 22:03:47 Image size of job updated: 6968044
	6058  -  MemoryUsage of job (MB)
	6202680  -  ResidentSetSize of job (KB)
...
006 (014.2505.000) 05/10 22:03:53 Image size of job updated: 6968044
	6141  -  MemoryUsage of job (MB)
	6287820  -  ResidentSetSize of job (KB)
...
006 (014.2505.000) 05/10 22:03:59 Image size of job updated: 7162604
	6223  -  MemoryUsage of job (MB)
	6371640  -  ResidentSetSize of job (KB)
...
006 (014.2505.000) 05/10 22:04:05 Image size of job updated: 7249644
	6305  -  MemoryUsage of job (MB)
	6455724  -  ResidentSetSize of job (KB)
...
006 (014.2505.000) 05/10 22:04:11 Image size of job updated: 7249644
	6388  -  MemoryUsage of job (MB)
	6540336  -  ResidentSetSize of job (KB)
...
006 (014.2505.000) 05/10 22:04:17 Image size of job updated: 7373548
	6468  -  MemoryUsage of job (MB)
	6623100  -  ResidentSetSize of job (KB)
...
006 (014.2505.000) 05/10 22:04:23 Image size of job updated: 7373548
	6550  -  MemoryUsage of job (MB)
	6707184  -  ResidentSetSize of job (KB)
...
006 (014.2505.000) 05/10 22:04:29 Image size of job updated: 7580396
	6632  -  MemoryUsage of job (MB)
	6791136  -  ResidentSetSize of job (KB)
...
006 (014.2505.000) 05/10 22:04:35 Image size of job updated: 7678700
	6720  -  MemoryUsage of job (MB)
	6881160  -  ResidentSetSize of job (KB)
...
006 (014.2505.000) 05/10 22:04:41 Image size of job updated: 7751404
	6799  -  MemoryUsage of job (MB)
	6961812  -  ResidentSetSize of job (KB)
...
006 (014.2505.000) 05/10 22:04:47 Image size of job updated: 7790316
	6878  -  MemoryUsage of job (MB)
	7042464  -  ResidentSetSize of job (KB)
...
006 (014.2505.000) 05/10 22:04:53 Image size of job updated: 7790316
	6957  -  MemoryUsage of job (MB)
	7123908  -  ResidentSetSize of job (KB)
...
006 (014.2505.000) 05/10 22:04:59 Image size of job updated: 7790316
	7050  -  MemoryUsage of job (MB)
	7218288  -  ResidentSetSize of job (KB)
...
006 (014.2505.000) 05/10 22:05:05 Image size of job updated: 8055532
	7138  -  MemoryUsage of job (MB)
	7308576  -  ResidentSetSize of job (KB)
...
006 (014.2505.000) 05/10 22:05:11 Image size of job updated: 8055532
	7214  -  MemoryUsage of job (MB)
	7386588  -  ResidentSetSize of job (KB)
...
006 (014.2505.000) 05/10 22:05:17 Image size of job updated: 8255212
	7295  -  MemoryUsage of job (MB)
	7470012  -  ResidentSetSize of job (KB)
...
006 (014.2505.000) 05/10 22:05:23 Image size of job updated: 8255212
	7378  -  MemoryUsage of job (MB)
	7554624  -  ResidentSetSize of job (KB)
...
006 (014.2505.000) 05/10 22:05:28 Image size of job updated: 8255212
	7460  -  MemoryUsage of job (MB)
	7638972  -  ResidentSetSize of job (KB)
...
006 (014.2505.000) 05/10 22:05:33 Image size of job updated: 8492780
	7496  -  MemoryUsage of job (MB)
	7675404  -  ResidentSetSize of job (KB)
...
006 (014.2505.000) 05/10 22:05:38 Image size of job updated: 8492780
	7562  -  MemoryUsage of job (MB)
	7743252  -  ResidentSetSize of job (KB)
...
006 (014.2505.000) 05/10 22:05:48 Image size of job updated: 8679148
	7618  -  MemoryUsage of job (MB)
	7800804  -  ResidentSetSize of job (KB)
...
006 (014.2505.000) 05/10 22:05:54 Image size of job updated: 8725228
	7783  -  MemoryUsage of job (MB)
	7968840  -  ResidentSetSize of job (KB)
...
005 (014.2505.000) 05/10 22:05:59 Job terminated.
	(1) Normal termination (return value 0)
		Usr 0 00:27:10, Sys 0 00:00:21  -  Run Remote Usage
		Usr 0 00:00:00, Sys 0 00:00:00  -  Run Local Usage
		Usr 0 00:27:10, Sys 0 00:00:21  -  Total Remote Usage
		Usr 0 00:00:00, Sys 0 00:00:00  -  Total Local Usage
	0  -  Run Bytes Sent By Job
	0  -  Run Bytes Received By Job
	0  -  Total Bytes Sent By Job
	0  -  Total Bytes Received By Job
	Partitionable Resources :      Usage  Request Allocated 
	   Cpus                 :       0.53        1         1 
	   Disk (KB)            : 2000000     2000000   6232219 
	   Memory (MB)          :    7783        1954      2007 
...
