000 (005.6763.000) 05/05 20:24:34 Job submitted from host: <127.0.0.1:9618?addrs=127.0.0.1-9618&noUDP&sock=227_4816_4>
...
033 (005.6763.000) 05/06 14:17:23 Changing job attribute JobPrio from 0 to -10
...
001 (005.6763.000) 05/07 19:31:25 Job executing on host: <127.0.0.1:9618?addrs=127.0.0.1-9618&noUDP&sock=227_4816_5>
...
006 (005.6763.000) 05/07 19:31:31 Image size of job updated: 2000000
	101  -  MemoryUsage of job (MB)
	103224  -  ResidentSetSize of job (KB)
...
006 (005.6763.000) 05/07 19:31:55 Image size of job updated: 2000000
	145  -  MemoryUsage of job (MB)
	147840  -  ResidentSetSize of job (KB)
...
006 (005.6763.000) 05/07 19:32:01 Image size of job updated: 2000000
	184  -  MemoryUsage of job (MB)
	188232  -  ResidentSetSize of job (KB)
...
006 (005.6763.000) 05/07 19:32:07 Image size of job updated: 2000000
	185  -  MemoryUsage of job (MB)
	188760  -  ResidentSetSize of job (KB)
...
006 (005.6763.000) 05/07 19:32:13 Image size of job updated: 2000000
	196  -  MemoryUsage of job (MB)
	200244  -  ResidentSetSize of job (KB)
...
006 (005.6763.000) 05/07 19:32:19 Image size of job updated: 2000000
	208  -  MemoryUsage of job (MB)
	212520  -  ResidentSetSize of job (KB)
...
006 (005.6763.000) 05/07 19:32:25 Image size of job updated: 2000000
	218  -  MemoryUsage of job (MB)
	222552  -  ResidentSetSize of job (KB)
...
006 (005.6763.000) 05/07 19:32:31 Image size of job updated: 2000000
	230  -  MemoryUsage of job (MB)
	235092  -  ResidentSetSize of job (KB)
...
006 (005.6763.000) 05/07 19:32:37 Image size of job updated: 2000000
	239  -  MemoryUsage of job (MB)
	244068  -  ResidentSetSize of job (KB)
...
006 (005.6763.000) 05/07 19:32:43 Image size of job updated: 2000000
	260  -  MemoryUsage of job (MB)
	265980  -  ResidentSetSize of job (KB)
...
006 (005.6763.000) 05/07 19:32:49 Image size of job updated: 2000000
	300  -  MemoryUsage of job (MB)
	306372  -  ResidentSetSize of job (KB)
...
006 (005.6763.000) 05/07 19:32:55 Image size of job updated: 2000000
	329  -  MemoryUsage of job (MB)
	336336  -  ResidentSetSize of job (KB)
...
006 (005.6763.000) 05/07 19:33:01 Image size of job updated: 2000000
	395  -  MemoryUsage of job (MB)
	403788  -  ResidentSetSize of job (KB)
...
006 (005.6763.000) 05/07 19:33:07 Image size of job updated: 2000000
	456  -  MemoryUsage of job (MB)
	466884  -  ResidentSetSize of job (KB)
...
006 (005.6763.000) 05/07 19:33:13 Image size of job updated: 2000000
	1169  -  MemoryUsage of job (MB)
	1196448  -  ResidentSetSize of job (KB)
...
006 (005.6763.000) 05/07 19:48:11 Image size of job updated: 2000000
	1171  -  MemoryUsage of job (MB)
	1198428  -  ResidentSetSize of job (KB)
...
006 (005.6763.000) 05/07 19:48:16 Image size of job updated: 2000000
	1206  -  MemoryUsage of job (MB)
	1234860  -  ResidentSetSize of job (KB)
...
006 (005.6763.000) 05/07 19:48:21 Image size of job updated: 2000000
	1275  -  MemoryUsage of job (MB)
	1304688  -  ResidentSetSize of job (KB)
...
006 (005.6763.000) 05/07 19:48:26 Image size of job updated: 2000000
	1620  -  MemoryUsage of job (MB)
	1658316  -  ResidentSetSize of job (KB)
...
006 (005.6763.000) 05/07 19:48:31 Image size of job updated: 2000000
	1923  -  MemoryUsage of job (MB)
	1968384  -  ResidentSetSize of job (KB)
...
006 (005.6763.000) 05/07 19:48:36 Image size of job updated: 2604256
	1923  -  MemoryUsage of job (MB)
	1968384  -  ResidentSetSize of job (KB)
...
006 (005.6763.000) 05/07 19:48:41 Image size of job updated: 2642400
	1971  -  MemoryUsage of job (MB)
	2018148  -  ResidentSetSize of job (KB)
...
006 (005.6763.000) 05/07 19:48:46 Image size of job updated: 2642400
	2002  -  MemoryUsage of job (MB)
	2049036  -  ResidentSetSize of job (KB)
...
006 (005.6763.000) 05/07 19:48:51 Image size of job updated: 2702816
	2028  -  MemoryUsage of job (MB)
	2076360  -  ResidentSetSize of job (KB)
...
006 (005.6763.000) 05/07 19:48:56 Image size of job updated: 2736608
	2057  -  MemoryUsage of job (MB)
	2105928  -  ResidentSetSize of job (KB)
...
006 (005.6763.000) 05/07 19:49:01 Image size of job updated: 2736608
	2085  -  MemoryUsage of job (MB)
	2134968  -  ResidentSetSize of job (KB)
...
006 (005.6763.000) 05/07 19:49:06 Image size of job updated: 2796000
	2116  -  MemoryUsage of job (MB)
	2166252  -  ResidentSetSize of job (KB)
...
006 (005.6763.000) 05/07 19:49:11 Image size of job updated: 2796000
	2142  -  MemoryUsage of job (MB)
	2192916  -  ResidentSetSize of job (KB)
...
006 (005.6763.000) 05/07 19:49:16 Image size of job updated: 2796000
	2170  -  MemoryUsage of job (MB)
	2221560  -  ResidentSetSize of job (KB)
...
006 (005.6763.000) 05/07 19:49:21 Image size of job updated: 2859488
	2194  -  MemoryUsage of job (MB)
	2246112  -  ResidentSetSize of job (KB)
...
006 (005.6763.000) 05/07 19:49:26 Image size of job updated: 2859488
	2218  -  MemoryUsage of job (MB)
	2270400  -  ResidentSetSize of job (KB)
...
006 (005.6763.000) 05/07 19:49:31 Image size of job updated: 2859488
	2243  -  MemoryUsage of job (MB)
	2296800  -  ResidentSetSize of job (KB)
...
006 (005.6763.000) 05/07 19:49:36 Image size of job updated: 2948576
	2270  -  MemoryUsage of job (MB)
	2323860  -  ResidentSetSize of job (KB)
...
006 (005.6763.000) 05/07 19:49:41 Image size of job updated: 2961888
	2294  -  MemoryUsage of job (MB)
	2348148  -  ResidentSetSize of job (KB)
...
006 (005.6763.000) 05/07 19:49:46 Image size of job updated: 2961888
	2317  -  MemoryUsage of job (MB)
	2371776  -  ResidentSetSize of job (KB)
...
006 (005.6763.000) 05/07 19:49:51 Image size of job updated: 3008992
	2343  -  MemoryUsage of job (MB)
	2398968  -  ResidentSetSize of job (KB)
...
006 (005.6763.000) 05/07 19:49:56 Image size of job updated: 3008992
	2377  -  MemoryUsage of job (MB)
	2433156  -  ResidentSetSize of job (KB)
...
006 (005.6763.000) 05/07 19:50:01 Image size of job updated: 3008992
	2408  -  MemoryUsage of job (MB)
	2465364  -  ResidentSetSize of job (KB)
...
006 (005.6763.000) 05/07 19:50:06 Image size of job updated: 3112416
	2436  -  MemoryUsage of job (MB)
	2494140  -  ResidentSetSize of job (KB)
...
006 (005.6763.000) 05/07 19:50:11 Image size of job updated: 3112416
	2463  -  MemoryUsage of job (MB)
	2521464  -  ResidentSetSize of job (KB)
...
006 (005.6763.000) 05/07 19:50:16 Image size of job updated: 3112416
	2487  -  MemoryUsage of job (MB)
	2546676  -  ResidentSetSize of job (KB)
...
006 (005.6763.000) 05/07 19:50:21 Image size of job updated: 3188192
	2510  -  MemoryUsage of job (MB)
	2569908  -  ResidentSetSize of job (KB)
...
006 (005.6763.000) 05/07 19:50:26 Image size of job updated: 3188192
	2534  -  MemoryUsage of job (MB)
	2594724  -  ResidentSetSize of job (KB)
...
006 (005.6763.000) 05/07 19:50:31 Image size of job updated: 3240416
	2557  -  MemoryUsage of job (MB)
	2617824  -  ResidentSetSize of job (KB)
...
006 (005.6763.000) 05/07 19:50:36 Image size of job updated: 3270112
	2582  -  MemoryUsage of job (MB)
	2643960  -  ResidentSetSize of job (KB)
...
006 (005.6763.000) 05/07 19:50:42 Image size of job updated: 3270112
	2612  -  MemoryUsage of job (MB)
	2673792  -  ResidentSetSize of job (KB)
...
006 (005.6763.000) 05/07 19:50:48 Image size of job updated: 3270112
	2641  -  MemoryUsage of job (MB)
	2704284  -  ResidentSetSize of job (KB)
...
006 (005.6763.000) 05/07 19:50:54 Image size of job updated: 3339744
	2668  -  MemoryUsage of job (MB)
	2732004  -  ResidentSetSize of job (KB)
...
006 (005.6763.000) 05/07 19:51:00 Image size of job updated: 3370464
	2699  -  MemoryUsage of job (MB)
	2763420  -  ResidentSetSize of job (KB)
...
006 (005.6763.000) 05/07 19:51:06 Image size of job updated: 3419616
	2729  -  MemoryUsage of job (MB)
	2794176  -  ResidentSetSize of job (KB)
...
006 (005.6763.000) 05/07 19:51:12 Image size of job updated: 3419616
	2759  -  MemoryUsage of job (MB)
	2824800  -  ResidentSetSize of job (KB)
...
006 (005.6763.000) 05/07 19:51:18 Image size of job updated: 3460576
	2790  -  MemoryUsage of job (MB)
	2856216  -  ResidentSetSize of job (KB)
...
006 (005.6763.000) 05/07 19:51:24 Image size of job updated: 3506656
	2821  -  MemoryUsage of job (MB)
	2888160  -  ResidentSetSize of job (KB)
...
006 (005.6763.000) 05/07 19:51:30 Image size of job updated: 3534304
	2851  -  MemoryUsage of job (MB)
	2919048  -  ResidentSetSize of job (KB)
...
006 (005.6763.000) 05/07 19:51:36 Image size of job updated: 3534304
	2881  -  MemoryUsage of job (MB)
	2949540  -  ResidentSetSize of job (KB)
...
006 (005.6763.000) 05/07 19:51:42 Image size of job updated: 3580384
	2912  -  MemoryUsage of job (MB)
	2980956  -  ResidentSetSize of job (KB)
...
006 (005.6763.000) 05/07 19:51:48 Image size of job updated: 3580384
	2944  -  MemoryUsage of job (MB)
	3014088  -  ResidentSetSize of job (KB)
...
006 (005.6763.000) 05/07 19:51:54 Image size of job updated: 3660256
	2976  -  MemoryUsage of job (MB)
	3046560  -  ResidentSetSize of job (KB)
...
006 (005.6763.000) 05/07 19:52:00 Image size of job updated: 3660256
	3005  -  MemoryUsage of job (MB)
	3076920  -  ResidentSetSize of job (KB)
...
006 (005.6763.000) 05/07 19:52:06 Image size of job updated: 3660256
	3036  -  MemoryUsage of job (MB)
	3108468  -  ResidentSetSize of job (KB)
...
006 (005.6763.000) 05/07 19:52:12 Image size of job updated: 3748320
	3068  -  MemoryUsage of job (MB)
	3141600  -  ResidentSetSize of job (KB)
...
006 (005.6763.000) 05/07 19:52:18 Image size of job updated: 3782112
	3100  -  MemoryUsage of job (MB)
	3173676  -  ResidentSetSize of job (KB)
...
006 (005.6763.000) 05/07 19:52:24 Image size of job updated: 3822048
	3133  -  MemoryUsage of job (MB)
	3207732  -  ResidentSetSize of job (KB)
...
006 (005.6763.000) 05/07 19:52:30 Image size of job updated: 3853792
	3165  -  MemoryUsage of job (MB)
	3240204  -  ResidentSetSize of job (KB)
...
006 (005.6763.000) 05/07 19:52:36 Image size of job updated: 3896800
	3197  -  MemoryUsage of job (MB)
	3273204  -  ResidentSetSize of job (KB)
...
006 (005.6763.000) 05/07 19:52:42 Image size of job updated: 3903968
	3229  -  MemoryUsage of job (MB)
	3305544  -  ResidentSetSize of job (KB)
...
006 (005.6763.000) 05/07 19:52:48 Image size of job updated: 3903968
	3261  -  MemoryUsage of job (MB)
	3338412  -  ResidentSetSize of job (KB)
...
006 (005.6763.000) 05/07 19:52:54 Image size of job updated: 3985888
	3292  -  MemoryUsage of job (MB)
	3370620  -  ResidentSetSize of job (KB)
...
006 (005.6763.000) 05/07 19:53:00 Image size of job updated: 4009440
	3324  -  MemoryUsage of job (MB)
	3402828  -  ResidentSetSize of job (KB)
...
006 (005.6763.000) 05/07 19:53:06 Image size of job updated: 4036064
	3355  -  MemoryUsage of job (MB)
	3435300  -  ResidentSetSize of job (KB)
...
006 (005.6763.000) 05/07 19:53:12 Image size of job updated: 4069856
	3386  -  MemoryUsage of job (MB)
	3466980  -  ResidentSetSize of job (KB)
...
006 (005.6763.000) 05/07 19:53:18 Image size of job updated: 4123104
	3419  -  MemoryUsage of job (MB)
	3500904  -  ResidentSetSize of job (KB)
...
006 (005.6763.000) 05/07 19:53:24 Image size of job updated: 4156896
	3452  -  MemoryUsage of job (MB)
	3534168  -  ResidentSetSize of job (KB)
...
006 (005.6763.000) 05/07 19:53:30 Image size of job updated: 4156896
	3484  -  MemoryUsage of job (MB)
	3566904  -  ResidentSetSize of job (KB)
...
006 (005.6763.000) 05/07 19:53:36 Image size of job updated: 4202976
	3517  -  MemoryUsage of job (MB)
	3600696  -  ResidentSetSize of job (KB)
...
006 (005.6763.000) 05/07 19:53:42 Image size of job updated: 4238816
	3547  -  MemoryUsage of job (MB)
	3631848  -  ResidentSetSize of job (KB)
...
006 (005.6763.000) 05/07 19:53:48 Image size of job updated: 4238816
	3578  -  MemoryUsage of job (MB)
	3663000  -  ResidentSetSize of job (KB)
...
006 (005.6763.000) 05/07 19:53:54 Image size of job updated: 4238816
	3611  -  MemoryUsage of job (MB)
	3697452  -  ResidentSetSize of job (KB)
...
006 (005.6763.000) 05/07 19:54:00 Image size of job updated: 4347360
	3645  -  MemoryUsage of job (MB)
	3732036  -  ResidentSetSize of job (KB)
...
006 (005.6763.000) 05/07 19:54:06 Image size of job updated: 4347360
	3679  -  MemoryUsage of job (MB)
	3766884  -  ResidentSetSize of job (KB)
...
006 (005.6763.000) 05/07 19:54:12 Image size of job updated: 4415968
	3711  -  MemoryUsage of job (MB)
	3799356  -  ResidentSetSize of job (KB)
...
006 (005.6763.000) 05/07 19:54:18 Image size of job updated: 4415968
	3746  -  MemoryUsage of job (MB)
	3835788  -  ResidentSetSize of job (KB)
...
006 (005.6763.000) 05/07 19:54:24 Image size of job updated: 4415968
	3780  -  MemoryUsage of job (MB)
	3870372  -  ResidentSetSize of job (KB)
...
006 (005.6763.000) 05/07 19:54:30 Image size of job updated: 4504032
	3813  -  MemoryUsage of job (MB)
	3904296  -  ResidentSetSize of job (KB)
...
006 (005.6763.000) 05/07 19:54:36 Image size of job updated: 4546016
	3847  -  MemoryUsage of job (MB)
	3938616  -  ResidentSetSize of job (KB)
...
006 (005.6763.000) 05/07 19:54:42 Image size of job updated: 4589024
	3878  -  MemoryUsage of job (MB)
	3970956  -  ResidentSetSize of job (KB)
...
006 (005.6763.000) 05/07 19:54:48 Image size of job updated: 4618720
	3912  -  MemoryUsage of job (MB)
	4005804  -  ResidentSetSize of job (KB)
...
006 (005.6763.000) 05/07 19:54:54 Image size of job updated: 4618720
	3943  -  MemoryUsage of job (MB)
	4036956  -  ResidentSetSize of job (KB)
...
006 (005.6763.000) 05/07 19:55:00 Image size of job updated: 4682208
	3975  -  MemoryUsage of job (MB)
	4070088  -  ResidentSetSize of job (KB)
...
006 (005.6763.000) 05/07 19:55:06 Image size of job updated: 4709856
	4008  -  MemoryUsage of job (MB)
	4103220  -  ResidentSetSize of job (KB)
...
006 (005.6763.000) 05/07 19:55:12 Image size of job updated: 4767200
	4038  -  MemoryUsage of job (MB)
	4134240  -  ResidentSetSize of job (KB)
...
006 (005.6763.000) 05/07 19:55:18 Image size of job updated: 4781536
	4069  -  MemoryUsage of job (MB)
	4166448  -  ResidentSetSize of job (KB)
...
006 (005.6763.000) 05/07 19:55:24 Image size of job updated: 4811232
	4102  -  MemoryUsage of job (MB)
	4200108  -  ResidentSetSize of job (KB)
...
006 (005.6763.000) 05/07 19:55:30 Image size of job updated: 4839904
	4134  -  MemoryUsage of job (MB)
	4233108  -  ResidentSetSize of job (KB)
...
006 (005.6763.000) 05/07 19:55:37 Image size of job updated: 4839904
	4165  -  MemoryUsage of job (MB)
	4264656  -  ResidentSetSize of job (KB)
...
006 (005.6763.000) 05/07 19:55:42 Image size of job updated: 4925920
	4193  -  MemoryUsage of job (MB)
	4292640  -  ResidentSetSize of job (KB)
...
006 (005.6763.000) 05/07 19:55:47 Image size of job updated: 4925920
	4219  -  MemoryUsage of job (MB)
	4320096  -  ResidentSetSize of job (KB)
...
006 (005.6763.000) 05/07 19:55:52 Image size of job updated: 4963808
	4247  -  MemoryUsage of job (MB)
	4348740  -  ResidentSetSize of job (KB)
...
006 (005.6763.000) 05/07 19:55:57 Image size of job updated: 4993504
	4273  -  MemoryUsage of job (MB)
	4375272  -  ResidentSetSize of job (KB)
...
006 (005.6763.000) 05/07 19:56:02 Image size of job updated: 5023200
	4300  -  MemoryUsage of job (MB)
	4402728  -  ResidentSetSize of job (KB)
...
006 (005.6763.000) 05/07 19:56:07 Image size of job updated: 5023200
	4328  -  MemoryUsage of job (MB)
	4431108  -  ResidentSetSize of job (KB)
...
006 (005.6763.000) 05/07 19:56:12 Image size of job updated: 5081568
	4355  -  MemoryUsage of job (MB)
	4459356  -  ResidentSetSize of job (KB)
...
006 (005.6763.000) 05/07 19:56:17 Image size of job updated: 5111264
	4384  -  MemoryUsage of job (MB)
	4488528  -  ResidentSetSize of job (KB)
...
006 (005.6763.000) 05/07 19:56:22 Image size of job updated: 5144032
	4410  -  MemoryUsage of job (MB)
	4515192  -  ResidentSetSize of job (KB)
...
006 (005.6763.000) 05/07 19:56:27 Image size of job updated: 5169632
	4438  -  MemoryUsage of job (MB)
	4543968  -  ResidentSetSize of job (KB)
...
006 (005.6763.000) 05/07 19:56:32 Image size of job updated: 5192160
	4465  -  MemoryUsage of job (MB)
	4572084  -  ResidentSetSize of job (KB)
...
006 (005.6763.000) 05/07 19:56:37 Image size of job updated: 5192160
	4492  -  MemoryUsage of job (MB)
	4599408  -  ResidentSetSize of job (KB)
...
006 (005.6763.000) 05/07 19:56:42 Image size of job updated: 5192160
	4520  -  MemoryUsage of job (MB)
	4628184  -  ResidentSetSize of job (KB)
...
006 (005.6763.000) 05/07 19:56:47 Image size of job updated: 5282272
	4547  -  MemoryUsage of job (MB)
	4655640  -  ResidentSetSize of job (KB)
...
006 (005.6763.000) 05/07 19:56:52 Image size of job updated: 5282272
	4575  -  MemoryUsage of job (MB)
	4683888  -  ResidentSetSize of job (KB)
...
006 (005.6763.000) 05/07 19:56:57 Image size of job updated: 5282272
	4601  -  MemoryUsage of job (MB)
	4711344  -  ResidentSetSize of job (KB)
...
006 (005.6763.000) 05/07 19:57:02 Image size of job updated: 5368288
	4627  -  MemoryUsage of job (MB)
	4737876  -  ResidentSetSize of job (KB)
...
006 (005.6763.000) 05/07 19:57:07 Image size of job updated: 5368288
	4652  -  MemoryUsage of job (MB)
	4763616  -  ResidentSetSize of job (KB)
...
006 (005.6763.000) 05/07 19:57:12 Image size of job updated: 5368288
	4838  -  MemoryUsage of job (MB)
	4953300  -  ResidentSetSize of job (KB)
...
006 (005.6763.000) 05/07 19:57:17 Image size of job updated: 5618656
	4872  -  MemoryUsage of job (MB)
	4988016  -  ResidentSetSize of job (KB)
...
005 (005.6763.000) 05/07 19:57:20 Job terminated.
	(1) Normal termination (return value 0)
		Usr 0 00:25:26, Sys 0 00:00:04  -  Run Remote Usage
		Usr 0 00:00:00, Sys 0 00:00:00  -  Run Local Usage
		Usr 0 00:25:26, Sys 0 00:00:04  -  Total Remote Usage
		Usr 0 00:00:00, Sys 0 00:00:00  -  Total Local Usage
	0  -  Run Bytes Sent By Job
	0  -  Run Bytes Received By Job
	0  -  Total Bytes Sent By Job
	0  -  Total Bytes Received By Job
	Partitionable Resources :      Usage  Request Allocated 
	   Cpus                 :       0.99        1         1 
	   Disk (KB)            : 2000000     2000000   6275465 
	   Memory (MB)          :    4872        1954      2007 
...
