000 (005.4008.000) 05/05 20:23:18 Job submitted from host: <127.0.0.1:9618?addrs=127.0.0.1-9618&noUDP&sock=227_4816_4>
...
033 (005.4008.000) 05/06 14:16:39 Changing job attribute JobPrio from 0 to -10
...
001 (005.4008.000) 05/07 02:02:53 Job executing on host: <127.0.0.1:9618?addrs=127.0.0.1-9618&noUDP&sock=227_4816_5>
...
006 (005.4008.000) 05/07 02:02:59 Image size of job updated: 2000000
	101  -  MemoryUsage of job (MB)
	102960  -  ResidentSetSize of job (KB)
...
006 (005.4008.000) 05/07 02:03:23 Image size of job updated: 2000000
	107  -  MemoryUsage of job (MB)
	108636  -  ResidentSetSize of job (KB)
...
006 (005.4008.000) 05/07 02:03:29 Image size of job updated: 2000000
	177  -  MemoryUsage of job (MB)
	180312  -  ResidentSetSize of job (KB)
...
006 (005.4008.000) 05/07 02:03:35 Image size of job updated: 2000000
	184  -  MemoryUsage of job (MB)
	188364  -  ResidentSetSize of job (KB)
...
006 (005.4008.000) 05/07 02:03:41 Image size of job updated: 2000000
	191  -  MemoryUsage of job (MB)
	194568  -  ResidentSetSize of job (KB)
...
006 (005.4008.000) 05/07 02:03:47 Image size of job updated: 2000000
	202  -  MemoryUsage of job (MB)
	206316  -  ResidentSetSize of job (KB)
...
006 (005.4008.000) 05/07 02:03:53 Image size of job updated: 2000000
	214  -  MemoryUsage of job (MB)
	218988  -  ResidentSetSize of job (KB)
...
006 (005.4008.000) 05/07 02:03:59 Image size of job updated: 2000000
	231  -  MemoryUsage of job (MB)
	235752  -  ResidentSetSize of job (KB)
...
006 (005.4008.000) 05/07 02:04:05 Image size of job updated: 2000000
	241  -  MemoryUsage of job (MB)
	245784  -  ResidentSetSize of job (KB)
...
006 (005.4008.000) 05/07 02:04:11 Image size of job updated: 2000000
	278  -  MemoryUsage of job (MB)
	284196  -  ResidentSetSize of job (KB)
...
006 (005.4008.000) 05/07 02:04:17 Image size of job updated: 2000000
	315  -  MemoryUsage of job (MB)
	322212  -  ResidentSetSize of job (KB)
...
006 (005.4008.000) 05/07 02:04:23 Image size of job updated: 2000000
	331  -  MemoryUsage of job (MB)
	338052  -  ResidentSetSize of job (KB)
...
006 (005.4008.000) 05/07 02:04:29 Image size of job updated: 2000000
	404  -  MemoryUsage of job (MB)
	413424  -  ResidentSetSize of job (KB)
...
006 (005.4008.000) 05/07 02:04:35 Image size of job updated: 2000000
	466  -  MemoryUsage of job (MB)
	476388  -  ResidentSetSize of job (KB)
...
006 (005.4008.000) 05/07 02:04:41 Image size of job updated: 2000000
	1171  -  MemoryUsage of job (MB)
	1198164  -  ResidentSetSize of job (KB)
...
006 (005.4008.000) 05/07 02:18:44 Image size of job updated: 2000000
	1173  -  MemoryUsage of job (MB)
	1200144  -  ResidentSetSize of job (KB)
...
006 (005.4008.000) 05/07 02:18:49 Image size of job updated: 2000000
	1211  -  MemoryUsage of job (MB)
	1239348  -  ResidentSetSize of job (KB)
...
006 (005.4008.000) 05/07 02:18:54 Image size of job updated: 2000000
	1312  -  MemoryUsage of job (MB)
	1343100  -  ResidentSetSize of job (KB)
...
006 (005.4008.000) 05/07 02:18:59 Image size of job updated: 2000000
	1622  -  MemoryUsage of job (MB)
	1660032  -  ResidentSetSize of job (KB)
...
006 (005.4008.000) 05/07 02:19:04 Image size of job updated: 2345704
	1695  -  MemoryUsage of job (MB)
	1735008  -  ResidentSetSize of job (KB)
...
006 (005.4008.000) 05/07 02:19:09 Image size of job updated: 2561000
	1885  -  MemoryUsage of job (MB)
	1929576  -  ResidentSetSize of job (KB)
...
006 (005.4008.000) 05/07 02:19:14 Image size of job updated: 2561000
	1905  -  MemoryUsage of job (MB)
	1949904  -  ResidentSetSize of job (KB)
...
006 (005.4008.000) 05/07 02:19:19 Image size of job updated: 2561000
	1921  -  MemoryUsage of job (MB)
	1966800  -  ResidentSetSize of job (KB)
...
006 (005.4008.000) 05/07 02:19:24 Image size of job updated: 2561000
	1933  -  MemoryUsage of job (MB)
	1979340  -  ResidentSetSize of job (KB)
...
006 (005.4008.000) 05/07 02:19:29 Image size of job updated: 2610152
	1942  -  MemoryUsage of job (MB)
	1988184  -  ResidentSetSize of job (KB)
...
006 (005.4008.000) 05/07 02:19:34 Image size of job updated: 2610152
	1950  -  MemoryUsage of job (MB)
	1995972  -  ResidentSetSize of job (KB)
...
006 (005.4008.000) 05/07 02:19:39 Image size of job updated: 2610152
	1960  -  MemoryUsage of job (MB)
	2006268  -  ResidentSetSize of job (KB)
...
006 (005.4008.000) 05/07 02:19:44 Image size of job updated: 2640872
	1964  -  MemoryUsage of job (MB)
	2010756  -  ResidentSetSize of job (KB)
...
006 (005.4008.000) 05/07 02:19:49 Image size of job updated: 2644968
	1973  -  MemoryUsage of job (MB)
	2019732  -  ResidentSetSize of job (KB)
...
006 (005.4008.000) 05/07 02:19:54 Image size of job updated: 2654184
	1980  -  MemoryUsage of job (MB)
	2026596  -  ResidentSetSize of job (KB)
...
006 (005.4008.000) 05/07 02:19:59 Image size of job updated: 2665448
	1987  -  MemoryUsage of job (MB)
	2034516  -  ResidentSetSize of job (KB)
...
006 (005.4008.000) 05/07 02:20:04 Image size of job updated: 2665448
	1994  -  MemoryUsage of job (MB)
	2041116  -  ResidentSetSize of job (KB)
...
006 (005.4008.000) 05/07 02:20:09 Image size of job updated: 2665448
	2000  -  MemoryUsage of job (MB)
	2047716  -  ResidentSetSize of job (KB)
...
006 (005.4008.000) 05/07 02:20:14 Image size of job updated: 2684904
	2007  -  MemoryUsage of job (MB)
	2054316  -  ResidentSetSize of job (KB)
...
006 (005.4008.000) 05/07 02:20:19 Image size of job updated: 2684904
	2011  -  MemoryUsage of job (MB)
	2058936  -  ResidentSetSize of job (KB)
...
006 (005.4008.000) 05/07 02:20:24 Image size of job updated: 2684904
	2017  -  MemoryUsage of job (MB)
	2064480  -  ResidentSetSize of job (KB)
...
006 (005.4008.000) 05/07 02:20:29 Image size of job updated: 2684904
	2024  -  MemoryUsage of job (MB)
	2072004  -  ResidentSetSize of job (KB)
...
006 (005.4008.000) 05/07 02:20:34 Image size of job updated: 2703336
	2030  -  MemoryUsage of job (MB)
	2078472  -  ResidentSetSize of job (KB)
...
006 (005.4008.000) 05/07 02:20:39 Image size of job updated: 2714600
	2037  -  MemoryUsage of job (MB)
	2085072  -  ResidentSetSize of job (KB)
...
006 (005.4008.000) 05/07 02:20:45 Image size of job updated: 2721768
	2047  -  MemoryUsage of job (MB)
	2095236  -  ResidentSetSize of job (KB)
...
006 (005.4008.000) 05/07 02:20:51 Image size of job updated: 2727912
	2053  -  MemoryUsage of job (MB)
	2101704  -  ResidentSetSize of job (KB)
...
006 (005.4008.000) 05/07 02:20:57 Image size of job updated: 2727912
	2062  -  MemoryUsage of job (MB)
	2111208  -  ResidentSetSize of job (KB)
...
006 (005.4008.000) 05/07 02:21:03 Image size of job updated: 2750440
	2071  -  MemoryUsage of job (MB)
	2120052  -  ResidentSetSize of job (KB)
...
006 (005.4008.000) 05/07 02:21:09 Image size of job updated: 2750440
	2078  -  MemoryUsage of job (MB)
	2127708  -  ResidentSetSize of job (KB)
...
006 (005.4008.000) 05/07 02:21:15 Image size of job updated: 2750440
	2086  -  MemoryUsage of job (MB)
	2136024  -  ResidentSetSize of job (KB)
...
006 (005.4008.000) 05/07 02:21:21 Image size of job updated: 2768872
	2095  -  MemoryUsage of job (MB)
	2144604  -  ResidentSetSize of job (KB)
...
006 (005.4008.000) 05/07 02:21:27 Image size of job updated: 2768872
	2101  -  MemoryUsage of job (MB)
	2151072  -  ResidentSetSize of job (KB)
...
006 (005.4008.000) 05/07 02:21:33 Image size of job updated: 2789352
	2109  -  MemoryUsage of job (MB)
	2159256  -  ResidentSetSize of job (KB)
...
006 (005.4008.000) 05/07 02:21:39 Image size of job updated: 2789352
	2116  -  MemoryUsage of job (MB)
	2166120  -  ResidentSetSize of job (KB)
...
006 (005.4008.000) 05/07 02:21:45 Image size of job updated: 2800616
	2124  -  MemoryUsage of job (MB)
	2174172  -  ResidentSetSize of job (KB)
...
006 (005.4008.000) 05/07 02:21:51 Image size of job updated: 2807784
	2131  -  MemoryUsage of job (MB)
	2181432  -  ResidentSetSize of job (KB)
...
006 (005.4008.000) 05/07 02:21:57 Image size of job updated: 2807784
	2138  -  MemoryUsage of job (MB)
	2188428  -  ResidentSetSize of job (KB)
...
006 (005.4008.000) 05/07 02:22:03 Image size of job updated: 2807784
	2146  -  MemoryUsage of job (MB)
	2196612  -  ResidentSetSize of job (KB)
...
006 (005.4008.000) 05/07 02:22:09 Image size of job updated: 2829288
	2155  -  MemoryUsage of job (MB)
	2205852  -  ResidentSetSize of job (KB)
...
006 (005.4008.000) 05/07 02:22:15 Image size of job updated: 2842600
	2164  -  MemoryUsage of job (MB)
	2214960  -  ResidentSetSize of job (KB)
...
006 (005.4008.000) 05/07 02:22:21 Image size of job updated: 2849768
	2171  -  MemoryUsage of job (MB)
	2222352  -  ResidentSetSize of job (KB)
...
006 (005.4008.000) 05/07 02:22:27 Image size of job updated: 2857960
	2180  -  MemoryUsage of job (MB)
	2231724  -  ResidentSetSize of job (KB)
...
006 (005.4008.000) 05/07 02:22:33 Image size of job updated: 2864104
	2188  -  MemoryUsage of job (MB)
	2240172  -  ResidentSetSize of job (KB)
...
006 (005.4008.000) 05/07 02:22:39 Image size of job updated: 2873320
	2196  -  MemoryUsage of job (MB)
	2248620  -  ResidentSetSize of job (KB)
...
006 (005.4008.000) 05/07 02:22:45 Image size of job updated: 2873320
	2204  -  MemoryUsage of job (MB)
	2256408  -  ResidentSetSize of job (KB)
...
006 (005.4008.000) 05/07 02:22:51 Image size of job updated: 2873320
	2213  -  MemoryUsage of job (MB)
	2265912  -  ResidentSetSize of job (KB)
...
006 (005.4008.000) 05/07 02:22:57 Image size of job updated: 2896872
	2220  -  MemoryUsage of job (MB)
	2273172  -  ResidentSetSize of job (KB)
...
006 (005.4008.000) 05/07 02:23:03 Image size of job updated: 2903016
	2228  -  MemoryUsage of job (MB)
	2281224  -  ResidentSetSize of job (KB)
...
006 (005.4008.000) 05/07 02:23:09 Image size of job updated: 2918376
	2239  -  MemoryUsage of job (MB)
	2291784  -  ResidentSetSize of job (KB)
...
006 (005.4008.000) 05/07 02:23:15 Image size of job updated: 2930664
	2248  -  MemoryUsage of job (MB)
	2301288  -  ResidentSetSize of job (KB)
...
006 (005.4008.000) 05/07 02:23:21 Image size of job updated: 2931688
	2255  -  MemoryUsage of job (MB)
	2309076  -  ResidentSetSize of job (KB)
...
006 (005.4008.000) 05/07 02:23:27 Image size of job updated: 2941928
	2266  -  MemoryUsage of job (MB)
	2320164  -  ResidentSetSize of job (KB)
...
006 (005.4008.000) 05/07 02:23:33 Image size of job updated: 2941928
	2275  -  MemoryUsage of job (MB)
	2329272  -  ResidentSetSize of job (KB)
...
006 (005.4008.000) 05/07 02:23:39 Image size of job updated: 2965480
	2284  -  MemoryUsage of job (MB)
	2338380  -  ResidentSetSize of job (KB)
...
006 (005.4008.000) 05/07 02:23:45 Image size of job updated: 2972648
	2297  -  MemoryUsage of job (MB)
	2351976  -  ResidentSetSize of job (KB)
...
006 (005.4008.000) 05/07 02:23:51 Image size of job updated: 2972648
	2307  -  MemoryUsage of job (MB)
	2361876  -  ResidentSetSize of job (KB)
...
006 (005.4008.000) 05/07 02:23:57 Image size of job updated: 2995176
	2315  -  MemoryUsage of job (MB)
	2370456  -  ResidentSetSize of job (KB)
...
006 (005.4008.000) 05/07 02:24:03 Image size of job updated: 2995176
	2324  -  MemoryUsage of job (MB)
	2379564  -  ResidentSetSize of job (KB)
...
006 (005.4008.000) 05/07 02:24:09 Image size of job updated: 3016680
	2332  -  MemoryUsage of job (MB)
	2387088  -  ResidentSetSize of job (KB)
...
006 (005.4008.000) 05/07 02:24:15 Image size of job updated: 3016680
	2341  -  MemoryUsage of job (MB)
	2396724  -  ResidentSetSize of job (KB)
...
006 (005.4008.000) 05/07 02:24:21 Image size of job updated: 3016680
	2353  -  MemoryUsage of job (MB)
	2408736  -  ResidentSetSize of job (KB)
...
006 (005.4008.000) 05/07 02:24:27 Image size of job updated: 3044328
	2367  -  MemoryUsage of job (MB)
	2422992  -  ResidentSetSize of job (KB)
...
006 (005.4008.000) 05/07 02:24:33 Image size of job updated: 3058664
	2377  -  MemoryUsage of job (MB)
	2433420  -  ResidentSetSize of job (KB)
...
006 (005.4008.000) 05/07 02:24:39 Image size of job updated: 3068904
	2385  -  MemoryUsage of job (MB)
	2441736  -  ResidentSetSize of job (KB)
...
006 (005.4008.000) 05/07 02:24:45 Image size of job updated: 3069928
	2395  -  MemoryUsage of job (MB)
	2452032  -  ResidentSetSize of job (KB)
...
006 (005.4008.000) 05/07 02:24:51 Image size of job updated: 3069928
	2404  -  MemoryUsage of job (MB)
	2460744  -  ResidentSetSize of job (KB)
...
006 (005.4008.000) 05/07 02:24:57 Image size of job updated: 3093480
	2412  -  MemoryUsage of job (MB)
	2469324  -  ResidentSetSize of job (KB)
...
006 (005.4008.000) 05/07 02:25:03 Image size of job updated: 3099624
	2421  -  MemoryUsage of job (MB)
	2478432  -  ResidentSetSize of job (KB)
...
006 (005.4008.000) 05/07 02:25:09 Image size of job updated: 3107816
	2429  -  MemoryUsage of job (MB)
	2487144  -  ResidentSetSize of job (KB)
...
006 (005.4008.000) 05/07 02:25:15 Image size of job updated: 3114984
	2438  -  MemoryUsage of job (MB)
	2495856  -  ResidentSetSize of job (KB)
...
006 (005.4008.000) 05/07 02:25:21 Image size of job updated: 3114984
	2445  -  MemoryUsage of job (MB)
	2503512  -  ResidentSetSize of job (KB)
...
006 (005.4008.000) 05/07 02:25:27 Image size of job updated: 3137512
	2454  -  MemoryUsage of job (MB)
	2512620  -  ResidentSetSize of job (KB)
...
006 (005.4008.000) 05/07 02:25:33 Image size of job updated: 3267560
	2625  -  MemoryUsage of job (MB)
	2687916  -  ResidentSetSize of job (KB)
...
006 (005.4008.000) 05/07 02:25:39 Image size of job updated: 3267560
	2667  -  MemoryUsage of job (MB)
	2730948  -  ResidentSetSize of job (KB)
...
006 (005.4008.000) 05/07 02:25:41 Image size of job updated: 3357160
	2667  -  MemoryUsage of job (MB)
	2730948  -  ResidentSetSize of job (KB)
...
005 (005.4008.000) 05/07 02:25:41 Job terminated.
	(1) Normal termination (return value 0)
		Usr 0 00:22:18, Sys 0 00:00:02  -  Run Remote Usage
		Usr 0 00:00:00, Sys 0 00:00:00  -  Run Local Usage
		Usr 0 00:22:18, Sys 0 00:00:02  -  Total Remote Usage
		Usr 0 00:00:00, Sys 0 00:00:00  -  Total Local Usage
	0  -  Run Bytes Sent By Job
	0  -  Run Bytes Received By Job
	0  -  Total Bytes Sent By Job
	0  -  Total Bytes Received By Job
	Partitionable Resources :      Usage  Request Allocated 
	   Cpus                 :       1.00        1         1 
	   Disk (KB)            : 2000000     2000000   6275465 
	   Memory (MB)          :    2667        1954      2007 
...
