000 (190.066.000) 05/05 21:22:55 Job submitted from host: <127.0.0.1:9618?addrs=127.0.0.1-9618&noUDP&sock=222_da1d_4>
...
001 (190.066.000) 05/06 04:27:10 Job executing on host: <127.0.0.1:9618?addrs=127.0.0.1-9618&noUDP&sock=222_da1d_5>
...
006 (190.066.000) 05/06 04:27:15 Image size of job updated: 2000000
	104  -  MemoryUsage of job (MB)
	106260  -  ResidentSetSize of job (KB)
...
006 (190.066.000) 05/06 04:27:23 Image size of job updated: 2000000
	105  -  MemoryUsage of job (MB)
	107448  -  ResidentSetSize of job (KB)
...
006 (190.066.000) 05/06 04:27:55 Image size of job updated: 2000000
	121  -  MemoryUsage of job (MB)
	123156  -  ResidentSetSize of job (KB)
...
006 (190.066.000) 05/06 04:28:01 Image size of job updated: 2000000
	188  -  MemoryUsage of job (MB)
	192456  -  ResidentSetSize of job (KB)
...
006 (190.066.000) 05/06 04:28:07 Image size of job updated: 2000000
	189  -  MemoryUsage of job (MB)
	192720  -  ResidentSetSize of job (KB)
...
006 (190.066.000) 05/06 04:28:13 Image size of job updated: 2000000
	196  -  MemoryUsage of job (MB)
	200640  -  ResidentSetSize of job (KB)
...
006 (190.066.000) 05/06 04:28:19 Image size of job updated: 2000000
	209  -  MemoryUsage of job (MB)
	213048  -  ResidentSetSize of job (KB)
...
006 (190.066.000) 05/06 04:29:04 Image size of job updated: 2000000
	211  -  MemoryUsage of job (MB)
	215688  -  ResidentSetSize of job (KB)
...
006 (190.066.000) 05/06 04:31:00 Image size of job updated: 2000000
	1176  -  MemoryUsage of job (MB)
	1203312  -  ResidentSetSize of job (KB)
...
006 (190.066.000) 05/06 04:49:21 Image size of job updated: 2903020
	2373  -  MemoryUsage of job (MB)
	2429196  -  ResidentSetSize of job (KB)
...
006 (190.066.000) 05/06 04:51:09 Image size of job updated: 4446188
	3724  -  MemoryUsage of job (MB)
	3812424  -  ResidentSetSize of job (KB)
...
006 (190.066.000) 05/06 04:51:32 Image size of job updated: 4687852
	3724  -  MemoryUsage of job (MB)
	3812424  -  ResidentSetSize of job (KB)
...
005 (190.066.000) 05/06 04:51:32 Job terminated.
	(0) Abnormal termination (signal 9)
	(0) No core file
		Usr 0 00:21:49, Sys 0 00:00:42  -  Run Remote Usage
		Usr 0 00:00:00, Sys 0 00:00:00  -  Run Local Usage
		Usr 0 00:21:49, Sys 0 00:00:42  -  Total Remote Usage
		Usr 0 00:00:00, Sys 0 00:00:00  -  Total Local Usage
	0  -  Run Bytes Sent By Job
	0  -  Run Bytes Received By Job
	0  -  Total Bytes Sent By Job
	0  -  Total Bytes Received By Job
	Partitionable Resources :      Usage  Request Allocated 
	   Cpus                 :       0.99        1         1 
	   Disk (KB)            : 2000000     2000000   6540465 
	   Memory (MB)          :    3724        1954      2007 
...
000 (206.040.000) 05/06 14:03:37 Job submitted from host: <127.0.0.1:9618?addrs=127.0.0.1-9618&noUDP&sock=222_da1d_4>
...
001 (206.040.000) 05/06 15:27:37 Job executing on host: <127.0.0.1:9618?addrs=127.0.0.1-9618&noUDP&sock=222_da1d_5>
...
006 (206.040.000) 05/06 15:27:42 Image size of job updated: 2000000
	37  -  MemoryUsage of job (MB)
	37224  -  ResidentSetSize of job (KB)
...
006 (206.040.000) 05/06 15:28:16 Image size of job updated: 2000000
	106  -  MemoryUsage of job (MB)
	107580  -  ResidentSetSize of job (KB)
...
006 (206.040.000) 05/06 15:29:48 Image size of job updated: 2000000
	196  -  MemoryUsage of job (MB)
	200376  -  ResidentSetSize of job (KB)
...
006 (206.040.000) 05/06 15:30:05 Image size of job updated: 2000000
	212  -  MemoryUsage of job (MB)
	216480  -  ResidentSetSize of job (KB)
...
006 (206.040.000) 05/06 15:30:15 Image size of job updated: 2000000
	233  -  MemoryUsage of job (MB)
	238260  -  ResidentSetSize of job (KB)
...
006 (206.040.000) 05/06 15:30:23 Image size of job updated: 2000000
	237  -  MemoryUsage of job (MB)
	242484  -  ResidentSetSize of job (KB)
...
006 (206.040.000) 05/06 15:30:45 Image size of job updated: 2000000
	283  -  MemoryUsage of job (MB)
	288816  -  ResidentSetSize of job (KB)
...
006 (206.040.000) 05/06 15:31:10 Image size of job updated: 2000000
	285  -  MemoryUsage of job (MB)
	291720  -  ResidentSetSize of job (KB)
...
006 (206.040.000) 05/06 15:32:05 Image size of job updated: 2000000
	1146  -  MemoryUsage of job (MB)
	1173216  -  ResidentSetSize of job (KB)
...
006 (206.040.000) 05/06 15:51:03 Image size of job updated: 2278348
	1526  -  MemoryUsage of job (MB)
	1562616  -  ResidentSetSize of job (KB)
...
006 (206.040.000) 05/06 15:51:31 Image size of job updated: 2772204
	2029  -  MemoryUsage of job (MB)
	2076756  -  ResidentSetSize of job (KB)
...
006 (206.040.000) 05/06 15:51:54 Image size of job updated: 3102956
	2348  -  MemoryUsage of job (MB)
	2403456  -  ResidentSetSize of job (KB)
...
006 (206.040.000) 05/06 15:52:10 Image size of job updated: 3251436
	2531  -  MemoryUsage of job (MB)
	2591160  -  ResidentSetSize of job (KB)
...
006 (206.040.000) 05/06 15:52:24 Image size of job updated: 3375340
	2585  -  MemoryUsage of job (MB)
	2646072  -  ResidentSetSize of job (KB)
...
006 (206.040.000) 05/06 15:52:40 Image size of job updated: 3619052
	2828  -  MemoryUsage of job (MB)
	2895816  -  ResidentSetSize of job (KB)
...
006 (206.040.000) 05/06 15:52:52 Image size of job updated: 3817708
	3041  -  MemoryUsage of job (MB)
	3113220  -  ResidentSetSize of job (KB)
...
006 (206.040.000) 05/06 15:52:59 Image size of job updated: 3926252
	3144  -  MemoryUsage of job (MB)
	3218688  -  ResidentSetSize of job (KB)
...
006 (206.040.000) 05/06 15:53:04 Image size of job updated: 4057324
	3226  -  MemoryUsage of job (MB)
	3302508  -  ResidentSetSize of job (KB)
...
006 (206.040.000) 05/06 15:53:09 Image size of job updated: 4057324
	3295  -  MemoryUsage of job (MB)
	3373392  -  ResidentSetSize of job (KB)
...
006 (206.040.000) 05/06 15:53:14 Image size of job updated: 4057324
	3366  -  MemoryUsage of job (MB)
	3446520  -  ResidentSetSize of job (KB)
...
006 (206.040.000) 05/06 15:53:32 Image size of job updated: 4261100
	3381  -  MemoryUsage of job (MB)
	3461436  -  ResidentSetSize of job (KB)
...
006 (206.040.000) 05/06 15:54:12 Image size of job updated: 4785388
	3852  -  MemoryUsage of job (MB)
	3943896  -  ResidentSetSize of job (KB)
...
006 (206.040.000) 05/06 15:54:54 Image size of job updated: 5142764
	4152  -  MemoryUsage of job (MB)
	4251456  -  ResidentSetSize of job (KB)
...
006 (206.040.000) 05/06 15:55:42 Image size of job updated: 5722348
	4721  -  MemoryUsage of job (MB)
	4833444  -  ResidentSetSize of job (KB)
...
006 (206.040.000) 05/06 15:56:17 Image size of job updated: 6085868
	4990  -  MemoryUsage of job (MB)
	5109060  -  ResidentSetSize of job (KB)
...
006 (206.040.000) 05/06 15:56:48 Image size of job updated: 6291692
	5183  -  MemoryUsage of job (MB)
	5306796  -  ResidentSetSize of job (KB)
...
006 (206.040.000) 05/06 15:57:07 Image size of job updated: 6376684
	5248  -  MemoryUsage of job (MB)
	5373324  -  ResidentSetSize of job (KB)
...
006 (206.040.000) 05/06 15:57:19 Image size of job updated: 6536428
	5424  -  MemoryUsage of job (MB)
	5553504  -  ResidentSetSize of job (KB)
...
006 (206.040.000) 05/06 15:57:28 Image size of job updated: 6585580
	5543  -  MemoryUsage of job (MB)
	5675736  -  ResidentSetSize of job (KB)
...
006 (206.040.000) 05/06 15:57:35 Image size of job updated: 6585580
	5544  -  MemoryUsage of job (MB)
	5676792  -  ResidentSetSize of job (KB)
...
006 (206.040.000) 05/06 15:58:31 Image size of job updated: 6722796
	5567  -  MemoryUsage of job (MB)
	5699892  -  ResidentSetSize of job (KB)
...
006 (206.040.000) 05/06 16:01:01 Image size of job updated: 7833836
	6682  -  MemoryUsage of job (MB)
	6841956  -  ResidentSetSize of job (KB)
...
006 (206.040.000) 05/06 16:03:00 Image size of job updated: 9151724
	7854  -  MemoryUsage of job (MB)
	8042232  -  ResidentSetSize of job (KB)
...
005 (206.040.000) 05/06 16:03:03 Job terminated.
	(1) Normal termination (return value 0)
		Usr 0 00:25:41, Sys 0 00:03:27  -  Run Remote Usage
		Usr 0 00:00:00, Sys 0 00:00:00  -  Run Local Usage
		Usr 0 00:25:41, Sys 0 00:03:27  -  Total Remote Usage
		Usr 0 00:00:00, Sys 0 00:00:00  -  Total Local Usage
	0  -  Run Bytes Sent By Job
	0  -  Run Bytes Received By Job
	0  -  Total Bytes Sent By Job
	0  -  Total Bytes Received By Job
	Partitionable Resources :      Usage  Request Allocated 
	   Cpus                 :       0.38        1         1 
	   Disk (KB)            : 2000000     2000000   6540465 
	   Memory (MB)          :    7854        1954      2007 
...
