000 (184.031.000) 05/05 20:12:36 Job submitted from host: <127.0.0.1:9618?addrs=127.0.0.1-9618&noUDP&sock=222_da1d_4>
...
001 (184.031.000) 05/05 22:48:39 Job executing on host: <127.0.0.1:9618?addrs=127.0.0.1-9618&noUDP&sock=222_da1d_5>
...
006 (184.031.000) 05/05 22:48:44 Image size of job updated: 2000000
	101  -  MemoryUsage of job (MB)
	102960  -  ResidentSetSize of job (KB)
...
006 (184.031.000) 05/05 22:49:21 Image size of job updated: 2000000
	108  -  MemoryUsage of job (MB)
	109692  -  ResidentSetSize of job (KB)
...
006 (184.031.000) 05/05 22:49:27 Image size of job updated: 2000000
	180  -  MemoryUsage of job (MB)
	184008  -  ResidentSetSize of job (KB)
...
006 (184.031.000) 05/05 22:49:33 Image size of job updated: 2000000
	185  -  MemoryUsage of job (MB)
	189024  -  ResidentSetSize of job (KB)
...
006 (184.031.000) 05/05 22:49:39 Image size of job updated: 2000000
	191  -  MemoryUsage of job (MB)
	194700  -  ResidentSetSize of job (KB)
...
006 (184.031.000) 05/05 22:49:45 Image size of job updated: 2000000
	203  -  MemoryUsage of job (MB)
	207108  -  ResidentSetSize of job (KB)
...
006 (184.031.000) 05/05 22:49:51 Image size of job updated: 2000000
	212  -  MemoryUsage of job (MB)
	217008  -  ResidentSetSize of job (KB)
...
006 (184.031.000) 05/05 22:49:57 Image size of job updated: 2000000
	225  -  MemoryUsage of job (MB)
	229416  -  ResidentSetSize of job (KB)
...
006 (184.031.000) 05/05 22:50:04 Image size of job updated: 2000000
	234  -  MemoryUsage of job (MB)
	239184  -  ResidentSetSize of job (KB)
...
006 (184.031.000) 05/05 22:50:09 Image size of job updated: 2000000
	241  -  MemoryUsage of job (MB)
	246048  -  ResidentSetSize of job (KB)
...
006 (184.031.000) 05/05 22:50:14 Image size of job updated: 2000000
	267  -  MemoryUsage of job (MB)
	273240  -  ResidentSetSize of job (KB)
...
006 (184.031.000) 05/05 22:50:27 Image size of job updated: 2000000
	287  -  MemoryUsage of job (MB)
	293832  -  ResidentSetSize of job (KB)
...
006 (184.031.000) 05/05 22:50:50 Image size of job updated: 2000000
	1171  -  MemoryUsage of job (MB)
	1198956  -  ResidentSetSize of job (KB)
...
006 (184.031.000) 05/05 23:04:55 Image size of job updated: 2000000
	1389  -  MemoryUsage of job (MB)
	1421508  -  ResidentSetSize of job (KB)
...
006 (184.031.000) 05/05 23:05:02 Image size of job updated: 2206000
	1425  -  MemoryUsage of job (MB)
	1459128  -  ResidentSetSize of job (KB)
...
006 (184.031.000) 05/05 23:05:08 Image size of job updated: 2325192
	1584  -  MemoryUsage of job (MB)
	1621224  -  ResidentSetSize of job (KB)
...
006 (184.031.000) 05/05 23:05:13 Image size of job updated: 2325192
	1796  -  MemoryUsage of job (MB)
	1838232  -  ResidentSetSize of job (KB)
...
006 (184.031.000) 05/05 23:05:18 Image size of job updated: 2561000
	1819  -  MemoryUsage of job (MB)
	1862652  -  ResidentSetSize of job (KB)
...
006 (184.031.000) 05/05 23:05:23 Image size of job updated: 2561000
	1842  -  MemoryUsage of job (MB)
	1886148  -  ResidentSetSize of job (KB)
...
006 (184.031.000) 05/05 23:05:29 Image size of job updated: 2608104
	1851  -  MemoryUsage of job (MB)
	1894464  -  ResidentSetSize of job (KB)
...
006 (184.031.000) 05/05 23:05:35 Image size of job updated: 2635752
	1871  -  MemoryUsage of job (MB)
	1915452  -  ResidentSetSize of job (KB)
...
006 (184.031.000) 05/05 23:05:41 Image size of job updated: 2635752
	1887  -  MemoryUsage of job (MB)
	1931292  -  ResidentSetSize of job (KB)
...
006 (184.031.000) 05/05 23:05:47 Image size of job updated: 2635752
	1901  -  MemoryUsage of job (MB)
	1946340  -  ResidentSetSize of job (KB)
...
006 (184.031.000) 05/05 23:05:53 Image size of job updated: 2667496
	1915  -  MemoryUsage of job (MB)
	1960332  -  ResidentSetSize of job (KB)
...
006 (184.031.000) 05/05 23:05:59 Image size of job updated: 2667496
	1929  -  MemoryUsage of job (MB)
	1974984  -  ResidentSetSize of job (KB)
...
006 (184.031.000) 05/05 23:06:05 Image size of job updated: 2706408
	1943  -  MemoryUsage of job (MB)
	1989240  -  ResidentSetSize of job (KB)
...
006 (184.031.000) 05/05 23:06:11 Image size of job updated: 2715624
	1960  -  MemoryUsage of job (MB)
	2006268  -  ResidentSetSize of job (KB)
...
006 (184.031.000) 05/05 23:06:17 Image size of job updated: 2732008
	1975  -  MemoryUsage of job (MB)
	2021712  -  ResidentSetSize of job (KB)
...
006 (184.031.000) 05/05 23:06:23 Image size of job updated: 2743272
	1989  -  MemoryUsage of job (MB)
	2036232  -  ResidentSetSize of job (KB)
...
006 (184.031.000) 05/05 23:06:29 Image size of job updated: 2743272
	2005  -  MemoryUsage of job (MB)
	2052468  -  ResidentSetSize of job (KB)
...
006 (184.031.000) 05/05 23:06:35 Image size of job updated: 2743272
	2020  -  MemoryUsage of job (MB)
	2067912  -  ResidentSetSize of job (KB)
...
006 (184.031.000) 05/05 23:06:41 Image size of job updated: 2790376
	2035  -  MemoryUsage of job (MB)
	2083092  -  ResidentSetSize of job (KB)
...
006 (184.031.000) 05/05 23:06:47 Image size of job updated: 2790376
	2049  -  MemoryUsage of job (MB)
	2097876  -  ResidentSetSize of job (KB)
...
006 (184.031.000) 05/05 23:06:53 Image size of job updated: 2830312
	2064  -  MemoryUsage of job (MB)
	2113320  -  ResidentSetSize of job (KB)
...
006 (184.031.000) 05/05 23:06:59 Image size of job updated: 2842600
	2073  -  MemoryUsage of job (MB)
	2122164  -  ResidentSetSize of job (KB)
...
006 (184.031.000) 05/05 23:07:05 Image size of job updated: 2842600
	2088  -  MemoryUsage of job (MB)
	2137212  -  ResidentSetSize of job (KB)
...
006 (184.031.000) 05/05 23:07:11 Image size of job updated: 2864104
	2102  -  MemoryUsage of job (MB)
	2151732  -  ResidentSetSize of job (KB)
...
006 (184.031.000) 05/05 23:07:17 Image size of job updated: 2864104
	2116  -  MemoryUsage of job (MB)
	2166516  -  ResidentSetSize of job (KB)
...
006 (184.031.000) 05/05 23:07:24 Image size of job updated: 2864104
	2132  -  MemoryUsage of job (MB)
	2182224  -  ResidentSetSize of job (KB)
...
006 (184.031.000) 05/05 23:07:29 Image size of job updated: 2904040
	2139  -  MemoryUsage of job (MB)
	2189484  -  ResidentSetSize of job (KB)
...
006 (184.031.000) 05/05 23:07:34 Image size of job updated: 2920424
	2151  -  MemoryUsage of job (MB)
	2201760  -  ResidentSetSize of job (KB)
...
006 (184.031.000) 05/05 23:07:39 Image size of job updated: 2932712
	2163  -  MemoryUsage of job (MB)
	2213904  -  ResidentSetSize of job (KB)
...
006 (184.031.000) 05/05 23:07:44 Image size of job updated: 2941928
	2174  -  MemoryUsage of job (MB)
	2225652  -  ResidentSetSize of job (KB)
...
006 (184.031.000) 05/05 23:07:49 Image size of job updated: 2941928
	2187  -  MemoryUsage of job (MB)
	2238852  -  ResidentSetSize of job (KB)
...
006 (184.031.000) 05/05 23:07:54 Image size of job updated: 2941928
	2198  -  MemoryUsage of job (MB)
	2250468  -  ResidentSetSize of job (KB)
...
006 (184.031.000) 05/05 23:07:59 Image size of job updated: 2977768
	2210  -  MemoryUsage of job (MB)
	2262480  -  ResidentSetSize of job (KB)
...
006 (184.031.000) 05/05 23:08:04 Image size of job updated: 2977768
	2223  -  MemoryUsage of job (MB)
	2275416  -  ResidentSetSize of job (KB)
...
006 (184.031.000) 05/05 23:08:09 Image size of job updated: 2977768
	2233  -  MemoryUsage of job (MB)
	2285844  -  ResidentSetSize of job (KB)
...
006 (184.031.000) 05/05 23:08:14 Image size of job updated: 3013608
	2244  -  MemoryUsage of job (MB)
	2297592  -  ResidentSetSize of job (KB)
...
006 (184.031.000) 05/05 23:08:19 Image size of job updated: 3013608
	2257  -  MemoryUsage of job (MB)
	2310396  -  ResidentSetSize of job (KB)
...
006 (184.031.000) 05/05 23:08:28 Image size of job updated: 3042280
	2268  -  MemoryUsage of job (MB)
	2322408  -  ResidentSetSize of job (KB)
...
006 (184.031.000) 05/05 23:08:36 Image size of job updated: 3056616
	2288  -  MemoryUsage of job (MB)
	2341944  -  ResidentSetSize of job (KB)
...
006 (184.031.000) 05/05 23:08:42 Image size of job updated: 3071976
	2301  -  MemoryUsage of job (MB)
	2356200  -  ResidentSetSize of job (KB)
...
006 (184.031.000) 05/05 23:08:47 Image size of job updated: 3082216
	2314  -  MemoryUsage of job (MB)
	2369004  -  ResidentSetSize of job (KB)
...
006 (184.031.000) 05/05 23:08:52 Image size of job updated: 3094504
	2327  -  MemoryUsage of job (MB)
	2382204  -  ResidentSetSize of job (KB)
...
006 (184.031.000) 05/05 23:08:57 Image size of job updated: 3105768
	2339  -  MemoryUsage of job (MB)
	2394876  -  ResidentSetSize of job (KB)
...
006 (184.031.000) 05/05 23:09:02 Image size of job updated: 3120104
	2351  -  MemoryUsage of job (MB)
	2406492  -  ResidentSetSize of job (KB)
...
006 (184.031.000) 05/05 23:09:07 Image size of job updated: 3120104
	2364  -  MemoryUsage of job (MB)
	2419824  -  ResidentSetSize of job (KB)
...
006 (184.031.000) 05/05 23:09:12 Image size of job updated: 3120104
	2376  -  MemoryUsage of job (MB)
	2432760  -  ResidentSetSize of job (KB)
...
006 (184.031.000) 05/05 23:09:17 Image size of job updated: 3157992
	2388  -  MemoryUsage of job (MB)
	2445036  -  ResidentSetSize of job (KB)
...
006 (184.031.000) 05/05 23:09:22 Image size of job updated: 3170280
	2401  -  MemoryUsage of job (MB)
	2457972  -  ResidentSetSize of job (KB)
...
006 (184.031.000) 05/05 23:09:27 Image size of job updated: 3182568
	2413  -  MemoryUsage of job (MB)
	2470248  -  ResidentSetSize of job (KB)
...
006 (184.031.000) 05/05 23:09:32 Image size of job updated: 3194856
	2425  -  MemoryUsage of job (MB)
	2482788  -  ResidentSetSize of job (KB)
...
006 (184.031.000) 05/05 23:09:37 Image size of job updated: 3205096
	2440  -  MemoryUsage of job (MB)
	2498364  -  ResidentSetSize of job (KB)
...
006 (184.031.000) 05/05 23:09:42 Image size of job updated: 3221480
	2452  -  MemoryUsage of job (MB)
	2509980  -  ResidentSetSize of job (KB)
...
006 (184.031.000) 05/05 23:09:47 Image size of job updated: 3232744
	2464  -  MemoryUsage of job (MB)
	2522124  -  ResidentSetSize of job (KB)
...
006 (184.031.000) 05/05 23:09:52 Image size of job updated: 3232744
	2475  -  MemoryUsage of job (MB)
	2534004  -  ResidentSetSize of job (KB)
...
006 (184.031.000) 05/05 23:10:01 Image size of job updated: 3263464
	2475  -  MemoryUsage of job (MB)
	2534004  -  ResidentSetSize of job (KB)
...
006 (184.031.000) 05/05 23:10:11 Image size of job updated: 3279848
	2475  -  MemoryUsage of job (MB)
	2534004  -  ResidentSetSize of job (KB)
...
006 (184.031.000) 05/05 23:10:16 Image size of job updated: 3301352
	2475  -  MemoryUsage of job (MB)
	2534004  -  ResidentSetSize of job (KB)
...
006 (184.031.000) 05/05 23:10:26 Image size of job updated: 3320808
	2475  -  MemoryUsage of job (MB)
	2534004  -  ResidentSetSize of job (KB)
...
006 (184.031.000) 05/05 23:10:31 Image size of job updated: 3342312
	2475  -  MemoryUsage of job (MB)
	2534004  -  ResidentSetSize of job (KB)
...
006 (184.031.000) 05/05 23:10:36 Image size of job updated: 3348456
	2475  -  MemoryUsage of job (MB)
	2534004  -  ResidentSetSize of job (KB)
...
006 (184.031.000) 05/05 23:10:42 Image size of job updated: 3361768
	2475  -  MemoryUsage of job (MB)
	2534004  -  ResidentSetSize of job (KB)
...
006 (184.031.000) 05/05 23:10:48 Image size of job updated: 3377128
	2475  -  MemoryUsage of job (MB)
	2534004  -  ResidentSetSize of job (KB)
...
006 (184.031.000) 05/05 23:10:54 Image size of job updated: 3392488
	2475  -  MemoryUsage of job (MB)
	2534004  -  ResidentSetSize of job (KB)
...
006 (184.031.000) 05/05 23:11:00 Image size of job updated: 3402728
	2475  -  MemoryUsage of job (MB)
	2534004  -  ResidentSetSize of job (KB)
...
006 (184.031.000) 05/05 23:11:06 Image size of job updated: 3415016
	2475  -  MemoryUsage of job (MB)
	2534004  -  ResidentSetSize of job (KB)
...
006 (184.031.000) 05/05 23:11:23 Image size of job updated: 3444712
	2475  -  MemoryUsage of job (MB)
	2534004  -  ResidentSetSize of job (KB)
...
006 (184.031.000) 05/05 23:11:29 Image size of job updated: 3453928
	2475  -  MemoryUsage of job (MB)
	2534004  -  ResidentSetSize of job (KB)
...
006 (184.031.000) 05/05 23:11:35 Image size of job updated: 3453928
	2477  -  MemoryUsage of job (MB)
	2536116  -  ResidentSetSize of job (KB)
...
006 (184.031.000) 05/05 23:11:41 Image size of job updated: 3453928
	2491  -  MemoryUsage of job (MB)
	2550636  -  ResidentSetSize of job (KB)
...
006 (184.031.000) 05/05 23:11:47 Image size of job updated: 3491816
	2500  -  MemoryUsage of job (MB)
	2559480  -  ResidentSetSize of job (KB)
...
006 (184.031.000) 05/05 23:11:53 Image size of job updated: 3629032
	2674  -  MemoryUsage of job (MB)
	2737944  -  ResidentSetSize of job (KB)
...
006 (184.031.000) 05/05 23:11:59 Image size of job updated: 3703784
	2840  -  MemoryUsage of job (MB)
	2908092  -  ResidentSetSize of job (KB)
...
006 (184.031.000) 05/05 23:12:12 Image size of job updated: 3718120
	2842  -  MemoryUsage of job (MB)
	2909940  -  ResidentSetSize of job (KB)
...
006 (184.031.000) 05/05 23:12:19 Image size of job updated: 3719144
	2842  -  MemoryUsage of job (MB)
	2909940  -  ResidentSetSize of job (KB)
...
005 (184.031.000) 05/05 23:12:19 Job terminated.
	(1) Normal termination (return value 0)
		Usr 0 00:21:36, Sys 0 00:00:28  -  Run Remote Usage
		Usr 0 00:00:00, Sys 0 00:00:00  -  Run Local Usage
		Usr 0 00:21:36, Sys 0 00:00:28  -  Total Remote Usage
		Usr 0 00:00:00, Sys 0 00:00:00  -  Total Local Usage
	0  -  Run Bytes Sent By Job
	0  -  Run Bytes Received By Job
	0  -  Total Bytes Sent By Job
	0  -  Total Bytes Received By Job
	Partitionable Resources :      Usage  Request Allocated 
	   Cpus                 :       0.40        1         1 
	   Disk (KB)            : 2000000     2000000   6540465 
	   Memory (MB)          :    2842        1954      2007 
...
