000 (016.466.000) 05/10 03:37:26 Job submitted from host: <127.0.0.1:9618?addrs=127.0.0.1-9618&noUDP&sock=212_fe2a_4>
...
001 (016.466.000) 05/10 06:16:13 Job executing on host: <127.0.0.1:9618?addrs=127.0.0.1-9618&noUDP&sock=212_fe2a_5>
...
006 (016.466.000) 05/10 06:16:18 Image size of job updated: 2000000
	101  -  MemoryUsage of job (MB)
	103224  -  ResidentSetSize of job (KB)
...
006 (016.466.000) 05/10 06:16:43 Image size of job updated: 2000000
	110  -  MemoryUsage of job (MB)
	111936  -  ResidentSetSize of job (KB)
...
006 (016.466.000) 05/10 06:16:48 Image size of job updated: 2000000
	177  -  MemoryUsage of job (MB)
	180576  -  ResidentSetSize of job (KB)
...
006 (016.466.000) 05/10 06:16:53 Image size of job updated: 2000000
	185  -  MemoryUsage of job (MB)
	188628  -  ResidentSetSize of job (KB)
...
006 (016.466.000) 05/10 06:16:58 Image size of job updated: 2000000
	191  -  MemoryUsage of job (MB)
	195228  -  ResidentSetSize of job (KB)
...
006 (016.466.000) 05/10 06:17:03 Image size of job updated: 2000000
	203  -  MemoryUsage of job (MB)
	207240  -  ResidentSetSize of job (KB)
...
006 (016.466.000) 05/10 06:17:08 Image size of job updated: 2000000
	211  -  MemoryUsage of job (MB)
	215820  -  ResidentSetSize of job (KB)
...
006 (016.466.000) 05/10 06:17:13 Image size of job updated: 2000000
	220  -  MemoryUsage of job (MB)
	225060  -  ResidentSetSize of job (KB)
...
006 (016.466.000) 05/10 06:17:18 Image size of job updated: 2000000
	230  -  MemoryUsage of job (MB)
	235224  -  ResidentSetSize of job (KB)
...
006 (016.466.000) 05/10 06:17:23 Image size of job updated: 2000000
	238  -  MemoryUsage of job (MB)
	243408  -  ResidentSetSize of job (KB)
...
006 (016.466.000) 05/10 06:17:28 Image size of job updated: 2000000
	246  -  MemoryUsage of job (MB)
	250932  -  ResidentSetSize of job (KB)
...
006 (016.466.000) 05/10 06:17:33 Image size of job updated: 2000000
	286  -  MemoryUsage of job (MB)
	292116  -  ResidentSetSize of job (KB)
...
006 (016.466.000) 05/10 06:17:39 Image size of job updated: 2000000
	324  -  MemoryUsage of job (MB)
	331188  -  ResidentSetSize of job (KB)
...
006 (016.466.000) 05/10 06:17:45 Image size of job updated: 2000000
	337  -  MemoryUsage of job (MB)
	344784  -  ResidentSetSize of job (KB)
...
006 (016.466.000) 05/10 06:17:51 Image size of job updated: 2000000
	428  -  MemoryUsage of job (MB)
	437844  -  ResidentSetSize of job (KB)
...
006 (016.466.000) 05/10 06:17:57 Image size of job updated: 2000000
	1169  -  MemoryUsage of job (MB)
	1196580  -  ResidentSetSize of job (KB)
...
006 (016.466.000) 05/10 06:31:25 Image size of job updated: 2000000
	1170  -  MemoryUsage of job (MB)
	1197768  -  ResidentSetSize of job (KB)
...
006 (016.466.000) 05/10 06:31:31 Image size of job updated: 2000000
	1184  -  MemoryUsage of job (MB)
	1212024  -  ResidentSetSize of job (KB)
...
006 (016.466.000) 05/10 06:31:37 Image size of job updated: 2000000
	1256  -  MemoryUsage of job (MB)
	1285152  -  ResidentSetSize of job (KB)
...
006 (016.466.000) 05/10 06:31:43 Image size of job updated: 2270664
	1675  -  MemoryUsage of job (MB)
	1714812  -  ResidentSetSize of job (KB)
...
006 (016.466.000) 05/10 06:31:49 Image size of job updated: 2604256
	1885  -  MemoryUsage of job (MB)
	1930104  -  ResidentSetSize of job (KB)
...
006 (016.466.000) 05/10 06:34:07 Image size of job updated: 2604256
	1886  -  MemoryUsage of job (MB)
	1931028  -  ResidentSetSize of job (KB)
...
006 (016.466.000) 05/10 06:34:13 Image size of job updated: 2738656
	1970  -  MemoryUsage of job (MB)
	2017224  -  ResidentSetSize of job (KB)
...
005 (016.466.000) 05/10 06:34:14 Job terminated.
	(1) Normal termination (return value 0)
		Usr 0 00:17:32, Sys 0 00:00:02  -  Run Remote Usage
		Usr 0 00:00:00, Sys 0 00:00:00  -  Run Local Usage
		Usr 0 00:17:32, Sys 0 00:00:02  -  Total Remote Usage
		Usr 0 00:00:00, Sys 0 00:00:00  -  Total Local Usage
	0  -  Run Bytes Sent By Job
	0  -  Run Bytes Received By Job
	0  -  Total Bytes Sent By Job
	0  -  Total Bytes Received By Job
	Partitionable Resources :      Usage  Request Allocated 
	   Cpus                 :       1.00        1         1 
	   Disk (KB)            : 2000000     2000000   6232219 
	   Memory (MB)          :    1970        1954      2007 
...
