000 (005.2229.000) 05/05 20:22:31 Job submitted from host: <127.0.0.1:9618?addrs=127.0.0.1-9618&noUDP&sock=227_4816_4>
...
001 (005.2229.000) 05/06 10:34:15 Job executing on host: <127.0.0.1:9618?addrs=127.0.0.1-9618&noUDP&sock=227_4816_5>
...
006 (005.2229.000) 05/06 10:34:21 Image size of job updated: 2000000
	103  -  MemoryUsage of job (MB)
	105072  -  ResidentSetSize of job (KB)
...
006 (005.2229.000) 05/06 10:34:51 Image size of job updated: 2000000
	173  -  MemoryUsage of job (MB)
	176220  -  ResidentSetSize of job (KB)
...
006 (005.2229.000) 05/06 10:34:57 Image size of job updated: 2000000
	186  -  MemoryUsage of job (MB)
	189948  -  ResidentSetSize of job (KB)
...
006 (005.2229.000) 05/06 10:35:03 Image size of job updated: 2000000
	189  -  MemoryUsage of job (MB)
	192720  -  ResidentSetSize of job (KB)
...
006 (005.2229.000) 05/06 10:35:09 Image size of job updated: 2000000
	201  -  MemoryUsage of job (MB)
	204996  -  ResidentSetSize of job (KB)
...
006 (005.2229.000) 05/06 10:35:15 Image size of job updated: 2000000
	213  -  MemoryUsage of job (MB)
	217140  -  ResidentSetSize of job (KB)
...
006 (005.2229.000) 05/06 10:35:21 Image size of job updated: 2000000
	222  -  MemoryUsage of job (MB)
	227040  -  ResidentSetSize of job (KB)
...
006 (005.2229.000) 05/06 10:35:27 Image size of job updated: 2000000
	235  -  MemoryUsage of job (MB)
	240504  -  ResidentSetSize of job (KB)
...
006 (005.2229.000) 05/06 10:35:33 Image size of job updated: 2000000
	243  -  MemoryUsage of job (MB)
	248292  -  ResidentSetSize of job (KB)
...
006 (005.2229.000) 05/06 10:35:39 Image size of job updated: 2000000
	288  -  MemoryUsage of job (MB)
	294228  -  ResidentSetSize of job (KB)
...
006 (005.2229.000) 05/06 10:35:45 Image size of job updated: 2000000
	328  -  MemoryUsage of job (MB)
	335016  -  ResidentSetSize of job (KB)
...
006 (005.2229.000) 05/06 10:35:51 Image size of job updated: 2000000
	355  -  MemoryUsage of job (MB)
	363396  -  ResidentSetSize of job (KB)
...
006 (005.2229.000) 05/06 10:35:57 Image size of job updated: 2000000
	426  -  MemoryUsage of job (MB)
	435996  -  ResidentSetSize of job (KB)
...
006 (005.2229.000) 05/06 10:36:03 Image size of job updated: 2000000
	482  -  MemoryUsage of job (MB)
	493284  -  ResidentSetSize of job (KB)
...
006 (005.2229.000) 05/06 10:36:09 Image size of job updated: 2000000
	1171  -  MemoryUsage of job (MB)
	1198428  -  ResidentSetSize of job (KB)
...
006 (005.2229.000) 05/06 10:48:41 Image size of job updated: 2000000
	1171  -  MemoryUsage of job (MB)
	1198560  -  ResidentSetSize of job (KB)
...
006 (005.2229.000) 05/06 10:48:47 Image size of job updated: 2000000
	1192  -  MemoryUsage of job (MB)
	1220340  -  ResidentSetSize of job (KB)
...
006 (005.2229.000) 05/06 10:48:53 Image size of job updated: 2000000
	1554  -  MemoryUsage of job (MB)
	1590468  -  ResidentSetSize of job (KB)
...
006 (005.2229.000) 05/06 10:49:00 Image size of job updated: 2270668
	1694  -  MemoryUsage of job (MB)
	1733820  -  ResidentSetSize of job (KB)
...
006 (005.2229.000) 05/06 10:49:05 Image size of job updated: 2561508
	1919  -  MemoryUsage of job (MB)
	1964556  -  ResidentSetSize of job (KB)
...
006 (005.2229.000) 05/06 10:49:10 Image size of job updated: 2561508
	1961  -  MemoryUsage of job (MB)
	2007456  -  ResidentSetSize of job (KB)
...
006 (005.2229.000) 05/06 10:49:15 Image size of job updated: 2561508
	1986  -  MemoryUsage of job (MB)
	2032668  -  ResidentSetSize of job (KB)
...
006 (005.2229.000) 05/06 10:49:20 Image size of job updated: 2675172
	2008  -  MemoryUsage of job (MB)
	2055636  -  ResidentSetSize of job (KB)
...
006 (005.2229.000) 05/06 10:49:25 Image size of job updated: 2675172
	2028  -  MemoryUsage of job (MB)
	2076624  -  ResidentSetSize of job (KB)
...
006 (005.2229.000) 05/06 10:49:30 Image size of job updated: 2675172
	2049  -  MemoryUsage of job (MB)
	2097216  -  ResidentSetSize of job (KB)
...
006 (005.2229.000) 05/06 10:49:35 Image size of job updated: 2748900
	2069  -  MemoryUsage of job (MB)
	2118072  -  ResidentSetSize of job (KB)
...
006 (005.2229.000) 05/06 10:49:40 Image size of job updated: 2759140
	2085  -  MemoryUsage of job (MB)
	2134968  -  ResidentSetSize of job (KB)
...
006 (005.2229.000) 05/06 10:49:45 Image size of job updated: 2759140
	2101  -  MemoryUsage of job (MB)
	2150412  -  ResidentSetSize of job (KB)
...
006 (005.2229.000) 05/06 10:49:50 Image size of job updated: 2759140
	2118  -  MemoryUsage of job (MB)
	2168364  -  ResidentSetSize of job (KB)
...
006 (005.2229.000) 05/06 10:49:55 Image size of job updated: 2802148
	2134  -  MemoryUsage of job (MB)
	2184204  -  ResidentSetSize of job (KB)
...
006 (005.2229.000) 05/06 10:50:00 Image size of job updated: 2802148
	2151  -  MemoryUsage of job (MB)
	2202156  -  ResidentSetSize of job (KB)
...
006 (005.2229.000) 05/06 10:50:05 Image size of job updated: 2802148
	2166  -  MemoryUsage of job (MB)
	2217336  -  ResidentSetSize of job (KB)
...
006 (005.2229.000) 05/06 10:50:10 Image size of job updated: 2851300
	2183  -  MemoryUsage of job (MB)
	2234892  -  ResidentSetSize of job (KB)
...
006 (005.2229.000) 05/06 10:50:15 Image size of job updated: 2851300
	2198  -  MemoryUsage of job (MB)
	2250336  -  ResidentSetSize of job (KB)
...
006 (005.2229.000) 05/06 10:50:20 Image size of job updated: 2851300
	2216  -  MemoryUsage of job (MB)
	2268420  -  ResidentSetSize of job (KB)
...
006 (005.2229.000) 05/06 10:50:25 Image size of job updated: 2902500
	2231  -  MemoryUsage of job (MB)
	2284392  -  ResidentSetSize of job (KB)
...
006 (005.2229.000) 05/06 10:50:30 Image size of job updated: 2915812
	2247  -  MemoryUsage of job (MB)
	2300232  -  ResidentSetSize of job (KB)
...
006 (005.2229.000) 05/06 10:50:35 Image size of job updated: 2915812
	2265  -  MemoryUsage of job (MB)
	2318448  -  ResidentSetSize of job (KB)
...
006 (005.2229.000) 05/06 10:50:40 Image size of job updated: 2954724
	2281  -  MemoryUsage of job (MB)
	2335740  -  ResidentSetSize of job (KB)
...
006 (005.2229.000) 05/06 10:50:45 Image size of job updated: 2954724
	2300  -  MemoryUsage of job (MB)
	2354748  -  ResidentSetSize of job (KB)
...
006 (005.2229.000) 05/06 10:50:50 Image size of job updated: 2954724
	2316  -  MemoryUsage of job (MB)
	2371248  -  ResidentSetSize of job (KB)
...
006 (005.2229.000) 05/06 10:50:55 Image size of job updated: 3006948
	2335  -  MemoryUsage of job (MB)
	2390388  -  ResidentSetSize of job (KB)
...
006 (005.2229.000) 05/06 10:51:00 Image size of job updated: 3006948
	2352  -  MemoryUsage of job (MB)
	2408076  -  ResidentSetSize of job (KB)
...
006 (005.2229.000) 05/06 10:51:05 Image size of job updated: 3006948
	2368  -  MemoryUsage of job (MB)
	2424312  -  ResidentSetSize of job (KB)
...
006 (005.2229.000) 05/06 10:51:10 Image size of job updated: 3061220
	2384  -  MemoryUsage of job (MB)
	2440284  -  ResidentSetSize of job (KB)
...
006 (005.2229.000) 05/06 10:51:15 Image size of job updated: 3061220
	2401  -  MemoryUsage of job (MB)
	2457840  -  ResidentSetSize of job (KB)
...
006 (005.2229.000) 05/06 10:51:20 Image size of job updated: 3061220
	2416  -  MemoryUsage of job (MB)
	2473416  -  ResidentSetSize of job (KB)
...
006 (005.2229.000) 05/06 10:51:25 Image size of job updated: 3117540
	2433  -  MemoryUsage of job (MB)
	2490840  -  ResidentSetSize of job (KB)
...
006 (005.2229.000) 05/06 10:51:30 Image size of job updated: 3117540
	2450  -  MemoryUsage of job (MB)
	2508396  -  ResidentSetSize of job (KB)
...
006 (005.2229.000) 05/06 10:51:35 Image size of job updated: 3117540
	2467  -  MemoryUsage of job (MB)
	2525820  -  ResidentSetSize of job (KB)
...
006 (005.2229.000) 05/06 10:51:40 Image size of job updated: 3168740
	2483  -  MemoryUsage of job (MB)
	2541660  -  ResidentSetSize of job (KB)
...
006 (005.2229.000) 05/06 10:51:45 Image size of job updated: 3168740
	2499  -  MemoryUsage of job (MB)
	2558556  -  ResidentSetSize of job (KB)
...
006 (005.2229.000) 05/06 10:51:50 Image size of job updated: 3168740
	2516  -  MemoryUsage of job (MB)
	2575452  -  ResidentSetSize of job (KB)
...
006 (005.2229.000) 05/06 10:51:55 Image size of job updated: 3218916
	2532  -  MemoryUsage of job (MB)
	2592084  -  ResidentSetSize of job (KB)
...
006 (005.2229.000) 05/06 10:52:00 Image size of job updated: 3218916
	2548  -  MemoryUsage of job (MB)
	2608848  -  ResidentSetSize of job (KB)
...
006 (005.2229.000) 05/06 10:52:05 Image size of job updated: 3218916
	2566  -  MemoryUsage of job (MB)
	2627196  -  ResidentSetSize of job (KB)
...
006 (005.2229.000) 05/06 10:52:10 Image size of job updated: 3270116
	2582  -  MemoryUsage of job (MB)
	2643432  -  ResidentSetSize of job (KB)
...
006 (005.2229.000) 05/06 10:52:15 Image size of job updated: 3272164
	2600  -  MemoryUsage of job (MB)
	2661648  -  ResidentSetSize of job (KB)
...
006 (005.2229.000) 05/06 10:52:20 Image size of job updated: 3272164
	2618  -  MemoryUsage of job (MB)
	2680788  -  ResidentSetSize of job (KB)
...
006 (005.2229.000) 05/06 10:52:25 Image size of job updated: 3325412
	2635  -  MemoryUsage of job (MB)
	2698212  -  ResidentSetSize of job (KB)
...
006 (005.2229.000) 05/06 10:52:30 Image size of job updated: 3325412
	2655  -  MemoryUsage of job (MB)
	2718276  -  ResidentSetSize of job (KB)
...
006 (005.2229.000) 05/06 10:52:35 Image size of job updated: 3325412
	2673  -  MemoryUsage of job (MB)
	2737020  -  ResidentSetSize of job (KB)
...
006 (005.2229.000) 05/06 10:52:40 Image size of job updated: 3382756
	2693  -  MemoryUsage of job (MB)
	2756688  -  ResidentSetSize of job (KB)
...
006 (005.2229.000) 05/06 10:52:45 Image size of job updated: 3382756
	2712  -  MemoryUsage of job (MB)
	2776092  -  ResidentSetSize of job (KB)
...
006 (005.2229.000) 05/06 10:52:50 Image size of job updated: 3382756
	2727  -  MemoryUsage of job (MB)
	2791800  -  ResidentSetSize of job (KB)
...
006 (005.2229.000) 05/06 10:52:55 Image size of job updated: 3382756
	2743  -  MemoryUsage of job (MB)
	2808828  -  ResidentSetSize of job (KB)
...
006 (005.2229.000) 05/06 10:53:00 Image size of job updated: 3443172
	2763  -  MemoryUsage of job (MB)
	2828760  -  ResidentSetSize of job (KB)
...
006 (005.2229.000) 05/06 10:53:05 Image size of job updated: 3459556
	2779  -  MemoryUsage of job (MB)
	2844732  -  ResidentSetSize of job (KB)
...
006 (005.2229.000) 05/06 10:53:10 Image size of job updated: 3485156
	2796  -  MemoryUsage of job (MB)
	2862552  -  ResidentSetSize of job (KB)
...
006 (005.2229.000) 05/06 10:53:15 Image size of job updated: 3496420
	2812  -  MemoryUsage of job (MB)
	2878788  -  ResidentSetSize of job (KB)
...
006 (005.2229.000) 05/06 10:53:20 Image size of job updated: 3496420
	2829  -  MemoryUsage of job (MB)
	2896080  -  ResidentSetSize of job (KB)
...
006 (005.2229.000) 05/06 10:53:25 Image size of job updated: 3496420
	2847  -  MemoryUsage of job (MB)
	2914692  -  ResidentSetSize of job (KB)
...
006 (005.2229.000) 05/06 10:53:30 Image size of job updated: 3549668
	2865  -  MemoryUsage of job (MB)
	2933040  -  ResidentSetSize of job (KB)
...
006 (005.2229.000) 05/06 10:53:35 Image size of job updated: 3574244
	2881  -  MemoryUsage of job (MB)
	2949672  -  ResidentSetSize of job (KB)
...
006 (005.2229.000) 05/06 10:53:40 Image size of job updated: 3574244
	2899  -  MemoryUsage of job (MB)
	2967888  -  ResidentSetSize of job (KB)
...
006 (005.2229.000) 05/06 10:53:45 Image size of job updated: 3602916
	2917  -  MemoryUsage of job (MB)
	2986104  -  ResidentSetSize of job (KB)
...
006 (005.2229.000) 05/06 10:53:50 Image size of job updated: 3626468
	2934  -  MemoryUsage of job (MB)
	3004056  -  ResidentSetSize of job (KB)
...
006 (005.2229.000) 05/06 10:53:55 Image size of job updated: 3637732
	2951  -  MemoryUsage of job (MB)
	3021612  -  ResidentSetSize of job (KB)
...
006 (005.2229.000) 05/06 10:54:00 Image size of job updated: 3665380
	2969  -  MemoryUsage of job (MB)
	3040224  -  ResidentSetSize of job (KB)
...
006 (005.2229.000) 05/06 10:54:05 Image size of job updated: 3665380
	2987  -  MemoryUsage of job (MB)
	3057912  -  ResidentSetSize of job (KB)
...
006 (005.2229.000) 05/06 10:54:10 Image size of job updated: 3665380
	3004  -  MemoryUsage of job (MB)
	3075600  -  ResidentSetSize of job (KB)
...
006 (005.2229.000) 05/06 10:54:15 Image size of job updated: 3665380
	3019  -  MemoryUsage of job (MB)
	3091308  -  ResidentSetSize of job (KB)
...
006 (005.2229.000) 05/06 10:54:20 Image size of job updated: 3731940
	3036  -  MemoryUsage of job (MB)
	3108732  -  ResidentSetSize of job (KB)
...
006 (005.2229.000) 05/06 10:54:25 Image size of job updated: 3742180
	3052  -  MemoryUsage of job (MB)
	3124836  -  ResidentSetSize of job (KB)
...
006 (005.2229.000) 05/06 10:54:30 Image size of job updated: 3759588
	3069  -  MemoryUsage of job (MB)
	3141996  -  ResidentSetSize of job (KB)
...
006 (005.2229.000) 05/06 10:54:35 Image size of job updated: 3770852
	3085  -  MemoryUsage of job (MB)
	3158496  -  ResidentSetSize of job (KB)
...
006 (005.2229.000) 05/06 10:54:40 Image size of job updated: 3770852
	3102  -  MemoryUsage of job (MB)
	3176052  -  ResidentSetSize of job (KB)
...
006 (005.2229.000) 05/06 10:54:45 Image size of job updated: 3807716
	3121  -  MemoryUsage of job (MB)
	3194928  -  ResidentSetSize of job (KB)
...
006 (005.2229.000) 05/06 10:54:50 Image size of job updated: 3834340
	3140  -  MemoryUsage of job (MB)
	3214728  -  ResidentSetSize of job (KB)
...
006 (005.2229.000) 05/06 10:54:55 Image size of job updated: 3834340
	3161  -  MemoryUsage of job (MB)
	3236244  -  ResidentSetSize of job (KB)
...
006 (005.2229.000) 05/06 10:55:00 Image size of job updated: 3834340
	3182  -  MemoryUsage of job (MB)
	3257628  -  ResidentSetSize of job (KB)
...
006 (005.2229.000) 05/06 10:55:05 Image size of job updated: 3885540
	3202  -  MemoryUsage of job (MB)
	3278484  -  ResidentSetSize of job (KB)
...
006 (005.2229.000) 05/06 10:55:11 Image size of job updated: 3885540
	3226  -  MemoryUsage of job (MB)
	3303168  -  ResidentSetSize of job (KB)
...
006 (005.2229.000) 05/06 10:55:17 Image size of job updated: 3950052
	3249  -  MemoryUsage of job (MB)
	3326268  -  ResidentSetSize of job (KB)
...
006 (005.2229.000) 05/06 10:55:23 Image size of job updated: 3964388
	3271  -  MemoryUsage of job (MB)
	3348708  -  ResidentSetSize of job (KB)
...
006 (005.2229.000) 05/06 10:55:29 Image size of job updated: 3984868
	3293  -  MemoryUsage of job (MB)
	3371940  -  ResidentSetSize of job (KB)
...
006 (005.2229.000) 05/06 10:55:35 Image size of job updated: 4007396
	3316  -  MemoryUsage of job (MB)
	3395436  -  ResidentSetSize of job (KB)
...
006 (005.2229.000) 05/06 10:55:41 Image size of job updated: 4007396
	3339  -  MemoryUsage of job (MB)
	3418536  -  ResidentSetSize of job (KB)
...
006 (005.2229.000) 05/06 10:55:47 Image size of job updated: 4007396
	3362  -  MemoryUsage of job (MB)
	3442032  -  ResidentSetSize of job (KB)
...
006 (005.2229.000) 05/06 10:55:53 Image size of job updated: 4070884
	3383  -  MemoryUsage of job (MB)
	3463416  -  ResidentSetSize of job (KB)
...
006 (005.2229.000) 05/06 10:55:59 Image size of job updated: 4070884
	3405  -  MemoryUsage of job (MB)
	3486516  -  ResidentSetSize of job (KB)
...
006 (005.2229.000) 05/06 10:56:05 Image size of job updated: 4125156
	3428  -  MemoryUsage of job (MB)
	3509616  -  ResidentSetSize of job (KB)
...
006 (005.2229.000) 05/06 10:56:11 Image size of job updated: 4125156
	3449  -  MemoryUsage of job (MB)
	3531000  -  ResidentSetSize of job (KB)
...
006 (005.2229.000) 05/06 10:56:17 Image size of job updated: 4125156
	3471  -  MemoryUsage of job (MB)
	3554100  -  ResidentSetSize of job (KB)
...
006 (005.2229.000) 05/06 10:56:23 Image size of job updated: 4182500
	3492  -  MemoryUsage of job (MB)
	3575748  -  ResidentSetSize of job (KB)
...
006 (005.2229.000) 05/06 10:56:29 Image size of job updated: 4222436
	3513  -  MemoryUsage of job (MB)
	3597000  -  ResidentSetSize of job (KB)
...
006 (005.2229.000) 05/06 10:56:35 Image size of job updated: 4234724
	3534  -  MemoryUsage of job (MB)
	3618516  -  ResidentSetSize of job (KB)
...
006 (005.2229.000) 05/06 10:56:41 Image size of job updated: 4234724
	3730  -  MemoryUsage of job (MB)
	3818760  -  ResidentSetSize of job (KB)
...
006 (005.2229.000) 05/06 10:56:47 Image size of job updated: 4473316
	3730  -  MemoryUsage of job (MB)
	3818760  -  ResidentSetSize of job (KB)
...
005 (005.2229.000) 05/06 10:56:49 Job terminated.
	(1) Normal termination (return value 0)
		Usr 0 00:22:02, Sys 0 00:00:03  -  Run Remote Usage
		Usr 0 00:00:00, Sys 0 00:00:00  -  Run Local Usage
		Usr 0 00:22:02, Sys 0 00:00:03  -  Total Remote Usage
		Usr 0 00:00:00, Sys 0 00:00:00  -  Total Local Usage
	0  -  Run Bytes Sent By Job
	0  -  Run Bytes Received By Job
	0  -  Total Bytes Sent By Job
	0  -  Total Bytes Received By Job
	Partitionable Resources :      Usage  Request Allocated 
	   Cpus                 :       0.99        1         1 
	   Disk (KB)            : 2000000     2000000   6275465 
	   Memory (MB)          :    3730        1954      2007 
...
