000 (016.258.000) 05/10 03:37:20 Job submitted from host: <127.0.0.1:9618?addrs=127.0.0.1-9618&noUDP&sock=212_fe2a_4>
...
001 (016.258.000) 05/10 05:05:44 Job executing on host: <127.0.0.1:9618?addrs=127.0.0.1-9618&noUDP&sock=212_fe2a_5>
...
006 (016.258.000) 05/10 05:05:50 Image size of job updated: 2000000
	101  -  MemoryUsage of job (MB)
	103092  -  ResidentSetSize of job (KB)
...
006 (016.258.000) 05/10 05:06:20 Image size of job updated: 2000000
	166  -  MemoryUsage of job (MB)
	169488  -  ResidentSetSize of job (KB)
...
006 (016.258.000) 05/10 05:06:26 Image size of job updated: 2000000
	184  -  MemoryUsage of job (MB)
	188100  -  ResidentSetSize of job (KB)
...
006 (016.258.000) 05/10 05:06:32 Image size of job updated: 2000000
	186  -  MemoryUsage of job (MB)
	190212  -  ResidentSetSize of job (KB)
...
006 (016.258.000) 05/10 05:06:38 Image size of job updated: 2000000
	198  -  MemoryUsage of job (MB)
	202224  -  ResidentSetSize of job (KB)
...
006 (016.258.000) 05/10 05:06:44 Image size of job updated: 2000000
	210  -  MemoryUsage of job (MB)
	214236  -  ResidentSetSize of job (KB)
...
006 (016.258.000) 05/10 05:06:50 Image size of job updated: 2000000
	219  -  MemoryUsage of job (MB)
	224136  -  ResidentSetSize of job (KB)
...
006 (016.258.000) 05/10 05:06:56 Image size of job updated: 2000000
	231  -  MemoryUsage of job (MB)
	235752  -  ResidentSetSize of job (KB)
...
006 (016.258.000) 05/10 05:07:02 Image size of job updated: 2000000
	239  -  MemoryUsage of job (MB)
	244464  -  ResidentSetSize of job (KB)
...
006 (016.258.000) 05/10 05:07:08 Image size of job updated: 2000000
	266  -  MemoryUsage of job (MB)
	272184  -  ResidentSetSize of job (KB)
...
006 (016.258.000) 05/10 05:07:14 Image size of job updated: 2000000
	303  -  MemoryUsage of job (MB)
	310068  -  ResidentSetSize of job (KB)
...
006 (016.258.000) 05/10 05:07:20 Image size of job updated: 2000000
	329  -  MemoryUsage of job (MB)
	336204  -  ResidentSetSize of job (KB)
...
006 (016.258.000) 05/10 05:07:26 Image size of job updated: 2000000
	392  -  MemoryUsage of job (MB)
	400884  -  ResidentSetSize of job (KB)
...
006 (016.258.000) 05/10 05:07:32 Image size of job updated: 2000000
	461  -  MemoryUsage of job (MB)
	472032  -  ResidentSetSize of job (KB)
...
006 (016.258.000) 05/10 05:07:38 Image size of job updated: 2000000
	1169  -  MemoryUsage of job (MB)
	1196316  -  ResidentSetSize of job (KB)
...
006 (016.258.000) 05/10 05:19:45 Image size of job updated: 2000000
	1171  -  MemoryUsage of job (MB)
	1198296  -  ResidentSetSize of job (KB)
...
006 (016.258.000) 05/10 05:19:51 Image size of job updated: 2000000
	1249  -  MemoryUsage of job (MB)
	1278288  -  ResidentSetSize of job (KB)
...
006 (016.258.000) 05/10 05:19:57 Image size of job updated: 2000000
	1673  -  MemoryUsage of job (MB)
	1712436  -  ResidentSetSize of job (KB)
...
006 (016.258.000) 05/10 05:20:03 Image size of job updated: 2317000
	1883  -  MemoryUsage of job (MB)
	1927464  -  ResidentSetSize of job (KB)
...
006 (016.258.000) 05/10 05:20:09 Image size of job updated: 2317000
	1930  -  MemoryUsage of job (MB)
	1975908  -  ResidentSetSize of job (KB)
...
006 (016.258.000) 05/10 05:20:15 Image size of job updated: 2634208
	1958  -  MemoryUsage of job (MB)
	2004156  -  ResidentSetSize of job (KB)
...
006 (016.258.000) 05/10 05:20:21 Image size of job updated: 2634208
	1981  -  MemoryUsage of job (MB)
	2028048  -  ResidentSetSize of job (KB)
...
006 (016.258.000) 05/10 05:20:27 Image size of job updated: 2634208
	2004  -  MemoryUsage of job (MB)
	2051148  -  ResidentSetSize of job (KB)
...
006 (016.258.000) 05/10 05:20:33 Image size of job updated: 2689504
	2026  -  MemoryUsage of job (MB)
	2074512  -  ResidentSetSize of job (KB)
...
006 (016.258.000) 05/10 05:20:39 Image size of job updated: 2689504
	2050  -  MemoryUsage of job (MB)
	2099064  -  ResidentSetSize of job (KB)
...
006 (016.258.000) 05/10 05:20:45 Image size of job updated: 2740704
	2075  -  MemoryUsage of job (MB)
	2123880  -  ResidentSetSize of job (KB)
...
006 (016.258.000) 05/10 05:20:51 Image size of job updated: 2779616
	2098  -  MemoryUsage of job (MB)
	2147772  -  ResidentSetSize of job (KB)
...
006 (016.258.000) 05/10 05:20:57 Image size of job updated: 2779616
	2121  -  MemoryUsage of job (MB)
	2171664  -  ResidentSetSize of job (KB)
...
006 (016.258.000) 05/10 05:21:03 Image size of job updated: 2779616
	2144  -  MemoryUsage of job (MB)
	2194632  -  ResidentSetSize of job (KB)
...
006 (016.258.000) 05/10 05:21:09 Image size of job updated: 2827744
	2167  -  MemoryUsage of job (MB)
	2218128  -  ResidentSetSize of job (KB)
...
006 (016.258.000) 05/10 05:21:15 Image size of job updated: 2871776
	2190  -  MemoryUsage of job (MB)
	2241756  -  ResidentSetSize of job (KB)
...
006 (016.258.000) 05/10 05:21:21 Image size of job updated: 2895328
	2212  -  MemoryUsage of job (MB)
	2264988  -  ResidentSetSize of job (KB)
...
006 (016.258.000) 05/10 05:21:27 Image size of job updated: 2897376
	2238  -  MemoryUsage of job (MB)
	2291124  -  ResidentSetSize of job (KB)
...
006 (016.258.000) 05/10 05:21:33 Image size of job updated: 2922976
	2260  -  MemoryUsage of job (MB)
	2313828  -  ResidentSetSize of job (KB)
...
006 (016.258.000) 05/10 05:21:39 Image size of job updated: 2954720
	2282  -  MemoryUsage of job (MB)
	2336136  -  ResidentSetSize of job (KB)
...
006 (016.258.000) 05/10 05:21:45 Image size of job updated: 2954720
	2303  -  MemoryUsage of job (MB)
	2357652  -  ResidentSetSize of job (KB)
...
006 (016.258.000) 05/10 05:21:51 Image size of job updated: 2954720
	2326  -  MemoryUsage of job (MB)
	2381676  -  ResidentSetSize of job (KB)
...
006 (016.258.000) 05/10 05:21:57 Image size of job updated: 3012064
	2349  -  MemoryUsage of job (MB)
	2404908  -  ResidentSetSize of job (KB)
...
006 (016.258.000) 05/10 05:22:03 Image size of job updated: 3012064
	2372  -  MemoryUsage of job (MB)
	2428008  -  ResidentSetSize of job (KB)
...
006 (016.258.000) 05/10 05:22:09 Image size of job updated: 3070432
	2395  -  MemoryUsage of job (MB)
	2451900  -  ResidentSetSize of job (KB)
...
006 (016.258.000) 05/10 05:22:15 Image size of job updated: 3070432
	2418  -  MemoryUsage of job (MB)
	2475528  -  ResidentSetSize of job (KB)
...
006 (016.258.000) 05/10 05:22:21 Image size of job updated: 3129824
	2442  -  MemoryUsage of job (MB)
	2500344  -  ResidentSetSize of job (KB)
...
006 (016.258.000) 05/10 05:22:27 Image size of job updated: 3140064
	2464  -  MemoryUsage of job (MB)
	2522388  -  ResidentSetSize of job (KB)
...
006 (016.258.000) 05/10 05:22:33 Image size of job updated: 3140064
	2486  -  MemoryUsage of job (MB)
	2545488  -  ResidentSetSize of job (KB)
...
006 (016.258.000) 05/10 05:22:39 Image size of job updated: 3187168
	2510  -  MemoryUsage of job (MB)
	2569380  -  ResidentSetSize of job (KB)
...
006 (016.258.000) 05/10 05:22:45 Image size of job updated: 3187168
	2528  -  MemoryUsage of job (MB)
	2588388  -  ResidentSetSize of job (KB)
...
006 (016.258.000) 05/10 05:22:50 Image size of job updated: 3223008
	2547  -  MemoryUsage of job (MB)
	2607396  -  ResidentSetSize of job (KB)
...
006 (016.258.000) 05/10 05:22:55 Image size of job updated: 3245536
	2567  -  MemoryUsage of job (MB)
	2627988  -  ResidentSetSize of job (KB)
...
006 (016.258.000) 05/10 05:23:00 Image size of job updated: 3245536
	2585  -  MemoryUsage of job (MB)
	2646336  -  ResidentSetSize of job (KB)
...
006 (016.258.000) 05/10 05:23:05 Image size of job updated: 3286496
	2603  -  MemoryUsage of job (MB)
	2665344  -  ResidentSetSize of job (KB)
...
006 (016.258.000) 05/10 05:23:10 Image size of job updated: 3302880
	2623  -  MemoryUsage of job (MB)
	2685276  -  ResidentSetSize of job (KB)
...
006 (016.258.000) 05/10 05:23:15 Image size of job updated: 3302880
	2642  -  MemoryUsage of job (MB)
	2704680  -  ResidentSetSize of job (KB)
...
006 (016.258.000) 05/10 05:23:20 Image size of job updated: 3349984
	2660  -  MemoryUsage of job (MB)
	2723820  -  ResidentSetSize of job (KB)
...
006 (016.258.000) 05/10 05:23:25 Image size of job updated: 3362272
	2682  -  MemoryUsage of job (MB)
	2745468  -  ResidentSetSize of job (KB)
...
006 (016.258.000) 05/10 05:23:30 Image size of job updated: 3378656
	2700  -  MemoryUsage of job (MB)
	2764476  -  ResidentSetSize of job (KB)
...
006 (016.258.000) 05/10 05:23:35 Image size of job updated: 3408352
	2719  -  MemoryUsage of job (MB)
	2783748  -  ResidentSetSize of job (KB)
...
006 (016.258.000) 05/10 05:23:40 Image size of job updated: 3425760
	2738  -  MemoryUsage of job (MB)
	2803284  -  ResidentSetSize of job (KB)
...
006 (016.258.000) 05/10 05:23:45 Image size of job updated: 3425760
	2758  -  MemoryUsage of job (MB)
	2823348  -  ResidentSetSize of job (KB)
...
006 (016.258.000) 05/10 05:23:50 Image size of job updated: 3425760
	2778  -  MemoryUsage of job (MB)
	2843676  -  ResidentSetSize of job (KB)
...
006 (016.258.000) 05/10 05:23:55 Image size of job updated: 3482080
	2794  -  MemoryUsage of job (MB)
	2860968  -  ResidentSetSize of job (KB)
...
006 (016.258.000) 05/10 05:24:00 Image size of job updated: 3482080
	2813  -  MemoryUsage of job (MB)
	2880240  -  ResidentSetSize of job (KB)
...
006 (016.258.000) 05/10 05:24:05 Image size of job updated: 3482080
	2831  -  MemoryUsage of job (MB)
	2898324  -  ResidentSetSize of job (KB)
...
006 (016.258.000) 05/10 05:24:10 Image size of job updated: 3538400
	2848  -  MemoryUsage of job (MB)
	2916144  -  ResidentSetSize of job (KB)
...
006 (016.258.000) 05/10 05:24:15 Image size of job updated: 3562976
	2869  -  MemoryUsage of job (MB)
	2937264  -  ResidentSetSize of job (KB)
...
006 (016.258.000) 05/10 05:24:20 Image size of job updated: 3562976
	2886  -  MemoryUsage of job (MB)
	2954820  -  ResidentSetSize of job (KB)
...
006 (016.258.000) 05/10 05:24:25 Image size of job updated: 3594720
	2905  -  MemoryUsage of job (MB)
	2974488  -  ResidentSetSize of job (KB)
...
006 (016.258.000) 05/10 05:24:30 Image size of job updated: 3594720
	2923  -  MemoryUsage of job (MB)
	2993100  -  ResidentSetSize of job (KB)
...
006 (016.258.000) 05/10 05:24:35 Image size of job updated: 3594720
	2944  -  MemoryUsage of job (MB)
	3013692  -  ResidentSetSize of job (KB)
...
006 (016.258.000) 05/10 05:24:40 Image size of job updated: 3652064
	2961  -  MemoryUsage of job (MB)
	3031380  -  ResidentSetSize of job (KB)
...
006 (016.258.000) 05/10 05:24:45 Image size of job updated: 3652064
	2980  -  MemoryUsage of job (MB)
	3050784  -  ResidentSetSize of job (KB)
...
006 (016.258.000) 05/10 05:24:50 Image size of job updated: 3652064
	2997  -  MemoryUsage of job (MB)
	3068868  -  ResidentSetSize of job (KB)
...
006 (016.258.000) 05/10 05:24:55 Image size of job updated: 3712480
	3017  -  MemoryUsage of job (MB)
	3088404  -  ResidentSetSize of job (KB)
...
006 (016.258.000) 05/10 05:25:00 Image size of job updated: 3712480
	3034  -  MemoryUsage of job (MB)
	3106488  -  ResidentSetSize of job (KB)
...
006 (016.258.000) 05/10 05:25:05 Image size of job updated: 3712480
	3054  -  MemoryUsage of job (MB)
	3127212  -  ResidentSetSize of job (KB)
...
006 (016.258.000) 05/10 05:25:10 Image size of job updated: 3771872
	3071  -  MemoryUsage of job (MB)
	3144240  -  ResidentSetSize of job (KB)
...
006 (016.258.000) 05/10 05:25:15 Image size of job updated: 3771872
	3090  -  MemoryUsage of job (MB)
	3163248  -  ResidentSetSize of job (KB)
...
006 (016.258.000) 05/10 05:25:20 Image size of job updated: 3771872
	3107  -  MemoryUsage of job (MB)
	3181464  -  ResidentSetSize of job (KB)
...
006 (016.258.000) 05/10 05:25:25 Image size of job updated: 3826144
	3124  -  MemoryUsage of job (MB)
	3198492  -  ResidentSetSize of job (KB)
...
006 (016.258.000) 05/10 05:25:30 Image size of job updated: 3841504
	3143  -  MemoryUsage of job (MB)
	3218424  -  ResidentSetSize of job (KB)
...
006 (016.258.000) 05/10 05:25:35 Image size of job updated: 3841504
	3162  -  MemoryUsage of job (MB)
	3237432  -  ResidentSetSize of job (KB)
...
006 (016.258.000) 05/10 05:25:40 Image size of job updated: 3883488
	3180  -  MemoryUsage of job (MB)
	3256044  -  ResidentSetSize of job (KB)
...
006 (016.258.000) 05/10 05:25:45 Image size of job updated: 3899872
	3199  -  MemoryUsage of job (MB)
	3274920  -  ResidentSetSize of job (KB)
...
006 (016.258.000) 05/10 05:25:50 Image size of job updated: 3918304
	3217  -  MemoryUsage of job (MB)
	3294192  -  ResidentSetSize of job (KB)
...
006 (016.258.000) 05/10 05:25:55 Image size of job updated: 3941856
	3237  -  MemoryUsage of job (MB)
	3313728  -  ResidentSetSize of job (KB)
...
006 (016.258.000) 05/10 05:26:00 Image size of job updated: 3941856
	3254  -  MemoryUsage of job (MB)
	3332076  -  ResidentSetSize of job (KB)
...
006 (016.258.000) 05/10 05:26:05 Image size of job updated: 3941856
	3273  -  MemoryUsage of job (MB)
	3350688  -  ResidentSetSize of job (KB)
...
006 (016.258.000) 05/10 05:26:10 Image size of job updated: 3998176
	3294  -  MemoryUsage of job (MB)
	3372204  -  ResidentSetSize of job (KB)
...
006 (016.258.000) 05/10 05:26:15 Image size of job updated: 4003296
	3314  -  MemoryUsage of job (MB)
	3392664  -  ResidentSetSize of job (KB)
...
006 (016.258.000) 05/10 05:26:20 Image size of job updated: 4003296
	3456  -  MemoryUsage of job (MB)
	3538656  -  ResidentSetSize of job (KB)
...
006 (016.258.000) 05/10 05:26:25 Image size of job updated: 4003296
	3534  -  MemoryUsage of job (MB)
	3618516  -  ResidentSetSize of job (KB)
...
006 (016.258.000) 05/10 05:26:27 Image size of job updated: 4163040
	3534  -  MemoryUsage of job (MB)
	3618516  -  ResidentSetSize of job (KB)
...
005 (016.258.000) 05/10 05:26:27 Job terminated.
	(1) Normal termination (return value 0)
		Usr 0 00:20:11, Sys 0 00:00:03  -  Run Remote Usage
		Usr 0 00:00:00, Sys 0 00:00:00  -  Run Local Usage
		Usr 0 00:20:11, Sys 0 00:00:03  -  Total Remote Usage
		Usr 0 00:00:00, Sys 0 00:00:00  -  Total Local Usage
	0  -  Run Bytes Sent By Job
	0  -  Run Bytes Received By Job
	0  -  Total Bytes Sent By Job
	0  -  Total Bytes Received By Job
	Partitionable Resources :      Usage  Request Allocated 
	   Cpus                 :       1.00        1         1 
	   Disk (KB)            : 2000000     2000000   6232219 
	   Memory (MB)          :    3534        1954      2007 
...
