000 (005.10742.000) 05/05 20:26:32 Job submitted from host: <127.0.0.1:9618?addrs=127.0.0.1-9618&noUDP&sock=227_4816_4>
...
033 (005.10742.000) 05/06 14:18:27 Changing job attribute JobPrio from 0 to -10
...
009 (005.10742.000) 05/07 21:45:59 Job was aborted by the user.
	via condor_rm (by user aw868)
...
000 (011.3691.000) 05/08 17:21:50 Job submitted from host: <127.0.0.1:9618?addrs=127.0.0.1-9618&noUDP&sock=212_fe2a_4>
...
033 (011.3691.000) 05/08 20:42:10 Changing job attribute JobPrio from 0 to -5
...
001 (011.3691.000) 05/09 18:28:49 Job executing on host: <127.0.0.1:9618?addrs=127.0.0.1-9618&noUDP&sock=212_fe2a_5>
...
006 (011.3691.000) 05/09 18:28:55 Image size of job updated: 2000000
	101  -  MemoryUsage of job (MB)
	103092  -  ResidentSetSize of job (KB)
...
006 (011.3691.000) 05/09 18:29:28 Image size of job updated: 2000000
	162  -  MemoryUsage of job (MB)
	165132  -  ResidentSetSize of job (KB)
...
006 (011.3691.000) 05/09 18:29:33 Image size of job updated: 2000000
	184  -  MemoryUsage of job (MB)
	188232  -  ResidentSetSize of job (KB)
...
006 (011.3691.000) 05/09 18:29:38 Image size of job updated: 2000000
	185  -  MemoryUsage of job (MB)
	188892  -  ResidentSetSize of job (KB)
...
006 (011.3691.000) 05/09 18:29:43 Image size of job updated: 2000000
	196  -  MemoryUsage of job (MB)
	199716  -  ResidentSetSize of job (KB)
...
006 (011.3691.000) 05/09 18:29:48 Image size of job updated: 2000000
	206  -  MemoryUsage of job (MB)
	210408  -  ResidentSetSize of job (KB)
...
006 (011.3691.000) 05/09 18:29:53 Image size of job updated: 2000000
	215  -  MemoryUsage of job (MB)
	219516  -  ResidentSetSize of job (KB)
...
006 (011.3691.000) 05/09 18:29:58 Image size of job updated: 2000000
	229  -  MemoryUsage of job (MB)
	233904  -  ResidentSetSize of job (KB)
...
006 (011.3691.000) 05/09 18:30:03 Image size of job updated: 2000000
	234  -  MemoryUsage of job (MB)
	239184  -  ResidentSetSize of job (KB)
...
006 (011.3691.000) 05/09 18:30:08 Image size of job updated: 2000000
	241  -  MemoryUsage of job (MB)
	245784  -  ResidentSetSize of job (KB)
...
006 (011.3691.000) 05/09 18:30:13 Image size of job updated: 2000000
	267  -  MemoryUsage of job (MB)
	273240  -  ResidentSetSize of job (KB)
...
006 (011.3691.000) 05/09 18:30:18 Image size of job updated: 2000000
	307  -  MemoryUsage of job (MB)
	313368  -  ResidentSetSize of job (KB)
...
006 (011.3691.000) 05/09 18:30:23 Image size of job updated: 2000000
	329  -  MemoryUsage of job (MB)
	336204  -  ResidentSetSize of job (KB)
...
006 (011.3691.000) 05/09 18:30:28 Image size of job updated: 2000000
	387  -  MemoryUsage of job (MB)
	396132  -  ResidentSetSize of job (KB)
...
006 (011.3691.000) 05/09 18:30:33 Image size of job updated: 2000000
	443  -  MemoryUsage of job (MB)
	452892  -  ResidentSetSize of job (KB)
...
006 (011.3691.000) 05/09 18:30:38 Image size of job updated: 2000000
	1021  -  MemoryUsage of job (MB)
	1044648  -  ResidentSetSize of job (KB)
...
006 (011.3691.000) 05/09 18:30:43 Image size of job updated: 2000000
	1169  -  MemoryUsage of job (MB)
	1196316  -  ResidentSetSize of job (KB)
...
006 (011.3691.000) 05/09 18:42:23 Image size of job updated: 2000000
	1171  -  MemoryUsage of job (MB)
	1198296  -  ResidentSetSize of job (KB)
...
006 (011.3691.000) 05/09 18:42:28 Image size of job updated: 2000000
	1227  -  MemoryUsage of job (MB)
	1255452  -  ResidentSetSize of job (KB)
...
006 (011.3691.000) 05/09 18:42:33 Image size of job updated: 2000000
	1551  -  MemoryUsage of job (MB)
	1588224  -  ResidentSetSize of job (KB)
...
006 (011.3691.000) 05/09 18:42:38 Image size of job updated: 2193292
	1673  -  MemoryUsage of job (MB)
	1712436  -  ResidentSetSize of job (KB)
...
006 (011.3691.000) 05/09 18:42:43 Image size of job updated: 2193292
	1925  -  MemoryUsage of job (MB)
	1970496  -  ResidentSetSize of job (KB)
...
006 (011.3691.000) 05/09 18:42:48 Image size of job updated: 2566124
	1925  -  MemoryUsage of job (MB)
	1970496  -  ResidentSetSize of job (KB)
...
006 (011.3691.000) 05/09 18:42:53 Image size of job updated: 2566124
	1930  -  MemoryUsage of job (MB)
	1975908  -  ResidentSetSize of job (KB)
...
006 (011.3691.000) 05/09 18:42:58 Image size of job updated: 2566124
	1948  -  MemoryUsage of job (MB)
	1993860  -  ResidentSetSize of job (KB)
...
006 (011.3691.000) 05/09 18:43:03 Image size of job updated: 2635756
	1960  -  MemoryUsage of job (MB)
	2006928  -  ResidentSetSize of job (KB)
...
006 (011.3691.000) 05/09 18:43:08 Image size of job updated: 2647020
	1973  -  MemoryUsage of job (MB)
	2019600  -  ResidentSetSize of job (KB)
...
006 (011.3691.000) 05/09 18:43:13 Image size of job updated: 2647020
	1983  -  MemoryUsage of job (MB)
	2030556  -  ResidentSetSize of job (KB)
...
006 (011.3691.000) 05/09 18:43:18 Image size of job updated: 2670572
	1996  -  MemoryUsage of job (MB)
	2043756  -  ResidentSetSize of job (KB)
...
006 (011.3691.000) 05/09 18:43:23 Image size of job updated: 2670572
	2006  -  MemoryUsage of job (MB)
	2053920  -  ResidentSetSize of job (KB)
...
006 (011.3691.000) 05/09 18:43:28 Image size of job updated: 2670572
	2018  -  MemoryUsage of job (MB)
	2065932  -  ResidentSetSize of job (KB)
...
006 (011.3691.000) 05/09 18:43:33 Image size of job updated: 2705388
	2029  -  MemoryUsage of job (MB)
	2077548  -  ResidentSetSize of job (KB)
...
006 (011.3691.000) 05/09 18:43:38 Image size of job updated: 2705388
	2040  -  MemoryUsage of job (MB)
	2088504  -  ResidentSetSize of job (KB)
...
006 (011.3691.000) 05/09 18:43:43 Image size of job updated: 2705388
	2051  -  MemoryUsage of job (MB)
	2099988  -  ResidentSetSize of job (KB)
...
006 (011.3691.000) 05/09 18:43:48 Image size of job updated: 2705388
	2062  -  MemoryUsage of job (MB)
	2111472  -  ResidentSetSize of job (KB)
...
006 (011.3691.000) 05/09 18:43:53 Image size of job updated: 2741228
	2076  -  MemoryUsage of job (MB)
	2125068  -  ResidentSetSize of job (KB)
...
006 (011.3691.000) 05/09 18:43:58 Image size of job updated: 2741228
	2088  -  MemoryUsage of job (MB)
	2137344  -  ResidentSetSize of job (KB)
...
006 (011.3691.000) 05/09 18:44:03 Image size of job updated: 2741228
	2097  -  MemoryUsage of job (MB)
	2146584  -  ResidentSetSize of job (KB)
...
006 (011.3691.000) 05/09 18:44:08 Image size of job updated: 2777068
	2110  -  MemoryUsage of job (MB)
	2160444  -  ResidentSetSize of job (KB)
...
006 (011.3691.000) 05/09 18:44:13 Image size of job updated: 2792428
	2121  -  MemoryUsage of job (MB)
	2171664  -  ResidentSetSize of job (KB)
...
006 (011.3691.000) 05/09 18:44:18 Image size of job updated: 2804716
	2129  -  MemoryUsage of job (MB)
	2179716  -  ResidentSetSize of job (KB)
...
006 (011.3691.000) 05/09 18:44:23 Image size of job updated: 2812908
	2138  -  MemoryUsage of job (MB)
	2189088  -  ResidentSetSize of job (KB)
...
006 (011.3691.000) 05/09 18:44:28 Image size of job updated: 2828268
	2149  -  MemoryUsage of job (MB)
	2200176  -  ResidentSetSize of job (KB)
...
006 (011.3691.000) 05/09 18:44:33 Image size of job updated: 2828268
	2160  -  MemoryUsage of job (MB)
	2211132  -  ResidentSetSize of job (KB)
...
006 (011.3691.000) 05/09 18:44:38 Image size of job updated: 2845676
	2169  -  MemoryUsage of job (MB)
	2220900  -  ResidentSetSize of job (KB)
...
006 (011.3691.000) 05/09 18:44:43 Image size of job updated: 2854892
	2181  -  MemoryUsage of job (MB)
	2232516  -  ResidentSetSize of job (KB)
...
006 (011.3691.000) 05/09 18:44:48 Image size of job updated: 2869228
	2193  -  MemoryUsage of job (MB)
	2245188  -  ResidentSetSize of job (KB)
...
006 (011.3691.000) 05/09 18:44:53 Image size of job updated: 2877420
	2203  -  MemoryUsage of job (MB)
	2254956  -  ResidentSetSize of job (KB)
...
006 (011.3691.000) 05/09 18:44:58 Image size of job updated: 2877420
	2214  -  MemoryUsage of job (MB)
	2266440  -  ResidentSetSize of job (KB)
...
006 (011.3691.000) 05/09 18:45:03 Image size of job updated: 2903020
	2223  -  MemoryUsage of job (MB)
	2276208  -  ResidentSetSize of job (KB)
...
006 (011.3691.000) 05/09 18:45:08 Image size of job updated: 2910188
	2235  -  MemoryUsage of job (MB)
	2287692  -  ResidentSetSize of job (KB)
...
006 (011.3691.000) 05/09 18:45:13 Image size of job updated: 2910188
	2248  -  MemoryUsage of job (MB)
	2301156  -  ResidentSetSize of job (KB)
...
006 (011.3691.000) 05/09 18:45:18 Image size of job updated: 2910188
	2260  -  MemoryUsage of job (MB)
	2313960  -  ResidentSetSize of job (KB)
...
006 (011.3691.000) 05/09 18:45:23 Image size of job updated: 2948076
	2273  -  MemoryUsage of job (MB)
	2327292  -  ResidentSetSize of job (KB)
...
006 (011.3691.000) 05/09 18:45:28 Image size of job updated: 2948076
	2286  -  MemoryUsage of job (MB)
	2340624  -  ResidentSetSize of job (KB)
...
006 (011.3691.000) 05/09 18:45:33 Image size of job updated: 2948076
	2297  -  MemoryUsage of job (MB)
	2351448  -  ResidentSetSize of job (KB)
...
006 (011.3691.000) 05/09 18:45:38 Image size of job updated: 2986988
	2308  -  MemoryUsage of job (MB)
	2362536  -  ResidentSetSize of job (KB)
...
006 (011.3691.000) 05/09 18:45:43 Image size of job updated: 2986988
	2320  -  MemoryUsage of job (MB)
	2374680  -  ResidentSetSize of job (KB)
...
006 (011.3691.000) 05/09 18:45:48 Image size of job updated: 2986988
	2330  -  MemoryUsage of job (MB)
	2385240  -  ResidentSetSize of job (KB)
...
006 (011.3691.000) 05/09 18:45:53 Image size of job updated: 3019756
	2342  -  MemoryUsage of job (MB)
	2397252  -  ResidentSetSize of job (KB)
...
006 (011.3691.000) 05/09 18:45:58 Image size of job updated: 3019756
	2354  -  MemoryUsage of job (MB)
	2409660  -  ResidentSetSize of job (KB)
...
006 (011.3691.000) 05/09 18:46:03 Image size of job updated: 3019756
	2364  -  MemoryUsage of job (MB)
	2419956  -  ResidentSetSize of job (KB)
...
006 (011.3691.000) 05/09 18:46:08 Image size of job updated: 3057644
	2375  -  MemoryUsage of job (MB)
	2431572  -  ResidentSetSize of job (KB)
...
006 (011.3691.000) 05/09 18:46:13 Image size of job updated: 3057644
	2383  -  MemoryUsage of job (MB)
	2440152  -  ResidentSetSize of job (KB)
...
006 (011.3691.000) 05/09 18:46:18 Image size of job updated: 3057644
	2395  -  MemoryUsage of job (MB)
	2452296  -  ResidentSetSize of job (KB)
...
006 (011.3691.000) 05/09 18:46:23 Image size of job updated: 3089388
	2404  -  MemoryUsage of job (MB)
	2460876  -  ResidentSetSize of job (KB)
...
006 (011.3691.000) 05/09 18:46:28 Image size of job updated: 3089388
	2415  -  MemoryUsage of job (MB)
	2472756  -  ResidentSetSize of job (KB)
...
006 (011.3691.000) 05/09 18:46:33 Image size of job updated: 3089388
	2426  -  MemoryUsage of job (MB)
	2483448  -  ResidentSetSize of job (KB)
...
006 (011.3691.000) 05/09 18:46:38 Image size of job updated: 3119084
	2434  -  MemoryUsage of job (MB)
	2491632  -  ResidentSetSize of job (KB)
...
006 (011.3691.000) 05/09 18:46:43 Image size of job updated: 3132396
	2445  -  MemoryUsage of job (MB)
	2503116  -  ResidentSetSize of job (KB)
...
006 (011.3691.000) 05/09 18:46:48 Image size of job updated: 3132396
	2454  -  MemoryUsage of job (MB)
	2512488  -  ResidentSetSize of job (KB)
...
006 (011.3691.000) 05/09 18:46:53 Image size of job updated: 3148780
	2464  -  MemoryUsage of job (MB)
	2522916  -  ResidentSetSize of job (KB)
...
006 (011.3691.000) 05/09 18:46:58 Image size of job updated: 3153900
	2473  -  MemoryUsage of job (MB)
	2531760  -  ResidentSetSize of job (KB)
...
006 (011.3691.000) 05/09 18:47:04 Image size of job updated: 3153900
	2485  -  MemoryUsage of job (MB)
	2543640  -  ResidentSetSize of job (KB)
...
006 (011.3691.000) 05/09 18:47:10 Image size of job updated: 3183596
	2496  -  MemoryUsage of job (MB)
	2555784  -  ResidentSetSize of job (KB)
...
006 (011.3691.000) 05/09 18:47:16 Image size of job updated: 3183596
	2508  -  MemoryUsage of job (MB)
	2567664  -  ResidentSetSize of job (KB)
...
006 (011.3691.000) 05/09 18:47:22 Image size of job updated: 3183596
	2519  -  MemoryUsage of job (MB)
	2578752  -  ResidentSetSize of job (KB)
...
006 (011.3691.000) 05/09 18:47:28 Image size of job updated: 3216364
	2533  -  MemoryUsage of job (MB)
	2592876  -  ResidentSetSize of job (KB)
...
006 (011.3691.000) 05/09 18:47:34 Image size of job updated: 3216364
	2544  -  MemoryUsage of job (MB)
	2604360  -  ResidentSetSize of job (KB)
...
006 (011.3691.000) 05/09 18:47:40 Image size of job updated: 3216364
	2557  -  MemoryUsage of job (MB)
	2617692  -  ResidentSetSize of job (KB)
...
006 (011.3691.000) 05/09 18:47:46 Image size of job updated: 3256300
	2569  -  MemoryUsage of job (MB)
	2630100  -  ResidentSetSize of job (KB)
...
006 (011.3691.000) 05/09 18:47:52 Image size of job updated: 3264492
	2580  -  MemoryUsage of job (MB)
	2641188  -  ResidentSetSize of job (KB)
...
006 (011.3691.000) 05/09 18:47:58 Image size of job updated: 3276780
	2592  -  MemoryUsage of job (MB)
	2653200  -  ResidentSetSize of job (KB)
...
006 (011.3691.000) 05/09 18:48:04 Image size of job updated: 3276780
	2604  -  MemoryUsage of job (MB)
	2665608  -  ResidentSetSize of job (KB)
...
006 (011.3691.000) 05/09 18:48:10 Image size of job updated: 3276780
	2617  -  MemoryUsage of job (MB)
	2678808  -  ResidentSetSize of job (KB)
...
006 (011.3691.000) 05/09 18:48:16 Image size of job updated: 3316716
	2629  -  MemoryUsage of job (MB)
	2691480  -  ResidentSetSize of job (KB)
...
006 (011.3691.000) 05/09 18:48:22 Image size of job updated: 3331052
	2642  -  MemoryUsage of job (MB)
	2704548  -  ResidentSetSize of job (KB)
...
006 (011.3691.000) 05/09 18:48:28 Image size of job updated: 3340268
	2653  -  MemoryUsage of job (MB)
	2716296  -  ResidentSetSize of job (KB)
...
006 (011.3691.000) 05/09 18:48:34 Image size of job updated: 3354604
	2666  -  MemoryUsage of job (MB)
	2729496  -  ResidentSetSize of job (KB)
...
006 (011.3691.000) 05/09 18:48:40 Image size of job updated: 3362796
	2680  -  MemoryUsage of job (MB)
	2743752  -  ResidentSetSize of job (KB)
...
006 (011.3691.000) 05/09 18:48:46 Image size of job updated: 3381228
	2691  -  MemoryUsage of job (MB)
	2755236  -  ResidentSetSize of job (KB)
...
006 (011.3691.000) 05/09 18:48:52 Image size of job updated: 3381228
	2705  -  MemoryUsage of job (MB)
	2768964  -  ResidentSetSize of job (KB)
...
006 (011.3691.000) 05/09 18:48:58 Image size of job updated: 3381228
	2716  -  MemoryUsage of job (MB)
	2780712  -  ResidentSetSize of job (KB)
...
006 (011.3691.000) 05/09 18:49:04 Image size of job updated: 3411948
	2728  -  MemoryUsage of job (MB)
	2793252  -  ResidentSetSize of job (KB)
...
006 (011.3691.000) 05/09 18:49:10 Image size of job updated: 3427308
	2738  -  MemoryUsage of job (MB)
	2803284  -  ResidentSetSize of job (KB)
...
006 (011.3691.000) 05/09 18:49:16 Image size of job updated: 3441644
	2750  -  MemoryUsage of job (MB)
	2815824  -  ResidentSetSize of job (KB)
...
006 (011.3691.000) 05/09 18:49:22 Image size of job updated: 3441644
	2761  -  MemoryUsage of job (MB)
	2827176  -  ResidentSetSize of job (KB)
...
006 (011.3691.000) 05/09 18:49:28 Image size of job updated: 3441644
	2774  -  MemoryUsage of job (MB)
	2840112  -  ResidentSetSize of job (KB)
...
006 (011.3691.000) 05/09 18:49:34 Image size of job updated: 3471340
	2784  -  MemoryUsage of job (MB)
	2850672  -  ResidentSetSize of job (KB)
...
006 (011.3691.000) 05/09 18:49:40 Image size of job updated: 3471340
	2797  -  MemoryUsage of job (MB)
	2863740  -  ResidentSetSize of job (KB)
...
006 (011.3691.000) 05/09 18:49:46 Image size of job updated: 3498988
	2806  -  MemoryUsage of job (MB)
	2873112  -  ResidentSetSize of job (KB)
...
006 (011.3691.000) 05/09 18:49:52 Image size of job updated: 3503084
	2818  -  MemoryUsage of job (MB)
	2884728  -  ResidentSetSize of job (KB)
...
006 (011.3691.000) 05/09 18:49:58 Image size of job updated: 3514348
	2829  -  MemoryUsage of job (MB)
	2896740  -  ResidentSetSize of job (KB)
...
006 (011.3691.000) 05/09 18:50:04 Image size of job updated: 3527660
	2838  -  MemoryUsage of job (MB)
	2905716  -  ResidentSetSize of job (KB)
...
006 (011.3691.000) 05/09 18:50:10 Image size of job updated: 3538924
	2848  -  MemoryUsage of job (MB)
	2916276  -  ResidentSetSize of job (KB)
...
006 (011.3691.000) 05/09 18:50:16 Image size of job updated: 3551212
	2859  -  MemoryUsage of job (MB)
	2927496  -  ResidentSetSize of job (KB)
...
006 (011.3691.000) 05/09 18:50:22 Image size of job updated: 3560428
	2869  -  MemoryUsage of job (MB)
	2937000  -  ResidentSetSize of job (KB)
...
006 (011.3691.000) 05/09 18:50:28 Image size of job updated: 3568620
	2878  -  MemoryUsage of job (MB)
	2946900  -  ResidentSetSize of job (KB)
...
006 (011.3691.000) 05/09 18:50:34 Image size of job updated: 3582956
	2890  -  MemoryUsage of job (MB)
	2958384  -  ResidentSetSize of job (KB)
...
006 (011.3691.000) 05/09 18:50:40 Image size of job updated: 3598316
	2902  -  MemoryUsage of job (MB)
	2970660  -  ResidentSetSize of job (KB)
...
006 (011.3691.000) 05/09 18:50:46 Image size of job updated: 3607532
	2915  -  MemoryUsage of job (MB)
	2984124  -  ResidentSetSize of job (KB)
...
006 (011.3691.000) 05/09 18:50:52 Image size of job updated: 3617772
	2927  -  MemoryUsage of job (MB)
	2996928  -  ResidentSetSize of job (KB)
...
006 (011.3691.000) 05/09 18:50:58 Image size of job updated: 3629036
	3110  -  MemoryUsage of job (MB)
	3183708  -  ResidentSetSize of job (KB)
...
006 (011.3691.000) 05/09 18:51:04 Image size of job updated: 3842540
	3140  -  MemoryUsage of job (MB)
	3215124  -  ResidentSetSize of job (KB)
...
005 (011.3691.000) 05/09 18:51:07 Job terminated.
	(1) Normal termination (return value 0)
		Usr 0 00:21:43, Sys 0 00:00:03  -  Run Remote Usage
		Usr 0 00:00:00, Sys 0 00:00:00  -  Run Local Usage
		Usr 0 00:21:43, Sys 0 00:00:03  -  Total Remote Usage
		Usr 0 00:00:00, Sys 0 00:00:00  -  Total Local Usage
	0  -  Run Bytes Sent By Job
	0  -  Run Bytes Received By Job
	0  -  Total Bytes Sent By Job
	0  -  Total Bytes Received By Job
	Partitionable Resources :      Usage  Request Allocated 
	   Cpus                 :       1.00        1         1 
	   Disk (KB)            : 2000000     2000000   6232219 
	   Memory (MB)          :    3140        1954      2007 
...
