000 (205.4476.000) 05/06 03:19:38 Job submitted from host: <127.0.0.1:9618?addrs=127.0.0.1-9618&noUDP&sock=222_da1d_4>
...
033 (205.4476.000) 05/06 14:22:52 Changing job attribute JobPrio from 0 to -5
...
000 (007.4476.000) 05/07 19:00:11 Job submitted from host: <127.0.0.1:9618?addrs=127.0.0.1-9618&noUDP&sock=215_0cf3_4>
...
000 (016.4476.000) 05/08 15:57:19 Job submitted from host: <127.0.0.1:9618?addrs=127.0.0.1-9618&noUDP&sock=227_4816_4>
...
009 (016.4476.000) 05/09 16:54:49 Job was aborted by the user.
	via condor_rm (by user aw868)
...
000 (017.1143.000) 05/09 17:26:02 Job submitted from host: <127.0.0.1:9618?addrs=127.0.0.1-9618&noUDP&sock=227_4816_4>
...
001 (017.1143.000) 05/10 01:39:16 Job executing on host: <127.0.0.1:9618?addrs=127.0.0.1-9618&noUDP&sock=227_4816_5>
...
006 (017.1143.000) 05/10 01:39:22 Image size of job updated: 2000000
	115  -  MemoryUsage of job (MB)
	117216  -  ResidentSetSize of job (KB)
...
006 (017.1143.000) 05/10 01:40:22 Image size of job updated: 2000000
	173  -  MemoryUsage of job (MB)
	176352  -  ResidentSetSize of job (KB)
...
006 (017.1143.000) 05/10 01:40:28 Image size of job updated: 2000000
	211  -  MemoryUsage of job (MB)
	215688  -  ResidentSetSize of job (KB)
...
006 (017.1143.000) 05/10 01:40:34 Image size of job updated: 2000000
	212  -  MemoryUsage of job (MB)
	216084  -  ResidentSetSize of job (KB)
...
006 (017.1143.000) 05/10 01:40:40 Image size of job updated: 2000000
	220  -  MemoryUsage of job (MB)
	224532  -  ResidentSetSize of job (KB)
...
006 (017.1143.000) 05/10 01:40:46 Image size of job updated: 2000000
	231  -  MemoryUsage of job (MB)
	236148  -  ResidentSetSize of job (KB)
...
006 (017.1143.000) 05/10 01:40:52 Image size of job updated: 2000000
	242  -  MemoryUsage of job (MB)
	247632  -  ResidentSetSize of job (KB)
...
006 (017.1143.000) 05/10 01:40:58 Image size of job updated: 2000000
	254  -  MemoryUsage of job (MB)
	259512  -  ResidentSetSize of job (KB)
...
006 (017.1143.000) 05/10 01:41:04 Image size of job updated: 2000000
	263  -  MemoryUsage of job (MB)
	268752  -  ResidentSetSize of job (KB)
...
006 (017.1143.000) 05/10 01:41:10 Image size of job updated: 2000000
	271  -  MemoryUsage of job (MB)
	277332  -  ResidentSetSize of job (KB)
...
006 (017.1143.000) 05/10 01:41:16 Image size of job updated: 2000000
	289  -  MemoryUsage of job (MB)
	295812  -  ResidentSetSize of job (KB)
...
006 (017.1143.000) 05/10 01:41:22 Image size of job updated: 2000000
	336  -  MemoryUsage of job (MB)
	343200  -  ResidentSetSize of job (KB)
...
006 (017.1143.000) 05/10 01:41:28 Image size of job updated: 2000000
	377  -  MemoryUsage of job (MB)
	385704  -  ResidentSetSize of job (KB)
...
006 (017.1143.000) 05/10 01:41:34 Image size of job updated: 2000000
	380  -  MemoryUsage of job (MB)
	388740  -  ResidentSetSize of job (KB)
...
006 (017.1143.000) 05/10 01:41:40 Image size of job updated: 2000000
	438  -  MemoryUsage of job (MB)
	448008  -  ResidentSetSize of job (KB)
...
006 (017.1143.000) 05/10 01:41:45 Image size of job updated: 2000000
	491  -  MemoryUsage of job (MB)
	501864  -  ResidentSetSize of job (KB)
...
006 (017.1143.000) 05/10 01:41:50 Image size of job updated: 2000000
	536  -  MemoryUsage of job (MB)
	548328  -  ResidentSetSize of job (KB)
...
006 (017.1143.000) 05/10 01:41:55 Image size of job updated: 2000000
	1243  -  MemoryUsage of job (MB)
	1272480  -  ResidentSetSize of job (KB)
...
006 (017.1143.000) 05/10 01:57:56 Image size of job updated: 2295120
	1553  -  MemoryUsage of job (MB)
	1589940  -  ResidentSetSize of job (KB)
...
006 (017.1143.000) 05/10 01:58:02 Image size of job updated: 2295120
	1722  -  MemoryUsage of job (MB)
	1763256  -  ResidentSetSize of job (KB)
...
006 (017.1143.000) 05/10 01:58:08 Image size of job updated: 2295120
	1958  -  MemoryUsage of job (MB)
	2004024  -  ResidentSetSize of job (KB)
...
006 (017.1143.000) 05/10 01:58:14 Image size of job updated: 2685168
	2082  -  MemoryUsage of job (MB)
	2131140  -  ResidentSetSize of job (KB)
...
006 (017.1143.000) 05/10 01:58:20 Image size of job updated: 2685168
	2193  -  MemoryUsage of job (MB)
	2245584  -  ResidentSetSize of job (KB)
...
006 (017.1143.000) 05/10 01:58:26 Image size of job updated: 2970864
	2298  -  MemoryUsage of job (MB)
	2352504  -  ResidentSetSize of job (KB)
...
006 (017.1143.000) 05/10 01:58:32 Image size of job updated: 3013872
	2390  -  MemoryUsage of job (MB)
	2447148  -  ResidentSetSize of job (KB)
...
006 (017.1143.000) 05/10 01:58:38 Image size of job updated: 3013872
	2480  -  MemoryUsage of job (MB)
	2538888  -  ResidentSetSize of job (KB)
...
006 (017.1143.000) 05/10 01:58:44 Image size of job updated: 3219696
	2568  -  MemoryUsage of job (MB)
	2628648  -  ResidentSetSize of job (KB)
...
006 (017.1143.000) 05/10 01:58:50 Image size of job updated: 3219696
	2656  -  MemoryUsage of job (MB)
	2718804  -  ResidentSetSize of job (KB)
...
006 (017.1143.000) 05/10 01:58:56 Image size of job updated: 3219696
	2743  -  MemoryUsage of job (MB)
	2808564  -  ResidentSetSize of job (KB)
...
006 (017.1143.000) 05/10 01:59:02 Image size of job updated: 3456240
	2831  -  MemoryUsage of job (MB)
	2898588  -  ResidentSetSize of job (KB)
...
006 (017.1143.000) 05/10 01:59:08 Image size of job updated: 3456240
	2917  -  MemoryUsage of job (MB)
	2986764  -  ResidentSetSize of job (KB)
...
006 (017.1143.000) 05/10 01:59:14 Image size of job updated: 3708144
	3004  -  MemoryUsage of job (MB)
	3075468  -  ResidentSetSize of job (KB)
...
006 (017.1143.000) 05/10 01:59:20 Image size of job updated: 3708144
	3093  -  MemoryUsage of job (MB)
	3166416  -  ResidentSetSize of job (KB)
...
006 (017.1143.000) 05/10 01:59:26 Image size of job updated: 3708144
	3157  -  MemoryUsage of job (MB)
	3232680  -  ResidentSetSize of job (KB)
...
006 (017.1143.000) 05/10 01:59:31 Image size of job updated: 3926256
	3218  -  MemoryUsage of job (MB)
	3294852  -  ResidentSetSize of job (KB)
...
006 (017.1143.000) 05/10 01:59:36 Image size of job updated: 3926256
	3263  -  MemoryUsage of job (MB)
	3340524  -  ResidentSetSize of job (KB)
...
006 (017.1143.000) 05/10 01:59:41 Image size of job updated: 4022512
	3356  -  MemoryUsage of job (MB)
	3435564  -  ResidentSetSize of job (KB)
...
006 (017.1143.000) 05/10 01:59:46 Image size of job updated: 4164848
	3436  -  MemoryUsage of job (MB)
	3518328  -  ResidentSetSize of job (KB)
...
006 (017.1143.000) 05/10 01:59:51 Image size of job updated: 4164848
	3515  -  MemoryUsage of job (MB)
	3598584  -  ResidentSetSize of job (KB)
...
006 (017.1143.000) 05/10 01:59:56 Image size of job updated: 4313328
	3592  -  MemoryUsage of job (MB)
	3677784  -  ResidentSetSize of job (KB)
...
006 (017.1143.000) 05/10 02:00:01 Image size of job updated: 4404464
	3670  -  MemoryUsage of job (MB)
	3757512  -  ResidentSetSize of job (KB)
...
006 (017.1143.000) 05/10 02:00:06 Image size of job updated: 4404464
	3749  -  MemoryUsage of job (MB)
	3838560  -  ResidentSetSize of job (KB)
...
006 (017.1143.000) 05/10 02:00:11 Image size of job updated: 4404464
	3827  -  MemoryUsage of job (MB)
	3918816  -  ResidentSetSize of job (KB)
...
006 (017.1143.000) 05/10 02:00:16 Image size of job updated: 4646128
	3906  -  MemoryUsage of job (MB)
	3999468  -  ResidentSetSize of job (KB)
...
006 (017.1143.000) 05/10 02:00:21 Image size of job updated: 4734192
	3986  -  MemoryUsage of job (MB)
	4080648  -  ResidentSetSize of job (KB)
...
006 (017.1143.000) 05/10 02:00:26 Image size of job updated: 4761840
	4065  -  MemoryUsage of job (MB)
	4161828  -  ResidentSetSize of job (KB)
...
006 (017.1143.000) 05/10 02:00:31 Image size of job updated: 4887792
	4144  -  MemoryUsage of job (MB)
	4243404  -  ResidentSetSize of job (KB)
...
006 (017.1143.000) 05/10 02:00:36 Image size of job updated: 4887792
	4226  -  MemoryUsage of job (MB)
	4327092  -  ResidentSetSize of job (KB)
...
006 (017.1143.000) 05/10 02:00:41 Image size of job updated: 4887792
	4305  -  MemoryUsage of job (MB)
	4407876  -  ResidentSetSize of job (KB)
...
006 (017.1143.000) 05/10 02:00:46 Image size of job updated: 5139696
	4383  -  MemoryUsage of job (MB)
	4488000  -  ResidentSetSize of job (KB)
...
006 (017.1143.000) 05/10 02:00:51 Image size of job updated: 5139696
	4462  -  MemoryUsage of job (MB)
	4568784  -  ResidentSetSize of job (KB)
...
006 (017.1143.000) 05/10 02:00:56 Image size of job updated: 5139696
	4543  -  MemoryUsage of job (MB)
	4651152  -  ResidentSetSize of job (KB)
...
006 (017.1143.000) 05/10 02:01:01 Image size of job updated: 5389552
	4628  -  MemoryUsage of job (MB)
	4738536  -  ResidentSetSize of job (KB)
...
006 (017.1143.000) 05/10 02:01:06 Image size of job updated: 5444848
	4703  -  MemoryUsage of job (MB)
	4815624  -  ResidentSetSize of job (KB)
...
006 (017.1143.000) 05/10 02:01:11 Image size of job updated: 5526768
	4779  -  MemoryUsage of job (MB)
	4892976  -  ResidentSetSize of job (KB)
...
006 (017.1143.000) 05/10 02:01:16 Image size of job updated: 5635312
	4855  -  MemoryUsage of job (MB)
	4970592  -  ResidentSetSize of job (KB)
...
006 (017.1143.000) 05/10 02:01:21 Image size of job updated: 5635312
	4934  -  MemoryUsage of job (MB)
	5052300  -  ResidentSetSize of job (KB)
...
006 (017.1143.000) 05/10 02:01:26 Image size of job updated: 5635312
	5023  -  MemoryUsage of job (MB)
	5142720  -  ResidentSetSize of job (KB)
...
006 (017.1143.000) 05/10 02:01:31 Image size of job updated: 5635312
	5098  -  MemoryUsage of job (MB)
	5219808  -  ResidentSetSize of job (KB)
...
006 (017.1143.000) 05/10 02:01:36 Image size of job updated: 5954800
	5173  -  MemoryUsage of job (MB)
	5296236  -  ResidentSetSize of job (KB)
...
006 (017.1143.000) 05/10 02:01:41 Image size of job updated: 6011120
	5246  -  MemoryUsage of job (MB)
	5371476  -  ResidentSetSize of job (KB)
...
006 (017.1143.000) 05/10 02:01:46 Image size of job updated: 6011120
	5319  -  MemoryUsage of job (MB)
	5446188  -  ResidentSetSize of job (KB)
...
006 (017.1143.000) 05/10 02:01:51 Image size of job updated: 6126832
	5393  -  MemoryUsage of job (MB)
	5522220  -  ResidentSetSize of job (KB)
...
006 (017.1143.000) 05/10 02:01:56 Image size of job updated: 6126832
	5468  -  MemoryUsage of job (MB)
	5599176  -  ResidentSetSize of job (KB)
...
006 (017.1143.000) 05/10 02:02:01 Image size of job updated: 6126832
	5543  -  MemoryUsage of job (MB)
	5675340  -  ResidentSetSize of job (KB)
...
006 (017.1143.000) 05/10 02:02:06 Image size of job updated: 6402288
	5618  -  MemoryUsage of job (MB)
	5752428  -  ResidentSetSize of job (KB)
...
006 (017.1143.000) 05/10 02:02:11 Image size of job updated: 6402288
	5692  -  MemoryUsage of job (MB)
	5828328  -  ResidentSetSize of job (KB)
...
006 (017.1143.000) 05/10 02:02:16 Image size of job updated: 6402288
	5768  -  MemoryUsage of job (MB)
	5905416  -  ResidentSetSize of job (KB)
...
006 (017.1143.000) 05/10 02:02:21 Image size of job updated: 6584560
	5850  -  MemoryUsage of job (MB)
	5990292  -  ResidentSetSize of job (KB)
...
006 (017.1143.000) 05/10 02:02:26 Image size of job updated: 6584560
	5954  -  MemoryUsage of job (MB)
	6096288  -  ResidentSetSize of job (KB)
...
006 (017.1143.000) 05/10 02:02:31 Image size of job updated: 6584560
	6055  -  MemoryUsage of job (MB)
	6199644  -  ResidentSetSize of job (KB)
...
006 (017.1143.000) 05/10 02:02:36 Image size of job updated: 6887664
	6152  -  MemoryUsage of job (MB)
	6299304  -  ResidentSetSize of job (KB)
...
006 (017.1143.000) 05/10 02:02:41 Image size of job updated: 7068912
	6253  -  MemoryUsage of job (MB)
	6402792  -  ResidentSetSize of job (KB)
...
006 (017.1143.000) 05/10 02:02:46 Image size of job updated: 7171312
	6352  -  MemoryUsage of job (MB)
	6503904  -  ResidentSetSize of job (KB)
...
006 (017.1143.000) 05/10 02:02:51 Image size of job updated: 7199984
	6452  -  MemoryUsage of job (MB)
	6605940  -  ResidentSetSize of job (KB)
...
006 (017.1143.000) 05/10 02:02:56 Image size of job updated: 7199984
	6551  -  MemoryUsage of job (MB)
	6707448  -  ResidentSetSize of job (KB)
...
006 (017.1143.000) 05/10 02:03:01 Image size of job updated: 7199984
	6651  -  MemoryUsage of job (MB)
	6809616  -  ResidentSetSize of job (KB)
...
006 (017.1143.000) 05/10 02:03:06 Image size of job updated: 7537904
	6752  -  MemoryUsage of job (MB)
	6913500  -  ResidentSetSize of job (KB)
...
006 (017.1143.000) 05/10 02:03:11 Image size of job updated: 7537904
	6832  -  MemoryUsage of job (MB)
	6995868  -  ResidentSetSize of job (KB)
...
006 (017.1143.000) 05/10 02:03:16 Image size of job updated: 7771376
	6933  -  MemoryUsage of job (MB)
	7098564  -  ResidentSetSize of job (KB)
...
006 (017.1143.000) 05/10 02:03:21 Image size of job updated: 7824624
	7024  -  MemoryUsage of job (MB)
	7191888  -  ResidentSetSize of job (KB)
...
006 (017.1143.000) 05/10 02:03:26 Image size of job updated: 7824624
	7121  -  MemoryUsage of job (MB)
	7291284  -  ResidentSetSize of job (KB)
...
006 (017.1143.000) 05/10 02:03:31 Image size of job updated: 7824624
	7205  -  MemoryUsage of job (MB)
	7377480  -  ResidentSetSize of job (KB)
...
006 (017.1143.000) 05/10 02:03:36 Image size of job updated: 8101104
	7290  -  MemoryUsage of job (MB)
	7464864  -  ResidentSetSize of job (KB)
...
006 (017.1143.000) 05/10 02:03:41 Image size of job updated: 8101104
	7364  -  MemoryUsage of job (MB)
	7540368  -  ResidentSetSize of job (KB)
...
006 (017.1143.000) 05/10 02:03:46 Image size of job updated: 8101104
	7437  -  MemoryUsage of job (MB)
	7614816  -  ResidentSetSize of job (KB)
...
006 (017.1143.000) 05/10 02:03:51 Image size of job updated: 8325360
	7510  -  MemoryUsage of job (MB)
	7690056  -  ResidentSetSize of job (KB)
...
006 (017.1143.000) 05/10 02:03:56 Image size of job updated: 8325360
	7585  -  MemoryUsage of job (MB)
	7766484  -  ResidentSetSize of job (KB)
...
006 (017.1143.000) 05/10 02:04:01 Image size of job updated: 8325360
	7659  -  MemoryUsage of job (MB)
	7842780  -  ResidentSetSize of job (KB)
...
006 (017.1143.000) 05/10 02:04:06 Image size of job updated: 8553712
	7734  -  MemoryUsage of job (MB)
	7918812  -  ResidentSetSize of job (KB)
...
006 (017.1143.000) 05/10 02:04:12 Image size of job updated: 8607984
	7822  -  MemoryUsage of job (MB)
	8009496  -  ResidentSetSize of job (KB)
...
006 (017.1143.000) 05/10 02:04:18 Image size of job updated: 8607984
	7913  -  MemoryUsage of job (MB)
	8102424  -  ResidentSetSize of job (KB)
...
006 (017.1143.000) 05/10 02:04:24 Image size of job updated: 8777968
	8004  -  MemoryUsage of job (MB)
	8195352  -  ResidentSetSize of job (KB)
...
006 (017.1143.000) 05/10 02:04:30 Image size of job updated: 8777968
	8093  -  MemoryUsage of job (MB)
	8286432  -  ResidentSetSize of job (KB)
...
006 (017.1143.000) 05/10 02:04:36 Image size of job updated: 9005296
	8178  -  MemoryUsage of job (MB)
	8373948  -  ResidentSetSize of job (KB)
...
006 (017.1143.000) 05/10 02:04:42 Image size of job updated: 9005296
	8226  -  MemoryUsage of job (MB)
	8423316  -  ResidentSetSize of job (KB)
...
006 (017.1143.000) 05/10 02:04:48 Image size of job updated: 9005296
	8269  -  MemoryUsage of job (MB)
	8466876  -  ResidentSetSize of job (KB)
...
006 (017.1143.000) 05/10 02:04:54 Image size of job updated: 9232624
	8292  -  MemoryUsage of job (MB)
	8490900  -  ResidentSetSize of job (KB)
...
005 (017.1143.000) 05/10 02:05:00 Job terminated.
	(0) Abnormal termination (signal 9)
	(0) No core file
		Usr 0 00:24:09, Sys 0 00:00:14  -  Run Remote Usage
		Usr 0 00:00:00, Sys 0 00:00:00  -  Run Local Usage
		Usr 0 00:24:09, Sys 0 00:00:14  -  Total Remote Usage
		Usr 0 00:00:00, Sys 0 00:00:00  -  Total Local Usage
	0  -  Run Bytes Sent By Job
	0  -  Run Bytes Received By Job
	0  -  Total Bytes Sent By Job
	0  -  Total Bytes Received By Job
	Partitionable Resources :      Usage  Request Allocated 
	   Cpus                 :       0.96        1         1 
	   Disk (KB)            : 2000000     2000000   6275465 
	   Memory (MB)          :    8292        1954      2007 
...
000 (019.489.000) 05/12 04:13:30 Job submitted from host: <127.0.0.1:9618?addrs=127.0.0.1-9618&noUDP&sock=227_4816_4>
...
001 (019.489.000) 05/12 07:50:58 Job executing on host: <127.0.0.1:9618?addrs=127.0.0.1-9618&noUDP&sock=227_4816_5>
...
006 (019.489.000) 05/12 07:51:03 Image size of job updated: 2000000
	37  -  MemoryUsage of job (MB)
	37092  -  ResidentSetSize of job (KB)
...
006 (019.489.000) 05/12 07:52:07 Image size of job updated: 2000000
	115  -  MemoryUsage of job (MB)
	117216  -  ResidentSetSize of job (KB)
...
006 (019.489.000) 05/12 07:53:22 Image size of job updated: 2000000
	137  -  MemoryUsage of job (MB)
	140052  -  ResidentSetSize of job (KB)
...
006 (019.489.000) 05/12 07:53:30 Image size of job updated: 2000000
	212  -  MemoryUsage of job (MB)
	216744  -  ResidentSetSize of job (KB)
...
006 (019.489.000) 05/12 07:53:36 Image size of job updated: 2000000
	221  -  MemoryUsage of job (MB)
	225984  -  ResidentSetSize of job (KB)
...
006 (019.489.000) 05/12 07:53:42 Image size of job updated: 2000000
	235  -  MemoryUsage of job (MB)
	239712  -  ResidentSetSize of job (KB)
...
006 (019.489.000) 05/12 07:53:48 Image size of job updated: 2000000
	247  -  MemoryUsage of job (MB)
	251988  -  ResidentSetSize of job (KB)
...
006 (019.489.000) 05/12 07:53:54 Image size of job updated: 2000000
	259  -  MemoryUsage of job (MB)
	264924  -  ResidentSetSize of job (KB)
...
006 (019.489.000) 05/12 07:54:00 Image size of job updated: 2000000
	271  -  MemoryUsage of job (MB)
	277068  -  ResidentSetSize of job (KB)
...
006 (019.489.000) 05/12 07:54:12 Image size of job updated: 2000000
	280  -  MemoryUsage of job (MB)
	286176  -  ResidentSetSize of job (KB)
...
006 (019.489.000) 05/12 07:54:28 Image size of job updated: 2000000
	381  -  MemoryUsage of job (MB)
	389268  -  ResidentSetSize of job (KB)
...
006 (019.489.000) 05/12 07:54:41 Image size of job updated: 2000000
	430  -  MemoryUsage of job (MB)
	439428  -  ResidentSetSize of job (KB)
...
006 (019.489.000) 05/12 07:54:49 Image size of job updated: 2000000
	513  -  MemoryUsage of job (MB)
	525228  -  ResidentSetSize of job (KB)
...
006 (019.489.000) 05/12 07:54:54 Image size of job updated: 2000000
	1243  -  MemoryUsage of job (MB)
	1272348  -  ResidentSetSize of job (KB)
...
006 (019.489.000) 05/12 08:10:18 Image size of job updated: 2000000
	1561  -  MemoryUsage of job (MB)
	1598388  -  ResidentSetSize of job (KB)
...
006 (019.489.000) 05/12 08:10:23 Image size of job updated: 2299644
	1675  -  MemoryUsage of job (MB)
	1714944  -  ResidentSetSize of job (KB)
...
006 (019.489.000) 05/12 08:10:28 Image size of job updated: 2448596
	1742  -  MemoryUsage of job (MB)
	1783056  -  ResidentSetSize of job (KB)
...
006 (019.489.000) 05/12 08:10:33 Image size of job updated: 2448596
	1941  -  MemoryUsage of job (MB)
	1986732  -  ResidentSetSize of job (KB)
...
006 (019.489.000) 05/12 08:10:44 Image size of job updated: 2448596
	1964  -  MemoryUsage of job (MB)
	2010492  -  ResidentSetSize of job (KB)
...
006 (019.489.000) 05/12 08:10:59 Image size of job updated: 2798836
	2244  -  MemoryUsage of job (MB)
	2297460  -  ResidentSetSize of job (KB)
...
006 (019.489.000) 05/12 08:11:11 Image size of job updated: 3004660
	2341  -  MemoryUsage of job (MB)
	2396328  -  ResidentSetSize of job (KB)
...
006 (019.489.000) 05/12 08:11:18 Image size of job updated: 3004660
	2450  -  MemoryUsage of job (MB)
	2508660  -  ResidentSetSize of job (KB)
...
006 (019.489.000) 05/12 08:11:23 Image size of job updated: 3255540
	2528  -  MemoryUsage of job (MB)
	2587860  -  ResidentSetSize of job (KB)
...
006 (019.489.000) 05/12 08:11:28 Image size of job updated: 3255540
	2583  -  MemoryUsage of job (MB)
	2644356  -  ResidentSetSize of job (KB)
...
006 (019.489.000) 05/12 08:11:33 Image size of job updated: 3327220
	2626  -  MemoryUsage of job (MB)
	2688180  -  ResidentSetSize of job (KB)
...
006 (019.489.000) 05/12 08:11:38 Image size of job updated: 3431668
	2699  -  MemoryUsage of job (MB)
	2763156  -  ResidentSetSize of job (KB)
...
006 (019.489.000) 05/12 08:11:43 Image size of job updated: 3431668
	2773  -  MemoryUsage of job (MB)
	2838792  -  ResidentSetSize of job (KB)
...
006 (019.489.000) 05/12 08:11:50 Image size of job updated: 3431668
	2807  -  MemoryUsage of job (MB)
	2874300  -  ResidentSetSize of job (KB)
...
006 (019.489.000) 05/12 08:11:55 Image size of job updated: 3563764
	2882  -  MemoryUsage of job (MB)
	2950200  -  ResidentSetSize of job (KB)
...
006 (019.489.000) 05/12 08:12:01 Image size of job updated: 3645684
	2980  -  MemoryUsage of job (MB)
	3050916  -  ResidentSetSize of job (KB)
...
006 (019.489.000) 05/12 08:12:07 Image size of job updated: 3645684
	3075  -  MemoryUsage of job (MB)
	3148596  -  ResidentSetSize of job (KB)
...
006 (019.489.000) 05/12 08:12:18 Image size of job updated: 3895540
	3134  -  MemoryUsage of job (MB)
	3208260  -  ResidentSetSize of job (KB)
...
006 (019.489.000) 05/12 08:12:31 Image size of job updated: 4013300
	3276  -  MemoryUsage of job (MB)
	3353856  -  ResidentSetSize of job (KB)
...
006 (019.489.000) 05/12 08:12:42 Image size of job updated: 4153588
	3359  -  MemoryUsage of job (MB)
	3438996  -  ResidentSetSize of job (KB)
...
006 (019.489.000) 05/12 08:12:49 Image size of job updated: 4172020
	3462  -  MemoryUsage of job (MB)
	3544068  -  ResidentSetSize of job (KB)
...
006 (019.489.000) 05/12 08:12:55 Image size of job updated: 4172020
	3504  -  MemoryUsage of job (MB)
	3587496  -  ResidentSetSize of job (KB)
...
006 (019.489.000) 05/12 08:13:01 Image size of job updated: 4339956
	3522  -  MemoryUsage of job (MB)
	3606108  -  ResidentSetSize of job (KB)
...
006 (019.489.000) 05/12 08:13:07 Image size of job updated: 4373748
	3603  -  MemoryUsage of job (MB)
	3688740  -  ResidentSetSize of job (KB)
...
006 (019.489.000) 05/12 08:13:13 Image size of job updated: 4450548
	3691  -  MemoryUsage of job (MB)
	3779028  -  ResidentSetSize of job (KB)
...
006 (019.489.000) 05/12 08:13:19 Image size of job updated: 4556020
	3779  -  MemoryUsage of job (MB)
	3869448  -  ResidentSetSize of job (KB)
...
006 (019.489.000) 05/12 08:13:26 Image size of job updated: 4556020
	3859  -  MemoryUsage of job (MB)
	3950892  -  ResidentSetSize of job (KB)
...
006 (019.489.000) 05/12 08:13:32 Image size of job updated: 4556020
	3881  -  MemoryUsage of job (MB)
	3974124  -  ResidentSetSize of job (KB)
...
006 (019.489.000) 05/12 08:13:39 Image size of job updated: 4773108
	4004  -  MemoryUsage of job (MB)
	4099788  -  ResidentSetSize of job (KB)
...
006 (019.489.000) 05/12 08:13:45 Image size of job updated: 4773108
	4108  -  MemoryUsage of job (MB)
	4206180  -  ResidentSetSize of job (KB)
...
006 (019.489.000) 05/12 08:13:51 Image size of job updated: 4990196
	4193  -  MemoryUsage of job (MB)
	4293564  -  ResidentSetSize of job (KB)
...
006 (019.489.000) 05/12 08:13:58 Image size of job updated: 4990196
	4222  -  MemoryUsage of job (MB)
	4323000  -  ResidentSetSize of job (KB)
...
006 (019.489.000) 05/12 08:14:03 Image size of job updated: 4990196
	4278  -  MemoryUsage of job (MB)
	4380552  -  ResidentSetSize of job (KB)
...
006 (019.489.000) 05/12 08:14:08 Image size of job updated: 5166324
	4357  -  MemoryUsage of job (MB)
	4461204  -  ResidentSetSize of job (KB)
...
006 (019.489.000) 05/12 08:14:14 Image size of job updated: 5246196
	4451  -  MemoryUsage of job (MB)
	4557432  -  ResidentSetSize of job (KB)
...
006 (019.489.000) 05/12 08:14:27 Image size of job updated: 5246196
	4525  -  MemoryUsage of job (MB)
	4633464  -  ResidentSetSize of job (KB)
...
006 (019.489.000) 05/12 08:14:46 Image size of job updated: 5657844
	4773  -  MemoryUsage of job (MB)
	4887036  -  ResidentSetSize of job (KB)
...
006 (019.489.000) 05/12 08:15:01 Image size of job updated: 5925108
	5014  -  MemoryUsage of job (MB)
	5133744  -  ResidentSetSize of job (KB)
...
006 (019.489.000) 05/12 08:15:30 Image size of job updated: 6146292
	5294  -  MemoryUsage of job (MB)
	5420184  -  ResidentSetSize of job (KB)
...
006 (019.489.000) 05/12 08:15:46 Image size of job updated: 6374644
	5514  -  MemoryUsage of job (MB)
	5646168  -  ResidentSetSize of job (KB)
...
006 (019.489.000) 05/12 08:15:56 Image size of job updated: 6545652
	5679  -  MemoryUsage of job (MB)
	5814600  -  ResidentSetSize of job (KB)
...
006 (019.489.000) 05/12 08:16:02 Image size of job updated: 6545652
	5739  -  MemoryUsage of job (MB)
	5875980  -  ResidentSetSize of job (KB)
...
006 (019.489.000) 05/12 08:16:07 Image size of job updated: 6756596
	5766  -  MemoryUsage of job (MB)
	5903832  -  ResidentSetSize of job (KB)
...
006 (019.489.000) 05/12 08:16:12 Image size of job updated: 6881524
	5859  -  MemoryUsage of job (MB)
	5998740  -  ResidentSetSize of job (KB)
...
006 (019.489.000) 05/12 08:16:17 Image size of job updated: 6881524
	5951  -  MemoryUsage of job (MB)
	6092988  -  ResidentSetSize of job (KB)
...
006 (019.489.000) 05/12 08:16:22 Image size of job updated: 7025908
	6025  -  MemoryUsage of job (MB)
	6168888  -  ResidentSetSize of job (KB)
...
006 (019.489.000) 05/12 08:16:37 Image size of job updated: 7025908
	6067  -  MemoryUsage of job (MB)
	6212448  -  ResidentSetSize of job (KB)
...
006 (019.489.000) 05/12 08:17:08 Image size of job updated: 7446772
	6404  -  MemoryUsage of job (MB)
	6557232  -  ResidentSetSize of job (KB)
...
006 (019.489.000) 05/12 08:17:33 Image size of job updated: 7673076
	6543  -  MemoryUsage of job (MB)
	6699132  -  ResidentSetSize of job (KB)
...
006 (019.489.000) 05/12 08:17:48 Image size of job updated: 7765236
	6764  -  MemoryUsage of job (MB)
	6926040  -  ResidentSetSize of job (KB)
...
006 (019.489.000) 05/12 08:17:57 Image size of job updated: 8002804
	6835  -  MemoryUsage of job (MB)
	6998772  -  ResidentSetSize of job (KB)
...
006 (019.489.000) 05/12 08:18:04 Image size of job updated: 8002804
	6836  -  MemoryUsage of job (MB)
	6999168  -  ResidentSetSize of job (KB)
...
005 (019.489.000) 05/12 08:18:05 Job terminated.
	(0) Abnormal termination (signal 9)
	(0) No core file
		Usr 0 00:21:39, Sys 0 00:01:25  -  Run Remote Usage
		Usr 0 00:00:00, Sys 0 00:00:00  -  Run Local Usage
		Usr 0 00:21:39, Sys 0 00:01:25  -  Total Remote Usage
		Usr 0 00:00:00, Sys 0 00:00:00  -  Total Local Usage
	0  -  Run Bytes Sent By Job
	0  -  Run Bytes Received By Job
	0  -  Total Bytes Sent By Job
	0  -  Total Bytes Received By Job
	Partitionable Resources :      Usage  Request Allocated 
	   Cpus                 :       1.00        1         1 
	   Disk (KB)            : 2000000     2000000   6275465 
	   Memory (MB)          :    6836        1954      2007 
...
