000 (205.6365.000) 05/06 03:20:46 Job submitted from host: <127.0.0.1:9618?addrs=127.0.0.1-9618&noUDP&sock=222_da1d_4>
...
033 (205.6365.000) 05/06 14:23:34 Changing job attribute JobPrio from 0 to -5
...
000 (007.6365.000) 05/07 19:00:35 Job submitted from host: <127.0.0.1:9618?addrs=127.0.0.1-9618&noUDP&sock=215_0cf3_4>
...
000 (016.6365.000) 05/08 15:57:39 Job submitted from host: <127.0.0.1:9618?addrs=127.0.0.1-9618&noUDP&sock=227_4816_4>
...
009 (016.6365.000) 05/09 16:55:26 Job was aborted by the user.
	via condor_rm (by user aw868)
...
000 (017.3032.000) 05/09 17:26:18 Job submitted from host: <127.0.0.1:9618?addrs=127.0.0.1-9618&noUDP&sock=227_4816_4>
...
001 (017.3032.000) 05/10 15:18:02 Job executing on host: <127.0.0.1:9618?addrs=127.0.0.1-9618&noUDP&sock=227_4816_5>
...
006 (017.3032.000) 05/10 15:18:07 Image size of job updated: 2000000
	110  -  MemoryUsage of job (MB)
	111936  -  ResidentSetSize of job (KB)
...
006 (017.3032.000) 05/10 15:18:12 Image size of job updated: 2000000
	115  -  MemoryUsage of job (MB)
	117084  -  ResidentSetSize of job (KB)
...
006 (017.3032.000) 05/10 15:18:32 Image size of job updated: 2000000
	121  -  MemoryUsage of job (MB)
	123684  -  ResidentSetSize of job (KB)
...
006 (017.3032.000) 05/10 15:18:37 Image size of job updated: 2000000
	204  -  MemoryUsage of job (MB)
	208164  -  ResidentSetSize of job (KB)
...
006 (017.3032.000) 05/10 15:18:42 Image size of job updated: 2000000
	211  -  MemoryUsage of job (MB)
	215424  -  ResidentSetSize of job (KB)
...
006 (017.3032.000) 05/10 15:18:47 Image size of job updated: 2000000
	212  -  MemoryUsage of job (MB)
	216216  -  ResidentSetSize of job (KB)
...
006 (017.3032.000) 05/10 15:18:52 Image size of job updated: 2000000
	223  -  MemoryUsage of job (MB)
	228096  -  ResidentSetSize of job (KB)
...
006 (017.3032.000) 05/10 15:18:57 Image size of job updated: 2000000
	235  -  MemoryUsage of job (MB)
	239844  -  ResidentSetSize of job (KB)
...
006 (017.3032.000) 05/10 15:19:02 Image size of job updated: 2000000
	246  -  MemoryUsage of job (MB)
	251592  -  ResidentSetSize of job (KB)
...
006 (017.3032.000) 05/10 15:19:07 Image size of job updated: 2000000
	255  -  MemoryUsage of job (MB)
	261096  -  ResidentSetSize of job (KB)
...
006 (017.3032.000) 05/10 15:19:12 Image size of job updated: 2000000
	265  -  MemoryUsage of job (MB)
	271128  -  ResidentSetSize of job (KB)
...
006 (017.3032.000) 05/10 15:19:17 Image size of job updated: 2000000
	272  -  MemoryUsage of job (MB)
	278520  -  ResidentSetSize of job (KB)
...
006 (017.3032.000) 05/10 15:19:22 Image size of job updated: 2000000
	297  -  MemoryUsage of job (MB)
	303996  -  ResidentSetSize of job (KB)
...
006 (017.3032.000) 05/10 15:19:27 Image size of job updated: 2000000
	344  -  MemoryUsage of job (MB)
	351516  -  ResidentSetSize of job (KB)
...
006 (017.3032.000) 05/10 15:19:32 Image size of job updated: 2000000
	380  -  MemoryUsage of job (MB)
	388476  -  ResidentSetSize of job (KB)
...
006 (017.3032.000) 05/10 15:19:37 Image size of job updated: 2000000
	380  -  MemoryUsage of job (MB)
	388608  -  ResidentSetSize of job (KB)
...
006 (017.3032.000) 05/10 15:19:42 Image size of job updated: 2000000
	444  -  MemoryUsage of job (MB)
	453684  -  ResidentSetSize of job (KB)
...
006 (017.3032.000) 05/10 15:19:47 Image size of job updated: 2000000
	503  -  MemoryUsage of job (MB)
	514932  -  ResidentSetSize of job (KB)
...
006 (017.3032.000) 05/10 15:19:52 Image size of job updated: 2000000
	555  -  MemoryUsage of job (MB)
	567336  -  ResidentSetSize of job (KB)
...
006 (017.3032.000) 05/10 15:19:57 Image size of job updated: 2000000
	1243  -  MemoryUsage of job (MB)
	1271952  -  ResidentSetSize of job (KB)
...
006 (017.3032.000) 05/10 15:37:12 Image size of job updated: 2000000
	1497  -  MemoryUsage of job (MB)
	1532784  -  ResidentSetSize of job (KB)
...
006 (017.3032.000) 05/10 15:37:17 Image size of job updated: 2370004
	1689  -  MemoryUsage of job (MB)
	1729332  -  ResidentSetSize of job (KB)
...
006 (017.3032.000) 05/10 15:37:22 Image size of job updated: 2370004
	1989  -  MemoryUsage of job (MB)
	2036628  -  ResidentSetSize of job (KB)
...
006 (017.3032.000) 05/10 15:37:32 Image size of job updated: 2705132
	2027  -  MemoryUsage of job (MB)
	2075436  -  ResidentSetSize of job (KB)
...
006 (017.3032.000) 05/10 15:37:37 Image size of job updated: 2705132
	2108  -  MemoryUsage of job (MB)
	2157804  -  ResidentSetSize of job (KB)
...
006 (017.3032.000) 05/10 15:37:42 Image size of job updated: 2705132
	2200  -  MemoryUsage of job (MB)
	2252712  -  ResidentSetSize of job (KB)
...
006 (017.3032.000) 05/10 15:37:47 Image size of job updated: 2948844
	2269  -  MemoryUsage of job (MB)
	2323068  -  ResidentSetSize of job (KB)
...
006 (017.3032.000) 05/10 15:37:52 Image size of job updated: 2997996
	2328  -  MemoryUsage of job (MB)
	2382996  -  ResidentSetSize of job (KB)
...
006 (017.3032.000) 05/10 15:37:57 Image size of job updated: 3047148
	2387  -  MemoryUsage of job (MB)
	2443320  -  ResidentSetSize of job (KB)
...
006 (017.3032.000) 05/10 15:38:02 Image size of job updated: 3149548
	2443  -  MemoryUsage of job (MB)
	2501532  -  ResidentSetSize of job (KB)
...
006 (017.3032.000) 05/10 15:38:07 Image size of job updated: 3149548
	2501  -  MemoryUsage of job (MB)
	2560008  -  ResidentSetSize of job (KB)
...
006 (017.3032.000) 05/10 15:38:12 Image size of job updated: 3149548
	2557  -  MemoryUsage of job (MB)
	2617824  -  ResidentSetSize of job (KB)
...
006 (017.3032.000) 05/10 15:38:17 Image size of job updated: 3321580
	2614  -  MemoryUsage of job (MB)
	2675904  -  ResidentSetSize of job (KB)
...
006 (017.3032.000) 05/10 15:38:22 Image size of job updated: 3331820
	2671  -  MemoryUsage of job (MB)
	2734116  -  ResidentSetSize of job (KB)
...
006 (017.3032.000) 05/10 15:38:27 Image size of job updated: 3402476
	2728  -  MemoryUsage of job (MB)
	2792592  -  ResidentSetSize of job (KB)
...
006 (017.3032.000) 05/10 15:38:32 Image size of job updated: 3496684
	2784  -  MemoryUsage of job (MB)
	2850804  -  ResidentSetSize of job (KB)
...
006 (017.3032.000) 05/10 15:38:37 Image size of job updated: 3496684
	2841  -  MemoryUsage of job (MB)
	2908356  -  ResidentSetSize of job (KB)
...
006 (017.3032.000) 05/10 15:38:42 Image size of job updated: 3614444
	2897  -  MemoryUsage of job (MB)
	2965776  -  ResidentSetSize of job (KB)
...
006 (017.3032.000) 05/10 15:38:47 Image size of job updated: 3614444
	2954  -  MemoryUsage of job (MB)
	3024384  -  ResidentSetSize of job (KB)
...
006 (017.3032.000) 05/10 15:38:52 Image size of job updated: 3697388
	3011  -  MemoryUsage of job (MB)
	3082992  -  ResidentSetSize of job (KB)
...
006 (017.3032.000) 05/10 15:38:57 Image size of job updated: 3697388
	3076  -  MemoryUsage of job (MB)
	3149256  -  ResidentSetSize of job (KB)
...
006 (017.3032.000) 05/10 15:39:03 Image size of job updated: 3867372
	3147  -  MemoryUsage of job (MB)
	3222252  -  ResidentSetSize of job (KB)
...
006 (017.3032.000) 05/10 15:39:09 Image size of job updated: 3867372
	3216  -  MemoryUsage of job (MB)
	3292872  -  ResidentSetSize of job (KB)
...
006 (017.3032.000) 05/10 15:39:15 Image size of job updated: 3867372
	3285  -  MemoryUsage of job (MB)
	3363756  -  ResidentSetSize of job (KB)
...
006 (017.3032.000) 05/10 15:39:21 Image size of job updated: 4042476
	3354  -  MemoryUsage of job (MB)
	3434112  -  ResidentSetSize of job (KB)
...
006 (017.3032.000) 05/10 15:39:27 Image size of job updated: 4042476
	3421  -  MemoryUsage of job (MB)
	3503016  -  ResidentSetSize of job (KB)
...
006 (017.3032.000) 05/10 15:39:33 Image size of job updated: 4214508
	3487  -  MemoryUsage of job (MB)
	3570468  -  ResidentSetSize of job (KB)
...
006 (017.3032.000) 05/10 15:39:39 Image size of job updated: 4214508
	3557  -  MemoryUsage of job (MB)
	3641484  -  ResidentSetSize of job (KB)
...
006 (017.3032.000) 05/10 15:39:45 Image size of job updated: 4214508
	3629  -  MemoryUsage of job (MB)
	3715932  -  ResidentSetSize of job (KB)
...
006 (017.3032.000) 05/10 15:39:51 Image size of job updated: 4395756
	3701  -  MemoryUsage of job (MB)
	3788928  -  ResidentSetSize of job (KB)
...
006 (017.3032.000) 05/10 15:39:57 Image size of job updated: 4477676
	3770  -  MemoryUsage of job (MB)
	3860472  -  ResidentSetSize of job (KB)
...
006 (017.3032.000) 05/10 15:40:03 Image size of job updated: 4580076
	3841  -  MemoryUsage of job (MB)
	3933072  -  ResidentSetSize of job (KB)
...
006 (017.3032.000) 05/10 15:40:09 Image size of job updated: 4580076
	3913  -  MemoryUsage of job (MB)
	4006068  -  ResidentSetSize of job (KB)
...
006 (017.3032.000) 05/10 15:40:15 Image size of job updated: 4580076
	3985  -  MemoryUsage of job (MB)
	4080384  -  ResidentSetSize of job (KB)
...
006 (017.3032.000) 05/10 15:40:21 Image size of job updated: 4764396
	4053  -  MemoryUsage of job (MB)
	4149948  -  ResidentSetSize of job (KB)
...
006 (017.3032.000) 05/10 15:40:27 Image size of job updated: 4764396
	4089  -  MemoryUsage of job (MB)
	4186380  -  ResidentSetSize of job (KB)
...
006 (017.3032.000) 05/10 15:40:33 Image size of job updated: 4949740
	4121  -  MemoryUsage of job (MB)
	4219776  -  ResidentSetSize of job (KB)
...
006 (017.3032.000) 05/10 15:40:39 Image size of job updated: 4982508
	4173  -  MemoryUsage of job (MB)
	4273104  -  ResidentSetSize of job (KB)
...
006 (017.3032.000) 05/10 15:40:45 Image size of job updated: 5035756
	4249  -  MemoryUsage of job (MB)
	4350060  -  ResidentSetSize of job (KB)
...
006 (017.3032.000) 05/10 15:40:51 Image size of job updated: 5146348
	4322  -  MemoryUsage of job (MB)
	4424772  -  ResidentSetSize of job (KB)
...
006 (017.3032.000) 05/10 15:40:57 Image size of job updated: 5244652
	4391  -  MemoryUsage of job (MB)
	4495788  -  ResidentSetSize of job (KB)
...
006 (017.3032.000) 05/10 15:41:03 Image size of job updated: 5323500
	4459  -  MemoryUsage of job (MB)
	4565880  -  ResidentSetSize of job (KB)
...
006 (017.3032.000) 05/10 15:41:09 Image size of job updated: 5392108
	4528  -  MemoryUsage of job (MB)
	4636368  -  ResidentSetSize of job (KB)
...
006 (017.3032.000) 05/10 15:41:15 Image size of job updated: 5406444
	4600  -  MemoryUsage of job (MB)
	4709496  -  ResidentSetSize of job (KB)
...
006 (017.3032.000) 05/10 15:41:21 Image size of job updated: 5502700
	4671  -  MemoryUsage of job (MB)
	4782096  -  ResidentSetSize of job (KB)
...
006 (017.3032.000) 05/10 15:41:27 Image size of job updated: 5588716
	4742  -  MemoryUsage of job (MB)
	4854828  -  ResidentSetSize of job (KB)
...
006 (017.3032.000) 05/10 15:41:33 Image size of job updated: 5653228
	4811  -  MemoryUsage of job (MB)
	4926372  -  ResidentSetSize of job (KB)
...
006 (017.3032.000) 05/10 15:41:39 Image size of job updated: 5691116
	4882  -  MemoryUsage of job (MB)
	4998312  -  ResidentSetSize of job (KB)
...
006 (017.3032.000) 05/10 15:41:45 Image size of job updated: 5691116
	4952  -  MemoryUsage of job (MB)
	5069988  -  ResidentSetSize of job (KB)
...
006 (017.3032.000) 05/10 15:41:51 Image size of job updated: 5869292
	5021  -  MemoryUsage of job (MB)
	5140608  -  ResidentSetSize of job (KB)
...
006 (017.3032.000) 05/10 15:41:57 Image size of job updated: 5869292
	5092  -  MemoryUsage of job (MB)
	5213604  -  ResidentSetSize of job (KB)
...
006 (017.3032.000) 05/10 15:42:03 Image size of job updated: 5869292
	5163  -  MemoryUsage of job (MB)
	5285940  -  ResidentSetSize of job (KB)
...
006 (017.3032.000) 05/10 15:42:09 Image size of job updated: 6059756
	5233  -  MemoryUsage of job (MB)
	5357880  -  ResidentSetSize of job (KB)
...
006 (017.3032.000) 05/10 15:42:15 Image size of job updated: 6059756
	5303  -  MemoryUsage of job (MB)
	5429292  -  ResidentSetSize of job (KB)
...
006 (017.3032.000) 05/10 15:42:21 Image size of job updated: 6238956
	5373  -  MemoryUsage of job (MB)
	5501628  -  ResidentSetSize of job (KB)
...
006 (017.3032.000) 05/10 15:42:27 Image size of job updated: 6324972
	5445  -  MemoryUsage of job (MB)
	5575548  -  ResidentSetSize of job (KB)
...
006 (017.3032.000) 05/10 15:42:33 Image size of job updated: 6388460
	5519  -  MemoryUsage of job (MB)
	5650524  -  ResidentSetSize of job (KB)
...
006 (017.3032.000) 05/10 15:42:39 Image size of job updated: 6424300
	5591  -  MemoryUsage of job (MB)
	5724312  -  ResidentSetSize of job (KB)
...
006 (017.3032.000) 05/10 15:42:45 Image size of job updated: 6424300
	5662  -  MemoryUsage of job (MB)
	5797308  -  ResidentSetSize of job (KB)
...
006 (017.3032.000) 05/10 15:42:51 Image size of job updated: 6623980
	5734  -  MemoryUsage of job (MB)
	5870832  -  ResidentSetSize of job (KB)
...
006 (017.3032.000) 05/10 15:42:57 Image size of job updated: 6623980
	5806  -  MemoryUsage of job (MB)
	5945016  -  ResidentSetSize of job (KB)
...
006 (017.3032.000) 05/10 15:43:03 Image size of job updated: 6623980
	5878  -  MemoryUsage of job (MB)
	6018144  -  ResidentSetSize of job (KB)
...
006 (017.3032.000) 05/10 15:43:09 Image size of job updated: 6808300
	5949  -  MemoryUsage of job (MB)
	6090876  -  ResidentSetSize of job (KB)
...
006 (017.3032.000) 05/10 15:43:15 Image size of job updated: 6808300
	6020  -  MemoryUsage of job (MB)
	6163740  -  ResidentSetSize of job (KB)
...
006 (017.3032.000) 05/10 15:43:21 Image size of job updated: 6808300
	6090  -  MemoryUsage of job (MB)
	6235416  -  ResidentSetSize of job (KB)
...
006 (017.3032.000) 05/10 15:43:27 Image size of job updated: 6997740
	6160  -  MemoryUsage of job (MB)
	6307488  -  ResidentSetSize of job (KB)
...
006 (017.3032.000) 05/10 15:43:33 Image size of job updated: 6997740
	6224  -  MemoryUsage of job (MB)
	6372432  -  ResidentSetSize of job (KB)
...
006 (017.3032.000) 05/10 15:43:39 Image size of job updated: 7184108
	6239  -  MemoryUsage of job (MB)
	6388008  -  ResidentSetSize of job (KB)
...
006 (017.3032.000) 05/10 15:43:45 Image size of job updated: 7184108
	6303  -  MemoryUsage of job (MB)
	6454008  -  ResidentSetSize of job (KB)
...
006 (017.3032.000) 05/10 15:43:51 Image size of job updated: 7184108
	6372  -  MemoryUsage of job (MB)
	6524232  -  ResidentSetSize of job (KB)
...
006 (017.3032.000) 05/10 15:44:07 Image size of job updated: 7360236
	6399  -  MemoryUsage of job (MB)
	6551952  -  ResidentSetSize of job (KB)
...
006 (017.3032.000) 05/10 15:44:12 Image size of job updated: 7441132
	6457  -  MemoryUsage of job (MB)
	6611484  -  ResidentSetSize of job (KB)
...
006 (017.3032.000) 05/10 15:44:17 Image size of job updated: 7455468
	6514  -  MemoryUsage of job (MB)
	6670092  -  ResidentSetSize of job (KB)
...
006 (017.3032.000) 05/10 15:44:22 Image size of job updated: 7561964
	6568  -  MemoryUsage of job (MB)
	6724872  -  ResidentSetSize of job (KB)
...
006 (017.3032.000) 05/10 15:44:27 Image size of job updated: 7561964
	6624  -  MemoryUsage of job (MB)
	6782292  -  ResidentSetSize of job (KB)
...
006 (017.3032.000) 05/10 15:44:32 Image size of job updated: 7561964
	6696  -  MemoryUsage of job (MB)
	6856608  -  ResidentSetSize of job (KB)
...
006 (017.3032.000) 05/10 15:44:37 Image size of job updated: 7748332
	6733  -  MemoryUsage of job (MB)
	6894228  -  ResidentSetSize of job (KB)
...
005 (017.3032.000) 05/10 15:44:40 Job terminated.
	(0) Abnormal termination (signal 9)
	(0) No core file
		Usr 0 00:25:44, Sys 0 00:00:10  -  Run Remote Usage
		Usr 0 00:00:00, Sys 0 00:00:00  -  Run Local Usage
		Usr 0 00:25:44, Sys 0 00:00:10  -  Total Remote Usage
		Usr 0 00:00:00, Sys 0 00:00:00  -  Total Local Usage
	0  -  Run Bytes Sent By Job
	0  -  Run Bytes Received By Job
	0  -  Total Bytes Sent By Job
	0  -  Total Bytes Received By Job
	Partitionable Resources :      Usage  Request Allocated 
	   Cpus                 :       1.00        1         1 
	   Disk (KB)            : 2000000     2000000   6275465 
	   Memory (MB)          :    6733        1954      2007 
...
000 (019.681.000) 05/12 04:13:35 Job submitted from host: <127.0.0.1:9618?addrs=127.0.0.1-9618&noUDP&sock=227_4816_4>
...
001 (019.681.000) 05/12 09:20:32 Job executing on host: <127.0.0.1:9618?addrs=127.0.0.1-9618&noUDP&sock=227_4816_5>
...
006 (019.681.000) 05/12 09:20:38 Image size of job updated: 2000000
	37  -  MemoryUsage of job (MB)
	37224  -  ResidentSetSize of job (KB)
...
006 (019.681.000) 05/12 09:21:16 Image size of job updated: 2000000
	115  -  MemoryUsage of job (MB)
	116952  -  ResidentSetSize of job (KB)
...
006 (019.681.000) 05/12 09:22:03 Image size of job updated: 2000000
	139  -  MemoryUsage of job (MB)
	141768  -  ResidentSetSize of job (KB)
...
006 (019.681.000) 05/12 09:22:12 Image size of job updated: 2000000
	210  -  MemoryUsage of job (MB)
	214632  -  ResidentSetSize of job (KB)
...
006 (019.681.000) 05/12 09:22:17 Image size of job updated: 2000000
	211  -  MemoryUsage of job (MB)
	215556  -  ResidentSetSize of job (KB)
...
006 (019.681.000) 05/12 09:22:26 Image size of job updated: 2000000
	218  -  MemoryUsage of job (MB)
	223212  -  ResidentSetSize of job (KB)
...
006 (019.681.000) 05/12 09:22:41 Image size of job updated: 2000000
	241  -  MemoryUsage of job (MB)
	246048  -  ResidentSetSize of job (KB)
...
006 (019.681.000) 05/12 09:22:57 Image size of job updated: 2000000
	258  -  MemoryUsage of job (MB)
	264132  -  ResidentSetSize of job (KB)
...
006 (019.681.000) 05/12 09:23:14 Image size of job updated: 2000000
	287  -  MemoryUsage of job (MB)
	293436  -  ResidentSetSize of job (KB)
...
006 (019.681.000) 05/12 09:23:42 Image size of job updated: 2000000
	302  -  MemoryUsage of job (MB)
	308880  -  ResidentSetSize of job (KB)
...
006 (019.681.000) 05/12 09:24:39 Image size of job updated: 2000000
	530  -  MemoryUsage of job (MB)
	542652  -  ResidentSetSize of job (KB)
...
006 (019.681.000) 05/12 09:25:22 Image size of job updated: 2000000
	1237  -  MemoryUsage of job (MB)
	1265880  -  ResidentSetSize of job (KB)
...
006 (019.681.000) 05/12 09:40:56 Image size of job updated: 2000000
	1575  -  MemoryUsage of job (MB)
	1612644  -  ResidentSetSize of job (KB)
...
006 (019.681.000) 05/12 09:41:01 Image size of job updated: 2000000
	1666  -  MemoryUsage of job (MB)
	1705968  -  ResidentSetSize of job (KB)
...
006 (019.681.000) 05/12 09:41:06 Image size of job updated: 2376148
	1849  -  MemoryUsage of job (MB)
	1892616  -  ResidentSetSize of job (KB)
...
006 (019.681.000) 05/12 09:41:12 Image size of job updated: 2376148
	1988  -  MemoryUsage of job (MB)
	2035572  -  ResidentSetSize of job (KB)
...
006 (019.681.000) 05/12 09:41:17 Image size of job updated: 2654452
	1988  -  MemoryUsage of job (MB)
	2035572  -  ResidentSetSize of job (KB)
...
006 (019.681.000) 05/12 09:41:22 Image size of job updated: 2667764
	1989  -  MemoryUsage of job (MB)
	2036232  -  ResidentSetSize of job (KB)
...
006 (019.681.000) 05/12 09:41:27 Image size of job updated: 2667764
	2058  -  MemoryUsage of job (MB)
	2107380  -  ResidentSetSize of job (KB)
...
006 (019.681.000) 05/12 09:41:32 Image size of job updated: 2667764
	2154  -  MemoryUsage of job (MB)
	2205456  -  ResidentSetSize of job (KB)
...
006 (019.681.000) 05/12 09:41:37 Image size of job updated: 2928884
	2198  -  MemoryUsage of job (MB)
	2250468  -  ResidentSetSize of job (KB)
...
006 (019.681.000) 05/12 09:41:46 Image size of job updated: 2928884
	2201  -  MemoryUsage of job (MB)
	2252844  -  ResidentSetSize of job (KB)
...
006 (019.681.000) 05/12 09:41:58 Image size of job updated: 3092724
	2346  -  MemoryUsage of job (MB)
	2401740  -  ResidentSetSize of job (KB)
...
006 (019.681.000) 05/12 09:42:08 Image size of job updated: 3180788
	2431  -  MemoryUsage of job (MB)
	2488728  -  ResidentSetSize of job (KB)
...
006 (019.681.000) 05/12 09:42:14 Image size of job updated: 3203316
	2491  -  MemoryUsage of job (MB)
	2550108  -  ResidentSetSize of job (KB)
...
006 (019.681.000) 05/12 09:42:20 Image size of job updated: 3273972
	2558  -  MemoryUsage of job (MB)
	2618616  -  ResidentSetSize of job (KB)
...
006 (019.681.000) 05/12 09:42:36 Image size of job updated: 3273972
	2608  -  MemoryUsage of job (MB)
	2670360  -  ResidentSetSize of job (KB)
...
006 (019.681.000) 05/12 09:43:07 Image size of job updated: 3623156
	2891  -  MemoryUsage of job (MB)
	2959440  -  ResidentSetSize of job (KB)
...
006 (019.681.000) 05/12 09:43:31 Image size of job updated: 3925236
	3106  -  MemoryUsage of job (MB)
	3179748  -  ResidentSetSize of job (KB)
...
006 (019.681.000) 05/12 09:43:46 Image size of job updated: 4067572
	3281  -  MemoryUsage of job (MB)
	3359532  -  ResidentSetSize of job (KB)
...
006 (019.681.000) 05/12 09:43:56 Image size of job updated: 4067572
	3342  -  MemoryUsage of job (MB)
	3422100  -  ResidentSetSize of job (KB)
...
006 (019.681.000) 05/12 09:44:04 Image size of job updated: 4180212
	3380  -  MemoryUsage of job (MB)
	3461040  -  ResidentSetSize of job (KB)
...
006 (019.681.000) 05/12 09:44:10 Image size of job updated: 4180212
	3447  -  MemoryUsage of job (MB)
	3529284  -  ResidentSetSize of job (KB)
...
006 (019.681.000) 05/12 09:44:16 Image size of job updated: 4358388
	3513  -  MemoryUsage of job (MB)
	3596868  -  ResidentSetSize of job (KB)
...
006 (019.681.000) 05/12 09:44:22 Image size of job updated: 4358388
	3580  -  MemoryUsage of job (MB)
	3665376  -  ResidentSetSize of job (KB)
...
006 (019.681.000) 05/12 09:44:28 Image size of job updated: 4358388
	3616  -  MemoryUsage of job (MB)
	3702468  -  ResidentSetSize of job (KB)
...
006 (019.681.000) 05/12 09:44:34 Image size of job updated: 4486388
	3621  -  MemoryUsage of job (MB)
	3707088  -  ResidentSetSize of job (KB)
...
006 (019.681.000) 05/12 09:44:40 Image size of job updated: 4493556
	3694  -  MemoryUsage of job (MB)
	3782460  -  ResidentSetSize of job (KB)
...
006 (019.681.000) 05/12 09:44:46 Image size of job updated: 4622580
	3768  -  MemoryUsage of job (MB)
	3857964  -  ResidentSetSize of job (KB)
...
006 (019.681.000) 05/12 09:44:52 Image size of job updated: 4682996
	3843  -  MemoryUsage of job (MB)
	3934524  -  ResidentSetSize of job (KB)
...
006 (019.681.000) 05/12 09:44:58 Image size of job updated: 4682996
	3919  -  MemoryUsage of job (MB)
	4012404  -  ResidentSetSize of job (KB)
...
006 (019.681.000) 05/12 09:45:04 Image size of job updated: 4682996
	3991  -  MemoryUsage of job (MB)
	4086324  -  ResidentSetSize of job (KB)
...
006 (019.681.000) 05/12 09:45:10 Image size of job updated: 4872436
	4065  -  MemoryUsage of job (MB)
	4162488  -  ResidentSetSize of job (KB)
...
006 (019.681.000) 05/12 09:45:16 Image size of job updated: 4872436
	4079  -  MemoryUsage of job (MB)
	4176348  -  ResidentSetSize of job (KB)
...
006 (019.681.000) 05/12 09:45:22 Image size of job updated: 4993268
	4085  -  MemoryUsage of job (MB)
	4182288  -  ResidentSetSize of job (KB)
...
006 (019.681.000) 05/12 09:45:27 Image size of job updated: 5006580
	4144  -  MemoryUsage of job (MB)
	4242876  -  ResidentSetSize of job (KB)
...
006 (019.681.000) 05/12 09:45:32 Image size of job updated: 5085428
	4202  -  MemoryUsage of job (MB)
	4301880  -  ResidentSetSize of job (KB)
...
006 (019.681.000) 05/12 09:45:37 Image size of job updated: 5085428
	4259  -  MemoryUsage of job (MB)
	4361016  -  ResidentSetSize of job (KB)
...
006 (019.681.000) 05/12 09:45:42 Image size of job updated: 5184756
	4297  -  MemoryUsage of job (MB)
	4399560  -  ResidentSetSize of job (KB)
...
006 (019.681.000) 05/12 09:45:47 Image size of job updated: 5184756
	4303  -  MemoryUsage of job (MB)
	4405632  -  ResidentSetSize of job (KB)
...
006 (019.681.000) 05/12 09:45:52 Image size of job updated: 5184756
	4328  -  MemoryUsage of job (MB)
	4431504  -  ResidentSetSize of job (KB)
...
006 (019.681.000) 05/12 09:45:58 Image size of job updated: 5294324
	4376  -  MemoryUsage of job (MB)
	4480476  -  ResidentSetSize of job (KB)
...
006 (019.681.000) 05/12 09:46:04 Image size of job updated: 5364980
	4444  -  MemoryUsage of job (MB)
	4550568  -  ResidentSetSize of job (KB)
...
006 (019.681.000) 05/12 09:46:10 Image size of job updated: 5364980
	4514  -  MemoryUsage of job (MB)
	4621452  -  ResidentSetSize of job (KB)
...
006 (019.681.000) 05/12 09:46:30 Image size of job updated: 5504244
	4576  -  MemoryUsage of job (MB)
	4685076  -  ResidentSetSize of job (KB)
...
006 (019.681.000) 05/12 09:47:12 Image size of job updated: 5978356
	5011  -  MemoryUsage of job (MB)
	5131236  -  ResidentSetSize of job (KB)
...
006 (019.681.000) 05/12 09:47:52 Image size of job updated: 6273268
	5261  -  MemoryUsage of job (MB)
	5386392  -  ResidentSetSize of job (KB)
...
006 (019.681.000) 05/12 09:48:43 Image size of job updated: 6734068
	5597  -  MemoryUsage of job (MB)
	5731308  -  ResidentSetSize of job (KB)
...
006 (019.681.000) 05/12 09:49:18 Image size of job updated: 6972660
	5852  -  MemoryUsage of job (MB)
	5991744  -  ResidentSetSize of job (KB)
...
006 (019.681.000) 05/12 09:49:38 Image size of job updated: 7164148
	6009  -  MemoryUsage of job (MB)
	6152652  -  ResidentSetSize of job (KB)
...
006 (019.681.000) 05/12 09:49:50 Image size of job updated: 7319796
	6089  -  MemoryUsage of job (MB)
	6234360  -  ResidentSetSize of job (KB)
...
006 (019.681.000) 05/12 09:49:57 Image size of job updated: 7389428
	6169  -  MemoryUsage of job (MB)
	6316068  -  ResidentSetSize of job (KB)
...
006 (019.681.000) 05/12 09:50:02 Image size of job updated: 7389428
	6226  -  MemoryUsage of job (MB)
	6374676  -  ResidentSetSize of job (KB)
...
006 (019.681.000) 05/12 09:50:07 Image size of job updated: 7389428
	6295  -  MemoryUsage of job (MB)
	6445296  -  ResidentSetSize of job (KB)
...
006 (019.681.000) 05/12 09:50:26 Image size of job updated: 7597300
	6337  -  MemoryUsage of job (MB)
	6488988  -  ResidentSetSize of job (KB)
...
006 (019.681.000) 05/12 09:50:50 Image size of job updated: 7779572
	6337  -  MemoryUsage of job (MB)
	6488988  -  ResidentSetSize of job (KB)
...
005 (019.681.000) 05/12 09:50:50 Job terminated.
	(0) Abnormal termination (signal 9)
	(0) No core file
		Usr 0 00:23:55, Sys 0 00:02:19  -  Run Remote Usage
		Usr 0 00:00:00, Sys 0 00:00:00  -  Run Local Usage
		Usr 0 00:23:55, Sys 0 00:02:19  -  Total Remote Usage
		Usr 0 00:00:00, Sys 0 00:00:00  -  Total Local Usage
	0  -  Run Bytes Sent By Job
	0  -  Run Bytes Received By Job
	0  -  Total Bytes Sent By Job
	0  -  Total Bytes Received By Job
	Partitionable Resources :      Usage  Request Allocated 
	   Cpus                 :       1.00        1         1 
	   Disk (KB)            : 2000000     2000000   6275465 
	   Memory (MB)          :    6337        1954      2007 
...
000 (024.055.000) 05/13 15:14:25 Job submitted from host: <127.0.0.1:9618?addrs=127.0.0.1-9618&noUDP&sock=227_4816_4>
...
001 (024.055.000) 05/13 15:14:34 Job executing on host: <127.0.0.1:9618?addrs=127.0.0.1-9618&noUDP&sock=227_4816_5>
...
006 (024.055.000) 05/13 15:14:39 Image size of job updated: 2000000
	37  -  MemoryUsage of job (MB)
	36960  -  ResidentSetSize of job (KB)
...
006 (024.055.000) 05/13 15:17:53 Image size of job updated: 2000000
	114  -  MemoryUsage of job (MB)
	115764  -  ResidentSetSize of job (KB)
...
006 (024.055.000) 05/13 15:20:41 Image size of job updated: 2000000
	145  -  MemoryUsage of job (MB)
	147972  -  ResidentSetSize of job (KB)
...
006 (024.055.000) 05/13 15:20:47 Image size of job updated: 2000000
	210  -  MemoryUsage of job (MB)
	214368  -  ResidentSetSize of job (KB)
...
006 (024.055.000) 05/13 15:20:53 Image size of job updated: 2000000
	210  -  MemoryUsage of job (MB)
	214632  -  ResidentSetSize of job (KB)
...
006 (024.055.000) 05/13 15:20:59 Image size of job updated: 2000000
	214  -  MemoryUsage of job (MB)
	218328  -  ResidentSetSize of job (KB)
...
006 (024.055.000) 05/13 15:21:05 Image size of job updated: 2000000
	224  -  MemoryUsage of job (MB)
	228624  -  ResidentSetSize of job (KB)
...
006 (024.055.000) 05/13 15:21:11 Image size of job updated: 2000000
	234  -  MemoryUsage of job (MB)
	238788  -  ResidentSetSize of job (KB)
...
006 (024.055.000) 05/13 15:21:17 Image size of job updated: 2000000
	244  -  MemoryUsage of job (MB)
	249216  -  ResidentSetSize of job (KB)
...
006 (024.055.000) 05/13 15:21:23 Image size of job updated: 2000000
	253  -  MemoryUsage of job (MB)
	258456  -  ResidentSetSize of job (KB)
...
006 (024.055.000) 05/13 15:21:29 Image size of job updated: 2000000
	262  -  MemoryUsage of job (MB)
	267564  -  ResidentSetSize of job (KB)
...
006 (024.055.000) 05/13 15:21:35 Image size of job updated: 2000000
	270  -  MemoryUsage of job (MB)
	275748  -  ResidentSetSize of job (KB)
...
006 (024.055.000) 05/13 15:21:41 Image size of job updated: 2000000
	278  -  MemoryUsage of job (MB)
	284460  -  ResidentSetSize of job (KB)
...
006 (024.055.000) 05/13 15:21:47 Image size of job updated: 2000000
	279  -  MemoryUsage of job (MB)
	285648  -  ResidentSetSize of job (KB)
...
006 (024.055.000) 05/13 15:21:53 Image size of job updated: 2000000
	320  -  MemoryUsage of job (MB)
	327360  -  ResidentSetSize of job (KB)
...
006 (024.055.000) 05/13 15:21:59 Image size of job updated: 2000000
	379  -  MemoryUsage of job (MB)
	387288  -  ResidentSetSize of job (KB)
...
006 (024.055.000) 05/13 15:22:35 Image size of job updated: 2000000
	450  -  MemoryUsage of job (MB)
	460020  -  ResidentSetSize of job (KB)
...
006 (024.055.000) 05/13 15:22:41 Image size of job updated: 2000000
	504  -  MemoryUsage of job (MB)
	515592  -  ResidentSetSize of job (KB)
...
006 (024.055.000) 05/13 15:22:47 Image size of job updated: 2000000
	553  -  MemoryUsage of job (MB)
	566148  -  ResidentSetSize of job (KB)
...
006 (024.055.000) 05/13 15:22:53 Image size of job updated: 2000000
	1242  -  MemoryUsage of job (MB)
	1271028  -  ResidentSetSize of job (KB)
...
006 (024.055.000) 05/13 15:42:07 Image size of job updated: 2000000
	1243  -  MemoryUsage of job (MB)
	1271952  -  ResidentSetSize of job (KB)
...
006 (024.055.000) 05/13 15:42:12 Image size of job updated: 2000000
	1244  -  MemoryUsage of job (MB)
	1273272  -  ResidentSetSize of job (KB)
...
006 (024.055.000) 05/13 15:42:17 Image size of job updated: 2000000
	1343  -  MemoryUsage of job (MB)
	1375176  -  ResidentSetSize of job (KB)
...
006 (024.055.000) 05/13 15:42:22 Image size of job updated: 2313720
	1714  -  MemoryUsage of job (MB)
	1754412  -  ResidentSetSize of job (KB)
...
006 (024.055.000) 05/13 15:42:27 Image size of job updated: 2313720
	1769  -  MemoryUsage of job (MB)
	1810908  -  ResidentSetSize of job (KB)
...
006 (024.055.000) 05/13 15:42:59 Image size of job updated: 2313720
	2007  -  MemoryUsage of job (MB)
	2055108  -  ResidentSetSize of job (KB)
...
006 (024.055.000) 05/13 15:44:22 Image size of job updated: 3168496
	2482  -  MemoryUsage of job (MB)
	2540604  -  ResidentSetSize of job (KB)
...
006 (024.055.000) 05/13 15:45:27 Image size of job updated: 3706096
	2955  -  MemoryUsage of job (MB)
	3025044  -  ResidentSetSize of job (KB)
...
006 (024.055.000) 05/13 15:46:07 Image size of job updated: 3931376
	3191  -  MemoryUsage of job (MB)
	3266868  -  ResidentSetSize of job (KB)
...
006 (024.055.000) 05/13 15:46:30 Image size of job updated: 4053232
	3345  -  MemoryUsage of job (MB)
	3425268  -  ResidentSetSize of job (KB)
...
006 (024.055.000) 05/13 15:46:44 Image size of job updated: 4152560
	3405  -  MemoryUsage of job (MB)
	3486648  -  ResidentSetSize of job (KB)
...
006 (024.055.000) 05/13 15:46:53 Image size of job updated: 4152560
	3437  -  MemoryUsage of job (MB)
	3518592  -  ResidentSetSize of job (KB)
...
006 (024.055.000) 05/13 15:47:01 Image size of job updated: 4262128
	3516  -  MemoryUsage of job (MB)
	3600300  -  ResidentSetSize of job (KB)
...
006 (024.055.000) 05/13 15:47:06 Image size of job updated: 4351216
	3553  -  MemoryUsage of job (MB)
	3637260  -  ResidentSetSize of job (KB)
...
006 (024.055.000) 05/13 15:47:12 Image size of job updated: 4433136
	3626  -  MemoryUsage of job (MB)
	3712236  -  ResidentSetSize of job (KB)
...
006 (024.055.000) 05/13 15:47:26 Image size of job updated: 4451568
	3695  -  MemoryUsage of job (MB)
	3783516  -  ResidentSetSize of job (KB)
...
006 (024.055.000) 05/13 15:47:38 Image size of job updated: 4528368
	3718  -  MemoryUsage of job (MB)
	3807144  -  ResidentSetSize of job (KB)
...
006 (024.055.000) 05/13 15:47:56 Image size of job updated: 4631792
	3721  -  MemoryUsage of job (MB)
	3809652  -  ResidentSetSize of job (KB)
...
005 (024.055.000) 05/13 15:47:56 Job terminated.
	(0) Abnormal termination (signal 9)
	(0) No core file
		Usr 0 00:23:44, Sys 0 00:01:07  -  Run Remote Usage
		Usr 0 00:00:00, Sys 0 00:00:00  -  Run Local Usage
		Usr 0 00:23:44, Sys 0 00:01:07  -  Total Remote Usage
		Usr 0 00:00:00, Sys 0 00:00:00  -  Total Local Usage
	0  -  Run Bytes Sent By Job
	0  -  Run Bytes Received By Job
	0  -  Total Bytes Sent By Job
	0  -  Total Bytes Received By Job
	Partitionable Resources :      Usage  Request Allocated 
	   Cpus                 :       0.99        1         1 
	   Disk (KB)            : 2000000     2000000   6275465 
	   Memory (MB)          :    3721        1954      2007 
...
000 (028.042.000) 05/13 17:49:23 Job submitted from host: <127.0.0.1:9618?addrs=127.0.0.1-9618&noUDP&sock=227_4816_4>
...
001 (028.042.000) 05/13 17:49:33 Job executing on host: <127.0.0.1:9618?addrs=127.0.0.1-9618&noUDP&sock=227_4816_5>
...
006 (028.042.000) 05/13 17:49:39 Image size of job updated: 2000000
	37  -  MemoryUsage of job (MB)
	37356  -  ResidentSetSize of job (KB)
...
006 (028.042.000) 05/13 17:52:03 Image size of job updated: 2000000
	114  -  MemoryUsage of job (MB)
	116556  -  ResidentSetSize of job (KB)
...
006 (028.042.000) 05/13 17:54:30 Image size of job updated: 2000000
	145  -  MemoryUsage of job (MB)
	147840  -  ResidentSetSize of job (KB)
...
006 (028.042.000) 05/13 17:54:35 Image size of job updated: 2000000
	210  -  MemoryUsage of job (MB)
	214896  -  ResidentSetSize of job (KB)
...
006 (028.042.000) 05/13 17:54:45 Image size of job updated: 2000000
	211  -  MemoryUsage of job (MB)
	215556  -  ResidentSetSize of job (KB)
...
006 (028.042.000) 05/13 17:54:50 Image size of job updated: 2000000
	220  -  MemoryUsage of job (MB)
	224268  -  ResidentSetSize of job (KB)
...
006 (028.042.000) 05/13 17:54:55 Image size of job updated: 2000000
	228  -  MemoryUsage of job (MB)
	232716  -  ResidentSetSize of job (KB)
...
006 (028.042.000) 05/13 17:55:00 Image size of job updated: 2000000
	236  -  MemoryUsage of job (MB)
	241296  -  ResidentSetSize of job (KB)
...
006 (028.042.000) 05/13 17:55:05 Image size of job updated: 2000000
	245  -  MemoryUsage of job (MB)
	249876  -  ResidentSetSize of job (KB)
...
006 (028.042.000) 05/13 17:55:10 Image size of job updated: 2000000
	252  -  MemoryUsage of job (MB)
	257664  -  ResidentSetSize of job (KB)
...
006 (028.042.000) 05/13 17:55:15 Image size of job updated: 2000000
	262  -  MemoryUsage of job (MB)
	267300  -  ResidentSetSize of job (KB)
...
006 (028.042.000) 05/13 17:55:20 Image size of job updated: 2000000
	269  -  MemoryUsage of job (MB)
	274692  -  ResidentSetSize of job (KB)
...
006 (028.042.000) 05/13 17:55:25 Image size of job updated: 2000000
	279  -  MemoryUsage of job (MB)
	285120  -  ResidentSetSize of job (KB)
...
006 (028.042.000) 05/13 17:55:35 Image size of job updated: 2000000
	303  -  MemoryUsage of job (MB)
	310068  -  ResidentSetSize of job (KB)
...
006 (028.042.000) 05/13 17:55:40 Image size of job updated: 2000000
	363  -  MemoryUsage of job (MB)
	371052  -  ResidentSetSize of job (KB)
...
006 (028.042.000) 05/13 17:55:45 Image size of job updated: 2000000
	379  -  MemoryUsage of job (MB)
	387684  -  ResidentSetSize of job (KB)
...
006 (028.042.000) 05/13 17:56:10 Image size of job updated: 2000000
	427  -  MemoryUsage of job (MB)
	436524  -  ResidentSetSize of job (KB)
...
006 (028.042.000) 05/13 17:56:15 Image size of job updated: 2000000
	486  -  MemoryUsage of job (MB)
	497508  -  ResidentSetSize of job (KB)
...
006 (028.042.000) 05/13 17:56:20 Image size of job updated: 2000000
	526  -  MemoryUsage of job (MB)
	538296  -  ResidentSetSize of job (KB)
...
006 (028.042.000) 05/13 17:56:25 Image size of job updated: 2000000
	1244  -  MemoryUsage of job (MB)
	1273404  -  ResidentSetSize of job (KB)
...
006 (028.042.000) 05/13 18:12:23 Image size of job updated: 2000000
	1245  -  MemoryUsage of job (MB)
	1273932  -  ResidentSetSize of job (KB)
...
006 (028.042.000) 05/13 18:12:29 Image size of job updated: 2000000
	1255  -  MemoryUsage of job (MB)
	1284360  -  ResidentSetSize of job (KB)
...
006 (028.042.000) 05/13 18:12:35 Image size of job updated: 2000000
	1451  -  MemoryUsage of job (MB)
	1485264  -  ResidentSetSize of job (KB)
...
006 (028.042.000) 05/13 18:12:41 Image size of job updated: 2000000
	1794  -  MemoryUsage of job (MB)
	1836384  -  ResidentSetSize of job (KB)
...
006 (028.042.000) 05/13 18:12:47 Image size of job updated: 2437108
	1976  -  MemoryUsage of job (MB)
	2022636  -  ResidentSetSize of job (KB)
...
006 (028.042.000) 05/13 18:12:53 Image size of job updated: 2437108
	2043  -  MemoryUsage of job (MB)
	2091936  -  ResidentSetSize of job (KB)
...
006 (028.042.000) 05/13 18:12:59 Image size of job updated: 2784500
	2128  -  MemoryUsage of job (MB)
	2178924  -  ResidentSetSize of job (KB)
...
006 (028.042.000) 05/13 18:13:05 Image size of job updated: 2784500
	2169  -  MemoryUsage of job (MB)
	2221032  -  ResidentSetSize of job (KB)
...
006 (028.042.000) 05/13 18:13:11 Image size of job updated: 2784500
	2187  -  MemoryUsage of job (MB)
	2238852  -  ResidentSetSize of job (KB)
...
006 (028.042.000) 05/13 18:13:17 Image size of job updated: 2935028
	2219  -  MemoryUsage of job (MB)
	2272116  -  ResidentSetSize of job (KB)
...
006 (028.042.000) 05/13 18:13:28 Image size of job updated: 2935028
	2221  -  MemoryUsage of job (MB)
	2273700  -  ResidentSetSize of job (KB)
...
006 (028.042.000) 05/13 18:13:50 Image size of job updated: 3130612
	2346  -  MemoryUsage of job (MB)
	2401740  -  ResidentSetSize of job (KB)
...
006 (028.042.000) 05/13 18:14:22 Image size of job updated: 3361012
	2573  -  MemoryUsage of job (MB)
	2634192  -  ResidentSetSize of job (KB)
...
006 (028.042.000) 05/13 18:14:45 Image size of job updated: 3518708
	2688  -  MemoryUsage of job (MB)
	2751540  -  ResidentSetSize of job (KB)
...
006 (028.042.000) 05/13 18:14:59 Image size of job updated: 3609844
	2805  -  MemoryUsage of job (MB)
	2871792  -  ResidentSetSize of job (KB)
...
006 (028.042.000) 05/13 18:15:08 Image size of job updated: 3723508
	2911  -  MemoryUsage of job (MB)
	2980164  -  ResidentSetSize of job (KB)
...
006 (028.042.000) 05/13 18:15:18 Image size of job updated: 3820788
	2985  -  MemoryUsage of job (MB)
	3056328  -  ResidentSetSize of job (KB)
...
006 (028.042.000) 05/13 18:15:24 Image size of job updated: 3868916
	3047  -  MemoryUsage of job (MB)
	3119160  -  ResidentSetSize of job (KB)
...
006 (028.042.000) 05/13 18:15:30 Image size of job updated: 3909876
	3101  -  MemoryUsage of job (MB)
	3175128  -  ResidentSetSize of job (KB)
...
006 (028.042.000) 05/13 18:15:36 Image size of job updated: 4014324
	3157  -  MemoryUsage of job (MB)
	3232680  -  ResidentSetSize of job (KB)
...
006 (028.042.000) 05/13 18:15:42 Image size of job updated: 4020468
	3238  -  MemoryUsage of job (MB)
	3315708  -  ResidentSetSize of job (KB)
...
006 (028.042.000) 05/13 18:16:10 Image size of job updated: 4126964
	3265  -  MemoryUsage of job (MB)
	3342900  -  ResidentSetSize of job (KB)
...
006 (028.042.000) 05/13 18:17:00 Image size of job updated: 4504820
	3663  -  MemoryUsage of job (MB)
	3750780  -  ResidentSetSize of job (KB)
...
006 (028.042.000) 05/13 18:17:40 Image size of job updated: 4863220
	3965  -  MemoryUsage of job (MB)
	4059660  -  ResidentSetSize of job (KB)
...
006 (028.042.000) 05/13 18:18:05 Image size of job updated: 5001460
	4208  -  MemoryUsage of job (MB)
	4308612  -  ResidentSetSize of job (KB)
...
006 (028.042.000) 05/13 18:18:20 Image size of job updated: 5157108
	4300  -  MemoryUsage of job (MB)
	4402200  -  ResidentSetSize of job (KB)
...
006 (028.042.000) 05/13 18:18:33 Image size of job updated: 5300468
	4363  -  MemoryUsage of job (MB)
	4467144  -  ResidentSetSize of job (KB)
...
006 (028.042.000) 05/13 18:18:43 Image size of job updated: 5325044
	4511  -  MemoryUsage of job (MB)
	4618680  -  ResidentSetSize of job (KB)
...
006 (028.042.000) 05/13 18:18:50 Image size of job updated: 5479668
	4571  -  MemoryUsage of job (MB)
	4680456  -  ResidentSetSize of job (KB)
...
006 (028.042.000) 05/13 18:18:55 Image size of job updated: 5479668
	4651  -  MemoryUsage of job (MB)
	4762560  -  ResidentSetSize of job (KB)
...
006 (028.042.000) 05/13 18:19:03 Image size of job updated: 5665012
	4729  -  MemoryUsage of job (MB)
	4841496  -  ResidentSetSize of job (KB)
...
006 (028.042.000) 05/13 18:19:09 Image size of job updated: 5693684
	4830  -  MemoryUsage of job (MB)
	4945512  -  ResidentSetSize of job (KB)
...
006 (028.042.000) 05/13 18:19:28 Image size of job updated: 5860596
	4892  -  MemoryUsage of job (MB)
	5008872  -  ResidentSetSize of job (KB)
...
006 (028.042.000) 05/13 18:19:41 Image size of job updated: 5966068
	4915  -  MemoryUsage of job (MB)
	5032632  -  ResidentSetSize of job (KB)
...
005 (028.042.000) 05/13 18:19:41 Job terminated.
	(0) Abnormal termination (signal 9)
	(0) No core file
		Usr 0 00:21:53, Sys 0 00:01:30  -  Run Remote Usage
		Usr 0 00:00:00, Sys 0 00:00:00  -  Run Local Usage
		Usr 0 00:21:53, Sys 0 00:01:30  -  Total Remote Usage
		Usr 0 00:00:00, Sys 0 00:00:00  -  Total Local Usage
	0  -  Run Bytes Sent By Job
	0  -  Run Bytes Received By Job
	0  -  Total Bytes Sent By Job
	0  -  Total Bytes Received By Job
	Partitionable Resources :      Usage  Request Allocated 
	   Cpus                 :       0.99        1         1 
	   Disk (KB)            : 2000000     2000000   6275465 
	   Memory (MB)          :    4915        1954      2007 
...
000 (029.025.000) 05/13 19:41:23 Job submitted from host: <127.0.0.1:9618?addrs=127.0.0.1-9618&noUDP&sock=227_4816_4>
...
001 (029.025.000) 05/13 19:41:25 Job executing on host: <127.0.0.1:9618?addrs=127.0.0.1-9618&noUDP&sock=227_4816_5>
...
006 (029.025.000) 05/13 19:41:30 Image size of job updated: 2000000
	37  -  MemoryUsage of job (MB)
	37224  -  ResidentSetSize of job (KB)
...
006 (029.025.000) 05/13 19:43:04 Image size of job updated: 2000000
	80  -  MemoryUsage of job (MB)
	81444  -  ResidentSetSize of job (KB)
...
006 (029.025.000) 05/13 19:43:10 Image size of job updated: 2000000
	114  -  MemoryUsage of job (MB)
	116292  -  ResidentSetSize of job (KB)
...
006 (029.025.000) 05/13 19:44:46 Image size of job updated: 2000000
	184  -  MemoryUsage of job (MB)
	187572  -  ResidentSetSize of job (KB)
...
006 (029.025.000) 05/13 19:44:52 Image size of job updated: 2000000
	210  -  MemoryUsage of job (MB)
	215028  -  ResidentSetSize of job (KB)
...
006 (029.025.000) 05/13 19:44:58 Image size of job updated: 2000000
	224  -  MemoryUsage of job (MB)
	228624  -  ResidentSetSize of job (KB)
...
006 (029.025.000) 05/13 19:45:04 Image size of job updated: 2000000
	241  -  MemoryUsage of job (MB)
	246180  -  ResidentSetSize of job (KB)
...
006 (029.025.000) 05/13 19:45:10 Image size of job updated: 2000000
	258  -  MemoryUsage of job (MB)
	263472  -  ResidentSetSize of job (KB)
...
006 (029.025.000) 05/13 19:45:16 Image size of job updated: 2000000
	269  -  MemoryUsage of job (MB)
	275088  -  ResidentSetSize of job (KB)
...
006 (029.025.000) 05/13 19:45:22 Image size of job updated: 2000000
	279  -  MemoryUsage of job (MB)
	284988  -  ResidentSetSize of job (KB)
...
006 (029.025.000) 05/13 19:45:28 Image size of job updated: 2000000
	315  -  MemoryUsage of job (MB)
	322212  -  ResidentSetSize of job (KB)
...
006 (029.025.000) 05/13 19:45:34 Image size of job updated: 2000000
	371  -  MemoryUsage of job (MB)
	379896  -  ResidentSetSize of job (KB)
...
006 (029.025.000) 05/13 19:45:40 Image size of job updated: 2000000
	379  -  MemoryUsage of job (MB)
	387288  -  ResidentSetSize of job (KB)
...
006 (029.025.000) 05/13 19:45:58 Image size of job updated: 2000000
	435  -  MemoryUsage of job (MB)
	444708  -  ResidentSetSize of job (KB)
...
006 (029.025.000) 05/13 19:46:04 Image size of job updated: 2000000
	513  -  MemoryUsage of job (MB)
	524568  -  ResidentSetSize of job (KB)
...
006 (029.025.000) 05/13 19:46:10 Image size of job updated: 2000000
	1242  -  MemoryUsage of job (MB)
	1270896  -  ResidentSetSize of job (KB)
...
006 (029.025.000) 05/13 19:59:16 Image size of job updated: 2000000
	1251  -  MemoryUsage of job (MB)
	1280004  -  ResidentSetSize of job (KB)
...
006 (029.025.000) 05/13 19:59:22 Image size of job updated: 2000000
	1342  -  MemoryUsage of job (MB)
	1373592  -  ResidentSetSize of job (KB)
...
006 (029.025.000) 05/13 19:59:26 Image size of job updated: 2295124
	1690  -  MemoryUsage of job (MB)
	1729596  -  ResidentSetSize of job (KB)
...
006 (029.025.000) 05/13 19:59:31 Image size of job updated: 2295124
	1996  -  MemoryUsage of job (MB)
	2043624  -  ResidentSetSize of job (KB)
...
006 (029.025.000) 05/13 19:59:36 Image size of job updated: 2704116
	1996  -  MemoryUsage of job (MB)
	2043624  -  ResidentSetSize of job (KB)
...
006 (029.025.000) 05/13 19:59:41 Image size of job updated: 2704116
	2017  -  MemoryUsage of job (MB)
	2064744  -  ResidentSetSize of job (KB)
...
006 (029.025.000) 05/13 19:59:49 Image size of job updated: 2704116
	2116  -  MemoryUsage of job (MB)
	2166648  -  ResidentSetSize of job (KB)
...
006 (029.025.000) 05/13 19:59:54 Image size of job updated: 2821364
	2227  -  MemoryUsage of job (MB)
	2280036  -  ResidentSetSize of job (KB)
...
006 (029.025.000) 05/13 19:59:59 Image size of job updated: 2821364
	2307  -  MemoryUsage of job (MB)
	2361612  -  ResidentSetSize of job (KB)
...
006 (029.025.000) 05/13 20:00:04 Image size of job updated: 3088628
	2381  -  MemoryUsage of job (MB)
	2437644  -  ResidentSetSize of job (KB)
...
006 (029.025.000) 05/13 20:00:09 Image size of job updated: 3088628
	2457  -  MemoryUsage of job (MB)
	2515920  -  ResidentSetSize of job (KB)
...
006 (029.025.000) 05/13 20:00:20 Image size of job updated: 3088628
	2493  -  MemoryUsage of job (MB)
	2551956  -  ResidentSetSize of job (KB)
...
006 (029.025.000) 05/13 20:00:38 Image size of job updated: 3282164
	2668  -  MemoryUsage of job (MB)
	2731872  -  ResidentSetSize of job (KB)
...
006 (029.025.000) 05/13 20:01:07 Image size of job updated: 3793140
	3077  -  MemoryUsage of job (MB)
	3150840  -  ResidentSetSize of job (KB)
...
006 (029.025.000) 05/13 20:01:28 Image size of job updated: 4010228
	3273  -  MemoryUsage of job (MB)
	3350688  -  ResidentSetSize of job (KB)
...
006 (029.025.000) 05/13 20:01:42 Image size of job updated: 4231412
	3474  -  MemoryUsage of job (MB)
	3556872  -  ResidentSetSize of job (KB)
...
006 (029.025.000) 05/13 20:01:50 Image size of job updated: 4289780
	3603  -  MemoryUsage of job (MB)
	3689004  -  ResidentSetSize of job (KB)
...
006 (029.025.000) 05/13 20:01:57 Image size of job updated: 4289780
	3696  -  MemoryUsage of job (MB)
	3783780  -  ResidentSetSize of job (KB)
...
006 (029.025.000) 05/13 20:02:09 Image size of job updated: 4466932
	3698  -  MemoryUsage of job (MB)
	3786288  -  ResidentSetSize of job (KB)
...
006 (029.025.000) 05/13 20:02:32 Image size of job updated: 4763892
	4032  -  MemoryUsage of job (MB)
	4128696  -  ResidentSetSize of job (KB)
...
006 (029.025.000) 05/13 20:03:17 Image size of job updated: 5036276
	4242  -  MemoryUsage of job (MB)
	4343592  -  ResidentSetSize of job (KB)
...
006 (029.025.000) 05/13 20:04:49 Image size of job updated: 6477044
	5614  -  MemoryUsage of job (MB)
	5747808  -  ResidentSetSize of job (KB)
...
006 (029.025.000) 05/13 20:05:49 Image size of job updated: 8071412
	5614  -  MemoryUsage of job (MB)
	5747808  -  ResidentSetSize of job (KB)
...
005 (029.025.000) 05/13 20:05:49 Job terminated.
	(1) Normal termination (return value 0)
		Usr 0 00:18:52, Sys 0 00:01:06  -  Run Remote Usage
		Usr 0 00:00:00, Sys 0 00:00:00  -  Run Local Usage
		Usr 0 00:18:52, Sys 0 00:01:06  -  Total Remote Usage
		Usr 0 00:00:00, Sys 0 00:00:00  -  Total Local Usage
	0  -  Run Bytes Sent By Job
	0  -  Run Bytes Received By Job
	0  -  Total Bytes Sent By Job
	0  -  Total Bytes Received By Job
	Partitionable Resources :      Usage  Request Allocated 
	   Cpus                 :       1.00        1         1 
	   Disk (KB)            : 2000000     2000000   6275465 
	   Memory (MB)          :    5614        1954      2007 
...
