000 (005.4144.000) 05/05 20:23:21 Job submitted from host: <127.0.0.1:9618?addrs=127.0.0.1-9618&noUDP&sock=227_4816_4>
...
033 (005.4144.000) 05/06 14:16:41 Changing job attribute JobPrio from 0 to -10
...
001 (005.4144.000) 05/07 02:54:54 Job executing on host: <127.0.0.1:9618?addrs=127.0.0.1-9618&noUDP&sock=227_4816_5>
...
006 (005.4144.000) 05/07 02:54:59 Image size of job updated: 2000000
	101  -  MemoryUsage of job (MB)
	103092  -  ResidentSetSize of job (KB)
...
006 (005.4144.000) 05/07 02:55:24 Image size of job updated: 2000000
	127  -  MemoryUsage of job (MB)
	130020  -  ResidentSetSize of job (KB)
...
006 (005.4144.000) 05/07 02:55:29 Image size of job updated: 2000000
	184  -  MemoryUsage of job (MB)
	188100  -  ResidentSetSize of job (KB)
...
006 (005.4144.000) 05/07 02:55:34 Image size of job updated: 2000000
	185  -  MemoryUsage of job (MB)
	188496  -  ResidentSetSize of job (KB)
...
006 (005.4144.000) 05/07 02:55:39 Image size of job updated: 2000000
	190  -  MemoryUsage of job (MB)
	194436  -  ResidentSetSize of job (KB)
...
006 (005.4144.000) 05/07 02:55:44 Image size of job updated: 2000000
	201  -  MemoryUsage of job (MB)
	205788  -  ResidentSetSize of job (KB)
...
006 (005.4144.000) 05/07 02:55:49 Image size of job updated: 2000000
	211  -  MemoryUsage of job (MB)
	215688  -  ResidentSetSize of job (KB)
...
006 (005.4144.000) 05/07 02:55:54 Image size of job updated: 2000000
	221  -  MemoryUsage of job (MB)
	225456  -  ResidentSetSize of job (KB)
...
006 (005.4144.000) 05/07 02:55:59 Image size of job updated: 2000000
	231  -  MemoryUsage of job (MB)
	236148  -  ResidentSetSize of job (KB)
...
006 (005.4144.000) 05/07 02:56:04 Image size of job updated: 2000000
	239  -  MemoryUsage of job (MB)
	244200  -  ResidentSetSize of job (KB)
...
006 (005.4144.000) 05/07 02:56:09 Image size of job updated: 2000000
	255  -  MemoryUsage of job (MB)
	260964  -  ResidentSetSize of job (KB)
...
006 (005.4144.000) 05/07 02:56:14 Image size of job updated: 2000000
	298  -  MemoryUsage of job (MB)
	304920  -  ResidentSetSize of job (KB)
...
006 (005.4144.000) 05/07 02:56:19 Image size of job updated: 2000000
	329  -  MemoryUsage of job (MB)
	336336  -  ResidentSetSize of job (KB)
...
006 (005.4144.000) 05/07 02:56:24 Image size of job updated: 2000000
	358  -  MemoryUsage of job (MB)
	366432  -  ResidentSetSize of job (KB)
...
006 (005.4144.000) 05/07 02:56:29 Image size of job updated: 2000000
	414  -  MemoryUsage of job (MB)
	423192  -  ResidentSetSize of job (KB)
...
006 (005.4144.000) 05/07 02:56:34 Image size of job updated: 2000000
	465  -  MemoryUsage of job (MB)
	475200  -  ResidentSetSize of job (KB)
...
006 (005.4144.000) 05/07 02:56:39 Image size of job updated: 2000000
	1171  -  MemoryUsage of job (MB)
	1198428  -  ResidentSetSize of job (KB)
...
006 (005.4144.000) 05/07 03:09:28 Image size of job updated: 2000000
	1173  -  MemoryUsage of job (MB)
	1200408  -  ResidentSetSize of job (KB)
...
006 (005.4144.000) 05/07 03:09:33 Image size of job updated: 2000000
	1223  -  MemoryUsage of job (MB)
	1252152  -  ResidentSetSize of job (KB)
...
006 (005.4144.000) 05/07 03:09:38 Image size of job updated: 2000000
	1554  -  MemoryUsage of job (MB)
	1590336  -  ResidentSetSize of job (KB)
...
006 (005.4144.000) 05/07 03:09:43 Image size of job updated: 2270664
	1671  -  MemoryUsage of job (MB)
	1710984  -  ResidentSetSize of job (KB)
...
006 (005.4144.000) 05/07 03:09:48 Image size of job updated: 2270664
	1926  -  MemoryUsage of job (MB)
	1971288  -  ResidentSetSize of job (KB)
...
006 (005.4144.000) 05/07 03:09:53 Image size of job updated: 2589672
	1926  -  MemoryUsage of job (MB)
	1971288  -  ResidentSetSize of job (KB)
...
006 (005.4144.000) 05/07 03:09:58 Image size of job updated: 2589672
	1963  -  MemoryUsage of job (MB)
	2009172  -  ResidentSetSize of job (KB)
...
006 (005.4144.000) 05/07 03:10:03 Image size of job updated: 2589672
	1988  -  MemoryUsage of job (MB)
	2035572  -  ResidentSetSize of job (KB)
...
006 (005.4144.000) 05/07 03:10:08 Image size of job updated: 2684904
	2009  -  MemoryUsage of job (MB)
	2056428  -  ResidentSetSize of job (KB)
...
006 (005.4144.000) 05/07 03:10:13 Image size of job updated: 2684904
	2030  -  MemoryUsage of job (MB)
	2078340  -  ResidentSetSize of job (KB)
...
006 (005.4144.000) 05/07 03:10:18 Image size of job updated: 2684904
	2051  -  MemoryUsage of job (MB)
	2100120  -  ResidentSetSize of job (KB)
...
006 (005.4144.000) 05/07 03:10:23 Image size of job updated: 2751464
	2074  -  MemoryUsage of job (MB)
	2123220  -  ResidentSetSize of job (KB)
...
006 (005.4144.000) 05/07 03:10:28 Image size of job updated: 2751464
	2093  -  MemoryUsage of job (MB)
	2142756  -  ResidentSetSize of job (KB)
...
006 (005.4144.000) 05/07 03:10:33 Image size of job updated: 2793448
	2113  -  MemoryUsage of job (MB)
	2162952  -  ResidentSetSize of job (KB)
...
006 (005.4144.000) 05/07 03:10:38 Image size of job updated: 2812904
	2132  -  MemoryUsage of job (MB)
	2182488  -  ResidentSetSize of job (KB)
...
006 (005.4144.000) 05/07 03:10:44 Image size of job updated: 2838504
	2158  -  MemoryUsage of job (MB)
	2209020  -  ResidentSetSize of job (KB)
...
006 (005.4144.000) 05/07 03:10:50 Image size of job updated: 2838504
	2183  -  MemoryUsage of job (MB)
	2234496  -  ResidentSetSize of job (KB)
...
006 (005.4144.000) 05/07 03:10:56 Image size of job updated: 2884584
	2206  -  MemoryUsage of job (MB)
	2258916  -  ResidentSetSize of job (KB)
...
006 (005.4144.000) 05/07 03:11:02 Image size of job updated: 2905064
	2232  -  MemoryUsage of job (MB)
	2284788  -  ResidentSetSize of job (KB)
...
006 (005.4144.000) 05/07 03:11:08 Image size of job updated: 2905064
	2260  -  MemoryUsage of job (MB)
	2313300  -  ResidentSetSize of job (KB)
...
006 (005.4144.000) 05/07 03:11:14 Image size of job updated: 2945000
	2283  -  MemoryUsage of job (MB)
	2337588  -  ResidentSetSize of job (KB)
...
006 (005.4144.000) 05/07 03:11:20 Image size of job updated: 2945000
	2309  -  MemoryUsage of job (MB)
	2364252  -  ResidentSetSize of job (KB)
...
006 (005.4144.000) 05/07 03:11:26 Image size of job updated: 3008488
	2334  -  MemoryUsage of job (MB)
	2389596  -  ResidentSetSize of job (KB)
...
006 (005.4144.000) 05/07 03:11:32 Image size of job updated: 3039208
	2360  -  MemoryUsage of job (MB)
	2416392  -  ResidentSetSize of job (KB)
...
006 (005.4144.000) 05/07 03:11:38 Image size of job updated: 3063784
	2385  -  MemoryUsage of job (MB)
	2441340  -  ResidentSetSize of job (KB)
...
006 (005.4144.000) 05/07 03:11:44 Image size of job updated: 3073000
	2409  -  MemoryUsage of job (MB)
	2466288  -  ResidentSetSize of job (KB)
...
006 (005.4144.000) 05/07 03:11:50 Image size of job updated: 3073000
	2436  -  MemoryUsage of job (MB)
	2493744  -  ResidentSetSize of job (KB)
...
006 (005.4144.000) 05/07 03:11:56 Image size of job updated: 3141608
	2461  -  MemoryUsage of job (MB)
	2519352  -  ResidentSetSize of job (KB)
...
006 (005.4144.000) 05/07 03:12:02 Image size of job updated: 3141608
	2490  -  MemoryUsage of job (MB)
	2548788  -  ResidentSetSize of job (KB)
...
006 (005.4144.000) 05/07 03:12:08 Image size of job updated: 3198952
	2513  -  MemoryUsage of job (MB)
	2572416  -  ResidentSetSize of job (KB)
...
006 (005.4144.000) 05/07 03:12:14 Image size of job updated: 3217384
	2540  -  MemoryUsage of job (MB)
	2600664  -  ResidentSetSize of job (KB)
...
006 (005.4144.000) 05/07 03:12:20 Image size of job updated: 3246056
	2565  -  MemoryUsage of job (MB)
	2625744  -  ResidentSetSize of job (KB)
...
006 (005.4144.000) 05/07 03:12:26 Image size of job updated: 3246056
	2589  -  MemoryUsage of job (MB)
	2650824  -  ResidentSetSize of job (KB)
...
006 (005.4144.000) 05/07 03:12:32 Image size of job updated: 3280872
	2615  -  MemoryUsage of job (MB)
	2677488  -  ResidentSetSize of job (KB)
...
006 (005.4144.000) 05/07 03:12:38 Image size of job updated: 3280872
	2642  -  MemoryUsage of job (MB)
	2704944  -  ResidentSetSize of job (KB)
...
006 (005.4144.000) 05/07 03:12:44 Image size of job updated: 3348456
	2668  -  MemoryUsage of job (MB)
	2731740  -  ResidentSetSize of job (KB)
...
006 (005.4144.000) 05/07 03:12:50 Image size of job updated: 3348456
	2696  -  MemoryUsage of job (MB)
	2759856  -  ResidentSetSize of job (KB)
...
006 (005.4144.000) 05/07 03:12:56 Image size of job updated: 3348456
	2722  -  MemoryUsage of job (MB)
	2786916  -  ResidentSetSize of job (KB)
...
006 (005.4144.000) 05/07 03:13:02 Image size of job updated: 3422184
	2750  -  MemoryUsage of job (MB)
	2815296  -  ResidentSetSize of job (KB)
...
006 (005.4144.000) 05/07 03:13:08 Image size of job updated: 3422184
	2777  -  MemoryUsage of job (MB)
	2842884  -  ResidentSetSize of job (KB)
...
006 (005.4144.000) 05/07 03:13:14 Image size of job updated: 3487720
	2800  -  MemoryUsage of job (MB)
	2867172  -  ResidentSetSize of job (KB)
...
006 (005.4144.000) 05/07 03:13:20 Image size of job updated: 3487720
	2826  -  MemoryUsage of job (MB)
	2893440  -  ResidentSetSize of job (KB)
...
006 (005.4144.000) 05/07 03:13:26 Image size of job updated: 3487720
	2849  -  MemoryUsage of job (MB)
	2917200  -  ResidentSetSize of job (KB)
...
006 (005.4144.000) 05/07 03:13:32 Image size of job updated: 3552232
	2874  -  MemoryUsage of job (MB)
	2942544  -  ResidentSetSize of job (KB)
...
006 (005.4144.000) 05/07 03:13:38 Image size of job updated: 3552232
	2898  -  MemoryUsage of job (MB)
	2967228  -  ResidentSetSize of job (KB)
...
006 (005.4144.000) 05/07 03:13:44 Image size of job updated: 3618792
	2924  -  MemoryUsage of job (MB)
	2993232  -  ResidentSetSize of job (KB)
...
006 (005.4144.000) 05/07 03:13:50 Image size of job updated: 3618792
	2946  -  MemoryUsage of job (MB)
	3016464  -  ResidentSetSize of job (KB)
...
006 (005.4144.000) 05/07 03:13:56 Image size of job updated: 3665896
	2971  -  MemoryUsage of job (MB)
	3041808  -  ResidentSetSize of job (KB)
...
006 (005.4144.000) 05/07 03:14:02 Image size of job updated: 3679208
	2997  -  MemoryUsage of job (MB)
	3068076  -  ResidentSetSize of job (KB)
...
006 (005.4144.000) 05/07 03:14:08 Image size of job updated: 3679208
	3020  -  MemoryUsage of job (MB)
	3091572  -  ResidentSetSize of job (KB)
...
006 (005.4144.000) 05/07 03:14:14 Image size of job updated: 3741672
	3044  -  MemoryUsage of job (MB)
	3116520  -  ResidentSetSize of job (KB)
...
006 (005.4144.000) 05/07 03:14:20 Image size of job updated: 3741672
	3069  -  MemoryUsage of job (MB)
	3141732  -  ResidentSetSize of job (KB)
...
006 (005.4144.000) 05/07 03:14:26 Image size of job updated: 3787752
	3093  -  MemoryUsage of job (MB)
	3167208  -  ResidentSetSize of job (KB)
...
006 (005.4144.000) 05/07 03:14:32 Image size of job updated: 3811304
	3120  -  MemoryUsage of job (MB)
	3194664  -  ResidentSetSize of job (KB)
...
006 (005.4144.000) 05/07 03:14:38 Image size of job updated: 3811304
	3146  -  MemoryUsage of job (MB)
	3220536  -  ResidentSetSize of job (KB)
...
006 (005.4144.000) 05/07 03:14:44 Image size of job updated: 3811304
	3174  -  MemoryUsage of job (MB)
	3249444  -  ResidentSetSize of job (KB)
...
006 (005.4144.000) 05/07 03:14:50 Image size of job updated: 3884008
	3197  -  MemoryUsage of job (MB)
	3273072  -  ResidentSetSize of job (KB)
...
006 (005.4144.000) 05/07 03:14:56 Image size of job updated: 3901416
	3222  -  MemoryUsage of job (MB)
	3298416  -  ResidentSetSize of job (KB)
...
006 (005.4144.000) 05/07 03:15:02 Image size of job updated: 3947496
	3247  -  MemoryUsage of job (MB)
	3324288  -  ResidentSetSize of job (KB)
...
006 (005.4144.000) 05/07 03:15:08 Image size of job updated: 3974120
	3273  -  MemoryUsage of job (MB)
	3351084  -  ResidentSetSize of job (KB)
...
006 (005.4144.000) 05/07 03:15:14 Image size of job updated: 3995624
	3299  -  MemoryUsage of job (MB)
	3377748  -  ResidentSetSize of job (KB)
...
006 (005.4144.000) 05/07 03:15:20 Image size of job updated: 4012008
	3323  -  MemoryUsage of job (MB)
	3402432  -  ResidentSetSize of job (KB)
...
006 (005.4144.000) 05/07 03:15:26 Image size of job updated: 4012008
	3345  -  MemoryUsage of job (MB)
	3424476  -  ResidentSetSize of job (KB)
...
006 (005.4144.000) 05/07 03:15:32 Image size of job updated: 4075496
	3369  -  MemoryUsage of job (MB)
	3449820  -  ResidentSetSize of job (KB)
...
006 (005.4144.000) 05/07 03:15:38 Image size of job updated: 4075496
	3393  -  MemoryUsage of job (MB)
	3473712  -  ResidentSetSize of job (KB)
...
006 (005.4144.000) 05/07 03:15:44 Image size of job updated: 4075496
	3418  -  MemoryUsage of job (MB)
	3499188  -  ResidentSetSize of job (KB)
...
006 (005.4144.000) 05/07 03:15:50 Image size of job updated: 4140008
	3441  -  MemoryUsage of job (MB)
	3522684  -  ResidentSetSize of job (KB)
...
006 (005.4144.000) 05/07 03:15:56 Image size of job updated: 4160488
	3464  -  MemoryUsage of job (MB)
	3546840  -  ResidentSetSize of job (KB)
...
006 (005.4144.000) 05/07 03:16:02 Image size of job updated: 4193256
	3488  -  MemoryUsage of job (MB)
	3571392  -  ResidentSetSize of job (KB)
...
006 (005.4144.000) 05/07 03:16:08 Image size of job updated: 4193256
	3512  -  MemoryUsage of job (MB)
	3595416  -  ResidentSetSize of job (KB)
...
006 (005.4144.000) 05/07 03:16:14 Image size of job updated: 4193256
	3536  -  MemoryUsage of job (MB)
	3620364  -  ResidentSetSize of job (KB)
...
006 (005.4144.000) 05/07 03:16:20 Image size of job updated: 4254696
	3561  -  MemoryUsage of job (MB)
	3646236  -  ResidentSetSize of job (KB)
...
006 (005.4144.000) 05/07 03:16:26 Image size of job updated: 4254696
	3584  -  MemoryUsage of job (MB)
	3669468  -  ResidentSetSize of job (KB)
...
006 (005.4144.000) 05/07 03:16:32 Image size of job updated: 4323304
	3608  -  MemoryUsage of job (MB)
	3693756  -  ResidentSetSize of job (KB)
...
006 (005.4144.000) 05/07 03:16:38 Image size of job updated: 4348904
	3632  -  MemoryUsage of job (MB)
	3718836  -  ResidentSetSize of job (KB)
...
006 (005.4144.000) 05/07 03:16:44 Image size of job updated: 4364264
	3656  -  MemoryUsage of job (MB)
	3742860  -  ResidentSetSize of job (KB)
...
006 (005.4144.000) 05/07 03:16:50 Image size of job updated: 4396008
	3683  -  MemoryUsage of job (MB)
	3770844  -  ResidentSetSize of job (KB)
...
006 (005.4144.000) 05/07 03:16:56 Image size of job updated: 4430824
	3709  -  MemoryUsage of job (MB)
	3797112  -  ResidentSetSize of job (KB)
...
006 (005.4144.000) 05/07 03:17:03 Image size of job updated: 4431848
	3735  -  MemoryUsage of job (MB)
	3824040  -  ResidentSetSize of job (KB)
...
006 (005.4144.000) 05/07 03:17:08 Image size of job updated: 4457448
	3754  -  MemoryUsage of job (MB)
	3843840  -  ResidentSetSize of job (KB)
...
006 (005.4144.000) 05/07 03:17:13 Image size of job updated: 4497384
	3773  -  MemoryUsage of job (MB)
	3863508  -  ResidentSetSize of job (KB)
...
006 (005.4144.000) 05/07 03:17:18 Image size of job updated: 4515816
	3797  -  MemoryUsage of job (MB)
	3887268  -  ResidentSetSize of job (KB)
...
006 (005.4144.000) 05/07 03:17:23 Image size of job updated: 4520936
	3817  -  MemoryUsage of job (MB)
	3908520  -  ResidentSetSize of job (KB)
...
006 (005.4144.000) 05/07 03:17:28 Image size of job updated: 4520936
	3839  -  MemoryUsage of job (MB)
	3930432  -  ResidentSetSize of job (KB)
...
006 (005.4144.000) 05/07 03:17:33 Image size of job updated: 4520936
	3859  -  MemoryUsage of job (MB)
	3951156  -  ResidentSetSize of job (KB)
...
006 (005.4144.000) 05/07 03:17:38 Image size of job updated: 4590568
	3879  -  MemoryUsage of job (MB)
	3971352  -  ResidentSetSize of job (KB)
...
006 (005.4144.000) 05/07 03:17:43 Image size of job updated: 4606952
	3898  -  MemoryUsage of job (MB)
	3991020  -  ResidentSetSize of job (KB)
...
006 (005.4144.000) 05/07 03:17:48 Image size of job updated: 4606952
	3917  -  MemoryUsage of job (MB)
	4010688  -  ResidentSetSize of job (KB)
...
006 (005.4144.000) 05/07 03:17:53 Image size of job updated: 4649960
	3941  -  MemoryUsage of job (MB)
	4034844  -  ResidentSetSize of job (KB)
...
006 (005.4144.000) 05/07 03:17:58 Image size of job updated: 4649960
	3962  -  MemoryUsage of job (MB)
	4056228  -  ResidentSetSize of job (KB)
...
006 (005.4144.000) 05/07 03:18:03 Image size of job updated: 4649960
	3984  -  MemoryUsage of job (MB)
	4078668  -  ResidentSetSize of job (KB)
...
006 (005.4144.000) 05/07 03:18:08 Image size of job updated: 4715496
	4194  -  MemoryUsage of job (MB)
	4294620  -  ResidentSetSize of job (KB)
...
005 (005.4144.000) 05/07 03:18:14 Job terminated.
	(1) Normal termination (return value 0)
		Usr 0 00:22:51, Sys 0 00:00:03  -  Run Remote Usage
		Usr 0 00:00:00, Sys 0 00:00:00  -  Run Local Usage
		Usr 0 00:22:51, Sys 0 00:00:03  -  Total Remote Usage
		Usr 0 00:00:00, Sys 0 00:00:00  -  Total Local Usage
	0  -  Run Bytes Sent By Job
	0  -  Run Bytes Received By Job
	0  -  Total Bytes Sent By Job
	0  -  Total Bytes Received By Job
	Partitionable Resources :      Usage  Request Allocated 
	   Cpus                 :       1.00        1         1 
	   Disk (KB)            : 2000000     2000000   6275465 
	   Memory (MB)          :    4194        1954      2007 
...
