000 (205.3036.000) 05/06 03:18:47 Job submitted from host: <127.0.0.1:9618?addrs=127.0.0.1-9618&noUDP&sock=222_da1d_4>
...
033 (205.3036.000) 05/06 14:22:22 Changing job attribute JobPrio from 0 to -5
...
000 (007.3036.000) 05/07 18:59:54 Job submitted from host: <127.0.0.1:9618?addrs=127.0.0.1-9618&noUDP&sock=215_0cf3_4>
...
000 (016.3036.000) 05/08 15:57:03 Job submitted from host: <127.0.0.1:9618?addrs=127.0.0.1-9618&noUDP&sock=227_4816_4>
...
001 (016.3036.000) 05/09 14:18:09 Job executing on host: <127.0.0.1:9618?addrs=127.0.0.1-9618&noUDP&sock=227_4816_5>
...
006 (016.3036.000) 05/09 14:18:14 Image size of job updated: 2000000
	115  -  MemoryUsage of job (MB)
	117216  -  ResidentSetSize of job (KB)
...
006 (016.3036.000) 05/09 14:18:39 Image size of job updated: 2000000
	117  -  MemoryUsage of job (MB)
	119460  -  ResidentSetSize of job (KB)
...
006 (016.3036.000) 05/09 14:18:44 Image size of job updated: 2000000
	180  -  MemoryUsage of job (MB)
	183612  -  ResidentSetSize of job (KB)
...
006 (016.3036.000) 05/09 14:18:49 Image size of job updated: 2000000
	208  -  MemoryUsage of job (MB)
	212256  -  ResidentSetSize of job (KB)
...
006 (016.3036.000) 05/09 14:18:54 Image size of job updated: 2000000
	208  -  MemoryUsage of job (MB)
	212652  -  ResidentSetSize of job (KB)
...
006 (016.3036.000) 05/09 14:18:59 Image size of job updated: 2000000
	217  -  MemoryUsage of job (MB)
	221628  -  ResidentSetSize of job (KB)
...
006 (016.3036.000) 05/09 14:19:04 Image size of job updated: 2000000
	228  -  MemoryUsage of job (MB)
	233112  -  ResidentSetSize of job (KB)
...
006 (016.3036.000) 05/09 14:19:09 Image size of job updated: 2000000
	239  -  MemoryUsage of job (MB)
	244728  -  ResidentSetSize of job (KB)
...
006 (016.3036.000) 05/09 14:19:14 Image size of job updated: 2000000
	250  -  MemoryUsage of job (MB)
	255156  -  ResidentSetSize of job (KB)
...
006 (016.3036.000) 05/09 14:19:19 Image size of job updated: 2000000
	258  -  MemoryUsage of job (MB)
	263604  -  ResidentSetSize of job (KB)
...
006 (016.3036.000) 05/09 14:19:24 Image size of job updated: 2000000
	266  -  MemoryUsage of job (MB)
	271524  -  ResidentSetSize of job (KB)
...
006 (016.3036.000) 05/09 14:19:29 Image size of job updated: 2000000
	275  -  MemoryUsage of job (MB)
	280764  -  ResidentSetSize of job (KB)
...
006 (016.3036.000) 05/09 14:19:34 Image size of job updated: 2000000
	306  -  MemoryUsage of job (MB)
	312444  -  ResidentSetSize of job (KB)
...
006 (016.3036.000) 05/09 14:19:40 Image size of job updated: 2000000
	361  -  MemoryUsage of job (MB)
	369600  -  ResidentSetSize of job (KB)
...
006 (016.3036.000) 05/09 14:19:46 Image size of job updated: 2000000
	376  -  MemoryUsage of job (MB)
	384120  -  ResidentSetSize of job (KB)
...
006 (016.3036.000) 05/09 14:19:52 Image size of job updated: 2000000
	449  -  MemoryUsage of job (MB)
	458832  -  ResidentSetSize of job (KB)
...
006 (016.3036.000) 05/09 14:19:58 Image size of job updated: 2000000
	519  -  MemoryUsage of job (MB)
	530904  -  ResidentSetSize of job (KB)
...
006 (016.3036.000) 05/09 14:20:04 Image size of job updated: 2000000
	1242  -  MemoryUsage of job (MB)
	1270896  -  ResidentSetSize of job (KB)
...
006 (016.3036.000) 05/09 14:36:33 Image size of job updated: 2000000
	1565  -  MemoryUsage of job (MB)
	1601952  -  ResidentSetSize of job (KB)
...
006 (016.3036.000) 05/09 14:36:39 Image size of job updated: 2000000
	1757  -  MemoryUsage of job (MB)
	1798368  -  ResidentSetSize of job (KB)
...
006 (016.3036.000) 05/09 14:36:45 Image size of job updated: 2654952
	1958  -  MemoryUsage of job (MB)
	2004552  -  ResidentSetSize of job (KB)
...
006 (016.3036.000) 05/09 14:36:51 Image size of job updated: 2654952
	1966  -  MemoryUsage of job (MB)
	2012868  -  ResidentSetSize of job (KB)
...
006 (016.3036.000) 05/09 14:36:57 Image size of job updated: 2654952
	2043  -  MemoryUsage of job (MB)
	2091936  -  ResidentSetSize of job (KB)
...
006 (016.3036.000) 05/09 14:37:03 Image size of job updated: 2763496
	2146  -  MemoryUsage of job (MB)
	2197008  -  ResidentSetSize of job (KB)
...
006 (016.3036.000) 05/09 14:37:09 Image size of job updated: 2763496
	2213  -  MemoryUsage of job (MB)
	2265120  -  ResidentSetSize of job (KB)
...
006 (016.3036.000) 05/09 14:37:15 Image size of job updated: 2949864
	2259  -  MemoryUsage of job (MB)
	2312244  -  ResidentSetSize of job (KB)
...
006 (016.3036.000) 05/09 14:37:21 Image size of job updated: 2949864
	2293  -  MemoryUsage of job (MB)
	2347356  -  ResidentSetSize of job (KB)
...
006 (016.3036.000) 05/09 14:37:27 Image size of job updated: 2949864
	2316  -  MemoryUsage of job (MB)
	2371380  -  ResidentSetSize of job (KB)
...
006 (016.3036.000) 05/09 14:37:33 Image size of job updated: 3047144
	2338  -  MemoryUsage of job (MB)
	2393688  -  ResidentSetSize of job (KB)
...
006 (016.3036.000) 05/09 14:37:39 Image size of job updated: 3088104
	2370  -  MemoryUsage of job (MB)
	2426688  -  ResidentSetSize of job (KB)
...
006 (016.3036.000) 05/09 14:37:45 Image size of job updated: 3130088
	2402  -  MemoryUsage of job (MB)
	2459028  -  ResidentSetSize of job (KB)
...
006 (016.3036.000) 05/09 14:37:51 Image size of job updated: 3144424
	2433  -  MemoryUsage of job (MB)
	2490972  -  ResidentSetSize of job (KB)
...
006 (016.3036.000) 05/09 14:37:57 Image size of job updated: 3199720
	2465  -  MemoryUsage of job (MB)
	2523312  -  ResidentSetSize of job (KB)
...
006 (016.3036.000) 05/09 14:38:03 Image size of job updated: 3209960
	2497  -  MemoryUsage of job (MB)
	2556048  -  ResidentSetSize of job (KB)
...
006 (016.3036.000) 05/09 14:38:09 Image size of job updated: 3209960
	2529  -  MemoryUsage of job (MB)
	2589312  -  ResidentSetSize of job (KB)
...
006 (016.3036.000) 05/09 14:38:15 Image size of job updated: 3291880
	2560  -  MemoryUsage of job (MB)
	2621256  -  ResidentSetSize of job (KB)
...
006 (016.3036.000) 05/09 14:38:21 Image size of job updated: 3291880
	2592  -  MemoryUsage of job (MB)
	2654124  -  ResidentSetSize of job (KB)
...
006 (016.3036.000) 05/09 14:38:27 Image size of job updated: 3291880
	2624  -  MemoryUsage of job (MB)
	2686200  -  ResidentSetSize of job (KB)
...
006 (016.3036.000) 05/09 14:38:33 Image size of job updated: 3383016
	2656  -  MemoryUsage of job (MB)
	2718804  -  ResidentSetSize of job (KB)
...
006 (016.3036.000) 05/09 14:38:39 Image size of job updated: 3383016
	2688  -  MemoryUsage of job (MB)
	2751936  -  ResidentSetSize of job (KB)
...
006 (016.3036.000) 05/09 14:38:45 Image size of job updated: 3383016
	2719  -  MemoryUsage of job (MB)
	2784144  -  ResidentSetSize of job (KB)
...
006 (016.3036.000) 05/09 14:38:51 Image size of job updated: 3469032
	2726  -  MemoryUsage of job (MB)
	2790876  -  ResidentSetSize of job (KB)
...
006 (016.3036.000) 05/09 14:38:57 Image size of job updated: 3505896
	2726  -  MemoryUsage of job (MB)
	2790876  -  ResidentSetSize of job (KB)
...
006 (016.3036.000) 05/09 14:39:20 Image size of job updated: 3577576
	2778  -  MemoryUsage of job (MB)
	2844600  -  ResidentSetSize of job (KB)
...
006 (016.3036.000) 05/09 14:39:30 Image size of job updated: 3632872
	2831  -  MemoryUsage of job (MB)
	2898588  -  ResidentSetSize of job (KB)
...
006 (016.3036.000) 05/09 14:39:36 Image size of job updated: 3632872
	2862  -  MemoryUsage of job (MB)
	2930664  -  ResidentSetSize of job (KB)
...
006 (016.3036.000) 05/09 14:39:41 Image size of job updated: 3632872
	2889  -  MemoryUsage of job (MB)
	2957328  -  ResidentSetSize of job (KB)
...
006 (016.3036.000) 05/09 14:39:46 Image size of job updated: 3712744
	2915  -  MemoryUsage of job (MB)
	2984652  -  ResidentSetSize of job (KB)
...
006 (016.3036.000) 05/09 14:39:51 Image size of job updated: 3712744
	2945  -  MemoryUsage of job (MB)
	3015012  -  ResidentSetSize of job (KB)
...
006 (016.3036.000) 05/09 14:39:56 Image size of job updated: 3712744
	2975  -  MemoryUsage of job (MB)
	3045636  -  ResidentSetSize of job (KB)
...
006 (016.3036.000) 05/09 14:40:01 Image size of job updated: 3802856
	3008  -  MemoryUsage of job (MB)
	3079296  -  ResidentSetSize of job (KB)
...
006 (016.3036.000) 05/09 14:40:06 Image size of job updated: 3802856
	3018  -  MemoryUsage of job (MB)
	3089856  -  ResidentSetSize of job (KB)
...
006 (016.3036.000) 05/09 14:40:11 Image size of job updated: 3872488
	3023  -  MemoryUsage of job (MB)
	3094740  -  ResidentSetSize of job (KB)
...
006 (016.3036.000) 05/09 14:40:16 Image size of job updated: 3895016
	3048  -  MemoryUsage of job (MB)
	3120876  -  ResidentSetSize of job (KB)
...
006 (016.3036.000) 05/09 14:40:21 Image size of job updated: 3895016
	3074  -  MemoryUsage of job (MB)
	3147144  -  ResidentSetSize of job (KB)
...
006 (016.3036.000) 05/09 14:40:26 Image size of job updated: 3935976
	3103  -  MemoryUsage of job (MB)
	3177240  -  ResidentSetSize of job (KB)
...
006 (016.3036.000) 05/09 14:40:31 Image size of job updated: 3976936
	3129  -  MemoryUsage of job (MB)
	3203376  -  ResidentSetSize of job (KB)
...
006 (016.3036.000) 05/09 14:40:36 Image size of job updated: 4014824
	3161  -  MemoryUsage of job (MB)
	3236508  -  ResidentSetSize of job (KB)
...
006 (016.3036.000) 05/09 14:40:41 Image size of job updated: 4014824
	3188  -  MemoryUsage of job (MB)
	3264360  -  ResidentSetSize of job (KB)
...
006 (016.3036.000) 05/09 14:40:46 Image size of job updated: 4072168
	3216  -  MemoryUsage of job (MB)
	3292344  -  ResidentSetSize of job (KB)
...
006 (016.3036.000) 05/09 14:40:51 Image size of job updated: 4078312
	3244  -  MemoryUsage of job (MB)
	3320856  -  ResidentSetSize of job (KB)
...
006 (016.3036.000) 05/09 14:40:56 Image size of job updated: 4078312
	3271  -  MemoryUsage of job (MB)
	3349500  -  ResidentSetSize of job (KB)
...
006 (016.3036.000) 05/09 14:41:01 Image size of job updated: 4157160
	3299  -  MemoryUsage of job (MB)
	3377748  -  ResidentSetSize of job (KB)
...
006 (016.3036.000) 05/09 14:41:06 Image size of job updated: 4159208
	3327  -  MemoryUsage of job (MB)
	3406260  -  ResidentSetSize of job (KB)
...
006 (016.3036.000) 05/09 14:41:11 Image size of job updated: 4196072
	3354  -  MemoryUsage of job (MB)
	3434376  -  ResidentSetSize of job (KB)
...
006 (016.3036.000) 05/09 14:41:16 Image size of job updated: 4243176
	3383  -  MemoryUsage of job (MB)
	3463680  -  ResidentSetSize of job (KB)
...
006 (016.3036.000) 05/09 14:41:21 Image size of job updated: 4243176
	3411  -  MemoryUsage of job (MB)
	3492060  -  ResidentSetSize of job (KB)
...
006 (016.3036.000) 05/09 14:41:26 Image size of job updated: 4243176
	3438  -  MemoryUsage of job (MB)
	3519912  -  ResidentSetSize of job (KB)
...
006 (016.3036.000) 05/09 14:41:31 Image size of job updated: 4243176
	3466  -  MemoryUsage of job (MB)
	3548292  -  ResidentSetSize of job (KB)
...
006 (016.3036.000) 05/09 14:41:36 Image size of job updated: 4340456
	3493  -  MemoryUsage of job (MB)
	3576672  -  ResidentSetSize of job (KB)
...
006 (016.3036.000) 05/09 14:41:41 Image size of job updated: 4340456
	3521  -  MemoryUsage of job (MB)
	3604788  -  ResidentSetSize of job (KB)
...
006 (016.3036.000) 05/09 14:41:46 Image size of job updated: 4340456
	3548  -  MemoryUsage of job (MB)
	3632904  -  ResidentSetSize of job (KB)
...
006 (016.3036.000) 05/09 14:41:51 Image size of job updated: 4424424
	3576  -  MemoryUsage of job (MB)
	3661152  -  ResidentSetSize of job (KB)
...
006 (016.3036.000) 05/09 14:41:56 Image size of job updated: 4424424
	3603  -  MemoryUsage of job (MB)
	3689268  -  ResidentSetSize of job (KB)
...
006 (016.3036.000) 05/09 14:42:01 Image size of job updated: 4424424
	3631  -  MemoryUsage of job (MB)
	3717516  -  ResidentSetSize of job (KB)
...
006 (016.3036.000) 05/09 14:42:06 Image size of job updated: 4526824
	3659  -  MemoryUsage of job (MB)
	3746688  -  ResidentSetSize of job (KB)
...
006 (016.3036.000) 05/09 14:42:11 Image size of job updated: 4560616
	3687  -  MemoryUsage of job (MB)
	3775200  -  ResidentSetSize of job (KB)
...
006 (016.3036.000) 05/09 14:42:16 Image size of job updated: 4584168
	3715  -  MemoryUsage of job (MB)
	3804108  -  ResidentSetSize of job (KB)
...
006 (016.3036.000) 05/09 14:42:21 Image size of job updated: 4600552
	3743  -  MemoryUsage of job (MB)
	3831960  -  ResidentSetSize of job (KB)
...
006 (016.3036.000) 05/09 14:42:26 Image size of job updated: 4600552
	3770  -  MemoryUsage of job (MB)
	3860076  -  ResidentSetSize of job (KB)
...
006 (016.3036.000) 05/09 14:42:31 Image size of job updated: 4600552
	3797  -  MemoryUsage of job (MB)
	3887664  -  ResidentSetSize of job (KB)
...
006 (016.3036.000) 05/09 14:42:36 Image size of job updated: 4683496
	3825  -  MemoryUsage of job (MB)
	3916044  -  ResidentSetSize of job (KB)
...
006 (016.3036.000) 05/09 14:42:41 Image size of job updated: 4683496
	3853  -  MemoryUsage of job (MB)
	3944556  -  ResidentSetSize of job (KB)
...
006 (016.3036.000) 05/09 14:42:47 Image size of job updated: 4683496
	3885  -  MemoryUsage of job (MB)
	3977952  -  ResidentSetSize of job (KB)
...
006 (016.3036.000) 05/09 14:42:53 Image size of job updated: 4768488
	3918  -  MemoryUsage of job (MB)
	4011876  -  ResidentSetSize of job (KB)
...
006 (016.3036.000) 05/09 14:42:59 Image size of job updated: 4768488
	3951  -  MemoryUsage of job (MB)
	4045800  -  ResidentSetSize of job (KB)
...
006 (016.3036.000) 05/09 14:43:05 Image size of job updated: 4851432
	3982  -  MemoryUsage of job (MB)
	4077480  -  ResidentSetSize of job (KB)
...
006 (016.3036.000) 05/09 14:43:11 Image size of job updated: 4851432
	4167  -  MemoryUsage of job (MB)
	4266240  -  ResidentSetSize of job (KB)
...
006 (016.3036.000) 05/09 14:43:17 Image size of job updated: 4851432
	4197  -  MemoryUsage of job (MB)
	4297128  -  ResidentSetSize of job (KB)
...
006 (016.3036.000) 05/09 14:43:20 Image size of job updated: 5043432
	4197  -  MemoryUsage of job (MB)
	4297128  -  ResidentSetSize of job (KB)
...
005 (016.3036.000) 05/09 14:43:20 Job terminated.
	(1) Normal termination (return value 0)
		Usr 0 00:24:20, Sys 0 00:00:09  -  Run Remote Usage
		Usr 0 00:00:00, Sys 0 00:00:00  -  Run Local Usage
		Usr 0 00:24:20, Sys 0 00:00:09  -  Total Remote Usage
		Usr 0 00:00:00, Sys 0 00:00:00  -  Total Local Usage
	0  -  Run Bytes Sent By Job
	0  -  Run Bytes Received By Job
	0  -  Total Bytes Sent By Job
	0  -  Total Bytes Received By Job
	Partitionable Resources :      Usage  Request Allocated 
	   Cpus                 :       0.87        1         1 
	   Disk (KB)            : 2000000     2000000   6275465 
	   Memory (MB)          :    4197        1954      2007 
...
