000 (023.3848.000) 04/27 18:19:43 Job submitted from host: <127.0.0.1:9618?addrs=127.0.0.1-9618&noUDP&sock=222_da1d_4>
...
001 (023.3848.000) 04/27 21:13:39 Job executing on host: <127.0.0.1:9618?addrs=127.0.0.1-9618&noUDP&sock=222_da1d_5>
...
006 (023.3848.000) 04/27 21:13:45 Image size of job updated: 383592
	375  -  MemoryUsage of job (MB)
	383592  -  ResidentSetSize of job (KB)
...
006 (023.3848.000) 04/27 21:13:51 Image size of job updated: 595876
	570  -  MemoryUsage of job (MB)
	583572  -  ResidentSetSize of job (KB)
...
006 (023.3848.000) 04/27 21:13:57 Image size of job updated: 598636
	570  -  MemoryUsage of job (MB)
	583572  -  ResidentSetSize of job (KB)
...
005 (023.3848.000) 04/27 21:16:10 Job terminated.
	(1) Normal termination (return value 0)
		Usr 0 00:02:28, Sys 0 00:00:00  -  Run Remote Usage
		Usr 0 00:00:00, Sys 0 00:00:00  -  Run Local Usage
		Usr 0 00:02:28, Sys 0 00:00:00  -  Total Remote Usage
		Usr 0 00:00:00, Sys 0 00:00:00  -  Total Local Usage
	0  -  Run Bytes Sent By Job
	0  -  Run Bytes Received By Job
	0  -  Total Bytes Sent By Job
	0  -  Total Bytes Received By Job
	Partitionable Resources :    Usage  Request Allocated 
	   Cpus                 :     1.00        1         1 
	   Disk (KB)            :     1           1   6540465 
	   Memory (MB)          :   570           1      2007 
...
