000 (005.1135.000) 05/05 20:22:01 Job submitted from host: <127.0.0.1:9618?addrs=127.0.0.1-9618&noUDP&sock=227_4816_4>
...
001 (005.1135.000) 05/06 03:38:25 Job executing on host: <127.0.0.1:9618?addrs=127.0.0.1-9618&noUDP&sock=227_4816_5>
...
006 (005.1135.000) 05/06 03:38:31 Image size of job updated: 2000000
	101  -  MemoryUsage of job (MB)
	103092  -  ResidentSetSize of job (KB)
...
006 (005.1135.000) 05/06 03:39:01 Image size of job updated: 2000000
	122  -  MemoryUsage of job (MB)
	124212  -  ResidentSetSize of job (KB)
...
006 (005.1135.000) 05/06 03:39:07 Image size of job updated: 2000000
	184  -  MemoryUsage of job (MB)
	187968  -  ResidentSetSize of job (KB)
...
006 (005.1135.000) 05/06 03:39:14 Image size of job updated: 2000000
	185  -  MemoryUsage of job (MB)
	188496  -  ResidentSetSize of job (KB)
...
006 (005.1135.000) 05/06 03:39:19 Image size of job updated: 2000000
	193  -  MemoryUsage of job (MB)
	197472  -  ResidentSetSize of job (KB)
...
006 (005.1135.000) 05/06 03:39:24 Image size of job updated: 2000000
	205  -  MemoryUsage of job (MB)
	209088  -  ResidentSetSize of job (KB)
...
006 (005.1135.000) 05/06 03:39:29 Image size of job updated: 2000000
	214  -  MemoryUsage of job (MB)
	218196  -  ResidentSetSize of job (KB)
...
006 (005.1135.000) 05/06 03:39:34 Image size of job updated: 2000000
	225  -  MemoryUsage of job (MB)
	229680  -  ResidentSetSize of job (KB)
...
006 (005.1135.000) 05/06 03:39:39 Image size of job updated: 2000000
	233  -  MemoryUsage of job (MB)
	238524  -  ResidentSetSize of job (KB)
...
006 (005.1135.000) 05/06 03:39:44 Image size of job updated: 2000000
	241  -  MemoryUsage of job (MB)
	246312  -  ResidentSetSize of job (KB)
...
006 (005.1135.000) 05/06 03:39:49 Image size of job updated: 2000000
	281  -  MemoryUsage of job (MB)
	287364  -  ResidentSetSize of job (KB)
...
006 (005.1135.000) 05/06 03:39:54 Image size of job updated: 2000000
	315  -  MemoryUsage of job (MB)
	322476  -  ResidentSetSize of job (KB)
...
006 (005.1135.000) 05/06 03:39:59 Image size of job updated: 2000000
	329  -  MemoryUsage of job (MB)
	336072  -  ResidentSetSize of job (KB)
...
006 (005.1135.000) 05/06 03:40:04 Image size of job updated: 2000000
	395  -  MemoryUsage of job (MB)
	404316  -  ResidentSetSize of job (KB)
...
006 (005.1135.000) 05/06 03:40:09 Image size of job updated: 2000000
	454  -  MemoryUsage of job (MB)
	464376  -  ResidentSetSize of job (KB)
...
006 (005.1135.000) 05/06 03:40:14 Image size of job updated: 2000000
	1171  -  MemoryUsage of job (MB)
	1198164  -  ResidentSetSize of job (KB)
...
006 (005.1135.000) 05/06 03:55:35 Image size of job updated: 2000000
	1173  -  MemoryUsage of job (MB)
	1200144  -  ResidentSetSize of job (KB)
...
006 (005.1135.000) 05/06 03:55:41 Image size of job updated: 2000000
	1250  -  MemoryUsage of job (MB)
	1279608  -  ResidentSetSize of job (KB)
...
006 (005.1135.000) 05/06 03:55:47 Image size of job updated: 2201480
	1622  -  MemoryUsage of job (MB)
	1660032  -  ResidentSetSize of job (KB)
...
006 (005.1135.000) 05/06 03:55:53 Image size of job updated: 2270664
	1692  -  MemoryUsage of job (MB)
	1731972  -  ResidentSetSize of job (KB)
...
006 (005.1135.000) 05/06 03:55:59 Image size of job updated: 2270664
	1885  -  MemoryUsage of job (MB)
	1929312  -  ResidentSetSize of job (KB)
...
006 (005.1135.000) 05/06 03:56:05 Image size of job updated: 2561000
	1892  -  MemoryUsage of job (MB)
	1937100  -  ResidentSetSize of job (KB)
...
006 (005.1135.000) 05/06 03:56:11 Image size of job updated: 2561000
	1904  -  MemoryUsage of job (MB)
	1949112  -  ResidentSetSize of job (KB)
...
006 (005.1135.000) 05/06 03:56:17 Image size of job updated: 2584552
	1911  -  MemoryUsage of job (MB)
	1956372  -  ResidentSetSize of job (KB)
...
006 (005.1135.000) 05/06 03:56:23 Image size of job updated: 2584552
	1918  -  MemoryUsage of job (MB)
	1963368  -  ResidentSetSize of job (KB)
...
006 (005.1135.000) 05/06 03:56:29 Image size of job updated: 2584552
	1925  -  MemoryUsage of job (MB)
	1970892  -  ResidentSetSize of job (KB)
...
006 (005.1135.000) 05/06 03:56:35 Image size of job updated: 2604008
	1929  -  MemoryUsage of job (MB)
	1975248  -  ResidentSetSize of job (KB)
...
006 (005.1135.000) 05/06 03:56:41 Image size of job updated: 2604008
	1933  -  MemoryUsage of job (MB)
	1979208  -  ResidentSetSize of job (KB)
...
006 (005.1135.000) 05/06 03:56:47 Image size of job updated: 2613224
	1937  -  MemoryUsage of job (MB)
	1982640  -  ResidentSetSize of job (KB)
...
006 (005.1135.000) 05/06 03:56:53 Image size of job updated: 2618344
	1942  -  MemoryUsage of job (MB)
	1987920  -  ResidentSetSize of job (KB)
...
006 (005.1135.000) 05/06 03:56:59 Image size of job updated: 2623464
	1948  -  MemoryUsage of job (MB)
	1994256  -  ResidentSetSize of job (KB)
...
006 (005.1135.000) 05/06 03:57:05 Image size of job updated: 2630632
	1955  -  MemoryUsage of job (MB)
	2000988  -  ResidentSetSize of job (KB)
...
006 (005.1135.000) 05/06 03:57:11 Image size of job updated: 2630632
	1959  -  MemoryUsage of job (MB)
	2005476  -  ResidentSetSize of job (KB)
...
006 (005.1135.000) 05/06 03:57:17 Image size of job updated: 2630632
	1964  -  MemoryUsage of job (MB)
	2010360  -  ResidentSetSize of job (KB)
...
006 (005.1135.000) 05/06 03:57:23 Image size of job updated: 2641896
	1966  -  MemoryUsage of job (MB)
	2012472  -  ResidentSetSize of job (KB)
...
006 (005.1135.000) 05/06 03:57:29 Image size of job updated: 2641896
	1970  -  MemoryUsage of job (MB)
	2017224  -  ResidentSetSize of job (KB)
...
006 (005.1135.000) 05/06 03:57:35 Image size of job updated: 2652136
	1976  -  MemoryUsage of job (MB)
	2022504  -  ResidentSetSize of job (KB)
...
006 (005.1135.000) 05/06 03:57:41 Image size of job updated: 2652136
	1982  -  MemoryUsage of job (MB)
	2028840  -  ResidentSetSize of job (KB)
...
006 (005.1135.000) 05/06 03:57:47 Image size of job updated: 2652136
	1985  -  MemoryUsage of job (MB)
	2032272  -  ResidentSetSize of job (KB)
...
006 (005.1135.000) 05/06 03:57:53 Image size of job updated: 2664424
	1989  -  MemoryUsage of job (MB)
	2035836  -  ResidentSetSize of job (KB)
...
006 (005.1135.000) 05/06 03:57:59 Image size of job updated: 2664424
	1993  -  MemoryUsage of job (MB)
	2040456  -  ResidentSetSize of job (KB)
...
006 (005.1135.000) 05/06 03:58:05 Image size of job updated: 2672616
	1997  -  MemoryUsage of job (MB)
	2044548  -  ResidentSetSize of job (KB)
...
006 (005.1135.000) 05/06 03:58:11 Image size of job updated: 2675688
	2002  -  MemoryUsage of job (MB)
	2049432  -  ResidentSetSize of job (KB)
...
006 (005.1135.000) 05/06 03:58:17 Image size of job updated: 2675688
	2005  -  MemoryUsage of job (MB)
	2052468  -  ResidentSetSize of job (KB)
...
006 (005.1135.000) 05/06 03:58:23 Image size of job updated: 2684904
	2011  -  MemoryUsage of job (MB)
	2058804  -  ResidentSetSize of job (KB)
...
006 (005.1135.000) 05/06 03:58:29 Image size of job updated: 2692072
	2016  -  MemoryUsage of job (MB)
	2063820  -  ResidentSetSize of job (KB)
...
006 (005.1135.000) 05/06 03:58:35 Image size of job updated: 2700264
	2021  -  MemoryUsage of job (MB)
	2068968  -  ResidentSetSize of job (KB)
...
006 (005.1135.000) 05/06 03:58:41 Image size of job updated: 2700264
	2025  -  MemoryUsage of job (MB)
	2073192  -  ResidentSetSize of job (KB)
...
006 (005.1135.000) 05/06 03:58:47 Image size of job updated: 2700264
	2029  -  MemoryUsage of job (MB)
	2077284  -  ResidentSetSize of job (KB)
...
006 (005.1135.000) 05/06 03:58:53 Image size of job updated: 2700264
	2033  -  MemoryUsage of job (MB)
	2081376  -  ResidentSetSize of job (KB)
...
006 (005.1135.000) 05/06 03:58:59 Image size of job updated: 2712552
	2036  -  MemoryUsage of job (MB)
	2084016  -  ResidentSetSize of job (KB)
...
006 (005.1135.000) 05/06 03:59:05 Image size of job updated: 2712552
	2040  -  MemoryUsage of job (MB)
	2088108  -  ResidentSetSize of job (KB)
...
006 (005.1135.000) 05/06 03:59:11 Image size of job updated: 2720744
	2043  -  MemoryUsage of job (MB)
	2091408  -  ResidentSetSize of job (KB)
...
006 (005.1135.000) 05/06 03:59:17 Image size of job updated: 2720744
	2049  -  MemoryUsage of job (MB)
	2097612  -  ResidentSetSize of job (KB)
...
006 (005.1135.000) 05/06 03:59:23 Image size of job updated: 2720744
	2053  -  MemoryUsage of job (MB)
	2101704  -  ResidentSetSize of job (KB)
...
006 (005.1135.000) 05/06 03:59:29 Image size of job updated: 2733032
	2057  -  MemoryUsage of job (MB)
	2105532  -  ResidentSetSize of job (KB)
...
006 (005.1135.000) 05/06 03:59:35 Image size of job updated: 2733032
	2060  -  MemoryUsage of job (MB)
	2109360  -  ResidentSetSize of job (KB)
...
006 (005.1135.000) 05/06 03:59:41 Image size of job updated: 2742248
	2064  -  MemoryUsage of job (MB)
	2112924  -  ResidentSetSize of job (KB)
...
006 (005.1135.000) 05/06 03:59:47 Image size of job updated: 2742248
	2069  -  MemoryUsage of job (MB)
	2117676  -  ResidentSetSize of job (KB)
...
006 (005.1135.000) 05/06 03:59:54 Image size of job updated: 2742248
	2073  -  MemoryUsage of job (MB)
	2122560  -  ResidentSetSize of job (KB)
...
006 (005.1135.000) 05/06 03:59:59 Image size of job updated: 2753512
	2076  -  MemoryUsage of job (MB)
	2125068  -  ResidentSetSize of job (KB)
...
006 (005.1135.000) 05/06 04:00:04 Image size of job updated: 2753512
	2078  -  MemoryUsage of job (MB)
	2127576  -  ResidentSetSize of job (KB)
...
006 (005.1135.000) 05/06 04:00:09 Image size of job updated: 2760680
	2080  -  MemoryUsage of job (MB)
	2129688  -  ResidentSetSize of job (KB)
...
006 (005.1135.000) 05/06 04:00:14 Image size of job updated: 2763752
	2083  -  MemoryUsage of job (MB)
	2132988  -  ResidentSetSize of job (KB)
...
006 (005.1135.000) 05/06 04:00:19 Image size of job updated: 2763752
	2086  -  MemoryUsage of job (MB)
	2136024  -  ResidentSetSize of job (KB)
...
006 (005.1135.000) 05/06 04:00:24 Image size of job updated: 2763752
	2088  -  MemoryUsage of job (MB)
	2138004  -  ResidentSetSize of job (KB)
...
006 (005.1135.000) 05/06 04:00:29 Image size of job updated: 2771944
	2092  -  MemoryUsage of job (MB)
	2141700  -  ResidentSetSize of job (KB)
...
006 (005.1135.000) 05/06 04:00:34 Image size of job updated: 2771944
	2097  -  MemoryUsage of job (MB)
	2146452  -  ResidentSetSize of job (KB)
...
006 (005.1135.000) 05/06 04:00:39 Image size of job updated: 2777064
	2100  -  MemoryUsage of job (MB)
	2150148  -  ResidentSetSize of job (KB)
...
006 (005.1135.000) 05/06 04:00:44 Image size of job updated: 2782184
	2102  -  MemoryUsage of job (MB)
	2152128  -  ResidentSetSize of job (KB)
...
006 (005.1135.000) 05/06 04:00:49 Image size of job updated: 2782184
	2105  -  MemoryUsage of job (MB)
	2154900  -  ResidentSetSize of job (KB)
...
006 (005.1135.000) 05/06 04:00:54 Image size of job updated: 2782184
	2108  -  MemoryUsage of job (MB)
	2158464  -  ResidentSetSize of job (KB)
...
006 (005.1135.000) 05/06 04:00:59 Image size of job updated: 2791400
	2112  -  MemoryUsage of job (MB)
	2162556  -  ResidentSetSize of job (KB)
...
006 (005.1135.000) 05/06 04:01:04 Image size of job updated: 2791400
	2116  -  MemoryUsage of job (MB)
	2166252  -  ResidentSetSize of job (KB)
...
006 (005.1135.000) 05/06 04:01:09 Image size of job updated: 2791400
	2119  -  MemoryUsage of job (MB)
	2169816  -  ResidentSetSize of job (KB)
...
006 (005.1135.000) 05/06 04:01:14 Image size of job updated: 2800616
	2122  -  MemoryUsage of job (MB)
	2172456  -  ResidentSetSize of job (KB)
...
006 (005.1135.000) 05/06 04:01:19 Image size of job updated: 2800616
	2123  -  MemoryUsage of job (MB)
	2173908  -  ResidentSetSize of job (KB)
...
006 (005.1135.000) 05/06 04:01:24 Image size of job updated: 2805736
	2126  -  MemoryUsage of job (MB)
	2176152  -  ResidentSetSize of job (KB)
...
006 (005.1135.000) 05/06 04:01:29 Image size of job updated: 2810856
	2129  -  MemoryUsage of job (MB)
	2179716  -  ResidentSetSize of job (KB)
...
006 (005.1135.000) 05/06 04:01:34 Image size of job updated: 2810856
	2132  -  MemoryUsage of job (MB)
	2182884  -  ResidentSetSize of job (KB)
...
006 (005.1135.000) 05/06 04:01:39 Image size of job updated: 2810856
	2136  -  MemoryUsage of job (MB)
	2186712  -  ResidentSetSize of job (KB)
...
006 (005.1135.000) 05/06 04:01:44 Image size of job updated: 2818024
	2137  -  MemoryUsage of job (MB)
	2188164  -  ResidentSetSize of job (KB)
...
006 (005.1135.000) 05/06 04:01:49 Image size of job updated: 2818024
	2139  -  MemoryUsage of job (MB)
	2190012  -  ResidentSetSize of job (KB)
...
006 (005.1135.000) 05/06 04:01:54 Image size of job updated: 2818024
	2144  -  MemoryUsage of job (MB)
	2194764  -  ResidentSetSize of job (KB)
...
006 (005.1135.000) 05/06 04:01:59 Image size of job updated: 2829288
	2148  -  MemoryUsage of job (MB)
	2198856  -  ResidentSetSize of job (KB)
...
006 (005.1135.000) 05/06 04:02:04 Image size of job updated: 2829288
	2152  -  MemoryUsage of job (MB)
	2203080  -  ResidentSetSize of job (KB)
...
006 (005.1135.000) 05/06 04:02:09 Image size of job updated: 2835432
	2154  -  MemoryUsage of job (MB)
	2204928  -  ResidentSetSize of job (KB)
...
006 (005.1135.000) 05/06 04:02:14 Image size of job updated: 2990056
	2347  -  MemoryUsage of job (MB)
	2403060  -  ResidentSetSize of job (KB)
...
006 (005.1135.000) 05/06 04:02:19 Image size of job updated: 3048936
	2363  -  MemoryUsage of job (MB)
	2418900  -  ResidentSetSize of job (KB)
...
005 (005.1135.000) 05/06 04:02:21 Job terminated.
	(1) Normal termination (return value 0)
		Usr 0 00:23:22, Sys 0 00:00:02  -  Run Remote Usage
		Usr 0 00:00:00, Sys 0 00:00:00  -  Run Local Usage
		Usr 0 00:23:22, Sys 0 00:00:02  -  Total Remote Usage
		Usr 0 00:00:00, Sys 0 00:00:00  -  Total Local Usage
	0  -  Run Bytes Sent By Job
	0  -  Run Bytes Received By Job
	0  -  Total Bytes Sent By Job
	0  -  Total Bytes Received By Job
	Partitionable Resources :      Usage  Request Allocated 
	   Cpus                 :       1.00        1         1 
	   Disk (KB)            : 2000000     2000000   6275465 
	   Memory (MB)          :    2363        1954      2007 
...
