000 (205.10372.000) 05/06 03:22:44 Job submitted from host: <127.0.0.1:9618?addrs=127.0.0.1-9618&noUDP&sock=222_da1d_4>
...
033 (205.10372.000) 05/06 14:24:38 Changing job attribute JobPrio from 0 to -5
...
000 (007.10372.000) 05/07 19:01:20 Job submitted from host: <127.0.0.1:9618?addrs=127.0.0.1-9618&noUDP&sock=215_0cf3_4>
...
000 (016.10372.000) 05/08 15:58:22 Job submitted from host: <127.0.0.1:9618?addrs=127.0.0.1-9618&noUDP&sock=227_4816_4>
...
009 (016.10372.000) 05/09 16:56:50 Job was aborted by the user.
	via condor_rm (by user aw868)
...
000 (014.3211.000) 05/09 17:31:52 Job submitted from host: <127.0.0.1:9618?addrs=127.0.0.1-9618&noUDP&sock=212_fe2a_4>
...
033 (014.3211.000) 05/09 17:33:36 Changing job attribute JobPrio from 0 to -10
...
033 (014.3211.000) 05/09 21:36:00 Changing job attribute JobPrio from -10 to -15
...
001 (014.3211.000) 05/11 02:41:35 Job executing on host: <127.0.0.1:9618?addrs=127.0.0.1-9618&noUDP&sock=212_fe2a_5>
...
006 (014.3211.000) 05/11 02:41:41 Image size of job updated: 2000000
	115  -  MemoryUsage of job (MB)
	117216  -  ResidentSetSize of job (KB)
...
006 (014.3211.000) 05/11 02:42:05 Image size of job updated: 2000000
	161  -  MemoryUsage of job (MB)
	164208  -  ResidentSetSize of job (KB)
...
006 (014.3211.000) 05/11 02:42:19 Image size of job updated: 2000000
	211  -  MemoryUsage of job (MB)
	215424  -  ResidentSetSize of job (KB)
...
006 (014.3211.000) 05/11 02:42:41 Image size of job updated: 2000000
	235  -  MemoryUsage of job (MB)
	240504  -  ResidentSetSize of job (KB)
...
006 (014.3211.000) 05/11 02:42:59 Image size of job updated: 2000000
	264  -  MemoryUsage of job (MB)
	270072  -  ResidentSetSize of job (KB)
...
006 (014.3211.000) 05/11 02:43:10 Image size of job updated: 2000000
	291  -  MemoryUsage of job (MB)
	297396  -  ResidentSetSize of job (KB)
...
006 (014.3211.000) 05/11 02:43:16 Image size of job updated: 2000000
	339  -  MemoryUsage of job (MB)
	346632  -  ResidentSetSize of job (KB)
...
006 (014.3211.000) 05/11 02:43:21 Image size of job updated: 2000000
	376  -  MemoryUsage of job (MB)
	384912  -  ResidentSetSize of job (KB)
...
006 (014.3211.000) 05/11 02:43:26 Image size of job updated: 2000000
	379  -  MemoryUsage of job (MB)
	387816  -  ResidentSetSize of job (KB)
...
006 (014.3211.000) 05/11 02:43:31 Image size of job updated: 2000000
	426  -  MemoryUsage of job (MB)
	435864  -  ResidentSetSize of job (KB)
...
006 (014.3211.000) 05/11 02:43:36 Image size of job updated: 2000000
	480  -  MemoryUsage of job (MB)
	491304  -  ResidentSetSize of job (KB)
...
006 (014.3211.000) 05/11 02:43:41 Image size of job updated: 2000000
	526  -  MemoryUsage of job (MB)
	538164  -  ResidentSetSize of job (KB)
...
006 (014.3211.000) 05/11 02:43:46 Image size of job updated: 2000000
	1242  -  MemoryUsage of job (MB)
	1271688  -  ResidentSetSize of job (KB)
...
006 (014.3211.000) 05/11 03:01:33 Image size of job updated: 2303312
	1551  -  MemoryUsage of job (MB)
	1588092  -  ResidentSetSize of job (KB)
...
006 (014.3211.000) 05/11 03:01:40 Image size of job updated: 2303312
	1755  -  MemoryUsage of job (MB)
	1796916  -  ResidentSetSize of job (KB)
...
006 (014.3211.000) 05/11 03:01:45 Image size of job updated: 2654448
	1949  -  MemoryUsage of job (MB)
	1995576  -  ResidentSetSize of job (KB)
...
006 (014.3211.000) 05/11 03:01:50 Image size of job updated: 2699504
	2057  -  MemoryUsage of job (MB)
	2106192  -  ResidentSetSize of job (KB)
...
006 (014.3211.000) 05/11 03:01:55 Image size of job updated: 2781424
	2141  -  MemoryUsage of job (MB)
	2192256  -  ResidentSetSize of job (KB)
...
006 (014.3211.000) 05/11 03:02:00 Image size of job updated: 2937072
	2226  -  MemoryUsage of job (MB)
	2278980  -  ResidentSetSize of job (KB)
...
006 (014.3211.000) 05/11 03:02:05 Image size of job updated: 2937072
	2308  -  MemoryUsage of job (MB)
	2362932  -  ResidentSetSize of job (KB)
...
006 (014.3211.000) 05/11 03:02:10 Image size of job updated: 2937072
	2387  -  MemoryUsage of job (MB)
	2444112  -  ResidentSetSize of job (KB)
...
006 (014.3211.000) 05/11 03:02:15 Image size of job updated: 3181808
	2465  -  MemoryUsage of job (MB)
	2523972  -  ResidentSetSize of job (KB)
...
006 (014.3211.000) 05/11 03:02:20 Image size of job updated: 3181808
	2542  -  MemoryUsage of job (MB)
	2602776  -  ResidentSetSize of job (KB)
...
006 (014.3211.000) 05/11 03:02:26 Image size of job updated: 3181808
	2637  -  MemoryUsage of job (MB)
	2699400  -  ResidentSetSize of job (KB)
...
006 (014.3211.000) 05/11 03:02:32 Image size of job updated: 3417328
	2731  -  MemoryUsage of job (MB)
	2796420  -  ResidentSetSize of job (KB)
...
006 (014.3211.000) 05/11 03:02:38 Image size of job updated: 3529968
	2826  -  MemoryUsage of job (MB)
	2893308  -  ResidentSetSize of job (KB)
...
006 (014.3211.000) 05/11 03:02:44 Image size of job updated: 3529968
	2919  -  MemoryUsage of job (MB)
	2988084  -  ResidentSetSize of job (KB)
...
006 (014.3211.000) 05/11 03:02:50 Image size of job updated: 3671280
	3013  -  MemoryUsage of job (MB)
	3085104  -  ResidentSetSize of job (KB)
...
006 (014.3211.000) 05/11 03:02:56 Image size of job updated: 3671280
	3107  -  MemoryUsage of job (MB)
	3181200  -  ResidentSetSize of job (KB)
...
006 (014.3211.000) 05/11 03:03:02 Image size of job updated: 3932400
	3202  -  MemoryUsage of job (MB)
	3278748  -  ResidentSetSize of job (KB)
...
006 (014.3211.000) 05/11 03:03:08 Image size of job updated: 3932400
	3298  -  MemoryUsage of job (MB)
	3376560  -  ResidentSetSize of job (KB)
...
006 (014.3211.000) 05/11 03:03:14 Image size of job updated: 3932400
	3394  -  MemoryUsage of job (MB)
	3474900  -  ResidentSetSize of job (KB)
...
006 (014.3211.000) 05/11 03:03:20 Image size of job updated: 4158704
	3502  -  MemoryUsage of job (MB)
	3585912  -  ResidentSetSize of job (KB)
...
006 (014.3211.000) 05/11 03:03:26 Image size of job updated: 4158704
	3613  -  MemoryUsage of job (MB)
	3698904  -  ResidentSetSize of job (KB)
...
006 (014.3211.000) 05/11 03:03:32 Image size of job updated: 4430064
	3686  -  MemoryUsage of job (MB)
	3774144  -  ResidentSetSize of job (KB)
...
006 (014.3211.000) 05/11 03:03:38 Image size of job updated: 4430064
	3708  -  MemoryUsage of job (MB)
	3796848  -  ResidentSetSize of job (KB)
...
006 (014.3211.000) 05/11 03:03:44 Image size of job updated: 4473072
	3741  -  MemoryUsage of job (MB)
	3829848  -  ResidentSetSize of job (KB)
...
006 (014.3211.000) 05/11 03:03:50 Image size of job updated: 4559088
	3827  -  MemoryUsage of job (MB)
	3918552  -  ResidentSetSize of job (KB)
...
006 (014.3211.000) 05/11 03:03:56 Image size of job updated: 4675824
	3914  -  MemoryUsage of job (MB)
	4006992  -  ResidentSetSize of job (KB)
...
006 (014.3211.000) 05/11 03:04:02 Image size of job updated: 4675824
	4001  -  MemoryUsage of job (MB)
	4097016  -  ResidentSetSize of job (KB)
...
006 (014.3211.000) 05/11 03:04:08 Image size of job updated: 4783344
	4090  -  MemoryUsage of job (MB)
	4187568  -  ResidentSetSize of job (KB)
...
006 (014.3211.000) 05/11 03:04:14 Image size of job updated: 4783344
	4180  -  MemoryUsage of job (MB)
	4279704  -  ResidentSetSize of job (KB)
...
006 (014.3211.000) 05/11 03:04:20 Image size of job updated: 5023984
	4252  -  MemoryUsage of job (MB)
	4353756  -  ResidentSetSize of job (KB)
...
006 (014.3211.000) 05/11 03:04:26 Image size of job updated: 5047536
	4340  -  MemoryUsage of job (MB)
	4443912  -  ResidentSetSize of job (KB)
...
006 (014.3211.000) 05/11 03:04:32 Image size of job updated: 5163248
	4427  -  MemoryUsage of job (MB)
	4532748  -  ResidentSetSize of job (KB)
...
006 (014.3211.000) 05/11 03:04:38 Image size of job updated: 5239024
	4513  -  MemoryUsage of job (MB)
	4620792  -  ResidentSetSize of job (KB)
...
006 (014.3211.000) 05/11 03:04:44 Image size of job updated: 5239024
	4599  -  MemoryUsage of job (MB)
	4708704  -  ResidentSetSize of job (KB)
...
006 (014.3211.000) 05/11 03:04:50 Image size of job updated: 5459184
	4678  -  MemoryUsage of job (MB)
	4789884  -  ResidentSetSize of job (KB)
...
006 (014.3211.000) 05/11 03:04:56 Image size of job updated: 5459184
	4729  -  MemoryUsage of job (MB)
	4841892  -  ResidentSetSize of job (KB)
...
006 (014.3211.000) 05/11 03:05:02 Image size of job updated: 5595376
	4763  -  MemoryUsage of job (MB)
	4877136  -  ResidentSetSize of job (KB)
...
006 (014.3211.000) 05/11 03:05:08 Image size of job updated: 5642480
	4852  -  MemoryUsage of job (MB)
	4967556  -  ResidentSetSize of job (KB)
...
006 (014.3211.000) 05/11 03:05:14 Image size of job updated: 5790960
	4938  -  MemoryUsage of job (MB)
	5056392  -  ResidentSetSize of job (KB)
...
006 (014.3211.000) 05/11 03:05:20 Image size of job updated: 5880048
	5045  -  MemoryUsage of job (MB)
	5165424  -  ResidentSetSize of job (KB)
...
006 (014.3211.000) 05/11 03:05:26 Image size of job updated: 5880048
	5162  -  MemoryUsage of job (MB)
	5285148  -  ResidentSetSize of job (KB)
...
006 (014.3211.000) 05/11 03:05:32 Image size of job updated: 5880048
	5273  -  MemoryUsage of job (MB)
	5399196  -  ResidentSetSize of job (KB)
...
006 (014.3211.000) 05/11 03:05:38 Image size of job updated: 6232304
	5374  -  MemoryUsage of job (MB)
	5502420  -  ResidentSetSize of job (KB)
...
006 (014.3211.000) 05/11 03:05:44 Image size of job updated: 6269168
	5497  -  MemoryUsage of job (MB)
	5628480  -  ResidentSetSize of job (KB)
...
006 (014.3211.000) 05/11 03:05:50 Image size of job updated: 6460656
	5613  -  MemoryUsage of job (MB)
	5747544  -  ResidentSetSize of job (KB)
...
006 (014.3211.000) 05/11 03:05:56 Image size of job updated: 6565104
	5710  -  MemoryUsage of job (MB)
	5846412  -  ResidentSetSize of job (KB)
...
006 (014.3211.000) 05/11 03:06:02 Image size of job updated: 6565104
	5818  -  MemoryUsage of job (MB)
	5956896  -  ResidentSetSize of job (KB)
...
006 (014.3211.000) 05/11 03:06:08 Image size of job updated: 6746352
	5934  -  MemoryUsage of job (MB)
	6075960  -  ResidentSetSize of job (KB)
...
006 (014.3211.000) 05/11 03:06:14 Image size of job updated: 6746352
	6024  -  MemoryUsage of job (MB)
	6168360  -  ResidentSetSize of job (KB)
...
006 (014.3211.000) 05/11 03:06:20 Image size of job updated: 6990064
	6113  -  MemoryUsage of job (MB)
	6259044  -  ResidentSetSize of job (KB)
...
006 (014.3211.000) 05/11 03:06:26 Image size of job updated: 6990064
	6202  -  MemoryUsage of job (MB)
	6350652  -  ResidentSetSize of job (KB)
...
006 (014.3211.000) 05/11 03:06:32 Image size of job updated: 6990064
	6291  -  MemoryUsage of job (MB)
	6441336  -  ResidentSetSize of job (KB)
...
006 (014.3211.000) 05/11 03:06:38 Image size of job updated: 7218416
	6381  -  MemoryUsage of job (MB)
	6533604  -  ResidentSetSize of job (KB)
...
006 (014.3211.000) 05/11 03:06:44 Image size of job updated: 7356656
	6468  -  MemoryUsage of job (MB)
	6622704  -  ResidentSetSize of job (KB)
...
006 (014.3211.000) 05/11 03:06:50 Image size of job updated: 7444720
	6555  -  MemoryUsage of job (MB)
	6712200  -  ResidentSetSize of job (KB)
...
006 (014.3211.000) 05/11 03:06:56 Image size of job updated: 7444720
	6642  -  MemoryUsage of job (MB)
	6801300  -  ResidentSetSize of job (KB)
...
006 (014.3211.000) 05/11 03:07:02 Image size of job updated: 7444720
	6730  -  MemoryUsage of job (MB)
	6891192  -  ResidentSetSize of job (KB)
...
006 (014.3211.000) 05/11 03:07:08 Image size of job updated: 7683312
	6818  -  MemoryUsage of job (MB)
	6981084  -  ResidentSetSize of job (KB)
...
006 (014.3211.000) 05/11 03:07:15 Image size of job updated: 7781616
	6904  -  MemoryUsage of job (MB)
	7068996  -  ResidentSetSize of job (KB)
...
006 (014.3211.000) 05/11 03:07:20 Image size of job updated: 7781616
	6977  -  MemoryUsage of job (MB)
	7143972  -  ResidentSetSize of job (KB)
...
006 (014.3211.000) 05/11 03:07:25 Image size of job updated: 7931120
	7050  -  MemoryUsage of job (MB)
	7218816  -  ResidentSetSize of job (KB)
...
006 (014.3211.000) 05/11 03:07:30 Image size of job updated: 7931120
	7122  -  MemoryUsage of job (MB)
	7292868  -  ResidentSetSize of job (KB)
...
006 (014.3211.000) 05/11 03:07:35 Image size of job updated: 7931120
	7194  -  MemoryUsage of job (MB)
	7366128  -  ResidentSetSize of job (KB)
...
006 (014.3211.000) 05/11 03:07:40 Image size of job updated: 8146160
	7266  -  MemoryUsage of job (MB)
	7440180  -  ResidentSetSize of job (KB)
...
006 (014.3211.000) 05/11 03:07:45 Image size of job updated: 8146160
	7338  -  MemoryUsage of job (MB)
	7513308  -  ResidentSetSize of job (KB)
...
006 (014.3211.000) 05/11 03:07:50 Image size of job updated: 8146160
	7405  -  MemoryUsage of job (MB)
	7582080  -  ResidentSetSize of job (KB)
...
006 (014.3211.000) 05/11 03:07:55 Image size of job updated: 8372464
	7461  -  MemoryUsage of job (MB)
	7639764  -  ResidentSetSize of job (KB)
...
006 (014.3211.000) 05/11 03:08:00 Image size of job updated: 8372464
	7470  -  MemoryUsage of job (MB)
	7648740  -  ResidentSetSize of job (KB)
...
006 (014.3211.000) 05/11 03:08:08 Image size of job updated: 8534256
	7470  -  MemoryUsage of job (MB)
	7648740  -  ResidentSetSize of job (KB)
...
006 (014.3211.000) 05/11 03:08:13 Image size of job updated: 8550640
	7477  -  MemoryUsage of job (MB)
	7656000  -  ResidentSetSize of job (KB)
...
006 (014.3211.000) 05/11 03:08:18 Image size of job updated: 8628464
	7570  -  MemoryUsage of job (MB)
	7750908  -  ResidentSetSize of job (KB)
...
006 (014.3211.000) 05/11 03:08:23 Image size of job updated: 8740080
	7669  -  MemoryUsage of job (MB)
	7852812  -  ResidentSetSize of job (KB)
...
006 (014.3211.000) 05/11 03:08:28 Image size of job updated: 8827120
	7768  -  MemoryUsage of job (MB)
	7953660  -  ResidentSetSize of job (KB)
...
006 (014.3211.000) 05/11 03:08:33 Image size of job updated: 8827120
	7866  -  MemoryUsage of job (MB)
	8054772  -  ResidentSetSize of job (KB)
...
006 (014.3211.000) 05/11 03:08:38 Image size of job updated: 9071856
	7964  -  MemoryUsage of job (MB)
	8154300  -  ResidentSetSize of job (KB)
...
006 (014.3211.000) 05/11 03:08:43 Image size of job updated: 9151728
	8064  -  MemoryUsage of job (MB)
	8256864  -  ResidentSetSize of job (KB)
...
006 (014.3211.000) 05/11 03:08:48 Image size of job updated: 9237744
	8147  -  MemoryUsage of job (MB)
	8341740  -  ResidentSetSize of job (KB)
...
006 (014.3211.000) 05/11 03:08:53 Image size of job updated: 9237744
	8225  -  MemoryUsage of job (MB)
	8422392  -  ResidentSetSize of job (KB)
...
006 (014.3211.000) 05/11 03:08:58 Image size of job updated: 9422064
	8304  -  MemoryUsage of job (MB)
	8502912  -  ResidentSetSize of job (KB)
...
006 (014.3211.000) 05/11 03:09:03 Image size of job updated: 9422064
	8384  -  MemoryUsage of job (MB)
	8585016  -  ResidentSetSize of job (KB)
...
006 (014.3211.000) 05/11 03:09:08 Image size of job updated: 9422064
	8462  -  MemoryUsage of job (MB)
	8664216  -  ResidentSetSize of job (KB)
...
006 (014.3211.000) 05/11 03:09:13 Image size of job updated: 9679088
	8540  -  MemoryUsage of job (MB)
	8744604  -  ResidentSetSize of job (KB)
...
006 (014.3211.000) 05/11 03:09:18 Image size of job updated: 9679088
	8619  -  MemoryUsage of job (MB)
	8825784  -  ResidentSetSize of job (KB)
...
006 (014.3211.000) 05/11 03:09:23 Image size of job updated: 9679088
	8929  -  MemoryUsage of job (MB)
	9142320  -  ResidentSetSize of job (KB)
...
006 (014.3211.000) 05/11 03:09:28 Image size of job updated: 10007792
	8992  -  MemoryUsage of job (MB)
	9207264  -  ResidentSetSize of job (KB)
...
005 (014.3211.000) 05/11 03:09:31 Job terminated.
	(1) Normal termination (return value 0)
		Usr 0 00:26:43, Sys 0 00:00:15  -  Run Remote Usage
		Usr 0 00:00:00, Sys 0 00:00:00  -  Run Local Usage
		Usr 0 00:26:43, Sys 0 00:00:15  -  Total Remote Usage
		Usr 0 00:00:00, Sys 0 00:00:00  -  Total Local Usage
	0  -  Run Bytes Sent By Job
	0  -  Run Bytes Received By Job
	0  -  Total Bytes Sent By Job
	0  -  Total Bytes Received By Job
	Partitionable Resources :      Usage  Request Allocated 
	   Cpus                 :       0.84        1         1 
	   Disk (KB)            : 2000000     2000000   6232219 
	   Memory (MB)          :    8992        1954      2007 
...
