000 (205.1221.000) 05/06 03:17:44 Job submitted from host: <127.0.0.1:9618?addrs=127.0.0.1-9618&noUDP&sock=222_da1d_4>
...
033 (205.1221.000) 05/06 14:21:29 Changing job attribute JobPrio from 0 to -5
...
000 (007.1221.000) 05/07 18:59:32 Job submitted from host: <127.0.0.1:9618?addrs=127.0.0.1-9618&noUDP&sock=215_0cf3_4>
...
000 (016.1221.000) 05/08 15:56:44 Job submitted from host: <127.0.0.1:9618?addrs=127.0.0.1-9618&noUDP&sock=227_4816_4>
...
001 (016.1221.000) 05/09 00:41:39 Job executing on host: <127.0.0.1:9618?addrs=127.0.0.1-9618&noUDP&sock=227_4816_5>
...
006 (016.1221.000) 05/09 00:41:45 Image size of job updated: 2000000
	37  -  MemoryUsage of job (MB)
	36960  -  ResidentSetSize of job (KB)
...
006 (016.1221.000) 05/09 00:41:51 Image size of job updated: 2000000
	114  -  MemoryUsage of job (MB)
	116292  -  ResidentSetSize of job (KB)
...
006 (016.1221.000) 05/09 00:52:40 Image size of job updated: 2000000
	188  -  MemoryUsage of job (MB)
	192060  -  ResidentSetSize of job (KB)
...
006 (016.1221.000) 05/09 00:52:46 Image size of job updated: 2000000
	210  -  MemoryUsage of job (MB)
	214500  -  ResidentSetSize of job (KB)
...
006 (016.1221.000) 05/09 00:52:52 Image size of job updated: 2000000
	216  -  MemoryUsage of job (MB)
	220308  -  ResidentSetSize of job (KB)
...
006 (016.1221.000) 05/09 00:52:58 Image size of job updated: 2000000
	227  -  MemoryUsage of job (MB)
	231924  -  ResidentSetSize of job (KB)
...
006 (016.1221.000) 05/09 00:53:04 Image size of job updated: 2000000
	241  -  MemoryUsage of job (MB)
	245784  -  ResidentSetSize of job (KB)
...
006 (016.1221.000) 05/09 00:53:10 Image size of job updated: 2000000
	251  -  MemoryUsage of job (MB)
	256872  -  ResidentSetSize of job (KB)
...
006 (016.1221.000) 05/09 00:53:15 Image size of job updated: 2000000
	260  -  MemoryUsage of job (MB)
	265716  -  ResidentSetSize of job (KB)
...
006 (016.1221.000) 05/09 00:53:20 Image size of job updated: 2000000
	268  -  MemoryUsage of job (MB)
	274164  -  ResidentSetSize of job (KB)
...
006 (016.1221.000) 05/09 00:53:25 Image size of job updated: 2000000
	278  -  MemoryUsage of job (MB)
	284196  -  ResidentSetSize of job (KB)
...
006 (016.1221.000) 05/09 00:53:30 Image size of job updated: 2000000
	307  -  MemoryUsage of job (MB)
	313368  -  ResidentSetSize of job (KB)
...
006 (016.1221.000) 05/09 00:53:35 Image size of job updated: 2000000
	364  -  MemoryUsage of job (MB)
	371844  -  ResidentSetSize of job (KB)
...
006 (016.1221.000) 05/09 00:53:40 Image size of job updated: 2000000
	378  -  MemoryUsage of job (MB)
	386760  -  ResidentSetSize of job (KB)
...
006 (016.1221.000) 05/09 00:54:05 Image size of job updated: 2000000
	385  -  MemoryUsage of job (MB)
	393888  -  ResidentSetSize of job (KB)
...
006 (016.1221.000) 05/09 00:54:10 Image size of job updated: 2000000
	441  -  MemoryUsage of job (MB)
	451044  -  ResidentSetSize of job (KB)
...
006 (016.1221.000) 05/09 00:54:15 Image size of job updated: 2000000
	492  -  MemoryUsage of job (MB)
	503316  -  ResidentSetSize of job (KB)
...
006 (016.1221.000) 05/09 00:54:20 Image size of job updated: 2000000
	553  -  MemoryUsage of job (MB)
	565620  -  ResidentSetSize of job (KB)
...
006 (016.1221.000) 05/09 00:54:25 Image size of job updated: 2000000
	1241  -  MemoryUsage of job (MB)
	1270500  -  ResidentSetSize of job (KB)
...
006 (016.1221.000) 05/09 01:12:01 Image size of job updated: 2000000
	1340  -  MemoryUsage of job (MB)
	1372008  -  ResidentSetSize of job (KB)
...
006 (016.1221.000) 05/09 01:12:07 Image size of job updated: 2000000
	1678  -  MemoryUsage of job (MB)
	1717980  -  ResidentSetSize of job (KB)
...
006 (016.1221.000) 05/09 01:12:13 Image size of job updated: 2368980
	1786  -  MemoryUsage of job (MB)
	1828068  -  ResidentSetSize of job (KB)
...
006 (016.1221.000) 05/09 01:12:19 Image size of job updated: 2368980
	1968  -  MemoryUsage of job (MB)
	2014716  -  ResidentSetSize of job (KB)
...
006 (016.1221.000) 05/09 01:12:25 Image size of job updated: 2368980
	1976  -  MemoryUsage of job (MB)
	2022504  -  ResidentSetSize of job (KB)
...
006 (016.1221.000) 05/09 01:12:31 Image size of job updated: 2679028
	2044  -  MemoryUsage of job (MB)
	2092992  -  ResidentSetSize of job (KB)
...
006 (016.1221.000) 05/09 01:12:37 Image size of job updated: 2759924
	2140  -  MemoryUsage of job (MB)
	2190936  -  ResidentSetSize of job (KB)
...
006 (016.1221.000) 05/09 01:12:43 Image size of job updated: 2893044
	2206  -  MemoryUsage of job (MB)
	2258916  -  ResidentSetSize of job (KB)
...
006 (016.1221.000) 05/09 01:12:49 Image size of job updated: 2937076
	2252  -  MemoryUsage of job (MB)
	2305380  -  ResidentSetSize of job (KB)
...
006 (016.1221.000) 05/09 01:12:55 Image size of job updated: 2937076
	2288  -  MemoryUsage of job (MB)
	2342604  -  ResidentSetSize of job (KB)
...
006 (016.1221.000) 05/09 01:13:01 Image size of job updated: 2989300
	2289  -  MemoryUsage of job (MB)
	2343000  -  ResidentSetSize of job (KB)
...
006 (016.1221.000) 05/09 01:13:13 Image size of job updated: 3067124
	2289  -  MemoryUsage of job (MB)
	2343396  -  ResidentSetSize of job (KB)
...
006 (016.1221.000) 05/09 01:13:19 Image size of job updated: 3080436
	2306  -  MemoryUsage of job (MB)
	2360688  -  ResidentSetSize of job (KB)
...
006 (016.1221.000) 05/09 01:13:25 Image size of job updated: 3124468
	2340  -  MemoryUsage of job (MB)
	2395404  -  ResidentSetSize of job (KB)
...
006 (016.1221.000) 05/09 01:13:31 Image size of job updated: 3150068
	2369  -  MemoryUsage of job (MB)
	2425368  -  ResidentSetSize of job (KB)
...
006 (016.1221.000) 05/09 01:13:37 Image size of job updated: 3150068
	2392  -  MemoryUsage of job (MB)
	2449128  -  ResidentSetSize of job (KB)
...
006 (016.1221.000) 05/09 01:13:59 Image size of job updated: 3150068
	2406  -  MemoryUsage of job (MB)
	2463120  -  ResidentSetSize of job (KB)
...
006 (016.1221.000) 05/09 01:14:45 Image size of job updated: 3402996
	2662  -  MemoryUsage of job (MB)
	2725140  -  ResidentSetSize of job (KB)
...
006 (016.1221.000) 05/09 01:15:22 Image size of job updated: 3625204
	2770  -  MemoryUsage of job (MB)
	2836020  -  ResidentSetSize of job (KB)
...
006 (016.1221.000) 05/09 01:15:44 Image size of job updated: 3699956
	2856  -  MemoryUsage of job (MB)
	2924460  -  ResidentSetSize of job (KB)
...
006 (016.1221.000) 05/09 01:16:01 Image size of job updated: 3730676
	2892  -  MemoryUsage of job (MB)
	2961156  -  ResidentSetSize of job (KB)
...
006 (016.1221.000) 05/09 01:16:11 Image size of job updated: 3801332
	2941  -  MemoryUsage of job (MB)
	3010788  -  ResidentSetSize of job (KB)
...
006 (016.1221.000) 05/09 01:16:17 Image size of job updated: 3801332
	2970  -  MemoryUsage of job (MB)
	3040884  -  ResidentSetSize of job (KB)
...
006 (016.1221.000) 05/09 01:16:22 Image size of job updated: 3801332
	2994  -  MemoryUsage of job (MB)
	3065040  -  ResidentSetSize of job (KB)
...
006 (016.1221.000) 05/09 01:16:27 Image size of job updated: 3868916
	3008  -  MemoryUsage of job (MB)
	3079824  -  ResidentSetSize of job (KB)
...
006 (016.1221.000) 05/09 01:16:32 Image size of job updated: 3913972
	3008  -  MemoryUsage of job (MB)
	3079824  -  ResidentSetSize of job (KB)
...
006 (016.1221.000) 05/09 01:16:37 Image size of job updated: 3939572
	3027  -  MemoryUsage of job (MB)
	3099228  -  ResidentSetSize of job (KB)
...
006 (016.1221.000) 05/09 01:16:42 Image size of job updated: 3939572
	3055  -  MemoryUsage of job (MB)
	3127740  -  ResidentSetSize of job (KB)
...
006 (016.1221.000) 05/09 01:16:47 Image size of job updated: 3939572
	3083  -  MemoryUsage of job (MB)
	3156648  -  ResidentSetSize of job (KB)
...
006 (016.1221.000) 05/09 01:16:59 Image size of job updated: 4027636
	3088  -  MemoryUsage of job (MB)
	3161268  -  ResidentSetSize of job (KB)
...
006 (016.1221.000) 05/09 01:17:04 Image size of job updated: 4046068
	3111  -  MemoryUsage of job (MB)
	3185424  -  ResidentSetSize of job (KB)
...
006 (016.1221.000) 05/09 01:17:09 Image size of job updated: 4087028
	3112  -  MemoryUsage of job (MB)
	3186612  -  ResidentSetSize of job (KB)
...
006 (016.1221.000) 05/09 01:17:14 Image size of job updated: 4113652
	3131  -  MemoryUsage of job (MB)
	3205356  -  ResidentSetSize of job (KB)
...
006 (016.1221.000) 05/09 01:17:19 Image size of job updated: 4123892
	3155  -  MemoryUsage of job (MB)
	3229908  -  ResidentSetSize of job (KB)
...
006 (016.1221.000) 05/09 01:17:24 Image size of job updated: 4148468
	3180  -  MemoryUsage of job (MB)
	3255912  -  ResidentSetSize of job (KB)
...
006 (016.1221.000) 05/09 01:17:29 Image size of job updated: 4181236
	3206  -  MemoryUsage of job (MB)
	3282048  -  ResidentSetSize of job (KB)
...
006 (016.1221.000) 05/09 01:17:34 Image size of job updated: 4181236
	3231  -  MemoryUsage of job (MB)
	3307788  -  ResidentSetSize of job (KB)
...
006 (016.1221.000) 05/09 01:17:39 Image size of job updated: 4181236
	3236  -  MemoryUsage of job (MB)
	3313200  -  ResidentSetSize of job (KB)
...
006 (016.1221.000) 05/09 01:17:44 Image size of job updated: 4253940
	3236  -  MemoryUsage of job (MB)
	3313200  -  ResidentSetSize of job (KB)
...
006 (016.1221.000) 05/09 01:18:07 Image size of job updated: 4306164
	3288  -  MemoryUsage of job (MB)
	3366660  -  ResidentSetSize of job (KB)
...
006 (016.1221.000) 05/09 01:18:19 Image size of job updated: 4306164
	3293  -  MemoryUsage of job (MB)
	3371676  -  ResidentSetSize of job (KB)
...
006 (016.1221.000) 05/09 01:18:26 Image size of job updated: 4354292
	3314  -  MemoryUsage of job (MB)
	3392796  -  ResidentSetSize of job (KB)
...
006 (016.1221.000) 05/09 01:18:31 Image size of job updated: 4380916
	3337  -  MemoryUsage of job (MB)
	3416820  -  ResidentSetSize of job (KB)
...
006 (016.1221.000) 05/09 01:18:36 Image size of job updated: 4380916
	3340  -  MemoryUsage of job (MB)
	3419988  -  ResidentSetSize of job (KB)
...
006 (016.1221.000) 05/09 01:18:41 Image size of job updated: 4418804
	3340  -  MemoryUsage of job (MB)
	3419988  -  ResidentSetSize of job (KB)
...
006 (016.1221.000) 05/09 01:18:56 Image size of job updated: 4423924
	3340  -  MemoryUsage of job (MB)
	3419988  -  ResidentSetSize of job (KB)
...
006 (016.1221.000) 05/09 01:19:11 Image size of job updated: 4444404
	3340  -  MemoryUsage of job (MB)
	3419988  -  ResidentSetSize of job (KB)
...
006 (016.1221.000) 05/09 01:19:16 Image size of job updated: 4444404
	3351  -  MemoryUsage of job (MB)
	3430416  -  ResidentSetSize of job (KB)
...
006 (016.1221.000) 05/09 01:19:21 Image size of job updated: 4475124
	3375  -  MemoryUsage of job (MB)
	3455364  -  ResidentSetSize of job (KB)
...
006 (016.1221.000) 05/09 01:19:26 Image size of job updated: 4506868
	3399  -  MemoryUsage of job (MB)
	3480444  -  ResidentSetSize of job (KB)
...
006 (016.1221.000) 05/09 01:19:31 Image size of job updated: 4506868
	3424  -  MemoryUsage of job (MB)
	3506052  -  ResidentSetSize of job (KB)
...
006 (016.1221.000) 05/09 01:19:36 Image size of job updated: 4506868
	3449  -  MemoryUsage of job (MB)
	3531660  -  ResidentSetSize of job (KB)
...
006 (016.1221.000) 05/09 01:20:02 Image size of job updated: 4588788
	3472  -  MemoryUsage of job (MB)
	3554760  -  ResidentSetSize of job (KB)
...
006 (016.1221.000) 05/09 01:21:05 Image size of job updated: 4819188
	3675  -  MemoryUsage of job (MB)
	3762792  -  ResidentSetSize of job (KB)
...
006 (016.1221.000) 05/09 01:21:26 Image size of job updated: 5058804
	3675  -  MemoryUsage of job (MB)
	3762792  -  ResidentSetSize of job (KB)
...
005 (016.1221.000) 05/09 01:21:26 Job terminated.
	(1) Normal termination (return value 0)
		Usr 0 00:26:02, Sys 0 00:00:26  -  Run Remote Usage
		Usr 0 00:00:00, Sys 0 00:00:00  -  Run Local Usage
		Usr 0 00:26:02, Sys 0 00:00:26  -  Total Remote Usage
		Usr 0 00:00:00, Sys 0 00:00:00  -  Total Local Usage
	0  -  Run Bytes Sent By Job
	0  -  Run Bytes Received By Job
	0  -  Total Bytes Sent By Job
	0  -  Total Bytes Received By Job
	Partitionable Resources :      Usage  Request Allocated 
	   Cpus                 :       0.61        1         1 
	   Disk (KB)            : 2000000     2000000   6275465 
	   Memory (MB)          :    3675        1954      2007 
...
