000 (205.966.000) 05/06 03:17:37 Job submitted from host: <127.0.0.1:9618?addrs=127.0.0.1-9618&noUDP&sock=222_da1d_4>
...
033 (205.966.000) 05/06 14:21:23 Changing job attribute JobPrio from 0 to -5
...
000 (007.966.000) 05/07 18:59:29 Job submitted from host: <127.0.0.1:9618?addrs=127.0.0.1-9618&noUDP&sock=215_0cf3_4>
...
000 (016.966.000) 05/08 15:56:42 Job submitted from host: <127.0.0.1:9618?addrs=127.0.0.1-9618&noUDP&sock=227_4816_4>
...
001 (016.966.000) 05/08 22:54:14 Job executing on host: <127.0.0.1:9618?addrs=127.0.0.1-9618&noUDP&sock=227_4816_5>
...
006 (016.966.000) 05/08 22:54:20 Image size of job updated: 2000000
	117  -  MemoryUsage of job (MB)
	119064  -  ResidentSetSize of job (KB)
...
006 (016.966.000) 05/08 22:54:50 Image size of job updated: 2000000
	181  -  MemoryUsage of job (MB)
	185328  -  ResidentSetSize of job (KB)
...
006 (016.966.000) 05/08 22:54:56 Image size of job updated: 2000000
	213  -  MemoryUsage of job (MB)
	217536  -  ResidentSetSize of job (KB)
...
006 (016.966.000) 05/08 22:55:02 Image size of job updated: 2000000
	216  -  MemoryUsage of job (MB)
	221100  -  ResidentSetSize of job (KB)
...
006 (016.966.000) 05/08 22:55:08 Image size of job updated: 2000000
	230  -  MemoryUsage of job (MB)
	235488  -  ResidentSetSize of job (KB)
...
006 (016.966.000) 05/08 22:55:14 Image size of job updated: 2000000
	244  -  MemoryUsage of job (MB)
	249480  -  ResidentSetSize of job (KB)
...
006 (016.966.000) 05/08 22:55:20 Image size of job updated: 2000000
	257  -  MemoryUsage of job (MB)
	262284  -  ResidentSetSize of job (KB)
...
006 (016.966.000) 05/08 22:55:26 Image size of job updated: 2000000
	267  -  MemoryUsage of job (MB)
	273372  -  ResidentSetSize of job (KB)
...
006 (016.966.000) 05/08 22:55:32 Image size of job updated: 2000000
	275  -  MemoryUsage of job (MB)
	280896  -  ResidentSetSize of job (KB)
...
006 (016.966.000) 05/08 22:55:38 Image size of job updated: 2000000
	301  -  MemoryUsage of job (MB)
	307824  -  ResidentSetSize of job (KB)
...
006 (016.966.000) 05/08 22:55:44 Image size of job updated: 2000000
	348  -  MemoryUsage of job (MB)
	355476  -  ResidentSetSize of job (KB)
...
006 (016.966.000) 05/08 22:55:50 Image size of job updated: 2000000
	382  -  MemoryUsage of job (MB)
	390456  -  ResidentSetSize of job (KB)
...
006 (016.966.000) 05/08 22:55:56 Image size of job updated: 2000000
	419  -  MemoryUsage of job (MB)
	428340  -  ResidentSetSize of job (KB)
...
006 (016.966.000) 05/08 22:56:02 Image size of job updated: 2000000
	483  -  MemoryUsage of job (MB)
	493680  -  ResidentSetSize of job (KB)
...
006 (016.966.000) 05/08 22:56:08 Image size of job updated: 2000000
	538  -  MemoryUsage of job (MB)
	550572  -  ResidentSetSize of job (KB)
...
006 (016.966.000) 05/08 22:56:14 Image size of job updated: 2000000
	1245  -  MemoryUsage of job (MB)
	1274196  -  ResidentSetSize of job (KB)
...
006 (016.966.000) 05/08 23:11:31 Image size of job updated: 2000000
	1264  -  MemoryUsage of job (MB)
	1293864  -  ResidentSetSize of job (KB)
...
006 (016.966.000) 05/08 23:11:37 Image size of job updated: 2304340
	1669  -  MemoryUsage of job (MB)
	1708872  -  ResidentSetSize of job (KB)
...
006 (016.966.000) 05/08 23:11:43 Image size of job updated: 2374868
	1775  -  MemoryUsage of job (MB)
	1817376  -  ResidentSetSize of job (KB)
...
006 (016.966.000) 05/08 23:11:49 Image size of job updated: 2374868
	1973  -  MemoryUsage of job (MB)
	2019600  -  ResidentSetSize of job (KB)
...
006 (016.966.000) 05/08 23:11:55 Image size of job updated: 2374868
	2077  -  MemoryUsage of job (MB)
	2126388  -  ResidentSetSize of job (KB)
...
006 (016.966.000) 05/08 23:12:01 Image size of job updated: 2838252
	2172  -  MemoryUsage of job (MB)
	2223408  -  ResidentSetSize of job (KB)
...
006 (016.966.000) 05/08 23:12:07 Image size of job updated: 2956012
	2277  -  MemoryUsage of job (MB)
	2331252  -  ResidentSetSize of job (KB)
...
006 (016.966.000) 05/08 23:12:13 Image size of job updated: 3047148
	2364  -  MemoryUsage of job (MB)
	2419824  -  ResidentSetSize of job (KB)
...
006 (016.966.000) 05/08 23:12:19 Image size of job updated: 3119852
	2472  -  MemoryUsage of job (MB)
	2530572  -  ResidentSetSize of job (KB)
...
006 (016.966.000) 05/08 23:12:25 Image size of job updated: 3215084
	2581  -  MemoryUsage of job (MB)
	2641980  -  ResidentSetSize of job (KB)
...
006 (016.966.000) 05/08 23:12:31 Image size of job updated: 3345132
	2692  -  MemoryUsage of job (MB)
	2755896  -  ResidentSetSize of job (KB)
...
006 (016.966.000) 05/08 23:12:37 Image size of job updated: 3499756
	2800  -  MemoryUsage of job (MB)
	2866512  -  ResidentSetSize of job (KB)
...
006 (016.966.000) 05/08 23:12:43 Image size of job updated: 3577580
	2884  -  MemoryUsage of job (MB)
	2952576  -  ResidentSetSize of job (KB)
...
006 (016.966.000) 05/08 23:12:49 Image size of job updated: 3593964
	2965  -  MemoryUsage of job (MB)
	3035472  -  ResidentSetSize of job (KB)
...
006 (016.966.000) 05/08 23:12:55 Image size of job updated: 3593964
	3047  -  MemoryUsage of job (MB)
	3119160  -  ResidentSetSize of job (KB)
...
006 (016.966.000) 05/08 23:13:01 Image size of job updated: 3802860
	3127  -  MemoryUsage of job (MB)
	3201264  -  ResidentSetSize of job (KB)
...
006 (016.966.000) 05/08 23:13:07 Image size of job updated: 3874540
	3207  -  MemoryUsage of job (MB)
	3283896  -  ResidentSetSize of job (KB)
...
006 (016.966.000) 05/08 23:13:13 Image size of job updated: 3930860
	3313  -  MemoryUsage of job (MB)
	3391872  -  ResidentSetSize of job (KB)
...
006 (016.966.000) 05/08 23:13:19 Image size of job updated: 4051692
	3419  -  MemoryUsage of job (MB)
	3500244  -  ResidentSetSize of job (KB)
...
006 (016.966.000) 05/08 23:13:25 Image size of job updated: 4051692
	3505  -  MemoryUsage of job (MB)
	3589080  -  ResidentSetSize of job (KB)
...
006 (016.966.000) 05/08 23:13:31 Image size of job updated: 4307692
	3593  -  MemoryUsage of job (MB)
	3678840  -  ResidentSetSize of job (KB)
...
006 (016.966.000) 05/08 23:13:37 Image size of job updated: 4364012
	3679  -  MemoryUsage of job (MB)
	3766884  -  ResidentSetSize of job (KB)
...
006 (016.966.000) 05/08 23:13:43 Image size of job updated: 4364012
	3764  -  MemoryUsage of job (MB)
	3853476  -  ResidentSetSize of job (KB)
...
006 (016.966.000) 05/08 23:13:49 Image size of job updated: 4524780
	3850  -  MemoryUsage of job (MB)
	3942048  -  ResidentSetSize of job (KB)
...
006 (016.966.000) 05/08 23:13:55 Image size of job updated: 4524780
	3935  -  MemoryUsage of job (MB)
	4028640  -  ResidentSetSize of job (KB)
...
006 (016.966.000) 05/08 23:14:01 Image size of job updated: 4524780
	4021  -  MemoryUsage of job (MB)
	4117344  -  ResidentSetSize of job (KB)
...
006 (016.966.000) 05/08 23:14:07 Image size of job updated: 4814572
	4109  -  MemoryUsage of job (MB)
	4207104  -  ResidentSetSize of job (KB)
...
006 (016.966.000) 05/08 23:14:13 Image size of job updated: 4814572
	4198  -  MemoryUsage of job (MB)
	4298052  -  ResidentSetSize of job (KB)
...
006 (016.966.000) 05/08 23:14:19 Image size of job updated: 4985580
	4287  -  MemoryUsage of job (MB)
	4389264  -  ResidentSetSize of job (KB)
...
006 (016.966.000) 05/08 23:14:25 Image size of job updated: 4985580
	4376  -  MemoryUsage of job (MB)
	4480344  -  ResidentSetSize of job (KB)
...
006 (016.966.000) 05/08 23:14:31 Image size of job updated: 4985580
	4464  -  MemoryUsage of job (MB)
	4570236  -  ResidentSetSize of job (KB)
...
006 (016.966.000) 05/08 23:14:37 Image size of job updated: 5223148
	4551  -  MemoryUsage of job (MB)
	4659864  -  ResidentSetSize of job (KB)
...
006 (016.966.000) 05/08 23:14:43 Image size of job updated: 5354220
	4636  -  MemoryUsage of job (MB)
	4746852  -  ResidentSetSize of job (KB)
...
006 (016.966.000) 05/08 23:14:49 Image size of job updated: 5440236
	4718  -  MemoryUsage of job (MB)
	4830804  -  ResidentSetSize of job (KB)
...
006 (016.966.000) 05/08 23:14:55 Image size of job updated: 5440236
	4802  -  MemoryUsage of job (MB)
	4916868  -  ResidentSetSize of job (KB)
...
006 (016.966.000) 05/08 23:15:01 Image size of job updated: 5602028
	4893  -  MemoryUsage of job (MB)
	5010192  -  ResidentSetSize of job (KB)
...
006 (016.966.000) 05/08 23:15:07 Image size of job updated: 5749484
	5004  -  MemoryUsage of job (MB)
	5123448  -  ResidentSetSize of job (KB)
...
006 (016.966.000) 05/08 23:15:14 Image size of job updated: 5749484
	5109  -  MemoryUsage of job (MB)
	5230764  -  ResidentSetSize of job (KB)
...
006 (016.966.000) 05/08 23:15:19 Image size of job updated: 5749484
	5191  -  MemoryUsage of job (MB)
	5315112  -  ResidentSetSize of job (KB)
...
006 (016.966.000) 05/08 23:15:24 Image size of job updated: 5950188
	5265  -  MemoryUsage of job (MB)
	5390748  -  ResidentSetSize of job (KB)
...
006 (016.966.000) 05/08 23:15:29 Image size of job updated: 5950188
	5334  -  MemoryUsage of job (MB)
	5461368  -  ResidentSetSize of job (KB)
...
006 (016.966.000) 05/08 23:15:34 Image size of job updated: 6165228
	5402  -  MemoryUsage of job (MB)
	5531328  -  ResidentSetSize of job (KB)
...
006 (016.966.000) 05/08 23:15:39 Image size of job updated: 6165228
	5471  -  MemoryUsage of job (MB)
	5601552  -  ResidentSetSize of job (KB)
...
006 (016.966.000) 05/08 23:15:44 Image size of job updated: 6165228
	5538  -  MemoryUsage of job (MB)
	5670192  -  ResidentSetSize of job (KB)
...
006 (016.966.000) 05/08 23:15:49 Image size of job updated: 6378220
	5599  -  MemoryUsage of job (MB)
	5732364  -  ResidentSetSize of job (KB)
...
006 (016.966.000) 05/08 23:15:54 Image size of job updated: 6378220
	5666  -  MemoryUsage of job (MB)
	5801928  -  ResidentSetSize of job (KB)
...
006 (016.966.000) 05/08 23:15:59 Image size of job updated: 6509292
	5732  -  MemoryUsage of job (MB)
	5868720  -  ResidentSetSize of job (KB)
...
006 (016.966.000) 05/08 23:16:04 Image size of job updated: 6509292
	5802  -  MemoryUsage of job (MB)
	5940660  -  ResidentSetSize of job (KB)
...
006 (016.966.000) 05/08 23:16:09 Image size of job updated: 6653676
	5870  -  MemoryUsage of job (MB)
	6009960  -  ResidentSetSize of job (KB)
...
006 (016.966.000) 05/08 23:16:14 Image size of job updated: 6712044
	5939  -  MemoryUsage of job (MB)
	6080712  -  ResidentSetSize of job (KB)
...
006 (016.966.000) 05/08 23:16:19 Image size of job updated: 6801132
	6007  -  MemoryUsage of job (MB)
	6151068  -  ResidentSetSize of job (KB)
...
006 (016.966.000) 05/08 23:16:24 Image size of job updated: 6814444
	6076  -  MemoryUsage of job (MB)
	6221292  -  ResidentSetSize of job (KB)
...
006 (016.966.000) 05/08 23:16:29 Image size of job updated: 6931180
	6146  -  MemoryUsage of job (MB)
	6293100  -  ResidentSetSize of job (KB)
...
006 (016.966.000) 05/08 23:16:34 Image size of job updated: 6970092
	6217  -  MemoryUsage of job (MB)
	6365436  -  ResidentSetSize of job (KB)
...
006 (016.966.000) 05/08 23:16:39 Image size of job updated: 7038700
	6287  -  MemoryUsage of job (MB)
	6437508  -  ResidentSetSize of job (KB)
...
006 (016.966.000) 05/08 23:16:44 Image size of job updated: 7038700
	6357  -  MemoryUsage of job (MB)
	6509448  -  ResidentSetSize of job (KB)
...
006 (016.966.000) 05/08 23:16:49 Image size of job updated: 7038700
	6429  -  MemoryUsage of job (MB)
	6582444  -  ResidentSetSize of job (KB)
...
006 (016.966.000) 05/08 23:16:54 Image size of job updated: 7283436
	6499  -  MemoryUsage of job (MB)
	6654120  -  ResidentSetSize of job (KB)
...
006 (016.966.000) 05/08 23:16:59 Image size of job updated: 7283436
	6570  -  MemoryUsage of job (MB)
	6727512  -  ResidentSetSize of job (KB)
...
006 (016.966.000) 05/08 23:17:04 Image size of job updated: 7283436
	6640  -  MemoryUsage of job (MB)
	6799320  -  ResidentSetSize of job (KB)
...
006 (016.966.000) 05/08 23:17:09 Image size of job updated: 7499500
	6711  -  MemoryUsage of job (MB)
	6871392  -  ResidentSetSize of job (KB)
...
006 (016.966.000) 05/08 23:17:14 Image size of job updated: 7499500
	6782  -  MemoryUsage of job (MB)
	6943992  -  ResidentSetSize of job (KB)
...
006 (016.966.000) 05/08 23:17:19 Image size of job updated: 7499500
	6852  -  MemoryUsage of job (MB)
	7015800  -  ResidentSetSize of job (KB)
...
006 (016.966.000) 05/08 23:17:24 Image size of job updated: 7728876
	6921  -  MemoryUsage of job (MB)
	7087080  -  ResidentSetSize of job (KB)
...
006 (016.966.000) 05/08 23:17:29 Image size of job updated: 7728876
	6993  -  MemoryUsage of job (MB)
	7160076  -  ResidentSetSize of job (KB)
...
006 (016.966.000) 05/08 23:17:34 Image size of job updated: 7728876
	7064  -  MemoryUsage of job (MB)
	7232544  -  ResidentSetSize of job (KB)
...
006 (016.966.000) 05/08 23:17:39 Image size of job updated: 7948012
	7139  -  MemoryUsage of job (MB)
	7309632  -  ResidentSetSize of job (KB)
...
006 (016.966.000) 05/08 23:17:44 Image size of job updated: 7948012
	7212  -  MemoryUsage of job (MB)
	7384476  -  ResidentSetSize of job (KB)
...
006 (016.966.000) 05/08 23:17:49 Image size of job updated: 7948012
	7280  -  MemoryUsage of job (MB)
	7453776  -  ResidentSetSize of job (KB)
...
006 (016.966.000) 05/08 23:17:54 Image size of job updated: 8169196
	7354  -  MemoryUsage of job (MB)
	7530072  -  ResidentSetSize of job (KB)
...
006 (016.966.000) 05/08 23:17:59 Image size of job updated: 8169196
	7423  -  MemoryUsage of job (MB)
	7600428  -  ResidentSetSize of job (KB)
...
006 (016.966.000) 05/08 23:18:04 Image size of job updated: 8300268
	7494  -  MemoryUsage of job (MB)
	7673160  -  ResidentSetSize of job (KB)
...
006 (016.966.000) 05/08 23:18:09 Image size of job updated: 8388332
	7565  -  MemoryUsage of job (MB)
	7745628  -  ResidentSetSize of job (KB)
...
006 (016.966.000) 05/08 23:18:14 Image size of job updated: 8388332
	7644  -  MemoryUsage of job (MB)
	7827336  -  ResidentSetSize of job (KB)
...
006 (016.966.000) 05/08 23:18:19 Image size of job updated: 8388332
	7724  -  MemoryUsage of job (MB)
	7909308  -  ResidentSetSize of job (KB)
...
006 (016.966.000) 05/08 23:18:24 Image size of job updated: 8635116
	7811  -  MemoryUsage of job (MB)
	7997616  -  ResidentSetSize of job (KB)
...
006 (016.966.000) 05/08 23:18:29 Image size of job updated: 8635116
	7871  -  MemoryUsage of job (MB)
	8059524  -  ResidentSetSize of job (KB)
...
006 (016.966.000) 05/08 23:18:34 Image size of job updated: 8635116
	7903  -  MemoryUsage of job (MB)
	8092260  -  ResidentSetSize of job (KB)
...
006 (016.966.000) 05/08 23:18:39 Image size of job updated: 8832748
	7952  -  MemoryUsage of job (MB)
	8142552  -  ResidentSetSize of job (KB)
...
006 (016.966.000) 05/08 23:18:44 Image size of job updated: 8832748
	8008  -  MemoryUsage of job (MB)
	8199576  -  ResidentSetSize of job (KB)
...
006 (016.966.000) 05/08 23:18:49 Image size of job updated: 8919788
	8074  -  MemoryUsage of job (MB)
	8267160  -  ResidentSetSize of job (KB)
...
006 (016.966.000) 05/08 23:18:54 Image size of job updated: 9033452
	8139  -  MemoryUsage of job (MB)
	8334084  -  ResidentSetSize of job (KB)
...
006 (016.966.000) 05/08 23:18:59 Image size of job updated: 9033452
	8194  -  MemoryUsage of job (MB)
	8389788  -  ResidentSetSize of job (KB)
...
006 (016.966.000) 05/08 23:19:04 Image size of job updated: 9033452
	8267  -  MemoryUsage of job (MB)
	8465028  -  ResidentSetSize of job (KB)
...
006 (016.966.000) 05/08 23:19:09 Image size of job updated: 9269996
	8428  -  MemoryUsage of job (MB)
	8630028  -  ResidentSetSize of job (KB)
...
006 (016.966.000) 05/08 23:19:14 Image size of job updated: 9365228
	8489  -  MemoryUsage of job (MB)
	8691936  -  ResidentSetSize of job (KB)
...
006 (016.966.000) 05/08 23:19:19 Image size of job updated: 9367020
	8489  -  MemoryUsage of job (MB)
	8691936  -  ResidentSetSize of job (KB)
...
005 (016.966.000) 05/08 23:19:19 Job terminated.
	(1) Normal termination (return value 0)
		Usr 0 00:24:20, Sys 0 00:00:07  -  Run Remote Usage
		Usr 0 00:00:00, Sys 0 00:00:00  -  Run Local Usage
		Usr 0 00:24:20, Sys 0 00:00:07  -  Total Remote Usage
		Usr 0 00:00:00, Sys 0 00:00:00  -  Total Local Usage
	0  -  Run Bytes Sent By Job
	0  -  Run Bytes Received By Job
	0  -  Total Bytes Sent By Job
	0  -  Total Bytes Received By Job
	Partitionable Resources :      Usage  Request Allocated 
	   Cpus                 :       0.94        1         1 
	   Disk (KB)            : 2000000     2000000   6275465 
	   Memory (MB)          :    8489        1954      2007 
...
