000 (040.3512.000) 04/27 18:43:27 Job submitted from host: <127.0.0.1:9618?addrs=127.0.0.1-9618&noUDP&sock=222_da1d_4>
...
001 (040.3512.000) 04/28 05:49:56 Job executing on host: <127.0.0.1:9618?addrs=127.0.0.1-9618&noUDP&sock=222_da1d_5>
...
006 (040.3512.000) 04/28 05:50:01 Image size of job updated: 351912
	344  -  MemoryUsage of job (MB)
	351912  -  ResidentSetSize of job (KB)
...
006 (040.3512.000) 04/28 05:50:06 Image size of job updated: 675708
	660  -  MemoryUsage of job (MB)
	675708  -  ResidentSetSize of job (KB)
...
006 (040.3512.000) 04/28 05:50:11 Image size of job updated: 680196
	665  -  MemoryUsage of job (MB)
	680196  -  ResidentSetSize of job (KB)
...
006 (040.3512.000) 04/28 05:50:16 Image size of job updated: 695376
	665  -  MemoryUsage of job (MB)
	680196  -  ResidentSetSize of job (KB)
...
005 (040.3512.000) 04/28 05:52:41 Job terminated.
	(1) Normal termination (return value 0)
		Usr 0 00:02:42, Sys 0 00:00:00  -  Run Remote Usage
		Usr 0 00:00:00, Sys 0 00:00:00  -  Run Local Usage
		Usr 0 00:02:42, Sys 0 00:00:00  -  Total Remote Usage
		Usr 0 00:00:00, Sys 0 00:00:00  -  Total Local Usage
	0  -  Run Bytes Sent By Job
	0  -  Run Bytes Received By Job
	0  -  Total Bytes Sent By Job
	0  -  Total Bytes Received By Job
	Partitionable Resources :    Usage  Request Allocated 
	   Cpus                 :     0.95        1         1 
	   Disk (KB)            :     1           1   6540465 
	   Memory (MB)          :   665           1      2007 
...
