000 (005.5157.000) 05/05 20:23:49 Job submitted from host: <127.0.0.1:9618?addrs=127.0.0.1-9618&noUDP&sock=227_4816_4>
...
033 (005.5157.000) 05/06 14:16:55 Changing job attribute JobPrio from 0 to -10
...
001 (005.5157.000) 05/07 09:20:04 Job executing on host: <127.0.0.1:9618?addrs=127.0.0.1-9618&noUDP&sock=227_4816_5>
...
006 (005.5157.000) 05/07 09:20:10 Image size of job updated: 2000000
	101  -  MemoryUsage of job (MB)
	103092  -  ResidentSetSize of job (KB)
...
006 (005.5157.000) 05/07 09:20:40 Image size of job updated: 2000000
	163  -  MemoryUsage of job (MB)
	166452  -  ResidentSetSize of job (KB)
...
006 (005.5157.000) 05/07 09:20:45 Image size of job updated: 2000000
	184  -  MemoryUsage of job (MB)
	188100  -  ResidentSetSize of job (KB)
...
006 (005.5157.000) 05/07 09:20:50 Image size of job updated: 2000000
	185  -  MemoryUsage of job (MB)
	188628  -  ResidentSetSize of job (KB)
...
006 (005.5157.000) 05/07 09:20:55 Image size of job updated: 2000000
	195  -  MemoryUsage of job (MB)
	199188  -  ResidentSetSize of job (KB)
...
006 (005.5157.000) 05/07 09:21:00 Image size of job updated: 2000000
	206  -  MemoryUsage of job (MB)
	210540  -  ResidentSetSize of job (KB)
...
006 (005.5157.000) 05/07 09:21:05 Image size of job updated: 2000000
	215  -  MemoryUsage of job (MB)
	219648  -  ResidentSetSize of job (KB)
...
006 (005.5157.000) 05/07 09:21:10 Image size of job updated: 2000000
	231  -  MemoryUsage of job (MB)
	236280  -  ResidentSetSize of job (KB)
...
006 (005.5157.000) 05/07 09:21:15 Image size of job updated: 2000000
	234  -  MemoryUsage of job (MB)
	238920  -  ResidentSetSize of job (KB)
...
006 (005.5157.000) 05/07 09:21:20 Image size of job updated: 2000000
	241  -  MemoryUsage of job (MB)
	246312  -  ResidentSetSize of job (KB)
...
006 (005.5157.000) 05/07 09:21:25 Image size of job updated: 2000000
	275  -  MemoryUsage of job (MB)
	281292  -  ResidentSetSize of job (KB)
...
006 (005.5157.000) 05/07 09:21:30 Image size of job updated: 2000000
	309  -  MemoryUsage of job (MB)
	316404  -  ResidentSetSize of job (KB)
...
006 (005.5157.000) 05/07 09:21:35 Image size of job updated: 2000000
	329  -  MemoryUsage of job (MB)
	336072  -  ResidentSetSize of job (KB)
...
006 (005.5157.000) 05/07 09:21:40 Image size of job updated: 2000000
	387  -  MemoryUsage of job (MB)
	395472  -  ResidentSetSize of job (KB)
...
006 (005.5157.000) 05/07 09:21:45 Image size of job updated: 2000000
	447  -  MemoryUsage of job (MB)
	457116  -  ResidentSetSize of job (KB)
...
006 (005.5157.000) 05/07 09:21:50 Image size of job updated: 2000000
	1169  -  MemoryUsage of job (MB)
	1196316  -  ResidentSetSize of job (KB)
...
006 (005.5157.000) 05/07 09:36:31 Image size of job updated: 2000000
	1171  -  MemoryUsage of job (MB)
	1198296  -  ResidentSetSize of job (KB)
...
006 (005.5157.000) 05/07 09:36:36 Image size of job updated: 2000000
	1245  -  MemoryUsage of job (MB)
	1274328  -  ResidentSetSize of job (KB)
...
006 (005.5157.000) 05/07 09:36:41 Image size of job updated: 2000000
	1574  -  MemoryUsage of job (MB)
	1611588  -  ResidentSetSize of job (KB)
...
006 (005.5157.000) 05/07 09:36:46 Image size of job updated: 2262472
	1648  -  MemoryUsage of job (MB)
	1686564  -  ResidentSetSize of job (KB)
...
006 (005.5157.000) 05/07 09:36:51 Image size of job updated: 2262472
	1887  -  MemoryUsage of job (MB)
	1931688  -  ResidentSetSize of job (KB)
...
006 (005.5157.000) 05/07 09:36:56 Image size of job updated: 2614752
	1969  -  MemoryUsage of job (MB)
	2015244  -  ResidentSetSize of job (KB)
...
006 (005.5157.000) 05/07 09:37:01 Image size of job updated: 2660832
	2002  -  MemoryUsage of job (MB)
	2049828  -  ResidentSetSize of job (KB)
...
006 (005.5157.000) 05/07 09:37:06 Image size of job updated: 2660832
	2031  -  MemoryUsage of job (MB)
	2079528  -  ResidentSetSize of job (KB)
...
006 (005.5157.000) 05/07 09:37:11 Image size of job updated: 2714080
	2058  -  MemoryUsage of job (MB)
	2107380  -  ResidentSetSize of job (KB)
...
006 (005.5157.000) 05/07 09:37:16 Image size of job updated: 2714080
	2089  -  MemoryUsage of job (MB)
	2138796  -  ResidentSetSize of job (KB)
...
006 (005.5157.000) 05/07 09:37:21 Image size of job updated: 2714080
	2118  -  MemoryUsage of job (MB)
	2168232  -  ResidentSetSize of job (KB)
...
006 (005.5157.000) 05/07 09:37:26 Image size of job updated: 2808288
	2147  -  MemoryUsage of job (MB)
	2198196  -  ResidentSetSize of job (KB)
...
006 (005.5157.000) 05/07 09:37:31 Image size of job updated: 2808288
	2175  -  MemoryUsage of job (MB)
	2226840  -  ResidentSetSize of job (KB)
...
006 (005.5157.000) 05/07 09:37:36 Image size of job updated: 2808288
	2202  -  MemoryUsage of job (MB)
	2254824  -  ResidentSetSize of job (KB)
...
006 (005.5157.000) 05/07 09:37:41 Image size of job updated: 2906592
	2231  -  MemoryUsage of job (MB)
	2284392  -  ResidentSetSize of job (KB)
...
006 (005.5157.000) 05/07 09:37:46 Image size of job updated: 2906592
	2258  -  MemoryUsage of job (MB)
	2312112  -  ResidentSetSize of job (KB)
...
006 (005.5157.000) 05/07 09:37:51 Image size of job updated: 2906592
	2288  -  MemoryUsage of job (MB)
	2342076  -  ResidentSetSize of job (KB)
...
006 (005.5157.000) 05/07 09:37:56 Image size of job updated: 2995680
	2312  -  MemoryUsage of job (MB)
	2367156  -  ResidentSetSize of job (KB)
...
006 (005.5157.000) 05/07 09:38:01 Image size of job updated: 2995680
	2341  -  MemoryUsage of job (MB)
	2396724  -  ResidentSetSize of job (KB)
...
006 (005.5157.000) 05/07 09:38:06 Image size of job updated: 2995680
	2371  -  MemoryUsage of job (MB)
	2426952  -  ResidentSetSize of job (KB)
...
006 (005.5157.000) 05/07 09:38:11 Image size of job updated: 3061216
	2397  -  MemoryUsage of job (MB)
	2454012  -  ResidentSetSize of job (KB)
...
006 (005.5157.000) 05/07 09:38:16 Image size of job updated: 3102176
	2427  -  MemoryUsage of job (MB)
	2484240  -  ResidentSetSize of job (KB)
...
006 (005.5157.000) 05/07 09:38:21 Image size of job updated: 3102176
	2454  -  MemoryUsage of job (MB)
	2512620  -  ResidentSetSize of job (KB)
...
006 (005.5157.000) 05/07 09:38:26 Image size of job updated: 3149280
	2482  -  MemoryUsage of job (MB)
	2541528  -  ResidentSetSize of job (KB)
...
006 (005.5157.000) 05/07 09:38:31 Image size of job updated: 3173856
	2509  -  MemoryUsage of job (MB)
	2569116  -  ResidentSetSize of job (KB)
...
006 (005.5157.000) 05/07 09:38:37 Image size of job updated: 3173856
	2541  -  MemoryUsage of job (MB)
	2601456  -  ResidentSetSize of job (KB)
...
006 (005.5157.000) 05/07 09:38:43 Image size of job updated: 3254752
	2573  -  MemoryUsage of job (MB)
	2634324  -  ResidentSetSize of job (KB)
...
006 (005.5157.000) 05/07 09:38:49 Image size of job updated: 3254752
	2609  -  MemoryUsage of job (MB)
	2670756  -  ResidentSetSize of job (KB)
...
006 (005.5157.000) 05/07 09:38:55 Image size of job updated: 3325408
	2642  -  MemoryUsage of job (MB)
	2704680  -  ResidentSetSize of job (KB)
...
006 (005.5157.000) 05/07 09:39:01 Image size of job updated: 3367392
	2677  -  MemoryUsage of job (MB)
	2740452  -  ResidentSetSize of job (KB)
...
006 (005.5157.000) 05/07 09:39:07 Image size of job updated: 3386848
	2709  -  MemoryUsage of job (MB)
	2773980  -  ResidentSetSize of job (KB)
...
006 (005.5157.000) 05/07 09:39:13 Image size of job updated: 3386848
	2746  -  MemoryUsage of job (MB)
	2810940  -  ResidentSetSize of job (KB)
...
006 (005.5157.000) 05/07 09:39:19 Image size of job updated: 3453408
	2777  -  MemoryUsage of job (MB)
	2843148  -  ResidentSetSize of job (KB)
...
006 (005.5157.000) 05/07 09:39:25 Image size of job updated: 3453408
	2810  -  MemoryUsage of job (MB)
	2876676  -  ResidentSetSize of job (KB)
...
006 (005.5157.000) 05/07 09:39:31 Image size of job updated: 3542496
	2846  -  MemoryUsage of job (MB)
	2914164  -  ResidentSetSize of job (KB)
...
006 (005.5157.000) 05/07 09:39:37 Image size of job updated: 3567072
	2889  -  MemoryUsage of job (MB)
	2958252  -  ResidentSetSize of job (KB)
...
006 (005.5157.000) 05/07 09:39:43 Image size of job updated: 3567072
	2933  -  MemoryUsage of job (MB)
	3003264  -  ResidentSetSize of job (KB)
...
006 (005.5157.000) 05/07 09:39:49 Image size of job updated: 3665376
	2980  -  MemoryUsage of job (MB)
	3050520  -  ResidentSetSize of job (KB)
...
006 (005.5157.000) 05/07 09:39:55 Image size of job updated: 3665376
	3024  -  MemoryUsage of job (MB)
	3095664  -  ResidentSetSize of job (KB)
...
006 (005.5157.000) 05/07 09:40:01 Image size of job updated: 3665376
	3058  -  MemoryUsage of job (MB)
	3130908  -  ResidentSetSize of job (KB)
...
006 (005.5157.000) 05/07 09:40:07 Image size of job updated: 3766752
	3089  -  MemoryUsage of job (MB)
	3162456  -  ResidentSetSize of job (KB)
...
006 (005.5157.000) 05/07 09:40:13 Image size of job updated: 3766752
	3122  -  MemoryUsage of job (MB)
	3196908  -  ResidentSetSize of job (KB)
...
006 (005.5157.000) 05/07 09:40:19 Image size of job updated: 3846624
	3152  -  MemoryUsage of job (MB)
	3227400  -  ResidentSetSize of job (KB)
...
006 (005.5157.000) 05/07 09:40:25 Image size of job updated: 3846624
	3183  -  MemoryUsage of job (MB)
	3259080  -  ResidentSetSize of job (KB)
...
006 (005.5157.000) 05/07 09:40:31 Image size of job updated: 3846624
	3215  -  MemoryUsage of job (MB)
	3291816  -  ResidentSetSize of job (KB)
...
006 (005.5157.000) 05/07 09:40:37 Image size of job updated: 3926496
	3247  -  MemoryUsage of job (MB)
	3324552  -  ResidentSetSize of job (KB)
...
006 (005.5157.000) 05/07 09:40:43 Image size of job updated: 3926496
	3277  -  MemoryUsage of job (MB)
	3355440  -  ResidentSetSize of job (KB)
...
006 (005.5157.000) 05/07 09:40:49 Image size of job updated: 4014560
	3309  -  MemoryUsage of job (MB)
	3388176  -  ResidentSetSize of job (KB)
...
006 (005.5157.000) 05/07 09:40:55 Image size of job updated: 4039136
	3342  -  MemoryUsage of job (MB)
	3421440  -  ResidentSetSize of job (KB)
...
006 (005.5157.000) 05/07 09:41:01 Image size of job updated: 4067808
	3374  -  MemoryUsage of job (MB)
	3454704  -  ResidentSetSize of job (KB)
...
006 (005.5157.000) 05/07 09:41:07 Image size of job updated: 4095456
	3407  -  MemoryUsage of job (MB)
	3488496  -  ResidentSetSize of job (KB)
...
006 (005.5157.000) 05/07 09:41:13 Image size of job updated: 4095456
	3439  -  MemoryUsage of job (MB)
	3521100  -  ResidentSetSize of job (KB)
...
006 (005.5157.000) 05/07 09:41:19 Image size of job updated: 4176352
	3471  -  MemoryUsage of job (MB)
	3553440  -  ResidentSetSize of job (KB)
...
006 (005.5157.000) 05/07 09:41:25 Image size of job updated: 4206048
	3504  -  MemoryUsage of job (MB)
	3587628  -  ResidentSetSize of job (KB)
...
006 (005.5157.000) 05/07 09:41:31 Image size of job updated: 4240864
	3538  -  MemoryUsage of job (MB)
	3622080  -  ResidentSetSize of job (KB)
...
006 (005.5157.000) 05/07 09:41:37 Image size of job updated: 4270560
	3571  -  MemoryUsage of job (MB)
	3655740  -  ResidentSetSize of job (KB)
...
006 (005.5157.000) 05/07 09:41:43 Image size of job updated: 4270560
	3604  -  MemoryUsage of job (MB)
	3689796  -  ResidentSetSize of job (KB)
...
006 (005.5157.000) 05/07 09:41:49 Image size of job updated: 4346336
	3637  -  MemoryUsage of job (MB)
	3723852  -  ResidentSetSize of job (KB)
...
006 (005.5157.000) 05/07 09:41:55 Image size of job updated: 4346336
	3669  -  MemoryUsage of job (MB)
	3756588  -  ResidentSetSize of job (KB)
...
006 (005.5157.000) 05/07 09:42:01 Image size of job updated: 4390368
	3704  -  MemoryUsage of job (MB)
	3792360  -  ResidentSetSize of job (KB)
...
006 (005.5157.000) 05/07 09:42:07 Image size of job updated: 4440544
	3736  -  MemoryUsage of job (MB)
	3825228  -  ResidentSetSize of job (KB)
...
006 (005.5157.000) 05/07 09:42:13 Image size of job updated: 4440544
	3769  -  MemoryUsage of job (MB)
	3859020  -  ResidentSetSize of job (KB)
...
006 (005.5157.000) 05/07 09:42:19 Image size of job updated: 4517344
	3805  -  MemoryUsage of job (MB)
	3895584  -  ResidentSetSize of job (KB)
...
006 (005.5157.000) 05/07 09:42:25 Image size of job updated: 4517344
	3839  -  MemoryUsage of job (MB)
	3930432  -  ResidentSetSize of job (KB)
...
006 (005.5157.000) 05/07 09:42:31 Image size of job updated: 4517344
	3874  -  MemoryUsage of job (MB)
	3966864  -  ResidentSetSize of job (KB)
...
006 (005.5157.000) 05/07 09:42:37 Image size of job updated: 4620768
	3912  -  MemoryUsage of job (MB)
	4004880  -  ResidentSetSize of job (KB)
...
006 (005.5157.000) 05/07 09:42:43 Image size of job updated: 4620768
	3943  -  MemoryUsage of job (MB)
	4037352  -  ResidentSetSize of job (KB)
...
006 (005.5157.000) 05/07 09:42:49 Image size of job updated: 4620768
	3977  -  MemoryUsage of job (MB)
	4072068  -  ResidentSetSize of job (KB)
...
006 (005.5157.000) 05/07 09:42:55 Image size of job updated: 4705760
	4009  -  MemoryUsage of job (MB)
	4104804  -  ResidentSetSize of job (KB)
...
006 (005.5157.000) 05/07 09:43:01 Image size of job updated: 4767200
	4042  -  MemoryUsage of job (MB)
	4138596  -  ResidentSetSize of job (KB)
...
006 (005.5157.000) 05/07 09:43:07 Image size of job updated: 4790752
	4077  -  MemoryUsage of job (MB)
	4173972  -  ResidentSetSize of job (KB)
...
006 (005.5157.000) 05/07 09:43:13 Image size of job updated: 4790752
	4108  -  MemoryUsage of job (MB)
	4206312  -  ResidentSetSize of job (KB)
...
006 (005.5157.000) 05/07 09:43:19 Image size of job updated: 4790752
	4138  -  MemoryUsage of job (MB)
	4237200  -  ResidentSetSize of job (KB)
...
006 (005.5157.000) 05/07 09:43:25 Image size of job updated: 4882912
	4170  -  MemoryUsage of job (MB)
	4270068  -  ResidentSetSize of job (KB)
...
006 (005.5157.000) 05/07 09:43:31 Image size of job updated: 4882912
	4203  -  MemoryUsage of job (MB)
	4303860  -  ResidentSetSize of job (KB)
...
006 (005.5157.000) 05/07 09:43:37 Image size of job updated: 4882912
	4236  -  MemoryUsage of job (MB)
	4337520  -  ResidentSetSize of job (KB)
...
006 (005.5157.000) 05/07 09:43:43 Image size of job updated: 4986336
	4270  -  MemoryUsage of job (MB)
	4371708  -  ResidentSetSize of job (KB)
...
006 (005.5157.000) 05/07 09:43:49 Image size of job updated: 4986336
	4302  -  MemoryUsage of job (MB)
	4405104  -  ResidentSetSize of job (KB)
...
006 (005.5157.000) 05/07 09:43:55 Image size of job updated: 5054944
	4333  -  MemoryUsage of job (MB)
	4436520  -  ResidentSetSize of job (KB)
...
006 (005.5157.000) 05/07 09:44:01 Image size of job updated: 5054944
	4365  -  MemoryUsage of job (MB)
	4469256  -  ResidentSetSize of job (KB)
...
006 (005.5157.000) 05/07 09:44:07 Image size of job updated: 5054944
	4397  -  MemoryUsage of job (MB)
	4502256  -  ResidentSetSize of job (KB)
...
006 (005.5157.000) 05/07 09:44:13 Image size of job updated: 5166560
	4431  -  MemoryUsage of job (MB)
	4536708  -  ResidentSetSize of job (KB)
...
006 (005.5157.000) 05/07 09:44:19 Image size of job updated: 5166560
	4463  -  MemoryUsage of job (MB)
	4569840  -  ResidentSetSize of job (KB)
...
006 (005.5157.000) 05/07 09:44:25 Image size of job updated: 5224928
	4495  -  MemoryUsage of job (MB)
	4602048  -  ResidentSetSize of job (KB)
...
006 (005.5157.000) 05/07 09:44:31 Image size of job updated: 5224928
	4528  -  MemoryUsage of job (MB)
	4636368  -  ResidentSetSize of job (KB)
...
006 (005.5157.000) 05/07 09:44:37 Image size of job updated: 5224928
	4561  -  MemoryUsage of job (MB)
	4669764  -  ResidentSetSize of job (KB)
...
006 (005.5157.000) 05/07 09:44:44 Image size of job updated: 5315040
	4597  -  MemoryUsage of job (MB)
	4706328  -  ResidentSetSize of job (KB)
...
006 (005.5157.000) 05/07 09:44:49 Image size of job updated: 5362144
	4623  -  MemoryUsage of job (MB)
	4733784  -  ResidentSetSize of job (KB)
...
006 (005.5157.000) 05/07 09:44:54 Image size of job updated: 5362144
	4651  -  MemoryUsage of job (MB)
	4762428  -  ResidentSetSize of job (KB)
...
006 (005.5157.000) 05/07 09:44:59 Image size of job updated: 5407200
	4679  -  MemoryUsage of job (MB)
	4790280  -  ResidentSetSize of job (KB)
...
006 (005.5157.000) 05/07 09:45:04 Image size of job updated: 5447136
	4704  -  MemoryUsage of job (MB)
	4816812  -  ResidentSetSize of job (KB)
...
006 (005.5157.000) 05/07 09:45:09 Image size of job updated: 5447136
	4732  -  MemoryUsage of job (MB)
	4844796  -  ResidentSetSize of job (KB)
...
006 (005.5157.000) 05/07 09:45:14 Image size of job updated: 5605856
	4944  -  MemoryUsage of job (MB)
	5061672  -  ResidentSetSize of job (KB)
...
006 (005.5157.000) 05/07 09:45:19 Image size of job updated: 5694944
	4944  -  MemoryUsage of job (MB)
	5061672  -  ResidentSetSize of job (KB)
...
005 (005.5157.000) 05/07 09:45:20 Job terminated.
	(1) Normal termination (return value 0)
		Usr 0 00:24:44, Sys 0 00:00:04  -  Run Remote Usage
		Usr 0 00:00:00, Sys 0 00:00:00  -  Run Local Usage
		Usr 0 00:24:44, Sys 0 00:00:04  -  Total Remote Usage
		Usr 0 00:00:00, Sys 0 00:00:00  -  Total Local Usage
	0  -  Run Bytes Sent By Job
	0  -  Run Bytes Received By Job
	0  -  Total Bytes Sent By Job
	0  -  Total Bytes Received By Job
	Partitionable Resources :      Usage  Request Allocated 
	   Cpus                 :       1.00        1         1 
	   Disk (KB)            : 2000000     2000000   6275465 
	   Memory (MB)          :    4944        1954      2007 
...
