000 (180.050.000) 05/05 19:37:40 Job submitted from host: <127.0.0.1:9618?addrs=127.0.0.1-9618&noUDP&sock=222_da1d_4>
...
001 (180.050.000) 05/05 19:37:52 Job executing on host: <127.0.0.1:9618?addrs=127.0.0.1-9618&noUDP&sock=222_da1d_5>
...
006 (180.050.000) 05/05 19:37:57 Image size of job updated: 2000000
	101  -  MemoryUsage of job (MB)
	102696  -  ResidentSetSize of job (KB)
...
006 (180.050.000) 05/05 19:43:27 Image size of job updated: 2000000
	153  -  MemoryUsage of job (MB)
	155760  -  ResidentSetSize of job (KB)
...
006 (180.050.000) 05/05 19:43:33 Image size of job updated: 2000000
	184  -  MemoryUsage of job (MB)
	187704  -  ResidentSetSize of job (KB)
...
006 (180.050.000) 05/05 19:43:39 Image size of job updated: 2000000
	185  -  MemoryUsage of job (MB)
	188628  -  ResidentSetSize of job (KB)
...
006 (180.050.000) 05/05 19:43:45 Image size of job updated: 2000000
	195  -  MemoryUsage of job (MB)
	198924  -  ResidentSetSize of job (KB)
...
006 (180.050.000) 05/05 19:43:51 Image size of job updated: 2000000
	205  -  MemoryUsage of job (MB)
	209352  -  ResidentSetSize of job (KB)
...
006 (180.050.000) 05/05 19:43:57 Image size of job updated: 2000000
	214  -  MemoryUsage of job (MB)
	218724  -  ResidentSetSize of job (KB)
...
006 (180.050.000) 05/05 19:44:03 Image size of job updated: 2000000
	224  -  MemoryUsage of job (MB)
	229152  -  ResidentSetSize of job (KB)
...
006 (180.050.000) 05/05 19:44:09 Image size of job updated: 2000000
	233  -  MemoryUsage of job (MB)
	238260  -  ResidentSetSize of job (KB)
...
006 (180.050.000) 05/05 19:44:15 Image size of job updated: 2000000
	240  -  MemoryUsage of job (MB)
	245256  -  ResidentSetSize of job (KB)
...
006 (180.050.000) 05/05 19:44:21 Image size of job updated: 2000000
	241  -  MemoryUsage of job (MB)
	245916  -  ResidentSetSize of job (KB)
...
006 (180.050.000) 05/05 19:44:27 Image size of job updated: 2000000
	286  -  MemoryUsage of job (MB)
	291852  -  ResidentSetSize of job (KB)
...
006 (180.050.000) 05/05 19:44:33 Image size of job updated: 2000000
	328  -  MemoryUsage of job (MB)
	335676  -  ResidentSetSize of job (KB)
...
006 (180.050.000) 05/05 19:45:17 Image size of job updated: 2000000
	1168  -  MemoryUsage of job (MB)
	1195788  -  ResidentSetSize of job (KB)
...
006 (180.050.000) 05/05 19:59:41 Image size of job updated: 2000000
	1170  -  MemoryUsage of job (MB)
	1197768  -  ResidentSetSize of job (KB)
...
006 (180.050.000) 05/05 19:59:47 Image size of job updated: 2000000
	1248  -  MemoryUsage of job (MB)
	1277232  -  ResidentSetSize of job (KB)
...
006 (180.050.000) 05/05 19:59:53 Image size of job updated: 2000000
	1619  -  MemoryUsage of job (MB)
	1657524  -  ResidentSetSize of job (KB)
...
006 (180.050.000) 05/05 19:59:59 Image size of job updated: 2317000
	1648  -  MemoryUsage of job (MB)
	1686696  -  ResidentSetSize of job (KB)
...
006 (180.050.000) 05/05 20:00:05 Image size of job updated: 2317000
	1876  -  MemoryUsage of job (MB)
	1920600  -  ResidentSetSize of job (KB)
...
006 (180.050.000) 05/05 20:00:11 Image size of job updated: 2317000
	1982  -  MemoryUsage of job (MB)
	2029368  -  ResidentSetSize of job (KB)
...
006 (180.050.000) 05/05 20:00:17 Image size of job updated: 2675688
	2041  -  MemoryUsage of job (MB)
	2089296  -  ResidentSetSize of job (KB)
...
006 (180.050.000) 05/05 20:00:23 Image size of job updated: 2675688
	2110  -  MemoryUsage of job (MB)
	2160576  -  ResidentSetSize of job (KB)
...
006 (180.050.000) 05/05 20:00:29 Image size of job updated: 2851816
	2158  -  MemoryUsage of job (MB)
	2209020  -  ResidentSetSize of job (KB)
...
006 (180.050.000) 05/05 20:00:35 Image size of job updated: 2899944
	2189  -  MemoryUsage of job (MB)
	2240700  -  ResidentSetSize of job (KB)
...
006 (180.050.000) 05/05 20:00:41 Image size of job updated: 2903016
	2262  -  MemoryUsage of job (MB)
	2316204  -  ResidentSetSize of job (KB)
...
006 (180.050.000) 05/05 20:00:48 Image size of job updated: 3002344
	2336  -  MemoryUsage of job (MB)
	2391840  -  ResidentSetSize of job (KB)
...
006 (180.050.000) 05/05 20:00:58 Image size of job updated: 3002344
	2363  -  MemoryUsage of job (MB)
	2419692  -  ResidentSetSize of job (KB)
...
006 (180.050.000) 05/05 20:01:11 Image size of job updated: 3101672
	2514  -  MemoryUsage of job (MB)
	2574264  -  ResidentSetSize of job (KB)
...
006 (180.050.000) 05/05 20:01:22 Image size of job updated: 3256296
	2576  -  MemoryUsage of job (MB)
	2637492  -  ResidentSetSize of job (KB)
...
006 (180.050.000) 05/05 20:01:29 Image size of job updated: 3256296
	2661  -  MemoryUsage of job (MB)
	2724216  -  ResidentSetSize of job (KB)
...
006 (180.050.000) 05/05 20:01:38 Image size of job updated: 3443688
	2721  -  MemoryUsage of job (MB)
	2785596  -  ResidentSetSize of job (KB)
...
006 (180.050.000) 05/05 20:01:43 Image size of job updated: 3446760
	2781  -  MemoryUsage of job (MB)
	2846976  -  ResidentSetSize of job (KB)
...
006 (180.050.000) 05/05 20:01:48 Image size of job updated: 3522536
	2838  -  MemoryUsage of job (MB)
	2905452  -  ResidentSetSize of job (KB)
...
006 (180.050.000) 05/05 20:01:53 Image size of job updated: 3522536
	2895  -  MemoryUsage of job (MB)
	2964060  -  ResidentSetSize of job (KB)
...
006 (180.050.000) 05/05 20:01:58 Image size of job updated: 3635176
	2924  -  MemoryUsage of job (MB)
	2994156  -  ResidentSetSize of job (KB)
...
006 (180.050.000) 05/05 20:02:03 Image size of job updated: 3711976
	2988  -  MemoryUsage of job (MB)
	3059364  -  ResidentSetSize of job (KB)
...
006 (180.050.000) 05/05 20:02:08 Image size of job updated: 3711976
	3047  -  MemoryUsage of job (MB)
	3119820  -  ResidentSetSize of job (KB)
...
006 (180.050.000) 05/05 20:02:13 Image size of job updated: 3816424
	3109  -  MemoryUsage of job (MB)
	3183180  -  ResidentSetSize of job (KB)
...
005 (180.050.000) 05/05 20:02:18 Job terminated.
	(0) Abnormal termination (signal 9)
	(0) No core file
		Usr 0 00:17:46, Sys 0 00:00:14  -  Run Remote Usage
		Usr 0 00:00:00, Sys 0 00:00:00  -  Run Local Usage
		Usr 0 00:17:46, Sys 0 00:00:14  -  Total Remote Usage
		Usr 0 00:00:00, Sys 0 00:00:00  -  Total Local Usage
	0  -  Run Bytes Sent By Job
	0  -  Run Bytes Received By Job
	0  -  Total Bytes Sent By Job
	0  -  Total Bytes Received By Job
	Partitionable Resources :      Usage  Request Allocated 
	   Cpus                 :       0.99        1         1 
	   Disk (KB)            : 2000000     2000000   6540465 
	   Memory (MB)          :    3109        1954      2007 
...
000 (199.017.000) 05/06 02:27:40 Job submitted from host: <127.0.0.1:9618?addrs=127.0.0.1-9618&noUDP&sock=222_da1d_4>
...
001 (199.017.000) 05/06 12:56:13 Job executing on host: <127.0.0.1:9618?addrs=127.0.0.1-9618&noUDP&sock=222_da1d_5>
...
006 (199.017.000) 05/06 12:56:18 Image size of job updated: 2000000
	37  -  MemoryUsage of job (MB)
	37224  -  ResidentSetSize of job (KB)
...
006 (199.017.000) 05/06 12:56:38 Image size of job updated: 2000000
	100  -  MemoryUsage of job (MB)
	102300  -  ResidentSetSize of job (KB)
...
006 (199.017.000) 05/06 12:57:52 Image size of job updated: 2000000
	184  -  MemoryUsage of job (MB)
	187572  -  ResidentSetSize of job (KB)
...
006 (199.017.000) 05/06 12:58:24 Image size of job updated: 2000000
	218  -  MemoryUsage of job (MB)
	222552  -  ResidentSetSize of job (KB)
...
006 (199.017.000) 05/06 12:58:44 Image size of job updated: 2000000
	297  -  MemoryUsage of job (MB)
	303864  -  ResidentSetSize of job (KB)
...
006 (199.017.000) 05/06 12:58:57 Image size of job updated: 2000000
	317  -  MemoryUsage of job (MB)
	324588  -  ResidentSetSize of job (KB)
...
006 (199.017.000) 05/06 12:59:09 Image size of job updated: 2000000
	418  -  MemoryUsage of job (MB)
	427152  -  ResidentSetSize of job (KB)
...
006 (199.017.000) 05/06 12:59:17 Image size of job updated: 2000000
	948  -  MemoryUsage of job (MB)
	970596  -  ResidentSetSize of job (KB)
...
006 (199.017.000) 05/06 12:59:24 Image size of job updated: 2000000
	974  -  MemoryUsage of job (MB)
	997128  -  ResidentSetSize of job (KB)
...
006 (199.017.000) 05/06 12:59:55 Image size of job updated: 2000000
	1154  -  MemoryUsage of job (MB)
	1181664  -  ResidentSetSize of job (KB)
...
006 (199.017.000) 05/06 13:15:59 Image size of job updated: 3403756
	2698  -  MemoryUsage of job (MB)
	2762496  -  ResidentSetSize of job (KB)
...
006 (199.017.000) 05/06 13:17:36 Image size of job updated: 4729836
	4019  -  MemoryUsage of job (MB)
	4115232  -  ResidentSetSize of job (KB)
...
006 (199.017.000) 05/06 13:18:36 Image size of job updated: 5721068
	4844  -  MemoryUsage of job (MB)
	4960164  -  ResidentSetSize of job (KB)
...
006 (199.017.000) 05/06 13:19:15 Image size of job updated: 6020076
	5125  -  MemoryUsage of job (MB)
	5247924  -  ResidentSetSize of job (KB)
...
006 (199.017.000) 05/06 13:19:47 Image size of job updated: 6334444
	5472  -  MemoryUsage of job (MB)
	5602476  -  ResidentSetSize of job (KB)
...
006 (199.017.000) 05/06 13:20:22 Image size of job updated: 6893548
	5947  -  MemoryUsage of job (MB)
	6088896  -  ResidentSetSize of job (KB)
...
006 (199.017.000) 05/06 13:20:53 Image size of job updated: 7235564
	6302  -  MemoryUsage of job (MB)
	6452952  -  ResidentSetSize of job (KB)
...
006 (199.017.000) 05/06 13:21:12 Image size of job updated: 7495660
	6302  -  MemoryUsage of job (MB)
	6452952  -  ResidentSetSize of job (KB)
...
005 (199.017.000) 05/06 13:21:12 Job terminated.
	(0) Abnormal termination (signal 9)
	(0) No core file
		Usr 0 00:17:27, Sys 0 00:02:46  -  Run Remote Usage
		Usr 0 00:00:00, Sys 0 00:00:00  -  Run Local Usage
		Usr 0 00:17:27, Sys 0 00:02:46  -  Total Remote Usage
		Usr 0 00:00:00, Sys 0 00:00:00  -  Total Local Usage
	0  -  Run Bytes Sent By Job
	0  -  Run Bytes Received By Job
	0  -  Total Bytes Sent By Job
	0  -  Total Bytes Received By Job
	Partitionable Resources :      Usage  Request Allocated 
	   Cpus                 :       0.97        1         1 
	   Disk (KB)            : 2000000     2000000   6540465 
	   Memory (MB)          :    6302        1954      2007 
...
