000 (205.7973.000) 05/06 03:21:30 Job submitted from host: <127.0.0.1:9618?addrs=127.0.0.1-9618&noUDP&sock=222_da1d_4>
...
033 (205.7973.000) 05/06 14:24:00 Changing job attribute JobPrio from 0 to -5
...
000 (007.7973.000) 05/07 19:00:54 Job submitted from host: <127.0.0.1:9618?addrs=127.0.0.1-9618&noUDP&sock=215_0cf3_4>
...
000 (016.7973.000) 05/08 15:57:56 Job submitted from host: <127.0.0.1:9618?addrs=127.0.0.1-9618&noUDP&sock=227_4816_4>
...
009 (016.7973.000) 05/09 16:55:59 Job was aborted by the user.
	via condor_rm (by user aw868)
...
000 (014.812.000) 05/09 17:29:57 Job submitted from host: <127.0.0.1:9618?addrs=127.0.0.1-9618&noUDP&sock=212_fe2a_4>
...
033 (014.812.000) 05/09 17:34:01 Changing job attribute JobPrio from 0 to -10
...
033 (014.812.000) 05/09 21:36:16 Changing job attribute JobPrio from -10 to -15
...
001 (014.812.000) 05/10 02:04:29 Job executing on host: <127.0.0.1:9618?addrs=127.0.0.1-9618&noUDP&sock=212_fe2a_5>
...
006 (014.812.000) 05/10 02:04:35 Image size of job updated: 2000000
	115  -  MemoryUsage of job (MB)
	116952  -  ResidentSetSize of job (KB)
...
006 (014.812.000) 05/10 02:05:11 Image size of job updated: 2000000
	189  -  MemoryUsage of job (MB)
	193116  -  ResidentSetSize of job (KB)
...
006 (014.812.000) 05/10 02:05:17 Image size of job updated: 2000000
	205  -  MemoryUsage of job (MB)
	209352  -  ResidentSetSize of job (KB)
...
006 (014.812.000) 05/10 02:05:23 Image size of job updated: 2000000
	214  -  MemoryUsage of job (MB)
	218328  -  ResidentSetSize of job (KB)
...
006 (014.812.000) 05/10 02:05:29 Image size of job updated: 2000000
	226  -  MemoryUsage of job (MB)
	231396  -  ResidentSetSize of job (KB)
...
006 (014.812.000) 05/10 02:05:35 Image size of job updated: 2000000
	238  -  MemoryUsage of job (MB)
	243276  -  ResidentSetSize of job (KB)
...
006 (014.812.000) 05/10 02:05:41 Image size of job updated: 2000000
	247  -  MemoryUsage of job (MB)
	251988  -  ResidentSetSize of job (KB)
...
006 (014.812.000) 05/10 02:05:50 Image size of job updated: 2000000
	253  -  MemoryUsage of job (MB)
	258060  -  ResidentSetSize of job (KB)
...
006 (014.812.000) 05/10 02:05:58 Image size of job updated: 2000000
	254  -  MemoryUsage of job (MB)
	259644  -  ResidentSetSize of job (KB)
...
006 (014.812.000) 05/10 02:06:05 Image size of job updated: 2000000
	285  -  MemoryUsage of job (MB)
	291720  -  ResidentSetSize of job (KB)
...
006 (014.812.000) 05/10 02:06:10 Image size of job updated: 2000000
	328  -  MemoryUsage of job (MB)
	335808  -  ResidentSetSize of job (KB)
...
006 (014.812.000) 05/10 02:06:15 Image size of job updated: 2000000
	370  -  MemoryUsage of job (MB)
	378048  -  ResidentSetSize of job (KB)
...
006 (014.812.000) 05/10 02:06:20 Image size of job updated: 2000000
	373  -  MemoryUsage of job (MB)
	381480  -  ResidentSetSize of job (KB)
...
006 (014.812.000) 05/10 02:06:25 Image size of job updated: 2000000
	409  -  MemoryUsage of job (MB)
	418176  -  ResidentSetSize of job (KB)
...
006 (014.812.000) 05/10 02:06:30 Image size of job updated: 2000000
	466  -  MemoryUsage of job (MB)
	476388  -  ResidentSetSize of job (KB)
...
006 (014.812.000) 05/10 02:06:35 Image size of job updated: 2000000
	526  -  MemoryUsage of job (MB)
	538032  -  ResidentSetSize of job (KB)
...
006 (014.812.000) 05/10 02:06:40 Image size of job updated: 2000000
	1237  -  MemoryUsage of job (MB)
	1266540  -  ResidentSetSize of job (KB)
...
006 (014.812.000) 05/10 02:23:47 Image size of job updated: 2000000
	1529  -  MemoryUsage of job (MB)
	1564728  -  ResidentSetSize of job (KB)
...
006 (014.812.000) 05/10 02:23:52 Image size of job updated: 2370004
	1680  -  MemoryUsage of job (MB)
	1719960  -  ResidentSetSize of job (KB)
...
006 (014.812.000) 05/10 02:23:57 Image size of job updated: 2370004
	1770  -  MemoryUsage of job (MB)
	1812096  -  ResidentSetSize of job (KB)
...
006 (014.812.000) 05/10 02:24:02 Image size of job updated: 2370004
	1958  -  MemoryUsage of job (MB)
	2004948  -  ResidentSetSize of job (KB)
...
006 (014.812.000) 05/10 02:24:07 Image size of job updated: 2739444
	2042  -  MemoryUsage of job (MB)
	2090748  -  ResidentSetSize of job (KB)
...
006 (014.812.000) 05/10 02:24:12 Image size of job updated: 2800884
	2132  -  MemoryUsage of job (MB)
	2183148  -  ResidentSetSize of job (KB)
...
006 (014.812.000) 05/10 02:24:17 Image size of job updated: 2800884
	2229  -  MemoryUsage of job (MB)
	2282148  -  ResidentSetSize of job (KB)
...
006 (014.812.000) 05/10 02:24:22 Image size of job updated: 2937076
	2304  -  MemoryUsage of job (MB)
	2358708  -  ResidentSetSize of job (KB)
...
006 (014.812.000) 05/10 02:24:27 Image size of job updated: 3033332
	2370  -  MemoryUsage of job (MB)
	2426820  -  ResidentSetSize of job (KB)
...
006 (014.812.000) 05/10 02:24:32 Image size of job updated: 3033332
	2439  -  MemoryUsage of job (MB)
	2497440  -  ResidentSetSize of job (KB)
...
006 (014.812.000) 05/10 02:24:37 Image size of job updated: 3033332
	2506  -  MemoryUsage of job (MB)
	2565684  -  ResidentSetSize of job (KB)
...
006 (014.812.000) 05/10 02:24:42 Image size of job updated: 3250420
	2572  -  MemoryUsage of job (MB)
	2633664  -  ResidentSetSize of job (KB)
...
006 (014.812.000) 05/10 02:24:47 Image size of job updated: 3289332
	2641  -  MemoryUsage of job (MB)
	2704152  -  ResidentSetSize of job (KB)
...
006 (014.812.000) 05/10 02:24:52 Image size of job updated: 3289332
	2709  -  MemoryUsage of job (MB)
	2773980  -  ResidentSetSize of job (KB)
...
006 (014.812.000) 05/10 02:24:57 Image size of job updated: 3505396
	2796  -  MemoryUsage of job (MB)
	2862552  -  ResidentSetSize of job (KB)
...
006 (014.812.000) 05/10 02:25:02 Image size of job updated: 3505396
	2883  -  MemoryUsage of job (MB)
	2951916  -  ResidentSetSize of job (KB)
...
006 (014.812.000) 05/10 02:25:07 Image size of job updated: 3505396
	2964  -  MemoryUsage of job (MB)
	3034944  -  ResidentSetSize of job (KB)
...
006 (014.812.000) 05/10 02:25:12 Image size of job updated: 3742964
	3044  -  MemoryUsage of job (MB)
	3116520  -  ResidentSetSize of job (KB)
...
006 (014.812.000) 05/10 02:25:17 Image size of job updated: 3831028
	3111  -  MemoryUsage of job (MB)
	3185556  -  ResidentSetSize of job (KB)
...
006 (014.812.000) 05/10 02:25:22 Image size of job updated: 3851508
	3180  -  MemoryUsage of job (MB)
	3256044  -  ResidentSetSize of job (KB)
...
006 (014.812.000) 05/10 02:25:27 Image size of job updated: 3921140
	3250  -  MemoryUsage of job (MB)
	3327852  -  ResidentSetSize of job (KB)
...
006 (014.812.000) 05/10 02:25:32 Image size of job updated: 4029684
	3320  -  MemoryUsage of job (MB)
	3399528  -  ResidentSetSize of job (KB)
...
006 (014.812.000) 05/10 02:25:37 Image size of job updated: 4029684
	3389  -  MemoryUsage of job (MB)
	3470148  -  ResidentSetSize of job (KB)
...
006 (014.812.000) 05/10 02:25:42 Image size of job updated: 4142324
	3460  -  MemoryUsage of job (MB)
	3542880  -  ResidentSetSize of job (KB)
...
006 (014.812.000) 05/10 02:25:47 Image size of job updated: 4258036
	3530  -  MemoryUsage of job (MB)
	3614424  -  ResidentSetSize of job (KB)
...
006 (014.812.000) 05/10 02:25:52 Image size of job updated: 4258036
	3601  -  MemoryUsage of job (MB)
	3686496  -  ResidentSetSize of job (KB)
...
006 (014.812.000) 05/10 02:25:57 Image size of job updated: 4369652
	3672  -  MemoryUsage of job (MB)
	3759360  -  ResidentSetSize of job (KB)
...
006 (014.812.000) 05/10 02:26:02 Image size of job updated: 4442356
	3741  -  MemoryUsage of job (MB)
	3829980  -  ResidentSetSize of job (KB)
...
006 (014.812.000) 05/10 02:26:07 Image size of job updated: 4442356
	3812  -  MemoryUsage of job (MB)
	3902844  -  ResidentSetSize of job (KB)
...
006 (014.812.000) 05/10 02:26:12 Image size of job updated: 4442356
	3882  -  MemoryUsage of job (MB)
	3974520  -  ResidentSetSize of job (KB)
...
006 (014.812.000) 05/10 02:26:17 Image size of job updated: 4651252
	3952  -  MemoryUsage of job (MB)
	4046724  -  ResidentSetSize of job (KB)
...
006 (014.812.000) 05/10 02:26:22 Image size of job updated: 4651252
	4024  -  MemoryUsage of job (MB)
	4119588  -  ResidentSetSize of job (KB)
...
006 (014.812.000) 05/10 02:26:27 Image size of job updated: 4810996
	4094  -  MemoryUsage of job (MB)
	4191792  -  ResidentSetSize of job (KB)
...
006 (014.812.000) 05/10 02:26:32 Image size of job updated: 4883700
	4164  -  MemoryUsage of job (MB)
	4263864  -  ResidentSetSize of job (KB)
...
006 (014.812.000) 05/10 02:26:37 Image size of job updated: 4883700
	4234  -  MemoryUsage of job (MB)
	4334748  -  ResidentSetSize of job (KB)
...
006 (014.812.000) 05/10 02:26:42 Image size of job updated: 4883700
	4303  -  MemoryUsage of job (MB)
	4405500  -  ResidentSetSize of job (KB)
...
006 (014.812.000) 05/10 02:26:47 Image size of job updated: 5094644
	4372  -  MemoryUsage of job (MB)
	4476252  -  ResidentSetSize of job (KB)
...
006 (014.812.000) 05/10 02:26:52 Image size of job updated: 5094644
	4443  -  MemoryUsage of job (MB)
	4548984  -  ResidentSetSize of job (KB)
...
006 (014.812.000) 05/10 02:26:57 Image size of job updated: 5094644
	4513  -  MemoryUsage of job (MB)
	4621056  -  ResidentSetSize of job (KB)
...
006 (014.812.000) 05/10 02:27:02 Image size of job updated: 5307636
	4582  -  MemoryUsage of job (MB)
	4691412  -  ResidentSetSize of job (KB)
...
006 (014.812.000) 05/10 02:27:07 Image size of job updated: 5307636
	4651  -  MemoryUsage of job (MB)
	4762560  -  ResidentSetSize of job (KB)
...
006 (014.812.000) 05/10 02:27:12 Image size of job updated: 5307636
	4721  -  MemoryUsage of job (MB)
	4833312  -  ResidentSetSize of job (KB)
...
006 (014.812.000) 05/10 02:27:17 Image size of job updated: 5521652
	4791  -  MemoryUsage of job (MB)
	4905912  -  ResidentSetSize of job (KB)
...
006 (014.812.000) 05/10 02:27:22 Image size of job updated: 5521652
	4865  -  MemoryUsage of job (MB)
	4981416  -  ResidentSetSize of job (KB)
...
006 (014.812.000) 05/10 02:27:27 Image size of job updated: 5521652
	4940  -  MemoryUsage of job (MB)
	5057580  -  ResidentSetSize of job (KB)
...
006 (014.812.000) 05/10 02:27:32 Image size of job updated: 5757172
	5011  -  MemoryUsage of job (MB)
	5130312  -  ResidentSetSize of job (KB)
...
006 (014.812.000) 05/10 02:27:37 Image size of job updated: 5757172
	5094  -  MemoryUsage of job (MB)
	5215716  -  ResidentSetSize of job (KB)
...
006 (014.812.000) 05/10 02:27:42 Image size of job updated: 5757172
	5171  -  MemoryUsage of job (MB)
	5294520  -  ResidentSetSize of job (KB)
...
006 (014.812.000) 05/10 02:27:47 Image size of job updated: 6001908
	5242  -  MemoryUsage of job (MB)
	5367516  -  ResidentSetSize of job (KB)
...
006 (014.812.000) 05/10 02:27:52 Image size of job updated: 6001908
	5300  -  MemoryUsage of job (MB)
	5427180  -  ResidentSetSize of job (KB)
...
006 (014.812.000) 05/10 02:27:57 Image size of job updated: 6001908
	5367  -  MemoryUsage of job (MB)
	5495556  -  ResidentSetSize of job (KB)
...
006 (014.812.000) 05/10 02:28:02 Image size of job updated: 6191348
	5429  -  MemoryUsage of job (MB)
	5559180  -  ResidentSetSize of job (KB)
...
006 (014.812.000) 05/10 02:28:08 Image size of job updated: 6267124
	5509  -  MemoryUsage of job (MB)
	5640360  -  ResidentSetSize of job (KB)
...
006 (014.812.000) 05/10 02:28:14 Image size of job updated: 6340852
	5590  -  MemoryUsage of job (MB)
	5723916  -  ResidentSetSize of job (KB)
...
006 (014.812.000) 05/10 02:28:20 Image size of job updated: 6406388
	5672  -  MemoryUsage of job (MB)
	5807604  -  ResidentSetSize of job (KB)
...
006 (014.812.000) 05/10 02:28:26 Image size of job updated: 6406388
	5752  -  MemoryUsage of job (MB)
	5889840  -  ResidentSetSize of job (KB)
...
006 (014.812.000) 05/10 02:28:32 Image size of job updated: 6612212
	5833  -  MemoryUsage of job (MB)
	5972340  -  ResidentSetSize of job (KB)
...
006 (014.812.000) 05/10 02:28:38 Image size of job updated: 6612212
	5914  -  MemoryUsage of job (MB)
	6055896  -  ResidentSetSize of job (KB)
...
006 (014.812.000) 05/10 02:28:44 Image size of job updated: 6740212
	5997  -  MemoryUsage of job (MB)
	6140508  -  ResidentSetSize of job (KB)
...
006 (014.812.000) 05/10 02:28:50 Image size of job updated: 6840564
	6079  -  MemoryUsage of job (MB)
	6224592  -  ResidentSetSize of job (KB)
...
006 (014.812.000) 05/10 02:28:56 Image size of job updated: 6840564
	6162  -  MemoryUsage of job (MB)
	6309732  -  ResidentSetSize of job (KB)
...
006 (014.812.000) 05/10 02:29:02 Image size of job updated: 6840564
	6244  -  MemoryUsage of job (MB)
	6393288  -  ResidentSetSize of job (KB)
...
006 (014.812.000) 05/10 02:29:08 Image size of job updated: 7080180
	6322  -  MemoryUsage of job (MB)
	6473544  -  ResidentSetSize of job (KB)
...
006 (014.812.000) 05/10 02:29:14 Image size of job updated: 7080180
	6403  -  MemoryUsage of job (MB)
	6556176  -  ResidentSetSize of job (KB)
...
006 (014.812.000) 05/10 02:29:20 Image size of job updated: 7288052
	6485  -  MemoryUsage of job (MB)
	6640524  -  ResidentSetSize of job (KB)
...
006 (014.812.000) 05/10 02:29:26 Image size of job updated: 7288052
	6572  -  MemoryUsage of job (MB)
	6729492  -  ResidentSetSize of job (KB)
...
006 (014.812.000) 05/10 02:29:32 Image size of job updated: 7288052
	6655  -  MemoryUsage of job (MB)
	6814500  -  ResidentSetSize of job (KB)
...
006 (014.812.000) 05/10 02:29:38 Image size of job updated: 7503092
	6738  -  MemoryUsage of job (MB)
	6898980  -  ResidentSetSize of job (KB)
...
006 (014.812.000) 05/10 02:29:44 Image size of job updated: 7503092
	6826  -  MemoryUsage of job (MB)
	6989268  -  ResidentSetSize of job (KB)
...
006 (014.812.000) 05/10 02:29:50 Image size of job updated: 7724276
	6911  -  MemoryUsage of job (MB)
	7075860  -  ResidentSetSize of job (KB)
...
006 (014.812.000) 05/10 02:29:56 Image size of job updated: 7724276
	6975  -  MemoryUsage of job (MB)
	7141728  -  ResidentSetSize of job (KB)
...
006 (014.812.000) 05/10 02:30:02 Image size of job updated: 7724276
	7039  -  MemoryUsage of job (MB)
	7207464  -  ResidentSetSize of job (KB)
...
006 (014.812.000) 05/10 02:30:08 Image size of job updated: 7924980
	7085  -  MemoryUsage of job (MB)
	7254192  -  ResidentSetSize of job (KB)
...
006 (014.812.000) 05/10 02:30:14 Image size of job updated: 8006900
	7125  -  MemoryUsage of job (MB)
	7295244  -  ResidentSetSize of job (KB)
...
006 (014.812.000) 05/10 02:30:20 Image size of job updated: 8076532
	7140  -  MemoryUsage of job (MB)
	7310556  -  ResidentSetSize of job (KB)
...
006 (014.812.000) 05/10 02:30:26 Image size of job updated: 8086772
	7209  -  MemoryUsage of job (MB)
	7381836  -  ResidentSetSize of job (KB)
...
006 (014.812.000) 05/10 02:30:32 Image size of job updated: 8086772
	7286  -  MemoryUsage of job (MB)
	7460508  -  ResidentSetSize of job (KB)
...
006 (014.812.000) 05/10 02:30:38 Image size of job updated: 8278260
	7363  -  MemoryUsage of job (MB)
	7538916  -  ResidentSetSize of job (KB)
...
006 (014.812.000) 05/10 02:30:44 Image size of job updated: 8278260
	7423  -  MemoryUsage of job (MB)
	7600164  -  ResidentSetSize of job (KB)
...
006 (014.812.000) 05/10 02:30:50 Image size of job updated: 8472820
	7501  -  MemoryUsage of job (MB)
	7680816  -  ResidentSetSize of job (KB)
...
006 (014.812.000) 05/10 02:30:56 Image size of job updated: 8472820
	7581  -  MemoryUsage of job (MB)
	7762260  -  ResidentSetSize of job (KB)
...
006 (014.812.000) 05/10 02:31:02 Image size of job updated: 8579316
	7660  -  MemoryUsage of job (MB)
	7843176  -  ResidentSetSize of job (KB)
...
006 (014.812.000) 05/10 02:31:08 Image size of job updated: 8712436
	7740  -  MemoryUsage of job (MB)
	7925280  -  ResidentSetSize of job (KB)
...
006 (014.812.000) 05/10 02:31:14 Image size of job updated: 8712436
	7820  -  MemoryUsage of job (MB)
	8007648  -  ResidentSetSize of job (KB)
...
006 (014.812.000) 05/10 02:31:20 Image size of job updated: 8712436
	7901  -  MemoryUsage of job (MB)
	8089884  -  ResidentSetSize of job (KB)
...
006 (014.812.000) 05/10 02:31:26 Image size of job updated: 8925428
	7981  -  MemoryUsage of job (MB)
	8171856  -  ResidentSetSize of job (KB)
...
006 (014.812.000) 05/10 02:31:32 Image size of job updated: 8925428
	8038  -  MemoryUsage of job (MB)
	8229936  -  ResidentSetSize of job (KB)
...
006 (014.812.000) 05/10 02:31:38 Image size of job updated: 8925428
	8117  -  MemoryUsage of job (MB)
	8311644  -  ResidentSetSize of job (KB)
...
006 (014.812.000) 05/10 02:31:44 Image size of job updated: 9131252
	8371  -  MemoryUsage of job (MB)
	8570892  -  ResidentSetSize of job (KB)
...
006 (014.812.000) 05/10 02:31:50 Image size of job updated: 9131252
	8395  -  MemoryUsage of job (MB)
	8596368  -  ResidentSetSize of job (KB)
...
006 (014.812.000) 05/10 02:31:55 Image size of job updated: 9289716
	8396  -  MemoryUsage of job (MB)
	8596500  -  ResidentSetSize of job (KB)
...
005 (014.812.000) 05/10 02:31:55 Job terminated.
	(1) Normal termination (return value 0)
		Usr 0 00:26:06, Sys 0 00:00:15  -  Run Remote Usage
		Usr 0 00:00:00, Sys 0 00:00:00  -  Run Local Usage
		Usr 0 00:26:06, Sys 0 00:00:15  -  Total Remote Usage
		Usr 0 00:00:00, Sys 0 00:00:00  -  Total Local Usage
	0  -  Run Bytes Sent By Job
	0  -  Run Bytes Received By Job
	0  -  Total Bytes Sent By Job
	0  -  Total Bytes Received By Job
	Partitionable Resources :      Usage  Request Allocated 
	   Cpus                 :       0.73        1         1 
	   Disk (KB)            : 2000000     2000000   6232219 
	   Memory (MB)          :    8396        1954      2007 
...
