000 (005.4679.000) 05/05 20:23:36 Job submitted from host: <127.0.0.1:9618?addrs=127.0.0.1-9618&noUDP&sock=227_4816_4>
...
033 (005.4679.000) 05/06 14:16:49 Changing job attribute JobPrio from 0 to -10
...
001 (005.4679.000) 05/07 06:17:28 Job executing on host: <127.0.0.1:9618?addrs=127.0.0.1-9618&noUDP&sock=227_4816_5>
...
006 (005.4679.000) 05/07 06:17:33 Image size of job updated: 2000000
	101  -  MemoryUsage of job (MB)
	102960  -  ResidentSetSize of job (KB)
...
006 (005.4679.000) 05/07 06:17:58 Image size of job updated: 2000000
	109  -  MemoryUsage of job (MB)
	110748  -  ResidentSetSize of job (KB)
...
006 (005.4679.000) 05/07 06:18:03 Image size of job updated: 2000000
	177  -  MemoryUsage of job (MB)
	180312  -  ResidentSetSize of job (KB)
...
006 (005.4679.000) 05/07 06:18:08 Image size of job updated: 2000000
	184  -  MemoryUsage of job (MB)
	187968  -  ResidentSetSize of job (KB)
...
006 (005.4679.000) 05/07 06:18:13 Image size of job updated: 2000000
	185  -  MemoryUsage of job (MB)
	188496  -  ResidentSetSize of job (KB)
...
006 (005.4679.000) 05/07 06:18:18 Image size of job updated: 2000000
	194  -  MemoryUsage of job (MB)
	198132  -  ResidentSetSize of job (KB)
...
006 (005.4679.000) 05/07 06:18:23 Image size of job updated: 2000000
	204  -  MemoryUsage of job (MB)
	208296  -  ResidentSetSize of job (KB)
...
006 (005.4679.000) 05/07 06:18:28 Image size of job updated: 2000000
	212  -  MemoryUsage of job (MB)
	216216  -  ResidentSetSize of job (KB)
...
006 (005.4679.000) 05/07 06:18:33 Image size of job updated: 2000000
	222  -  MemoryUsage of job (MB)
	226380  -  ResidentSetSize of job (KB)
...
006 (005.4679.000) 05/07 06:18:38 Image size of job updated: 2000000
	231  -  MemoryUsage of job (MB)
	235884  -  ResidentSetSize of job (KB)
...
006 (005.4679.000) 05/07 06:18:43 Image size of job updated: 2000000
	239  -  MemoryUsage of job (MB)
	244068  -  ResidentSetSize of job (KB)
...
006 (005.4679.000) 05/07 06:18:48 Image size of job updated: 2000000
	255  -  MemoryUsage of job (MB)
	260436  -  ResidentSetSize of job (KB)
...
006 (005.4679.000) 05/07 06:18:53 Image size of job updated: 2000000
	297  -  MemoryUsage of job (MB)
	303336  -  ResidentSetSize of job (KB)
...
006 (005.4679.000) 05/07 06:18:58 Image size of job updated: 2000000
	327  -  MemoryUsage of job (MB)
	333828  -  ResidentSetSize of job (KB)
...
006 (005.4679.000) 05/07 06:19:03 Image size of job updated: 2000000
	329  -  MemoryUsage of job (MB)
	336204  -  ResidentSetSize of job (KB)
...
006 (005.4679.000) 05/07 06:19:08 Image size of job updated: 2000000
	406  -  MemoryUsage of job (MB)
	415008  -  ResidentSetSize of job (KB)
...
006 (005.4679.000) 05/07 06:19:13 Image size of job updated: 2000000
	461  -  MemoryUsage of job (MB)
	471504  -  ResidentSetSize of job (KB)
...
006 (005.4679.000) 05/07 06:19:18 Image size of job updated: 2000000
	1169  -  MemoryUsage of job (MB)
	1196448  -  ResidentSetSize of job (KB)
...
006 (005.4679.000) 05/07 06:32:45 Image size of job updated: 2000000
	1171  -  MemoryUsage of job (MB)
	1198296  -  ResidentSetSize of job (KB)
...
006 (005.4679.000) 05/07 06:32:51 Image size of job updated: 2000000
	1229  -  MemoryUsage of job (MB)
	1258092  -  ResidentSetSize of job (KB)
...
006 (005.4679.000) 05/07 06:32:57 Image size of job updated: 2193288
	1611  -  MemoryUsage of job (MB)
	1649472  -  ResidentSetSize of job (KB)
...
006 (005.4679.000) 05/07 06:33:03 Image size of job updated: 2262472
	1694  -  MemoryUsage of job (MB)
	1733820  -  ResidentSetSize of job (KB)
...
006 (005.4679.000) 05/07 06:33:09 Image size of job updated: 2262472
	1886  -  MemoryUsage of job (MB)
	1931160  -  ResidentSetSize of job (KB)
...
006 (005.4679.000) 05/07 06:33:15 Image size of job updated: 2564576
	1914  -  MemoryUsage of job (MB)
	1959276  -  ResidentSetSize of job (KB)
...
006 (005.4679.000) 05/07 06:33:21 Image size of job updated: 2564576
	1927  -  MemoryUsage of job (MB)
	1972476  -  ResidentSetSize of job (KB)
...
006 (005.4679.000) 05/07 06:33:27 Image size of job updated: 2611680
	1938  -  MemoryUsage of job (MB)
	1984224  -  ResidentSetSize of job (KB)
...
006 (005.4679.000) 05/07 06:33:33 Image size of job updated: 2611680
	1949  -  MemoryUsage of job (MB)
	1995180  -  ResidentSetSize of job (KB)
...
006 (005.4679.000) 05/07 06:33:39 Image size of job updated: 2611680
	1961  -  MemoryUsage of job (MB)
	2007192  -  ResidentSetSize of job (KB)
...
006 (005.4679.000) 05/07 06:33:45 Image size of job updated: 2643424
	1969  -  MemoryUsage of job (MB)
	2015244  -  ResidentSetSize of job (KB)
...
006 (005.4679.000) 05/07 06:33:51 Image size of job updated: 2654688
	1978  -  MemoryUsage of job (MB)
	2024880  -  ResidentSetSize of job (KB)
...
006 (005.4679.000) 05/07 06:33:57 Image size of job updated: 2660832
	1984  -  MemoryUsage of job (MB)
	2030952  -  ResidentSetSize of job (KB)
...
006 (005.4679.000) 05/07 06:34:03 Image size of job updated: 2660832
	1991  -  MemoryUsage of job (MB)
	2037948  -  ResidentSetSize of job (KB)
...
006 (005.4679.000) 05/07 06:34:09 Image size of job updated: 2660832
	1999  -  MemoryUsage of job (MB)
	2046000  -  ResidentSetSize of job (KB)
...
006 (005.4679.000) 05/07 06:34:15 Image size of job updated: 2678240
	2007  -  MemoryUsage of job (MB)
	2054580  -  ResidentSetSize of job (KB)
...
006 (005.4679.000) 05/07 06:34:21 Image size of job updated: 2678240
	2013  -  MemoryUsage of job (MB)
	2061180  -  ResidentSetSize of job (KB)
...
006 (005.4679.000) 05/07 06:34:27 Image size of job updated: 2697696
	2020  -  MemoryUsage of job (MB)
	2068440  -  ResidentSetSize of job (KB)
...
006 (005.4679.000) 05/07 06:34:33 Image size of job updated: 2697696
	2030  -  MemoryUsage of job (MB)
	2077944  -  ResidentSetSize of job (KB)
...
006 (005.4679.000) 05/07 06:34:39 Image size of job updated: 2697696
	2037  -  MemoryUsage of job (MB)
	2085732  -  ResidentSetSize of job (KB)
...
006 (005.4679.000) 05/07 06:34:45 Image size of job updated: 2720224
	2044  -  MemoryUsage of job (MB)
	2092860  -  ResidentSetSize of job (KB)
...
006 (005.4679.000) 05/07 06:34:51 Image size of job updated: 2726368
	2052  -  MemoryUsage of job (MB)
	2100648  -  ResidentSetSize of job (KB)
...
006 (005.4679.000) 05/07 06:34:57 Image size of job updated: 2726368
	2060  -  MemoryUsage of job (MB)
	2108436  -  ResidentSetSize of job (KB)
...
006 (005.4679.000) 05/07 06:35:03 Image size of job updated: 2739680
	2069  -  MemoryUsage of job (MB)
	2118072  -  ResidentSetSize of job (KB)
...
006 (005.4679.000) 05/07 06:35:09 Image size of job updated: 2754016
	2077  -  MemoryUsage of job (MB)
	2126652  -  ResidentSetSize of job (KB)
...
006 (005.4679.000) 05/07 06:35:15 Image size of job updated: 2763232
	2084  -  MemoryUsage of job (MB)
	2133912  -  ResidentSetSize of job (KB)
...
006 (005.4679.000) 05/07 06:35:21 Image size of job updated: 2771424
	2093  -  MemoryUsage of job (MB)
	2143020  -  ResidentSetSize of job (KB)
...
006 (005.4679.000) 05/07 06:35:27 Image size of job updated: 2778592
	2101  -  MemoryUsage of job (MB)
	2151072  -  ResidentSetSize of job (KB)
...
006 (005.4679.000) 05/07 06:35:33 Image size of job updated: 2782688
	2107  -  MemoryUsage of job (MB)
	2156880  -  ResidentSetSize of job (KB)
...
006 (005.4679.000) 05/07 06:35:39 Image size of job updated: 2782688
	2116  -  MemoryUsage of job (MB)
	2166252  -  ResidentSetSize of job (KB)
...
006 (005.4679.000) 05/07 06:35:45 Image size of job updated: 2801120
	2123  -  MemoryUsage of job (MB)
	2173776  -  ResidentSetSize of job (KB)
...
006 (005.4679.000) 05/07 06:35:51 Image size of job updated: 2812384
	2132  -  MemoryUsage of job (MB)
	2182224  -  ResidentSetSize of job (KB)
...
006 (005.4679.000) 05/07 06:35:57 Image size of job updated: 2813408
	2139  -  MemoryUsage of job (MB)
	2190276  -  ResidentSetSize of job (KB)
...
006 (005.4679.000) 05/07 06:36:03 Image size of job updated: 2828768
	2149  -  MemoryUsage of job (MB)
	2199648  -  ResidentSetSize of job (KB)
...
006 (005.4679.000) 05/07 06:36:09 Image size of job updated: 2828768
	2157  -  MemoryUsage of job (MB)
	2207832  -  ResidentSetSize of job (KB)
...
006 (005.4679.000) 05/07 06:36:15 Image size of job updated: 2828768
	2164  -  MemoryUsage of job (MB)
	2215488  -  ResidentSetSize of job (KB)
...
006 (005.4679.000) 05/07 06:36:21 Image size of job updated: 2848224
	2173  -  MemoryUsage of job (MB)
	2224728  -  ResidentSetSize of job (KB)
...
006 (005.4679.000) 05/07 06:36:27 Image size of job updated: 2848224
	2179  -  MemoryUsage of job (MB)
	2230668  -  ResidentSetSize of job (KB)
...
006 (005.4679.000) 05/07 06:36:33 Image size of job updated: 2848224
	2188  -  MemoryUsage of job (MB)
	2239512  -  ResidentSetSize of job (KB)
...
006 (005.4679.000) 05/07 06:36:39 Image size of job updated: 2869728
	2196  -  MemoryUsage of job (MB)
	2248488  -  ResidentSetSize of job (KB)
...
006 (005.4679.000) 05/07 06:36:45 Image size of job updated: 2884064
	2204  -  MemoryUsage of job (MB)
	2256540  -  ResidentSetSize of job (KB)
...
006 (005.4679.000) 05/07 06:36:51 Image size of job updated: 2892256
	2212  -  MemoryUsage of job (MB)
	2264724  -  ResidentSetSize of job (KB)
...
006 (005.4679.000) 05/07 06:36:57 Image size of job updated: 2895328
	2218  -  MemoryUsage of job (MB)
	2270664  -  ResidentSetSize of job (KB)
...
006 (005.4679.000) 05/07 06:37:03 Image size of job updated: 2905568
	2227  -  MemoryUsage of job (MB)
	2280300  -  ResidentSetSize of job (KB)
...
006 (005.4679.000) 05/07 06:37:09 Image size of job updated: 2911712
	2234  -  MemoryUsage of job (MB)
	2286768  -  ResidentSetSize of job (KB)
...
006 (005.4679.000) 05/07 06:37:15 Image size of job updated: 2911712
	2243  -  MemoryUsage of job (MB)
	2296140  -  ResidentSetSize of job (KB)
...
006 (005.4679.000) 05/07 06:37:21 Image size of job updated: 2932192
	2251  -  MemoryUsage of job (MB)
	2304984  -  ResidentSetSize of job (KB)
...
006 (005.4679.000) 05/07 06:37:27 Image size of job updated: 2932192
	2259  -  MemoryUsage of job (MB)
	2312508  -  ResidentSetSize of job (KB)
...
006 (005.4679.000) 05/07 06:37:33 Image size of job updated: 2932192
	2266  -  MemoryUsage of job (MB)
	2319900  -  ResidentSetSize of job (KB)
...
006 (005.4679.000) 05/07 06:37:39 Image size of job updated: 2950624
	2273  -  MemoryUsage of job (MB)
	2327424  -  ResidentSetSize of job (KB)
...
006 (005.4679.000) 05/07 06:37:45 Image size of job updated: 2960864
	2282  -  MemoryUsage of job (MB)
	2336268  -  ResidentSetSize of job (KB)
...
006 (005.4679.000) 05/07 06:37:51 Image size of job updated: 2972128
	2291  -  MemoryUsage of job (MB)
	2345640  -  ResidentSetSize of job (KB)
...
006 (005.4679.000) 05/07 06:37:57 Image size of job updated: 2972128
	2297  -  MemoryUsage of job (MB)
	2351184  -  ResidentSetSize of job (KB)
...
006 (005.4679.000) 05/07 06:38:02 Image size of job updated: 2972128
	2305  -  MemoryUsage of job (MB)
	2359764  -  ResidentSetSize of job (KB)
...
006 (005.4679.000) 05/07 06:38:07 Image size of job updated: 2994656
	2312  -  MemoryUsage of job (MB)
	2366760  -  ResidentSetSize of job (KB)
...
006 (005.4679.000) 05/07 06:38:12 Image size of job updated: 2994656
	2320  -  MemoryUsage of job (MB)
	2374944  -  ResidentSetSize of job (KB)
...
006 (005.4679.000) 05/07 06:38:17 Image size of job updated: 2994656
	2325  -  MemoryUsage of job (MB)
	2380620  -  ResidentSetSize of job (KB)
...
006 (005.4679.000) 05/07 06:38:22 Image size of job updated: 2994656
	2333  -  MemoryUsage of job (MB)
	2388144  -  ResidentSetSize of job (KB)
...
006 (005.4679.000) 05/07 06:38:27 Image size of job updated: 3020256
	2340  -  MemoryUsage of job (MB)
	2395668  -  ResidentSetSize of job (KB)
...
006 (005.4679.000) 05/07 06:38:32 Image size of job updated: 3028448
	2347  -  MemoryUsage of job (MB)
	2402664  -  ResidentSetSize of job (KB)
...
006 (005.4679.000) 05/07 06:38:37 Image size of job updated: 3028448
	2353  -  MemoryUsage of job (MB)
	2409132  -  ResidentSetSize of job (KB)
...
006 (005.4679.000) 05/07 06:38:42 Image size of job updated: 3038688
	2360  -  MemoryUsage of job (MB)
	2416128  -  ResidentSetSize of job (KB)
...
006 (005.4679.000) 05/07 06:38:47 Image size of job updated: 3038688
	2366  -  MemoryUsage of job (MB)
	2421936  -  ResidentSetSize of job (KB)
...
006 (005.4679.000) 05/07 06:38:52 Image size of job updated: 3038688
	2373  -  MemoryUsage of job (MB)
	2429196  -  ResidentSetSize of job (KB)
...
006 (005.4679.000) 05/07 06:38:57 Image size of job updated: 3059168
	2379  -  MemoryUsage of job (MB)
	2435796  -  ResidentSetSize of job (KB)
...
006 (005.4679.000) 05/07 06:39:02 Image size of job updated: 3059168
	2386  -  MemoryUsage of job (MB)
	2442396  -  ResidentSetSize of job (KB)
...
006 (005.4679.000) 05/07 06:39:07 Image size of job updated: 3059168
	2393  -  MemoryUsage of job (MB)
	2449524  -  ResidentSetSize of job (KB)
...
006 (005.4679.000) 05/07 06:39:12 Image size of job updated: 3080672
	2400  -  MemoryUsage of job (MB)
	2457312  -  ResidentSetSize of job (KB)
...
006 (005.4679.000) 05/07 06:39:17 Image size of job updated: 3092960
	2407  -  MemoryUsage of job (MB)
	2463780  -  ResidentSetSize of job (KB)
...
006 (005.4679.000) 05/07 06:39:22 Image size of job updated: 3102176
	2415  -  MemoryUsage of job (MB)
	2472360  -  ResidentSetSize of job (KB)
...
006 (005.4679.000) 05/07 06:39:27 Image size of job updated: 3105248
	2421  -  MemoryUsage of job (MB)
	2478828  -  ResidentSetSize of job (KB)
...
006 (005.4679.000) 05/07 06:39:32 Image size of job updated: 3105248
	2430  -  MemoryUsage of job (MB)
	2487804  -  ResidentSetSize of job (KB)
...
006 (005.4679.000) 05/07 06:39:37 Image size of job updated: 3105248
	2594  -  MemoryUsage of job (MB)
	2655840  -  ResidentSetSize of job (KB)
...
006 (005.4679.000) 05/07 06:39:42 Image size of job updated: 3333600
	2642  -  MemoryUsage of job (MB)
	2704944  -  ResidentSetSize of job (KB)
...
005 (005.4679.000) 05/07 06:39:45 Job terminated.
	(1) Normal termination (return value 0)
		Usr 0 00:21:48, Sys 0 00:00:02  -  Run Remote Usage
		Usr 0 00:00:00, Sys 0 00:00:00  -  Run Local Usage
		Usr 0 00:21:48, Sys 0 00:00:02  -  Total Remote Usage
		Usr 0 00:00:00, Sys 0 00:00:00  -  Total Local Usage
	0  -  Run Bytes Sent By Job
	0  -  Run Bytes Received By Job
	0  -  Total Bytes Sent By Job
	0  -  Total Bytes Received By Job
	Partitionable Resources :      Usage  Request Allocated 
	   Cpus                 :       0.99        1         1 
	   Disk (KB)            : 2000000     2000000   6275465 
	   Memory (MB)          :    2642        1954      2007 
...
