000 (005.7424.000) 05/05 20:24:53 Job submitted from host: <127.0.0.1:9618?addrs=127.0.0.1-9618&noUDP&sock=227_4816_4>
...
033 (005.7424.000) 05/06 14:17:32 Changing job attribute JobPrio from 0 to -10
...
009 (005.7424.000) 05/07 21:44:46 Job was aborted by the user.
	via condor_rm (by user aw868)
...
000 (011.373.000) 05/08 17:21:16 Job submitted from host: <127.0.0.1:9618?addrs=127.0.0.1-9618&noUDP&sock=212_fe2a_4>
...
001 (011.373.000) 05/08 20:01:50 Job executing on host: <127.0.0.1:9618?addrs=127.0.0.1-9618&noUDP&sock=212_fe2a_5>
...
006 (011.373.000) 05/08 20:01:56 Image size of job updated: 2000000
	103  -  MemoryUsage of job (MB)
	105072  -  ResidentSetSize of job (KB)
...
006 (011.373.000) 05/08 20:02:20 Image size of job updated: 2000000
	121  -  MemoryUsage of job (MB)
	123684  -  ResidentSetSize of job (KB)
...
006 (011.373.000) 05/08 20:02:26 Image size of job updated: 2000000
	186  -  MemoryUsage of job (MB)
	189948  -  ResidentSetSize of job (KB)
...
006 (011.373.000) 05/08 20:02:32 Image size of job updated: 2000000
	186  -  MemoryUsage of job (MB)
	190212  -  ResidentSetSize of job (KB)
...
006 (011.373.000) 05/08 20:02:38 Image size of job updated: 2000000
	196  -  MemoryUsage of job (MB)
	199980  -  ResidentSetSize of job (KB)
...
006 (011.373.000) 05/08 20:02:44 Image size of job updated: 2000000
	209  -  MemoryUsage of job (MB)
	213444  -  ResidentSetSize of job (KB)
...
006 (011.373.000) 05/08 20:02:50 Image size of job updated: 2000000
	220  -  MemoryUsage of job (MB)
	224268  -  ResidentSetSize of job (KB)
...
006 (011.373.000) 05/08 20:02:56 Image size of job updated: 2000000
	232  -  MemoryUsage of job (MB)
	237204  -  ResidentSetSize of job (KB)
...
006 (011.373.000) 05/08 20:03:02 Image size of job updated: 2000000
	242  -  MemoryUsage of job (MB)
	246840  -  ResidentSetSize of job (KB)
...
006 (011.373.000) 05/08 20:03:08 Image size of job updated: 2000000
	273  -  MemoryUsage of job (MB)
	279180  -  ResidentSetSize of job (KB)
...
006 (011.373.000) 05/08 20:03:14 Image size of job updated: 2000000
	311  -  MemoryUsage of job (MB)
	318384  -  ResidentSetSize of job (KB)
...
006 (011.373.000) 05/08 20:03:20 Image size of job updated: 2000000
	331  -  MemoryUsage of job (MB)
	338184  -  ResidentSetSize of job (KB)
...
006 (011.373.000) 05/08 20:03:26 Image size of job updated: 2000000
	391  -  MemoryUsage of job (MB)
	400356  -  ResidentSetSize of job (KB)
...
006 (011.373.000) 05/08 20:03:32 Image size of job updated: 2000000
	455  -  MemoryUsage of job (MB)
	464904  -  ResidentSetSize of job (KB)
...
006 (011.373.000) 05/08 20:03:38 Image size of job updated: 2000000
	1171  -  MemoryUsage of job (MB)
	1198296  -  ResidentSetSize of job (KB)
...
006 (011.373.000) 05/08 20:18:03 Image size of job updated: 2000000
	1172  -  MemoryUsage of job (MB)
	1199220  -  ResidentSetSize of job (KB)
...
006 (011.373.000) 05/08 20:18:08 Image size of job updated: 2000000
	1179  -  MemoryUsage of job (MB)
	1207272  -  ResidentSetSize of job (KB)
...
006 (011.373.000) 05/08 20:18:13 Image size of job updated: 2000000
	1251  -  MemoryUsage of job (MB)
	1280136  -  ResidentSetSize of job (KB)
...
006 (011.373.000) 05/08 20:18:18 Image size of job updated: 2000000
	1622  -  MemoryUsage of job (MB)
	1660032  -  ResidentSetSize of job (KB)
...
006 (011.373.000) 05/08 20:18:23 Image size of job updated: 2000000
	1925  -  MemoryUsage of job (MB)
	1970760  -  ResidentSetSize of job (KB)
...
006 (011.373.000) 05/08 20:18:33 Image size of job updated: 2600936
	1971  -  MemoryUsage of job (MB)
	2017620  -  ResidentSetSize of job (KB)
...
006 (011.373.000) 05/08 20:18:38 Image size of job updated: 2600936
	2000  -  MemoryUsage of job (MB)
	2047716  -  ResidentSetSize of job (KB)
...
006 (011.373.000) 05/08 20:18:43 Image size of job updated: 2701288
	2035  -  MemoryUsage of job (MB)
	2083752  -  ResidentSetSize of job (KB)
...
006 (011.373.000) 05/08 20:18:48 Image size of job updated: 2726888
	2067  -  MemoryUsage of job (MB)
	2116092  -  ResidentSetSize of job (KB)
...
006 (011.373.000) 05/08 20:18:53 Image size of job updated: 2767848
	2098  -  MemoryUsage of job (MB)
	2148036  -  ResidentSetSize of job (KB)
...
006 (011.373.000) 05/08 20:18:58 Image size of job updated: 2767848
	2133  -  MemoryUsage of job (MB)
	2183412  -  ResidentSetSize of job (KB)
...
006 (011.373.000) 05/08 20:19:03 Image size of job updated: 2833384
	2169  -  MemoryUsage of job (MB)
	2220240  -  ResidentSetSize of job (KB)
...
006 (011.373.000) 05/08 20:19:08 Image size of job updated: 2877416
	2202  -  MemoryUsage of job (MB)
	2254824  -  ResidentSetSize of job (KB)
...
006 (011.373.000) 05/08 20:19:13 Image size of job updated: 2877416
	2234  -  MemoryUsage of job (MB)
	2286900  -  ResidentSetSize of job (KB)
...
006 (011.373.000) 05/08 20:19:18 Image size of job updated: 2916328
	2263  -  MemoryUsage of job (MB)
	2316336  -  ResidentSetSize of job (KB)
...
006 (011.373.000) 05/08 20:19:23 Image size of job updated: 2916328
	2296  -  MemoryUsage of job (MB)
	2350260  -  ResidentSetSize of job (KB)
...
006 (011.373.000) 05/08 20:19:28 Image size of job updated: 2916328
	2329  -  MemoryUsage of job (MB)
	2384052  -  ResidentSetSize of job (KB)
...
006 (011.373.000) 05/08 20:19:33 Image size of job updated: 3027944
	2363  -  MemoryUsage of job (MB)
	2419428  -  ResidentSetSize of job (KB)
...
006 (011.373.000) 05/08 20:19:38 Image size of job updated: 3078120
	2399  -  MemoryUsage of job (MB)
	2456124  -  ResidentSetSize of job (KB)
...
006 (011.373.000) 05/08 20:19:43 Image size of job updated: 3112936
	2432  -  MemoryUsage of job (MB)
	2489652  -  ResidentSetSize of job (KB)
...
006 (011.373.000) 05/08 20:19:48 Image size of job updated: 3123176
	2463  -  MemoryUsage of job (MB)
	2521596  -  ResidentSetSize of job (KB)
...
006 (011.373.000) 05/08 20:19:53 Image size of job updated: 3185640
	2499  -  MemoryUsage of job (MB)
	2558556  -  ResidentSetSize of job (KB)
...
006 (011.373.000) 05/08 20:19:58 Image size of job updated: 3185640
	2533  -  MemoryUsage of job (MB)
	2593536  -  ResidentSetSize of job (KB)
...
006 (011.373.000) 05/08 20:20:03 Image size of job updated: 3240936
	2567  -  MemoryUsage of job (MB)
	2627724  -  ResidentSetSize of job (KB)
...
006 (011.373.000) 05/08 20:20:08 Image size of job updated: 3240936
	2601  -  MemoryUsage of job (MB)
	2663364  -  ResidentSetSize of job (KB)
...
006 (011.373.000) 05/08 20:20:13 Image size of job updated: 3292136
	2634  -  MemoryUsage of job (MB)
	2697024  -  ResidentSetSize of job (KB)
...
006 (011.373.000) 05/08 20:20:18 Image size of job updated: 3336168
	2668  -  MemoryUsage of job (MB)
	2731872  -  ResidentSetSize of job (KB)
...
006 (011.373.000) 05/08 20:20:23 Image size of job updated: 3336168
	2696  -  MemoryUsage of job (MB)
	2759988  -  ResidentSetSize of job (KB)
...
006 (011.373.000) 05/08 20:20:28 Image size of job updated: 3336168
	2726  -  MemoryUsage of job (MB)
	2791404  -  ResidentSetSize of job (KB)
...
006 (011.373.000) 05/08 20:20:33 Image size of job updated: 3440616
	2762  -  MemoryUsage of job (MB)
	2828232  -  ResidentSetSize of job (KB)
...
006 (011.373.000) 05/08 20:20:38 Image size of job updated: 3440616
	2795  -  MemoryUsage of job (MB)
	2862024  -  ResidentSetSize of job (KB)
...
006 (011.373.000) 05/08 20:20:43 Image size of job updated: 3440616
	2827  -  MemoryUsage of job (MB)
	2894760  -  ResidentSetSize of job (KB)
...
006 (011.373.000) 05/08 20:20:48 Image size of job updated: 3541992
	2861  -  MemoryUsage of job (MB)
	2929476  -  ResidentSetSize of job (KB)
...
006 (011.373.000) 05/08 20:20:53 Image size of job updated: 3541992
	2896  -  MemoryUsage of job (MB)
	2965116  -  ResidentSetSize of job (KB)
...
006 (011.373.000) 05/08 20:20:58 Image size of job updated: 3541992
	2940  -  MemoryUsage of job (MB)
	3010260  -  ResidentSetSize of job (KB)
...
006 (011.373.000) 05/08 20:21:03 Image size of job updated: 3662824
	2976  -  MemoryUsage of job (MB)
	3046956  -  ResidentSetSize of job (KB)
...
006 (011.373.000) 05/08 20:21:08 Image size of job updated: 3662824
	3012  -  MemoryUsage of job (MB)
	3083388  -  ResidentSetSize of job (KB)
...
006 (011.373.000) 05/08 20:21:13 Image size of job updated: 3716072
	3058  -  MemoryUsage of job (MB)
	3131172  -  ResidentSetSize of job (KB)
...
006 (011.373.000) 05/08 20:21:18 Image size of job updated: 3783656
	3091  -  MemoryUsage of job (MB)
	3164700  -  ResidentSetSize of job (KB)
...
006 (011.373.000) 05/08 20:21:23 Image size of job updated: 3783656
	3125  -  MemoryUsage of job (MB)
	3199812  -  ResidentSetSize of job (KB)
...
006 (011.373.000) 05/08 20:21:28 Image size of job updated: 3783656
	3159  -  MemoryUsage of job (MB)
	3234528  -  ResidentSetSize of job (KB)
...
006 (011.373.000) 05/08 20:21:33 Image size of job updated: 3884008
	3192  -  MemoryUsage of job (MB)
	3268452  -  ResidentSetSize of job (KB)
...
006 (011.373.000) 05/08 20:21:38 Image size of job updated: 3884008
	3219  -  MemoryUsage of job (MB)
	3295248  -  ResidentSetSize of job (KB)
...
006 (011.373.000) 05/08 20:21:43 Image size of job updated: 3884008
	3249  -  MemoryUsage of job (MB)
	3326928  -  ResidentSetSize of job (KB)
...
006 (011.373.000) 05/08 20:21:48 Image size of job updated: 3978216
	3281  -  MemoryUsage of job (MB)
	3359664  -  ResidentSetSize of job (KB)
...
006 (011.373.000) 05/08 20:21:53 Image size of job updated: 3978216
	3315  -  MemoryUsage of job (MB)
	3393984  -  ResidentSetSize of job (KB)
...
006 (011.373.000) 05/08 20:21:58 Image size of job updated: 3978216
	3350  -  MemoryUsage of job (MB)
	3429624  -  ResidentSetSize of job (KB)
...
006 (011.373.000) 05/08 20:22:03 Image size of job updated: 4077544
	3380  -  MemoryUsage of job (MB)
	3460380  -  ResidentSetSize of job (KB)
...
006 (011.373.000) 05/08 20:22:08 Image size of job updated: 4077544
	3408  -  MemoryUsage of job (MB)
	3489552  -  ResidentSetSize of job (KB)
...
006 (011.373.000) 05/08 20:22:13 Image size of job updated: 4124648
	3440  -  MemoryUsage of job (MB)
	3522420  -  ResidentSetSize of job (KB)
...
006 (011.373.000) 05/08 20:22:18 Image size of job updated: 4124648
	3473  -  MemoryUsage of job (MB)
	3556080  -  ResidentSetSize of job (KB)
...
006 (011.373.000) 05/08 20:22:23 Image size of job updated: 4185064
	3506  -  MemoryUsage of job (MB)
	3589740  -  ResidentSetSize of job (KB)
...
006 (011.373.000) 05/08 20:22:28 Image size of job updated: 4185064
	3540  -  MemoryUsage of job (MB)
	3624720  -  ResidentSetSize of job (KB)
...
006 (011.373.000) 05/08 20:22:33 Image size of job updated: 4185064
	3568  -  MemoryUsage of job (MB)
	3653100  -  ResidentSetSize of job (KB)
...
006 (011.373.000) 05/08 20:22:38 Image size of job updated: 4287464
	3598  -  MemoryUsage of job (MB)
	3683856  -  ResidentSetSize of job (KB)
...
006 (011.373.000) 05/08 20:22:43 Image size of job updated: 4287464
	3632  -  MemoryUsage of job (MB)
	3718572  -  ResidentSetSize of job (KB)
...
006 (011.373.000) 05/08 20:22:48 Image size of job updated: 4358120
	3664  -  MemoryUsage of job (MB)
	3751836  -  ResidentSetSize of job (KB)
...
006 (011.373.000) 05/08 20:22:53 Image size of job updated: 4409320
	3698  -  MemoryUsage of job (MB)
	3786288  -  ResidentSetSize of job (KB)
...
006 (011.373.000) 05/08 20:22:58 Image size of job updated: 4444136
	3730  -  MemoryUsage of job (MB)
	3819420  -  ResidentSetSize of job (KB)
...
006 (011.373.000) 05/08 20:23:03 Image size of job updated: 4471784
	3762  -  MemoryUsage of job (MB)
	3851496  -  ResidentSetSize of job (KB)
...
006 (011.373.000) 05/08 20:23:08 Image size of job updated: 4511720
	3794  -  MemoryUsage of job (MB)
	3884892  -  ResidentSetSize of job (KB)
...
006 (011.373.000) 05/08 20:23:13 Image size of job updated: 4543464
	3824  -  MemoryUsage of job (MB)
	3915252  -  ResidentSetSize of job (KB)
...
006 (011.373.000) 05/08 20:23:18 Image size of job updated: 4543464
	3849  -  MemoryUsage of job (MB)
	3940728  -  ResidentSetSize of job (KB)
...
006 (011.373.000) 05/08 20:23:23 Image size of job updated: 4598760
	3882  -  MemoryUsage of job (MB)
	3974520  -  ResidentSetSize of job (KB)
...
006 (011.373.000) 05/08 20:23:28 Image size of job updated: 4637672
	3915  -  MemoryUsage of job (MB)
	4008576  -  ResidentSetSize of job (KB)
...
006 (011.373.000) 05/08 20:23:34 Image size of job updated: 4668392
	3954  -  MemoryUsage of job (MB)
	4048176  -  ResidentSetSize of job (KB)
...
006 (011.373.000) 05/08 20:23:40 Image size of job updated: 4700136
	3993  -  MemoryUsage of job (MB)
	4088304  -  ResidentSetSize of job (KB)
...
006 (011.373.000) 05/08 20:23:46 Image size of job updated: 4700136
	4028  -  MemoryUsage of job (MB)
	4124604  -  ResidentSetSize of job (KB)
...
006 (011.373.000) 05/08 20:23:52 Image size of job updated: 4792296
	4064  -  MemoryUsage of job (MB)
	4161432  -  ResidentSetSize of job (KB)
...
006 (011.373.000) 05/08 20:23:58 Image size of job updated: 4792296
	4101  -  MemoryUsage of job (MB)
	4198656  -  ResidentSetSize of job (KB)
...
006 (011.373.000) 05/08 20:24:04 Image size of job updated: 4792296
	4139  -  MemoryUsage of job (MB)
	4238124  -  ResidentSetSize of job (KB)
...
006 (011.373.000) 05/08 20:24:10 Image size of job updated: 4895720
	4179  -  MemoryUsage of job (MB)
	4278516  -  ResidentSetSize of job (KB)
...
006 (011.373.000) 05/08 20:24:16 Image size of job updated: 4895720
	4217  -  MemoryUsage of job (MB)
	4317588  -  ResidentSetSize of job (KB)
...
006 (011.373.000) 05/08 20:24:22 Image size of job updated: 4895720
	4253  -  MemoryUsage of job (MB)
	4354416  -  ResidentSetSize of job (KB)
...
006 (011.373.000) 05/08 20:24:28 Image size of job updated: 4989928
	4291  -  MemoryUsage of job (MB)
	4393884  -  ResidentSetSize of job (KB)
...
006 (011.373.000) 05/08 20:24:34 Image size of job updated: 4989928
	4327  -  MemoryUsage of job (MB)
	4430580  -  ResidentSetSize of job (KB)
...
006 (011.373.000) 05/08 20:24:40 Image size of job updated: 5086184
	4367  -  MemoryUsage of job (MB)
	4471368  -  ResidentSetSize of job (KB)
...
006 (011.373.000) 05/08 20:24:46 Image size of job updated: 5086184
	4406  -  MemoryUsage of job (MB)
	4511232  -  ResidentSetSize of job (KB)
...
006 (011.373.000) 05/08 20:24:52 Image size of job updated: 5086184
	4444  -  MemoryUsage of job (MB)
	4550568  -  ResidentSetSize of job (KB)
...
006 (011.373.000) 05/08 20:24:58 Image size of job updated: 5209064
	4480  -  MemoryUsage of job (MB)
	4587000  -  ResidentSetSize of job (KB)
...
006 (011.373.000) 05/08 20:25:04 Image size of job updated: 5209064
	4513  -  MemoryUsage of job (MB)
	4620924  -  ResidentSetSize of job (KB)
...
006 (011.373.000) 05/08 20:25:10 Image size of job updated: 5209064
	4549  -  MemoryUsage of job (MB)
	4658148  -  ResidentSetSize of job (KB)
...
006 (011.373.000) 05/08 20:25:16 Image size of job updated: 5299176
	4588  -  MemoryUsage of job (MB)
	4697484  -  ResidentSetSize of job (KB)
...
006 (011.373.000) 05/08 20:25:22 Image size of job updated: 5361640
	4627  -  MemoryUsage of job (MB)
	4737744  -  ResidentSetSize of job (KB)
...
006 (011.373.000) 05/08 20:25:28 Image size of job updated: 5393384
	4662  -  MemoryUsage of job (MB)
	4773384  -  ResidentSetSize of job (KB)
...
006 (011.373.000) 05/08 20:25:34 Image size of job updated: 5393384
	4700  -  MemoryUsage of job (MB)
	4811796  -  ResidentSetSize of job (KB)
...
006 (011.373.000) 05/08 20:25:40 Image size of job updated: 5393384
	4735  -  MemoryUsage of job (MB)
	4847832  -  ResidentSetSize of job (KB)
...
006 (011.373.000) 05/08 20:25:46 Image size of job updated: 5485544
	4769  -  MemoryUsage of job (MB)
	4882548  -  ResidentSetSize of job (KB)
...
006 (011.373.000) 05/08 20:25:52 Image size of job updated: 5485544
	4803  -  MemoryUsage of job (MB)
	4918188  -  ResidentSetSize of job (KB)
...
006 (011.373.000) 05/08 20:25:58 Image size of job updated: 5580776
	4841  -  MemoryUsage of job (MB)
	4956732  -  ResidentSetSize of job (KB)
...
006 (011.373.000) 05/08 20:26:04 Image size of job updated: 5580776
	4877  -  MemoryUsage of job (MB)
	4993956  -  ResidentSetSize of job (KB)
...
006 (011.373.000) 05/08 20:26:10 Image size of job updated: 5644264
	4910  -  MemoryUsage of job (MB)
	5027484  -  ResidentSetSize of job (KB)
...
006 (011.373.000) 05/08 20:26:16 Image size of job updated: 5690344
	4948  -  MemoryUsage of job (MB)
	5065764  -  ResidentSetSize of job (KB)
...
006 (011.373.000) 05/08 20:26:22 Image size of job updated: 5690344
	4982  -  MemoryUsage of job (MB)
	5100612  -  ResidentSetSize of job (KB)
...
006 (011.373.000) 05/08 20:26:28 Image size of job updated: 5690344
	5016  -  MemoryUsage of job (MB)
	5136252  -  ResidentSetSize of job (KB)
...
006 (011.373.000) 05/08 20:26:34 Image size of job updated: 5773288
	5054  -  MemoryUsage of job (MB)
	5174928  -  ResidentSetSize of job (KB)
...
006 (011.373.000) 05/08 20:26:40 Image size of job updated: 5773288
	5089  -  MemoryUsage of job (MB)
	5210568  -  ResidentSetSize of job (KB)
...
006 (011.373.000) 05/08 20:26:46 Image size of job updated: 6051816
	5300  -  MemoryUsage of job (MB)
	5426784  -  ResidentSetSize of job (KB)
...
005 (011.373.000) 05/08 20:26:52 Job terminated.
	(1) Normal termination (return value 0)
		Usr 0 00:24:30, Sys 0 00:00:04  -  Run Remote Usage
		Usr 0 00:00:00, Sys 0 00:00:00  -  Run Local Usage
		Usr 0 00:24:30, Sys 0 00:00:04  -  Total Remote Usage
		Usr 0 00:00:00, Sys 0 00:00:00  -  Total Local Usage
	0  -  Run Bytes Sent By Job
	0  -  Run Bytes Received By Job
	0  -  Total Bytes Sent By Job
	0  -  Total Bytes Received By Job
	Partitionable Resources :      Usage  Request Allocated 
	   Cpus                 :       0.99        1         1 
	   Disk (KB)            : 2000000     2000000   6232219 
	   Memory (MB)          :    5300        1954      2007 
...
