000 (205.2905.000) 05/06 03:18:43 Job submitted from host: <127.0.0.1:9618?addrs=127.0.0.1-9618&noUDP&sock=222_da1d_4>
...
033 (205.2905.000) 05/06 14:22:19 Changing job attribute JobPrio from 0 to -5
...
000 (007.2905.000) 05/07 18:59:52 Job submitted from host: <127.0.0.1:9618?addrs=127.0.0.1-9618&noUDP&sock=215_0cf3_4>
...
000 (016.2905.000) 05/08 15:57:02 Job submitted from host: <127.0.0.1:9618?addrs=127.0.0.1-9618&noUDP&sock=227_4816_4>
...
001 (016.2905.000) 05/09 13:22:30 Job executing on host: <127.0.0.1:9618?addrs=127.0.0.1-9618&noUDP&sock=227_4816_5>
...
006 (016.2905.000) 05/09 13:22:36 Image size of job updated: 2000000
	115  -  MemoryUsage of job (MB)
	116820  -  ResidentSetSize of job (KB)
...
006 (016.2905.000) 05/09 13:23:06 Image size of job updated: 2000000
	196  -  MemoryUsage of job (MB)
	200508  -  ResidentSetSize of job (KB)
...
006 (016.2905.000) 05/09 13:23:12 Image size of job updated: 2000000
	209  -  MemoryUsage of job (MB)
	213180  -  ResidentSetSize of job (KB)
...
006 (016.2905.000) 05/09 13:23:18 Image size of job updated: 2000000
	216  -  MemoryUsage of job (MB)
	220572  -  ResidentSetSize of job (KB)
...
006 (016.2905.000) 05/09 13:23:24 Image size of job updated: 2000000
	232  -  MemoryUsage of job (MB)
	237336  -  ResidentSetSize of job (KB)
...
006 (016.2905.000) 05/09 13:23:30 Image size of job updated: 2000000
	246  -  MemoryUsage of job (MB)
	251592  -  ResidentSetSize of job (KB)
...
006 (016.2905.000) 05/09 13:23:36 Image size of job updated: 2000000
	260  -  MemoryUsage of job (MB)
	265848  -  ResidentSetSize of job (KB)
...
006 (016.2905.000) 05/09 13:23:42 Image size of job updated: 2000000
	269  -  MemoryUsage of job (MB)
	274956  -  ResidentSetSize of job (KB)
...
006 (016.2905.000) 05/09 13:23:48 Image size of job updated: 2000000
	286  -  MemoryUsage of job (MB)
	291984  -  ResidentSetSize of job (KB)
...
006 (016.2905.000) 05/09 13:23:54 Image size of job updated: 2000000
	334  -  MemoryUsage of job (MB)
	341484  -  ResidentSetSize of job (KB)
...
006 (016.2905.000) 05/09 13:24:00 Image size of job updated: 2000000
	378  -  MemoryUsage of job (MB)
	386364  -  ResidentSetSize of job (KB)
...
006 (016.2905.000) 05/09 13:24:06 Image size of job updated: 2000000
	380  -  MemoryUsage of job (MB)
	388740  -  ResidentSetSize of job (KB)
...
006 (016.2905.000) 05/09 13:24:12 Image size of job updated: 2000000
	475  -  MemoryUsage of job (MB)
	486024  -  ResidentSetSize of job (KB)
...
006 (016.2905.000) 05/09 13:24:18 Image size of job updated: 2000000
	544  -  MemoryUsage of job (MB)
	556644  -  ResidentSetSize of job (KB)
...
006 (016.2905.000) 05/09 13:24:24 Image size of job updated: 2000000
	1243  -  MemoryUsage of job (MB)
	1272744  -  ResidentSetSize of job (KB)
...
006 (016.2905.000) 05/09 13:42:05 Image size of job updated: 2000000
	1287  -  MemoryUsage of job (MB)
	1317360  -  ResidentSetSize of job (KB)
...
006 (016.2905.000) 05/09 13:42:11 Image size of job updated: 2370000
	1630  -  MemoryUsage of job (MB)
	1668612  -  ResidentSetSize of job (KB)
...
006 (016.2905.000) 05/09 13:42:17 Image size of job updated: 2454224
	1961  -  MemoryUsage of job (MB)
	2007984  -  ResidentSetSize of job (KB)
...
006 (016.2905.000) 05/09 13:42:23 Image size of job updated: 2704112
	1961  -  MemoryUsage of job (MB)
	2007984  -  ResidentSetSize of job (KB)
...
006 (016.2905.000) 05/09 13:42:29 Image size of job updated: 2704112
	1985  -  MemoryUsage of job (MB)
	2032536  -  ResidentSetSize of job (KB)
...
006 (016.2905.000) 05/09 13:42:35 Image size of job updated: 2737392
	2120  -  MemoryUsage of job (MB)
	2170080  -  ResidentSetSize of job (KB)
...
006 (016.2905.000) 05/09 13:42:42 Image size of job updated: 2860272
	2192  -  MemoryUsage of job (MB)
	2244132  -  ResidentSetSize of job (KB)
...
006 (016.2905.000) 05/09 13:42:47 Image size of job updated: 2860272
	2229  -  MemoryUsage of job (MB)
	2281884  -  ResidentSetSize of job (KB)
...
006 (016.2905.000) 05/09 13:42:52 Image size of job updated: 2860272
	2271  -  MemoryUsage of job (MB)
	2325444  -  ResidentSetSize of job (KB)
...
006 (016.2905.000) 05/09 13:42:57 Image size of job updated: 3014896
	2313  -  MemoryUsage of job (MB)
	2367552  -  ResidentSetSize of job (KB)
...
006 (016.2905.000) 05/09 13:43:02 Image size of job updated: 3014896
	2353  -  MemoryUsage of job (MB)
	2408868  -  ResidentSetSize of job (KB)
...
006 (016.2905.000) 05/09 13:43:07 Image size of job updated: 3014896
	2393  -  MemoryUsage of job (MB)
	2450316  -  ResidentSetSize of job (KB)
...
006 (016.2905.000) 05/09 13:43:12 Image size of job updated: 3156208
	2428  -  MemoryUsage of job (MB)
	2485824  -  ResidentSetSize of job (KB)
...
006 (016.2905.000) 05/09 13:43:17 Image size of job updated: 3156208
	2458  -  MemoryUsage of job (MB)
	2516448  -  ResidentSetSize of job (KB)
...
006 (016.2905.000) 05/09 13:43:22 Image size of job updated: 3156208
	2488  -  MemoryUsage of job (MB)
	2547468  -  ResidentSetSize of job (KB)
...
006 (016.2905.000) 05/09 13:43:27 Image size of job updated: 3248368
	2517  -  MemoryUsage of job (MB)
	2576508  -  ResidentSetSize of job (KB)
...
006 (016.2905.000) 05/09 13:43:32 Image size of job updated: 3248368
	2546  -  MemoryUsage of job (MB)
	2606736  -  ResidentSetSize of job (KB)
...
006 (016.2905.000) 05/09 13:43:37 Image size of job updated: 3248368
	2576  -  MemoryUsage of job (MB)
	2636832  -  ResidentSetSize of job (KB)
...
006 (016.2905.000) 05/09 13:43:42 Image size of job updated: 3337456
	2606  -  MemoryUsage of job (MB)
	2667852  -  ResidentSetSize of job (KB)
...
006 (016.2905.000) 05/09 13:43:47 Image size of job updated: 3337456
	2635  -  MemoryUsage of job (MB)
	2698212  -  ResidentSetSize of job (KB)
...
006 (016.2905.000) 05/09 13:43:52 Image size of job updated: 3337456
	2666  -  MemoryUsage of job (MB)
	2728968  -  ResidentSetSize of job (KB)
...
006 (016.2905.000) 05/09 13:43:57 Image size of job updated: 3438832
	2695  -  MemoryUsage of job (MB)
	2759328  -  ResidentSetSize of job (KB)
...
006 (016.2905.000) 05/09 13:44:02 Image size of job updated: 3438832
	2725  -  MemoryUsage of job (MB)
	2789820  -  ResidentSetSize of job (KB)
...
006 (016.2905.000) 05/09 13:44:07 Image size of job updated: 3486960
	2760  -  MemoryUsage of job (MB)
	2825988  -  ResidentSetSize of job (KB)
...
006 (016.2905.000) 05/09 13:44:12 Image size of job updated: 3529968
	2797  -  MemoryUsage of job (MB)
	2863608  -  ResidentSetSize of job (KB)
...
006 (016.2905.000) 05/09 13:44:17 Image size of job updated: 3529968
	2828  -  MemoryUsage of job (MB)
	2895156  -  ResidentSetSize of job (KB)
...
006 (016.2905.000) 05/09 13:44:22 Image size of job updated: 3529968
	2857  -  MemoryUsage of job (MB)
	2924856  -  ResidentSetSize of job (KB)
...
006 (016.2905.000) 05/09 13:44:27 Image size of job updated: 3626224
	2887  -  MemoryUsage of job (MB)
	2955612  -  ResidentSetSize of job (KB)
...
006 (016.2905.000) 05/09 13:44:32 Image size of job updated: 3626224
	2916  -  MemoryUsage of job (MB)
	2985708  -  ResidentSetSize of job (KB)
...
006 (016.2905.000) 05/09 13:44:37 Image size of job updated: 3626224
	2946  -  MemoryUsage of job (MB)
	3016068  -  ResidentSetSize of job (KB)
...
006 (016.2905.000) 05/09 13:44:42 Image size of job updated: 3717360
	2976  -  MemoryUsage of job (MB)
	3046956  -  ResidentSetSize of job (KB)
...
006 (016.2905.000) 05/09 13:44:47 Image size of job updated: 3751152
	3008  -  MemoryUsage of job (MB)
	3079692  -  ResidentSetSize of job (KB)
...
006 (016.2905.000) 05/09 13:44:52 Image size of job updated: 3751152
	3036  -  MemoryUsage of job (MB)
	3108468  -  ResidentSetSize of job (KB)
...
006 (016.2905.000) 05/09 13:44:57 Image size of job updated: 3809520
	3064  -  MemoryUsage of job (MB)
	3137244  -  ResidentSetSize of job (KB)
...
006 (016.2905.000) 05/09 13:45:02 Image size of job updated: 3809520
	3092  -  MemoryUsage of job (MB)
	3165888  -  ResidentSetSize of job (KB)
...
006 (016.2905.000) 05/09 13:45:07 Image size of job updated: 3809520
	3118  -  MemoryUsage of job (MB)
	3192816  -  ResidentSetSize of job (KB)
...
006 (016.2905.000) 05/09 13:45:12 Image size of job updated: 3890416
	3146  -  MemoryUsage of job (MB)
	3221328  -  ResidentSetSize of job (KB)
...
006 (016.2905.000) 05/09 13:45:17 Image size of job updated: 3890416
	3174  -  MemoryUsage of job (MB)
	3249840  -  ResidentSetSize of job (KB)
...
006 (016.2905.000) 05/09 13:45:22 Image size of job updated: 3890416
	3189  -  MemoryUsage of job (MB)
	3265020  -  ResidentSetSize of job (KB)
...
006 (016.2905.000) 05/09 13:45:27 Image size of job updated: 3979504
	3204  -  MemoryUsage of job (MB)
	3280464  -  ResidentSetSize of job (KB)
...
006 (016.2905.000) 05/09 13:45:42 Image size of job updated: 4074736
	3229  -  MemoryUsage of job (MB)
	3306336  -  ResidentSetSize of job (KB)
...
006 (016.2905.000) 05/09 13:45:47 Image size of job updated: 4112624
	3259  -  MemoryUsage of job (MB)
	3336828  -  ResidentSetSize of job (KB)
...
006 (016.2905.000) 05/09 13:45:52 Image size of job updated: 4127984
	3288  -  MemoryUsage of job (MB)
	3366528  -  ResidentSetSize of job (KB)
...
006 (016.2905.000) 05/09 13:45:57 Image size of job updated: 4176112
	3321  -  MemoryUsage of job (MB)
	3400056  -  ResidentSetSize of job (KB)
...
006 (016.2905.000) 05/09 13:46:02 Image size of job updated: 4210928
	3353  -  MemoryUsage of job (MB)
	3432924  -  ResidentSetSize of job (KB)
...
006 (016.2905.000) 05/09 13:46:07 Image size of job updated: 4210928
	3386  -  MemoryUsage of job (MB)
	3467112  -  ResidentSetSize of job (KB)
...
006 (016.2905.000) 05/09 13:46:12 Image size of job updated: 4278512
	3415  -  MemoryUsage of job (MB)
	3496152  -  ResidentSetSize of job (KB)
...
006 (016.2905.000) 05/09 13:46:17 Image size of job updated: 4304112
	3448  -  MemoryUsage of job (MB)
	3529812  -  ResidentSetSize of job (KB)
...
006 (016.2905.000) 05/09 13:46:22 Image size of job updated: 4352240
	3480  -  MemoryUsage of job (MB)
	3563340  -  ResidentSetSize of job (KB)
...
006 (016.2905.000) 05/09 13:46:27 Image size of job updated: 4373744
	3507  -  MemoryUsage of job (MB)
	3590928  -  ResidentSetSize of job (KB)
...
006 (016.2905.000) 05/09 13:46:32 Image size of job updated: 4373744
	3534  -  MemoryUsage of job (MB)
	3618120  -  ResidentSetSize of job (KB)
...
006 (016.2905.000) 05/09 13:46:37 Image size of job updated: 4373744
	3561  -  MemoryUsage of job (MB)
	3646236  -  ResidentSetSize of job (KB)
...
006 (016.2905.000) 05/09 13:46:42 Image size of job updated: 4461808
	3588  -  MemoryUsage of job (MB)
	3673956  -  ResidentSetSize of job (KB)
...
006 (016.2905.000) 05/09 13:46:47 Image size of job updated: 4487408
	3615  -  MemoryUsage of job (MB)
	3701544  -  ResidentSetSize of job (KB)
...
006 (016.2905.000) 05/09 13:46:52 Image size of job updated: 4487408
	3643  -  MemoryUsage of job (MB)
	3729660  -  ResidentSetSize of job (KB)
...
006 (016.2905.000) 05/09 13:46:57 Image size of job updated: 4543728
	3669  -  MemoryUsage of job (MB)
	3756324  -  ResidentSetSize of job (KB)
...
006 (016.2905.000) 05/09 13:47:02 Image size of job updated: 4549872
	3699  -  MemoryUsage of job (MB)
	3787740  -  ResidentSetSize of job (KB)
...
006 (016.2905.000) 05/09 13:47:07 Image size of job updated: 4582640
	3727  -  MemoryUsage of job (MB)
	3816252  -  ResidentSetSize of job (KB)
...
006 (016.2905.000) 05/09 13:47:12 Image size of job updated: 4582640
	3755  -  MemoryUsage of job (MB)
	3844632  -  ResidentSetSize of job (KB)
...
006 (016.2905.000) 05/09 13:47:17 Image size of job updated: 4636912
	3782  -  MemoryUsage of job (MB)
	3872484  -  ResidentSetSize of job (KB)
...
006 (016.2905.000) 05/09 13:47:22 Image size of job updated: 4636912
	3810  -  MemoryUsage of job (MB)
	3900468  -  ResidentSetSize of job (KB)
...
006 (016.2905.000) 05/09 13:47:27 Image size of job updated: 4636912
	3837  -  MemoryUsage of job (MB)
	3928320  -  ResidentSetSize of job (KB)
...
006 (016.2905.000) 05/09 13:47:32 Image size of job updated: 4719856
	3864  -  MemoryUsage of job (MB)
	3956568  -  ResidentSetSize of job (KB)
...
006 (016.2905.000) 05/09 13:47:37 Image size of job updated: 4719856
	3891  -  MemoryUsage of job (MB)
	3984288  -  ResidentSetSize of job (KB)
...
006 (016.2905.000) 05/09 13:47:42 Image size of job updated: 4719856
	3919  -  MemoryUsage of job (MB)
	4012536  -  ResidentSetSize of job (KB)
...
006 (016.2905.000) 05/09 13:47:47 Image size of job updated: 4809968
	3947  -  MemoryUsage of job (MB)
	4040916  -  ResidentSetSize of job (KB)
...
006 (016.2905.000) 05/09 13:47:52 Image size of job updated: 4809968
	3974  -  MemoryUsage of job (MB)
	4069032  -  ResidentSetSize of job (KB)
...
006 (016.2905.000) 05/09 13:47:57 Image size of job updated: 4874480
	3999  -  MemoryUsage of job (MB)
	4094904  -  ResidentSetSize of job (KB)
...
006 (016.2905.000) 05/09 13:48:02 Image size of job updated: 4898032
	4026  -  MemoryUsage of job (MB)
	4122624  -  ResidentSetSize of job (KB)
...
006 (016.2905.000) 05/09 13:48:07 Image size of job updated: 4898032
	4053  -  MemoryUsage of job (MB)
	4149948  -  ResidentSetSize of job (KB)
...
006 (016.2905.000) 05/09 13:48:12 Image size of job updated: 4898032
	4081  -  MemoryUsage of job (MB)
	4177932  -  ResidentSetSize of job (KB)
...
006 (016.2905.000) 05/09 13:48:17 Image size of job updated: 4974832
	4107  -  MemoryUsage of job (MB)
	4205256  -  ResidentSetSize of job (KB)
...
006 (016.2905.000) 05/09 13:48:22 Image size of job updated: 4974832
	4170  -  MemoryUsage of job (MB)
	4269276  -  ResidentSetSize of job (KB)
...
006 (016.2905.000) 05/09 13:48:27 Image size of job updated: 4974832
	4341  -  MemoryUsage of job (MB)
	4444704  -  ResidentSetSize of job (KB)
...
006 (016.2905.000) 05/09 13:48:33 Image size of job updated: 5231856
	4341  -  MemoryUsage of job (MB)
	4444704  -  ResidentSetSize of job (KB)
...
005 (016.2905.000) 05/09 13:48:33 Job terminated.
	(1) Normal termination (return value 0)
		Usr 0 00:25:13, Sys 0 00:00:08  -  Run Remote Usage
		Usr 0 00:00:00, Sys 0 00:00:00  -  Run Local Usage
		Usr 0 00:25:13, Sys 0 00:00:08  -  Total Remote Usage
		Usr 0 00:00:00, Sys 0 00:00:00  -  Total Local Usage
	0  -  Run Bytes Sent By Job
	0  -  Run Bytes Received By Job
	0  -  Total Bytes Sent By Job
	0  -  Total Bytes Received By Job
	Partitionable Resources :      Usage  Request Allocated 
	   Cpus                 :       0.99        1         1 
	   Disk (KB)            : 2000000     2000000   6275465 
	   Memory (MB)          :    4341        1954      2007 
...
