000 (205.3451.000) 05/06 03:19:05 Job submitted from host: <127.0.0.1:9618?addrs=127.0.0.1-9618&noUDP&sock=222_da1d_4>
...
033 (205.3451.000) 05/06 14:22:29 Changing job attribute JobPrio from 0 to -5
...
000 (007.3451.000) 05/07 18:59:58 Job submitted from host: <127.0.0.1:9618?addrs=127.0.0.1-9618&noUDP&sock=215_0cf3_4>
...
000 (016.3451.000) 05/08 15:57:08 Job submitted from host: <127.0.0.1:9618?addrs=127.0.0.1-9618&noUDP&sock=227_4816_4>
...
009 (016.3451.000) 05/09 16:54:31 Job was aborted by the user.
	via condor_rm (by user aw868)
...
000 (017.118.000) 05/09 17:25:53 Job submitted from host: <127.0.0.1:9618?addrs=127.0.0.1-9618&noUDP&sock=227_4816_4>
...
001 (017.118.000) 05/09 18:05:34 Job executing on host: <127.0.0.1:9618?addrs=127.0.0.1-9618&noUDP&sock=227_4816_5>
...
006 (017.118.000) 05/09 18:05:39 Image size of job updated: 2000000
	101  -  MemoryUsage of job (MB)
	103092  -  ResidentSetSize of job (KB)
...
006 (017.118.000) 05/09 18:05:44 Image size of job updated: 2000000
	114  -  MemoryUsage of job (MB)
	116688  -  ResidentSetSize of job (KB)
...
006 (017.118.000) 05/09 18:06:34 Image size of job updated: 2000000
	156  -  MemoryUsage of job (MB)
	158928  -  ResidentSetSize of job (KB)
...
006 (017.118.000) 05/09 18:06:39 Image size of job updated: 2000000
	211  -  MemoryUsage of job (MB)
	215160  -  ResidentSetSize of job (KB)
...
006 (017.118.000) 05/09 18:06:49 Image size of job updated: 2000000
	211  -  MemoryUsage of job (MB)
	215820  -  ResidentSetSize of job (KB)
...
006 (017.118.000) 05/09 18:06:54 Image size of job updated: 2000000
	220  -  MemoryUsage of job (MB)
	224928  -  ResidentSetSize of job (KB)
...
006 (017.118.000) 05/09 18:07:00 Image size of job updated: 2000000
	231  -  MemoryUsage of job (MB)
	235620  -  ResidentSetSize of job (KB)
...
006 (017.118.000) 05/09 18:07:06 Image size of job updated: 2000000
	241  -  MemoryUsage of job (MB)
	246444  -  ResidentSetSize of job (KB)
...
006 (017.118.000) 05/09 18:07:12 Image size of job updated: 2000000
	252  -  MemoryUsage of job (MB)
	257136  -  ResidentSetSize of job (KB)
...
006 (017.118.000) 05/09 18:07:18 Image size of job updated: 2000000
	261  -  MemoryUsage of job (MB)
	267036  -  ResidentSetSize of job (KB)
...
006 (017.118.000) 05/09 18:07:24 Image size of job updated: 2000000
	270  -  MemoryUsage of job (MB)
	275616  -  ResidentSetSize of job (KB)
...
006 (017.118.000) 05/09 18:07:30 Image size of job updated: 2000000
	279  -  MemoryUsage of job (MB)
	285384  -  ResidentSetSize of job (KB)
...
006 (017.118.000) 05/09 18:07:36 Image size of job updated: 2000000
	315  -  MemoryUsage of job (MB)
	322476  -  ResidentSetSize of job (KB)
...
006 (017.118.000) 05/09 18:07:42 Image size of job updated: 2000000
	362  -  MemoryUsage of job (MB)
	369864  -  ResidentSetSize of job (KB)
...
006 (017.118.000) 05/09 18:07:48 Image size of job updated: 2000000
	380  -  MemoryUsage of job (MB)
	388344  -  ResidentSetSize of job (KB)
...
006 (017.118.000) 05/09 18:07:54 Image size of job updated: 2000000
	426  -  MemoryUsage of job (MB)
	435996  -  ResidentSetSize of job (KB)
...
006 (017.118.000) 05/09 18:08:00 Image size of job updated: 2000000
	488  -  MemoryUsage of job (MB)
	499224  -  ResidentSetSize of job (KB)
...
006 (017.118.000) 05/09 18:08:06 Image size of job updated: 2000000
	545  -  MemoryUsage of job (MB)
	557568  -  ResidentSetSize of job (KB)
...
006 (017.118.000) 05/09 18:08:12 Image size of job updated: 2000000
	1243  -  MemoryUsage of job (MB)
	1272084  -  ResidentSetSize of job (KB)
...
006 (017.118.000) 05/09 18:26:42 Image size of job updated: 2000000
	1542  -  MemoryUsage of job (MB)
	1578456  -  ResidentSetSize of job (KB)
...
006 (017.118.000) 05/09 18:26:48 Image size of job updated: 2277712
	1607  -  MemoryUsage of job (MB)
	1644720  -  ResidentSetSize of job (KB)
...
006 (017.118.000) 05/09 18:26:56 Image size of job updated: 2468304
	1792  -  MemoryUsage of job (MB)
	1834932  -  ResidentSetSize of job (KB)
...
006 (017.118.000) 05/09 18:27:04 Image size of job updated: 2473936
	1797  -  MemoryUsage of job (MB)
	1839156  -  ResidentSetSize of job (KB)
...
006 (017.118.000) 05/09 18:27:10 Image size of job updated: 2473936
	1979  -  MemoryUsage of job (MB)
	2026332  -  ResidentSetSize of job (KB)
...
006 (017.118.000) 05/09 18:27:16 Image size of job updated: 2714864
	1988  -  MemoryUsage of job (MB)
	2035176  -  ResidentSetSize of job (KB)
...
006 (017.118.000) 05/09 18:27:22 Image size of job updated: 2776304
	2084  -  MemoryUsage of job (MB)
	2133252  -  ResidentSetSize of job (KB)
...
006 (017.118.000) 05/09 18:27:41 Image size of job updated: 2903280
	2159  -  MemoryUsage of job (MB)
	2210472  -  ResidentSetSize of job (KB)
...
006 (017.118.000) 05/09 18:28:15 Image size of job updated: 3187952
	2457  -  MemoryUsage of job (MB)
	2515656  -  ResidentSetSize of job (KB)
...
006 (017.118.000) 05/09 18:28:45 Image size of job updated: 3450096
	2698  -  MemoryUsage of job (MB)
	2762364  -  ResidentSetSize of job (KB)
...
006 (017.118.000) 05/09 18:29:09 Image size of job updated: 3746032
	2974  -  MemoryUsage of job (MB)
	3045372  -  ResidentSetSize of job (KB)
...
006 (017.118.000) 05/09 18:29:25 Image size of job updated: 3868912
	3075  -  MemoryUsage of job (MB)
	3148068  -  ResidentSetSize of job (KB)
...
006 (017.118.000) 05/09 18:29:37 Image size of job updated: 3934448
	3146  -  MemoryUsage of job (MB)
	3220536  -  ResidentSetSize of job (KB)
...
006 (017.118.000) 05/09 18:29:57 Image size of job updated: 4096240
	3292  -  MemoryUsage of job (MB)
	3370356  -  ResidentSetSize of job (KB)
...
006 (017.118.000) 05/09 18:30:33 Image size of job updated: 4443376
	3685  -  MemoryUsage of job (MB)
	3772956  -  ResidentSetSize of job (KB)
...
006 (017.118.000) 05/09 18:30:58 Image size of job updated: 4729072
	3919  -  MemoryUsage of job (MB)
	4012668  -  ResidentSetSize of job (KB)
...
006 (017.118.000) 05/09 18:31:15 Image size of job updated: 4816112
	4106  -  MemoryUsage of job (MB)
	4203540  -  ResidentSetSize of job (KB)
...
006 (017.118.000) 05/09 18:31:30 Image size of job updated: 5099760
	4287  -  MemoryUsage of job (MB)
	4389000  -  ResidentSetSize of job (KB)
...
006 (017.118.000) 05/09 18:31:45 Image size of job updated: 5175536
	4331  -  MemoryUsage of job (MB)
	4434672  -  ResidentSetSize of job (KB)
...
006 (017.118.000) 05/09 18:31:59 Image size of job updated: 5383408
	4522  -  MemoryUsage of job (MB)
	4629768  -  ResidentSetSize of job (KB)
...
006 (017.118.000) 05/09 18:32:14 Image size of job updated: 5383408
	4610  -  MemoryUsage of job (MB)
	4720056  -  ResidentSetSize of job (KB)
...
006 (017.118.000) 05/09 18:32:37 Image size of job updated: 5802224
	4902  -  MemoryUsage of job (MB)
	5019168  -  ResidentSetSize of job (KB)
...
006 (017.118.000) 05/09 18:32:54 Image size of job updated: 5976304
	5125  -  MemoryUsage of job (MB)
	5247660  -  ResidentSetSize of job (KB)
...
006 (017.118.000) 05/09 18:33:04 Image size of job updated: 6180080
	5267  -  MemoryUsage of job (MB)
	5392860  -  ResidentSetSize of job (KB)
...
006 (017.118.000) 05/09 18:33:11 Image size of job updated: 6226160
	5366  -  MemoryUsage of job (MB)
	5493972  -  ResidentSetSize of job (KB)
...
006 (017.118.000) 05/09 18:33:17 Image size of job updated: 6226160
	5450  -  MemoryUsage of job (MB)
	5580432  -  ResidentSetSize of job (KB)
...
006 (017.118.000) 05/09 18:33:23 Image size of job updated: 6398192
	5532  -  MemoryUsage of job (MB)
	5664648  -  ResidentSetSize of job (KB)
...
006 (017.118.000) 05/09 18:33:29 Image size of job updated: 6495472
	5610  -  MemoryUsage of job (MB)
	5743980  -  ResidentSetSize of job (KB)
...
006 (017.118.000) 05/09 18:33:35 Image size of job updated: 6613232
	5689  -  MemoryUsage of job (MB)
	5825160  -  ResidentSetSize of job (KB)
...
006 (017.118.000) 05/09 18:33:41 Image size of job updated: 6613232
	5783  -  MemoryUsage of job (MB)
	5921256  -  ResidentSetSize of job (KB)
...
006 (017.118.000) 05/09 18:33:47 Image size of job updated: 6817008
	5880  -  MemoryUsage of job (MB)
	6020916  -  ResidentSetSize of job (KB)
...
006 (017.118.000) 05/09 18:33:53 Image size of job updated: 6905072
	5970  -  MemoryUsage of job (MB)
	6113052  -  ResidentSetSize of job (KB)
...
006 (017.118.000) 05/09 18:33:59 Image size of job updated: 6905072
	6065  -  MemoryUsage of job (MB)
	6210204  -  ResidentSetSize of job (KB)
...
006 (017.118.000) 05/09 18:34:05 Image size of job updated: 7121136
	6155  -  MemoryUsage of job (MB)
	6301944  -  ResidentSetSize of job (KB)
...
006 (017.118.000) 05/09 18:34:11 Image size of job updated: 7187696
	6232  -  MemoryUsage of job (MB)
	6381144  -  ResidentSetSize of job (KB)
...
006 (017.118.000) 05/09 18:34:17 Image size of job updated: 7280880
	6310  -  MemoryUsage of job (MB)
	6461136  -  ResidentSetSize of job (KB)
...
006 (017.118.000) 05/09 18:34:23 Image size of job updated: 7350512
	6390  -  MemoryUsage of job (MB)
	6542580  -  ResidentSetSize of job (KB)
...
006 (017.118.000) 05/09 18:34:29 Image size of job updated: 7350512
	6468  -  MemoryUsage of job (MB)
	6622308  -  ResidentSetSize of job (KB)
...
006 (017.118.000) 05/09 18:34:35 Image size of job updated: 7508208
	6548  -  MemoryUsage of job (MB)
	6704544  -  ResidentSetSize of job (KB)
...
006 (017.118.000) 05/09 18:34:41 Image size of job updated: 7508208
	6626  -  MemoryUsage of job (MB)
	6784140  -  ResidentSetSize of job (KB)
...
006 (017.118.000) 05/09 18:34:47 Image size of job updated: 7508208
	6703  -  MemoryUsage of job (MB)
	6863604  -  ResidentSetSize of job (KB)
...
006 (017.118.000) 05/09 18:34:53 Image size of job updated: 7701744
	6781  -  MemoryUsage of job (MB)
	6943200  -  ResidentSetSize of job (KB)
...
006 (017.118.000) 05/09 18:34:59 Image size of job updated: 7701744
	6859  -  MemoryUsage of job (MB)
	7023324  -  ResidentSetSize of job (KB)
...
006 (017.118.000) 05/09 18:35:05 Image size of job updated: 7915760
	6938  -  MemoryUsage of job (MB)
	7103580  -  ResidentSetSize of job (KB)
...
006 (017.118.000) 05/09 18:35:11 Image size of job updated: 7959792
	7018  -  MemoryUsage of job (MB)
	7185552  -  ResidentSetSize of job (KB)
...
006 (017.118.000) 05/09 18:35:17 Image size of job updated: 7959792
	7100  -  MemoryUsage of job (MB)
	7269900  -  ResidentSetSize of job (KB)
...
006 (017.118.000) 05/09 18:35:23 Image size of job updated: 8123632
	7181  -  MemoryUsage of job (MB)
	7352928  -  ResidentSetSize of job (KB)
...
006 (017.118.000) 05/09 18:35:29 Image size of job updated: 8245488
	7264  -  MemoryUsage of job (MB)
	7437540  -  ResidentSetSize of job (KB)
...
006 (017.118.000) 05/09 18:35:35 Image size of job updated: 8316144
	7344  -  MemoryUsage of job (MB)
	7520040  -  ResidentSetSize of job (KB)
...
006 (017.118.000) 05/09 18:35:41 Image size of job updated: 8384752
	7426  -  MemoryUsage of job (MB)
	7603992  -  ResidentSetSize of job (KB)
...
006 (017.118.000) 05/09 18:35:47 Image size of job updated: 8384752
	7508  -  MemoryUsage of job (MB)
	7687944  -  ResidentSetSize of job (KB)
...
006 (017.118.000) 05/09 18:35:53 Image size of job updated: 8664304
	7772  -  MemoryUsage of job (MB)
	7957620  -  ResidentSetSize of job (KB)
...
005 (017.118.000) 05/09 18:36:00 Job terminated.
	(1) Normal termination (return value 0)
		Usr 0 00:26:56, Sys 0 00:01:03  -  Run Remote Usage
		Usr 0 00:00:00, Sys 0 00:00:00  -  Run Local Usage
		Usr 0 00:26:56, Sys 0 00:01:03  -  Total Remote Usage
		Usr 0 00:00:00, Sys 0 00:00:00  -  Total Local Usage
	0  -  Run Bytes Sent By Job
	0  -  Run Bytes Received By Job
	0  -  Total Bytes Sent By Job
	0  -  Total Bytes Received By Job
	Partitionable Resources :      Usage  Request Allocated 
	   Cpus                 :       0.96        1         1 
	   Disk (KB)            : 2000000     2000000   6275465 
	   Memory (MB)          :    7772        1954      2007 
...
