000 (205.2799.000) 05/06 03:18:37 Job submitted from host: <127.0.0.1:9618?addrs=127.0.0.1-9618&noUDP&sock=222_da1d_4>
...
033 (205.2799.000) 05/06 14:22:18 Changing job attribute JobPrio from 0 to -5
...
000 (007.2799.000) 05/07 18:59:51 Job submitted from host: <127.0.0.1:9618?addrs=127.0.0.1-9618&noUDP&sock=215_0cf3_4>
...
000 (016.2799.000) 05/08 15:57:01 Job submitted from host: <127.0.0.1:9618?addrs=127.0.0.1-9618&noUDP&sock=227_4816_4>
...
001 (016.2799.000) 05/09 12:35:41 Job executing on host: <127.0.0.1:9618?addrs=127.0.0.1-9618&noUDP&sock=227_4816_5>
...
006 (016.2799.000) 05/09 12:35:47 Image size of job updated: 2000000
	115  -  MemoryUsage of job (MB)
	116952  -  ResidentSetSize of job (KB)
...
006 (016.2799.000) 05/09 12:36:17 Image size of job updated: 2000000
	167  -  MemoryUsage of job (MB)
	170016  -  ResidentSetSize of job (KB)
...
006 (016.2799.000) 05/09 12:36:23 Image size of job updated: 2000000
	211  -  MemoryUsage of job (MB)
	215424  -  ResidentSetSize of job (KB)
...
006 (016.2799.000) 05/09 12:36:29 Image size of job updated: 2000000
	211  -  MemoryUsage of job (MB)
	215688  -  ResidentSetSize of job (KB)
...
006 (016.2799.000) 05/09 12:36:35 Image size of job updated: 2000000
	218  -  MemoryUsage of job (MB)
	222684  -  ResidentSetSize of job (KB)
...
006 (016.2799.000) 05/09 12:36:41 Image size of job updated: 2000000
	229  -  MemoryUsage of job (MB)
	234300  -  ResidentSetSize of job (KB)
...
006 (016.2799.000) 05/09 12:36:47 Image size of job updated: 2000000
	241  -  MemoryUsage of job (MB)
	246180  -  ResidentSetSize of job (KB)
...
006 (016.2799.000) 05/09 12:36:53 Image size of job updated: 2000000
	252  -  MemoryUsage of job (MB)
	257796  -  ResidentSetSize of job (KB)
...
006 (016.2799.000) 05/09 12:36:59 Image size of job updated: 2000000
	262  -  MemoryUsage of job (MB)
	267696  -  ResidentSetSize of job (KB)
...
006 (016.2799.000) 05/09 12:37:05 Image size of job updated: 2000000
	270  -  MemoryUsage of job (MB)
	276276  -  ResidentSetSize of job (KB)
...
006 (016.2799.000) 05/09 12:37:11 Image size of job updated: 2000000
	284  -  MemoryUsage of job (MB)
	290136  -  ResidentSetSize of job (KB)
...
006 (016.2799.000) 05/09 12:37:17 Image size of job updated: 2000000
	330  -  MemoryUsage of job (MB)
	336996  -  ResidentSetSize of job (KB)
...
006 (016.2799.000) 05/09 12:37:23 Image size of job updated: 2000000
	377  -  MemoryUsage of job (MB)
	385572  -  ResidentSetSize of job (KB)
...
006 (016.2799.000) 05/09 12:37:29 Image size of job updated: 2000000
	380  -  MemoryUsage of job (MB)
	388476  -  ResidentSetSize of job (KB)
...
006 (016.2799.000) 05/09 12:37:35 Image size of job updated: 2000000
	451  -  MemoryUsage of job (MB)
	461340  -  ResidentSetSize of job (KB)
...
006 (016.2799.000) 05/09 12:37:41 Image size of job updated: 2000000
	522  -  MemoryUsage of job (MB)
	533676  -  ResidentSetSize of job (KB)
...
006 (016.2799.000) 05/09 12:37:47 Image size of job updated: 2000000
	1245  -  MemoryUsage of job (MB)
	1274064  -  ResidentSetSize of job (KB)
...
006 (016.2799.000) 05/09 12:52:38 Image size of job updated: 2000000
	1604  -  MemoryUsage of job (MB)
	1642344  -  ResidentSetSize of job (KB)
...
006 (016.2799.000) 05/09 12:52:44 Image size of job updated: 2000000
	1823  -  MemoryUsage of job (MB)
	1865820  -  ResidentSetSize of job (KB)
...
006 (016.2799.000) 05/09 12:52:50 Image size of job updated: 2023164
	1972  -  MemoryUsage of job (MB)
	2018808  -  ResidentSetSize of job (KB)
...
006 (016.2799.000) 05/09 12:52:56 Image size of job updated: 2664692
	2014  -  MemoryUsage of job (MB)
	2061444  -  ResidentSetSize of job (KB)
...
006 (016.2799.000) 05/09 12:53:02 Image size of job updated: 2664692
	2109  -  MemoryUsage of job (MB)
	2159520  -  ResidentSetSize of job (KB)
...
006 (016.2799.000) 05/09 12:53:08 Image size of job updated: 2871540
	2202  -  MemoryUsage of job (MB)
	2254560  -  ResidentSetSize of job (KB)
...
006 (016.2799.000) 05/09 12:53:14 Image size of job updated: 2871540
	2264  -  MemoryUsage of job (MB)
	2318316  -  ResidentSetSize of job (KB)
...
006 (016.2799.000) 05/09 12:53:20 Image size of job updated: 2871540
	2322  -  MemoryUsage of job (MB)
	2377056  -  ResidentSetSize of job (KB)
...
006 (016.2799.000) 05/09 12:53:26 Image size of job updated: 3031284
	2375  -  MemoryUsage of job (MB)
	2431836  -  ResidentSetSize of job (KB)
...
006 (016.2799.000) 05/09 12:53:32 Image size of job updated: 3068148
	2429  -  MemoryUsage of job (MB)
	2487012  -  ResidentSetSize of job (KB)
...
006 (016.2799.000) 05/09 12:53:38 Image size of job updated: 3161332
	2483  -  MemoryUsage of job (MB)
	2542320  -  ResidentSetSize of job (KB)
...
006 (016.2799.000) 05/09 12:53:44 Image size of job updated: 3161332
	2536  -  MemoryUsage of job (MB)
	2596704  -  ResidentSetSize of job (KB)
...
006 (016.2799.000) 05/09 12:53:50 Image size of job updated: 3256564
	2589  -  MemoryUsage of job (MB)
	2650428  -  ResidentSetSize of job (KB)
...
006 (016.2799.000) 05/09 12:53:56 Image size of job updated: 3296500
	2642  -  MemoryUsage of job (MB)
	2705208  -  ResidentSetSize of job (KB)
...
006 (016.2799.000) 05/09 12:54:02 Image size of job updated: 3296500
	2696  -  MemoryUsage of job (MB)
	2759856  -  ResidentSetSize of job (KB)
...
006 (016.2799.000) 05/09 12:54:08 Image size of job updated: 3440884
	2749  -  MemoryUsage of job (MB)
	2814240  -  ResidentSetSize of job (KB)
...
006 (016.2799.000) 05/09 12:54:14 Image size of job updated: 3440884
	2804  -  MemoryUsage of job (MB)
	2870472  -  ResidentSetSize of job (KB)
...
006 (016.2799.000) 05/09 12:54:20 Image size of job updated: 3440884
	2859  -  MemoryUsage of job (MB)
	2926836  -  ResidentSetSize of job (KB)
...
006 (016.2799.000) 05/09 12:54:26 Image size of job updated: 3605748
	2905  -  MemoryUsage of job (MB)
	2974620  -  ResidentSetSize of job (KB)
...
006 (016.2799.000) 05/09 12:54:32 Image size of job updated: 3635444
	2956  -  MemoryUsage of job (MB)
	3025968  -  ResidentSetSize of job (KB)
...
006 (016.2799.000) 05/09 12:54:38 Image size of job updated: 3723508
	3013  -  MemoryUsage of job (MB)
	3085236  -  ResidentSetSize of job (KB)
...
006 (016.2799.000) 05/09 12:54:44 Image size of job updated: 3723508
	3077  -  MemoryUsage of job (MB)
	3150180  -  ResidentSetSize of job (KB)
...
006 (016.2799.000) 05/09 12:54:50 Image size of job updated: 3723508
	3128  -  MemoryUsage of job (MB)
	3202056  -  ResidentSetSize of job (KB)
...
006 (016.2799.000) 05/09 12:54:56 Image size of job updated: 3868916
	3183  -  MemoryUsage of job (MB)
	3258552  -  ResidentSetSize of job (KB)
...
006 (016.2799.000) 05/09 12:55:02 Image size of job updated: 3868916
	3240  -  MemoryUsage of job (MB)
	3317028  -  ResidentSetSize of job (KB)
...
006 (016.2799.000) 05/09 12:55:08 Image size of job updated: 3868916
	3294  -  MemoryUsage of job (MB)
	3372600  -  ResidentSetSize of job (KB)
...
006 (016.2799.000) 05/09 12:55:14 Image size of job updated: 4015348
	3349  -  MemoryUsage of job (MB)
	3428700  -  ResidentSetSize of job (KB)
...
006 (016.2799.000) 05/09 12:55:20 Image size of job updated: 4070644
	3404  -  MemoryUsage of job (MB)
	3485592  -  ResidentSetSize of job (KB)
...
006 (016.2799.000) 05/09 12:55:26 Image size of job updated: 4154612
	3460  -  MemoryUsage of job (MB)
	3542088  -  ResidentSetSize of job (KB)
...
006 (016.2799.000) 05/09 12:55:32 Image size of job updated: 4154612
	3514  -  MemoryUsage of job (MB)
	3598056  -  ResidentSetSize of job (KB)
...
006 (016.2799.000) 05/09 12:55:38 Image size of job updated: 4154612
	3568  -  MemoryUsage of job (MB)
	3653496  -  ResidentSetSize of job (KB)
...
006 (016.2799.000) 05/09 12:55:44 Image size of job updated: 4302068
	3619  -  MemoryUsage of job (MB)
	3705372  -  ResidentSetSize of job (KB)
...
006 (016.2799.000) 05/09 12:55:51 Image size of job updated: 4302068
	3661  -  MemoryUsage of job (MB)
	3748008  -  ResidentSetSize of job (KB)
...
006 (016.2799.000) 05/09 12:55:56 Image size of job updated: 4412660
	3676  -  MemoryUsage of job (MB)
	3763716  -  ResidentSetSize of job (KB)
...
006 (016.2799.000) 05/09 12:56:01 Image size of job updated: 4463860
	3719  -  MemoryUsage of job (MB)
	3807540  -  ResidentSetSize of job (KB)
...
006 (016.2799.000) 05/09 12:56:06 Image size of job updated: 4505844
	3762  -  MemoryUsage of job (MB)
	3851892  -  ResidentSetSize of job (KB)
...
006 (016.2799.000) 05/09 12:56:11 Image size of job updated: 4553972
	3806  -  MemoryUsage of job (MB)
	3896508  -  ResidentSetSize of job (KB)
...
006 (016.2799.000) 05/09 12:56:16 Image size of job updated: 4553972
	3849  -  MemoryUsage of job (MB)
	3940728  -  ResidentSetSize of job (KB)
...
006 (016.2799.000) 05/09 12:56:21 Image size of job updated: 4604148
	3893  -  MemoryUsage of job (MB)
	3985608  -  ResidentSetSize of job (KB)
...
006 (016.2799.000) 05/09 12:56:26 Image size of job updated: 4687092
	3937  -  MemoryUsage of job (MB)
	4030752  -  ResidentSetSize of job (KB)
...
006 (016.2799.000) 05/09 12:56:31 Image size of job updated: 4687092
	3981  -  MemoryUsage of job (MB)
	4075764  -  ResidentSetSize of job (KB)
...
006 (016.2799.000) 05/09 12:56:36 Image size of job updated: 4687092
	4025  -  MemoryUsage of job (MB)
	4121436  -  ResidentSetSize of job (KB)
...
006 (016.2799.000) 05/09 12:56:41 Image size of job updated: 4823284
	4069  -  MemoryUsage of job (MB)
	4165788  -  ResidentSetSize of job (KB)
...
006 (016.2799.000) 05/09 12:56:46 Image size of job updated: 4823284
	4110  -  MemoryUsage of job (MB)
	4208028  -  ResidentSetSize of job (KB)
...
006 (016.2799.000) 05/09 12:56:51 Image size of job updated: 4869364
	4155  -  MemoryUsage of job (MB)
	4254228  -  ResidentSetSize of job (KB)
...
006 (016.2799.000) 05/09 12:56:56 Image size of job updated: 4944116
	4199  -  MemoryUsage of job (MB)
	4299372  -  ResidentSetSize of job (KB)
...
006 (016.2799.000) 05/09 12:57:01 Image size of job updated: 4972788
	4244  -  MemoryUsage of job (MB)
	4345704  -  ResidentSetSize of job (KB)
...
006 (016.2799.000) 05/09 12:57:06 Image size of job updated: 5033204
	4288  -  MemoryUsage of job (MB)
	4389924  -  ResidentSetSize of job (KB)
...
006 (016.2799.000) 05/09 12:57:11 Image size of job updated: 5033204
	4332  -  MemoryUsage of job (MB)
	4435200  -  ResidentSetSize of job (KB)
...
006 (016.2799.000) 05/09 12:57:16 Image size of job updated: 5107956
	4375  -  MemoryUsage of job (MB)
	4479552  -  ResidentSetSize of job (KB)
...
006 (016.2799.000) 05/09 12:57:21 Image size of job updated: 5107956
	4419  -  MemoryUsage of job (MB)
	4524564  -  ResidentSetSize of job (KB)
...
006 (016.2799.000) 05/09 12:57:26 Image size of job updated: 5107956
	4462  -  MemoryUsage of job (MB)
	4568916  -  ResidentSetSize of job (KB)
...
006 (016.2799.000) 05/09 12:57:31 Image size of job updated: 5241076
	4506  -  MemoryUsage of job (MB)
	4613136  -  ResidentSetSize of job (KB)
...
006 (016.2799.000) 05/09 12:57:36 Image size of job updated: 5241076
	4549  -  MemoryUsage of job (MB)
	4658148  -  ResidentSetSize of job (KB)
...
006 (016.2799.000) 05/09 12:57:41 Image size of job updated: 5241076
	4592  -  MemoryUsage of job (MB)
	4701840  -  ResidentSetSize of job (KB)
...
006 (016.2799.000) 05/09 12:57:46 Image size of job updated: 5381364
	4635  -  MemoryUsage of job (MB)
	4746192  -  ResidentSetSize of job (KB)
...
006 (016.2799.000) 05/09 12:57:51 Image size of job updated: 5381364
	4679  -  MemoryUsage of job (MB)
	4790412  -  ResidentSetSize of job (KB)
...
006 (016.2799.000) 05/09 12:57:56 Image size of job updated: 5472500
	4722  -  MemoryUsage of job (MB)
	4835292  -  ResidentSetSize of job (KB)
...
006 (016.2799.000) 05/09 12:58:01 Image size of job updated: 5515508
	4766  -  MemoryUsage of job (MB)
	4879776  -  ResidentSetSize of job (KB)
...
006 (016.2799.000) 05/09 12:58:06 Image size of job updated: 5515508
	4809  -  MemoryUsage of job (MB)
	4924128  -  ResidentSetSize of job (KB)
...
006 (016.2799.000) 05/09 12:58:11 Image size of job updated: 5515508
	4847  -  MemoryUsage of job (MB)
	4962804  -  ResidentSetSize of job (KB)
...
006 (016.2799.000) 05/09 12:58:16 Image size of job updated: 5658868
	4873  -  MemoryUsage of job (MB)
	4989204  -  ResidentSetSize of job (KB)
...
006 (016.2799.000) 05/09 12:58:21 Image size of job updated: 5714164
	4891  -  MemoryUsage of job (MB)
	5008344  -  ResidentSetSize of job (KB)
...
006 (016.2799.000) 05/09 12:58:26 Image size of job updated: 5746932
	4936  -  MemoryUsage of job (MB)
	5053884  -  ResidentSetSize of job (KB)
...
006 (016.2799.000) 05/09 12:58:31 Image size of job updated: 5793012
	4980  -  MemoryUsage of job (MB)
	5098632  -  ResidentSetSize of job (KB)
...
006 (016.2799.000) 05/09 12:58:36 Image size of job updated: 5828852
	5023  -  MemoryUsage of job (MB)
	5142984  -  ResidentSetSize of job (KB)
...
006 (016.2799.000) 05/09 12:58:41 Image size of job updated: 5882100
	5067  -  MemoryUsage of job (MB)
	5188260  -  ResidentSetSize of job (KB)
...
006 (016.2799.000) 05/09 12:58:46 Image size of job updated: 5936372
	5112  -  MemoryUsage of job (MB)
	5233800  -  ResidentSetSize of job (KB)
...
006 (016.2799.000) 05/09 12:58:51 Image size of job updated: 5936372
	5155  -  MemoryUsage of job (MB)
	5278680  -  ResidentSetSize of job (KB)
...
006 (016.2799.000) 05/09 12:58:56 Image size of job updated: 6022388
	5202  -  MemoryUsage of job (MB)
	5325936  -  ResidentSetSize of job (KB)
...
006 (016.2799.000) 05/09 12:59:01 Image size of job updated: 6071540
	5245  -  MemoryUsage of job (MB)
	5370684  -  ResidentSetSize of job (KB)
...
006 (016.2799.000) 05/09 12:59:06 Image size of job updated: 6071540
	5289  -  MemoryUsage of job (MB)
	5415696  -  ResidentSetSize of job (KB)
...
006 (016.2799.000) 05/09 12:59:11 Image size of job updated: 6071540
	5332  -  MemoryUsage of job (MB)
	5459916  -  ResidentSetSize of job (KB)
...
006 (016.2799.000) 05/09 12:59:16 Image size of job updated: 6203636
	5375  -  MemoryUsage of job (MB)
	5503872  -  ResidentSetSize of job (KB)
...
006 (016.2799.000) 05/09 12:59:21 Image size of job updated: 6203636
	5419  -  MemoryUsage of job (MB)
	5548356  -  ResidentSetSize of job (KB)
...
006 (016.2799.000) 05/09 12:59:26 Image size of job updated: 6256884
	5462  -  MemoryUsage of job (MB)
	5592444  -  ResidentSetSize of job (KB)
...
006 (016.2799.000) 05/09 12:59:31 Image size of job updated: 6256884
	5505  -  MemoryUsage of job (MB)
	5636796  -  ResidentSetSize of job (KB)
...
006 (016.2799.000) 05/09 12:59:36 Image size of job updated: 6345972
	5552  -  MemoryUsage of job (MB)
	5684844  -  ResidentSetSize of job (KB)
...
006 (016.2799.000) 05/09 12:59:41 Image size of job updated: 6345972
	5601  -  MemoryUsage of job (MB)
	5735004  -  ResidentSetSize of job (KB)
...
006 (016.2799.000) 05/09 12:59:46 Image size of job updated: 6345972
	5651  -  MemoryUsage of job (MB)
	5785956  -  ResidentSetSize of job (KB)
...
006 (016.2799.000) 05/09 12:59:51 Image size of job updated: 6493428
	5712  -  MemoryUsage of job (MB)
	5848656  -  ResidentSetSize of job (KB)
...
006 (016.2799.000) 05/09 12:59:56 Image size of job updated: 6493428
	5916  -  MemoryUsage of job (MB)
	6057744  -  ResidentSetSize of job (KB)
...
005 (016.2799.000) 05/09 13:00:02 Job terminated.
	(1) Normal termination (return value 0)
		Usr 0 00:23:34, Sys 0 00:00:08  -  Run Remote Usage
		Usr 0 00:00:00, Sys 0 00:00:00  -  Run Local Usage
		Usr 0 00:23:34, Sys 0 00:00:08  -  Total Remote Usage
		Usr 0 00:00:00, Sys 0 00:00:00  -  Total Local Usage
	0  -  Run Bytes Sent By Job
	0  -  Run Bytes Received By Job
	0  -  Total Bytes Sent By Job
	0  -  Total Bytes Received By Job
	Partitionable Resources :      Usage  Request Allocated 
	   Cpus                 :       1.00        1         1 
	   Disk (KB)            : 2000000     2000000   6275465 
	   Memory (MB)          :    5916        1954      2007 
...
