000 (205.10922.000) 05/06 03:23:01 Job submitted from host: <127.0.0.1:9618?addrs=127.0.0.1-9618&noUDP&sock=222_da1d_4>
...
033 (205.10922.000) 05/06 14:24:46 Changing job attribute JobPrio from 0 to -5
...
000 (007.10922.000) 05/07 19:01:28 Job submitted from host: <127.0.0.1:9618?addrs=127.0.0.1-9618&noUDP&sock=215_0cf3_4>
...
000 (016.10922.000) 05/08 15:58:27 Job submitted from host: <127.0.0.1:9618?addrs=127.0.0.1-9618&noUDP&sock=227_4816_4>
...
009 (016.10922.000) 05/09 16:56:57 Job was aborted by the user.
	via condor_rm (by user aw868)
...
000 (014.3761.000) 05/09 17:32:18 Job submitted from host: <127.0.0.1:9618?addrs=127.0.0.1-9618&noUDP&sock=212_fe2a_4>
...
033 (014.3761.000) 05/09 17:33:43 Changing job attribute JobPrio from 0 to -10
...
033 (014.3761.000) 05/09 21:36:06 Changing job attribute JobPrio from -10 to -15
...
001 (014.3761.000) 05/11 06:40:08 Job executing on host: <127.0.0.1:9618?addrs=127.0.0.1-9618&noUDP&sock=212_fe2a_5>
...
006 (014.3761.000) 05/11 06:40:14 Image size of job updated: 2000000
	115  -  MemoryUsage of job (MB)
	116820  -  ResidentSetSize of job (KB)
...
006 (014.3761.000) 05/11 06:41:08 Image size of job updated: 2000000
	121  -  MemoryUsage of job (MB)
	123288  -  ResidentSetSize of job (KB)
...
006 (014.3761.000) 05/11 06:41:14 Image size of job updated: 2000000
	203  -  MemoryUsage of job (MB)
	207372  -  ResidentSetSize of job (KB)
...
006 (014.3761.000) 05/11 06:41:20 Image size of job updated: 2000000
	204  -  MemoryUsage of job (MB)
	208296  -  ResidentSetSize of job (KB)
...
006 (014.3761.000) 05/11 06:41:26 Image size of job updated: 2000000
	207  -  MemoryUsage of job (MB)
	211068  -  ResidentSetSize of job (KB)
...
006 (014.3761.000) 05/11 06:41:32 Image size of job updated: 2000000
	218  -  MemoryUsage of job (MB)
	223212  -  ResidentSetSize of job (KB)
...
006 (014.3761.000) 05/11 06:41:38 Image size of job updated: 2000000
	230  -  MemoryUsage of job (MB)
	235092  -  ResidentSetSize of job (KB)
...
006 (014.3761.000) 05/11 06:41:44 Image size of job updated: 2000000
	242  -  MemoryUsage of job (MB)
	246972  -  ResidentSetSize of job (KB)
...
006 (014.3761.000) 05/11 06:41:50 Image size of job updated: 2000000
	253  -  MemoryUsage of job (MB)
	258060  -  ResidentSetSize of job (KB)
...
006 (014.3761.000) 05/11 06:41:56 Image size of job updated: 2000000
	260  -  MemoryUsage of job (MB)
	265320  -  ResidentSetSize of job (KB)
...
006 (014.3761.000) 05/11 06:42:02 Image size of job updated: 2000000
	267  -  MemoryUsage of job (MB)
	272844  -  ResidentSetSize of job (KB)
...
006 (014.3761.000) 05/11 06:42:08 Image size of job updated: 2000000
	308  -  MemoryUsage of job (MB)
	315348  -  ResidentSetSize of job (KB)
...
006 (014.3761.000) 05/11 06:42:14 Image size of job updated: 2000000
	356  -  MemoryUsage of job (MB)
	364452  -  ResidentSetSize of job (KB)
...
006 (014.3761.000) 05/11 06:42:20 Image size of job updated: 2000000
	375  -  MemoryUsage of job (MB)
	383460  -  ResidentSetSize of job (KB)
...
006 (014.3761.000) 05/11 06:42:26 Image size of job updated: 2000000
	417  -  MemoryUsage of job (MB)
	426492  -  ResidentSetSize of job (KB)
...
006 (014.3761.000) 05/11 06:42:32 Image size of job updated: 2000000
	504  -  MemoryUsage of job (MB)
	515460  -  ResidentSetSize of job (KB)
...
006 (014.3761.000) 05/11 06:42:38 Image size of job updated: 2000000
	1003  -  MemoryUsage of job (MB)
	1026828  -  ResidentSetSize of job (KB)
...
006 (014.3761.000) 05/11 06:42:44 Image size of job updated: 2000000
	1239  -  MemoryUsage of job (MB)
	1268388  -  ResidentSetSize of job (KB)
...
006 (014.3761.000) 05/11 07:00:37 Image size of job updated: 2000000
	1547  -  MemoryUsage of job (MB)
	1583604  -  ResidentSetSize of job (KB)
...
006 (014.3761.000) 05/11 07:00:43 Image size of job updated: 2000000
	1778  -  MemoryUsage of job (MB)
	1820412  -  ResidentSetSize of job (KB)
...
006 (014.3761.000) 05/11 07:00:49 Image size of job updated: 2704112
	1957  -  MemoryUsage of job (MB)
	2003760  -  ResidentSetSize of job (KB)
...
006 (014.3761.000) 05/11 07:00:55 Image size of job updated: 2704112
	2046  -  MemoryUsage of job (MB)
	2094840  -  ResidentSetSize of job (KB)
...
006 (014.3761.000) 05/11 07:01:01 Image size of job updated: 2704112
	2148  -  MemoryUsage of job (MB)
	2198856  -  ResidentSetSize of job (KB)
...
006 (014.3761.000) 05/11 07:01:07 Image size of job updated: 2888944
	2252  -  MemoryUsage of job (MB)
	2305644  -  ResidentSetSize of job (KB)
...
006 (014.3761.000) 05/11 07:01:13 Image size of job updated: 2888944
	2344  -  MemoryUsage of job (MB)
	2399364  -  ResidentSetSize of job (KB)
...
006 (014.3761.000) 05/11 07:01:19 Image size of job updated: 3132656
	2433  -  MemoryUsage of job (MB)
	2490840  -  ResidentSetSize of job (KB)
...
006 (014.3761.000) 05/11 07:01:25 Image size of job updated: 3184880
	2520  -  MemoryUsage of job (MB)
	2580072  -  ResidentSetSize of job (KB)
...
006 (014.3761.000) 05/11 07:01:31 Image size of job updated: 3184880
	2606  -  MemoryUsage of job (MB)
	2668380  -  ResidentSetSize of job (KB)
...
006 (014.3761.000) 05/11 07:01:37 Image size of job updated: 3378416
	2694  -  MemoryUsage of job (MB)
	2758272  -  ResidentSetSize of job (KB)
...
006 (014.3761.000) 05/11 07:01:43 Image size of job updated: 3378416
	2782  -  MemoryUsage of job (MB)
	2848032  -  ResidentSetSize of job (KB)
...
006 (014.3761.000) 05/11 07:01:49 Image size of job updated: 3378416
	2868  -  MemoryUsage of job (MB)
	2936472  -  ResidentSetSize of job (KB)
...
006 (014.3761.000) 05/11 07:01:55 Image size of job updated: 3648752
	2955  -  MemoryUsage of job (MB)
	3025704  -  ResidentSetSize of job (KB)
...
006 (014.3761.000) 05/11 07:02:01 Image size of job updated: 3648752
	3042  -  MemoryUsage of job (MB)
	3114936  -  ResidentSetSize of job (KB)
...
006 (014.3761.000) 05/11 07:02:07 Image size of job updated: 3823856
	3128  -  MemoryUsage of job (MB)
	3202716  -  ResidentSetSize of job (KB)
...
006 (014.3761.000) 05/11 07:02:13 Image size of job updated: 3823856
	3215  -  MemoryUsage of job (MB)
	3291288  -  ResidentSetSize of job (KB)
...
006 (014.3761.000) 05/11 07:02:19 Image size of job updated: 3948784
	3304  -  MemoryUsage of job (MB)
	3382764  -  ResidentSetSize of job (KB)
...
006 (014.3761.000) 05/11 07:02:25 Image size of job updated: 4047088
	3392  -  MemoryUsage of job (MB)
	3472920  -  ResidentSetSize of job (KB)
...
006 (014.3761.000) 05/11 07:02:31 Image size of job updated: 4047088
	3478  -  MemoryUsage of job (MB)
	3560700  -  ResidentSetSize of job (KB)
...
006 (014.3761.000) 05/11 07:02:37 Image size of job updated: 4277488
	3565  -  MemoryUsage of job (MB)
	3650460  -  ResidentSetSize of job (KB)
...
006 (014.3761.000) 05/11 07:02:43 Image size of job updated: 4277488
	3650  -  MemoryUsage of job (MB)
	3737448  -  ResidentSetSize of job (KB)
...
006 (014.3761.000) 05/11 07:02:49 Image size of job updated: 4464880
	3732  -  MemoryUsage of job (MB)
	3821268  -  ResidentSetSize of job (KB)
...
006 (014.3761.000) 05/11 07:02:55 Image size of job updated: 4498672
	3819  -  MemoryUsage of job (MB)
	3910500  -  ResidentSetSize of job (KB)
...
006 (014.3761.000) 05/11 07:03:01 Image size of job updated: 4575472
	3908  -  MemoryUsage of job (MB)
	4001316  -  ResidentSetSize of job (KB)
...
006 (014.3761.000) 05/11 07:03:07 Image size of job updated: 4726000
	3997  -  MemoryUsage of job (MB)
	4092924  -  ResidentSetSize of job (KB)
...
006 (014.3761.000) 05/11 07:03:13 Image size of job updated: 4726000
	4086  -  MemoryUsage of job (MB)
	4183872  -  ResidentSetSize of job (KB)
...
006 (014.3761.000) 05/11 07:03:19 Image size of job updated: 4726000
	4173  -  MemoryUsage of job (MB)
	4272840  -  ResidentSetSize of job (KB)
...
006 (014.3761.000) 05/11 07:03:25 Image size of job updated: 4950256
	4261  -  MemoryUsage of job (MB)
	4362468  -  ResidentSetSize of job (KB)
...
006 (014.3761.000) 05/11 07:03:31 Image size of job updated: 4950256
	4349  -  MemoryUsage of job (MB)
	4452492  -  ResidentSetSize of job (KB)
...
006 (014.3761.000) 05/11 07:03:37 Image size of job updated: 5189872
	4434  -  MemoryUsage of job (MB)
	4540140  -  ResidentSetSize of job (KB)
...
006 (014.3761.000) 05/11 07:03:43 Image size of job updated: 5189872
	4505  -  MemoryUsage of job (MB)
	4612740  -  ResidentSetSize of job (KB)
...
006 (014.3761.000) 05/11 07:03:49 Image size of job updated: 5189872
	4546  -  MemoryUsage of job (MB)
	4654188  -  ResidentSetSize of job (KB)
...
006 (014.3761.000) 05/11 07:03:55 Image size of job updated: 5420272
	4578  -  MemoryUsage of job (MB)
	4687584  -  ResidentSetSize of job (KB)
...
006 (014.3761.000) 05/11 07:04:02 Image size of job updated: 5420272
	4615  -  MemoryUsage of job (MB)
	4725600  -  ResidentSetSize of job (KB)
...
006 (014.3761.000) 05/11 07:04:07 Image size of job updated: 5544176
	4655  -  MemoryUsage of job (MB)
	4766388  -  ResidentSetSize of job (KB)
...
006 (014.3761.000) 05/11 07:04:12 Image size of job updated: 5647600
	4730  -  MemoryUsage of job (MB)
	4843080  -  ResidentSetSize of job (KB)
...
006 (014.3761.000) 05/11 07:04:17 Image size of job updated: 5751024
	4802  -  MemoryUsage of job (MB)
	4916736  -  ResidentSetSize of job (KB)
...
006 (014.3761.000) 05/11 07:04:22 Image size of job updated: 5751024
	4875  -  MemoryUsage of job (MB)
	4991052  -  ResidentSetSize of job (KB)
...
006 (014.3761.000) 05/11 07:04:27 Image size of job updated: 5887216
	4947  -  MemoryUsage of job (MB)
	5065368  -  ResidentSetSize of job (KB)
...
006 (014.3761.000) 05/11 07:04:32 Image size of job updated: 5972208
	5017  -  MemoryUsage of job (MB)
	5136780  -  ResidentSetSize of job (KB)
...
006 (014.3761.000) 05/11 07:04:37 Image size of job updated: 5972208
	5088  -  MemoryUsage of job (MB)
	5209644  -  ResidentSetSize of job (KB)
...
006 (014.3761.000) 05/11 07:04:42 Image size of job updated: 6105328
	5161  -  MemoryUsage of job (MB)
	5283960  -  ResidentSetSize of job (KB)
...
006 (014.3761.000) 05/11 07:04:47 Image size of job updated: 6105328
	5234  -  MemoryUsage of job (MB)
	5359068  -  ResidentSetSize of job (KB)
...
006 (014.3761.000) 05/11 07:04:52 Image size of job updated: 6105328
	5309  -  MemoryUsage of job (MB)
	5436024  -  ResidentSetSize of job (KB)
...
006 (014.3761.000) 05/11 07:04:57 Image size of job updated: 6326512
	5382  -  MemoryUsage of job (MB)
	5510868  -  ResidentSetSize of job (KB)
...
006 (014.3761.000) 05/11 07:05:02 Image size of job updated: 6413552
	5456  -  MemoryUsage of job (MB)
	5585976  -  ResidentSetSize of job (KB)
...
006 (014.3761.000) 05/11 07:05:07 Image size of job updated: 6442224
	5527  -  MemoryUsage of job (MB)
	5659500  -  ResidentSetSize of job (KB)
...
006 (014.3761.000) 05/11 07:05:12 Image size of job updated: 6549744
	5600  -  MemoryUsage of job (MB)
	5733816  -  ResidentSetSize of job (KB)
...
006 (014.3761.000) 05/11 07:05:17 Image size of job updated: 6549744
	5673  -  MemoryUsage of job (MB)
	5809056  -  ResidentSetSize of job (KB)
...
006 (014.3761.000) 05/11 07:05:22 Image size of job updated: 6549744
	5747  -  MemoryUsage of job (MB)
	5884164  -  ResidentSetSize of job (KB)
...
006 (014.3761.000) 05/11 07:05:27 Image size of job updated: 6776048
	5821  -  MemoryUsage of job (MB)
	5960592  -  ResidentSetSize of job (KB)
...
006 (014.3761.000) 05/11 07:05:32 Image size of job updated: 6822128
	5894  -  MemoryUsage of job (MB)
	6035436  -  ResidentSetSize of job (KB)
...
006 (014.3761.000) 05/11 07:05:37 Image size of job updated: 6822128
	5970  -  MemoryUsage of job (MB)
	6112260  -  ResidentSetSize of job (KB)
...
006 (014.3761.000) 05/11 07:05:42 Image size of job updated: 7034096
	6043  -  MemoryUsage of job (MB)
	6187764  -  ResidentSetSize of job (KB)
...
006 (014.3761.000) 05/11 07:05:47 Image size of job updated: 7034096
	6117  -  MemoryUsage of job (MB)
	6263268  -  ResidentSetSize of job (KB)
...
006 (014.3761.000) 05/11 07:05:52 Image size of job updated: 7034096
	6190  -  MemoryUsage of job (MB)
	6338376  -  ResidentSetSize of job (KB)
...
006 (014.3761.000) 05/11 07:05:57 Image size of job updated: 7260400
	6264  -  MemoryUsage of job (MB)
	6413484  -  ResidentSetSize of job (KB)
...
006 (014.3761.000) 05/11 07:06:02 Image size of job updated: 7260400
	6340  -  MemoryUsage of job (MB)
	6491364  -  ResidentSetSize of job (KB)
...
006 (014.3761.000) 05/11 07:06:07 Image size of job updated: 7260400
	6413  -  MemoryUsage of job (MB)
	6566076  -  ResidentSetSize of job (KB)
...
006 (014.3761.000) 05/11 07:06:12 Image size of job updated: 7486704
	6487  -  MemoryUsage of job (MB)
	6642240  -  ResidentSetSize of job (KB)
...
006 (014.3761.000) 05/11 07:06:17 Image size of job updated: 7549168
	6545  -  MemoryUsage of job (MB)
	6701904  -  ResidentSetSize of job (KB)
...
006 (014.3761.000) 05/11 07:06:22 Image size of job updated: 7597296
	6618  -  MemoryUsage of job (MB)
	6776088  -  ResidentSetSize of job (KB)
...
006 (014.3761.000) 05/11 07:06:27 Image size of job updated: 7709936
	6689  -  MemoryUsage of job (MB)
	6848952  -  ResidentSetSize of job (KB)
...
006 (014.3761.000) 05/11 07:06:32 Image size of job updated: 7709936
	6694  -  MemoryUsage of job (MB)
	6854100  -  ResidentSetSize of job (KB)
...
006 (014.3761.000) 05/11 07:06:42 Image size of job updated: 7709936
	6731  -  MemoryUsage of job (MB)
	6891588  -  ResidentSetSize of job (KB)
...
006 (014.3761.000) 05/11 07:06:55 Image size of job updated: 8027376
	6938  -  MemoryUsage of job (MB)
	7103844  -  ResidentSetSize of job (KB)
...
006 (014.3761.000) 05/11 07:07:06 Image size of job updated: 8135920
	7094  -  MemoryUsage of job (MB)
	7263828  -  ResidentSetSize of job (KB)
...
006 (014.3761.000) 05/11 07:07:13 Image size of job updated: 8135920
	7194  -  MemoryUsage of job (MB)
	7366392  -  ResidentSetSize of job (KB)
...
006 (014.3761.000) 05/11 07:07:19 Image size of job updated: 8350960
	7281  -  MemoryUsage of job (MB)
	7455228  -  ResidentSetSize of job (KB)
...
006 (014.3761.000) 05/11 07:07:25 Image size of job updated: 8350960
	7368  -  MemoryUsage of job (MB)
	7544064  -  ResidentSetSize of job (KB)
...
006 (014.3761.000) 05/11 07:07:31 Image size of job updated: 8576240
	7454  -  MemoryUsage of job (MB)
	7632504  -  ResidentSetSize of job (KB)
...
006 (014.3761.000) 05/11 07:07:37 Image size of job updated: 8576240
	7520  -  MemoryUsage of job (MB)
	7700220  -  ResidentSetSize of job (KB)
...
006 (014.3761.000) 05/11 07:07:43 Image size of job updated: 8746224
	7608  -  MemoryUsage of job (MB)
	7789980  -  ResidentSetSize of job (KB)
...
006 (014.3761.000) 05/11 07:07:49 Image size of job updated: 8847600
	7697  -  MemoryUsage of job (MB)
	7880928  -  ResidentSetSize of job (KB)
...
006 (014.3761.000) 05/11 07:07:55 Image size of job updated: 8847600
	7784  -  MemoryUsage of job (MB)
	7970028  -  ResidentSetSize of job (KB)
...
006 (014.3761.000) 05/11 07:08:01 Image size of job updated: 9032944
	7870  -  MemoryUsage of job (MB)
	8058468  -  ResidentSetSize of job (KB)
...
006 (014.3761.000) 05/11 07:08:07 Image size of job updated: 9032944
	7955  -  MemoryUsage of job (MB)
	8145852  -  ResidentSetSize of job (KB)
...
006 (014.3761.000) 05/11 07:08:13 Image size of job updated: 9170160
	8041  -  MemoryUsage of job (MB)
	8233764  -  ResidentSetSize of job (KB)
...
006 (014.3761.000) 05/11 07:08:19 Image size of job updated: 9251056
	8126  -  MemoryUsage of job (MB)
	8320752  -  ResidentSetSize of job (KB)
...
006 (014.3761.000) 05/11 07:08:25 Image size of job updated: 9251056
	8212  -  MemoryUsage of job (MB)
	8409060  -  ResidentSetSize of job (KB)
...
006 (014.3761.000) 05/11 07:08:31 Image size of job updated: 9462000
	8298  -  MemoryUsage of job (MB)
	8496708  -  ResidentSetSize of job (KB)
...
006 (014.3761.000) 05/11 07:08:37 Image size of job updated: 9462000
	8378  -  MemoryUsage of job (MB)
	8578548  -  ResidentSetSize of job (KB)
...
006 (014.3761.000) 05/11 07:08:43 Image size of job updated: 9462000
	8415  -  MemoryUsage of job (MB)
	8616960  -  ResidentSetSize of job (KB)
...
006 (014.3761.000) 05/11 07:08:53 Image size of job updated: 9719024
	8416  -  MemoryUsage of job (MB)
	8617224  -  ResidentSetSize of job (KB)
...
005 (014.3761.000) 05/11 07:08:53 Job terminated.
	(0) Abnormal termination (signal 9)
	(0) No core file
		Usr 0 00:27:20, Sys 0 00:00:13  -  Run Remote Usage
		Usr 0 00:00:00, Sys 0 00:00:00  -  Run Local Usage
		Usr 0 00:27:20, Sys 0 00:00:13  -  Total Remote Usage
		Usr 0 00:00:00, Sys 0 00:00:00  -  Total Local Usage
	0  -  Run Bytes Sent By Job
	0  -  Run Bytes Received By Job
	0  -  Total Bytes Sent By Job
	0  -  Total Bytes Received By Job
	Partitionable Resources :      Usage  Request Allocated 
	   Cpus                 :       0.99        1         1 
	   Disk (KB)            : 2000000     2000000   6232219 
	   Memory (MB)          :    8416        1954      2007 
...
000 (019.1318.000) 05/12 04:13:52 Job submitted from host: <127.0.0.1:9618?addrs=127.0.0.1-9618&noUDP&sock=227_4816_4>
...
001 (019.1318.000) 05/12 14:15:23 Job executing on host: <127.0.0.1:9618?addrs=127.0.0.1-9618&noUDP&sock=227_4816_5>
...
006 (019.1318.000) 05/12 14:15:28 Image size of job updated: 2000000
	37  -  MemoryUsage of job (MB)
	37356  -  ResidentSetSize of job (KB)
...
006 (019.1318.000) 05/12 14:15:45 Image size of job updated: 2000000
	49  -  MemoryUsage of job (MB)
	49500  -  ResidentSetSize of job (KB)
...
006 (019.1318.000) 05/12 14:15:51 Image size of job updated: 2000000
	67  -  MemoryUsage of job (MB)
	67848  -  ResidentSetSize of job (KB)
...
006 (019.1318.000) 05/12 14:15:56 Image size of job updated: 2000000
	113  -  MemoryUsage of job (MB)
	115104  -  ResidentSetSize of job (KB)
...
006 (019.1318.000) 05/12 14:16:41 Image size of job updated: 2000000
	204  -  MemoryUsage of job (MB)
	208428  -  ResidentSetSize of job (KB)
...
006 (019.1318.000) 05/12 14:17:01 Image size of job updated: 2000000
	210  -  MemoryUsage of job (MB)
	214236  -  ResidentSetSize of job (KB)
...
006 (019.1318.000) 05/12 14:17:31 Image size of job updated: 2000000
	249  -  MemoryUsage of job (MB)
	254628  -  ResidentSetSize of job (KB)
...
006 (019.1318.000) 05/12 14:17:54 Image size of job updated: 2000000
	280  -  MemoryUsage of job (MB)
	286044  -  ResidentSetSize of job (KB)
...
006 (019.1318.000) 05/12 14:18:08 Image size of job updated: 2000000
	378  -  MemoryUsage of job (MB)
	386232  -  ResidentSetSize of job (KB)
...
006 (019.1318.000) 05/12 14:19:15 Image size of job updated: 2000000
	1236  -  MemoryUsage of job (MB)
	1265484  -  ResidentSetSize of job (KB)
...
006 (019.1318.000) 05/12 14:31:03 Image size of job updated: 2000000
	1569  -  MemoryUsage of job (MB)
	1605648  -  ResidentSetSize of job (KB)
...
006 (019.1318.000) 05/12 14:31:09 Image size of job updated: 2326264
	1734  -  MemoryUsage of job (MB)
	1774740  -  ResidentSetSize of job (KB)
...
006 (019.1318.000) 05/12 14:31:14 Image size of job updated: 2654448
	1972  -  MemoryUsage of job (MB)
	2019204  -  ResidentSetSize of job (KB)
...
006 (019.1318.000) 05/12 14:31:19 Image size of job updated: 2825456
	2106  -  MemoryUsage of job (MB)
	2156088  -  ResidentSetSize of job (KB)
...
006 (019.1318.000) 05/12 14:31:24 Image size of job updated: 2825456
	2243  -  MemoryUsage of job (MB)
	2296404  -  ResidentSetSize of job (KB)
...
006 (019.1318.000) 05/12 14:31:29 Image size of job updated: 3050736
	2360  -  MemoryUsage of job (MB)
	2415864  -  ResidentSetSize of job (KB)
...
006 (019.1318.000) 05/12 14:31:34 Image size of job updated: 3050736
	2472  -  MemoryUsage of job (MB)
	2530968  -  ResidentSetSize of job (KB)
...
006 (019.1318.000) 05/12 14:31:39 Image size of job updated: 3050736
	2582  -  MemoryUsage of job (MB)
	2643828  -  ResidentSetSize of job (KB)
...
006 (019.1318.000) 05/12 14:31:44 Image size of job updated: 3394800
	2695  -  MemoryUsage of job (MB)
	2759460  -  ResidentSetSize of job (KB)
...
006 (019.1318.000) 05/12 14:31:49 Image size of job updated: 3394800
	2808  -  MemoryUsage of job (MB)
	2874696  -  ResidentSetSize of job (KB)
...
006 (019.1318.000) 05/12 14:31:54 Image size of job updated: 3394800
	2920  -  MemoryUsage of job (MB)
	2989140  -  ResidentSetSize of job (KB)
...
006 (019.1318.000) 05/12 14:31:59 Image size of job updated: 3738864
	3032  -  MemoryUsage of job (MB)
	3104244  -  ResidentSetSize of job (KB)
...
006 (019.1318.000) 05/12 14:32:04 Image size of job updated: 3811568
	3145  -  MemoryUsage of job (MB)
	3219876  -  ResidentSetSize of job (KB)
...
006 (019.1318.000) 05/12 14:32:09 Image size of job updated: 3811568
	3267  -  MemoryUsage of job (MB)
	3344616  -  ResidentSetSize of job (KB)
...
006 (019.1318.000) 05/12 14:32:14 Image size of job updated: 4115696
	3391  -  MemoryUsage of job (MB)
	3471468  -  ResidentSetSize of job (KB)
...
006 (019.1318.000) 05/12 14:32:19 Image size of job updated: 4280560
	3512  -  MemoryUsage of job (MB)
	3595812  -  ResidentSetSize of job (KB)
...
006 (019.1318.000) 05/12 14:32:24 Image size of job updated: 4280560
	3628  -  MemoryUsage of job (MB)
	3714480  -  ResidentSetSize of job (KB)
...
006 (019.1318.000) 05/12 14:32:29 Image size of job updated: 4473072
	3752  -  MemoryUsage of job (MB)
	3841068  -  ResidentSetSize of job (KB)
...
006 (019.1318.000) 05/12 14:32:34 Image size of job updated: 4473072
	3873  -  MemoryUsage of job (MB)
	3965280  -  ResidentSetSize of job (KB)
...
006 (019.1318.000) 05/12 14:32:39 Image size of job updated: 4707568
	3995  -  MemoryUsage of job (MB)
	4090812  -  ResidentSetSize of job (KB)
...
006 (019.1318.000) 05/12 14:32:44 Image size of job updated: 4877552
	4122  -  MemoryUsage of job (MB)
	4220304  -  ResidentSetSize of job (KB)
...
006 (019.1318.000) 05/12 14:32:49 Image size of job updated: 4877552
	4250  -  MemoryUsage of job (MB)
	4351644  -  ResidentSetSize of job (KB)
...
006 (019.1318.000) 05/12 14:32:54 Image size of job updated: 4877552
	4376  -  MemoryUsage of job (MB)
	4480872  -  ResidentSetSize of job (KB)
...
006 (019.1318.000) 05/12 14:32:59 Image size of job updated: 5284080
	4503  -  MemoryUsage of job (MB)
	4610364  -  ResidentSetSize of job (KB)
...
006 (019.1318.000) 05/12 14:33:04 Image size of job updated: 5284080
	4628  -  MemoryUsage of job (MB)
	4738140  -  ResidentSetSize of job (KB)
...
006 (019.1318.000) 05/12 14:33:09 Image size of job updated: 5284080
	4752  -  MemoryUsage of job (MB)
	4865520  -  ResidentSetSize of job (KB)
...
006 (019.1318.000) 05/12 14:33:14 Image size of job updated: 5650672
	4878  -  MemoryUsage of job (MB)
	4994484  -  ResidentSetSize of job (KB)
...
006 (019.1318.000) 05/12 14:33:19 Image size of job updated: 5650672
	5003  -  MemoryUsage of job (MB)
	5122392  -  ResidentSetSize of job (KB)
...
006 (019.1318.000) 05/12 14:33:24 Image size of job updated: 5650672
	5125  -  MemoryUsage of job (MB)
	5247792  -  ResidentSetSize of job (KB)
...
006 (019.1318.000) 05/12 14:33:29 Image size of job updated: 6045936
	5248  -  MemoryUsage of job (MB)
	5373852  -  ResidentSetSize of job (KB)
...
006 (019.1318.000) 05/12 14:33:34 Image size of job updated: 6125808
	5373  -  MemoryUsage of job (MB)
	5501100  -  ResidentSetSize of job (KB)
...
006 (019.1318.000) 05/12 14:33:39 Image size of job updated: 6125808
	5496  -  MemoryUsage of job (MB)
	5627160  -  ResidentSetSize of job (KB)
...
006 (019.1318.000) 05/12 14:33:44 Image size of job updated: 6418672
	5622  -  MemoryUsage of job (MB)
	5756124  -  ResidentSetSize of job (KB)
...
006 (019.1318.000) 05/12 14:33:49 Image size of job updated: 6485232
	5773  -  MemoryUsage of job (MB)
	5910960  -  ResidentSetSize of job (KB)
...
006 (019.1318.000) 05/12 14:33:54 Image size of job updated: 6611184
	5903  -  MemoryUsage of job (MB)
	6044412  -  ResidentSetSize of job (KB)
...
006 (019.1318.000) 05/12 14:33:59 Image size of job updated: 6886640
	6065  -  MemoryUsage of job (MB)
	6209808  -  ResidentSetSize of job (KB)
...
006 (019.1318.000) 05/12 14:34:04 Image size of job updated: 6980848
	6212  -  MemoryUsage of job (MB)
	6360552  -  ResidentSetSize of job (KB)
...
006 (019.1318.000) 05/12 14:34:09 Image size of job updated: 6980848
	6342  -  MemoryUsage of job (MB)
	6493740  -  ResidentSetSize of job (KB)
...
006 (019.1318.000) 05/12 14:34:14 Image size of job updated: 7318768
	6482  -  MemoryUsage of job (MB)
	6637356  -  ResidentSetSize of job (KB)
...
006 (019.1318.000) 05/12 14:34:19 Image size of job updated: 7443696
	6627  -  MemoryUsage of job (MB)
	6785724  -  ResidentSetSize of job (KB)
...
006 (019.1318.000) 05/12 14:34:24 Image size of job updated: 7565552
	6762  -  MemoryUsage of job (MB)
	6923268  -  ResidentSetSize of job (KB)
...
006 (019.1318.000) 05/12 14:34:29 Image size of job updated: 7726320
	6891  -  MemoryUsage of job (MB)
	7055796  -  ResidentSetSize of job (KB)
...
006 (019.1318.000) 05/12 14:34:34 Image size of job updated: 7805168
	7019  -  MemoryUsage of job (MB)
	7187136  -  ResidentSetSize of job (KB)
...
006 (019.1318.000) 05/12 14:34:39 Image size of job updated: 7805168
	7150  -  MemoryUsage of job (MB)
	7320852  -  ResidentSetSize of job (KB)
...
006 (019.1318.000) 05/12 14:34:44 Image size of job updated: 8127728
	7288  -  MemoryUsage of job (MB)
	7462488  -  ResidentSetSize of job (KB)
...
006 (019.1318.000) 05/12 14:34:49 Image size of job updated: 8272112
	7435  -  MemoryUsage of job (MB)
	7612440  -  ResidentSetSize of job (KB)
...
006 (019.1318.000) 05/12 14:34:54 Image size of job updated: 8272112
	7596  -  MemoryUsage of job (MB)
	7778100  -  ResidentSetSize of job (KB)
...
006 (019.1318.000) 05/12 14:34:59 Image size of job updated: 8611056
	7756  -  MemoryUsage of job (MB)
	7941516  -  ResidentSetSize of job (KB)
...
006 (019.1318.000) 05/12 14:35:04 Image size of job updated: 8611056
	7917  -  MemoryUsage of job (MB)
	8106516  -  ResidentSetSize of job (KB)
...
006 (019.1318.000) 05/12 14:35:09 Image size of job updated: 8611056
	8079  -  MemoryUsage of job (MB)
	8272704  -  ResidentSetSize of job (KB)
...
006 (019.1318.000) 05/12 14:35:14 Image size of job updated: 9099504
	8239  -  MemoryUsage of job (MB)
	8436384  -  ResidentSetSize of job (KB)
...
006 (019.1318.000) 05/12 14:35:19 Image size of job updated: 9280752
	8400  -  MemoryUsage of job (MB)
	8601120  -  ResidentSetSize of job (KB)
...
006 (019.1318.000) 05/12 14:35:24 Image size of job updated: 9280752
	8561  -  MemoryUsage of job (MB)
	8765988  -  ResidentSetSize of job (KB)
...
006 (019.1318.000) 05/12 14:35:29 Image size of job updated: 9598192
	8721  -  MemoryUsage of job (MB)
	8929932  -  ResidentSetSize of job (KB)
...
006 (019.1318.000) 05/12 14:35:34 Image size of job updated: 9598192
	8882  -  MemoryUsage of job (MB)
	9094668  -  ResidentSetSize of job (KB)
...
006 (019.1318.000) 05/12 14:35:39 Image size of job updated: 9977072
	9120  -  MemoryUsage of job (MB)
	9338604  -  ResidentSetSize of job (KB)
...
005 (019.1318.000) 05/12 14:35:41 Job terminated.
	(1) Normal termination (return value 0)
		Usr 0 00:17:45, Sys 0 00:00:55  -  Run Remote Usage
		Usr 0 00:00:00, Sys 0 00:00:00  -  Run Local Usage
		Usr 0 00:17:45, Sys 0 00:00:55  -  Total Remote Usage
		Usr 0 00:00:00, Sys 0 00:00:00  -  Total Local Usage
	0  -  Run Bytes Sent By Job
	0  -  Run Bytes Received By Job
	0  -  Total Bytes Sent By Job
	0  -  Total Bytes Received By Job
	Partitionable Resources :      Usage  Request Allocated 
	   Cpus                 :       1.00        1         1 
	   Disk (KB)            : 2000000     2000000   6275465 
	   Memory (MB)          :    9120        1954      2007 
...
