000 (205.2163.000) 05/06 03:18:19 Job submitted from host: <127.0.0.1:9618?addrs=127.0.0.1-9618&noUDP&sock=222_da1d_4>
...
033 (205.2163.000) 05/06 14:21:48 Changing job attribute JobPrio from 0 to -5
...
000 (007.2163.000) 05/07 18:59:43 Job submitted from host: <127.0.0.1:9618?addrs=127.0.0.1-9618&noUDP&sock=215_0cf3_4>
...
000 (016.2163.000) 05/08 15:56:54 Job submitted from host: <127.0.0.1:9618?addrs=127.0.0.1-9618&noUDP&sock=227_4816_4>
...
001 (016.2163.000) 05/09 07:58:55 Job executing on host: <127.0.0.1:9618?addrs=127.0.0.1-9618&noUDP&sock=227_4816_5>
...
006 (016.2163.000) 05/09 07:59:00 Image size of job updated: 2000000
	109  -  MemoryUsage of job (MB)
	110880  -  ResidentSetSize of job (KB)
...
006 (016.2163.000) 05/09 07:59:05 Image size of job updated: 2000000
	115  -  MemoryUsage of job (MB)
	116952  -  ResidentSetSize of job (KB)
...
006 (016.2163.000) 05/09 08:00:00 Image size of job updated: 2000000
	150  -  MemoryUsage of job (MB)
	153252  -  ResidentSetSize of job (KB)
...
006 (016.2163.000) 05/09 08:00:05 Image size of job updated: 2000000
	211  -  MemoryUsage of job (MB)
	215292  -  ResidentSetSize of job (KB)
...
006 (016.2163.000) 05/09 08:00:10 Image size of job updated: 2000000
	211  -  MemoryUsage of job (MB)
	215688  -  ResidentSetSize of job (KB)
...
006 (016.2163.000) 05/09 08:00:15 Image size of job updated: 2000000
	215  -  MemoryUsage of job (MB)
	220044  -  ResidentSetSize of job (KB)
...
006 (016.2163.000) 05/09 08:00:20 Image size of job updated: 2000000
	227  -  MemoryUsage of job (MB)
	231924  -  ResidentSetSize of job (KB)
...
006 (016.2163.000) 05/09 08:00:25 Image size of job updated: 2000000
	238  -  MemoryUsage of job (MB)
	243540  -  ResidentSetSize of job (KB)
...
006 (016.2163.000) 05/09 08:00:30 Image size of job updated: 2000000
	250  -  MemoryUsage of job (MB)
	255420  -  ResidentSetSize of job (KB)
...
006 (016.2163.000) 05/09 08:00:35 Image size of job updated: 2000000
	260  -  MemoryUsage of job (MB)
	265452  -  ResidentSetSize of job (KB)
...
006 (016.2163.000) 05/09 08:00:40 Image size of job updated: 2000000
	269  -  MemoryUsage of job (MB)
	275220  -  ResidentSetSize of job (KB)
...
006 (016.2163.000) 05/09 08:00:45 Image size of job updated: 2000000
	280  -  MemoryUsage of job (MB)
	286572  -  ResidentSetSize of job (KB)
...
006 (016.2163.000) 05/09 08:00:50 Image size of job updated: 2000000
	317  -  MemoryUsage of job (MB)
	324324  -  ResidentSetSize of job (KB)
...
006 (016.2163.000) 05/09 08:00:55 Image size of job updated: 2000000
	358  -  MemoryUsage of job (MB)
	366036  -  ResidentSetSize of job (KB)
...
006 (016.2163.000) 05/09 08:01:00 Image size of job updated: 2000000
	379  -  MemoryUsage of job (MB)
	387948  -  ResidentSetSize of job (KB)
...
006 (016.2163.000) 05/09 08:01:10 Image size of job updated: 2000000
	448  -  MemoryUsage of job (MB)
	457776  -  ResidentSetSize of job (KB)
...
006 (016.2163.000) 05/09 08:01:15 Image size of job updated: 2000000
	499  -  MemoryUsage of job (MB)
	510180  -  ResidentSetSize of job (KB)
...
006 (016.2163.000) 05/09 08:01:20 Image size of job updated: 2000000
	546  -  MemoryUsage of job (MB)
	558492  -  ResidentSetSize of job (KB)
...
006 (016.2163.000) 05/09 08:01:25 Image size of job updated: 2000000
	1244  -  MemoryUsage of job (MB)
	1273800  -  ResidentSetSize of job (KB)
...
006 (016.2163.000) 05/09 08:18:57 Image size of job updated: 2000000
	1246  -  MemoryUsage of job (MB)
	1274988  -  ResidentSetSize of job (KB)
...
006 (016.2163.000) 05/09 08:19:02 Image size of job updated: 2303316
	1628  -  MemoryUsage of job (MB)
	1666764  -  ResidentSetSize of job (KB)
...
006 (016.2163.000) 05/09 08:19:07 Image size of job updated: 2303316
	1744  -  MemoryUsage of job (MB)
	1785168  -  ResidentSetSize of job (KB)
...
006 (016.2163.000) 05/09 08:19:12 Image size of job updated: 2654956
	1970  -  MemoryUsage of job (MB)
	2016432  -  ResidentSetSize of job (KB)
...
006 (016.2163.000) 05/09 08:19:17 Image size of job updated: 2706156
	2025  -  MemoryUsage of job (MB)
	2073192  -  ResidentSetSize of job (KB)
...
006 (016.2163.000) 05/09 08:19:22 Image size of job updated: 2706156
	2096  -  MemoryUsage of job (MB)
	2146188  -  ResidentSetSize of job (KB)
...
006 (016.2163.000) 05/09 08:19:28 Image size of job updated: 2706156
	2203  -  MemoryUsage of job (MB)
	2255352  -  ResidentSetSize of job (KB)
...
006 (016.2163.000) 05/09 08:19:34 Image size of job updated: 2946796
	2284  -  MemoryUsage of job (MB)
	2338776  -  ResidentSetSize of job (KB)
...
006 (016.2163.000) 05/09 08:19:40 Image size of job updated: 2946796
	2352  -  MemoryUsage of job (MB)
	2408340  -  ResidentSetSize of job (KB)
...
006 (016.2163.000) 05/09 08:19:46 Image size of job updated: 2946796
	2425  -  MemoryUsage of job (MB)
	2482656  -  ResidentSetSize of job (KB)
...
006 (016.2163.000) 05/09 08:19:52 Image size of job updated: 3186412
	2512  -  MemoryUsage of job (MB)
	2571492  -  ResidentSetSize of job (KB)
...
006 (016.2163.000) 05/09 08:19:58 Image size of job updated: 3186412
	2599  -  MemoryUsage of job (MB)
	2660460  -  ResidentSetSize of job (KB)
...
006 (016.2163.000) 05/09 08:20:04 Image size of job updated: 3347180
	2685  -  MemoryUsage of job (MB)
	2749164  -  ResidentSetSize of job (KB)
...
006 (016.2163.000) 05/09 08:20:10 Image size of job updated: 3347180
	2770  -  MemoryUsage of job (MB)
	2835624  -  ResidentSetSize of job (KB)
...
006 (016.2163.000) 05/09 08:20:16 Image size of job updated: 3486444
	2857  -  MemoryUsage of job (MB)
	2924592  -  ResidentSetSize of job (KB)
...
006 (016.2163.000) 05/09 08:20:22 Image size of job updated: 3568364
	2935  -  MemoryUsage of job (MB)
	3004716  -  ResidentSetSize of job (KB)
...
006 (016.2163.000) 05/09 08:20:28 Image size of job updated: 3682028
	3024  -  MemoryUsage of job (MB)
	3096060  -  ResidentSetSize of job (KB)
...
006 (016.2163.000) 05/09 08:20:34 Image size of job updated: 3792620
	3112  -  MemoryUsage of job (MB)
	3185820  -  ResidentSetSize of job (KB)
...
006 (016.2163.000) 05/09 08:20:40 Image size of job updated: 3861228
	3199  -  MemoryUsage of job (MB)
	3275052  -  ResidentSetSize of job (KB)
...
006 (016.2163.000) 05/09 08:20:46 Image size of job updated: 3861228
	3289  -  MemoryUsage of job (MB)
	3367320  -  ResidentSetSize of job (KB)
...
006 (016.2163.000) 05/09 08:20:52 Image size of job updated: 4023020
	3378  -  MemoryUsage of job (MB)
	3458664  -  ResidentSetSize of job (KB)
...
006 (016.2163.000) 05/09 08:20:58 Image size of job updated: 4023020
	3467  -  MemoryUsage of job (MB)
	3549744  -  ResidentSetSize of job (KB)
...
006 (016.2163.000) 05/09 08:21:04 Image size of job updated: 4249324
	3555  -  MemoryUsage of job (MB)
	3639768  -  ResidentSetSize of job (KB)
...
006 (016.2163.000) 05/09 08:21:10 Image size of job updated: 4249324
	3629  -  MemoryUsage of job (MB)
	3715932  -  ResidentSetSize of job (KB)
...
006 (016.2163.000) 05/09 08:21:16 Image size of job updated: 4249324
	3699  -  MemoryUsage of job (MB)
	3786816  -  ResidentSetSize of job (KB)
...
006 (016.2163.000) 05/09 08:21:22 Image size of job updated: 4459244
	3770  -  MemoryUsage of job (MB)
	3859944  -  ResidentSetSize of job (KB)
...
006 (016.2163.000) 05/09 08:21:28 Image size of job updated: 4529900
	3839  -  MemoryUsage of job (MB)
	3930300  -  ResidentSetSize of job (KB)
...
006 (016.2163.000) 05/09 08:21:34 Image size of job updated: 4648684
	3909  -  MemoryUsage of job (MB)
	4001844  -  ResidentSetSize of job (KB)
...
006 (016.2163.000) 05/09 08:21:40 Image size of job updated: 4648684
	3965  -  MemoryUsage of job (MB)
	4060056  -  ResidentSetSize of job (KB)
...
006 (016.2163.000) 05/09 08:21:46 Image size of job updated: 4648684
	4024  -  MemoryUsage of job (MB)
	4119852  -  ResidentSetSize of job (KB)
...
006 (016.2163.000) 05/09 08:21:52 Image size of job updated: 4842220
	4083  -  MemoryUsage of job (MB)
	4180968  -  ResidentSetSize of job (KB)
...
006 (016.2163.000) 05/09 08:21:58 Image size of job updated: 4890348
	4154  -  MemoryUsage of job (MB)
	4253172  -  ResidentSetSize of job (KB)
...
006 (016.2163.000) 05/09 08:22:04 Image size of job updated: 5001964
	4224  -  MemoryUsage of job (MB)
	4324716  -  ResidentSetSize of job (KB)
...
006 (016.2163.000) 05/09 08:22:14 Image size of job updated: 5001964
	4282  -  MemoryUsage of job (MB)
	4384644  -  ResidentSetSize of job (KB)
...
006 (016.2163.000) 05/09 08:22:36 Image size of job updated: 5229292
	4485  -  MemoryUsage of job (MB)
	4591620  -  ResidentSetSize of job (KB)
...
006 (016.2163.000) 05/09 08:22:51 Image size of job updated: 5441260
	4660  -  MemoryUsage of job (MB)
	4771008  -  ResidentSetSize of job (KB)
...
006 (016.2163.000) 05/09 08:23:00 Image size of job updated: 5544684
	4766  -  MemoryUsage of job (MB)
	4879776  -  ResidentSetSize of job (KB)
...
006 (016.2163.000) 05/09 08:23:06 Image size of job updated: 5625580
	4836  -  MemoryUsage of job (MB)
	4951320  -  ResidentSetSize of job (KB)
...
006 (016.2163.000) 05/09 08:23:12 Image size of job updated: 5664492
	4908  -  MemoryUsage of job (MB)
	5025504  -  ResidentSetSize of job (KB)
...
006 (016.2163.000) 05/09 08:23:18 Image size of job updated: 5664492
	4981  -  MemoryUsage of job (MB)
	5099820  -  ResidentSetSize of job (KB)
...
006 (016.2163.000) 05/09 08:23:24 Image size of job updated: 5845740
	5051  -  MemoryUsage of job (MB)
	5171628  -  ResidentSetSize of job (KB)
...
006 (016.2163.000) 05/09 08:23:30 Image size of job updated: 5845740
	5122  -  MemoryUsage of job (MB)
	5244360  -  ResidentSetSize of job (KB)
...
006 (016.2163.000) 05/09 08:23:36 Image size of job updated: 5845740
	5192  -  MemoryUsage of job (MB)
	5316300  -  ResidentSetSize of job (KB)
...
006 (016.2163.000) 05/09 08:23:42 Image size of job updated: 6023916
	5263  -  MemoryUsage of job (MB)
	5388372  -  ResidentSetSize of job (KB)
...
006 (016.2163.000) 05/09 08:23:48 Image size of job updated: 6125292
	5333  -  MemoryUsage of job (MB)
	5460972  -  ResidentSetSize of job (KB)
...
006 (016.2163.000) 05/09 08:23:54 Image size of job updated: 6206188
	5404  -  MemoryUsage of job (MB)
	5532912  -  ResidentSetSize of job (KB)
...
006 (016.2163.000) 05/09 08:24:00 Image size of job updated: 6206188
	5475  -  MemoryUsage of job (MB)
	5605380  -  ResidentSetSize of job (KB)
...
006 (016.2163.000) 05/09 08:24:06 Image size of job updated: 6206188
	5537  -  MemoryUsage of job (MB)
	5669268  -  ResidentSetSize of job (KB)
...
006 (016.2163.000) 05/09 08:24:12 Image size of job updated: 6427372
	5601  -  MemoryUsage of job (MB)
	5734476  -  ResidentSetSize of job (KB)
...
006 (016.2163.000) 05/09 08:24:18 Image size of job updated: 6481644
	5671  -  MemoryUsage of job (MB)
	5806284  -  ResidentSetSize of job (KB)
...
006 (016.2163.000) 05/09 08:24:24 Image size of job updated: 6564588
	5740  -  MemoryUsage of job (MB)
	5877036  -  ResidentSetSize of job (KB)
...
006 (016.2163.000) 05/09 08:24:30 Image size of job updated: 6564588
	5812  -  MemoryUsage of job (MB)
	5950956  -  ResidentSetSize of job (KB)
...
006 (016.2163.000) 05/09 08:24:36 Image size of job updated: 6564588
	5900  -  MemoryUsage of job (MB)
	6040980  -  ResidentSetSize of job (KB)
...
006 (016.2163.000) 05/09 08:24:42 Image size of job updated: 6766316
	5971  -  MemoryUsage of job (MB)
	6113448  -  ResidentSetSize of job (KB)
...
006 (016.2163.000) 05/09 08:24:48 Image size of job updated: 6766316
	6056  -  MemoryUsage of job (MB)
	6201096  -  ResidentSetSize of job (KB)
...
006 (016.2163.000) 05/09 08:24:54 Image size of job updated: 6987500
	6144  -  MemoryUsage of job (MB)
	6291120  -  ResidentSetSize of job (KB)
...
006 (016.2163.000) 05/09 08:25:00 Image size of job updated: 6987500
	6232  -  MemoryUsage of job (MB)
	6380616  -  ResidentSetSize of job (KB)
...
006 (016.2163.000) 05/09 08:25:06 Image size of job updated: 6987500
	6311  -  MemoryUsage of job (MB)
	6461796  -  ResidentSetSize of job (KB)
...
006 (016.2163.000) 05/09 08:25:12 Image size of job updated: 7196396
	6379  -  MemoryUsage of job (MB)
	6531228  -  ResidentSetSize of job (KB)
...
006 (016.2163.000) 05/09 08:25:18 Image size of job updated: 7196396
	6448  -  MemoryUsage of job (MB)
	6602112  -  ResidentSetSize of job (KB)
...
006 (016.2163.000) 05/09 08:25:24 Image size of job updated: 7365356
	6520  -  MemoryUsage of job (MB)
	6676428  -  ResidentSetSize of job (KB)
...
006 (016.2163.000) 05/09 08:25:30 Image size of job updated: 7446252
	6600  -  MemoryUsage of job (MB)
	6758400  -  ResidentSetSize of job (KB)
...
006 (016.2163.000) 05/09 08:25:36 Image size of job updated: 7446252
	6647  -  MemoryUsage of job (MB)
	6806184  -  ResidentSetSize of job (KB)
...
006 (016.2163.000) 05/09 08:25:42 Image size of job updated: 7571180
	6676  -  MemoryUsage of job (MB)
	6835488  -  ResidentSetSize of job (KB)
...
006 (016.2163.000) 05/09 08:25:48 Image size of job updated: 7571180
	6702  -  MemoryUsage of job (MB)
	6862284  -  ResidentSetSize of job (KB)
...
006 (016.2163.000) 05/09 08:25:56 Image size of job updated: 7722732
	6721  -  MemoryUsage of job (MB)
	6881424  -  ResidentSetSize of job (KB)
...
006 (016.2163.000) 05/09 08:26:00 Image size of job updated: 7723756
	6766  -  MemoryUsage of job (MB)
	6927624  -  ResidentSetSize of job (KB)
...
006 (016.2163.000) 05/09 08:26:05 Image size of job updated: 7723756
	6823  -  MemoryUsage of job (MB)
	6986496  -  ResidentSetSize of job (KB)
...
006 (016.2163.000) 05/09 08:26:10 Image size of job updated: 7855852
	7003  -  MemoryUsage of job (MB)
	7170240  -  ResidentSetSize of job (KB)
...
006 (016.2163.000) 05/09 08:26:15 Image size of job updated: 7997164
	7114  -  MemoryUsage of job (MB)
	7284024  -  ResidentSetSize of job (KB)
...
005 (016.2163.000) 05/09 08:26:21 Job terminated.
	(1) Normal termination (return value 0)
		Usr 0 00:26:04, Sys 0 00:00:10  -  Run Remote Usage
		Usr 0 00:00:00, Sys 0 00:00:00  -  Run Local Usage
		Usr 0 00:26:04, Sys 0 00:00:10  -  Total Remote Usage
		Usr 0 00:00:00, Sys 0 00:00:00  -  Total Local Usage
	0  -  Run Bytes Sent By Job
	0  -  Run Bytes Received By Job
	0  -  Total Bytes Sent By Job
	0  -  Total Bytes Received By Job
	Partitionable Resources :      Usage  Request Allocated 
	   Cpus                 :       0.83        1         1 
	   Disk (KB)            : 2000000     2000000   6275465 
	   Memory (MB)          :    7114        1954      2007 
...
