000 (035.006.000) 04/27 18:39:17 Job submitted from host: <127.0.0.1:9618?addrs=127.0.0.1-9618&noUDP&sock=222_da1d_4>
...
000 (036.006.000) 04/27 18:39:54 Job submitted from host: <127.0.0.1:9618?addrs=127.0.0.1-9618&noUDP&sock=222_da1d_4>
...
001 (035.006.000) 04/28 02:54:50 Job executing on host: <127.0.0.1:9618?addrs=127.0.0.1-9618&noUDP&sock=222_da1d_5>
...
006 (035.006.000) 04/28 02:54:56 Image size of job updated: 400092
	391  -  MemoryUsage of job (MB)
	400092  -  ResidentSetSize of job (KB)
...
006 (035.006.000) 04/28 02:55:02 Image size of job updated: 603728
	575  -  MemoryUsage of job (MB)
	588720  -  ResidentSetSize of job (KB)
...
005 (035.006.000) 04/28 02:57:26 Job terminated.
	(1) Normal termination (return value 0)
		Usr 0 00:02:33, Sys 0 00:00:00  -  Run Remote Usage
		Usr 0 00:00:00, Sys 0 00:00:00  -  Run Local Usage
		Usr 0 00:02:33, Sys 0 00:00:00  -  Total Remote Usage
		Usr 0 00:00:00, Sys 0 00:00:00  -  Total Local Usage
	0  -  Run Bytes Sent By Job
	0  -  Run Bytes Received By Job
	0  -  Total Bytes Sent By Job
	0  -  Total Bytes Received By Job
	Partitionable Resources :    Usage  Request Allocated 
	   Cpus                 :     0.98        1         1 
	   Disk (KB)            :     1           1   6540465 
	   Memory (MB)          :   575           1      2007 
...
001 (036.006.000) 04/28 02:58:07 Job executing on host: <127.0.0.1:9618?addrs=127.0.0.1-9618&noUDP&sock=222_da1d_5>
...
006 (036.006.000) 04/28 02:58:13 Image size of job updated: 413860
	399  -  MemoryUsage of job (MB)
	408540  -  ResidentSetSize of job (KB)
...
006 (036.006.000) 04/28 02:58:19 Image size of job updated: 603728
	576  -  MemoryUsage of job (MB)
	588984  -  ResidentSetSize of job (KB)
...
005 (036.006.000) 04/28 03:00:43 Job terminated.
	(1) Normal termination (return value 0)
		Usr 0 00:02:33, Sys 0 00:00:00  -  Run Remote Usage
		Usr 0 00:00:00, Sys 0 00:00:00  -  Run Local Usage
		Usr 0 00:02:33, Sys 0 00:00:00  -  Total Remote Usage
		Usr 0 00:00:00, Sys 0 00:00:00  -  Total Local Usage
	0  -  Run Bytes Sent By Job
	0  -  Run Bytes Received By Job
	0  -  Total Bytes Sent By Job
	0  -  Total Bytes Received By Job
	Partitionable Resources :    Usage  Request Allocated 
	   Cpus                 :     1.00        1         1 
	   Disk (KB)            :     1           1   6540465 
	   Memory (MB)          :   576           1      2007 
...
