000 (205.431.000) 05/06 03:17:12 Job submitted from host: <127.0.0.1:9618?addrs=127.0.0.1-9618&noUDP&sock=222_da1d_4>
...
033 (205.431.000) 05/06 14:21:10 Changing job attribute JobPrio from 0 to -5
...
001 (205.431.000) 05/07 09:30:19 Job executing on host: <127.0.0.1:9618?addrs=127.0.0.1-9618+[--1]-9618&noUDP&sock=337139_e3f4_5>
...
006 (205.431.000) 05/07 09:30:25 Image size of job updated: 2000000
	114  -  MemoryUsage of job (MB)
	116556  -  ResidentSetSize of job (KB)
...
006 (205.431.000) 05/07 09:30:30 Image size of job updated: 2000000
	175  -  MemoryUsage of job (MB)
	178596  -  ResidentSetSize of job (KB)
...
006 (205.431.000) 05/07 09:30:35 Image size of job updated: 2000000
	210  -  MemoryUsage of job (MB)
	214632  -  ResidentSetSize of job (KB)
...
006 (205.431.000) 05/07 09:30:40 Image size of job updated: 2000000
	210  -  MemoryUsage of job (MB)
	214896  -  ResidentSetSize of job (KB)
...
006 (205.431.000) 05/07 09:30:45 Image size of job updated: 2000000
	214  -  MemoryUsage of job (MB)
	218196  -  ResidentSetSize of job (KB)
...
006 (205.431.000) 05/07 09:30:50 Image size of job updated: 2000000
	223  -  MemoryUsage of job (MB)
	227832  -  ResidentSetSize of job (KB)
...
006 (205.431.000) 05/07 09:30:55 Image size of job updated: 2000000
	234  -  MemoryUsage of job (MB)
	238656  -  ResidentSetSize of job (KB)
...
006 (205.431.000) 05/07 09:31:00 Image size of job updated: 2000000
	245  -  MemoryUsage of job (MB)
	250536  -  ResidentSetSize of job (KB)
...
006 (205.431.000) 05/07 09:31:05 Image size of job updated: 2000000
	255  -  MemoryUsage of job (MB)
	260436  -  ResidentSetSize of job (KB)
...
006 (205.431.000) 05/07 09:31:10 Image size of job updated: 2000000
	263  -  MemoryUsage of job (MB)
	268884  -  ResidentSetSize of job (KB)
...
006 (205.431.000) 05/07 09:31:15 Image size of job updated: 2000000
	269  -  MemoryUsage of job (MB)
	275352  -  ResidentSetSize of job (KB)
...
006 (205.431.000) 05/07 09:31:20 Image size of job updated: 2000000
	281  -  MemoryUsage of job (MB)
	286836  -  ResidentSetSize of job (KB)
...
006 (205.431.000) 05/07 09:31:25 Image size of job updated: 2000000
	315  -  MemoryUsage of job (MB)
	322212  -  ResidentSetSize of job (KB)
...
006 (205.431.000) 05/07 09:31:30 Image size of job updated: 2000000
	354  -  MemoryUsage of job (MB)
	362340  -  ResidentSetSize of job (KB)
...
006 (205.431.000) 05/07 09:31:35 Image size of job updated: 2000000
	378  -  MemoryUsage of job (MB)
	386628  -  ResidentSetSize of job (KB)
...
006 (205.431.000) 05/07 09:31:41 Image size of job updated: 2000000
	407  -  MemoryUsage of job (MB)
	416724  -  ResidentSetSize of job (KB)
...
006 (205.431.000) 05/07 09:31:47 Image size of job updated: 2000000
	473  -  MemoryUsage of job (MB)
	483384  -  ResidentSetSize of job (KB)
...
006 (205.431.000) 05/07 09:31:53 Image size of job updated: 2000000
	526  -  MemoryUsage of job (MB)
	537768  -  ResidentSetSize of job (KB)
...
006 (205.431.000) 05/07 09:31:59 Image size of job updated: 2000000
	1242  -  MemoryUsage of job (MB)
	1271160  -  ResidentSetSize of job (KB)
...
006 (205.431.000) 05/07 10:19:48 Image size of job updated: 3372272
	2607  -  MemoryUsage of job (MB)
	2669304  -  ResidentSetSize of job (KB)
...
006 (205.431.000) 05/07 10:46:27 Image size of job updated: 4094192
	3265  -  MemoryUsage of job (MB)
	3343296  -  ResidentSetSize of job (KB)
...
006 (205.431.000) 05/07 11:11:46 Image size of job updated: 4936944
	4011  -  MemoryUsage of job (MB)
	4106256  -  ResidentSetSize of job (KB)
...
006 (205.431.000) 05/07 11:14:30 Image size of job updated: 5076208
	4011  -  MemoryUsage of job (MB)
	4106388  -  ResidentSetSize of job (KB)
...
005 (205.431.000) 05/07 11:14:35 Job terminated.
	(0) Abnormal termination (signal 9)
	(0) No core file
		Usr 0 00:23:27, Sys 0 00:45:39  -  Run Remote Usage
		Usr 0 00:00:00, Sys 0 00:00:00  -  Run Local Usage
		Usr 0 00:23:27, Sys 0 00:45:39  -  Total Remote Usage
		Usr 0 00:00:00, Sys 0 00:00:00  -  Total Local Usage
	101526  -  Run Bytes Sent By Job
	1864886144  -  Run Bytes Received By Job
	101526  -  Total Bytes Sent By Job
	1864886144  -  Total Bytes Received By Job
	Partitionable Resources :      Usage  Request Allocated 
	   Cpus                 :       0.99        1         1 
	   Disk (KB)            : 2000000     2000000   6513701 
	   Memory (MB)          :    4011        1954      2007 
...
000 (007.431.000) 05/07 18:59:19 Job submitted from host: <127.0.0.1:9618?addrs=127.0.0.1-9618&noUDP&sock=215_0cf3_4>
...
000 (016.431.000) 05/08 15:56:37 Job submitted from host: <127.0.0.1:9618?addrs=127.0.0.1-9618&noUDP&sock=227_4816_4>
...
001 (016.431.000) 05/08 19:00:47 Job executing on host: <127.0.0.1:9618?addrs=127.0.0.1-9618&noUDP&sock=227_4816_5>
...
006 (016.431.000) 05/08 19:00:53 Image size of job updated: 2000000
	115  -  MemoryUsage of job (MB)
	117084  -  ResidentSetSize of job (KB)
...
006 (016.431.000) 05/08 19:01:17 Image size of job updated: 2000000
	119  -  MemoryUsage of job (MB)
	121572  -  ResidentSetSize of job (KB)
...
006 (016.431.000) 05/08 19:01:23 Image size of job updated: 2000000
	198  -  MemoryUsage of job (MB)
	202752  -  ResidentSetSize of job (KB)
...
006 (016.431.000) 05/08 19:01:29 Image size of job updated: 2000000
	211  -  MemoryUsage of job (MB)
	215556  -  ResidentSetSize of job (KB)
...
006 (016.431.000) 05/08 19:01:35 Image size of job updated: 2000000
	212  -  MemoryUsage of job (MB)
	216084  -  ResidentSetSize of job (KB)
...
006 (016.431.000) 05/08 19:01:41 Image size of job updated: 2000000
	223  -  MemoryUsage of job (MB)
	227964  -  ResidentSetSize of job (KB)
...
006 (016.431.000) 05/08 19:01:47 Image size of job updated: 2000000
	235  -  MemoryUsage of job (MB)
	239712  -  ResidentSetSize of job (KB)
...
006 (016.431.000) 05/08 19:01:53 Image size of job updated: 2000000
	246  -  MemoryUsage of job (MB)
	251328  -  ResidentSetSize of job (KB)
...
006 (016.431.000) 05/08 19:01:59 Image size of job updated: 2000000
	255  -  MemoryUsage of job (MB)
	260964  -  ResidentSetSize of job (KB)
...
006 (016.431.000) 05/08 19:02:05 Image size of job updated: 2000000
	265  -  MemoryUsage of job (MB)
	271260  -  ResidentSetSize of job (KB)
...
006 (016.431.000) 05/08 19:02:11 Image size of job updated: 2000000
	273  -  MemoryUsage of job (MB)
	278784  -  ResidentSetSize of job (KB)
...
006 (016.431.000) 05/08 19:02:17 Image size of job updated: 2000000
	301  -  MemoryUsage of job (MB)
	307560  -  ResidentSetSize of job (KB)
...
006 (016.431.000) 05/08 19:02:23 Image size of job updated: 2000000
	349  -  MemoryUsage of job (MB)
	356400  -  ResidentSetSize of job (KB)
...
006 (016.431.000) 05/08 19:02:29 Image size of job updated: 2000000
	380  -  MemoryUsage of job (MB)
	388476  -  ResidentSetSize of job (KB)
...
006 (016.431.000) 05/08 19:02:35 Image size of job updated: 2000000
	400  -  MemoryUsage of job (MB)
	408936  -  ResidentSetSize of job (KB)
...
006 (016.431.000) 05/08 19:02:41 Image size of job updated: 2000000
	472  -  MemoryUsage of job (MB)
	482592  -  ResidentSetSize of job (KB)
...
006 (016.431.000) 05/08 19:02:47 Image size of job updated: 2000000
	526  -  MemoryUsage of job (MB)
	538428  -  ResidentSetSize of job (KB)
...
006 (016.431.000) 05/08 19:02:53 Image size of job updated: 2000000
	1245  -  MemoryUsage of job (MB)
	1274328  -  ResidentSetSize of job (KB)
...
006 (016.431.000) 05/08 19:19:06 Image size of job updated: 2000000
	1277  -  MemoryUsage of job (MB)
	1307328  -  ResidentSetSize of job (KB)
...
006 (016.431.000) 05/08 19:19:11 Image size of job updated: 2303316
	1657  -  MemoryUsage of job (MB)
	1696728  -  ResidentSetSize of job (KB)
...
006 (016.431.000) 05/08 19:19:16 Image size of job updated: 2303316
	1782  -  MemoryUsage of job (MB)
	1823844  -  ResidentSetSize of job (KB)
...
006 (016.431.000) 05/08 19:19:21 Image size of job updated: 2696948
	1968  -  MemoryUsage of job (MB)
	2014320  -  ResidentSetSize of job (KB)
...
006 (016.431.000) 05/08 19:19:26 Image size of job updated: 2696948
	1972  -  MemoryUsage of job (MB)
	2019072  -  ResidentSetSize of job (KB)
...
006 (016.431.000) 05/08 19:19:31 Image size of job updated: 2696948
	2012  -  MemoryUsage of job (MB)
	2059992  -  ResidentSetSize of job (KB)
...
006 (016.431.000) 05/08 19:19:36 Image size of job updated: 2696948
	2090  -  MemoryUsage of job (MB)
	2139852  -  ResidentSetSize of job (KB)
...
006 (016.431.000) 05/08 19:19:41 Image size of job updated: 2850036
	2163  -  MemoryUsage of job (MB)
	2214036  -  ResidentSetSize of job (KB)
...
006 (016.431.000) 05/08 19:19:52 Image size of job updated: 2850036
	2194  -  MemoryUsage of job (MB)
	2245716  -  ResidentSetSize of job (KB)
...
006 (016.431.000) 05/08 19:20:09 Image size of job updated: 2966772
	2309  -  MemoryUsage of job (MB)
	2363724  -  ResidentSetSize of job (KB)
...
006 (016.431.000) 05/08 19:20:23 Image size of job updated: 3040500
	2368  -  MemoryUsage of job (MB)
	2423916  -  ResidentSetSize of job (KB)
...
006 (016.431.000) 05/08 19:20:32 Image size of job updated: 3074292
	2416  -  MemoryUsage of job (MB)
	2473812  -  ResidentSetSize of job (KB)
...
006 (016.431.000) 05/08 19:20:37 Image size of job updated: 3140852
	2444  -  MemoryUsage of job (MB)
	2502456  -  ResidentSetSize of job (KB)
...
006 (016.431.000) 05/08 19:20:42 Image size of job updated: 3161332
	2474  -  MemoryUsage of job (MB)
	2532816  -  ResidentSetSize of job (KB)
...
006 (016.431.000) 05/08 19:20:47 Image size of job updated: 3202292
	2502  -  MemoryUsage of job (MB)
	2561724  -  ResidentSetSize of job (KB)
...
006 (016.431.000) 05/08 19:20:52 Image size of job updated: 3222772
	2531  -  MemoryUsage of job (MB)
	2591160  -  ResidentSetSize of job (KB)
...
006 (016.431.000) 05/08 19:20:57 Image size of job updated: 3222772
	2560  -  MemoryUsage of job (MB)
	2620860  -  ResidentSetSize of job (KB)
...
006 (016.431.000) 05/08 19:21:02 Image size of job updated: 3222772
	2589  -  MemoryUsage of job (MB)
	2650164  -  ResidentSetSize of job (KB)
...
006 (016.431.000) 05/08 19:21:07 Image size of job updated: 3299572
	2618  -  MemoryUsage of job (MB)
	2680260  -  ResidentSetSize of job (KB)
...
006 (016.431.000) 05/08 19:21:16 Image size of job updated: 3375348
	2662  -  MemoryUsage of job (MB)
	2725800  -  ResidentSetSize of job (KB)
...
006 (016.431.000) 05/08 19:21:22 Image size of job updated: 3411188
	2685  -  MemoryUsage of job (MB)
	2748504  -  ResidentSetSize of job (KB)
...
006 (016.431.000) 05/08 19:21:28 Image size of job updated: 3437812
	2725  -  MemoryUsage of job (MB)
	2789688  -  ResidentSetSize of job (KB)
...
006 (016.431.000) 05/08 19:21:34 Image size of job updated: 3481844
	2767  -  MemoryUsage of job (MB)
	2832456  -  ResidentSetSize of job (KB)
...
006 (016.431.000) 05/08 19:21:40 Image size of job updated: 3508468
	2809  -  MemoryUsage of job (MB)
	2876412  -  ResidentSetSize of job (KB)
...
006 (016.431.000) 05/08 19:21:46 Image size of job updated: 3559668
	2853  -  MemoryUsage of job (MB)
	2921292  -  ResidentSetSize of job (KB)
...
006 (016.431.000) 05/08 19:21:52 Image size of job updated: 3623156
	2893  -  MemoryUsage of job (MB)
	2961420  -  ResidentSetSize of job (KB)
...
006 (016.431.000) 05/08 19:21:58 Image size of job updated: 3623156
	2929  -  MemoryUsage of job (MB)
	2998644  -  ResidentSetSize of job (KB)
...
006 (016.431.000) 05/08 19:22:04 Image size of job updated: 3623156
	2964  -  MemoryUsage of job (MB)
	3034152  -  ResidentSetSize of job (KB)
...
006 (016.431.000) 05/08 19:22:10 Image size of job updated: 3713268
	2998  -  MemoryUsage of job (MB)
	3069792  -  ResidentSetSize of job (KB)
...
006 (016.431.000) 05/08 19:22:16 Image size of job updated: 3713268
	3029  -  MemoryUsage of job (MB)
	3101208  -  ResidentSetSize of job (KB)
...
006 (016.431.000) 05/08 19:22:22 Image size of job updated: 3804404
	3040  -  MemoryUsage of job (MB)
	3112824  -  ResidentSetSize of job (KB)
...
006 (016.431.000) 05/08 19:22:28 Image size of job updated: 3819764
	3058  -  MemoryUsage of job (MB)
	3131172  -  ResidentSetSize of job (KB)
...
006 (016.431.000) 05/08 19:22:34 Image size of job updated: 3862772
	3094  -  MemoryUsage of job (MB)
	3168132  -  ResidentSetSize of job (KB)
...
006 (016.431.000) 05/08 19:22:40 Image size of job updated: 3892468
	3129  -  MemoryUsage of job (MB)
	3203376  -  ResidentSetSize of job (KB)
...
006 (016.431.000) 05/08 19:22:46 Image size of job updated: 3892468
	3165  -  MemoryUsage of job (MB)
	3240468  -  ResidentSetSize of job (KB)
...
006 (016.431.000) 05/08 19:22:52 Image size of job updated: 3892468
	3202  -  MemoryUsage of job (MB)
	3278088  -  ResidentSetSize of job (KB)
...
006 (016.431.000) 05/08 19:22:58 Image size of job updated: 3999988
	3237  -  MemoryUsage of job (MB)
	3314256  -  ResidentSetSize of job (KB)
...
006 (016.431.000) 05/08 19:23:05 Image size of job updated: 3999988
	3273  -  MemoryUsage of job (MB)
	3350820  -  ResidentSetSize of job (KB)
...
006 (016.431.000) 05/08 19:23:10 Image size of job updated: 3999988
	3282  -  MemoryUsage of job (MB)
	3360060  -  ResidentSetSize of job (KB)
...
006 (016.431.000) 05/08 19:23:15 Image size of job updated: 4088052
	3293  -  MemoryUsage of job (MB)
	3371412  -  ResidentSetSize of job (KB)
...
006 (016.431.000) 05/08 19:23:22 Image size of job updated: 4101364
	3312  -  MemoryUsage of job (MB)
	3391212  -  ResidentSetSize of job (KB)
...
006 (016.431.000) 05/08 19:23:27 Image size of job updated: 4126964
	3341  -  MemoryUsage of job (MB)
	3420912  -  ResidentSetSize of job (KB)
...
006 (016.431.000) 05/08 19:23:32 Image size of job updated: 4172020
	3370  -  MemoryUsage of job (MB)
	3450612  -  ResidentSetSize of job (KB)
...
006 (016.431.000) 05/08 19:23:37 Image size of job updated: 4186356
	3398  -  MemoryUsage of job (MB)
	3479256  -  ResidentSetSize of job (KB)
...
006 (016.431.000) 05/08 19:23:42 Image size of job updated: 4202740
	3432  -  MemoryUsage of job (MB)
	3513840  -  ResidentSetSize of job (KB)
...
006 (016.431.000) 05/08 19:23:47 Image size of job updated: 4281588
	3470  -  MemoryUsage of job (MB)
	3552648  -  ResidentSetSize of job (KB)
...
006 (016.431.000) 05/08 19:23:52 Image size of job updated: 4281588
	3505  -  MemoryUsage of job (MB)
	3588288  -  ResidentSetSize of job (KB)
...
006 (016.431.000) 05/08 19:23:57 Image size of job updated: 4281588
	3540  -  MemoryUsage of job (MB)
	3624060  -  ResidentSetSize of job (KB)
...
006 (016.431.000) 05/08 19:24:02 Image size of job updated: 4380916
	3575  -  MemoryUsage of job (MB)
	3660228  -  ResidentSetSize of job (KB)
...
006 (016.431.000) 05/08 19:24:07 Image size of job updated: 4417780
	3614  -  MemoryUsage of job (MB)
	3700224  -  ResidentSetSize of job (KB)
...
006 (016.431.000) 05/08 19:24:12 Image size of job updated: 4417780
	3649  -  MemoryUsage of job (MB)
	3735996  -  ResidentSetSize of job (KB)
...
006 (016.431.000) 05/08 19:24:17 Image size of job updated: 4417780
	3688  -  MemoryUsage of job (MB)
	3776388  -  ResidentSetSize of job (KB)
...
006 (016.431.000) 05/08 19:24:22 Image size of job updated: 4513012
	3722  -  MemoryUsage of job (MB)
	3810444  -  ResidentSetSize of job (KB)
...
006 (016.431.000) 05/08 19:24:27 Image size of job updated: 4513012
	3760  -  MemoryUsage of job (MB)
	3849648  -  ResidentSetSize of job (KB)
...
006 (016.431.000) 05/08 19:24:32 Image size of job updated: 4513012
	3798  -  MemoryUsage of job (MB)
	3888984  -  ResidentSetSize of job (KB)
...
006 (016.431.000) 05/08 19:24:37 Image size of job updated: 4624628
	3837  -  MemoryUsage of job (MB)
	3928452  -  ResidentSetSize of job (KB)
...
006 (016.431.000) 05/08 19:24:42 Image size of job updated: 4624628
	3866  -  MemoryUsage of job (MB)
	3958020  -  ResidentSetSize of job (KB)
...
006 (016.431.000) 05/08 19:24:47 Image size of job updated: 4624628
	3896  -  MemoryUsage of job (MB)
	3988908  -  ResidentSetSize of job (KB)
...
006 (016.431.000) 05/08 19:24:52 Image size of job updated: 4722932
	3926  -  MemoryUsage of job (MB)
	4019400  -  ResidentSetSize of job (KB)
...
006 (016.431.000) 05/08 19:24:57 Image size of job updated: 4722932
	3955  -  MemoryUsage of job (MB)
	4049892  -  ResidentSetSize of job (KB)
...
006 (016.431.000) 05/08 19:25:02 Image size of job updated: 4722932
	3984  -  MemoryUsage of job (MB)
	4079592  -  ResidentSetSize of job (KB)
...
006 (016.431.000) 05/08 19:25:07 Image size of job updated: 4813044
	4014  -  MemoryUsage of job (MB)
	4109556  -  ResidentSetSize of job (KB)
...
006 (016.431.000) 05/08 19:25:22 Image size of job updated: 4900084
	4036  -  MemoryUsage of job (MB)
	4132788  -  ResidentSetSize of job (KB)
...
006 (016.431.000) 05/08 19:25:27 Image size of job updated: 4930804
	4066  -  MemoryUsage of job (MB)
	4163544  -  ResidentSetSize of job (KB)
...
006 (016.431.000) 05/08 19:25:32 Image size of job updated: 4984052
	4095  -  MemoryUsage of job (MB)
	4192980  -  ResidentSetSize of job (KB)
...
006 (016.431.000) 05/08 19:25:37 Image size of job updated: 4996340
	4132  -  MemoryUsage of job (MB)
	4230732  -  ResidentSetSize of job (KB)
...
006 (016.431.000) 05/08 19:25:42 Image size of job updated: 5032180
	4167  -  MemoryUsage of job (MB)
	4266108  -  ResidentSetSize of job (KB)
...
006 (016.431.000) 05/08 19:25:47 Image size of job updated: 5032180
	4197  -  MemoryUsage of job (MB)
	4297392  -  ResidentSetSize of job (KB)
...
006 (016.431.000) 05/08 19:25:52 Image size of job updated: 5100788
	4227  -  MemoryUsage of job (MB)
	4327488  -  ResidentSetSize of job (KB)
...
006 (016.431.000) 05/08 19:25:57 Image size of job updated: 5129460
	4374  -  MemoryUsage of job (MB)
	4477968  -  ResidentSetSize of job (KB)
...
006 (016.431.000) 05/08 19:26:02 Image size of job updated: 5129460
	4544  -  MemoryUsage of job (MB)
	4652208  -  ResidentSetSize of job (KB)
...
006 (016.431.000) 05/08 19:26:07 Image size of job updated: 5355764
	4544  -  MemoryUsage of job (MB)
	4652208  -  ResidentSetSize of job (KB)
...
005 (016.431.000) 05/08 19:26:07 Job terminated.
	(1) Normal termination (return value 0)
		Usr 0 00:24:16, Sys 0 00:00:14  -  Run Remote Usage
		Usr 0 00:00:00, Sys 0 00:00:00  -  Run Local Usage
		Usr 0 00:24:16, Sys 0 00:00:14  -  Total Remote Usage
		Usr 0 00:00:00, Sys 0 00:00:00  -  Total Local Usage
	0  -  Run Bytes Sent By Job
	0  -  Run Bytes Received By Job
	0  -  Total Bytes Sent By Job
	0  -  Total Bytes Received By Job
	Partitionable Resources :      Usage  Request Allocated 
	   Cpus                 :       0.89        1         1 
	   Disk (KB)            : 2000000     2000000   6275465 
	   Memory (MB)          :    4544        1954      2007 
...
