000 (040.5478.000) 04/27 18:44:35 Job submitted from host: <127.0.0.1:9618?addrs=127.0.0.1-9618&noUDP&sock=222_da1d_4>
...
001 (040.5478.000) 04/28 07:18:47 Job executing on host: <127.0.0.1:9618?addrs=127.0.0.1-9618&noUDP&sock=222_da1d_5>
...
006 (040.5478.000) 04/28 07:18:53 Image size of job updated: 340824
	333  -  MemoryUsage of job (MB)
	340824  -  ResidentSetSize of job (KB)
...
006 (040.5478.000) 04/28 07:18:58 Image size of job updated: 674256
	659  -  MemoryUsage of job (MB)
	674256  -  ResidentSetSize of job (KB)
...
006 (040.5478.000) 04/28 07:19:03 Image size of job updated: 695376
	665  -  MemoryUsage of job (MB)
	680724  -  ResidentSetSize of job (KB)
...
005 (040.5478.000) 04/28 07:21:31 Job terminated.
	(1) Normal termination (return value 0)
		Usr 0 00:02:40, Sys 0 00:00:00  -  Run Remote Usage
		Usr 0 00:00:00, Sys 0 00:00:00  -  Run Local Usage
		Usr 0 00:02:40, Sys 0 00:00:00  -  Total Remote Usage
		Usr 0 00:00:00, Sys 0 00:00:00  -  Total Local Usage
	0  -  Run Bytes Sent By Job
	0  -  Run Bytes Received By Job
	0  -  Total Bytes Sent By Job
	0  -  Total Bytes Received By Job
	Partitionable Resources :    Usage  Request Allocated 
	   Cpus                 :     0.99        1         1 
	   Disk (KB)            :     1           1   6540465 
	   Memory (MB)          :   665           1      2007 
...
