000 (005.8780.000) 05/05 20:25:34 Job submitted from host: <127.0.0.1:9618?addrs=127.0.0.1-9618&noUDP&sock=227_4816_4>
...
033 (005.8780.000) 05/06 14:17:55 Changing job attribute JobPrio from 0 to -10
...
009 (005.8780.000) 05/07 21:45:16 Job was aborted by the user.
	via condor_rm (by user aw868)
...
000 (011.1729.000) 05/08 17:21:28 Job submitted from host: <127.0.0.1:9618?addrs=127.0.0.1-9618&noUDP&sock=212_fe2a_4>
...
033 (011.1729.000) 05/08 20:41:44 Changing job attribute JobPrio from 0 to -5
...
001 (011.1729.000) 05/09 05:57:42 Job executing on host: <127.0.0.1:9618?addrs=127.0.0.1-9618&noUDP&sock=212_fe2a_5>
...
006 (011.1729.000) 05/09 05:57:47 Image size of job updated: 2000000
	101  -  MemoryUsage of job (MB)
	103092  -  ResidentSetSize of job (KB)
...
006 (011.1729.000) 05/09 05:58:17 Image size of job updated: 2000000
	162  -  MemoryUsage of job (MB)
	165396  -  ResidentSetSize of job (KB)
...
006 (011.1729.000) 05/09 05:58:22 Image size of job updated: 2000000
	184  -  MemoryUsage of job (MB)
	187968  -  ResidentSetSize of job (KB)
...
006 (011.1729.000) 05/09 05:58:27 Image size of job updated: 2000000
	189  -  MemoryUsage of job (MB)
	193380  -  ResidentSetSize of job (KB)
...
006 (011.1729.000) 05/09 05:58:32 Image size of job updated: 2000000
	203  -  MemoryUsage of job (MB)
	207240  -  ResidentSetSize of job (KB)
...
006 (011.1729.000) 05/09 05:58:37 Image size of job updated: 2000000
	211  -  MemoryUsage of job (MB)
	215556  -  ResidentSetSize of job (KB)
...
006 (011.1729.000) 05/09 05:58:42 Image size of job updated: 2000000
	221  -  MemoryUsage of job (MB)
	225720  -  ResidentSetSize of job (KB)
...
006 (011.1729.000) 05/09 05:58:47 Image size of job updated: 2000000
	231  -  MemoryUsage of job (MB)
	235620  -  ResidentSetSize of job (KB)
...
006 (011.1729.000) 05/09 05:58:52 Image size of job updated: 2000000
	239  -  MemoryUsage of job (MB)
	243804  -  ResidentSetSize of job (KB)
...
006 (011.1729.000) 05/09 05:58:57 Image size of job updated: 2000000
	253  -  MemoryUsage of job (MB)
	258720  -  ResidentSetSize of job (KB)
...
006 (011.1729.000) 05/09 05:59:02 Image size of job updated: 2000000
	295  -  MemoryUsage of job (MB)
	302016  -  ResidentSetSize of job (KB)
...
006 (011.1729.000) 05/09 05:59:07 Image size of job updated: 2000000
	324  -  MemoryUsage of job (MB)
	331056  -  ResidentSetSize of job (KB)
...
006 (011.1729.000) 05/09 05:59:12 Image size of job updated: 2000000
	329  -  MemoryUsage of job (MB)
	336072  -  ResidentSetSize of job (KB)
...
006 (011.1729.000) 05/09 05:59:17 Image size of job updated: 2000000
	409  -  MemoryUsage of job (MB)
	418176  -  ResidentSetSize of job (KB)
...
006 (011.1729.000) 05/09 05:59:22 Image size of job updated: 2000000
	479  -  MemoryUsage of job (MB)
	490116  -  ResidentSetSize of job (KB)
...
006 (011.1729.000) 05/09 05:59:27 Image size of job updated: 2000000
	1171  -  MemoryUsage of job (MB)
	1198296  -  ResidentSetSize of job (KB)
...
006 (011.1729.000) 05/09 06:13:03 Image size of job updated: 2000000
	1173  -  MemoryUsage of job (MB)
	1200144  -  ResidentSetSize of job (KB)
...
006 (011.1729.000) 05/09 06:13:09 Image size of job updated: 2000000
	1235  -  MemoryUsage of job (MB)
	1264296  -  ResidentSetSize of job (KB)
...
006 (011.1729.000) 05/09 06:13:15 Image size of job updated: 2000000
	1622  -  MemoryUsage of job (MB)
	1660032  -  ResidentSetSize of job (KB)
...
006 (011.1729.000) 05/09 06:13:21 Image size of job updated: 2270668
	1823  -  MemoryUsage of job (MB)
	1866084  -  ResidentSetSize of job (KB)
...
006 (011.1729.000) 05/09 06:13:27 Image size of job updated: 2270668
	1885  -  MemoryUsage of job (MB)
	1929444  -  ResidentSetSize of job (KB)
...
006 (011.1729.000) 05/09 06:13:33 Image size of job updated: 2564076
	1890  -  MemoryUsage of job (MB)
	1935252  -  ResidentSetSize of job (KB)
...
006 (011.1729.000) 05/09 06:13:39 Image size of job updated: 2574316
	1898  -  MemoryUsage of job (MB)
	1943436  -  ResidentSetSize of job (KB)
...
006 (011.1729.000) 05/09 06:13:45 Image size of job updated: 2580460
	1905  -  MemoryUsage of job (MB)
	1950300  -  ResidentSetSize of job (KB)
...
006 (011.1729.000) 05/09 06:13:51 Image size of job updated: 2584556
	1913  -  MemoryUsage of job (MB)
	1958088  -  ResidentSetSize of job (KB)
...
006 (011.1729.000) 05/09 06:13:57 Image size of job updated: 2584556
	1917  -  MemoryUsage of job (MB)
	1962972  -  ResidentSetSize of job (KB)
...
006 (011.1729.000) 05/09 06:14:03 Image size of job updated: 2584556
	1922  -  MemoryUsage of job (MB)
	1967592  -  ResidentSetSize of job (KB)
...
006 (011.1729.000) 05/09 06:14:09 Image size of job updated: 2602988
	1927  -  MemoryUsage of job (MB)
	1972872  -  ResidentSetSize of job (KB)
...
006 (011.1729.000) 05/09 06:14:15 Image size of job updated: 2604012
	1931  -  MemoryUsage of job (MB)
	1977096  -  ResidentSetSize of job (KB)
...
006 (011.1729.000) 05/09 06:14:21 Image size of job updated: 2612204
	1937  -  MemoryUsage of job (MB)
	1982640  -  ResidentSetSize of job (KB)
...
006 (011.1729.000) 05/09 06:14:27 Image size of job updated: 2612204
	1939  -  MemoryUsage of job (MB)
	1985412  -  ResidentSetSize of job (KB)
...
006 (011.1729.000) 05/09 06:14:33 Image size of job updated: 2612204
	1946  -  MemoryUsage of job (MB)
	1992144  -  ResidentSetSize of job (KB)
...
006 (011.1729.000) 05/09 06:14:39 Image size of job updated: 2624492
	1951  -  MemoryUsage of job (MB)
	1997424  -  ResidentSetSize of job (KB)
...
006 (011.1729.000) 05/09 06:14:45 Image size of job updated: 2624492
	1956  -  MemoryUsage of job (MB)
	2002044  -  ResidentSetSize of job (KB)
...
006 (011.1729.000) 05/09 06:14:51 Image size of job updated: 2635756
	1960  -  MemoryUsage of job (MB)
	2006268  -  ResidentSetSize of job (KB)
...
006 (011.1729.000) 05/09 06:14:57 Image size of job updated: 2635756
	1965  -  MemoryUsage of job (MB)
	2011284  -  ResidentSetSize of job (KB)
...
006 (011.1729.000) 05/09 06:15:03 Image size of job updated: 2635756
	1970  -  MemoryUsage of job (MB)
	2016696  -  ResidentSetSize of job (KB)
...
006 (011.1729.000) 05/09 06:15:09 Image size of job updated: 2650092
	1976  -  MemoryUsage of job (MB)
	2023164  -  ResidentSetSize of job (KB)
...
006 (011.1729.000) 05/09 06:15:15 Image size of job updated: 2650092
	1980  -  MemoryUsage of job (MB)
	2027256  -  ResidentSetSize of job (KB)
...
006 (011.1729.000) 05/09 06:15:21 Image size of job updated: 2650092
	1983  -  MemoryUsage of job (MB)
	2029632  -  ResidentSetSize of job (KB)
...
006 (011.1729.000) 05/09 06:15:27 Image size of job updated: 2660332
	1985  -  MemoryUsage of job (MB)
	2031744  -  ResidentSetSize of job (KB)
...
006 (011.1729.000) 05/09 06:15:33 Image size of job updated: 2660332
	1988  -  MemoryUsage of job (MB)
	2035308  -  ResidentSetSize of job (KB)
...
006 (011.1729.000) 05/09 06:15:39 Image size of job updated: 2670572
	1992  -  MemoryUsage of job (MB)
	2039532  -  ResidentSetSize of job (KB)
...
006 (011.1729.000) 05/09 06:15:45 Image size of job updated: 2670572
	1995  -  MemoryUsage of job (MB)
	2042832  -  ResidentSetSize of job (KB)
...
006 (011.1729.000) 05/09 06:15:51 Image size of job updated: 2670572
	2000  -  MemoryUsage of job (MB)
	2047056  -  ResidentSetSize of job (KB)
...
006 (011.1729.000) 05/09 06:15:57 Image size of job updated: 2678764
	2003  -  MemoryUsage of job (MB)
	2050092  -  ResidentSetSize of job (KB)
...
006 (011.1729.000) 05/09 06:16:03 Image size of job updated: 2678764
	2008  -  MemoryUsage of job (MB)
	2055504  -  ResidentSetSize of job (KB)
...
006 (011.1729.000) 05/09 06:16:09 Image size of job updated: 2689004
	2011  -  MemoryUsage of job (MB)
	2059200  -  ResidentSetSize of job (KB)
...
006 (011.1729.000) 05/09 06:16:15 Image size of job updated: 2689004
	2016  -  MemoryUsage of job (MB)
	2064348  -  ResidentSetSize of job (KB)
...
006 (011.1729.000) 05/09 06:16:21 Image size of job updated: 2698220
	2020  -  MemoryUsage of job (MB)
	2067780  -  ResidentSetSize of job (KB)
...
006 (011.1729.000) 05/09 06:16:27 Image size of job updated: 2699244
	2021  -  MemoryUsage of job (MB)
	2069100  -  ResidentSetSize of job (KB)
...
006 (011.1729.000) 05/09 06:16:33 Image size of job updated: 2699244
	2025  -  MemoryUsage of job (MB)
	2072928  -  ResidentSetSize of job (KB)
...
006 (011.1729.000) 05/09 06:16:39 Image size of job updated: 2708460
	2030  -  MemoryUsage of job (MB)
	2077944  -  ResidentSetSize of job (KB)
...
006 (011.1729.000) 05/09 06:16:46 Image size of job updated: 2709484
	2035  -  MemoryUsage of job (MB)
	2083224  -  ResidentSetSize of job (KB)
...
006 (011.1729.000) 05/09 06:16:51 Image size of job updated: 2717676
	2039  -  MemoryUsage of job (MB)
	2087712  -  ResidentSetSize of job (KB)
...
006 (011.1729.000) 05/09 06:16:56 Image size of job updated: 2718700
	2040  -  MemoryUsage of job (MB)
	2088768  -  ResidentSetSize of job (KB)
...
006 (011.1729.000) 05/09 06:17:01 Image size of job updated: 2718700
	2044  -  MemoryUsage of job (MB)
	2092992  -  ResidentSetSize of job (KB)
...
006 (011.1729.000) 05/09 06:17:06 Image size of job updated: 2718700
	2046  -  MemoryUsage of job (MB)
	2095104  -  ResidentSetSize of job (KB)
...
006 (011.1729.000) 05/09 06:17:11 Image size of job updated: 2728940
	2050  -  MemoryUsage of job (MB)
	2098404  -  ResidentSetSize of job (KB)
...
006 (011.1729.000) 05/09 06:17:16 Image size of job updated: 2733036
	2054  -  MemoryUsage of job (MB)
	2103024  -  ResidentSetSize of job (KB)
...
006 (011.1729.000) 05/09 06:17:21 Image size of job updated: 2735084
	2058  -  MemoryUsage of job (MB)
	2106456  -  ResidentSetSize of job (KB)
...
006 (011.1729.000) 05/09 06:17:26 Image size of job updated: 2740204
	2061  -  MemoryUsage of job (MB)
	2109492  -  ResidentSetSize of job (KB)
...
006 (011.1729.000) 05/09 06:17:31 Image size of job updated: 2740204
	2062  -  MemoryUsage of job (MB)
	2111076  -  ResidentSetSize of job (KB)
...
006 (011.1729.000) 05/09 06:17:36 Image size of job updated: 2740204
	2067  -  MemoryUsage of job (MB)
	2116356  -  ResidentSetSize of job (KB)
...
006 (011.1729.000) 05/09 06:17:41 Image size of job updated: 2749420
	2072  -  MemoryUsage of job (MB)
	2120976  -  ResidentSetSize of job (KB)
...
006 (011.1729.000) 05/09 06:17:46 Image size of job updated: 2752492
	2074  -  MemoryUsage of job (MB)
	2123088  -  ResidentSetSize of job (KB)
...
006 (011.1729.000) 05/09 06:17:51 Image size of job updated: 2752492
	2077  -  MemoryUsage of job (MB)
	2126388  -  ResidentSetSize of job (KB)
...
006 (011.1729.000) 05/09 06:17:56 Image size of job updated: 2752492
	2079  -  MemoryUsage of job (MB)
	2128368  -  ResidentSetSize of job (KB)
...
006 (011.1729.000) 05/09 06:18:01 Image size of job updated: 2760684
	2083  -  MemoryUsage of job (MB)
	2132196  -  ResidentSetSize of job (KB)
...
006 (011.1729.000) 05/09 06:18:06 Image size of job updated: 2760684
	2087  -  MemoryUsage of job (MB)
	2136156  -  ResidentSetSize of job (KB)
...
006 (011.1729.000) 05/09 06:18:11 Image size of job updated: 2760684
	2090  -  MemoryUsage of job (MB)
	2139984  -  ResidentSetSize of job (KB)
...
006 (011.1729.000) 05/09 06:18:16 Image size of job updated: 2771948
	2095  -  MemoryUsage of job (MB)
	2145000  -  ResidentSetSize of job (KB)
...
006 (011.1729.000) 05/09 06:18:21 Image size of job updated: 2771948
	2098  -  MemoryUsage of job (MB)
	2147904  -  ResidentSetSize of job (KB)
...
006 (011.1729.000) 05/09 06:18:26 Image size of job updated: 2771948
	2101  -  MemoryUsage of job (MB)
	2150412  -  ResidentSetSize of job (KB)
...
006 (011.1729.000) 05/09 06:18:31 Image size of job updated: 2782188
	2103  -  MemoryUsage of job (MB)
	2153448  -  ResidentSetSize of job (KB)
...
006 (011.1729.000) 05/09 06:18:36 Image size of job updated: 2782188
	2105  -  MemoryUsage of job (MB)
	2154636  -  ResidentSetSize of job (KB)
...
006 (011.1729.000) 05/09 06:18:41 Image size of job updated: 2782188
	2110  -  MemoryUsage of job (MB)
	2159652  -  ResidentSetSize of job (KB)
...
006 (011.1729.000) 05/09 06:18:46 Image size of job updated: 2792428
	2115  -  MemoryUsage of job (MB)
	2164800  -  ResidentSetSize of job (KB)
...
006 (011.1729.000) 05/09 06:18:51 Image size of job updated: 2799596
	2119  -  MemoryUsage of job (MB)
	2169552  -  ResidentSetSize of job (KB)
...
006 (011.1729.000) 05/09 06:18:56 Image size of job updated: 2802668
	2123  -  MemoryUsage of job (MB)
	2173248  -  ResidentSetSize of job (KB)
...
006 (011.1729.000) 05/09 06:19:01 Image size of job updated: 2805740
	2126  -  MemoryUsage of job (MB)
	2176284  -  ResidentSetSize of job (KB)
...
006 (011.1729.000) 05/09 06:19:06 Image size of job updated: 2805740
	2131  -  MemoryUsage of job (MB)
	2182092  -  ResidentSetSize of job (KB)
...
006 (011.1729.000) 05/09 06:19:11 Image size of job updated: 2805740
	2133  -  MemoryUsage of job (MB)
	2183940  -  ResidentSetSize of job (KB)
...
006 (011.1729.000) 05/09 06:19:16 Image size of job updated: 2815980
	2137  -  MemoryUsage of job (MB)
	2187372  -  ResidentSetSize of job (KB)
...
006 (011.1729.000) 05/09 06:19:21 Image size of job updated: 2815980
	2284  -  MemoryUsage of job (MB)
	2338116  -  ResidentSetSize of job (KB)
...
006 (011.1729.000) 05/09 06:19:26 Image size of job updated: 2815980
	2346  -  MemoryUsage of job (MB)
	2402004  -  ResidentSetSize of job (KB)
...
006 (011.1729.000) 05/09 06:19:29 Image size of job updated: 2978028
	2346  -  MemoryUsage of job (MB)
	2402004  -  ResidentSetSize of job (KB)
...
005 (011.1729.000) 05/09 06:19:29 Job terminated.
	(1) Normal termination (return value 0)
		Usr 0 00:21:17, Sys 0 00:00:02  -  Run Remote Usage
		Usr 0 00:00:00, Sys 0 00:00:00  -  Run Local Usage
		Usr 0 00:21:17, Sys 0 00:00:02  -  Total Remote Usage
		Usr 0 00:00:00, Sys 0 00:00:00  -  Total Local Usage
	0  -  Run Bytes Sent By Job
	0  -  Run Bytes Received By Job
	0  -  Total Bytes Sent By Job
	0  -  Total Bytes Received By Job
	Partitionable Resources :      Usage  Request Allocated 
	   Cpus                 :       1.00        1         1 
	   Disk (KB)            : 2000000     2000000   6232219 
	   Memory (MB)          :    2346        1954      2007 
...
