000 (005.7296.000) 05/05 20:24:49 Job submitted from host: <127.0.0.1:9618?addrs=127.0.0.1-9618&noUDP&sock=227_4816_4>
...
033 (005.7296.000) 05/06 14:17:31 Changing job attribute JobPrio from 0 to -10
...
009 (005.7296.000) 05/07 21:44:44 Job was aborted by the user.
	via condor_rm (by user aw868)
...
000 (011.245.000) 05/08 17:21:14 Job submitted from host: <127.0.0.1:9618?addrs=127.0.0.1-9618&noUDP&sock=212_fe2a_4>
...
001 (011.245.000) 05/08 19:08:26 Job executing on host: <127.0.0.1:9618?addrs=127.0.0.1-9618&noUDP&sock=212_fe2a_5>
...
006 (011.245.000) 05/08 19:08:31 Image size of job updated: 2000000
	101  -  MemoryUsage of job (MB)
	103092  -  ResidentSetSize of job (KB)
...
006 (011.245.000) 05/08 19:09:08 Image size of job updated: 2000000
	115  -  MemoryUsage of job (MB)
	117744  -  ResidentSetSize of job (KB)
...
006 (011.245.000) 05/08 19:09:14 Image size of job updated: 2000000
	184  -  MemoryUsage of job (MB)
	188100  -  ResidentSetSize of job (KB)
...
006 (011.245.000) 05/08 19:09:20 Image size of job updated: 2000000
	185  -  MemoryUsage of job (MB)
	188496  -  ResidentSetSize of job (KB)
...
006 (011.245.000) 05/08 19:09:26 Image size of job updated: 2000000
	190  -  MemoryUsage of job (MB)
	194172  -  ResidentSetSize of job (KB)
...
006 (011.245.000) 05/08 19:09:32 Image size of job updated: 2000000
	202  -  MemoryUsage of job (MB)
	205920  -  ResidentSetSize of job (KB)
...
006 (011.245.000) 05/08 19:09:38 Image size of job updated: 2000000
	211  -  MemoryUsage of job (MB)
	215688  -  ResidentSetSize of job (KB)
...
006 (011.245.000) 05/08 19:09:44 Image size of job updated: 2000000
	223  -  MemoryUsage of job (MB)
	227436  -  ResidentSetSize of job (KB)
...
006 (011.245.000) 05/08 19:09:50 Image size of job updated: 2000000
	233  -  MemoryUsage of job (MB)
	238392  -  ResidentSetSize of job (KB)
...
006 (011.245.000) 05/08 19:09:56 Image size of job updated: 2000000
	241  -  MemoryUsage of job (MB)
	245916  -  ResidentSetSize of job (KB)
...
006 (011.245.000) 05/08 19:10:02 Image size of job updated: 2000000
	275  -  MemoryUsage of job (MB)
	281424  -  ResidentSetSize of job (KB)
...
006 (011.245.000) 05/08 19:10:08 Image size of job updated: 2000000
	313  -  MemoryUsage of job (MB)
	320100  -  ResidentSetSize of job (KB)
...
006 (011.245.000) 05/08 19:10:14 Image size of job updated: 2000000
	329  -  MemoryUsage of job (MB)
	336204  -  ResidentSetSize of job (KB)
...
006 (011.245.000) 05/08 19:10:20 Image size of job updated: 2000000
	397  -  MemoryUsage of job (MB)
	406032  -  ResidentSetSize of job (KB)
...
006 (011.245.000) 05/08 19:10:26 Image size of job updated: 2000000
	470  -  MemoryUsage of job (MB)
	481008  -  ResidentSetSize of job (KB)
...
006 (011.245.000) 05/08 19:10:32 Image size of job updated: 2000000
	1169  -  MemoryUsage of job (MB)
	1196052  -  ResidentSetSize of job (KB)
...
006 (011.245.000) 05/08 19:25:25 Image size of job updated: 2000000
	1170  -  MemoryUsage of job (MB)
	1198032  -  ResidentSetSize of job (KB)
...
006 (011.245.000) 05/08 19:25:31 Image size of job updated: 2000000
	1248  -  MemoryUsage of job (MB)
	1277496  -  ResidentSetSize of job (KB)
...
006 (011.245.000) 05/08 19:25:37 Image size of job updated: 2000000
	1619  -  MemoryUsage of job (MB)
	1657788  -  ResidentSetSize of job (KB)
...
006 (011.245.000) 05/08 19:25:43 Image size of job updated: 2000000
	1691  -  MemoryUsage of job (MB)
	1731312  -  ResidentSetSize of job (KB)
...
006 (011.245.000) 05/08 19:25:49 Image size of job updated: 2561508
	1885  -  MemoryUsage of job (MB)
	1929576  -  ResidentSetSize of job (KB)
...
006 (011.245.000) 05/08 19:25:55 Image size of job updated: 2561508
	1889  -  MemoryUsage of job (MB)
	1934064  -  ResidentSetSize of job (KB)
...
006 (011.245.000) 05/08 19:26:01 Image size of job updated: 2561508
	1900  -  MemoryUsage of job (MB)
	1945416  -  ResidentSetSize of job (KB)
...
006 (011.245.000) 05/08 19:26:07 Image size of job updated: 2579940
	1908  -  MemoryUsage of job (MB)
	1953072  -  ResidentSetSize of job (KB)
...
006 (011.245.000) 05/08 19:26:13 Image size of job updated: 2579940
	1912  -  MemoryUsage of job (MB)
	1957692  -  ResidentSetSize of job (KB)
...
006 (011.245.000) 05/08 19:26:19 Image size of job updated: 2592228
	1918  -  MemoryUsage of job (MB)
	1963500  -  ResidentSetSize of job (KB)
...
006 (011.245.000) 05/08 19:26:25 Image size of job updated: 2592228
	1925  -  MemoryUsage of job (MB)
	1970232  -  ResidentSetSize of job (KB)
...
006 (011.245.000) 05/08 19:26:31 Image size of job updated: 2592228
	1930  -  MemoryUsage of job (MB)
	1975512  -  ResidentSetSize of job (KB)
...
006 (011.245.000) 05/08 19:26:37 Image size of job updated: 2606564
	1933  -  MemoryUsage of job (MB)
	1979076  -  ResidentSetSize of job (KB)
...
006 (011.245.000) 05/08 19:26:43 Image size of job updated: 2606564
	1937  -  MemoryUsage of job (MB)
	1983300  -  ResidentSetSize of job (KB)
...
006 (011.245.000) 05/08 19:26:49 Image size of job updated: 2616804
	1942  -  MemoryUsage of job (MB)
	1988052  -  ResidentSetSize of job (KB)
...
006 (011.245.000) 05/08 19:26:55 Image size of job updated: 2616804
	1946  -  MemoryUsage of job (MB)
	1991880  -  ResidentSetSize of job (KB)
...
006 (011.245.000) 05/08 19:27:01 Image size of job updated: 2616804
	1947  -  MemoryUsage of job (MB)
	1992936  -  ResidentSetSize of job (KB)
...
006 (011.245.000) 05/08 19:27:08 Image size of job updated: 2627044
	1953  -  MemoryUsage of job (MB)
	1999272  -  ResidentSetSize of job (KB)
...
006 (011.245.000) 05/08 19:27:13 Image size of job updated: 2630116
	1955  -  MemoryUsage of job (MB)
	2001912  -  ResidentSetSize of job (KB)
...
006 (011.245.000) 05/08 19:27:18 Image size of job updated: 2630116
	1962  -  MemoryUsage of job (MB)
	2008116  -  ResidentSetSize of job (KB)
...
006 (011.245.000) 05/08 19:27:23 Image size of job updated: 2640356
	1965  -  MemoryUsage of job (MB)
	2012076  -  ResidentSetSize of job (KB)
...
006 (011.245.000) 05/08 19:27:28 Image size of job updated: 2640356
	1967  -  MemoryUsage of job (MB)
	2014056  -  ResidentSetSize of job (KB)
...
006 (011.245.000) 05/08 19:27:33 Image size of job updated: 2640356
	1972  -  MemoryUsage of job (MB)
	2018544  -  ResidentSetSize of job (KB)
...
006 (011.245.000) 05/08 19:27:38 Image size of job updated: 2653668
	1977  -  MemoryUsage of job (MB)
	2024088  -  ResidentSetSize of job (KB)
...
006 (011.245.000) 05/08 19:27:43 Image size of job updated: 2655716
	1980  -  MemoryUsage of job (MB)
	2027124  -  ResidentSetSize of job (KB)
...
006 (011.245.000) 05/08 19:27:48 Image size of job updated: 2660836
	1984  -  MemoryUsage of job (MB)
	2030688  -  ResidentSetSize of job (KB)
...
006 (011.245.000) 05/08 19:27:53 Image size of job updated: 2664932
	1990  -  MemoryUsage of job (MB)
	2036892  -  ResidentSetSize of job (KB)
...
006 (011.245.000) 05/08 19:27:58 Image size of job updated: 2664932
	1992  -  MemoryUsage of job (MB)
	2039664  -  ResidentSetSize of job (KB)
...
006 (011.245.000) 05/08 19:28:03 Image size of job updated: 2664932
	1997  -  MemoryUsage of job (MB)
	2044152  -  ResidentSetSize of job (KB)
...
006 (011.245.000) 05/08 19:28:08 Image size of job updated: 2678244
	2001  -  MemoryUsage of job (MB)
	2048112  -  ResidentSetSize of job (KB)
...
006 (011.245.000) 05/08 19:28:13 Image size of job updated: 2683364
	2005  -  MemoryUsage of job (MB)
	2052600  -  ResidentSetSize of job (KB)
...
006 (011.245.000) 05/08 19:28:18 Image size of job updated: 2685412
	2007  -  MemoryUsage of job (MB)
	2054976  -  ResidentSetSize of job (KB)
...
006 (011.245.000) 05/08 19:28:23 Image size of job updated: 2687460
	2009  -  MemoryUsage of job (MB)
	2056956  -  ResidentSetSize of job (KB)
...
006 (011.245.000) 05/08 19:28:28 Image size of job updated: 2691556
	2013  -  MemoryUsage of job (MB)
	2060388  -  ResidentSetSize of job (KB)
...
006 (011.245.000) 05/08 19:28:33 Image size of job updated: 2691556
	2017  -  MemoryUsage of job (MB)
	2065404  -  ResidentSetSize of job (KB)
...
006 (011.245.000) 05/08 19:28:38 Image size of job updated: 2691556
	2020  -  MemoryUsage of job (MB)
	2068440  -  ResidentSetSize of job (KB)
...
006 (011.245.000) 05/08 19:28:43 Image size of job updated: 2699748
	2025  -  MemoryUsage of job (MB)
	2072664  -  ResidentSetSize of job (KB)
...
006 (011.245.000) 05/08 19:28:48 Image size of job updated: 2699748
	2027  -  MemoryUsage of job (MB)
	2075172  -  ResidentSetSize of job (KB)
...
006 (011.245.000) 05/08 19:28:53 Image size of job updated: 2707940
	2031  -  MemoryUsage of job (MB)
	2078868  -  ResidentSetSize of job (KB)
...
006 (011.245.000) 05/08 19:28:58 Image size of job updated: 2712036
	2035  -  MemoryUsage of job (MB)
	2083752  -  ResidentSetSize of job (KB)
...
006 (011.245.000) 05/08 19:29:03 Image size of job updated: 2712036
	2040  -  MemoryUsage of job (MB)
	2088240  -  ResidentSetSize of job (KB)
...
006 (011.245.000) 05/08 19:29:08 Image size of job updated: 2720228
	2042  -  MemoryUsage of job (MB)
	2090088  -  ResidentSetSize of job (KB)
...
006 (011.245.000) 05/08 19:29:13 Image size of job updated: 2723300
	2046  -  MemoryUsage of job (MB)
	2094444  -  ResidentSetSize of job (KB)
...
006 (011.245.000) 05/08 19:29:18 Image size of job updated: 2723300
	2050  -  MemoryUsage of job (MB)
	2098668  -  ResidentSetSize of job (KB)
...
006 (011.245.000) 05/08 19:29:23 Image size of job updated: 2732516
	2055  -  MemoryUsage of job (MB)
	2103684  -  ResidentSetSize of job (KB)
...
006 (011.245.000) 05/08 19:29:28 Image size of job updated: 2737636
	2058  -  MemoryUsage of job (MB)
	2107380  -  ResidentSetSize of job (KB)
...
006 (011.245.000) 05/08 19:29:33 Image size of job updated: 2743780
	2064  -  MemoryUsage of job (MB)
	2113452  -  ResidentSetSize of job (KB)
...
006 (011.245.000) 05/08 19:29:38 Image size of job updated: 2747876
	2069  -  MemoryUsage of job (MB)
	2118204  -  ResidentSetSize of job (KB)
...
006 (011.245.000) 05/08 19:29:43 Image size of job updated: 2751972
	2075  -  MemoryUsage of job (MB)
	2124144  -  ResidentSetSize of job (KB)
...
006 (011.245.000) 05/08 19:29:48 Image size of job updated: 2759140
	2079  -  MemoryUsage of job (MB)
	2128500  -  ResidentSetSize of job (KB)
...
006 (011.245.000) 05/08 19:29:53 Image size of job updated: 2759140
	2083  -  MemoryUsage of job (MB)
	2132196  -  ResidentSetSize of job (KB)
...
006 (011.245.000) 05/08 19:29:58 Image size of job updated: 2764260
	2087  -  MemoryUsage of job (MB)
	2136288  -  ResidentSetSize of job (KB)
...
006 (011.245.000) 05/08 19:30:03 Image size of job updated: 2764260
	2091  -  MemoryUsage of job (MB)
	2140776  -  ResidentSetSize of job (KB)
...
006 (011.245.000) 05/08 19:30:08 Image size of job updated: 2774500
	2094  -  MemoryUsage of job (MB)
	2143944  -  ResidentSetSize of job (KB)
...
006 (011.245.000) 05/08 19:30:13 Image size of job updated: 2778596
	2098  -  MemoryUsage of job (MB)
	2148300  -  ResidentSetSize of job (KB)
...
006 (011.245.000) 05/08 19:30:18 Image size of job updated: 2779620
	2103  -  MemoryUsage of job (MB)
	2153316  -  ResidentSetSize of job (KB)
...
006 (011.245.000) 05/08 19:30:23 Image size of job updated: 2779620
	2109  -  MemoryUsage of job (MB)
	2158992  -  ResidentSetSize of job (KB)
...
006 (011.245.000) 05/08 19:30:28 Image size of job updated: 2789860
	2114  -  MemoryUsage of job (MB)
	2164404  -  ResidentSetSize of job (KB)
...
006 (011.245.000) 05/08 19:30:33 Image size of job updated: 2789860
	2119  -  MemoryUsage of job (MB)
	2169024  -  ResidentSetSize of job (KB)
...
006 (011.245.000) 05/08 19:30:38 Image size of job updated: 2804196
	2124  -  MemoryUsage of job (MB)
	2174568  -  ResidentSetSize of job (KB)
...
006 (011.245.000) 05/08 19:30:43 Image size of job updated: 2808292
	2129  -  MemoryUsage of job (MB)
	2179584  -  ResidentSetSize of job (KB)
...
006 (011.245.000) 05/08 19:30:48 Image size of job updated: 2808292
	2135  -  MemoryUsage of job (MB)
	2185524  -  ResidentSetSize of job (KB)
...
006 (011.245.000) 05/08 19:30:53 Image size of job updated: 2820580
	2139  -  MemoryUsage of job (MB)
	2189616  -  ResidentSetSize of job (KB)
...
006 (011.245.000) 05/08 19:30:58 Image size of job updated: 2820580
	2143  -  MemoryUsage of job (MB)
	2193708  -  ResidentSetSize of job (KB)
...
006 (011.245.000) 05/08 19:31:03 Image size of job updated: 2826724
	2149  -  MemoryUsage of job (MB)
	2200440  -  ResidentSetSize of job (KB)
...
006 (011.245.000) 05/08 19:31:08 Image size of job updated: 2831844
	2156  -  MemoryUsage of job (MB)
	2206908  -  ResidentSetSize of job (KB)
...
006 (011.245.000) 05/08 19:31:13 Image size of job updated: 2840036
	2161  -  MemoryUsage of job (MB)
	2212584  -  ResidentSetSize of job (KB)
...
006 (011.245.000) 05/08 19:31:18 Image size of job updated: 2844132
	2167  -  MemoryUsage of job (MB)
	2218524  -  ResidentSetSize of job (KB)
...
006 (011.245.000) 05/08 19:31:23 Image size of job updated: 2852324
	2174  -  MemoryUsage of job (MB)
	2225916  -  ResidentSetSize of job (KB)
...
006 (011.245.000) 05/08 19:31:28 Image size of job updated: 2858468
	2179  -  MemoryUsage of job (MB)
	2230536  -  ResidentSetSize of job (KB)
...
006 (011.245.000) 05/08 19:31:33 Image size of job updated: 2858468
	2183  -  MemoryUsage of job (MB)
	2234628  -  ResidentSetSize of job (KB)
...
006 (011.245.000) 05/08 19:31:38 Image size of job updated: 2858468
	2188  -  MemoryUsage of job (MB)
	2240304  -  ResidentSetSize of job (KB)
...
006 (011.245.000) 05/08 19:31:43 Image size of job updated: 2871780
	2192  -  MemoryUsage of job (MB)
	2244264  -  ResidentSetSize of job (KB)
...
006 (011.245.000) 05/08 19:31:48 Image size of job updated: 2878948
	2197  -  MemoryUsage of job (MB)
	2249676  -  ResidentSetSize of job (KB)
...
006 (011.245.000) 05/08 19:31:53 Image size of job updated: 2878948
	2353  -  MemoryUsage of job (MB)
	2408472  -  ResidentSetSize of job (KB)
...
006 (011.245.000) 05/08 19:31:58 Image size of job updated: 3095012
	2408  -  MemoryUsage of job (MB)
	2465364  -  ResidentSetSize of job (KB)
...
005 (011.245.000) 05/08 19:32:01 Job terminated.
	(1) Normal termination (return value 0)
		Usr 0 00:22:54, Sys 0 00:00:02  -  Run Remote Usage
		Usr 0 00:00:00, Sys 0 00:00:00  -  Run Local Usage
		Usr 0 00:22:54, Sys 0 00:00:02  -  Total Remote Usage
		Usr 0 00:00:00, Sys 0 00:00:00  -  Total Local Usage
	0  -  Run Bytes Sent By Job
	0  -  Run Bytes Received By Job
	0  -  Total Bytes Sent By Job
	0  -  Total Bytes Received By Job
	Partitionable Resources :      Usage  Request Allocated 
	   Cpus                 :       0.99        1         1 
	   Disk (KB)            : 2000000     2000000   6232219 
	   Memory (MB)          :    2408        1954      2007 
...
