000 (205.7502.000) 05/06 03:21:16 Job submitted from host: <127.0.0.1:9618?addrs=127.0.0.1-9618&noUDP&sock=222_da1d_4>
...
033 (205.7502.000) 05/06 14:23:54 Changing job attribute JobPrio from 0 to -5
...
000 (007.7502.000) 05/07 19:00:49 Job submitted from host: <127.0.0.1:9618?addrs=127.0.0.1-9618&noUDP&sock=215_0cf3_4>
...
000 (016.7502.000) 05/08 15:57:51 Job submitted from host: <127.0.0.1:9618?addrs=127.0.0.1-9618&noUDP&sock=227_4816_4>
...
009 (016.7502.000) 05/09 16:55:50 Job was aborted by the user.
	via condor_rm (by user aw868)
...
000 (014.341.000) 05/09 17:29:32 Job submitted from host: <127.0.0.1:9618?addrs=127.0.0.1-9618&noUDP&sock=212_fe2a_4>
...
033 (014.341.000) 05/09 17:33:51 Changing job attribute JobPrio from 0 to -10
...
033 (014.341.000) 05/09 21:36:10 Changing job attribute JobPrio from -10 to -15
...
001 (014.341.000) 05/09 22:28:34 Job executing on host: <127.0.0.1:9618?addrs=127.0.0.1-9618&noUDP&sock=212_fe2a_5>
...
006 (014.341.000) 05/09 22:28:40 Image size of job updated: 2000000
	114  -  MemoryUsage of job (MB)
	116688  -  ResidentSetSize of job (KB)
...
006 (014.341.000) 05/09 22:29:10 Image size of job updated: 2000000
	172  -  MemoryUsage of job (MB)
	175428  -  ResidentSetSize of job (KB)
...
006 (014.341.000) 05/09 22:29:16 Image size of job updated: 2000000
	211  -  MemoryUsage of job (MB)
	215160  -  ResidentSetSize of job (KB)
...
006 (014.341.000) 05/09 22:29:22 Image size of job updated: 2000000
	211  -  MemoryUsage of job (MB)
	215556  -  ResidentSetSize of job (KB)
...
006 (014.341.000) 05/09 22:29:28 Image size of job updated: 2000000
	219  -  MemoryUsage of job (MB)
	223608  -  ResidentSetSize of job (KB)
...
006 (014.341.000) 05/09 22:29:34 Image size of job updated: 2000000
	224  -  MemoryUsage of job (MB)
	229152  -  ResidentSetSize of job (KB)
...
006 (014.341.000) 05/09 22:29:40 Image size of job updated: 2000000
	236  -  MemoryUsage of job (MB)
	240900  -  ResidentSetSize of job (KB)
...
006 (014.341.000) 05/09 22:29:46 Image size of job updated: 2000000
	249  -  MemoryUsage of job (MB)
	253968  -  ResidentSetSize of job (KB)
...
006 (014.341.000) 05/09 22:29:52 Image size of job updated: 2000000
	264  -  MemoryUsage of job (MB)
	269676  -  ResidentSetSize of job (KB)
...
006 (014.341.000) 05/09 22:29:58 Image size of job updated: 2000000
	269  -  MemoryUsage of job (MB)
	274956  -  ResidentSetSize of job (KB)
...
006 (014.341.000) 05/09 22:30:04 Image size of job updated: 2000000
	281  -  MemoryUsage of job (MB)
	286836  -  ResidentSetSize of job (KB)
...
006 (014.341.000) 05/09 22:30:10 Image size of job updated: 2000000
	336  -  MemoryUsage of job (MB)
	343860  -  ResidentSetSize of job (KB)
...
006 (014.341.000) 05/09 22:30:16 Image size of job updated: 2000000
	379  -  MemoryUsage of job (MB)
	387684  -  ResidentSetSize of job (KB)
...
006 (014.341.000) 05/09 22:30:22 Image size of job updated: 2000000
	401  -  MemoryUsage of job (MB)
	410256  -  ResidentSetSize of job (KB)
...
006 (014.341.000) 05/09 22:30:28 Image size of job updated: 2000000
	471  -  MemoryUsage of job (MB)
	481668  -  ResidentSetSize of job (KB)
...
006 (014.341.000) 05/09 22:30:34 Image size of job updated: 2000000
	524  -  MemoryUsage of job (MB)
	536448  -  ResidentSetSize of job (KB)
...
006 (014.341.000) 05/09 22:30:40 Image size of job updated: 2000000
	1242  -  MemoryUsage of job (MB)
	1271556  -  ResidentSetSize of job (KB)
...
006 (014.341.000) 05/09 22:46:13 Image size of job updated: 2000000
	1527  -  MemoryUsage of job (MB)
	1563540  -  ResidentSetSize of job (KB)
...
006 (014.341.000) 05/09 22:46:19 Image size of job updated: 2454228
	1772  -  MemoryUsage of job (MB)
	1813548  -  ResidentSetSize of job (KB)
...
006 (014.341.000) 05/09 22:46:25 Image size of job updated: 2454228
	1957  -  MemoryUsage of job (MB)
	2003760  -  ResidentSetSize of job (KB)
...
006 (014.341.000) 05/09 22:46:31 Image size of job updated: 2454228
	1966  -  MemoryUsage of job (MB)
	2012340  -  ResidentSetSize of job (KB)
...
006 (014.341.000) 05/09 22:46:37 Image size of job updated: 2666220
	2048  -  MemoryUsage of job (MB)
	2096952  -  ResidentSetSize of job (KB)
...
006 (014.341.000) 05/09 22:46:43 Image size of job updated: 2824940
	2148  -  MemoryUsage of job (MB)
	2198592  -  ResidentSetSize of job (KB)
...
006 (014.341.000) 05/09 22:46:49 Image size of job updated: 2886380
	2206  -  MemoryUsage of job (MB)
	2258784  -  ResidentSetSize of job (KB)
...
006 (014.341.000) 05/09 22:46:55 Image size of job updated: 2886380
	2249  -  MemoryUsage of job (MB)
	2302212  -  ResidentSetSize of job (KB)
...
006 (014.341.000) 05/09 22:47:01 Image size of job updated: 2886380
	2283  -  MemoryUsage of job (MB)
	2337456  -  ResidentSetSize of job (KB)
...
006 (014.341.000) 05/09 22:47:07 Image size of job updated: 2985708
	2314  -  MemoryUsage of job (MB)
	2369004  -  ResidentSetSize of job (KB)
...
006 (014.341.000) 05/09 22:47:13 Image size of job updated: 2985708
	2344  -  MemoryUsage of job (MB)
	2399760  -  ResidentSetSize of job (KB)
...
006 (014.341.000) 05/09 22:47:19 Image size of job updated: 3067628
	2373  -  MemoryUsage of job (MB)
	2429856  -  ResidentSetSize of job (KB)
...
006 (014.341.000) 05/09 22:47:25 Image size of job updated: 3067628
	2403  -  MemoryUsage of job (MB)
	2459952  -  ResidentSetSize of job (KB)
...
006 (014.341.000) 05/09 22:47:31 Image size of job updated: 3067628
	2432  -  MemoryUsage of job (MB)
	2489652  -  ResidentSetSize of job (KB)
...
006 (014.341.000) 05/09 22:47:37 Image size of job updated: 3148524
	2462  -  MemoryUsage of job (MB)
	2520144  -  ResidentSetSize of job (KB)
...
006 (014.341.000) 05/09 22:47:43 Image size of job updated: 3148524
	2491  -  MemoryUsage of job (MB)
	2550768  -  ResidentSetSize of job (KB)
...
006 (014.341.000) 05/09 22:47:49 Image size of job updated: 3224300
	2511  -  MemoryUsage of job (MB)
	2571228  -  ResidentSetSize of job (KB)
...
006 (014.341.000) 05/09 22:47:55 Image size of job updated: 3224300
	2526  -  MemoryUsage of job (MB)
	2585748  -  ResidentSetSize of job (KB)
...
006 (014.341.000) 05/09 22:48:01 Image size of job updated: 3224300
	2531  -  MemoryUsage of job (MB)
	2590764  -  ResidentSetSize of job (KB)
...
006 (014.341.000) 05/09 22:48:07 Image size of job updated: 3293932
	2531  -  MemoryUsage of job (MB)
	2591292  -  ResidentSetSize of job (KB)
...
006 (014.341.000) 05/09 22:48:13 Image size of job updated: 3299052
	2538  -  MemoryUsage of job (MB)
	2598552  -  ResidentSetSize of job (KB)
...
006 (014.341.000) 05/09 22:48:19 Image size of job updated: 3321580
	2567  -  MemoryUsage of job (MB)
	2627988  -  ResidentSetSize of job (KB)
...
006 (014.341.000) 05/09 22:48:25 Image size of job updated: 3333868
	2599  -  MemoryUsage of job (MB)
	2661120  -  ResidentSetSize of job (KB)
...
006 (014.341.000) 05/09 22:48:31 Image size of job updated: 3392236
	2615  -  MemoryUsage of job (MB)
	2676828  -  ResidentSetSize of job (KB)
...
006 (014.341.000) 05/09 22:48:37 Image size of job updated: 3415788
	2645  -  MemoryUsage of job (MB)
	2708376  -  ResidentSetSize of job (KB)
...
006 (014.341.000) 05/09 22:48:43 Image size of job updated: 3456748
	2676  -  MemoryUsage of job (MB)
	2739264  -  ResidentSetSize of job (KB)
...
006 (014.341.000) 05/09 22:48:49 Image size of job updated: 3484396
	2707  -  MemoryUsage of job (MB)
	2771472  -  ResidentSetSize of job (KB)
...
006 (014.341.000) 05/09 22:48:55 Image size of job updated: 3521260
	2739  -  MemoryUsage of job (MB)
	2804340  -  ResidentSetSize of job (KB)
...
006 (014.341.000) 05/09 22:49:01 Image size of job updated: 3529452
	2769  -  MemoryUsage of job (MB)
	2834436  -  ResidentSetSize of job (KB)
...
006 (014.341.000) 05/09 22:49:07 Image size of job updated: 3563244
	2798  -  MemoryUsage of job (MB)
	2864400  -  ResidentSetSize of job (KB)
...
006 (014.341.000) 05/09 22:49:13 Image size of job updated: 3602156
	2828  -  MemoryUsage of job (MB)
	2895684  -  ResidentSetSize of job (KB)
...
006 (014.341.000) 05/09 22:49:19 Image size of job updated: 3602156
	2858  -  MemoryUsage of job (MB)
	2925648  -  ResidentSetSize of job (KB)
...
006 (014.341.000) 05/09 22:49:25 Image size of job updated: 3602156
	2887  -  MemoryUsage of job (MB)
	2956272  -  ResidentSetSize of job (KB)
...
006 (014.341.000) 05/09 22:49:31 Image size of job updated: 3677932
	2927  -  MemoryUsage of job (MB)
	2996400  -  ResidentSetSize of job (KB)
...
006 (014.341.000) 05/09 22:49:37 Image size of job updated: 3677932
	2961  -  MemoryUsage of job (MB)
	3031908  -  ResidentSetSize of job (KB)
...
006 (014.341.000) 05/09 22:49:43 Image size of job updated: 3769068
	2992  -  MemoryUsage of job (MB)
	3063720  -  ResidentSetSize of job (KB)
...
006 (014.341.000) 05/09 22:49:49 Image size of job updated: 3769068
	3023  -  MemoryUsage of job (MB)
	3095136  -  ResidentSetSize of job (KB)
...
006 (014.341.000) 05/09 22:49:55 Image size of job updated: 3769068
	3054  -  MemoryUsage of job (MB)
	3127080  -  ResidentSetSize of job (KB)
...
006 (014.341.000) 05/09 22:50:01 Image size of job updated: 3847916
	3085  -  MemoryUsage of job (MB)
	3158232  -  ResidentSetSize of job (KB)
...
006 (014.341.000) 05/09 22:50:07 Image size of job updated: 3847916
	3120  -  MemoryUsage of job (MB)
	3194268  -  ResidentSetSize of job (KB)
...
006 (014.341.000) 05/09 22:50:13 Image size of job updated: 3943148
	3153  -  MemoryUsage of job (MB)
	3228060  -  ResidentSetSize of job (KB)
...
006 (014.341.000) 05/09 22:50:19 Image size of job updated: 3943148
	3183  -  MemoryUsage of job (MB)
	3258816  -  ResidentSetSize of job (KB)
...
006 (014.341.000) 05/09 22:50:25 Image size of job updated: 3982060
	3213  -  MemoryUsage of job (MB)
	3289572  -  ResidentSetSize of job (KB)
...
006 (014.341.000) 05/09 22:50:31 Image size of job updated: 4009708
	3242  -  MemoryUsage of job (MB)
	3319800  -  ResidentSetSize of job (KB)
...
006 (014.341.000) 05/09 22:50:37 Image size of job updated: 4009708
	3252  -  MemoryUsage of job (MB)
	3329304  -  ResidentSetSize of job (KB)
...
006 (014.341.000) 05/09 22:50:45 Image size of job updated: 4085484
	3258  -  MemoryUsage of job (MB)
	3335904  -  ResidentSetSize of job (KB)
...
006 (014.341.000) 05/09 22:50:50 Image size of job updated: 4089580
	3283  -  MemoryUsage of job (MB)
	3361380  -  ResidentSetSize of job (KB)
...
006 (014.341.000) 05/09 22:50:55 Image size of job updated: 4119276
	3308  -  MemoryUsage of job (MB)
	3386460  -  ResidentSetSize of job (KB)
...
006 (014.341.000) 05/09 22:51:00 Image size of job updated: 4142828
	3333  -  MemoryUsage of job (MB)
	3412332  -  ResidentSetSize of job (KB)
...
006 (014.341.000) 05/09 22:51:05 Image size of job updated: 4178668
	3357  -  MemoryUsage of job (MB)
	3437280  -  ResidentSetSize of job (KB)
...
006 (014.341.000) 05/09 22:51:10 Image size of job updated: 4195052
	3382  -  MemoryUsage of job (MB)
	3462360  -  ResidentSetSize of job (KB)
...
006 (014.341.000) 05/09 22:51:15 Image size of job updated: 4232940
	3406  -  MemoryUsage of job (MB)
	3487440  -  ResidentSetSize of job (KB)
...
006 (014.341.000) 05/09 22:51:20 Image size of job updated: 4232940
	3431  -  MemoryUsage of job (MB)
	3512652  -  ResidentSetSize of job (KB)
...
006 (014.341.000) 05/09 22:51:25 Image size of job updated: 4232940
	3456  -  MemoryUsage of job (MB)
	3538392  -  ResidentSetSize of job (KB)
...
006 (014.341.000) 05/09 22:51:30 Image size of job updated: 4309740
	3480  -  MemoryUsage of job (MB)
	3563472  -  ResidentSetSize of job (KB)
...
006 (014.341.000) 05/09 22:51:35 Image size of job updated: 4331244
	3505  -  MemoryUsage of job (MB)
	3588288  -  ResidentSetSize of job (KB)
...
006 (014.341.000) 05/09 22:51:40 Image size of job updated: 4349676
	3529  -  MemoryUsage of job (MB)
	3613236  -  ResidentSetSize of job (KB)
...
006 (014.341.000) 05/09 22:51:45 Image size of job updated: 4390636
	3554  -  MemoryUsage of job (MB)
	3639108  -  ResidentSetSize of job (KB)
...
006 (014.341.000) 05/09 22:51:50 Image size of job updated: 4390636
	3579  -  MemoryUsage of job (MB)
	3664056  -  ResidentSetSize of job (KB)
...
006 (014.341.000) 05/09 22:51:55 Image size of job updated: 4390636
	3603  -  MemoryUsage of job (MB)
	3689004  -  ResidentSetSize of job (KB)
...
006 (014.341.000) 05/09 22:52:00 Image size of job updated: 4464364
	3627  -  MemoryUsage of job (MB)
	3713424  -  ResidentSetSize of job (KB)
...
006 (014.341.000) 05/09 22:52:05 Image size of job updated: 4464364
	3650  -  MemoryUsage of job (MB)
	3736656  -  ResidentSetSize of job (KB)
...
006 (014.341.000) 05/09 22:52:15 Image size of job updated: 4531948
	3650  -  MemoryUsage of job (MB)
	3736656  -  ResidentSetSize of job (KB)
...
006 (014.341.000) 05/09 22:52:20 Image size of job updated: 4552428
	3669  -  MemoryUsage of job (MB)
	3756588  -  ResidentSetSize of job (KB)
...
006 (014.341.000) 05/09 22:52:25 Image size of job updated: 4570860
	3695  -  MemoryUsage of job (MB)
	3782724  -  ResidentSetSize of job (KB)
...
006 (014.341.000) 05/09 22:52:30 Image size of job updated: 4570860
	3720  -  MemoryUsage of job (MB)
	3808332  -  ResidentSetSize of job (KB)
...
006 (014.341.000) 05/09 22:52:35 Image size of job updated: 4630252
	3744  -  MemoryUsage of job (MB)
	3833808  -  ResidentSetSize of job (KB)
...
006 (014.341.000) 05/09 22:52:40 Image size of job updated: 4647660
	3770  -  MemoryUsage of job (MB)
	3859548  -  ResidentSetSize of job (KB)
...
006 (014.341.000) 05/09 22:52:45 Image size of job updated: 4647660
	3794  -  MemoryUsage of job (MB)
	3884760  -  ResidentSetSize of job (KB)
...
006 (014.341.000) 05/09 22:52:50 Image size of job updated: 4687596
	3819  -  MemoryUsage of job (MB)
	3910500  -  ResidentSetSize of job (KB)
...
006 (014.341.000) 05/09 22:52:55 Image size of job updated: 4687596
	3847  -  MemoryUsage of job (MB)
	3938352  -  ResidentSetSize of job (KB)
...
006 (014.341.000) 05/09 22:53:00 Image size of job updated: 4687596
	3874  -  MemoryUsage of job (MB)
	3966732  -  ResidentSetSize of job (KB)
...
006 (014.341.000) 05/09 22:53:05 Image size of job updated: 4770540
	3901  -  MemoryUsage of job (MB)
	3994452  -  ResidentSetSize of job (KB)
...
006 (014.341.000) 05/09 22:53:20 Image size of job updated: 4853484
	3901  -  MemoryUsage of job (MB)
	3994452  -  ResidentSetSize of job (KB)
...
006 (014.341.000) 05/09 22:53:25 Image size of job updated: 4880108
	3924  -  MemoryUsage of job (MB)
	4017552  -  ResidentSetSize of job (KB)
...
006 (014.341.000) 05/09 22:53:30 Image size of job updated: 4880108
	4155  -  MemoryUsage of job (MB)
	4254492  -  ResidentSetSize of job (KB)
...
006 (014.341.000) 05/09 22:53:35 Image size of job updated: 5111532
	4265  -  MemoryUsage of job (MB)
	4367088  -  ResidentSetSize of job (KB)
...
005 (014.341.000) 05/09 22:53:40 Job terminated.
	(1) Normal termination (return value 0)
		Usr 0 00:24:02, Sys 0 00:00:11  -  Run Remote Usage
		Usr 0 00:00:00, Sys 0 00:00:00  -  Run Local Usage
		Usr 0 00:24:02, Sys 0 00:00:11  -  Total Remote Usage
		Usr 0 00:00:00, Sys 0 00:00:00  -  Total Local Usage
	0  -  Run Bytes Sent By Job
	0  -  Run Bytes Received By Job
	0  -  Total Bytes Sent By Job
	0  -  Total Bytes Received By Job
	Partitionable Resources :      Usage  Request Allocated 
	   Cpus                 :       0.70        1         1 
	   Disk (KB)            : 2000000     2000000   6232219 
	   Memory (MB)          :    4265        1954      2007 
...
