000 (005.2884.000) 05/05 20:22:50 Job submitted from host: <127.0.0.1:9618?addrs=127.0.0.1-9618&noUDP&sock=227_4816_4>
...
033 (005.2884.000) 05/06 14:16:19 Changing job attribute JobPrio from 0 to -10
...
001 (005.2884.000) 05/06 18:52:35 Job executing on host: <127.0.0.1:9618?addrs=127.0.0.1-9618&noUDP&sock=227_4816_5>
...
006 (005.2884.000) 05/06 18:52:41 Image size of job updated: 2000000
	101  -  MemoryUsage of job (MB)
	102828  -  ResidentSetSize of job (KB)
...
006 (005.2884.000) 05/06 18:53:11 Image size of job updated: 2000000
	135  -  MemoryUsage of job (MB)
	137940  -  ResidentSetSize of job (KB)
...
006 (005.2884.000) 05/06 18:53:17 Image size of job updated: 2000000
	184  -  MemoryUsage of job (MB)
	187968  -  ResidentSetSize of job (KB)
...
006 (005.2884.000) 05/06 18:53:23 Image size of job updated: 2000000
	184  -  MemoryUsage of job (MB)
	188364  -  ResidentSetSize of job (KB)
...
006 (005.2884.000) 05/06 18:53:29 Image size of job updated: 2000000
	198  -  MemoryUsage of job (MB)
	201828  -  ResidentSetSize of job (KB)
...
006 (005.2884.000) 05/06 18:53:35 Image size of job updated: 2000000
	210  -  MemoryUsage of job (MB)
	214104  -  ResidentSetSize of job (KB)
...
006 (005.2884.000) 05/06 18:53:41 Image size of job updated: 2000000
	219  -  MemoryUsage of job (MB)
	224136  -  ResidentSetSize of job (KB)
...
006 (005.2884.000) 05/06 18:53:48 Image size of job updated: 2000000
	231  -  MemoryUsage of job (MB)
	235620  -  ResidentSetSize of job (KB)
...
006 (005.2884.000) 05/06 18:53:53 Image size of job updated: 2000000
	238  -  MemoryUsage of job (MB)
	243540  -  ResidentSetSize of job (KB)
...
006 (005.2884.000) 05/06 18:53:58 Image size of job updated: 2000000
	249  -  MemoryUsage of job (MB)
	254364  -  ResidentSetSize of job (KB)
...
006 (005.2884.000) 05/06 18:54:03 Image size of job updated: 2000000
	290  -  MemoryUsage of job (MB)
	296076  -  ResidentSetSize of job (KB)
...
006 (005.2884.000) 05/06 18:54:08 Image size of job updated: 2000000
	320  -  MemoryUsage of job (MB)
	326964  -  ResidentSetSize of job (KB)
...
006 (005.2884.000) 05/06 18:54:13 Image size of job updated: 2000000
	329  -  MemoryUsage of job (MB)
	336072  -  ResidentSetSize of job (KB)
...
006 (005.2884.000) 05/06 18:54:18 Image size of job updated: 2000000
	403  -  MemoryUsage of job (MB)
	412104  -  ResidentSetSize of job (KB)
...
006 (005.2884.000) 05/06 18:54:23 Image size of job updated: 2000000
	472  -  MemoryUsage of job (MB)
	483120  -  ResidentSetSize of job (KB)
...
006 (005.2884.000) 05/06 18:54:28 Image size of job updated: 2000000
	1169  -  MemoryUsage of job (MB)
	1196184  -  ResidentSetSize of job (KB)
...
006 (005.2884.000) 05/06 19:09:42 Image size of job updated: 2000000
	1171  -  MemoryUsage of job (MB)
	1198164  -  ResidentSetSize of job (KB)
...
006 (005.2884.000) 05/06 19:09:47 Image size of job updated: 2000000
	1248  -  MemoryUsage of job (MB)
	1277628  -  ResidentSetSize of job (KB)
...
006 (005.2884.000) 05/06 19:09:52 Image size of job updated: 2191244
	1620  -  MemoryUsage of job (MB)
	1658052  -  ResidentSetSize of job (KB)
...
006 (005.2884.000) 05/06 19:09:57 Image size of job updated: 2191244
	1925  -  MemoryUsage of job (MB)
	1970232  -  ResidentSetSize of job (KB)
...
006 (005.2884.000) 05/06 19:10:07 Image size of job updated: 2561004
	1925  -  MemoryUsage of job (MB)
	1970232  -  ResidentSetSize of job (KB)
...
006 (005.2884.000) 05/06 19:10:22 Image size of job updated: 2569196
	1925  -  MemoryUsage of job (MB)
	1970232  -  ResidentSetSize of job (KB)
...
006 (005.2884.000) 05/06 19:10:37 Image size of job updated: 2581484
	1925  -  MemoryUsage of job (MB)
	1970232  -  ResidentSetSize of job (KB)
...
006 (005.2884.000) 05/06 19:10:52 Image size of job updated: 2594796
	1925  -  MemoryUsage of job (MB)
	1970232  -  ResidentSetSize of job (KB)
...
006 (005.2884.000) 05/06 19:10:57 Image size of job updated: 2600940
	1925  -  MemoryUsage of job (MB)
	1970232  -  ResidentSetSize of job (KB)
...
006 (005.2884.000) 05/06 19:11:02 Image size of job updated: 2605036
	1926  -  MemoryUsage of job (MB)
	1972080  -  ResidentSetSize of job (KB)
...
006 (005.2884.000) 05/06 19:11:07 Image size of job updated: 2606060
	1928  -  MemoryUsage of job (MB)
	1973796  -  ResidentSetSize of job (KB)
...
006 (005.2884.000) 05/06 19:11:12 Image size of job updated: 2609132
	1930  -  MemoryUsage of job (MB)
	1976304  -  ResidentSetSize of job (KB)
...
006 (005.2884.000) 05/06 19:11:17 Image size of job updated: 2609132
	1934  -  MemoryUsage of job (MB)
	1980396  -  ResidentSetSize of job (KB)
...
006 (005.2884.000) 05/06 19:11:22 Image size of job updated: 2614252
	1936  -  MemoryUsage of job (MB)
	1981716  -  ResidentSetSize of job (KB)
...
006 (005.2884.000) 05/06 19:11:27 Image size of job updated: 2614252
	1939  -  MemoryUsage of job (MB)
	1984620  -  ResidentSetSize of job (KB)
...
006 (005.2884.000) 05/06 19:11:32 Image size of job updated: 2614252
	1941  -  MemoryUsage of job (MB)
	1986864  -  ResidentSetSize of job (KB)
...
006 (005.2884.000) 05/06 19:11:38 Image size of job updated: 2622444
	1945  -  MemoryUsage of job (MB)
	1990692  -  ResidentSetSize of job (KB)
...
006 (005.2884.000) 05/06 19:11:44 Image size of job updated: 2622444
	1948  -  MemoryUsage of job (MB)
	1993992  -  ResidentSetSize of job (KB)
...
006 (005.2884.000) 05/06 19:11:50 Image size of job updated: 2622444
	1952  -  MemoryUsage of job (MB)
	1997952  -  ResidentSetSize of job (KB)
...
006 (005.2884.000) 05/06 19:11:56 Image size of job updated: 2630636
	1954  -  MemoryUsage of job (MB)
	2000724  -  ResidentSetSize of job (KB)
...
006 (005.2884.000) 05/06 19:12:02 Image size of job updated: 2635756
	1959  -  MemoryUsage of job (MB)
	2005080  -  ResidentSetSize of job (KB)
...
006 (005.2884.000) 05/06 19:12:08 Image size of job updated: 2639852
	1960  -  MemoryUsage of job (MB)
	2006796  -  ResidentSetSize of job (KB)
...
006 (005.2884.000) 05/06 19:12:14 Image size of job updated: 2639852
	1966  -  MemoryUsage of job (MB)
	2012604  -  ResidentSetSize of job (KB)
...
006 (005.2884.000) 05/06 19:12:20 Image size of job updated: 2639852
	1970  -  MemoryUsage of job (MB)
	2016564  -  ResidentSetSize of job (KB)
...
006 (005.2884.000) 05/06 19:12:26 Image size of job updated: 2652140
	1976  -  MemoryUsage of job (MB)
	2022504  -  ResidentSetSize of job (KB)
...
006 (005.2884.000) 05/06 19:12:32 Image size of job updated: 2652140
	1980  -  MemoryUsage of job (MB)
	2026992  -  ResidentSetSize of job (KB)
...
006 (005.2884.000) 05/06 19:12:38 Image size of job updated: 2652140
	1982  -  MemoryUsage of job (MB)
	2029368  -  ResidentSetSize of job (KB)
...
006 (005.2884.000) 05/06 19:12:44 Image size of job updated: 2662380
	1988  -  MemoryUsage of job (MB)
	2035044  -  ResidentSetSize of job (KB)
...
006 (005.2884.000) 05/06 19:12:50 Image size of job updated: 2662380
	1993  -  MemoryUsage of job (MB)
	2039928  -  ResidentSetSize of job (KB)
...
006 (005.2884.000) 05/06 19:12:56 Image size of job updated: 2674668
	1995  -  MemoryUsage of job (MB)
	2042832  -  ResidentSetSize of job (KB)
...
006 (005.2884.000) 05/06 19:13:02 Image size of job updated: 2675692
	1998  -  MemoryUsage of job (MB)
	2045736  -  ResidentSetSize of job (KB)
...
006 (005.2884.000) 05/06 19:13:08 Image size of job updated: 2675692
	2002  -  MemoryUsage of job (MB)
	2049960  -  ResidentSetSize of job (KB)
...
006 (005.2884.000) 05/06 19:13:14 Image size of job updated: 2684908
	2007  -  MemoryUsage of job (MB)
	2054844  -  ResidentSetSize of job (KB)
...
006 (005.2884.000) 05/06 19:13:20 Image size of job updated: 2684908
	2010  -  MemoryUsage of job (MB)
	2057352  -  ResidentSetSize of job (KB)
...
006 (005.2884.000) 05/06 19:13:26 Image size of job updated: 2692076
	2014  -  MemoryUsage of job (MB)
	2062104  -  ResidentSetSize of job (KB)
...
006 (005.2884.000) 05/06 19:13:32 Image size of job updated: 2692076
	2018  -  MemoryUsage of job (MB)
	2066064  -  ResidentSetSize of job (KB)
...
006 (005.2884.000) 05/06 19:13:38 Image size of job updated: 2699244
	2021  -  MemoryUsage of job (MB)
	2069364  -  ResidentSetSize of job (KB)
...
006 (005.2884.000) 05/06 19:13:44 Image size of job updated: 2702316
	2024  -  MemoryUsage of job (MB)
	2072136  -  ResidentSetSize of job (KB)
...
006 (005.2884.000) 05/06 19:13:50 Image size of job updated: 2702316
	2028  -  MemoryUsage of job (MB)
	2076360  -  ResidentSetSize of job (KB)
...
006 (005.2884.000) 05/06 19:13:56 Image size of job updated: 2709484
	2030  -  MemoryUsage of job (MB)
	2077812  -  ResidentSetSize of job (KB)
...
006 (005.2884.000) 05/06 19:14:02 Image size of job updated: 2709484
	2032  -  MemoryUsage of job (MB)
	2080584  -  ResidentSetSize of job (KB)
...
006 (005.2884.000) 05/06 19:14:08 Image size of job updated: 2713580
	2037  -  MemoryUsage of job (MB)
	2084940  -  ResidentSetSize of job (KB)
...
006 (005.2884.000) 05/06 19:14:14 Image size of job updated: 2719724
	2041  -  MemoryUsage of job (MB)
	2089164  -  ResidentSetSize of job (KB)
...
006 (005.2884.000) 05/06 19:14:20 Image size of job updated: 2723820
	2047  -  MemoryUsage of job (MB)
	2095368  -  ResidentSetSize of job (KB)
...
006 (005.2884.000) 05/06 19:14:26 Image size of job updated: 2729964
	2050  -  MemoryUsage of job (MB)
	2098536  -  ResidentSetSize of job (KB)
...
006 (005.2884.000) 05/06 19:14:32 Image size of job updated: 2729964
	2052  -  MemoryUsage of job (MB)
	2101176  -  ResidentSetSize of job (KB)
...
006 (005.2884.000) 05/06 19:14:38 Image size of job updated: 2729964
	2056  -  MemoryUsage of job (MB)
	2105136  -  ResidentSetSize of job (KB)
...
006 (005.2884.000) 05/06 19:14:44 Image size of job updated: 2739180
	2060  -  MemoryUsage of job (MB)
	2108832  -  ResidentSetSize of job (KB)
...
006 (005.2884.000) 05/06 19:14:50 Image size of job updated: 2739180
	2066  -  MemoryUsage of job (MB)
	2114772  -  ResidentSetSize of job (KB)
...
006 (005.2884.000) 05/06 19:14:56 Image size of job updated: 2739180
	2070  -  MemoryUsage of job (MB)
	2118732  -  ResidentSetSize of job (KB)
...
006 (005.2884.000) 05/06 19:15:02 Image size of job updated: 2751468
	2072  -  MemoryUsage of job (MB)
	2121504  -  ResidentSetSize of job (KB)
...
006 (005.2884.000) 05/06 19:15:08 Image size of job updated: 2754540
	2076  -  MemoryUsage of job (MB)
	2125332  -  ResidentSetSize of job (KB)
...
006 (005.2884.000) 05/06 19:15:14 Image size of job updated: 2760684
	2079  -  MemoryUsage of job (MB)
	2128368  -  ResidentSetSize of job (KB)
...
006 (005.2884.000) 05/06 19:15:20 Image size of job updated: 2766828
	2085  -  MemoryUsage of job (MB)
	2134572  -  ResidentSetSize of job (KB)
...
006 (005.2884.000) 05/06 19:15:26 Image size of job updated: 2766828
	2088  -  MemoryUsage of job (MB)
	2137608  -  ResidentSetSize of job (KB)
...
006 (005.2884.000) 05/06 19:15:32 Image size of job updated: 2771948
	2094  -  MemoryUsage of job (MB)
	2143416  -  ResidentSetSize of job (KB)
...
006 (005.2884.000) 05/06 19:15:38 Image size of job updated: 2776044
	2096  -  MemoryUsage of job (MB)
	2145924  -  ResidentSetSize of job (KB)
...
006 (005.2884.000) 05/06 19:15:44 Image size of job updated: 2782188
	2101  -  MemoryUsage of job (MB)
	2150940  -  ResidentSetSize of job (KB)
...
006 (005.2884.000) 05/06 19:15:50 Image size of job updated: 2783212
	2312  -  MemoryUsage of job (MB)
	2367156  -  ResidentSetSize of job (KB)
...
005 (005.2884.000) 05/06 19:15:56 Job terminated.
	(1) Normal termination (return value 0)
		Usr 0 00:22:47, Sys 0 00:00:02  -  Run Remote Usage
		Usr 0 00:00:00, Sys 0 00:00:00  -  Run Local Usage
		Usr 0 00:22:47, Sys 0 00:00:02  -  Total Remote Usage
		Usr 0 00:00:00, Sys 0 00:00:00  -  Total Local Usage
	0  -  Run Bytes Sent By Job
	0  -  Run Bytes Received By Job
	0  -  Total Bytes Sent By Job
	0  -  Total Bytes Received By Job
	Partitionable Resources :      Usage  Request Allocated 
	   Cpus                 :       0.99        1         1 
	   Disk (KB)            : 2000000     2000000   6275465 
	   Memory (MB)          :    2312        1954      2007 
...
