000 (005.4518.000) 05/05 20:23:31 Job submitted from host: <127.0.0.1:9618?addrs=127.0.0.1-9618&noUDP&sock=227_4816_4>
...
033 (005.4518.000) 05/06 14:16:46 Changing job attribute JobPrio from 0 to -10
...
001 (005.4518.000) 05/07 05:15:28 Job executing on host: <127.0.0.1:9618?addrs=127.0.0.1-9618&noUDP&sock=227_4816_5>
...
006 (005.4518.000) 05/07 05:15:33 Image size of job updated: 2000000
	101  -  MemoryUsage of job (MB)
	103092  -  ResidentSetSize of job (KB)
...
006 (005.4518.000) 05/07 05:16:03 Image size of job updated: 2000000
	146  -  MemoryUsage of job (MB)
	148632  -  ResidentSetSize of job (KB)
...
006 (005.4518.000) 05/07 05:16:08 Image size of job updated: 2000000
	184  -  MemoryUsage of job (MB)
	188100  -  ResidentSetSize of job (KB)
...
006 (005.4518.000) 05/07 05:16:13 Image size of job updated: 2000000
	185  -  MemoryUsage of job (MB)
	188496  -  ResidentSetSize of job (KB)
...
006 (005.4518.000) 05/07 05:16:18 Image size of job updated: 2000000
	192  -  MemoryUsage of job (MB)
	196020  -  ResidentSetSize of job (KB)
...
006 (005.4518.000) 05/07 05:16:23 Image size of job updated: 2000000
	203  -  MemoryUsage of job (MB)
	207504  -  ResidentSetSize of job (KB)
...
006 (005.4518.000) 05/07 05:16:28 Image size of job updated: 2000000
	212  -  MemoryUsage of job (MB)
	216216  -  ResidentSetSize of job (KB)
...
006 (005.4518.000) 05/07 05:16:33 Image size of job updated: 2000000
	222  -  MemoryUsage of job (MB)
	226380  -  ResidentSetSize of job (KB)
...
006 (005.4518.000) 05/07 05:16:38 Image size of job updated: 2000000
	231  -  MemoryUsage of job (MB)
	235884  -  ResidentSetSize of job (KB)
...
006 (005.4518.000) 05/07 05:16:43 Image size of job updated: 2000000
	239  -  MemoryUsage of job (MB)
	243936  -  ResidentSetSize of job (KB)
...
006 (005.4518.000) 05/07 05:16:48 Image size of job updated: 2000000
	249  -  MemoryUsage of job (MB)
	254892  -  ResidentSetSize of job (KB)
...
006 (005.4518.000) 05/07 05:16:53 Image size of job updated: 2000000
	294  -  MemoryUsage of job (MB)
	300696  -  ResidentSetSize of job (KB)
...
006 (005.4518.000) 05/07 05:16:58 Image size of job updated: 2000000
	324  -  MemoryUsage of job (MB)
	331452  -  ResidentSetSize of job (KB)
...
006 (005.4518.000) 05/07 05:17:04 Image size of job updated: 2000000
	337  -  MemoryUsage of job (MB)
	345048  -  ResidentSetSize of job (KB)
...
006 (005.4518.000) 05/07 05:17:10 Image size of job updated: 2000000
	420  -  MemoryUsage of job (MB)
	429924  -  ResidentSetSize of job (KB)
...
006 (005.4518.000) 05/07 05:17:16 Image size of job updated: 2000000
	477  -  MemoryUsage of job (MB)
	488268  -  ResidentSetSize of job (KB)
...
006 (005.4518.000) 05/07 05:17:22 Image size of job updated: 2000000
	1169  -  MemoryUsage of job (MB)
	1196316  -  ResidentSetSize of job (KB)
...
006 (005.4518.000) 05/07 05:28:37 Image size of job updated: 2000000
	1170  -  MemoryUsage of job (MB)
	1197372  -  ResidentSetSize of job (KB)
...
006 (005.4518.000) 05/07 05:28:42 Image size of job updated: 2000000
	1171  -  MemoryUsage of job (MB)
	1198296  -  ResidentSetSize of job (KB)
...
006 (005.4518.000) 05/07 05:28:47 Image size of job updated: 2000000
	1248  -  MemoryUsage of job (MB)
	1277760  -  ResidentSetSize of job (KB)
...
006 (005.4518.000) 05/07 05:28:52 Image size of job updated: 2000000
	1622  -  MemoryUsage of job (MB)
	1660032  -  ResidentSetSize of job (KB)
...
006 (005.4518.000) 05/07 05:28:57 Image size of job updated: 2000000
	1648  -  MemoryUsage of job (MB)
	1686828  -  ResidentSetSize of job (KB)
...
006 (005.4518.000) 05/07 05:29:02 Image size of job updated: 2456804
	1885  -  MemoryUsage of job (MB)
	1929708  -  ResidentSetSize of job (KB)
...
006 (005.4518.000) 05/07 05:29:08 Image size of job updated: 2621924
	1954  -  MemoryUsage of job (MB)
	2000592  -  ResidentSetSize of job (KB)
...
006 (005.4518.000) 05/07 05:29:14 Image size of job updated: 2621924
	1986  -  MemoryUsage of job (MB)
	2033460  -  ResidentSetSize of job (KB)
...
006 (005.4518.000) 05/07 05:29:20 Image size of job updated: 2685412
	2014  -  MemoryUsage of job (MB)
	2061708  -  ResidentSetSize of job (KB)
...
006 (005.4518.000) 05/07 05:29:26 Image size of job updated: 2718180
	2040  -  MemoryUsage of job (MB)
	2088240  -  ResidentSetSize of job (KB)
...
006 (005.4518.000) 05/07 05:29:32 Image size of job updated: 2727396
	2065  -  MemoryUsage of job (MB)
	2113980  -  ResidentSetSize of job (KB)
...
006 (005.4518.000) 05/07 05:29:38 Image size of job updated: 2750948
	2092  -  MemoryUsage of job (MB)
	2141832  -  ResidentSetSize of job (KB)
...
006 (005.4518.000) 05/07 05:29:44 Image size of job updated: 2774500
	2117  -  MemoryUsage of job (MB)
	2166912  -  ResidentSetSize of job (KB)
...
006 (005.4518.000) 05/07 05:29:50 Image size of job updated: 2821604
	2143  -  MemoryUsage of job (MB)
	2193840  -  ResidentSetSize of job (KB)
...
006 (005.4518.000) 05/07 05:29:56 Image size of job updated: 2821604
	2168  -  MemoryUsage of job (MB)
	2219712  -  ResidentSetSize of job (KB)
...
006 (005.4518.000) 05/07 05:30:02 Image size of job updated: 2821604
	2193  -  MemoryUsage of job (MB)
	2245056  -  ResidentSetSize of job (KB)
...
006 (005.4518.000) 05/07 05:30:08 Image size of job updated: 2884068
	2218  -  MemoryUsage of job (MB)
	2270268  -  ResidentSetSize of job (KB)
...
006 (005.4518.000) 05/07 05:30:14 Image size of job updated: 2884068
	2243  -  MemoryUsage of job (MB)
	2296668  -  ResidentSetSize of job (KB)
...
006 (005.4518.000) 05/07 05:30:20 Image size of job updated: 2950628
	2270  -  MemoryUsage of job (MB)
	2323464  -  ResidentSetSize of job (KB)
...
006 (005.4518.000) 05/07 05:30:26 Image size of job updated: 2974180
	2295  -  MemoryUsage of job (MB)
	2349864  -  ResidentSetSize of job (KB)
...
006 (005.4518.000) 05/07 05:30:32 Image size of job updated: 2974180
	2319  -  MemoryUsage of job (MB)
	2374284  -  ResidentSetSize of job (KB)
...
006 (005.4518.000) 05/07 05:30:38 Image size of job updated: 3014116
	2343  -  MemoryUsage of job (MB)
	2398440  -  ResidentSetSize of job (KB)
...
006 (005.4518.000) 05/07 05:30:44 Image size of job updated: 3014116
	2369  -  MemoryUsage of job (MB)
	2425764  -  ResidentSetSize of job (KB)
...
006 (005.4518.000) 05/07 05:30:50 Image size of job updated: 3014116
	2394  -  MemoryUsage of job (MB)
	2450844  -  ResidentSetSize of job (KB)
...
006 (005.4518.000) 05/07 05:30:56 Image size of job updated: 3085796
	2417  -  MemoryUsage of job (MB)
	2474076  -  ResidentSetSize of job (KB)
...
006 (005.4518.000) 05/07 05:31:02 Image size of job updated: 3085796
	2440  -  MemoryUsage of job (MB)
	2498496  -  ResidentSetSize of job (KB)
...
006 (005.4518.000) 05/07 05:31:08 Image size of job updated: 3146212
	2463  -  MemoryUsage of job (MB)
	2521860  -  ResidentSetSize of job (KB)
...
006 (005.4518.000) 05/07 05:31:14 Image size of job updated: 3146212
	2487  -  MemoryUsage of job (MB)
	2546148  -  ResidentSetSize of job (KB)
...
006 (005.4518.000) 05/07 05:31:20 Image size of job updated: 3146212
	2511  -  MemoryUsage of job (MB)
	2570964  -  ResidentSetSize of job (KB)
...
006 (005.4518.000) 05/07 05:31:26 Image size of job updated: 3211748
	2533  -  MemoryUsage of job (MB)
	2593008  -  ResidentSetSize of job (KB)
...
006 (005.4518.000) 05/07 05:31:32 Image size of job updated: 3211748
	2556  -  MemoryUsage of job (MB)
	2616768  -  ResidentSetSize of job (KB)
...
006 (005.4518.000) 05/07 05:31:38 Image size of job updated: 3264996
	2576  -  MemoryUsage of job (MB)
	2637756  -  ResidentSetSize of job (KB)
...
006 (005.4518.000) 05/07 05:31:44 Image size of job updated: 3289572
	2601  -  MemoryUsage of job (MB)
	2662440  -  ResidentSetSize of job (KB)
...
006 (005.4518.000) 05/07 05:31:50 Image size of job updated: 3317220
	2626  -  MemoryUsage of job (MB)
	2688048  -  ResidentSetSize of job (KB)
...
006 (005.4518.000) 05/07 05:31:56 Image size of job updated: 3330532
	2647  -  MemoryUsage of job (MB)
	2709960  -  ResidentSetSize of job (KB)
...
006 (005.4518.000) 05/07 05:32:02 Image size of job updated: 3330532
	2670  -  MemoryUsage of job (MB)
	2733060  -  ResidentSetSize of job (KB)
...
006 (005.4518.000) 05/07 05:32:08 Image size of job updated: 3375588
	2691  -  MemoryUsage of job (MB)
	2755236  -  ResidentSetSize of job (KB)
...
006 (005.4518.000) 05/07 05:32:14 Image size of job updated: 3396068
	2713  -  MemoryUsage of job (MB)
	2777808  -  ResidentSetSize of job (KB)
...
006 (005.4518.000) 05/07 05:32:20 Image size of job updated: 3396068
	2734  -  MemoryUsage of job (MB)
	2799588  -  ResidentSetSize of job (KB)
...
006 (005.4518.000) 05/07 05:32:26 Image size of job updated: 3447268
	2757  -  MemoryUsage of job (MB)
	2823084  -  ResidentSetSize of job (KB)
...
006 (005.4518.000) 05/07 05:32:32 Image size of job updated: 3472868
	2779  -  MemoryUsage of job (MB)
	2845128  -  ResidentSetSize of job (KB)
...
006 (005.4518.000) 05/07 05:32:38 Image size of job updated: 3472868
	2800  -  MemoryUsage of job (MB)
	2866644  -  ResidentSetSize of job (KB)
...
006 (005.4518.000) 05/07 05:32:44 Image size of job updated: 3513828
	2824  -  MemoryUsage of job (MB)
	2891724  -  ResidentSetSize of job (KB)
...
006 (005.4518.000) 05/07 05:32:50 Image size of job updated: 3513828
	2845  -  MemoryUsage of job (MB)
	2912712  -  ResidentSetSize of job (KB)
...
006 (005.4518.000) 05/07 05:32:56 Image size of job updated: 3513828
	2865  -  MemoryUsage of job (MB)
	2933172  -  ResidentSetSize of job (KB)
...
006 (005.4518.000) 05/07 05:33:02 Image size of job updated: 3581412
	2888  -  MemoryUsage of job (MB)
	2956536  -  ResidentSetSize of job (KB)
...
006 (005.4518.000) 05/07 05:33:08 Image size of job updated: 3589604
	2909  -  MemoryUsage of job (MB)
	2978712  -  ResidentSetSize of job (KB)
...
006 (005.4518.000) 05/07 05:33:14 Image size of job updated: 3621348
	2929  -  MemoryUsage of job (MB)
	2998776  -  ResidentSetSize of job (KB)
...
006 (005.4518.000) 05/07 05:33:20 Image size of job updated: 3621348
	2950  -  MemoryUsage of job (MB)
	3020028  -  ResidentSetSize of job (KB)
...
006 (005.4518.000) 05/07 05:33:26 Image size of job updated: 3621348
	2971  -  MemoryUsage of job (MB)
	3041544  -  ResidentSetSize of job (KB)
...
006 (005.4518.000) 05/07 05:33:32 Image size of job updated: 3675620
	2994  -  MemoryUsage of job (MB)
	3065040  -  ResidentSetSize of job (KB)
...
006 (005.4518.000) 05/07 05:33:38 Image size of job updated: 3675620
	3016  -  MemoryUsage of job (MB)
	3088140  -  ResidentSetSize of job (KB)
...
006 (005.4518.000) 05/07 05:33:44 Image size of job updated: 3731940
	3038  -  MemoryUsage of job (MB)
	3110844  -  ResidentSetSize of job (KB)
...
006 (005.4518.000) 05/07 05:33:50 Image size of job updated: 3731940
	3063  -  MemoryUsage of job (MB)
	3135528  -  ResidentSetSize of job (KB)
...
006 (005.4518.000) 05/07 05:33:56 Image size of job updated: 3731940
	3084  -  MemoryUsage of job (MB)
	3157836  -  ResidentSetSize of job (KB)
...
006 (005.4518.000) 05/07 05:34:02 Image size of job updated: 3789284
	3104  -  MemoryUsage of job (MB)
	3178164  -  ResidentSetSize of job (KB)
...
006 (005.4518.000) 05/07 05:34:08 Image size of job updated: 3789284
	3127  -  MemoryUsage of job (MB)
	3201924  -  ResidentSetSize of job (KB)
...
006 (005.4518.000) 05/07 05:34:14 Image size of job updated: 3846628
	3153  -  MemoryUsage of job (MB)
	3227928  -  ResidentSetSize of job (KB)
...
006 (005.4518.000) 05/07 05:34:20 Image size of job updated: 3846628
	3174  -  MemoryUsage of job (MB)
	3249312  -  ResidentSetSize of job (KB)
...
006 (005.4518.000) 05/07 05:34:26 Image size of job updated: 3882468
	3195  -  MemoryUsage of job (MB)
	3271488  -  ResidentSetSize of job (KB)
...
006 (005.4518.000) 05/07 05:34:32 Image size of job updated: 3902948
	3218  -  MemoryUsage of job (MB)
	3294588  -  ResidentSetSize of job (KB)
...
006 (005.4518.000) 05/07 05:34:38 Image size of job updated: 3902948
	3241  -  MemoryUsage of job (MB)
	3318480  -  ResidentSetSize of job (KB)
...
006 (005.4518.000) 05/07 05:34:44 Image size of job updated: 3972580
	3268  -  MemoryUsage of job (MB)
	3345672  -  ResidentSetSize of job (KB)
...
006 (005.4518.000) 05/07 05:34:50 Image size of job updated: 3972580
	3291  -  MemoryUsage of job (MB)
	3369696  -  ResidentSetSize of job (KB)
...
006 (005.4518.000) 05/07 05:34:56 Image size of job updated: 3972580
	3313  -  MemoryUsage of job (MB)
	3392004  -  ResidentSetSize of job (KB)
...
006 (005.4518.000) 05/07 05:35:02 Image size of job updated: 4023780
	3336  -  MemoryUsage of job (MB)
	3415104  -  ResidentSetSize of job (KB)
...
006 (005.4518.000) 05/07 05:35:08 Image size of job updated: 4023780
	3357  -  MemoryUsage of job (MB)
	3437544  -  ResidentSetSize of job (KB)
...
006 (005.4518.000) 05/07 05:35:14 Image size of job updated: 4085220
	3380  -  MemoryUsage of job (MB)
	3460644  -  ResidentSetSize of job (KB)
...
006 (005.4518.000) 05/07 05:35:21 Image size of job updated: 4085220
	3405  -  MemoryUsage of job (MB)
	3485724  -  ResidentSetSize of job (KB)
...
006 (005.4518.000) 05/07 05:35:26 Image size of job updated: 4117988
	3422  -  MemoryUsage of job (MB)
	3503676  -  ResidentSetSize of job (KB)
...
006 (005.4518.000) 05/07 05:35:31 Image size of job updated: 4141540
	3439  -  MemoryUsage of job (MB)
	3521496  -  ResidentSetSize of job (KB)
...
006 (005.4518.000) 05/07 05:35:36 Image size of job updated: 4141540
	3458  -  MemoryUsage of job (MB)
	3540900  -  ResidentSetSize of job (KB)
...
006 (005.4518.000) 05/07 05:35:41 Image size of job updated: 4141540
	3476  -  MemoryUsage of job (MB)
	3558588  -  ResidentSetSize of job (KB)
...
006 (005.4518.000) 05/07 05:35:46 Image size of job updated: 4204004
	3494  -  MemoryUsage of job (MB)
	3577464  -  ResidentSetSize of job (KB)
...
006 (005.4518.000) 05/07 05:35:51 Image size of job updated: 4204004
	3511  -  MemoryUsage of job (MB)
	3594888  -  ResidentSetSize of job (KB)
...
006 (005.4518.000) 05/07 05:35:56 Image size of job updated: 4229604
	3533  -  MemoryUsage of job (MB)
	3616800  -  ResidentSetSize of job (KB)
...
006 (005.4518.000) 05/07 05:36:01 Image size of job updated: 4263396
	3553  -  MemoryUsage of job (MB)
	3637524  -  ResidentSetSize of job (KB)
...
006 (005.4518.000) 05/07 05:36:06 Image size of job updated: 4274660
	3572  -  MemoryUsage of job (MB)
	3656928  -  ResidentSetSize of job (KB)
...
006 (005.4518.000) 05/07 05:36:11 Image size of job updated: 4274660
	3593  -  MemoryUsage of job (MB)
	3678840  -  ResidentSetSize of job (KB)
...
006 (005.4518.000) 05/07 05:36:16 Image size of job updated: 4329956
	3614  -  MemoryUsage of job (MB)
	3700092  -  ResidentSetSize of job (KB)
...
006 (005.4518.000) 05/07 05:36:21 Image size of job updated: 4329956
	3632  -  MemoryUsage of job (MB)
	3718572  -  ResidentSetSize of job (KB)
...
006 (005.4518.000) 05/07 05:36:26 Image size of job updated: 4329956
	3649  -  MemoryUsage of job (MB)
	3735864  -  ResidentSetSize of job (KB)
...
006 (005.4518.000) 05/07 05:36:31 Image size of job updated: 4385252
	3669  -  MemoryUsage of job (MB)
	3756852  -  ResidentSetSize of job (KB)
...
006 (005.4518.000) 05/07 05:36:36 Image size of job updated: 4385252
	3689  -  MemoryUsage of job (MB)
	3777444  -  ResidentSetSize of job (KB)
...
006 (005.4518.000) 05/07 05:36:41 Image size of job updated: 4385252
	3711  -  MemoryUsage of job (MB)
	3799884  -  ResidentSetSize of job (KB)
...
006 (005.4518.000) 05/07 05:36:46 Image size of job updated: 4440548
	3732  -  MemoryUsage of job (MB)
	3820740  -  ResidentSetSize of job (KB)
...
006 (005.4518.000) 05/07 05:36:51 Image size of job updated: 4473316
	3751  -  MemoryUsage of job (MB)
	3840276  -  ResidentSetSize of job (KB)
...
006 (005.4518.000) 05/07 05:36:56 Image size of job updated: 4473316
	3770  -  MemoryUsage of job (MB)
	3860472  -  ResidentSetSize of job (KB)
...
006 (005.4518.000) 05/07 05:37:01 Image size of job updated: 4499940
	3789  -  MemoryUsage of job (MB)
	3878952  -  ResidentSetSize of job (KB)
...
006 (005.4518.000) 05/07 05:37:06 Image size of job updated: 4517348
	3809  -  MemoryUsage of job (MB)
	3899412  -  ResidentSetSize of job (KB)
...
006 (005.4518.000) 05/07 05:37:11 Image size of job updated: 4517348
	3829  -  MemoryUsage of job (MB)
	3920400  -  ResidentSetSize of job (KB)
...
006 (005.4518.000) 05/07 05:37:16 Image size of job updated: 4570596
	3849  -  MemoryUsage of job (MB)
	3940860  -  ResidentSetSize of job (KB)
...
006 (005.4518.000) 05/07 05:37:21 Image size of job updated: 4577764
	3869  -  MemoryUsage of job (MB)
	3961188  -  ResidentSetSize of job (KB)
...
006 (005.4518.000) 05/07 05:37:26 Image size of job updated: 4600292
	3889  -  MemoryUsage of job (MB)
	3981780  -  ResidentSetSize of job (KB)
...
006 (005.4518.000) 05/07 05:37:31 Image size of job updated: 4620772
	3909  -  MemoryUsage of job (MB)
	4002504  -  ResidentSetSize of job (KB)
...
006 (005.4518.000) 05/07 05:37:36 Image size of job updated: 4639204
	3929  -  MemoryUsage of job (MB)
	4022436  -  ResidentSetSize of job (KB)
...
006 (005.4518.000) 05/07 05:37:41 Image size of job updated: 4639204
	3949  -  MemoryUsage of job (MB)
	4043028  -  ResidentSetSize of job (KB)
...
006 (005.4518.000) 05/07 05:37:46 Image size of job updated: 4639204
	3995  -  MemoryUsage of job (MB)
	4090152  -  ResidentSetSize of job (KB)
...
006 (005.4518.000) 05/07 05:37:51 Image size of job updated: 4853220
	4177  -  MemoryUsage of job (MB)
	4276668  -  ResidentSetSize of job (KB)
...
005 (005.4518.000) 05/07 05:37:55 Job terminated.
	(1) Normal termination (return value 0)
		Usr 0 00:21:55, Sys 0 00:00:04  -  Run Remote Usage
		Usr 0 00:00:00, Sys 0 00:00:00  -  Run Local Usage
		Usr 0 00:21:55, Sys 0 00:00:04  -  Total Remote Usage
		Usr 0 00:00:00, Sys 0 00:00:00  -  Total Local Usage
	0  -  Run Bytes Sent By Job
	0  -  Run Bytes Received By Job
	0  -  Total Bytes Sent By Job
	0  -  Total Bytes Received By Job
	Partitionable Resources :      Usage  Request Allocated 
	   Cpus                 :       0.99        1         1 
	   Disk (KB)            : 2000000     2000000   6275465 
	   Memory (MB)          :    4177        1954      2007 
...
