000 (040.6076.000) 04/27 18:44:56 Job submitted from host: <127.0.0.1:9618?addrs=127.0.0.1-9618&noUDP&sock=222_da1d_4>
...
001 (040.6076.000) 04/28 07:45:33 Job executing on host: <127.0.0.1:9618?addrs=127.0.0.1-9618&noUDP&sock=222_da1d_5>
...
006 (040.6076.000) 04/28 07:45:38 Image size of job updated: 320292
	310  -  MemoryUsage of job (MB)
	317196  -  ResidentSetSize of job (KB)
...
006 (040.6076.000) 04/28 07:45:43 Image size of job updated: 632280
	618  -  MemoryUsage of job (MB)
	632280  -  ResidentSetSize of job (KB)
...
006 (040.6076.000) 04/28 07:45:48 Image size of job updated: 694068
	665  -  MemoryUsage of job (MB)
	680328  -  ResidentSetSize of job (KB)
...
006 (040.6076.000) 04/28 07:45:58 Image size of job updated: 695376
	665  -  MemoryUsage of job (MB)
	680328  -  ResidentSetSize of job (KB)
...
005 (040.6076.000) 04/28 07:48:19 Job terminated.
	(1) Normal termination (return value 0)
		Usr 0 00:02:42, Sys 0 00:00:00  -  Run Remote Usage
		Usr 0 00:00:00, Sys 0 00:00:00  -  Run Local Usage
		Usr 0 00:02:42, Sys 0 00:00:00  -  Total Remote Usage
		Usr 0 00:00:00, Sys 0 00:00:00  -  Total Local Usage
	0  -  Run Bytes Sent By Job
	0  -  Run Bytes Received By Job
	0  -  Total Bytes Sent By Job
	0  -  Total Bytes Received By Job
	Partitionable Resources :    Usage  Request Allocated 
	   Cpus                 :     1.00        1         1 
	   Disk (KB)            :     1           1   6540465 
	   Memory (MB)          :   665           1      2007 
...
