000 (005.3166.000) 05/05 20:23:01 Job submitted from host: <127.0.0.1:9618?addrs=127.0.0.1-9618&noUDP&sock=227_4816_4>
...
033 (005.3166.000) 05/06 14:16:26 Changing job attribute JobPrio from 0 to -10
...
001 (005.3166.000) 05/06 20:40:44 Job executing on host: <127.0.0.1:9618?addrs=127.0.0.1-9618&noUDP&sock=227_4816_5>
...
006 (005.3166.000) 05/06 20:40:50 Image size of job updated: 2000000
	101  -  MemoryUsage of job (MB)
	102828  -  ResidentSetSize of job (KB)
...
006 (005.3166.000) 05/06 20:41:14 Image size of job updated: 2000000
	119  -  MemoryUsage of job (MB)
	121440  -  ResidentSetSize of job (KB)
...
006 (005.3166.000) 05/06 20:41:20 Image size of job updated: 2000000
	184  -  MemoryUsage of job (MB)
	187836  -  ResidentSetSize of job (KB)
...
006 (005.3166.000) 05/06 20:41:26 Image size of job updated: 2000000
	184  -  MemoryUsage of job (MB)
	188232  -  ResidentSetSize of job (KB)
...
006 (005.3166.000) 05/06 20:41:32 Image size of job updated: 2000000
	191  -  MemoryUsage of job (MB)
	194964  -  ResidentSetSize of job (KB)
...
006 (005.3166.000) 05/06 20:41:38 Image size of job updated: 2000000
	203  -  MemoryUsage of job (MB)
	207108  -  ResidentSetSize of job (KB)
...
006 (005.3166.000) 05/06 20:41:44 Image size of job updated: 2000000
	212  -  MemoryUsage of job (MB)
	216876  -  ResidentSetSize of job (KB)
...
006 (005.3166.000) 05/06 20:41:50 Image size of job updated: 2000000
	224  -  MemoryUsage of job (MB)
	229020  -  ResidentSetSize of job (KB)
...
006 (005.3166.000) 05/06 20:41:56 Image size of job updated: 2000000
	234  -  MemoryUsage of job (MB)
	239052  -  ResidentSetSize of job (KB)
...
006 (005.3166.000) 05/06 20:42:02 Image size of job updated: 2000000
	241  -  MemoryUsage of job (MB)
	246312  -  ResidentSetSize of job (KB)
...
006 (005.3166.000) 05/06 20:42:08 Image size of job updated: 2000000
	286  -  MemoryUsage of job (MB)
	292776  -  ResidentSetSize of job (KB)
...
006 (005.3166.000) 05/06 20:42:14 Image size of job updated: 2000000
	328  -  MemoryUsage of job (MB)
	335808  -  ResidentSetSize of job (KB)
...
006 (005.3166.000) 05/06 20:42:20 Image size of job updated: 2000000
	360  -  MemoryUsage of job (MB)
	368544  -  ResidentSetSize of job (KB)
...
006 (005.3166.000) 05/06 20:42:26 Image size of job updated: 2000000
	427  -  MemoryUsage of job (MB)
	437052  -  ResidentSetSize of job (KB)
...
006 (005.3166.000) 05/06 20:42:32 Image size of job updated: 2000000
	480  -  MemoryUsage of job (MB)
	490776  -  ResidentSetSize of job (KB)
...
006 (005.3166.000) 05/06 20:42:38 Image size of job updated: 2000000
	1168  -  MemoryUsage of job (MB)
	1195788  -  ResidentSetSize of job (KB)
...
006 (005.3166.000) 05/06 20:56:16 Image size of job updated: 2000000
	1170  -  MemoryUsage of job (MB)
	1197108  -  ResidentSetSize of job (KB)
...
006 (005.3166.000) 05/06 20:56:21 Image size of job updated: 2000000
	1182  -  MemoryUsage of job (MB)
	1209648  -  ResidentSetSize of job (KB)
...
006 (005.3166.000) 05/06 20:56:26 Image size of job updated: 2000000
	1248  -  MemoryUsage of job (MB)
	1277892  -  ResidentSetSize of job (KB)
...
006 (005.3166.000) 05/06 20:56:31 Image size of job updated: 2000000
	1621  -  MemoryUsage of job (MB)
	1659768  -  ResidentSetSize of job (KB)
...
006 (005.3166.000) 05/06 20:56:36 Image size of job updated: 2331368
	1921  -  MemoryUsage of job (MB)
	1966272  -  ResidentSetSize of job (KB)
...
006 (005.3166.000) 05/06 20:56:46 Image size of job updated: 2618344
	1956  -  MemoryUsage of job (MB)
	2002308  -  ResidentSetSize of job (KB)
...
006 (005.3166.000) 05/06 20:56:51 Image size of job updated: 2660328
	1983  -  MemoryUsage of job (MB)
	2030292  -  ResidentSetSize of job (KB)
...
006 (005.3166.000) 05/06 20:56:56 Image size of job updated: 2660328
	2008  -  MemoryUsage of job (MB)
	2055636  -  ResidentSetSize of job (KB)
...
006 (005.3166.000) 05/06 20:57:01 Image size of job updated: 2660328
	2034  -  MemoryUsage of job (MB)
	2082432  -  ResidentSetSize of job (KB)
...
006 (005.3166.000) 05/06 20:57:06 Image size of job updated: 2740200
	2062  -  MemoryUsage of job (MB)
	2110680  -  ResidentSetSize of job (KB)
...
006 (005.3166.000) 05/06 20:57:11 Image size of job updated: 2764776
	2085  -  MemoryUsage of job (MB)
	2134836  -  ResidentSetSize of job (KB)
...
006 (005.3166.000) 05/06 20:57:16 Image size of job updated: 2764776
	2112  -  MemoryUsage of job (MB)
	2162424  -  ResidentSetSize of job (KB)
...
006 (005.3166.000) 05/06 20:57:21 Image size of job updated: 2819048
	2138  -  MemoryUsage of job (MB)
	2188692  -  ResidentSetSize of job (KB)
...
006 (005.3166.000) 05/06 20:57:26 Image size of job updated: 2824168
	2162  -  MemoryUsage of job (MB)
	2212980  -  ResidentSetSize of job (KB)
...
006 (005.3166.000) 05/06 20:57:31 Image size of job updated: 2847720
	2189  -  MemoryUsage of job (MB)
	2241360  -  ResidentSetSize of job (KB)
...
006 (005.3166.000) 05/06 20:57:36 Image size of job updated: 2847720
	2222  -  MemoryUsage of job (MB)
	2275284  -  ResidentSetSize of job (KB)
...
006 (005.3166.000) 05/06 20:57:41 Image size of job updated: 2927592
	2256  -  MemoryUsage of job (MB)
	2310132  -  ResidentSetSize of job (KB)
...
006 (005.3166.000) 05/06 20:57:46 Image size of job updated: 2950120
	2283  -  MemoryUsage of job (MB)
	2337324  -  ResidentSetSize of job (KB)
...
006 (005.3166.000) 05/06 20:57:51 Image size of job updated: 2950120
	2312  -  MemoryUsage of job (MB)
	2367288  -  ResidentSetSize of job (KB)
...
006 (005.3166.000) 05/06 20:57:56 Image size of job updated: 3013608
	2335  -  MemoryUsage of job (MB)
	2390916  -  ResidentSetSize of job (KB)
...
006 (005.3166.000) 05/06 20:58:01 Image size of job updated: 3042280
	2358  -  MemoryUsage of job (MB)
	2413752  -  ResidentSetSize of job (KB)
...
006 (005.3166.000) 05/06 20:58:06 Image size of job updated: 3042280
	2377  -  MemoryUsage of job (MB)
	2433420  -  ResidentSetSize of job (KB)
...
006 (005.3166.000) 05/06 20:58:11 Image size of job updated: 3081192
	2400  -  MemoryUsage of job (MB)
	2457444  -  ResidentSetSize of job (KB)
...
006 (005.3166.000) 05/06 20:58:16 Image size of job updated: 3110888
	2424  -  MemoryUsage of job (MB)
	2481732  -  ResidentSetSize of job (KB)
...
006 (005.3166.000) 05/06 20:58:21 Image size of job updated: 3129320
	2448  -  MemoryUsage of job (MB)
	2506152  -  ResidentSetSize of job (KB)
...
006 (005.3166.000) 05/06 20:58:26 Image size of job updated: 3155944
	2473  -  MemoryUsage of job (MB)
	2531364  -  ResidentSetSize of job (KB)
...
006 (005.3166.000) 05/06 20:58:31 Image size of job updated: 3183592
	2495  -  MemoryUsage of job (MB)
	2554860  -  ResidentSetSize of job (KB)
...
006 (005.3166.000) 05/06 20:58:36 Image size of job updated: 3188712
	2522  -  MemoryUsage of job (MB)
	2581788  -  ResidentSetSize of job (KB)
...
006 (005.3166.000) 05/06 20:58:41 Image size of job updated: 3238888
	2549  -  MemoryUsage of job (MB)
	2609244  -  ResidentSetSize of job (KB)
...
006 (005.3166.000) 05/06 20:58:46 Image size of job updated: 3238888
	2573  -  MemoryUsage of job (MB)
	2634060  -  ResidentSetSize of job (KB)
...
006 (005.3166.000) 05/06 20:58:51 Image size of job updated: 3266536
	2598  -  MemoryUsage of job (MB)
	2660328  -  ResidentSetSize of job (KB)
...
006 (005.3166.000) 05/06 20:58:56 Image size of job updated: 3311592
	2625  -  MemoryUsage of job (MB)
	2687784  -  ResidentSetSize of job (KB)
...
006 (005.3166.000) 05/06 20:59:01 Image size of job updated: 3311592
	2654  -  MemoryUsage of job (MB)
	2717616  -  ResidentSetSize of job (KB)
...
006 (005.3166.000) 05/06 20:59:06 Image size of job updated: 3311592
	2682  -  MemoryUsage of job (MB)
	2746128  -  ResidentSetSize of job (KB)
...
006 (005.3166.000) 05/06 20:59:11 Image size of job updated: 3394536
	2707  -  MemoryUsage of job (MB)
	2771340  -  ResidentSetSize of job (KB)
...
006 (005.3166.000) 05/06 20:59:16 Image size of job updated: 3394536
	2734  -  MemoryUsage of job (MB)
	2798796  -  ResidentSetSize of job (KB)
...
006 (005.3166.000) 05/06 20:59:21 Image size of job updated: 3394536
	2763  -  MemoryUsage of job (MB)
	2828496  -  ResidentSetSize of job (KB)
...
006 (005.3166.000) 05/06 20:59:26 Image size of job updated: 3482600
	2789  -  MemoryUsage of job (MB)
	2855820  -  ResidentSetSize of job (KB)
...
006 (005.3166.000) 05/06 20:59:31 Image size of job updated: 3482600
	2815  -  MemoryUsage of job (MB)
	2881824  -  ResidentSetSize of job (KB)
...
006 (005.3166.000) 05/06 20:59:36 Image size of job updated: 3482600
	2842  -  MemoryUsage of job (MB)
	2909544  -  ResidentSetSize of job (KB)
...
006 (005.3166.000) 05/06 20:59:41 Image size of job updated: 3565544
	2871  -  MemoryUsage of job (MB)
	2938980  -  ResidentSetSize of job (KB)
...
006 (005.3166.000) 05/06 20:59:46 Image size of job updated: 3565544
	2893  -  MemoryUsage of job (MB)
	2962212  -  ResidentSetSize of job (KB)
...
006 (005.3166.000) 05/06 20:59:51 Image size of job updated: 3565544
	2919  -  MemoryUsage of job (MB)
	2988876  -  ResidentSetSize of job (KB)
...
006 (005.3166.000) 05/06 20:59:56 Image size of job updated: 3565544
	2945  -  MemoryUsage of job (MB)
	3015276  -  ResidentSetSize of job (KB)
...
006 (005.3166.000) 05/06 21:00:01 Image size of job updated: 3653608
	2974  -  MemoryUsage of job (MB)
	3044580  -  ResidentSetSize of job (KB)
...
006 (005.3166.000) 05/06 21:00:06 Image size of job updated: 3698664
	3010  -  MemoryUsage of job (MB)
	3081408  -  ResidentSetSize of job (KB)
...
006 (005.3166.000) 05/06 21:00:11 Image size of job updated: 3735528
	3040  -  MemoryUsage of job (MB)
	3112296  -  ResidentSetSize of job (KB)
...
006 (005.3166.000) 05/06 21:00:16 Image size of job updated: 3771368
	3077  -  MemoryUsage of job (MB)
	3150180  -  ResidentSetSize of job (KB)
...
006 (005.3166.000) 05/06 21:00:21 Image size of job updated: 3771368
	3109  -  MemoryUsage of job (MB)
	3182652  -  ResidentSetSize of job (KB)
...
006 (005.3166.000) 05/06 21:00:26 Image size of job updated: 3771368
	3136  -  MemoryUsage of job (MB)
	3210372  -  ResidentSetSize of job (KB)
...
006 (005.3166.000) 05/06 21:00:31 Image size of job updated: 3845096
	3158  -  MemoryUsage of job (MB)
	3232944  -  ResidentSetSize of job (KB)
...
006 (005.3166.000) 05/06 21:00:36 Image size of job updated: 3845096
	3181  -  MemoryUsage of job (MB)
	3256836  -  ResidentSetSize of job (KB)
...
006 (005.3166.000) 05/06 21:00:41 Image size of job updated: 3845096
	3204  -  MemoryUsage of job (MB)
	3280464  -  ResidentSetSize of job (KB)
...
006 (005.3166.000) 05/06 21:00:46 Image size of job updated: 3918824
	3233  -  MemoryUsage of job (MB)
	3310164  -  ResidentSetSize of job (KB)
...
006 (005.3166.000) 05/06 21:00:51 Image size of job updated: 3918824
	3258  -  MemoryUsage of job (MB)
	3335640  -  ResidentSetSize of job (KB)
...
006 (005.3166.000) 05/06 21:00:56 Image size of job updated: 3918824
	3283  -  MemoryUsage of job (MB)
	3361380  -  ResidentSetSize of job (KB)
...
006 (005.3166.000) 05/06 21:01:02 Image size of job updated: 3995624
	3313  -  MemoryUsage of job (MB)
	3392400  -  ResidentSetSize of job (KB)
...
006 (005.3166.000) 05/06 21:01:08 Image size of job updated: 3995624
	3346  -  MemoryUsage of job (MB)
	3425532  -  ResidentSetSize of job (KB)
...
006 (005.3166.000) 05/06 21:01:14 Image size of job updated: 4073448
	3374  -  MemoryUsage of job (MB)
	3454176  -  ResidentSetSize of job (KB)
...
006 (005.3166.000) 05/06 21:01:20 Image size of job updated: 4073448
	3406  -  MemoryUsage of job (MB)
	3486912  -  ResidentSetSize of job (KB)
...
006 (005.3166.000) 05/06 21:01:26 Image size of job updated: 4073448
	3443  -  MemoryUsage of job (MB)
	3525324  -  ResidentSetSize of job (KB)
...
006 (005.3166.000) 05/06 21:01:32 Image size of job updated: 4167656
	3475  -  MemoryUsage of job (MB)
	3558060  -  ResidentSetSize of job (KB)
...
006 (005.3166.000) 05/06 21:01:38 Image size of job updated: 4193256
	3506  -  MemoryUsage of job (MB)
	3589872  -  ResidentSetSize of job (KB)
...
006 (005.3166.000) 05/06 21:01:44 Image size of job updated: 4251624
	3537  -  MemoryUsage of job (MB)
	3620892  -  ResidentSetSize of job (KB)
...
006 (005.3166.000) 05/06 21:01:50 Image size of job updated: 4251624
	3569  -  MemoryUsage of job (MB)
	3654288  -  ResidentSetSize of job (KB)
...
006 (005.3166.000) 05/06 21:01:56 Image size of job updated: 4251624
	3600  -  MemoryUsage of job (MB)
	3685968  -  ResidentSetSize of job (KB)
...
006 (005.3166.000) 05/06 21:02:02 Image size of job updated: 4336616
	3628  -  MemoryUsage of job (MB)
	3714216  -  ResidentSetSize of job (KB)
...
006 (005.3166.000) 05/06 21:02:08 Image size of job updated: 4367336
	3658  -  MemoryUsage of job (MB)
	3745104  -  ResidentSetSize of job (KB)
...
006 (005.3166.000) 05/06 21:02:14 Image size of job updated: 4409320
	3689  -  MemoryUsage of job (MB)
	3776784  -  ResidentSetSize of job (KB)
...
006 (005.3166.000) 05/06 21:02:20 Image size of job updated: 4409320
	3722  -  MemoryUsage of job (MB)
	3811236  -  ResidentSetSize of job (KB)
...
006 (005.3166.000) 05/06 21:02:26 Image size of job updated: 4471784
	3755  -  MemoryUsage of job (MB)
	3844104  -  ResidentSetSize of job (KB)
...
006 (005.3166.000) 05/06 21:02:32 Image size of job updated: 4492264
	3789  -  MemoryUsage of job (MB)
	3879084  -  ResidentSetSize of job (KB)
...
006 (005.3166.000) 05/06 21:02:38 Image size of job updated: 4492264
	3820  -  MemoryUsage of job (MB)
	3910764  -  ResidentSetSize of job (KB)
...
006 (005.3166.000) 05/06 21:02:44 Image size of job updated: 4571112
	3847  -  MemoryUsage of job (MB)
	3938352  -  ResidentSetSize of job (KB)
...
006 (005.3166.000) 05/06 21:02:50 Image size of job updated: 4591592
	3875  -  MemoryUsage of job (MB)
	3967788  -  ResidentSetSize of job (KB)
...
006 (005.3166.000) 05/06 21:02:56 Image size of job updated: 4591592
	3910  -  MemoryUsage of job (MB)
	4003428  -  ResidentSetSize of job (KB)
...
006 (005.3166.000) 05/06 21:03:02 Image size of job updated: 4665320
	3939  -  MemoryUsage of job (MB)
	4032996  -  ResidentSetSize of job (KB)
...
006 (005.3166.000) 05/06 21:03:08 Image size of job updated: 4665320
	3971  -  MemoryUsage of job (MB)
	4066128  -  ResidentSetSize of job (KB)
...
006 (005.3166.000) 05/06 21:03:14 Image size of job updated: 4721640
	4003  -  MemoryUsage of job (MB)
	4098600  -  ResidentSetSize of job (KB)
...
006 (005.3166.000) 05/06 21:03:20 Image size of job updated: 4761576
	4034  -  MemoryUsage of job (MB)
	4130676  -  ResidentSetSize of job (KB)
...
006 (005.3166.000) 05/06 21:03:26 Image size of job updated: 4790248
	4066  -  MemoryUsage of job (MB)
	4163544  -  ResidentSetSize of job (KB)
...
006 (005.3166.000) 05/06 21:03:32 Image size of job updated: 4815848
	4099  -  MemoryUsage of job (MB)
	4197072  -  ResidentSetSize of job (KB)
...
006 (005.3166.000) 05/06 21:03:38 Image size of job updated: 4815848
	4136  -  MemoryUsage of job (MB)
	4235220  -  ResidentSetSize of job (KB)
...
006 (005.3166.000) 05/06 21:03:44 Image size of job updated: 4815848
	4168  -  MemoryUsage of job (MB)
	4267428  -  ResidentSetSize of job (KB)
...
006 (005.3166.000) 05/06 21:03:50 Image size of job updated: 4915176
	4195  -  MemoryUsage of job (MB)
	4295280  -  ResidentSetSize of job (KB)
...
006 (005.3166.000) 05/06 21:03:56 Image size of job updated: 4934632
	4227  -  MemoryUsage of job (MB)
	4328148  -  ResidentSetSize of job (KB)
...
006 (005.3166.000) 05/06 21:04:02 Image size of job updated: 4988904
	4261  -  MemoryUsage of job (MB)
	4362468  -  ResidentSetSize of job (KB)
...
006 (005.3166.000) 05/06 21:04:08 Image size of job updated: 4988904
	4296  -  MemoryUsage of job (MB)
	4398636  -  ResidentSetSize of job (KB)
...
006 (005.3166.000) 05/06 21:04:14 Image size of job updated: 5057512
	4330  -  MemoryUsage of job (MB)
	4433616  -  ResidentSetSize of job (KB)
...
006 (005.3166.000) 05/06 21:04:20 Image size of job updated: 5098472
	4362  -  MemoryUsage of job (MB)
	4465824  -  ResidentSetSize of job (KB)
...
006 (005.3166.000) 05/06 21:04:26 Image size of job updated: 5113832
	4401  -  MemoryUsage of job (MB)
	4506480  -  ResidentSetSize of job (KB)
...
006 (005.3166.000) 05/06 21:04:32 Image size of job updated: 5170152
	4437  -  MemoryUsage of job (MB)
	4543044  -  ResidentSetSize of job (KB)
...
006 (005.3166.000) 05/06 21:04:38 Image size of job updated: 5170152
	4475  -  MemoryUsage of job (MB)
	4581456  -  ResidentSetSize of job (KB)
...
006 (005.3166.000) 05/06 21:04:44 Image size of job updated: 5170152
	4510  -  MemoryUsage of job (MB)
	4617228  -  ResidentSetSize of job (KB)
...
006 (005.3166.000) 05/06 21:04:50 Image size of job updated: 5268456
	4701  -  MemoryUsage of job (MB)
	4813116  -  ResidentSetSize of job (KB)
...
005 (005.3166.000) 05/06 21:04:58 Job terminated.
	(1) Normal termination (return value 0)
		Usr 0 00:23:43, Sys 0 00:00:04  -  Run Remote Usage
		Usr 0 00:00:00, Sys 0 00:00:00  -  Run Local Usage
		Usr 0 00:23:43, Sys 0 00:00:04  -  Total Remote Usage
		Usr 0 00:00:00, Sys 0 00:00:00  -  Total Local Usage
	0  -  Run Bytes Sent By Job
	0  -  Run Bytes Received By Job
	0  -  Total Bytes Sent By Job
	0  -  Total Bytes Received By Job
	Partitionable Resources :      Usage  Request Allocated 
	   Cpus                 :       1.00        1         1 
	   Disk (KB)            : 2000000     2000000   6275465 
	   Memory (MB)          :    4701        1954      2007 
...
