000 (016.269.000) 05/10 03:37:20 Job submitted from host: <127.0.0.1:9618?addrs=127.0.0.1-9618&noUDP&sock=212_fe2a_4>
...
001 (016.269.000) 05/10 05:09:41 Job executing on host: <127.0.0.1:9618?addrs=127.0.0.1-9618&noUDP&sock=212_fe2a_5>
...
006 (016.269.000) 05/10 05:09:46 Image size of job updated: 2000000
	101  -  MemoryUsage of job (MB)
	102960  -  ResidentSetSize of job (KB)
...
006 (016.269.000) 05/10 05:10:17 Image size of job updated: 2000000
	178  -  MemoryUsage of job (MB)
	182160  -  ResidentSetSize of job (KB)
...
006 (016.269.000) 05/10 05:10:23 Image size of job updated: 2000000
	184  -  MemoryUsage of job (MB)
	188364  -  ResidentSetSize of job (KB)
...
006 (016.269.000) 05/10 05:10:29 Image size of job updated: 2000000
	195  -  MemoryUsage of job (MB)
	199056  -  ResidentSetSize of job (KB)
...
006 (016.269.000) 05/10 05:10:35 Image size of job updated: 2000000
	211  -  MemoryUsage of job (MB)
	215556  -  ResidentSetSize of job (KB)
...
006 (016.269.000) 05/10 05:10:41 Image size of job updated: 2000000
	227  -  MemoryUsage of job (MB)
	231924  -  ResidentSetSize of job (KB)
...
006 (016.269.000) 05/10 05:10:47 Image size of job updated: 2000000
	238  -  MemoryUsage of job (MB)
	243144  -  ResidentSetSize of job (KB)
...
006 (016.269.000) 05/10 05:10:53 Image size of job updated: 2000000
	263  -  MemoryUsage of job (MB)
	268752  -  ResidentSetSize of job (KB)
...
006 (016.269.000) 05/10 05:10:59 Image size of job updated: 2000000
	301  -  MemoryUsage of job (MB)
	308220  -  ResidentSetSize of job (KB)
...
006 (016.269.000) 05/10 05:11:05 Image size of job updated: 2000000
	329  -  MemoryUsage of job (MB)
	336204  -  ResidentSetSize of job (KB)
...
006 (016.269.000) 05/10 05:11:11 Image size of job updated: 2000000
	387  -  MemoryUsage of job (MB)
	396000  -  ResidentSetSize of job (KB)
...
006 (016.269.000) 05/10 05:11:17 Image size of job updated: 2000000
	450  -  MemoryUsage of job (MB)
	460680  -  ResidentSetSize of job (KB)
...
006 (016.269.000) 05/10 05:11:23 Image size of job updated: 2000000
	1169  -  MemoryUsage of job (MB)
	1196184  -  ResidentSetSize of job (KB)
...
006 (016.269.000) 05/10 05:26:06 Image size of job updated: 2000000
	1171  -  MemoryUsage of job (MB)
	1198164  -  ResidentSetSize of job (KB)
...
006 (016.269.000) 05/10 05:26:12 Image size of job updated: 2000000
	1249  -  MemoryUsage of job (MB)
	1278156  -  ResidentSetSize of job (KB)
...
006 (016.269.000) 05/10 05:26:18 Image size of job updated: 2000000
	1653  -  MemoryUsage of job (MB)
	1692372  -  ResidentSetSize of job (KB)
...
006 (016.269.000) 05/10 05:26:24 Image size of job updated: 2000000
	1883  -  MemoryUsage of job (MB)
	1927596  -  ResidentSetSize of job (KB)
...
006 (016.269.000) 05/10 05:26:30 Image size of job updated: 2561508
	1883  -  MemoryUsage of job (MB)
	1927596  -  ResidentSetSize of job (KB)
...
006 (016.269.000) 05/10 05:29:07 Image size of job updated: 2561508
	2058  -  MemoryUsage of job (MB)
	2106984  -  ResidentSetSize of job (KB)
...
006 (016.269.000) 05/10 05:29:12 Image size of job updated: 2738148
	2058  -  MemoryUsage of job (MB)
	2106984  -  ResidentSetSize of job (KB)
...
005 (016.269.000) 05/10 05:29:12 Job terminated.
	(1) Normal termination (return value 0)
		Usr 0 00:19:01, Sys 0 00:00:02  -  Run Remote Usage
		Usr 0 00:00:00, Sys 0 00:00:00  -  Run Local Usage
		Usr 0 00:19:01, Sys 0 00:00:02  -  Total Remote Usage
		Usr 0 00:00:00, Sys 0 00:00:00  -  Total Local Usage
	0  -  Run Bytes Sent By Job
	0  -  Run Bytes Received By Job
	0  -  Total Bytes Sent By Job
	0  -  Total Bytes Received By Job
	Partitionable Resources :      Usage  Request Allocated 
	   Cpus                 :       1.00        1         1 
	   Disk (KB)            : 2000000     2000000   6232219 
	   Memory (MB)          :    2058        1954      2007 
...
