000 (205.6553.000) 05/06 03:20:51 Job submitted from host: <127.0.0.1:9618?addrs=127.0.0.1-9618&noUDP&sock=222_da1d_4>
...
033 (205.6553.000) 05/06 14:23:37 Changing job attribute JobPrio from 0 to -5
...
000 (007.6553.000) 05/07 19:00:37 Job submitted from host: <127.0.0.1:9618?addrs=127.0.0.1-9618&noUDP&sock=215_0cf3_4>
...
000 (016.6553.000) 05/08 15:57:41 Job submitted from host: <127.0.0.1:9618?addrs=127.0.0.1-9618&noUDP&sock=227_4816_4>
...
009 (016.6553.000) 05/09 16:55:30 Job was aborted by the user.
	via condor_rm (by user aw868)
...
000 (017.3220.000) 05/09 17:26:20 Job submitted from host: <127.0.0.1:9618?addrs=127.0.0.1-9618&noUDP&sock=227_4816_4>
...
001 (017.3220.000) 05/10 16:39:07 Job executing on host: <127.0.0.1:9618?addrs=127.0.0.1-9618&noUDP&sock=227_4816_5>
...
006 (017.3220.000) 05/10 16:39:13 Image size of job updated: 2000000
	115  -  MemoryUsage of job (MB)
	117084  -  ResidentSetSize of job (KB)
...
006 (017.3220.000) 05/10 16:39:37 Image size of job updated: 2000000
	125  -  MemoryUsage of job (MB)
	127776  -  ResidentSetSize of job (KB)
...
006 (017.3220.000) 05/10 16:39:43 Image size of job updated: 2000000
	210  -  MemoryUsage of job (MB)
	214236  -  ResidentSetSize of job (KB)
...
006 (017.3220.000) 05/10 16:39:49 Image size of job updated: 2000000
	211  -  MemoryUsage of job (MB)
	215556  -  ResidentSetSize of job (KB)
...
006 (017.3220.000) 05/10 16:39:55 Image size of job updated: 2000000
	213  -  MemoryUsage of job (MB)
	217404  -  ResidentSetSize of job (KB)
...
006 (017.3220.000) 05/10 16:40:01 Image size of job updated: 2000000
	225  -  MemoryUsage of job (MB)
	229416  -  ResidentSetSize of job (KB)
...
006 (017.3220.000) 05/10 16:40:07 Image size of job updated: 2000000
	236  -  MemoryUsage of job (MB)
	241296  -  ResidentSetSize of job (KB)
...
006 (017.3220.000) 05/10 16:40:13 Image size of job updated: 2000000
	248  -  MemoryUsage of job (MB)
	253044  -  ResidentSetSize of job (KB)
...
006 (017.3220.000) 05/10 16:40:19 Image size of job updated: 2000000
	257  -  MemoryUsage of job (MB)
	262548  -  ResidentSetSize of job (KB)
...
006 (017.3220.000) 05/10 16:40:25 Image size of job updated: 2000000
	266  -  MemoryUsage of job (MB)
	272052  -  ResidentSetSize of job (KB)
...
006 (017.3220.000) 05/10 16:40:31 Image size of job updated: 2000000
	274  -  MemoryUsage of job (MB)
	279576  -  ResidentSetSize of job (KB)
...
006 (017.3220.000) 05/10 16:40:37 Image size of job updated: 2000000
	308  -  MemoryUsage of job (MB)
	314820  -  ResidentSetSize of job (KB)
...
006 (017.3220.000) 05/10 16:40:43 Image size of job updated: 2000000
	356  -  MemoryUsage of job (MB)
	364188  -  ResidentSetSize of job (KB)
...
006 (017.3220.000) 05/10 16:40:49 Image size of job updated: 2000000
	380  -  MemoryUsage of job (MB)
	388608  -  ResidentSetSize of job (KB)
...
006 (017.3220.000) 05/10 16:40:55 Image size of job updated: 2000000
	417  -  MemoryUsage of job (MB)
	426888  -  ResidentSetSize of job (KB)
...
006 (017.3220.000) 05/10 16:41:01 Image size of job updated: 2000000
	484  -  MemoryUsage of job (MB)
	494868  -  ResidentSetSize of job (KB)
...
006 (017.3220.000) 05/10 16:41:07 Image size of job updated: 2000000
	545  -  MemoryUsage of job (MB)
	557436  -  ResidentSetSize of job (KB)
...
006 (017.3220.000) 05/10 16:41:13 Image size of job updated: 2000000
	1237  -  MemoryUsage of job (MB)
	1266276  -  ResidentSetSize of job (KB)
...
006 (017.3220.000) 05/10 16:57:53 Image size of job updated: 2000000
	1595  -  MemoryUsage of job (MB)
	1633236  -  ResidentSetSize of job (KB)
...
006 (017.3220.000) 05/10 16:57:59 Image size of job updated: 2454228
	1784  -  MemoryUsage of job (MB)
	1825824  -  ResidentSetSize of job (KB)
...
006 (017.3220.000) 05/10 16:58:05 Image size of job updated: 2454228
	1960  -  MemoryUsage of job (MB)
	2006664  -  ResidentSetSize of job (KB)
...
006 (017.3220.000) 05/10 16:58:11 Image size of job updated: 2454228
	2026  -  MemoryUsage of job (MB)
	2073720  -  ResidentSetSize of job (KB)
...
006 (017.3220.000) 05/10 16:58:17 Image size of job updated: 2759924
	2099  -  MemoryUsage of job (MB)
	2149224  -  ResidentSetSize of job (KB)
...
006 (017.3220.000) 05/10 16:58:23 Image size of job updated: 2759924
	2188  -  MemoryUsage of job (MB)
	2240304  -  ResidentSetSize of job (KB)
...
006 (017.3220.000) 05/10 16:58:29 Image size of job updated: 2759924
	2277  -  MemoryUsage of job (MB)
	2331648  -  ResidentSetSize of job (KB)
...
006 (017.3220.000) 05/10 16:58:35 Image size of job updated: 2994420
	2355  -  MemoryUsage of job (MB)
	2411244  -  ResidentSetSize of job (KB)
...
006 (017.3220.000) 05/10 16:58:41 Image size of job updated: 3133684
	2430  -  MemoryUsage of job (MB)
	2487540  -  ResidentSetSize of job (KB)
...
006 (017.3220.000) 05/10 16:58:47 Image size of job updated: 3202292
	2504  -  MemoryUsage of job (MB)
	2563836  -  ResidentSetSize of job (KB)
...
006 (017.3220.000) 05/10 16:58:53 Image size of job updated: 3253492
	2579  -  MemoryUsage of job (MB)
	2640792  -  ResidentSetSize of job (KB)
...
006 (017.3220.000) 05/10 16:58:59 Image size of job updated: 3332340
	2661  -  MemoryUsage of job (MB)
	2724612  -  ResidentSetSize of job (KB)
...
006 (017.3220.000) 05/10 16:59:05 Image size of job updated: 3414260
	2759  -  MemoryUsage of job (MB)
	2825064  -  ResidentSetSize of job (KB)
...
006 (017.3220.000) 05/10 16:59:11 Image size of job updated: 3414260
	2858  -  MemoryUsage of job (MB)
	2926308  -  ResidentSetSize of job (KB)
...
006 (017.3220.000) 05/10 16:59:17 Image size of job updated: 3667188
	2959  -  MemoryUsage of job (MB)
	3029268  -  ResidentSetSize of job (KB)
...
006 (017.3220.000) 05/10 16:59:23 Image size of job updated: 3667188
	3035  -  MemoryUsage of job (MB)
	3107808  -  ResidentSetSize of job (KB)
...
006 (017.3220.000) 05/10 16:59:29 Image size of job updated: 3667188
	3111  -  MemoryUsage of job (MB)
	3184764  -  ResidentSetSize of job (KB)
...
006 (017.3220.000) 05/10 16:59:35 Image size of job updated: 3858676
	3184  -  MemoryUsage of job (MB)
	3260004  -  ResidentSetSize of job (KB)
...
006 (017.3220.000) 05/10 16:59:41 Image size of job updated: 3858676
	3256  -  MemoryUsage of job (MB)
	3333924  -  ResidentSetSize of job (KB)
...
006 (017.3220.000) 05/10 16:59:47 Image size of job updated: 4046068
	3331  -  MemoryUsage of job (MB)
	3410220  -  ResidentSetSize of job (KB)
...
006 (017.3220.000) 05/10 16:59:53 Image size of job updated: 4046068
	3404  -  MemoryUsage of job (MB)
	3484932  -  ResidentSetSize of job (KB)
...
006 (017.3220.000) 05/10 16:59:59 Image size of job updated: 4046068
	3478  -  MemoryUsage of job (MB)
	3560700  -  ResidentSetSize of job (KB)
...
006 (017.3220.000) 05/10 17:00:05 Image size of job updated: 4252916
	3551  -  MemoryUsage of job (MB)
	3635676  -  ResidentSetSize of job (KB)
...
006 (017.3220.000) 05/10 17:00:11 Image size of job updated: 4252916
	3624  -  MemoryUsage of job (MB)
	3710124  -  ResidentSetSize of job (KB)
...
006 (017.3220.000) 05/10 17:00:17 Image size of job updated: 4252916
	3697  -  MemoryUsage of job (MB)
	3784968  -  ResidentSetSize of job (KB)
...
006 (017.3220.000) 05/10 17:00:23 Image size of job updated: 4459764
	3768  -  MemoryUsage of job (MB)
	3857700  -  ResidentSetSize of job (KB)
...
006 (017.3220.000) 05/10 17:00:30 Image size of job updated: 4559092
	3841  -  MemoryUsage of job (MB)
	3932280  -  ResidentSetSize of job (KB)
...
006 (017.3220.000) 05/10 17:00:35 Image size of job updated: 4630772
	3902  -  MemoryUsage of job (MB)
	3995244  -  ResidentSetSize of job (KB)
...
006 (017.3220.000) 05/10 17:00:40 Image size of job updated: 4697332
	3966  -  MemoryUsage of job (MB)
	4060188  -  ResidentSetSize of job (KB)
...
006 (017.3220.000) 05/10 17:00:45 Image size of job updated: 4697332
	4028  -  MemoryUsage of job (MB)
	4124604  -  ResidentSetSize of job (KB)
...
006 (017.3220.000) 05/10 17:00:50 Image size of job updated: 4697332
	4091  -  MemoryUsage of job (MB)
	4189152  -  ResidentSetSize of job (KB)
...
006 (017.3220.000) 05/10 17:00:55 Image size of job updated: 4697332
	4147  -  MemoryUsage of job (MB)
	4246044  -  ResidentSetSize of job (KB)
...
006 (017.3220.000) 05/10 17:01:00 Image size of job updated: 4951284
	4200  -  MemoryUsage of job (MB)
	4300164  -  ResidentSetSize of job (KB)
...
006 (017.3220.000) 05/10 17:01:05 Image size of job updated: 4951284
	4257  -  MemoryUsage of job (MB)
	4358376  -  ResidentSetSize of job (KB)
...
006 (017.3220.000) 05/10 17:01:10 Image size of job updated: 4951284
	4302  -  MemoryUsage of job (MB)
	4405236  -  ResidentSetSize of job (KB)
...
006 (017.3220.000) 05/10 17:01:15 Image size of job updated: 5105908
	4344  -  MemoryUsage of job (MB)
	4447872  -  ResidentSetSize of job (KB)
...
006 (017.3220.000) 05/10 17:01:20 Image size of job updated: 5169396
	4406  -  MemoryUsage of job (MB)
	4510836  -  ResidentSetSize of job (KB)
...
006 (017.3220.000) 05/10 17:01:25 Image size of job updated: 5217524
	4467  -  MemoryUsage of job (MB)
	4573932  -  ResidentSetSize of job (KB)
...
006 (017.3220.000) 05/10 17:01:30 Image size of job updated: 5293300
	4529  -  MemoryUsage of job (MB)
	4637028  -  ResidentSetSize of job (KB)
...
006 (017.3220.000) 05/10 17:01:35 Image size of job updated: 5293300
	4590  -  MemoryUsage of job (MB)
	4699332  -  ResidentSetSize of job (KB)
...
006 (017.3220.000) 05/10 17:01:40 Image size of job updated: 5293300
	4652  -  MemoryUsage of job (MB)
	4762692  -  ResidentSetSize of job (KB)
...
006 (017.3220.000) 05/10 17:01:45 Image size of job updated: 5480692
	4712  -  MemoryUsage of job (MB)
	4824996  -  ResidentSetSize of job (KB)
...
006 (017.3220.000) 05/10 17:01:50 Image size of job updated: 5480692
	4772  -  MemoryUsage of job (MB)
	4886508  -  ResidentSetSize of job (KB)
...
006 (017.3220.000) 05/10 17:01:55 Image size of job updated: 5480692
	4834  -  MemoryUsage of job (MB)
	4949208  -  ResidentSetSize of job (KB)
...
006 (017.3220.000) 05/10 17:02:00 Image size of job updated: 5668084
	4896  -  MemoryUsage of job (MB)
	5012832  -  ResidentSetSize of job (KB)
...
006 (017.3220.000) 05/10 17:02:05 Image size of job updated: 5668084
	4959  -  MemoryUsage of job (MB)
	5077248  -  ResidentSetSize of job (KB)
...
006 (017.3220.000) 05/10 17:02:10 Image size of job updated: 5668084
	5020  -  MemoryUsage of job (MB)
	5140344  -  ResidentSetSize of job (KB)
...
006 (017.3220.000) 05/10 17:02:15 Image size of job updated: 5858548
	5081  -  MemoryUsage of job (MB)
	5202912  -  ResidentSetSize of job (KB)
...
006 (017.3220.000) 05/10 17:02:20 Image size of job updated: 5948660
	5142  -  MemoryUsage of job (MB)
	5265348  -  ResidentSetSize of job (KB)
...
006 (017.3220.000) 05/10 17:02:25 Image size of job updated: 5948660
	5205  -  MemoryUsage of job (MB)
	5328972  -  ResidentSetSize of job (KB)
...
006 (017.3220.000) 05/10 17:02:30 Image size of job updated: 6046964
	5266  -  MemoryUsage of job (MB)
	5391936  -  ResidentSetSize of job (KB)
...
006 (017.3220.000) 05/10 17:02:35 Image size of job updated: 6046964
	5331  -  MemoryUsage of job (MB)
	5458068  -  ResidentSetSize of job (KB)
...
006 (017.3220.000) 05/10 17:02:40 Image size of job updated: 6046964
	5393  -  MemoryUsage of job (MB)
	5521560  -  ResidentSetSize of job (KB)
...
006 (017.3220.000) 05/10 17:02:45 Image size of job updated: 6274292
	5454  -  MemoryUsage of job (MB)
	5584656  -  ResidentSetSize of job (KB)
...
006 (017.3220.000) 05/10 17:02:50 Image size of job updated: 6329588
	5516  -  MemoryUsage of job (MB)
	5647884  -  ResidentSetSize of job (KB)
...
006 (017.3220.000) 05/10 17:02:55 Image size of job updated: 6355188
	5579  -  MemoryUsage of job (MB)
	5712168  -  ResidentSetSize of job (KB)
...
006 (017.3220.000) 05/10 17:03:00 Image size of job updated: 6427892
	5641  -  MemoryUsage of job (MB)
	5776188  -  ResidentSetSize of job (KB)
...
006 (017.3220.000) 05/10 17:03:05 Image size of job updated: 6427892
	5703  -  MemoryUsage of job (MB)
	5839812  -  ResidentSetSize of job (KB)
...
006 (017.3220.000) 05/10 17:03:10 Image size of job updated: 6427892
	5766  -  MemoryUsage of job (MB)
	5904096  -  ResidentSetSize of job (KB)
...
006 (017.3220.000) 05/10 17:03:15 Image size of job updated: 6617332
	5830  -  MemoryUsage of job (MB)
	5968908  -  ResidentSetSize of job (KB)
...
006 (017.3220.000) 05/10 17:03:20 Image size of job updated: 6708468
	5893  -  MemoryUsage of job (MB)
	6033852  -  ResidentSetSize of job (KB)
...
006 (017.3220.000) 05/10 17:03:25 Image size of job updated: 6745332
	5961  -  MemoryUsage of job (MB)
	6103944  -  ResidentSetSize of job (KB)
...
006 (017.3220.000) 05/10 17:03:30 Image size of job updated: 6864116
	6030  -  MemoryUsage of job (MB)
	6174696  -  ResidentSetSize of job (KB)
...
006 (017.3220.000) 05/10 17:03:35 Image size of job updated: 6864116
	6099  -  MemoryUsage of job (MB)
	6245184  -  ResidentSetSize of job (KB)
...
006 (017.3220.000) 05/10 17:03:40 Image size of job updated: 6956276
	6166  -  MemoryUsage of job (MB)
	6313692  -  ResidentSetSize of job (KB)
...
006 (017.3220.000) 05/10 17:03:45 Image size of job updated: 7040244
	6231  -  MemoryUsage of job (MB)
	6380220  -  ResidentSetSize of job (KB)
...
006 (017.3220.000) 05/10 17:03:50 Image size of job updated: 7091444
	6295  -  MemoryUsage of job (MB)
	6445296  -  ResidentSetSize of job (KB)
...
006 (017.3220.000) 05/10 17:03:55 Image size of job updated: 7091444
	6357  -  MemoryUsage of job (MB)
	6508920  -  ResidentSetSize of job (KB)
...
006 (017.3220.000) 05/10 17:04:00 Image size of job updated: 7091444
	6419  -  MemoryUsage of job (MB)
	6572148  -  ResidentSetSize of job (KB)
...
006 (017.3220.000) 05/10 17:04:05 Image size of job updated: 7296244
	6482  -  MemoryUsage of job (MB)
	6636564  -  ResidentSetSize of job (KB)
...
006 (017.3220.000) 05/10 17:04:10 Image size of job updated: 7296244
	6541  -  MemoryUsage of job (MB)
	6697944  -  ResidentSetSize of job (KB)
...
006 (017.3220.000) 05/10 17:04:15 Image size of job updated: 7296244
	6603  -  MemoryUsage of job (MB)
	6760644  -  ResidentSetSize of job (KB)
...
006 (017.3220.000) 05/10 17:04:20 Image size of job updated: 7483636
	6663  -  MemoryUsage of job (MB)
	6822684  -  ResidentSetSize of job (KB)
...
006 (017.3220.000) 05/10 17:04:25 Image size of job updated: 7483636
	6723  -  MemoryUsage of job (MB)
	6884196  -  ResidentSetSize of job (KB)
...
006 (017.3220.000) 05/10 17:04:30 Image size of job updated: 7483636
	6785  -  MemoryUsage of job (MB)
	6947424  -  ResidentSetSize of job (KB)
...
006 (017.3220.000) 05/10 17:04:35 Image size of job updated: 7670004
	6847  -  MemoryUsage of job (MB)
	7010652  -  ResidentSetSize of job (KB)
...
006 (017.3220.000) 05/10 17:04:40 Image size of job updated: 7670004
	6908  -  MemoryUsage of job (MB)
	7073088  -  ResidentSetSize of job (KB)
...
006 (017.3220.000) 05/10 17:04:45 Image size of job updated: 7791860
	6968  -  MemoryUsage of job (MB)
	7135128  -  ResidentSetSize of job (KB)
...
006 (017.3220.000) 05/10 17:04:50 Image size of job updated: 7874804
	7029  -  MemoryUsage of job (MB)
	7197696  -  ResidentSetSize of job (KB)
...
006 (017.3220.000) 05/10 17:04:55 Image size of job updated: 7874804
	7091  -  MemoryUsage of job (MB)
	7260924  -  ResidentSetSize of job (KB)
...
006 (017.3220.000) 05/10 17:05:00 Image size of job updated: 7874804
	7155  -  MemoryUsage of job (MB)
	7325736  -  ResidentSetSize of job (KB)
...
006 (017.3220.000) 05/10 17:05:05 Image size of job updated: 8048884
	7217  -  MemoryUsage of job (MB)
	7389888  -  ResidentSetSize of job (KB)
...
006 (017.3220.000) 05/10 17:05:10 Image size of job updated: 8048884
	7279  -  MemoryUsage of job (MB)
	7452852  -  ResidentSetSize of job (KB)
...
006 (017.3220.000) 05/10 17:05:15 Image size of job updated: 8048884
	7343  -  MemoryUsage of job (MB)
	7518324  -  ResidentSetSize of job (KB)
...
006 (017.3220.000) 05/10 17:05:20 Image size of job updated: 8238324
	7404  -  MemoryUsage of job (MB)
	7581552  -  ResidentSetSize of job (KB)
...
006 (017.3220.000) 05/10 17:05:25 Image size of job updated: 8238324
	7466  -  MemoryUsage of job (MB)
	7645044  -  ResidentSetSize of job (KB)
...
006 (017.3220.000) 05/10 17:05:30 Image size of job updated: 8238324
	7528  -  MemoryUsage of job (MB)
	7708536  -  ResidentSetSize of job (KB)
...
006 (017.3220.000) 05/10 17:05:35 Image size of job updated: 8428788
	7583  -  MemoryUsage of job (MB)
	7764240  -  ResidentSetSize of job (KB)
...
006 (017.3220.000) 05/10 17:05:40 Image size of job updated: 8428788
	7765  -  MemoryUsage of job (MB)
	7951020  -  ResidentSetSize of job (KB)
...
006 (017.3220.000) 05/10 17:05:45 Image size of job updated: 8694004
	7842  -  MemoryUsage of job (MB)
	8029692  -  ResidentSetSize of job (KB)
...
005 (017.3220.000) 05/10 17:05:48 Job terminated.
	(1) Normal termination (return value 0)
		Usr 0 00:25:58, Sys 0 00:00:08  -  Run Remote Usage
		Usr 0 00:00:00, Sys 0 00:00:00  -  Run Local Usage
		Usr 0 00:25:58, Sys 0 00:00:08  -  Total Remote Usage
		Usr 0 00:00:00, Sys 0 00:00:00  -  Total Local Usage
	0  -  Run Bytes Sent By Job
	0  -  Run Bytes Received By Job
	0  -  Total Bytes Sent By Job
	0  -  Total Bytes Received By Job
	Partitionable Resources :      Usage  Request Allocated 
	   Cpus                 :       0.90        1         1 
	   Disk (KB)            : 2000000     2000000   6275465 
	   Memory (MB)          :    7842        1954      2007 
...
