000 (205.3727.000) 05/06 03:19:15 Job submitted from host: <127.0.0.1:9618?addrs=127.0.0.1-9618&noUDP&sock=222_da1d_4>
...
033 (205.3727.000) 05/06 14:22:40 Changing job attribute JobPrio from 0 to -5
...
000 (007.3727.000) 05/07 19:00:02 Job submitted from host: <127.0.0.1:9618?addrs=127.0.0.1-9618&noUDP&sock=215_0cf3_4>
...
000 (016.3727.000) 05/08 15:57:10 Job submitted from host: <127.0.0.1:9618?addrs=127.0.0.1-9618&noUDP&sock=227_4816_4>
...
009 (016.3727.000) 05/09 16:54:35 Job was aborted by the user.
	via condor_rm (by user aw868)
...
000 (017.394.000) 05/09 17:25:55 Job submitted from host: <127.0.0.1:9618?addrs=127.0.0.1-9618&noUDP&sock=227_4816_4>
...
001 (017.394.000) 05/09 20:14:04 Job executing on host: <127.0.0.1:9618?addrs=127.0.0.1-9618&noUDP&sock=227_4816_5>
...
006 (017.394.000) 05/09 20:14:10 Image size of job updated: 2000000
	115  -  MemoryUsage of job (MB)
	116820  -  ResidentSetSize of job (KB)
...
006 (017.394.000) 05/09 20:14:40 Image size of job updated: 2000000
	178  -  MemoryUsage of job (MB)
	181632  -  ResidentSetSize of job (KB)
...
006 (017.394.000) 05/09 20:14:47 Image size of job updated: 2000000
	211  -  MemoryUsage of job (MB)
	215292  -  ResidentSetSize of job (KB)
...
006 (017.394.000) 05/09 20:14:52 Image size of job updated: 2000000
	211  -  MemoryUsage of job (MB)
	215688  -  ResidentSetSize of job (KB)
...
006 (017.394.000) 05/09 20:14:57 Image size of job updated: 2000000
	217  -  MemoryUsage of job (MB)
	222024  -  ResidentSetSize of job (KB)
...
006 (017.394.000) 05/09 20:15:02 Image size of job updated: 2000000
	227  -  MemoryUsage of job (MB)
	232056  -  ResidentSetSize of job (KB)
...
006 (017.394.000) 05/09 20:15:07 Image size of job updated: 2000000
	237  -  MemoryUsage of job (MB)
	241956  -  ResidentSetSize of job (KB)
...
006 (017.394.000) 05/09 20:15:12 Image size of job updated: 2000000
	246  -  MemoryUsage of job (MB)
	251724  -  ResidentSetSize of job (KB)
...
006 (017.394.000) 05/09 20:15:22 Image size of job updated: 2000000
	254  -  MemoryUsage of job (MB)
	259116  -  ResidentSetSize of job (KB)
...
006 (017.394.000) 05/09 20:15:27 Image size of job updated: 2000000
	263  -  MemoryUsage of job (MB)
	268488  -  ResidentSetSize of job (KB)
...
006 (017.394.000) 05/09 20:15:32 Image size of job updated: 2000000
	269  -  MemoryUsage of job (MB)
	275088  -  ResidentSetSize of job (KB)
...
006 (017.394.000) 05/09 20:15:37 Image size of job updated: 2000000
	281  -  MemoryUsage of job (MB)
	286836  -  ResidentSetSize of job (KB)
...
006 (017.394.000) 05/09 20:15:42 Image size of job updated: 2000000
	321  -  MemoryUsage of job (MB)
	327888  -  ResidentSetSize of job (KB)
...
006 (017.394.000) 05/09 20:15:47 Image size of job updated: 2000000
	369  -  MemoryUsage of job (MB)
	377652  -  ResidentSetSize of job (KB)
...
006 (017.394.000) 05/09 20:15:52 Image size of job updated: 2000000
	378  -  MemoryUsage of job (MB)
	386100  -  ResidentSetSize of job (KB)
...
006 (017.394.000) 05/09 20:15:57 Image size of job updated: 2000000
	428  -  MemoryUsage of job (MB)
	437316  -  ResidentSetSize of job (KB)
...
006 (017.394.000) 05/09 20:16:02 Image size of job updated: 2000000
	458  -  MemoryUsage of job (MB)
	468864  -  ResidentSetSize of job (KB)
...
006 (017.394.000) 05/09 20:16:14 Image size of job updated: 2000000
	547  -  MemoryUsage of job (MB)
	559152  -  ResidentSetSize of job (KB)
...
006 (017.394.000) 05/09 20:16:21 Image size of job updated: 2000000
	1245  -  MemoryUsage of job (MB)
	1274196  -  ResidentSetSize of job (KB)
...
006 (017.394.000) 05/09 20:33:44 Image size of job updated: 2042192
	1485  -  MemoryUsage of job (MB)
	1520244  -  ResidentSetSize of job (KB)
...
006 (017.394.000) 05/09 20:33:50 Image size of job updated: 2042192
	1721  -  MemoryUsage of job (MB)
	1762200  -  ResidentSetSize of job (KB)
...
006 (017.394.000) 05/09 20:33:56 Image size of job updated: 2070948
	2007  -  MemoryUsage of job (MB)
	2054844  -  ResidentSetSize of job (KB)
...
006 (017.394.000) 05/09 20:34:02 Image size of job updated: 2665712
	2036  -  MemoryUsage of job (MB)
	2084676  -  ResidentSetSize of job (KB)
...
006 (017.394.000) 05/09 20:34:08 Image size of job updated: 2665712
	2119  -  MemoryUsage of job (MB)
	2168892  -  ResidentSetSize of job (KB)
...
006 (017.394.000) 05/09 20:34:14 Image size of job updated: 2665712
	2216  -  MemoryUsage of job (MB)
	2268948  -  ResidentSetSize of job (KB)
...
006 (017.394.000) 05/09 20:34:20 Image size of job updated: 2935024
	2299  -  MemoryUsage of job (MB)
	2354088  -  ResidentSetSize of job (KB)
...
006 (017.394.000) 05/09 20:34:26 Image size of job updated: 2935024
	2378  -  MemoryUsage of job (MB)
	2435004  -  ResidentSetSize of job (KB)
...
006 (017.394.000) 05/09 20:34:32 Image size of job updated: 3151088
	2442  -  MemoryUsage of job (MB)
	2499684  -  ResidentSetSize of job (KB)
...
006 (017.394.000) 05/09 20:34:38 Image size of job updated: 3151088
	2489  -  MemoryUsage of job (MB)
	2547732  -  ResidentSetSize of job (KB)
...
006 (017.394.000) 05/09 20:34:44 Image size of job updated: 3283184
	2538  -  MemoryUsage of job (MB)
	2598156  -  ResidentSetSize of job (KB)
...
006 (017.394.000) 05/09 20:34:50 Image size of job updated: 3383536
	2622  -  MemoryUsage of job (MB)
	2684616  -  ResidentSetSize of job (KB)
...
006 (017.394.000) 05/09 20:34:56 Image size of job updated: 3453168
	2706  -  MemoryUsage of job (MB)
	2770284  -  ResidentSetSize of job (KB)
...
006 (017.394.000) 05/09 20:35:02 Image size of job updated: 3564784
	2789  -  MemoryUsage of job (MB)
	2855424  -  ResidentSetSize of job (KB)
...
006 (017.394.000) 05/09 20:35:08 Image size of job updated: 3564784
	2873  -  MemoryUsage of job (MB)
	2941884  -  ResidentSetSize of job (KB)
...
006 (017.394.000) 05/09 20:35:14 Image size of job updated: 3721456
	2959  -  MemoryUsage of job (MB)
	3029796  -  ResidentSetSize of job (KB)
...
006 (017.394.000) 05/09 20:35:20 Image size of job updated: 3820784
	3043  -  MemoryUsage of job (MB)
	3115200  -  ResidentSetSize of job (KB)
...
006 (017.394.000) 05/09 20:35:26 Image size of job updated: 3890416
	3127  -  MemoryUsage of job (MB)
	3201132  -  ResidentSetSize of job (KB)
...
006 (017.394.000) 05/09 20:35:32 Image size of job updated: 3967216
	3212  -  MemoryUsage of job (MB)
	3288384  -  ResidentSetSize of job (KB)
...
006 (017.394.000) 05/09 20:35:38 Image size of job updated: 4042992
	3295  -  MemoryUsage of job (MB)
	3373260  -  ResidentSetSize of job (KB)
...
006 (017.394.000) 05/09 20:35:44 Image size of job updated: 4108528
	3379  -  MemoryUsage of job (MB)
	3459852  -  ResidentSetSize of job (KB)
...
006 (017.394.000) 05/09 20:35:50 Image size of job updated: 4252912
	3464  -  MemoryUsage of job (MB)
	3547104  -  ResidentSetSize of job (KB)
...
006 (017.394.000) 05/09 20:35:56 Image size of job updated: 4252912
	3550  -  MemoryUsage of job (MB)
	3635148  -  ResidentSetSize of job (KB)
...
006 (017.394.000) 05/09 20:36:02 Image size of job updated: 4252912
	3635  -  MemoryUsage of job (MB)
	3721740  -  ResidentSetSize of job (KB)
...
006 (017.394.000) 05/09 20:36:08 Image size of job updated: 4484336
	3720  -  MemoryUsage of job (MB)
	3809124  -  ResidentSetSize of job (KB)
...
006 (017.394.000) 05/09 20:36:14 Image size of job updated: 4484336
	3805  -  MemoryUsage of job (MB)
	3896244  -  ResidentSetSize of job (KB)
...
006 (017.394.000) 05/09 20:36:20 Image size of job updated: 4695280
	3891  -  MemoryUsage of job (MB)
	3984156  -  ResidentSetSize of job (KB)
...
006 (017.394.000) 05/09 20:36:26 Image size of job updated: 4695280
	3978  -  MemoryUsage of job (MB)
	4073256  -  ResidentSetSize of job (KB)
...
006 (017.394.000) 05/09 20:36:32 Image size of job updated: 4695280
	4064  -  MemoryUsage of job (MB)
	4160904  -  ResidentSetSize of job (KB)
...
006 (017.394.000) 05/09 20:36:38 Image size of job updated: 4916464
	4151  -  MemoryUsage of job (MB)
	4250004  -  ResidentSetSize of job (KB)
...
006 (017.394.000) 05/09 20:36:44 Image size of job updated: 4916464
	4237  -  MemoryUsage of job (MB)
	4338312  -  ResidentSetSize of job (KB)
...
006 (017.394.000) 05/09 20:36:50 Image size of job updated: 4916464
	4324  -  MemoryUsage of job (MB)
	4427148  -  ResidentSetSize of job (KB)
...
006 (017.394.000) 05/09 20:36:56 Image size of job updated: 5232880
	4408  -  MemoryUsage of job (MB)
	4513344  -  ResidentSetSize of job (KB)
...
006 (017.394.000) 05/09 20:37:02 Image size of job updated: 5306608
	4492  -  MemoryUsage of job (MB)
	4599672  -  ResidentSetSize of job (KB)
...
006 (017.394.000) 05/09 20:37:08 Image size of job updated: 5393648
	4576  -  MemoryUsage of job (MB)
	4685340  -  ResidentSetSize of job (KB)
...
006 (017.394.000) 05/09 20:37:14 Image size of job updated: 5450992
	4659  -  MemoryUsage of job (MB)
	4770480  -  ResidentSetSize of job (KB)
...
006 (017.394.000) 05/09 20:37:20 Image size of job updated: 5450992
	4741  -  MemoryUsage of job (MB)
	4854036  -  ResidentSetSize of job (KB)
...
006 (017.394.000) 05/09 20:37:26 Image size of job updated: 5625072
	4822  -  MemoryUsage of job (MB)
	4937724  -  ResidentSetSize of job (KB)
...
006 (017.394.000) 05/09 20:37:32 Image size of job updated: 5662960
	4906  -  MemoryUsage of job (MB)
	5022732  -  ResidentSetSize of job (KB)
...
006 (017.394.000) 05/09 20:37:38 Image size of job updated: 5796080
	4990  -  MemoryUsage of job (MB)
	5109060  -  ResidentSetSize of job (KB)
...
006 (017.394.000) 05/09 20:37:44 Image size of job updated: 5796080
	5072  -  MemoryUsage of job (MB)
	5193276  -  ResidentSetSize of job (KB)
...
006 (017.394.000) 05/09 20:37:50 Image size of job updated: 5796080
	5155  -  MemoryUsage of job (MB)
	5278548  -  ResidentSetSize of job (KB)
...
006 (017.394.000) 05/09 20:37:56 Image size of job updated: 6009072
	5240  -  MemoryUsage of job (MB)
	5365008  -  ResidentSetSize of job (KB)
...
006 (017.394.000) 05/09 20:38:02 Image size of job updated: 6009072
	5323  -  MemoryUsage of job (MB)
	5450016  -  ResidentSetSize of job (KB)
...
006 (017.394.000) 05/09 20:38:08 Image size of job updated: 6213872
	5392  -  MemoryUsage of job (MB)
	5520636  -  ResidentSetSize of job (KB)
...
006 (017.394.000) 05/09 20:38:13 Image size of job updated: 6213872
	5461  -  MemoryUsage of job (MB)
	5591388  -  ResidentSetSize of job (KB)
...
006 (017.394.000) 05/09 20:38:18 Image size of job updated: 6213872
	5529  -  MemoryUsage of job (MB)
	5660688  -  ResidentSetSize of job (KB)
...
006 (017.394.000) 05/09 20:38:23 Image size of job updated: 6430960
	5598  -  MemoryUsage of job (MB)
	5731704  -  ResidentSetSize of job (KB)
...
006 (017.394.000) 05/09 20:38:28 Image size of job updated: 6430960
	5666  -  MemoryUsage of job (MB)
	5801532  -  ResidentSetSize of job (KB)
...
006 (017.394.000) 05/09 20:38:33 Image size of job updated: 6430960
	5735  -  MemoryUsage of job (MB)
	5872152  -  ResidentSetSize of job (KB)
...
006 (017.394.000) 05/09 20:38:38 Image size of job updated: 6629616
	5805  -  MemoryUsage of job (MB)
	5943696  -  ResidentSetSize of job (KB)
...
006 (017.394.000) 05/09 20:38:43 Image size of job updated: 6629616
	5874  -  MemoryUsage of job (MB)
	6014976  -  ResidentSetSize of job (KB)
...
006 (017.394.000) 05/09 20:38:48 Image size of job updated: 6629616
	5944  -  MemoryUsage of job (MB)
	6085992  -  ResidentSetSize of job (KB)
...
006 (017.394.000) 05/09 20:38:53 Image size of job updated: 6844656
	6014  -  MemoryUsage of job (MB)
	6157404  -  ResidentSetSize of job (KB)
...
006 (017.394.000) 05/09 20:38:58 Image size of job updated: 6844656
	6088  -  MemoryUsage of job (MB)
	6233304  -  ResidentSetSize of job (KB)
...
006 (017.394.000) 05/09 20:39:03 Image size of job updated: 6844656
	6167  -  MemoryUsage of job (MB)
	6314880  -  ResidentSetSize of job (KB)
...
006 (017.394.000) 05/09 20:39:08 Image size of job updated: 7104752
	6237  -  MemoryUsage of job (MB)
	6386424  -  ResidentSetSize of job (KB)
...
006 (017.394.000) 05/09 20:39:13 Image size of job updated: 7104752
	6303  -  MemoryUsage of job (MB)
	6454008  -  ResidentSetSize of job (KB)
...
006 (017.394.000) 05/09 20:39:23 Image size of job updated: 7104752
	6329  -  MemoryUsage of job (MB)
	6480408  -  ResidentSetSize of job (KB)
...
006 (017.394.000) 05/09 20:39:28 Image size of job updated: 7341296
	6347  -  MemoryUsage of job (MB)
	6498360  -  ResidentSetSize of job (KB)
...
006 (017.394.000) 05/09 20:39:33 Image size of job updated: 7341296
	6360  -  MemoryUsage of job (MB)
	6512616  -  ResidentSetSize of job (KB)
...
006 (017.394.000) 05/09 20:39:38 Image size of job updated: 7445744
	6410  -  MemoryUsage of job (MB)
	6563568  -  ResidentSetSize of job (KB)
...
006 (017.394.000) 05/09 20:39:44 Image size of job updated: 7555312
	6492  -  MemoryUsage of job (MB)
	6646860  -  ResidentSetSize of job (KB)
...
006 (017.394.000) 05/09 20:39:50 Image size of job updated: 7555312
	6573  -  MemoryUsage of job (MB)
	6729756  -  ResidentSetSize of job (KB)
...
006 (017.394.000) 05/09 20:39:56 Image size of job updated: 7745776
	6652  -  MemoryUsage of job (MB)
	6810936  -  ResidentSetSize of job (KB)
...
006 (017.394.000) 05/09 20:40:02 Image size of job updated: 7760112
	6734  -  MemoryUsage of job (MB)
	6895284  -  ResidentSetSize of job (KB)
...
006 (017.394.000) 05/09 20:40:08 Image size of job updated: 7760112
	6818  -  MemoryUsage of job (MB)
	6981348  -  ResidentSetSize of job (KB)
...
006 (017.394.000) 05/09 20:40:14 Image size of job updated: 7969008
	6900  -  MemoryUsage of job (MB)
	7065432  -  ResidentSetSize of job (KB)
...
006 (017.394.000) 05/09 20:40:20 Image size of job updated: 8064240
	6986  -  MemoryUsage of job (MB)
	7153608  -  ResidentSetSize of job (KB)
...
006 (017.394.000) 05/09 20:40:26 Image size of job updated: 8103152
	7066  -  MemoryUsage of job (MB)
	7235580  -  ResidentSetSize of job (KB)
...
006 (017.394.000) 05/09 20:40:32 Image size of job updated: 8180976
	7144  -  MemoryUsage of job (MB)
	7315176  -  ResidentSetSize of job (KB)
...
006 (017.394.000) 05/09 20:40:38 Image size of job updated: 8180976
	7223  -  MemoryUsage of job (MB)
	7395696  -  ResidentSetSize of job (KB)
...
006 (017.394.000) 05/09 20:40:45 Image size of job updated: 8380656
	7303  -  MemoryUsage of job (MB)
	7477800  -  ResidentSetSize of job (KB)
...
006 (017.394.000) 05/09 20:40:50 Image size of job updated: 8380656
	7371  -  MemoryUsage of job (MB)
	7547232  -  ResidentSetSize of job (KB)
...
006 (017.394.000) 05/09 20:40:55 Image size of job updated: 8380656
	7437  -  MemoryUsage of job (MB)
	7614684  -  ResidentSetSize of job (KB)
...
006 (017.394.000) 05/09 20:41:00 Image size of job updated: 8584432
	7503  -  MemoryUsage of job (MB)
	7682532  -  ResidentSetSize of job (KB)
...
006 (017.394.000) 05/09 20:41:05 Image size of job updated: 8584432
	7571  -  MemoryUsage of job (MB)
	7751700  -  ResidentSetSize of job (KB)
...
006 (017.394.000) 05/09 20:41:10 Image size of job updated: 8584432
	7638  -  MemoryUsage of job (MB)
	7821264  -  ResidentSetSize of job (KB)
...
006 (017.394.000) 05/09 20:41:15 Image size of job updated: 8790256
	7707  -  MemoryUsage of job (MB)
	7891488  -  ResidentSetSize of job (KB)
...
006 (017.394.000) 05/09 20:41:20 Image size of job updated: 8790256
	7776  -  MemoryUsage of job (MB)
	7961844  -  ResidentSetSize of job (KB)
...
006 (017.394.000) 05/09 20:41:25 Image size of job updated: 8790256
	7805  -  MemoryUsage of job (MB)
	7991544  -  ResidentSetSize of job (KB)
...
006 (017.394.000) 05/09 20:41:30 Image size of job updated: 8997104
	7805  -  MemoryUsage of job (MB)
	7991544  -  ResidentSetSize of job (KB)
...
005 (017.394.000) 05/09 20:41:35 Job terminated.
	(0) Abnormal termination (signal 9)
	(0) No core file
		Usr 0 00:26:29, Sys 0 00:00:12  -  Run Remote Usage
		Usr 0 00:00:00, Sys 0 00:00:00  -  Run Local Usage
		Usr 0 00:26:29, Sys 0 00:00:12  -  Total Remote Usage
		Usr 0 00:00:00, Sys 0 00:00:00  -  Total Local Usage
	0  -  Run Bytes Sent By Job
	0  -  Run Bytes Received By Job
	0  -  Total Bytes Sent By Job
	0  -  Total Bytes Received By Job
	Partitionable Resources :      Usage  Request Allocated 
	   Cpus                 :       0.99        1         1 
	   Disk (KB)            : 2000000     2000000   6275465 
	   Memory (MB)          :    7805        1954      2007 
...
000 (019.411.000) 05/12 04:13:28 Job submitted from host: <127.0.0.1:9618?addrs=127.0.0.1-9618&noUDP&sock=227_4816_4>
...
001 (019.411.000) 05/12 07:15:05 Job executing on host: <127.0.0.1:9618?addrs=127.0.0.1-9618&noUDP&sock=227_4816_5>
...
006 (019.411.000) 05/12 07:15:10 Image size of job updated: 2000000
	37  -  MemoryUsage of job (MB)
	37620  -  ResidentSetSize of job (KB)
...
006 (019.411.000) 05/12 07:15:40 Image size of job updated: 2000000
	97  -  MemoryUsage of job (MB)
	99000  -  ResidentSetSize of job (KB)
...
006 (019.411.000) 05/12 07:15:45 Image size of job updated: 2000000
	114  -  MemoryUsage of job (MB)
	116028  -  ResidentSetSize of job (KB)
...
006 (019.411.000) 05/12 07:16:39 Image size of job updated: 2000000
	135  -  MemoryUsage of job (MB)
	137544  -  ResidentSetSize of job (KB)
...
006 (019.411.000) 05/12 07:16:47 Image size of job updated: 2000000
	206  -  MemoryUsage of job (MB)
	210276  -  ResidentSetSize of job (KB)
...
006 (019.411.000) 05/12 07:16:52 Image size of job updated: 2000000
	211  -  MemoryUsage of job (MB)
	215952  -  ResidentSetSize of job (KB)
...
006 (019.411.000) 05/12 07:16:57 Image size of job updated: 2000000
	212  -  MemoryUsage of job (MB)
	216348  -  ResidentSetSize of job (KB)
...
006 (019.411.000) 05/12 07:17:02 Image size of job updated: 2000000
	220  -  MemoryUsage of job (MB)
	224928  -  ResidentSetSize of job (KB)
...
006 (019.411.000) 05/12 07:17:07 Image size of job updated: 2000000
	231  -  MemoryUsage of job (MB)
	236412  -  ResidentSetSize of job (KB)
...
006 (019.411.000) 05/12 07:17:12 Image size of job updated: 2000000
	243  -  MemoryUsage of job (MB)
	248160  -  ResidentSetSize of job (KB)
...
006 (019.411.000) 05/12 07:17:17 Image size of job updated: 2000000
	252  -  MemoryUsage of job (MB)
	257928  -  ResidentSetSize of job (KB)
...
006 (019.411.000) 05/12 07:17:22 Image size of job updated: 2000000
	263  -  MemoryUsage of job (MB)
	268884  -  ResidentSetSize of job (KB)
...
006 (019.411.000) 05/12 07:17:27 Image size of job updated: 2000000
	272  -  MemoryUsage of job (MB)
	277596  -  ResidentSetSize of job (KB)
...
006 (019.411.000) 05/12 07:17:32 Image size of job updated: 2000000
	283  -  MemoryUsage of job (MB)
	289212  -  ResidentSetSize of job (KB)
...
006 (019.411.000) 05/12 07:17:37 Image size of job updated: 2000000
	299  -  MemoryUsage of job (MB)
	306108  -  ResidentSetSize of job (KB)
...
006 (019.411.000) 05/12 07:17:42 Image size of job updated: 2000000
	335  -  MemoryUsage of job (MB)
	342672  -  ResidentSetSize of job (KB)
...
006 (019.411.000) 05/12 07:17:47 Image size of job updated: 2000000
	380  -  MemoryUsage of job (MB)
	388212  -  ResidentSetSize of job (KB)
...
006 (019.411.000) 05/12 07:17:52 Image size of job updated: 2000000
	380  -  MemoryUsage of job (MB)
	388608  -  ResidentSetSize of job (KB)
...
006 (019.411.000) 05/12 07:17:57 Image size of job updated: 2000000
	448  -  MemoryUsage of job (MB)
	458040  -  ResidentSetSize of job (KB)
...
006 (019.411.000) 05/12 07:18:02 Image size of job updated: 2000000
	460  -  MemoryUsage of job (MB)
	470448  -  ResidentSetSize of job (KB)
...
006 (019.411.000) 05/12 07:18:07 Image size of job updated: 2000000
	514  -  MemoryUsage of job (MB)
	525492  -  ResidentSetSize of job (KB)
...
006 (019.411.000) 05/12 07:18:12 Image size of job updated: 2000000
	829  -  MemoryUsage of job (MB)
	848760  -  ResidentSetSize of job (KB)
...
006 (019.411.000) 05/12 07:18:17 Image size of job updated: 2000000
	1244  -  MemoryUsage of job (MB)
	1273272  -  ResidentSetSize of job (KB)
...
006 (019.411.000) 05/12 07:35:40 Image size of job updated: 2884852
	2309  -  MemoryUsage of job (MB)
	2363988  -  ResidentSetSize of job (KB)
...
006 (019.411.000) 05/12 07:36:44 Image size of job updated: 3710196
	2982  -  MemoryUsage of job (MB)
	3052632  -  ResidentSetSize of job (KB)
...
006 (019.411.000) 05/12 07:37:23 Image size of job updated: 4237556
	3521  -  MemoryUsage of job (MB)
	3604656  -  ResidentSetSize of job (KB)
...
006 (019.411.000) 05/12 07:37:48 Image size of job updated: 4441332
	3654  -  MemoryUsage of job (MB)
	3740748  -  ResidentSetSize of job (KB)
...
006 (019.411.000) 05/12 07:38:08 Image size of job updated: 4742388
	3888  -  MemoryUsage of job (MB)
	3981252  -  ResidentSetSize of job (KB)
...
006 (019.411.000) 05/12 07:38:21 Image size of job updated: 4809972
	4078  -  MemoryUsage of job (MB)
	4175688  -  ResidentSetSize of job (KB)
...
006 (019.411.000) 05/12 07:38:29 Image size of job updated: 4963572
	4176  -  MemoryUsage of job (MB)
	4276008  -  ResidentSetSize of job (KB)
...
006 (019.411.000) 05/12 07:38:39 Image size of job updated: 4963572
	4184  -  MemoryUsage of job (MB)
	4283532  -  ResidentSetSize of job (KB)
...
006 (019.411.000) 05/12 07:38:52 Image size of job updated: 5092596
	4334  -  MemoryUsage of job (MB)
	4437708  -  ResidentSetSize of job (KB)
...
006 (019.411.000) 05/12 07:39:02 Image size of job updated: 5292276
	4448  -  MemoryUsage of job (MB)
	4553868  -  ResidentSetSize of job (KB)
...
006 (019.411.000) 05/12 07:39:14 Image size of job updated: 5440756
	4526  -  MemoryUsage of job (MB)
	4633728  -  ResidentSetSize of job (KB)
...
006 (019.411.000) 05/12 07:39:22 Image size of job updated: 5539060
	4648  -  MemoryUsage of job (MB)
	4759392  -  ResidentSetSize of job (KB)
...
006 (019.411.000) 05/12 07:39:32 Image size of job updated: 5539060
	4725  -  MemoryUsage of job (MB)
	4837932  -  ResidentSetSize of job (KB)
...
006 (019.411.000) 05/12 07:39:47 Image size of job updated: 5770484
	4922  -  MemoryUsage of job (MB)
	5039364  -  ResidentSetSize of job (KB)
...
006 (019.411.000) 05/12 07:40:17 Image size of job updated: 5937396
	4970  -  MemoryUsage of job (MB)
	5088732  -  ResidentSetSize of job (KB)
...
006 (019.411.000) 05/12 07:41:17 Image size of job updated: 6507764
	5610  -  MemoryUsage of job (MB)
	5744508  -  ResidentSetSize of job (KB)
...
006 (019.411.000) 05/12 07:42:04 Image size of job updated: 6931700
	5880  -  MemoryUsage of job (MB)
	6020388  -  ResidentSetSize of job (KB)
...
006 (019.411.000) 05/12 07:42:33 Image size of job updated: 7229684
	6148  -  MemoryUsage of job (MB)
	6295476  -  ResidentSetSize of job (KB)
...
006 (019.411.000) 05/12 07:42:50 Image size of job updated: 7348468
	6251  -  MemoryUsage of job (MB)
	6400944  -  ResidentSetSize of job (KB)
...
006 (019.411.000) 05/12 07:43:00 Image size of job updated: 7437556
	6385  -  MemoryUsage of job (MB)
	6538092  -  ResidentSetSize of job (KB)
...
006 (019.411.000) 05/12 07:43:06 Image size of job updated: 7437556
	6410  -  MemoryUsage of job (MB)
	6563304  -  ResidentSetSize of job (KB)
...
006 (019.411.000) 05/12 07:43:22 Image size of job updated: 7656692
	6580  -  MemoryUsage of job (MB)
	6737280  -  ResidentSetSize of job (KB)
...
006 (019.411.000) 05/12 07:43:33 Image size of job updated: 7811316
	6635  -  MemoryUsage of job (MB)
	6793644  -  ResidentSetSize of job (KB)
...
006 (019.411.000) 05/12 07:43:42 Image size of job updated: 7811316
	6635  -  MemoryUsage of job (MB)
	6794172  -  ResidentSetSize of job (KB)
...
005 (019.411.000) 05/12 07:43:42 Job terminated.
	(0) Abnormal termination (signal 9)
	(0) No core file
		Usr 0 00:23:07, Sys 0 00:01:36  -  Run Remote Usage
		Usr 0 00:00:00, Sys 0 00:00:00  -  Run Local Usage
		Usr 0 00:23:07, Sys 0 00:01:36  -  Total Remote Usage
		Usr 0 00:00:00, Sys 0 00:00:00  -  Total Local Usage
	0  -  Run Bytes Sent By Job
	0  -  Run Bytes Received By Job
	0  -  Total Bytes Sent By Job
	0  -  Total Bytes Received By Job
	Partitionable Resources :      Usage  Request Allocated 
	   Cpus                 :       0.89        1         1 
	   Disk (KB)            : 2000000     2000000   6275465 
	   Memory (MB)          :    6635        1954      2007 
...
