000 (180.001.000) 05/05 19:37:37 Job submitted from host: <127.0.0.1:9618?addrs=127.0.0.1-9618&noUDP&sock=222_da1d_4>
...
001 (180.001.000) 05/05 19:37:50 Job executing on host: <127.0.0.1:9618?addrs=127.0.0.1-9618&noUDP&sock=222_da1d_5>
...
006 (180.001.000) 05/05 19:37:55 Image size of job updated: 2000000
	101  -  MemoryUsage of job (MB)
	102696  -  ResidentSetSize of job (KB)
...
006 (180.001.000) 05/05 19:43:27 Image size of job updated: 2000000
	184  -  MemoryUsage of job (MB)
	187704  -  ResidentSetSize of job (KB)
...
006 (180.001.000) 05/05 19:43:33 Image size of job updated: 2000000
	184  -  MemoryUsage of job (MB)
	187968  -  ResidentSetSize of job (KB)
...
006 (180.001.000) 05/05 19:43:39 Image size of job updated: 2000000
	190  -  MemoryUsage of job (MB)
	193776  -  ResidentSetSize of job (KB)
...
006 (180.001.000) 05/05 19:43:45 Image size of job updated: 2000000
	200  -  MemoryUsage of job (MB)
	203940  -  ResidentSetSize of job (KB)
...
006 (180.001.000) 05/05 19:43:51 Image size of job updated: 2000000
	210  -  MemoryUsage of job (MB)
	214104  -  ResidentSetSize of job (KB)
...
006 (180.001.000) 05/05 19:43:57 Image size of job updated: 2000000
	219  -  MemoryUsage of job (MB)
	223872  -  ResidentSetSize of job (KB)
...
006 (180.001.000) 05/05 19:44:03 Image size of job updated: 2000000
	230  -  MemoryUsage of job (MB)
	234696  -  ResidentSetSize of job (KB)
...
006 (180.001.000) 05/05 19:44:09 Image size of job updated: 2000000
	238  -  MemoryUsage of job (MB)
	243012  -  ResidentSetSize of job (KB)
...
006 (180.001.000) 05/05 19:44:15 Image size of job updated: 2000000
	241  -  MemoryUsage of job (MB)
	246708  -  ResidentSetSize of job (KB)
...
006 (180.001.000) 05/05 19:44:21 Image size of job updated: 2000000
	305  -  MemoryUsage of job (MB)
	311784  -  ResidentSetSize of job (KB)
...
006 (180.001.000) 05/05 19:44:27 Image size of job updated: 2000000
	328  -  MemoryUsage of job (MB)
	335544  -  ResidentSetSize of job (KB)
...
006 (180.001.000) 05/05 19:44:54 Image size of job updated: 2000000
	335  -  MemoryUsage of job (MB)
	342540  -  ResidentSetSize of job (KB)
...
006 (180.001.000) 05/05 19:44:59 Image size of job updated: 2000000
	420  -  MemoryUsage of job (MB)
	430056  -  ResidentSetSize of job (KB)
...
006 (180.001.000) 05/05 19:45:05 Image size of job updated: 2000000
	1168  -  MemoryUsage of job (MB)
	1195656  -  ResidentSetSize of job (KB)
...
006 (180.001.000) 05/05 19:59:29 Image size of job updated: 2000000
	1170  -  MemoryUsage of job (MB)
	1197636  -  ResidentSetSize of job (KB)
...
006 (180.001.000) 05/05 19:59:35 Image size of job updated: 2000000
	1242  -  MemoryUsage of job (MB)
	1271160  -  ResidentSetSize of job (KB)
...
006 (180.001.000) 05/05 19:59:41 Image size of job updated: 2000000
	1607  -  MemoryUsage of job (MB)
	1644984  -  ResidentSetSize of job (KB)
...
006 (180.001.000) 05/05 19:59:47 Image size of job updated: 2262472
	1686  -  MemoryUsage of job (MB)
	1725768  -  ResidentSetSize of job (KB)
...
006 (180.001.000) 05/05 19:59:53 Image size of job updated: 2262472
	1884  -  MemoryUsage of job (MB)
	1929180  -  ResidentSetSize of job (KB)
...
006 (180.001.000) 05/05 19:59:59 Image size of job updated: 2561000
	1884  -  MemoryUsage of job (MB)
	1929180  -  ResidentSetSize of job (KB)
...
006 (180.001.000) 05/05 20:09:16 Image size of job updated: 2745320
	1884  -  MemoryUsage of job (MB)
	1929180  -  ResidentSetSize of job (KB)
...
005 (180.001.000) 05/05 20:09:17 Job terminated.
	(1) Normal termination (return value 0)
		Usr 0 00:22:56, Sys 0 00:00:54  -  Run Remote Usage
		Usr 0 00:00:00, Sys 0 00:00:00  -  Run Local Usage
		Usr 0 00:22:56, Sys 0 00:00:54  -  Total Remote Usage
		Usr 0 00:00:00, Sys 0 00:00:00  -  Total Local Usage
	0  -  Run Bytes Sent By Job
	0  -  Run Bytes Received By Job
	0  -  Total Bytes Sent By Job
	0  -  Total Bytes Received By Job
	Partitionable Resources :      Usage  Request Allocated 
	   Cpus                 :       0.98        1         1 
	   Disk (KB)            : 2000000     2000000   6540465 
	   Memory (MB)          :    1884        1954      2007 
...
