000 (205.1359.000) 05/06 03:17:49 Job submitted from host: <127.0.0.1:9618?addrs=127.0.0.1-9618&noUDP&sock=222_da1d_4>
...
033 (205.1359.000) 05/06 14:21:32 Changing job attribute JobPrio from 0 to -5
...
000 (007.1359.000) 05/07 18:59:34 Job submitted from host: <127.0.0.1:9618?addrs=127.0.0.1-9618&noUDP&sock=215_0cf3_4>
...
000 (016.1359.000) 05/08 15:56:46 Job submitted from host: <127.0.0.1:9618?addrs=127.0.0.1-9618&noUDP&sock=227_4816_4>
...
001 (016.1359.000) 05/09 01:52:11 Job executing on host: <127.0.0.1:9618?addrs=127.0.0.1-9618&noUDP&sock=227_4816_5>
...
006 (016.1359.000) 05/09 01:52:17 Image size of job updated: 2000000
	115  -  MemoryUsage of job (MB)
	116952  -  ResidentSetSize of job (KB)
...
006 (016.1359.000) 05/09 01:54:01 Image size of job updated: 2000000
	192  -  MemoryUsage of job (MB)
	195624  -  ResidentSetSize of job (KB)
...
006 (016.1359.000) 05/09 01:54:07 Image size of job updated: 2000000
	209  -  MemoryUsage of job (MB)
	213444  -  ResidentSetSize of job (KB)
...
006 (016.1359.000) 05/09 01:54:13 Image size of job updated: 2000000
	212  -  MemoryUsage of job (MB)
	216612  -  ResidentSetSize of job (KB)
...
006 (016.1359.000) 05/09 01:54:19 Image size of job updated: 2000000
	224  -  MemoryUsage of job (MB)
	229152  -  ResidentSetSize of job (KB)
...
006 (016.1359.000) 05/09 01:54:25 Image size of job updated: 2000000
	234  -  MemoryUsage of job (MB)
	238920  -  ResidentSetSize of job (KB)
...
006 (016.1359.000) 05/09 01:54:31 Image size of job updated: 2000000
	246  -  MemoryUsage of job (MB)
	251064  -  ResidentSetSize of job (KB)
...
006 (016.1359.000) 05/09 01:54:37 Image size of job updated: 2000000
	261  -  MemoryUsage of job (MB)
	266772  -  ResidentSetSize of job (KB)
...
006 (016.1359.000) 05/09 01:54:43 Image size of job updated: 2000000
	267  -  MemoryUsage of job (MB)
	272844  -  ResidentSetSize of job (KB)
...
006 (016.1359.000) 05/09 01:54:49 Image size of job updated: 2000000
	279  -  MemoryUsage of job (MB)
	285252  -  ResidentSetSize of job (KB)
...
006 (016.1359.000) 05/09 01:54:54 Image size of job updated: 2000000
	316  -  MemoryUsage of job (MB)
	323268  -  ResidentSetSize of job (KB)
...
006 (016.1359.000) 05/09 01:55:24 Image size of job updated: 2000000
	356  -  MemoryUsage of job (MB)
	363660  -  ResidentSetSize of job (KB)
...
006 (016.1359.000) 05/09 01:56:42 Image size of job updated: 2000000
	1228  -  MemoryUsage of job (MB)
	1256904  -  ResidentSetSize of job (KB)
...
006 (016.1359.000) 05/09 02:09:24 Image size of job updated: 2000000
	1273  -  MemoryUsage of job (MB)
	1302708  -  ResidentSetSize of job (KB)
...
006 (016.1359.000) 05/09 02:09:29 Image size of job updated: 2000000
	1649  -  MemoryUsage of job (MB)
	1688280  -  ResidentSetSize of job (KB)
...
006 (016.1359.000) 05/09 02:09:35 Image size of job updated: 2698996
	1959  -  MemoryUsage of job (MB)
	2005872  -  ResidentSetSize of job (KB)
...
006 (016.1359.000) 05/09 02:09:41 Image size of job updated: 2706676
	2035  -  MemoryUsage of job (MB)
	2083620  -  ResidentSetSize of job (KB)
...
006 (016.1359.000) 05/09 02:09:47 Image size of job updated: 2861300
	2174  -  MemoryUsage of job (MB)
	2225388  -  ResidentSetSize of job (KB)
...
006 (016.1359.000) 05/09 02:09:53 Image size of job updated: 2861300
	2290  -  MemoryUsage of job (MB)
	2344320  -  ResidentSetSize of job (KB)
...
006 (016.1359.000) 05/09 02:09:59 Image size of job updated: 2861300
	2380  -  MemoryUsage of job (MB)
	2436852  -  ResidentSetSize of job (KB)
...
006 (016.1359.000) 05/09 02:10:05 Image size of job updated: 3121396
	2471  -  MemoryUsage of job (MB)
	2529912  -  ResidentSetSize of job (KB)
...
006 (016.1359.000) 05/09 02:10:11 Image size of job updated: 3229940
	2534  -  MemoryUsage of job (MB)
	2594328  -  ResidentSetSize of job (KB)
...
006 (016.1359.000) 05/09 02:10:17 Image size of job updated: 3298548
	2597  -  MemoryUsage of job (MB)
	2658876  -  ResidentSetSize of job (KB)
...
006 (016.1359.000) 05/09 02:10:23 Image size of job updated: 3355892
	2661  -  MemoryUsage of job (MB)
	2724216  -  ResidentSetSize of job (KB)
...
006 (016.1359.000) 05/09 02:10:29 Image size of job updated: 3355892
	2725  -  MemoryUsage of job (MB)
	2789688  -  ResidentSetSize of job (KB)
...
006 (016.1359.000) 05/09 02:10:35 Image size of job updated: 3460340
	2788  -  MemoryUsage of job (MB)
	2853972  -  ResidentSetSize of job (KB)
...
006 (016.1359.000) 05/09 02:10:41 Image size of job updated: 3460340
	2850  -  MemoryUsage of job (MB)
	2918124  -  ResidentSetSize of job (KB)
...
006 (016.1359.000) 05/09 02:10:47 Image size of job updated: 3621108
	2913  -  MemoryUsage of job (MB)
	2982540  -  ResidentSetSize of job (KB)
...
006 (016.1359.000) 05/09 02:10:53 Image size of job updated: 3621108
	2977  -  MemoryUsage of job (MB)
	3047484  -  ResidentSetSize of job (KB)
...
006 (016.1359.000) 05/09 02:10:59 Image size of job updated: 3621108
	3039  -  MemoryUsage of job (MB)
	3111900  -  ResidentSetSize of job (KB)
...
006 (016.1359.000) 05/09 02:11:05 Image size of job updated: 3781876
	3101  -  MemoryUsage of job (MB)
	3174468  -  ResidentSetSize of job (KB)
...
006 (016.1359.000) 05/09 02:11:11 Image size of job updated: 3781876
	3161  -  MemoryUsage of job (MB)
	3235980  -  ResidentSetSize of job (KB)
...
006 (016.1359.000) 05/09 02:11:17 Image size of job updated: 3939572
	3225  -  MemoryUsage of job (MB)
	3301452  -  ResidentSetSize of job (KB)
...
006 (016.1359.000) 05/09 02:11:23 Image size of job updated: 3990772
	3288  -  MemoryUsage of job (MB)
	3366264  -  ResidentSetSize of job (KB)
...
006 (016.1359.000) 05/09 02:11:29 Image size of job updated: 3990772
	3350  -  MemoryUsage of job (MB)
	3429888  -  ResidentSetSize of job (KB)
...
006 (016.1359.000) 05/09 02:11:35 Image size of job updated: 4115700
	3412  -  MemoryUsage of job (MB)
	3493644  -  ResidentSetSize of job (KB)
...
006 (016.1359.000) 05/09 02:11:41 Image size of job updated: 4115700
	3474  -  MemoryUsage of job (MB)
	3556872  -  ResidentSetSize of job (KB)
...
006 (016.1359.000) 05/09 02:11:47 Image size of job updated: 4115700
	3537  -  MemoryUsage of job (MB)
	3621420  -  ResidentSetSize of job (KB)
...
006 (016.1359.000) 05/09 02:11:53 Image size of job updated: 4275444
	3600  -  MemoryUsage of job (MB)
	3685968  -  ResidentSetSize of job (KB)
...
006 (016.1359.000) 05/09 02:11:59 Image size of job updated: 4275444
	3660  -  MemoryUsage of job (MB)
	3747612  -  ResidentSetSize of job (KB)
...
006 (016.1359.000) 05/09 02:12:05 Image size of job updated: 4432116
	3722  -  MemoryUsage of job (MB)
	3810840  -  ResidentSetSize of job (KB)
...
006 (016.1359.000) 05/09 02:12:11 Image size of job updated: 4432116
	3784  -  MemoryUsage of job (MB)
	3874068  -  ResidentSetSize of job (KB)
...
006 (016.1359.000) 05/09 02:12:17 Image size of job updated: 4557044
	3847  -  MemoryUsage of job (MB)
	3939276  -  ResidentSetSize of job (KB)
...
006 (016.1359.000) 05/09 02:12:23 Image size of job updated: 4638964
	3910  -  MemoryUsage of job (MB)
	4003824  -  ResidentSetSize of job (KB)
...
006 (016.1359.000) 05/09 02:12:29 Image size of job updated: 4649204
	3992  -  MemoryUsage of job (MB)
	4087644  -  ResidentSetSize of job (KB)
...
006 (016.1359.000) 05/09 02:12:35 Image size of job updated: 4792564
	4082  -  MemoryUsage of job (MB)
	4179120  -  ResidentSetSize of job (KB)
...
006 (016.1359.000) 05/09 02:12:41 Image size of job updated: 4792564
	4156  -  MemoryUsage of job (MB)
	4255284  -  ResidentSetSize of job (KB)
...
006 (016.1359.000) 05/09 02:12:48 Image size of job updated: 4792564
	4243  -  MemoryUsage of job (MB)
	4344516  -  ResidentSetSize of job (KB)
...
006 (016.1359.000) 05/09 02:12:53 Image size of job updated: 5002484
	4317  -  MemoryUsage of job (MB)
	4420548  -  ResidentSetSize of job (KB)
...
006 (016.1359.000) 05/09 02:12:58 Image size of job updated: 5002484
	4389  -  MemoryUsage of job (MB)
	4494204  -  ResidentSetSize of job (KB)
...
006 (016.1359.000) 05/09 02:13:03 Image size of job updated: 5002484
	4462  -  MemoryUsage of job (MB)
	4568784  -  ResidentSetSize of job (KB)
...
006 (016.1359.000) 05/09 02:13:08 Image size of job updated: 5243124
	4532  -  MemoryUsage of job (MB)
	4640592  -  ResidentSetSize of job (KB)
...
006 (016.1359.000) 05/09 02:13:13 Image size of job updated: 5328116
	4603  -  MemoryUsage of job (MB)
	4713060  -  ResidentSetSize of job (KB)
...
006 (016.1359.000) 05/09 02:13:18 Image size of job updated: 5328116
	4673  -  MemoryUsage of job (MB)
	4784736  -  ResidentSetSize of job (KB)
...
006 (016.1359.000) 05/09 02:13:23 Image size of job updated: 5446900
	4729  -  MemoryUsage of job (MB)
	4842288  -  ResidentSetSize of job (KB)
...
006 (016.1359.000) 05/09 02:13:28 Image size of job updated: 5446900
	4780  -  MemoryUsage of job (MB)
	4894560  -  ResidentSetSize of job (KB)
...
006 (016.1359.000) 05/09 02:13:33 Image size of job updated: 5446900
	4831  -  MemoryUsage of job (MB)
	4946040  -  ResidentSetSize of job (KB)
...
006 (016.1359.000) 05/09 02:13:38 Image size of job updated: 5603572
	4882  -  MemoryUsage of job (MB)
	4998180  -  ResidentSetSize of job (KB)
...
006 (016.1359.000) 05/09 02:13:43 Image size of job updated: 5603572
	4933  -  MemoryUsage of job (MB)
	5050584  -  ResidentSetSize of job (KB)
...
006 (016.1359.000) 05/09 02:13:48 Image size of job updated: 5603572
	4983  -  MemoryUsage of job (MB)
	5101800  -  ResidentSetSize of job (KB)
...
006 (016.1359.000) 05/09 02:13:53 Image size of job updated: 5758196
	5034  -  MemoryUsage of job (MB)
	5154336  -  ResidentSetSize of job (KB)
...
006 (016.1359.000) 05/09 02:13:58 Image size of job updated: 5840116
	5084  -  MemoryUsage of job (MB)
	5205684  -  ResidentSetSize of job (KB)
...
006 (016.1359.000) 05/09 02:14:03 Image size of job updated: 5869812
	5134  -  MemoryUsage of job (MB)
	5256900  -  ResidentSetSize of job (KB)
...
006 (016.1359.000) 05/09 02:14:08 Image size of job updated: 5921012
	5185  -  MemoryUsage of job (MB)
	5308644  -  ResidentSetSize of job (KB)
...
006 (016.1359.000) 05/09 02:14:13 Image size of job updated: 5921012
	5236  -  MemoryUsage of job (MB)
	5360652  -  ResidentSetSize of job (KB)
...
006 (016.1359.000) 05/09 02:14:18 Image size of job updated: 5921012
	5287  -  MemoryUsage of job (MB)
	5413848  -  ResidentSetSize of job (KB)
...
006 (016.1359.000) 05/09 02:14:23 Image size of job updated: 6077684
	5338  -  MemoryUsage of job (MB)
	5465724  -  ResidentSetSize of job (KB)
...
006 (016.1359.000) 05/09 02:14:28 Image size of job updated: 6077684
	5389  -  MemoryUsage of job (MB)
	5517468  -  ResidentSetSize of job (KB)
...
006 (016.1359.000) 05/09 02:14:33 Image size of job updated: 6077684
	5439  -  MemoryUsage of job (MB)
	5569344  -  ResidentSetSize of job (KB)
...
006 (016.1359.000) 05/09 02:14:38 Image size of job updated: 6242548
	5490  -  MemoryUsage of job (MB)
	5621352  -  ResidentSetSize of job (KB)
...
006 (016.1359.000) 05/09 02:14:43 Image size of job updated: 6242548
	5542  -  MemoryUsage of job (MB)
	5674152  -  ResidentSetSize of job (KB)
...
006 (016.1359.000) 05/09 02:14:48 Image size of job updated: 6242548
	5593  -  MemoryUsage of job (MB)
	5726424  -  ResidentSetSize of job (KB)
...
006 (016.1359.000) 05/09 02:14:53 Image size of job updated: 6399220
	5643  -  MemoryUsage of job (MB)
	5777640  -  ResidentSetSize of job (KB)
...
006 (016.1359.000) 05/09 02:14:58 Image size of job updated: 6399220
	5693  -  MemoryUsage of job (MB)
	5828724  -  ResidentSetSize of job (KB)
...
006 (016.1359.000) 05/09 02:15:03 Image size of job updated: 6399220
	5743  -  MemoryUsage of job (MB)
	5879940  -  ResidentSetSize of job (KB)
...
006 (016.1359.000) 05/09 02:15:08 Image size of job updated: 6564084
	5793  -  MemoryUsage of job (MB)
	5931816  -  ResidentSetSize of job (KB)
...
006 (016.1359.000) 05/09 02:15:13 Image size of job updated: 6564084
	5844  -  MemoryUsage of job (MB)
	5983824  -  ResidentSetSize of job (KB)
...
006 (016.1359.000) 05/09 02:15:18 Image size of job updated: 6564084
	5895  -  MemoryUsage of job (MB)
	6036228  -  ResidentSetSize of job (KB)
...
006 (016.1359.000) 05/09 02:15:23 Image size of job updated: 6722804
	5947  -  MemoryUsage of job (MB)
	6089160  -  ResidentSetSize of job (KB)
...
006 (016.1359.000) 05/09 02:15:28 Image size of job updated: 6722804
	5999  -  MemoryUsage of job (MB)
	6142356  -  ResidentSetSize of job (KB)
...
006 (016.1359.000) 05/09 02:15:33 Image size of job updated: 6722804
	6047  -  MemoryUsage of job (MB)
	6191460  -  ResidentSetSize of job (KB)
...
006 (016.1359.000) 05/09 02:15:38 Image size of job updated: 6861044
	6071  -  MemoryUsage of job (MB)
	6216540  -  ResidentSetSize of job (KB)
...
006 (016.1359.000) 05/09 02:15:43 Image size of job updated: 6861044
	6073  -  MemoryUsage of job (MB)
	6218520  -  ResidentSetSize of job (KB)
...
006 (016.1359.000) 05/09 02:15:53 Image size of job updated: 7005428
	6073  -  MemoryUsage of job (MB)
	6218520  -  ResidentSetSize of job (KB)
...
006 (016.1359.000) 05/09 02:15:58 Image size of job updated: 7005428
	6081  -  MemoryUsage of job (MB)
	6226572  -  ResidentSetSize of job (KB)
...
006 (016.1359.000) 05/09 02:16:11 Image size of job updated: 7100660
	6110  -  MemoryUsage of job (MB)
	6256008  -  ResidentSetSize of job (KB)
...
006 (016.1359.000) 05/09 02:16:16 Image size of job updated: 7171316
	6159  -  MemoryUsage of job (MB)
	6306432  -  ResidentSetSize of job (KB)
...
006 (016.1359.000) 05/09 02:16:21 Image size of job updated: 7223540
	6387  -  MemoryUsage of job (MB)
	6539808  -  ResidentSetSize of job (KB)
...
006 (016.1359.000) 05/09 02:16:26 Image size of job updated: 7439604
	6455  -  MemoryUsage of job (MB)
	6608976  -  ResidentSetSize of job (KB)
...
005 (016.1359.000) 05/09 02:16:30 Job terminated.
	(1) Normal termination (return value 0)
		Usr 0 00:21:29, Sys 0 00:00:31  -  Run Remote Usage
		Usr 0 00:00:00, Sys 0 00:00:00  -  Run Local Usage
		Usr 0 00:21:29, Sys 0 00:00:31  -  Total Remote Usage
		Usr 0 00:00:00, Sys 0 00:00:00  -  Total Local Usage
	0  -  Run Bytes Sent By Job
	0  -  Run Bytes Received By Job
	0  -  Total Bytes Sent By Job
	0  -  Total Bytes Received By Job
	Partitionable Resources :      Usage  Request Allocated 
	   Cpus                 :       0.95        1         1 
	   Disk (KB)            : 2000000     2000000   6275465 
	   Memory (MB)          :    6455        1954      2007 
...
