000 (005.1444.000) 05/05 20:22:09 Job submitted from host: <127.0.0.1:9618?addrs=127.0.0.1-9618&noUDP&sock=227_4816_4>
...
001 (005.1444.000) 05/06 05:35:18 Job executing on host: <127.0.0.1:9618?addrs=127.0.0.1-9618&noUDP&sock=227_4816_5>
...
006 (005.1444.000) 05/06 05:35:23 Image size of job updated: 2000000
	101  -  MemoryUsage of job (MB)
	102960  -  ResidentSetSize of job (KB)
...
006 (005.1444.000) 05/06 05:35:48 Image size of job updated: 2000000
	103  -  MemoryUsage of job (MB)
	104544  -  ResidentSetSize of job (KB)
...
006 (005.1444.000) 05/06 05:35:53 Image size of job updated: 2000000
	169  -  MemoryUsage of job (MB)
	172788  -  ResidentSetSize of job (KB)
...
006 (005.1444.000) 05/06 05:35:58 Image size of job updated: 2000000
	184  -  MemoryUsage of job (MB)
	187968  -  ResidentSetSize of job (KB)
...
006 (005.1444.000) 05/06 05:36:03 Image size of job updated: 2000000
	184  -  MemoryUsage of job (MB)
	188364  -  ResidentSetSize of job (KB)
...
006 (005.1444.000) 05/06 05:36:08 Image size of job updated: 2000000
	194  -  MemoryUsage of job (MB)
	198000  -  ResidentSetSize of job (KB)
...
006 (005.1444.000) 05/06 05:36:13 Image size of job updated: 2000000
	204  -  MemoryUsage of job (MB)
	208824  -  ResidentSetSize of job (KB)
...
006 (005.1444.000) 05/06 05:36:18 Image size of job updated: 2000000
	213  -  MemoryUsage of job (MB)
	217932  -  ResidentSetSize of job (KB)
...
006 (005.1444.000) 05/06 05:36:23 Image size of job updated: 2000000
	224  -  MemoryUsage of job (MB)
	229152  -  ResidentSetSize of job (KB)
...
006 (005.1444.000) 05/06 05:36:28 Image size of job updated: 2000000
	234  -  MemoryUsage of job (MB)
	238656  -  ResidentSetSize of job (KB)
...
006 (005.1444.000) 05/06 05:36:33 Image size of job updated: 2000000
	241  -  MemoryUsage of job (MB)
	245916  -  ResidentSetSize of job (KB)
...
006 (005.1444.000) 05/06 05:36:38 Image size of job updated: 2000000
	276  -  MemoryUsage of job (MB)
	282480  -  ResidentSetSize of job (KB)
...
006 (005.1444.000) 05/06 05:36:43 Image size of job updated: 2000000
	311  -  MemoryUsage of job (MB)
	317856  -  ResidentSetSize of job (KB)
...
006 (005.1444.000) 05/06 05:36:48 Image size of job updated: 2000000
	329  -  MemoryUsage of job (MB)
	336204  -  ResidentSetSize of job (KB)
...
006 (005.1444.000) 05/06 05:36:53 Image size of job updated: 2000000
	373  -  MemoryUsage of job (MB)
	381612  -  ResidentSetSize of job (KB)
...
006 (005.1444.000) 05/06 05:36:58 Image size of job updated: 2000000
	427  -  MemoryUsage of job (MB)
	436920  -  ResidentSetSize of job (KB)
...
006 (005.1444.000) 05/06 05:37:03 Image size of job updated: 2000000
	474  -  MemoryUsage of job (MB)
	485232  -  ResidentSetSize of job (KB)
...
006 (005.1444.000) 05/06 05:37:08 Image size of job updated: 2000000
	1171  -  MemoryUsage of job (MB)
	1198428  -  ResidentSetSize of job (KB)
...
006 (005.1444.000) 05/06 05:49:31 Image size of job updated: 2000000
	1173  -  MemoryUsage of job (MB)
	1200408  -  ResidentSetSize of job (KB)
...
006 (005.1444.000) 05/06 05:49:37 Image size of job updated: 2000000
	1229  -  MemoryUsage of job (MB)
	1258092  -  ResidentSetSize of job (KB)
...
006 (005.1444.000) 05/06 05:49:43 Image size of job updated: 2000000
	1554  -  MemoryUsage of job (MB)
	1590336  -  ResidentSetSize of job (KB)
...
006 (005.1444.000) 05/06 05:49:49 Image size of job updated: 2270664
	1651  -  MemoryUsage of job (MB)
	1689996  -  ResidentSetSize of job (KB)
...
006 (005.1444.000) 05/06 05:49:55 Image size of job updated: 2603752
	1885  -  MemoryUsage of job (MB)
	1929840  -  ResidentSetSize of job (KB)
...
006 (005.1444.000) 05/06 05:50:13 Image size of job updated: 2603752
	1886  -  MemoryUsage of job (MB)
	1930632  -  ResidentSetSize of job (KB)
...
006 (005.1444.000) 05/06 05:50:19 Image size of job updated: 2603752
	1898  -  MemoryUsage of job (MB)
	1943304  -  ResidentSetSize of job (KB)
...
006 (005.1444.000) 05/06 05:50:25 Image size of job updated: 2603752
	1910  -  MemoryUsage of job (MB)
	1955316  -  ResidentSetSize of job (KB)
...
006 (005.1444.000) 05/06 05:50:31 Image size of job updated: 2603752
	1916  -  MemoryUsage of job (MB)
	1961520  -  ResidentSetSize of job (KB)
...
006 (005.1444.000) 05/06 05:50:37 Image size of job updated: 2603752
	1922  -  MemoryUsage of job (MB)
	1967328  -  ResidentSetSize of job (KB)
...
006 (005.1444.000) 05/06 05:50:43 Image size of job updated: 2603752
	1922  -  MemoryUsage of job (MB)
	1967460  -  ResidentSetSize of job (KB)
...
006 (005.1444.000) 05/06 05:50:49 Image size of job updated: 2603752
	1924  -  MemoryUsage of job (MB)
	1969704  -  ResidentSetSize of job (KB)
...
006 (005.1444.000) 05/06 05:50:55 Image size of job updated: 2603752
	1929  -  MemoryUsage of job (MB)
	1975116  -  ResidentSetSize of job (KB)
...
006 (005.1444.000) 05/06 05:51:01 Image size of job updated: 2606056
	1931  -  MemoryUsage of job (MB)
	1976832  -  ResidentSetSize of job (KB)
...
006 (005.1444.000) 05/06 05:51:07 Image size of job updated: 2612200
	1936  -  MemoryUsage of job (MB)
	1982376  -  ResidentSetSize of job (KB)
...
006 (005.1444.000) 05/06 05:51:19 Image size of job updated: 2613224
	1939  -  MemoryUsage of job (MB)
	1985148  -  ResidentSetSize of job (KB)
...
006 (005.1444.000) 05/06 05:51:25 Image size of job updated: 2613224
	1944  -  MemoryUsage of job (MB)
	1990560  -  ResidentSetSize of job (KB)
...
006 (005.1444.000) 05/06 05:51:31 Image size of job updated: 2620392
	1949  -  MemoryUsage of job (MB)
	1994784  -  ResidentSetSize of job (KB)
...
006 (005.1444.000) 05/06 05:51:37 Image size of job updated: 2620392
	1952  -  MemoryUsage of job (MB)
	1998612  -  ResidentSetSize of job (KB)
...
006 (005.1444.000) 05/06 05:51:43 Image size of job updated: 2631656
	1955  -  MemoryUsage of job (MB)
	2001384  -  ResidentSetSize of job (KB)
...
006 (005.1444.000) 05/06 05:51:49 Image size of job updated: 2631656
	1960  -  MemoryUsage of job (MB)
	2006664  -  ResidentSetSize of job (KB)
...
006 (005.1444.000) 05/06 05:51:55 Image size of job updated: 2631656
	1964  -  MemoryUsage of job (MB)
	2010756  -  ResidentSetSize of job (KB)
...
006 (005.1444.000) 05/06 05:52:01 Image size of job updated: 2640872
	1965  -  MemoryUsage of job (MB)
	2011680  -  ResidentSetSize of job (KB)
...
006 (005.1444.000) 05/06 05:52:07 Image size of job updated: 2640872
	1969  -  MemoryUsage of job (MB)
	2015376  -  ResidentSetSize of job (KB)
...
006 (005.1444.000) 05/06 05:52:13 Image size of job updated: 2650088
	1973  -  MemoryUsage of job (MB)
	2019732  -  ResidentSetSize of job (KB)
...
006 (005.1444.000) 05/06 05:52:19 Image size of job updated: 2650088
	1975  -  MemoryUsage of job (MB)
	2021580  -  ResidentSetSize of job (KB)
...
006 (005.1444.000) 05/06 05:52:25 Image size of job updated: 2650088
	1982  -  MemoryUsage of job (MB)
	2029500  -  ResidentSetSize of job (KB)
...
006 (005.1444.000) 05/06 05:52:31 Image size of job updated: 2660328
	1987  -  MemoryUsage of job (MB)
	2034120  -  ResidentSetSize of job (KB)
...
006 (005.1444.000) 05/06 05:52:37 Image size of job updated: 2667496
	1991  -  MemoryUsage of job (MB)
	2037816  -  ResidentSetSize of job (KB)
...
006 (005.1444.000) 05/06 05:52:43 Image size of job updated: 2671592
	1994  -  MemoryUsage of job (MB)
	2041116  -  ResidentSetSize of job (KB)
...
006 (005.1444.000) 05/06 05:52:49 Image size of job updated: 2671592
	1999  -  MemoryUsage of job (MB)
	2046000  -  ResidentSetSize of job (KB)
...
006 (005.1444.000) 05/06 05:52:55 Image size of job updated: 2671592
	1999  -  MemoryUsage of job (MB)
	2046792  -  ResidentSetSize of job (KB)
...
006 (005.1444.000) 05/06 05:53:01 Image size of job updated: 2677736
	2000  -  MemoryUsage of job (MB)
	2047584  -  ResidentSetSize of job (KB)
...
006 (005.1444.000) 05/06 05:53:07 Image size of job updated: 2679784
	2003  -  MemoryUsage of job (MB)
	2050224  -  ResidentSetSize of job (KB)
...
006 (005.1444.000) 05/06 05:53:13 Image size of job updated: 2679784
	2005  -  MemoryUsage of job (MB)
	2052732  -  ResidentSetSize of job (KB)
...
006 (005.1444.000) 05/06 05:53:19 Image size of job updated: 2682856
	2007  -  MemoryUsage of job (MB)
	2054976  -  ResidentSetSize of job (KB)
...
006 (005.1444.000) 05/06 05:53:25 Image size of job updated: 2682856
	2014  -  MemoryUsage of job (MB)
	2061576  -  ResidentSetSize of job (KB)
...
006 (005.1444.000) 05/06 05:53:31 Image size of job updated: 2695144
	2019  -  MemoryUsage of job (MB)
	2067384  -  ResidentSetSize of job (KB)
...
006 (005.1444.000) 05/06 05:53:38 Image size of job updated: 2695144
	2025  -  MemoryUsage of job (MB)
	2072796  -  ResidentSetSize of job (KB)
...
006 (005.1444.000) 05/06 05:53:43 Image size of job updated: 2695144
	2028  -  MemoryUsage of job (MB)
	2076624  -  ResidentSetSize of job (KB)
...
006 (005.1444.000) 05/06 05:53:48 Image size of job updated: 2708456
	2032  -  MemoryUsage of job (MB)
	2080716  -  ResidentSetSize of job (KB)
...
006 (005.1444.000) 05/06 05:53:53 Image size of job updated: 2708456
	2034  -  MemoryUsage of job (MB)
	2082036  -  ResidentSetSize of job (KB)
...
006 (005.1444.000) 05/06 05:53:58 Image size of job updated: 2708456
	2035  -  MemoryUsage of job (MB)
	2083752  -  ResidentSetSize of job (KB)
...
006 (005.1444.000) 05/06 05:54:03 Image size of job updated: 2715624
	2039  -  MemoryUsage of job (MB)
	2087184  -  ResidentSetSize of job (KB)
...
006 (005.1444.000) 05/06 05:54:08 Image size of job updated: 2719720
	2041  -  MemoryUsage of job (MB)
	2089956  -  ResidentSetSize of job (KB)
...
006 (005.1444.000) 05/06 05:54:13 Image size of job updated: 2719720
	2047  -  MemoryUsage of job (MB)
	2095896  -  ResidentSetSize of job (KB)
...
006 (005.1444.000) 05/06 05:54:18 Image size of job updated: 2726888
	2048  -  MemoryUsage of job (MB)
	2097084  -  ResidentSetSize of job (KB)
...
006 (005.1444.000) 05/06 05:54:23 Image size of job updated: 2729960
	2051  -  MemoryUsage of job (MB)
	2099592  -  ResidentSetSize of job (KB)
...
006 (005.1444.000) 05/06 05:54:28 Image size of job updated: 2729960
	2055  -  MemoryUsage of job (MB)
	2104080  -  ResidentSetSize of job (KB)
...
006 (005.1444.000) 05/06 05:54:33 Image size of job updated: 2737128
	2060  -  MemoryUsage of job (MB)
	2109360  -  ResidentSetSize of job (KB)
...
006 (005.1444.000) 05/06 05:54:38 Image size of job updated: 2737128
	2066  -  MemoryUsage of job (MB)
	2115564  -  ResidentSetSize of job (KB)
...
006 (005.1444.000) 05/06 05:54:43 Image size of job updated: 2737128
	2070  -  MemoryUsage of job (MB)
	2118732  -  ResidentSetSize of job (KB)
...
006 (005.1444.000) 05/06 05:54:48 Image size of job updated: 2751464
	2073  -  MemoryUsage of job (MB)
	2121768  -  ResidentSetSize of job (KB)
...
006 (005.1444.000) 05/06 05:54:53 Image size of job updated: 2751464
	2077  -  MemoryUsage of job (MB)
	2126388  -  ResidentSetSize of job (KB)
...
006 (005.1444.000) 05/06 05:54:58 Image size of job updated: 2751464
	2078  -  MemoryUsage of job (MB)
	2127840  -  ResidentSetSize of job (KB)
...
006 (005.1444.000) 05/06 05:55:03 Image size of job updated: 2760680
	2081  -  MemoryUsage of job (MB)
	2130876  -  ResidentSetSize of job (KB)
...
006 (005.1444.000) 05/06 05:55:08 Image size of job updated: 2760680
	2261  -  MemoryUsage of job (MB)
	2314356  -  ResidentSetSize of job (KB)
...
006 (005.1444.000) 05/06 05:55:13 Image size of job updated: 2760680
	2291  -  MemoryUsage of job (MB)
	2345376  -  ResidentSetSize of job (KB)
...
006 (005.1444.000) 05/06 05:55:15 Image size of job updated: 2975208
	2291  -  MemoryUsage of job (MB)
	2345376  -  ResidentSetSize of job (KB)
...
005 (005.1444.000) 05/06 05:55:15 Job terminated.
	(1) Normal termination (return value 0)
		Usr 0 00:19:27, Sys 0 00:00:02  -  Run Remote Usage
		Usr 0 00:00:00, Sys 0 00:00:00  -  Run Local Usage
		Usr 0 00:19:27, Sys 0 00:00:02  -  Total Remote Usage
		Usr 0 00:00:00, Sys 0 00:00:00  -  Total Local Usage
	0  -  Run Bytes Sent By Job
	0  -  Run Bytes Received By Job
	0  -  Total Bytes Sent By Job
	0  -  Total Bytes Received By Job
	Partitionable Resources :      Usage  Request Allocated 
	   Cpus                 :       1.00        1         1 
	   Disk (KB)            : 2000000     2000000   6275465 
	   Memory (MB)          :    2291        1954      2007 
...
