000 (205.5201.000) 05/06 03:20:04 Job submitted from host: <127.0.0.1:9618?addrs=127.0.0.1-9618&noUDP&sock=222_da1d_4>
...
033 (205.5201.000) 05/06 14:23:08 Changing job attribute JobPrio from 0 to -5
...
000 (007.5201.000) 05/07 19:00:21 Job submitted from host: <127.0.0.1:9618?addrs=127.0.0.1-9618&noUDP&sock=215_0cf3_4>
...
000 (016.5201.000) 05/08 15:57:26 Job submitted from host: <127.0.0.1:9618?addrs=127.0.0.1-9618&noUDP&sock=227_4816_4>
...
009 (016.5201.000) 05/09 16:54:59 Job was aborted by the user.
	via condor_rm (by user aw868)
...
000 (017.1868.000) 05/09 17:26:08 Job submitted from host: <127.0.0.1:9618?addrs=127.0.0.1-9618&noUDP&sock=227_4816_4>
...
001 (017.1868.000) 05/10 06:52:45 Job executing on host: <127.0.0.1:9618?addrs=127.0.0.1-9618&noUDP&sock=227_4816_5>
...
006 (017.1868.000) 05/10 06:52:50 Image size of job updated: 2000000
	112  -  MemoryUsage of job (MB)
	114048  -  ResidentSetSize of job (KB)
...
006 (017.1868.000) 05/10 06:52:55 Image size of job updated: 2000000
	115  -  MemoryUsage of job (MB)
	117084  -  ResidentSetSize of job (KB)
...
006 (017.1868.000) 05/10 06:53:45 Image size of job updated: 2000000
	162  -  MemoryUsage of job (MB)
	165660  -  ResidentSetSize of job (KB)
...
006 (017.1868.000) 05/10 06:53:50 Image size of job updated: 2000000
	211  -  MemoryUsage of job (MB)
	215556  -  ResidentSetSize of job (KB)
...
006 (017.1868.000) 05/10 06:53:55 Image size of job updated: 2000000
	211  -  MemoryUsage of job (MB)
	215952  -  ResidentSetSize of job (KB)
...
006 (017.1868.000) 05/10 06:54:00 Image size of job updated: 2000000
	217  -  MemoryUsage of job (MB)
	222024  -  ResidentSetSize of job (KB)
...
006 (017.1868.000) 05/10 06:54:05 Image size of job updated: 2000000
	229  -  MemoryUsage of job (MB)
	233904  -  ResidentSetSize of job (KB)
...
006 (017.1868.000) 05/10 06:54:10 Image size of job updated: 2000000
	241  -  MemoryUsage of job (MB)
	245784  -  ResidentSetSize of job (KB)
...
006 (017.1868.000) 05/10 06:54:15 Image size of job updated: 2000000
	252  -  MemoryUsage of job (MB)
	257532  -  ResidentSetSize of job (KB)
...
006 (017.1868.000) 05/10 06:54:20 Image size of job updated: 2000000
	262  -  MemoryUsage of job (MB)
	267960  -  ResidentSetSize of job (KB)
...
006 (017.1868.000) 05/10 06:54:25 Image size of job updated: 2000000
	270  -  MemoryUsage of job (MB)
	276408  -  ResidentSetSize of job (KB)
...
006 (017.1868.000) 05/10 06:54:30 Image size of job updated: 2000000
	280  -  MemoryUsage of job (MB)
	285912  -  ResidentSetSize of job (KB)
...
006 (017.1868.000) 05/10 06:54:35 Image size of job updated: 2000000
	300  -  MemoryUsage of job (MB)
	306240  -  ResidentSetSize of job (KB)
...
006 (017.1868.000) 05/10 06:54:40 Image size of job updated: 2000000
	341  -  MemoryUsage of job (MB)
	348876  -  ResidentSetSize of job (KB)
...
006 (017.1868.000) 05/10 06:54:45 Image size of job updated: 2000000
	377  -  MemoryUsage of job (MB)
	385572  -  ResidentSetSize of job (KB)
...
006 (017.1868.000) 05/10 06:54:50 Image size of job updated: 2000000
	380  -  MemoryUsage of job (MB)
	388476  -  ResidentSetSize of job (KB)
...
006 (017.1868.000) 05/10 06:54:55 Image size of job updated: 2000000
	421  -  MemoryUsage of job (MB)
	430716  -  ResidentSetSize of job (KB)
...
006 (017.1868.000) 05/10 06:55:01 Image size of job updated: 2000000
	499  -  MemoryUsage of job (MB)
	510972  -  ResidentSetSize of job (KB)
...
006 (017.1868.000) 05/10 06:55:07 Image size of job updated: 2000000
	1151  -  MemoryUsage of job (MB)
	1178232  -  ResidentSetSize of job (KB)
...
006 (017.1868.000) 05/10 06:55:13 Image size of job updated: 2000000
	1245  -  MemoryUsage of job (MB)
	1274328  -  ResidentSetSize of job (KB)
...
006 (017.1868.000) 05/10 07:12:17 Image size of job updated: 2000000
	1601  -  MemoryUsage of job (MB)
	1638648  -  ResidentSetSize of job (KB)
...
006 (017.1868.000) 05/10 07:12:22 Image size of job updated: 2370000
	1836  -  MemoryUsage of job (MB)
	1879152  -  ResidentSetSize of job (KB)
...
006 (017.1868.000) 05/10 07:12:27 Image size of job updated: 2654448
	1967  -  MemoryUsage of job (MB)
	2013528  -  ResidentSetSize of job (KB)
...
006 (017.1868.000) 05/10 07:12:32 Image size of job updated: 2661616
	2053  -  MemoryUsage of job (MB)
	2101572  -  ResidentSetSize of job (KB)
...
006 (017.1868.000) 05/10 07:12:37 Image size of job updated: 2661616
	2140  -  MemoryUsage of job (MB)
	2191068  -  ResidentSetSize of job (KB)
...
006 (017.1868.000) 05/10 07:12:42 Image size of job updated: 2661616
	2241  -  MemoryUsage of job (MB)
	2294160  -  ResidentSetSize of job (KB)
...
006 (017.1868.000) 05/10 07:12:47 Image size of job updated: 2952432
	2322  -  MemoryUsage of job (MB)
	2376924  -  ResidentSetSize of job (KB)
...
006 (017.1868.000) 05/10 07:12:52 Image size of job updated: 2952432
	2395  -  MemoryUsage of job (MB)
	2451636  -  ResidentSetSize of job (KB)
...
006 (017.1868.000) 05/10 07:12:57 Image size of job updated: 2952432
	2468  -  MemoryUsage of job (MB)
	2527008  -  ResidentSetSize of job (KB)
...
006 (017.1868.000) 05/10 07:13:02 Image size of job updated: 3180784
	2543  -  MemoryUsage of job (MB)
	2603040  -  ResidentSetSize of job (KB)
...
006 (017.1868.000) 05/10 07:13:07 Image size of job updated: 3180784
	2615  -  MemoryUsage of job (MB)
	2677488  -  ResidentSetSize of job (KB)
...
006 (017.1868.000) 05/10 07:13:12 Image size of job updated: 3180784
	2688  -  MemoryUsage of job (MB)
	2751804  -  ResidentSetSize of job (KB)
...
006 (017.1868.000) 05/10 07:13:17 Image size of job updated: 3451120
	2762  -  MemoryUsage of job (MB)
	2827308  -  ResidentSetSize of job (KB)
...
006 (017.1868.000) 05/10 07:13:22 Image size of job updated: 3451120
	2834  -  MemoryUsage of job (MB)
	2901888  -  ResidentSetSize of job (KB)
...
006 (017.1868.000) 05/10 07:13:27 Image size of job updated: 3541232
	2907  -  MemoryUsage of job (MB)
	2976336  -  ResidentSetSize of job (KB)
...
006 (017.1868.000) 05/10 07:13:32 Image size of job updated: 3627248
	2980  -  MemoryUsage of job (MB)
	3051180  -  ResidentSetSize of job (KB)
...
006 (017.1868.000) 05/10 07:13:37 Image size of job updated: 3736816
	3053  -  MemoryUsage of job (MB)
	3125628  -  ResidentSetSize of job (KB)
...
006 (017.1868.000) 05/10 07:13:42 Image size of job updated: 3768560
	3125  -  MemoryUsage of job (MB)
	3199284  -  ResidentSetSize of job (KB)
...
006 (017.1868.000) 05/10 07:13:47 Image size of job updated: 3849456
	3198  -  MemoryUsage of job (MB)
	3274260  -  ResidentSetSize of job (KB)
...
006 (017.1868.000) 05/10 07:13:52 Image size of job updated: 3849456
	3274  -  MemoryUsage of job (MB)
	3351876  -  ResidentSetSize of job (KB)
...
006 (017.1868.000) 05/10 07:13:57 Image size of job updated: 4041968
	3348  -  MemoryUsage of job (MB)
	3427776  -  ResidentSetSize of job (KB)
...
006 (017.1868.000) 05/10 07:14:02 Image size of job updated: 4079856
	3422  -  MemoryUsage of job (MB)
	3503544  -  ResidentSetSize of job (KB)
...
006 (017.1868.000) 05/10 07:14:07 Image size of job updated: 4079856
	3496  -  MemoryUsage of job (MB)
	3579444  -  ResidentSetSize of job (KB)
...
006 (017.1868.000) 05/10 07:14:12 Image size of job updated: 4237552
	3571  -  MemoryUsage of job (MB)
	3655872  -  ResidentSetSize of job (KB)
...
006 (017.1868.000) 05/10 07:14:17 Image size of job updated: 4349168
	3646  -  MemoryUsage of job (MB)
	3732960  -  ResidentSetSize of job (KB)
...
006 (017.1868.000) 05/10 07:14:22 Image size of job updated: 4393200
	3732  -  MemoryUsage of job (MB)
	3821004  -  ResidentSetSize of job (KB)
...
006 (017.1868.000) 05/10 07:14:27 Image size of job updated: 4393200
	3828  -  MemoryUsage of job (MB)
	3919608  -  ResidentSetSize of job (KB)
...
006 (017.1868.000) 05/10 07:14:32 Image size of job updated: 4599024
	3926  -  MemoryUsage of job (MB)
	4019400  -  ResidentSetSize of job (KB)
...
006 (017.1868.000) 05/10 07:14:37 Image size of job updated: 4702448
	4006  -  MemoryUsage of job (MB)
	4102032  -  ResidentSetSize of job (KB)
...
006 (017.1868.000) 05/10 07:14:42 Image size of job updated: 4766960
	4084  -  MemoryUsage of job (MB)
	4181364  -  ResidentSetSize of job (KB)
...
006 (017.1868.000) 05/10 07:14:47 Image size of job updated: 4850928
	4160  -  MemoryUsage of job (MB)
	4259244  -  ResidentSetSize of job (KB)
...
006 (017.1868.000) 05/10 07:14:52 Image size of job updated: 4850928
	4237  -  MemoryUsage of job (MB)
	4338444  -  ResidentSetSize of job (KB)
...
006 (017.1868.000) 05/10 07:14:57 Image size of job updated: 4850928
	4312  -  MemoryUsage of job (MB)
	4415136  -  ResidentSetSize of job (KB)
...
006 (017.1868.000) 05/10 07:15:02 Image size of job updated: 5099760
	4385  -  MemoryUsage of job (MB)
	4489716  -  ResidentSetSize of job (KB)
...
006 (017.1868.000) 05/10 07:15:07 Image size of job updated: 5099760
	4458  -  MemoryUsage of job (MB)
	4564428  -  ResidentSetSize of job (KB)
...
006 (017.1868.000) 05/10 07:15:12 Image size of job updated: 5099760
	4531  -  MemoryUsage of job (MB)
	4639668  -  ResidentSetSize of job (KB)
...
006 (017.1868.000) 05/10 07:15:17 Image size of job updated: 5322992
	4607  -  MemoryUsage of job (MB)
	4716756  -  ResidentSetSize of job (KB)
...
006 (017.1868.000) 05/10 07:15:22 Image size of job updated: 5322992
	4681  -  MemoryUsage of job (MB)
	4792920  -  ResidentSetSize of job (KB)
...
006 (017.1868.000) 05/10 07:15:27 Image size of job updated: 5322992
	4756  -  MemoryUsage of job (MB)
	4869348  -  ResidentSetSize of job (KB)
...
006 (017.1868.000) 05/10 07:15:32 Image size of job updated: 5552368
	4831  -  MemoryUsage of job (MB)
	4946172  -  ResidentSetSize of job (KB)
...
006 (017.1868.000) 05/10 07:15:37 Image size of job updated: 5552368
	4906  -  MemoryUsage of job (MB)
	5022732  -  ResidentSetSize of job (KB)
...
006 (017.1868.000) 05/10 07:15:42 Image size of job updated: 5552368
	4980  -  MemoryUsage of job (MB)
	5098896  -  ResidentSetSize of job (KB)
...
006 (017.1868.000) 05/10 07:15:47 Image size of job updated: 5779696
	5052  -  MemoryUsage of job (MB)
	5172816  -  ResidentSetSize of job (KB)
...
006 (017.1868.000) 05/10 07:15:52 Image size of job updated: 5843184
	5123  -  MemoryUsage of job (MB)
	5245680  -  ResidentSetSize of job (KB)
...
006 (017.1868.000) 05/10 07:15:57 Image size of job updated: 5929200
	5195  -  MemoryUsage of job (MB)
	5318676  -  ResidentSetSize of job (KB)
...
006 (017.1868.000) 05/10 07:16:02 Image size of job updated: 5997808
	5266  -  MemoryUsage of job (MB)
	5391672  -  ResidentSetSize of job (KB)
...
006 (017.1868.000) 05/10 07:16:07 Image size of job updated: 5997808
	5339  -  MemoryUsage of job (MB)
	5466516  -  ResidentSetSize of job (KB)
...
006 (017.1868.000) 05/10 07:16:12 Image size of job updated: 5997808
	5411  -  MemoryUsage of job (MB)
	5540700  -  ResidentSetSize of job (KB)
...
006 (017.1868.000) 05/10 07:16:17 Image size of job updated: 6220016
	5484  -  MemoryUsage of job (MB)
	5615016  -  ResidentSetSize of job (KB)
...
006 (017.1868.000) 05/10 07:16:22 Image size of job updated: 6301936
	5557  -  MemoryUsage of job (MB)
	5689860  -  ResidentSetSize of job (KB)
...
006 (017.1868.000) 05/10 07:16:27 Image size of job updated: 6301936
	5630  -  MemoryUsage of job (MB)
	5764572  -  ResidentSetSize of job (KB)
...
006 (017.1868.000) 05/10 07:16:32 Image size of job updated: 6439152
	5702  -  MemoryUsage of job (MB)
	5838624  -  ResidentSetSize of job (KB)
...
006 (017.1868.000) 05/10 07:16:37 Image size of job updated: 6531312
	5775  -  MemoryUsage of job (MB)
	5912808  -  ResidentSetSize of job (KB)
...
006 (017.1868.000) 05/10 07:16:42 Image size of job updated: 6531312
	5847  -  MemoryUsage of job (MB)
	5986728  -  ResidentSetSize of job (KB)
...
006 (017.1868.000) 05/10 07:16:47 Image size of job updated: 6662384
	5921  -  MemoryUsage of job (MB)
	6062100  -  ResidentSetSize of job (KB)
...
006 (017.1868.000) 05/10 07:16:52 Image size of job updated: 6662384
	5993  -  MemoryUsage of job (MB)
	6136284  -  ResidentSetSize of job (KB)
...
006 (017.1868.000) 05/10 07:16:57 Image size of job updated: 6662384
	6065  -  MemoryUsage of job (MB)
	6210072  -  ResidentSetSize of job (KB)
...
006 (017.1868.000) 05/10 07:17:02 Image size of job updated: 6896880
	6144  -  MemoryUsage of job (MB)
	6291120  -  ResidentSetSize of job (KB)
...
006 (017.1868.000) 05/10 07:17:07 Image size of job updated: 6896880
	6232  -  MemoryUsage of job (MB)
	6380880  -  ResidentSetSize of job (KB)
...
006 (017.1868.000) 05/10 07:17:12 Image size of job updated: 6896880
	6303  -  MemoryUsage of job (MB)
	6453744  -  ResidentSetSize of job (KB)
...
006 (017.1868.000) 05/10 07:17:17 Image size of job updated: 7171312
	6393  -  MemoryUsage of job (MB)
	6546012  -  ResidentSetSize of job (KB)
...
006 (017.1868.000) 05/10 07:17:22 Image size of job updated: 7280880
	6485  -  MemoryUsage of job (MB)
	6640392  -  ResidentSetSize of job (KB)
...
006 (017.1868.000) 05/10 07:17:27 Image size of job updated: 7280880
	6574  -  MemoryUsage of job (MB)
	6731604  -  ResidentSetSize of job (KB)
...
006 (017.1868.000) 05/10 07:17:32 Image size of job updated: 7447792
	6668  -  MemoryUsage of job (MB)
	6827700  -  ResidentSetSize of job (KB)
...
006 (017.1868.000) 05/10 07:17:37 Image size of job updated: 7563504
	6758  -  MemoryUsage of job (MB)
	6919968  -  ResidentSetSize of job (KB)
...
006 (017.1868.000) 05/10 07:17:42 Image size of job updated: 7656688
	6851  -  MemoryUsage of job (MB)
	7014744  -  ResidentSetSize of job (KB)
...
006 (017.1868.000) 05/10 07:17:47 Image size of job updated: 7744752
	6942  -  MemoryUsage of job (MB)
	7107936  -  ResidentSetSize of job (KB)
...
006 (017.1868.000) 05/10 07:17:52 Image size of job updated: 7744752
	7036  -  MemoryUsage of job (MB)
	7204032  -  ResidentSetSize of job (KB)
...
006 (017.1868.000) 05/10 07:17:58 Image size of job updated: 7744752
	7146  -  MemoryUsage of job (MB)
	7316496  -  ResidentSetSize of job (KB)
...
006 (017.1868.000) 05/10 07:18:04 Image size of job updated: 8027376
	7256  -  MemoryUsage of job (MB)
	7429884  -  ResidentSetSize of job (KB)
...
006 (017.1868.000) 05/10 07:18:10 Image size of job updated: 8108272
	7368  -  MemoryUsage of job (MB)
	7544328  -  ResidentSetSize of job (KB)
...
006 (017.1868.000) 05/10 07:18:16 Image size of job updated: 8237296
	7476  -  MemoryUsage of job (MB)
	7655340  -  ResidentSetSize of job (KB)
...
006 (017.1868.000) 05/10 07:18:22 Image size of job updated: 8308976
	7589  -  MemoryUsage of job (MB)
	7770312  -  ResidentSetSize of job (KB)
...
006 (017.1868.000) 05/10 07:18:28 Image size of job updated: 8308976
	7703  -  MemoryUsage of job (MB)
	7887132  -  ResidentSetSize of job (KB)
...
006 (017.1868.000) 05/10 07:18:34 Image size of job updated: 8597744
	7816  -  MemoryUsage of job (MB)
	8002632  -  ResidentSetSize of job (KB)
...
006 (017.1868.000) 05/10 07:18:40 Image size of job updated: 8597744
	7912  -  MemoryUsage of job (MB)
	8101764  -  ResidentSetSize of job (KB)
...
006 (017.1868.000) 05/10 07:18:46 Image size of job updated: 8597744
	8026  -  MemoryUsage of job (MB)
	8217660  -  ResidentSetSize of job (KB)
...
006 (017.1868.000) 05/10 07:18:52 Image size of job updated: 8886512
	8133  -  MemoryUsage of job (MB)
	8328144  -  ResidentSetSize of job (KB)
...
006 (017.1868.000) 05/10 07:18:58 Image size of job updated: 8886512
	8238  -  MemoryUsage of job (MB)
	8435460  -  ResidentSetSize of job (KB)
...
006 (017.1868.000) 05/10 07:19:04 Image size of job updated: 9138416
	8349  -  MemoryUsage of job (MB)
	8549376  -  ResidentSetSize of job (KB)
...
006 (017.1868.000) 05/10 07:19:10 Image size of job updated: 9138416
	8530  -  MemoryUsage of job (MB)
	8734308  -  ResidentSetSize of job (KB)
...
005 (017.1868.000) 05/10 07:19:15 Job terminated.
	(1) Normal termination (return value 0)
		Usr 0 00:25:04, Sys 0 00:00:11  -  Run Remote Usage
		Usr 0 00:00:00, Sys 0 00:00:00  -  Run Local Usage
		Usr 0 00:25:04, Sys 0 00:00:11  -  Total Remote Usage
		Usr 0 00:00:00, Sys 0 00:00:00  -  Total Local Usage
	0  -  Run Bytes Sent By Job
	0  -  Run Bytes Received By Job
	0  -  Total Bytes Sent By Job
	0  -  Total Bytes Received By Job
	Partitionable Resources :      Usage  Request Allocated 
	   Cpus                 :       1.00        1         1 
	   Disk (KB)            : 2000000     2000000   6275465 
	   Memory (MB)          :    8530        1954      2007 
...
