000 (205.8112.000) 05/06 03:21:35 Job submitted from host: <127.0.0.1:9618?addrs=127.0.0.1-9618&noUDP&sock=222_da1d_4>
...
033 (205.8112.000) 05/06 14:24:01 Changing job attribute JobPrio from 0 to -5
...
000 (007.8112.000) 05/07 19:00:56 Job submitted from host: <127.0.0.1:9618?addrs=127.0.0.1-9618&noUDP&sock=215_0cf3_4>
...
000 (016.8112.000) 05/08 15:57:58 Job submitted from host: <127.0.0.1:9618?addrs=127.0.0.1-9618&noUDP&sock=227_4816_4>
...
009 (016.8112.000) 05/09 16:56:01 Job was aborted by the user.
	via condor_rm (by user aw868)
...
000 (014.951.000) 05/09 17:30:03 Job submitted from host: <127.0.0.1:9618?addrs=127.0.0.1-9618&noUDP&sock=212_fe2a_4>
...
033 (014.951.000) 05/09 17:34:04 Changing job attribute JobPrio from 0 to -10
...
033 (014.951.000) 05/09 21:36:18 Changing job attribute JobPrio from -10 to -15
...
001 (014.951.000) 05/10 03:04:36 Job executing on host: <127.0.0.1:9618?addrs=127.0.0.1-9618&noUDP&sock=212_fe2a_5>
...
006 (014.951.000) 05/10 03:04:41 Image size of job updated: 2000000
	113  -  MemoryUsage of job (MB)
	115368  -  ResidentSetSize of job (KB)
...
006 (014.951.000) 05/10 03:04:46 Image size of job updated: 2000000
	115  -  MemoryUsage of job (MB)
	116952  -  ResidentSetSize of job (KB)
...
006 (014.951.000) 05/10 03:05:11 Image size of job updated: 2000000
	180  -  MemoryUsage of job (MB)
	183612  -  ResidentSetSize of job (KB)
...
006 (014.951.000) 05/10 03:05:16 Image size of job updated: 2000000
	211  -  MemoryUsage of job (MB)
	215292  -  ResidentSetSize of job (KB)
...
006 (014.951.000) 05/10 03:05:21 Image size of job updated: 2000000
	211  -  MemoryUsage of job (MB)
	215688  -  ResidentSetSize of job (KB)
...
006 (014.951.000) 05/10 03:05:26 Image size of job updated: 2000000
	220  -  MemoryUsage of job (MB)
	224532  -  ResidentSetSize of job (KB)
...
006 (014.951.000) 05/10 03:05:31 Image size of job updated: 2000000
	231  -  MemoryUsage of job (MB)
	236280  -  ResidentSetSize of job (KB)
...
006 (014.951.000) 05/10 03:05:36 Image size of job updated: 2000000
	243  -  MemoryUsage of job (MB)
	248028  -  ResidentSetSize of job (KB)
...
006 (014.951.000) 05/10 03:05:41 Image size of job updated: 2000000
	253  -  MemoryUsage of job (MB)
	258852  -  ResidentSetSize of job (KB)
...
006 (014.951.000) 05/10 03:05:46 Image size of job updated: 2000000
	262  -  MemoryUsage of job (MB)
	267960  -  ResidentSetSize of job (KB)
...
006 (014.951.000) 05/10 03:05:51 Image size of job updated: 2000000
	270  -  MemoryUsage of job (MB)
	275880  -  ResidentSetSize of job (KB)
...
006 (014.951.000) 05/10 03:05:56 Image size of job updated: 2000000
	279  -  MemoryUsage of job (MB)
	284988  -  ResidentSetSize of job (KB)
...
006 (014.951.000) 05/10 03:06:01 Image size of job updated: 2000000
	310  -  MemoryUsage of job (MB)
	317328  -  ResidentSetSize of job (KB)
...
006 (014.951.000) 05/10 03:06:06 Image size of job updated: 2000000
	357  -  MemoryUsage of job (MB)
	365244  -  ResidentSetSize of job (KB)
...
006 (014.951.000) 05/10 03:06:11 Image size of job updated: 2000000
	380  -  MemoryUsage of job (MB)
	388212  -  ResidentSetSize of job (KB)
...
006 (014.951.000) 05/10 03:06:17 Image size of job updated: 2000000
	410  -  MemoryUsage of job (MB)
	419628  -  ResidentSetSize of job (KB)
...
006 (014.951.000) 05/10 03:06:24 Image size of job updated: 2000000
	432  -  MemoryUsage of job (MB)
	441408  -  ResidentSetSize of job (KB)
...
006 (014.951.000) 05/10 03:06:29 Image size of job updated: 2000000
	499  -  MemoryUsage of job (MB)
	510048  -  ResidentSetSize of job (KB)
...
006 (014.951.000) 05/10 03:06:34 Image size of job updated: 2000000
	546  -  MemoryUsage of job (MB)
	558888  -  ResidentSetSize of job (KB)
...
006 (014.951.000) 05/10 03:06:39 Image size of job updated: 2000000
	1237  -  MemoryUsage of job (MB)
	1266276  -  ResidentSetSize of job (KB)
...
006 (014.951.000) 05/10 03:23:40 Image size of job updated: 2000000
	1540  -  MemoryUsage of job (MB)
	1576344  -  ResidentSetSize of job (KB)
...
006 (014.951.000) 05/10 03:23:46 Image size of job updated: 2303316
	1743  -  MemoryUsage of job (MB)
	1784640  -  ResidentSetSize of job (KB)
...
006 (014.951.000) 05/10 03:23:52 Image size of job updated: 2303316
	1975  -  MemoryUsage of job (MB)
	2021844  -  ResidentSetSize of job (KB)
...
006 (014.951.000) 05/10 03:23:58 Image size of job updated: 2657524
	1997  -  MemoryUsage of job (MB)
	2044152  -  ResidentSetSize of job (KB)
...
006 (014.951.000) 05/10 03:24:04 Image size of job updated: 2657524
	2049  -  MemoryUsage of job (MB)
	2098008  -  ResidentSetSize of job (KB)
...
006 (014.951.000) 05/10 03:24:10 Image size of job updated: 2657524
	2141  -  MemoryUsage of job (MB)
	2191860  -  ResidentSetSize of job (KB)
...
006 (014.951.000) 05/10 03:24:16 Image size of job updated: 2836724
	2219  -  MemoryUsage of job (MB)
	2271852  -  ResidentSetSize of job (KB)
...
006 (014.951.000) 05/10 03:24:22 Image size of job updated: 2836724
	2281  -  MemoryUsage of job (MB)
	2335212  -  ResidentSetSize of job (KB)
...
006 (014.951.000) 05/10 03:24:28 Image size of job updated: 2998516
	2322  -  MemoryUsage of job (MB)
	2376924  -  ResidentSetSize of job (KB)
...
006 (014.951.000) 05/10 03:24:34 Image size of job updated: 2998516
	2362  -  MemoryUsage of job (MB)
	2418504  -  ResidentSetSize of job (KB)
...
006 (014.951.000) 05/10 03:24:40 Image size of job updated: 2998516
	2389  -  MemoryUsage of job (MB)
	2445432  -  ResidentSetSize of job (KB)
...
006 (014.951.000) 05/10 03:24:46 Image size of job updated: 3161332
	2416  -  MemoryUsage of job (MB)
	2473548  -  ResidentSetSize of job (KB)
...
006 (014.951.000) 05/10 03:24:52 Image size of job updated: 3161332
	2467  -  MemoryUsage of job (MB)
	2525292  -  ResidentSetSize of job (KB)
...
006 (014.951.000) 05/10 03:24:58 Image size of job updated: 3255540
	2510  -  MemoryUsage of job (MB)
	2569908  -  ResidentSetSize of job (KB)
...
006 (014.951.000) 05/10 03:25:05 Image size of job updated: 3255540
	2545  -  MemoryUsage of job (MB)
	2605284  -  ResidentSetSize of job (KB)
...
006 (014.951.000) 05/10 03:25:10 Image size of job updated: 3330292
	2595  -  MemoryUsage of job (MB)
	2657028  -  ResidentSetSize of job (KB)
...
006 (014.951.000) 05/10 03:25:16 Image size of job updated: 3429620
	2650  -  MemoryUsage of job (MB)
	2713260  -  ResidentSetSize of job (KB)
...
006 (014.951.000) 05/10 03:25:22 Image size of job updated: 3473652
	2705  -  MemoryUsage of job (MB)
	2769756  -  ResidentSetSize of job (KB)
...
006 (014.951.000) 05/10 03:25:28 Image size of job updated: 3473652
	2761  -  MemoryUsage of job (MB)
	2826912  -  ResidentSetSize of job (KB)
...
006 (014.951.000) 05/10 03:25:34 Image size of job updated: 3557620
	2816  -  MemoryUsage of job (MB)
	2883408  -  ResidentSetSize of job (KB)
...
006 (014.951.000) 05/10 03:25:40 Image size of job updated: 3557620
	2872  -  MemoryUsage of job (MB)
	2940036  -  ResidentSetSize of job (KB)
...
006 (014.951.000) 05/10 03:25:46 Image size of job updated: 3708148
	2927  -  MemoryUsage of job (MB)
	2997060  -  ResidentSetSize of job (KB)
...
006 (014.951.000) 05/10 03:25:52 Image size of job updated: 3708148
	2985  -  MemoryUsage of job (MB)
	3055932  -  ResidentSetSize of job (KB)
...
006 (014.951.000) 05/10 03:25:58 Image size of job updated: 3708148
	3039  -  MemoryUsage of job (MB)
	3111900  -  ResidentSetSize of job (KB)
...
006 (014.951.000) 05/10 03:26:05 Image size of job updated: 3881204
	3076  -  MemoryUsage of job (MB)
	3149124  -  ResidentSetSize of job (KB)
...
006 (014.951.000) 05/10 03:26:11 Image size of job updated: 3941620
	3131  -  MemoryUsage of job (MB)
	3205620  -  ResidentSetSize of job (KB)
...
006 (014.951.000) 05/10 03:26:17 Image size of job updated: 3973364
	3184  -  MemoryUsage of job (MB)
	3260400  -  ResidentSetSize of job (KB)
...
006 (014.951.000) 05/10 03:26:23 Image size of job updated: 3973364
	3239  -  MemoryUsage of job (MB)
	3316368  -  ResidentSetSize of job (KB)
...
006 (014.951.000) 05/10 03:26:29 Image size of job updated: 4072692
	3295  -  MemoryUsage of job (MB)
	3374052  -  ResidentSetSize of job (KB)
...
006 (014.951.000) 05/10 03:26:35 Image size of job updated: 4134132
	3348  -  MemoryUsage of job (MB)
	3427776  -  ResidentSetSize of job (KB)
...
006 (014.951.000) 05/10 03:26:41 Image size of job updated: 4134132
	3400  -  MemoryUsage of job (MB)
	3481236  -  ResidentSetSize of job (KB)
...
006 (014.951.000) 05/10 03:26:47 Image size of job updated: 4255988
	3451  -  MemoryUsage of job (MB)
	3533772  -  ResidentSetSize of job (KB)
...
006 (014.951.000) 05/10 03:26:53 Image size of job updated: 4321524
	3503  -  MemoryUsage of job (MB)
	3586836  -  ResidentSetSize of job (KB)
...
006 (014.951.000) 05/10 03:26:59 Image size of job updated: 4321524
	3554  -  MemoryUsage of job (MB)
	3639108  -  ResidentSetSize of job (KB)
...
006 (014.951.000) 05/10 03:27:05 Image size of job updated: 4396276
	3605  -  MemoryUsage of job (MB)
	3691512  -  ResidentSetSize of job (KB)
...
006 (014.951.000) 05/10 03:27:11 Image size of job updated: 4479220
	3656  -  MemoryUsage of job (MB)
	3743520  -  ResidentSetSize of job (KB)
...
006 (014.951.000) 05/10 03:27:17 Image size of job updated: 4534516
	3708  -  MemoryUsage of job (MB)
	3796848  -  ResidentSetSize of job (KB)
...
006 (014.951.000) 05/10 03:27:23 Image size of job updated: 4534516
	3761  -  MemoryUsage of job (MB)
	3850704  -  ResidentSetSize of job (KB)
...
006 (014.951.000) 05/10 03:27:29 Image size of job updated: 4646132
	3813  -  MemoryUsage of job (MB)
	3903768  -  ResidentSetSize of job (KB)
...
006 (014.951.000) 05/10 03:27:35 Image size of job updated: 4668660
	3868  -  MemoryUsage of job (MB)
	3960132  -  ResidentSetSize of job (KB)
...
006 (014.951.000) 05/10 03:27:41 Image size of job updated: 4739316
	3924  -  MemoryUsage of job (MB)
	4017420  -  ResidentSetSize of job (KB)
...
006 (014.951.000) 05/10 03:27:47 Image size of job updated: 4775156
	3980  -  MemoryUsage of job (MB)
	4075500  -  ResidentSetSize of job (KB)
...
006 (014.951.000) 05/10 03:27:53 Image size of job updated: 4821236
	4036  -  MemoryUsage of job (MB)
	4132524  -  ResidentSetSize of job (KB)
...
006 (014.951.000) 05/10 03:27:59 Image size of job updated: 4821236
	4095  -  MemoryUsage of job (MB)
	4192980  -  ResidentSetSize of job (KB)
...
006 (014.951.000) 05/10 03:28:05 Image size of job updated: 4976884
	4152  -  MemoryUsage of job (MB)
	4251060  -  ResidentSetSize of job (KB)
...
006 (014.951.000) 05/10 03:28:11 Image size of job updated: 4976884
	4209  -  MemoryUsage of job (MB)
	4309536  -  ResidentSetSize of job (KB)
...
006 (014.951.000) 05/10 03:28:17 Image size of job updated: 4976884
	4267  -  MemoryUsage of job (MB)
	4368540  -  ResidentSetSize of job (KB)
...
006 (014.951.000) 05/10 03:28:23 Image size of job updated: 5131508
	4321  -  MemoryUsage of job (MB)
	4423980  -  ResidentSetSize of job (KB)
...
006 (014.951.000) 05/10 03:28:29 Image size of job updated: 5131508
	4373  -  MemoryUsage of job (MB)
	4477836  -  ResidentSetSize of job (KB)
...
006 (014.951.000) 05/10 03:28:35 Image size of job updated: 5131508
	4410  -  MemoryUsage of job (MB)
	4515588  -  ResidentSetSize of job (KB)
...
006 (014.951.000) 05/10 03:28:41 Image size of job updated: 5273844
	4410  -  MemoryUsage of job (MB)
	4515588  -  ResidentSetSize of job (KB)
...
006 (014.951.000) 05/10 03:28:47 Image size of job updated: 5370100
	4434  -  MemoryUsage of job (MB)
	4540272  -  ResidentSetSize of job (KB)
...
006 (014.951.000) 05/10 03:28:53 Image size of job updated: 5410036
	4501  -  MemoryUsage of job (MB)
	4608252  -  ResidentSetSize of job (KB)
...
006 (014.951.000) 05/10 03:28:59 Image size of job updated: 5492980
	4566  -  MemoryUsage of job (MB)
	4675176  -  ResidentSetSize of job (KB)
...
006 (014.951.000) 05/10 03:29:05 Image size of job updated: 5513460
	4627  -  MemoryUsage of job (MB)
	4737612  -  ResidentSetSize of job (KB)
...
006 (014.951.000) 05/10 03:29:11 Image size of job updated: 5585140
	4695  -  MemoryUsage of job (MB)
	4807572  -  ResidentSetSize of job (KB)
...
006 (014.951.000) 05/10 03:29:17 Image size of job updated: 5585140
	4760  -  MemoryUsage of job (MB)
	4873836  -  ResidentSetSize of job (KB)
...
006 (014.951.000) 05/10 03:29:23 Image size of job updated: 5754100
	4827  -  MemoryUsage of job (MB)
	4942212  -  ResidentSetSize of job (KB)
...
006 (014.951.000) 05/10 03:29:29 Image size of job updated: 5754100
	4879  -  MemoryUsage of job (MB)
	4996068  -  ResidentSetSize of job (KB)
...
006 (014.951.000) 05/10 03:29:35 Image size of job updated: 5867764
	4937  -  MemoryUsage of job (MB)
	5054676  -  ResidentSetSize of job (KB)
...
006 (014.951.000) 05/10 03:29:41 Image size of job updated: 5919988
	4992  -  MemoryUsage of job (MB)
	5111040  -  ResidentSetSize of job (KB)
...
006 (014.951.000) 05/10 03:29:47 Image size of job updated: 5919988
	5055  -  MemoryUsage of job (MB)
	5175984  -  ResidentSetSize of job (KB)
...
006 (014.951.000) 05/10 03:29:53 Image size of job updated: 6089972
	5126  -  MemoryUsage of job (MB)
	5248188  -  ResidentSetSize of job (KB)
...
006 (014.951.000) 05/10 03:29:59 Image size of job updated: 6089972
	5194  -  MemoryUsage of job (MB)
	5318544  -  ResidentSetSize of job (KB)
...
006 (014.951.000) 05/10 03:30:05 Image size of job updated: 6089972
	5231  -  MemoryUsage of job (MB)
	5356032  -  ResidentSetSize of job (KB)
...
006 (014.951.000) 05/10 03:30:15 Image size of job updated: 6268148
	5255  -  MemoryUsage of job (MB)
	5380452  -  ResidentSetSize of job (KB)
...
006 (014.951.000) 05/10 03:30:24 Image size of job updated: 6326516
	5332  -  MemoryUsage of job (MB)
	5459784  -  ResidentSetSize of job (KB)
...
006 (014.951.000) 05/10 03:30:31 Image size of job updated: 6410484
	5394  -  MemoryUsage of job (MB)
	5522484  -  ResidentSetSize of job (KB)
...
006 (014.951.000) 05/10 03:30:36 Image size of job updated: 6462708
	5436  -  MemoryUsage of job (MB)
	5565912  -  ResidentSetSize of job (KB)
...
006 (014.951.000) 05/10 03:30:41 Image size of job updated: 6513908
	5492  -  MemoryUsage of job (MB)
	5622804  -  ResidentSetSize of job (KB)
...
006 (014.951.000) 05/10 03:30:46 Image size of job updated: 6683892
	5762  -  MemoryUsage of job (MB)
	5899872  -  ResidentSetSize of job (KB)
...
006 (014.951.000) 05/10 03:30:51 Image size of job updated: 6718708
	5778  -  MemoryUsage of job (MB)
	5915976  -  ResidentSetSize of job (KB)
...
005 (014.951.000) 05/10 03:30:53 Job terminated.
	(1) Normal termination (return value 0)
		Usr 0 00:25:19, Sys 0 00:00:11  -  Run Remote Usage
		Usr 0 00:00:00, Sys 0 00:00:00  -  Run Local Usage
		Usr 0 00:25:19, Sys 0 00:00:11  -  Total Remote Usage
		Usr 0 00:00:00, Sys 0 00:00:00  -  Total Local Usage
	0  -  Run Bytes Sent By Job
	0  -  Run Bytes Received By Job
	0  -  Total Bytes Sent By Job
	0  -  Total Bytes Received By Job
	Partitionable Resources :      Usage  Request Allocated 
	   Cpus                 :       0.99        1         1 
	   Disk (KB)            : 2000000     2000000   6232219 
	   Memory (MB)          :    5778        1954      2007 
...
