000 (205.2930.000) 05/06 03:18:45 Job submitted from host: <127.0.0.1:9618?addrs=127.0.0.1-9618&noUDP&sock=222_da1d_4>
...
033 (205.2930.000) 05/06 14:22:20 Changing job attribute JobPrio from 0 to -5
...
000 (007.2930.000) 05/07 18:59:52 Job submitted from host: <127.0.0.1:9618?addrs=127.0.0.1-9618&noUDP&sock=215_0cf3_4>
...
000 (016.2930.000) 05/08 15:57:02 Job submitted from host: <127.0.0.1:9618?addrs=127.0.0.1-9618&noUDP&sock=227_4816_4>
...
001 (016.2930.000) 05/09 13:33:03 Job executing on host: <127.0.0.1:9618?addrs=127.0.0.1-9618&noUDP&sock=227_4816_5>
...
006 (016.2930.000) 05/09 13:33:08 Image size of job updated: 2000000
	115  -  MemoryUsage of job (MB)
	117084  -  ResidentSetSize of job (KB)
...
006 (016.2930.000) 05/09 13:33:38 Image size of job updated: 2000000
	172  -  MemoryUsage of job (MB)
	175956  -  ResidentSetSize of job (KB)
...
006 (016.2930.000) 05/09 13:33:43 Image size of job updated: 2000000
	211  -  MemoryUsage of job (MB)
	215424  -  ResidentSetSize of job (KB)
...
006 (016.2930.000) 05/09 13:33:48 Image size of job updated: 2000000
	211  -  MemoryUsage of job (MB)
	215688  -  ResidentSetSize of job (KB)
...
006 (016.2930.000) 05/09 13:33:53 Image size of job updated: 2000000
	217  -  MemoryUsage of job (MB)
	221364  -  ResidentSetSize of job (KB)
...
006 (016.2930.000) 05/09 13:33:58 Image size of job updated: 2000000
	228  -  MemoryUsage of job (MB)
	233112  -  ResidentSetSize of job (KB)
...
006 (016.2930.000) 05/09 13:34:03 Image size of job updated: 2000000
	239  -  MemoryUsage of job (MB)
	244728  -  ResidentSetSize of job (KB)
...
006 (016.2930.000) 05/09 13:34:08 Image size of job updated: 2000000
	251  -  MemoryUsage of job (MB)
	256344  -  ResidentSetSize of job (KB)
...
006 (016.2930.000) 05/09 13:34:13 Image size of job updated: 2000000
	261  -  MemoryUsage of job (MB)
	266508  -  ResidentSetSize of job (KB)
...
006 (016.2930.000) 05/09 13:34:18 Image size of job updated: 2000000
	270  -  MemoryUsage of job (MB)
	275748  -  ResidentSetSize of job (KB)
...
006 (016.2930.000) 05/09 13:34:24 Image size of job updated: 2000000
	282  -  MemoryUsage of job (MB)
	288684  -  ResidentSetSize of job (KB)
...
006 (016.2930.000) 05/09 13:34:30 Image size of job updated: 2000000
	327  -  MemoryUsage of job (MB)
	333960  -  ResidentSetSize of job (KB)
...
006 (016.2930.000) 05/09 13:34:36 Image size of job updated: 2000000
	377  -  MemoryUsage of job (MB)
	385440  -  ResidentSetSize of job (KB)
...
006 (016.2930.000) 05/09 13:34:42 Image size of job updated: 2000000
	380  -  MemoryUsage of job (MB)
	388344  -  ResidentSetSize of job (KB)
...
006 (016.2930.000) 05/09 13:34:48 Image size of job updated: 2000000
	444  -  MemoryUsage of job (MB)
	453684  -  ResidentSetSize of job (KB)
...
006 (016.2930.000) 05/09 13:34:54 Image size of job updated: 2000000
	497  -  MemoryUsage of job (MB)
	508596  -  ResidentSetSize of job (KB)
...
006 (016.2930.000) 05/09 13:35:07 Image size of job updated: 2000000
	805  -  MemoryUsage of job (MB)
	823812  -  ResidentSetSize of job (KB)
...
006 (016.2930.000) 05/09 13:35:29 Image size of job updated: 2000000
	1232  -  MemoryUsage of job (MB)
	1260996  -  ResidentSetSize of job (KB)
...
006 (016.2930.000) 05/09 13:53:31 Image size of job updated: 2000000
	1386  -  MemoryUsage of job (MB)
	1418736  -  ResidentSetSize of job (KB)
...
006 (016.2930.000) 05/09 13:53:37 Image size of job updated: 2368980
	1601  -  MemoryUsage of job (MB)
	1638780  -  ResidentSetSize of job (KB)
...
006 (016.2930.000) 05/09 13:53:43 Image size of job updated: 2444532
	1954  -  MemoryUsage of job (MB)
	2000460  -  ResidentSetSize of job (KB)
...
006 (016.2930.000) 05/09 13:54:01 Image size of job updated: 2723060
	2070  -  MemoryUsage of job (MB)
	2119392  -  ResidentSetSize of job (KB)
...
006 (016.2930.000) 05/09 13:54:07 Image size of job updated: 2723060
	2154  -  MemoryUsage of job (MB)
	2205192  -  ResidentSetSize of job (KB)
...
006 (016.2930.000) 05/09 13:54:13 Image size of job updated: 2946292
	2208  -  MemoryUsage of job (MB)
	2260368  -  ResidentSetSize of job (KB)
...
006 (016.2930.000) 05/09 13:54:19 Image size of job updated: 2980084
	2254  -  MemoryUsage of job (MB)
	2307096  -  ResidentSetSize of job (KB)
...
006 (016.2930.000) 05/09 13:54:25 Image size of job updated: 3027188
	2299  -  MemoryUsage of job (MB)
	2353692  -  ResidentSetSize of job (KB)
...
006 (016.2930.000) 05/09 13:54:31 Image size of job updated: 3064052
	2343  -  MemoryUsage of job (MB)
	2398968  -  ResidentSetSize of job (KB)
...
006 (016.2930.000) 05/09 13:54:37 Image size of job updated: 3064052
	2388  -  MemoryUsage of job (MB)
	2444640  -  ResidentSetSize of job (KB)
...
006 (016.2930.000) 05/09 13:54:43 Image size of job updated: 3177716
	2433  -  MemoryUsage of job (MB)
	2490972  -  ResidentSetSize of job (KB)
...
006 (016.2930.000) 05/09 13:54:49 Image size of job updated: 3177716
	2478  -  MemoryUsage of job (MB)
	2536512  -  ResidentSetSize of job (KB)
...
006 (016.2930.000) 05/09 13:54:55 Image size of job updated: 3267828
	2522  -  MemoryUsage of job (MB)
	2582184  -  ResidentSetSize of job (KB)
...
006 (016.2930.000) 05/09 13:55:01 Image size of job updated: 3301620
	2567  -  MemoryUsage of job (MB)
	2627856  -  ResidentSetSize of job (KB)
...
006 (016.2930.000) 05/09 13:55:07 Image size of job updated: 3301620
	2612  -  MemoryUsage of job (MB)
	2673792  -  ResidentSetSize of job (KB)
...
006 (016.2930.000) 05/09 13:55:13 Image size of job updated: 3301620
	2658  -  MemoryUsage of job (MB)
	2720916  -  ResidentSetSize of job (KB)
...
006 (016.2930.000) 05/09 13:55:19 Image size of job updated: 3421428
	2702  -  MemoryUsage of job (MB)
	2766456  -  ResidentSetSize of job (KB)
...
006 (016.2930.000) 05/09 13:55:25 Image size of job updated: 3421428
	2747  -  MemoryUsage of job (MB)
	2811996  -  ResidentSetSize of job (KB)
...
006 (016.2930.000) 05/09 13:55:31 Image size of job updated: 3535092
	2791  -  MemoryUsage of job (MB)
	2857800  -  ResidentSetSize of job (KB)
...
006 (016.2930.000) 05/09 13:55:37 Image size of job updated: 3576052
	2836  -  MemoryUsage of job (MB)
	2903208  -  ResidentSetSize of job (KB)
...
006 (016.2930.000) 05/09 13:55:43 Image size of job updated: 3576052
	2881  -  MemoryUsage of job (MB)
	2949144  -  ResidentSetSize of job (KB)
...
006 (016.2930.000) 05/09 13:55:49 Image size of job updated: 3649780
	2925  -  MemoryUsage of job (MB)
	2994948  -  ResidentSetSize of job (KB)
...
006 (016.2930.000) 05/09 13:55:55 Image size of job updated: 3733748
	2970  -  MemoryUsage of job (MB)
	3041016  -  ResidentSetSize of job (KB)
...
006 (016.2930.000) 05/09 13:56:01 Image size of job updated: 3764468
	3015  -  MemoryUsage of job (MB)
	3086556  -  ResidentSetSize of job (KB)
...
006 (016.2930.000) 05/09 13:56:07 Image size of job updated: 3764468
	3057  -  MemoryUsage of job (MB)
	3130248  -  ResidentSetSize of job (KB)
...
006 (016.2930.000) 05/09 13:56:13 Image size of job updated: 3764468
	3099  -  MemoryUsage of job (MB)
	3172356  -  ResidentSetSize of job (KB)
...
006 (016.2930.000) 05/09 13:56:19 Image size of job updated: 3886324
	3144  -  MemoryUsage of job (MB)
	3218556  -  ResidentSetSize of job (KB)
...
006 (016.2930.000) 05/09 13:56:25 Image size of job updated: 3886324
	3188  -  MemoryUsage of job (MB)
	3263832  -  ResidentSetSize of job (KB)
...
006 (016.2930.000) 05/09 13:56:31 Image size of job updated: 3886324
	3231  -  MemoryUsage of job (MB)
	3308316  -  ResidentSetSize of job (KB)
...
006 (016.2930.000) 05/09 13:56:37 Image size of job updated: 4048116
	3279  -  MemoryUsage of job (MB)
	3357156  -  ResidentSetSize of job (KB)
...
006 (016.2930.000) 05/09 13:56:43 Image size of job updated: 4048116
	3326  -  MemoryUsage of job (MB)
	3405600  -  ResidentSetSize of job (KB)
...
006 (016.2930.000) 05/09 13:56:49 Image size of job updated: 4132084
	3369  -  MemoryUsage of job (MB)
	3449820  -  ResidentSetSize of job (KB)
...
006 (016.2930.000) 05/09 13:56:55 Image size of job updated: 4132084
	3412  -  MemoryUsage of job (MB)
	3493116  -  ResidentSetSize of job (KB)
...
006 (016.2930.000) 05/09 13:57:01 Image size of job updated: 4132084
	3457  -  MemoryUsage of job (MB)
	3539316  -  ResidentSetSize of job (KB)
...
006 (016.2930.000) 05/09 13:57:07 Image size of job updated: 4245748
	3510  -  MemoryUsage of job (MB)
	3593568  -  ResidentSetSize of job (KB)
...
006 (016.2930.000) 05/09 13:57:13 Image size of job updated: 4245748
	3553  -  MemoryUsage of job (MB)
	3637260  -  ResidentSetSize of job (KB)
...
006 (016.2930.000) 05/09 13:57:19 Image size of job updated: 4363508
	3595  -  MemoryUsage of job (MB)
	3680556  -  ResidentSetSize of job (KB)
...
006 (016.2930.000) 05/09 13:57:25 Image size of job updated: 4363508
	3638  -  MemoryUsage of job (MB)
	3724380  -  ResidentSetSize of job (KB)
...
006 (016.2930.000) 05/09 13:57:31 Image size of job updated: 4363508
	3675  -  MemoryUsage of job (MB)
	3762528  -  ResidentSetSize of job (KB)
...
006 (016.2930.000) 05/09 13:57:37 Image size of job updated: 4473076
	3711  -  MemoryUsage of job (MB)
	3799356  -  ResidentSetSize of job (KB)
...
006 (016.2930.000) 05/09 13:57:43 Image size of job updated: 4473076
	3716  -  MemoryUsage of job (MB)
	3804504  -  ResidentSetSize of job (KB)
...
006 (016.2930.000) 05/09 13:57:49 Image size of job updated: 4588788
	3716  -  MemoryUsage of job (MB)
	3805164  -  ResidentSetSize of job (KB)
...
006 (016.2930.000) 05/09 13:57:55 Image size of job updated: 4636916
	3743  -  MemoryUsage of job (MB)
	3832752  -  ResidentSetSize of job (KB)
...
006 (016.2930.000) 05/09 13:58:01 Image size of job updated: 4661492
	3788  -  MemoryUsage of job (MB)
	3877896  -  ResidentSetSize of job (KB)
...
006 (016.2930.000) 05/09 13:58:07 Image size of job updated: 4701428
	3831  -  MemoryUsage of job (MB)
	3922116  -  ResidentSetSize of job (KB)
...
006 (016.2930.000) 05/09 13:58:13 Image size of job updated: 4738292
	3875  -  MemoryUsage of job (MB)
	3967128  -  ResidentSetSize of job (KB)
...
006 (016.2930.000) 05/09 13:58:19 Image size of job updated: 4812020
	3920  -  MemoryUsage of job (MB)
	4013724  -  ResidentSetSize of job (KB)
...
006 (016.2930.000) 05/09 13:58:25 Image size of job updated: 4812020
	3964  -  MemoryUsage of job (MB)
	4058208  -  ResidentSetSize of job (KB)
...
006 (016.2930.000) 05/09 13:58:31 Image size of job updated: 4812020
	4008  -  MemoryUsage of job (MB)
	4104144  -  ResidentSetSize of job (KB)
...
006 (016.2930.000) 05/09 13:58:37 Image size of job updated: 4925684
	4053  -  MemoryUsage of job (MB)
	4149816  -  ResidentSetSize of job (KB)
...
006 (016.2930.000) 05/09 13:58:43 Image size of job updated: 4925684
	4098  -  MemoryUsage of job (MB)
	4195752  -  ResidentSetSize of job (KB)
...
006 (016.2930.000) 05/09 13:58:49 Image size of job updated: 5040372
	4143  -  MemoryUsage of job (MB)
	4241556  -  ResidentSetSize of job (KB)
...
006 (016.2930.000) 05/09 13:58:55 Image size of job updated: 5061876
	4187  -  MemoryUsage of job (MB)
	4286832  -  ResidentSetSize of job (KB)
...
006 (016.2930.000) 05/09 13:59:01 Image size of job updated: 5127412
	4231  -  MemoryUsage of job (MB)
	4332504  -  ResidentSetSize of job (KB)
...
006 (016.2930.000) 05/09 13:59:07 Image size of job updated: 5167348
	4275  -  MemoryUsage of job (MB)
	4376988  -  ResidentSetSize of job (KB)
...
006 (016.2930.000) 05/09 13:59:13 Image size of job updated: 5167348
	4318  -  MemoryUsage of job (MB)
	4421208  -  ResidentSetSize of job (KB)
...
006 (016.2930.000) 05/09 13:59:19 Image size of job updated: 5269748
	4361  -  MemoryUsage of job (MB)
	4465164  -  ResidentSetSize of job (KB)
...
006 (016.2930.000) 05/09 13:59:25 Image size of job updated: 5269748
	4397  -  MemoryUsage of job (MB)
	4501992  -  ResidentSetSize of job (KB)
...
006 (016.2930.000) 05/09 13:59:30 Image size of job updated: 5269748
	4433  -  MemoryUsage of job (MB)
	4538820  -  ResidentSetSize of job (KB)
...
006 (016.2930.000) 05/09 13:59:35 Image size of job updated: 5379316
	4468  -  MemoryUsage of job (MB)
	4574988  -  ResidentSetSize of job (KB)
...
006 (016.2930.000) 05/09 13:59:40 Image size of job updated: 5379316
	4503  -  MemoryUsage of job (MB)
	4610892  -  ResidentSetSize of job (KB)
...
006 (016.2930.000) 05/09 13:59:45 Image size of job updated: 5379316
	4539  -  MemoryUsage of job (MB)
	4647852  -  ResidentSetSize of job (KB)
...
006 (016.2930.000) 05/09 13:59:50 Image size of job updated: 5489908
	4577  -  MemoryUsage of job (MB)
	4686264  -  ResidentSetSize of job (KB)
...
006 (016.2930.000) 05/09 13:59:55 Image size of job updated: 5489908
	4615  -  MemoryUsage of job (MB)
	4724808  -  ResidentSetSize of job (KB)
...
006 (016.2930.000) 05/09 14:00:00 Image size of job updated: 5489908
	4652  -  MemoryUsage of job (MB)
	4762956  -  ResidentSetSize of job (KB)
...
006 (016.2930.000) 05/09 14:00:05 Image size of job updated: 5605620
	4689  -  MemoryUsage of job (MB)
	4801500  -  ResidentSetSize of job (KB)
...
006 (016.2930.000) 05/09 14:00:10 Image size of job updated: 5605620
	4725  -  MemoryUsage of job (MB)
	4837932  -  ResidentSetSize of job (KB)
...
006 (016.2930.000) 05/09 14:00:15 Image size of job updated: 5605620
	4759  -  MemoryUsage of job (MB)
	4872912  -  ResidentSetSize of job (KB)
...
006 (016.2930.000) 05/09 14:00:23 Image size of job updated: 5715188
	4785  -  MemoryUsage of job (MB)
	4899840  -  ResidentSetSize of job (KB)
...
006 (016.2930.000) 05/09 14:00:28 Image size of job updated: 5717236
	4821  -  MemoryUsage of job (MB)
	4936668  -  ResidentSetSize of job (KB)
...
006 (016.2930.000) 05/09 14:00:33 Image size of job updated: 5717236
	4858  -  MemoryUsage of job (MB)
	4973760  -  ResidentSetSize of job (KB)
...
006 (016.2930.000) 05/09 14:00:38 Image size of job updated: 5825780
	4894  -  MemoryUsage of job (MB)
	5010456  -  ResidentSetSize of job (KB)
...
006 (016.2930.000) 05/09 14:00:43 Image size of job updated: 5836020
	4931  -  MemoryUsage of job (MB)
	5048604  -  ResidentSetSize of job (KB)
...
006 (016.2930.000) 05/09 14:00:48 Image size of job updated: 5836020
	4969  -  MemoryUsage of job (MB)
	5087808  -  ResidentSetSize of job (KB)
...
006 (016.2930.000) 05/09 14:00:53 Image size of job updated: 6115572
	5188  -  MemoryUsage of job (MB)
	5312472  -  ResidentSetSize of job (KB)
...
006 (016.2930.000) 05/09 14:00:58 Image size of job updated: 6115572
	5189  -  MemoryUsage of job (MB)
	5312604  -  ResidentSetSize of job (KB)
...
005 (016.2930.000) 05/09 14:00:59 Job terminated.
	(1) Normal termination (return value 0)
		Usr 0 00:27:03, Sys 0 00:00:09  -  Run Remote Usage
		Usr 0 00:00:00, Sys 0 00:00:00  -  Run Local Usage
		Usr 0 00:27:03, Sys 0 00:00:09  -  Total Remote Usage
		Usr 0 00:00:00, Sys 0 00:00:00  -  Total Local Usage
	0  -  Run Bytes Sent By Job
	0  -  Run Bytes Received By Job
	0  -  Total Bytes Sent By Job
	0  -  Total Bytes Received By Job
	Partitionable Resources :      Usage  Request Allocated 
	   Cpus                 :       0.98        1         1 
	   Disk (KB)            : 2000000     2000000   6275465 
	   Memory (MB)          :    5189        1954      2007 
...
