000 (005.8112.000) 05/05 20:25:14 Job submitted from host: <127.0.0.1:9618?addrs=127.0.0.1-9618&noUDP&sock=227_4816_4>
...
033 (005.8112.000) 05/06 14:17:43 Changing job attribute JobPrio from 0 to -10
...
009 (005.8112.000) 05/07 21:45:01 Job was aborted by the user.
	via condor_rm (by user aw868)
...
000 (011.1061.000) 05/08 17:21:22 Job submitted from host: <127.0.0.1:9618?addrs=127.0.0.1-9618&noUDP&sock=212_fe2a_4>
...
033 (011.1061.000) 05/08 20:41:36 Changing job attribute JobPrio from 0 to -5
...
001 (011.1061.000) 05/09 00:53:02 Job executing on host: <127.0.0.1:9618?addrs=127.0.0.1-9618&noUDP&sock=212_fe2a_5>
...
006 (011.1061.000) 05/09 00:53:08 Image size of job updated: 2000000
	36  -  MemoryUsage of job (MB)
	36828  -  ResidentSetSize of job (KB)
...
006 (011.1061.000) 05/09 00:53:14 Image size of job updated: 2000000
	101  -  MemoryUsage of job (MB)
	102432  -  ResidentSetSize of job (KB)
...
006 (011.1061.000) 05/09 00:56:45 Image size of job updated: 2000000
	157  -  MemoryUsage of job (MB)
	159852  -  ResidentSetSize of job (KB)
...
006 (011.1061.000) 05/09 00:56:50 Image size of job updated: 2000000
	184  -  MemoryUsage of job (MB)
	187440  -  ResidentSetSize of job (KB)
...
006 (011.1061.000) 05/09 00:56:55 Image size of job updated: 2000000
	184  -  MemoryUsage of job (MB)
	187836  -  ResidentSetSize of job (KB)
...
006 (011.1061.000) 05/09 00:57:00 Image size of job updated: 2000000
	191  -  MemoryUsage of job (MB)
	195360  -  ResidentSetSize of job (KB)
...
006 (011.1061.000) 05/09 00:57:05 Image size of job updated: 2000000
	206  -  MemoryUsage of job (MB)
	210144  -  ResidentSetSize of job (KB)
...
006 (011.1061.000) 05/09 00:57:10 Image size of job updated: 2000000
	218  -  MemoryUsage of job (MB)
	222948  -  ResidentSetSize of job (KB)
...
006 (011.1061.000) 05/09 00:57:15 Image size of job updated: 2000000
	229  -  MemoryUsage of job (MB)
	233772  -  ResidentSetSize of job (KB)
...
006 (011.1061.000) 05/09 00:57:20 Image size of job updated: 2000000
	237  -  MemoryUsage of job (MB)
	241956  -  ResidentSetSize of job (KB)
...
006 (011.1061.000) 05/09 00:57:25 Image size of job updated: 2000000
	240  -  MemoryUsage of job (MB)
	245652  -  ResidentSetSize of job (KB)
...
006 (011.1061.000) 05/09 00:57:30 Image size of job updated: 2000000
	275  -  MemoryUsage of job (MB)
	281292  -  ResidentSetSize of job (KB)
...
006 (011.1061.000) 05/09 00:57:35 Image size of job updated: 2000000
	305  -  MemoryUsage of job (MB)
	312180  -  ResidentSetSize of job (KB)
...
006 (011.1061.000) 05/09 00:57:40 Image size of job updated: 2000000
	328  -  MemoryUsage of job (MB)
	335544  -  ResidentSetSize of job (KB)
...
006 (011.1061.000) 05/09 00:57:45 Image size of job updated: 2000000
	356  -  MemoryUsage of job (MB)
	364320  -  ResidentSetSize of job (KB)
...
006 (011.1061.000) 05/09 00:57:50 Image size of job updated: 2000000
	412  -  MemoryUsage of job (MB)
	421212  -  ResidentSetSize of job (KB)
...
006 (011.1061.000) 05/09 00:57:55 Image size of job updated: 2000000
	459  -  MemoryUsage of job (MB)
	469128  -  ResidentSetSize of job (KB)
...
006 (011.1061.000) 05/09 00:58:00 Image size of job updated: 2000000
	1168  -  MemoryUsage of job (MB)
	1195788  -  ResidentSetSize of job (KB)
...
006 (011.1061.000) 05/09 01:12:06 Image size of job updated: 2000000
	1185  -  MemoryUsage of job (MB)
	1213080  -  ResidentSetSize of job (KB)
...
006 (011.1061.000) 05/09 01:12:12 Image size of job updated: 2000000
	1532  -  MemoryUsage of job (MB)
	1568424  -  ResidentSetSize of job (KB)
...
006 (011.1061.000) 05/09 01:12:18 Image size of job updated: 2193292
	1669  -  MemoryUsage of job (MB)
	1708476  -  ResidentSetSize of job (KB)
...
006 (011.1061.000) 05/09 01:12:24 Image size of job updated: 2193292
	1878  -  MemoryUsage of job (MB)
	1922976  -  ResidentSetSize of job (KB)
...
006 (011.1061.000) 05/09 01:12:30 Image size of job updated: 2561004
	1879  -  MemoryUsage of job (MB)
	1924032  -  ResidentSetSize of job (KB)
...
006 (011.1061.000) 05/09 01:12:36 Image size of job updated: 2561004
	1894  -  MemoryUsage of job (MB)
	1938552  -  ResidentSetSize of job (KB)
...
006 (011.1061.000) 05/09 01:12:42 Image size of job updated: 2561004
	1913  -  MemoryUsage of job (MB)
	1958484  -  ResidentSetSize of job (KB)
...
006 (011.1061.000) 05/09 01:12:48 Image size of job updated: 2607084
	1930  -  MemoryUsage of job (MB)
	1976304  -  ResidentSetSize of job (KB)
...
006 (011.1061.000) 05/09 01:12:54 Image size of job updated: 2620396
	1942  -  MemoryUsage of job (MB)
	1988448  -  ResidentSetSize of job (KB)
...
006 (011.1061.000) 05/09 01:13:00 Image size of job updated: 2631660
	1952  -  MemoryUsage of job (MB)
	1997952  -  ResidentSetSize of job (KB)
...
006 (011.1061.000) 05/09 01:13:06 Image size of job updated: 2649068
	1965  -  MemoryUsage of job (MB)
	2011284  -  ResidentSetSize of job (KB)
...
006 (011.1061.000) 05/09 01:13:12 Image size of job updated: 2653164
	1971  -  MemoryUsage of job (MB)
	2018148  -  ResidentSetSize of job (KB)
...
006 (011.1061.000) 05/09 01:13:18 Image size of job updated: 2663404
	1983  -  MemoryUsage of job (MB)
	2030160  -  ResidentSetSize of job (KB)
...
006 (011.1061.000) 05/09 01:13:24 Image size of job updated: 2663404
	1992  -  MemoryUsage of job (MB)
	2039136  -  ResidentSetSize of job (KB)
...
006 (011.1061.000) 05/09 01:13:30 Image size of job updated: 2680812
	1999  -  MemoryUsage of job (MB)
	2046528  -  ResidentSetSize of job (KB)
...
006 (011.1061.000) 05/09 01:13:39 Image size of job updated: 2680812
	2006  -  MemoryUsage of job (MB)
	2053656  -  ResidentSetSize of job (KB)
...
006 (011.1061.000) 05/09 01:14:16 Image size of job updated: 2728940
	2008  -  MemoryUsage of job (MB)
	2056032  -  ResidentSetSize of job (KB)
...
006 (011.1061.000) 05/09 01:14:40 Image size of job updated: 2777068
	2043  -  MemoryUsage of job (MB)
	2091936  -  ResidentSetSize of job (KB)
...
006 (011.1061.000) 05/09 01:14:55 Image size of job updated: 2796524
	2067  -  MemoryUsage of job (MB)
	2115828  -  ResidentSetSize of job (KB)
...
006 (011.1061.000) 05/09 01:15:04 Image size of job updated: 2801644
	2081  -  MemoryUsage of job (MB)
	2130216  -  ResidentSetSize of job (KB)
...
006 (011.1061.000) 05/09 01:15:10 Image size of job updated: 2821100
	2091  -  MemoryUsage of job (MB)
	2141040  -  ResidentSetSize of job (KB)
...
006 (011.1061.000) 05/09 01:15:16 Image size of job updated: 2830316
	2100  -  MemoryUsage of job (MB)
	2149620  -  ResidentSetSize of job (KB)
...
006 (011.1061.000) 05/09 01:15:22 Image size of job updated: 2837484
	2110  -  MemoryUsage of job (MB)
	2160444  -  ResidentSetSize of job (KB)
...
006 (011.1061.000) 05/09 01:15:28 Image size of job updated: 2854892
	2120  -  MemoryUsage of job (MB)
	2169948  -  ResidentSetSize of job (KB)
...
006 (011.1061.000) 05/09 01:15:34 Image size of job updated: 2854892
	2130  -  MemoryUsage of job (MB)
	2180112  -  ResidentSetSize of job (KB)
...
006 (011.1061.000) 05/09 01:15:40 Image size of job updated: 2854892
	2140  -  MemoryUsage of job (MB)
	2190804  -  ResidentSetSize of job (KB)
...
006 (011.1061.000) 05/09 01:15:46 Image size of job updated: 2877420
	2150  -  MemoryUsage of job (MB)
	2200968  -  ResidentSetSize of job (KB)
...
006 (011.1061.000) 05/09 01:15:52 Image size of job updated: 2877420
	2162  -  MemoryUsage of job (MB)
	2213376  -  ResidentSetSize of job (KB)
...
006 (011.1061.000) 05/09 01:15:58 Image size of job updated: 2910188
	2176  -  MemoryUsage of job (MB)
	2227764  -  ResidentSetSize of job (KB)
...
006 (011.1061.000) 05/09 01:16:04 Image size of job updated: 2910188
	2186  -  MemoryUsage of job (MB)
	2238192  -  ResidentSetSize of job (KB)
...
006 (011.1061.000) 05/09 01:16:10 Image size of job updated: 2910188
	2196  -  MemoryUsage of job (MB)
	2248356  -  ResidentSetSize of job (KB)
...
006 (011.1061.000) 05/09 01:16:16 Image size of job updated: 2937836
	2206  -  MemoryUsage of job (MB)
	2258124  -  ResidentSetSize of job (KB)
...
006 (011.1061.000) 05/09 01:16:22 Image size of job updated: 2950124
	2221  -  MemoryUsage of job (MB)
	2273964  -  ResidentSetSize of job (KB)
...
006 (011.1061.000) 05/09 01:16:28 Image size of job updated: 2970604
	2236  -  MemoryUsage of job (MB)
	2289276  -  ResidentSetSize of job (KB)
...
006 (011.1061.000) 05/09 01:16:34 Image size of job updated: 2970604
	2250  -  MemoryUsage of job (MB)
	2303796  -  ResidentSetSize of job (KB)
...
006 (011.1061.000) 05/09 01:16:40 Image size of job updated: 2970604
	2266  -  MemoryUsage of job (MB)
	2319768  -  ResidentSetSize of job (KB)
...
006 (011.1061.000) 05/09 01:16:46 Image size of job updated: 3014636
	2279  -  MemoryUsage of job (MB)
	2333496  -  ResidentSetSize of job (KB)
...
006 (011.1061.000) 05/09 01:16:52 Image size of job updated: 3014636
	2291  -  MemoryUsage of job (MB)
	2345508  -  ResidentSetSize of job (KB)
...
006 (011.1061.000) 05/09 01:16:58 Image size of job updated: 3014636
	2300  -  MemoryUsage of job (MB)
	2355144  -  ResidentSetSize of job (KB)
...
006 (011.1061.000) 05/09 01:17:04 Image size of job updated: 3040236
	2311  -  MemoryUsage of job (MB)
	2365572  -  ResidentSetSize of job (KB)
...
006 (011.1061.000) 05/09 01:17:10 Image size of job updated: 3055596
	2321  -  MemoryUsage of job (MB)
	2376396  -  ResidentSetSize of job (KB)
...
006 (011.1061.000) 05/09 01:17:16 Image size of job updated: 3066860
	2331  -  MemoryUsage of job (MB)
	2386692  -  ResidentSetSize of job (KB)
...
006 (011.1061.000) 05/09 01:17:22 Image size of job updated: 3076076
	2341  -  MemoryUsage of job (MB)
	2396592  -  ResidentSetSize of job (KB)
...
006 (011.1061.000) 05/09 01:17:28 Image size of job updated: 3087340
	2351  -  MemoryUsage of job (MB)
	2407284  -  ResidentSetSize of job (KB)
...
006 (011.1061.000) 05/09 01:17:34 Image size of job updated: 3095532
	2363  -  MemoryUsage of job (MB)
	2419560  -  ResidentSetSize of job (KB)
...
006 (011.1061.000) 05/09 01:17:40 Image size of job updated: 3095532
	2372  -  MemoryUsage of job (MB)
	2428272  -  ResidentSetSize of job (KB)
...
006 (011.1061.000) 05/09 01:17:46 Image size of job updated: 3119084
	2381  -  MemoryUsage of job (MB)
	2437248  -  ResidentSetSize of job (KB)
...
006 (011.1061.000) 05/09 01:17:52 Image size of job updated: 3130348
	2396  -  MemoryUsage of job (MB)
	2453484  -  ResidentSetSize of job (KB)
...
006 (011.1061.000) 05/09 01:17:58 Image size of job updated: 3151852
	2410  -  MemoryUsage of job (MB)
	2466948  -  ResidentSetSize of job (KB)
...
006 (011.1061.000) 05/09 01:18:04 Image size of job updated: 3152876
	2424  -  MemoryUsage of job (MB)
	2481732  -  ResidentSetSize of job (KB)
...
006 (011.1061.000) 05/09 01:18:10 Image size of job updated: 3171308
	2438  -  MemoryUsage of job (MB)
	2495988  -  ResidentSetSize of job (KB)
...
006 (011.1061.000) 05/09 01:18:16 Image size of job updated: 3188716
	2451  -  MemoryUsage of job (MB)
	2509188  -  ResidentSetSize of job (KB)
...
006 (011.1061.000) 05/09 01:18:22 Image size of job updated: 3188716
	2463  -  MemoryUsage of job (MB)
	2521464  -  ResidentSetSize of job (KB)
...
006 (011.1061.000) 05/09 01:18:28 Image size of job updated: 3212268
	2477  -  MemoryUsage of job (MB)
	2535720  -  ResidentSetSize of job (KB)
...
006 (011.1061.000) 05/09 01:18:33 Image size of job updated: 3229676
	2489  -  MemoryUsage of job (MB)
	2548524  -  ResidentSetSize of job (KB)
...
006 (011.1061.000) 05/09 01:18:39 Image size of job updated: 3240940
	2503  -  MemoryUsage of job (MB)
	2562384  -  ResidentSetSize of job (KB)
...
006 (011.1061.000) 05/09 01:18:45 Image size of job updated: 3260396
	2517  -  MemoryUsage of job (MB)
	2576640  -  ResidentSetSize of job (KB)
...
006 (011.1061.000) 05/09 01:18:51 Image size of job updated: 3260396
	2532  -  MemoryUsage of job (MB)
	2591952  -  ResidentSetSize of job (KB)
...
006 (011.1061.000) 05/09 01:18:57 Image size of job updated: 3260396
	2545  -  MemoryUsage of job (MB)
	2605812  -  ResidentSetSize of job (KB)
...
006 (011.1061.000) 05/09 01:19:03 Image size of job updated: 3297260
	2761  -  MemoryUsage of job (MB)
	2826252  -  ResidentSetSize of job (KB)
...
006 (011.1061.000) 05/09 01:19:09 Image size of job updated: 3297260
	2809  -  MemoryUsage of job (MB)
	2876280  -  ResidentSetSize of job (KB)
...
005 (011.1061.000) 05/09 01:19:12 Job terminated.
	(1) Normal termination (return value 0)
		Usr 0 00:22:15, Sys 0 00:00:05  -  Run Remote Usage
		Usr 0 00:00:00, Sys 0 00:00:00  -  Run Local Usage
		Usr 0 00:22:15, Sys 0 00:00:05  -  Total Remote Usage
		Usr 0 00:00:00, Sys 0 00:00:00  -  Total Local Usage
	0  -  Run Bytes Sent By Job
	0  -  Run Bytes Received By Job
	0  -  Total Bytes Sent By Job
	0  -  Total Bytes Received By Job
	Partitionable Resources :      Usage  Request Allocated 
	   Cpus                 :       1.00        1         1 
	   Disk (KB)            : 2000000     2000000   6232219 
	   Memory (MB)          :    2809        1954      2007 
...
