000 (016.1105.000) 05/10 03:37:46 Job submitted from host: <127.0.0.1:9618?addrs=127.0.0.1-9618&noUDP&sock=212_fe2a_4>
...
001 (016.1105.000) 05/10 09:49:46 Job executing on host: <127.0.0.1:9618?addrs=127.0.0.1-9618&noUDP&sock=212_fe2a_5>
...
006 (016.1105.000) 05/10 09:49:51 Image size of job updated: 2000000
	101  -  MemoryUsage of job (MB)
	102828  -  ResidentSetSize of job (KB)
...
006 (016.1105.000) 05/10 09:50:21 Image size of job updated: 2000000
	144  -  MemoryUsage of job (MB)
	147444  -  ResidentSetSize of job (KB)
...
006 (016.1105.000) 05/10 09:50:26 Image size of job updated: 2000000
	184  -  MemoryUsage of job (MB)
	187704  -  ResidentSetSize of job (KB)
...
006 (016.1105.000) 05/10 09:50:31 Image size of job updated: 2000000
	184  -  MemoryUsage of job (MB)
	188100  -  ResidentSetSize of job (KB)
...
006 (016.1105.000) 05/10 09:50:36 Image size of job updated: 2000000
	189  -  MemoryUsage of job (MB)
	192720  -  ResidentSetSize of job (KB)
...
006 (016.1105.000) 05/10 09:50:41 Image size of job updated: 2000000
	198  -  MemoryUsage of job (MB)
	202488  -  ResidentSetSize of job (KB)
...
006 (016.1105.000) 05/10 09:50:46 Image size of job updated: 2000000
	208  -  MemoryUsage of job (MB)
	212256  -  ResidentSetSize of job (KB)
...
006 (016.1105.000) 05/10 09:50:52 Image size of job updated: 2000000
	217  -  MemoryUsage of job (MB)
	222156  -  ResidentSetSize of job (KB)
...
006 (016.1105.000) 05/10 09:50:58 Image size of job updated: 2000000
	230  -  MemoryUsage of job (MB)
	234564  -  ResidentSetSize of job (KB)
...
006 (016.1105.000) 05/10 09:51:04 Image size of job updated: 2000000
	238  -  MemoryUsage of job (MB)
	243540  -  ResidentSetSize of job (KB)
...
006 (016.1105.000) 05/10 09:51:10 Image size of job updated: 2000000
	258  -  MemoryUsage of job (MB)
	263604  -  ResidentSetSize of job (KB)
...
006 (016.1105.000) 05/10 09:51:16 Image size of job updated: 2000000
	301  -  MemoryUsage of job (MB)
	307692  -  ResidentSetSize of job (KB)
...
006 (016.1105.000) 05/10 09:51:22 Image size of job updated: 2000000
	329  -  MemoryUsage of job (MB)
	335940  -  ResidentSetSize of job (KB)
...
006 (016.1105.000) 05/10 09:51:28 Image size of job updated: 2000000
	403  -  MemoryUsage of job (MB)
	412236  -  ResidentSetSize of job (KB)
...
006 (016.1105.000) 05/10 09:51:34 Image size of job updated: 2000000
	471  -  MemoryUsage of job (MB)
	482064  -  ResidentSetSize of job (KB)
...
006 (016.1105.000) 05/10 09:51:40 Image size of job updated: 2000000
	1171  -  MemoryUsage of job (MB)
	1198164  -  ResidentSetSize of job (KB)
...
006 (016.1105.000) 05/10 10:05:10 Image size of job updated: 2000000
	1172  -  MemoryUsage of job (MB)
	1199616  -  ResidentSetSize of job (KB)
...
006 (016.1105.000) 05/10 10:05:16 Image size of job updated: 2000000
	1202  -  MemoryUsage of job (MB)
	1230240  -  ResidentSetSize of job (KB)
...
006 (016.1105.000) 05/10 10:05:22 Image size of job updated: 2000000
	1553  -  MemoryUsage of job (MB)
	1590072  -  ResidentSetSize of job (KB)
...
006 (016.1105.000) 05/10 10:05:28 Image size of job updated: 2000000
	1675  -  MemoryUsage of job (MB)
	1714284  -  ResidentSetSize of job (KB)
...
006 (016.1105.000) 05/10 10:05:34 Image size of job updated: 2360264
	1885  -  MemoryUsage of job (MB)
	1929312  -  ResidentSetSize of job (KB)
...
006 (016.1105.000) 05/10 10:05:40 Image size of job updated: 2360264
	1885  -  MemoryUsage of job (MB)
	1929840  -  ResidentSetSize of job (KB)
...
006 (016.1105.000) 05/10 10:05:46 Image size of job updated: 2561000
	1886  -  MemoryUsage of job (MB)
	1930368  -  ResidentSetSize of job (KB)
...
006 (016.1105.000) 05/10 10:05:52 Image size of job updated: 2565096
	1891  -  MemoryUsage of job (MB)
	1935912  -  ResidentSetSize of job (KB)
...
006 (016.1105.000) 05/10 10:05:58 Image size of job updated: 2565096
	1896  -  MemoryUsage of job (MB)
	1941060  -  ResidentSetSize of job (KB)
...
006 (016.1105.000) 05/10 10:06:04 Image size of job updated: 2572264
	1901  -  MemoryUsage of job (MB)
	1946076  -  ResidentSetSize of job (KB)
...
006 (016.1105.000) 05/10 10:06:10 Image size of job updated: 2572264
	1905  -  MemoryUsage of job (MB)
	1950300  -  ResidentSetSize of job (KB)
...
006 (016.1105.000) 05/10 10:06:16 Image size of job updated: 2583528
	1908  -  MemoryUsage of job (MB)
	1953732  -  ResidentSetSize of job (KB)
...
006 (016.1105.000) 05/10 10:06:22 Image size of job updated: 2583528
	1913  -  MemoryUsage of job (MB)
	1958616  -  ResidentSetSize of job (KB)
...
006 (016.1105.000) 05/10 10:06:28 Image size of job updated: 2583528
	1918  -  MemoryUsage of job (MB)
	1963632  -  ResidentSetSize of job (KB)
...
006 (016.1105.000) 05/10 10:06:34 Image size of job updated: 2594792
	1922  -  MemoryUsage of job (MB)
	1967856  -  ResidentSetSize of job (KB)
...
006 (016.1105.000) 05/10 10:06:40 Image size of job updated: 2594792
	1926  -  MemoryUsage of job (MB)
	1972080  -  ResidentSetSize of job (KB)
...
006 (016.1105.000) 05/10 10:06:46 Image size of job updated: 2606056
	1931  -  MemoryUsage of job (MB)
	1976436  -  ResidentSetSize of job (KB)
...
006 (016.1105.000) 05/10 10:06:52 Image size of job updated: 2607080
	1934  -  MemoryUsage of job (MB)
	1979868  -  ResidentSetSize of job (KB)
...
006 (016.1105.000) 05/10 10:06:58 Image size of job updated: 2607080
	1937  -  MemoryUsage of job (MB)
	1983168  -  ResidentSetSize of job (KB)
...
006 (016.1105.000) 05/10 10:07:04 Image size of job updated: 2615272
	1941  -  MemoryUsage of job (MB)
	1987392  -  ResidentSetSize of job (KB)
...
006 (016.1105.000) 05/10 10:07:10 Image size of job updated: 2615272
	1946  -  MemoryUsage of job (MB)
	1991748  -  ResidentSetSize of job (KB)
...
006 (016.1105.000) 05/10 10:07:16 Image size of job updated: 2626536
	1951  -  MemoryUsage of job (MB)
	1997688  -  ResidentSetSize of job (KB)
...
006 (016.1105.000) 05/10 10:07:22 Image size of job updated: 2626536
	1955  -  MemoryUsage of job (MB)
	2001912  -  ResidentSetSize of job (KB)
...
006 (016.1105.000) 05/10 10:07:28 Image size of job updated: 2626536
	1959  -  MemoryUsage of job (MB)
	2005608  -  ResidentSetSize of job (KB)
...
006 (016.1105.000) 05/10 10:07:34 Image size of job updated: 2639848
	1964  -  MemoryUsage of job (MB)
	2010228  -  ResidentSetSize of job (KB)
...
006 (016.1105.000) 05/10 10:07:40 Image size of job updated: 2641896
	1968  -  MemoryUsage of job (MB)
	2015112  -  ResidentSetSize of job (KB)
...
006 (016.1105.000) 05/10 10:07:46 Image size of job updated: 2648040
	1971  -  MemoryUsage of job (MB)
	2018016  -  ResidentSetSize of job (KB)
...
006 (016.1105.000) 05/10 10:07:52 Image size of job updated: 2648040
	1976  -  MemoryUsage of job (MB)
	2022636  -  ResidentSetSize of job (KB)
...
006 (016.1105.000) 05/10 10:07:58 Image size of job updated: 2648040
	1980  -  MemoryUsage of job (MB)
	2026728  -  ResidentSetSize of job (KB)
...
006 (016.1105.000) 05/10 10:08:04 Image size of job updated: 2661352
	1984  -  MemoryUsage of job (MB)
	2031084  -  ResidentSetSize of job (KB)
...
006 (016.1105.000) 05/10 10:08:10 Image size of job updated: 2661352
	1989  -  MemoryUsage of job (MB)
	2035836  -  ResidentSetSize of job (KB)
...
006 (016.1105.000) 05/10 10:08:16 Image size of job updated: 2670568
	1993  -  MemoryUsage of job (MB)
	2040324  -  ResidentSetSize of job (KB)
...
006 (016.1105.000) 05/10 10:08:22 Image size of job updated: 2674664
	1997  -  MemoryUsage of job (MB)
	2044548  -  ResidentSetSize of job (KB)
...
006 (016.1105.000) 05/10 10:08:28 Image size of job updated: 2674664
	2000  -  MemoryUsage of job (MB)
	2047848  -  ResidentSetSize of job (KB)
...
006 (016.1105.000) 05/10 10:08:34 Image size of job updated: 2681832
	2004  -  MemoryUsage of job (MB)
	2051676  -  ResidentSetSize of job (KB)
...
006 (016.1105.000) 05/10 10:08:40 Image size of job updated: 2681832
	2009  -  MemoryUsage of job (MB)
	2056560  -  ResidentSetSize of job (KB)
...
006 (016.1105.000) 05/10 10:08:46 Image size of job updated: 2691048
	2013  -  MemoryUsage of job (MB)
	2061048  -  ResidentSetSize of job (KB)
...
006 (016.1105.000) 05/10 10:08:52 Image size of job updated: 2691048
	2017  -  MemoryUsage of job (MB)
	2065404  -  ResidentSetSize of job (KB)
...
006 (016.1105.000) 05/10 10:08:58 Image size of job updated: 2691048
	2024  -  MemoryUsage of job (MB)
	2072004  -  ResidentSetSize of job (KB)
...
006 (016.1105.000) 05/10 10:09:04 Image size of job updated: 2706408
	2028  -  MemoryUsage of job (MB)
	2076096  -  ResidentSetSize of job (KB)
...
006 (016.1105.000) 05/10 10:09:10 Image size of job updated: 2711528
	2176  -  MemoryUsage of job (MB)
	2227368  -  ResidentSetSize of job (KB)
...
005 (016.1105.000) 05/10 10:09:16 Job terminated.
	(1) Normal termination (return value 0)
		Usr 0 00:18:58, Sys 0 00:00:02  -  Run Remote Usage
		Usr 0 00:00:00, Sys 0 00:00:00  -  Run Local Usage
		Usr 0 00:18:58, Sys 0 00:00:02  -  Total Remote Usage
		Usr 0 00:00:00, Sys 0 00:00:00  -  Total Local Usage
	0  -  Run Bytes Sent By Job
	0  -  Run Bytes Received By Job
	0  -  Total Bytes Sent By Job
	0  -  Total Bytes Received By Job
	Partitionable Resources :      Usage  Request Allocated 
	   Cpus                 :       1.00        1         1 
	   Disk (KB)            : 2000000     2000000   6232219 
	   Memory (MB)          :    2176        1954      2007 
...
