000 (005.5586.000) 05/05 20:24:01 Job submitted from host: <127.0.0.1:9618?addrs=127.0.0.1-9618&noUDP&sock=227_4816_4>
...
033 (005.5586.000) 05/06 14:17:02 Changing job attribute JobPrio from 0 to -10
...
001 (005.5586.000) 05/07 12:03:36 Job executing on host: <127.0.0.1:9618?addrs=127.0.0.1-9618&noUDP&sock=227_4816_5>
...
006 (005.5586.000) 05/07 12:03:42 Image size of job updated: 2000000
	101  -  MemoryUsage of job (MB)
	102828  -  ResidentSetSize of job (KB)
...
006 (005.5586.000) 05/07 12:04:06 Image size of job updated: 2000000
	119  -  MemoryUsage of job (MB)
	121440  -  ResidentSetSize of job (KB)
...
006 (005.5586.000) 05/07 12:04:13 Image size of job updated: 2000000
	184  -  MemoryUsage of job (MB)
	187836  -  ResidentSetSize of job (KB)
...
006 (005.5586.000) 05/07 12:04:18 Image size of job updated: 2000000
	184  -  MemoryUsage of job (MB)
	188232  -  ResidentSetSize of job (KB)
...
006 (005.5586.000) 05/07 12:04:23 Image size of job updated: 2000000
	187  -  MemoryUsage of job (MB)
	190740  -  ResidentSetSize of job (KB)
...
006 (005.5586.000) 05/07 12:04:28 Image size of job updated: 2000000
	197  -  MemoryUsage of job (MB)
	200772  -  ResidentSetSize of job (KB)
...
006 (005.5586.000) 05/07 12:04:33 Image size of job updated: 2000000
	206  -  MemoryUsage of job (MB)
	210804  -  ResidentSetSize of job (KB)
...
006 (005.5586.000) 05/07 12:04:38 Image size of job updated: 2000000
	214  -  MemoryUsage of job (MB)
	218856  -  ResidentSetSize of job (KB)
...
006 (005.5586.000) 05/07 12:04:43 Image size of job updated: 2000000
	224  -  MemoryUsage of job (MB)
	228888  -  ResidentSetSize of job (KB)
...
006 (005.5586.000) 05/07 12:04:48 Image size of job updated: 2000000
	233  -  MemoryUsage of job (MB)
	237996  -  ResidentSetSize of job (KB)
...
006 (005.5586.000) 05/07 12:04:53 Image size of job updated: 2000000
	240  -  MemoryUsage of job (MB)
	244860  -  ResidentSetSize of job (KB)
...
006 (005.5586.000) 05/07 12:04:58 Image size of job updated: 2000000
	266  -  MemoryUsage of job (MB)
	272184  -  ResidentSetSize of job (KB)
...
006 (005.5586.000) 05/07 12:05:03 Image size of job updated: 2000000
	303  -  MemoryUsage of job (MB)
	309276  -  ResidentSetSize of job (KB)
...
006 (005.5586.000) 05/07 12:05:08 Image size of job updated: 2000000
	329  -  MemoryUsage of job (MB)
	336072  -  ResidentSetSize of job (KB)
...
006 (005.5586.000) 05/07 12:05:13 Image size of job updated: 2000000
	377  -  MemoryUsage of job (MB)
	385704  -  ResidentSetSize of job (KB)
...
006 (005.5586.000) 05/07 12:05:18 Image size of job updated: 2000000
	439  -  MemoryUsage of job (MB)
	449196  -  ResidentSetSize of job (KB)
...
006 (005.5586.000) 05/07 12:05:23 Image size of job updated: 2000000
	1171  -  MemoryUsage of job (MB)
	1198296  -  ResidentSetSize of job (KB)
...
006 (005.5586.000) 05/07 12:18:05 Image size of job updated: 2000000
	1173  -  MemoryUsage of job (MB)
	1200276  -  ResidentSetSize of job (KB)
...
006 (005.5586.000) 05/07 12:18:10 Image size of job updated: 2000000
	1225  -  MemoryUsage of job (MB)
	1253736  -  ResidentSetSize of job (KB)
...
006 (005.5586.000) 05/07 12:18:15 Image size of job updated: 2201480
	1553  -  MemoryUsage of job (MB)
	1590204  -  ResidentSetSize of job (KB)
...
006 (005.5586.000) 05/07 12:18:20 Image size of job updated: 2270664
	1685  -  MemoryUsage of job (MB)
	1724976  -  ResidentSetSize of job (KB)
...
006 (005.5586.000) 05/07 12:18:25 Image size of job updated: 2603752
	1885  -  MemoryUsage of job (MB)
	1929708  -  ResidentSetSize of job (KB)
...
006 (005.5586.000) 05/07 12:18:30 Image size of job updated: 2603752
	1942  -  MemoryUsage of job (MB)
	1987920  -  ResidentSetSize of job (KB)
...
006 (005.5586.000) 05/07 12:18:35 Image size of job updated: 2626536
	1976  -  MemoryUsage of job (MB)
	2022768  -  ResidentSetSize of job (KB)
...
006 (005.5586.000) 05/07 12:18:40 Image size of job updated: 2626536
	2006  -  MemoryUsage of job (MB)
	2054052  -  ResidentSetSize of job (KB)
...
006 (005.5586.000) 05/07 12:18:45 Image size of job updated: 2626536
	2039  -  MemoryUsage of job (MB)
	2087580  -  ResidentSetSize of job (KB)
...
006 (005.5586.000) 05/07 12:18:50 Image size of job updated: 2724840
	2074  -  MemoryUsage of job (MB)
	2122824  -  ResidentSetSize of job (KB)
...
006 (005.5586.000) 05/07 12:18:55 Image size of job updated: 2724840
	2105  -  MemoryUsage of job (MB)
	2154900  -  ResidentSetSize of job (KB)
...
006 (005.5586.000) 05/07 12:19:00 Image size of job updated: 2812904
	2133  -  MemoryUsage of job (MB)
	2183544  -  ResidentSetSize of job (KB)
...
006 (005.5586.000) 05/07 12:19:05 Image size of job updated: 2819048
	2158  -  MemoryUsage of job (MB)
	2209680  -  ResidentSetSize of job (KB)
...
006 (005.5586.000) 05/07 12:19:10 Image size of job updated: 2841576
	2188  -  MemoryUsage of job (MB)
	2239908  -  ResidentSetSize of job (KB)
...
006 (005.5586.000) 05/07 12:19:15 Image size of job updated: 2841576
	2212  -  MemoryUsage of job (MB)
	2264196  -  ResidentSetSize of job (KB)
...
006 (005.5586.000) 05/07 12:19:20 Image size of job updated: 2896872
	2237  -  MemoryUsage of job (MB)
	2290596  -  ResidentSetSize of job (KB)
...
006 (005.5586.000) 05/07 12:19:25 Image size of job updated: 2896872
	2265  -  MemoryUsage of job (MB)
	2319108  -  ResidentSetSize of job (KB)
...
006 (005.5586.000) 05/07 12:19:30 Image size of job updated: 2896872
	2291  -  MemoryUsage of job (MB)
	2344980  -  ResidentSetSize of job (KB)
...
006 (005.5586.000) 05/07 12:19:35 Image size of job updated: 2979816
	2323  -  MemoryUsage of job (MB)
	2378244  -  ResidentSetSize of job (KB)
...
006 (005.5586.000) 05/07 12:19:40 Image size of job updated: 2979816
	2353  -  MemoryUsage of job (MB)
	2409000  -  ResidentSetSize of job (KB)
...
006 (005.5586.000) 05/07 12:19:45 Image size of job updated: 3061736
	2388  -  MemoryUsage of job (MB)
	2444376  -  ResidentSetSize of job (KB)
...
006 (005.5586.000) 05/07 12:19:50 Image size of job updated: 3091432
	2425  -  MemoryUsage of job (MB)
	2482920  -  ResidentSetSize of job (KB)
...
006 (005.5586.000) 05/07 12:19:55 Image size of job updated: 3091432
	2462  -  MemoryUsage of job (MB)
	2520408  -  ResidentSetSize of job (KB)
...
006 (005.5586.000) 05/07 12:20:00 Image size of job updated: 3184616
	2498  -  MemoryUsage of job (MB)
	2557368  -  ResidentSetSize of job (KB)
...
006 (005.5586.000) 05/07 12:20:05 Image size of job updated: 3209192
	2536  -  MemoryUsage of job (MB)
	2596836  -  ResidentSetSize of job (KB)
...
006 (005.5586.000) 05/07 12:20:10 Image size of job updated: 3209192
	2574  -  MemoryUsage of job (MB)
	2635776  -  ResidentSetSize of job (KB)
...
006 (005.5586.000) 05/07 12:20:15 Image size of job updated: 3209192
	2610  -  MemoryUsage of job (MB)
	2672340  -  ResidentSetSize of job (KB)
...
006 (005.5586.000) 05/07 12:20:20 Image size of job updated: 3310568
	2643  -  MemoryUsage of job (MB)
	2705604  -  ResidentSetSize of job (KB)
...
006 (005.5586.000) 05/07 12:20:25 Image size of job updated: 3310568
	2682  -  MemoryUsage of job (MB)
	2745732  -  ResidentSetSize of job (KB)
...
006 (005.5586.000) 05/07 12:20:30 Image size of job updated: 3310568
	2719  -  MemoryUsage of job (MB)
	2784012  -  ResidentSetSize of job (KB)
...
006 (005.5586.000) 05/07 12:20:35 Image size of job updated: 3424232
	2753  -  MemoryUsage of job (MB)
	2818332  -  ResidentSetSize of job (KB)
...
006 (005.5586.000) 05/07 12:20:40 Image size of job updated: 3424232
	2779  -  MemoryUsage of job (MB)
	2845656  -  ResidentSetSize of job (KB)
...
006 (005.5586.000) 05/07 12:20:45 Image size of job updated: 3490792
	2811  -  MemoryUsage of job (MB)
	2877468  -  ResidentSetSize of job (KB)
...
006 (005.5586.000) 05/07 12:20:50 Image size of job updated: 3514344
	2837  -  MemoryUsage of job (MB)
	2904132  -  ResidentSetSize of job (KB)
...
006 (005.5586.000) 05/07 12:20:55 Image size of job updated: 3534824
	2864  -  MemoryUsage of job (MB)
	2932644  -  ResidentSetSize of job (KB)
...
006 (005.5586.000) 05/07 12:21:00 Image size of job updated: 3586024
	2890  -  MemoryUsage of job (MB)
	2959044  -  ResidentSetSize of job (KB)
...
006 (005.5586.000) 05/07 12:21:05 Image size of job updated: 3602408
	2918  -  MemoryUsage of job (MB)
	2987028  -  ResidentSetSize of job (KB)
...
006 (005.5586.000) 05/07 12:21:10 Image size of job updated: 3620840
	2944  -  MemoryUsage of job (MB)
	3014616  -  ResidentSetSize of job (KB)
...
006 (005.5586.000) 05/07 12:21:15 Image size of job updated: 3620840
	2970  -  MemoryUsage of job (MB)
	3040884  -  ResidentSetSize of job (KB)
...
006 (005.5586.000) 05/07 12:21:20 Image size of job updated: 3689448
	2998  -  MemoryUsage of job (MB)
	3069924  -  ResidentSetSize of job (KB)
...
006 (005.5586.000) 05/07 12:21:25 Image size of job updated: 3689448
	3027  -  MemoryUsage of job (MB)
	3099228  -  ResidentSetSize of job (KB)
...
006 (005.5586.000) 05/07 12:21:30 Image size of job updated: 3738600
	3056  -  MemoryUsage of job (MB)
	3128532  -  ResidentSetSize of job (KB)
...
006 (005.5586.000) 05/07 12:21:35 Image size of job updated: 3780584
	3084  -  MemoryUsage of job (MB)
	3157704  -  ResidentSetSize of job (KB)
...
006 (005.5586.000) 05/07 12:21:40 Image size of job updated: 3804136
	3111  -  MemoryUsage of job (MB)
	3184764  -  ResidentSetSize of job (KB)
...
006 (005.5586.000) 05/07 12:21:46 Image size of job updated: 3825640
	3145  -  MemoryUsage of job (MB)
	3219612  -  ResidentSetSize of job (KB)
...
006 (005.5586.000) 05/07 12:21:52 Image size of job updated: 3867624
	3181  -  MemoryUsage of job (MB)
	3256572  -  ResidentSetSize of job (KB)
...
006 (005.5586.000) 05/07 12:21:58 Image size of job updated: 3867624
	3214  -  MemoryUsage of job (MB)
	3291024  -  ResidentSetSize of job (KB)
...
006 (005.5586.000) 05/07 12:22:04 Image size of job updated: 3867624
	3245  -  MemoryUsage of job (MB)
	3322044  -  ResidentSetSize of job (KB)
...
006 (005.5586.000) 05/07 12:22:10 Image size of job updated: 3963880
	3277  -  MemoryUsage of job (MB)
	3354912  -  ResidentSetSize of job (KB)
...
006 (005.5586.000) 05/07 12:22:16 Image size of job updated: 4005864
	3310  -  MemoryUsage of job (MB)
	3389100  -  ResidentSetSize of job (KB)
...
006 (005.5586.000) 05/07 12:22:22 Image size of job updated: 4037608
	3348  -  MemoryUsage of job (MB)
	3427380  -  ResidentSetSize of job (KB)
...
006 (005.5586.000) 05/07 12:22:28 Image size of job updated: 4037608
	3382  -  MemoryUsage of job (MB)
	3462492  -  ResidentSetSize of job (KB)
...
006 (005.5586.000) 05/07 12:22:34 Image size of job updated: 4037608
	3413  -  MemoryUsage of job (MB)
	3494040  -  ResidentSetSize of job (KB)
...
006 (005.5586.000) 05/07 12:22:40 Image size of job updated: 4137960
	3443  -  MemoryUsage of job (MB)
	3525588  -  ResidentSetSize of job (KB)
...
006 (005.5586.000) 05/07 12:22:46 Image size of job updated: 4137960
	3477  -  MemoryUsage of job (MB)
	3559776  -  ResidentSetSize of job (KB)
...
006 (005.5586.000) 05/07 12:22:52 Image size of job updated: 4215784
	3509  -  MemoryUsage of job (MB)
	3593172  -  ResidentSetSize of job (KB)
...
006 (005.5586.000) 05/07 12:22:58 Image size of job updated: 4239336
	3539  -  MemoryUsage of job (MB)
	3623796  -  ResidentSetSize of job (KB)
...
006 (005.5586.000) 05/07 12:23:04 Image size of job updated: 4273128
	3575  -  MemoryUsage of job (MB)
	3660492  -  ResidentSetSize of job (KB)
...
006 (005.5586.000) 05/07 12:23:10 Image size of job updated: 4315112
	3615  -  MemoryUsage of job (MB)
	3701412  -  ResidentSetSize of job (KB)
...
006 (005.5586.000) 05/07 12:23:16 Image size of job updated: 4315112
	3653  -  MemoryUsage of job (MB)
	3740484  -  ResidentSetSize of job (KB)
...
006 (005.5586.000) 05/07 12:23:22 Image size of job updated: 4315112
	3684  -  MemoryUsage of job (MB)
	3772296  -  ResidentSetSize of job (KB)
...
006 (005.5586.000) 05/07 12:23:28 Image size of job updated: 4411368
	3713  -  MemoryUsage of job (MB)
	3801732  -  ResidentSetSize of job (KB)
...
006 (005.5586.000) 05/07 12:23:34 Image size of job updated: 4411368
	3748  -  MemoryUsage of job (MB)
	3837900  -  ResidentSetSize of job (KB)
...
006 (005.5586.000) 05/07 12:23:40 Image size of job updated: 4494312
	3780  -  MemoryUsage of job (MB)
	3870372  -  ResidentSetSize of job (KB)
...
006 (005.5586.000) 05/07 12:23:46 Image size of job updated: 4525032
	3811  -  MemoryUsage of job (MB)
	3901920  -  ResidentSetSize of job (KB)
...
006 (005.5586.000) 05/07 12:23:52 Image size of job updated: 4549608
	3842  -  MemoryUsage of job (MB)
	3934128  -  ResidentSetSize of job (KB)
...
006 (005.5586.000) 05/07 12:23:58 Image size of job updated: 4576232
	3876  -  MemoryUsage of job (MB)
	3968580  -  ResidentSetSize of job (KB)
...
006 (005.5586.000) 05/07 12:24:04 Image size of job updated: 4576232
	3912  -  MemoryUsage of job (MB)
	4004880  -  ResidentSetSize of job (KB)
...
006 (005.5586.000) 05/07 12:24:10 Image size of job updated: 4661224
	3941  -  MemoryUsage of job (MB)
	4035504  -  ResidentSetSize of job (KB)
...
006 (005.5586.000) 05/07 12:24:16 Image size of job updated: 4695016
	3974  -  MemoryUsage of job (MB)
	4068372  -  ResidentSetSize of job (KB)
...
006 (005.5586.000) 05/07 12:24:22 Image size of job updated: 4695016
	4006  -  MemoryUsage of job (MB)
	4102032  -  ResidentSetSize of job (KB)
...
006 (005.5586.000) 05/07 12:24:28 Image size of job updated: 4743144
	4038  -  MemoryUsage of job (MB)
	4134372  -  ResidentSetSize of job (KB)
...
006 (005.5586.000) 05/07 12:24:34 Image size of job updated: 4743144
	4072  -  MemoryUsage of job (MB)
	4169088  -  ResidentSetSize of job (KB)
...
006 (005.5586.000) 05/07 12:24:40 Image size of job updated: 4834280
	4107  -  MemoryUsage of job (MB)
	4204860  -  ResidentSetSize of job (KB)
...
006 (005.5586.000) 05/07 12:24:46 Image size of job updated: 4834280
	4142  -  MemoryUsage of job (MB)
	4240500  -  ResidentSetSize of job (KB)
...
006 (005.5586.000) 05/07 12:24:52 Image size of job updated: 4834280
	4172  -  MemoryUsage of job (MB)
	4271388  -  ResidentSetSize of job (KB)
...
006 (005.5586.000) 05/07 12:24:58 Image size of job updated: 4919272
	4206  -  MemoryUsage of job (MB)
	4306764  -  ResidentSetSize of job (KB)
...
006 (005.5586.000) 05/07 12:25:04 Image size of job updated: 4919272
	4241  -  MemoryUsage of job (MB)
	4342536  -  ResidentSetSize of job (KB)
...
006 (005.5586.000) 05/07 12:25:10 Image size of job updated: 5004264
	4272  -  MemoryUsage of job (MB)
	4374084  -  ResidentSetSize of job (KB)
...
006 (005.5586.000) 05/07 12:25:16 Image size of job updated: 5004264
	4305  -  MemoryUsage of job (MB)
	4407348  -  ResidentSetSize of job (KB)
...
006 (005.5586.000) 05/07 12:25:22 Image size of job updated: 5004264
	4339  -  MemoryUsage of job (MB)
	4442988  -  ResidentSetSize of job (KB)
...
006 (005.5586.000) 05/07 12:25:28 Image size of job updated: 5090280
	4372  -  MemoryUsage of job (MB)
	4476120  -  ResidentSetSize of job (KB)
...
006 (005.5586.000) 05/07 12:25:34 Image size of job updated: 5090280
	4405  -  MemoryUsage of job (MB)
	4510440  -  ResidentSetSize of job (KB)
...
006 (005.5586.000) 05/07 12:25:40 Image size of job updated: 5173224
	4438  -  MemoryUsage of job (MB)
	4544232  -  ResidentSetSize of job (KB)
...
006 (005.5586.000) 05/07 12:25:46 Image size of job updated: 5192680
	4472  -  MemoryUsage of job (MB)
	4579080  -  ResidentSetSize of job (KB)
...
006 (005.5586.000) 05/07 12:25:52 Image size of job updated: 5231592
	4507  -  MemoryUsage of job (MB)
	4615116  -  ResidentSetSize of job (KB)
...
006 (005.5586.000) 05/07 12:25:58 Image size of job updated: 5259240
	4539  -  MemoryUsage of job (MB)
	4647456  -  ResidentSetSize of job (KB)
...
006 (005.5586.000) 05/07 12:26:04 Image size of job updated: 5259240
	4572  -  MemoryUsage of job (MB)
	4680852  -  ResidentSetSize of job (KB)
...
006 (005.5586.000) 05/07 12:26:10 Image size of job updated: 5259240
	4607  -  MemoryUsage of job (MB)
	4716756  -  ResidentSetSize of job (KB)
...
006 (005.5586.000) 05/07 12:26:16 Image size of job updated: 5355496
	4640  -  MemoryUsage of job (MB)
	4750680  -  ResidentSetSize of job (KB)
...
006 (005.5586.000) 05/07 12:26:22 Image size of job updated: 5404648
	4704  -  MemoryUsage of job (MB)
	4816680  -  ResidentSetSize of job (KB)
...
006 (005.5586.000) 05/07 12:26:28 Image size of job updated: 5628904
	4882  -  MemoryUsage of job (MB)
	4998576  -  ResidentSetSize of job (KB)
...
005 (005.5586.000) 05/07 12:26:32 Job terminated.
	(1) Normal termination (return value 0)
		Usr 0 00:22:24, Sys 0 00:00:04  -  Run Remote Usage
		Usr 0 00:00:00, Sys 0 00:00:00  -  Run Local Usage
		Usr 0 00:22:24, Sys 0 00:00:04  -  Total Remote Usage
		Usr 0 00:00:00, Sys 0 00:00:00  -  Total Local Usage
	0  -  Run Bytes Sent By Job
	0  -  Run Bytes Received By Job
	0  -  Total Bytes Sent By Job
	0  -  Total Bytes Received By Job
	Partitionable Resources :      Usage  Request Allocated 
	   Cpus                 :       1.00        1         1 
	   Disk (KB)            : 2000000     2000000   6275465 
	   Memory (MB)          :    4882        1954      2007 
...
