000 (205.4494.000) 05/06 03:19:39 Job submitted from host: <127.0.0.1:9618?addrs=127.0.0.1-9618&noUDP&sock=222_da1d_4>
...
033 (205.4494.000) 05/06 14:22:52 Changing job attribute JobPrio from 0 to -5
...
000 (007.4494.000) 05/07 19:00:11 Job submitted from host: <127.0.0.1:9618?addrs=127.0.0.1-9618&noUDP&sock=215_0cf3_4>
...
000 (016.4494.000) 05/08 15:57:19 Job submitted from host: <127.0.0.1:9618?addrs=127.0.0.1-9618&noUDP&sock=227_4816_4>
...
009 (016.4494.000) 05/09 16:54:49 Job was aborted by the user.
	via condor_rm (by user aw868)
...
000 (017.1161.000) 05/09 17:26:02 Job submitted from host: <127.0.0.1:9618?addrs=127.0.0.1-9618&noUDP&sock=227_4816_4>
...
001 (017.1161.000) 05/10 01:48:19 Job executing on host: <127.0.0.1:9618?addrs=127.0.0.1-9618&noUDP&sock=227_4816_5>
...
006 (017.1161.000) 05/10 01:48:24 Image size of job updated: 2000000
	115  -  MemoryUsage of job (MB)
	117216  -  ResidentSetSize of job (KB)
...
006 (017.1161.000) 05/10 01:48:59 Image size of job updated: 2000000
	154  -  MemoryUsage of job (MB)
	156684  -  ResidentSetSize of job (KB)
...
006 (017.1161.000) 05/10 01:49:04 Image size of job updated: 2000000
	211  -  MemoryUsage of job (MB)
	215556  -  ResidentSetSize of job (KB)
...
006 (017.1161.000) 05/10 01:49:10 Image size of job updated: 2000000
	211  -  MemoryUsage of job (MB)
	215820  -  ResidentSetSize of job (KB)
...
006 (017.1161.000) 05/10 01:49:16 Image size of job updated: 2000000
	221  -  MemoryUsage of job (MB)
	225588  -  ResidentSetSize of job (KB)
...
006 (017.1161.000) 05/10 01:49:22 Image size of job updated: 2000000
	235  -  MemoryUsage of job (MB)
	239712  -  ResidentSetSize of job (KB)
...
006 (017.1161.000) 05/10 01:49:28 Image size of job updated: 2000000
	248  -  MemoryUsage of job (MB)
	253836  -  ResidentSetSize of job (KB)
...
006 (017.1161.000) 05/10 01:49:34 Image size of job updated: 2000000
	261  -  MemoryUsage of job (MB)
	266376  -  ResidentSetSize of job (KB)
...
006 (017.1161.000) 05/10 01:49:40 Image size of job updated: 2000000
	270  -  MemoryUsage of job (MB)
	276012  -  ResidentSetSize of job (KB)
...
006 (017.1161.000) 05/10 01:49:46 Image size of job updated: 2000000
	280  -  MemoryUsage of job (MB)
	285780  -  ResidentSetSize of job (KB)
...
006 (017.1161.000) 05/10 01:49:52 Image size of job updated: 2000000
	317  -  MemoryUsage of job (MB)
	323664  -  ResidentSetSize of job (KB)
...
006 (017.1161.000) 05/10 01:49:58 Image size of job updated: 2000000
	365  -  MemoryUsage of job (MB)
	373032  -  ResidentSetSize of job (KB)
...
006 (017.1161.000) 05/10 01:50:04 Image size of job updated: 2000000
	380  -  MemoryUsage of job (MB)
	388344  -  ResidentSetSize of job (KB)
...
006 (017.1161.000) 05/10 01:50:10 Image size of job updated: 2000000
	433  -  MemoryUsage of job (MB)
	443388  -  ResidentSetSize of job (KB)
...
006 (017.1161.000) 05/10 01:50:16 Image size of job updated: 2000000
	496  -  MemoryUsage of job (MB)
	507540  -  ResidentSetSize of job (KB)
...
006 (017.1161.000) 05/10 01:50:22 Image size of job updated: 2000000
	554  -  MemoryUsage of job (MB)
	567072  -  ResidentSetSize of job (KB)
...
006 (017.1161.000) 05/10 01:50:28 Image size of job updated: 2000000
	1243  -  MemoryUsage of job (MB)
	1271952  -  ResidentSetSize of job (KB)
...
006 (017.1161.000) 05/10 02:09:30 Image size of job updated: 2000000
	1250  -  MemoryUsage of job (MB)
	1279608  -  ResidentSetSize of job (KB)
...
006 (017.1161.000) 05/10 02:09:35 Image size of job updated: 2000000
	1633  -  MemoryUsage of job (MB)
	1671516  -  ResidentSetSize of job (KB)
...
006 (017.1161.000) 05/10 02:09:40 Image size of job updated: 2370004
	1700  -  MemoryUsage of job (MB)
	1739892  -  ResidentSetSize of job (KB)
...
006 (017.1161.000) 05/10 02:09:45 Image size of job updated: 2445044
	1960  -  MemoryUsage of job (MB)
	2006136  -  ResidentSetSize of job (KB)
...
006 (017.1161.000) 05/10 02:09:50 Image size of job updated: 2654452
	1992  -  MemoryUsage of job (MB)
	2039268  -  ResidentSetSize of job (KB)
...
006 (017.1161.000) 05/10 02:09:55 Image size of job updated: 2695412
	2049  -  MemoryUsage of job (MB)
	2097348  -  ResidentSetSize of job (KB)
...
006 (017.1161.000) 05/10 02:10:00 Image size of job updated: 2695412
	2149  -  MemoryUsage of job (MB)
	2200308  -  ResidentSetSize of job (KB)
...
006 (017.1161.000) 05/10 02:10:05 Image size of job updated: 2695412
	2229  -  MemoryUsage of job (MB)
	2281884  -  ResidentSetSize of job (KB)
...
006 (017.1161.000) 05/10 02:10:10 Image size of job updated: 2949364
	2287  -  MemoryUsage of job (MB)
	2340888  -  ResidentSetSize of job (KB)
...
006 (017.1161.000) 05/10 02:10:15 Image size of job updated: 2949364
	2338  -  MemoryUsage of job (MB)
	2393160  -  ResidentSetSize of job (KB)
...
006 (017.1161.000) 05/10 02:10:20 Image size of job updated: 2949364
	2388  -  MemoryUsage of job (MB)
	2444772  -  ResidentSetSize of job (KB)
...
006 (017.1161.000) 05/10 02:10:25 Image size of job updated: 3117300
	2438  -  MemoryUsage of job (MB)
	2495592  -  ResidentSetSize of job (KB)
...
006 (017.1161.000) 05/10 02:10:30 Image size of job updated: 3117300
	2487  -  MemoryUsage of job (MB)
	2546544  -  ResidentSetSize of job (KB)
...
006 (017.1161.000) 05/10 02:10:35 Image size of job updated: 3117300
	2537  -  MemoryUsage of job (MB)
	2597496  -  ResidentSetSize of job (KB)
...
006 (017.1161.000) 05/10 02:10:40 Image size of job updated: 3270900
	2587  -  MemoryUsage of job (MB)
	2648448  -  ResidentSetSize of job (KB)
...
006 (017.1161.000) 05/10 02:10:45 Image size of job updated: 3270900
	2636  -  MemoryUsage of job (MB)
	2699136  -  ResidentSetSize of job (KB)
...
006 (017.1161.000) 05/10 02:10:50 Image size of job updated: 3270900
	2687  -  MemoryUsage of job (MB)
	2751144  -  ResidentSetSize of job (KB)
...
006 (017.1161.000) 05/10 02:10:55 Image size of job updated: 3424500
	2738  -  MemoryUsage of job (MB)
	2803020  -  ResidentSetSize of job (KB)
...
006 (017.1161.000) 05/10 02:11:00 Image size of job updated: 3424500
	2788  -  MemoryUsage of job (MB)
	2854236  -  ResidentSetSize of job (KB)
...
006 (017.1161.000) 05/10 02:11:05 Image size of job updated: 3424500
	2837  -  MemoryUsage of job (MB)
	2904132  -  ResidentSetSize of job (KB)
...
006 (017.1161.000) 05/10 02:11:10 Image size of job updated: 3585268
	2878  -  MemoryUsage of job (MB)
	2947032  -  ResidentSetSize of job (KB)
...
006 (017.1161.000) 05/10 02:11:15 Image size of job updated: 3585268
	2923  -  MemoryUsage of job (MB)
	2992176  -  ResidentSetSize of job (KB)
...
006 (017.1161.000) 05/10 02:11:21 Image size of job updated: 3692788
	2980  -  MemoryUsage of job (MB)
	3051444  -  ResidentSetSize of job (KB)
...
006 (017.1161.000) 05/10 02:11:27 Image size of job updated: 3741940
	3042  -  MemoryUsage of job (MB)
	3114540  -  ResidentSetSize of job (KB)
...
006 (017.1161.000) 05/10 02:11:33 Image size of job updated: 3741940
	3102  -  MemoryUsage of job (MB)
	3175788  -  ResidentSetSize of job (KB)
...
006 (017.1161.000) 05/10 02:11:39 Image size of job updated: 3904756
	3171  -  MemoryUsage of job (MB)
	3246672  -  ResidentSetSize of job (KB)
...
006 (017.1161.000) 05/10 02:11:45 Image size of job updated: 3904756
	3231  -  MemoryUsage of job (MB)
	3308448  -  ResidentSetSize of job (KB)
...
006 (017.1161.000) 05/10 02:11:51 Image size of job updated: 4018420
	3309  -  MemoryUsage of job (MB)
	3388176  -  ResidentSetSize of job (KB)
...
006 (017.1161.000) 05/10 02:11:57 Image size of job updated: 4094196
	3385  -  MemoryUsage of job (MB)
	3466188  -  ResidentSetSize of job (KB)
...
006 (017.1161.000) 05/10 02:12:03 Image size of job updated: 4094196
	3459  -  MemoryUsage of job (MB)
	3541428  -  ResidentSetSize of job (KB)
...
006 (017.1161.000) 05/10 02:12:09 Image size of job updated: 4094196
	3535  -  MemoryUsage of job (MB)
	3618912  -  ResidentSetSize of job (KB)
...
006 (017.1161.000) 05/10 02:12:15 Image size of job updated: 4284660
	3596  -  MemoryUsage of job (MB)
	3681480  -  ResidentSetSize of job (KB)
...
006 (017.1161.000) 05/10 02:12:21 Image size of job updated: 4284660
	3657  -  MemoryUsage of job (MB)
	3744180  -  ResidentSetSize of job (KB)
...
006 (017.1161.000) 05/10 02:12:27 Image size of job updated: 4439284
	3717  -  MemoryUsage of job (MB)
	3805428  -  ResidentSetSize of job (KB)
...
006 (017.1161.000) 05/10 02:12:33 Image size of job updated: 4488436
	3777  -  MemoryUsage of job (MB)
	3866940  -  ResidentSetSize of job (KB)
...
006 (017.1161.000) 05/10 02:12:39 Image size of job updated: 4488436
	3839  -  MemoryUsage of job (MB)
	3930432  -  ResidentSetSize of job (KB)
...
006 (017.1161.000) 05/10 02:12:45 Image size of job updated: 4595956
	3902  -  MemoryUsage of job (MB)
	3995376  -  ResidentSetSize of job (KB)
...
006 (017.1161.000) 05/10 02:12:51 Image size of job updated: 4595956
	3964  -  MemoryUsage of job (MB)
	4058340  -  ResidentSetSize of job (KB)
...
006 (017.1161.000) 05/10 02:12:57 Image size of job updated: 4772084
	4027  -  MemoryUsage of job (MB)
	4122756  -  ResidentSetSize of job (KB)
...
006 (017.1161.000) 05/10 02:13:03 Image size of job updated: 4772084
	4081  -  MemoryUsage of job (MB)
	4178064  -  ResidentSetSize of job (KB)
...
006 (017.1161.000) 05/10 02:13:09 Image size of job updated: 4772084
	4128  -  MemoryUsage of job (MB)
	4226244  -  ResidentSetSize of job (KB)
...
006 (017.1161.000) 05/10 02:13:15 Image size of job updated: 4980980
	4180  -  MemoryUsage of job (MB)
	4279572  -  ResidentSetSize of job (KB)
...
006 (017.1161.000) 05/10 02:13:21 Image size of job updated: 4980980
	4243  -  MemoryUsage of job (MB)
	4344252  -  ResidentSetSize of job (KB)
...
006 (017.1161.000) 05/10 02:13:27 Image size of job updated: 5092596
	4306  -  MemoryUsage of job (MB)
	4408404  -  ResidentSetSize of job (KB)
...
006 (017.1161.000) 05/10 02:13:33 Image size of job updated: 5092596
	4314  -  MemoryUsage of job (MB)
	4417512  -  ResidentSetSize of job (KB)
...
006 (017.1161.000) 05/10 02:13:39 Image size of job updated: 5092596
	4322  -  MemoryUsage of job (MB)
	4425564  -  ResidentSetSize of job (KB)
...
006 (017.1161.000) 05/10 02:13:48 Image size of job updated: 5263604
	4349  -  MemoryUsage of job (MB)
	4452360  -  ResidentSetSize of job (KB)
...
006 (017.1161.000) 05/10 02:13:54 Image size of job updated: 5318900
	4410  -  MemoryUsage of job (MB)
	4515588  -  ResidentSetSize of job (KB)
...
006 (017.1161.000) 05/10 02:14:00 Image size of job updated: 5356788
	4472  -  MemoryUsage of job (MB)
	4578552  -  ResidentSetSize of job (KB)
...
006 (017.1161.000) 05/10 02:14:06 Image size of job updated: 5450996
	4533  -  MemoryUsage of job (MB)
	4640988  -  ResidentSetSize of job (KB)
...
006 (017.1161.000) 05/10 02:14:12 Image size of job updated: 5505268
	4596  -  MemoryUsage of job (MB)
	4705404  -  ResidentSetSize of job (KB)
...
006 (017.1161.000) 05/10 02:14:18 Image size of job updated: 5505268
	4656  -  MemoryUsage of job (MB)
	4767048  -  ResidentSetSize of job (KB)
...
006 (017.1161.000) 05/10 02:14:24 Image size of job updated: 5505268
	4716  -  MemoryUsage of job (MB)
	4829088  -  ResidentSetSize of job (KB)
...
006 (017.1161.000) 05/10 02:14:30 Image size of job updated: 5672180
	4778  -  MemoryUsage of job (MB)
	4892052  -  ResidentSetSize of job (KB)
...
006 (017.1161.000) 05/10 02:14:36 Image size of job updated: 5672180
	4839  -  MemoryUsage of job (MB)
	4955016  -  ResidentSetSize of job (KB)
...
006 (017.1161.000) 05/10 02:14:42 Image size of job updated: 5817588
	4901  -  MemoryUsage of job (MB)
	5018112  -  ResidentSetSize of job (KB)
...
006 (017.1161.000) 05/10 02:14:48 Image size of job updated: 5888244
	4963  -  MemoryUsage of job (MB)
	5081340  -  ResidentSetSize of job (KB)
...
006 (017.1161.000) 05/10 02:14:54 Image size of job updated: 5888244
	5025  -  MemoryUsage of job (MB)
	5144700  -  ResidentSetSize of job (KB)
...
006 (017.1161.000) 05/10 02:15:00 Image size of job updated: 5975284
	5096  -  MemoryUsage of job (MB)
	5218224  -  ResidentSetSize of job (KB)
...
006 (017.1161.000) 05/10 02:15:06 Image size of job updated: 5975284
	5170  -  MemoryUsage of job (MB)
	5293596  -  ResidentSetSize of job (KB)
...
006 (017.1161.000) 05/10 02:15:12 Image size of job updated: 6152436
	5228  -  MemoryUsage of job (MB)
	5353260  -  ResidentSetSize of job (KB)
...
006 (017.1161.000) 05/10 02:15:18 Image size of job updated: 6152436
	5286  -  MemoryUsage of job (MB)
	5411868  -  ResidentSetSize of job (KB)
...
006 (017.1161.000) 05/10 02:15:24 Image size of job updated: 6152436
	5341  -  MemoryUsage of job (MB)
	5469156  -  ResidentSetSize of job (KB)
...
006 (017.1161.000) 05/10 02:15:30 Image size of job updated: 6296820
	5399  -  MemoryUsage of job (MB)
	5527632  -  ResidentSetSize of job (KB)
...
006 (017.1161.000) 05/10 02:15:36 Image size of job updated: 6296820
	5455  -  MemoryUsage of job (MB)
	5585448  -  ResidentSetSize of job (KB)
...
006 (017.1161.000) 05/10 02:15:42 Image size of job updated: 6441204
	5511  -  MemoryUsage of job (MB)
	5643000  -  ResidentSetSize of job (KB)
...
006 (017.1161.000) 05/10 02:15:48 Image size of job updated: 6469876
	5569  -  MemoryUsage of job (MB)
	5702004  -  ResidentSetSize of job (KB)
...
006 (017.1161.000) 05/10 02:15:54 Image size of job updated: 6469876
	5626  -  MemoryUsage of job (MB)
	5760744  -  ResidentSetSize of job (KB)
...
006 (017.1161.000) 05/10 02:16:00 Image size of job updated: 6616308
	5684  -  MemoryUsage of job (MB)
	5819484  -  ResidentSetSize of job (KB)
...
006 (017.1161.000) 05/10 02:16:06 Image size of job updated: 6616308
	5743  -  MemoryUsage of job (MB)
	5880072  -  ResidentSetSize of job (KB)
...
006 (017.1161.000) 05/10 02:16:12 Image size of job updated: 6745332
	5803  -  MemoryUsage of job (MB)
	5942112  -  ResidentSetSize of job (KB)
...
006 (017.1161.000) 05/10 02:16:18 Image size of job updated: 6745332
	5862  -  MemoryUsage of job (MB)
	6001908  -  ResidentSetSize of job (KB)
...
006 (017.1161.000) 05/10 02:16:24 Image size of job updated: 6745332
	5922  -  MemoryUsage of job (MB)
	6063552  -  ResidentSetSize of job (KB)
...
006 (017.1161.000) 05/10 02:16:30 Image size of job updated: 6937844
	5982  -  MemoryUsage of job (MB)
	6124932  -  ResidentSetSize of job (KB)
...
006 (017.1161.000) 05/10 02:16:36 Image size of job updated: 6990068
	6041  -  MemoryUsage of job (MB)
	6185388  -  ResidentSetSize of job (KB)
...
006 (017.1161.000) 05/10 02:16:42 Image size of job updated: 7051508
	6100  -  MemoryUsage of job (MB)
	6245976  -  ResidentSetSize of job (KB)
...
006 (017.1161.000) 05/10 02:16:48 Image size of job updated: 7106804
	6159  -  MemoryUsage of job (MB)
	6306696  -  ResidentSetSize of job (KB)
...
006 (017.1161.000) 05/10 02:16:54 Image size of job updated: 7147764
	6220  -  MemoryUsage of job (MB)
	6368868  -  ResidentSetSize of job (KB)
...
006 (017.1161.000) 05/10 02:17:00 Image size of job updated: 7206132
	6409  -  MemoryUsage of job (MB)
	6562512  -  ResidentSetSize of job (KB)
...
006 (017.1161.000) 05/10 02:17:06 Image size of job updated: 7206132
	6484  -  MemoryUsage of job (MB)
	6639600  -  ResidentSetSize of job (KB)
...
005 (017.1161.000) 05/10 02:17:10 Job terminated.
	(1) Normal termination (return value 0)
		Usr 0 00:27:58, Sys 0 00:00:09  -  Run Remote Usage
		Usr 0 00:00:00, Sys 0 00:00:00  -  Run Local Usage
		Usr 0 00:27:58, Sys 0 00:00:09  -  Total Remote Usage
		Usr 0 00:00:00, Sys 0 00:00:00  -  Total Local Usage
	0  -  Run Bytes Sent By Job
	0  -  Run Bytes Received By Job
	0  -  Total Bytes Sent By Job
	0  -  Total Bytes Received By Job
	Partitionable Resources :      Usage  Request Allocated 
	   Cpus                 :       1.00        1         1 
	   Disk (KB)            : 2000000     2000000   6275465 
	   Memory (MB)          :    6484        1954      2007 
...
