000 (205.7281.000) 05/06 03:21:11 Job submitted from host: <127.0.0.1:9618?addrs=127.0.0.1-9618&noUDP&sock=222_da1d_4>
...
033 (205.7281.000) 05/06 14:23:50 Changing job attribute JobPrio from 0 to -5
...
000 (007.7281.000) 05/07 19:00:47 Job submitted from host: <127.0.0.1:9618?addrs=127.0.0.1-9618&noUDP&sock=215_0cf3_4>
...
000 (016.7281.000) 05/08 15:57:49 Job submitted from host: <127.0.0.1:9618?addrs=127.0.0.1-9618&noUDP&sock=227_4816_4>
...
009 (016.7281.000) 05/09 16:55:46 Job was aborted by the user.
	via condor_rm (by user aw868)
...
000 (014.120.000) 05/09 17:29:16 Job submitted from host: <127.0.0.1:9618?addrs=127.0.0.1-9618&noUDP&sock=212_fe2a_4>
...
033 (014.120.000) 05/09 17:33:48 Changing job attribute JobPrio from 0 to -10
...
001 (014.120.000) 05/09 20:51:29 Job executing on host: <127.0.0.1:9618?addrs=127.0.0.1-9618&noUDP&sock=212_fe2a_5>
...
006 (014.120.000) 05/09 20:51:35 Image size of job updated: 2000000
	115  -  MemoryUsage of job (MB)
	116820  -  ResidentSetSize of job (KB)
...
006 (014.120.000) 05/09 20:51:59 Image size of job updated: 2000000
	120  -  MemoryUsage of job (MB)
	121968  -  ResidentSetSize of job (KB)
...
006 (014.120.000) 05/09 20:52:05 Image size of job updated: 2000000
	211  -  MemoryUsage of job (MB)
	215160  -  ResidentSetSize of job (KB)
...
006 (014.120.000) 05/09 20:52:11 Image size of job updated: 2000000
	211  -  MemoryUsage of job (MB)
	215556  -  ResidentSetSize of job (KB)
...
006 (014.120.000) 05/09 20:52:17 Image size of job updated: 2000000
	219  -  MemoryUsage of job (MB)
	223608  -  ResidentSetSize of job (KB)
...
006 (014.120.000) 05/09 20:52:23 Image size of job updated: 2000000
	230  -  MemoryUsage of job (MB)
	235092  -  ResidentSetSize of job (KB)
...
006 (014.120.000) 05/09 20:52:29 Image size of job updated: 2000000
	241  -  MemoryUsage of job (MB)
	246708  -  ResidentSetSize of job (KB)
...
006 (014.120.000) 05/09 20:52:35 Image size of job updated: 2000000
	253  -  MemoryUsage of job (MB)
	258324  -  ResidentSetSize of job (KB)
...
006 (014.120.000) 05/09 20:52:41 Image size of job updated: 2000000
	262  -  MemoryUsage of job (MB)
	267828  -  ResidentSetSize of job (KB)
...
006 (014.120.000) 05/09 20:52:47 Image size of job updated: 2000000
	271  -  MemoryUsage of job (MB)
	276672  -  ResidentSetSize of job (KB)
...
006 (014.120.000) 05/09 20:52:53 Image size of job updated: 2000000
	284  -  MemoryUsage of job (MB)
	289872  -  ResidentSetSize of job (KB)
...
006 (014.120.000) 05/09 20:52:59 Image size of job updated: 2000000
	337  -  MemoryUsage of job (MB)
	344520  -  ResidentSetSize of job (KB)
...
006 (014.120.000) 05/09 20:53:05 Image size of job updated: 2000000
	380  -  MemoryUsage of job (MB)
	388476  -  ResidentSetSize of job (KB)
...
006 (014.120.000) 05/09 20:53:11 Image size of job updated: 2000000
	412  -  MemoryUsage of job (MB)
	421608  -  ResidentSetSize of job (KB)
...
006 (014.120.000) 05/09 20:53:17 Image size of job updated: 2000000
	489  -  MemoryUsage of job (MB)
	500016  -  ResidentSetSize of job (KB)
...
006 (014.120.000) 05/09 20:53:23 Image size of job updated: 2000000
	535  -  MemoryUsage of job (MB)
	547272  -  ResidentSetSize of job (KB)
...
006 (014.120.000) 05/09 20:53:29 Image size of job updated: 2000000
	1218  -  MemoryUsage of job (MB)
	1246872  -  ResidentSetSize of job (KB)
...
006 (014.120.000) 05/09 21:09:37 Image size of job updated: 2000000
	1577  -  MemoryUsage of job (MB)
	1614228  -  ResidentSetSize of job (KB)
...
006 (014.120.000) 05/09 21:09:43 Image size of job updated: 2454224
	1754  -  MemoryUsage of job (MB)
	1795860  -  ResidentSetSize of job (KB)
...
006 (014.120.000) 05/09 21:09:49 Image size of job updated: 2454224
	1981  -  MemoryUsage of job (MB)
	2028312  -  ResidentSetSize of job (KB)
...
006 (014.120.000) 05/09 21:09:55 Image size of job updated: 2767088
	2051  -  MemoryUsage of job (MB)
	2100120  -  ResidentSetSize of job (KB)
...
006 (014.120.000) 05/09 21:10:01 Image size of job updated: 2861296
	2153  -  MemoryUsage of job (MB)
	2204664  -  ResidentSetSize of job (KB)
...
006 (014.120.000) 05/09 21:10:07 Image size of job updated: 2861296
	2252  -  MemoryUsage of job (MB)
	2305512  -  ResidentSetSize of job (KB)
...
006 (014.120.000) 05/09 21:10:13 Image size of job updated: 3018992
	2341  -  MemoryUsage of job (MB)
	2396856  -  ResidentSetSize of job (KB)
...
006 (014.120.000) 05/09 21:10:19 Image size of job updated: 3018992
	2430  -  MemoryUsage of job (MB)
	2487540  -  ResidentSetSize of job (KB)
...
006 (014.120.000) 05/09 21:10:25 Image size of job updated: 3247344
	2518  -  MemoryUsage of job (MB)
	2577696  -  ResidentSetSize of job (KB)
...
006 (014.120.000) 05/09 21:10:31 Image size of job updated: 3247344
	2605  -  MemoryUsage of job (MB)
	2666664  -  ResidentSetSize of job (KB)
...
006 (014.120.000) 05/09 21:10:37 Image size of job updated: 3247344
	2692  -  MemoryUsage of job (MB)
	2756424  -  ResidentSetSize of job (KB)
...
006 (014.120.000) 05/09 21:10:43 Image size of job updated: 3472624
	2781  -  MemoryUsage of job (MB)
	2847240  -  ResidentSetSize of job (KB)
...
006 (014.120.000) 05/09 21:10:49 Image size of job updated: 3555568
	2870  -  MemoryUsage of job (MB)
	2938716  -  ResidentSetSize of job (KB)
...
006 (014.120.000) 05/09 21:10:55 Image size of job updated: 3699952
	2958  -  MemoryUsage of job (MB)
	3028608  -  ResidentSetSize of job (KB)
...
006 (014.120.000) 05/09 21:11:01 Image size of job updated: 3699952
	3046  -  MemoryUsage of job (MB)
	3118104  -  ResidentSetSize of job (KB)
...
006 (014.120.000) 05/09 21:11:07 Image size of job updated: 3699952
	3130  -  MemoryUsage of job (MB)
	3204432  -  ResidentSetSize of job (KB)
...
006 (014.120.000) 05/09 21:11:13 Image size of job updated: 3918064
	3217  -  MemoryUsage of job (MB)
	3293796  -  ResidentSetSize of job (KB)
...
006 (014.120.000) 05/09 21:11:19 Image size of job updated: 3918064
	3298  -  MemoryUsage of job (MB)
	3376428  -  ResidentSetSize of job (KB)
...
006 (014.120.000) 05/09 21:11:25 Image size of job updated: 4114672
	3339  -  MemoryUsage of job (MB)
	3418404  -  ResidentSetSize of job (KB)
...
006 (014.120.000) 05/09 21:11:31 Image size of job updated: 4178160
	3399  -  MemoryUsage of job (MB)
	3480312  -  ResidentSetSize of job (KB)
...
006 (014.120.000) 05/09 21:11:37 Image size of job updated: 4274416
	3483  -  MemoryUsage of job (MB)
	3566508  -  ResidentSetSize of job (KB)
...
006 (014.120.000) 05/09 21:11:43 Image size of job updated: 4351216
	3568  -  MemoryUsage of job (MB)
	3652836  -  ResidentSetSize of job (KB)
...
006 (014.120.000) 05/09 21:11:49 Image size of job updated: 4351216
	3653  -  MemoryUsage of job (MB)
	3740088  -  ResidentSetSize of job (KB)
...
006 (014.120.000) 05/09 21:11:55 Image size of job updated: 4529392
	3739  -  MemoryUsage of job (MB)
	3828528  -  ResidentSetSize of job (KB)
...
006 (014.120.000) 05/09 21:12:01 Image size of job updated: 4529392
	3828  -  MemoryUsage of job (MB)
	3919608  -  ResidentSetSize of job (KB)
...
006 (014.120.000) 05/09 21:12:08 Image size of job updated: 4529392
	3911  -  MemoryUsage of job (MB)
	4004088  -  ResidentSetSize of job (KB)
...
006 (014.120.000) 05/09 21:12:18 Image size of job updated: 4774128
	4059  -  MemoryUsage of job (MB)
	4155888  -  ResidentSetSize of job (KB)
...
006 (014.120.000) 05/09 21:12:23 Image size of job updated: 4774128
	4141  -  MemoryUsage of job (MB)
	4240236  -  ResidentSetSize of job (KB)
...
006 (014.120.000) 05/09 21:12:28 Image size of job updated: 4990192
	4216  -  MemoryUsage of job (MB)
	4316268  -  ResidentSetSize of job (KB)
...
006 (014.120.000) 05/09 21:12:33 Image size of job updated: 5115120
	4289  -  MemoryUsage of job (MB)
	4391772  -  ResidentSetSize of job (KB)
...
006 (014.120.000) 05/09 21:12:38 Image size of job updated: 5137648
	4362  -  MemoryUsage of job (MB)
	4466616  -  ResidentSetSize of job (KB)
...
006 (014.120.000) 05/09 21:12:43 Image size of job updated: 5215472
	4435  -  MemoryUsage of job (MB)
	4540536  -  ResidentSetSize of job (KB)
...
006 (014.120.000) 05/09 21:12:48 Image size of job updated: 5284080
	4507  -  MemoryUsage of job (MB)
	4615116  -  ResidentSetSize of job (KB)
...
006 (014.120.000) 05/09 21:12:53 Image size of job updated: 5284080
	4580  -  MemoryUsage of job (MB)
	4689564  -  ResidentSetSize of job (KB)
...
006 (014.120.000) 05/09 21:12:58 Image size of job updated: 5284080
	4652  -  MemoryUsage of job (MB)
	4763220  -  ResidentSetSize of job (KB)
...
006 (014.120.000) 05/09 21:13:03 Image size of job updated: 5506288
	4724  -  MemoryUsage of job (MB)
	4837140  -  ResidentSetSize of job (KB)
...
006 (014.120.000) 05/09 21:13:08 Image size of job updated: 5506288
	4797  -  MemoryUsage of job (MB)
	4911852  -  ResidentSetSize of job (KB)
...
006 (014.120.000) 05/09 21:13:13 Image size of job updated: 5506288
	4868  -  MemoryUsage of job (MB)
	4984716  -  ResidentSetSize of job (KB)
...
006 (014.120.000) 05/09 21:13:18 Image size of job updated: 5773552
	4942  -  MemoryUsage of job (MB)
	5060088  -  ResidentSetSize of job (KB)
...
006 (014.120.000) 05/09 21:13:23 Image size of job updated: 5822704
	5017  -  MemoryUsage of job (MB)
	5136516  -  ResidentSetSize of job (KB)
...
006 (014.120.000) 05/09 21:13:28 Image size of job updated: 5822704
	5091  -  MemoryUsage of job (MB)
	5212680  -  ResidentSetSize of job (KB)
...
006 (014.120.000) 05/09 21:13:33 Image size of job updated: 5969136
	5162  -  MemoryUsage of job (MB)
	5285148  -  ResidentSetSize of job (KB)
...
006 (014.120.000) 05/09 21:13:38 Image size of job updated: 5969136
	5233  -  MemoryUsage of job (MB)
	5358012  -  ResidentSetSize of job (KB)
...
006 (014.120.000) 05/09 21:13:43 Image size of job updated: 5969136
	5305  -  MemoryUsage of job (MB)
	5431800  -  ResidentSetSize of job (KB)
...
006 (014.120.000) 05/09 21:13:48 Image size of job updated: 6188272
	5369  -  MemoryUsage of job (MB)
	5496876  -  ResidentSetSize of job (KB)
...
006 (014.120.000) 05/09 21:13:55 Image size of job updated: 6188272
	5417  -  MemoryUsage of job (MB)
	5546244  -  ResidentSetSize of job (KB)
...
006 (014.120.000) 05/09 21:14:10 Image size of job updated: 6398192
	5597  -  MemoryUsage of job (MB)
	5731044  -  ResidentSetSize of job (KB)
...
006 (014.120.000) 05/09 21:14:20 Image size of job updated: 6604016
	5741  -  MemoryUsage of job (MB)
	5877828  -  ResidentSetSize of job (KB)
...
006 (014.120.000) 05/09 21:14:26 Image size of job updated: 6604016
	5830  -  MemoryUsage of job (MB)
	5969700  -  ResidentSetSize of job (KB)
...
006 (014.120.000) 05/09 21:14:32 Image size of job updated: 6745328
	5920  -  MemoryUsage of job (MB)
	6061572  -  ResidentSetSize of job (KB)
...
006 (014.120.000) 05/09 21:14:38 Image size of job updated: 6853872
	6010  -  MemoryUsage of job (MB)
	6153312  -  ResidentSetSize of job (KB)
...
006 (014.120.000) 05/09 21:14:44 Image size of job updated: 6853872
	6099  -  MemoryUsage of job (MB)
	6244788  -  ResidentSetSize of job (KB)
...
006 (014.120.000) 05/09 21:14:50 Image size of job updated: 7073008
	6187  -  MemoryUsage of job (MB)
	6335340  -  ResidentSetSize of job (KB)
...
006 (014.120.000) 05/09 21:14:56 Image size of job updated: 7100656
	6274  -  MemoryUsage of job (MB)
	6424308  -  ResidentSetSize of job (KB)
...
006 (014.120.000) 05/09 21:15:02 Image size of job updated: 7100656
	6361  -  MemoryUsage of job (MB)
	6513408  -  ResidentSetSize of job (KB)
...
006 (014.120.000) 05/09 21:15:08 Image size of job updated: 7295216
	6448  -  MemoryUsage of job (MB)
	6602640  -  ResidentSetSize of job (KB)
...
006 (014.120.000) 05/09 21:15:14 Image size of job updated: 7295216
	6535  -  MemoryUsage of job (MB)
	6691476  -  ResidentSetSize of job (KB)
...
006 (014.120.000) 05/09 21:15:20 Image size of job updated: 7517424
	6622  -  MemoryUsage of job (MB)
	6780444  -  ResidentSetSize of job (KB)
...
006 (014.120.000) 05/09 21:15:26 Image size of job updated: 7517424
	6708  -  MemoryUsage of job (MB)
	6868488  -  ResidentSetSize of job (KB)
...
006 (014.120.000) 05/09 21:15:32 Image size of job updated: 7517424
	6787  -  MemoryUsage of job (MB)
	6949404  -  ResidentSetSize of job (KB)
...
006 (014.120.000) 05/09 21:15:38 Image size of job updated: 7774448
	6832  -  MemoryUsage of job (MB)
	6995208  -  ResidentSetSize of job (KB)
...
006 (014.120.000) 05/09 21:15:44 Image size of job updated: 7783664
	6914  -  MemoryUsage of job (MB)
	7079292  -  ResidentSetSize of job (KB)
...
006 (014.120.000) 05/09 21:15:50 Image size of job updated: 7953648
	7003  -  MemoryUsage of job (MB)
	7170636  -  ResidentSetSize of job (KB)
...
006 (014.120.000) 05/09 21:15:56 Image size of job updated: 7953648
	7091  -  MemoryUsage of job (MB)
	7260660  -  ResidentSetSize of job (KB)
...
006 (014.120.000) 05/09 21:16:02 Image size of job updated: 8101104
	7179  -  MemoryUsage of job (MB)
	7351080  -  ResidentSetSize of job (KB)
...
006 (014.120.000) 05/09 21:16:08 Image size of job updated: 8178928
	7266  -  MemoryUsage of job (MB)
	7439784  -  ResidentSetSize of job (KB)
...
006 (014.120.000) 05/09 21:16:14 Image size of job updated: 8283376
	7352  -  MemoryUsage of job (MB)
	7527432  -  ResidentSetSize of job (KB)
...
006 (014.120.000) 05/09 21:16:20 Image size of job updated: 8423664
	7466  -  MemoryUsage of job (MB)
	7644252  -  ResidentSetSize of job (KB)
...
006 (014.120.000) 05/09 21:16:26 Image size of job updated: 8423664
	7557  -  MemoryUsage of job (MB)
	7737576  -  ResidentSetSize of job (KB)
...
006 (014.120.000) 05/09 21:16:32 Image size of job updated: 8423664
	7640  -  MemoryUsage of job (MB)
	7822584  -  ResidentSetSize of job (KB)
...
006 (014.120.000) 05/09 21:16:38 Image size of job updated: 8666352
	7724  -  MemoryUsage of job (MB)
	7908912  -  ResidentSetSize of job (KB)
...
006 (014.120.000) 05/09 21:16:44 Image size of job updated: 8666352
	7810  -  MemoryUsage of job (MB)
	7996560  -  ResidentSetSize of job (KB)
...
006 (014.120.000) 05/09 21:16:50 Image size of job updated: 8666352
	7896  -  MemoryUsage of job (MB)
	8085000  -  ResidentSetSize of job (KB)
...
006 (014.120.000) 05/09 21:16:56 Image size of job updated: 8897776
	7965  -  MemoryUsage of job (MB)
	8156148  -  ResidentSetSize of job (KB)
...
006 (014.120.000) 05/09 21:17:02 Image size of job updated: 9041136
	8048  -  MemoryUsage of job (MB)
	8240628  -  ResidentSetSize of job (KB)
...
006 (014.120.000) 05/09 21:17:09 Image size of job updated: 9151728
	8141  -  MemoryUsage of job (MB)
	8336064  -  ResidentSetSize of job (KB)
...
006 (014.120.000) 05/09 21:17:14 Image size of job updated: 9151728
	8220  -  MemoryUsage of job (MB)
	8416980  -  ResidentSetSize of job (KB)
...
006 (014.120.000) 05/09 21:17:19 Image size of job updated: 9151728
	8298  -  MemoryUsage of job (MB)
	8496840  -  ResidentSetSize of job (KB)
...
006 (014.120.000) 05/09 21:17:24 Image size of job updated: 9393392
	8377  -  MemoryUsage of job (MB)
	8578020  -  ResidentSetSize of job (KB)
...
006 (014.120.000) 05/09 21:17:29 Image size of job updated: 9428208
	8455  -  MemoryUsage of job (MB)
	8657748  -  ResidentSetSize of job (KB)
...
006 (014.120.000) 05/09 21:17:34 Image size of job updated: 9428208
	8535  -  MemoryUsage of job (MB)
	8739324  -  ResidentSetSize of job (KB)
...
006 (014.120.000) 05/09 21:17:39 Image size of job updated: 9637104
	8617  -  MemoryUsage of job (MB)
	8823540  -  ResidentSetSize of job (KB)
...
006 (014.120.000) 05/09 21:17:44 Image size of job updated: 9637104
	8698  -  MemoryUsage of job (MB)
	8905908  -  ResidentSetSize of job (KB)
...
006 (014.120.000) 05/09 21:17:49 Image size of job updated: 9637104
	8879  -  MemoryUsage of job (MB)
	9091896  -  ResidentSetSize of job (KB)
...
006 (014.120.000) 05/09 21:17:54 Image size of job updated: 10003696
	9038  -  MemoryUsage of job (MB)
	9254256  -  ResidentSetSize of job (KB)
...
005 (014.120.000) 05/09 21:18:02 Job terminated.
	(1) Normal termination (return value 0)
		Usr 0 00:25:22, Sys 0 00:00:15  -  Run Remote Usage
		Usr 0 00:00:00, Sys 0 00:00:00  -  Run Local Usage
		Usr 0 00:25:22, Sys 0 00:00:15  -  Total Remote Usage
		Usr 0 00:00:00, Sys 0 00:00:00  -  Total Local Usage
	0  -  Run Bytes Sent By Job
	0  -  Run Bytes Received By Job
	0  -  Total Bytes Sent By Job
	0  -  Total Bytes Received By Job
	Partitionable Resources :      Usage  Request Allocated 
	   Cpus                 :       0.89        1         1 
	   Disk (KB)            : 2000000     2000000   6232219 
	   Memory (MB)          :    9038        1954      2007 
...
