000 (205.6855.000) 05/06 03:21:00 Job submitted from host: <127.0.0.1:9618?addrs=127.0.0.1-9618&noUDP&sock=222_da1d_4>
...
033 (205.6855.000) 05/06 14:23:41 Changing job attribute JobPrio from 0 to -5
...
000 (007.6855.000) 05/07 19:00:41 Job submitted from host: <127.0.0.1:9618?addrs=127.0.0.1-9618&noUDP&sock=215_0cf3_4>
...
000 (016.6855.000) 05/08 15:57:45 Job submitted from host: <127.0.0.1:9618?addrs=127.0.0.1-9618&noUDP&sock=227_4816_4>
...
009 (016.6855.000) 05/09 16:55:36 Job was aborted by the user.
	via condor_rm (by user aw868)
...
000 (017.3522.000) 05/09 17:26:22 Job submitted from host: <127.0.0.1:9618?addrs=127.0.0.1-9618&noUDP&sock=227_4816_4>
...
001 (017.3522.000) 05/10 18:49:50 Job executing on host: <127.0.0.1:9618?addrs=127.0.0.1-9618&noUDP&sock=227_4816_5>
...
006 (017.3522.000) 05/10 18:49:56 Image size of job updated: 2000000
	115  -  MemoryUsage of job (MB)
	117084  -  ResidentSetSize of job (KB)
...
006 (017.3522.000) 05/10 18:50:24 Image size of job updated: 2000000
	134  -  MemoryUsage of job (MB)
	137148  -  ResidentSetSize of job (KB)
...
006 (017.3522.000) 05/10 18:50:29 Image size of job updated: 2000000
	207  -  MemoryUsage of job (MB)
	211596  -  ResidentSetSize of job (KB)
...
006 (017.3522.000) 05/10 18:50:34 Image size of job updated: 2000000
	211  -  MemoryUsage of job (MB)
	215424  -  ResidentSetSize of job (KB)
...
006 (017.3522.000) 05/10 18:50:39 Image size of job updated: 2000000
	215  -  MemoryUsage of job (MB)
	219648  -  ResidentSetSize of job (KB)
...
006 (017.3522.000) 05/10 18:50:44 Image size of job updated: 2000000
	227  -  MemoryUsage of job (MB)
	232056  -  ResidentSetSize of job (KB)
...
006 (017.3522.000) 05/10 18:50:49 Image size of job updated: 2000000
	239  -  MemoryUsage of job (MB)
	244728  -  ResidentSetSize of job (KB)
...
006 (017.3522.000) 05/10 18:50:54 Image size of job updated: 2000000
	249  -  MemoryUsage of job (MB)
	254628  -  ResidentSetSize of job (KB)
...
006 (017.3522.000) 05/10 18:50:59 Image size of job updated: 2000000
	255  -  MemoryUsage of job (MB)
	261096  -  ResidentSetSize of job (KB)
...
006 (017.3522.000) 05/10 18:51:04 Image size of job updated: 2000000
	257  -  MemoryUsage of job (MB)
	262284  -  ResidentSetSize of job (KB)
...
006 (017.3522.000) 05/10 18:51:12 Image size of job updated: 2000000
	265  -  MemoryUsage of job (MB)
	270996  -  ResidentSetSize of job (KB)
...
006 (017.3522.000) 05/10 18:51:17 Image size of job updated: 2000000
	280  -  MemoryUsage of job (MB)
	286176  -  ResidentSetSize of job (KB)
...
006 (017.3522.000) 05/10 18:51:22 Image size of job updated: 2000000
	320  -  MemoryUsage of job (MB)
	326700  -  ResidentSetSize of job (KB)
...
006 (017.3522.000) 05/10 18:51:27 Image size of job updated: 2000000
	360  -  MemoryUsage of job (MB)
	367752  -  ResidentSetSize of job (KB)
...
006 (017.3522.000) 05/10 18:51:32 Image size of job updated: 2000000
	374  -  MemoryUsage of job (MB)
	382140  -  ResidentSetSize of job (KB)
...
006 (017.3522.000) 05/10 18:51:37 Image size of job updated: 2000000
	407  -  MemoryUsage of job (MB)
	416328  -  ResidentSetSize of job (KB)
...
006 (017.3522.000) 05/10 18:51:42 Image size of job updated: 2000000
	466  -  MemoryUsage of job (MB)
	476916  -  ResidentSetSize of job (KB)
...
006 (017.3522.000) 05/10 18:51:47 Image size of job updated: 2000000
	522  -  MemoryUsage of job (MB)
	534072  -  ResidentSetSize of job (KB)
...
006 (017.3522.000) 05/10 18:51:52 Image size of job updated: 2000000
	1238  -  MemoryUsage of job (MB)
	1267464  -  ResidentSetSize of job (KB)
...
006 (017.3522.000) 05/10 19:09:36 Image size of job updated: 2370004
	1556  -  MemoryUsage of job (MB)
	1592580  -  ResidentSetSize of job (KB)
...
006 (017.3522.000) 05/10 19:09:42 Image size of job updated: 2370004
	1747  -  MemoryUsage of job (MB)
	1787940  -  ResidentSetSize of job (KB)
...
006 (017.3522.000) 05/10 19:09:48 Image size of job updated: 2702836
	1936  -  MemoryUsage of job (MB)
	1982244  -  ResidentSetSize of job (KB)
...
006 (017.3522.000) 05/10 19:09:54 Image size of job updated: 2702836
	1953  -  MemoryUsage of job (MB)
	1999008  -  ResidentSetSize of job (KB)
...
006 (017.3522.000) 05/10 19:10:00 Image size of job updated: 2702836
	2046  -  MemoryUsage of job (MB)
	2094444  -  ResidentSetSize of job (KB)
...
006 (017.3522.000) 05/10 19:10:06 Image size of job updated: 2870516
	2161  -  MemoryUsage of job (MB)
	2211924  -  ResidentSetSize of job (KB)
...
006 (017.3522.000) 05/10 19:10:12 Image size of job updated: 2939124
	2224  -  MemoryUsage of job (MB)
	2276736  -  ResidentSetSize of job (KB)
...
006 (017.3522.000) 05/10 19:10:18 Image size of job updated: 2939124
	2273  -  MemoryUsage of job (MB)
	2326632  -  ResidentSetSize of job (KB)
...
006 (017.3522.000) 05/10 19:10:24 Image size of job updated: 3027188
	2316  -  MemoryUsage of job (MB)
	2371116  -  ResidentSetSize of job (KB)
...
006 (017.3522.000) 05/10 19:10:30 Image size of job updated: 3056884
	2359  -  MemoryUsage of job (MB)
	2414676  -  ResidentSetSize of job (KB)
...
006 (017.3522.000) 05/10 19:10:36 Image size of job updated: 3056884
	2401  -  MemoryUsage of job (MB)
	2458236  -  ResidentSetSize of job (KB)
...
006 (017.3522.000) 05/10 19:10:43 Image size of job updated: 3140852
	2444  -  MemoryUsage of job (MB)
	2501664  -  ResidentSetSize of job (KB)
...
006 (017.3522.000) 05/10 19:10:48 Image size of job updated: 3202292
	2478  -  MemoryUsage of job (MB)
	2537040  -  ResidentSetSize of job (KB)
...
006 (017.3522.000) 05/10 19:10:53 Image size of job updated: 3231988
	2505  -  MemoryUsage of job (MB)
	2564892  -  ResidentSetSize of job (KB)
...
006 (017.3522.000) 05/10 19:10:58 Image size of job updated: 3250420
	2533  -  MemoryUsage of job (MB)
	2593536  -  ResidentSetSize of job (KB)
...
006 (017.3522.000) 05/10 19:11:03 Image size of job updated: 3250420
	2560  -  MemoryUsage of job (MB)
	2621256  -  ResidentSetSize of job (KB)
...
006 (017.3522.000) 05/10 19:11:08 Image size of job updated: 3316980
	2588  -  MemoryUsage of job (MB)
	2649768  -  ResidentSetSize of job (KB)
...
006 (017.3522.000) 05/10 19:11:13 Image size of job updated: 3334388
	2615  -  MemoryUsage of job (MB)
	2676828  -  ResidentSetSize of job (KB)
...
006 (017.3522.000) 05/10 19:11:18 Image size of job updated: 3371252
	2641  -  MemoryUsage of job (MB)
	2703888  -  ResidentSetSize of job (KB)
...
006 (017.3522.000) 05/10 19:11:23 Image size of job updated: 3373300
	2668  -  MemoryUsage of job (MB)
	2731608  -  ResidentSetSize of job (KB)
...
006 (017.3522.000) 05/10 19:11:28 Image size of job updated: 3420404
	2695  -  MemoryUsage of job (MB)
	2759196  -  ResidentSetSize of job (KB)
...
006 (017.3522.000) 05/10 19:11:33 Image size of job updated: 3420404
	2722  -  MemoryUsage of job (MB)
	2786916  -  ResidentSetSize of job (KB)
...
006 (017.3522.000) 05/10 19:11:38 Image size of job updated: 3420404
	2750  -  MemoryUsage of job (MB)
	2815296  -  ResidentSetSize of job (KB)
...
006 (017.3522.000) 05/10 19:11:43 Image size of job updated: 3505396
	2780  -  MemoryUsage of job (MB)
	2845788  -  ResidentSetSize of job (KB)
...
006 (017.3522.000) 05/10 19:11:48 Image size of job updated: 3542260
	2817  -  MemoryUsage of job (MB)
	2883672  -  ResidentSetSize of job (KB)
...
006 (017.3522.000) 05/10 19:11:53 Image size of job updated: 3564788
	2854  -  MemoryUsage of job (MB)
	2922480  -  ResidentSetSize of job (KB)
...
006 (017.3522.000) 05/10 19:11:58 Image size of job updated: 3626228
	2890  -  MemoryUsage of job (MB)
	2959176  -  ResidentSetSize of job (KB)
...
006 (017.3522.000) 05/10 19:12:03 Image size of job updated: 3626228
	2928  -  MemoryUsage of job (MB)
	2997324  -  ResidentSetSize of job (KB)
...
006 (017.3522.000) 05/10 19:12:08 Image size of job updated: 3626228
	2965  -  MemoryUsage of job (MB)
	3035340  -  ResidentSetSize of job (KB)
...
006 (017.3522.000) 05/10 19:12:13 Image size of job updated: 3733748
	2996  -  MemoryUsage of job (MB)
	3067020  -  ResidentSetSize of job (KB)
...
006 (017.3522.000) 05/10 19:12:18 Image size of job updated: 3733748
	3026  -  MemoryUsage of job (MB)
	3098304  -  ResidentSetSize of job (KB)
...
006 (017.3522.000) 05/10 19:12:23 Image size of job updated: 3733748
	3057  -  MemoryUsage of job (MB)
	3129588  -  ResidentSetSize of job (KB)
...
006 (017.3522.000) 05/10 19:12:28 Image size of job updated: 3733748
	3088  -  MemoryUsage of job (MB)
	3161268  -  ResidentSetSize of job (KB)
...
006 (017.3522.000) 05/10 19:12:33 Image size of job updated: 3833076
	3117  -  MemoryUsage of job (MB)
	3191628  -  ResidentSetSize of job (KB)
...
006 (017.3522.000) 05/10 19:12:38 Image size of job updated: 3833076
	3147  -  MemoryUsage of job (MB)
	3221592  -  ResidentSetSize of job (KB)
...
006 (017.3522.000) 05/10 19:12:43 Image size of job updated: 3833076
	3177  -  MemoryUsage of job (MB)
	3253140  -  ResidentSetSize of job (KB)
...
006 (017.3522.000) 05/10 19:12:48 Image size of job updated: 3925236
	3212  -  MemoryUsage of job (MB)
	3288120  -  ResidentSetSize of job (KB)
...
006 (017.3522.000) 05/10 19:12:53 Image size of job updated: 3972340
	3252  -  MemoryUsage of job (MB)
	3329172  -  ResidentSetSize of job (KB)
...
006 (017.3522.000) 05/10 19:12:58 Image size of job updated: 4007156
	3283  -  MemoryUsage of job (MB)
	3361116  -  ResidentSetSize of job (KB)
...
006 (017.3522.000) 05/10 19:13:03 Image size of job updated: 4048116
	3311  -  MemoryUsage of job (MB)
	3389496  -  ResidentSetSize of job (KB)
...
006 (017.3522.000) 05/10 19:13:08 Image size of job updated: 4064500
	3339  -  MemoryUsage of job (MB)
	3418404  -  ResidentSetSize of job (KB)
...
006 (017.3522.000) 05/10 19:13:13 Image size of job updated: 4064500
	3367  -  MemoryUsage of job (MB)
	3447312  -  ResidentSetSize of job (KB)
...
006 (017.3522.000) 05/10 19:13:18 Image size of job updated: 4123892
	3395  -  MemoryUsage of job (MB)
	3476088  -  ResidentSetSize of job (KB)
...
006 (017.3522.000) 05/10 19:13:23 Image size of job updated: 4123892
	3423  -  MemoryUsage of job (MB)
	3505128  -  ResidentSetSize of job (KB)
...
006 (017.3522.000) 05/10 19:13:28 Image size of job updated: 4123892
	3452  -  MemoryUsage of job (MB)
	3534300  -  ResidentSetSize of job (KB)
...
006 (017.3522.000) 05/10 19:13:33 Image size of job updated: 4224244
	3481  -  MemoryUsage of job (MB)
	3564528  -  ResidentSetSize of job (KB)
...
006 (017.3522.000) 05/10 19:13:38 Image size of job updated: 4224244
	3509  -  MemoryUsage of job (MB)
	3592644  -  ResidentSetSize of job (KB)
...
006 (017.3522.000) 05/10 19:13:43 Image size of job updated: 4224244
	3538  -  MemoryUsage of job (MB)
	3622212  -  ResidentSetSize of job (KB)
...
006 (017.3522.000) 05/10 19:13:48 Image size of job updated: 4310260
	3564  -  MemoryUsage of job (MB)
	3648876  -  ResidentSetSize of job (KB)
...
006 (017.3522.000) 05/10 19:13:53 Image size of job updated: 4318452
	3592  -  MemoryUsage of job (MB)
	3678048  -  ResidentSetSize of job (KB)
...
006 (017.3522.000) 05/10 19:13:58 Image size of job updated: 4359412
	3621  -  MemoryUsage of job (MB)
	3707220  -  ResidentSetSize of job (KB)
...
006 (017.3522.000) 05/10 19:14:03 Image size of job updated: 4402420
	3650  -  MemoryUsage of job (MB)
	3736788  -  ResidentSetSize of job (KB)
...
006 (017.3522.000) 05/10 19:14:08 Image size of job updated: 4430068
	3678  -  MemoryUsage of job (MB)
	3766092  -  ResidentSetSize of job (KB)
...
006 (017.3522.000) 05/10 19:14:13 Image size of job updated: 4448500
	3707  -  MemoryUsage of job (MB)
	3795528  -  ResidentSetSize of job (KB)
...
006 (017.3522.000) 05/10 19:14:18 Image size of job updated: 4448500
	3736  -  MemoryUsage of job (MB)
	3824700  -  ResidentSetSize of job (KB)
...
006 (017.3522.000) 05/10 19:14:23 Image size of job updated: 4495604
	3764  -  MemoryUsage of job (MB)
	3853872  -  ResidentSetSize of job (KB)
...
006 (017.3522.000) 05/10 19:14:28 Image size of job updated: 4495604
	3791  -  MemoryUsage of job (MB)
	3881460  -  ResidentSetSize of job (KB)
...
006 (017.3522.000) 05/10 19:14:33 Image size of job updated: 4495604
	3822  -  MemoryUsage of job (MB)
	3912744  -  ResidentSetSize of job (KB)
...
006 (017.3522.000) 05/10 19:14:38 Image size of job updated: 4591860
	3853  -  MemoryUsage of job (MB)
	3944556  -  ResidentSetSize of job (KB)
...
006 (017.3522.000) 05/10 19:14:53 Image size of job updated: 4678900
	3853  -  MemoryUsage of job (MB)
	3944556  -  ResidentSetSize of job (KB)
...
006 (017.3522.000) 05/10 19:15:00 Image size of job updated: 4715764
	3853  -  MemoryUsage of job (MB)
	3944556  -  ResidentSetSize of job (KB)
...
006 (017.3522.000) 05/10 19:15:10 Image size of job updated: 4752628
	3865  -  MemoryUsage of job (MB)
	3956964  -  ResidentSetSize of job (KB)
...
006 (017.3522.000) 05/10 19:15:15 Image size of job updated: 4752628
	3893  -  MemoryUsage of job (MB)
	3986004  -  ResidentSetSize of job (KB)
...
006 (017.3522.000) 05/10 19:15:20 Image size of job updated: 4752628
	3921  -  MemoryUsage of job (MB)
	4015044  -  ResidentSetSize of job (KB)
...
006 (017.3522.000) 05/10 19:15:25 Image size of job updated: 4837620
	3948  -  MemoryUsage of job (MB)
	4042236  -  ResidentSetSize of job (KB)
...
006 (017.3522.000) 05/10 19:15:30 Image size of job updated: 4837620
	3975  -  MemoryUsage of job (MB)
	4070352  -  ResidentSetSize of job (KB)
...
006 (017.3522.000) 05/10 19:15:35 Image size of job updated: 4837620
	3995  -  MemoryUsage of job (MB)
	4090284  -  ResidentSetSize of job (KB)
...
006 (017.3522.000) 05/10 19:15:40 Image size of job updated: 4923636
	4027  -  MemoryUsage of job (MB)
	4123284  -  ResidentSetSize of job (KB)
...
006 (017.3522.000) 05/10 19:15:45 Image size of job updated: 4955380
	4056  -  MemoryUsage of job (MB)
	4152324  -  ResidentSetSize of job (KB)
...
006 (017.3522.000) 05/10 19:15:50 Image size of job updated: 4955380
	4083  -  MemoryUsage of job (MB)
	4180572  -  ResidentSetSize of job (KB)
...
006 (017.3522.000) 05/10 19:15:55 Image size of job updated: 5012724
	4113  -  MemoryUsage of job (MB)
	4210932  -  ResidentSetSize of job (KB)
...
006 (017.3522.000) 05/10 19:16:00 Image size of job updated: 5012724
	4140  -  MemoryUsage of job (MB)
	4239312  -  ResidentSetSize of job (KB)
...
006 (017.3522.000) 05/10 19:16:30 Image size of job updated: 5012724
	4158  -  MemoryUsage of job (MB)
	4257264  -  ResidentSetSize of job (KB)
...
006 (017.3522.000) 05/10 19:16:54 Image size of job updated: 5356532
	4158  -  MemoryUsage of job (MB)
	4257264  -  ResidentSetSize of job (KB)
...
005 (017.3522.000) 05/10 19:16:54 Job terminated.
	(1) Normal termination (return value 0)
		Usr 0 00:25:35, Sys 0 00:00:21  -  Run Remote Usage
		Usr 0 00:00:00, Sys 0 00:00:00  -  Run Local Usage
		Usr 0 00:25:35, Sys 0 00:00:21  -  Total Remote Usage
		Usr 0 00:00:00, Sys 0 00:00:00  -  Total Local Usage
	0  -  Run Bytes Sent By Job
	0  -  Run Bytes Received By Job
	0  -  Total Bytes Sent By Job
	0  -  Total Bytes Received By Job
	Partitionable Resources :      Usage  Request Allocated 
	   Cpus                 :       0.92        1         1 
	   Disk (KB)            : 2000000     2000000   6275465 
	   Memory (MB)          :    4158        1954      2007 
...
