000 (205.900.000) 05/06 03:17:35 Job submitted from host: <127.0.0.1:9618?addrs=127.0.0.1-9618&noUDP&sock=222_da1d_4>
...
033 (205.900.000) 05/06 14:21:22 Changing job attribute JobPrio from 0 to -5
...
000 (007.900.000) 05/07 18:59:27 Job submitted from host: <127.0.0.1:9618?addrs=127.0.0.1-9618&noUDP&sock=215_0cf3_4>
...
000 (016.900.000) 05/08 15:56:42 Job submitted from host: <127.0.0.1:9618?addrs=127.0.0.1-9618&noUDP&sock=227_4816_4>
...
001 (016.900.000) 05/08 22:26:05 Job executing on host: <127.0.0.1:9618?addrs=127.0.0.1-9618&noUDP&sock=227_4816_5>
...
006 (016.900.000) 05/08 22:26:10 Image size of job updated: 2000000
	114  -  MemoryUsage of job (MB)
	115896  -  ResidentSetSize of job (KB)
...
006 (016.900.000) 05/08 22:26:15 Image size of job updated: 2000000
	115  -  MemoryUsage of job (MB)
	117216  -  ResidentSetSize of job (KB)
...
006 (016.900.000) 05/08 22:26:40 Image size of job updated: 2000000
	184  -  MemoryUsage of job (MB)
	187968  -  ResidentSetSize of job (KB)
...
006 (016.900.000) 05/08 22:26:45 Image size of job updated: 2000000
	211  -  MemoryUsage of job (MB)
	215556  -  ResidentSetSize of job (KB)
...
006 (016.900.000) 05/08 22:26:50 Image size of job updated: 2000000
	211  -  MemoryUsage of job (MB)
	215820  -  ResidentSetSize of job (KB)
...
006 (016.900.000) 05/08 22:26:55 Image size of job updated: 2000000
	216  -  MemoryUsage of job (MB)
	220968  -  ResidentSetSize of job (KB)
...
006 (016.900.000) 05/08 22:27:00 Image size of job updated: 2000000
	226  -  MemoryUsage of job (MB)
	230868  -  ResidentSetSize of job (KB)
...
006 (016.900.000) 05/08 22:27:05 Image size of job updated: 2000000
	235  -  MemoryUsage of job (MB)
	239844  -  ResidentSetSize of job (KB)
...
006 (016.900.000) 05/08 22:27:10 Image size of job updated: 2000000
	242  -  MemoryUsage of job (MB)
	247236  -  ResidentSetSize of job (KB)
...
006 (016.900.000) 05/08 22:27:15 Image size of job updated: 2000000
	249  -  MemoryUsage of job (MB)
	254364  -  ResidentSetSize of job (KB)
...
006 (016.900.000) 05/08 22:27:27 Image size of job updated: 2000000
	260  -  MemoryUsage of job (MB)
	265452  -  ResidentSetSize of job (KB)
...
006 (016.900.000) 05/08 22:27:50 Image size of job updated: 2000000
	364  -  MemoryUsage of job (MB)
	372504  -  ResidentSetSize of job (KB)
...
006 (016.900.000) 05/08 22:28:09 Image size of job updated: 2000000
	530  -  MemoryUsage of job (MB)
	541992  -  ResidentSetSize of job (KB)
...
006 (016.900.000) 05/08 22:28:21 Image size of job updated: 2000000
	1239  -  MemoryUsage of job (MB)
	1267728  -  ResidentSetSize of job (KB)
...
006 (016.900.000) 05/08 22:46:13 Image size of job updated: 2000000
	1495  -  MemoryUsage of job (MB)
	1530804  -  ResidentSetSize of job (KB)
...
006 (016.900.000) 05/08 22:46:19 Image size of job updated: 2454228
	1711  -  MemoryUsage of job (MB)
	1751772  -  ResidentSetSize of job (KB)
...
006 (016.900.000) 05/08 22:46:25 Image size of job updated: 2454228
	2003  -  MemoryUsage of job (MB)
	2050488  -  ResidentSetSize of job (KB)
...
006 (016.900.000) 05/08 22:46:31 Image size of job updated: 2454228
	2019  -  MemoryUsage of job (MB)
	2067252  -  ResidentSetSize of job (KB)
...
006 (016.900.000) 05/08 22:46:37 Image size of job updated: 2756332
	2102  -  MemoryUsage of job (MB)
	2152128  -  ResidentSetSize of job (KB)
...
006 (016.900.000) 05/08 22:46:43 Image size of job updated: 2756332
	2191  -  MemoryUsage of job (MB)
	2243076  -  ResidentSetSize of job (KB)
...
006 (016.900.000) 05/08 22:46:49 Image size of job updated: 2974444
	2283  -  MemoryUsage of job (MB)
	2337060  -  ResidentSetSize of job (KB)
...
006 (016.900.000) 05/08 22:46:55 Image size of job updated: 2990828
	2366  -  MemoryUsage of job (MB)
	2422464  -  ResidentSetSize of job (KB)
...
006 (016.900.000) 05/08 22:47:01 Image size of job updated: 3121900
	2450  -  MemoryUsage of job (MB)
	2507868  -  ResidentSetSize of job (KB)
...
006 (016.900.000) 05/08 22:47:07 Image size of job updated: 3202796
	2530  -  MemoryUsage of job (MB)
	2590500  -  ResidentSetSize of job (KB)
...
006 (016.900.000) 05/08 22:47:13 Image size of job updated: 3275500
	2612  -  MemoryUsage of job (MB)
	2674584  -  ResidentSetSize of job (KB)
...
006 (016.900.000) 05/08 22:47:19 Image size of job updated: 3335916
	2696  -  MemoryUsage of job (MB)
	2759856  -  ResidentSetSize of job (KB)
...
006 (016.900.000) 05/08 22:47:25 Image size of job updated: 3412716
	2779  -  MemoryUsage of job (MB)
	2844864  -  ResidentSetSize of job (KB)
...
006 (016.900.000) 05/08 22:47:31 Image size of job updated: 3412716
	2862  -  MemoryUsage of job (MB)
	2930004  -  ResidentSetSize of job (KB)
...
006 (016.900.000) 05/08 22:47:37 Image size of job updated: 3621612
	2944  -  MemoryUsage of job (MB)
	3013824  -  ResidentSetSize of job (KB)
...
006 (016.900.000) 05/08 22:47:43 Image size of job updated: 3670764
	3026  -  MemoryUsage of job (MB)
	3097776  -  ResidentSetSize of job (KB)
...
006 (016.900.000) 05/08 22:47:49 Image size of job updated: 3770092
	3106  -  MemoryUsage of job (MB)
	3180408  -  ResidentSetSize of job (KB)
...
006 (016.900.000) 05/08 22:47:55 Image size of job updated: 3832556
	3188  -  MemoryUsage of job (MB)
	3263568  -  ResidentSetSize of job (KB)
...
006 (016.900.000) 05/08 22:48:01 Image size of job updated: 3985132
	3270  -  MemoryUsage of job (MB)
	3347520  -  ResidentSetSize of job (KB)
...
006 (016.900.000) 05/08 22:48:07 Image size of job updated: 4059884
	3351  -  MemoryUsage of job (MB)
	3430680  -  ResidentSetSize of job (KB)
...
006 (016.900.000) 05/08 22:48:13 Image size of job updated: 4059884
	3432  -  MemoryUsage of job (MB)
	3513576  -  ResidentSetSize of job (KB)
...
006 (016.900.000) 05/08 22:48:19 Image size of job updated: 4059884
	3512  -  MemoryUsage of job (MB)
	3595812  -  ResidentSetSize of job (KB)
...
006 (016.900.000) 05/08 22:48:25 Image size of job updated: 4246252
	3594  -  MemoryUsage of job (MB)
	3679368  -  ResidentSetSize of job (KB)
...
006 (016.900.000) 05/08 22:48:31 Image size of job updated: 4246252
	3677  -  MemoryUsage of job (MB)
	3764376  -  ResidentSetSize of job (KB)
...
006 (016.900.000) 05/08 22:48:37 Image size of job updated: 4457196
	3759  -  MemoryUsage of job (MB)
	3848460  -  ResidentSetSize of job (KB)
...
006 (016.900.000) 05/08 22:48:43 Image size of job updated: 4457196
	3840  -  MemoryUsage of job (MB)
	3931488  -  ResidentSetSize of job (KB)
...
006 (016.900.000) 05/08 22:48:49 Image size of job updated: 4457196
	3918  -  MemoryUsage of job (MB)
	4011348  -  ResidentSetSize of job (KB)
...
006 (016.900.000) 05/08 22:48:55 Image size of job updated: 4672236
	3978  -  MemoryUsage of job (MB)
	4073388  -  ResidentSetSize of job (KB)
...
006 (016.900.000) 05/08 22:49:01 Image size of job updated: 4672236
	4003  -  MemoryUsage of job (MB)
	4098864  -  ResidentSetSize of job (KB)
...
006 (016.900.000) 05/08 22:49:07 Image size of job updated: 4877036
	4029  -  MemoryUsage of job (MB)
	4125528  -  ResidentSetSize of job (KB)
...
006 (016.900.000) 05/08 22:49:17 Image size of job updated: 4938476
	4043  -  MemoryUsage of job (MB)
	4139784  -  ResidentSetSize of job (KB)
...
006 (016.900.000) 05/08 22:49:23 Image size of job updated: 5014252
	4127  -  MemoryUsage of job (MB)
	4225188  -  ResidentSetSize of job (KB)
...
006 (016.900.000) 05/08 22:49:29 Image size of job updated: 5097196
	4207  -  MemoryUsage of job (MB)
	4307820  -  ResidentSetSize of job (KB)
...
006 (016.900.000) 05/08 22:49:35 Image size of job updated: 5182188
	4288  -  MemoryUsage of job (MB)
	4390584  -  ResidentSetSize of job (KB)
...
006 (016.900.000) 05/08 22:49:41 Image size of job updated: 5255916
	4368  -  MemoryUsage of job (MB)
	4472160  -  ResidentSetSize of job (KB)
...
006 (016.900.000) 05/08 22:49:47 Image size of job updated: 5317356
	4448  -  MemoryUsage of job (MB)
	4554396  -  ResidentSetSize of job (KB)
...
006 (016.900.000) 05/08 22:49:53 Image size of job updated: 5399276
	4528  -  MemoryUsage of job (MB)
	4635708  -  ResidentSetSize of job (KB)
...
006 (016.900.000) 05/08 22:49:59 Image size of job updated: 5443308
	4609  -  MemoryUsage of job (MB)
	4719264  -  ResidentSetSize of job (KB)
...
006 (016.900.000) 05/08 22:50:05 Image size of job updated: 5536492
	4695  -  MemoryUsage of job (MB)
	4806912  -  ResidentSetSize of job (KB)
...
006 (016.900.000) 05/08 22:50:11 Image size of job updated: 5611244
	4804  -  MemoryUsage of job (MB)
	4918452  -  ResidentSetSize of job (KB)
...
006 (016.900.000) 05/08 22:50:17 Image size of job updated: 5611244
	4910  -  MemoryUsage of job (MB)
	5026824  -  ResidentSetSize of job (KB)
...
006 (016.900.000) 05/08 22:50:23 Image size of job updated: 5884652
	5017  -  MemoryUsage of job (MB)
	5136648  -  ResidentSetSize of job (KB)
...
006 (016.900.000) 05/08 22:50:29 Image size of job updated: 5884652
	5122  -  MemoryUsage of job (MB)
	5244624  -  ResidentSetSize of job (KB)
...
006 (016.900.000) 05/08 22:50:35 Image size of job updated: 5884652
	5208  -  MemoryUsage of job (MB)
	5332668  -  ResidentSetSize of job (KB)
...
006 (016.900.000) 05/08 22:50:41 Image size of job updated: 6132460
	5288  -  MemoryUsage of job (MB)
	5414112  -  ResidentSetSize of job (KB)
...
006 (016.900.000) 05/08 22:50:47 Image size of job updated: 6132460
	5370  -  MemoryUsage of job (MB)
	5498592  -  ResidentSetSize of job (KB)
...
006 (016.900.000) 05/08 22:50:53 Image size of job updated: 6340332
	5452  -  MemoryUsage of job (MB)
	5581884  -  ResidentSetSize of job (KB)
...
006 (016.900.000) 05/08 22:50:59 Image size of job updated: 6340332
	5534  -  MemoryUsage of job (MB)
	5666496  -  ResidentSetSize of job (KB)
...
006 (016.900.000) 05/08 22:51:05 Image size of job updated: 6340332
	5614  -  MemoryUsage of job (MB)
	5748204  -  ResidentSetSize of job (KB)
...
006 (016.900.000) 05/08 22:51:11 Image size of job updated: 6548204
	5695  -  MemoryUsage of job (MB)
	5831496  -  ResidentSetSize of job (KB)
...
006 (016.900.000) 05/08 22:51:17 Image size of job updated: 6548204
	5761  -  MemoryUsage of job (MB)
	5899080  -  ResidentSetSize of job (KB)
...
006 (016.900.000) 05/08 22:51:23 Image size of job updated: 6765292
	5813  -  MemoryUsage of job (MB)
	5952012  -  ResidentSetSize of job (KB)
...
006 (016.900.000) 05/08 22:51:32 Image size of job updated: 6765292
	5849  -  MemoryUsage of job (MB)
	5988444  -  ResidentSetSize of job (KB)
...
006 (016.900.000) 05/08 22:51:38 Image size of job updated: 6857452
	5937  -  MemoryUsage of job (MB)
	6078600  -  ResidentSetSize of job (KB)
...
006 (016.900.000) 05/08 22:51:44 Image size of job updated: 6992620
	6023  -  MemoryUsage of job (MB)
	6166644  -  ResidentSetSize of job (KB)
...
006 (016.900.000) 05/08 22:51:50 Image size of job updated: 6992620
	6109  -  MemoryUsage of job (MB)
	6255348  -  ResidentSetSize of job (KB)
...
006 (016.900.000) 05/08 22:51:56 Image size of job updated: 6992620
	6196  -  MemoryUsage of job (MB)
	6343920  -  ResidentSetSize of job (KB)
...
006 (016.900.000) 05/08 22:52:02 Image size of job updated: 7216876
	6258  -  MemoryUsage of job (MB)
	6407544  -  ResidentSetSize of job (KB)
...
006 (016.900.000) 05/08 22:52:08 Image size of job updated: 7316204
	6270  -  MemoryUsage of job (MB)
	6420216  -  ResidentSetSize of job (KB)
...
006 (016.900.000) 05/08 22:52:14 Image size of job updated: 7390956
	6350  -  MemoryUsage of job (MB)
	6501660  -  ResidentSetSize of job (KB)
...
006 (016.900.000) 05/08 22:52:20 Image size of job updated: 7390956
	6428  -  MemoryUsage of job (MB)
	6581784  -  ResidentSetSize of job (KB)
...
006 (016.900.000) 05/08 22:52:25 Image size of job updated: 7390956
	6428  -  MemoryUsage of job (MB)
	6582180  -  ResidentSetSize of job (KB)
...
005 (016.900.000) 05/08 22:52:26 Job terminated.
	(0) Abnormal termination (signal 9)
	(0) No core file
		Usr 0 00:25:09, Sys 0 00:00:18  -  Run Remote Usage
		Usr 0 00:00:00, Sys 0 00:00:00  -  Run Local Usage
		Usr 0 00:25:09, Sys 0 00:00:18  -  Total Remote Usage
		Usr 0 00:00:00, Sys 0 00:00:00  -  Total Local Usage
	0  -  Run Bytes Sent By Job
	0  -  Run Bytes Received By Job
	0  -  Total Bytes Sent By Job
	0  -  Total Bytes Received By Job
	Partitionable Resources :      Usage  Request Allocated 
	   Cpus                 :       1.00        1         1 
	   Disk (KB)            : 2000000     2000000   6275465 
	   Memory (MB)          :    6428        1954      2007 
...
