000 (205.6532.000) 05/06 03:20:50 Job submitted from host: <127.0.0.1:9618?addrs=127.0.0.1-9618&noUDP&sock=222_da1d_4>
...
033 (205.6532.000) 05/06 14:23:36 Changing job attribute JobPrio from 0 to -5
...
000 (007.6532.000) 05/07 19:00:37 Job submitted from host: <127.0.0.1:9618?addrs=127.0.0.1-9618&noUDP&sock=215_0cf3_4>
...
000 (016.6532.000) 05/08 15:57:41 Job submitted from host: <127.0.0.1:9618?addrs=127.0.0.1-9618&noUDP&sock=227_4816_4>
...
009 (016.6532.000) 05/09 16:55:30 Job was aborted by the user.
	via condor_rm (by user aw868)
...
000 (017.3199.000) 05/09 17:26:20 Job submitted from host: <127.0.0.1:9618?addrs=127.0.0.1-9618&noUDP&sock=227_4816_4>
...
001 (017.3199.000) 05/10 16:29:23 Job executing on host: <127.0.0.1:9618?addrs=127.0.0.1-9618&noUDP&sock=227_4816_5>
...
006 (017.3199.000) 05/10 16:29:28 Image size of job updated: 2000000
	112  -  MemoryUsage of job (MB)
	114048  -  ResidentSetSize of job (KB)
...
006 (017.3199.000) 05/10 16:29:33 Image size of job updated: 2000000
	115  -  MemoryUsage of job (MB)
	117084  -  ResidentSetSize of job (KB)
...
006 (017.3199.000) 05/10 16:29:58 Image size of job updated: 2000000
	170  -  MemoryUsage of job (MB)
	173844  -  ResidentSetSize of job (KB)
...
006 (017.3199.000) 05/10 16:30:03 Image size of job updated: 2000000
	211  -  MemoryUsage of job (MB)
	215424  -  ResidentSetSize of job (KB)
...
006 (017.3199.000) 05/10 16:30:08 Image size of job updated: 2000000
	212  -  MemoryUsage of job (MB)
	216744  -  ResidentSetSize of job (KB)
...
006 (017.3199.000) 05/10 16:30:13 Image size of job updated: 2000000
	224  -  MemoryUsage of job (MB)
	228360  -  ResidentSetSize of job (KB)
...
006 (017.3199.000) 05/10 16:30:18 Image size of job updated: 2000000
	234  -  MemoryUsage of job (MB)
	238656  -  ResidentSetSize of job (KB)
...
006 (017.3199.000) 05/10 16:30:23 Image size of job updated: 2000000
	244  -  MemoryUsage of job (MB)
	248952  -  ResidentSetSize of job (KB)
...
006 (017.3199.000) 05/10 16:30:28 Image size of job updated: 2000000
	253  -  MemoryUsage of job (MB)
	258720  -  ResidentSetSize of job (KB)
...
006 (017.3199.000) 05/10 16:30:33 Image size of job updated: 2000000
	261  -  MemoryUsage of job (MB)
	266904  -  ResidentSetSize of job (KB)
...
006 (017.3199.000) 05/10 16:30:38 Image size of job updated: 2000000
	267  -  MemoryUsage of job (MB)
	272448  -  ResidentSetSize of job (KB)
...
006 (017.3199.000) 05/10 16:30:43 Image size of job updated: 2000000
	273  -  MemoryUsage of job (MB)
	279048  -  ResidentSetSize of job (KB)
...
006 (017.3199.000) 05/10 16:30:48 Image size of job updated: 2000000
	300  -  MemoryUsage of job (MB)
	306372  -  ResidentSetSize of job (KB)
...
006 (017.3199.000) 05/10 16:30:53 Image size of job updated: 2000000
	343  -  MemoryUsage of job (MB)
	350592  -  ResidentSetSize of job (KB)
...
006 (017.3199.000) 05/10 16:30:58 Image size of job updated: 2000000
	377  -  MemoryUsage of job (MB)
	385572  -  ResidentSetSize of job (KB)
...
006 (017.3199.000) 05/10 16:31:03 Image size of job updated: 2000000
	380  -  MemoryUsage of job (MB)
	388476  -  ResidentSetSize of job (KB)
...
006 (017.3199.000) 05/10 16:31:08 Image size of job updated: 2000000
	450  -  MemoryUsage of job (MB)
	460152  -  ResidentSetSize of job (KB)
...
006 (017.3199.000) 05/10 16:31:13 Image size of job updated: 2000000
	518  -  MemoryUsage of job (MB)
	530112  -  ResidentSetSize of job (KB)
...
006 (017.3199.000) 05/10 16:31:18 Image size of job updated: 2000000
	1243  -  MemoryUsage of job (MB)
	1271952  -  ResidentSetSize of job (KB)
...
006 (017.3199.000) 05/10 16:47:41 Image size of job updated: 2000000
	1406  -  MemoryUsage of job (MB)
	1438800  -  ResidentSetSize of job (KB)
...
006 (017.3199.000) 05/10 16:47:46 Image size of job updated: 2295120
	1513  -  MemoryUsage of job (MB)
	1548888  -  ResidentSetSize of job (KB)
...
006 (017.3199.000) 05/10 16:47:51 Image size of job updated: 2454224
	1711  -  MemoryUsage of job (MB)
	1751376  -  ResidentSetSize of job (KB)
...
006 (017.3199.000) 05/10 16:47:56 Image size of job updated: 2454224
	1998  -  MemoryUsage of job (MB)
	2045604  -  ResidentSetSize of job (KB)
...
006 (017.3199.000) 05/10 16:48:01 Image size of job updated: 2654448
	1998  -  MemoryUsage of job (MB)
	2045604  -  ResidentSetSize of job (KB)
...
006 (017.3199.000) 05/10 16:48:06 Image size of job updated: 2654448
	2064  -  MemoryUsage of job (MB)
	2113320  -  ResidentSetSize of job (KB)
...
006 (017.3199.000) 05/10 16:48:11 Image size of job updated: 2654448
	2139  -  MemoryUsage of job (MB)
	2189352  -  ResidentSetSize of job (KB)
...
006 (017.3199.000) 05/10 16:48:16 Image size of job updated: 2903280
	2215  -  MemoryUsage of job (MB)
	2267496  -  ResidentSetSize of job (KB)
...
006 (017.3199.000) 05/10 16:48:21 Image size of job updated: 2989296
	2288  -  MemoryUsage of job (MB)
	2342604  -  ResidentSetSize of job (KB)
...
006 (017.3199.000) 05/10 16:48:26 Image size of job updated: 2992368
	2357  -  MemoryUsage of job (MB)
	2412960  -  ResidentSetSize of job (KB)
...
006 (017.3199.000) 05/10 16:48:31 Image size of job updated: 3097840
	2423  -  MemoryUsage of job (MB)
	2480808  -  ResidentSetSize of job (KB)
...
006 (017.3199.000) 05/10 16:48:36 Image size of job updated: 3182832
	2487  -  MemoryUsage of job (MB)
	2546148  -  ResidentSetSize of job (KB)
...
006 (017.3199.000) 05/10 16:48:41 Image size of job updated: 3182832
	2553  -  MemoryUsage of job (MB)
	2614128  -  ResidentSetSize of job (KB)
...
006 (017.3199.000) 05/10 16:48:46 Image size of job updated: 3300592
	2621  -  MemoryUsage of job (MB)
	2683428  -  ResidentSetSize of job (KB)
...
006 (017.3199.000) 05/10 16:48:51 Image size of job updated: 3300592
	2687  -  MemoryUsage of job (MB)
	2751012  -  ResidentSetSize of job (KB)
...
006 (017.3199.000) 05/10 16:48:56 Image size of job updated: 3427568
	2715  -  MemoryUsage of job (MB)
	2779524  -  ResidentSetSize of job (KB)
...
006 (017.3199.000) 05/10 16:49:01 Image size of job updated: 3482864
	2781  -  MemoryUsage of job (MB)
	2847504  -  ResidentSetSize of job (KB)
...
006 (017.3199.000) 05/10 16:49:06 Image size of job updated: 3516656
	2847  -  MemoryUsage of job (MB)
	2914560  -  ResidentSetSize of job (KB)
...
006 (017.3199.000) 05/10 16:49:11 Image size of job updated: 3516656
	2914  -  MemoryUsage of job (MB)
	2983728  -  ResidentSetSize of job (KB)
...
006 (017.3199.000) 05/10 16:49:16 Image size of job updated: 3699952
	2981  -  MemoryUsage of job (MB)
	3051576  -  ResidentSetSize of job (KB)
...
006 (017.3199.000) 05/10 16:49:21 Image size of job updated: 3715312
	3048  -  MemoryUsage of job (MB)
	3121140  -  ResidentSetSize of job (KB)
...
006 (017.3199.000) 05/10 16:49:26 Image size of job updated: 3790064
	3113  -  MemoryUsage of job (MB)
	3187668  -  ResidentSetSize of job (KB)
...
006 (017.3199.000) 05/10 16:49:31 Image size of job updated: 3902704
	3180  -  MemoryUsage of job (MB)
	3255912  -  ResidentSetSize of job (KB)
...
006 (017.3199.000) 05/10 16:49:36 Image size of job updated: 3926256
	3248  -  MemoryUsage of job (MB)
	3325080  -  ResidentSetSize of job (KB)
...
006 (017.3199.000) 05/10 16:49:41 Image size of job updated: 3926256
	3315  -  MemoryUsage of job (MB)
	3394380  -  ResidentSetSize of job (KB)
...
006 (017.3199.000) 05/10 16:49:46 Image size of job updated: 4109552
	3382  -  MemoryUsage of job (MB)
	3462492  -  ResidentSetSize of job (KB)
...
006 (017.3199.000) 05/10 16:49:51 Image size of job updated: 4109552
	3450  -  MemoryUsage of job (MB)
	3532056  -  ResidentSetSize of job (KB)
...
006 (017.3199.000) 05/10 16:49:56 Image size of job updated: 4249840
	3517  -  MemoryUsage of job (MB)
	3600432  -  ResidentSetSize of job (KB)
...
006 (017.3199.000) 05/10 16:50:01 Image size of job updated: 4249840
	3584  -  MemoryUsage of job (MB)
	3669336  -  ResidentSetSize of job (KB)
...
006 (017.3199.000) 05/10 16:50:06 Image size of job updated: 4347120
	3651  -  MemoryUsage of job (MB)
	3738372  -  ResidentSetSize of job (KB)
...
006 (017.3199.000) 05/10 16:50:11 Image size of job updated: 4414704
	3717  -  MemoryUsage of job (MB)
	3805824  -  ResidentSetSize of job (KB)
...
006 (017.3199.000) 05/10 16:50:16 Image size of job updated: 4414704
	3784  -  MemoryUsage of job (MB)
	3874596  -  ResidentSetSize of job (KB)
...
006 (017.3199.000) 05/10 16:50:22 Image size of job updated: 4534512
	3865  -  MemoryUsage of job (MB)
	3956832  -  ResidentSetSize of job (KB)
...
006 (017.3199.000) 05/10 16:50:28 Image size of job updated: 4534512
	3946  -  MemoryUsage of job (MB)
	4039992  -  ResidentSetSize of job (KB)
...
006 (017.3199.000) 05/10 16:50:34 Image size of job updated: 4742384
	4025  -  MemoryUsage of job (MB)
	4120776  -  ResidentSetSize of job (KB)
...
006 (017.3199.000) 05/10 16:50:40 Image size of job updated: 4742384
	4093  -  MemoryUsage of job (MB)
	4190604  -  ResidentSetSize of job (KB)
...
006 (017.3199.000) 05/10 16:50:49 Image size of job updated: 4960496
	4182  -  MemoryUsage of job (MB)
	4281420  -  ResidentSetSize of job (KB)
...
006 (017.3199.000) 05/10 16:50:57 Image size of job updated: 5047536
	4297  -  MemoryUsage of job (MB)
	4400088  -  ResidentSetSize of job (KB)
...
006 (017.3199.000) 05/10 16:51:03 Image size of job updated: 5047536
	4384  -  MemoryUsage of job (MB)
	4488528  -  ResidentSetSize of job (KB)
...
006 (017.3199.000) 05/10 16:51:08 Image size of job updated: 5203184
	4455  -  MemoryUsage of job (MB)
	4561260  -  ResidentSetSize of job (KB)
...
006 (017.3199.000) 05/10 16:51:13 Image size of job updated: 5263600
	4533  -  MemoryUsage of job (MB)
	4641252  -  ResidentSetSize of job (KB)
...
006 (017.3199.000) 05/10 16:51:18 Image size of job updated: 5263600
	4609  -  MemoryUsage of job (MB)
	4719528  -  ResidentSetSize of job (KB)
...
006 (017.3199.000) 05/10 16:51:23 Image size of job updated: 5417200
	4676  -  MemoryUsage of job (MB)
	4787508  -  ResidentSetSize of job (KB)
...
006 (017.3199.000) 05/10 16:51:28 Image size of job updated: 5529840
	4748  -  MemoryUsage of job (MB)
	4861296  -  ResidentSetSize of job (KB)
...
006 (017.3199.000) 05/10 16:51:33 Image size of job updated: 5569776
	4817  -  MemoryUsage of job (MB)
	4932444  -  ResidentSetSize of job (KB)
...
006 (017.3199.000) 05/10 16:51:38 Image size of job updated: 5630192
	4901  -  MemoryUsage of job (MB)
	5018112  -  ResidentSetSize of job (KB)
...
006 (017.3199.000) 05/10 16:51:43 Image size of job updated: 5630192
	4990  -  MemoryUsage of job (MB)
	5109324  -  ResidentSetSize of job (KB)
...
006 (017.3199.000) 05/10 16:51:48 Image size of job updated: 5630192
	5082  -  MemoryUsage of job (MB)
	5203308  -  ResidentSetSize of job (KB)
...
006 (017.3199.000) 05/10 16:51:53 Image size of job updated: 5939440
	5174  -  MemoryUsage of job (MB)
	5298084  -  ResidentSetSize of job (KB)
...
006 (017.3199.000) 05/10 16:51:58 Image size of job updated: 5997808
	5253  -  MemoryUsage of job (MB)
	5378736  -  ResidentSetSize of job (KB)
...
006 (017.3199.000) 05/10 16:52:03 Image size of job updated: 6095088
	5324  -  MemoryUsage of job (MB)
	5451732  -  ResidentSetSize of job (KB)
...
006 (017.3199.000) 05/10 16:52:08 Image size of job updated: 6172912
	5391  -  MemoryUsage of job (MB)
	5519976  -  ResidentSetSize of job (KB)
...
006 (017.3199.000) 05/10 16:52:13 Image size of job updated: 6172912
	5458  -  MemoryUsage of job (MB)
	5588616  -  ResidentSetSize of job (KB)
...
006 (017.3199.000) 05/10 16:52:18 Image size of job updated: 6172912
	5525  -  MemoryUsage of job (MB)
	5657520  -  ResidentSetSize of job (KB)
...
006 (017.3199.000) 05/10 16:52:23 Image size of job updated: 6378736
	5594  -  MemoryUsage of job (MB)
	5727480  -  ResidentSetSize of job (KB)
...
006 (017.3199.000) 05/10 16:52:28 Image size of job updated: 6378736
	5663  -  MemoryUsage of job (MB)
	5798760  -  ResidentSetSize of job (KB)
...
006 (017.3199.000) 05/10 16:52:33 Image size of job updated: 6378736
	5732  -  MemoryUsage of job (MB)
	5869116  -  ResidentSetSize of job (KB)
...
006 (017.3199.000) 05/10 16:52:38 Image size of job updated: 6590704
	5800  -  MemoryUsage of job (MB)
	5939076  -  ResidentSetSize of job (KB)
...
006 (017.3199.000) 05/10 16:52:43 Image size of job updated: 6590704
	5870  -  MemoryUsage of job (MB)
	6010224  -  ResidentSetSize of job (KB)
...
006 (017.3199.000) 05/10 16:52:48 Image size of job updated: 6590704
	5938  -  MemoryUsage of job (MB)
	6080448  -  ResidentSetSize of job (KB)
...
006 (017.3199.000) 05/10 16:52:53 Image size of job updated: 6807792
	5999  -  MemoryUsage of job (MB)
	6142224  -  ResidentSetSize of job (KB)
...
006 (017.3199.000) 05/10 16:52:58 Image size of job updated: 6882544
	6069  -  MemoryUsage of job (MB)
	6214296  -  ResidentSetSize of job (KB)
...
006 (017.3199.000) 05/10 16:53:03 Image size of job updated: 6882544
	6150  -  MemoryUsage of job (MB)
	6296928  -  ResidentSetSize of job (KB)
...
006 (017.3199.000) 05/10 16:53:08 Image size of job updated: 7053552
	6220  -  MemoryUsage of job (MB)
	6368736  -  ResidentSetSize of job (KB)
...
006 (017.3199.000) 05/10 16:53:13 Image size of job updated: 7053552
	6280  -  MemoryUsage of job (MB)
	6430380  -  ResidentSetSize of job (KB)
...
006 (017.3199.000) 05/10 16:53:18 Image size of job updated: 7053552
	6334  -  MemoryUsage of job (MB)
	6485820  -  ResidentSetSize of job (KB)
...
006 (017.3199.000) 05/10 16:53:23 Image size of job updated: 7248112
	6378  -  MemoryUsage of job (MB)
	6530436  -  ResidentSetSize of job (KB)
...
006 (017.3199.000) 05/10 16:53:28 Image size of job updated: 7302384
	6446  -  MemoryUsage of job (MB)
	6599736  -  ResidentSetSize of job (KB)
...
006 (017.3199.000) 05/10 16:53:33 Image size of job updated: 7302384
	6514  -  MemoryUsage of job (MB)
	6669564  -  ResidentSetSize of job (KB)
...
006 (017.3199.000) 05/10 16:53:38 Image size of job updated: 7472368
	6593  -  MemoryUsage of job (MB)
	6750348  -  ResidentSetSize of job (KB)
...
006 (017.3199.000) 05/10 16:53:43 Image size of job updated: 7522544
	6661  -  MemoryUsage of job (MB)
	6820176  -  ResidentSetSize of job (KB)
...
006 (017.3199.000) 05/10 16:53:48 Image size of job updated: 7522544
	6730  -  MemoryUsage of job (MB)
	6890796  -  ResidentSetSize of job (KB)
...
006 (017.3199.000) 05/10 16:53:53 Image size of job updated: 7683312
	6797  -  MemoryUsage of job (MB)
	6959832  -  ResidentSetSize of job (KB)
...
006 (017.3199.000) 05/10 16:53:58 Image size of job updated: 7737584
	6864  -  MemoryUsage of job (MB)
	7028736  -  ResidentSetSize of job (KB)
...
006 (017.3199.000) 05/10 16:54:03 Image size of job updated: 7737584
	6934  -  MemoryUsage of job (MB)
	7099752  -  ResidentSetSize of job (KB)
...
006 (017.3199.000) 05/10 16:54:08 Image size of job updated: 7737584
	7002  -  MemoryUsage of job (MB)
	7169184  -  ResidentSetSize of job (KB)
...
006 (017.3199.000) 05/10 16:54:13 Image size of job updated: 7899376
	7070  -  MemoryUsage of job (MB)
	7239672  -  ResidentSetSize of job (KB)
...
006 (017.3199.000) 05/10 16:54:19 Image size of job updated: 7899376
	7154  -  MemoryUsage of job (MB)
	7324944  -  ResidentSetSize of job (KB)
...
006 (017.3199.000) 05/10 16:54:25 Image size of job updated: 8126704
	7237  -  MemoryUsage of job (MB)
	7410084  -  ResidentSetSize of job (KB)
...
006 (017.3199.000) 05/10 16:54:31 Image size of job updated: 8165616
	7320  -  MemoryUsage of job (MB)
	7494828  -  ResidentSetSize of job (KB)
...
006 (017.3199.000) 05/10 16:54:37 Image size of job updated: 8165616
	7403  -  MemoryUsage of job (MB)
	7579968  -  ResidentSetSize of job (KB)
...
006 (017.3199.000) 05/10 16:54:43 Image size of job updated: 8338672
	7485  -  MemoryUsage of job (MB)
	7664184  -  ResidentSetSize of job (KB)
...
006 (017.3199.000) 05/10 16:54:49 Image size of job updated: 8420592
	7568  -  MemoryUsage of job (MB)
	7749060  -  ResidentSetSize of job (KB)
...
006 (017.3199.000) 05/10 16:54:55 Image size of job updated: 8527088
	7652  -  MemoryUsage of job (MB)
	7834992  -  ResidentSetSize of job (KB)
...
006 (017.3199.000) 05/10 16:55:01 Image size of job updated: 8561904
	7734  -  MemoryUsage of job (MB)
	7919076  -  ResidentSetSize of job (KB)
...
006 (017.3199.000) 05/10 16:55:07 Image size of job updated: 8695024
	7814  -  MemoryUsage of job (MB)
	8001444  -  ResidentSetSize of job (KB)
...
006 (017.3199.000) 05/10 16:55:13 Image size of job updated: 8768752
	7897  -  MemoryUsage of job (MB)
	8086188  -  ResidentSetSize of job (KB)
...
006 (017.3199.000) 05/10 16:55:19 Image size of job updated: 8768752
	7981  -  MemoryUsage of job (MB)
	8171988  -  ResidentSetSize of job (KB)
...
006 (017.3199.000) 05/10 16:55:25 Image size of job updated: 8768752
	8064  -  MemoryUsage of job (MB)
	8257128  -  ResidentSetSize of job (KB)
...
006 (017.3199.000) 05/10 16:55:31 Image size of job updated: 8979696
	8147  -  MemoryUsage of job (MB)
	8341740  -  ResidentSetSize of job (KB)
...
006 (017.3199.000) 05/10 16:55:37 Image size of job updated: 8979696
	8261  -  MemoryUsage of job (MB)
	8458692  -  ResidentSetSize of job (KB)
...
006 (017.3199.000) 05/10 16:55:43 Image size of job updated: 9354480
	8476  -  MemoryUsage of job (MB)
	8678604  -  ResidentSetSize of job (KB)
...
005 (017.3199.000) 05/10 16:55:49 Job terminated.
	(1) Normal termination (return value 0)
		Usr 0 00:25:31, Sys 0 00:00:11  -  Run Remote Usage
		Usr 0 00:00:00, Sys 0 00:00:00  -  Run Local Usage
		Usr 0 00:25:31, Sys 0 00:00:11  -  Total Remote Usage
		Usr 0 00:00:00, Sys 0 00:00:00  -  Total Local Usage
	0  -  Run Bytes Sent By Job
	0  -  Run Bytes Received By Job
	0  -  Total Bytes Sent By Job
	0  -  Total Bytes Received By Job
	Partitionable Resources :      Usage  Request Allocated 
	   Cpus                 :       0.98        1         1 
	   Disk (KB)            : 2000000     2000000   6275465 
	   Memory (MB)          :    8476        1954      2007 
...
