000 (205.317.000) 05/06 03:17:08 Job submitted from host: <127.0.0.1:9618?addrs=127.0.0.1-9618&noUDP&sock=222_da1d_4>
...
033 (205.317.000) 05/06 14:21:07 Changing job attribute JobPrio from 0 to -5
...
001 (205.317.000) 05/07 06:05:17 Job executing on host: <127.0.0.1:9618?addrs=127.0.0.1-9618+[--1]-9618&noUDP&sock=337139_e3f4_5>
...
006 (205.317.000) 05/07 06:05:22 Image size of job updated: 2000000
	167  -  MemoryUsage of job (MB)
	170676  -  ResidentSetSize of job (KB)
...
006 (205.317.000) 05/07 06:05:27 Image size of job updated: 2000000
	213  -  MemoryUsage of job (MB)
	217404  -  ResidentSetSize of job (KB)
...
006 (205.317.000) 05/07 06:05:32 Image size of job updated: 2000000
	219  -  MemoryUsage of job (MB)
	223740  -  ResidentSetSize of job (KB)
...
006 (205.317.000) 05/07 06:05:37 Image size of job updated: 2000000
	234  -  MemoryUsage of job (MB)
	239448  -  ResidentSetSize of job (KB)
...
006 (205.317.000) 05/07 06:05:42 Image size of job updated: 2000000
	250  -  MemoryUsage of job (MB)
	255288  -  ResidentSetSize of job (KB)
...
006 (205.317.000) 05/07 06:05:47 Image size of job updated: 2000000
	263  -  MemoryUsage of job (MB)
	268752  -  ResidentSetSize of job (KB)
...
006 (205.317.000) 05/07 06:05:52 Image size of job updated: 2000000
	273  -  MemoryUsage of job (MB)
	279180  -  ResidentSetSize of job (KB)
...
006 (205.317.000) 05/07 06:05:57 Image size of job updated: 2000000
	316  -  MemoryUsage of job (MB)
	323136  -  ResidentSetSize of job (KB)
...
006 (205.317.000) 05/07 06:06:02 Image size of job updated: 2000000
	378  -  MemoryUsage of job (MB)
	386364  -  ResidentSetSize of job (KB)
...
006 (205.317.000) 05/07 06:06:07 Image size of job updated: 2000000
	420  -  MemoryUsage of job (MB)
	429792  -  ResidentSetSize of job (KB)
...
006 (205.317.000) 05/07 06:06:12 Image size of job updated: 2000000
	507  -  MemoryUsage of job (MB)
	519024  -  ResidentSetSize of job (KB)
...
006 (205.317.000) 05/07 06:06:17 Image size of job updated: 2000000
	1247  -  MemoryUsage of job (MB)
	1276176  -  ResidentSetSize of job (KB)
...
006 (205.317.000) 05/07 06:22:33 Image size of job updated: 2000000
	1327  -  MemoryUsage of job (MB)
	1358544  -  ResidentSetSize of job (KB)
...
006 (205.317.000) 05/07 06:22:40 Image size of job updated: 2000000
	1652  -  MemoryUsage of job (MB)
	1690656  -  ResidentSetSize of job (KB)
...
006 (205.317.000) 05/07 06:22:45 Image size of job updated: 2000000
	1798  -  MemoryUsage of job (MB)
	1840476  -  ResidentSetSize of job (KB)
...
006 (205.317.000) 05/07 06:22:50 Image size of job updated: 2702568
	2022  -  MemoryUsage of job (MB)
	2069760  -  ResidentSetSize of job (KB)
...
006 (205.317.000) 05/07 06:22:55 Image size of job updated: 2702568
	2030  -  MemoryUsage of job (MB)
	2078604  -  ResidentSetSize of job (KB)
...
006 (205.317.000) 05/07 06:23:00 Image size of job updated: 2702568
	2114  -  MemoryUsage of job (MB)
	2163876  -  ResidentSetSize of job (KB)
...
006 (205.317.000) 05/07 06:23:05 Image size of job updated: 2702568
	2210  -  MemoryUsage of job (MB)
	2262348  -  ResidentSetSize of job (KB)
...
006 (205.317.000) 05/07 06:23:10 Image size of job updated: 2914024
	2294  -  MemoryUsage of job (MB)
	2348808  -  ResidentSetSize of job (KB)
...
006 (205.317.000) 05/07 06:23:15 Image size of job updated: 2914024
	2366  -  MemoryUsage of job (MB)
	2421804  -  ResidentSetSize of job (KB)
...
006 (205.317.000) 05/07 06:23:20 Image size of job updated: 2914024
	2437  -  MemoryUsage of job (MB)
	2494668  -  ResidentSetSize of job (KB)
...
006 (205.317.000) 05/07 06:23:25 Image size of job updated: 3138280
	2506  -  MemoryUsage of job (MB)
	2565684  -  ResidentSetSize of job (KB)
...
006 (205.317.000) 05/07 06:23:30 Image size of job updated: 3138280
	2575  -  MemoryUsage of job (MB)
	2636172  -  ResidentSetSize of job (KB)
...
006 (205.317.000) 05/07 06:23:35 Image size of job updated: 3138280
	2644  -  MemoryUsage of job (MB)
	2707056  -  ResidentSetSize of job (KB)
...
006 (205.317.000) 05/07 06:23:40 Image size of job updated: 3352296
	2713  -  MemoryUsage of job (MB)
	2777808  -  ResidentSetSize of job (KB)
...
006 (205.317.000) 05/07 06:23:45 Image size of job updated: 3352296
	2781  -  MemoryUsage of job (MB)
	2847108  -  ResidentSetSize of job (KB)
...
006 (205.317.000) 05/07 06:23:50 Image size of job updated: 3352296
	2848  -  MemoryUsage of job (MB)
	2915352  -  ResidentSetSize of job (KB)
...
006 (205.317.000) 05/07 06:23:55 Image size of job updated: 3556072
	2914  -  MemoryUsage of job (MB)
	2983728  -  ResidentSetSize of job (KB)
...
006 (205.317.000) 05/07 06:24:00 Image size of job updated: 3556072
	2981  -  MemoryUsage of job (MB)
	3052236  -  ResidentSetSize of job (KB)
...
006 (205.317.000) 05/07 06:24:05 Image size of job updated: 3556072
	3049  -  MemoryUsage of job (MB)
	3121668  -  ResidentSetSize of job (KB)
...
006 (205.317.000) 05/07 06:24:10 Image size of job updated: 3762920
	3115  -  MemoryUsage of job (MB)
	3189648  -  ResidentSetSize of job (KB)
...
006 (205.317.000) 05/07 06:24:16 Image size of job updated: 3762920
	3195  -  MemoryUsage of job (MB)
	3270696  -  ResidentSetSize of job (KB)
...
006 (205.317.000) 05/07 06:24:22 Image size of job updated: 3959528
	3271  -  MemoryUsage of job (MB)
	3348840  -  ResidentSetSize of job (KB)
...
006 (205.317.000) 05/07 06:24:28 Image size of job updated: 3959528
	3354  -  MemoryUsage of job (MB)
	3433980  -  ResidentSetSize of job (KB)
...
006 (205.317.000) 05/07 06:24:34 Image size of job updated: 3959528
	3431  -  MemoryUsage of job (MB)
	3512916  -  ResidentSetSize of job (KB)
...
006 (205.317.000) 05/07 06:24:40 Image size of job updated: 4161256
	3510  -  MemoryUsage of job (MB)
	3593304  -  ResidentSetSize of job (KB)
...
006 (205.317.000) 05/07 06:24:46 Image size of job updated: 4161256
	3587  -  MemoryUsage of job (MB)
	3672240  -  ResidentSetSize of job (KB)
...
006 (205.317.000) 05/07 06:24:52 Image size of job updated: 4381416
	3664  -  MemoryUsage of job (MB)
	3751836  -  ResidentSetSize of job (KB)
...
006 (205.317.000) 05/07 06:24:58 Image size of job updated: 4381416
	3742  -  MemoryUsage of job (MB)
	3831432  -  ResidentSetSize of job (KB)
...
006 (205.317.000) 05/07 06:25:04 Image size of job updated: 4381416
	3818  -  MemoryUsage of job (MB)
	3909180  -  ResidentSetSize of job (KB)
...
006 (205.317.000) 05/07 06:25:10 Image size of job updated: 4573928
	3891  -  MemoryUsage of job (MB)
	3984024  -  ResidentSetSize of job (KB)
...
006 (205.317.000) 05/07 06:25:16 Image size of job updated: 4573928
	3970  -  MemoryUsage of job (MB)
	4064940  -  ResidentSetSize of job (KB)
...
006 (205.317.000) 05/07 06:25:22 Image size of job updated: 4770536
	4046  -  MemoryUsage of job (MB)
	4143084  -  ResidentSetSize of job (KB)
...
006 (205.317.000) 05/07 06:25:28 Image size of job updated: 4770536
	4121  -  MemoryUsage of job (MB)
	4219776  -  ResidentSetSize of job (KB)
...
006 (205.317.000) 05/07 06:25:34 Image size of job updated: 4770536
	4199  -  MemoryUsage of job (MB)
	4298976  -  ResidentSetSize of job (KB)
...
006 (205.317.000) 05/07 06:25:41 Image size of job updated: 4964072
	4277  -  MemoryUsage of job (MB)
	4378836  -  ResidentSetSize of job (KB)
...
006 (205.317.000) 05/07 06:25:46 Image size of job updated: 4964072
	4322  -  MemoryUsage of job (MB)
	4425168  -  ResidentSetSize of job (KB)
...
006 (205.317.000) 05/07 06:25:51 Image size of job updated: 4964072
	4380  -  MemoryUsage of job (MB)
	4484832  -  ResidentSetSize of job (KB)
...
006 (205.317.000) 05/07 06:25:56 Image size of job updated: 5172968
	4429  -  MemoryUsage of job (MB)
	4534464  -  ResidentSetSize of job (KB)
...
006 (205.317.000) 05/07 06:42:36 Image size of job updated: 5328616
	4505  -  MemoryUsage of job (MB)
	4612212  -  ResidentSetSize of job (KB)
...
006 (205.317.000) 05/07 06:52:01 Image size of job updated: 5442280
	4518  -  MemoryUsage of job (MB)
	4625676  -  ResidentSetSize of job (KB)
...
005 (205.317.000) 05/07 06:54:51 Job terminated.
	(0) Abnormal termination (signal 9)
	(0) No core file
		Usr 0 00:20:34, Sys 0 00:05:51  -  Run Remote Usage
		Usr 0 00:00:00, Sys 0 00:00:00  -  Run Local Usage
		Usr 0 00:20:34, Sys 0 00:05:51  -  Total Remote Usage
		Usr 0 00:00:00, Sys 0 00:00:00  -  Total Local Usage
	101601  -  Run Bytes Sent By Job
	1864886144  -  Run Bytes Received By Job
	101601  -  Total Bytes Sent By Job
	1864886144  -  Total Bytes Received By Job
	Partitionable Resources :      Usage  Request Allocated 
	   Cpus                 :       0.06        1         1 
	   Disk (KB)            : 2000000     2000000   6513701 
	   Memory (MB)          :    4518        1954      2007 
...
000 (007.317.000) 05/07 18:59:16 Job submitted from host: <127.0.0.1:9618?addrs=127.0.0.1-9618&noUDP&sock=215_0cf3_4>
...
000 (016.317.000) 05/08 15:56:36 Job submitted from host: <127.0.0.1:9618?addrs=127.0.0.1-9618&noUDP&sock=227_4816_4>
...
001 (016.317.000) 05/08 18:13:53 Job executing on host: <127.0.0.1:9618?addrs=127.0.0.1-9618&noUDP&sock=227_4816_5>
...
006 (016.317.000) 05/08 18:13:59 Image size of job updated: 2000000
	115  -  MemoryUsage of job (MB)
	117084  -  ResidentSetSize of job (KB)
...
006 (016.317.000) 05/08 18:14:29 Image size of job updated: 2000000
	184  -  MemoryUsage of job (MB)
	187968  -  ResidentSetSize of job (KB)
...
006 (016.317.000) 05/08 18:14:35 Image size of job updated: 2000000
	211  -  MemoryUsage of job (MB)
	215556  -  ResidentSetSize of job (KB)
...
006 (016.317.000) 05/08 18:14:41 Image size of job updated: 2000000
	214  -  MemoryUsage of job (MB)
	218724  -  ResidentSetSize of job (KB)
...
006 (016.317.000) 05/08 18:14:47 Image size of job updated: 2000000
	228  -  MemoryUsage of job (MB)
	233112  -  ResidentSetSize of job (KB)
...
006 (016.317.000) 05/08 18:14:53 Image size of job updated: 2000000
	242  -  MemoryUsage of job (MB)
	247368  -  ResidentSetSize of job (KB)
...
006 (016.317.000) 05/08 18:14:59 Image size of job updated: 2000000
	255  -  MemoryUsage of job (MB)
	260436  -  ResidentSetSize of job (KB)
...
006 (016.317.000) 05/08 18:15:06 Image size of job updated: 2000000
	266  -  MemoryUsage of job (MB)
	271788  -  ResidentSetSize of job (KB)
...
006 (016.317.000) 05/08 18:15:11 Image size of job updated: 2000000
	273  -  MemoryUsage of job (MB)
	279180  -  ResidentSetSize of job (KB)
...
006 (016.317.000) 05/08 18:15:16 Image size of job updated: 2000000
	299  -  MemoryUsage of job (MB)
	305580  -  ResidentSetSize of job (KB)
...
006 (016.317.000) 05/08 18:15:21 Image size of job updated: 2000000
	339  -  MemoryUsage of job (MB)
	346500  -  ResidentSetSize of job (KB)
...
006 (016.317.000) 05/08 18:15:26 Image size of job updated: 2000000
	377  -  MemoryUsage of job (MB)
	385836  -  ResidentSetSize of job (KB)
...
006 (016.317.000) 05/08 18:15:31 Image size of job updated: 2000000
	380  -  MemoryUsage of job (MB)
	388740  -  ResidentSetSize of job (KB)
...
006 (016.317.000) 05/08 18:15:36 Image size of job updated: 2000000
	428  -  MemoryUsage of job (MB)
	437844  -  ResidentSetSize of job (KB)
...
006 (016.317.000) 05/08 18:15:41 Image size of job updated: 2000000
	492  -  MemoryUsage of job (MB)
	502920  -  ResidentSetSize of job (KB)
...
006 (016.317.000) 05/08 18:15:46 Image size of job updated: 2000000
	548  -  MemoryUsage of job (MB)
	561132  -  ResidentSetSize of job (KB)
...
006 (016.317.000) 05/08 18:15:51 Image size of job updated: 2000000
	1244  -  MemoryUsage of job (MB)
	1273140  -  ResidentSetSize of job (KB)
...
006 (016.317.000) 05/08 18:33:02 Image size of job updated: 2000000
	1523  -  MemoryUsage of job (MB)
	1559052  -  ResidentSetSize of job (KB)
...
006 (016.317.000) 05/08 18:33:07 Image size of job updated: 2000000
	1709  -  MemoryUsage of job (MB)
	1749132  -  ResidentSetSize of job (KB)
...
006 (016.317.000) 05/08 18:33:12 Image size of job updated: 2066460
	2006  -  MemoryUsage of job (MB)
	2053392  -  ResidentSetSize of job (KB)
...
006 (016.317.000) 05/08 18:33:17 Image size of job updated: 2654956
	2006  -  MemoryUsage of job (MB)
	2053392  -  ResidentSetSize of job (KB)
...
006 (016.317.000) 05/08 18:33:22 Image size of job updated: 2654956
	2085  -  MemoryUsage of job (MB)
	2134704  -  ResidentSetSize of job (KB)
...
006 (016.317.000) 05/08 18:33:27 Image size of job updated: 2793196
	2184  -  MemoryUsage of job (MB)
	2235420  -  ResidentSetSize of job (KB)
...
006 (016.317.000) 05/08 18:33:32 Image size of job updated: 2946796
	2273  -  MemoryUsage of job (MB)
	2326632  -  ResidentSetSize of job (KB)
...
006 (016.317.000) 05/08 18:33:37 Image size of job updated: 2946796
	2347  -  MemoryUsage of job (MB)
	2402400  -  ResidentSetSize of job (KB)
...
006 (016.317.000) 05/08 18:33:42 Image size of job updated: 2946796
	2418  -  MemoryUsage of job (MB)
	2475396  -  ResidentSetSize of job (KB)
...
006 (016.317.000) 05/08 18:33:47 Image size of job updated: 3167980
	2491  -  MemoryUsage of job (MB)
	2550240  -  ResidentSetSize of job (KB)
...
006 (016.317.000) 05/08 18:33:52 Image size of job updated: 3167980
	2562  -  MemoryUsage of job (MB)
	2622972  -  ResidentSetSize of job (KB)
...
006 (016.317.000) 05/08 18:33:57 Image size of job updated: 3167980
	2634  -  MemoryUsage of job (MB)
	2696760  -  ResidentSetSize of job (KB)
...
006 (016.317.000) 05/08 18:34:02 Image size of job updated: 3387116
	2706  -  MemoryUsage of job (MB)
	2770284  -  ResidentSetSize of job (KB)
...
006 (016.317.000) 05/08 18:34:07 Image size of job updated: 3387116
	2778  -  MemoryUsage of job (MB)
	2844072  -  ResidentSetSize of job (KB)
...
006 (016.317.000) 05/08 18:34:12 Image size of job updated: 3387116
	2850  -  MemoryUsage of job (MB)
	2917596  -  ResidentSetSize of job (KB)
...
006 (016.317.000) 05/08 18:34:17 Image size of job updated: 3607276
	2921  -  MemoryUsage of job (MB)
	2990592  -  ResidentSetSize of job (KB)
...
006 (016.317.000) 05/08 18:34:22 Image size of job updated: 3607276
	2992  -  MemoryUsage of job (MB)
	3063192  -  ResidentSetSize of job (KB)
...
006 (016.317.000) 05/08 18:34:27 Image size of job updated: 3607276
	3066  -  MemoryUsage of job (MB)
	3138564  -  ResidentSetSize of job (KB)
...
006 (016.317.000) 05/08 18:34:32 Image size of job updated: 3825388
	3135  -  MemoryUsage of job (MB)
	3209316  -  ResidentSetSize of job (KB)
...
006 (016.317.000) 05/08 18:34:37 Image size of job updated: 3825388
	3207  -  MemoryUsage of job (MB)
	3282972  -  ResidentSetSize of job (KB)
...
006 (016.317.000) 05/08 18:34:42 Image size of job updated: 3825388
	3279  -  MemoryUsage of job (MB)
	3356760  -  ResidentSetSize of job (KB)
...
006 (016.317.000) 05/08 18:34:47 Image size of job updated: 4044524
	3349  -  MemoryUsage of job (MB)
	3428700  -  ResidentSetSize of job (KB)
...
006 (016.317.000) 05/08 18:34:52 Image size of job updated: 4044524
	3418  -  MemoryUsage of job (MB)
	3499056  -  ResidentSetSize of job (KB)
...
006 (016.317.000) 05/08 18:34:57 Image size of job updated: 4044524
	3488  -  MemoryUsage of job (MB)
	3570996  -  ResidentSetSize of job (KB)
...
006 (016.317.000) 05/08 18:35:02 Image size of job updated: 4257516
	3558  -  MemoryUsage of job (MB)
	3643200  -  ResidentSetSize of job (KB)
...
006 (016.317.000) 05/08 18:35:07 Image size of job updated: 4257516
	3629  -  MemoryUsage of job (MB)
	3716064  -  ResidentSetSize of job (KB)
...
006 (016.317.000) 05/08 18:35:12 Image size of job updated: 4257516
	3708  -  MemoryUsage of job (MB)
	3796584  -  ResidentSetSize of job (KB)
...
006 (016.317.000) 05/08 18:35:17 Image size of job updated: 4496108
	3787  -  MemoryUsage of job (MB)
	3877236  -  ResidentSetSize of job (KB)
...
006 (016.317.000) 05/08 18:35:22 Image size of job updated: 4496108
	3864  -  MemoryUsage of job (MB)
	3955776  -  ResidentSetSize of job (KB)
...
006 (016.317.000) 05/08 18:35:27 Image size of job updated: 4496108
	3939  -  MemoryUsage of job (MB)
	4033524  -  ResidentSetSize of job (KB)
...
006 (016.317.000) 05/08 18:35:32 Image size of job updated: 4729580
	4013  -  MemoryUsage of job (MB)
	4108632  -  ResidentSetSize of job (KB)
...
006 (016.317.000) 05/08 18:35:37 Image size of job updated: 4792044
	4084  -  MemoryUsage of job (MB)
	4181100  -  ResidentSetSize of job (KB)
...
006 (016.317.000) 05/08 18:35:42 Image size of job updated: 4792044
	4158  -  MemoryUsage of job (MB)
	4257264  -  ResidentSetSize of job (KB)
...
006 (016.317.000) 05/08 18:35:47 Image size of job updated: 4968172
	4256  -  MemoryUsage of job (MB)
	4357848  -  ResidentSetSize of job (KB)
...
006 (016.317.000) 05/08 18:35:52 Image size of job updated: 4968172
	4354  -  MemoryUsage of job (MB)
	4458432  -  ResidentSetSize of job (KB)
...
006 (016.317.000) 05/08 18:35:57 Image size of job updated: 4968172
	4444  -  MemoryUsage of job (MB)
	4550040  -  ResidentSetSize of job (KB)
...
006 (016.317.000) 05/08 18:36:02 Image size of job updated: 5250796
	4539  -  MemoryUsage of job (MB)
	4647324  -  ResidentSetSize of job (KB)
...
006 (016.317.000) 05/08 18:36:07 Image size of job updated: 5250796
	4620  -  MemoryUsage of job (MB)
	4730352  -  ResidentSetSize of job (KB)
...
006 (016.317.000) 05/08 18:36:12 Image size of job updated: 5250796
	4694  -  MemoryUsage of job (MB)
	4805988  -  ResidentSetSize of job (KB)
...
006 (016.317.000) 05/08 18:36:17 Image size of job updated: 5500652
	4767  -  MemoryUsage of job (MB)
	4881360  -  ResidentSetSize of job (KB)
...
006 (016.317.000) 05/08 18:36:22 Image size of job updated: 5500652
	4839  -  MemoryUsage of job (MB)
	4954620  -  ResidentSetSize of job (KB)
...
006 (016.317.000) 05/08 18:36:27 Image size of job updated: 5500652
	4911  -  MemoryUsage of job (MB)
	5028408  -  ResidentSetSize of job (KB)
...
006 (016.317.000) 05/08 18:36:32 Image size of job updated: 5746412
	4985  -  MemoryUsage of job (MB)
	5103912  -  ResidentSetSize of job (KB)
...
006 (016.317.000) 05/08 18:36:37 Image size of job updated: 5746412
	5056  -  MemoryUsage of job (MB)
	5177172  -  ResidentSetSize of job (KB)
...
006 (016.317.000) 05/08 18:36:42 Image size of job updated: 5746412
	5131  -  MemoryUsage of job (MB)
	5254128  -  ResidentSetSize of job (KB)
...
006 (016.317.000) 05/08 18:36:47 Image size of job updated: 5972716
	5209  -  MemoryUsage of job (MB)
	5333196  -  ResidentSetSize of job (KB)
...
006 (016.317.000) 05/08 18:36:52 Image size of job updated: 6062828
	5297  -  MemoryUsage of job (MB)
	5423220  -  ResidentSetSize of job (KB)
...
006 (016.317.000) 05/08 18:36:57 Image size of job updated: 6062828
	5390  -  MemoryUsage of job (MB)
	5518920  -  ResidentSetSize of job (KB)
...
006 (016.317.000) 05/08 18:37:02 Image size of job updated: 6251244
	5482  -  MemoryUsage of job (MB)
	5613036  -  ResidentSetSize of job (KB)
...
006 (016.317.000) 05/08 18:37:07 Image size of job updated: 6251244
	5575  -  MemoryUsage of job (MB)
	5707812  -  ResidentSetSize of job (KB)
...
006 (016.317.000) 05/08 18:37:12 Image size of job updated: 6251244
	5661  -  MemoryUsage of job (MB)
	5796120  -  ResidentSetSize of job (KB)
...
006 (016.317.000) 05/08 18:37:17 Image size of job updated: 6251244
	5726  -  MemoryUsage of job (MB)
	5863308  -  ResidentSetSize of job (KB)
...
006 (016.317.000) 05/08 18:37:22 Image size of job updated: 6515436
	5791  -  MemoryUsage of job (MB)
	5929968  -  ResidentSetSize of job (KB)
...
006 (016.317.000) 05/08 18:37:27 Image size of job updated: 6515436
	5857  -  MemoryUsage of job (MB)
	5997420  -  ResidentSetSize of job (KB)
...
006 (016.317.000) 05/08 18:37:32 Image size of job updated: 6515436
	5925  -  MemoryUsage of job (MB)
	6066192  -  ResidentSetSize of job (KB)
...
006 (016.317.000) 05/08 18:37:37 Image size of job updated: 6719212
	5993  -  MemoryUsage of job (MB)
	6136548  -  ResidentSetSize of job (KB)
...
006 (016.317.000) 05/08 18:37:42 Image size of job updated: 6719212
	6061  -  MemoryUsage of job (MB)
	6205980  -  ResidentSetSize of job (KB)
...
006 (016.317.000) 05/08 18:37:47 Image size of job updated: 6719212
	6130  -  MemoryUsage of job (MB)
	6276600  -  ResidentSetSize of job (KB)
...
006 (016.317.000) 05/08 18:37:52 Image size of job updated: 6940396
	6197  -  MemoryUsage of job (MB)
	6344844  -  ResidentSetSize of job (KB)
...
006 (016.317.000) 05/08 18:37:58 Image size of job updated: 6940396
	6279  -  MemoryUsage of job (MB)
	6429456  -  ResidentSetSize of job (KB)
...
006 (016.317.000) 05/08 18:38:04 Image size of job updated: 7150316
	6361  -  MemoryUsage of job (MB)
	6513276  -  ResidentSetSize of job (KB)
...
006 (016.317.000) 05/08 18:38:10 Image size of job updated: 7150316
	6442  -  MemoryUsage of job (MB)
	6595644  -  ResidentSetSize of job (KB)
...
006 (016.317.000) 05/08 18:38:16 Image size of job updated: 7150316
	6522  -  MemoryUsage of job (MB)
	6677748  -  ResidentSetSize of job (KB)
...
006 (016.317.000) 05/08 18:38:22 Image size of job updated: 7357164
	6603  -  MemoryUsage of job (MB)
	6760776  -  ResidentSetSize of job (KB)
...
006 (016.317.000) 05/08 18:38:28 Image size of job updated: 7357164
	6682  -  MemoryUsage of job (MB)
	6841560  -  ResidentSetSize of job (KB)
...
006 (016.317.000) 05/08 18:38:34 Image size of job updated: 7560940
	6762  -  MemoryUsage of job (MB)
	6923664  -  ResidentSetSize of job (KB)
...
006 (016.317.000) 05/08 18:38:40 Image size of job updated: 7560940
	6839  -  MemoryUsage of job (MB)
	7002864  -  ResidentSetSize of job (KB)
...
006 (016.317.000) 05/08 18:38:46 Image size of job updated: 7560940
	6919  -  MemoryUsage of job (MB)
	7084176  -  ResidentSetSize of job (KB)
...
006 (016.317.000) 05/08 18:38:52 Image size of job updated: 7764716
	6970  -  MemoryUsage of job (MB)
	7136316  -  ResidentSetSize of job (KB)
...
006 (016.317.000) 05/08 18:38:58 Image size of job updated: 7764716
	6986  -  MemoryUsage of job (MB)
	7153344  -  ResidentSetSize of job (KB)
...
006 (016.317.000) 05/08 18:39:04 Image size of job updated: 7960300
	7022  -  MemoryUsage of job (MB)
	7190304  -  ResidentSetSize of job (KB)
...
006 (016.317.000) 05/08 18:39:10 Image size of job updated: 7960300
	7086  -  MemoryUsage of job (MB)
	7255116  -  ResidentSetSize of job (KB)
...
006 (016.317.000) 05/08 18:39:16 Image size of job updated: 8091372
	7176  -  MemoryUsage of job (MB)
	7347912  -  ResidentSetSize of job (KB)
...
006 (016.317.000) 05/08 18:39:22 Image size of job updated: 8244972
	7263  -  MemoryUsage of job (MB)
	7436616  -  ResidentSetSize of job (KB)
...
006 (016.317.000) 05/08 18:39:28 Image size of job updated: 8319724
	7349  -  MemoryUsage of job (MB)
	7525320  -  ResidentSetSize of job (KB)
...
006 (016.317.000) 05/08 18:39:34 Image size of job updated: 8423148
	7437  -  MemoryUsage of job (MB)
	7614552  -  ResidentSetSize of job (KB)
...
006 (016.317.000) 05/08 18:39:40 Image size of job updated: 8423148
	7524  -  MemoryUsage of job (MB)
	7704444  -  ResidentSetSize of job (KB)
...
006 (016.317.000) 05/08 18:39:46 Image size of job updated: 8423148
	7611  -  MemoryUsage of job (MB)
	7793148  -  ResidentSetSize of job (KB)
...
006 (016.317.000) 05/08 18:39:52 Image size of job updated: 8645356
	7699  -  MemoryUsage of job (MB)
	7883040  -  ResidentSetSize of job (KB)
...
006 (016.317.000) 05/08 18:39:58 Image size of job updated: 8645356
	7786  -  MemoryUsage of job (MB)
	7972404  -  ResidentSetSize of job (KB)
...
006 (016.317.000) 05/08 18:40:04 Image size of job updated: 8645356
	7875  -  MemoryUsage of job (MB)
	8063880  -  ResidentSetSize of job (KB)
...
006 (016.317.000) 05/08 18:40:10 Image size of job updated: 8879852
	7963  -  MemoryUsage of job (MB)
	8153904  -  ResidentSetSize of job (KB)
...
006 (016.317.000) 05/08 18:40:16 Image size of job updated: 8879852
	8052  -  MemoryUsage of job (MB)
	8244324  -  ResidentSetSize of job (KB)
...
006 (016.317.000) 05/08 18:40:22 Image size of job updated: 9116396
	8140  -  MemoryUsage of job (MB)
	8335140  -  ResidentSetSize of job (KB)
...
006 (016.317.000) 05/08 18:40:28 Image size of job updated: 9116396
	8376  -  MemoryUsage of job (MB)
	8576040  -  ResidentSetSize of job (KB)
...
005 (016.317.000) 05/08 18:40:33 Job terminated.
	(1) Normal termination (return value 0)
		Usr 0 00:25:30, Sys 0 00:00:13  -  Run Remote Usage
		Usr 0 00:00:00, Sys 0 00:00:00  -  Run Local Usage
		Usr 0 00:25:30, Sys 0 00:00:13  -  Total Remote Usage
		Usr 0 00:00:00, Sys 0 00:00:00  -  Total Local Usage
	0  -  Run Bytes Sent By Job
	0  -  Run Bytes Received By Job
	0  -  Total Bytes Sent By Job
	0  -  Total Bytes Received By Job
	Partitionable Resources :      Usage  Request Allocated 
	   Cpus                 :       1.00        1         1 
	   Disk (KB)            : 2000000     2000000   6275465 
	   Memory (MB)          :    8376        1954      2007 
...
