000 (040.3112.000) 04/27 18:43:16 Job submitted from host: <127.0.0.1:9618?addrs=127.0.0.1-9618&noUDP&sock=222_da1d_4>
...
001 (040.3112.000) 04/28 05:32:00 Job executing on host: <127.0.0.1:9618?addrs=127.0.0.1-9618&noUDP&sock=222_da1d_5>
...
006 (040.3112.000) 04/28 05:32:06 Image size of job updated: 390060
	381  -  MemoryUsage of job (MB)
	390060  -  ResidentSetSize of job (KB)
...
006 (040.3112.000) 04/28 05:32:12 Image size of job updated: 675576
	660  -  MemoryUsage of job (MB)
	675576  -  ResidentSetSize of job (KB)
...
006 (040.3112.000) 04/28 05:32:18 Image size of job updated: 695376
	665  -  MemoryUsage of job (MB)
	680196  -  ResidentSetSize of job (KB)
...
005 (040.3112.000) 04/28 05:34:43 Job terminated.
	(1) Normal termination (return value 0)
		Usr 0 00:02:40, Sys 0 00:00:00  -  Run Remote Usage
		Usr 0 00:00:00, Sys 0 00:00:00  -  Run Local Usage
		Usr 0 00:02:40, Sys 0 00:00:00  -  Total Remote Usage
		Usr 0 00:00:00, Sys 0 00:00:00  -  Total Local Usage
	0  -  Run Bytes Sent By Job
	0  -  Run Bytes Received By Job
	0  -  Total Bytes Sent By Job
	0  -  Total Bytes Received By Job
	Partitionable Resources :    Usage  Request Allocated 
	   Cpus                 :     0.91        1         1 
	   Disk (KB)            :     1           1   6540465 
	   Memory (MB)          :   665           1      2007 
...
