000 (040.1959.000) 04/27 18:42:41 Job submitted from host: <127.0.0.1:9618?addrs=127.0.0.1-9618&noUDP&sock=222_da1d_4>
...
001 (040.1959.000) 04/28 04:40:14 Job executing on host: <127.0.0.1:9618?addrs=127.0.0.1-9618&noUDP&sock=222_da1d_5>
...
006 (040.1959.000) 04/28 04:40:19 Image size of job updated: 338316
	331  -  MemoryUsage of job (MB)
	338316  -  ResidentSetSize of job (KB)
...
006 (040.1959.000) 04/28 04:40:24 Image size of job updated: 669768
	655  -  MemoryUsage of job (MB)
	669768  -  ResidentSetSize of job (KB)
...
006 (040.1959.000) 04/28 04:40:29 Image size of job updated: 695376
	665  -  MemoryUsage of job (MB)
	680328  -  ResidentSetSize of job (KB)
...
005 (040.1959.000) 04/28 04:43:02 Job terminated.
	(1) Normal termination (return value 0)
		Usr 0 00:02:45, Sys 0 00:00:00  -  Run Remote Usage
		Usr 0 00:00:00, Sys 0 00:00:00  -  Run Local Usage
		Usr 0 00:02:45, Sys 0 00:00:00  -  Total Remote Usage
		Usr 0 00:00:00, Sys 0 00:00:00  -  Total Local Usage
	0  -  Run Bytes Sent By Job
	0  -  Run Bytes Received By Job
	0  -  Total Bytes Sent By Job
	0  -  Total Bytes Received By Job
	Partitionable Resources :    Usage  Request Allocated 
	   Cpus                 :     0.99        1         1 
	   Disk (KB)            :     1           1   6540465 
	   Memory (MB)          :   665           1      2007 
...
