000 (005.4958.000) 05/05 20:23:43 Job submitted from host: <127.0.0.1:9618?addrs=127.0.0.1-9618&noUDP&sock=227_4816_4>
...
033 (005.4958.000) 05/06 14:16:52 Changing job attribute JobPrio from 0 to -10
...
001 (005.4958.000) 05/07 08:04:22 Job executing on host: <127.0.0.1:9618?addrs=127.0.0.1-9618&noUDP&sock=227_4816_5>
...
006 (005.4958.000) 05/07 08:04:28 Image size of job updated: 2000000
	101  -  MemoryUsage of job (MB)
	102960  -  ResidentSetSize of job (KB)
...
006 (005.4958.000) 05/07 08:04:58 Image size of job updated: 2000000
	161  -  MemoryUsage of job (MB)
	164604  -  ResidentSetSize of job (KB)
...
006 (005.4958.000) 05/07 08:05:04 Image size of job updated: 2000000
	184  -  MemoryUsage of job (MB)
	187968  -  ResidentSetSize of job (KB)
...
006 (005.4958.000) 05/07 08:05:10 Image size of job updated: 2000000
	186  -  MemoryUsage of job (MB)
	189816  -  ResidentSetSize of job (KB)
...
006 (005.4958.000) 05/07 08:05:16 Image size of job updated: 2000000
	198  -  MemoryUsage of job (MB)
	202092  -  ResidentSetSize of job (KB)
...
006 (005.4958.000) 05/07 08:05:22 Image size of job updated: 2000000
	210  -  MemoryUsage of job (MB)
	214368  -  ResidentSetSize of job (KB)
...
006 (005.4958.000) 05/07 08:05:28 Image size of job updated: 2000000
	220  -  MemoryUsage of job (MB)
	224268  -  ResidentSetSize of job (KB)
...
006 (005.4958.000) 05/07 08:05:34 Image size of job updated: 2000000
	231  -  MemoryUsage of job (MB)
	235620  -  ResidentSetSize of job (KB)
...
006 (005.4958.000) 05/07 08:05:40 Image size of job updated: 2000000
	239  -  MemoryUsage of job (MB)
	244464  -  ResidentSetSize of job (KB)
...
006 (005.4958.000) 05/07 08:05:46 Image size of job updated: 2000000
	266  -  MemoryUsage of job (MB)
	271920  -  ResidentSetSize of job (KB)
...
006 (005.4958.000) 05/07 08:05:52 Image size of job updated: 2000000
	303  -  MemoryUsage of job (MB)
	309408  -  ResidentSetSize of job (KB)
...
006 (005.4958.000) 05/07 08:05:58 Image size of job updated: 2000000
	329  -  MemoryUsage of job (MB)
	336204  -  ResidentSetSize of job (KB)
...
006 (005.4958.000) 05/07 08:06:04 Image size of job updated: 2000000
	389  -  MemoryUsage of job (MB)
	397980  -  ResidentSetSize of job (KB)
...
006 (005.4958.000) 05/07 08:06:10 Image size of job updated: 2000000
	452  -  MemoryUsage of job (MB)
	462660  -  ResidentSetSize of job (KB)
...
006 (005.4958.000) 05/07 08:06:16 Image size of job updated: 2000000
	1171  -  MemoryUsage of job (MB)
	1198428  -  ResidentSetSize of job (KB)
...
006 (005.4958.000) 05/07 08:20:22 Image size of job updated: 2000000
	1172  -  MemoryUsage of job (MB)
	1199484  -  ResidentSetSize of job (KB)
...
006 (005.4958.000) 05/07 08:20:27 Image size of job updated: 2000000
	1173  -  MemoryUsage of job (MB)
	1200408  -  ResidentSetSize of job (KB)
...
006 (005.4958.000) 05/07 08:20:32 Image size of job updated: 2000000
	1250  -  MemoryUsage of job (MB)
	1279872  -  ResidentSetSize of job (KB)
...
006 (005.4958.000) 05/07 08:20:37 Image size of job updated: 2000000
	1607  -  MemoryUsage of job (MB)
	1645248  -  ResidentSetSize of job (KB)
...
006 (005.4958.000) 05/07 08:20:42 Image size of job updated: 2000000
	1623  -  MemoryUsage of job (MB)
	1660956  -  ResidentSetSize of job (KB)
...
006 (005.4958.000) 05/07 08:20:47 Image size of job updated: 2000000
	1885  -  MemoryUsage of job (MB)
	1929840  -  ResidentSetSize of job (KB)
...
006 (005.4958.000) 05/07 08:20:52 Image size of job updated: 2561000
	1947  -  MemoryUsage of job (MB)
	1993068  -  ResidentSetSize of job (KB)
...
006 (005.4958.000) 05/07 08:20:57 Image size of job updated: 2561000
	1979  -  MemoryUsage of job (MB)
	2025540  -  ResidentSetSize of job (KB)
...
006 (005.4958.000) 05/07 08:21:02 Image size of job updated: 2561000
	2001  -  MemoryUsage of job (MB)
	2048904  -  ResidentSetSize of job (KB)
...
006 (005.4958.000) 05/07 08:21:07 Image size of job updated: 2682856
	2023  -  MemoryUsage of job (MB)
	2071476  -  ResidentSetSize of job (KB)
...
006 (005.4958.000) 05/07 08:21:12 Image size of job updated: 2682856
	2046  -  MemoryUsage of job (MB)
	2094180  -  ResidentSetSize of job (KB)
...
006 (005.4958.000) 05/07 08:21:17 Image size of job updated: 2682856
	2067  -  MemoryUsage of job (MB)
	2116224  -  ResidentSetSize of job (KB)
...
006 (005.4958.000) 05/07 08:21:22 Image size of job updated: 2750440
	2087  -  MemoryUsage of job (MB)
	2136816  -  ResidentSetSize of job (KB)
...
006 (005.4958.000) 05/07 08:21:27 Image size of job updated: 2750440
	2108  -  MemoryUsage of job (MB)
	2157936  -  ResidentSetSize of job (KB)
...
006 (005.4958.000) 05/07 08:21:32 Image size of job updated: 2750440
	2127  -  MemoryUsage of job (MB)
	2177076  -  ResidentSetSize of job (KB)
...
006 (005.4958.000) 05/07 08:21:37 Image size of job updated: 2809832
	2148  -  MemoryUsage of job (MB)
	2198724  -  ResidentSetSize of job (KB)
...
006 (005.4958.000) 05/07 08:21:42 Image size of job updated: 2809832
	2167  -  MemoryUsage of job (MB)
	2218392  -  ResidentSetSize of job (KB)
...
006 (005.4958.000) 05/07 08:21:47 Image size of job updated: 2809832
	2188  -  MemoryUsage of job (MB)
	2239644  -  ResidentSetSize of job (KB)
...
006 (005.4958.000) 05/07 08:21:52 Image size of job updated: 2876392
	2207  -  MemoryUsage of job (MB)
	2259576  -  ResidentSetSize of job (KB)
...
006 (005.4958.000) 05/07 08:21:57 Image size of job updated: 2906088
	2226  -  MemoryUsage of job (MB)
	2278584  -  ResidentSetSize of job (KB)
...
006 (005.4958.000) 05/07 08:22:02 Image size of job updated: 2920424
	2247  -  MemoryUsage of job (MB)
	2300892  -  ResidentSetSize of job (KB)
...
006 (005.4958.000) 05/07 08:22:07 Image size of job updated: 2938856
	2269  -  MemoryUsage of job (MB)
	2323068  -  ResidentSetSize of job (KB)
...
006 (005.4958.000) 05/07 08:22:12 Image size of job updated: 2938856
	2290  -  MemoryUsage of job (MB)
	2344188  -  ResidentSetSize of job (KB)
...
006 (005.4958.000) 05/07 08:22:17 Image size of job updated: 2989032
	2309  -  MemoryUsage of job (MB)
	2363724  -  ResidentSetSize of job (KB)
...
006 (005.4958.000) 05/07 08:22:22 Image size of job updated: 3007464
	2329  -  MemoryUsage of job (MB)
	2384052  -  ResidentSetSize of job (KB)
...
006 (005.4958.000) 05/07 08:22:27 Image size of job updated: 3027944
	2349  -  MemoryUsage of job (MB)
	2405172  -  ResidentSetSize of job (KB)
...
006 (005.4958.000) 05/07 08:22:32 Image size of job updated: 3027944
	2369  -  MemoryUsage of job (MB)
	2425368  -  ResidentSetSize of job (KB)
...
006 (005.4958.000) 05/07 08:22:37 Image size of job updated: 3064808
	2388  -  MemoryUsage of job (MB)
	2444376  -  ResidentSetSize of job (KB)
...
006 (005.4958.000) 05/07 08:22:42 Image size of job updated: 3064808
	2407  -  MemoryUsage of job (MB)
	2463780  -  ResidentSetSize of job (KB)
...
006 (005.4958.000) 05/07 08:22:47 Image size of job updated: 3064808
	2426  -  MemoryUsage of job (MB)
	2483844  -  ResidentSetSize of job (KB)
...
006 (005.4958.000) 05/07 08:22:52 Image size of job updated: 3123176
	2444  -  MemoryUsage of job (MB)
	2502456  -  ResidentSetSize of job (KB)
...
006 (005.4958.000) 05/07 08:22:57 Image size of job updated: 3123176
	2463  -  MemoryUsage of job (MB)
	2521728  -  ResidentSetSize of job (KB)
...
006 (005.4958.000) 05/07 08:23:02 Image size of job updated: 3123176
	2484  -  MemoryUsage of job (MB)
	2543112  -  ResidentSetSize of job (KB)
...
006 (005.4958.000) 05/07 08:23:07 Image size of job updated: 3187688
	2506  -  MemoryUsage of job (MB)
	2565288  -  ResidentSetSize of job (KB)
...
006 (005.4958.000) 05/07 08:23:12 Image size of job updated: 3187688
	2524  -  MemoryUsage of job (MB)
	2584296  -  ResidentSetSize of job (KB)
...
006 (005.4958.000) 05/07 08:23:17 Image size of job updated: 3220456
	2545  -  MemoryUsage of job (MB)
	2605284  -  ResidentSetSize of job (KB)
...
006 (005.4958.000) 05/07 08:23:22 Image size of job updated: 3247080
	2564  -  MemoryUsage of job (MB)
	2624556  -  ResidentSetSize of job (KB)
...
006 (005.4958.000) 05/07 08:23:28 Image size of job updated: 3247080
	2586  -  MemoryUsage of job (MB)
	2647524  -  ResidentSetSize of job (KB)
...
006 (005.4958.000) 05/07 08:23:34 Image size of job updated: 3281896
	2608  -  MemoryUsage of job (MB)
	2669964  -  ResidentSetSize of job (KB)
...
006 (005.4958.000) 05/07 08:23:40 Image size of job updated: 3310568
	2635  -  MemoryUsage of job (MB)
	2698080  -  ResidentSetSize of job (KB)
...
006 (005.4958.000) 05/07 08:23:46 Image size of job updated: 3310568
	2660  -  MemoryUsage of job (MB)
	2722896  -  ResidentSetSize of job (KB)
...
006 (005.4958.000) 05/07 08:23:52 Image size of job updated: 3374056
	2684  -  MemoryUsage of job (MB)
	2747448  -  ResidentSetSize of job (KB)
...
006 (005.4958.000) 05/07 08:23:58 Image size of job updated: 3388392
	2707  -  MemoryUsage of job (MB)
	2771868  -  ResidentSetSize of job (KB)
...
006 (005.4958.000) 05/07 08:24:04 Image size of job updated: 3388392
	2731  -  MemoryUsage of job (MB)
	2796288  -  ResidentSetSize of job (KB)
...
006 (005.4958.000) 05/07 08:24:10 Image size of job updated: 3445736
	2762  -  MemoryUsage of job (MB)
	2827308  -  ResidentSetSize of job (KB)
...
006 (005.4958.000) 05/07 08:24:16 Image size of job updated: 3487720
	2792  -  MemoryUsage of job (MB)
	2858856  -  ResidentSetSize of job (KB)
...
006 (005.4958.000) 05/07 08:24:22 Image size of job updated: 3487720
	2815  -  MemoryUsage of job (MB)
	2882484  -  ResidentSetSize of job (KB)
...
006 (005.4958.000) 05/07 08:24:28 Image size of job updated: 3512296
	2839  -  MemoryUsage of job (MB)
	2906904  -  ResidentSetSize of job (KB)
...
006 (005.4958.000) 05/07 08:24:34 Image size of job updated: 3512296
	2864  -  MemoryUsage of job (MB)
	2932380  -  ResidentSetSize of job (KB)
...
006 (005.4958.000) 05/07 08:24:40 Image size of job updated: 3583976
	2888  -  MemoryUsage of job (MB)
	2957196  -  ResidentSetSize of job (KB)
...
006 (005.4958.000) 05/07 08:24:46 Image size of job updated: 3595240
	2912  -  MemoryUsage of job (MB)
	2981880  -  ResidentSetSize of job (KB)
...
006 (005.4958.000) 05/07 08:24:52 Image size of job updated: 3632104
	2937  -  MemoryUsage of job (MB)
	3007488  -  ResidentSetSize of job (KB)
...
006 (005.4958.000) 05/07 08:24:58 Image size of job updated: 3650536
	2961  -  MemoryUsage of job (MB)
	3031116  -  ResidentSetSize of job (KB)
...
006 (005.4958.000) 05/07 08:25:04 Image size of job updated: 3650536
	2986  -  MemoryUsage of job (MB)
	3057516  -  ResidentSetSize of job (KB)
...
006 (005.4958.000) 05/07 08:25:10 Image size of job updated: 3650536
	3012  -  MemoryUsage of job (MB)
	3083388  -  ResidentSetSize of job (KB)
...
006 (005.4958.000) 05/07 08:25:16 Image size of job updated: 3710952
	3035  -  MemoryUsage of job (MB)
	3107016  -  ResidentSetSize of job (KB)
...
006 (005.4958.000) 05/07 08:25:22 Image size of job updated: 3710952
	3061  -  MemoryUsage of job (MB)
	3134208  -  ResidentSetSize of job (KB)
...
006 (005.4958.000) 05/07 08:25:28 Image size of job updated: 3778536
	3086  -  MemoryUsage of job (MB)
	3159684  -  ResidentSetSize of job (KB)
...
006 (005.4958.000) 05/07 08:25:34 Image size of job updated: 3778536
	3111  -  MemoryUsage of job (MB)
	3185160  -  ResidentSetSize of job (KB)
...
006 (005.4958.000) 05/07 08:25:40 Image size of job updated: 3778536
	3137  -  MemoryUsage of job (MB)
	3211692  -  ResidentSetSize of job (KB)
...
006 (005.4958.000) 05/07 08:25:46 Image size of job updated: 3860456
	3162  -  MemoryUsage of job (MB)
	3237300  -  ResidentSetSize of job (KB)
...
006 (005.4958.000) 05/07 08:25:52 Image size of job updated: 3885032
	3187  -  MemoryUsage of job (MB)
	3263304  -  ResidentSetSize of job (KB)
...
006 (005.4958.000) 05/07 08:25:58 Image size of job updated: 3885032
	3213  -  MemoryUsage of job (MB)
	3289704  -  ResidentSetSize of job (KB)
...
006 (005.4958.000) 05/07 08:26:04 Image size of job updated: 3916776
	3237  -  MemoryUsage of job (MB)
	3313992  -  ResidentSetSize of job (KB)
...
006 (005.4958.000) 05/07 08:26:10 Image size of job updated: 3916776
	3262  -  MemoryUsage of job (MB)
	3339864  -  ResidentSetSize of job (KB)
...
006 (005.4958.000) 05/07 08:26:16 Image size of job updated: 3982312
	3287  -  MemoryUsage of job (MB)
	3364944  -  ResidentSetSize of job (KB)
...
006 (005.4958.000) 05/07 08:26:22 Image size of job updated: 3982312
	3312  -  MemoryUsage of job (MB)
	3390948  -  ResidentSetSize of job (KB)
...
006 (005.4958.000) 05/07 08:26:28 Image size of job updated: 4018152
	3336  -  MemoryUsage of job (MB)
	3415896  -  ResidentSetSize of job (KB)
...
006 (005.4958.000) 05/07 08:26:34 Image size of job updated: 4045800
	3359  -  MemoryUsage of job (MB)
	3438864  -  ResidentSetSize of job (KB)
...
006 (005.4958.000) 05/07 08:26:40 Image size of job updated: 4075496
	3385  -  MemoryUsage of job (MB)
	3465528  -  ResidentSetSize of job (KB)
...
006 (005.4958.000) 05/07 08:26:46 Image size of job updated: 4107240
	3408  -  MemoryUsage of job (MB)
	3489552  -  ResidentSetSize of job (KB)
...
006 (005.4958.000) 05/07 08:26:52 Image size of job updated: 4107240
	3434  -  MemoryUsage of job (MB)
	3515424  -  ResidentSetSize of job (KB)
...
006 (005.4958.000) 05/07 08:26:58 Image size of job updated: 4107240
	3456  -  MemoryUsage of job (MB)
	3538524  -  ResidentSetSize of job (KB)
...
006 (005.4958.000) 05/07 08:27:04 Image size of job updated: 4167656
	3477  -  MemoryUsage of job (MB)
	3560040  -  ResidentSetSize of job (KB)
...
006 (005.4958.000) 05/07 08:27:10 Image size of job updated: 4167656
	3501  -  MemoryUsage of job (MB)
	3584064  -  ResidentSetSize of job (KB)
...
006 (005.4958.000) 05/07 08:27:16 Image size of job updated: 4228072
	3525  -  MemoryUsage of job (MB)
	3608616  -  ResidentSetSize of job (KB)
...
006 (005.4958.000) 05/07 08:27:22 Image size of job updated: 4228072
	3549  -  MemoryUsage of job (MB)
	3633564  -  ResidentSetSize of job (KB)
...
006 (005.4958.000) 05/07 08:27:28 Image size of job updated: 4228072
	3573  -  MemoryUsage of job (MB)
	3658512  -  ResidentSetSize of job (KB)
...
006 (005.4958.000) 05/07 08:27:34 Image size of job updated: 4289512
	3598  -  MemoryUsage of job (MB)
	3683856  -  ResidentSetSize of job (KB)
...
006 (005.4958.000) 05/07 08:27:40 Image size of job updated: 4332520
	3623  -  MemoryUsage of job (MB)
	3708936  -  ResidentSetSize of job (KB)
...
006 (005.4958.000) 05/07 08:27:46 Image size of job updated: 4359144
	3646  -  MemoryUsage of job (MB)
	3733488  -  ResidentSetSize of job (KB)
...
006 (005.4958.000) 05/07 08:27:52 Image size of job updated: 4368360
	3670  -  MemoryUsage of job (MB)
	3757908  -  ResidentSetSize of job (KB)
...
006 (005.4958.000) 05/07 08:27:58 Image size of job updated: 4368360
	3691  -  MemoryUsage of job (MB)
	3778896  -  ResidentSetSize of job (KB)
...
006 (005.4958.000) 05/07 08:28:04 Image size of job updated: 4417512
	3716  -  MemoryUsage of job (MB)
	3805032  -  ResidentSetSize of job (KB)
...
006 (005.4958.000) 05/07 08:28:10 Image size of job updated: 4417512
	3740  -  MemoryUsage of job (MB)
	3829188  -  ResidentSetSize of job (KB)
...
006 (005.4958.000) 05/07 08:28:16 Image size of job updated: 4478952
	3762  -  MemoryUsage of job (MB)
	3852024  -  ResidentSetSize of job (KB)
...
006 (005.4958.000) 05/07 08:28:22 Image size of job updated: 4478952
	3786  -  MemoryUsage of job (MB)
	3875916  -  ResidentSetSize of job (KB)
...
006 (005.4958.000) 05/07 08:28:28 Image size of job updated: 4530152
	3810  -  MemoryUsage of job (MB)
	3900600  -  ResidentSetSize of job (KB)
...
006 (005.4958.000) 05/07 08:28:34 Image size of job updated: 4557800
	3834  -  MemoryUsage of job (MB)
	3925812  -  ResidentSetSize of job (KB)
...
006 (005.4958.000) 05/07 08:28:40 Image size of job updated: 4557800
	3860  -  MemoryUsage of job (MB)
	3951948  -  ResidentSetSize of job (KB)
...
006 (005.4958.000) 05/07 08:28:46 Image size of job updated: 4602856
	3883  -  MemoryUsage of job (MB)
	3976104  -  ResidentSetSize of job (KB)
...
006 (005.4958.000) 05/07 08:28:52 Image size of job updated: 4602856
	3908  -  MemoryUsage of job (MB)
	4000788  -  ResidentSetSize of job (KB)
...
006 (005.4958.000) 05/07 08:28:58 Image size of job updated: 4637672
	3930  -  MemoryUsage of job (MB)
	4023624  -  ResidentSetSize of job (KB)
...
006 (005.4958.000) 05/07 08:29:04 Image size of job updated: 4665320
	3954  -  MemoryUsage of job (MB)
	4048572  -  ResidentSetSize of job (KB)
...
006 (005.4958.000) 05/07 08:29:10 Image size of job updated: 4682728
	3979  -  MemoryUsage of job (MB)
	4074180  -  ResidentSetSize of job (KB)
...
006 (005.4958.000) 05/07 08:29:16 Image size of job updated: 4708328
	4005  -  MemoryUsage of job (MB)
	4100448  -  ResidentSetSize of job (KB)
...
006 (005.4958.000) 05/07 08:29:22 Image size of job updated: 4733928
	4218  -  MemoryUsage of job (MB)
	4319040  -  ResidentSetSize of job (KB)
...
005 (005.4958.000) 05/07 08:29:28 Job terminated.
	(1) Normal termination (return value 0)
		Usr 0 00:24:33, Sys 0 00:00:04  -  Run Remote Usage
		Usr 0 00:00:00, Sys 0 00:00:00  -  Run Local Usage
		Usr 0 00:24:33, Sys 0 00:00:04  -  Total Remote Usage
		Usr 0 00:00:00, Sys 0 00:00:00  -  Total Local Usage
	0  -  Run Bytes Sent By Job
	0  -  Run Bytes Received By Job
	0  -  Total Bytes Sent By Job
	0  -  Total Bytes Received By Job
	Partitionable Resources :      Usage  Request Allocated 
	   Cpus                 :       1.00        1         1 
	   Disk (KB)            : 2000000     2000000   6275465 
	   Memory (MB)          :    4218        1954      2007 
...
