000 (005.7542.000) 05/05 20:24:56 Job submitted from host: <127.0.0.1:9618?addrs=127.0.0.1-9618&noUDP&sock=227_4816_4>
...
033 (005.7542.000) 05/06 14:17:34 Changing job attribute JobPrio from 0 to -10
...
009 (005.7542.000) 05/07 21:44:49 Job was aborted by the user.
	via condor_rm (by user aw868)
...
000 (011.491.000) 05/08 17:21:17 Job submitted from host: <127.0.0.1:9618?addrs=127.0.0.1-9618&noUDP&sock=212_fe2a_4>
...
033 (011.491.000) 05/08 20:41:28 Changing job attribute JobPrio from 0 to -5
...
001 (011.491.000) 05/08 20:46:40 Job executing on host: <127.0.0.1:9618?addrs=127.0.0.1-9618&noUDP&sock=212_fe2a_5>
...
006 (011.491.000) 05/08 20:46:45 Image size of job updated: 2000000
	101  -  MemoryUsage of job (MB)
	103092  -  ResidentSetSize of job (KB)
...
006 (011.491.000) 05/08 20:47:10 Image size of job updated: 2000000
	103  -  MemoryUsage of job (MB)
	104940  -  ResidentSetSize of job (KB)
...
006 (011.491.000) 05/08 20:47:15 Image size of job updated: 2000000
	169  -  MemoryUsage of job (MB)
	172920  -  ResidentSetSize of job (KB)
...
006 (011.491.000) 05/08 20:47:20 Image size of job updated: 2000000
	184  -  MemoryUsage of job (MB)
	187968  -  ResidentSetSize of job (KB)
...
006 (011.491.000) 05/08 20:47:25 Image size of job updated: 2000000
	184  -  MemoryUsage of job (MB)
	188364  -  ResidentSetSize of job (KB)
...
006 (011.491.000) 05/08 20:47:30 Image size of job updated: 2000000
	192  -  MemoryUsage of job (MB)
	196548  -  ResidentSetSize of job (KB)
...
006 (011.491.000) 05/08 20:47:35 Image size of job updated: 2000000
	202  -  MemoryUsage of job (MB)
	206448  -  ResidentSetSize of job (KB)
...
006 (011.491.000) 05/08 20:47:40 Image size of job updated: 2000000
	211  -  MemoryUsage of job (MB)
	215556  -  ResidentSetSize of job (KB)
...
006 (011.491.000) 05/08 20:47:45 Image size of job updated: 2000000
	220  -  MemoryUsage of job (MB)
	224268  -  ResidentSetSize of job (KB)
...
006 (011.491.000) 05/08 20:47:50 Image size of job updated: 2000000
	230  -  MemoryUsage of job (MB)
	234828  -  ResidentSetSize of job (KB)
...
006 (011.491.000) 05/08 20:47:55 Image size of job updated: 2000000
	238  -  MemoryUsage of job (MB)
	243012  -  ResidentSetSize of job (KB)
...
006 (011.491.000) 05/08 20:48:00 Image size of job updated: 2000000
	245  -  MemoryUsage of job (MB)
	249876  -  ResidentSetSize of job (KB)
...
006 (011.491.000) 05/08 20:48:05 Image size of job updated: 2000000
	285  -  MemoryUsage of job (MB)
	290928  -  ResidentSetSize of job (KB)
...
006 (011.491.000) 05/08 20:48:10 Image size of job updated: 2000000
	315  -  MemoryUsage of job (MB)
	321948  -  ResidentSetSize of job (KB)
...
006 (011.491.000) 05/08 20:48:15 Image size of job updated: 2000000
	329  -  MemoryUsage of job (MB)
	336336  -  ResidentSetSize of job (KB)
...
006 (011.491.000) 05/08 20:48:20 Image size of job updated: 2000000
	385  -  MemoryUsage of job (MB)
	393624  -  ResidentSetSize of job (KB)
...
006 (011.491.000) 05/08 20:48:25 Image size of job updated: 2000000
	439  -  MemoryUsage of job (MB)
	448800  -  ResidentSetSize of job (KB)
...
006 (011.491.000) 05/08 20:48:30 Image size of job updated: 2000000
	560  -  MemoryUsage of job (MB)
	572748  -  ResidentSetSize of job (KB)
...
006 (011.491.000) 05/08 20:48:35 Image size of job updated: 2000000
	1171  -  MemoryUsage of job (MB)
	1198560  -  ResidentSetSize of job (KB)
...
006 (011.491.000) 05/08 21:02:01 Image size of job updated: 2000000
	1174  -  MemoryUsage of job (MB)
	1201332  -  ResidentSetSize of job (KB)
...
006 (011.491.000) 05/08 21:02:06 Image size of job updated: 2000000
	1551  -  MemoryUsage of job (MB)
	1587564  -  ResidentSetSize of job (KB)
...
006 (011.491.000) 05/08 21:02:12 Image size of job updated: 2325192
	1612  -  MemoryUsage of job (MB)
	1650264  -  ResidentSetSize of job (KB)
...
006 (011.491.000) 05/08 21:02:18 Image size of job updated: 2596840
	1911  -  MemoryUsage of job (MB)
	1956768  -  ResidentSetSize of job (KB)
...
006 (011.491.000) 05/08 21:02:24 Image size of job updated: 2636776
	1953  -  MemoryUsage of job (MB)
	1999272  -  ResidentSetSize of job (KB)
...
006 (011.491.000) 05/08 21:02:30 Image size of job updated: 2654184
	1978  -  MemoryUsage of job (MB)
	2024880  -  ResidentSetSize of job (KB)
...
006 (011.491.000) 05/08 21:02:36 Image size of job updated: 2675688
	2000  -  MemoryUsage of job (MB)
	2047980  -  ResidentSetSize of job (KB)
...
006 (011.491.000) 05/08 21:02:42 Image size of job updated: 2675688
	2025  -  MemoryUsage of job (MB)
	2072928  -  ResidentSetSize of job (KB)
...
006 (011.491.000) 05/08 21:02:48 Image size of job updated: 2733032
	2044  -  MemoryUsage of job (MB)
	2092992  -  ResidentSetSize of job (KB)
...
006 (011.491.000) 05/08 21:02:54 Image size of job updated: 2733032
	2065  -  MemoryUsage of job (MB)
	2114508  -  ResidentSetSize of job (KB)
...
006 (011.491.000) 05/08 21:03:00 Image size of job updated: 2772968
	2090  -  MemoryUsage of job (MB)
	2139588  -  ResidentSetSize of job (KB)
...
006 (011.491.000) 05/08 21:03:06 Image size of job updated: 2794472
	2115  -  MemoryUsage of job (MB)
	2165592  -  ResidentSetSize of job (KB)
...
006 (011.491.000) 05/08 21:03:12 Image size of job updated: 2794472
	2142  -  MemoryUsage of job (MB)
	2193312  -  ResidentSetSize of job (KB)
...
006 (011.491.000) 05/08 21:03:18 Image size of job updated: 2858984
	2168  -  MemoryUsage of job (MB)
	2219976  -  ResidentSetSize of job (KB)
...
006 (011.491.000) 05/08 21:03:24 Image size of job updated: 2886632
	2197  -  MemoryUsage of job (MB)
	2249280  -  ResidentSetSize of job (KB)
...
006 (011.491.000) 05/08 21:03:30 Image size of job updated: 2909160
	2222  -  MemoryUsage of job (MB)
	2275152  -  ResidentSetSize of job (KB)
...
006 (011.491.000) 05/08 21:03:36 Image size of job updated: 2927592
	2248  -  MemoryUsage of job (MB)
	2301420  -  ResidentSetSize of job (KB)
...
006 (011.491.000) 05/08 21:03:42 Image size of job updated: 2927592
	2270  -  MemoryUsage of job (MB)
	2323728  -  ResidentSetSize of job (KB)
...
006 (011.491.000) 05/08 21:03:48 Image size of job updated: 2986984
	2293  -  MemoryUsage of job (MB)
	2347488  -  ResidentSetSize of job (KB)
...
006 (011.491.000) 05/08 21:03:54 Image size of job updated: 3012584
	2319  -  MemoryUsage of job (MB)
	2373756  -  ResidentSetSize of job (KB)
...
006 (011.491.000) 05/08 21:04:00 Image size of job updated: 3037160
	2345  -  MemoryUsage of job (MB)
	2400816  -  ResidentSetSize of job (KB)
...
006 (011.491.000) 05/08 21:04:06 Image size of job updated: 3051496
	2370  -  MemoryUsage of job (MB)
	2425896  -  ResidentSetSize of job (KB)
...
006 (011.491.000) 05/08 21:04:12 Image size of job updated: 3078120
	2391  -  MemoryUsage of job (MB)
	2448072  -  ResidentSetSize of job (KB)
...
006 (011.491.000) 05/08 21:04:18 Image size of job updated: 3111912
	2417  -  MemoryUsage of job (MB)
	2474208  -  ResidentSetSize of job (KB)
...
006 (011.491.000) 05/08 21:04:24 Image size of job updated: 3114984
	2445  -  MemoryUsage of job (MB)
	2503644  -  ResidentSetSize of job (KB)
...
006 (011.491.000) 05/08 21:04:30 Image size of job updated: 3145704
	2467  -  MemoryUsage of job (MB)
	2525688  -  ResidentSetSize of job (KB)
...
006 (011.491.000) 05/08 21:04:36 Image size of job updated: 3184616
	2493  -  MemoryUsage of job (MB)
	2551956  -  ResidentSetSize of job (KB)
...
006 (011.491.000) 05/08 21:04:42 Image size of job updated: 3184616
	2521  -  MemoryUsage of job (MB)
	2580864  -  ResidentSetSize of job (KB)
...
006 (011.491.000) 05/08 21:04:48 Image size of job updated: 3240936
	2541  -  MemoryUsage of job (MB)
	2601588  -  ResidentSetSize of job (KB)
...
006 (011.491.000) 05/08 21:04:54 Image size of job updated: 3248104
	2565  -  MemoryUsage of job (MB)
	2626404  -  ResidentSetSize of job (KB)
...
006 (011.491.000) 05/08 21:05:00 Image size of job updated: 3248104
	2584  -  MemoryUsage of job (MB)
	2645412  -  ResidentSetSize of job (KB)
...
006 (011.491.000) 05/08 21:05:06 Image size of job updated: 3294184
	2606  -  MemoryUsage of job (MB)
	2667720  -  ResidentSetSize of job (KB)
...
006 (011.491.000) 05/08 21:05:12 Image size of job updated: 3294184
	2630  -  MemoryUsage of job (MB)
	2692800  -  ResidentSetSize of job (KB)
...
006 (011.491.000) 05/08 21:05:18 Image size of job updated: 3359720
	2659  -  MemoryUsage of job (MB)
	2722500  -  ResidentSetSize of job (KB)
...
006 (011.491.000) 05/08 21:05:24 Image size of job updated: 3386344
	2684  -  MemoryUsage of job (MB)
	2747844  -  ResidentSetSize of job (KB)
...
006 (011.491.000) 05/08 21:05:30 Image size of job updated: 3415016
	2711  -  MemoryUsage of job (MB)
	2775564  -  ResidentSetSize of job (KB)
...
006 (011.491.000) 05/08 21:05:36 Image size of job updated: 3425256
	2728  -  MemoryUsage of job (MB)
	2792460  -  ResidentSetSize of job (KB)
...
006 (011.491.000) 05/08 21:05:42 Image size of job updated: 3425256
	2741  -  MemoryUsage of job (MB)
	2805924  -  ResidentSetSize of job (KB)
...
006 (011.491.000) 05/08 21:05:48 Image size of job updated: 3483624
	2755  -  MemoryUsage of job (MB)
	2820840  -  ResidentSetSize of job (KB)
...
006 (011.491.000) 05/08 21:05:54 Image size of job updated: 3483624
	2764  -  MemoryUsage of job (MB)
	2830212  -  ResidentSetSize of job (KB)
...
006 (011.491.000) 05/08 21:06:00 Image size of job updated: 3483624
	2769  -  MemoryUsage of job (MB)
	2834700  -  ResidentSetSize of job (KB)
...
006 (011.491.000) 05/08 21:06:06 Image size of job updated: 3551208
	2769  -  MemoryUsage of job (MB)
	2834700  -  ResidentSetSize of job (KB)
...
006 (011.491.000) 05/08 21:06:29 Image size of job updated: 3576808
	2780  -  MemoryUsage of job (MB)
	2846580  -  ResidentSetSize of job (KB)
...
006 (011.491.000) 05/08 21:06:40 Image size of job updated: 3628008
	2816  -  MemoryUsage of job (MB)
	2883540  -  ResidentSetSize of job (KB)
...
006 (011.491.000) 05/08 21:06:47 Image size of job updated: 3628008
	2835  -  MemoryUsage of job (MB)
	2902020  -  ResidentSetSize of job (KB)
...
006 (011.491.000) 05/08 21:06:53 Image size of job updated: 3666920
	2835  -  MemoryUsage of job (MB)
	2902020  -  ResidentSetSize of job (KB)
...
006 (011.491.000) 05/08 21:06:59 Image size of job updated: 3673064
	2848  -  MemoryUsage of job (MB)
	2915748  -  ResidentSetSize of job (KB)
...
006 (011.491.000) 05/08 21:07:05 Image size of job updated: 3690472
	2848  -  MemoryUsage of job (MB)
	2915748  -  ResidentSetSize of job (KB)
...
006 (011.491.000) 05/08 21:07:11 Image size of job updated: 3708904
	2848  -  MemoryUsage of job (MB)
	2915748  -  ResidentSetSize of job (KB)
...
006 (011.491.000) 05/08 21:07:17 Image size of job updated: 3708904
	2867  -  MemoryUsage of job (MB)
	2935548  -  ResidentSetSize of job (KB)
...
006 (011.491.000) 05/08 21:07:23 Image size of job updated: 3708904
	2886  -  MemoryUsage of job (MB)
	2954820  -  ResidentSetSize of job (KB)
...
006 (011.491.000) 05/08 21:07:29 Image size of job updated: 3762152
	2906  -  MemoryUsage of job (MB)
	2975544  -  ResidentSetSize of job (KB)
...
006 (011.491.000) 05/08 21:07:35 Image size of job updated: 3762152
	2927  -  MemoryUsage of job (MB)
	2996928  -  ResidentSetSize of job (KB)
...
006 (011.491.000) 05/08 21:07:41 Image size of job updated: 3810280
	2947  -  MemoryUsage of job (MB)
	3017124  -  ResidentSetSize of job (KB)
...
006 (011.491.000) 05/08 21:07:47 Image size of job updated: 3810280
	2965  -  MemoryUsage of job (MB)
	3036000  -  ResidentSetSize of job (KB)
...
006 (011.491.000) 05/08 21:07:53 Image size of job updated: 3810280
	2980  -  MemoryUsage of job (MB)
	3051312  -  ResidentSetSize of job (KB)
...
006 (011.491.000) 05/08 21:07:59 Image size of job updated: 3864552
	2993  -  MemoryUsage of job (MB)
	3064248  -  ResidentSetSize of job (KB)
...
006 (011.491.000) 05/08 21:08:05 Image size of job updated: 3899368
	2993  -  MemoryUsage of job (MB)
	3064248  -  ResidentSetSize of job (KB)
...
006 (011.491.000) 05/08 21:08:11 Image size of job updated: 3899368
	3000  -  MemoryUsage of job (MB)
	3071244  -  ResidentSetSize of job (KB)
...
006 (011.491.000) 05/08 21:08:17 Image size of job updated: 3925992
	3020  -  MemoryUsage of job (MB)
	3091572  -  ResidentSetSize of job (KB)
...
006 (011.491.000) 05/08 21:08:24 Image size of job updated: 3925992
	3039  -  MemoryUsage of job (MB)
	3111636  -  ResidentSetSize of job (KB)
...
006 (011.491.000) 05/08 21:08:29 Image size of job updated: 3974120
	3055  -  MemoryUsage of job (MB)
	3127608  -  ResidentSetSize of job (KB)
...
006 (011.491.000) 05/08 21:08:34 Image size of job updated: 3974120
	3063  -  MemoryUsage of job (MB)
	3136188  -  ResidentSetSize of job (KB)
...
006 (011.491.000) 05/08 21:08:39 Image size of job updated: 4002792
	3063  -  MemoryUsage of job (MB)
	3136188  -  ResidentSetSize of job (KB)
...
006 (011.491.000) 05/08 21:08:55 Image size of job updated: 4018152
	3063  -  MemoryUsage of job (MB)
	3136188  -  ResidentSetSize of job (KB)
...
006 (011.491.000) 05/08 21:09:23 Image size of job updated: 4296680
	3063  -  MemoryUsage of job (MB)
	3136188  -  ResidentSetSize of job (KB)
...
005 (011.491.000) 05/08 21:09:23 Job terminated.
	(1) Normal termination (return value 0)
		Usr 0 00:21:17, Sys 0 00:00:18  -  Run Remote Usage
		Usr 0 00:00:00, Sys 0 00:00:00  -  Run Local Usage
		Usr 0 00:21:17, Sys 0 00:00:18  -  Total Remote Usage
		Usr 0 00:00:00, Sys 0 00:00:00  -  Total Local Usage
	0  -  Run Bytes Sent By Job
	0  -  Run Bytes Received By Job
	0  -  Total Bytes Sent By Job
	0  -  Total Bytes Received By Job
	Partitionable Resources :      Usage  Request Allocated 
	   Cpus                 :       0.73        1         1 
	   Disk (KB)            : 2000000     2000000   6232219 
	   Memory (MB)          :    3063        1954      2007 
...
