000 (040.9078.000) 04/27 18:46:33 Job submitted from host: <127.0.0.1:9618?addrs=127.0.0.1-9618&noUDP&sock=222_da1d_4>
...
001 (040.9078.000) 04/28 10:00:52 Job executing on host: <127.0.0.1:9618?addrs=127.0.0.1-9618&noUDP&sock=222_da1d_5>
...
006 (040.9078.000) 04/28 10:00:57 Image size of job updated: 342540
	335  -  MemoryUsage of job (MB)
	342540  -  ResidentSetSize of job (KB)
...
006 (040.9078.000) 04/28 10:01:02 Image size of job updated: 660264
	645  -  MemoryUsage of job (MB)
	660264  -  ResidentSetSize of job (KB)
...
006 (040.9078.000) 04/28 10:01:07 Image size of job updated: 695376
	665  -  MemoryUsage of job (MB)
	680064  -  ResidentSetSize of job (KB)
...
005 (040.9078.000) 04/28 10:03:39 Job terminated.
	(1) Normal termination (return value 0)
		Usr 0 00:02:44, Sys 0 00:00:00  -  Run Remote Usage
		Usr 0 00:00:00, Sys 0 00:00:00  -  Run Local Usage
		Usr 0 00:02:44, Sys 0 00:00:00  -  Total Remote Usage
		Usr 0 00:00:00, Sys 0 00:00:00  -  Total Local Usage
	0  -  Run Bytes Sent By Job
	0  -  Run Bytes Received By Job
	0  -  Total Bytes Sent By Job
	0  -  Total Bytes Received By Job
	Partitionable Resources :    Usage  Request Allocated 
	   Cpus                 :     0.99        1         1 
	   Disk (KB)            :     1           1   6540465 
	   Memory (MB)          :   665           1      2007 
...
