000 (005.4648.000) 05/05 20:23:35 Job submitted from host: <127.0.0.1:9618?addrs=127.0.0.1-9618&noUDP&sock=227_4816_4>
...
033 (005.4648.000) 05/06 14:16:48 Changing job attribute JobPrio from 0 to -10
...
001 (005.4648.000) 05/07 06:05:40 Job executing on host: <127.0.0.1:9618?addrs=127.0.0.1-9618&noUDP&sock=227_4816_5>
...
006 (005.4648.000) 05/07 06:05:45 Image size of job updated: 2000000
	101  -  MemoryUsage of job (MB)
	103092  -  ResidentSetSize of job (KB)
...
006 (005.4648.000) 05/07 06:06:10 Image size of job updated: 2000000
	110  -  MemoryUsage of job (MB)
	112068  -  ResidentSetSize of job (KB)
...
006 (005.4648.000) 05/07 06:06:15 Image size of job updated: 2000000
	177  -  MemoryUsage of job (MB)
	180444  -  ResidentSetSize of job (KB)
...
006 (005.4648.000) 05/07 06:06:20 Image size of job updated: 2000000
	184  -  MemoryUsage of job (MB)
	188100  -  ResidentSetSize of job (KB)
...
006 (005.4648.000) 05/07 06:06:25 Image size of job updated: 2000000
	186  -  MemoryUsage of job (MB)
	189816  -  ResidentSetSize of job (KB)
...
006 (005.4648.000) 05/07 06:06:30 Image size of job updated: 2000000
	197  -  MemoryUsage of job (MB)
	201168  -  ResidentSetSize of job (KB)
...
006 (005.4648.000) 05/07 06:06:35 Image size of job updated: 2000000
	208  -  MemoryUsage of job (MB)
	212520  -  ResidentSetSize of job (KB)
...
006 (005.4648.000) 05/07 06:06:40 Image size of job updated: 2000000
	217  -  MemoryUsage of job (MB)
	221760  -  ResidentSetSize of job (KB)
...
006 (005.4648.000) 05/07 06:06:45 Image size of job updated: 2000000
	229  -  MemoryUsage of job (MB)
	234300  -  ResidentSetSize of job (KB)
...
006 (005.4648.000) 05/07 06:06:50 Image size of job updated: 2000000
	238  -  MemoryUsage of job (MB)
	243144  -  ResidentSetSize of job (KB)
...
006 (005.4648.000) 05/07 06:06:55 Image size of job updated: 2000000
	247  -  MemoryUsage of job (MB)
	252648  -  ResidentSetSize of job (KB)
...
006 (005.4648.000) 05/07 06:07:00 Image size of job updated: 2000000
	287  -  MemoryUsage of job (MB)
	293568  -  ResidentSetSize of job (KB)
...
006 (005.4648.000) 05/07 06:07:05 Image size of job updated: 2000000
	316  -  MemoryUsage of job (MB)
	323004  -  ResidentSetSize of job (KB)
...
006 (005.4648.000) 05/07 06:07:10 Image size of job updated: 2000000
	329  -  MemoryUsage of job (MB)
	336336  -  ResidentSetSize of job (KB)
...
006 (005.4648.000) 05/07 06:07:15 Image size of job updated: 2000000
	385  -  MemoryUsage of job (MB)
	393624  -  ResidentSetSize of job (KB)
...
006 (005.4648.000) 05/07 06:07:20 Image size of job updated: 2000000
	444  -  MemoryUsage of job (MB)
	454476  -  ResidentSetSize of job (KB)
...
006 (005.4648.000) 05/07 06:07:25 Image size of job updated: 2000000
	1169  -  MemoryUsage of job (MB)
	1196448  -  ResidentSetSize of job (KB)
...
006 (005.4648.000) 05/07 06:21:27 Image size of job updated: 2000000
	1171  -  MemoryUsage of job (MB)
	1198428  -  ResidentSetSize of job (KB)
...
006 (005.4648.000) 05/07 06:21:33 Image size of job updated: 2000000
	1249  -  MemoryUsage of job (MB)
	1278420  -  ResidentSetSize of job (KB)
...
006 (005.4648.000) 05/07 06:21:39 Image size of job updated: 2000000
	1675  -  MemoryUsage of job (MB)
	1714680  -  ResidentSetSize of job (KB)
...
006 (005.4648.000) 05/07 06:21:45 Image size of job updated: 2325196
	1885  -  MemoryUsage of job (MB)
	1929972  -  ResidentSetSize of job (KB)
...
006 (005.4648.000) 05/07 06:21:51 Image size of job updated: 2325196
	1920  -  MemoryUsage of job (MB)
	1965348  -  ResidentSetSize of job (KB)
...
006 (005.4648.000) 05/07 06:21:57 Image size of job updated: 2623468
	1947  -  MemoryUsage of job (MB)
	1993332  -  ResidentSetSize of job (KB)
...
006 (005.4648.000) 05/07 06:22:03 Image size of job updated: 2639852
	1965  -  MemoryUsage of job (MB)
	2011548  -  ResidentSetSize of job (KB)
...
006 (005.4648.000) 05/07 06:22:09 Image size of job updated: 2639852
	1982  -  MemoryUsage of job (MB)
	2028708  -  ResidentSetSize of job (KB)
...
006 (005.4648.000) 05/07 06:22:15 Image size of job updated: 2664428
	1996  -  MemoryUsage of job (MB)
	2043228  -  ResidentSetSize of job (KB)
...
006 (005.4648.000) 05/07 06:22:21 Image size of job updated: 2664428
	2011  -  MemoryUsage of job (MB)
	2058540  -  ResidentSetSize of job (KB)
...
006 (005.4648.000) 05/07 06:22:27 Image size of job updated: 2698220
	2022  -  MemoryUsage of job (MB)
	2070420  -  ResidentSetSize of job (KB)
...
006 (005.4648.000) 05/07 06:22:33 Image size of job updated: 2698220
	2036  -  MemoryUsage of job (MB)
	2084544  -  ResidentSetSize of job (KB)
...
006 (005.4648.000) 05/07 06:22:39 Image size of job updated: 2698220
	2049  -  MemoryUsage of job (MB)
	2098140  -  ResidentSetSize of job (KB)
...
006 (005.4648.000) 05/07 06:22:45 Image size of job updated: 2740204
	2064  -  MemoryUsage of job (MB)
	2112924  -  ResidentSetSize of job (KB)
...
006 (005.4648.000) 05/07 06:22:51 Image size of job updated: 2750444
	2079  -  MemoryUsage of job (MB)
	2128764  -  ResidentSetSize of job (KB)
...
006 (005.4648.000) 05/07 06:22:57 Image size of job updated: 2771948
	2093  -  MemoryUsage of job (MB)
	2142624  -  ResidentSetSize of job (KB)
...
006 (005.4648.000) 05/07 06:23:03 Image size of job updated: 2776044
	2110  -  MemoryUsage of job (MB)
	2159652  -  ResidentSetSize of job (KB)
...
006 (005.4648.000) 05/07 06:23:09 Image size of job updated: 2791404
	2123  -  MemoryUsage of job (MB)
	2173512  -  ResidentSetSize of job (KB)
...
006 (005.4648.000) 05/07 06:23:15 Image size of job updated: 2817004
	2138  -  MemoryUsage of job (MB)
	2189220  -  ResidentSetSize of job (KB)
...
006 (005.4648.000) 05/07 06:23:21 Image size of job updated: 2830316
	2153  -  MemoryUsage of job (MB)
	2204268  -  ResidentSetSize of job (KB)
...
006 (005.4648.000) 05/07 06:23:27 Image size of job updated: 2846700
	2167  -  MemoryUsage of job (MB)
	2218920  -  ResidentSetSize of job (KB)
...
006 (005.4648.000) 05/07 06:23:33 Image size of job updated: 2846700
	2181  -  MemoryUsage of job (MB)
	2233044  -  ResidentSetSize of job (KB)
...
006 (005.4648.000) 05/07 06:23:39 Image size of job updated: 2846700
	2196  -  MemoryUsage of job (MB)
	2247696  -  ResidentSetSize of job (KB)
...
006 (005.4648.000) 05/07 06:23:45 Image size of job updated: 2882540
	2212  -  MemoryUsage of job (MB)
	2264592  -  ResidentSetSize of job (KB)
...
006 (005.4648.000) 05/07 06:23:51 Image size of job updated: 2909164
	2227  -  MemoryUsage of job (MB)
	2280036  -  ResidentSetSize of job (KB)
...
006 (005.4648.000) 05/07 06:23:57 Image size of job updated: 2924524
	2243  -  MemoryUsage of job (MB)
	2296140  -  ResidentSetSize of job (KB)
...
006 (005.4648.000) 05/07 06:24:03 Image size of job updated: 2928620
	2257  -  MemoryUsage of job (MB)
	2310528  -  ResidentSetSize of job (KB)
...
006 (005.4648.000) 05/07 06:24:09 Image size of job updated: 2950124
	2272  -  MemoryUsage of job (MB)
	2326500  -  ResidentSetSize of job (KB)
...
006 (005.4648.000) 05/07 06:24:15 Image size of job updated: 2966508
	2288  -  MemoryUsage of job (MB)
	2342076  -  ResidentSetSize of job (KB)
...
006 (005.4648.000) 05/07 06:24:21 Image size of job updated: 2966508
	2302  -  MemoryUsage of job (MB)
	2356464  -  ResidentSetSize of job (KB)
...
006 (005.4648.000) 05/07 06:24:27 Image size of job updated: 2966508
	2317  -  MemoryUsage of job (MB)
	2372304  -  ResidentSetSize of job (KB)
...
006 (005.4648.000) 05/07 06:24:33 Image size of job updated: 3004396
	2330  -  MemoryUsage of job (MB)
	2385636  -  ResidentSetSize of job (KB)
...
006 (005.4648.000) 05/07 06:24:39 Image size of job updated: 3004396
	2346  -  MemoryUsage of job (MB)
	2401344  -  ResidentSetSize of job (KB)
...
006 (005.4648.000) 05/07 06:24:45 Image size of job updated: 3043308
	2362  -  MemoryUsage of job (MB)
	2417976  -  ResidentSetSize of job (KB)
...
006 (005.4648.000) 05/07 06:24:51 Image size of job updated: 3043308
	2376  -  MemoryUsage of job (MB)
	2433024  -  ResidentSetSize of job (KB)
...
006 (005.4648.000) 05/07 06:24:57 Image size of job updated: 3065836
	2390  -  MemoryUsage of job (MB)
	2447148  -  ResidentSetSize of job (KB)
...
006 (005.4648.000) 05/07 06:25:03 Image size of job updated: 3081196
	2404  -  MemoryUsage of job (MB)
	2461140  -  ResidentSetSize of job (KB)
...
006 (005.4648.000) 05/07 06:25:09 Image size of job updated: 3081196
	2417  -  MemoryUsage of job (MB)
	2474736  -  ResidentSetSize of job (KB)
...
006 (005.4648.000) 05/07 06:25:15 Image size of job updated: 3116012
	2433  -  MemoryUsage of job (MB)
	2490840  -  ResidentSetSize of job (KB)
...
006 (005.4648.000) 05/07 06:25:21 Image size of job updated: 3116012
	2447  -  MemoryUsage of job (MB)
	2505096  -  ResidentSetSize of job (KB)
...
006 (005.4648.000) 05/07 06:25:27 Image size of job updated: 3144684
	2461  -  MemoryUsage of job (MB)
	2519484  -  ResidentSetSize of job (KB)
...
006 (005.4648.000) 05/07 06:25:33 Image size of job updated: 3155948
	2476  -  MemoryUsage of job (MB)
	2534664  -  ResidentSetSize of job (KB)
...
006 (005.4648.000) 05/07 06:25:39 Image size of job updated: 3174380
	2488  -  MemoryUsage of job (MB)
	2546940  -  ResidentSetSize of job (KB)
...
006 (005.4648.000) 05/07 06:25:44 Image size of job updated: 3185644
	2501  -  MemoryUsage of job (MB)
	2560008  -  ResidentSetSize of job (KB)
...
006 (005.4648.000) 05/07 06:25:49 Image size of job updated: 3198956
	2514  -  MemoryUsage of job (MB)
	2573340  -  ResidentSetSize of job (KB)
...
006 (005.4648.000) 05/07 06:25:54 Image size of job updated: 3198956
	2526  -  MemoryUsage of job (MB)
	2585748  -  ResidentSetSize of job (KB)
...
006 (005.4648.000) 05/07 06:25:59 Image size of job updated: 3198956
	2537  -  MemoryUsage of job (MB)
	2597232  -  ResidentSetSize of job (KB)
...
006 (005.4648.000) 05/07 06:26:04 Image size of job updated: 3236844
	2548  -  MemoryUsage of job (MB)
	2608848  -  ResidentSetSize of job (KB)
...
006 (005.4648.000) 05/07 06:26:09 Image size of job updated: 3250156
	2560  -  MemoryUsage of job (MB)
	2621124  -  ResidentSetSize of job (KB)
...
006 (005.4648.000) 05/07 06:26:14 Image size of job updated: 3257324
	2573  -  MemoryUsage of job (MB)
	2634324  -  ResidentSetSize of job (KB)
...
006 (005.4648.000) 05/07 06:26:19 Image size of job updated: 3273708
	2584  -  MemoryUsage of job (MB)
	2645412  -  ResidentSetSize of job (KB)
...
006 (005.4648.000) 05/07 06:26:24 Image size of job updated: 3274732
	2596  -  MemoryUsage of job (MB)
	2657688  -  ResidentSetSize of job (KB)
...
006 (005.4648.000) 05/07 06:26:29 Image size of job updated: 3294188
	2607  -  MemoryUsage of job (MB)
	2669172  -  ResidentSetSize of job (KB)
...
006 (005.4648.000) 05/07 06:26:34 Image size of job updated: 3294188
	2620  -  MemoryUsage of job (MB)
	2682504  -  ResidentSetSize of job (KB)
...
006 (005.4648.000) 05/07 06:26:39 Image size of job updated: 3313644
	2634  -  MemoryUsage of job (MB)
	2696364  -  ResidentSetSize of job (KB)
...
006 (005.4648.000) 05/07 06:26:44 Image size of job updated: 3325932
	2647  -  MemoryUsage of job (MB)
	2709828  -  ResidentSetSize of job (KB)
...
006 (005.4648.000) 05/07 06:26:49 Image size of job updated: 3342316
	2659  -  MemoryUsage of job (MB)
	2722368  -  ResidentSetSize of job (KB)
...
006 (005.4648.000) 05/07 06:26:54 Image size of job updated: 3356652
	2671  -  MemoryUsage of job (MB)
	2734776  -  ResidentSetSize of job (KB)
...
006 (005.4648.000) 05/07 06:26:59 Image size of job updated: 3356652
	2684  -  MemoryUsage of job (MB)
	2747580  -  ResidentSetSize of job (KB)
...
006 (005.4648.000) 05/07 06:27:04 Image size of job updated: 3356652
	2697  -  MemoryUsage of job (MB)
	2760912  -  ResidentSetSize of job (KB)
...
006 (005.4648.000) 05/07 06:27:09 Image size of job updated: 3394540
	2708  -  MemoryUsage of job (MB)
	2772528  -  ResidentSetSize of job (KB)
...
006 (005.4648.000) 05/07 06:27:14 Image size of job updated: 3394540
	2722  -  MemoryUsage of job (MB)
	2787180  -  ResidentSetSize of job (KB)
...
006 (005.4648.000) 05/07 06:27:19 Image size of job updated: 3394540
	2737  -  MemoryUsage of job (MB)
	2801700  -  ResidentSetSize of job (KB)
...
006 (005.4648.000) 05/07 06:27:24 Image size of job updated: 3434476
	2749  -  MemoryUsage of job (MB)
	2813976  -  ResidentSetSize of job (KB)
...
006 (005.4648.000) 05/07 06:27:29 Image size of job updated: 3434476
	2760  -  MemoryUsage of job (MB)
	2825856  -  ResidentSetSize of job (KB)
...
006 (005.4648.000) 05/07 06:27:34 Image size of job updated: 3434476
	2772  -  MemoryUsage of job (MB)
	2837868  -  ResidentSetSize of job (KB)
...
006 (005.4648.000) 05/07 06:27:39 Image size of job updated: 3476460
	2785  -  MemoryUsage of job (MB)
	2851068  -  ResidentSetSize of job (KB)
...
006 (005.4648.000) 05/07 06:27:44 Image size of job updated: 3476460
	2796  -  MemoryUsage of job (MB)
	2862816  -  ResidentSetSize of job (KB)
...
006 (005.4648.000) 05/07 06:27:49 Image size of job updated: 3476460
	2808  -  MemoryUsage of job (MB)
	2874960  -  ResidentSetSize of job (KB)
...
006 (005.4648.000) 05/07 06:27:54 Image size of job updated: 3515372
	2821  -  MemoryUsage of job (MB)
	2888292  -  ResidentSetSize of job (KB)
...
006 (005.4648.000) 05/07 06:27:59 Image size of job updated: 3527660
	2832  -  MemoryUsage of job (MB)
	2899116  -  ResidentSetSize of job (KB)
...
006 (005.4648.000) 05/07 06:28:04 Image size of job updated: 3527660
	2845  -  MemoryUsage of job (MB)
	2913108  -  ResidentSetSize of job (KB)
...
006 (005.4648.000) 05/07 06:28:09 Image size of job updated: 3549164
	2859  -  MemoryUsage of job (MB)
	2927100  -  ResidentSetSize of job (KB)
...
006 (005.4648.000) 05/07 06:28:14 Image size of job updated: 3549164
	2871  -  MemoryUsage of job (MB)
	2938980  -  ResidentSetSize of job (KB)
...
006 (005.4648.000) 05/07 06:28:19 Image size of job updated: 3549164
	2882  -  MemoryUsage of job (MB)
	2951124  -  ResidentSetSize of job (KB)
...
006 (005.4648.000) 05/07 06:28:24 Image size of job updated: 3587052
	2895  -  MemoryUsage of job (MB)
	2964192  -  ResidentSetSize of job (KB)
...
006 (005.4648.000) 05/07 06:28:29 Image size of job updated: 3587052
	2907  -  MemoryUsage of job (MB)
	2976468  -  ResidentSetSize of job (KB)
...
006 (005.4648.000) 05/07 06:28:34 Image size of job updated: 3587052
	2920  -  MemoryUsage of job (MB)
	2989272  -  ResidentSetSize of job (KB)
...
006 (005.4648.000) 05/07 06:28:39 Image size of job updated: 3623916
	2932  -  MemoryUsage of job (MB)
	3001548  -  ResidentSetSize of job (KB)
...
006 (005.4648.000) 05/07 06:28:44 Image size of job updated: 3623916
	2943  -  MemoryUsage of job (MB)
	3013296  -  ResidentSetSize of job (KB)
...
006 (005.4648.000) 05/07 06:28:49 Image size of job updated: 3623916
	2954  -  MemoryUsage of job (MB)
	3024516  -  ResidentSetSize of job (KB)
...
006 (005.4648.000) 05/07 06:28:54 Image size of job updated: 3662828
	2967  -  MemoryUsage of job (MB)
	3038112  -  ResidentSetSize of job (KB)
...
006 (005.4648.000) 05/07 06:28:59 Image size of job updated: 3673068
	3104  -  MemoryUsage of job (MB)
	3178428  -  ResidentSetSize of job (KB)
...
006 (005.4648.000) 05/07 06:29:04 Image size of job updated: 3673068
	3183  -  MemoryUsage of job (MB)
	3258948  -  ResidentSetSize of job (KB)
...
006 (005.4648.000) 05/07 06:29:08 Image size of job updated: 3886572
	3183  -  MemoryUsage of job (MB)
	3258948  -  ResidentSetSize of job (KB)
...
005 (005.4648.000) 05/07 06:29:08 Job terminated.
	(1) Normal termination (return value 0)
		Usr 0 00:22:58, Sys 0 00:00:03  -  Run Remote Usage
		Usr 0 00:00:00, Sys 0 00:00:00  -  Run Local Usage
		Usr 0 00:22:58, Sys 0 00:00:03  -  Total Remote Usage
		Usr 0 00:00:00, Sys 0 00:00:00  -  Total Local Usage
	0  -  Run Bytes Sent By Job
	0  -  Run Bytes Received By Job
	0  -  Total Bytes Sent By Job
	0  -  Total Bytes Received By Job
	Partitionable Resources :      Usage  Request Allocated 
	   Cpus                 :       1.00        1         1 
	   Disk (KB)            : 2000000     2000000   6275465 
	   Memory (MB)          :    3183        1954      2007 
...
