000 (205.9572.000) 05/06 03:22:19 Job submitted from host: <127.0.0.1:9618?addrs=127.0.0.1-9618&noUDP&sock=222_da1d_4>
...
033 (205.9572.000) 05/06 14:24:22 Changing job attribute JobPrio from 0 to -5
...
000 (007.9572.000) 05/07 19:01:11 Job submitted from host: <127.0.0.1:9618?addrs=127.0.0.1-9618&noUDP&sock=215_0cf3_4>
...
000 (016.9572.000) 05/08 15:58:14 Job submitted from host: <127.0.0.1:9618?addrs=127.0.0.1-9618&noUDP&sock=227_4816_4>
...
009 (016.9572.000) 05/09 16:56:33 Job was aborted by the user.
	via condor_rm (by user aw868)
...
000 (014.2411.000) 05/09 17:31:16 Job submitted from host: <127.0.0.1:9618?addrs=127.0.0.1-9618&noUDP&sock=212_fe2a_4>
...
033 (014.2411.000) 05/09 17:33:22 Changing job attribute JobPrio from 0 to -10
...
033 (014.2411.000) 05/09 21:35:49 Changing job attribute JobPrio from -10 to -15
...
001 (014.2411.000) 05/10 20:56:18 Job executing on host: <127.0.0.1:9618?addrs=127.0.0.1-9618&noUDP&sock=212_fe2a_5>
...
006 (014.2411.000) 05/10 20:56:24 Image size of job updated: 2000000
	115  -  MemoryUsage of job (MB)
	117084  -  ResidentSetSize of job (KB)
...
006 (014.2411.000) 05/10 20:56:54 Image size of job updated: 2000000
	142  -  MemoryUsage of job (MB)
	144540  -  ResidentSetSize of job (KB)
...
006 (014.2411.000) 05/10 20:57:00 Image size of job updated: 2000000
	210  -  MemoryUsage of job (MB)
	215028  -  ResidentSetSize of job (KB)
...
006 (014.2411.000) 05/10 20:57:06 Image size of job updated: 2000000
	211  -  MemoryUsage of job (MB)
	215424  -  ResidentSetSize of job (KB)
...
006 (014.2411.000) 05/10 20:57:12 Image size of job updated: 2000000
	214  -  MemoryUsage of job (MB)
	218856  -  ResidentSetSize of job (KB)
...
006 (014.2411.000) 05/10 20:57:18 Image size of job updated: 2000000
	226  -  MemoryUsage of job (MB)
	231132  -  ResidentSetSize of job (KB)
...
006 (014.2411.000) 05/10 20:57:26 Image size of job updated: 2000000
	229  -  MemoryUsage of job (MB)
	233640  -  ResidentSetSize of job (KB)
...
006 (014.2411.000) 05/10 20:57:30 Image size of job updated: 2000000
	233  -  MemoryUsage of job (MB)
	237864  -  ResidentSetSize of job (KB)
...
006 (014.2411.000) 05/10 20:57:35 Image size of job updated: 2000000
	243  -  MemoryUsage of job (MB)
	248028  -  ResidentSetSize of job (KB)
...
006 (014.2411.000) 05/10 20:57:40 Image size of job updated: 2000000
	252  -  MemoryUsage of job (MB)
	257796  -  ResidentSetSize of job (KB)
...
006 (014.2411.000) 05/10 20:57:45 Image size of job updated: 2000000
	262  -  MemoryUsage of job (MB)
	267564  -  ResidentSetSize of job (KB)
...
006 (014.2411.000) 05/10 20:57:50 Image size of job updated: 2000000
	268  -  MemoryUsage of job (MB)
	274164  -  ResidentSetSize of job (KB)
...
006 (014.2411.000) 05/10 20:57:55 Image size of job updated: 2000000
	281  -  MemoryUsage of job (MB)
	287100  -  ResidentSetSize of job (KB)
...
006 (014.2411.000) 05/10 20:58:00 Image size of job updated: 2000000
	328  -  MemoryUsage of job (MB)
	335016  -  ResidentSetSize of job (KB)
...
006 (014.2411.000) 05/10 20:58:05 Image size of job updated: 2000000
	375  -  MemoryUsage of job (MB)
	383592  -  ResidentSetSize of job (KB)
...
006 (014.2411.000) 05/10 20:58:10 Image size of job updated: 2000000
	379  -  MemoryUsage of job (MB)
	387552  -  ResidentSetSize of job (KB)
...
006 (014.2411.000) 05/10 20:58:15 Image size of job updated: 2000000
	440  -  MemoryUsage of job (MB)
	449724  -  ResidentSetSize of job (KB)
...
006 (014.2411.000) 05/10 20:58:20 Image size of job updated: 2000000
	502  -  MemoryUsage of job (MB)
	513612  -  ResidentSetSize of job (KB)
...
006 (014.2411.000) 05/10 20:58:25 Image size of job updated: 2000000
	554  -  MemoryUsage of job (MB)
	566676  -  ResidentSetSize of job (KB)
...
006 (014.2411.000) 05/10 20:58:30 Image size of job updated: 2000000
	1243  -  MemoryUsage of job (MB)
	1271820  -  ResidentSetSize of job (KB)
...
006 (014.2411.000) 05/10 21:14:08 Image size of job updated: 2303312
	1507  -  MemoryUsage of job (MB)
	1542816  -  ResidentSetSize of job (KB)
...
006 (014.2411.000) 05/10 21:14:13 Image size of job updated: 2334712
	1696  -  MemoryUsage of job (MB)
	1735932  -  ResidentSetSize of job (KB)
...
006 (014.2411.000) 05/10 21:14:18 Image size of job updated: 2453200
	1764  -  MemoryUsage of job (MB)
	1805496  -  ResidentSetSize of job (KB)
...
006 (014.2411.000) 05/10 21:14:23 Image size of job updated: 2654448
	1953  -  MemoryUsage of job (MB)
	1999800  -  ResidentSetSize of job (KB)
...
006 (014.2411.000) 05/10 21:14:28 Image size of job updated: 2654448
	1956  -  MemoryUsage of job (MB)
	2002308  -  ResidentSetSize of job (KB)
...
006 (014.2411.000) 05/10 21:14:33 Image size of job updated: 2654448
	2023  -  MemoryUsage of job (MB)
	2070948  -  ResidentSetSize of job (KB)
...
006 (014.2411.000) 05/10 21:14:38 Image size of job updated: 2822384
	2120  -  MemoryUsage of job (MB)
	2170344  -  ResidentSetSize of job (KB)
...
006 (014.2411.000) 05/10 21:14:43 Image size of job updated: 2822384
	2176  -  MemoryUsage of job (MB)
	2227764  -  ResidentSetSize of job (KB)
...
006 (014.2411.000) 05/10 21:14:48 Image size of job updated: 2909424
	2226  -  MemoryUsage of job (MB)
	2278584  -  ResidentSetSize of job (KB)
...
006 (014.2411.000) 05/10 21:14:53 Image size of job updated: 2951408
	2264  -  MemoryUsage of job (MB)
	2317656  -  ResidentSetSize of job (KB)
...
006 (014.2411.000) 05/10 21:14:58 Image size of job updated: 2980080
	2293  -  MemoryUsage of job (MB)
	2348016  -  ResidentSetSize of job (KB)
...
006 (014.2411.000) 05/10 21:15:03 Image size of job updated: 3015920
	2324  -  MemoryUsage of job (MB)
	2379696  -  ResidentSetSize of job (KB)
...
006 (014.2411.000) 05/10 21:15:08 Image size of job updated: 3015920
	2355  -  MemoryUsage of job (MB)
	2411376  -  ResidentSetSize of job (KB)
...
006 (014.2411.000) 05/10 21:15:13 Image size of job updated: 3069168
	2387  -  MemoryUsage of job (MB)
	2444244  -  ResidentSetSize of job (KB)
...
006 (014.2411.000) 05/10 21:15:18 Image size of job updated: 3069168
	2418  -  MemoryUsage of job (MB)
	2475264  -  ResidentSetSize of job (KB)
...
006 (014.2411.000) 05/10 21:15:23 Image size of job updated: 3069168
	2455  -  MemoryUsage of job (MB)
	2513412  -  ResidentSetSize of job (KB)
...
006 (014.2411.000) 05/10 21:15:28 Image size of job updated: 3177712
	2493  -  MemoryUsage of job (MB)
	2551824  -  ResidentSetSize of job (KB)
...
006 (014.2411.000) 05/10 21:15:33 Image size of job updated: 3177712
	2527  -  MemoryUsage of job (MB)
	2586936  -  ResidentSetSize of job (KB)
...
006 (014.2411.000) 05/10 21:15:38 Image size of job updated: 3177712
	2556  -  MemoryUsage of job (MB)
	2617032  -  ResidentSetSize of job (KB)
...
006 (014.2411.000) 05/10 21:15:43 Image size of job updated: 3279088
	2591  -  MemoryUsage of job (MB)
	2653068  -  ResidentSetSize of job (KB)
...
006 (014.2411.000) 05/10 21:15:48 Image size of job updated: 3279088
	2627  -  MemoryUsage of job (MB)
	2689104  -  ResidentSetSize of job (KB)
...
006 (014.2411.000) 05/10 21:15:53 Image size of job updated: 3279088
	2657  -  MemoryUsage of job (MB)
	2720256  -  ResidentSetSize of job (KB)
...
006 (014.2411.000) 05/10 21:15:58 Image size of job updated: 3381488
	2688  -  MemoryUsage of job (MB)
	2752464  -  ResidentSetSize of job (KB)
...
006 (014.2411.000) 05/10 21:16:03 Image size of job updated: 3427568
	2726  -  MemoryUsage of job (MB)
	2790744  -  ResidentSetSize of job (KB)
...
006 (014.2411.000) 05/10 21:16:08 Image size of job updated: 3427568
	2764  -  MemoryUsage of job (MB)
	2829948  -  ResidentSetSize of job (KB)
...
006 (014.2411.000) 05/10 21:16:13 Image size of job updated: 3494128
	2802  -  MemoryUsage of job (MB)
	2869020  -  ResidentSetSize of job (KB)
...
006 (014.2411.000) 05/10 21:16:18 Image size of job updated: 3494128
	2840  -  MemoryUsage of job (MB)
	2907828  -  ResidentSetSize of job (KB)
...
006 (014.2411.000) 05/10 21:16:23 Image size of job updated: 3494128
	2878  -  MemoryUsage of job (MB)
	2946768  -  ResidentSetSize of job (KB)
...
006 (014.2411.000) 05/10 21:16:28 Image size of job updated: 3610864
	2917  -  MemoryUsage of job (MB)
	2986236  -  ResidentSetSize of job (KB)
...
006 (014.2411.000) 05/10 21:16:33 Image size of job updated: 3610864
	2954  -  MemoryUsage of job (MB)
	3024516  -  ResidentSetSize of job (KB)
...
006 (014.2411.000) 05/10 21:16:38 Image size of job updated: 3610864
	2982  -  MemoryUsage of job (MB)
	3053028  -  ResidentSetSize of job (KB)
...
006 (014.2411.000) 05/10 21:16:47 Image size of job updated: 3711216
	3004  -  MemoryUsage of job (MB)
	3075468  -  ResidentSetSize of job (KB)
...
006 (014.2411.000) 05/10 21:16:58 Image size of job updated: 3780848
	3070  -  MemoryUsage of job (MB)
	3143184  -  ResidentSetSize of job (KB)
...
006 (014.2411.000) 05/10 21:17:07 Image size of job updated: 3780848
	3124  -  MemoryUsage of job (MB)
	3197964  -  ResidentSetSize of job (KB)
...
006 (014.2411.000) 05/10 21:17:13 Image size of job updated: 3867888
	3141  -  MemoryUsage of job (MB)
	3215784  -  ResidentSetSize of job (KB)
...
006 (014.2411.000) 05/10 21:17:18 Image size of job updated: 3867888
	3154  -  MemoryUsage of job (MB)
	3229512  -  ResidentSetSize of job (KB)
...
006 (014.2411.000) 05/10 21:17:23 Image size of job updated: 3867888
	3185  -  MemoryUsage of job (MB)
	3261060  -  ResidentSetSize of job (KB)
...
006 (014.2411.000) 05/10 21:17:28 Image size of job updated: 3953904
	3214  -  MemoryUsage of job (MB)
	3290892  -  ResidentSetSize of job (KB)
...
006 (014.2411.000) 05/10 21:17:33 Image size of job updated: 3979504
	3243  -  MemoryUsage of job (MB)
	3320196  -  ResidentSetSize of job (KB)
...
006 (014.2411.000) 05/10 21:17:38 Image size of job updated: 4006128
	3271  -  MemoryUsage of job (MB)
	3349500  -  ResidentSetSize of job (KB)
...
006 (014.2411.000) 05/10 21:17:43 Image size of job updated: 4040944
	3300  -  MemoryUsage of job (MB)
	3378804  -  ResidentSetSize of job (KB)
...
006 (014.2411.000) 05/10 21:17:48 Image size of job updated: 4059376
	3329  -  MemoryUsage of job (MB)
	3408240  -  ResidentSetSize of job (KB)
...
006 (014.2411.000) 05/10 21:17:53 Image size of job updated: 4096240
	3357  -  MemoryUsage of job (MB)
	3437544  -  ResidentSetSize of job (KB)
...
006 (014.2411.000) 05/10 21:17:58 Image size of job updated: 4096240
	3387  -  MemoryUsage of job (MB)
	3467640  -  ResidentSetSize of job (KB)
...
006 (014.2411.000) 05/10 21:18:03 Image size of job updated: 4135152
	3416  -  MemoryUsage of job (MB)
	3497736  -  ResidentSetSize of job (KB)
...
006 (014.2411.000) 05/10 21:18:08 Image size of job updated: 4135152
	3445  -  MemoryUsage of job (MB)
	3527436  -  ResidentSetSize of job (KB)
...
006 (014.2411.000) 05/10 21:18:13 Image size of job updated: 4135152
	3475  -  MemoryUsage of job (MB)
	3557796  -  ResidentSetSize of job (KB)
...
006 (014.2411.000) 05/10 21:18:18 Image size of job updated: 4225264
	3503  -  MemoryUsage of job (MB)
	3586704  -  ResidentSetSize of job (KB)
...
006 (014.2411.000) 05/10 21:18:23 Image size of job updated: 4225264
	3532  -  MemoryUsage of job (MB)
	3616404  -  ResidentSetSize of job (KB)
...
006 (014.2411.000) 05/10 21:18:28 Image size of job updated: 4225264
	3561  -  MemoryUsage of job (MB)
	3645840  -  ResidentSetSize of job (KB)
...
006 (014.2411.000) 05/10 21:18:33 Image size of job updated: 4332784
	3590  -  MemoryUsage of job (MB)
	3675408  -  ResidentSetSize of job (KB)
...
006 (014.2411.000) 05/10 21:18:38 Image size of job updated: 4332784
	3622  -  MemoryUsage of job (MB)
	3708276  -  ResidentSetSize of job (KB)
...
006 (014.2411.000) 05/10 21:18:43 Image size of job updated: 4332784
	3634  -  MemoryUsage of job (MB)
	3720816  -  ResidentSetSize of job (KB)
...
006 (014.2411.000) 05/10 21:18:54 Image size of job updated: 4426992
	3649  -  MemoryUsage of job (MB)
	3736392  -  ResidentSetSize of job (KB)
...
006 (014.2411.000) 05/10 21:18:58 Image size of job updated: 4435184
	3676  -  MemoryUsage of job (MB)
	3763320  -  ResidentSetSize of job (KB)
...
006 (014.2411.000) 05/10 21:19:03 Image size of job updated: 4487408
	3707  -  MemoryUsage of job (MB)
	3795132  -  ResidentSetSize of job (KB)
...
006 (014.2411.000) 05/10 21:19:08 Image size of job updated: 4487408
	3738  -  MemoryUsage of job (MB)
	3826812  -  ResidentSetSize of job (KB)
...
006 (014.2411.000) 05/10 21:19:13 Image size of job updated: 4487408
	3767  -  MemoryUsage of job (MB)
	3857304  -  ResidentSetSize of job (KB)
...
006 (014.2411.000) 05/10 21:19:18 Image size of job updated: 4487408
	3798  -  MemoryUsage of job (MB)
	3888720  -  ResidentSetSize of job (KB)
...
006 (014.2411.000) 05/10 21:19:23 Image size of job updated: 4590832
	3828  -  MemoryUsage of job (MB)
	3918948  -  ResidentSetSize of job (KB)
...
006 (014.2411.000) 05/10 21:19:28 Image size of job updated: 4627696
	3857  -  MemoryUsage of job (MB)
	3949308  -  ResidentSetSize of job (KB)
...
006 (014.2411.000) 05/10 21:19:33 Image size of job updated: 4658416
	3887  -  MemoryUsage of job (MB)
	3979272  -  ResidentSetSize of job (KB)
...
006 (014.2411.000) 05/10 21:19:38 Image size of job updated: 4703472
	3916  -  MemoryUsage of job (MB)
	4009896  -  ResidentSetSize of job (KB)
...
006 (014.2411.000) 05/10 21:19:43 Image size of job updated: 4717808
	3946  -  MemoryUsage of job (MB)
	4040520  -  ResidentSetSize of job (KB)
...
006 (014.2411.000) 05/10 21:19:48 Image size of job updated: 4750576
	3976  -  MemoryUsage of job (MB)
	4070748  -  ResidentSetSize of job (KB)
...
006 (014.2411.000) 05/10 21:19:53 Image size of job updated: 4779248
	4005  -  MemoryUsage of job (MB)
	4100712  -  ResidentSetSize of job (KB)
...
006 (014.2411.000) 05/10 21:19:58 Image size of job updated: 4779248
	4035  -  MemoryUsage of job (MB)
	4130940  -  ResidentSetSize of job (KB)
...
006 (014.2411.000) 05/10 21:20:03 Image size of job updated: 4779248
	4062  -  MemoryUsage of job (MB)
	4159452  -  ResidentSetSize of job (KB)
...
006 (014.2411.000) 05/10 21:20:08 Image size of job updated: 4859120
	4091  -  MemoryUsage of job (MB)
	4189152  -  ResidentSetSize of job (KB)
...
006 (014.2411.000) 05/10 21:20:13 Image size of job updated: 4859120
	4122  -  MemoryUsage of job (MB)
	4220700  -  ResidentSetSize of job (KB)
...
006 (014.2411.000) 05/10 21:20:18 Image size of job updated: 4859120
	4152  -  MemoryUsage of job (MB)
	4251192  -  ResidentSetSize of job (KB)
...
006 (014.2411.000) 05/10 21:20:23 Image size of job updated: 4951280
	4182  -  MemoryUsage of job (MB)
	4281420  -  ResidentSetSize of job (KB)
...
006 (014.2411.000) 05/10 21:20:28 Image size of job updated: 5003504
	4211  -  MemoryUsage of job (MB)
	4311516  -  ResidentSetSize of job (KB)
...
006 (014.2411.000) 05/10 21:20:33 Image size of job updated: 5023984
	4240  -  MemoryUsage of job (MB)
	4341348  -  ResidentSetSize of job (KB)
...
006 (014.2411.000) 05/10 21:20:38 Image size of job updated: 5041392
	4272  -  MemoryUsage of job (MB)
	4374348  -  ResidentSetSize of job (KB)
...
006 (014.2411.000) 05/10 21:20:43 Image size of job updated: 5041392
	4311  -  MemoryUsage of job (MB)
	4413948  -  ResidentSetSize of job (KB)
...
006 (014.2411.000) 05/10 21:20:48 Image size of job updated: 5123312
	4482  -  MemoryUsage of job (MB)
	4588584  -  ResidentSetSize of job (KB)
...
006 (014.2411.000) 05/10 21:20:53 Image size of job updated: 5350640
	4577  -  MemoryUsage of job (MB)
	4686000  -  ResidentSetSize of job (KB)
...
005 (014.2411.000) 05/10 21:20:55 Job terminated.
	(1) Normal termination (return value 0)
		Usr 0 00:23:24, Sys 0 00:00:14  -  Run Remote Usage
		Usr 0 00:00:00, Sys 0 00:00:00  -  Run Local Usage
		Usr 0 00:23:24, Sys 0 00:00:14  -  Total Remote Usage
		Usr 0 00:00:00, Sys 0 00:00:00  -  Total Local Usage
	0  -  Run Bytes Sent By Job
	0  -  Run Bytes Received By Job
	0  -  Total Bytes Sent By Job
	0  -  Total Bytes Received By Job
	Partitionable Resources :      Usage  Request Allocated 
	   Cpus                 :       0.97        1         1 
	   Disk (KB)            : 2000000     2000000   6232219 
	   Memory (MB)          :    4577        1954      2007 
...
