000 (205.10390.000) 05/06 03:22:45 Job submitted from host: <127.0.0.1:9618?addrs=127.0.0.1-9618&noUDP&sock=222_da1d_4>
...
033 (205.10390.000) 05/06 14:24:38 Changing job attribute JobPrio from 0 to -5
...
000 (007.10390.000) 05/07 19:01:20 Job submitted from host: <127.0.0.1:9618?addrs=127.0.0.1-9618&noUDP&sock=215_0cf3_4>
...
000 (016.10390.000) 05/08 15:58:22 Job submitted from host: <127.0.0.1:9618?addrs=127.0.0.1-9618&noUDP&sock=227_4816_4>
...
009 (016.10390.000) 05/09 16:56:50 Job was aborted by the user.
	via condor_rm (by user aw868)
...
000 (014.3229.000) 05/09 17:31:53 Job submitted from host: <127.0.0.1:9618?addrs=127.0.0.1-9618&noUDP&sock=212_fe2a_4>
...
033 (014.3229.000) 05/09 17:33:36 Changing job attribute JobPrio from 0 to -10
...
033 (014.3229.000) 05/09 21:36:00 Changing job attribute JobPrio from -10 to -15
...
001 (014.3229.000) 05/11 02:49:42 Job executing on host: <127.0.0.1:9618?addrs=127.0.0.1-9618&noUDP&sock=212_fe2a_5>
...
006 (014.3229.000) 05/11 02:49:47 Image size of job updated: 2000000
	115  -  MemoryUsage of job (MB)
	117084  -  ResidentSetSize of job (KB)
...
006 (014.3229.000) 05/11 02:50:12 Image size of job updated: 2000000
	148  -  MemoryUsage of job (MB)
	150612  -  ResidentSetSize of job (KB)
...
006 (014.3229.000) 05/11 02:50:17 Image size of job updated: 2000000
	203  -  MemoryUsage of job (MB)
	207504  -  ResidentSetSize of job (KB)
...
006 (014.3229.000) 05/11 02:50:32 Image size of job updated: 2000000
	208  -  MemoryUsage of job (MB)
	212784  -  ResidentSetSize of job (KB)
...
006 (014.3229.000) 05/11 02:50:37 Image size of job updated: 2000000
	218  -  MemoryUsage of job (MB)
	222816  -  ResidentSetSize of job (KB)
...
006 (014.3229.000) 05/11 02:50:42 Image size of job updated: 2000000
	228  -  MemoryUsage of job (MB)
	232848  -  ResidentSetSize of job (KB)
...
006 (014.3229.000) 05/11 02:50:47 Image size of job updated: 2000000
	238  -  MemoryUsage of job (MB)
	242880  -  ResidentSetSize of job (KB)
...
006 (014.3229.000) 05/11 02:50:52 Image size of job updated: 2000000
	245  -  MemoryUsage of job (MB)
	250800  -  ResidentSetSize of job (KB)
...
006 (014.3229.000) 05/11 02:50:59 Image size of job updated: 2000000
	254  -  MemoryUsage of job (MB)
	260040  -  ResidentSetSize of job (KB)
...
006 (014.3229.000) 05/11 02:51:05 Image size of job updated: 2000000
	263  -  MemoryUsage of job (MB)
	268488  -  ResidentSetSize of job (KB)
...
006 (014.3229.000) 05/11 02:51:11 Image size of job updated: 2000000
	296  -  MemoryUsage of job (MB)
	302544  -  ResidentSetSize of job (KB)
...
006 (014.3229.000) 05/11 02:51:17 Image size of job updated: 2000000
	344  -  MemoryUsage of job (MB)
	352176  -  ResidentSetSize of job (KB)
...
006 (014.3229.000) 05/11 02:51:23 Image size of job updated: 2000000
	370  -  MemoryUsage of job (MB)
	378444  -  ResidentSetSize of job (KB)
...
006 (014.3229.000) 05/11 02:51:29 Image size of job updated: 2000000
	408  -  MemoryUsage of job (MB)
	417252  -  ResidentSetSize of job (KB)
...
006 (014.3229.000) 05/11 02:51:35 Image size of job updated: 2000000
	474  -  MemoryUsage of job (MB)
	485364  -  ResidentSetSize of job (KB)
...
006 (014.3229.000) 05/11 02:51:41 Image size of job updated: 2000000
	530  -  MemoryUsage of job (MB)
	542388  -  ResidentSetSize of job (KB)
...
006 (014.3229.000) 05/11 02:51:47 Image size of job updated: 2000000
	1237  -  MemoryUsage of job (MB)
	1266012  -  ResidentSetSize of job (KB)
...
006 (014.3229.000) 05/11 03:09:14 Image size of job updated: 2000000
	1264  -  MemoryUsage of job (MB)
	1293864  -  ResidentSetSize of job (KB)
...
006 (014.3229.000) 05/11 03:09:19 Image size of job updated: 2000000
	1639  -  MemoryUsage of job (MB)
	1677852  -  ResidentSetSize of job (KB)
...
006 (014.3229.000) 05/11 03:09:24 Image size of job updated: 2000000
	1774  -  MemoryUsage of job (MB)
	1816188  -  ResidentSetSize of job (KB)
...
006 (014.3229.000) 05/11 03:09:29 Image size of job updated: 2654956
	1962  -  MemoryUsage of job (MB)
	2008776  -  ResidentSetSize of job (KB)
...
006 (014.3229.000) 05/11 03:09:34 Image size of job updated: 2676460
	2005  -  MemoryUsage of job (MB)
	2052468  -  ResidentSetSize of job (KB)
...
006 (014.3229.000) 05/11 03:09:39 Image size of job updated: 2709228
	2074  -  MemoryUsage of job (MB)
	2123484  -  ResidentSetSize of job (KB)
...
006 (014.3229.000) 05/11 03:09:44 Image size of job updated: 2842348
	2196  -  MemoryUsage of job (MB)
	2248356  -  ResidentSetSize of job (KB)
...
006 (014.3229.000) 05/11 03:09:49 Image size of job updated: 2967276
	2276  -  MemoryUsage of job (MB)
	2330328  -  ResidentSetSize of job (KB)
...
006 (014.3229.000) 05/11 03:09:54 Image size of job updated: 2967276
	2346  -  MemoryUsage of job (MB)
	2401476  -  ResidentSetSize of job (KB)
...
006 (014.3229.000) 05/11 03:09:59 Image size of job updated: 3079916
	2400  -  MemoryUsage of job (MB)
	2457048  -  ResidentSetSize of job (KB)
...
006 (014.3229.000) 05/11 03:10:04 Image size of job updated: 3079916
	2457  -  MemoryUsage of job (MB)
	2515392  -  ResidentSetSize of job (KB)
...
006 (014.3229.000) 05/11 03:10:09 Image size of job updated: 3079916
	2523  -  MemoryUsage of job (MB)
	2582976  -  ResidentSetSize of job (KB)
...
006 (014.3229.000) 05/11 03:10:14 Image size of job updated: 3274476
	2582  -  MemoryUsage of job (MB)
	2643432  -  ResidentSetSize of job (KB)
...
006 (014.3229.000) 05/11 03:10:19 Image size of job updated: 3274476
	2646  -  MemoryUsage of job (MB)
	2709168  -  ResidentSetSize of job (KB)
...
006 (014.3229.000) 05/11 03:10:24 Image size of job updated: 3375852
	2713  -  MemoryUsage of job (MB)
	2778072  -  ResidentSetSize of job (KB)
...
006 (014.3229.000) 05/11 03:10:29 Image size of job updated: 3487468
	2780  -  MemoryUsage of job (MB)
	2846052  -  ResidentSetSize of job (KB)
...
006 (014.3229.000) 05/11 03:10:34 Image size of job updated: 3518188
	2850  -  MemoryUsage of job (MB)
	2917860  -  ResidentSetSize of job (KB)
...
006 (014.3229.000) 05/11 03:10:39 Image size of job updated: 3518188
	2917  -  MemoryUsage of job (MB)
	2986236  -  ResidentSetSize of job (KB)
...
006 (014.3229.000) 05/11 03:10:44 Image size of job updated: 3518188
	2983  -  MemoryUsage of job (MB)
	3054480  -  ResidentSetSize of job (KB)
...
006 (014.3229.000) 05/11 03:10:49 Image size of job updated: 3706604
	3039  -  MemoryUsage of job (MB)
	3111504  -  ResidentSetSize of job (KB)
...
006 (014.3229.000) 05/11 03:10:54 Image size of job updated: 3706604
	3087  -  MemoryUsage of job (MB)
	3160872  -  ResidentSetSize of job (KB)
...
006 (014.3229.000) 05/11 03:10:59 Image size of job updated: 3706604
	3136  -  MemoryUsage of job (MB)
	3211164  -  ResidentSetSize of job (KB)
...
006 (014.3229.000) 05/11 03:11:04 Image size of job updated: 3860204
	3190  -  MemoryUsage of job (MB)
	3266076  -  ResidentSetSize of job (KB)
...
006 (014.3229.000) 05/11 03:11:09 Image size of job updated: 3932908
	3245  -  MemoryUsage of job (MB)
	3322704  -  ResidentSetSize of job (KB)
...
006 (014.3229.000) 05/11 03:11:14 Image size of job updated: 3986156
	3301  -  MemoryUsage of job (MB)
	3380124  -  ResidentSetSize of job (KB)
...
006 (014.3229.000) 05/11 03:11:19 Image size of job updated: 4047596
	3355  -  MemoryUsage of job (MB)
	3435300  -  ResidentSetSize of job (KB)
...
006 (014.3229.000) 05/11 03:11:24 Image size of job updated: 4097772
	3410  -  MemoryUsage of job (MB)
	3490872  -  ResidentSetSize of job (KB)
...
006 (014.3229.000) 05/11 03:11:29 Image size of job updated: 4159212
	3463  -  MemoryUsage of job (MB)
	3545916  -  ResidentSetSize of job (KB)
...
006 (014.3229.000) 05/11 03:11:34 Image size of job updated: 4195052
	3516  -  MemoryUsage of job (MB)
	3599376  -  ResidentSetSize of job (KB)
...
006 (014.3229.000) 05/11 03:11:39 Image size of job updated: 4276972
	3568  -  MemoryUsage of job (MB)
	3652836  -  ResidentSetSize of job (KB)
...
006 (014.3229.000) 05/11 03:11:44 Image size of job updated: 4334316
	3621  -  MemoryUsage of job (MB)
	3707352  -  ResidentSetSize of job (KB)
...
006 (014.3229.000) 05/11 03:11:49 Image size of job updated: 4397804
	3675  -  MemoryUsage of job (MB)
	3762396  -  ResidentSetSize of job (KB)
...
006 (014.3229.000) 05/11 03:11:54 Image size of job updated: 4441836
	3728  -  MemoryUsage of job (MB)
	3817440  -  ResidentSetSize of job (KB)
...
006 (014.3229.000) 05/11 03:11:59 Image size of job updated: 4441836
	3782  -  MemoryUsage of job (MB)
	3872748  -  ResidentSetSize of job (KB)
...
006 (014.3229.000) 05/11 03:12:04 Image size of job updated: 4541164
	3838  -  MemoryUsage of job (MB)
	3929112  -  ResidentSetSize of job (KB)
...
006 (014.3229.000) 05/11 03:12:09 Image size of job updated: 4541164
	3893  -  MemoryUsage of job (MB)
	3985608  -  ResidentSetSize of job (KB)
...
006 (014.3229.000) 05/11 03:12:14 Image size of job updated: 4541164
	3949  -  MemoryUsage of job (MB)
	4043688  -  ResidentSetSize of job (KB)
...
006 (014.3229.000) 05/11 03:12:19 Image size of job updated: 4712172
	4005  -  MemoryUsage of job (MB)
	4100976  -  ResidentSetSize of job (KB)
...
006 (014.3229.000) 05/11 03:12:24 Image size of job updated: 4712172
	4063  -  MemoryUsage of job (MB)
	4159716  -  ResidentSetSize of job (KB)
...
006 (014.3229.000) 05/11 03:12:29 Image size of job updated: 4712172
	4118  -  MemoryUsage of job (MB)
	4216212  -  ResidentSetSize of job (KB)
...
006 (014.3229.000) 05/11 03:12:34 Image size of job updated: 4882156
	4175  -  MemoryUsage of job (MB)
	4274820  -  ResidentSetSize of job (KB)
...
006 (014.3229.000) 05/11 03:12:39 Image size of job updated: 4882156
	4229  -  MemoryUsage of job (MB)
	4329864  -  ResidentSetSize of job (KB)
...
006 (014.3229.000) 05/11 03:12:44 Image size of job updated: 4882156
	4284  -  MemoryUsage of job (MB)
	4386756  -  ResidentSetSize of job (KB)
...
006 (014.3229.000) 05/11 03:12:49 Image size of job updated: 5051116
	4335  -  MemoryUsage of job (MB)
	4438764  -  ResidentSetSize of job (KB)
...
006 (014.3229.000) 05/11 03:12:54 Image size of job updated: 5051116
	4386  -  MemoryUsage of job (MB)
	4490508  -  ResidentSetSize of job (KB)
...
006 (014.3229.000) 05/11 03:12:59 Image size of job updated: 5051116
	4436  -  MemoryUsage of job (MB)
	4541592  -  ResidentSetSize of job (KB)
...
006 (014.3229.000) 05/11 03:13:04 Image size of job updated: 5204716
	4485  -  MemoryUsage of job (MB)
	4591752  -  ResidentSetSize of job (KB)
...
006 (014.3229.000) 05/11 03:13:09 Image size of job updated: 5204716
	4533  -  MemoryUsage of job (MB)
	4641780  -  ResidentSetSize of job (KB)
...
006 (014.3229.000) 05/11 03:13:14 Image size of job updated: 5204716
	4579  -  MemoryUsage of job (MB)
	4688772  -  ResidentSetSize of job (KB)
...
006 (014.3229.000) 05/11 03:13:19 Image size of job updated: 5380844
	4621  -  MemoryUsage of job (MB)
	4731540  -  ResidentSetSize of job (KB)
...
006 (014.3229.000) 05/11 03:13:24 Image size of job updated: 5429996
	4671  -  MemoryUsage of job (MB)
	4782360  -  ResidentSetSize of job (KB)
...
006 (014.3229.000) 05/11 03:13:29 Image size of job updated: 5474028
	4720  -  MemoryUsage of job (MB)
	4833180  -  ResidentSetSize of job (KB)
...
006 (014.3229.000) 05/11 03:13:34 Image size of job updated: 5533420
	4771  -  MemoryUsage of job (MB)
	4885320  -  ResidentSetSize of job (KB)
...
006 (014.3229.000) 05/11 03:13:39 Image size of job updated: 5538540
	4821  -  MemoryUsage of job (MB)
	4935876  -  ResidentSetSize of job (KB)
...
006 (014.3229.000) 05/11 03:13:44 Image size of job updated: 5538540
	4873  -  MemoryUsage of job (MB)
	4988940  -  ResidentSetSize of job (KB)
...
006 (014.3229.000) 05/11 03:13:49 Image size of job updated: 5669612
	4922  -  MemoryUsage of job (MB)
	5039232  -  ResidentSetSize of job (KB)
...
006 (014.3229.000) 05/11 03:13:54 Image size of job updated: 5669612
	4970  -  MemoryUsage of job (MB)
	5088600  -  ResidentSetSize of job (KB)
...
006 (014.3229.000) 05/11 03:13:59 Image size of job updated: 5789420
	5020  -  MemoryUsage of job (MB)
	5139816  -  ResidentSetSize of job (KB)
...
006 (014.3229.000) 05/11 03:14:04 Image size of job updated: 5819116
	5068  -  MemoryUsage of job (MB)
	5189580  -  ResidentSetSize of job (KB)
...
006 (014.3229.000) 05/11 03:14:10 Image size of job updated: 5819116
	5127  -  MemoryUsage of job (MB)
	5249244  -  ResidentSetSize of job (KB)
...
006 (014.3229.000) 05/11 03:14:16 Image size of job updated: 5940972
	5187  -  MemoryUsage of job (MB)
	5310492  -  ResidentSetSize of job (KB)
...
006 (014.3229.000) 05/11 03:14:22 Image size of job updated: 5970668
	5246  -  MemoryUsage of job (MB)
	5371872  -  ResidentSetSize of job (KB)
...
006 (014.3229.000) 05/11 03:14:28 Image size of job updated: 5970668
	5307  -  MemoryUsage of job (MB)
	5433912  -  ResidentSetSize of job (KB)
...
006 (014.3229.000) 05/11 03:14:34 Image size of job updated: 6124268
	5367  -  MemoryUsage of job (MB)
	5495424  -  ResidentSetSize of job (KB)
...
006 (014.3229.000) 05/11 03:14:40 Image size of job updated: 6124268
	5426  -  MemoryUsage of job (MB)
	5556144  -  ResidentSetSize of job (KB)
...
006 (014.3229.000) 05/11 03:14:46 Image size of job updated: 6255340
	5486  -  MemoryUsage of job (MB)
	5616996  -  ResidentSetSize of job (KB)
...
006 (014.3229.000) 05/11 03:14:52 Image size of job updated: 6306540
	5546  -  MemoryUsage of job (MB)
	5678508  -  ResidentSetSize of job (KB)
...
006 (014.3229.000) 05/11 03:14:58 Image size of job updated: 6306540
	5606  -  MemoryUsage of job (MB)
	5740416  -  ResidentSetSize of job (KB)
...
006 (014.3229.000) 05/11 03:15:04 Image size of job updated: 6444780
	5666  -  MemoryUsage of job (MB)
	5801928  -  ResidentSetSize of job (KB)
...
006 (014.3229.000) 05/11 03:15:10 Image size of job updated: 6444780
	5726  -  MemoryUsage of job (MB)
	5862912  -  ResidentSetSize of job (KB)
...
006 (014.3229.000) 05/11 03:15:16 Image size of job updated: 6444780
	5788  -  MemoryUsage of job (MB)
	5926272  -  ResidentSetSize of job (KB)
...
006 (014.3229.000) 05/11 03:15:22 Image size of job updated: 6611692
	5850  -  MemoryUsage of job (MB)
	5989632  -  ResidentSetSize of job (KB)
...
006 (014.3229.000) 05/11 03:15:28 Image size of job updated: 6611692
	5913  -  MemoryUsage of job (MB)
	6054840  -  ResidentSetSize of job (KB)
...
006 (014.3229.000) 05/11 03:15:34 Image size of job updated: 6611692
	5976  -  MemoryUsage of job (MB)
	6118728  -  ResidentSetSize of job (KB)
...
006 (014.3229.000) 05/11 03:15:40 Image size of job updated: 6783724
	6039  -  MemoryUsage of job (MB)
	6183012  -  ResidentSetSize of job (KB)
...
006 (014.3229.000) 05/11 03:15:46 Image size of job updated: 6783724
	6102  -  MemoryUsage of job (MB)
	6247692  -  ResidentSetSize of job (KB)
...
006 (014.3229.000) 05/11 03:15:52 Image size of job updated: 6965996
	6165  -  MemoryUsage of job (MB)
	6312504  -  ResidentSetSize of job (KB)
...
006 (014.3229.000) 05/11 03:15:58 Image size of job updated: 6965996
	6225  -  MemoryUsage of job (MB)
	6373620  -  ResidentSetSize of job (KB)
...
006 (014.3229.000) 05/11 03:16:04 Image size of job updated: 6965996
	6272  -  MemoryUsage of job (MB)
	6421932  -  ResidentSetSize of job (KB)
...
006 (014.3229.000) 05/11 03:16:10 Image size of job updated: 7118572
	6312  -  MemoryUsage of job (MB)
	6463380  -  ResidentSetSize of job (KB)
...
006 (014.3229.000) 05/11 03:16:25 Image size of job updated: 7118572
	6316  -  MemoryUsage of job (MB)
	6467076  -  ResidentSetSize of job (KB)
...
006 (014.3229.000) 05/11 03:16:37 Image size of job updated: 7429868
	6317  -  MemoryUsage of job (MB)
	6467736  -  ResidentSetSize of job (KB)
...
005 (014.3229.000) 05/11 03:16:37 Job terminated.
	(1) Normal termination (return value 0)
		Usr 0 00:26:01, Sys 0 00:00:09  -  Run Remote Usage
		Usr 0 00:00:00, Sys 0 00:00:00  -  Run Local Usage
		Usr 0 00:26:01, Sys 0 00:00:09  -  Total Remote Usage
		Usr 0 00:00:00, Sys 0 00:00:00  -  Total Local Usage
	0  -  Run Bytes Sent By Job
	0  -  Run Bytes Received By Job
	0  -  Total Bytes Sent By Job
	0  -  Total Bytes Received By Job
	Partitionable Resources :      Usage  Request Allocated 
	   Cpus                 :       0.90        1         1 
	   Disk (KB)            : 2000000     2000000   6232219 
	   Memory (MB)          :    6317        1954      2007 
...
