000 (205.6345.000) 05/06 03:20:45 Job submitted from host: <127.0.0.1:9618?addrs=127.0.0.1-9618&noUDP&sock=222_da1d_4>
...
033 (205.6345.000) 05/06 14:23:32 Changing job attribute JobPrio from 0 to -5
...
000 (007.6345.000) 05/07 19:00:35 Job submitted from host: <127.0.0.1:9618?addrs=127.0.0.1-9618&noUDP&sock=215_0cf3_4>
...
000 (016.6345.000) 05/08 15:57:39 Job submitted from host: <127.0.0.1:9618?addrs=127.0.0.1-9618&noUDP&sock=227_4816_4>
...
009 (016.6345.000) 05/09 16:55:26 Job was aborted by the user.
	via condor_rm (by user aw868)
...
000 (017.3012.000) 05/09 17:26:17 Job submitted from host: <127.0.0.1:9618?addrs=127.0.0.1-9618&noUDP&sock=227_4816_4>
...
001 (017.3012.000) 05/10 15:09:34 Job executing on host: <127.0.0.1:9618?addrs=127.0.0.1-9618&noUDP&sock=227_4816_5>
...
006 (017.3012.000) 05/10 15:09:40 Image size of job updated: 2000000
	115  -  MemoryUsage of job (MB)
	117084  -  ResidentSetSize of job (KB)
...
006 (017.3012.000) 05/10 15:10:12 Image size of job updated: 2000000
	163  -  MemoryUsage of job (MB)
	166452  -  ResidentSetSize of job (KB)
...
006 (017.3012.000) 05/10 15:10:18 Image size of job updated: 2000000
	210  -  MemoryUsage of job (MB)
	214500  -  ResidentSetSize of job (KB)
...
006 (017.3012.000) 05/10 15:10:24 Image size of job updated: 2000000
	210  -  MemoryUsage of job (MB)
	214764  -  ResidentSetSize of job (KB)
...
006 (017.3012.000) 05/10 15:10:30 Image size of job updated: 2000000
	218  -  MemoryUsage of job (MB)
	222420  -  ResidentSetSize of job (KB)
...
006 (017.3012.000) 05/10 15:10:36 Image size of job updated: 2000000
	230  -  MemoryUsage of job (MB)
	234564  -  ResidentSetSize of job (KB)
...
006 (017.3012.000) 05/10 15:10:42 Image size of job updated: 2000000
	241  -  MemoryUsage of job (MB)
	246576  -  ResidentSetSize of job (KB)
...
006 (017.3012.000) 05/10 15:10:48 Image size of job updated: 2000000
	253  -  MemoryUsage of job (MB)
	258456  -  ResidentSetSize of job (KB)
...
006 (017.3012.000) 05/10 15:10:54 Image size of job updated: 2000000
	262  -  MemoryUsage of job (MB)
	267432  -  ResidentSetSize of job (KB)
...
006 (017.3012.000) 05/10 15:11:00 Image size of job updated: 2000000
	270  -  MemoryUsage of job (MB)
	276276  -  ResidentSetSize of job (KB)
...
006 (017.3012.000) 05/10 15:11:06 Image size of job updated: 2000000
	286  -  MemoryUsage of job (MB)
	291984  -  ResidentSetSize of job (KB)
...
006 (017.3012.000) 05/10 15:11:12 Image size of job updated: 2000000
	330  -  MemoryUsage of job (MB)
	337656  -  ResidentSetSize of job (KB)
...
006 (017.3012.000) 05/10 15:11:18 Image size of job updated: 2000000
	376  -  MemoryUsage of job (MB)
	384780  -  ResidentSetSize of job (KB)
...
006 (017.3012.000) 05/10 15:11:24 Image size of job updated: 2000000
	379  -  MemoryUsage of job (MB)
	387684  -  ResidentSetSize of job (KB)
...
006 (017.3012.000) 05/10 15:11:30 Image size of job updated: 2000000
	445  -  MemoryUsage of job (MB)
	455532  -  ResidentSetSize of job (KB)
...
006 (017.3012.000) 05/10 15:11:36 Image size of job updated: 2000000
	507  -  MemoryUsage of job (MB)
	518628  -  ResidentSetSize of job (KB)
...
006 (017.3012.000) 05/10 15:11:42 Image size of job updated: 2000000
	1078  -  MemoryUsage of job (MB)
	1103256  -  ResidentSetSize of job (KB)
...
006 (017.3012.000) 05/10 15:11:48 Image size of job updated: 2000000
	1242  -  MemoryUsage of job (MB)
	1271556  -  ResidentSetSize of job (KB)
...
006 (017.3012.000) 05/10 15:27:47 Image size of job updated: 2000000
	1290  -  MemoryUsage of job (MB)
	1320924  -  ResidentSetSize of job (KB)
...
006 (017.3012.000) 05/10 15:27:52 Image size of job updated: 2000000
	1642  -  MemoryUsage of job (MB)
	1680492  -  ResidentSetSize of job (KB)
...
006 (017.3012.000) 05/10 15:27:57 Image size of job updated: 2000000
	1796  -  MemoryUsage of job (MB)
	1839024  -  ResidentSetSize of job (KB)
...
006 (017.3012.000) 05/10 15:28:02 Image size of job updated: 2445044
	1992  -  MemoryUsage of job (MB)
	2039004  -  ResidentSetSize of job (KB)
...
006 (017.3012.000) 05/10 15:28:07 Image size of job updated: 2445044
	2028  -  MemoryUsage of job (MB)
	2076624  -  ResidentSetSize of job (KB)
...
006 (017.3012.000) 05/10 15:28:12 Image size of job updated: 2721012
	2106  -  MemoryUsage of job (MB)
	2156352  -  ResidentSetSize of job (KB)
...
006 (017.3012.000) 05/10 15:28:18 Image size of job updated: 2863348
	2216  -  MemoryUsage of job (MB)
	2268288  -  ResidentSetSize of job (KB)
...
006 (017.3012.000) 05/10 15:28:24 Image size of job updated: 2863348
	2308  -  MemoryUsage of job (MB)
	2362932  -  ResidentSetSize of job (KB)
...
006 (017.3012.000) 05/10 15:28:30 Image size of job updated: 2863348
	2389  -  MemoryUsage of job (MB)
	2445564  -  ResidentSetSize of job (KB)
...
006 (017.3012.000) 05/10 15:28:36 Image size of job updated: 3130612
	2465  -  MemoryUsage of job (MB)
	2523312  -  ResidentSetSize of job (KB)
...
006 (017.3012.000) 05/10 15:28:42 Image size of job updated: 3202292
	2545  -  MemoryUsage of job (MB)
	2605944  -  ResidentSetSize of job (KB)
...
006 (017.3012.000) 05/10 15:28:48 Image size of job updated: 3299572
	2628  -  MemoryUsage of job (MB)
	2690160  -  ResidentSetSize of job (KB)
...
006 (017.3012.000) 05/10 15:28:54 Image size of job updated: 3299572
	2711  -  MemoryUsage of job (MB)
	2775564  -  ResidentSetSize of job (KB)
...
006 (017.3012.000) 05/10 15:29:00 Image size of job updated: 3299572
	2793  -  MemoryUsage of job (MB)
	2859912  -  ResidentSetSize of job (KB)
...
006 (017.3012.000) 05/10 15:29:06 Image size of job updated: 3551476
	2874  -  MemoryUsage of job (MB)
	2942412  -  ResidentSetSize of job (KB)
...
006 (017.3012.000) 05/10 15:29:12 Image size of job updated: 3551476
	2957  -  MemoryUsage of job (MB)
	3027156  -  ResidentSetSize of job (KB)
...
006 (017.3012.000) 05/10 15:29:18 Image size of job updated: 3712244
	3043  -  MemoryUsage of job (MB)
	3115068  -  ResidentSetSize of job (KB)
...
006 (017.3012.000) 05/10 15:29:24 Image size of job updated: 3712244
	3141  -  MemoryUsage of job (MB)
	3215916  -  ResidentSetSize of job (KB)
...
006 (017.3012.000) 05/10 15:29:30 Image size of job updated: 3712244
	3250  -  MemoryUsage of job (MB)
	3327456  -  ResidentSetSize of job (KB)
...
006 (017.3012.000) 05/10 15:29:36 Image size of job updated: 3988724
	3356  -  MemoryUsage of job (MB)
	3436092  -  ResidentSetSize of job (KB)
...
006 (017.3012.000) 05/10 15:29:42 Image size of job updated: 3988724
	3461  -  MemoryUsage of job (MB)
	3543936  -  ResidentSetSize of job (KB)
...
006 (017.3012.000) 05/10 15:29:48 Image size of job updated: 4261108
	3570  -  MemoryUsage of job (MB)
	3654948  -  ResidentSetSize of job (KB)
...
006 (017.3012.000) 05/10 15:29:54 Image size of job updated: 4261108
	3674  -  MemoryUsage of job (MB)
	3761868  -  ResidentSetSize of job (KB)
...
006 (017.3012.000) 05/10 15:30:00 Image size of job updated: 4261108
	3772  -  MemoryUsage of job (MB)
	3862056  -  ResidentSetSize of job (KB)
...
006 (017.3012.000) 05/10 15:30:06 Image size of job updated: 4536564
	3853  -  MemoryUsage of job (MB)
	3945216  -  ResidentSetSize of job (KB)
...
006 (017.3012.000) 05/10 15:30:12 Image size of job updated: 4536564
	3927  -  MemoryUsage of job (MB)
	4020720  -  ResidentSetSize of job (KB)
...
006 (017.3012.000) 05/10 15:30:18 Image size of job updated: 4764916
	4004  -  MemoryUsage of job (MB)
	4099788  -  ResidentSetSize of job (KB)
...
006 (017.3012.000) 05/10 15:30:27 Image size of job updated: 4839668
	4059  -  MemoryUsage of job (MB)
	4155888  -  ResidentSetSize of job (KB)
...
006 (017.3012.000) 05/10 15:30:33 Image size of job updated: 4920564
	4142  -  MemoryUsage of job (MB)
	4241028  -  ResidentSetSize of job (KB)
...
006 (017.3012.000) 05/10 15:30:39 Image size of job updated: 4992244
	4225  -  MemoryUsage of job (MB)
	4326168  -  ResidentSetSize of job (KB)
...
006 (017.3012.000) 05/10 15:30:45 Image size of job updated: 4992244
	4308  -  MemoryUsage of job (MB)
	4410648  -  ResidentSetSize of job (KB)
...
006 (017.3012.000) 05/10 15:30:51 Image size of job updated: 5198068
	4409  -  MemoryUsage of job (MB)
	4514136  -  ResidentSetSize of job (KB)
...
006 (017.3012.000) 05/10 15:30:57 Image size of job updated: 5222644
	4493  -  MemoryUsage of job (MB)
	4600200  -  ResidentSetSize of job (KB)
...
006 (017.3012.000) 05/10 15:31:03 Image size of job updated: 5373172
	4595  -  MemoryUsage of job (MB)
	4705140  -  ResidentSetSize of job (KB)
...
006 (017.3012.000) 05/10 15:31:09 Image size of job updated: 5475572
	4702  -  MemoryUsage of job (MB)
	4814040  -  ResidentSetSize of job (KB)
...
006 (017.3012.000) 05/10 15:31:15 Image size of job updated: 5475572
	4786  -  MemoryUsage of job (MB)
	4900632  -  ResidentSetSize of job (KB)
...
006 (017.3012.000) 05/10 15:31:21 Image size of job updated: 5669108
	4884  -  MemoryUsage of job (MB)
	5000688  -  ResidentSetSize of job (KB)
...
006 (017.3012.000) 05/10 15:31:27 Image size of job updated: 5669108
	4971  -  MemoryUsage of job (MB)
	5089656  -  ResidentSetSize of job (KB)
...
006 (017.3012.000) 05/10 15:31:33 Image size of job updated: 5842164
	5053  -  MemoryUsage of job (MB)
	5173740  -  ResidentSetSize of job (KB)
...
006 (017.3012.000) 05/10 15:31:40 Image size of job updated: 5934324
	5140  -  MemoryUsage of job (MB)
	5263104  -  ResidentSetSize of job (KB)
...
006 (017.3012.000) 05/10 15:31:45 Image size of job updated: 6003956
	5212  -  MemoryUsage of job (MB)
	5336496  -  ResidentSetSize of job (KB)
...
006 (017.3012.000) 05/10 15:31:50 Image size of job updated: 6095092
	5292  -  MemoryUsage of job (MB)
	5418468  -  ResidentSetSize of job (KB)
...
006 (017.3012.000) 05/10 15:31:55 Image size of job updated: 6136052
	5364  -  MemoryUsage of job (MB)
	5492124  -  ResidentSetSize of job (KB)
...
006 (017.3012.000) 05/10 15:32:00 Image size of job updated: 6206708
	5433  -  MemoryUsage of job (MB)
	5562480  -  ResidentSetSize of job (KB)
...
006 (017.3012.000) 05/10 15:32:05 Image size of job updated: 6309108
	5501  -  MemoryUsage of job (MB)
	5632836  -  ResidentSetSize of job (KB)
...
006 (017.3012.000) 05/10 15:32:10 Image size of job updated: 6380788
	5571  -  MemoryUsage of job (MB)
	5704380  -  ResidentSetSize of job (KB)
...
006 (017.3012.000) 05/10 15:32:15 Image size of job updated: 6380788
	5639  -  MemoryUsage of job (MB)
	5774076  -  ResidentSetSize of job (KB)
...
006 (017.3012.000) 05/10 15:32:20 Image size of job updated: 6380788
	5711  -  MemoryUsage of job (MB)
	5847336  -  ResidentSetSize of job (KB)
...
006 (017.3012.000) 05/10 15:32:25 Image size of job updated: 6567156
	5780  -  MemoryUsage of job (MB)
	5918220  -  ResidentSetSize of job (KB)
...
006 (017.3012.000) 05/10 15:32:30 Image size of job updated: 6567156
	5850  -  MemoryUsage of job (MB)
	5990160  -  ResidentSetSize of job (KB)
...
006 (017.3012.000) 05/10 15:32:35 Image size of job updated: 6567156
	5921  -  MemoryUsage of job (MB)
	6062760  -  ResidentSetSize of job (KB)
...
006 (017.3012.000) 05/10 15:32:40 Image size of job updated: 6784244
	5991  -  MemoryUsage of job (MB)
	6134436  -  ResidentSetSize of job (KB)
...
006 (017.3012.000) 05/10 15:32:45 Image size of job updated: 6784244
	6061  -  MemoryUsage of job (MB)
	6206376  -  ResidentSetSize of job (KB)
...
006 (017.3012.000) 05/10 15:32:50 Image size of job updated: 6784244
	6132  -  MemoryUsage of job (MB)
	6278580  -  ResidentSetSize of job (KB)
...
006 (017.3012.000) 05/10 15:32:55 Image size of job updated: 7001332
	6202  -  MemoryUsage of job (MB)
	6350520  -  ResidentSetSize of job (KB)
...
006 (017.3012.000) 05/10 15:33:00 Image size of job updated: 7073012
	6272  -  MemoryUsage of job (MB)
	6421536  -  ResidentSetSize of job (KB)
...
006 (017.3012.000) 05/10 15:33:05 Image size of job updated: 7073012
	6342  -  MemoryUsage of job (MB)
	6493212  -  ResidentSetSize of job (KB)
...
006 (017.3012.000) 05/10 15:33:10 Image size of job updated: 7234804
	6410  -  MemoryUsage of job (MB)
	6562908  -  ResidentSetSize of job (KB)
...
006 (017.3012.000) 05/10 15:33:15 Image size of job updated: 7234804
	6478  -  MemoryUsage of job (MB)
	6632472  -  ResidentSetSize of job (KB)
...
006 (017.3012.000) 05/10 15:33:20 Image size of job updated: 7234804
	6545  -  MemoryUsage of job (MB)
	6702036  -  ResidentSetSize of job (KB)
...
006 (017.3012.000) 05/10 15:33:25 Image size of job updated: 7234804
	6612  -  MemoryUsage of job (MB)
	6770016  -  ResidentSetSize of job (KB)
...
006 (017.3012.000) 05/10 15:33:30 Image size of job updated: 7464180
	6679  -  MemoryUsage of job (MB)
	6838656  -  ResidentSetSize of job (KB)
...
006 (017.3012.000) 05/10 15:33:35 Image size of job updated: 7464180
	6747  -  MemoryUsage of job (MB)
	6908088  -  ResidentSetSize of job (KB)
...
006 (017.3012.000) 05/10 15:33:40 Image size of job updated: 7464180
	6815  -  MemoryUsage of job (MB)
	6978048  -  ResidentSetSize of job (KB)
...
006 (017.3012.000) 05/10 15:33:45 Image size of job updated: 7697652
	6882  -  MemoryUsage of job (MB)
	7046688  -  ResidentSetSize of job (KB)
...
006 (017.3012.000) 05/10 15:33:50 Image size of job updated: 7760116
	6950  -  MemoryUsage of job (MB)
	7116120  -  ResidentSetSize of job (KB)
...
006 (017.3012.000) 05/10 15:33:55 Image size of job updated: 7827700
	7018  -  MemoryUsage of job (MB)
	7185948  -  ResidentSetSize of job (KB)
...
006 (017.3012.000) 05/10 15:34:00 Image size of job updated: 7903476
	7084  -  MemoryUsage of job (MB)
	7253532  -  ResidentSetSize of job (KB)
...
006 (017.3012.000) 05/10 15:34:05 Image size of job updated: 7903476
	7150  -  MemoryUsage of job (MB)
	7321248  -  ResidentSetSize of job (KB)
...
006 (017.3012.000) 05/10 15:34:10 Image size of job updated: 8052980
	7217  -  MemoryUsage of job (MB)
	7389624  -  ResidentSetSize of job (KB)
...
006 (017.3012.000) 05/10 15:34:15 Image size of job updated: 8106228
	7283  -  MemoryUsage of job (MB)
	7456812  -  ResidentSetSize of job (KB)
...
006 (017.3012.000) 05/10 15:34:20 Image size of job updated: 8106228
	7349  -  MemoryUsage of job (MB)
	7524792  -  ResidentSetSize of job (KB)
...
006 (017.3012.000) 05/10 15:34:25 Image size of job updated: 8106228
	7415  -  MemoryUsage of job (MB)
	7591980  -  ResidentSetSize of job (KB)
...
006 (017.3012.000) 05/10 15:34:30 Image size of job updated: 8307956
	7481  -  MemoryUsage of job (MB)
	7660488  -  ResidentSetSize of job (KB)
...
006 (017.3012.000) 05/10 15:34:35 Image size of job updated: 8307956
	7549  -  MemoryUsage of job (MB)
	7729920  -  ResidentSetSize of job (KB)
...
006 (017.3012.000) 05/10 15:34:40 Image size of job updated: 8307956
	7609  -  MemoryUsage of job (MB)
	7790772  -  ResidentSetSize of job (KB)
...
006 (017.3012.000) 05/10 15:34:45 Image size of job updated: 8528116
	7653  -  MemoryUsage of job (MB)
	7835916  -  ResidentSetSize of job (KB)
...
006 (017.3012.000) 05/10 15:34:50 Image size of job updated: 8528116
	7692  -  MemoryUsage of job (MB)
	7875780  -  ResidentSetSize of job (KB)
...
006 (017.3012.000) 05/10 15:34:55 Image size of job updated: 8528116
	7724  -  MemoryUsage of job (MB)
	7908780  -  ResidentSetSize of job (KB)
...
006 (017.3012.000) 05/10 15:35:00 Image size of job updated: 8739060
	7752  -  MemoryUsage of job (MB)
	7937292  -  ResidentSetSize of job (KB)
...
006 (017.3012.000) 05/10 15:35:05 Image size of job updated: 8739060
	7783  -  MemoryUsage of job (MB)
	7969632  -  ResidentSetSize of job (KB)
...
005 (017.3012.000) 05/10 15:35:10 Job terminated.
	(0) Abnormal termination (signal 9)
	(0) No core file
		Usr 0 00:24:49, Sys 0 00:00:09  -  Run Remote Usage
		Usr 0 00:00:00, Sys 0 00:00:00  -  Run Local Usage
		Usr 0 00:24:49, Sys 0 00:00:09  -  Total Remote Usage
		Usr 0 00:00:00, Sys 0 00:00:00  -  Total Local Usage
	0  -  Run Bytes Sent By Job
	0  -  Run Bytes Received By Job
	0  -  Total Bytes Sent By Job
	0  -  Total Bytes Received By Job
	Partitionable Resources :      Usage  Request Allocated 
	   Cpus                 :       0.99        1         1 
	   Disk (KB)            : 2000000     2000000   6275465 
	   Memory (MB)          :    7783        1954      2007 
...
000 (019.680.000) 05/12 04:13:35 Job submitted from host: <127.0.0.1:9618?addrs=127.0.0.1-9618&noUDP&sock=227_4816_4>
...
001 (019.680.000) 05/12 09:20:33 Job executing on host: <127.0.0.1:9618?addrs=127.0.0.1-9618&noUDP&sock=227_4816_5>
...
006 (019.680.000) 05/12 09:20:38 Image size of job updated: 2000000
	37  -  MemoryUsage of job (MB)
	37356  -  ResidentSetSize of job (KB)
...
006 (019.680.000) 05/12 09:21:26 Image size of job updated: 2000000
	114  -  MemoryUsage of job (MB)
	116688  -  ResidentSetSize of job (KB)
...
006 (019.680.000) 05/12 09:22:13 Image size of job updated: 2000000
	212  -  MemoryUsage of job (MB)
	216744  -  ResidentSetSize of job (KB)
...
006 (019.680.000) 05/12 09:22:30 Image size of job updated: 2000000
	216  -  MemoryUsage of job (MB)
	221100  -  ResidentSetSize of job (KB)
...
006 (019.680.000) 05/12 09:22:45 Image size of job updated: 2000000
	240  -  MemoryUsage of job (MB)
	245124  -  ResidentSetSize of job (KB)
...
006 (019.680.000) 05/12 09:22:57 Image size of job updated: 2000000
	251  -  MemoryUsage of job (MB)
	256080  -  ResidentSetSize of job (KB)
...
006 (019.680.000) 05/12 09:23:04 Image size of job updated: 2000000
	261  -  MemoryUsage of job (MB)
	266772  -  ResidentSetSize of job (KB)
...
006 (019.680.000) 05/12 09:23:10 Image size of job updated: 2000000
	272  -  MemoryUsage of job (MB)
	277728  -  ResidentSetSize of job (KB)
...
006 (019.680.000) 05/12 09:23:16 Image size of job updated: 2000000
	283  -  MemoryUsage of job (MB)
	289740  -  ResidentSetSize of job (KB)
...
006 (019.680.000) 05/12 09:23:26 Image size of job updated: 2000000
	287  -  MemoryUsage of job (MB)
	292908  -  ResidentSetSize of job (KB)
...
006 (019.680.000) 05/12 09:24:34 Image size of job updated: 2000000
	419  -  MemoryUsage of job (MB)
	428736  -  ResidentSetSize of job (KB)
...
006 (019.680.000) 05/12 09:25:17 Image size of job updated: 2000000
	1235  -  MemoryUsage of job (MB)
	1264032  -  ResidentSetSize of job (KB)
...
006 (019.680.000) 05/12 09:41:28 Image size of job updated: 2000000
	1236  -  MemoryUsage of job (MB)
	1264692  -  ResidentSetSize of job (KB)
...
006 (019.680.000) 05/12 09:41:33 Image size of job updated: 2000000
	1570  -  MemoryUsage of job (MB)
	1607628  -  ResidentSetSize of job (KB)
...
006 (019.680.000) 05/12 09:41:38 Image size of job updated: 2370000
	1634  -  MemoryUsage of job (MB)
	1672572  -  ResidentSetSize of job (KB)
...
006 (019.680.000) 05/12 09:41:46 Image size of job updated: 2370000
	1653  -  MemoryUsage of job (MB)
	1691712  -  ResidentSetSize of job (KB)
...
006 (019.680.000) 05/12 09:41:53 Image size of job updated: 2448592
	1977  -  MemoryUsage of job (MB)
	2023956  -  ResidentSetSize of job (KB)
...
006 (019.680.000) 05/12 09:41:59 Image size of job updated: 2717936
	2021  -  MemoryUsage of job (MB)
	2069496  -  ResidentSetSize of job (KB)
...
006 (019.680.000) 05/12 09:42:05 Image size of job updated: 2717936
	2138  -  MemoryUsage of job (MB)
	2188956  -  ResidentSetSize of job (KB)
...
006 (019.680.000) 05/12 09:42:11 Image size of job updated: 2872560
	2186  -  MemoryUsage of job (MB)
	2237664  -  ResidentSetSize of job (KB)
...
006 (019.680.000) 05/12 09:42:17 Image size of job updated: 3005680
	2303  -  MemoryUsage of job (MB)
	2357520  -  ResidentSetSize of job (KB)
...
006 (019.680.000) 05/12 09:42:23 Image size of job updated: 3005680
	2409  -  MemoryUsage of job (MB)
	2466288  -  ResidentSetSize of job (KB)
...
006 (019.680.000) 05/12 09:42:36 Image size of job updated: 3005680
	2444  -  MemoryUsage of job (MB)
	2501928  -  ResidentSetSize of job (KB)
...
006 (019.680.000) 05/12 09:42:57 Image size of job updated: 3414256
	2659  -  MemoryUsage of job (MB)
	2722236  -  ResidentSetSize of job (KB)
...
006 (019.680.000) 05/12 09:43:15 Image size of job updated: 3606768
	2866  -  MemoryUsage of job (MB)
	2934096  -  ResidentSetSize of job (KB)
...
006 (019.680.000) 05/12 09:43:26 Image size of job updated: 3809520
	2973  -  MemoryUsage of job (MB)
	3044184  -  ResidentSetSize of job (KB)
...
006 (019.680.000) 05/12 09:43:33 Image size of job updated: 3886320
	3072  -  MemoryUsage of job (MB)
	3145560  -  ResidentSetSize of job (KB)
...
006 (019.680.000) 05/12 09:43:38 Image size of job updated: 3963120
	3145  -  MemoryUsage of job (MB)
	3220140  -  ResidentSetSize of job (KB)
...
006 (019.680.000) 05/12 09:43:43 Image size of job updated: 3963120
	3216  -  MemoryUsage of job (MB)
	3292872  -  ResidentSetSize of job (KB)
...
006 (019.680.000) 05/12 09:43:48 Image size of job updated: 4057328
	3285  -  MemoryUsage of job (MB)
	3363360  -  ResidentSetSize of job (KB)
...
006 (019.680.000) 05/12 09:43:53 Image size of job updated: 4057328
	3328  -  MemoryUsage of job (MB)
	3407712  -  ResidentSetSize of job (KB)
...
006 (019.680.000) 05/12 09:43:59 Image size of job updated: 4057328
	3342  -  MemoryUsage of job (MB)
	3421968  -  ResidentSetSize of job (KB)
...
006 (019.680.000) 05/12 09:44:06 Image size of job updated: 4195568
	3412  -  MemoryUsage of job (MB)
	3493512  -  ResidentSetSize of job (KB)
...
006 (019.680.000) 05/12 09:44:11 Image size of job updated: 4195568
	3486  -  MemoryUsage of job (MB)
	3569412  -  ResidentSetSize of job (KB)
...
006 (019.680.000) 05/12 09:44:16 Image size of job updated: 4416752
	3554  -  MemoryUsage of job (MB)
	3638580  -  ResidentSetSize of job (KB)
...
006 (019.680.000) 05/12 09:44:21 Image size of job updated: 4416752
	3621  -  MemoryUsage of job (MB)
	3707088  -  ResidentSetSize of job (KB)
...
006 (019.680.000) 05/12 09:44:26 Image size of job updated: 4416752
	3668  -  MemoryUsage of job (MB)
	3755532  -  ResidentSetSize of job (KB)
...
006 (019.680.000) 05/12 09:44:34 Image size of job updated: 4416752
	3716  -  MemoryUsage of job (MB)
	3804372  -  ResidentSetSize of job (KB)
...
006 (019.680.000) 05/12 09:44:39 Image size of job updated: 4615408
	3786  -  MemoryUsage of job (MB)
	3876180  -  ResidentSetSize of job (KB)
...
006 (019.680.000) 05/12 09:44:44 Image size of job updated: 4615408
	3858  -  MemoryUsage of job (MB)
	3950364  -  ResidentSetSize of job (KB)
...
006 (019.680.000) 05/12 09:44:49 Image size of job updated: 4766960
	3932  -  MemoryUsage of job (MB)
	4026000  -  ResidentSetSize of job (KB)
...
006 (019.680.000) 05/12 09:44:54 Image size of job updated: 4836592
	4007  -  MemoryUsage of job (MB)
	4102824  -  ResidentSetSize of job (KB)
...
006 (019.680.000) 05/12 09:44:59 Image size of job updated: 4836592
	4084  -  MemoryUsage of job (MB)
	4181232  -  ResidentSetSize of job (KB)
...
006 (019.680.000) 05/12 09:45:04 Image size of job updated: 4836592
	4159  -  MemoryUsage of job (MB)
	4257924  -  ResidentSetSize of job (KB)
...
006 (019.680.000) 05/12 09:45:09 Image size of job updated: 5070064
	4233  -  MemoryUsage of job (MB)
	4334220  -  ResidentSetSize of job (KB)
...
006 (019.680.000) 05/12 09:45:14 Image size of job updated: 5070064
	4250  -  MemoryUsage of job (MB)
	4351776  -  ResidentSetSize of job (KB)
...
006 (019.680.000) 05/12 09:45:19 Image size of job updated: 5206256
	4272  -  MemoryUsage of job (MB)
	4374216  -  ResidentSetSize of job (KB)
...
006 (019.680.000) 05/12 09:45:24 Image size of job updated: 5252336
	4340  -  MemoryUsage of job (MB)
	4443780  -  ResidentSetSize of job (KB)
...
006 (019.680.000) 05/12 09:45:29 Image size of job updated: 5345520
	4409  -  MemoryUsage of job (MB)
	4514004  -  ResidentSetSize of job (KB)
...
006 (019.680.000) 05/12 09:45:34 Image size of job updated: 5345520
	4478  -  MemoryUsage of job (MB)
	4584624  -  ResidentSetSize of job (KB)
...
006 (019.680.000) 05/12 09:45:39 Image size of job updated: 5463280
	4540  -  MemoryUsage of job (MB)
	4648512  -  ResidentSetSize of job (KB)
...
006 (019.680.000) 05/12 09:45:46 Image size of job updated: 5463280
	4568  -  MemoryUsage of job (MB)
	4676760  -  ResidentSetSize of job (KB)
...
006 (019.680.000) 05/12 09:45:52 Image size of job updated: 5463280
	4593  -  MemoryUsage of job (MB)
	4702236  -  ResidentSetSize of job (KB)
...
006 (019.680.000) 05/12 09:45:57 Image size of job updated: 5569776
	4610  -  MemoryUsage of job (MB)
	4719660  -  ResidentSetSize of job (KB)
...
006 (019.680.000) 05/12 09:46:02 Image size of job updated: 5608688
	4679  -  MemoryUsage of job (MB)
	4791072  -  ResidentSetSize of job (KB)
...
006 (019.680.000) 05/12 09:46:07 Image size of job updated: 5654768
	4749  -  MemoryUsage of job (MB)
	4862616  -  ResidentSetSize of job (KB)
...
006 (019.680.000) 05/12 09:46:12 Image size of job updated: 5654768
	4819  -  MemoryUsage of job (MB)
	4933764  -  ResidentSetSize of job (KB)
...
006 (019.680.000) 05/12 09:46:30 Image size of job updated: 5822704
	4873  -  MemoryUsage of job (MB)
	4989468  -  ResidentSetSize of job (KB)
...
006 (019.680.000) 05/12 09:47:10 Image size of job updated: 6356208
	5375  -  MemoryUsage of job (MB)
	5503212  -  ResidentSetSize of job (KB)
...
006 (019.680.000) 05/12 09:47:42 Image size of job updated: 6500592
	5655  -  MemoryUsage of job (MB)
	5790444  -  ResidentSetSize of job (KB)
...
006 (019.680.000) 05/12 09:48:02 Image size of job updated: 6800624
	5786  -  MemoryUsage of job (MB)
	5924688  -  ResidentSetSize of job (KB)
...
006 (019.680.000) 05/12 09:48:14 Image size of job updated: 6864112
	5958  -  MemoryUsage of job (MB)
	6100248  -  ResidentSetSize of job (KB)
...
006 (019.680.000) 05/12 09:48:22 Image size of job updated: 7082224
	6046  -  MemoryUsage of job (MB)
	6190932  -  ResidentSetSize of job (KB)
...
006 (019.680.000) 05/12 09:48:29 Image size of job updated: 7082224
	6069  -  MemoryUsage of job (MB)
	6214560  -  ResidentSetSize of job (KB)
...
006 (019.680.000) 05/12 09:48:38 Image size of job updated: 7082224
	6093  -  MemoryUsage of job (MB)
	6238320  -  ResidentSetSize of job (KB)
...
006 (019.680.000) 05/12 09:48:44 Image size of job updated: 7221488
	6191  -  MemoryUsage of job (MB)
	6339036  -  ResidentSetSize of job (KB)
...
006 (019.680.000) 05/12 09:48:50 Image size of job updated: 7221488
	6294  -  MemoryUsage of job (MB)
	6444108  -  ResidentSetSize of job (KB)
...
006 (019.680.000) 05/12 09:48:58 Image size of job updated: 7221488
	6316  -  MemoryUsage of job (MB)
	6466944  -  ResidentSetSize of job (KB)
...
006 (019.680.000) 05/12 09:49:05 Image size of job updated: 7221488
	6316  -  MemoryUsage of job (MB)
	6467472  -  ResidentSetSize of job (KB)
...
006 (019.680.000) 05/12 09:49:07 Image size of job updated: 7425264
	6316  -  MemoryUsage of job (MB)
	6467472  -  ResidentSetSize of job (KB)
...
005 (019.680.000) 05/12 09:49:07 Job terminated.
	(0) Abnormal termination (signal 9)
	(0) No core file
		Usr 0 00:22:41, Sys 0 00:02:06  -  Run Remote Usage
		Usr 0 00:00:00, Sys 0 00:00:00  -  Run Local Usage
		Usr 0 00:22:41, Sys 0 00:02:06  -  Total Remote Usage
		Usr 0 00:00:00, Sys 0 00:00:00  -  Total Local Usage
	0  -  Run Bytes Sent By Job
	0  -  Run Bytes Received By Job
	0  -  Total Bytes Sent By Job
	0  -  Total Bytes Received By Job
	Partitionable Resources :      Usage  Request Allocated 
	   Cpus                 :       0.76        1         1 
	   Disk (KB)            : 2000000     2000000   6275465 
	   Memory (MB)          :    6316        1954      2007 
...
