000 (193.125.000) 05/05 21:23:25 Job submitted from host: <127.0.0.1:9618?addrs=127.0.0.1-9618&noUDP&sock=222_da1d_4>
...
001 (193.125.000) 05/06 08:54:08 Job executing on host: <127.0.0.1:9618?addrs=127.0.0.1-9618&noUDP&sock=222_da1d_5>
...
006 (193.125.000) 05/06 08:54:14 Image size of job updated: 2000000
	105  -  MemoryUsage of job (MB)
	107316  -  ResidentSetSize of job (KB)
...
006 (193.125.000) 05/06 08:54:44 Image size of job updated: 2000000
	172  -  MemoryUsage of job (MB)
	175692  -  ResidentSetSize of job (KB)
...
006 (193.125.000) 05/06 08:54:50 Image size of job updated: 2000000
	189  -  MemoryUsage of job (MB)
	192588  -  ResidentSetSize of job (KB)
...
006 (193.125.000) 05/06 08:54:56 Image size of job updated: 2000000
	195  -  MemoryUsage of job (MB)
	199056  -  ResidentSetSize of job (KB)
...
006 (193.125.000) 05/06 08:55:02 Image size of job updated: 2000000
	207  -  MemoryUsage of job (MB)
	211332  -  ResidentSetSize of job (KB)
...
006 (193.125.000) 05/06 08:55:08 Image size of job updated: 2000000
	221  -  MemoryUsage of job (MB)
	225324  -  ResidentSetSize of job (KB)
...
006 (193.125.000) 05/06 08:55:14 Image size of job updated: 2000000
	233  -  MemoryUsage of job (MB)
	238524  -  ResidentSetSize of job (KB)
...
006 (193.125.000) 05/06 08:55:20 Image size of job updated: 2000000
	243  -  MemoryUsage of job (MB)
	247896  -  ResidentSetSize of job (KB)
...
006 (193.125.000) 05/06 08:55:26 Image size of job updated: 2000000
	283  -  MemoryUsage of job (MB)
	288816  -  ResidentSetSize of job (KB)
...
006 (193.125.000) 05/06 08:55:32 Image size of job updated: 2000000
	326  -  MemoryUsage of job (MB)
	333696  -  ResidentSetSize of job (KB)
...
006 (193.125.000) 05/06 08:55:42 Image size of job updated: 2000000
	330  -  MemoryUsage of job (MB)
	337788  -  ResidentSetSize of job (KB)
...
006 (193.125.000) 05/06 08:55:54 Image size of job updated: 2000000
	350  -  MemoryUsage of job (MB)
	358116  -  ResidentSetSize of job (KB)
...
006 (193.125.000) 05/06 08:56:04 Image size of job updated: 2000000
	484  -  MemoryUsage of job (MB)
	494868  -  ResidentSetSize of job (KB)
...
006 (193.125.000) 05/06 08:56:10 Image size of job updated: 2000000
	1173  -  MemoryUsage of job (MB)
	1200276  -  ResidentSetSize of job (KB)
...
006 (193.125.000) 05/06 09:13:23 Image size of job updated: 2220788
	1523  -  MemoryUsage of job (MB)
	1558656  -  ResidentSetSize of job (KB)
...
006 (193.125.000) 05/06 09:13:28 Image size of job updated: 2220788
	1689  -  MemoryUsage of job (MB)
	1728540  -  ResidentSetSize of job (KB)
...
006 (193.125.000) 05/06 09:13:33 Image size of job updated: 2220788
	1833  -  MemoryUsage of job (MB)
	1876512  -  ResidentSetSize of job (KB)
...
006 (193.125.000) 05/06 09:13:38 Image size of job updated: 2726124
	2025  -  MemoryUsage of job (MB)
	2073324  -  ResidentSetSize of job (KB)
...
006 (193.125.000) 05/06 09:13:43 Image size of job updated: 2726124
	2133  -  MemoryUsage of job (MB)
	2183544  -  ResidentSetSize of job (KB)
...
006 (193.125.000) 05/06 09:13:48 Image size of job updated: 2726124
	2216  -  MemoryUsage of job (MB)
	2268288  -  ResidentSetSize of job (KB)
...
006 (193.125.000) 05/06 09:13:53 Image size of job updated: 3027180
	2305  -  MemoryUsage of job (MB)
	2359368  -  ResidentSetSize of job (KB)
...
006 (193.125.000) 05/06 09:13:58 Image size of job updated: 3053804
	2390  -  MemoryUsage of job (MB)
	2447148  -  ResidentSetSize of job (KB)
...
006 (193.125.000) 05/06 09:14:03 Image size of job updated: 3186924
	2478  -  MemoryUsage of job (MB)
	2536644  -  ResidentSetSize of job (KB)
...
006 (193.125.000) 05/06 09:14:08 Image size of job updated: 3236076
	2564  -  MemoryUsage of job (MB)
	2624688  -  ResidentSetSize of job (KB)
...
006 (193.125.000) 05/06 09:14:13 Image size of job updated: 3376364
	2648  -  MemoryUsage of job (MB)
	2711148  -  ResidentSetSize of job (KB)
...
006 (193.125.000) 05/06 09:14:18 Image size of job updated: 3376364
	2733  -  MemoryUsage of job (MB)
	2798136  -  ResidentSetSize of job (KB)
...
006 (193.125.000) 05/06 09:14:23 Image size of job updated: 3376364
	2818  -  MemoryUsage of job (MB)
	2884992  -  ResidentSetSize of job (KB)
...
006 (193.125.000) 05/06 09:14:28 Image size of job updated: 3602668
	2903  -  MemoryUsage of job (MB)
	2972640  -  ResidentSetSize of job (KB)
...
006 (193.125.000) 05/06 09:14:33 Image size of job updated: 3602668
	2992  -  MemoryUsage of job (MB)
	3063720  -  ResidentSetSize of job (KB)
...
006 (193.125.000) 05/06 09:14:38 Image size of job updated: 3602668
	3077  -  MemoryUsage of job (MB)
	3150708  -  ResidentSetSize of job (KB)
...
006 (193.125.000) 05/06 09:14:43 Image size of job updated: 3866860
	3163  -  MemoryUsage of job (MB)
	3238356  -  ResidentSetSize of job (KB)
...
006 (193.125.000) 05/06 09:14:48 Image size of job updated: 3866860
	3252  -  MemoryUsage of job (MB)
	3329568  -  ResidentSetSize of job (KB)
...
006 (193.125.000) 05/06 09:14:53 Image size of job updated: 3866860
	3342  -  MemoryUsage of job (MB)
	3421968  -  ResidentSetSize of job (KB)
...
006 (193.125.000) 05/06 09:15:01 Image size of job updated: 4154604
	3411  -  MemoryUsage of job (MB)
	3492720  -  ResidentSetSize of job (KB)
...
006 (193.125.000) 05/06 09:15:11 Image size of job updated: 4416748
	3655  -  MemoryUsage of job (MB)
	3742068  -  ResidentSetSize of job (KB)
...
006 (193.125.000) 05/06 09:15:19 Image size of job updated: 4416748
	3815  -  MemoryUsage of job (MB)
	3906144  -  ResidentSetSize of job (KB)
...
006 (193.125.000) 05/06 09:15:25 Image size of job updated: 4416748
	3918  -  MemoryUsage of job (MB)
	4011612  -  ResidentSetSize of job (KB)
...
006 (193.125.000) 05/06 09:15:31 Image size of job updated: 4703468
	4020  -  MemoryUsage of job (MB)
	4115496  -  ResidentSetSize of job (KB)
...
006 (193.125.000) 05/06 09:15:37 Image size of job updated: 4703468
	4123  -  MemoryUsage of job (MB)
	4221624  -  ResidentSetSize of job (KB)
...
006 (193.125.000) 05/06 09:15:49 Image size of job updated: 4941036
	4158  -  MemoryUsage of job (MB)
	4257396  -  ResidentSetSize of job (KB)
...
006 (193.125.000) 05/06 09:16:08 Image size of job updated: 5254380
	4483  -  MemoryUsage of job (MB)
	4589772  -  ResidentSetSize of job (KB)
...
006 (193.125.000) 05/06 09:16:23 Image size of job updated: 5484780
	4737  -  MemoryUsage of job (MB)
	4850472  -  ResidentSetSize of job (KB)
...
006 (193.125.000) 05/06 09:16:33 Image size of job updated: 5484780
	4907  -  MemoryUsage of job (MB)
	5024580  -  ResidentSetSize of job (KB)
...
006 (193.125.000) 05/06 09:16:39 Image size of job updated: 5754092
	5016  -  MemoryUsage of job (MB)
	5136120  -  ResidentSetSize of job (KB)
...
006 (193.125.000) 05/06 09:16:45 Image size of job updated: 5754092
	5120  -  MemoryUsage of job (MB)
	5242116  -  ResidentSetSize of job (KB)
...
006 (193.125.000) 05/06 09:16:51 Image size of job updated: 6024428
	5219  -  MemoryUsage of job (MB)
	5343756  -  ResidentSetSize of job (KB)
...
006 (193.125.000) 05/06 09:17:03 Image size of job updated: 6024428
	5270  -  MemoryUsage of job (MB)
	5396028  -  ResidentSetSize of job (KB)
...
006 (193.125.000) 05/06 09:17:20 Image size of job updated: 6285548
	5470  -  MemoryUsage of job (MB)
	5600364  -  ResidentSetSize of job (KB)
...
006 (193.125.000) 05/06 09:17:34 Image size of job updated: 6397164
	5576  -  MemoryUsage of job (MB)
	5709396  -  ResidentSetSize of job (KB)
...
006 (193.125.000) 05/06 09:17:43 Image size of job updated: 6489324
	5720  -  MemoryUsage of job (MB)
	5856708  -  ResidentSetSize of job (KB)
...
006 (193.125.000) 05/06 09:17:49 Image size of job updated: 6637804
	5806  -  MemoryUsage of job (MB)
	5944356  -  ResidentSetSize of job (KB)
...
005 (193.125.000) 05/06 09:17:53 Job terminated.
	(0) Abnormal termination (signal 9)
	(0) No core file
		Usr 0 00:21:56, Sys 0 00:00:26  -  Run Remote Usage
		Usr 0 00:00:00, Sys 0 00:00:00  -  Run Local Usage
		Usr 0 00:21:56, Sys 0 00:00:26  -  Total Remote Usage
		Usr 0 00:00:00, Sys 0 00:00:00  -  Total Local Usage
	0  -  Run Bytes Sent By Job
	0  -  Run Bytes Received By Job
	0  -  Total Bytes Sent By Job
	0  -  Total Bytes Received By Job
	Partitionable Resources :      Usage  Request Allocated 
	   Cpus                 :       1.00        1         1 
	   Disk (KB)            : 2000000     2000000   6540465 
	   Memory (MB)          :    5806        1954      2007 
...
000 (010.055.000) 05/06 14:26:45 Job submitted from host: <127.0.0.1:9618?addrs=127.0.0.1-9618&noUDP&sock=227_4816_4>
...
001 (010.055.000) 05/06 16:23:17 Job executing on host: <127.0.0.1:9618?addrs=127.0.0.1-9618&noUDP&sock=227_4816_5>
...
006 (010.055.000) 05/06 16:23:23 Image size of job updated: 2000000
	37  -  MemoryUsage of job (MB)
	37488  -  ResidentSetSize of job (KB)
...
006 (010.055.000) 05/06 16:23:48 Image size of job updated: 2000000
	98  -  MemoryUsage of job (MB)
	99792  -  ResidentSetSize of job (KB)
...
006 (010.055.000) 05/06 16:23:53 Image size of job updated: 2000000
	105  -  MemoryUsage of job (MB)
	107052  -  ResidentSetSize of job (KB)
...
006 (010.055.000) 05/06 16:24:23 Image size of job updated: 2000000
	120  -  MemoryUsage of job (MB)
	122100  -  ResidentSetSize of job (KB)
...
006 (010.055.000) 05/06 16:24:28 Image size of job updated: 2000000
	189  -  MemoryUsage of job (MB)
	192720  -  ResidentSetSize of job (KB)
...
006 (010.055.000) 05/06 16:25:02 Image size of job updated: 2000000
	234  -  MemoryUsage of job (MB)
	239580  -  ResidentSetSize of job (KB)
...
006 (010.055.000) 05/06 16:25:20 Image size of job updated: 2000000
	242  -  MemoryUsage of job (MB)
	247236  -  ResidentSetSize of job (KB)
...
006 (010.055.000) 05/06 16:25:31 Image size of job updated: 2000000
	311  -  MemoryUsage of job (MB)
	317988  -  ResidentSetSize of job (KB)
...
006 (010.055.000) 05/06 16:25:38 Image size of job updated: 2000000
	334  -  MemoryUsage of job (MB)
	341220  -  ResidentSetSize of job (KB)
...
006 (010.055.000) 05/06 16:25:45 Image size of job updated: 2000000
	364  -  MemoryUsage of job (MB)
	372504  -  ResidentSetSize of job (KB)
...
006 (010.055.000) 05/06 16:25:50 Image size of job updated: 2000000
	426  -  MemoryUsage of job (MB)
	435732  -  ResidentSetSize of job (KB)
...
006 (010.055.000) 05/06 16:25:56 Image size of job updated: 2000000
	485  -  MemoryUsage of job (MB)
	495924  -  ResidentSetSize of job (KB)
...
006 (010.055.000) 05/06 16:26:02 Image size of job updated: 2000000
	1175  -  MemoryUsage of job (MB)
	1202256  -  ResidentSetSize of job (KB)
...
006 (010.055.000) 05/06 16:43:55 Image size of job updated: 2204980
	1515  -  MemoryUsage of job (MB)
	1551132  -  ResidentSetSize of job (KB)
...
006 (010.055.000) 05/06 16:44:01 Image size of job updated: 2270156
	1581  -  MemoryUsage of job (MB)
	1618452  -  ResidentSetSize of job (KB)
...
006 (010.055.000) 05/06 16:44:07 Image size of job updated: 2612204
	1853  -  MemoryUsage of job (MB)
	1897104  -  ResidentSetSize of job (KB)
...
006 (010.055.000) 05/06 16:44:13 Image size of job updated: 2640876
	1980  -  MemoryUsage of job (MB)
	2026992  -  ResidentSetSize of job (KB)
...
006 (010.055.000) 05/06 16:44:19 Image size of job updated: 2640876
	2087  -  MemoryUsage of job (MB)
	2137080  -  ResidentSetSize of job (KB)
...
006 (010.055.000) 05/06 16:44:27 Image size of job updated: 2640876
	2119  -  MemoryUsage of job (MB)
	2169288  -  ResidentSetSize of job (KB)
...
006 (010.055.000) 05/06 16:44:32 Image size of job updated: 2932716
	2207  -  MemoryUsage of job (MB)
	2259840  -  ResidentSetSize of job (KB)
...
006 (010.055.000) 05/06 16:44:37 Image size of job updated: 2996204
	2290  -  MemoryUsage of job (MB)
	2344584  -  ResidentSetSize of job (KB)
...
006 (010.055.000) 05/06 16:44:42 Image size of job updated: 2996204
	2371  -  MemoryUsage of job (MB)
	2427216  -  ResidentSetSize of job (KB)
...
006 (010.055.000) 05/06 16:44:47 Image size of job updated: 3182572
	2415  -  MemoryUsage of job (MB)
	2472888  -  ResidentSetSize of job (KB)
...
006 (010.055.000) 05/06 16:44:52 Image size of job updated: 3199980
	2505  -  MemoryUsage of job (MB)
	2564364  -  ResidentSetSize of job (KB)
...
006 (010.055.000) 05/06 16:44:57 Image size of job updated: 3300332
	2600  -  MemoryUsage of job (MB)
	2661912  -  ResidentSetSize of job (KB)
...
006 (010.055.000) 05/06 16:45:03 Image size of job updated: 3479532
	2709  -  MemoryUsage of job (MB)
	2773320  -  ResidentSetSize of job (KB)
...
006 (010.055.000) 05/06 16:45:13 Image size of job updated: 3479532
	2734  -  MemoryUsage of job (MB)
	2799456  -  ResidentSetSize of job (KB)
...
006 (010.055.000) 05/06 16:45:25 Image size of job updated: 3687404
	2922  -  MemoryUsage of job (MB)
	2991384  -  ResidentSetSize of job (KB)
...
006 (010.055.000) 05/06 16:45:35 Image size of job updated: 3817452
	3017  -  MemoryUsage of job (MB)
	3089064  -  ResidentSetSize of job (KB)
...
006 (010.055.000) 05/06 16:45:41 Image size of job updated: 3877868
	3126  -  MemoryUsage of job (MB)
	3200208  -  ResidentSetSize of job (KB)
...
006 (010.055.000) 05/06 16:45:47 Image size of job updated: 3877868
	3227  -  MemoryUsage of job (MB)
	3304092  -  ResidentSetSize of job (KB)
...
006 (010.055.000) 05/06 16:45:54 Image size of job updated: 4094956
	3272  -  MemoryUsage of job (MB)
	3349896  -  ResidentSetSize of job (KB)
...
006 (010.055.000) 05/06 16:45:59 Image size of job updated: 4147180
	3356  -  MemoryUsage of job (MB)
	3436224  -  ResidentSetSize of job (KB)
...
006 (010.055.000) 05/06 16:46:05 Image size of job updated: 4147180
	3461  -  MemoryUsage of job (MB)
	3543672  -  ResidentSetSize of job (KB)
...
006 (010.055.000) 05/06 16:46:11 Image size of job updated: 4147180
	3561  -  MemoryUsage of job (MB)
	3646368  -  ResidentSetSize of job (KB)
...
006 (010.055.000) 05/06 16:46:17 Image size of job updated: 4405228
	3570  -  MemoryUsage of job (MB)
	3655476  -  ResidentSetSize of job (KB)
...
006 (010.055.000) 05/06 16:46:23 Image size of job updated: 4410348
	3698  -  MemoryUsage of job (MB)
	3786288  -  ResidentSetSize of job (KB)
...
006 (010.055.000) 05/06 16:46:29 Image size of job updated: 4594668
	3802  -  MemoryUsage of job (MB)
	3892812  -  ResidentSetSize of job (KB)
...
006 (010.055.000) 05/06 16:46:35 Image size of job updated: 4594668
	3904  -  MemoryUsage of job (MB)
	3996696  -  ResidentSetSize of job (KB)
...
006 (010.055.000) 05/06 16:46:42 Image size of job updated: 4594668
	3946  -  MemoryUsage of job (MB)
	4039992  -  ResidentSetSize of job (KB)
...
006 (010.055.000) 05/06 16:46:49 Image size of job updated: 4818924
	3969  -  MemoryUsage of job (MB)
	4064148  -  ResidentSetSize of job (KB)
...
006 (010.055.000) 05/06 16:47:01 Image size of job updated: 4829164
	4061  -  MemoryUsage of job (MB)
	4158132  -  ResidentSetSize of job (KB)
...
006 (010.055.000) 05/06 16:47:09 Image size of job updated: 5067756
	4199  -  MemoryUsage of job (MB)
	4299768  -  ResidentSetSize of job (KB)
...
006 (010.055.000) 05/06 16:47:14 Image size of job updated: 5067756
	4285  -  MemoryUsage of job (MB)
	4386888  -  ResidentSetSize of job (KB)
...
006 (010.055.000) 05/06 16:47:20 Image size of job updated: 5067756
	4308  -  MemoryUsage of job (MB)
	4410912  -  ResidentSetSize of job (KB)
...
006 (010.055.000) 05/06 16:47:26 Image size of job updated: 5301228
	4418  -  MemoryUsage of job (MB)
	4523244  -  ResidentSetSize of job (KB)
...
006 (010.055.000) 05/06 16:47:32 Image size of job updated: 5301228
	4519  -  MemoryUsage of job (MB)
	4626468  -  ResidentSetSize of job (KB)
...
006 (010.055.000) 05/06 16:47:38 Image size of job updated: 5301228
	4622  -  MemoryUsage of job (MB)
	4732860  -  ResidentSetSize of job (KB)
...
006 (010.055.000) 05/06 16:47:45 Image size of job updated: 5533676
	4664  -  MemoryUsage of job (MB)
	4775892  -  ResidentSetSize of job (KB)
...
006 (010.055.000) 05/06 16:48:04 Image size of job updated: 5700588
	4821  -  MemoryUsage of job (MB)
	4936140  -  ResidentSetSize of job (KB)
...
006 (010.055.000) 05/06 16:48:18 Image size of job updated: 5700588
	4991  -  MemoryUsage of job (MB)
	5109852  -  ResidentSetSize of job (KB)
...
006 (010.055.000) 05/06 16:48:29 Image size of job updated: 5918700
	5134  -  MemoryUsage of job (MB)
	5256900  -  ResidentSetSize of job (KB)
...
006 (010.055.000) 05/06 16:48:37 Image size of job updated: 6189036
	5254  -  MemoryUsage of job (MB)
	5380056  -  ResidentSetSize of job (KB)
...
006 (010.055.000) 05/06 16:48:42 Image size of job updated: 6189036
	5268  -  MemoryUsage of job (MB)
	5393784  -  ResidentSetSize of job (KB)
...
006 (010.055.000) 05/06 16:48:47 Image size of job updated: 6189036
	5285  -  MemoryUsage of job (MB)
	5411076  -  ResidentSetSize of job (KB)
...
006 (010.055.000) 05/06 16:48:58 Image size of job updated: 6189036
	5296  -  MemoryUsage of job (MB)
	5422824  -  ResidentSetSize of job (KB)
...
006 (010.055.000) 05/06 16:49:25 Image size of job updated: 6553580
	5623  -  MemoryUsage of job (MB)
	5757180  -  ResidentSetSize of job (KB)
...
006 (010.055.000) 05/06 16:50:01 Image size of job updated: 7011308
	6074  -  MemoryUsage of job (MB)
	6218784  -  ResidentSetSize of job (KB)
...
006 (010.055.000) 05/06 16:50:26 Image size of job updated: 7268332
	6362  -  MemoryUsage of job (MB)
	6513804  -  ResidentSetSize of job (KB)
...
006 (010.055.000) 05/06 16:50:41 Image size of job updated: 7491564
	6628  -  MemoryUsage of job (MB)
	6786120  -  ResidentSetSize of job (KB)
...
006 (010.055.000) 05/06 16:50:50 Image size of job updated: 7746540
	6765  -  MemoryUsage of job (MB)
	6926568  -  ResidentSetSize of job (KB)
...
006 (010.055.000) 05/06 16:50:57 Image size of job updated: 7746540
	6792  -  MemoryUsage of job (MB)
	6954684  -  ResidentSetSize of job (KB)
...
006 (010.055.000) 05/06 16:51:03 Image size of job updated: 7746540
	6808  -  MemoryUsage of job (MB)
	6970656  -  ResidentSetSize of job (KB)
...
006 (010.055.000) 05/06 16:51:08 Image size of job updated: 7913452
	6871  -  MemoryUsage of job (MB)
	7035468  -  ResidentSetSize of job (KB)
...
006 (010.055.000) 05/06 16:51:13 Image size of job updated: 8006636
	6961  -  MemoryUsage of job (MB)
	7127340  -  ResidentSetSize of job (KB)
...
006 (010.055.000) 05/06 16:51:18 Image size of job updated: 8006636
	7051  -  MemoryUsage of job (MB)
	7219212  -  ResidentSetSize of job (KB)
...
006 (010.055.000) 05/06 16:51:25 Image size of job updated: 8182764
	7114  -  MemoryUsage of job (MB)
	7284156  -  ResidentSetSize of job (KB)
...
006 (010.055.000) 05/06 16:51:32 Image size of job updated: 8234988
	7115  -  MemoryUsage of job (MB)
	7284948  -  ResidentSetSize of job (KB)
...
006 (010.055.000) 05/06 16:51:38 Image size of job updated: 8344556
	7224  -  MemoryUsage of job (MB)
	7397016  -  ResidentSetSize of job (KB)
...
006 (010.055.000) 05/06 16:51:44 Image size of job updated: 8416236
	7333  -  MemoryUsage of job (MB)
	7508556  -  ResidentSetSize of job (KB)
...
006 (010.055.000) 05/06 16:52:03 Image size of job updated: 8416236
	7396  -  MemoryUsage of job (MB)
	7573500  -  ResidentSetSize of job (KB)
...
005 (010.055.000) 05/06 16:52:03 Job terminated.
	(0) Abnormal termination (signal 9)
	(0) No core file
		Usr 0 00:23:33, Sys 0 00:01:40  -  Run Remote Usage
		Usr 0 00:00:00, Sys 0 00:00:00  -  Run Local Usage
		Usr 0 00:23:33, Sys 0 00:01:40  -  Total Remote Usage
		Usr 0 00:00:00, Sys 0 00:00:00  -  Total Local Usage
	0  -  Run Bytes Sent By Job
	0  -  Run Bytes Received By Job
	0  -  Total Bytes Sent By Job
	0  -  Total Bytes Received By Job
	Partitionable Resources :      Usage  Request Allocated 
	   Cpus                 :       0.99        1         1 
	   Disk (KB)            : 2000000     2000000   6275465 
	   Memory (MB)          :    7396        1954      2007 
...
