000 (005.1560.000) 05/05 20:22:12 Job submitted from host: <127.0.0.1:9618?addrs=127.0.0.1-9618&noUDP&sock=227_4816_4>
...
001 (005.1560.000) 05/06 06:17:18 Job executing on host: <127.0.0.1:9618?addrs=127.0.0.1-9618&noUDP&sock=227_4816_5>
...
006 (005.1560.000) 05/06 06:17:23 Image size of job updated: 2000000
	101  -  MemoryUsage of job (MB)
	103092  -  ResidentSetSize of job (KB)
...
006 (005.1560.000) 05/06 06:17:53 Image size of job updated: 2000000
	156  -  MemoryUsage of job (MB)
	158796  -  ResidentSetSize of job (KB)
...
006 (005.1560.000) 05/06 06:17:58 Image size of job updated: 2000000
	184  -  MemoryUsage of job (MB)
	188100  -  ResidentSetSize of job (KB)
...
006 (005.1560.000) 05/06 06:18:03 Image size of job updated: 2000000
	185  -  MemoryUsage of job (MB)
	188496  -  ResidentSetSize of job (KB)
...
006 (005.1560.000) 05/06 06:18:08 Image size of job updated: 2000000
	191  -  MemoryUsage of job (MB)
	195228  -  ResidentSetSize of job (KB)
...
006 (005.1560.000) 05/06 06:18:13 Image size of job updated: 2000000
	201  -  MemoryUsage of job (MB)
	205128  -  ResidentSetSize of job (KB)
...
006 (005.1560.000) 05/06 06:18:18 Image size of job updated: 2000000
	211  -  MemoryUsage of job (MB)
	215160  -  ResidentSetSize of job (KB)
...
006 (005.1560.000) 05/06 06:18:23 Image size of job updated: 2000000
	218  -  MemoryUsage of job (MB)
	223080  -  ResidentSetSize of job (KB)
...
006 (005.1560.000) 05/06 06:18:28 Image size of job updated: 2000000
	229  -  MemoryUsage of job (MB)
	234168  -  ResidentSetSize of job (KB)
...
006 (005.1560.000) 05/06 06:18:33 Image size of job updated: 2000000
	238  -  MemoryUsage of job (MB)
	243144  -  ResidentSetSize of job (KB)
...
006 (005.1560.000) 05/06 06:18:38 Image size of job updated: 2000000
	255  -  MemoryUsage of job (MB)
	260700  -  ResidentSetSize of job (KB)
...
006 (005.1560.000) 05/06 06:18:43 Image size of job updated: 2000000
	296  -  MemoryUsage of job (MB)
	302940  -  ResidentSetSize of job (KB)
...
006 (005.1560.000) 05/06 06:18:48 Image size of job updated: 2000000
	327  -  MemoryUsage of job (MB)
	334620  -  ResidentSetSize of job (KB)
...
006 (005.1560.000) 05/06 06:18:53 Image size of job updated: 2000000
	329  -  MemoryUsage of job (MB)
	336336  -  ResidentSetSize of job (KB)
...
006 (005.1560.000) 05/06 06:18:58 Image size of job updated: 2000000
	399  -  MemoryUsage of job (MB)
	408012  -  ResidentSetSize of job (KB)
...
006 (005.1560.000) 05/06 06:19:03 Image size of job updated: 2000000
	450  -  MemoryUsage of job (MB)
	460416  -  ResidentSetSize of job (KB)
...
006 (005.1560.000) 05/06 06:19:08 Image size of job updated: 2000000
	1171  -  MemoryUsage of job (MB)
	1198560  -  ResidentSetSize of job (KB)
...
006 (005.1560.000) 05/06 06:34:51 Image size of job updated: 2000000
	1173  -  MemoryUsage of job (MB)
	1200408  -  ResidentSetSize of job (KB)
...
006 (005.1560.000) 05/06 06:34:57 Image size of job updated: 2000000
	1217  -  MemoryUsage of job (MB)
	1245684  -  ResidentSetSize of job (KB)
...
006 (005.1560.000) 05/06 06:35:03 Image size of job updated: 2000000
	1554  -  MemoryUsage of job (MB)
	1590468  -  ResidentSetSize of job (KB)
...
006 (005.1560.000) 05/06 06:35:09 Image size of job updated: 2325196
	1730  -  MemoryUsage of job (MB)
	1771308  -  ResidentSetSize of job (KB)
...
006 (005.1560.000) 05/06 06:35:15 Image size of job updated: 2561004
	1886  -  MemoryUsage of job (MB)
	1930896  -  ResidentSetSize of job (KB)
...
006 (005.1560.000) 05/06 06:35:21 Image size of job updated: 2613228
	1968  -  MemoryUsage of job (MB)
	2014320  -  ResidentSetSize of job (KB)
...
006 (005.1560.000) 05/06 06:35:27 Image size of job updated: 2665452
	2005  -  MemoryUsage of job (MB)
	2052996  -  ResidentSetSize of job (KB)
...
006 (005.1560.000) 05/06 06:35:33 Image size of job updated: 2665452
	2039  -  MemoryUsage of job (MB)
	2087844  -  ResidentSetSize of job (KB)
...
006 (005.1560.000) 05/06 06:35:39 Image size of job updated: 2738156
	2076  -  MemoryUsage of job (MB)
	2124936  -  ResidentSetSize of job (KB)
...
006 (005.1560.000) 05/06 06:35:45 Image size of job updated: 2790380
	2111  -  MemoryUsage of job (MB)
	2160840  -  ResidentSetSize of job (KB)
...
006 (005.1560.000) 05/06 06:35:51 Image size of job updated: 2790380
	2146  -  MemoryUsage of job (MB)
	2196876  -  ResidentSetSize of job (KB)
...
006 (005.1560.000) 05/06 06:35:57 Image size of job updated: 2828268
	2180  -  MemoryUsage of job (MB)
	2232252  -  ResidentSetSize of job (KB)
...
006 (005.1560.000) 05/06 06:36:03 Image size of job updated: 2828268
	2218  -  MemoryUsage of job (MB)
	2270664  -  ResidentSetSize of job (KB)
...
006 (005.1560.000) 05/06 06:36:09 Image size of job updated: 2920428
	2254  -  MemoryUsage of job (MB)
	2307624  -  ResidentSetSize of job (KB)
...
006 (005.1560.000) 05/06 06:36:15 Image size of job updated: 2938860
	2287  -  MemoryUsage of job (MB)
	2341284  -  ResidentSetSize of job (KB)
...
006 (005.1560.000) 05/06 06:36:21 Image size of job updated: 2977772
	2320  -  MemoryUsage of job (MB)
	2374680  -  ResidentSetSize of job (KB)
...
006 (005.1560.000) 05/06 06:36:27 Image size of job updated: 3005420
	2352  -  MemoryUsage of job (MB)
	2407680  -  ResidentSetSize of job (KB)
...
006 (005.1560.000) 05/06 06:36:33 Image size of job updated: 3005420
	2383  -  MemoryUsage of job (MB)
	2440020  -  ResidentSetSize of job (KB)
...
006 (005.1560.000) 05/06 06:36:39 Image size of job updated: 3084268
	2412  -  MemoryUsage of job (MB)
	2469456  -  ResidentSetSize of job (KB)
...
006 (005.1560.000) 05/06 06:36:45 Image size of job updated: 3124204
	2441  -  MemoryUsage of job (MB)
	2499156  -  ResidentSetSize of job (KB)
...
006 (005.1560.000) 05/06 06:36:51 Image size of job updated: 3124204
	2472  -  MemoryUsage of job (MB)
	2530836  -  ResidentSetSize of job (KB)
...
006 (005.1560.000) 05/06 06:36:57 Image size of job updated: 3166188
	2502  -  MemoryUsage of job (MB)
	2561592  -  ResidentSetSize of job (KB)
...
006 (005.1560.000) 05/06 06:37:03 Image size of job updated: 3215340
	2533  -  MemoryUsage of job (MB)
	2592876  -  ResidentSetSize of job (KB)
...
006 (005.1560.000) 05/06 06:37:09 Image size of job updated: 3254252
	2564  -  MemoryUsage of job (MB)
	2625348  -  ResidentSetSize of job (KB)
...
006 (005.1560.000) 05/06 06:37:15 Image size of job updated: 3276780
	2600  -  MemoryUsage of job (MB)
	2661780  -  ResidentSetSize of job (KB)
...
006 (005.1560.000) 05/06 06:37:21 Image size of job updated: 3310572
	2632  -  MemoryUsage of job (MB)
	2694648  -  ResidentSetSize of job (KB)
...
006 (005.1560.000) 05/06 06:37:27 Image size of job updated: 3355628
	2666  -  MemoryUsage of job (MB)
	2729892  -  ResidentSetSize of job (KB)
...
006 (005.1560.000) 05/06 06:37:33 Image size of job updated: 3355628
	2693  -  MemoryUsage of job (MB)
	2757348  -  ResidentSetSize of job (KB)
...
006 (005.1560.000) 05/06 06:37:38 Image size of job updated: 3396588
	2721  -  MemoryUsage of job (MB)
	2785860  -  ResidentSetSize of job (KB)
...
006 (005.1560.000) 05/06 06:37:43 Image size of job updated: 3413996
	2750  -  MemoryUsage of job (MB)
	2815032  -  ResidentSetSize of job (KB)
...
006 (005.1560.000) 05/06 06:37:48 Image size of job updated: 3464172
	2776  -  MemoryUsage of job (MB)
	2842224  -  ResidentSetSize of job (KB)
...
006 (005.1560.000) 05/06 06:37:53 Image size of job updated: 3464172
	2802  -  MemoryUsage of job (MB)
	2868492  -  ResidentSetSize of job (KB)
...
006 (005.1560.000) 05/06 06:37:58 Image size of job updated: 3513324
	2831  -  MemoryUsage of job (MB)
	2898060  -  ResidentSetSize of job (KB)
...
006 (005.1560.000) 05/06 06:38:03 Image size of job updated: 3513324
	2856  -  MemoryUsage of job (MB)
	2923800  -  ResidentSetSize of job (KB)
...
006 (005.1560.000) 05/06 06:38:08 Image size of job updated: 3513324
	2881  -  MemoryUsage of job (MB)
	2949804  -  ResidentSetSize of job (KB)
...
006 (005.1560.000) 05/06 06:38:13 Image size of job updated: 3583980
	2910  -  MemoryUsage of job (MB)
	2979240  -  ResidentSetSize of job (KB)
...
006 (005.1560.000) 05/06 06:38:18 Image size of job updated: 3583980
	2937  -  MemoryUsage of job (MB)
	3006696  -  ResidentSetSize of job (KB)
...
006 (005.1560.000) 05/06 06:38:23 Image size of job updated: 3647468
	2967  -  MemoryUsage of job (MB)
	3037716  -  ResidentSetSize of job (KB)
...
006 (005.1560.000) 05/06 06:38:28 Image size of job updated: 3696620
	3003  -  MemoryUsage of job (MB)
	3074940  -  ResidentSetSize of job (KB)
...
006 (005.1560.000) 05/06 06:38:33 Image size of job updated: 3696620
	3036  -  MemoryUsage of job (MB)
	3108600  -  ResidentSetSize of job (KB)
...
006 (005.1560.000) 05/06 06:38:38 Image size of job updated: 3696620
	3065  -  MemoryUsage of job (MB)
	3137904  -  ResidentSetSize of job (KB)
...
006 (005.1560.000) 05/06 06:38:43 Image size of job updated: 3789804
	3094  -  MemoryUsage of job (MB)
	3167472  -  ResidentSetSize of job (KB)
...
006 (005.1560.000) 05/06 06:38:48 Image size of job updated: 3789804
	3119  -  MemoryUsage of job (MB)
	3193476  -  ResidentSetSize of job (KB)
...
006 (005.1560.000) 05/06 06:38:53 Image size of job updated: 3846124
	3146  -  MemoryUsage of job (MB)
	3221328  -  ResidentSetSize of job (KB)
...
006 (005.1560.000) 05/06 06:38:58 Image size of job updated: 3859436
	3175  -  MemoryUsage of job (MB)
	3250896  -  ResidentSetSize of job (KB)
...
006 (005.1560.000) 05/06 06:39:03 Image size of job updated: 3884012
	3207  -  MemoryUsage of job (MB)
	3283896  -  ResidentSetSize of job (KB)
...
006 (005.1560.000) 05/06 06:39:08 Image size of job updated: 3924972
	3243  -  MemoryUsage of job (MB)
	3320592  -  ResidentSetSize of job (KB)
...
006 (005.1560.000) 05/06 06:39:13 Image size of job updated: 3960812
	3283  -  MemoryUsage of job (MB)
	3361512  -  ResidentSetSize of job (KB)
...
006 (005.1560.000) 05/06 06:39:18 Image size of job updated: 3960812
	3323  -  MemoryUsage of job (MB)
	3402696  -  ResidentSetSize of job (KB)
...
006 (005.1560.000) 05/06 06:39:23 Image size of job updated: 3960812
	3362  -  MemoryUsage of job (MB)
	3442164  -  ResidentSetSize of job (KB)
...
006 (005.1560.000) 05/06 06:39:28 Image size of job updated: 4097004
	3402  -  MemoryUsage of job (MB)
	3482952  -  ResidentSetSize of job (KB)
...
006 (005.1560.000) 05/06 06:39:33 Image size of job updated: 4129772
	3441  -  MemoryUsage of job (MB)
	3522816  -  ResidentSetSize of job (KB)
...
006 (005.1560.000) 05/06 06:39:38 Image size of job updated: 4167660
	3479  -  MemoryUsage of job (MB)
	3561624  -  ResidentSetSize of job (KB)
...
006 (005.1560.000) 05/06 06:39:43 Image size of job updated: 4223980
	3517  -  MemoryUsage of job (MB)
	3600960  -  ResidentSetSize of job (KB)
...
006 (005.1560.000) 05/06 06:39:48 Image size of job updated: 4223980
	3554  -  MemoryUsage of job (MB)
	3639240  -  ResidentSetSize of job (KB)
...
006 (005.1560.000) 05/06 06:39:53 Image size of job updated: 4223980
	3588  -  MemoryUsage of job (MB)
	3674088  -  ResidentSetSize of job (KB)
...
006 (005.1560.000) 05/06 06:39:58 Image size of job updated: 4335596
	3619  -  MemoryUsage of job (MB)
	3705636  -  ResidentSetSize of job (KB)
...
006 (005.1560.000) 05/06 06:40:03 Image size of job updated: 4335596
	3652  -  MemoryUsage of job (MB)
	3739164  -  ResidentSetSize of job (KB)
...
006 (005.1560.000) 05/06 06:40:08 Image size of job updated: 4396012
	3680  -  MemoryUsage of job (MB)
	3768072  -  ResidentSetSize of job (KB)
...
006 (005.1560.000) 05/06 06:40:13 Image size of job updated: 4426732
	3708  -  MemoryUsage of job (MB)
	3796056  -  ResidentSetSize of job (KB)
...
006 (005.1560.000) 05/06 06:40:18 Image size of job updated: 4456428
	3736  -  MemoryUsage of job (MB)
	3824700  -  ResidentSetSize of job (KB)
...
006 (005.1560.000) 05/06 06:40:23 Image size of job updated: 4456428
	3762  -  MemoryUsage of job (MB)
	3852156  -  ResidentSetSize of job (KB)
...
006 (005.1560.000) 05/06 06:40:28 Image size of job updated: 4512748
	3790  -  MemoryUsage of job (MB)
	3880800  -  ResidentSetSize of job (KB)
...
006 (005.1560.000) 05/06 06:40:33 Image size of job updated: 4512748
	3819  -  MemoryUsage of job (MB)
	3909840  -  ResidentSetSize of job (KB)
...
006 (005.1560.000) 05/06 06:40:38 Image size of job updated: 4512748
	3846  -  MemoryUsage of job (MB)
	3938220  -  ResidentSetSize of job (KB)
...
006 (005.1560.000) 05/06 06:40:43 Image size of job updated: 4512748
	3876  -  MemoryUsage of job (MB)
	3968712  -  ResidentSetSize of job (KB)
...
006 (005.1560.000) 05/06 06:40:49 Image size of job updated: 4604908
	3910  -  MemoryUsage of job (MB)
	4002900  -  ResidentSetSize of job (KB)
...
006 (005.1560.000) 05/06 06:40:55 Image size of job updated: 4653036
	3946  -  MemoryUsage of job (MB)
	4040256  -  ResidentSetSize of job (KB)
...
006 (005.1560.000) 05/06 06:41:01 Image size of job updated: 4702188
	3979  -  MemoryUsage of job (MB)
	4073784  -  ResidentSetSize of job (KB)
...
006 (005.1560.000) 05/06 06:41:07 Image size of job updated: 4728812
	4015  -  MemoryUsage of job (MB)
	4110876  -  ResidentSetSize of job (KB)
...
006 (005.1560.000) 05/06 06:41:13 Image size of job updated: 4728812
	4051  -  MemoryUsage of job (MB)
	4147308  -  ResidentSetSize of job (KB)
...
006 (005.1560.000) 05/06 06:41:19 Image size of job updated: 4796396
	4087  -  MemoryUsage of job (MB)
	4184136  -  ResidentSetSize of job (KB)
...
006 (005.1560.000) 05/06 06:41:25 Image size of job updated: 4796396
	4122  -  MemoryUsage of job (MB)
	4220304  -  ResidentSetSize of job (KB)
...
006 (005.1560.000) 05/06 06:41:31 Image size of job updated: 4884460
	4155  -  MemoryUsage of job (MB)
	4253964  -  ResidentSetSize of job (KB)
...
006 (005.1560.000) 05/06 06:41:37 Image size of job updated: 4884460
	4190  -  MemoryUsage of job (MB)
	4290000  -  ResidentSetSize of job (KB)
...
006 (005.1560.000) 05/06 06:41:43 Image size of job updated: 4884460
	4223  -  MemoryUsage of job (MB)
	4323660  -  ResidentSetSize of job (KB)
...
006 (005.1560.000) 05/06 06:41:49 Image size of job updated: 4972524
	4259  -  MemoryUsage of job (MB)
	4360356  -  ResidentSetSize of job (KB)
...
006 (005.1560.000) 05/06 06:41:55 Image size of job updated: 4972524
	4293  -  MemoryUsage of job (MB)
	4395732  -  ResidentSetSize of job (KB)
...
006 (005.1560.000) 05/06 06:42:01 Image size of job updated: 5059564
	4326  -  MemoryUsage of job (MB)
	4429788  -  ResidentSetSize of job (KB)
...
006 (005.1560.000) 05/06 06:42:07 Image size of job updated: 5080044
	4362  -  MemoryUsage of job (MB)
	4466352  -  ResidentSetSize of job (KB)
...
006 (005.1560.000) 05/06 06:42:13 Image size of job updated: 5122028
	4399  -  MemoryUsage of job (MB)
	4504500  -  ResidentSetSize of job (KB)
...
006 (005.1560.000) 05/06 06:42:19 Image size of job updated: 5170156
	4435  -  MemoryUsage of job (MB)
	4541196  -  ResidentSetSize of job (KB)
...
006 (005.1560.000) 05/06 06:42:25 Image size of job updated: 5204972
	4467  -  MemoryUsage of job (MB)
	4574064  -  ResidentSetSize of job (KB)
...
006 (005.1560.000) 05/06 06:42:31 Image size of job updated: 5230572
	4504  -  MemoryUsage of job (MB)
	4611156  -  ResidentSetSize of job (KB)
...
006 (005.1560.000) 05/06 06:42:37 Image size of job updated: 5244908
	4539  -  MemoryUsage of job (MB)
	4647060  -  ResidentSetSize of job (KB)
...
006 (005.1560.000) 05/06 06:42:43 Image size of job updated: 5244908
	4576  -  MemoryUsage of job (MB)
	4685208  -  ResidentSetSize of job (KB)
...
006 (005.1560.000) 05/06 06:42:49 Image size of job updated: 5338092
	4613  -  MemoryUsage of job (MB)
	4723620  -  ResidentSetSize of job (KB)
...
006 (005.1560.000) 05/06 06:42:55 Image size of job updated: 5362668
	4660  -  MemoryUsage of job (MB)
	4771536  -  ResidentSetSize of job (KB)
...
006 (005.1560.000) 05/06 06:43:01 Image size of job updated: 5405676
	4832  -  MemoryUsage of job (MB)
	4947756  -  ResidentSetSize of job (KB)
...
006 (005.1560.000) 05/06 06:43:07 Image size of job updated: 5597164
	4907  -  MemoryUsage of job (MB)
	5024052  -  ResidentSetSize of job (KB)
...
005 (005.1560.000) 05/06 06:43:10 Job terminated.
	(1) Normal termination (return value 0)
		Usr 0 00:25:19, Sys 0 00:00:04  -  Run Remote Usage
		Usr 0 00:00:00, Sys 0 00:00:00  -  Run Local Usage
		Usr 0 00:25:19, Sys 0 00:00:04  -  Total Remote Usage
		Usr 0 00:00:00, Sys 0 00:00:00  -  Total Local Usage
	0  -  Run Bytes Sent By Job
	0  -  Run Bytes Received By Job
	0  -  Total Bytes Sent By Job
	0  -  Total Bytes Received By Job
	Partitionable Resources :      Usage  Request Allocated 
	   Cpus                 :       1.00        1         1 
	   Disk (KB)            : 2000000     2000000   6275465 
	   Memory (MB)          :    4907        1954      2007 
...
