000 (205.3271.000) 05/06 03:18:57 Job submitted from host: <127.0.0.1:9618?addrs=127.0.0.1-9618&noUDP&sock=222_da1d_4>
...
033 (205.3271.000) 05/06 14:22:26 Changing job attribute JobPrio from 0 to -5
...
000 (007.3271.000) 05/07 18:59:56 Job submitted from host: <127.0.0.1:9618?addrs=127.0.0.1-9618&noUDP&sock=215_0cf3_4>
...
000 (016.3271.000) 05/08 15:57:05 Job submitted from host: <127.0.0.1:9618?addrs=127.0.0.1-9618&noUDP&sock=227_4816_4>
...
001 (016.3271.000) 05/09 16:00:12 Job executing on host: <127.0.0.1:9618?addrs=127.0.0.1-9618&noUDP&sock=227_4816_5>
...
006 (016.3271.000) 05/09 16:00:17 Image size of job updated: 2000000
	115  -  MemoryUsage of job (MB)
	117084  -  ResidentSetSize of job (KB)
...
006 (016.3271.000) 05/09 16:00:47 Image size of job updated: 2000000
	159  -  MemoryUsage of job (MB)
	162096  -  ResidentSetSize of job (KB)
...
006 (016.3271.000) 05/09 16:00:52 Image size of job updated: 2000000
	211  -  MemoryUsage of job (MB)
	215556  -  ResidentSetSize of job (KB)
...
006 (016.3271.000) 05/09 16:01:02 Image size of job updated: 2000000
	212  -  MemoryUsage of job (MB)
	216480  -  ResidentSetSize of job (KB)
...
006 (016.3271.000) 05/09 16:01:07 Image size of job updated: 2000000
	221  -  MemoryUsage of job (MB)
	226116  -  ResidentSetSize of job (KB)
...
006 (016.3271.000) 05/09 16:01:12 Image size of job updated: 2000000
	231  -  MemoryUsage of job (MB)
	235752  -  ResidentSetSize of job (KB)
...
006 (016.3271.000) 05/09 16:01:17 Image size of job updated: 2000000
	241  -  MemoryUsage of job (MB)
	245916  -  ResidentSetSize of job (KB)
...
006 (016.3271.000) 05/09 16:01:22 Image size of job updated: 2000000
	250  -  MemoryUsage of job (MB)
	255552  -  ResidentSetSize of job (KB)
...
006 (016.3271.000) 05/09 16:01:27 Image size of job updated: 2000000
	260  -  MemoryUsage of job (MB)
	265320  -  ResidentSetSize of job (KB)
...
006 (016.3271.000) 05/09 16:01:32 Image size of job updated: 2000000
	267  -  MemoryUsage of job (MB)
	272580  -  ResidentSetSize of job (KB)
...
006 (016.3271.000) 05/09 16:01:37 Image size of job updated: 2000000
	279  -  MemoryUsage of job (MB)
	285252  -  ResidentSetSize of job (KB)
...
006 (016.3271.000) 05/09 16:01:43 Image size of job updated: 2000000
	314  -  MemoryUsage of job (MB)
	320892  -  ResidentSetSize of job (KB)
...
006 (016.3271.000) 05/09 16:01:49 Image size of job updated: 2000000
	368  -  MemoryUsage of job (MB)
	376464  -  ResidentSetSize of job (KB)
...
006 (016.3271.000) 05/09 16:01:55 Image size of job updated: 2000000
	380  -  MemoryUsage of job (MB)
	388476  -  ResidentSetSize of job (KB)
...
006 (016.3271.000) 05/09 16:02:01 Image size of job updated: 2000000
	455  -  MemoryUsage of job (MB)
	465696  -  ResidentSetSize of job (KB)
...
006 (016.3271.000) 05/09 16:02:07 Image size of job updated: 2000000
	525  -  MemoryUsage of job (MB)
	537372  -  ResidentSetSize of job (KB)
...
006 (016.3271.000) 05/09 16:02:13 Image size of job updated: 2000000
	1243  -  MemoryUsage of job (MB)
	1272216  -  ResidentSetSize of job (KB)
...
006 (016.3271.000) 05/09 16:18:43 Image size of job updated: 2303316
	1505  -  MemoryUsage of job (MB)
	1540704  -  ResidentSetSize of job (KB)
...
006 (016.3271.000) 05/09 16:18:48 Image size of job updated: 2303316
	1710  -  MemoryUsage of job (MB)
	1750848  -  ResidentSetSize of job (KB)
...
006 (016.3271.000) 05/09 16:18:53 Image size of job updated: 2459884
	2002  -  MemoryUsage of job (MB)
	2049300  -  ResidentSetSize of job (KB)
...
006 (016.3271.000) 05/09 16:18:58 Image size of job updated: 2654956
	2002  -  MemoryUsage of job (MB)
	2049300  -  ResidentSetSize of job (KB)
...
006 (016.3271.000) 05/09 16:19:08 Image size of job updated: 2733804
	2060  -  MemoryUsage of job (MB)
	2109228  -  ResidentSetSize of job (KB)
...
006 (016.3271.000) 05/09 16:19:13 Image size of job updated: 2733804
	2156  -  MemoryUsage of job (MB)
	2207568  -  ResidentSetSize of job (KB)
...
006 (016.3271.000) 05/09 16:19:18 Image size of job updated: 2733804
	2217  -  MemoryUsage of job (MB)
	2270136  -  ResidentSetSize of job (KB)
...
006 (016.3271.000) 05/09 16:19:23 Image size of job updated: 2964204
	2264  -  MemoryUsage of job (MB)
	2318316  -  ResidentSetSize of job (KB)
...
006 (016.3271.000) 05/09 16:19:28 Image size of job updated: 2964204
	2304  -  MemoryUsage of job (MB)
	2358576  -  ResidentSetSize of job (KB)
...
006 (016.3271.000) 05/09 16:19:33 Image size of job updated: 2964204
	2342  -  MemoryUsage of job (MB)
	2397516  -  ResidentSetSize of job (KB)
...
006 (016.3271.000) 05/09 16:19:38 Image size of job updated: 3081964
	2379  -  MemoryUsage of job (MB)
	2435400  -  ResidentSetSize of job (KB)
...
006 (016.3271.000) 05/09 16:19:43 Image size of job updated: 3081964
	2416  -  MemoryUsage of job (MB)
	2473548  -  ResidentSetSize of job (KB)
...
006 (016.3271.000) 05/09 16:19:48 Image size of job updated: 3081964
	2453  -  MemoryUsage of job (MB)
	2511432  -  ResidentSetSize of job (KB)
...
006 (016.3271.000) 05/09 16:19:53 Image size of job updated: 3195628
	2490  -  MemoryUsage of job (MB)
	2549052  -  ResidentSetSize of job (KB)
...
006 (016.3271.000) 05/09 16:19:58 Image size of job updated: 3195628
	2527  -  MemoryUsage of job (MB)
	2586804  -  ResidentSetSize of job (KB)
...
006 (016.3271.000) 05/09 16:20:03 Image size of job updated: 3256044
	2571  -  MemoryUsage of job (MB)
	2632608  -  ResidentSetSize of job (KB)
...
006 (016.3271.000) 05/09 16:20:08 Image size of job updated: 3288812
	2608  -  MemoryUsage of job (MB)
	2670492  -  ResidentSetSize of job (KB)
...
006 (016.3271.000) 05/09 16:20:13 Image size of job updated: 3338988
	2646  -  MemoryUsage of job (MB)
	2708508  -  ResidentSetSize of job (KB)
...
006 (016.3271.000) 05/09 16:20:18 Image size of job updated: 3338988
	2682  -  MemoryUsage of job (MB)
	2746128  -  ResidentSetSize of job (KB)
...
006 (016.3271.000) 05/09 16:20:23 Image size of job updated: 3338988
	2719  -  MemoryUsage of job (MB)
	2783484  -  ResidentSetSize of job (KB)
...
006 (016.3271.000) 05/09 16:20:28 Image size of job updated: 3466988
	2756  -  MemoryUsage of job (MB)
	2821368  -  ResidentSetSize of job (KB)
...
006 (016.3271.000) 05/09 16:20:33 Image size of job updated: 3466988
	2792  -  MemoryUsage of job (MB)
	2858724  -  ResidentSetSize of job (KB)
...
006 (016.3271.000) 05/09 16:20:38 Image size of job updated: 3534572
	2827  -  MemoryUsage of job (MB)
	2894364  -  ResidentSetSize of job (KB)
...
006 (016.3271.000) 05/09 16:20:43 Image size of job updated: 3575532
	2863  -  MemoryUsage of job (MB)
	2931060  -  ResidentSetSize of job (KB)
...
006 (016.3271.000) 05/09 16:20:48 Image size of job updated: 3593964
	2898  -  MemoryUsage of job (MB)
	2967492  -  ResidentSetSize of job (KB)
...
006 (016.3271.000) 05/09 16:20:53 Image size of job updated: 3618540
	2934  -  MemoryUsage of job (MB)
	3004188  -  ResidentSetSize of job (KB)
...
006 (016.3271.000) 05/09 16:20:58 Image size of job updated: 3667692
	2970  -  MemoryUsage of job (MB)
	3041016  -  ResidentSetSize of job (KB)
...
006 (016.3271.000) 05/09 16:21:03 Image size of job updated: 3693292
	3007  -  MemoryUsage of job (MB)
	3078768  -  ResidentSetSize of job (KB)
...
006 (016.3271.000) 05/09 16:21:08 Image size of job updated: 3693292
	3045  -  MemoryUsage of job (MB)
	3117972  -  ResidentSetSize of job (KB)
...
006 (016.3271.000) 05/09 16:21:13 Image size of job updated: 3693292
	3083  -  MemoryUsage of job (MB)
	3156912  -  ResidentSetSize of job (KB)
...
006 (016.3271.000) 05/09 16:21:18 Image size of job updated: 3830508
	3125  -  MemoryUsage of job (MB)
	3199284  -  ResidentSetSize of job (KB)
...
006 (016.3271.000) 05/09 16:21:23 Image size of job updated: 3830508
	3160  -  MemoryUsage of job (MB)
	3235056  -  ResidentSetSize of job (KB)
...
006 (016.3271.000) 05/09 16:21:28 Image size of job updated: 3830508
	3197  -  MemoryUsage of job (MB)
	3273072  -  ResidentSetSize of job (KB)
...
006 (016.3271.000) 05/09 16:21:33 Image size of job updated: 3924716
	3234  -  MemoryUsage of job (MB)
	3310824  -  ResidentSetSize of job (KB)
...
006 (016.3271.000) 05/09 16:21:38 Image size of job updated: 3924716
	3271  -  MemoryUsage of job (MB)
	3348708  -  ResidentSetSize of job (KB)
...
006 (016.3271.000) 05/09 16:21:43 Image size of job updated: 4029164
	3307  -  MemoryUsage of job (MB)
	3386196  -  ResidentSetSize of job (KB)
...
006 (016.3271.000) 05/09 16:21:49 Image size of job updated: 4060908
	3351  -  MemoryUsage of job (MB)
	3431340  -  ResidentSetSize of job (KB)
...
006 (016.3271.000) 05/09 16:21:55 Image size of job updated: 4088556
	3396  -  MemoryUsage of job (MB)
	3477276  -  ResidentSetSize of job (KB)
...
006 (016.3271.000) 05/09 16:22:01 Image size of job updated: 4159212
	3443  -  MemoryUsage of job (MB)
	3525456  -  ResidentSetSize of job (KB)
...
006 (016.3271.000) 05/09 16:22:07 Image size of job updated: 4222700
	3487  -  MemoryUsage of job (MB)
	3570468  -  ResidentSetSize of job (KB)
...
006 (016.3271.000) 05/09 16:22:13 Image size of job updated: 4266732
	3531  -  MemoryUsage of job (MB)
	3615744  -  ResidentSetSize of job (KB)
...
006 (016.3271.000) 05/09 16:22:19 Image size of job updated: 4288236
	3577  -  MemoryUsage of job (MB)
	3662472  -  ResidentSetSize of job (KB)
...
006 (016.3271.000) 05/09 16:22:25 Image size of job updated: 4288236
	3621  -  MemoryUsage of job (MB)
	3707352  -  ResidentSetSize of job (KB)
...
006 (016.3271.000) 05/09 16:22:31 Image size of job updated: 4400876
	3665  -  MemoryUsage of job (MB)
	3752364  -  ResidentSetSize of job (KB)
...
006 (016.3271.000) 05/09 16:22:37 Image size of job updated: 4400876
	3709  -  MemoryUsage of job (MB)
	3797244  -  ResidentSetSize of job (KB)
...
006 (016.3271.000) 05/09 16:22:43 Image size of job updated: 4400876
	3753  -  MemoryUsage of job (MB)
	3843048  -  ResidentSetSize of job (KB)
...
006 (016.3271.000) 05/09 16:22:49 Image size of job updated: 4513516
	3796  -  MemoryUsage of job (MB)
	3886872  -  ResidentSetSize of job (KB)
...
006 (016.3271.000) 05/09 16:22:55 Image size of job updated: 4513516
	3841  -  MemoryUsage of job (MB)
	3932412  -  ResidentSetSize of job (KB)
...
006 (016.3271.000) 05/09 16:23:01 Image size of job updated: 4627180
	3886  -  MemoryUsage of job (MB)
	3978480  -  ResidentSetSize of job (KB)
...
006 (016.3271.000) 05/09 16:23:07 Image size of job updated: 4627180
	3931  -  MemoryUsage of job (MB)
	4024680  -  ResidentSetSize of job (KB)
...
006 (016.3271.000) 05/09 16:23:13 Image size of job updated: 4627180
	3976  -  MemoryUsage of job (MB)
	4070748  -  ResidentSetSize of job (KB)
...
006 (016.3271.000) 05/09 16:23:19 Image size of job updated: 4748012
	4022  -  MemoryUsage of job (MB)
	4117608  -  ResidentSetSize of job (KB)
...
006 (016.3271.000) 05/09 16:23:25 Image size of job updated: 4748012
	4068  -  MemoryUsage of job (MB)
	4164864  -  ResidentSetSize of job (KB)
...
006 (016.3271.000) 05/09 16:23:31 Image size of job updated: 4853484
	4113  -  MemoryUsage of job (MB)
	4211064  -  ResidentSetSize of job (KB)
...
006 (016.3271.000) 05/09 16:23:37 Image size of job updated: 4864748
	4159  -  MemoryUsage of job (MB)
	4258320  -  ResidentSetSize of job (KB)
...
006 (016.3271.000) 05/09 16:23:43 Image size of job updated: 4910828
	4206  -  MemoryUsage of job (MB)
	4305972  -  ResidentSetSize of job (KB)
...
006 (016.3271.000) 05/09 16:23:49 Image size of job updated: 4983532
	4251  -  MemoryUsage of job (MB)
	4352964  -  ResidentSetSize of job (KB)
...
006 (016.3271.000) 05/09 16:23:55 Image size of job updated: 4983532
	4296  -  MemoryUsage of job (MB)
	4398636  -  ResidentSetSize of job (KB)
...
006 (016.3271.000) 05/09 16:24:01 Image size of job updated: 4983532
	4341  -  MemoryUsage of job (MB)
	4444572  -  ResidentSetSize of job (KB)
...
006 (016.3271.000) 05/09 16:24:07 Image size of job updated: 5098220
	4386  -  MemoryUsage of job (MB)
	4490772  -  ResidentSetSize of job (KB)
...
006 (016.3271.000) 05/09 16:24:13 Image size of job updated: 5098220
	4435  -  MemoryUsage of job (MB)
	4541328  -  ResidentSetSize of job (KB)
...
006 (016.3271.000) 05/09 16:24:19 Image size of job updated: 5223148
	4491  -  MemoryUsage of job (MB)
	4598748  -  ResidentSetSize of job (KB)
...
006 (016.3271.000) 05/09 16:24:25 Image size of job updated: 5223148
	4552  -  MemoryUsage of job (MB)
	4661184  -  ResidentSetSize of job (KB)
...
006 (016.3271.000) 05/09 16:24:31 Image size of job updated: 5223148
	4597  -  MemoryUsage of job (MB)
	4706856  -  ResidentSetSize of job (KB)
...
006 (016.3271.000) 05/09 16:24:37 Image size of job updated: 5360364
	4642  -  MemoryUsage of job (MB)
	4752396  -  ResidentSetSize of job (KB)
...
006 (016.3271.000) 05/09 16:24:43 Image size of job updated: 5360364
	4684  -  MemoryUsage of job (MB)
	4795560  -  ResidentSetSize of job (KB)
...
006 (016.3271.000) 05/09 16:24:49 Image size of job updated: 5469932
	4721  -  MemoryUsage of job (MB)
	4833840  -  ResidentSetSize of job (KB)
...
006 (016.3271.000) 05/09 16:24:55 Image size of job updated: 5469932
	4748  -  MemoryUsage of job (MB)
	4861164  -  ResidentSetSize of job (KB)
...
006 (016.3271.000) 05/09 16:25:01 Image size of job updated: 5469932
	4768  -  MemoryUsage of job (MB)
	4881756  -  ResidentSetSize of job (KB)
...
006 (016.3271.000) 05/09 16:25:07 Image size of job updated: 5601004
	4810  -  MemoryUsage of job (MB)
	4924656  -  ResidentSetSize of job (KB)
...
006 (016.3271.000) 05/09 16:25:13 Image size of job updated: 5601004
	4853  -  MemoryUsage of job (MB)
	4968876  -  ResidentSetSize of job (KB)
...
006 (016.3271.000) 05/09 16:25:19 Image size of job updated: 5701356
	4896  -  MemoryUsage of job (MB)
	5012700  -  ResidentSetSize of job (KB)
...
006 (016.3271.000) 05/09 16:25:25 Image size of job updated: 5701356
	4925  -  MemoryUsage of job (MB)
	5042928  -  ResidentSetSize of job (KB)
...
006 (016.3271.000) 05/09 16:25:31 Image size of job updated: 5701356
	4939  -  MemoryUsage of job (MB)
	5057448  -  ResidentSetSize of job (KB)
...
006 (016.3271.000) 05/09 16:25:44 Image size of job updated: 5818092
	4948  -  MemoryUsage of job (MB)
	5066688  -  ResidentSetSize of job (KB)
...
006 (016.3271.000) 05/09 16:25:48 Image size of job updated: 5842668
	4980  -  MemoryUsage of job (MB)
	5098764  -  ResidentSetSize of job (KB)
...
006 (016.3271.000) 05/09 16:25:53 Image size of job updated: 5873388
	5134  -  MemoryUsage of job (MB)
	5256636  -  ResidentSetSize of job (KB)
...
006 (016.3271.000) 05/09 16:25:58 Image size of job updated: 6122220
	5242  -  MemoryUsage of job (MB)
	5366856  -  ResidentSetSize of job (KB)
...
005 (016.3271.000) 05/09 16:26:03 Job terminated.
	(1) Normal termination (return value 0)
		Usr 0 00:24:58, Sys 0 00:00:09  -  Run Remote Usage
		Usr 0 00:00:00, Sys 0 00:00:00  -  Run Local Usage
		Usr 0 00:24:58, Sys 0 00:00:09  -  Total Remote Usage
		Usr 0 00:00:00, Sys 0 00:00:00  -  Total Local Usage
	0  -  Run Bytes Sent By Job
	0  -  Run Bytes Received By Job
	0  -  Total Bytes Sent By Job
	0  -  Total Bytes Received By Job
	Partitionable Resources :      Usage  Request Allocated 
	   Cpus                 :       0.96        1         1 
	   Disk (KB)            : 2000000     2000000   6275465 
	   Memory (MB)          :    5242        1954      2007 
...
