000 (005.8418.000) 05/05 20:25:23 Job submitted from host: <127.0.0.1:9618?addrs=127.0.0.1-9618&noUDP&sock=227_4816_4>
...
033 (005.8418.000) 05/06 14:17:50 Changing job attribute JobPrio from 0 to -10
...
009 (005.8418.000) 05/07 21:45:08 Job was aborted by the user.
	via condor_rm (by user aw868)
...
000 (011.1367.000) 05/08 17:21:25 Job submitted from host: <127.0.0.1:9618?addrs=127.0.0.1-9618&noUDP&sock=212_fe2a_4>
...
033 (011.1367.000) 05/08 20:41:40 Changing job attribute JobPrio from 0 to -5
...
001 (011.1367.000) 05/09 03:14:54 Job executing on host: <127.0.0.1:9618?addrs=127.0.0.1-9618&noUDP&sock=212_fe2a_5>
...
006 (011.1367.000) 05/09 03:14:59 Image size of job updated: 2000000
	37  -  MemoryUsage of job (MB)
	37356  -  ResidentSetSize of job (KB)
...
006 (011.1367.000) 05/09 03:15:04 Image size of job updated: 2000000
	100  -  MemoryUsage of job (MB)
	101640  -  ResidentSetSize of job (KB)
...
006 (011.1367.000) 05/09 03:15:10 Image size of job updated: 2000000
	101  -  MemoryUsage of job (MB)
	102960  -  ResidentSetSize of job (KB)
...
006 (011.1367.000) 05/09 03:20:09 Image size of job updated: 2000000
	135  -  MemoryUsage of job (MB)
	137676  -  ResidentSetSize of job (KB)
...
006 (011.1367.000) 05/09 03:20:14 Image size of job updated: 2000000
	184  -  MemoryUsage of job (MB)
	188100  -  ResidentSetSize of job (KB)
...
006 (011.1367.000) 05/09 03:20:19 Image size of job updated: 2000000
	184  -  MemoryUsage of job (MB)
	188364  -  ResidentSetSize of job (KB)
...
006 (011.1367.000) 05/09 03:20:24 Image size of job updated: 2000000
	188  -  MemoryUsage of job (MB)
	191928  -  ResidentSetSize of job (KB)
...
006 (011.1367.000) 05/09 03:20:29 Image size of job updated: 2000000
	198  -  MemoryUsage of job (MB)
	202224  -  ResidentSetSize of job (KB)
...
006 (011.1367.000) 05/09 03:20:34 Image size of job updated: 2000000
	210  -  MemoryUsage of job (MB)
	214104  -  ResidentSetSize of job (KB)
...
006 (011.1367.000) 05/09 03:20:39 Image size of job updated: 2000000
	219  -  MemoryUsage of job (MB)
	223476  -  ResidentSetSize of job (KB)
...
006 (011.1367.000) 05/09 03:20:44 Image size of job updated: 2000000
	230  -  MemoryUsage of job (MB)
	234828  -  ResidentSetSize of job (KB)
...
006 (011.1367.000) 05/09 03:20:49 Image size of job updated: 2000000
	239  -  MemoryUsage of job (MB)
	244068  -  ResidentSetSize of job (KB)
...
006 (011.1367.000) 05/09 03:20:54 Image size of job updated: 2000000
	241  -  MemoryUsage of job (MB)
	246312  -  ResidentSetSize of job (KB)
...
006 (011.1367.000) 05/09 03:20:59 Image size of job updated: 2000000
	253  -  MemoryUsage of job (MB)
	258720  -  ResidentSetSize of job (KB)
...
006 (011.1367.000) 05/09 03:21:04 Image size of job updated: 2000000
	295  -  MemoryUsage of job (MB)
	301224  -  ResidentSetSize of job (KB)
...
006 (011.1367.000) 05/09 03:21:09 Image size of job updated: 2000000
	325  -  MemoryUsage of job (MB)
	332772  -  ResidentSetSize of job (KB)
...
006 (011.1367.000) 05/09 03:21:14 Image size of job updated: 2000000
	329  -  MemoryUsage of job (MB)
	336204  -  ResidentSetSize of job (KB)
...
006 (011.1367.000) 05/09 03:21:24 Image size of job updated: 2000000
	406  -  MemoryUsage of job (MB)
	414876  -  ResidentSetSize of job (KB)
...
006 (011.1367.000) 05/09 03:21:29 Image size of job updated: 2000000
	474  -  MemoryUsage of job (MB)
	484968  -  ResidentSetSize of job (KB)
...
006 (011.1367.000) 05/09 03:21:34 Image size of job updated: 2000000
	1171  -  MemoryUsage of job (MB)
	1198296  -  ResidentSetSize of job (KB)
...
006 (011.1367.000) 05/09 03:32:35 Image size of job updated: 2000000
	1173  -  MemoryUsage of job (MB)
	1200276  -  ResidentSetSize of job (KB)
...
006 (011.1367.000) 05/09 03:32:40 Image size of job updated: 2000000
	1251  -  MemoryUsage of job (MB)
	1280136  -  ResidentSetSize of job (KB)
...
006 (011.1367.000) 05/09 03:32:45 Image size of job updated: 2000000
	1675  -  MemoryUsage of job (MB)
	1714416  -  ResidentSetSize of job (KB)
...
006 (011.1367.000) 05/09 03:32:50 Image size of job updated: 2345704
	1885  -  MemoryUsage of job (MB)
	1929708  -  ResidentSetSize of job (KB)
...
006 (011.1367.000) 05/09 03:32:55 Image size of job updated: 2345704
	1886  -  MemoryUsage of job (MB)
	1930500  -  ResidentSetSize of job (KB)
...
006 (011.1367.000) 05/09 03:33:00 Image size of job updated: 2345704
	1900  -  MemoryUsage of job (MB)
	1944756  -  ResidentSetSize of job (KB)
...
006 (011.1367.000) 05/09 03:33:05 Image size of job updated: 2580456
	1910  -  MemoryUsage of job (MB)
	1955448  -  ResidentSetSize of job (KB)
...
006 (011.1367.000) 05/09 03:33:10 Image size of job updated: 2580456
	1919  -  MemoryUsage of job (MB)
	1964160  -  ResidentSetSize of job (KB)
...
006 (011.1367.000) 05/09 03:33:15 Image size of job updated: 2580456
	1927  -  MemoryUsage of job (MB)
	1972872  -  ResidentSetSize of job (KB)
...
006 (011.1367.000) 05/09 03:33:20 Image size of job updated: 2605032
	1932  -  MemoryUsage of job (MB)
	1978284  -  ResidentSetSize of job (KB)
...
006 (011.1367.000) 05/09 03:33:25 Image size of job updated: 2605032
	1935  -  MemoryUsage of job (MB)
	1981188  -  ResidentSetSize of job (KB)
...
006 (011.1367.000) 05/09 03:33:30 Image size of job updated: 2605032
	1939  -  MemoryUsage of job (MB)
	1984752  -  ResidentSetSize of job (KB)
...
006 (011.1367.000) 05/09 03:33:36 Image size of job updated: 2618344
	1944  -  MemoryUsage of job (MB)
	1990032  -  ResidentSetSize of job (KB)
...
006 (011.1367.000) 05/09 03:33:42 Image size of job updated: 2630632
	1954  -  MemoryUsage of job (MB)
	2000460  -  ResidentSetSize of job (KB)
...
006 (011.1367.000) 05/09 03:33:48 Image size of job updated: 2634728
	1960  -  MemoryUsage of job (MB)
	2006136  -  ResidentSetSize of job (KB)
...
006 (011.1367.000) 05/09 03:33:54 Image size of job updated: 2636776
	1966  -  MemoryUsage of job (MB)
	2013000  -  ResidentSetSize of job (KB)
...
006 (011.1367.000) 05/09 03:34:00 Image size of job updated: 2652136
	1975  -  MemoryUsage of job (MB)
	2022372  -  ResidentSetSize of job (KB)
...
006 (011.1367.000) 05/09 03:34:06 Image size of job updated: 2659304
	1984  -  MemoryUsage of job (MB)
	2030952  -  ResidentSetSize of job (KB)
...
006 (011.1367.000) 05/09 03:34:12 Image size of job updated: 2659304
	1991  -  MemoryUsage of job (MB)
	2038212  -  ResidentSetSize of job (KB)
...
006 (011.1367.000) 05/09 03:34:18 Image size of job updated: 2659304
	1994  -  MemoryUsage of job (MB)
	2040852  -  ResidentSetSize of job (KB)
...
006 (011.1367.000) 05/09 03:34:24 Image size of job updated: 2672616
	2001  -  MemoryUsage of job (MB)
	2048772  -  ResidentSetSize of job (KB)
...
006 (011.1367.000) 05/09 03:34:30 Image size of job updated: 2672616
	2005  -  MemoryUsage of job (MB)
	2052468  -  ResidentSetSize of job (KB)
...
006 (011.1367.000) 05/09 03:34:36 Image size of job updated: 2686952
	2012  -  MemoryUsage of job (MB)
	2059596  -  ResidentSetSize of job (KB)
...
006 (011.1367.000) 05/09 03:34:42 Image size of job updated: 2686952
	2019  -  MemoryUsage of job (MB)
	2067384  -  ResidentSetSize of job (KB)
...
006 (011.1367.000) 05/09 03:34:48 Image size of job updated: 2686952
	2024  -  MemoryUsage of job (MB)
	2072532  -  ResidentSetSize of job (KB)
...
006 (011.1367.000) 05/09 03:34:54 Image size of job updated: 2703336
	2031  -  MemoryUsage of job (MB)
	2079396  -  ResidentSetSize of job (KB)
...
006 (011.1367.000) 05/09 03:35:00 Image size of job updated: 2716648
	2039  -  MemoryUsage of job (MB)
	2087316  -  ResidentSetSize of job (KB)
...
006 (011.1367.000) 05/09 03:35:06 Image size of job updated: 2720744
	2048  -  MemoryUsage of job (MB)
	2096556  -  ResidentSetSize of job (KB)
...
006 (011.1367.000) 05/09 03:35:12 Image size of job updated: 2720744
	2055  -  MemoryUsage of job (MB)
	2104080  -  ResidentSetSize of job (KB)
...
006 (011.1367.000) 05/09 03:35:18 Image size of job updated: 2720744
	2063  -  MemoryUsage of job (MB)
	2111736  -  ResidentSetSize of job (KB)
...
006 (011.1367.000) 05/09 03:35:24 Image size of job updated: 2742248
	2070  -  MemoryUsage of job (MB)
	2118996  -  ResidentSetSize of job (KB)
...
006 (011.1367.000) 05/09 03:35:30 Image size of job updated: 2742248
	2074  -  MemoryUsage of job (MB)
	2123484  -  ResidentSetSize of job (KB)
...
006 (011.1367.000) 05/09 03:35:35 Image size of job updated: 2758632
	2080  -  MemoryUsage of job (MB)
	2129820  -  ResidentSetSize of job (KB)
...
006 (011.1367.000) 05/09 03:35:40 Image size of job updated: 2762728
	2085  -  MemoryUsage of job (MB)
	2134440  -  ResidentSetSize of job (KB)
...
006 (011.1367.000) 05/09 03:35:45 Image size of job updated: 2765800
	2089  -  MemoryUsage of job (MB)
	2138928  -  ResidentSetSize of job (KB)
...
006 (011.1367.000) 05/09 03:35:50 Image size of job updated: 2772968
	2094  -  MemoryUsage of job (MB)
	2143284  -  ResidentSetSize of job (KB)
...
006 (011.1367.000) 05/09 03:35:55 Image size of job updated: 2772968
	2101  -  MemoryUsage of job (MB)
	2150676  -  ResidentSetSize of job (KB)
...
006 (011.1367.000) 05/09 03:36:00 Image size of job updated: 2772968
	2107  -  MemoryUsage of job (MB)
	2157012  -  ResidentSetSize of job (KB)
...
006 (011.1367.000) 05/09 03:36:05 Image size of job updated: 2791400
	2112  -  MemoryUsage of job (MB)
	2162556  -  ResidentSetSize of job (KB)
...
006 (011.1367.000) 05/09 03:36:10 Image size of job updated: 2791400
	2116  -  MemoryUsage of job (MB)
	2166516  -  ResidentSetSize of job (KB)
...
006 (011.1367.000) 05/09 03:36:15 Image size of job updated: 2791400
	2123  -  MemoryUsage of job (MB)
	2173776  -  ResidentSetSize of job (KB)
...
006 (011.1367.000) 05/09 03:36:20 Image size of job updated: 2807784
	2130  -  MemoryUsage of job (MB)
	2180112  -  ResidentSetSize of job (KB)
...
006 (011.1367.000) 05/09 03:36:25 Image size of job updated: 2812904
	2133  -  MemoryUsage of job (MB)
	2183280  -  ResidentSetSize of job (KB)
...
006 (011.1367.000) 05/09 03:36:34 Image size of job updated: 2826216
	2145  -  MemoryUsage of job (MB)
	2196084  -  ResidentSetSize of job (KB)
...
006 (011.1367.000) 05/09 03:36:40 Image size of job updated: 2826216
	2154  -  MemoryUsage of job (MB)
	2205060  -  ResidentSetSize of job (KB)
...
006 (011.1367.000) 05/09 03:36:46 Image size of job updated: 2826216
	2162  -  MemoryUsage of job (MB)
	2213376  -  ResidentSetSize of job (KB)
...
006 (011.1367.000) 05/09 03:36:52 Image size of job updated: 2846696
	2168  -  MemoryUsage of job (MB)
	2219184  -  ResidentSetSize of job (KB)
...
006 (011.1367.000) 05/09 03:36:58 Image size of job updated: 2846696
	2175  -  MemoryUsage of job (MB)
	2226576  -  ResidentSetSize of job (KB)
...
006 (011.1367.000) 05/09 03:37:04 Image size of job updated: 3070952
	2385  -  MemoryUsage of job (MB)
	2441868  -  ResidentSetSize of job (KB)
...
005 (011.1367.000) 05/09 03:37:17 Job terminated.
	(1) Normal termination (return value 0)
		Usr 0 00:16:51, Sys 0 00:00:02  -  Run Remote Usage
		Usr 0 00:00:00, Sys 0 00:00:00  -  Run Local Usage
		Usr 0 00:16:51, Sys 0 00:00:02  -  Total Remote Usage
		Usr 0 00:00:00, Sys 0 00:00:00  -  Total Local Usage
	0  -  Run Bytes Sent By Job
	0  -  Run Bytes Received By Job
	0  -  Total Bytes Sent By Job
	0  -  Total Bytes Received By Job
	Partitionable Resources :      Usage  Request Allocated 
	   Cpus                 :       0.94        1         1 
	   Disk (KB)            : 2000000     2000000   6232219 
	   Memory (MB)          :    2385        1954      2007 
...
