000 (016.221.000) 05/10 03:37:19 Job submitted from host: <127.0.0.1:9618?addrs=127.0.0.1-9618&noUDP&sock=212_fe2a_4>
...
001 (016.221.000) 05/10 04:53:26 Job executing on host: <127.0.0.1:9618?addrs=127.0.0.1-9618&noUDP&sock=212_fe2a_5>
...
006 (016.221.000) 05/10 04:53:32 Image size of job updated: 2000000
	101  -  MemoryUsage of job (MB)
	102960  -  ResidentSetSize of job (KB)
...
006 (016.221.000) 05/10 04:53:56 Image size of job updated: 2000000
	113  -  MemoryUsage of job (MB)
	114708  -  ResidentSetSize of job (KB)
...
006 (016.221.000) 05/10 04:54:03 Image size of job updated: 2000000
	184  -  MemoryUsage of job (MB)
	187968  -  ResidentSetSize of job (KB)
...
006 (016.221.000) 05/10 04:54:08 Image size of job updated: 2000000
	184  -  MemoryUsage of job (MB)
	188232  -  ResidentSetSize of job (KB)
...
006 (016.221.000) 05/10 04:54:13 Image size of job updated: 2000000
	186  -  MemoryUsage of job (MB)
	190344  -  ResidentSetSize of job (KB)
...
006 (016.221.000) 05/10 04:54:18 Image size of job updated: 2000000
	196  -  MemoryUsage of job (MB)
	200508  -  ResidentSetSize of job (KB)
...
006 (016.221.000) 05/10 04:54:23 Image size of job updated: 2000000
	206  -  MemoryUsage of job (MB)
	210540  -  ResidentSetSize of job (KB)
...
006 (016.221.000) 05/10 04:54:28 Image size of job updated: 2000000
	214  -  MemoryUsage of job (MB)
	218592  -  ResidentSetSize of job (KB)
...
006 (016.221.000) 05/10 04:54:33 Image size of job updated: 2000000
	224  -  MemoryUsage of job (MB)
	228492  -  ResidentSetSize of job (KB)
...
006 (016.221.000) 05/10 04:54:38 Image size of job updated: 2000000
	233  -  MemoryUsage of job (MB)
	237996  -  ResidentSetSize of job (KB)
...
006 (016.221.000) 05/10 04:54:43 Image size of job updated: 2000000
	239  -  MemoryUsage of job (MB)
	244728  -  ResidentSetSize of job (KB)
...
006 (016.221.000) 05/10 04:54:48 Image size of job updated: 2000000
	261  -  MemoryUsage of job (MB)
	266904  -  ResidentSetSize of job (KB)
...
006 (016.221.000) 05/10 04:54:53 Image size of job updated: 2000000
	298  -  MemoryUsage of job (MB)
	304656  -  ResidentSetSize of job (KB)
...
006 (016.221.000) 05/10 04:54:58 Image size of job updated: 2000000
	329  -  MemoryUsage of job (MB)
	335940  -  ResidentSetSize of job (KB)
...
006 (016.221.000) 05/10 04:55:03 Image size of job updated: 2000000
	362  -  MemoryUsage of job (MB)
	369864  -  ResidentSetSize of job (KB)
...
006 (016.221.000) 05/10 04:55:08 Image size of job updated: 2000000
	420  -  MemoryUsage of job (MB)
	429660  -  ResidentSetSize of job (KB)
...
006 (016.221.000) 05/10 04:55:13 Image size of job updated: 2000000
	467  -  MemoryUsage of job (MB)
	477840  -  ResidentSetSize of job (KB)
...
006 (016.221.000) 05/10 04:55:18 Image size of job updated: 2000000
	1169  -  MemoryUsage of job (MB)
	1196052  -  ResidentSetSize of job (KB)
...
006 (016.221.000) 05/10 05:09:57 Image size of job updated: 2000000
	1169  -  MemoryUsage of job (MB)
	1196316  -  ResidentSetSize of job (KB)
...
006 (016.221.000) 05/10 05:10:02 Image size of job updated: 2000000
	1170  -  MemoryUsage of job (MB)
	1198032  -  ResidentSetSize of job (KB)
...
006 (016.221.000) 05/10 05:10:07 Image size of job updated: 2000000
	1248  -  MemoryUsage of job (MB)
	1277496  -  ResidentSetSize of job (KB)
...
006 (016.221.000) 05/10 05:10:12 Image size of job updated: 2229748
	1620  -  MemoryUsage of job (MB)
	1657920  -  ResidentSetSize of job (KB)
...
006 (016.221.000) 05/10 05:10:17 Image size of job updated: 2229748
	1687  -  MemoryUsage of job (MB)
	1727484  -  ResidentSetSize of job (KB)
...
006 (016.221.000) 05/10 05:10:22 Image size of job updated: 2604260
	1885  -  MemoryUsage of job (MB)
	1929312  -  ResidentSetSize of job (KB)
...
006 (016.221.000) 05/10 05:12:02 Image size of job updated: 2604260
	1967  -  MemoryUsage of job (MB)
	2013396  -  ResidentSetSize of job (KB)
...
006 (016.221.000) 05/10 05:12:07 Image size of job updated: 2735588
	2056  -  MemoryUsage of job (MB)
	2104608  -  ResidentSetSize of job (KB)
...
005 (016.221.000) 05/10 05:12:10 Job terminated.
	(1) Normal termination (return value 0)
		Usr 0 00:18:15, Sys 0 00:00:02  -  Run Remote Usage
		Usr 0 00:00:00, Sys 0 00:00:00  -  Run Local Usage
		Usr 0 00:18:15, Sys 0 00:00:02  -  Total Remote Usage
		Usr 0 00:00:00, Sys 0 00:00:00  -  Total Local Usage
	0  -  Run Bytes Sent By Job
	0  -  Run Bytes Received By Job
	0  -  Total Bytes Sent By Job
	0  -  Total Bytes Received By Job
	Partitionable Resources :      Usage  Request Allocated 
	   Cpus                 :       1.00        1         1 
	   Disk (KB)            : 2000000     2000000   6232219 
	   Memory (MB)          :    2056        1954      2007 
...
