000 (205.3280.000) 05/06 03:18:58 Job submitted from host: <127.0.0.1:9618?addrs=127.0.0.1-9618&noUDP&sock=222_da1d_4>
...
033 (205.3280.000) 05/06 14:22:26 Changing job attribute JobPrio from 0 to -5
...
000 (007.3280.000) 05/07 18:59:56 Job submitted from host: <127.0.0.1:9618?addrs=127.0.0.1-9618&noUDP&sock=215_0cf3_4>
...
000 (016.3280.000) 05/08 15:57:05 Job submitted from host: <127.0.0.1:9618?addrs=127.0.0.1-9618&noUDP&sock=227_4816_4>
...
001 (016.3280.000) 05/09 16:05:12 Job executing on host: <127.0.0.1:9618?addrs=127.0.0.1-9618&noUDP&sock=227_4816_5>
...
006 (016.3280.000) 05/09 16:05:18 Image size of job updated: 2000000
	115  -  MemoryUsage of job (MB)
	117084  -  ResidentSetSize of job (KB)
...
006 (016.3280.000) 05/09 16:05:48 Image size of job updated: 2000000
	176  -  MemoryUsage of job (MB)
	180048  -  ResidentSetSize of job (KB)
...
006 (016.3280.000) 05/09 16:05:54 Image size of job updated: 2000000
	211  -  MemoryUsage of job (MB)
	215424  -  ResidentSetSize of job (KB)
...
006 (016.3280.000) 05/09 16:06:00 Image size of job updated: 2000000
	211  -  MemoryUsage of job (MB)
	215952  -  ResidentSetSize of job (KB)
...
006 (016.3280.000) 05/09 16:06:06 Image size of job updated: 2000000
	222  -  MemoryUsage of job (MB)
	226644  -  ResidentSetSize of job (KB)
...
006 (016.3280.000) 05/09 16:06:12 Image size of job updated: 2000000
	234  -  MemoryUsage of job (MB)
	238920  -  ResidentSetSize of job (KB)
...
006 (016.3280.000) 05/09 16:06:18 Image size of job updated: 2000000
	245  -  MemoryUsage of job (MB)
	250668  -  ResidentSetSize of job (KB)
...
006 (016.3280.000) 05/09 16:06:24 Image size of job updated: 2000000
	255  -  MemoryUsage of job (MB)
	260172  -  ResidentSetSize of job (KB)
...
006 (016.3280.000) 05/09 16:06:30 Image size of job updated: 2000000
	265  -  MemoryUsage of job (MB)
	270864  -  ResidentSetSize of job (KB)
...
006 (016.3280.000) 05/09 16:06:36 Image size of job updated: 2000000
	272  -  MemoryUsage of job (MB)
	278388  -  ResidentSetSize of job (KB)
...
006 (016.3280.000) 05/09 16:06:42 Image size of job updated: 2000000
	298  -  MemoryUsage of job (MB)
	304920  -  ResidentSetSize of job (KB)
...
006 (016.3280.000) 05/09 16:06:48 Image size of job updated: 2000000
	357  -  MemoryUsage of job (MB)
	364716  -  ResidentSetSize of job (KB)
...
006 (016.3280.000) 05/09 16:06:54 Image size of job updated: 2000000
	380  -  MemoryUsage of job (MB)
	388212  -  ResidentSetSize of job (KB)
...
006 (016.3280.000) 05/09 16:07:00 Image size of job updated: 2000000
	419  -  MemoryUsage of job (MB)
	429000  -  ResidentSetSize of job (KB)
...
006 (016.3280.000) 05/09 16:07:06 Image size of job updated: 2000000
	513  -  MemoryUsage of job (MB)
	525228  -  ResidentSetSize of job (KB)
...
006 (016.3280.000) 05/09 16:07:12 Image size of job updated: 2000000
	1243  -  MemoryUsage of job (MB)
	1271952  -  ResidentSetSize of job (KB)
...
006 (016.3280.000) 05/09 16:22:26 Image size of job updated: 2000000
	1623  -  MemoryUsage of job (MB)
	1661484  -  ResidentSetSize of job (KB)
...
006 (016.3280.000) 05/09 16:22:31 Image size of job updated: 2000000
	1690  -  MemoryUsage of job (MB)
	1730388  -  ResidentSetSize of job (KB)
...
006 (016.3280.000) 05/09 16:22:36 Image size of job updated: 2373072
	2013  -  MemoryUsage of job (MB)
	2061048  -  ResidentSetSize of job (KB)
...
006 (016.3280.000) 05/09 16:22:51 Image size of job updated: 2666216
	2035  -  MemoryUsage of job (MB)
	2083488  -  ResidentSetSize of job (KB)
...
006 (016.3280.000) 05/09 16:22:56 Image size of job updated: 2666216
	2119  -  MemoryUsage of job (MB)
	2169156  -  ResidentSetSize of job (KB)
...
006 (016.3280.000) 05/09 16:23:01 Image size of job updated: 2666216
	2185  -  MemoryUsage of job (MB)
	2237400  -  ResidentSetSize of job (KB)
...
006 (016.3280.000) 05/09 16:23:06 Image size of job updated: 2873064
	2232  -  MemoryUsage of job (MB)
	2284656  -  ResidentSetSize of job (KB)
...
006 (016.3280.000) 05/09 16:23:11 Image size of job updated: 2873064
	2268  -  MemoryUsage of job (MB)
	2322012  -  ResidentSetSize of job (KB)
...
006 (016.3280.000) 05/09 16:23:16 Image size of job updated: 2873064
	2299  -  MemoryUsage of job (MB)
	2353692  -  ResidentSetSize of job (KB)
...
006 (016.3280.000) 05/09 16:23:21 Image size of job updated: 2994920
	2328  -  MemoryUsage of job (MB)
	2383788  -  ResidentSetSize of job (KB)
...
006 (016.3280.000) 05/09 16:23:26 Image size of job updated: 2994920
	2357  -  MemoryUsage of job (MB)
	2412960  -  ResidentSetSize of job (KB)
...
006 (016.3280.000) 05/09 16:23:31 Image size of job updated: 3072744
	2385  -  MemoryUsage of job (MB)
	2441736  -  ResidentSetSize of job (KB)
...
006 (016.3280.000) 05/09 16:23:36 Image size of job updated: 3081960
	2413  -  MemoryUsage of job (MB)
	2470776  -  ResidentSetSize of job (KB)
...
006 (016.3280.000) 05/09 16:23:41 Image size of job updated: 3115752
	2442  -  MemoryUsage of job (MB)
	2499948  -  ResidentSetSize of job (KB)
...
006 (016.3280.000) 05/09 16:23:46 Image size of job updated: 3158760
	2470  -  MemoryUsage of job (MB)
	2528988  -  ResidentSetSize of job (KB)
...
006 (016.3280.000) 05/09 16:23:51 Image size of job updated: 3169000
	2498  -  MemoryUsage of job (MB)
	2557896  -  ResidentSetSize of job (KB)
...
006 (016.3280.000) 05/09 16:23:56 Image size of job updated: 3169000
	2527  -  MemoryUsage of job (MB)
	2587068  -  ResidentSetSize of job (KB)
...
006 (016.3280.000) 05/09 16:24:01 Image size of job updated: 3169000
	2556  -  MemoryUsage of job (MB)
	2616636  -  ResidentSetSize of job (KB)
...
006 (016.3280.000) 05/09 16:24:06 Image size of job updated: 3257064
	2584  -  MemoryUsage of job (MB)
	2645808  -  ResidentSetSize of job (KB)
...
006 (016.3280.000) 05/09 16:24:11 Image size of job updated: 3257064
	2613  -  MemoryUsage of job (MB)
	2675508  -  ResidentSetSize of job (KB)
...
006 (016.3280.000) 05/09 16:24:16 Image size of job updated: 3257064
	2644  -  MemoryUsage of job (MB)
	2706924  -  ResidentSetSize of job (KB)
...
006 (016.3280.000) 05/09 16:24:21 Image size of job updated: 3348200
	2677  -  MemoryUsage of job (MB)
	2740320  -  ResidentSetSize of job (KB)
...
006 (016.3280.000) 05/09 16:24:26 Image size of job updated: 3348200
	2706  -  MemoryUsage of job (MB)
	2770284  -  ResidentSetSize of job (KB)
...
006 (016.3280.000) 05/09 16:24:31 Image size of job updated: 3348200
	2735  -  MemoryUsage of job (MB)
	2800380  -  ResidentSetSize of job (KB)
...
006 (016.3280.000) 05/09 16:24:36 Image size of job updated: 3439336
	2764  -  MemoryUsage of job (MB)
	2829552  -  ResidentSetSize of job (KB)
...
006 (016.3280.000) 05/09 16:24:41 Image size of job updated: 3439336
	2792  -  MemoryUsage of job (MB)
	2858460  -  ResidentSetSize of job (KB)
...
006 (016.3280.000) 05/09 16:24:46 Image size of job updated: 3439336
	2819  -  MemoryUsage of job (MB)
	2886576  -  ResidentSetSize of job (KB)
...
006 (016.3280.000) 05/09 16:24:51 Image size of job updated: 3526376
	2847  -  MemoryUsage of job (MB)
	2915088  -  ResidentSetSize of job (KB)
...
006 (016.3280.000) 05/09 16:24:56 Image size of job updated: 3526376
	2876  -  MemoryUsage of job (MB)
	2944128  -  ResidentSetSize of job (KB)
...
006 (016.3280.000) 05/09 16:25:01 Image size of job updated: 3526376
	2902  -  MemoryUsage of job (MB)
	2970660  -  ResidentSetSize of job (KB)
...
006 (016.3280.000) 05/09 16:25:06 Image size of job updated: 3618536
	2928  -  MemoryUsage of job (MB)
	2997720  -  ResidentSetSize of job (KB)
...
006 (016.3280.000) 05/09 16:25:11 Image size of job updated: 3618536
	2957  -  MemoryUsage of job (MB)
	3027816  -  ResidentSetSize of job (KB)
...
006 (016.3280.000) 05/09 16:25:16 Image size of job updated: 3618536
	2988  -  MemoryUsage of job (MB)
	3058968  -  ResidentSetSize of job (KB)
...
006 (016.3280.000) 05/09 16:25:21 Image size of job updated: 3701480
	3018  -  MemoryUsage of job (MB)
	3089592  -  ResidentSetSize of job (KB)
...
006 (016.3280.000) 05/09 16:25:26 Image size of job updated: 3701480
	3041  -  MemoryUsage of job (MB)
	3113616  -  ResidentSetSize of job (KB)
...
006 (016.3280.000) 05/09 16:25:31 Image size of job updated: 3701480
	3069  -  MemoryUsage of job (MB)
	3141864  -  ResidentSetSize of job (KB)
...
006 (016.3280.000) 05/09 16:25:36 Image size of job updated: 3799784
	3099  -  MemoryUsage of job (MB)
	3172752  -  ResidentSetSize of job (KB)
...
006 (016.3280.000) 05/09 16:25:50 Image size of job updated: 3845864
	3135  -  MemoryUsage of job (MB)
	3210240  -  ResidentSetSize of job (KB)
...
006 (016.3280.000) 05/09 16:25:55 Image size of job updated: 3845864
	3164  -  MemoryUsage of job (MB)
	3239676  -  ResidentSetSize of job (KB)
...
006 (016.3280.000) 05/09 16:26:00 Image size of job updated: 3897064
	3195  -  MemoryUsage of job (MB)
	3271224  -  ResidentSetSize of job (KB)
...
006 (016.3280.000) 05/09 16:26:05 Image size of job updated: 3949288
	3226  -  MemoryUsage of job (MB)
	3302640  -  ResidentSetSize of job (KB)
...
006 (016.3280.000) 05/09 16:26:10 Image size of job updated: 3949288
	3257  -  MemoryUsage of job (MB)
	3334584  -  ResidentSetSize of job (KB)
...
006 (016.3280.000) 05/09 16:26:15 Image size of job updated: 3992296
	3287  -  MemoryUsage of job (MB)
	3365604  -  ResidentSetSize of job (KB)
...
006 (016.3280.000) 05/09 16:26:20 Image size of job updated: 4031208
	3317  -  MemoryUsage of job (MB)
	3396360  -  ResidentSetSize of job (KB)
...
006 (016.3280.000) 05/09 16:26:25 Image size of job updated: 4031208
	3348  -  MemoryUsage of job (MB)
	3427908  -  ResidentSetSize of job (KB)
...
006 (016.3280.000) 05/09 16:26:30 Image size of job updated: 4031208
	3379  -  MemoryUsage of job (MB)
	3459852  -  ResidentSetSize of job (KB)
...
006 (016.3280.000) 05/09 16:26:35 Image size of job updated: 4126440
	3410  -  MemoryUsage of job (MB)
	3491796  -  ResidentSetSize of job (KB)
...
006 (016.3280.000) 05/09 16:26:40 Image size of job updated: 4126440
	3442  -  MemoryUsage of job (MB)
	3523608  -  ResidentSetSize of job (KB)
...
006 (016.3280.000) 05/09 16:26:45 Image size of job updated: 4126440
	3472  -  MemoryUsage of job (MB)
	3554760  -  ResidentSetSize of job (KB)
...
006 (016.3280.000) 05/09 16:26:50 Image size of job updated: 4228840
	3505  -  MemoryUsage of job (MB)
	3588948  -  ResidentSetSize of job (KB)
...
006 (016.3280.000) 05/09 16:26:55 Image size of job updated: 4228840
	3536  -  MemoryUsage of job (MB)
	3620496  -  ResidentSetSize of job (KB)
...
006 (016.3280.000) 05/09 16:27:00 Image size of job updated: 4228840
	3567  -  MemoryUsage of job (MB)
	3652440  -  ResidentSetSize of job (KB)
...
006 (016.3280.000) 05/09 16:27:05 Image size of job updated: 4324072
	3598  -  MemoryUsage of job (MB)
	3684120  -  ResidentSetSize of job (KB)
...
006 (016.3280.000) 05/09 16:27:11 Image size of job updated: 4324072
	3635  -  MemoryUsage of job (MB)
	3722004  -  ResidentSetSize of job (KB)
...
006 (016.3280.000) 05/09 16:27:17 Image size of job updated: 4389608
	3672  -  MemoryUsage of job (MB)
	3760020  -  ResidentSetSize of job (KB)
...
006 (016.3280.000) 05/09 16:27:23 Image size of job updated: 4421352
	3709  -  MemoryUsage of job (MB)
	3797640  -  ResidentSetSize of job (KB)
...
006 (016.3280.000) 05/09 16:27:29 Image size of job updated: 4485864
	3745  -  MemoryUsage of job (MB)
	3834864  -  ResidentSetSize of job (KB)
...
006 (016.3280.000) 05/09 16:27:35 Image size of job updated: 4512488
	3782  -  MemoryUsage of job (MB)
	3872352  -  ResidentSetSize of job (KB)
...
006 (016.3280.000) 05/09 16:27:41 Image size of job updated: 4512488
	3818  -  MemoryUsage of job (MB)
	3909444  -  ResidentSetSize of job (KB)
...
006 (016.3280.000) 05/09 16:27:47 Image size of job updated: 4512488
	3855  -  MemoryUsage of job (MB)
	3946668  -  ResidentSetSize of job (KB)
...
006 (016.3280.000) 05/09 16:27:53 Image size of job updated: 4604648
	3890  -  MemoryUsage of job (MB)
	3982440  -  ResidentSetSize of job (KB)
...
006 (016.3280.000) 05/09 16:27:59 Image size of job updated: 4604648
	3926  -  MemoryUsage of job (MB)
	4019532  -  ResidentSetSize of job (KB)
...
006 (016.3280.000) 05/09 16:28:05 Image size of job updated: 4695784
	3963  -  MemoryUsage of job (MB)
	4057284  -  ResidentSetSize of job (KB)
...
006 (016.3280.000) 05/09 16:28:11 Image size of job updated: 4695784
	3999  -  MemoryUsage of job (MB)
	4094508  -  ResidentSetSize of job (KB)
...
006 (016.3280.000) 05/09 16:28:17 Image size of job updated: 4695784
	4036  -  MemoryUsage of job (MB)
	4132788  -  ResidentSetSize of job (KB)
...
006 (016.3280.000) 05/09 16:28:23 Image size of job updated: 4795112
	4074  -  MemoryUsage of job (MB)
	4170804  -  ResidentSetSize of job (KB)
...
006 (016.3280.000) 05/09 16:28:29 Image size of job updated: 4835048
	4110  -  MemoryUsage of job (MB)
	4208160  -  ResidentSetSize of job (KB)
...
006 (016.3280.000) 05/09 16:28:35 Image size of job updated: 4883176
	4146  -  MemoryUsage of job (MB)
	4245120  -  ResidentSetSize of job (KB)
...
006 (016.3280.000) 05/09 16:28:41 Image size of job updated: 4883176
	4184  -  MemoryUsage of job (MB)
	4284192  -  ResidentSetSize of job (KB)
...
006 (016.3280.000) 05/09 16:28:47 Image size of job updated: 4953832
	4222  -  MemoryUsage of job (MB)
	4323132  -  ResidentSetSize of job (KB)
...
006 (016.3280.000) 05/09 16:28:53 Image size of job updated: 4999912
	4259  -  MemoryUsage of job (MB)
	4361148  -  ResidentSetSize of job (KB)
...
006 (016.3280.000) 05/09 16:28:59 Image size of job updated: 4999912
	4296  -  MemoryUsage of job (MB)
	4398768  -  ResidentSetSize of job (KB)
...
006 (016.3280.000) 05/09 16:29:05 Image size of job updated: 5074664
	4332  -  MemoryUsage of job (MB)
	4435860  -  ResidentSetSize of job (KB)
...
006 (016.3280.000) 05/09 16:29:11 Image size of job updated: 5074664
	4369  -  MemoryUsage of job (MB)
	4472952  -  ResidentSetSize of job (KB)
...
006 (016.3280.000) 05/09 16:29:17 Image size of job updated: 5291752
	4560  -  MemoryUsage of job (MB)
	4668840  -  ResidentSetSize of job (KB)
...
006 (016.3280.000) 05/09 16:29:23 Image size of job updated: 5361128
	4560  -  MemoryUsage of job (MB)
	4668840  -  ResidentSetSize of job (KB)
...
005 (016.3280.000) 05/09 16:29:25 Job terminated.
	(1) Normal termination (return value 0)
		Usr 0 00:23:29, Sys 0 00:00:06  -  Run Remote Usage
		Usr 0 00:00:00, Sys 0 00:00:00  -  Run Local Usage
		Usr 0 00:23:29, Sys 0 00:00:06  -  Total Remote Usage
		Usr 0 00:00:00, Sys 0 00:00:00  -  Total Local Usage
	0  -  Run Bytes Sent By Job
	0  -  Run Bytes Received By Job
	0  -  Total Bytes Sent By Job
	0  -  Total Bytes Received By Job
	Partitionable Resources :      Usage  Request Allocated 
	   Cpus                 :       0.99        1         1 
	   Disk (KB)            : 2000000     2000000   6275465 
	   Memory (MB)          :    4560        1954      2007 
...
