000 (005.9110.000) 05/05 20:25:43 Job submitted from host: <127.0.0.1:9618?addrs=127.0.0.1-9618&noUDP&sock=227_4816_4>
...
033 (005.9110.000) 05/06 14:18:02 Changing job attribute JobPrio from 0 to -10
...
009 (005.9110.000) 05/07 21:45:23 Job was aborted by the user.
	via condor_rm (by user aw868)
...
000 (011.2059.000) 05/08 17:21:32 Job submitted from host: <127.0.0.1:9618?addrs=127.0.0.1-9618&noUDP&sock=212_fe2a_4>
...
033 (011.2059.000) 05/08 20:41:49 Changing job attribute JobPrio from 0 to -5
...
001 (011.2059.000) 05/09 08:01:28 Job executing on host: <127.0.0.1:9618?addrs=127.0.0.1-9618&noUDP&sock=212_fe2a_5>
...
006 (011.2059.000) 05/09 08:01:33 Image size of job updated: 2000000
	101  -  MemoryUsage of job (MB)
	103224  -  ResidentSetSize of job (KB)
...
006 (011.2059.000) 05/09 08:02:33 Image size of job updated: 2000000
	105  -  MemoryUsage of job (MB)
	107448  -  ResidentSetSize of job (KB)
...
006 (011.2059.000) 05/09 08:02:38 Image size of job updated: 2000000
	172  -  MemoryUsage of job (MB)
	175296  -  ResidentSetSize of job (KB)
...
006 (011.2059.000) 05/09 08:02:43 Image size of job updated: 2000000
	184  -  MemoryUsage of job (MB)
	187968  -  ResidentSetSize of job (KB)
...
006 (011.2059.000) 05/09 08:02:48 Image size of job updated: 2000000
	185  -  MemoryUsage of job (MB)
	188496  -  ResidentSetSize of job (KB)
...
006 (011.2059.000) 05/09 08:02:53 Image size of job updated: 2000000
	195  -  MemoryUsage of job (MB)
	199188  -  ResidentSetSize of job (KB)
...
006 (011.2059.000) 05/09 08:02:58 Image size of job updated: 2000000
	206  -  MemoryUsage of job (MB)
	210408  -  ResidentSetSize of job (KB)
...
006 (011.2059.000) 05/09 08:03:03 Image size of job updated: 2000000
	215  -  MemoryUsage of job (MB)
	219516  -  ResidentSetSize of job (KB)
...
006 (011.2059.000) 05/09 08:03:08 Image size of job updated: 2000000
	229  -  MemoryUsage of job (MB)
	234300  -  ResidentSetSize of job (KB)
...
006 (011.2059.000) 05/09 08:03:13 Image size of job updated: 2000000
	234  -  MemoryUsage of job (MB)
	239316  -  ResidentSetSize of job (KB)
...
006 (011.2059.000) 05/09 08:03:18 Image size of job updated: 2000000
	241  -  MemoryUsage of job (MB)
	246180  -  ResidentSetSize of job (KB)
...
006 (011.2059.000) 05/09 08:03:23 Image size of job updated: 2000000
	282  -  MemoryUsage of job (MB)
	287760  -  ResidentSetSize of job (KB)
...
006 (011.2059.000) 05/09 08:03:28 Image size of job updated: 2000000
	316  -  MemoryUsage of job (MB)
	322740  -  ResidentSetSize of job (KB)
...
006 (011.2059.000) 05/09 08:03:33 Image size of job updated: 2000000
	329  -  MemoryUsage of job (MB)
	336072  -  ResidentSetSize of job (KB)
...
006 (011.2059.000) 05/09 08:03:38 Image size of job updated: 2000000
	388  -  MemoryUsage of job (MB)
	397188  -  ResidentSetSize of job (KB)
...
006 (011.2059.000) 05/09 08:03:43 Image size of job updated: 2000000
	448  -  MemoryUsage of job (MB)
	458304  -  ResidentSetSize of job (KB)
...
006 (011.2059.000) 05/09 08:03:48 Image size of job updated: 2000000
	1169  -  MemoryUsage of job (MB)
	1196316  -  ResidentSetSize of job (KB)
...
006 (011.2059.000) 05/09 08:18:35 Image size of job updated: 2000000
	1170  -  MemoryUsage of job (MB)
	1197504  -  ResidentSetSize of job (KB)
...
006 (011.2059.000) 05/09 08:18:41 Image size of job updated: 2000000
	1207  -  MemoryUsage of job (MB)
	1235124  -  ResidentSetSize of job (KB)
...
006 (011.2059.000) 05/09 08:18:47 Image size of job updated: 2201484
	1553  -  MemoryUsage of job (MB)
	1590204  -  ResidentSetSize of job (KB)
...
006 (011.2059.000) 05/09 08:18:53 Image size of job updated: 2325196
	1692  -  MemoryUsage of job (MB)
	1732236  -  ResidentSetSize of job (KB)
...
006 (011.2059.000) 05/09 08:18:59 Image size of job updated: 2603756
	1885  -  MemoryUsage of job (MB)
	1929840  -  ResidentSetSize of job (KB)
...
006 (011.2059.000) 05/09 08:19:05 Image size of job updated: 2603756
	1891  -  MemoryUsage of job (MB)
	1935780  -  ResidentSetSize of job (KB)
...
006 (011.2059.000) 05/09 08:19:11 Image size of job updated: 2603756
	1901  -  MemoryUsage of job (MB)
	1946340  -  ResidentSetSize of job (KB)
...
006 (011.2059.000) 05/09 08:19:17 Image size of job updated: 2603756
	1910  -  MemoryUsage of job (MB)
	1955316  -  ResidentSetSize of job (KB)
...
006 (011.2059.000) 05/09 08:19:23 Image size of job updated: 2603756
	1915  -  MemoryUsage of job (MB)
	1960332  -  ResidentSetSize of job (KB)
...
006 (011.2059.000) 05/09 08:19:29 Image size of job updated: 2603756
	1922  -  MemoryUsage of job (MB)
	1967592  -  ResidentSetSize of job (KB)
...
006 (011.2059.000) 05/09 08:19:35 Image size of job updated: 2603756
	1925  -  MemoryUsage of job (MB)
	1970364  -  ResidentSetSize of job (KB)
...
006 (011.2059.000) 05/09 08:19:41 Image size of job updated: 2603756
	1930  -  MemoryUsage of job (MB)
	1975644  -  ResidentSetSize of job (KB)
...
006 (011.2059.000) 05/09 08:19:47 Image size of job updated: 2610156
	1934  -  MemoryUsage of job (MB)
	1980132  -  ResidentSetSize of job (KB)
...
006 (011.2059.000) 05/09 08:19:53 Image size of job updated: 2610156
	1938  -  MemoryUsage of job (MB)
	1983564  -  ResidentSetSize of job (KB)
...
006 (011.2059.000) 05/09 08:19:59 Image size of job updated: 2610156
	1942  -  MemoryUsage of job (MB)
	1987788  -  ResidentSetSize of job (KB)
...
006 (011.2059.000) 05/09 08:20:05 Image size of job updated: 2621420
	1947  -  MemoryUsage of job (MB)
	1993332  -  ResidentSetSize of job (KB)
...
006 (011.2059.000) 05/09 08:20:11 Image size of job updated: 2621420
	1954  -  MemoryUsage of job (MB)
	1999932  -  ResidentSetSize of job (KB)
...
006 (011.2059.000) 05/09 08:20:17 Image size of job updated: 2632684
	1956  -  MemoryUsage of job (MB)
	2002704  -  ResidentSetSize of job (KB)
...
006 (011.2059.000) 05/09 08:20:23 Image size of job updated: 2636780
	1960  -  MemoryUsage of job (MB)
	2006400  -  ResidentSetSize of job (KB)
...
006 (011.2059.000) 05/09 08:20:29 Image size of job updated: 2636780
	1964  -  MemoryUsage of job (MB)
	2010492  -  ResidentSetSize of job (KB)
...
006 (011.2059.000) 05/09 08:20:35 Image size of job updated: 2644972
	1969  -  MemoryUsage of job (MB)
	2015772  -  ResidentSetSize of job (KB)
...
006 (011.2059.000) 05/09 08:20:41 Image size of job updated: 2648044
	1974  -  MemoryUsage of job (MB)
	2020392  -  ResidentSetSize of job (KB)
...
006 (011.2059.000) 05/09 08:20:47 Image size of job updated: 2657260
	1980  -  MemoryUsage of job (MB)
	2026860  -  ResidentSetSize of job (KB)
...
006 (011.2059.000) 05/09 08:20:53 Image size of job updated: 2657260
	1984  -  MemoryUsage of job (MB)
	2030820  -  ResidentSetSize of job (KB)
...
006 (011.2059.000) 05/09 08:20:59 Image size of job updated: 2657260
	1987  -  MemoryUsage of job (MB)
	2034384  -  ResidentSetSize of job (KB)
...
006 (011.2059.000) 05/09 08:21:05 Image size of job updated: 2665452
	1991  -  MemoryUsage of job (MB)
	2037816  -  ResidentSetSize of job (KB)
...
006 (011.2059.000) 05/09 08:21:11 Image size of job updated: 2665452
	1995  -  MemoryUsage of job (MB)
	2042568  -  ResidentSetSize of job (KB)
...
006 (011.2059.000) 05/09 08:21:17 Image size of job updated: 2674668
	2000  -  MemoryUsage of job (MB)
	2047320  -  ResidentSetSize of job (KB)
...
006 (011.2059.000) 05/09 08:21:23 Image size of job updated: 2677740
	2004  -  MemoryUsage of job (MB)
	2051544  -  ResidentSetSize of job (KB)
...
006 (011.2059.000) 05/09 08:21:29 Image size of job updated: 2683884
	2009  -  MemoryUsage of job (MB)
	2056296  -  ResidentSetSize of job (KB)
...
006 (011.2059.000) 05/09 08:21:35 Image size of job updated: 2689004
	2013  -  MemoryUsage of job (MB)
	2060388  -  ResidentSetSize of job (KB)
...
006 (011.2059.000) 05/09 08:21:41 Image size of job updated: 2689004
	2016  -  MemoryUsage of job (MB)
	2063952  -  ResidentSetSize of job (KB)
...
006 (011.2059.000) 05/09 08:21:47 Image size of job updated: 2689004
	2020  -  MemoryUsage of job (MB)
	2068176  -  ResidentSetSize of job (KB)
...
006 (011.2059.000) 05/09 08:21:54 Image size of job updated: 2699244
	2025  -  MemoryUsage of job (MB)
	2073192  -  ResidentSetSize of job (KB)
...
006 (011.2059.000) 05/09 08:21:59 Image size of job updated: 2703340
	2027  -  MemoryUsage of job (MB)
	2075304  -  ResidentSetSize of job (KB)
...
006 (011.2059.000) 05/09 08:22:04 Image size of job updated: 2703340
	2032  -  MemoryUsage of job (MB)
	2080452  -  ResidentSetSize of job (KB)
...
006 (011.2059.000) 05/09 08:22:09 Image size of job updated: 2710508
	2035  -  MemoryUsage of job (MB)
	2083488  -  ResidentSetSize of job (KB)
...
006 (011.2059.000) 05/09 08:22:14 Image size of job updated: 2710508
	2039  -  MemoryUsage of job (MB)
	2087712  -  ResidentSetSize of job (KB)
...
006 (011.2059.000) 05/09 08:22:19 Image size of job updated: 2710508
	2043  -  MemoryUsage of job (MB)
	2091672  -  ResidentSetSize of job (KB)
...
006 (011.2059.000) 05/09 08:22:24 Image size of job updated: 2723820
	2045  -  MemoryUsage of job (MB)
	2094048  -  ResidentSetSize of job (KB)
...
006 (011.2059.000) 05/09 08:22:29 Image size of job updated: 2724844
	2050  -  MemoryUsage of job (MB)
	2098404  -  ResidentSetSize of job (KB)
...
006 (011.2059.000) 05/09 08:22:34 Image size of job updated: 2724844
	2054  -  MemoryUsage of job (MB)
	2102628  -  ResidentSetSize of job (KB)
...
006 (011.2059.000) 05/09 08:22:39 Image size of job updated: 2734060
	2057  -  MemoryUsage of job (MB)
	2105400  -  ResidentSetSize of job (KB)
...
006 (011.2059.000) 05/09 08:22:44 Image size of job updated: 2734060
	2060  -  MemoryUsage of job (MB)
	2108700  -  ResidentSetSize of job (KB)
...
006 (011.2059.000) 05/09 08:22:49 Image size of job updated: 2734060
	2064  -  MemoryUsage of job (MB)
	2112792  -  ResidentSetSize of job (KB)
...
006 (011.2059.000) 05/09 08:22:54 Image size of job updated: 2743276
	2067  -  MemoryUsage of job (MB)
	2116488  -  ResidentSetSize of job (KB)
...
006 (011.2059.000) 05/09 08:22:59 Image size of job updated: 2743276
	2070  -  MemoryUsage of job (MB)
	2119260  -  ResidentSetSize of job (KB)
...
006 (011.2059.000) 05/09 08:23:04 Image size of job updated: 2743276
	2074  -  MemoryUsage of job (MB)
	2123352  -  ResidentSetSize of job (KB)
...
006 (011.2059.000) 05/09 08:23:09 Image size of job updated: 2755564
	2079  -  MemoryUsage of job (MB)
	2128104  -  ResidentSetSize of job (KB)
...
006 (011.2059.000) 05/09 08:23:14 Image size of job updated: 2755564
	2084  -  MemoryUsage of job (MB)
	2133780  -  ResidentSetSize of job (KB)
...
006 (011.2059.000) 05/09 08:23:19 Image size of job updated: 2755564
	2088  -  MemoryUsage of job (MB)
	2137872  -  ResidentSetSize of job (KB)
...
006 (011.2059.000) 05/09 08:23:24 Image size of job updated: 2768876
	2092  -  MemoryUsage of job (MB)
	2141304  -  ResidentSetSize of job (KB)
...
006 (011.2059.000) 05/09 08:23:29 Image size of job updated: 2768876
	2095  -  MemoryUsage of job (MB)
	2144868  -  ResidentSetSize of job (KB)
...
006 (011.2059.000) 05/09 08:23:34 Image size of job updated: 2768876
	2099  -  MemoryUsage of job (MB)
	2148564  -  ResidentSetSize of job (KB)
...
006 (011.2059.000) 05/09 08:23:39 Image size of job updated: 2780140
	2102  -  MemoryUsage of job (MB)
	2151996  -  ResidentSetSize of job (KB)
...
006 (011.2059.000) 05/09 08:23:44 Image size of job updated: 2784236
	2106  -  MemoryUsage of job (MB)
	2156088  -  ResidentSetSize of job (KB)
...
006 (011.2059.000) 05/09 08:23:49 Image size of job updated: 2789356
	2110  -  MemoryUsage of job (MB)
	2160576  -  ResidentSetSize of job (KB)
...
006 (011.2059.000) 05/09 08:23:54 Image size of job updated: 2793452
	2113  -  MemoryUsage of job (MB)
	2163084  -  ResidentSetSize of job (KB)
...
006 (011.2059.000) 05/09 08:23:59 Image size of job updated: 2793452
	2115  -  MemoryUsage of job (MB)
	2165592  -  ResidentSetSize of job (KB)
...
006 (011.2059.000) 05/09 08:24:04 Image size of job updated: 2793452
	2120  -  MemoryUsage of job (MB)
	2170872  -  ResidentSetSize of job (KB)
...
006 (011.2059.000) 05/09 08:24:09 Image size of job updated: 2805740
	2126  -  MemoryUsage of job (MB)
	2176812  -  ResidentSetSize of job (KB)
...
006 (011.2059.000) 05/09 08:24:14 Image size of job updated: 2805740
	2131  -  MemoryUsage of job (MB)
	2181432  -  ResidentSetSize of job (KB)
...
006 (011.2059.000) 05/09 08:24:19 Image size of job updated: 2805740
	2134  -  MemoryUsage of job (MB)
	2184468  -  ResidentSetSize of job (KB)
...
006 (011.2059.000) 05/09 08:24:24 Image size of job updated: 2820076
	2139  -  MemoryUsage of job (MB)
	2190276  -  ResidentSetSize of job (KB)
...
006 (011.2059.000) 05/09 08:24:29 Image size of job updated: 2820076
	2144  -  MemoryUsage of job (MB)
	2195028  -  ResidentSetSize of job (KB)
...
006 (011.2059.000) 05/09 08:24:34 Image size of job updated: 2820076
	2354  -  MemoryUsage of job (MB)
	2410056  -  ResidentSetSize of job (KB)
...
005 (011.2059.000) 05/09 08:24:38 Job terminated.
	(1) Normal termination (return value 0)
		Usr 0 00:22:07, Sys 0 00:00:02  -  Run Remote Usage
		Usr 0 00:00:00, Sys 0 00:00:00  -  Run Local Usage
		Usr 0 00:22:07, Sys 0 00:00:02  -  Total Remote Usage
		Usr 0 00:00:00, Sys 0 00:00:00  -  Total Local Usage
	0  -  Run Bytes Sent By Job
	0  -  Run Bytes Received By Job
	0  -  Total Bytes Sent By Job
	0  -  Total Bytes Received By Job
	Partitionable Resources :      Usage  Request Allocated 
	   Cpus                 :       1.00        1         1 
	   Disk (KB)            : 2000000     2000000   6232219 
	   Memory (MB)          :    2354        1954      2007 
...
