000 (205.121.000) 05/06 03:17:00 Job submitted from host: <127.0.0.1:9618?addrs=127.0.0.1-9618&noUDP&sock=222_da1d_4>
...
033 (205.121.000) 05/06 14:21:04 Changing job attribute JobPrio from 0 to -5
...
001 (205.121.000) 05/06 22:07:21 Job executing on host: <127.0.0.1:9618?addrs=127.0.0.1-9618&noUDP&sock=222_da1d_5>
...
006 (205.121.000) 05/06 22:08:15 Image size of job updated: 2000000
	98  -  MemoryUsage of job (MB)
	100056  -  ResidentSetSize of job (KB)
...
006 (205.121.000) 05/06 22:15:21 Image size of job updated: 2000000
	1241  -  MemoryUsage of job (MB)
	1270764  -  ResidentSetSize of job (KB)
...
006 (205.121.000) 05/06 22:53:36 Image size of job updated: 3273968
	2476  -  MemoryUsage of job (MB)
	2535192  -  ResidentSetSize of job (KB)
...
006 (205.121.000) 05/06 23:08:58 Image size of job updated: 3991792
	3121  -  MemoryUsage of job (MB)
	3195720  -  ResidentSetSize of job (KB)
...
006 (205.121.000) 05/06 23:24:52 Image size of job updated: 4614384
	3610  -  MemoryUsage of job (MB)
	3696396  -  ResidentSetSize of job (KB)
...
006 (205.121.000) 05/06 23:32:13 Image size of job updated: 5099760
	3614  -  MemoryUsage of job (MB)
	3699828  -  ResidentSetSize of job (KB)
...
005 (205.121.000) 05/06 23:32:14 Job terminated.
	(1) Normal termination (return value 0)
		Usr 0 00:21:01, Sys 0 00:23:24  -  Run Remote Usage
		Usr 0 00:00:00, Sys 0 00:00:00  -  Run Local Usage
		Usr 0 00:21:01, Sys 0 00:23:24  -  Total Remote Usage
		Usr 0 00:00:00, Sys 0 00:00:00  -  Total Local Usage
	102370  -  Run Bytes Sent By Job
	1864886144  -  Run Bytes Received By Job
	102370  -  Total Bytes Sent By Job
	1864886144  -  Total Bytes Received By Job
	Partitionable Resources :      Usage  Request Allocated 
	   Cpus                 :       0.00        1         1 
	   Disk (KB)            : 2000000     2000000   6540465 
	   Memory (MB)          :    3614        1954      2007 
...
000 (007.121.000) 05/07 18:59:12 Job submitted from host: <127.0.0.1:9618?addrs=127.0.0.1-9618&noUDP&sock=215_0cf3_4>
...
000 (016.121.000) 05/08 15:56:34 Job submitted from host: <127.0.0.1:9618?addrs=127.0.0.1-9618&noUDP&sock=227_4816_4>
...
001 (016.121.000) 05/08 16:37:27 Job executing on host: <127.0.0.1:9618?addrs=127.0.0.1-9618&noUDP&sock=227_4816_5>
...
006 (016.121.000) 05/08 16:37:32 Image size of job updated: 2000000
	111  -  MemoryUsage of job (MB)
	112860  -  ResidentSetSize of job (KB)
...
006 (016.121.000) 05/08 16:37:37 Image size of job updated: 2000000
	115  -  MemoryUsage of job (MB)
	116820  -  ResidentSetSize of job (KB)
...
006 (016.121.000) 05/08 16:38:07 Image size of job updated: 2000000
	143  -  MemoryUsage of job (MB)
	145860  -  ResidentSetSize of job (KB)
...
006 (016.121.000) 05/08 16:38:12 Image size of job updated: 2000000
	210  -  MemoryUsage of job (MB)
	214632  -  ResidentSetSize of job (KB)
...
006 (016.121.000) 05/08 16:38:17 Image size of job updated: 2000000
	211  -  MemoryUsage of job (MB)
	215424  -  ResidentSetSize of job (KB)
...
006 (016.121.000) 05/08 16:38:22 Image size of job updated: 2000000
	211  -  MemoryUsage of job (MB)
	215820  -  ResidentSetSize of job (KB)
...
006 (016.121.000) 05/08 16:38:27 Image size of job updated: 2000000
	218  -  MemoryUsage of job (MB)
	223080  -  ResidentSetSize of job (KB)
...
006 (016.121.000) 05/08 16:38:32 Image size of job updated: 2000000
	227  -  MemoryUsage of job (MB)
	232320  -  ResidentSetSize of job (KB)
...
006 (016.121.000) 05/08 16:38:37 Image size of job updated: 2000000
	237  -  MemoryUsage of job (MB)
	241956  -  ResidentSetSize of job (KB)
...
006 (016.121.000) 05/08 16:38:42 Image size of job updated: 2000000
	246  -  MemoryUsage of job (MB)
	251592  -  ResidentSetSize of job (KB)
...
006 (016.121.000) 05/08 16:38:47 Image size of job updated: 2000000
	254  -  MemoryUsage of job (MB)
	260040  -  ResidentSetSize of job (KB)
...
006 (016.121.000) 05/08 16:38:52 Image size of job updated: 2000000
	262  -  MemoryUsage of job (MB)
	268224  -  ResidentSetSize of job (KB)
...
006 (016.121.000) 05/08 16:38:57 Image size of job updated: 2000000
	270  -  MemoryUsage of job (MB)
	276144  -  ResidentSetSize of job (KB)
...
006 (016.121.000) 05/08 16:39:02 Image size of job updated: 2000000
	279  -  MemoryUsage of job (MB)
	285120  -  ResidentSetSize of job (KB)
...
006 (016.121.000) 05/08 16:39:07 Image size of job updated: 2000000
	304  -  MemoryUsage of job (MB)
	310332  -  ResidentSetSize of job (KB)
...
006 (016.121.000) 05/08 16:39:12 Image size of job updated: 2000000
	342  -  MemoryUsage of job (MB)
	349272  -  ResidentSetSize of job (KB)
...
006 (016.121.000) 05/08 16:39:17 Image size of job updated: 2000000
	377  -  MemoryUsage of job (MB)
	385440  -  ResidentSetSize of job (KB)
...
006 (016.121.000) 05/08 16:39:22 Image size of job updated: 2000000
	380  -  MemoryUsage of job (MB)
	388344  -  ResidentSetSize of job (KB)
...
006 (016.121.000) 05/08 16:39:27 Image size of job updated: 2000000
	430  -  MemoryUsage of job (MB)
	439956  -  ResidentSetSize of job (KB)
...
006 (016.121.000) 05/08 16:39:32 Image size of job updated: 2000000
	483  -  MemoryUsage of job (MB)
	494340  -  ResidentSetSize of job (KB)
...
006 (016.121.000) 05/08 16:39:37 Image size of job updated: 2000000
	528  -  MemoryUsage of job (MB)
	540276  -  ResidentSetSize of job (KB)
...
006 (016.121.000) 05/08 16:39:42 Image size of job updated: 2000000
	1245  -  MemoryUsage of job (MB)
	1274064  -  ResidentSetSize of job (KB)
...
006 (016.121.000) 05/08 16:58:22 Image size of job updated: 2303312
	1563  -  MemoryUsage of job (MB)
	1599840  -  ResidentSetSize of job (KB)
...
006 (016.121.000) 05/08 16:58:27 Image size of job updated: 2454224
	1736  -  MemoryUsage of job (MB)
	1777644  -  ResidentSetSize of job (KB)
...
006 (016.121.000) 05/08 16:58:44 Image size of job updated: 2654448
	1917  -  MemoryUsage of job (MB)
	1962048  -  ResidentSetSize of job (KB)
...
006 (016.121.000) 05/08 16:58:55 Image size of job updated: 2661616
	1919  -  MemoryUsage of job (MB)
	1964292  -  ResidentSetSize of job (KB)
...
006 (016.121.000) 05/08 16:59:15 Image size of job updated: 2790640
	2039  -  MemoryUsage of job (MB)
	2087316  -  ResidentSetSize of job (KB)
...
006 (016.121.000) 05/08 16:59:49 Image size of job updated: 2990320
	2236  -  MemoryUsage of job (MB)
	2288880  -  ResidentSetSize of job (KB)
...
006 (016.121.000) 05/08 17:00:11 Image size of job updated: 3079408
	2330  -  MemoryUsage of job (MB)
	2385636  -  ResidentSetSize of job (KB)
...
006 (016.121.000) 05/08 17:00:25 Image size of job updated: 3114224
	2356  -  MemoryUsage of job (MB)
	2411640  -  ResidentSetSize of job (KB)
...
006 (016.121.000) 05/08 17:00:44 Image size of job updated: 3114224
	2388  -  MemoryUsage of job (MB)
	2444904  -  ResidentSetSize of job (KB)
...
006 (016.121.000) 05/08 17:01:25 Image size of job updated: 3321072
	2545  -  MemoryUsage of job (MB)
	2605812  -  ResidentSetSize of job (KB)
...
006 (016.121.000) 05/08 17:01:55 Image size of job updated: 3437808
	2650  -  MemoryUsage of job (MB)
	2712600  -  ResidentSetSize of job (KB)
...
006 (016.121.000) 05/08 17:02:14 Image size of job updated: 3504368
	2714  -  MemoryUsage of job (MB)
	2778732  -  ResidentSetSize of job (KB)
...
006 (016.121.000) 05/08 17:02:25 Image size of job updated: 3526896
	2731  -  MemoryUsage of job (MB)
	2795892  -  ResidentSetSize of job (KB)
...
006 (016.121.000) 05/08 17:02:32 Image size of job updated: 3556592
	2766  -  MemoryUsage of job (MB)
	2831664  -  ResidentSetSize of job (KB)
...
006 (016.121.000) 05/08 17:02:37 Image size of job updated: 3556592
	2793  -  MemoryUsage of job (MB)
	2859912  -  ResidentSetSize of job (KB)
...
006 (016.121.000) 05/08 17:02:47 Image size of job updated: 3556592
	2795  -  MemoryUsage of job (MB)
	2861364  -  ResidentSetSize of job (KB)
...
006 (016.121.000) 05/08 17:03:02 Image size of job updated: 3670256
	2886  -  MemoryUsage of job (MB)
	2955216  -  ResidentSetSize of job (KB)
...
006 (016.121.000) 05/08 17:03:14 Image size of job updated: 3764464
	2950  -  MemoryUsage of job (MB)
	3020292  -  ResidentSetSize of job (KB)
...
006 (016.121.000) 05/08 17:03:21 Image size of job updated: 3797232
	2985  -  MemoryUsage of job (MB)
	3056592  -  ResidentSetSize of job (KB)
...
006 (016.121.000) 05/08 17:03:26 Image size of job updated: 3797232
	2988  -  MemoryUsage of job (MB)
	3059496  -  ResidentSetSize of job (KB)
...
006 (016.121.000) 05/08 17:03:31 Image size of job updated: 3797232
	3004  -  MemoryUsage of job (MB)
	3075996  -  ResidentSetSize of job (KB)
...
006 (016.121.000) 05/08 17:03:36 Image size of job updated: 3863792
	3030  -  MemoryUsage of job (MB)
	3102132  -  ResidentSetSize of job (KB)
...
006 (016.121.000) 05/08 17:03:41 Image size of job updated: 3863792
	3054  -  MemoryUsage of job (MB)
	3126948  -  ResidentSetSize of job (KB)
...
006 (016.121.000) 05/08 17:03:46 Image size of job updated: 3914992
	3071  -  MemoryUsage of job (MB)
	3143976  -  ResidentSetSize of job (KB)
...
006 (016.121.000) 05/08 17:03:51 Image size of job updated: 3940592
	3094  -  MemoryUsage of job (MB)
	3167340  -  ResidentSetSize of job (KB)
...
006 (016.121.000) 05/08 17:03:56 Image size of job updated: 3951856
	3124  -  MemoryUsage of job (MB)
	3198096  -  ResidentSetSize of job (KB)
...
006 (016.121.000) 05/08 17:04:01 Image size of job updated: 3951856
	3156  -  MemoryUsage of job (MB)
	3231624  -  ResidentSetSize of job (KB)
...
006 (016.121.000) 05/08 17:04:06 Image size of job updated: 4029680
	3184  -  MemoryUsage of job (MB)
	3260268  -  ResidentSetSize of job (KB)
...
006 (016.121.000) 05/08 17:04:11 Image size of job updated: 4029680
	3210  -  MemoryUsage of job (MB)
	3286932  -  ResidentSetSize of job (KB)
...
006 (016.121.000) 05/08 17:04:16 Image size of job updated: 4029680
	3237  -  MemoryUsage of job (MB)
	3314124  -  ResidentSetSize of job (KB)
...
006 (016.121.000) 05/08 17:04:21 Image size of job updated: 4109552
	3263  -  MemoryUsage of job (MB)
	3340656  -  ResidentSetSize of job (KB)
...
006 (016.121.000) 05/08 17:04:26 Image size of job updated: 4109552
	3289  -  MemoryUsage of job (MB)
	3367320  -  ResidentSetSize of job (KB)
...
006 (016.121.000) 05/08 17:04:31 Image size of job updated: 4109552
	3295  -  MemoryUsage of job (MB)
	3373260  -  ResidentSetSize of job (KB)
...
006 (016.121.000) 05/08 17:04:41 Image size of job updated: 4183280
	3309  -  MemoryUsage of job (MB)
	3387516  -  ResidentSetSize of job (KB)
...
006 (016.121.000) 05/08 17:04:47 Image size of job updated: 4211952
	3339  -  MemoryUsage of job (MB)
	3418272  -  ResidentSetSize of job (KB)
...
006 (016.121.000) 05/08 17:04:53 Image size of job updated: 4215024
	3369  -  MemoryUsage of job (MB)
	3449688  -  ResidentSetSize of job (KB)
...
006 (016.121.000) 05/08 17:04:59 Image size of job updated: 4261104
	3384  -  MemoryUsage of job (MB)
	3464604  -  ResidentSetSize of job (KB)
...
006 (016.121.000) 05/08 17:05:05 Image size of job updated: 4261104
	3391  -  MemoryUsage of job (MB)
	3471732  -  ResidentSetSize of job (KB)
...
006 (016.121.000) 05/08 17:05:11 Image size of job updated: 4314352
	3392  -  MemoryUsage of job (MB)
	3472656  -  ResidentSetSize of job (KB)
...
006 (016.121.000) 05/08 17:05:17 Image size of job updated: 4332784
	3431  -  MemoryUsage of job (MB)
	3512652  -  ResidentSetSize of job (KB)
...
006 (016.121.000) 05/08 17:05:23 Image size of job updated: 4393200
	3471  -  MemoryUsage of job (MB)
	3553836  -  ResidentSetSize of job (KB)
...
006 (016.121.000) 05/08 17:05:29 Image size of job updated: 4415728
	3502  -  MemoryUsage of job (MB)
	3585384  -  ResidentSetSize of job (KB)
...
006 (016.121.000) 05/08 17:05:35 Image size of job updated: 4452592
	3536  -  MemoryUsage of job (MB)
	3620628  -  ResidentSetSize of job (KB)
...
006 (016.121.000) 05/08 17:05:41 Image size of job updated: 4510960
	3577  -  MemoryUsage of job (MB)
	3662208  -  ResidentSetSize of job (KB)
...
006 (016.121.000) 05/08 17:05:47 Image size of job updated: 4510960
	3609  -  MemoryUsage of job (MB)
	3694680  -  ResidentSetSize of job (KB)
...
006 (016.121.000) 05/08 17:05:53 Image size of job updated: 4545776
	3640  -  MemoryUsage of job (MB)
	3726756  -  ResidentSetSize of job (KB)
...
006 (016.121.000) 05/08 17:05:59 Image size of job updated: 4590832
	3670  -  MemoryUsage of job (MB)
	3757644  -  ResidentSetSize of job (KB)
...
006 (016.121.000) 05/08 17:06:05 Image size of job updated: 4624624
	3701  -  MemoryUsage of job (MB)
	3788928  -  ResidentSetSize of job (KB)
...
006 (016.121.000) 05/08 17:06:11 Image size of job updated: 4653296
	3732  -  MemoryUsage of job (MB)
	3820872  -  ResidentSetSize of job (KB)
...
006 (016.121.000) 05/08 17:06:17 Image size of job updated: 4704496
	3764  -  MemoryUsage of job (MB)
	3853608  -  ResidentSetSize of job (KB)
...
006 (016.121.000) 05/08 17:06:23 Image size of job updated: 4732144
	3796  -  MemoryUsage of job (MB)
	3886476  -  ResidentSetSize of job (KB)
...
006 (016.121.000) 05/08 17:06:29 Image size of job updated: 4747504
	3829  -  MemoryUsage of job (MB)
	3920268  -  ResidentSetSize of job (KB)
...
006 (016.121.000) 05/08 17:06:35 Image size of job updated: 4788464
	3855  -  MemoryUsage of job (MB)
	3947460  -  ResidentSetSize of job (KB)
...
006 (016.121.000) 05/08 17:06:40 Image size of job updated: 4808944
	3882  -  MemoryUsage of job (MB)
	3975048  -  ResidentSetSize of job (KB)
...
006 (016.121.000) 05/08 17:06:45 Image size of job updated: 4808944
	3910  -  MemoryUsage of job (MB)
	4003428  -  ResidentSetSize of job (KB)
...
006 (016.121.000) 05/08 17:06:50 Image size of job updated: 4808944
	3935  -  MemoryUsage of job (MB)
	4029432  -  ResidentSetSize of job (KB)
...
006 (016.121.000) 05/08 17:06:55 Image size of job updated: 4963568
	4184  -  MemoryUsage of job (MB)
	4283400  -  ResidentSetSize of job (KB)
...
006 (016.121.000) 05/08 17:07:00 Image size of job updated: 4963568
	4278  -  MemoryUsage of job (MB)
	4379892  -  ResidentSetSize of job (KB)
...
005 (016.121.000) 05/08 17:07:04 Job terminated.
	(1) Normal termination (return value 0)
		Usr 0 00:26:21, Sys 0 00:00:59  -  Run Remote Usage
		Usr 0 00:00:00, Sys 0 00:00:00  -  Run Local Usage
		Usr 0 00:26:21, Sys 0 00:00:59  -  Total Remote Usage
		Usr 0 00:00:00, Sys 0 00:00:00  -  Total Local Usage
	0  -  Run Bytes Sent By Job
	0  -  Run Bytes Received By Job
	0  -  Total Bytes Sent By Job
	0  -  Total Bytes Received By Job
	Partitionable Resources :      Usage  Request Allocated 
	   Cpus                 :       0.95        1         1 
	   Disk (KB)            : 2000000     2000000   6275465 
	   Memory (MB)          :    4278        1954      2007 
...
