000 (194.145.000) 05/05 21:23:35 Job submitted from host: <127.0.0.1:9618?addrs=127.0.0.1-9618&noUDP&sock=222_da1d_4>
...
001 (194.145.000) 05/06 10:16:12 Job executing on host: <127.0.0.1:9618?addrs=127.0.0.1-9618&noUDP&sock=222_da1d_5>
...
006 (194.145.000) 05/06 10:16:18 Image size of job updated: 2000000
	105  -  MemoryUsage of job (MB)
	107316  -  ResidentSetSize of job (KB)
...
006 (194.145.000) 05/06 10:16:48 Image size of job updated: 2000000
	173  -  MemoryUsage of job (MB)
	177144  -  ResidentSetSize of job (KB)
...
006 (194.145.000) 05/06 10:16:54 Image size of job updated: 2000000
	189  -  MemoryUsage of job (MB)
	192588  -  ResidentSetSize of job (KB)
...
006 (194.145.000) 05/06 10:17:00 Image size of job updated: 2000000
	193  -  MemoryUsage of job (MB)
	197076  -  ResidentSetSize of job (KB)
...
006 (194.145.000) 05/06 10:17:06 Image size of job updated: 2000000
	205  -  MemoryUsage of job (MB)
	209484  -  ResidentSetSize of job (KB)
...
006 (194.145.000) 05/06 10:17:12 Image size of job updated: 2000000
	215  -  MemoryUsage of job (MB)
	219384  -  ResidentSetSize of job (KB)
...
006 (194.145.000) 05/06 10:17:19 Image size of job updated: 2000000
	221  -  MemoryUsage of job (MB)
	225456  -  ResidentSetSize of job (KB)
...
006 (194.145.000) 05/06 10:17:31 Image size of job updated: 2000000
	221  -  MemoryUsage of job (MB)
	226248  -  ResidentSetSize of job (KB)
...
006 (194.145.000) 05/06 10:17:38 Image size of job updated: 2000000
	230  -  MemoryUsage of job (MB)
	235224  -  ResidentSetSize of job (KB)
...
006 (194.145.000) 05/06 10:17:43 Image size of job updated: 2000000
	236  -  MemoryUsage of job (MB)
	241164  -  ResidentSetSize of job (KB)
...
006 (194.145.000) 05/06 10:17:48 Image size of job updated: 2000000
	244  -  MemoryUsage of job (MB)
	249084  -  ResidentSetSize of job (KB)
...
006 (194.145.000) 05/06 10:17:53 Image size of job updated: 2000000
	275  -  MemoryUsage of job (MB)
	280764  -  ResidentSetSize of job (KB)
...
006 (194.145.000) 05/06 10:17:58 Image size of job updated: 2000000
	299  -  MemoryUsage of job (MB)
	305844  -  ResidentSetSize of job (KB)
...
006 (194.145.000) 05/06 10:18:03 Image size of job updated: 2000000
	332  -  MemoryUsage of job (MB)
	338976  -  ResidentSetSize of job (KB)
...
006 (194.145.000) 05/06 10:18:08 Image size of job updated: 2000000
	355  -  MemoryUsage of job (MB)
	362604  -  ResidentSetSize of job (KB)
...
006 (194.145.000) 05/06 10:18:14 Image size of job updated: 2000000
	428  -  MemoryUsage of job (MB)
	437712  -  ResidentSetSize of job (KB)
...
006 (194.145.000) 05/06 10:18:20 Image size of job updated: 2000000
	484  -  MemoryUsage of job (MB)
	495264  -  ResidentSetSize of job (KB)
...
006 (194.145.000) 05/06 10:18:29 Image size of job updated: 2000000
	1173  -  MemoryUsage of job (MB)
	1200276  -  ResidentSetSize of job (KB)
...
006 (194.145.000) 05/06 10:36:29 Image size of job updated: 2053256
	1520  -  MemoryUsage of job (MB)
	1556280  -  ResidentSetSize of job (KB)
...
006 (194.145.000) 05/06 10:36:35 Image size of job updated: 2323656
	1617  -  MemoryUsage of job (MB)
	1655676  -  ResidentSetSize of job (KB)
...
006 (194.145.000) 05/06 10:36:42 Image size of job updated: 2323656
	1906  -  MemoryUsage of job (MB)
	1951092  -  ResidentSetSize of job (KB)
...
006 (194.145.000) 05/06 10:36:47 Image size of job updated: 2728424
	2023  -  MemoryUsage of job (MB)
	2070552  -  ResidentSetSize of job (KB)
...
006 (194.145.000) 05/06 10:36:52 Image size of job updated: 2863592
	2108  -  MemoryUsage of job (MB)
	2157672  -  ResidentSetSize of job (KB)
...
006 (194.145.000) 05/06 10:36:57 Image size of job updated: 2863592
	2191  -  MemoryUsage of job (MB)
	2243208  -  ResidentSetSize of job (KB)
...
006 (194.145.000) 05/06 10:37:02 Image size of job updated: 2990568
	2274  -  MemoryUsage of job (MB)
	2328348  -  ResidentSetSize of job (KB)
...
006 (194.145.000) 05/06 10:37:07 Image size of job updated: 3068392
	2358  -  MemoryUsage of job (MB)
	2414016  -  ResidentSetSize of job (KB)
...
006 (194.145.000) 05/06 10:37:12 Image size of job updated: 3131880
	2439  -  MemoryUsage of job (MB)
	2497440  -  ResidentSetSize of job (KB)
...
006 (194.145.000) 05/06 10:37:17 Image size of job updated: 3292648
	2522  -  MemoryUsage of job (MB)
	2581788  -  ResidentSetSize of job (KB)
...
006 (194.145.000) 05/06 10:37:22 Image size of job updated: 3292648
	2603  -  MemoryUsage of job (MB)
	2665212  -  ResidentSetSize of job (KB)
...
006 (194.145.000) 05/06 10:37:27 Image size of job updated: 3292648
	2685  -  MemoryUsage of job (MB)
	2749296  -  ResidentSetSize of job (KB)
...
006 (194.145.000) 05/06 10:37:32 Image size of job updated: 3292648
	2767  -  MemoryUsage of job (MB)
	2832720  -  ResidentSetSize of job (KB)
...
006 (194.145.000) 05/06 10:37:37 Image size of job updated: 3560936
	2848  -  MemoryUsage of job (MB)
	2915748  -  ResidentSetSize of job (KB)
...
006 (194.145.000) 05/06 10:37:42 Image size of job updated: 3560936
	2928  -  MemoryUsage of job (MB)
	2997720  -  ResidentSetSize of job (KB)
...
006 (194.145.000) 05/06 10:37:47 Image size of job updated: 3560936
	3003  -  MemoryUsage of job (MB)
	3074148  -  ResidentSetSize of job (KB)
...
006 (194.145.000) 05/06 10:37:52 Image size of job updated: 3800552
	3082  -  MemoryUsage of job (MB)
	3155592  -  ResidentSetSize of job (KB)
...
006 (194.145.000) 05/06 10:37:58 Image size of job updated: 3800552
	3169  -  MemoryUsage of job (MB)
	3244164  -  ResidentSetSize of job (KB)
...
006 (194.145.000) 05/06 10:38:03 Image size of job updated: 4054504
	3260  -  MemoryUsage of job (MB)
	3337488  -  ResidentSetSize of job (KB)
...
006 (194.145.000) 05/06 10:38:09 Image size of job updated: 4102632
	3360  -  MemoryUsage of job (MB)
	3439920  -  ResidentSetSize of job (KB)
...
006 (194.145.000) 05/06 10:38:15 Image size of job updated: 4102632
	3462  -  MemoryUsage of job (MB)
	3544992  -  ResidentSetSize of job (KB)
...
006 (194.145.000) 05/06 10:38:21 Image size of job updated: 4307432
	3558  -  MemoryUsage of job (MB)
	3643068  -  ResidentSetSize of job (KB)
...
006 (194.145.000) 05/06 10:38:27 Image size of job updated: 4368872
	3652  -  MemoryUsage of job (MB)
	3739164  -  ResidentSetSize of job (KB)
...
006 (194.145.000) 05/06 10:38:33 Image size of job updated: 4368872
	3751  -  MemoryUsage of job (MB)
	3840012  -  ResidentSetSize of job (KB)
...
006 (194.145.000) 05/06 10:38:39 Image size of job updated: 4556264
	3843  -  MemoryUsage of job (MB)
	3934788  -  ResidentSetSize of job (KB)
...
006 (194.145.000) 05/06 10:38:45 Image size of job updated: 4734440
	3936  -  MemoryUsage of job (MB)
	4029828  -  ResidentSetSize of job (KB)
...
006 (194.145.000) 05/06 10:38:51 Image size of job updated: 4788712
	4028  -  MemoryUsage of job (MB)
	4124472  -  ResidentSetSize of job (KB)
...
006 (194.145.000) 05/06 10:38:57 Image size of job updated: 4859368
	4120  -  MemoryUsage of job (MB)
	4218192  -  ResidentSetSize of job (KB)
...
006 (194.145.000) 05/06 10:39:03 Image size of job updated: 5015016
	4211  -  MemoryUsage of job (MB)
	4311252  -  ResidentSetSize of job (KB)
...
006 (194.145.000) 05/06 10:39:09 Image size of job updated: 5015016
	4301  -  MemoryUsage of job (MB)
	4403784  -  ResidentSetSize of job (KB)
...
006 (194.145.000) 05/06 10:39:15 Image size of job updated: 5015016
	4368  -  MemoryUsage of job (MB)
	4472028  -  ResidentSetSize of job (KB)
...
006 (194.145.000) 05/06 10:39:21 Image size of job updated: 5194216
	4425  -  MemoryUsage of job (MB)
	4530636  -  ResidentSetSize of job (KB)
...
006 (194.145.000) 05/06 10:39:27 Image size of job updated: 5294568
	4518  -  MemoryUsage of job (MB)
	4625544  -  ResidentSetSize of job (KB)
...
006 (194.145.000) 05/06 10:39:33 Image size of job updated: 5294568
	4610  -  MemoryUsage of job (MB)
	4720056  -  ResidentSetSize of job (KB)
...
006 (194.145.000) 05/06 10:39:39 Image size of job updated: 5446120
	4701  -  MemoryUsage of job (MB)
	4813512  -  ResidentSetSize of job (KB)
...
006 (194.145.000) 05/06 10:39:45 Image size of job updated: 5626344
	4795  -  MemoryUsage of job (MB)
	4909476  -  ResidentSetSize of job (KB)
...
006 (194.145.000) 05/06 10:39:51 Image size of job updated: 5706216
	4890  -  MemoryUsage of job (MB)
	5006496  -  ResidentSetSize of job (KB)
...
006 (194.145.000) 05/06 10:39:57 Image size of job updated: 5706216
	4983  -  MemoryUsage of job (MB)
	5101800  -  ResidentSetSize of job (KB)
...
006 (194.145.000) 05/06 10:40:03 Image size of job updated: 5900776
	5076  -  MemoryUsage of job (MB)
	5197764  -  ResidentSetSize of job (KB)
...
006 (194.145.000) 05/06 10:40:09 Image size of job updated: 5958120
	5170  -  MemoryUsage of job (MB)
	5293860  -  ResidentSetSize of job (KB)
...
006 (194.145.000) 05/06 10:40:15 Image size of job updated: 5958120
	5265  -  MemoryUsage of job (MB)
	5390748  -  ResidentSetSize of job (KB)
...
006 (194.145.000) 05/06 10:40:21 Image size of job updated: 6170088
	5358  -  MemoryUsage of job (MB)
	5485788  -  ResidentSetSize of job (KB)
...
006 (194.145.000) 05/06 10:40:27 Image size of job updated: 6170088
	5450  -  MemoryUsage of job (MB)
	5580036  -  ResidentSetSize of job (KB)
...
006 (194.145.000) 05/06 10:40:33 Image size of job updated: 6170088
	5541  -  MemoryUsage of job (MB)
	5672964  -  ResidentSetSize of job (KB)
...
006 (194.145.000) 05/06 10:40:39 Image size of job updated: 6403560
	5630  -  MemoryUsage of job (MB)
	5764704  -  ResidentSetSize of job (KB)
...
006 (194.145.000) 05/06 10:40:45 Image size of job updated: 6403560
	5719  -  MemoryUsage of job (MB)
	5855256  -  ResidentSetSize of job (KB)
...
006 (194.145.000) 05/06 10:41:00 Image size of job updated: 6620648
	5738  -  MemoryUsage of job (MB)
	5874924  -  ResidentSetSize of job (KB)
...
006 (194.145.000) 05/06 10:41:29 Image size of job updated: 7072232
	6182  -  MemoryUsage of job (MB)
	6329400  -  ResidentSetSize of job (KB)
...
006 (194.145.000) 05/06 10:41:59 Image size of job updated: 7501288
	6564  -  MemoryUsage of job (MB)
	6720912  -  ResidentSetSize of job (KB)
...
006 (194.145.000) 05/06 10:42:20 Image size of job updated: 7834088
	6886  -  MemoryUsage of job (MB)
	7050252  -  ResidentSetSize of job (KB)
...
006 (194.145.000) 05/06 10:42:33 Image size of job updated: 7984616
	6973  -  MemoryUsage of job (MB)
	7139484  -  ResidentSetSize of job (KB)
...
006 (194.145.000) 05/06 10:42:41 Image size of job updated: 8178152
	7096  -  MemoryUsage of job (MB)
	7265808  -  ResidentSetSize of job (KB)
...
006 (194.145.000) 05/06 10:42:47 Image size of job updated: 8261096
	7197  -  MemoryUsage of job (MB)
	7368768  -  ResidentSetSize of job (KB)
...
006 (194.145.000) 05/06 10:42:53 Image size of job updated: 8261096
	7294  -  MemoryUsage of job (MB)
	7468164  -  ResidentSetSize of job (KB)
...
006 (194.145.000) 05/06 10:42:59 Image size of job updated: 8261096
	7369  -  MemoryUsage of job (MB)
	7545384  -  ResidentSetSize of job (KB)
...
006 (194.145.000) 05/06 10:43:06 Image size of job updated: 8514024
	7415  -  MemoryUsage of job (MB)
	7592772  -  ResidentSetSize of job (KB)
...
006 (194.145.000) 05/06 10:43:11 Image size of job updated: 8538600
	7468  -  MemoryUsage of job (MB)
	7646364  -  ResidentSetSize of job (KB)
...
006 (194.145.000) 05/06 10:43:17 Image size of job updated: 8538600
	7564  -  MemoryUsage of job (MB)
	7744572  -  ResidentSetSize of job (KB)
...
006 (194.145.000) 05/06 10:43:23 Image size of job updated: 8772072
	7666  -  MemoryUsage of job (MB)
	7849776  -  ResidentSetSize of job (KB)
...
006 (194.145.000) 05/06 10:43:29 Image size of job updated: 8772072
	7758  -  MemoryUsage of job (MB)
	7943232  -  ResidentSetSize of job (KB)
...
006 (194.145.000) 05/06 10:43:39 Image size of job updated: 8954344
	7758  -  MemoryUsage of job (MB)
	7943232  -  ResidentSetSize of job (KB)
...
005 (194.145.000) 05/06 10:43:42 Job terminated.
	(0) Abnormal termination (signal 9)
	(0) No core file
		Usr 0 00:25:18, Sys 0 00:00:35  -  Run Remote Usage
		Usr 0 00:00:00, Sys 0 00:00:00  -  Run Local Usage
		Usr 0 00:25:18, Sys 0 00:00:35  -  Total Remote Usage
		Usr 0 00:00:00, Sys 0 00:00:00  -  Total Local Usage
	0  -  Run Bytes Sent By Job
	0  -  Run Bytes Received By Job
	0  -  Total Bytes Sent By Job
	0  -  Total Bytes Received By Job
	Partitionable Resources :      Usage  Request Allocated 
	   Cpus                 :       0.98        1         1 
	   Disk (KB)            : 2000000     2000000   6540465 
	   Memory (MB)          :    7758        1954      2007 
...
000 (011.067.000) 05/06 14:30:58 Job submitted from host: <127.0.0.1:9618?addrs=127.0.0.1-9618&noUDP&sock=227_4816_4>
...
001 (011.067.000) 05/06 17:02:55 Job executing on host: <127.0.0.1:9618?addrs=127.0.0.1-9618&noUDP&sock=227_4816_5>
...
006 (011.067.000) 05/06 17:03:00 Image size of job updated: 2000000
	37  -  MemoryUsage of job (MB)
	37488  -  ResidentSetSize of job (KB)
...
006 (011.067.000) 05/06 17:03:20 Image size of job updated: 2000000
	77  -  MemoryUsage of job (MB)
	78804  -  ResidentSetSize of job (KB)
...
006 (011.067.000) 05/06 17:03:25 Image size of job updated: 2000000
	105  -  MemoryUsage of job (MB)
	106524  -  ResidentSetSize of job (KB)
...
006 (011.067.000) 05/06 17:04:10 Image size of job updated: 2000000
	128  -  MemoryUsage of job (MB)
	130812  -  ResidentSetSize of job (KB)
...
006 (011.067.000) 05/06 17:04:15 Image size of job updated: 2000000
	187  -  MemoryUsage of job (MB)
	190476  -  ResidentSetSize of job (KB)
...
006 (011.067.000) 05/06 17:04:20 Image size of job updated: 2000000
	187  -  MemoryUsage of job (MB)
	190740  -  ResidentSetSize of job (KB)
...
006 (011.067.000) 05/06 17:04:25 Image size of job updated: 2000000
	190  -  MemoryUsage of job (MB)
	193644  -  ResidentSetSize of job (KB)
...
006 (011.067.000) 05/06 17:04:30 Image size of job updated: 2000000
	199  -  MemoryUsage of job (MB)
	203412  -  ResidentSetSize of job (KB)
...
006 (011.067.000) 05/06 17:04:35 Image size of job updated: 2000000
	210  -  MemoryUsage of job (MB)
	214236  -  ResidentSetSize of job (KB)
...
006 (011.067.000) 05/06 17:04:40 Image size of job updated: 2000000
	224  -  MemoryUsage of job (MB)
	228360  -  ResidentSetSize of job (KB)
...
006 (011.067.000) 05/06 17:04:45 Image size of job updated: 2000000
	233  -  MemoryUsage of job (MB)
	237864  -  ResidentSetSize of job (KB)
...
006 (011.067.000) 05/06 17:04:51 Image size of job updated: 2000000
	234  -  MemoryUsage of job (MB)
	238656  -  ResidentSetSize of job (KB)
...
006 (011.067.000) 05/06 17:05:07 Image size of job updated: 2000000
	317  -  MemoryUsage of job (MB)
	323664  -  ResidentSetSize of job (KB)
...
006 (011.067.000) 05/06 17:05:17 Image size of job updated: 2000000
	361  -  MemoryUsage of job (MB)
	369468  -  ResidentSetSize of job (KB)
...
006 (011.067.000) 05/06 17:05:23 Image size of job updated: 2000000
	425  -  MemoryUsage of job (MB)
	434544  -  ResidentSetSize of job (KB)
...
006 (011.067.000) 05/06 17:05:28 Image size of job updated: 2000000
	472  -  MemoryUsage of job (MB)
	482328  -  ResidentSetSize of job (KB)
...
006 (011.067.000) 05/06 17:05:33 Image size of job updated: 2000000
	1171  -  MemoryUsage of job (MB)
	1198296  -  ResidentSetSize of job (KB)
...
006 (011.067.000) 05/06 17:21:56 Image size of job updated: 2000000
	1525  -  MemoryUsage of job (MB)
	1560900  -  ResidentSetSize of job (KB)
...
006 (011.067.000) 05/06 17:22:01 Image size of job updated: 2270156
	1648  -  MemoryUsage of job (MB)
	1686564  -  ResidentSetSize of job (KB)
...
006 (011.067.000) 05/06 17:22:06 Image size of job updated: 2303204
	1648  -  MemoryUsage of job (MB)
	1686828  -  ResidentSetSize of job (KB)
...
006 (011.067.000) 05/06 17:22:11 Image size of job updated: 2303204
	1822  -  MemoryUsage of job (MB)
	1864896  -  ResidentSetSize of job (KB)
...
006 (011.067.000) 05/06 17:22:16 Image size of job updated: 2662636
	1997  -  MemoryUsage of job (MB)
	2044152  -  ResidentSetSize of job (KB)
...
006 (011.067.000) 05/06 17:22:21 Image size of job updated: 2662636
	2079  -  MemoryUsage of job (MB)
	2128500  -  ResidentSetSize of job (KB)
...
006 (011.067.000) 05/06 17:22:26 Image size of job updated: 2662636
	2157  -  MemoryUsage of job (MB)
	2208756  -  ResidentSetSize of job (KB)
...
006 (011.067.000) 05/06 17:22:34 Image size of job updated: 2929900
	2161  -  MemoryUsage of job (MB)
	2212452  -  ResidentSetSize of job (KB)
...
006 (011.067.000) 05/06 17:22:44 Image size of job updated: 3044588
	2345  -  MemoryUsage of job (MB)
	2400288  -  ResidentSetSize of job (KB)
...
006 (011.067.000) 05/06 17:22:52 Image size of job updated: 3196140
	2473  -  MemoryUsage of job (MB)
	2532156  -  ResidentSetSize of job (KB)
...
006 (011.067.000) 05/06 17:22:59 Image size of job updated: 3196140
	2505  -  MemoryUsage of job (MB)
	2564232  -  ResidentSetSize of job (KB)
...
006 (011.067.000) 05/06 17:23:09 Image size of job updated: 3424492
	2659  -  MemoryUsage of job (MB)
	2722764  -  ResidentSetSize of job (KB)
...
006 (011.067.000) 05/06 17:23:17 Image size of job updated: 3424492
	2786  -  MemoryUsage of job (MB)
	2851992  -  ResidentSetSize of job (KB)
...
006 (011.067.000) 05/06 17:23:23 Image size of job updated: 3663084
	2867  -  MemoryUsage of job (MB)
	2934888  -  ResidentSetSize of job (KB)
...
006 (011.067.000) 05/06 17:23:36 Image size of job updated: 3762412
	2962  -  MemoryUsage of job (MB)
	3032700  -  ResidentSetSize of job (KB)
...
006 (011.067.000) 05/06 17:23:56 Image size of job updated: 4017388
	3190  -  MemoryUsage of job (MB)
	3266340  -  ResidentSetSize of job (KB)
...
006 (011.067.000) 05/06 17:24:12 Image size of job updated: 4255980
	3439  -  MemoryUsage of job (MB)
	3520572  -  ResidentSetSize of job (KB)
...
006 (011.067.000) 05/06 17:24:22 Image size of job updated: 4310252
	3537  -  MemoryUsage of job (MB)
	3621816  -  ResidentSetSize of job (KB)
...
006 (011.067.000) 05/06 17:24:28 Image size of job updated: 4468972
	3629  -  MemoryUsage of job (MB)
	3716064  -  ResidentSetSize of job (KB)
...
006 (011.067.000) 05/06 17:24:33 Image size of job updated: 4468972
	3706  -  MemoryUsage of job (MB)
	3794736  -  ResidentSetSize of job (KB)
...
006 (011.067.000) 05/06 17:24:38 Image size of job updated: 4468972
	3754  -  MemoryUsage of job (MB)
	3843972  -  ResidentSetSize of job (KB)
...
006 (011.067.000) 05/06 17:24:43 Image size of job updated: 4652268
	3805  -  MemoryUsage of job (MB)
	3895452  -  ResidentSetSize of job (KB)
...
006 (011.067.000) 05/06 17:24:48 Image size of job updated: 4728044
	3883  -  MemoryUsage of job (MB)
	3975180  -  ResidentSetSize of job (KB)
...
006 (011.067.000) 05/06 17:24:53 Image size of job updated: 4728044
	3961  -  MemoryUsage of job (MB)
	4055832  -  ResidentSetSize of job (KB)
...
006 (011.067.000) 05/06 17:24:58 Image size of job updated: 4728044
	4039  -  MemoryUsage of job (MB)
	4135428  -  ResidentSetSize of job (KB)
...
006 (011.067.000) 05/06 17:25:03 Image size of job updated: 4956396
	4103  -  MemoryUsage of job (MB)
	4200636  -  ResidentSetSize of job (KB)
...
006 (011.067.000) 05/06 17:25:08 Image size of job updated: 4956396
	4109  -  MemoryUsage of job (MB)
	4207236  -  ResidentSetSize of job (KB)
...
006 (011.067.000) 05/06 17:25:13 Image size of job updated: 4956396
	4184  -  MemoryUsage of job (MB)
	4284192  -  ResidentSetSize of job (KB)
...
006 (011.067.000) 05/06 17:25:19 Image size of job updated: 5175532
	4289  -  MemoryUsage of job (MB)
	4391112  -  ResidentSetSize of job (KB)
...
006 (011.067.000) 05/06 17:25:25 Image size of job updated: 5175532
	4385  -  MemoryUsage of job (MB)
	4489848  -  ResidentSetSize of job (KB)
...
006 (011.067.000) 05/06 17:25:31 Image size of job updated: 5175532
	4435  -  MemoryUsage of job (MB)
	4541328  -  ResidentSetSize of job (KB)
...
006 (011.067.000) 05/06 17:25:37 Image size of job updated: 5338348
	4467  -  MemoryUsage of job (MB)
	4573272  -  ResidentSetSize of job (KB)
...
006 (011.067.000) 05/06 17:25:43 Image size of job updated: 5440748
	4559  -  MemoryUsage of job (MB)
	4667784  -  ResidentSetSize of job (KB)
...
006 (011.067.000) 05/06 17:25:49 Image size of job updated: 5440748
	4641  -  MemoryUsage of job (MB)
	4751604  -  ResidentSetSize of job (KB)
...
006 (011.067.000) 05/06 17:25:55 Image size of job updated: 5558508
	4652  -  MemoryUsage of job (MB)
	4763088  -  ResidentSetSize of job (KB)
...
006 (011.067.000) 05/06 17:26:06 Image size of job updated: 5558508
	4658  -  MemoryUsage of job (MB)
	4769424  -  ResidentSetSize of job (KB)
...
006 (011.067.000) 05/06 17:26:19 Image size of job updated: 5732588
	4878  -  MemoryUsage of job (MB)
	4995012  -  ResidentSetSize of job (KB)
...
006 (011.067.000) 05/06 17:26:29 Image size of job updated: 5955820
	5021  -  MemoryUsage of job (MB)
	5140740  -  ResidentSetSize of job (KB)
...
006 (011.067.000) 05/06 17:26:35 Image size of job updated: 5978348
	5066  -  MemoryUsage of job (MB)
	5187468  -  ResidentSetSize of job (KB)
...
006 (011.067.000) 05/06 17:26:40 Image size of job updated: 5978348
	5144  -  MemoryUsage of job (MB)
	5267196  -  ResidentSetSize of job (KB)
...
006 (011.067.000) 05/06 17:26:45 Image size of job updated: 6152428
	5222  -  MemoryUsage of job (MB)
	5347056  -  ResidentSetSize of job (KB)
...
006 (011.067.000) 05/06 17:26:50 Image size of job updated: 6152428
	5301  -  MemoryUsage of job (MB)
	5427444  -  ResidentSetSize of job (KB)
...
006 (011.067.000) 05/06 17:26:55 Image size of job updated: 6152428
	5387  -  MemoryUsage of job (MB)
	5515752  -  ResidentSetSize of job (KB)
...
006 (011.067.000) 05/06 17:27:04 Image size of job updated: 6400236
	5440  -  MemoryUsage of job (MB)
	5569740  -  ResidentSetSize of job (KB)
...
006 (011.067.000) 05/06 17:27:18 Image size of job updated: 6519020
	5546  -  MemoryUsage of job (MB)
	5679036  -  ResidentSetSize of job (KB)
...
006 (011.067.000) 05/06 17:27:29 Image size of job updated: 6562028
	5685  -  MemoryUsage of job (MB)
	5821200  -  ResidentSetSize of job (KB)
...
006 (011.067.000) 05/06 17:27:41 Image size of job updated: 6724844
	5693  -  MemoryUsage of job (MB)
	5828856  -  ResidentSetSize of job (KB)
...
006 (011.067.000) 05/06 17:27:57 Image size of job updated: 6979820
	5942  -  MemoryUsage of job (MB)
	6084276  -  ResidentSetSize of job (KB)
...
006 (011.067.000) 05/06 17:28:09 Image size of job updated: 6979820
	6128  -  MemoryUsage of job (MB)
	6274884  -  ResidentSetSize of job (KB)
...
006 (011.067.000) 05/06 17:28:16 Image size of job updated: 7205100
	6189  -  MemoryUsage of job (MB)
	6336792  -  ResidentSetSize of job (KB)
...
006 (011.067.000) 05/06 17:28:38 Image size of job updated: 7453932
	6369  -  MemoryUsage of job (MB)
	6520932  -  ResidentSetSize of job (KB)
...
006 (011.067.000) 05/06 17:28:47 Image size of job updated: 7453932
	6369  -  MemoryUsage of job (MB)
	6521592  -  ResidentSetSize of job (KB)
...
005 (011.067.000) 05/06 17:28:47 Job terminated.
	(0) Abnormal termination (signal 9)
	(0) No core file
		Usr 0 00:21:29, Sys 0 00:01:03  -  Run Remote Usage
		Usr 0 00:00:00, Sys 0 00:00:00  -  Run Local Usage
		Usr 0 00:21:29, Sys 0 00:01:03  -  Total Remote Usage
		Usr 0 00:00:00, Sys 0 00:00:00  -  Total Local Usage
	0  -  Run Bytes Sent By Job
	0  -  Run Bytes Received By Job
	0  -  Total Bytes Sent By Job
	0  -  Total Bytes Received By Job
	Partitionable Resources :      Usage  Request Allocated 
	   Cpus                 :       1.00        1         1 
	   Disk (KB)            : 2000000     2000000   6275465 
	   Memory (MB)          :    6369        1954      2007 
...
