000 (005.5588.000) 05/05 20:24:01 Job submitted from host: <127.0.0.1:9618?addrs=127.0.0.1-9618&noUDP&sock=227_4816_4>
...
033 (005.5588.000) 05/06 14:17:02 Changing job attribute JobPrio from 0 to -10
...
001 (005.5588.000) 05/07 12:03:47 Job executing on host: <127.0.0.1:9618?addrs=127.0.0.1-9618&noUDP&sock=227_4816_5>
...
006 (005.5588.000) 05/07 12:03:53 Image size of job updated: 2000000
	101  -  MemoryUsage of job (MB)
	103224  -  ResidentSetSize of job (KB)
...
006 (005.5588.000) 05/07 12:04:17 Image size of job updated: 2000000
	123  -  MemoryUsage of job (MB)
	125268  -  ResidentSetSize of job (KB)
...
006 (005.5588.000) 05/07 12:04:23 Image size of job updated: 2000000
	184  -  MemoryUsage of job (MB)
	188100  -  ResidentSetSize of job (KB)
...
006 (005.5588.000) 05/07 12:04:29 Image size of job updated: 2000000
	185  -  MemoryUsage of job (MB)
	188496  -  ResidentSetSize of job (KB)
...
006 (005.5588.000) 05/07 12:04:35 Image size of job updated: 2000000
	192  -  MemoryUsage of job (MB)
	196152  -  ResidentSetSize of job (KB)
...
006 (005.5588.000) 05/07 12:04:41 Image size of job updated: 2000000
	204  -  MemoryUsage of job (MB)
	207900  -  ResidentSetSize of job (KB)
...
006 (005.5588.000) 05/07 12:04:47 Image size of job updated: 2000000
	213  -  MemoryUsage of job (MB)
	217668  -  ResidentSetSize of job (KB)
...
006 (005.5588.000) 05/07 12:04:53 Image size of job updated: 2000000
	224  -  MemoryUsage of job (MB)
	229284  -  ResidentSetSize of job (KB)
...
006 (005.5588.000) 05/07 12:04:59 Image size of job updated: 2000000
	234  -  MemoryUsage of job (MB)
	239184  -  ResidentSetSize of job (KB)
...
006 (005.5588.000) 05/07 12:05:05 Image size of job updated: 2000000
	242  -  MemoryUsage of job (MB)
	246972  -  ResidentSetSize of job (KB)
...
006 (005.5588.000) 05/07 12:05:11 Image size of job updated: 2000000
	287  -  MemoryUsage of job (MB)
	293700  -  ResidentSetSize of job (KB)
...
006 (005.5588.000) 05/07 12:05:17 Image size of job updated: 2000000
	326  -  MemoryUsage of job (MB)
	333564  -  ResidentSetSize of job (KB)
...
006 (005.5588.000) 05/07 12:05:23 Image size of job updated: 2000000
	347  -  MemoryUsage of job (MB)
	355212  -  ResidentSetSize of job (KB)
...
006 (005.5588.000) 05/07 12:05:29 Image size of job updated: 2000000
	431  -  MemoryUsage of job (MB)
	440616  -  ResidentSetSize of job (KB)
...
006 (005.5588.000) 05/07 12:05:35 Image size of job updated: 2000000
	1170  -  MemoryUsage of job (MB)
	1198032  -  ResidentSetSize of job (KB)
...
006 (005.5588.000) 05/07 12:19:56 Image size of job updated: 2000000
	1173  -  MemoryUsage of job (MB)
	1200144  -  ResidentSetSize of job (KB)
...
006 (005.5588.000) 05/07 12:20:02 Image size of job updated: 2000000
	1238  -  MemoryUsage of job (MB)
	1267332  -  ResidentSetSize of job (KB)
...
006 (005.5588.000) 05/07 12:20:08 Image size of job updated: 2000000
	1580  -  MemoryUsage of job (MB)
	1617660  -  ResidentSetSize of job (KB)
...
006 (005.5588.000) 05/07 12:20:14 Image size of job updated: 2000000
	1689  -  MemoryUsage of job (MB)
	1728936  -  ResidentSetSize of job (KB)
...
006 (005.5588.000) 05/07 12:20:20 Image size of job updated: 2604260
	1885  -  MemoryUsage of job (MB)
	1929576  -  ResidentSetSize of job (KB)
...
006 (005.5588.000) 05/07 12:20:26 Image size of job updated: 2604260
	1885  -  MemoryUsage of job (MB)
	1929708  -  ResidentSetSize of job (KB)
...
006 (005.5588.000) 05/07 12:20:32 Image size of job updated: 2604260
	1886  -  MemoryUsage of job (MB)
	1931160  -  ResidentSetSize of job (KB)
...
006 (005.5588.000) 05/07 12:20:38 Image size of job updated: 2604260
	1889  -  MemoryUsage of job (MB)
	1933536  -  ResidentSetSize of job (KB)
...
006 (005.5588.000) 05/07 12:20:44 Image size of job updated: 2604260
	1895  -  MemoryUsage of job (MB)
	1939476  -  ResidentSetSize of job (KB)
...
006 (005.5588.000) 05/07 12:20:50 Image size of job updated: 2604260
	1902  -  MemoryUsage of job (MB)
	1947132  -  ResidentSetSize of job (KB)
...
006 (005.5588.000) 05/07 12:20:57 Image size of job updated: 2604260
	1905  -  MemoryUsage of job (MB)
	1950432  -  ResidentSetSize of job (KB)
...
006 (005.5588.000) 05/07 12:21:02 Image size of job updated: 2604260
	1907  -  MemoryUsage of job (MB)
	1952544  -  ResidentSetSize of job (KB)
...
006 (005.5588.000) 05/07 12:21:07 Image size of job updated: 2604260
	1908  -  MemoryUsage of job (MB)
	1953600  -  ResidentSetSize of job (KB)
...
006 (005.5588.000) 05/07 12:21:12 Image size of job updated: 2604260
	1911  -  MemoryUsage of job (MB)
	1955844  -  ResidentSetSize of job (KB)
...
006 (005.5588.000) 05/07 12:21:17 Image size of job updated: 2604260
	1912  -  MemoryUsage of job (MB)
	1957692  -  ResidentSetSize of job (KB)
...
006 (005.5588.000) 05/07 12:21:22 Image size of job updated: 2604260
	1914  -  MemoryUsage of job (MB)
	1959672  -  ResidentSetSize of job (KB)
...
006 (005.5588.000) 05/07 12:21:27 Image size of job updated: 2604260
	1919  -  MemoryUsage of job (MB)
	1964688  -  ResidentSetSize of job (KB)
...
006 (005.5588.000) 05/07 12:21:32 Image size of job updated: 2604260
	1924  -  MemoryUsage of job (MB)
	1969572  -  ResidentSetSize of job (KB)
...
006 (005.5588.000) 05/07 12:21:37 Image size of job updated: 2604260
	1925  -  MemoryUsage of job (MB)
	1970628  -  ResidentSetSize of job (KB)
...
006 (005.5588.000) 05/07 12:21:42 Image size of job updated: 2604260
	1926  -  MemoryUsage of job (MB)
	1972080  -  ResidentSetSize of job (KB)
...
006 (005.5588.000) 05/07 12:21:47 Image size of job updated: 2604260
	1927  -  MemoryUsage of job (MB)
	1972476  -  ResidentSetSize of job (KB)
...
006 (005.5588.000) 05/07 12:21:52 Image size of job updated: 2604516
	1928  -  MemoryUsage of job (MB)
	1974060  -  ResidentSetSize of job (KB)
...
006 (005.5588.000) 05/07 12:21:57 Image size of job updated: 2604516
	1931  -  MemoryUsage of job (MB)
	1976436  -  ResidentSetSize of job (KB)
...
006 (005.5588.000) 05/07 12:22:02 Image size of job updated: 2604516
	1933  -  MemoryUsage of job (MB)
	1978680  -  ResidentSetSize of job (KB)
...
006 (005.5588.000) 05/07 12:22:07 Image size of job updated: 2611684
	1936  -  MemoryUsage of job (MB)
	1981716  -  ResidentSetSize of job (KB)
...
006 (005.5588.000) 05/07 12:22:12 Image size of job updated: 2612708
	1936  -  MemoryUsage of job (MB)
	1982376  -  ResidentSetSize of job (KB)
...
006 (005.5588.000) 05/07 12:22:17 Image size of job updated: 2614756
	1939  -  MemoryUsage of job (MB)
	1984752  -  ResidentSetSize of job (KB)
...
006 (005.5588.000) 05/07 12:22:22 Image size of job updated: 2615780
	1939  -  MemoryUsage of job (MB)
	1985280  -  ResidentSetSize of job (KB)
...
006 (005.5588.000) 05/07 12:22:27 Image size of job updated: 2615780
	1941  -  MemoryUsage of job (MB)
	1986600  -  ResidentSetSize of job (KB)
...
006 (005.5588.000) 05/07 12:22:32 Image size of job updated: 2615780
	1944  -  MemoryUsage of job (MB)
	1989636  -  ResidentSetSize of job (KB)
...
006 (005.5588.000) 05/07 12:22:37 Image size of job updated: 2615780
	1944  -  MemoryUsage of job (MB)
	1989900  -  ResidentSetSize of job (KB)
...
006 (005.5588.000) 05/07 12:22:42 Image size of job updated: 2621924
	1950  -  MemoryUsage of job (MB)
	1996764  -  ResidentSetSize of job (KB)
...
006 (005.5588.000) 05/07 12:22:47 Image size of job updated: 2621924
	1952  -  MemoryUsage of job (MB)
	1998084  -  ResidentSetSize of job (KB)
...
006 (005.5588.000) 05/07 12:22:52 Image size of job updated: 2621924
	1953  -  MemoryUsage of job (MB)
	1999404  -  ResidentSetSize of job (KB)
...
006 (005.5588.000) 05/07 12:22:57 Image size of job updated: 2633188
	1955  -  MemoryUsage of job (MB)
	2001912  -  ResidentSetSize of job (KB)
...
006 (005.5588.000) 05/07 12:23:02 Image size of job updated: 2633188
	1958  -  MemoryUsage of job (MB)
	2004816  -  ResidentSetSize of job (KB)
...
006 (005.5588.000) 05/07 12:23:07 Image size of job updated: 2638308
	1961  -  MemoryUsage of job (MB)
	2007192  -  ResidentSetSize of job (KB)
...
006 (005.5588.000) 05/07 12:23:12 Image size of job updated: 2638308
	1963  -  MemoryUsage of job (MB)
	2009832  -  ResidentSetSize of job (KB)
...
006 (005.5588.000) 05/07 12:23:17 Image size of job updated: 2638308
	1964  -  MemoryUsage of job (MB)
	2010492  -  ResidentSetSize of job (KB)
...
006 (005.5588.000) 05/07 12:23:22 Image size of job updated: 2638308
	1965  -  MemoryUsage of job (MB)
	2011680  -  ResidentSetSize of job (KB)
...
006 (005.5588.000) 05/07 12:23:27 Image size of job updated: 2643428
	1968  -  MemoryUsage of job (MB)
	2014320  -  ResidentSetSize of job (KB)
...
006 (005.5588.000) 05/07 12:23:32 Image size of job updated: 2643428
	1971  -  MemoryUsage of job (MB)
	2018280  -  ResidentSetSize of job (KB)
...
006 (005.5588.000) 05/07 12:23:37 Image size of job updated: 2643428
	1975  -  MemoryUsage of job (MB)
	2021844  -  ResidentSetSize of job (KB)
...
006 (005.5588.000) 05/07 12:23:42 Image size of job updated: 2652644
	1975  -  MemoryUsage of job (MB)
	2021844  -  ResidentSetSize of job (KB)
...
006 (005.5588.000) 05/07 12:23:47 Image size of job updated: 2654692
	1977  -  MemoryUsage of job (MB)
	2024352  -  ResidentSetSize of job (KB)
...
006 (005.5588.000) 05/07 12:23:52 Image size of job updated: 2654692
	1981  -  MemoryUsage of job (MB)
	2027784  -  ResidentSetSize of job (KB)
...
006 (005.5588.000) 05/07 12:23:57 Image size of job updated: 2658788
	1982  -  MemoryUsage of job (MB)
	2028840  -  ResidentSetSize of job (KB)
...
006 (005.5588.000) 05/07 12:24:02 Image size of job updated: 2658788
	1984  -  MemoryUsage of job (MB)
	2031480  -  ResidentSetSize of job (KB)
...
006 (005.5588.000) 05/07 12:24:07 Image size of job updated: 2658788
	1986  -  MemoryUsage of job (MB)
	2033460  -  ResidentSetSize of job (KB)
...
006 (005.5588.000) 05/07 12:24:12 Image size of job updated: 2668004
	1991  -  MemoryUsage of job (MB)
	2037816  -  ResidentSetSize of job (KB)
...
006 (005.5588.000) 05/07 12:24:17 Image size of job updated: 2671076
	1994  -  MemoryUsage of job (MB)
	2040852  -  ResidentSetSize of job (KB)
...
006 (005.5588.000) 05/07 12:24:22 Image size of job updated: 2671076
	1998  -  MemoryUsage of job (MB)
	2045208  -  ResidentSetSize of job (KB)
...
006 (005.5588.000) 05/07 12:24:27 Image size of job updated: 2676196
	1999  -  MemoryUsage of job (MB)
	2046660  -  ResidentSetSize of job (KB)
...
006 (005.5588.000) 05/07 12:24:32 Image size of job updated: 2676196
	2000  -  MemoryUsage of job (MB)
	2047584  -  ResidentSetSize of job (KB)
...
006 (005.5588.000) 05/07 12:24:37 Image size of job updated: 2676196
	2004  -  MemoryUsage of job (MB)
	2051544  -  ResidentSetSize of job (KB)
...
006 (005.5588.000) 05/07 12:24:42 Image size of job updated: 2683364
	2006  -  MemoryUsage of job (MB)
	2053788  -  ResidentSetSize of job (KB)
...
006 (005.5588.000) 05/07 12:24:47 Image size of job updated: 2683364
	2008  -  MemoryUsage of job (MB)
	2055504  -  ResidentSetSize of job (KB)
...
006 (005.5588.000) 05/07 12:24:52 Image size of job updated: 2683364
	2011  -  MemoryUsage of job (MB)
	2059068  -  ResidentSetSize of job (KB)
...
006 (005.5588.000) 05/07 12:24:57 Image size of job updated: 2690532
	2012  -  MemoryUsage of job (MB)
	2060124  -  ResidentSetSize of job (KB)
...
006 (005.5588.000) 05/07 12:25:02 Image size of job updated: 2690532
	2014  -  MemoryUsage of job (MB)
	2061708  -  ResidentSetSize of job (KB)
...
006 (005.5588.000) 05/07 12:25:07 Image size of job updated: 2690532
	2017  -  MemoryUsage of job (MB)
	2064480  -  ResidentSetSize of job (KB)
...
006 (005.5588.000) 05/07 12:25:12 Image size of job updated: 2696676
	2018  -  MemoryUsage of job (MB)
	2066196  -  ResidentSetSize of job (KB)
...
006 (005.5588.000) 05/07 12:25:17 Image size of job updated: 2696676
	2022  -  MemoryUsage of job (MB)
	2069628  -  ResidentSetSize of job (KB)
...
006 (005.5588.000) 05/07 12:25:22 Image size of job updated: 2696676
	2025  -  MemoryUsage of job (MB)
	2072796  -  ResidentSetSize of job (KB)
...
006 (005.5588.000) 05/07 12:25:27 Image size of job updated: 2704868
	2027  -  MemoryUsage of job (MB)
	2075568  -  ResidentSetSize of job (KB)
...
006 (005.5588.000) 05/07 12:25:32 Image size of job updated: 2704868
	2031  -  MemoryUsage of job (MB)
	2078736  -  ResidentSetSize of job (KB)
...
006 (005.5588.000) 05/07 12:25:37 Image size of job updated: 2704868
	2238  -  MemoryUsage of job (MB)
	2291388  -  ResidentSetSize of job (KB)
...
006 (005.5588.000) 05/07 12:25:42 Image size of job updated: 2922980
	2238  -  MemoryUsage of job (MB)
	2291388  -  ResidentSetSize of job (KB)
...
005 (005.5588.000) 05/07 12:25:43 Job terminated.
	(1) Normal termination (return value 0)
		Usr 0 00:21:28, Sys 0 00:00:02  -  Run Remote Usage
		Usr 0 00:00:00, Sys 0 00:00:00  -  Run Local Usage
		Usr 0 00:21:28, Sys 0 00:00:02  -  Total Remote Usage
		Usr 0 00:00:00, Sys 0 00:00:00  -  Total Local Usage
	0  -  Run Bytes Sent By Job
	0  -  Run Bytes Received By Job
	0  -  Total Bytes Sent By Job
	0  -  Total Bytes Received By Job
	Partitionable Resources :      Usage  Request Allocated 
	   Cpus                 :       0.99        1         1 
	   Disk (KB)            : 2000000     2000000   6275465 
	   Memory (MB)          :    2238        1954      2007 
...
