000 (205.7261.000) 05/06 03:21:10 Job submitted from host: <127.0.0.1:9618?addrs=127.0.0.1-9618&noUDP&sock=222_da1d_4>
...
033 (205.7261.000) 05/06 14:23:50 Changing job attribute JobPrio from 0 to -5
...
000 (007.7261.000) 05/07 19:00:46 Job submitted from host: <127.0.0.1:9618?addrs=127.0.0.1-9618&noUDP&sock=215_0cf3_4>
...
000 (016.7261.000) 05/08 15:57:49 Job submitted from host: <127.0.0.1:9618?addrs=127.0.0.1-9618&noUDP&sock=227_4816_4>
...
009 (016.7261.000) 05/09 16:55:45 Job was aborted by the user.
	via condor_rm (by user aw868)
...
000 (014.100.000) 05/09 17:29:14 Job submitted from host: <127.0.0.1:9618?addrs=127.0.0.1-9618&noUDP&sock=212_fe2a_4>
...
033 (014.100.000) 05/09 17:33:47 Changing job attribute JobPrio from 0 to -10
...
001 (014.100.000) 05/09 20:44:20 Job executing on host: <127.0.0.1:9618?addrs=127.0.0.1-9618&noUDP&sock=212_fe2a_5>
...
006 (014.100.000) 05/09 20:44:25 Image size of job updated: 2000000
	115  -  MemoryUsage of job (MB)
	116952  -  ResidentSetSize of job (KB)
...
006 (014.100.000) 05/09 20:44:55 Image size of job updated: 2000000
	158  -  MemoryUsage of job (MB)
	161700  -  ResidentSetSize of job (KB)
...
006 (014.100.000) 05/09 20:45:00 Image size of job updated: 2000000
	210  -  MemoryUsage of job (MB)
	214632  -  ResidentSetSize of job (KB)
...
006 (014.100.000) 05/09 20:45:10 Image size of job updated: 2000000
	212  -  MemoryUsage of job (MB)
	216216  -  ResidentSetSize of job (KB)
...
006 (014.100.000) 05/09 20:45:15 Image size of job updated: 2000000
	223  -  MemoryUsage of job (MB)
	228096  -  ResidentSetSize of job (KB)
...
006 (014.100.000) 05/09 20:45:20 Image size of job updated: 2000000
	235  -  MemoryUsage of job (MB)
	239844  -  ResidentSetSize of job (KB)
...
006 (014.100.000) 05/09 20:45:25 Image size of job updated: 2000000
	246  -  MemoryUsage of job (MB)
	251724  -  ResidentSetSize of job (KB)
...
006 (014.100.000) 05/09 20:45:30 Image size of job updated: 2000000
	256  -  MemoryUsage of job (MB)
	261228  -  ResidentSetSize of job (KB)
...
006 (014.100.000) 05/09 20:45:35 Image size of job updated: 2000000
	267  -  MemoryUsage of job (MB)
	272844  -  ResidentSetSize of job (KB)
...
006 (014.100.000) 05/09 20:45:40 Image size of job updated: 2000000
	274  -  MemoryUsage of job (MB)
	280236  -  ResidentSetSize of job (KB)
...
006 (014.100.000) 05/09 20:45:45 Image size of job updated: 2000000
	304  -  MemoryUsage of job (MB)
	310728  -  ResidentSetSize of job (KB)
...
006 (014.100.000) 05/09 20:45:50 Image size of job updated: 2000000
	350  -  MemoryUsage of job (MB)
	357852  -  ResidentSetSize of job (KB)
...
006 (014.100.000) 05/09 20:45:55 Image size of job updated: 2000000
	379  -  MemoryUsage of job (MB)
	387552  -  ResidentSetSize of job (KB)
...
006 (014.100.000) 05/09 20:46:05 Image size of job updated: 2000000
	413  -  MemoryUsage of job (MB)
	422136  -  ResidentSetSize of job (KB)
...
006 (014.100.000) 05/09 20:46:11 Image size of job updated: 2000000
	489  -  MemoryUsage of job (MB)
	500412  -  ResidentSetSize of job (KB)
...
006 (014.100.000) 05/09 20:46:17 Image size of job updated: 2000000
	546  -  MemoryUsage of job (MB)
	558624  -  ResidentSetSize of job (KB)
...
006 (014.100.000) 05/09 20:46:23 Image size of job updated: 2000000
	1240  -  MemoryUsage of job (MB)
	1269576  -  ResidentSetSize of job (KB)
...
006 (014.100.000) 05/09 21:02:42 Image size of job updated: 2239828
	1491  -  MemoryUsage of job (MB)
	1526316  -  ResidentSetSize of job (KB)
...
006 (014.100.000) 05/09 21:02:47 Image size of job updated: 2239828
	1553  -  MemoryUsage of job (MB)
	1589412  -  ResidentSetSize of job (KB)
...
006 (014.100.000) 05/09 21:02:52 Image size of job updated: 2454228
	1648  -  MemoryUsage of job (MB)
	1687224  -  ResidentSetSize of job (KB)
...
006 (014.100.000) 05/09 21:02:57 Image size of job updated: 2454228
	1686  -  MemoryUsage of job (MB)
	1725900  -  ResidentSetSize of job (KB)
...
006 (014.100.000) 05/09 21:03:02 Image size of job updated: 2454228
	1934  -  MemoryUsage of job (MB)
	1980000  -  ResidentSetSize of job (KB)
...
006 (014.100.000) 05/09 21:03:07 Image size of job updated: 2454228
	1935  -  MemoryUsage of job (MB)
	1981320  -  ResidentSetSize of job (KB)
...
006 (014.100.000) 05/09 21:03:12 Image size of job updated: 2666740
	1973  -  MemoryUsage of job (MB)
	2019336  -  ResidentSetSize of job (KB)
...
006 (014.100.000) 05/09 21:03:17 Image size of job updated: 2666740
	2053  -  MemoryUsage of job (MB)
	2101572  -  ResidentSetSize of job (KB)
...
006 (014.100.000) 05/09 21:03:22 Image size of job updated: 2821364
	2122  -  MemoryUsage of job (MB)
	2172720  -  ResidentSetSize of job (KB)
...
006 (014.100.000) 05/09 21:03:27 Image size of job updated: 2894068
	2171  -  MemoryUsage of job (MB)
	2222220  -  ResidentSetSize of job (KB)
...
006 (014.100.000) 05/09 21:03:32 Image size of job updated: 2897140
	2206  -  MemoryUsage of job (MB)
	2258256  -  ResidentSetSize of job (KB)
...
006 (014.100.000) 05/09 21:03:37 Image size of job updated: 2897140
	2236  -  MemoryUsage of job (MB)
	2289540  -  ResidentSetSize of job (KB)
...
006 (014.100.000) 05/09 21:03:42 Image size of job updated: 2983156
	2265  -  MemoryUsage of job (MB)
	2318448  -  ResidentSetSize of job (KB)
...
006 (014.100.000) 05/09 21:03:47 Image size of job updated: 2983156
	2292  -  MemoryUsage of job (MB)
	2346036  -  ResidentSetSize of job (KB)
...
006 (014.100.000) 05/09 21:03:52 Image size of job updated: 2983156
	2318  -  MemoryUsage of job (MB)
	2373228  -  ResidentSetSize of job (KB)
...
006 (014.100.000) 05/09 21:03:57 Image size of job updated: 3070196
	2346  -  MemoryUsage of job (MB)
	2401740  -  ResidentSetSize of job (KB)
...
006 (014.100.000) 05/09 21:04:02 Image size of job updated: 3070196
	2372  -  MemoryUsage of job (MB)
	2428404  -  ResidentSetSize of job (KB)
...
006 (014.100.000) 05/09 21:04:07 Image size of job updated: 3070196
	2399  -  MemoryUsage of job (MB)
	2455992  -  ResidentSetSize of job (KB)
...
006 (014.100.000) 05/09 21:04:12 Image size of job updated: 3070196
	2417  -  MemoryUsage of job (MB)
	2474208  -  ResidentSetSize of job (KB)
...
006 (014.100.000) 05/09 21:04:17 Image size of job updated: 3155188
	2426  -  MemoryUsage of job (MB)
	2484108  -  ResidentSetSize of job (KB)
...
006 (014.100.000) 05/09 21:04:22 Image size of job updated: 3174644
	2453  -  MemoryUsage of job (MB)
	2511300  -  ResidentSetSize of job (KB)
...
006 (014.100.000) 05/09 21:04:27 Image size of job updated: 3174644
	2479  -  MemoryUsage of job (MB)
	2538360  -  ResidentSetSize of job (KB)
...
006 (014.100.000) 05/09 21:04:32 Image size of job updated: 3231988
	2507  -  MemoryUsage of job (MB)
	2566212  -  ResidentSetSize of job (KB)
...
006 (014.100.000) 05/09 21:04:37 Image size of job updated: 3274996
	2534  -  MemoryUsage of job (MB)
	2593800  -  ResidentSetSize of job (KB)
...
006 (014.100.000) 05/09 21:04:42 Image size of job updated: 3274996
	2560  -  MemoryUsage of job (MB)
	2621388  -  ResidentSetSize of job (KB)
...
006 (014.100.000) 05/09 21:04:47 Image size of job updated: 3313908
	2587  -  MemoryUsage of job (MB)
	2648580  -  ResidentSetSize of job (KB)
...
006 (014.100.000) 05/09 21:04:52 Image size of job updated: 3313908
	2615  -  MemoryUsage of job (MB)
	2676828  -  ResidentSetSize of job (KB)
...
006 (014.100.000) 05/09 21:04:57 Image size of job updated: 3313908
	2641  -  MemoryUsage of job (MB)
	2704020  -  ResidentSetSize of job (KB)
...
006 (014.100.000) 05/09 21:05:02 Image size of job updated: 3398900
	2668  -  MemoryUsage of job (MB)
	2731476  -  ResidentSetSize of job (KB)
...
006 (014.100.000) 05/09 21:05:07 Image size of job updated: 3427572
	2695  -  MemoryUsage of job (MB)
	2759196  -  ResidentSetSize of job (KB)
...
006 (014.100.000) 05/09 21:05:12 Image size of job updated: 3427572
	2722  -  MemoryUsage of job (MB)
	2786520  -  ResidentSetSize of job (KB)
...
006 (014.100.000) 05/09 21:05:17 Image size of job updated: 3478772
	2748  -  MemoryUsage of job (MB)
	2813184  -  ResidentSetSize of job (KB)
...
006 (014.100.000) 05/09 21:05:22 Image size of job updated: 3478772
	2774  -  MemoryUsage of job (MB)
	2840376  -  ResidentSetSize of job (KB)
...
006 (014.100.000) 05/09 21:05:27 Image size of job updated: 3478772
	2801  -  MemoryUsage of job (MB)
	2868096  -  ResidentSetSize of job (KB)
...
006 (014.100.000) 05/09 21:05:32 Image size of job updated: 3559668
	2827  -  MemoryUsage of job (MB)
	2894628  -  ResidentSetSize of job (KB)
...
006 (014.100.000) 05/09 21:05:37 Image size of job updated: 3559668
	2846  -  MemoryUsage of job (MB)
	2914164  -  ResidentSetSize of job (KB)
...
006 (014.100.000) 05/09 21:05:42 Image size of job updated: 3559668
	2851  -  MemoryUsage of job (MB)
	2918520  -  ResidentSetSize of job (KB)
...
006 (014.100.000) 05/09 21:05:48 Image size of job updated: 3644660
	2870  -  MemoryUsage of job (MB)
	2938716  -  ResidentSetSize of job (KB)
...
006 (014.100.000) 05/09 21:05:54 Image size of job updated: 3673332
	2904  -  MemoryUsage of job (MB)
	2973300  -  ResidentSetSize of job (KB)
...
006 (014.100.000) 05/09 21:06:00 Image size of job updated: 3703028
	2939  -  MemoryUsage of job (MB)
	3008676  -  ResidentSetSize of job (KB)
...
006 (014.100.000) 05/09 21:06:06 Image size of job updated: 3727604
	2973  -  MemoryUsage of job (MB)
	3044052  -  ResidentSetSize of job (KB)
...
006 (014.100.000) 05/09 21:06:12 Image size of job updated: 3769588
	3008  -  MemoryUsage of job (MB)
	3079956  -  ResidentSetSize of job (KB)
...
006 (014.100.000) 05/09 21:06:18 Image size of job updated: 3817716
	3042  -  MemoryUsage of job (MB)
	3114276  -  ResidentSetSize of job (KB)
...
006 (014.100.000) 05/09 21:06:24 Image size of job updated: 3817716
	3072  -  MemoryUsage of job (MB)
	3145296  -  ResidentSetSize of job (KB)
...
006 (014.100.000) 05/09 21:06:30 Image size of job updated: 3878132
	3103  -  MemoryUsage of job (MB)
	3176844  -  ResidentSetSize of job (KB)
...
006 (014.100.000) 05/09 21:06:36 Image size of job updated: 3894516
	3136  -  MemoryUsage of job (MB)
	3210504  -  ResidentSetSize of job (KB)
...
006 (014.100.000) 05/09 21:06:42 Image size of job updated: 3947764
	3168  -  MemoryUsage of job (MB)
	3243108  -  ResidentSetSize of job (KB)
...
006 (014.100.000) 05/09 21:06:48 Image size of job updated: 3978484
	3199  -  MemoryUsage of job (MB)
	3275712  -  ResidentSetSize of job (KB)
...
006 (014.100.000) 05/09 21:06:54 Image size of job updated: 3989748
	3233  -  MemoryUsage of job (MB)
	3310164  -  ResidentSetSize of job (KB)
...
006 (014.100.000) 05/09 21:07:00 Image size of job updated: 3989748
	3267  -  MemoryUsage of job (MB)
	3344748  -  ResidentSetSize of job (KB)
...
006 (014.100.000) 05/09 21:07:06 Image size of job updated: 4081908
	3300  -  MemoryUsage of job (MB)
	3378276  -  ResidentSetSize of job (KB)
...
006 (014.100.000) 05/09 21:07:12 Image size of job updated: 4104436
	3332  -  MemoryUsage of job (MB)
	3411012  -  ResidentSetSize of job (KB)
...
006 (014.100.000) 05/09 21:07:18 Image size of job updated: 4104436
	3365  -  MemoryUsage of job (MB)
	3444936  -  ResidentSetSize of job (KB)
...
006 (014.100.000) 05/09 21:07:24 Image size of job updated: 4163828
	3397  -  MemoryUsage of job (MB)
	3478200  -  ResidentSetSize of job (KB)
...
006 (014.100.000) 05/09 21:07:30 Image size of job updated: 4163828
	3430  -  MemoryUsage of job (MB)
	3511464  -  ResidentSetSize of job (KB)
...
006 (014.100.000) 05/09 21:07:36 Image size of job updated: 4163828
	3462  -  MemoryUsage of job (MB)
	3544464  -  ResidentSetSize of job (KB)
...
006 (014.100.000) 05/09 21:07:42 Image size of job updated: 4258036
	3494  -  MemoryUsage of job (MB)
	3577200  -  ResidentSetSize of job (KB)
...
006 (014.100.000) 05/09 21:07:48 Image size of job updated: 4258036
	3527  -  MemoryUsage of job (MB)
	3611124  -  ResidentSetSize of job (KB)
...
006 (014.100.000) 05/09 21:07:54 Image size of job updated: 4349172
	3559  -  MemoryUsage of job (MB)
	3644256  -  ResidentSetSize of job (KB)
...
006 (014.100.000) 05/09 21:08:00 Image size of job updated: 4349172
	3574  -  MemoryUsage of job (MB)
	3659040  -  ResidentSetSize of job (KB)
...
006 (014.100.000) 05/09 21:08:15 Image size of job updated: 4429044
	3574  -  MemoryUsage of job (MB)
	3659040  -  ResidentSetSize of job (KB)
...
006 (014.100.000) 05/09 21:08:25 Image size of job updated: 4490484
	3617  -  MemoryUsage of job (MB)
	3703656  -  ResidentSetSize of job (KB)
...
006 (014.100.000) 05/09 21:08:33 Image size of job updated: 4550900
	3665  -  MemoryUsage of job (MB)
	3752100  -  ResidentSetSize of job (KB)
...
006 (014.100.000) 05/09 21:08:39 Image size of job updated: 4579572
	3698  -  MemoryUsage of job (MB)
	3786552  -  ResidentSetSize of job (KB)
...
006 (014.100.000) 05/09 21:08:45 Image size of job updated: 4605172
	3733  -  MemoryUsage of job (MB)
	3821928  -  ResidentSetSize of job (KB)
...
006 (014.100.000) 05/09 21:08:51 Image size of job updated: 4641012
	3768  -  MemoryUsage of job (MB)
	3857436  -  ResidentSetSize of job (KB)
...
006 (014.100.000) 05/09 21:08:57 Image size of job updated: 4666612
	3799  -  MemoryUsage of job (MB)
	3889380  -  ResidentSetSize of job (KB)
...
006 (014.100.000) 05/09 21:09:03 Image size of job updated: 4666612
	3831  -  MemoryUsage of job (MB)
	3922248  -  ResidentSetSize of job (KB)
...
006 (014.100.000) 05/09 21:09:09 Image size of job updated: 4751604
	3842  -  MemoryUsage of job (MB)
	3933864  -  ResidentSetSize of job (KB)
...
006 (014.100.000) 05/09 21:09:21 Image size of job updated: 4820212
	3842  -  MemoryUsage of job (MB)
	3933864  -  ResidentSetSize of job (KB)
...
006 (014.100.000) 05/09 21:09:27 Image size of job updated: 4840692
	3861  -  MemoryUsage of job (MB)
	3953532  -  ResidentSetSize of job (KB)
...
006 (014.100.000) 05/09 21:09:33 Image size of job updated: 4840692
	3904  -  MemoryUsage of job (MB)
	3997224  -  ResidentSetSize of job (KB)
...
006 (014.100.000) 05/09 21:09:39 Image size of job updated: 4942068
	3948  -  MemoryUsage of job (MB)
	4041972  -  ResidentSetSize of job (KB)
...
006 (014.100.000) 05/09 21:09:45 Image size of job updated: 4942068
	3983  -  MemoryUsage of job (MB)
	4077876  -  ResidentSetSize of job (KB)
...
006 (014.100.000) 05/09 21:09:51 Image size of job updated: 4942068
	4115  -  MemoryUsage of job (MB)
	4213704  -  ResidentSetSize of job (KB)
...
006 (014.100.000) 05/09 21:09:57 Image size of job updated: 5147892
	4130  -  MemoryUsage of job (MB)
	4228752  -  ResidentSetSize of job (KB)
...
006 (014.100.000) 05/09 21:10:03 Image size of job updated: 5199092
	4353  -  MemoryUsage of job (MB)
	4456584  -  ResidentSetSize of job (KB)
...
005 (014.100.000) 05/09 21:10:10 Job terminated.
	(1) Normal termination (return value 0)
		Usr 0 00:24:31, Sys 0 00:00:15  -  Run Remote Usage
		Usr 0 00:00:00, Sys 0 00:00:00  -  Run Local Usage
		Usr 0 00:24:31, Sys 0 00:00:15  -  Total Remote Usage
		Usr 0 00:00:00, Sys 0 00:00:00  -  Total Local Usage
	0  -  Run Bytes Sent By Job
	0  -  Run Bytes Received By Job
	0  -  Total Bytes Sent By Job
	0  -  Total Bytes Received By Job
	Partitionable Resources :      Usage  Request Allocated 
	   Cpus                 :       0.60        1         1 
	   Disk (KB)            : 2000000     2000000   6232219 
	   Memory (MB)          :    4353        1954      2007 
...
