000 (205.1117.000) 05/06 03:17:41 Job submitted from host: <127.0.0.1:9618?addrs=127.0.0.1-9618&noUDP&sock=222_da1d_4>
...
033 (205.1117.000) 05/06 14:21:27 Changing job attribute JobPrio from 0 to -5
...
000 (007.1117.000) 05/07 18:59:31 Job submitted from host: <127.0.0.1:9618?addrs=127.0.0.1-9618&noUDP&sock=215_0cf3_4>
...
000 (016.1117.000) 05/08 15:56:44 Job submitted from host: <127.0.0.1:9618?addrs=127.0.0.1-9618&noUDP&sock=227_4816_4>
...
001 (016.1117.000) 05/08 23:59:34 Job executing on host: <127.0.0.1:9618?addrs=127.0.0.1-9618&noUDP&sock=227_4816_5>
...
006 (016.1117.000) 05/08 23:59:39 Image size of job updated: 2000000
	110  -  MemoryUsage of job (MB)
	112464  -  ResidentSetSize of job (KB)
...
006 (016.1117.000) 05/08 23:59:44 Image size of job updated: 2000000
	114  -  MemoryUsage of job (MB)
	116688  -  ResidentSetSize of job (KB)
...
006 (016.1117.000) 05/09 00:00:09 Image size of job updated: 2000000
	143  -  MemoryUsage of job (MB)
	145728  -  ResidentSetSize of job (KB)
...
006 (016.1117.000) 05/09 00:00:14 Image size of job updated: 2000000
	210  -  MemoryUsage of job (MB)
	214368  -  ResidentSetSize of job (KB)
...
006 (016.1117.000) 05/09 00:00:19 Image size of job updated: 2000000
	211  -  MemoryUsage of job (MB)
	215160  -  ResidentSetSize of job (KB)
...
006 (016.1117.000) 05/09 00:00:24 Image size of job updated: 2000000
	211  -  MemoryUsage of job (MB)
	215688  -  ResidentSetSize of job (KB)
...
006 (016.1117.000) 05/09 00:00:29 Image size of job updated: 2000000
	220  -  MemoryUsage of job (MB)
	224400  -  ResidentSetSize of job (KB)
...
006 (016.1117.000) 05/09 00:00:34 Image size of job updated: 2000000
	231  -  MemoryUsage of job (MB)
	235620  -  ResidentSetSize of job (KB)
...
006 (016.1117.000) 05/09 00:00:39 Image size of job updated: 2000000
	244  -  MemoryUsage of job (MB)
	248952  -  ResidentSetSize of job (KB)
...
006 (016.1117.000) 05/09 00:00:44 Image size of job updated: 2000000
	256  -  MemoryUsage of job (MB)
	261624  -  ResidentSetSize of job (KB)
...
006 (016.1117.000) 05/09 00:00:49 Image size of job updated: 2000000
	269  -  MemoryUsage of job (MB)
	275352  -  ResidentSetSize of job (KB)
...
006 (016.1117.000) 05/09 00:00:54 Image size of job updated: 2000000
	283  -  MemoryUsage of job (MB)
	289344  -  ResidentSetSize of job (KB)
...
006 (016.1117.000) 05/09 00:00:59 Image size of job updated: 2000000
	320  -  MemoryUsage of job (MB)
	326964  -  ResidentSetSize of job (KB)
...
006 (016.1117.000) 05/09 00:01:05 Image size of job updated: 2000000
	367  -  MemoryUsage of job (MB)
	375672  -  ResidentSetSize of job (KB)
...
006 (016.1117.000) 05/09 00:01:11 Image size of job updated: 2000000
	380  -  MemoryUsage of job (MB)
	388344  -  ResidentSetSize of job (KB)
...
006 (016.1117.000) 05/09 00:01:17 Image size of job updated: 2000000
	436  -  MemoryUsage of job (MB)
	446028  -  ResidentSetSize of job (KB)
...
006 (016.1117.000) 05/09 00:01:23 Image size of job updated: 2000000
	511  -  MemoryUsage of job (MB)
	522852  -  ResidentSetSize of job (KB)
...
006 (016.1117.000) 05/09 00:01:29 Image size of job updated: 2000000
	1245  -  MemoryUsage of job (MB)
	1274064  -  ResidentSetSize of job (KB)
...
006 (016.1117.000) 05/09 00:16:36 Image size of job updated: 2000000
	1295  -  MemoryUsage of job (MB)
	1325148  -  ResidentSetSize of job (KB)
...
006 (016.1117.000) 05/09 00:16:42 Image size of job updated: 2000000
	1686  -  MemoryUsage of job (MB)
	1725768  -  ResidentSetSize of job (KB)
...
006 (016.1117.000) 05/09 00:16:48 Image size of job updated: 2451152
	1784  -  MemoryUsage of job (MB)
	1826616  -  ResidentSetSize of job (KB)
...
006 (016.1117.000) 05/09 00:16:54 Image size of job updated: 2451152
	1979  -  MemoryUsage of job (MB)
	2026332  -  ResidentSetSize of job (KB)
...
006 (016.1117.000) 05/09 00:17:00 Image size of job updated: 2739440
	2066  -  MemoryUsage of job (MB)
	2115036  -  ResidentSetSize of job (KB)
...
006 (016.1117.000) 05/09 00:17:06 Image size of job updated: 2739440
	2205  -  MemoryUsage of job (MB)
	2257728  -  ResidentSetSize of job (KB)
...
006 (016.1117.000) 05/09 00:17:12 Image size of job updated: 2739440
	2282  -  MemoryUsage of job (MB)
	2336400  -  ResidentSetSize of job (KB)
...
006 (016.1117.000) 05/09 00:17:18 Image size of job updated: 2998512
	2337  -  MemoryUsage of job (MB)
	2392368  -  ResidentSetSize of job (KB)
...
006 (016.1117.000) 05/09 00:17:24 Image size of job updated: 2998512
	2375  -  MemoryUsage of job (MB)
	2431836  -  ResidentSetSize of job (KB)
...
006 (016.1117.000) 05/09 00:17:30 Image size of job updated: 3145968
	2433  -  MemoryUsage of job (MB)
	2490444  -  ResidentSetSize of job (KB)
...
006 (016.1117.000) 05/09 00:17:36 Image size of job updated: 3145968
	2493  -  MemoryUsage of job (MB)
	2551956  -  ResidentSetSize of job (KB)
...
006 (016.1117.000) 05/09 00:17:42 Image size of job updated: 3145968
	2549  -  MemoryUsage of job (MB)
	2609508  -  ResidentSetSize of job (KB)
...
006 (016.1117.000) 05/09 00:17:48 Image size of job updated: 3291376
	2606  -  MemoryUsage of job (MB)
	2668380  -  ResidentSetSize of job (KB)
...
006 (016.1117.000) 05/09 00:17:54 Image size of job updated: 3386608
	2663  -  MemoryUsage of job (MB)
	2726856  -  ResidentSetSize of job (KB)
...
006 (016.1117.000) 05/09 00:18:00 Image size of job updated: 3388656
	2721  -  MemoryUsage of job (MB)
	2786256  -  ResidentSetSize of job (KB)
...
006 (016.1117.000) 05/09 00:18:06 Image size of job updated: 3459312
	2779  -  MemoryUsage of job (MB)
	2844996  -  ResidentSetSize of job (KB)
...
006 (016.1117.000) 05/09 00:18:12 Image size of job updated: 3459312
	2836  -  MemoryUsage of job (MB)
	2903472  -  ResidentSetSize of job (KB)
...
006 (016.1117.000) 05/09 00:18:18 Image size of job updated: 3605744
	2893  -  MemoryUsage of job (MB)
	2961948  -  ResidentSetSize of job (KB)
...
006 (016.1117.000) 05/09 00:18:24 Image size of job updated: 3605744
	2928  -  MemoryUsage of job (MB)
	2997588  -  ResidentSetSize of job (KB)
...
006 (016.1117.000) 05/09 00:18:32 Image size of job updated: 3732720
	2951  -  MemoryUsage of job (MB)
	3021480  -  ResidentSetSize of job (KB)
...
006 (016.1117.000) 05/09 00:18:37 Image size of job updated: 3732720
	3001  -  MemoryUsage of job (MB)
	3072300  -  ResidentSetSize of job (KB)
...
006 (016.1117.000) 05/09 00:18:42 Image size of job updated: 3791088
	3050  -  MemoryUsage of job (MB)
	3122592  -  ResidentSetSize of job (KB)
...
006 (016.1117.000) 05/09 00:18:47 Image size of job updated: 3870960
	3095  -  MemoryUsage of job (MB)
	3168528  -  ResidentSetSize of job (KB)
...
006 (016.1117.000) 05/09 00:18:52 Image size of job updated: 3886320
	3143  -  MemoryUsage of job (MB)
	3217764  -  ResidentSetSize of job (KB)
...
006 (016.1117.000) 05/09 00:18:57 Image size of job updated: 3935472
	3191  -  MemoryUsage of job (MB)
	3266736  -  ResidentSetSize of job (KB)
...
006 (016.1117.000) 05/09 00:19:02 Image size of job updated: 3975408
	3240  -  MemoryUsage of job (MB)
	3316896  -  ResidentSetSize of job (KB)
...
006 (016.1117.000) 05/09 00:19:07 Image size of job updated: 4039920
	3288  -  MemoryUsage of job (MB)
	3366528  -  ResidentSetSize of job (KB)
...
006 (016.1117.000) 05/09 00:19:12 Image size of job updated: 4039920
	3336  -  MemoryUsage of job (MB)
	3415236  -  ResidentSetSize of job (KB)
...
006 (016.1117.000) 05/09 00:19:17 Image size of job updated: 4039920
	3384  -  MemoryUsage of job (MB)
	3464208  -  ResidentSetSize of job (KB)
...
006 (016.1117.000) 05/09 00:19:22 Image size of job updated: 4178160
	3431  -  MemoryUsage of job (MB)
	3512784  -  ResidentSetSize of job (KB)
...
006 (016.1117.000) 05/09 00:19:27 Image size of job updated: 4242672
	3479  -  MemoryUsage of job (MB)
	3561756  -  ResidentSetSize of job (KB)
...
006 (016.1117.000) 05/09 00:19:32 Image size of job updated: 4300016
	3527  -  MemoryUsage of job (MB)
	3611124  -  ResidentSetSize of job (KB)
...
006 (016.1117.000) 05/09 00:19:37 Image size of job updated: 4342000
	3575  -  MemoryUsage of job (MB)
	3660096  -  ResidentSetSize of job (KB)
...
006 (016.1117.000) 05/09 00:19:42 Image size of job updated: 4342000
	3623  -  MemoryUsage of job (MB)
	3709596  -  ResidentSetSize of job (KB)
...
006 (016.1117.000) 05/09 00:19:47 Image size of job updated: 4342000
	3671  -  MemoryUsage of job (MB)
	3758832  -  ResidentSetSize of job (KB)
...
006 (016.1117.000) 05/09 00:19:52 Image size of job updated: 4489456
	3719  -  MemoryUsage of job (MB)
	3808200  -  ResidentSetSize of job (KB)
...
006 (016.1117.000) 05/09 00:19:57 Image size of job updated: 4552944
	3766  -  MemoryUsage of job (MB)
	3856380  -  ResidentSetSize of job (KB)
...
006 (016.1117.000) 05/09 00:20:02 Image size of job updated: 4552944
	3816  -  MemoryUsage of job (MB)
	3906672  -  ResidentSetSize of job (KB)
...
006 (016.1117.000) 05/09 00:20:07 Image size of job updated: 4636912
	3864  -  MemoryUsage of job (MB)
	3956040  -  ResidentSetSize of job (KB)
...
006 (016.1117.000) 05/09 00:20:12 Image size of job updated: 4636912
	3913  -  MemoryUsage of job (MB)
	4005936  -  ResidentSetSize of job (KB)
...
006 (016.1117.000) 05/09 00:20:17 Image size of job updated: 4636912
	3961  -  MemoryUsage of job (MB)
	4055172  -  ResidentSetSize of job (KB)
...
006 (016.1117.000) 05/09 00:20:22 Image size of job updated: 4794608
	4010  -  MemoryUsage of job (MB)
	4105728  -  ResidentSetSize of job (KB)
...
006 (016.1117.000) 05/09 00:20:27 Image size of job updated: 4794608
	4059  -  MemoryUsage of job (MB)
	4156152  -  ResidentSetSize of job (KB)
...
006 (016.1117.000) 05/09 00:20:32 Image size of job updated: 4794608
	4101  -  MemoryUsage of job (MB)
	4198920  -  ResidentSetSize of job (KB)
...
006 (016.1117.000) 05/09 00:20:37 Image size of job updated: 4962544
	4137  -  MemoryUsage of job (MB)
	4235352  -  ResidentSetSize of job (KB)
...
006 (016.1117.000) 05/09 00:20:42 Image size of job updated: 4962544
	4188  -  MemoryUsage of job (MB)
	4287756  -  ResidentSetSize of job (KB)
...
006 (016.1117.000) 05/09 00:20:48 Image size of job updated: 5037296
	4261  -  MemoryUsage of job (MB)
	4363128  -  ResidentSetSize of job (KB)
...
006 (016.1117.000) 05/09 00:20:54 Image size of job updated: 5139696
	4320  -  MemoryUsage of job (MB)
	4423320  -  ResidentSetSize of job (KB)
...
006 (016.1117.000) 05/09 00:21:00 Image size of job updated: 5184752
	4379  -  MemoryUsage of job (MB)
	4483116  -  ResidentSetSize of job (KB)
...
006 (016.1117.000) 05/09 00:21:06 Image size of job updated: 5269744
	4440  -  MemoryUsage of job (MB)
	4545552  -  ResidentSetSize of job (KB)
...
006 (016.1117.000) 05/09 00:21:12 Image size of job updated: 5269744
	4499  -  MemoryUsage of job (MB)
	4606272  -  ResidentSetSize of job (KB)
...
006 (016.1117.000) 05/09 00:21:18 Image size of job updated: 5269744
	4557  -  MemoryUsage of job (MB)
	4666068  -  ResidentSetSize of job (KB)
...
006 (016.1117.000) 05/09 00:21:24 Image size of job updated: 5443824
	4625  -  MemoryUsage of job (MB)
	4735500  -  ResidentSetSize of job (KB)
...
006 (016.1117.000) 05/09 00:21:30 Image size of job updated: 5506288
	4684  -  MemoryUsage of job (MB)
	4796352  -  ResidentSetSize of job (KB)
...
006 (016.1117.000) 05/09 00:21:36 Image size of job updated: 5506288
	4742  -  MemoryUsage of job (MB)
	4855752  -  ResidentSetSize of job (KB)
...
006 (016.1117.000) 05/09 00:21:42 Image size of job updated: 5598448
	4801  -  MemoryUsage of job (MB)
	4915548  -  ResidentSetSize of job (KB)
...
006 (016.1117.000) 05/09 00:21:48 Image size of job updated: 5666032
	4860  -  MemoryUsage of job (MB)
	4976136  -  ResidentSetSize of job (KB)
...
006 (016.1117.000) 05/09 00:21:54 Image size of job updated: 5748976
	4919  -  MemoryUsage of job (MB)
	5036196  -  ResidentSetSize of job (KB)
...
006 (016.1117.000) 05/09 00:22:00 Image size of job updated: 5748976
	4979  -  MemoryUsage of job (MB)
	5097840  -  ResidentSetSize of job (KB)
...
006 (016.1117.000) 05/09 00:22:06 Image size of job updated: 5854448
	5037  -  MemoryUsage of job (MB)
	5157768  -  ResidentSetSize of job (KB)
...
006 (016.1117.000) 05/09 00:22:12 Image size of job updated: 5918960
	5096  -  MemoryUsage of job (MB)
	5217432  -  ResidentSetSize of job (KB)
...
006 (016.1117.000) 05/09 00:22:18 Image size of job updated: 5918960
	5155  -  MemoryUsage of job (MB)
	5278152  -  ResidentSetSize of job (KB)
...
006 (016.1117.000) 05/09 00:22:24 Image size of job updated: 6051056
	5214  -  MemoryUsage of job (MB)
	5339004  -  ResidentSetSize of job (KB)
...
006 (016.1117.000) 05/09 00:22:30 Image size of job updated: 6073584
	5273  -  MemoryUsage of job (MB)
	5399328  -  ResidentSetSize of job (KB)
...
006 (016.1117.000) 05/09 00:22:36 Image size of job updated: 6073584
	5331  -  MemoryUsage of job (MB)
	5458596  -  ResidentSetSize of job (KB)
...
006 (016.1117.000) 05/09 00:22:42 Image size of job updated: 6200560
	5394  -  MemoryUsage of job (MB)
	5522484  -  ResidentSetSize of job (KB)
...
006 (016.1117.000) 05/09 00:22:48 Image size of job updated: 6200560
	5453  -  MemoryUsage of job (MB)
	5583336  -  ResidentSetSize of job (KB)
...
006 (016.1117.000) 05/09 00:22:54 Image size of job updated: 6350064
	5511  -  MemoryUsage of job (MB)
	5642340  -  ResidentSetSize of job (KB)
...
006 (016.1117.000) 05/09 00:23:00 Image size of job updated: 6350064
	5567  -  MemoryUsage of job (MB)
	5700420  -  ResidentSetSize of job (KB)
...
006 (016.1117.000) 05/09 00:23:06 Image size of job updated: 6350064
	5618  -  MemoryUsage of job (MB)
	5752824  -  ResidentSetSize of job (KB)
...
006 (016.1117.000) 05/09 00:23:12 Image size of job updated: 6496496
	5653  -  MemoryUsage of job (MB)
	5788068  -  ResidentSetSize of job (KB)
...
006 (016.1117.000) 05/09 00:23:18 Image size of job updated: 6496496
	5657  -  MemoryUsage of job (MB)
	5792160  -  ResidentSetSize of job (KB)
...
006 (016.1117.000) 05/09 00:23:24 Image size of job updated: 6647024
	5658  -  MemoryUsage of job (MB)
	5792820  -  ResidentSetSize of job (KB)
...
006 (016.1117.000) 05/09 00:23:30 Image size of job updated: 6685936
	5694  -  MemoryUsage of job (MB)
	5829780  -  ResidentSetSize of job (KB)
...
006 (016.1117.000) 05/09 00:23:36 Image size of job updated: 6743280
	5752  -  MemoryUsage of job (MB)
	5889180  -  ResidentSetSize of job (KB)
...
006 (016.1117.000) 05/09 00:23:42 Image size of job updated: 6783216
	5808  -  MemoryUsage of job (MB)
	5947128  -  ResidentSetSize of job (KB)
...
006 (016.1117.000) 05/09 00:23:48 Image size of job updated: 6875376
	5867  -  MemoryUsage of job (MB)
	6007584  -  ResidentSetSize of job (KB)
...
006 (016.1117.000) 05/09 00:23:54 Image size of job updated: 6948080
	5926  -  MemoryUsage of job (MB)
	6068040  -  ResidentSetSize of job (KB)
...
006 (016.1117.000) 05/09 00:24:00 Image size of job updated: 6948080
	5985  -  MemoryUsage of job (MB)
	6128232  -  ResidentSetSize of job (KB)
...
006 (016.1117.000) 05/09 00:24:06 Image size of job updated: 6948080
	6046  -  MemoryUsage of job (MB)
	6190668  -  ResidentSetSize of job (KB)
...
006 (016.1117.000) 05/09 00:24:12 Image size of job updated: 7122160
	6092  -  MemoryUsage of job (MB)
	6237660  -  ResidentSetSize of job (KB)
...
006 (016.1117.000) 05/09 00:24:18 Image size of job updated: 7122160
	6113  -  MemoryUsage of job (MB)
	6259572  -  ResidentSetSize of job (KB)
...
006 (016.1117.000) 05/09 00:24:24 Image size of job updated: 7205104
	6136  -  MemoryUsage of job (MB)
	6282276  -  ResidentSetSize of job (KB)
...
006 (016.1117.000) 05/09 00:24:30 Image size of job updated: 7287024
	6446  -  MemoryUsage of job (MB)
	6600000  -  ResidentSetSize of job (KB)
...
006 (016.1117.000) 05/09 00:24:36 Image size of job updated: 7459824
	6478  -  MemoryUsage of job (MB)
	6633396  -  ResidentSetSize of job (KB)
...
005 (016.1117.000) 05/09 00:24:39 Job terminated.
	(1) Normal termination (return value 0)
		Usr 0 00:24:19, Sys 0 00:00:08  -  Run Remote Usage
		Usr 0 00:00:00, Sys 0 00:00:00  -  Run Local Usage
		Usr 0 00:24:19, Sys 0 00:00:08  -  Total Remote Usage
		Usr 0 00:00:00, Sys 0 00:00:00  -  Total Local Usage
	0  -  Run Bytes Sent By Job
	0  -  Run Bytes Received By Job
	0  -  Total Bytes Sent By Job
	0  -  Total Bytes Received By Job
	Partitionable Resources :      Usage  Request Allocated 
	   Cpus                 :       0.80        1         1 
	   Disk (KB)            : 2000000     2000000   6275465 
	   Memory (MB)          :    6478        1954      2007 
...
