000 (205.10609.000) 05/06 03:22:51 Job submitted from host: <127.0.0.1:9618?addrs=127.0.0.1-9618&noUDP&sock=222_da1d_4>
...
033 (205.10609.000) 05/06 14:24:42 Changing job attribute JobPrio from 0 to -5
...
000 (007.10609.000) 05/07 19:01:23 Job submitted from host: <127.0.0.1:9618?addrs=127.0.0.1-9618&noUDP&sock=215_0cf3_4>
...
000 (016.10609.000) 05/08 15:58:25 Job submitted from host: <127.0.0.1:9618?addrs=127.0.0.1-9618&noUDP&sock=227_4816_4>
...
009 (016.10609.000) 05/09 16:56:53 Job was aborted by the user.
	via condor_rm (by user aw868)
...
000 (014.3448.000) 05/09 17:32:02 Job submitted from host: <127.0.0.1:9618?addrs=127.0.0.1-9618&noUDP&sock=212_fe2a_4>
...
033 (014.3448.000) 05/09 17:33:39 Changing job attribute JobPrio from 0 to -10
...
033 (014.3448.000) 05/09 21:36:03 Changing job attribute JobPrio from -10 to -15
...
001 (014.3448.000) 05/11 04:24:25 Job executing on host: <127.0.0.1:9618?addrs=127.0.0.1-9618&noUDP&sock=212_fe2a_5>
...
006 (014.3448.000) 05/11 04:24:30 Image size of job updated: 2000000
	112  -  MemoryUsage of job (MB)
	114048  -  ResidentSetSize of job (KB)
...
006 (014.3448.000) 05/11 04:24:35 Image size of job updated: 2000000
	115  -  MemoryUsage of job (MB)
	117084  -  ResidentSetSize of job (KB)
...
006 (014.3448.000) 05/11 04:24:55 Image size of job updated: 2000000
	178  -  MemoryUsage of job (MB)
	181896  -  ResidentSetSize of job (KB)
...
006 (014.3448.000) 05/11 04:25:00 Image size of job updated: 2000000
	211  -  MemoryUsage of job (MB)
	215556  -  ResidentSetSize of job (KB)
...
006 (014.3448.000) 05/11 04:25:05 Image size of job updated: 2000000
	211  -  MemoryUsage of job (MB)
	215820  -  ResidentSetSize of job (KB)
...
006 (014.3448.000) 05/11 04:25:10 Image size of job updated: 2000000
	217  -  MemoryUsage of job (MB)
	222024  -  ResidentSetSize of job (KB)
...
006 (014.3448.000) 05/11 04:25:17 Image size of job updated: 2000000
	225  -  MemoryUsage of job (MB)
	230076  -  ResidentSetSize of job (KB)
...
006 (014.3448.000) 05/11 04:25:21 Image size of job updated: 2000000
	233  -  MemoryUsage of job (MB)
	238128  -  ResidentSetSize of job (KB)
...
006 (014.3448.000) 05/11 04:25:26 Image size of job updated: 2000000
	243  -  MemoryUsage of job (MB)
	248028  -  ResidentSetSize of job (KB)
...
006 (014.3448.000) 05/11 04:25:31 Image size of job updated: 2000000
	253  -  MemoryUsage of job (MB)
	258060  -  ResidentSetSize of job (KB)
...
006 (014.3448.000) 05/11 04:25:36 Image size of job updated: 2000000
	261  -  MemoryUsage of job (MB)
	266508  -  ResidentSetSize of job (KB)
...
006 (014.3448.000) 05/11 04:25:41 Image size of job updated: 2000000
	266  -  MemoryUsage of job (MB)
	272184  -  ResidentSetSize of job (KB)
...
006 (014.3448.000) 05/11 04:25:46 Image size of job updated: 2000000
	273  -  MemoryUsage of job (MB)
	278916  -  ResidentSetSize of job (KB)
...
006 (014.3448.000) 05/11 04:25:51 Image size of job updated: 2000000
	297  -  MemoryUsage of job (MB)
	303732  -  ResidentSetSize of job (KB)
...
006 (014.3448.000) 05/11 04:25:56 Image size of job updated: 2000000
	340  -  MemoryUsage of job (MB)
	347424  -  ResidentSetSize of job (KB)
...
006 (014.3448.000) 05/11 04:26:01 Image size of job updated: 2000000
	377  -  MemoryUsage of job (MB)
	385308  -  ResidentSetSize of job (KB)
...
006 (014.3448.000) 05/11 04:26:06 Image size of job updated: 2000000
	379  -  MemoryUsage of job (MB)
	388080  -  ResidentSetSize of job (KB)
...
006 (014.3448.000) 05/11 04:26:11 Image size of job updated: 2000000
	452  -  MemoryUsage of job (MB)
	462396  -  ResidentSetSize of job (KB)
...
006 (014.3448.000) 05/11 04:26:35 Image size of job updated: 2000000
	498  -  MemoryUsage of job (MB)
	509256  -  ResidentSetSize of job (KB)
...
006 (014.3448.000) 05/11 04:27:33 Image size of job updated: 2000000
	1242  -  MemoryUsage of job (MB)
	1271424  -  ResidentSetSize of job (KB)
...
006 (014.3448.000) 05/11 04:45:54 Image size of job updated: 2000000
	1556  -  MemoryUsage of job (MB)
	1592580  -  ResidentSetSize of job (KB)
...
006 (014.3448.000) 05/11 04:46:00 Image size of job updated: 2000000
	1803  -  MemoryUsage of job (MB)
	1846020  -  ResidentSetSize of job (KB)
...
006 (014.3448.000) 05/11 04:46:06 Image size of job updated: 2654448
	1941  -  MemoryUsage of job (MB)
	1987524  -  ResidentSetSize of job (KB)
...
006 (014.3448.000) 05/11 04:46:12 Image size of job updated: 2654448
	1995  -  MemoryUsage of job (MB)
	2042304  -  ResidentSetSize of job (KB)
...
006 (014.3448.000) 05/11 04:46:18 Image size of job updated: 2788592
	2156  -  MemoryUsage of job (MB)
	2207304  -  ResidentSetSize of job (KB)
...
006 (014.3448.000) 05/11 04:46:24 Image size of job updated: 2926832
	2248  -  MemoryUsage of job (MB)
	2301948  -  ResidentSetSize of job (KB)
...
006 (014.3448.000) 05/11 04:46:30 Image size of job updated: 2970864
	2306  -  MemoryUsage of job (MB)
	2360952  -  ResidentSetSize of job (KB)
...
006 (014.3448.000) 05/11 04:46:36 Image size of job updated: 3077360
	2371  -  MemoryUsage of job (MB)
	2427612  -  ResidentSetSize of job (KB)
...
006 (014.3448.000) 05/11 04:46:42 Image size of job updated: 3106032
	2430  -  MemoryUsage of job (MB)
	2487936  -  ResidentSetSize of job (KB)
...
006 (014.3448.000) 05/11 04:46:48 Image size of job updated: 3106032
	2483  -  MemoryUsage of job (MB)
	2542452  -  ResidentSetSize of job (KB)
...
006 (014.3448.000) 05/11 04:46:54 Image size of job updated: 3248368
	2538  -  MemoryUsage of job (MB)
	2597892  -  ResidentSetSize of job (KB)
...
006 (014.3448.000) 05/11 04:47:00 Image size of job updated: 3248368
	2592  -  MemoryUsage of job (MB)
	2653200  -  ResidentSetSize of job (KB)
...
006 (014.3448.000) 05/11 04:47:06 Image size of job updated: 3248368
	2646  -  MemoryUsage of job (MB)
	2709300  -  ResidentSetSize of job (KB)
...
006 (014.3448.000) 05/11 04:47:12 Image size of job updated: 3387632
	2701  -  MemoryUsage of job (MB)
	2764872  -  ResidentSetSize of job (KB)
...
006 (014.3448.000) 05/11 04:47:18 Image size of job updated: 3387632
	2755  -  MemoryUsage of job (MB)
	2820708  -  ResidentSetSize of job (KB)
...
006 (014.3448.000) 05/11 04:47:24 Image size of job updated: 3525872
	2809  -  MemoryUsage of job (MB)
	2876280  -  ResidentSetSize of job (KB)
...
006 (014.3448.000) 05/11 04:47:30 Image size of job updated: 3574000
	2863  -  MemoryUsage of job (MB)
	2931456  -  ResidentSetSize of job (KB)
...
006 (014.3448.000) 05/11 04:47:36 Image size of job updated: 3646704
	2917  -  MemoryUsage of job (MB)
	2986236  -  ResidentSetSize of job (KB)
...
006 (014.3448.000) 05/11 04:47:42 Image size of job updated: 3691760
	2970  -  MemoryUsage of job (MB)
	3040488  -  ResidentSetSize of job (KB)
...
006 (014.3448.000) 05/11 04:47:48 Image size of job updated: 3691760
	3024  -  MemoryUsage of job (MB)
	3096060  -  ResidentSetSize of job (KB)
...
006 (014.3448.000) 05/11 04:47:54 Image size of job updated: 3691760
	3078  -  MemoryUsage of job (MB)
	3151632  -  ResidentSetSize of job (KB)
...
006 (014.3448.000) 05/11 04:48:00 Image size of job updated: 3827952
	3130  -  MemoryUsage of job (MB)
	3204564  -  ResidentSetSize of job (KB)
...
006 (014.3448.000) 05/11 04:48:06 Image size of job updated: 3827952
	3184  -  MemoryUsage of job (MB)
	3259872  -  ResidentSetSize of job (KB)
...
006 (014.3448.000) 05/11 04:48:12 Image size of job updated: 3960048
	3237  -  MemoryUsage of job (MB)
	3313860  -  ResidentSetSize of job (KB)
...
006 (014.3448.000) 05/11 04:48:18 Image size of job updated: 3960048
	3290  -  MemoryUsage of job (MB)
	3368772  -  ResidentSetSize of job (KB)
...
006 (014.3448.000) 05/11 04:48:24 Image size of job updated: 3960048
	3337  -  MemoryUsage of job (MB)
	3416688  -  ResidentSetSize of job (KB)
...
006 (014.3448.000) 05/11 04:48:30 Image size of job updated: 4103408
	3359  -  MemoryUsage of job (MB)
	3439128  -  ResidentSetSize of job (KB)
...
006 (014.3448.000) 05/11 04:48:36 Image size of job updated: 4103408
	3393  -  MemoryUsage of job (MB)
	3473448  -  ResidentSetSize of job (KB)
...
006 (014.3448.000) 05/11 04:48:42 Image size of job updated: 4103408
	3425  -  MemoryUsage of job (MB)
	3506712  -  ResidentSetSize of job (KB)
...
006 (014.3448.000) 05/11 04:48:48 Image size of job updated: 4286704
	3463  -  MemoryUsage of job (MB)
	3545916  -  ResidentSetSize of job (KB)
...
006 (014.3448.000) 05/11 04:48:54 Image size of job updated: 4329712
	3514  -  MemoryUsage of job (MB)
	3597396  -  ResidentSetSize of job (KB)
...
006 (014.3448.000) 05/11 04:49:00 Image size of job updated: 4376816
	3565  -  MemoryUsage of job (MB)
	3649932  -  ResidentSetSize of job (KB)
...
006 (014.3448.000) 05/11 04:49:06 Image size of job updated: 4419824
	3616  -  MemoryUsage of job (MB)
	3701940  -  ResidentSetSize of job (KB)
...
006 (014.3448.000) 05/11 04:49:12 Image size of job updated: 4481264
	3665  -  MemoryUsage of job (MB)
	3752628  -  ResidentSetSize of job (KB)
...
006 (014.3448.000) 05/11 04:49:18 Image size of job updated: 4545776
	3715  -  MemoryUsage of job (MB)
	3803448  -  ResidentSetSize of job (KB)
...
006 (014.3448.000) 05/11 04:49:24 Image size of job updated: 4545776
	3764  -  MemoryUsage of job (MB)
	3854136  -  ResidentSetSize of job (KB)
...
006 (014.3448.000) 05/11 04:49:30 Image size of job updated: 4631792
	3814  -  MemoryUsage of job (MB)
	3904956  -  ResidentSetSize of job (KB)
...
006 (014.3448.000) 05/11 04:49:36 Image size of job updated: 4631792
	3864  -  MemoryUsage of job (MB)
	3956172  -  ResidentSetSize of job (KB)
...
006 (014.3448.000) 05/11 04:49:42 Image size of job updated: 4631792
	3915  -  MemoryUsage of job (MB)
	4008576  -  ResidentSetSize of job (KB)
...
006 (014.3448.000) 05/11 04:49:48 Image size of job updated: 4760816
	3967  -  MemoryUsage of job (MB)
	4061508  -  ResidentSetSize of job (KB)
...
006 (014.3448.000) 05/11 04:49:54 Image size of job updated: 4760816
	4017  -  MemoryUsage of job (MB)
	4113120  -  ResidentSetSize of job (KB)
...
006 (014.3448.000) 05/11 04:50:00 Image size of job updated: 4888816
	4050  -  MemoryUsage of job (MB)
	4147176  -  ResidentSetSize of job (KB)
...
006 (014.3448.000) 05/11 04:50:06 Image size of job updated: 4888816
	4070  -  MemoryUsage of job (MB)
	4167240  -  ResidentSetSize of job (KB)
...
006 (014.3448.000) 05/11 04:50:12 Image size of job updated: 4888816
	4094  -  MemoryUsage of job (MB)
	4191264  -  ResidentSetSize of job (KB)
...
006 (014.3448.000) 05/11 04:50:28 Image size of job updated: 5018864
	4094  -  MemoryUsage of job (MB)
	4191264  -  ResidentSetSize of job (KB)
...
006 (014.3448.000) 05/11 04:50:53 Image size of job updated: 5145840
	4316  -  MemoryUsage of job (MB)
	4418568  -  ResidentSetSize of job (KB)
...
006 (014.3448.000) 05/11 04:51:13 Image size of job updated: 5419248
	4421  -  MemoryUsage of job (MB)
	4526808  -  ResidentSetSize of job (KB)
...
006 (014.3448.000) 05/11 04:51:26 Image size of job updated: 5419248
	4514  -  MemoryUsage of job (MB)
	4621848  -  ResidentSetSize of job (KB)
...
006 (014.3448.000) 05/11 04:51:34 Image size of job updated: 5540080
	4524  -  MemoryUsage of job (MB)
	4632144  -  ResidentSetSize of job (KB)
...
006 (014.3448.000) 05/11 04:51:40 Image size of job updated: 5540080
	4579  -  MemoryUsage of job (MB)
	4688112  -  ResidentSetSize of job (KB)
...
006 (014.3448.000) 05/11 04:51:46 Image size of job updated: 5647600
	4631  -  MemoryUsage of job (MB)
	4741176  -  ResidentSetSize of job (KB)
...
006 (014.3448.000) 05/11 04:51:52 Image size of job updated: 5647600
	4675  -  MemoryUsage of job (MB)
	4786980  -  ResidentSetSize of job (KB)
...
006 (014.3448.000) 05/11 04:51:57 Image size of job updated: 5647600
	4714  -  MemoryUsage of job (MB)
	4826184  -  ResidentSetSize of job (KB)
...
006 (014.3448.000) 05/11 04:52:02 Image size of job updated: 5773552
	4735  -  MemoryUsage of job (MB)
	4848360  -  ResidentSetSize of job (KB)
...
006 (014.3448.000) 05/11 04:52:07 Image size of job updated: 5811440
	4779  -  MemoryUsage of job (MB)
	4893240  -  ResidentSetSize of job (KB)
...
006 (014.3448.000) 05/11 04:52:12 Image size of job updated: 5881072
	4819  -  MemoryUsage of job (MB)
	4934424  -  ResidentSetSize of job (KB)
...
006 (014.3448.000) 05/11 04:52:17 Image size of job updated: 5894384
	4864  -  MemoryUsage of job (MB)
	4979832  -  ResidentSetSize of job (KB)
...
006 (014.3448.000) 05/11 04:52:22 Image size of job updated: 5933296
	4909  -  MemoryUsage of job (MB)
	5026428  -  ResidentSetSize of job (KB)
...
006 (014.3448.000) 05/11 04:52:27 Image size of job updated: 5982448
	4958  -  MemoryUsage of job (MB)
	5076720  -  ResidentSetSize of job (KB)
...
006 (014.3448.000) 05/11 04:52:32 Image size of job updated: 6034672
	5014  -  MemoryUsage of job (MB)
	5133480  -  ResidentSetSize of job (KB)
...
006 (014.3448.000) 05/11 04:52:37 Image size of job updated: 6116592
	5073  -  MemoryUsage of job (MB)
	5194332  -  ResidentSetSize of job (KB)
...
006 (014.3448.000) 05/11 04:52:42 Image size of job updated: 6150384
	5122  -  MemoryUsage of job (MB)
	5243964  -  ResidentSetSize of job (KB)
...
006 (014.3448.000) 05/11 04:52:47 Image size of job updated: 6212848
	5177  -  MemoryUsage of job (MB)
	5300592  -  ResidentSetSize of job (KB)
...
006 (014.3448.000) 05/11 04:52:52 Image size of job updated: 6212848
	5232  -  MemoryUsage of job (MB)
	5357220  -  ResidentSetSize of job (KB)
...
006 (014.3448.000) 05/11 04:52:57 Image size of job updated: 6212848
	5286  -  MemoryUsage of job (MB)
	5412660  -  ResidentSetSize of job (KB)
...
006 (014.3448.000) 05/11 04:53:02 Image size of job updated: 6381808
	5343  -  MemoryUsage of job (MB)
	5470740  -  ResidentSetSize of job (KB)
...
006 (014.3448.000) 05/11 04:53:07 Image size of job updated: 6381808
	5400  -  MemoryUsage of job (MB)
	5529216  -  ResidentSetSize of job (KB)
...
006 (014.3448.000) 05/11 04:53:12 Image size of job updated: 6381808
	5456  -  MemoryUsage of job (MB)
	5586240  -  ResidentSetSize of job (KB)
...
006 (014.3448.000) 05/11 04:53:17 Image size of job updated: 6555888
	5498  -  MemoryUsage of job (MB)
	5629536  -  ResidentSetSize of job (KB)
...
006 (014.3448.000) 05/11 04:53:22 Image size of job updated: 6555888
	5797  -  MemoryUsage of job (MB)
	5935776  -  ResidentSetSize of job (KB)
...
006 (014.3448.000) 05/11 04:53:27 Image size of job updated: 6555888
	5816  -  MemoryUsage of job (MB)
	5954784  -  ResidentSetSize of job (KB)
...
005 (014.3448.000) 05/11 04:53:30 Job terminated.
	(1) Normal termination (return value 0)
		Usr 0 00:27:35, Sys 0 00:00:24  -  Run Remote Usage
		Usr 0 00:00:00, Sys 0 00:00:00  -  Run Local Usage
		Usr 0 00:27:35, Sys 0 00:00:24  -  Total Remote Usage
		Usr 0 00:00:00, Sys 0 00:00:00  -  Total Local Usage
	0  -  Run Bytes Sent By Job
	0  -  Run Bytes Received By Job
	0  -  Total Bytes Sent By Job
	0  -  Total Bytes Received By Job
	Partitionable Resources :      Usage  Request Allocated 
	   Cpus                 :       0.99        1         1 
	   Disk (KB)            : 2000000     2000000   6232219 
	   Memory (MB)          :    5816        1954      2007 
...
