000 (005.2342.000) 05/05 20:22:34 Job submitted from host: <127.0.0.1:9618?addrs=127.0.0.1-9618&noUDP&sock=227_4816_4>
...
001 (005.2342.000) 05/06 11:16:16 Job executing on host: <127.0.0.1:9618?addrs=127.0.0.1-9618&noUDP&sock=227_4816_5>
...
006 (005.2342.000) 05/06 11:16:22 Image size of job updated: 2000000
	101  -  MemoryUsage of job (MB)
	102960  -  ResidentSetSize of job (KB)
...
006 (005.2342.000) 05/06 11:16:46 Image size of job updated: 2000000
	170  -  MemoryUsage of job (MB)
	173712  -  ResidentSetSize of job (KB)
...
006 (005.2342.000) 05/06 11:16:52 Image size of job updated: 2000000
	184  -  MemoryUsage of job (MB)
	187968  -  ResidentSetSize of job (KB)
...
006 (005.2342.000) 05/06 11:16:58 Image size of job updated: 2000000
	187  -  MemoryUsage of job (MB)
	190872  -  ResidentSetSize of job (KB)
...
006 (005.2342.000) 05/06 11:17:04 Image size of job updated: 2000000
	199  -  MemoryUsage of job (MB)
	203148  -  ResidentSetSize of job (KB)
...
006 (005.2342.000) 05/06 11:17:10 Image size of job updated: 2000000
	211  -  MemoryUsage of job (MB)
	215292  -  ResidentSetSize of job (KB)
...
006 (005.2342.000) 05/06 11:17:16 Image size of job updated: 2000000
	220  -  MemoryUsage of job (MB)
	225192  -  ResidentSetSize of job (KB)
...
006 (005.2342.000) 05/06 11:17:22 Image size of job updated: 2000000
	232  -  MemoryUsage of job (MB)
	237468  -  ResidentSetSize of job (KB)
...
006 (005.2342.000) 05/06 11:17:28 Image size of job updated: 2000000
	240  -  MemoryUsage of job (MB)
	245256  -  ResidentSetSize of job (KB)
...
006 (005.2342.000) 05/06 11:17:34 Image size of job updated: 2000000
	267  -  MemoryUsage of job (MB)
	273108  -  ResidentSetSize of job (KB)
...
006 (005.2342.000) 05/06 11:17:39 Image size of job updated: 2000000
	298  -  MemoryUsage of job (MB)
	304920  -  ResidentSetSize of job (KB)
...
006 (005.2342.000) 05/06 11:17:44 Image size of job updated: 2000000
	329  -  MemoryUsage of job (MB)
	336204  -  ResidentSetSize of job (KB)
...
006 (005.2342.000) 05/06 11:17:49 Image size of job updated: 2000000
	361  -  MemoryUsage of job (MB)
	369468  -  ResidentSetSize of job (KB)
...
006 (005.2342.000) 05/06 11:17:54 Image size of job updated: 2000000
	421  -  MemoryUsage of job (MB)
	430188  -  ResidentSetSize of job (KB)
...
006 (005.2342.000) 05/06 11:17:59 Image size of job updated: 2000000
	469  -  MemoryUsage of job (MB)
	479556  -  ResidentSetSize of job (KB)
...
006 (005.2342.000) 05/06 11:18:04 Image size of job updated: 2000000
	1169  -  MemoryUsage of job (MB)
	1196448  -  ResidentSetSize of job (KB)
...
006 (005.2342.000) 05/06 11:33:58 Image size of job updated: 2000000
	1169  -  MemoryUsage of job (MB)
	1196712  -  ResidentSetSize of job (KB)
...
006 (005.2342.000) 05/06 11:34:03 Image size of job updated: 2000000
	1171  -  MemoryUsage of job (MB)
	1198428  -  ResidentSetSize of job (KB)
...
006 (005.2342.000) 05/06 11:34:08 Image size of job updated: 2000000
	1240  -  MemoryUsage of job (MB)
	1268916  -  ResidentSetSize of job (KB)
...
006 (005.2342.000) 05/06 11:34:13 Image size of job updated: 2193292
	1552  -  MemoryUsage of job (MB)
	1588356  -  ResidentSetSize of job (KB)
...
006 (005.2342.000) 05/06 11:34:18 Image size of job updated: 2262476
	1673  -  MemoryUsage of job (MB)
	1712568  -  ResidentSetSize of job (KB)
...
006 (005.2342.000) 05/06 11:34:23 Image size of job updated: 2337516
	1885  -  MemoryUsage of job (MB)
	1929972  -  ResidentSetSize of job (KB)
...
006 (005.2342.000) 05/06 11:34:28 Image size of job updated: 2562028
	1939  -  MemoryUsage of job (MB)
	1985412  -  ResidentSetSize of job (KB)
...
006 (005.2342.000) 05/06 11:34:33 Image size of job updated: 2562028
	1981  -  MemoryUsage of job (MB)
	2028444  -  ResidentSetSize of job (KB)
...
006 (005.2342.000) 05/06 11:34:38 Image size of job updated: 2680812
	2011  -  MemoryUsage of job (MB)
	2058672  -  ResidentSetSize of job (KB)
...
006 (005.2342.000) 05/06 11:34:44 Image size of job updated: 2710508
	2055  -  MemoryUsage of job (MB)
	2104080  -  ResidentSetSize of job (KB)
...
006 (005.2342.000) 05/06 11:34:50 Image size of job updated: 2745324
	2098  -  MemoryUsage of job (MB)
	2147640  -  ResidentSetSize of job (KB)
...
006 (005.2342.000) 05/06 11:34:56 Image size of job updated: 2788332
	2135  -  MemoryUsage of job (MB)
	2185788  -  ResidentSetSize of job (KB)
...
006 (005.2342.000) 05/06 11:35:02 Image size of job updated: 2852844
	2174  -  MemoryUsage of job (MB)
	2225652  -  ResidentSetSize of job (KB)
...
006 (005.2342.000) 05/06 11:35:08 Image size of job updated: 2885612
	2213  -  MemoryUsage of job (MB)
	2265120  -  ResidentSetSize of job (KB)
...
006 (005.2342.000) 05/06 11:35:14 Image size of job updated: 2885612
	2250  -  MemoryUsage of job (MB)
	2303532  -  ResidentSetSize of job (KB)
...
006 (005.2342.000) 05/06 11:35:20 Image size of job updated: 2885612
	2288  -  MemoryUsage of job (MB)
	2341944  -  ResidentSetSize of job (KB)
...
006 (005.2342.000) 05/06 11:35:26 Image size of job updated: 2980844
	2327  -  MemoryUsage of job (MB)
	2382072  -  ResidentSetSize of job (KB)
...
006 (005.2342.000) 05/06 11:35:32 Image size of job updated: 2980844
	2361  -  MemoryUsage of job (MB)
	2416656  -  ResidentSetSize of job (KB)
...
006 (005.2342.000) 05/06 11:35:38 Image size of job updated: 3080172
	2398  -  MemoryUsage of job (MB)
	2455068  -  ResidentSetSize of job (KB)
...
006 (005.2342.000) 05/06 11:35:44 Image size of job updated: 3127276
	2441  -  MemoryUsage of job (MB)
	2499552  -  ResidentSetSize of job (KB)
...
006 (005.2342.000) 05/06 11:35:50 Image size of job updated: 3161068
	2481  -  MemoryUsage of job (MB)
	2539812  -  ResidentSetSize of job (KB)
...
006 (005.2342.000) 05/06 11:35:56 Image size of job updated: 3194860
	2518  -  MemoryUsage of job (MB)
	2578092  -  ResidentSetSize of job (KB)
...
006 (005.2342.000) 05/06 11:36:02 Image size of job updated: 3231724
	2560  -  MemoryUsage of job (MB)
	2621256  -  ResidentSetSize of job (KB)
...
006 (005.2342.000) 05/06 11:36:08 Image size of job updated: 3267564
	2598  -  MemoryUsage of job (MB)
	2659800  -  ResidentSetSize of job (KB)
...
006 (005.2342.000) 05/06 11:36:14 Image size of job updated: 3291116
	2638  -  MemoryUsage of job (MB)
	2700984  -  ResidentSetSize of job (KB)
...
006 (005.2342.000) 05/06 11:36:20 Image size of job updated: 3351532
	2677  -  MemoryUsage of job (MB)
	2740848  -  ResidentSetSize of job (KB)
...
006 (005.2342.000) 05/06 11:36:26 Image size of job updated: 3370988
	2711  -  MemoryUsage of job (MB)
	2775564  -  ResidentSetSize of job (KB)
...
006 (005.2342.000) 05/06 11:36:32 Image size of job updated: 3408876
	2751  -  MemoryUsage of job (MB)
	2816352  -  ResidentSetSize of job (KB)
...
006 (005.2342.000) 05/06 11:36:38 Image size of job updated: 3408876
	2790  -  MemoryUsage of job (MB)
	2856612  -  ResidentSetSize of job (KB)
...
006 (005.2342.000) 05/06 11:36:44 Image size of job updated: 3509228
	2828  -  MemoryUsage of job (MB)
	2895684  -  ResidentSetSize of job (KB)
...
006 (005.2342.000) 05/06 11:36:50 Image size of job updated: 3509228
	2868  -  MemoryUsage of job (MB)
	2935812  -  ResidentSetSize of job (KB)
...
006 (005.2342.000) 05/06 11:36:56 Image size of job updated: 3509228
	2906  -  MemoryUsage of job (MB)
	2975412  -  ResidentSetSize of job (KB)
...
006 (005.2342.000) 05/06 11:37:02 Image size of job updated: 3612652
	2941  -  MemoryUsage of job (MB)
	3010656  -  ResidentSetSize of job (KB)
...
006 (005.2342.000) 05/06 11:37:08 Image size of job updated: 3612652
	2978  -  MemoryUsage of job (MB)
	3049464  -  ResidentSetSize of job (KB)
...
006 (005.2342.000) 05/06 11:37:14 Image size of job updated: 3716076
	3020  -  MemoryUsage of job (MB)
	3092232  -  ResidentSetSize of job (KB)
...
006 (005.2342.000) 05/06 11:37:20 Image size of job updated: 3716076
	3058  -  MemoryUsage of job (MB)
	3130512  -  ResidentSetSize of job (KB)
...
006 (005.2342.000) 05/06 11:37:26 Image size of job updated: 3716076
	3095  -  MemoryUsage of job (MB)
	3168660  -  ResidentSetSize of job (KB)
...
006 (005.2342.000) 05/06 11:37:32 Image size of job updated: 3810284
	3132  -  MemoryUsage of job (MB)
	3206412  -  ResidentSetSize of job (KB)
...
006 (005.2342.000) 05/06 11:37:38 Image size of job updated: 3810284
	3169  -  MemoryUsage of job (MB)
	3244296  -  ResidentSetSize of job (KB)
...
006 (005.2342.000) 05/06 11:37:44 Image size of job updated: 3904492
	3204  -  MemoryUsage of job (MB)
	3280596  -  ResidentSetSize of job (KB)
...
006 (005.2342.000) 05/06 11:37:50 Image size of job updated: 3904492
	3246  -  MemoryUsage of job (MB)
	3323628  -  ResidentSetSize of job (KB)
...
006 (005.2342.000) 05/06 11:37:56 Image size of job updated: 3904492
	3302  -  MemoryUsage of job (MB)
	3381048  -  ResidentSetSize of job (KB)
...
006 (005.2342.000) 05/06 11:38:02 Image size of job updated: 4040684
	3343  -  MemoryUsage of job (MB)
	3422496  -  ResidentSetSize of job (KB)
...
006 (005.2342.000) 05/06 11:38:08 Image size of job updated: 4040684
	3376  -  MemoryUsage of job (MB)
	3456288  -  ResidentSetSize of job (KB)
...
006 (005.2342.000) 05/06 11:38:14 Image size of job updated: 4040684
	3413  -  MemoryUsage of job (MB)
	3494700  -  ResidentSetSize of job (KB)
...
006 (005.2342.000) 05/06 11:38:20 Image size of job updated: 4123628
	3452  -  MemoryUsage of job (MB)
	3534168  -  ResidentSetSize of job (KB)
...
006 (005.2342.000) 05/06 11:38:26 Image size of job updated: 4123628
	3483  -  MemoryUsage of job (MB)
	3565980  -  ResidentSetSize of job (KB)
...
006 (005.2342.000) 05/06 11:38:32 Image size of job updated: 4213740
	3523  -  MemoryUsage of job (MB)
	3607428  -  ResidentSetSize of job (KB)
...
006 (005.2342.000) 05/06 11:38:38 Image size of job updated: 4213740
	3562  -  MemoryUsage of job (MB)
	3646632  -  ResidentSetSize of job (KB)
...
006 (005.2342.000) 05/06 11:38:44 Image size of job updated: 4213740
	3598  -  MemoryUsage of job (MB)
	3683856  -  ResidentSetSize of job (KB)
...
006 (005.2342.000) 05/06 11:38:50 Image size of job updated: 4312044
	3632  -  MemoryUsage of job (MB)
	3718704  -  ResidentSetSize of job (KB)
...
006 (005.2342.000) 05/06 11:38:56 Image size of job updated: 4312044
	3671  -  MemoryUsage of job (MB)
	3758832  -  ResidentSetSize of job (KB)
...
006 (005.2342.000) 05/06 11:39:02 Image size of job updated: 4415468
	3705  -  MemoryUsage of job (MB)
	3793680  -  ResidentSetSize of job (KB)
...
006 (005.2342.000) 05/06 11:39:08 Image size of job updated: 4415468
	3746  -  MemoryUsage of job (MB)
	3834996  -  ResidentSetSize of job (KB)
...
006 (005.2342.000) 05/06 11:39:14 Image size of job updated: 4503532
	3786  -  MemoryUsage of job (MB)
	3876576  -  ResidentSetSize of job (KB)
...
006 (005.2342.000) 05/06 11:39:20 Image size of job updated: 4504556
	3815  -  MemoryUsage of job (MB)
	3906540  -  ResidentSetSize of job (KB)
...
006 (005.2342.000) 05/06 11:39:26 Image size of job updated: 4504556
	3855  -  MemoryUsage of job (MB)
	3947064  -  ResidentSetSize of job (KB)
...
006 (005.2342.000) 05/06 11:39:32 Image size of job updated: 4600812
	3891  -  MemoryUsage of job (MB)
	3983496  -  ResidentSetSize of job (KB)
...
006 (005.2342.000) 05/06 11:39:38 Image size of job updated: 4600812
	3925  -  MemoryUsage of job (MB)
	4018872  -  ResidentSetSize of job (KB)
...
006 (005.2342.000) 05/06 11:39:44 Image size of job updated: 4600812
	3962  -  MemoryUsage of job (MB)
	4057020  -  ResidentSetSize of job (KB)
...
006 (005.2342.000) 05/06 11:39:50 Image size of job updated: 4691948
	4001  -  MemoryUsage of job (MB)
	4096752  -  ResidentSetSize of job (KB)
...
006 (005.2342.000) 05/06 11:39:56 Image size of job updated: 4691948
	4036  -  MemoryUsage of job (MB)
	4132128  -  ResidentSetSize of job (KB)
...
006 (005.2342.000) 05/06 11:40:02 Image size of job updated: 4785132
	4070  -  MemoryUsage of job (MB)
	4167636  -  ResidentSetSize of job (KB)
...
006 (005.2342.000) 05/06 11:40:08 Image size of job updated: 4785132
	4106  -  MemoryUsage of job (MB)
	4204068  -  ResidentSetSize of job (KB)
...
006 (005.2342.000) 05/06 11:40:14 Image size of job updated: 4785132
	4144  -  MemoryUsage of job (MB)
	4242612  -  ResidentSetSize of job (KB)
...
006 (005.2342.000) 05/06 11:40:20 Image size of job updated: 4878316
	4176  -  MemoryUsage of job (MB)
	4275612  -  ResidentSetSize of job (KB)
...
006 (005.2342.000) 05/06 11:40:27 Image size of job updated: 4878316
	4217  -  MemoryUsage of job (MB)
	4317324  -  ResidentSetSize of job (KB)
...
006 (005.2342.000) 05/06 11:40:32 Image size of job updated: 4972524
	4248  -  MemoryUsage of job (MB)
	4349136  -  ResidentSetSize of job (KB)
...
006 (005.2342.000) 05/06 11:40:37 Image size of job updated: 4972524
	4279  -  MemoryUsage of job (MB)
	4380816  -  ResidentSetSize of job (KB)
...
006 (005.2342.000) 05/06 11:40:42 Image size of job updated: 5020652
	4309  -  MemoryUsage of job (MB)
	4411968  -  ResidentSetSize of job (KB)
...
006 (005.2342.000) 05/06 11:40:47 Image size of job updated: 5065708
	4339  -  MemoryUsage of job (MB)
	4443120  -  ResidentSetSize of job (KB)
...
006 (005.2342.000) 05/06 11:40:52 Image size of job updated: 5065708
	4365  -  MemoryUsage of job (MB)
	4468992  -  ResidentSetSize of job (KB)
...
006 (005.2342.000) 05/06 11:40:57 Image size of job updated: 5065708
	4391  -  MemoryUsage of job (MB)
	4495392  -  ResidentSetSize of job (KB)
...
006 (005.2342.000) 05/06 11:41:02 Image size of job updated: 5144556
	4420  -  MemoryUsage of job (MB)
	4525488  -  ResidentSetSize of job (KB)
...
006 (005.2342.000) 05/06 11:41:07 Image size of job updated: 5144556
	4454  -  MemoryUsage of job (MB)
	4559940  -  ResidentSetSize of job (KB)
...
006 (005.2342.000) 05/06 11:41:12 Image size of job updated: 5144556
	4485  -  MemoryUsage of job (MB)
	4591620  -  ResidentSetSize of job (KB)
...
006 (005.2342.000) 05/06 11:41:17 Image size of job updated: 5254124
	4517  -  MemoryUsage of job (MB)
	4624620  -  ResidentSetSize of job (KB)
...
006 (005.2342.000) 05/06 11:41:22 Image size of job updated: 5254124
	4548  -  MemoryUsage of job (MB)
	4656828  -  ResidentSetSize of job (KB)
...
006 (005.2342.000) 05/06 11:41:27 Image size of job updated: 5254124
	4575  -  MemoryUsage of job (MB)
	4684680  -  ResidentSetSize of job (KB)
...
006 (005.2342.000) 05/06 11:41:32 Image size of job updated: 5340140
	4605  -  MemoryUsage of job (MB)
	4714908  -  ResidentSetSize of job (KB)
...
006 (005.2342.000) 05/06 11:41:37 Image size of job updated: 5340140
	4638  -  MemoryUsage of job (MB)
	4748832  -  ResidentSetSize of job (KB)
...
006 (005.2342.000) 05/06 11:41:42 Image size of job updated: 5340140
	4675  -  MemoryUsage of job (MB)
	4786452  -  ResidentSetSize of job (KB)
...
006 (005.2342.000) 05/06 11:41:47 Image size of job updated: 5443564
	4708  -  MemoryUsage of job (MB)
	4820112  -  ResidentSetSize of job (KB)
...
006 (005.2342.000) 05/06 11:41:52 Image size of job updated: 5479404
	4736  -  MemoryUsage of job (MB)
	4848888  -  ResidentSetSize of job (KB)
...
006 (005.2342.000) 05/06 11:41:57 Image size of job updated: 5479404
	4764  -  MemoryUsage of job (MB)
	4877928  -  ResidentSetSize of job (KB)
...
006 (005.2342.000) 05/06 11:42:02 Image size of job updated: 5537772
	4793  -  MemoryUsage of job (MB)
	4908024  -  ResidentSetSize of job (KB)
...
006 (005.2342.000) 05/06 11:42:07 Image size of job updated: 5537772
	4826  -  MemoryUsage of job (MB)
	4940892  -  ResidentSetSize of job (KB)
...
006 (005.2342.000) 05/06 11:42:12 Image size of job updated: 5576684
	4858  -  MemoryUsage of job (MB)
	4974024  -  ResidentSetSize of job (KB)
...
006 (005.2342.000) 05/06 11:42:17 Image size of job updated: 5630956
	4884  -  MemoryUsage of job (MB)
	5001216  -  ResidentSetSize of job (KB)
...
006 (005.2342.000) 05/06 11:42:22 Image size of job updated: 5640172
	4912  -  MemoryUsage of job (MB)
	5029860  -  ResidentSetSize of job (KB)
...
006 (005.2342.000) 05/06 11:42:27 Image size of job updated: 5660652
	4946  -  MemoryUsage of job (MB)
	5064444  -  ResidentSetSize of job (KB)
...
006 (005.2342.000) 05/06 11:42:32 Image size of job updated: 5705708
	4976  -  MemoryUsage of job (MB)
	5094936  -  ResidentSetSize of job (KB)
...
006 (005.2342.000) 05/06 11:42:37 Image size of job updated: 5730284
	5004  -  MemoryUsage of job (MB)
	5123976  -  ResidentSetSize of job (KB)
...
006 (005.2342.000) 05/06 11:42:42 Image size of job updated: 5730284
	5034  -  MemoryUsage of job (MB)
	5154204  -  ResidentSetSize of job (KB)
...
006 (005.2342.000) 05/06 11:42:47 Image size of job updated: 5730284
	5065  -  MemoryUsage of job (MB)
	5186412  -  ResidentSetSize of job (KB)
...
006 (005.2342.000) 05/06 11:42:52 Image size of job updated: 5823468
	5096  -  MemoryUsage of job (MB)
	5217828  -  ResidentSetSize of job (KB)
...
006 (005.2342.000) 05/06 11:42:57 Image size of job updated: 5823468
	5283  -  MemoryUsage of job (MB)
	5409492  -  ResidentSetSize of job (KB)
...
006 (005.2342.000) 05/06 11:43:02 Image size of job updated: 5823468
	5316  -  MemoryUsage of job (MB)
	5443020  -  ResidentSetSize of job (KB)
...
005 (005.2342.000) 05/06 11:43:04 Job terminated.
	(1) Normal termination (return value 0)
		Usr 0 00:26:21, Sys 0 00:00:04  -  Run Remote Usage
		Usr 0 00:00:00, Sys 0 00:00:00  -  Run Local Usage
		Usr 0 00:26:21, Sys 0 00:00:04  -  Total Remote Usage
		Usr 0 00:00:00, Sys 0 00:00:00  -  Total Local Usage
	0  -  Run Bytes Sent By Job
	0  -  Run Bytes Received By Job
	0  -  Total Bytes Sent By Job
	0  -  Total Bytes Received By Job
	Partitionable Resources :      Usage  Request Allocated 
	   Cpus                 :       1.00        1         1 
	   Disk (KB)            : 2000000     2000000   6275465 
	   Memory (MB)          :    5316        1954      2007 
...
