000 (205.8449.000) 05/06 03:21:46 Job submitted from host: <127.0.0.1:9618?addrs=127.0.0.1-9618&noUDP&sock=222_da1d_4>
...
033 (205.8449.000) 05/06 14:24:07 Changing job attribute JobPrio from 0 to -5
...
000 (007.8449.000) 05/07 19:00:58 Job submitted from host: <127.0.0.1:9618?addrs=127.0.0.1-9618&noUDP&sock=215_0cf3_4>
...
000 (016.8449.000) 05/08 15:58:01 Job submitted from host: <127.0.0.1:9618?addrs=127.0.0.1-9618&noUDP&sock=227_4816_4>
...
009 (016.8449.000) 05/09 16:56:07 Job was aborted by the user.
	via condor_rm (by user aw868)
...
000 (014.1288.000) 05/09 17:30:20 Job submitted from host: <127.0.0.1:9618?addrs=127.0.0.1-9618&noUDP&sock=212_fe2a_4>
...
033 (014.1288.000) 05/09 17:34:12 Changing job attribute JobPrio from 0 to -10
...
033 (014.1288.000) 05/09 21:36:23 Changing job attribute JobPrio from -10 to -15
...
001 (014.1288.000) 05/10 12:52:38 Job executing on host: <127.0.0.1:9618?addrs=127.0.0.1-9618&noUDP&sock=212_fe2a_5>
...
006 (014.1288.000) 05/10 12:52:43 Image size of job updated: 2000000
	109  -  MemoryUsage of job (MB)
	111144  -  ResidentSetSize of job (KB)
...
006 (014.1288.000) 05/10 12:52:48 Image size of job updated: 2000000
	115  -  MemoryUsage of job (MB)
	116952  -  ResidentSetSize of job (KB)
...
006 (014.1288.000) 05/10 12:53:08 Image size of job updated: 2000000
	147  -  MemoryUsage of job (MB)
	150216  -  ResidentSetSize of job (KB)
...
006 (014.1288.000) 05/10 12:53:13 Image size of job updated: 2000000
	210  -  MemoryUsage of job (MB)
	214500  -  ResidentSetSize of job (KB)
...
006 (014.1288.000) 05/10 12:53:18 Image size of job updated: 2000000
	211  -  MemoryUsage of job (MB)
	215424  -  ResidentSetSize of job (KB)
...
006 (014.1288.000) 05/10 12:53:28 Image size of job updated: 2000000
	214  -  MemoryUsage of job (MB)
	219120  -  ResidentSetSize of job (KB)
...
006 (014.1288.000) 05/10 12:53:33 Image size of job updated: 2000000
	225  -  MemoryUsage of job (MB)
	229416  -  ResidentSetSize of job (KB)
...
006 (014.1288.000) 05/10 12:53:38 Image size of job updated: 2000000
	234  -  MemoryUsage of job (MB)
	239580  -  ResidentSetSize of job (KB)
...
006 (014.1288.000) 05/10 12:53:43 Image size of job updated: 2000000
	244  -  MemoryUsage of job (MB)
	249612  -  ResidentSetSize of job (KB)
...
006 (014.1288.000) 05/10 12:53:48 Image size of job updated: 2000000
	252  -  MemoryUsage of job (MB)
	257928  -  ResidentSetSize of job (KB)
...
006 (014.1288.000) 05/10 12:53:53 Image size of job updated: 2000000
	261  -  MemoryUsage of job (MB)
	266376  -  ResidentSetSize of job (KB)
...
006 (014.1288.000) 05/10 12:53:58 Image size of job updated: 2000000
	268  -  MemoryUsage of job (MB)
	274296  -  ResidentSetSize of job (KB)
...
006 (014.1288.000) 05/10 12:54:03 Image size of job updated: 2000000
	277  -  MemoryUsage of job (MB)
	283536  -  ResidentSetSize of job (KB)
...
006 (014.1288.000) 05/10 12:54:08 Image size of job updated: 2000000
	307  -  MemoryUsage of job (MB)
	313896  -  ResidentSetSize of job (KB)
...
006 (014.1288.000) 05/10 12:54:13 Image size of job updated: 2000000
	348  -  MemoryUsage of job (MB)
	355740  -  ResidentSetSize of job (KB)
...
006 (014.1288.000) 05/10 12:54:18 Image size of job updated: 2000000
	377  -  MemoryUsage of job (MB)
	385044  -  ResidentSetSize of job (KB)
...
006 (014.1288.000) 05/10 12:54:23 Image size of job updated: 2000000
	378  -  MemoryUsage of job (MB)
	386232  -  ResidentSetSize of job (KB)
...
006 (014.1288.000) 05/10 12:54:28 Image size of job updated: 2000000
	452  -  MemoryUsage of job (MB)
	462528  -  ResidentSetSize of job (KB)
...
006 (014.1288.000) 05/10 12:54:33 Image size of job updated: 2000000
	527  -  MemoryUsage of job (MB)
	539352  -  ResidentSetSize of job (KB)
...
006 (014.1288.000) 05/10 12:54:38 Image size of job updated: 2000000
	1241  -  MemoryUsage of job (MB)
	1270764  -  ResidentSetSize of job (KB)
...
006 (014.1288.000) 05/10 13:10:04 Image size of job updated: 2295120
	1527  -  MemoryUsage of job (MB)
	1562880  -  ResidentSetSize of job (KB)
...
006 (014.1288.000) 05/10 13:10:09 Image size of job updated: 2453200
	1712  -  MemoryUsage of job (MB)
	1752432  -  ResidentSetSize of job (KB)
...
006 (014.1288.000) 05/10 13:10:14 Image size of job updated: 2453200
	1988  -  MemoryUsage of job (MB)
	2035572  -  ResidentSetSize of job (KB)
...
006 (014.1288.000) 05/10 13:10:19 Image size of job updated: 2681328
	1988  -  MemoryUsage of job (MB)
	2035572  -  ResidentSetSize of job (KB)
...
006 (014.1288.000) 05/10 13:10:24 Image size of job updated: 2681328
	1994  -  MemoryUsage of job (MB)
	2041512  -  ResidentSetSize of job (KB)
...
006 (014.1288.000) 05/10 13:10:29 Image size of job updated: 2706672
	2086  -  MemoryUsage of job (MB)
	2136024  -  ResidentSetSize of job (KB)
...
006 (014.1288.000) 05/10 13:10:34 Image size of job updated: 2843888
	2162  -  MemoryUsage of job (MB)
	2213508  -  ResidentSetSize of job (KB)
...
006 (014.1288.000) 05/10 13:10:39 Image size of job updated: 2843888
	2212  -  MemoryUsage of job (MB)
	2264724  -  ResidentSetSize of job (KB)
...
006 (014.1288.000) 05/10 13:10:44 Image size of job updated: 2843888
	2247  -  MemoryUsage of job (MB)
	2300364  -  ResidentSetSize of job (KB)
...
006 (014.1288.000) 05/10 13:10:49 Image size of job updated: 2969840
	2278  -  MemoryUsage of job (MB)
	2331780  -  ResidentSetSize of job (KB)
...
006 (014.1288.000) 05/10 13:10:54 Image size of job updated: 2969840
	2307  -  MemoryUsage of job (MB)
	2361744  -  ResidentSetSize of job (KB)
...
006 (014.1288.000) 05/10 13:10:59 Image size of job updated: 3017968
	2335  -  MemoryUsage of job (MB)
	2390388  -  ResidentSetSize of job (KB)
...
006 (014.1288.000) 05/10 13:11:04 Image size of job updated: 3057904
	2363  -  MemoryUsage of job (MB)
	2419032  -  ResidentSetSize of job (KB)
...
006 (014.1288.000) 05/10 13:11:09 Image size of job updated: 3057904
	2390  -  MemoryUsage of job (MB)
	2447148  -  ResidentSetSize of job (KB)
...
006 (014.1288.000) 05/10 13:11:14 Image size of job updated: 3057904
	2418  -  MemoryUsage of job (MB)
	2475528  -  ResidentSetSize of job (KB)
...
006 (014.1288.000) 05/10 13:11:19 Image size of job updated: 3057904
	2446  -  MemoryUsage of job (MB)
	2503908  -  ResidentSetSize of job (KB)
...
006 (014.1288.000) 05/10 13:11:24 Image size of job updated: 3157232
	2473  -  MemoryUsage of job (MB)
	2531760  -  ResidentSetSize of job (KB)
...
006 (014.1288.000) 05/10 13:11:29 Image size of job updated: 3182832
	2500  -  MemoryUsage of job (MB)
	2559480  -  ResidentSetSize of job (KB)
...
006 (014.1288.000) 05/10 13:11:34 Image size of job updated: 3182832
	2527  -  MemoryUsage of job (MB)
	2587200  -  ResidentSetSize of job (KB)
...
006 (014.1288.000) 05/10 13:11:39 Image size of job updated: 3236080
	2555  -  MemoryUsage of job (MB)
	2615448  -  ResidentSetSize of job (KB)
...
006 (014.1288.000) 05/10 13:11:44 Image size of job updated: 3236080
	2581  -  MemoryUsage of job (MB)
	2642904  -  ResidentSetSize of job (KB)
...
006 (014.1288.000) 05/10 13:11:49 Image size of job updated: 3236080
	2610  -  MemoryUsage of job (MB)
	2671812  -  ResidentSetSize of job (KB)
...
006 (014.1288.000) 05/10 13:11:54 Image size of job updated: 3320048
	2636  -  MemoryUsage of job (MB)
	2699004  -  ResidentSetSize of job (KB)
...
006 (014.1288.000) 05/10 13:11:59 Image size of job updated: 3320048
	2663  -  MemoryUsage of job (MB)
	2726856  -  ResidentSetSize of job (KB)
...
006 (014.1288.000) 05/10 13:12:04 Image size of job updated: 3320048
	2691  -  MemoryUsage of job (MB)
	2754576  -  ResidentSetSize of job (KB)
...
006 (014.1288.000) 05/10 13:12:09 Image size of job updated: 3414256
	2717  -  MemoryUsage of job (MB)
	2782032  -  ResidentSetSize of job (KB)
...
006 (014.1288.000) 05/10 13:12:14 Image size of job updated: 3438832
	2745  -  MemoryUsage of job (MB)
	2810808  -  ResidentSetSize of job (KB)
...
006 (014.1288.000) 05/10 13:12:19 Image size of job updated: 3438832
	2773  -  MemoryUsage of job (MB)
	2838924  -  ResidentSetSize of job (KB)
...
006 (014.1288.000) 05/10 13:12:24 Image size of job updated: 3494128
	2800  -  MemoryUsage of job (MB)
	2867040  -  ResidentSetSize of job (KB)
...
006 (014.1288.000) 05/10 13:12:29 Image size of job updated: 3523824
	2828  -  MemoryUsage of job (MB)
	2894892  -  ResidentSetSize of job (KB)
...
006 (014.1288.000) 05/10 13:12:34 Image size of job updated: 3523824
	2855  -  MemoryUsage of job (MB)
	2923404  -  ResidentSetSize of job (KB)
...
006 (014.1288.000) 05/10 13:12:39 Image size of job updated: 3577072
	2882  -  MemoryUsage of job (MB)
	2950596  -  ResidentSetSize of job (KB)
...
006 (014.1288.000) 05/10 13:12:44 Image size of job updated: 3577072
	2908  -  MemoryUsage of job (MB)
	2977788  -  ResidentSetSize of job (KB)
...
006 (014.1288.000) 05/10 13:12:50 Image size of job updated: 3577072
	2941  -  MemoryUsage of job (MB)
	3011184  -  ResidentSetSize of job (KB)
...
006 (014.1288.000) 05/10 13:12:56 Image size of job updated: 3658992
	2974  -  MemoryUsage of job (MB)
	3044712  -  ResidentSetSize of job (KB)
...
006 (014.1288.000) 05/10 13:13:02 Image size of job updated: 3722480
	3008  -  MemoryUsage of job (MB)
	3079428  -  ResidentSetSize of job (KB)
...
006 (014.1288.000) 05/10 13:13:08 Image size of job updated: 3755248
	3041  -  MemoryUsage of job (MB)
	3113484  -  ResidentSetSize of job (KB)
...
006 (014.1288.000) 05/10 13:13:14 Image size of job updated: 3755248
	3075  -  MemoryUsage of job (MB)
	3148332  -  ResidentSetSize of job (KB)
...
006 (014.1288.000) 05/10 13:13:20 Image size of job updated: 3797232
	3109  -  MemoryUsage of job (MB)
	3183180  -  ResidentSetSize of job (KB)
...
006 (014.1288.000) 05/10 13:13:26 Image size of job updated: 3845360
	3140  -  MemoryUsage of job (MB)
	3214992  -  ResidentSetSize of job (KB)
...
006 (014.1288.000) 05/10 13:13:32 Image size of job updated: 3845360
	3172  -  MemoryUsage of job (MB)
	3247332  -  ResidentSetSize of job (KB)
...
006 (014.1288.000) 05/10 13:13:38 Image size of job updated: 3845360
	3205  -  MemoryUsage of job (MB)
	3281256  -  ResidentSetSize of job (KB)
...
006 (014.1288.000) 05/10 13:13:44 Image size of job updated: 3933424
	3238  -  MemoryUsage of job (MB)
	3315048  -  ResidentSetSize of job (KB)
...
006 (014.1288.000) 05/10 13:13:50 Image size of job updated: 3933424
	3270  -  MemoryUsage of job (MB)
	3348180  -  ResidentSetSize of job (KB)
...
006 (014.1288.000) 05/10 13:13:56 Image size of job updated: 4022512
	3302  -  MemoryUsage of job (MB)
	3381048  -  ResidentSetSize of job (KB)
...
006 (014.1288.000) 05/10 13:14:02 Image size of job updated: 4022512
	3336  -  MemoryUsage of job (MB)
	3415236  -  ResidentSetSize of job (KB)
...
006 (014.1288.000) 05/10 13:14:08 Image size of job updated: 4091120
	3369  -  MemoryUsage of job (MB)
	3449160  -  ResidentSetSize of job (KB)
...
006 (014.1288.000) 05/10 13:14:14 Image size of job updated: 4106480
	3401  -  MemoryUsage of job (MB)
	3482160  -  ResidentSetSize of job (KB)
...
006 (014.1288.000) 05/10 13:14:20 Image size of job updated: 4106480
	3433  -  MemoryUsage of job (MB)
	3515160  -  ResidentSetSize of job (KB)
...
006 (014.1288.000) 05/10 13:14:26 Image size of job updated: 4190448
	3466  -  MemoryUsage of job (MB)
	3548688  -  ResidentSetSize of job (KB)
...
006 (014.1288.000) 05/10 13:14:32 Image size of job updated: 4190448
	3498  -  MemoryUsage of job (MB)
	3581952  -  ResidentSetSize of job (KB)
...
006 (014.1288.000) 05/10 13:14:38 Image size of job updated: 4190448
	3532  -  MemoryUsage of job (MB)
	3615876  -  ResidentSetSize of job (KB)
...
006 (014.1288.000) 05/10 13:14:44 Image size of job updated: 4283632
	3564  -  MemoryUsage of job (MB)
	3649140  -  ResidentSetSize of job (KB)
...
006 (014.1288.000) 05/10 13:14:50 Image size of job updated: 4317424
	3597  -  MemoryUsage of job (MB)
	3682800  -  ResidentSetSize of job (KB)
...
006 (014.1288.000) 05/10 13:14:56 Image size of job updated: 4358384
	3630  -  MemoryUsage of job (MB)
	3717120  -  ResidentSetSize of job (KB)
...
006 (014.1288.000) 05/10 13:15:02 Image size of job updated: 4358384
	3664  -  MemoryUsage of job (MB)
	3751176  -  ResidentSetSize of job (KB)
...
006 (014.1288.000) 05/10 13:15:08 Image size of job updated: 4358384
	3696  -  MemoryUsage of job (MB)
	3784572  -  ResidentSetSize of job (KB)
...
006 (014.1288.000) 05/10 13:15:14 Image size of job updated: 4446448
	3730  -  MemoryUsage of job (MB)
	3818760  -  ResidentSetSize of job (KB)
...
006 (014.1288.000) 05/10 13:15:20 Image size of job updated: 4463856
	3762  -  MemoryUsage of job (MB)
	3851496  -  ResidentSetSize of job (KB)
...
006 (014.1288.000) 05/10 13:15:26 Image size of job updated: 4463856
	3794  -  MemoryUsage of job (MB)
	3884628  -  ResidentSetSize of job (KB)
...
006 (014.1288.000) 05/10 13:15:32 Image size of job updated: 4528368
	3825  -  MemoryUsage of job (MB)
	3915912  -  ResidentSetSize of job (KB)
...
006 (014.1288.000) 05/10 13:15:38 Image size of job updated: 4528368
	3856  -  MemoryUsage of job (MB)
	3947988  -  ResidentSetSize of job (KB)
...
006 (014.1288.000) 05/10 13:15:44 Image size of job updated: 4607216
	3887  -  MemoryUsage of job (MB)
	3979536  -  ResidentSetSize of job (KB)
...
006 (014.1288.000) 05/10 13:15:50 Image size of job updated: 4607216
	3919  -  MemoryUsage of job (MB)
	4012536  -  ResidentSetSize of job (KB)
...
006 (014.1288.000) 05/10 13:15:56 Image size of job updated: 4607216
	3951  -  MemoryUsage of job (MB)
	4045668  -  ResidentSetSize of job (KB)
...
006 (014.1288.000) 05/10 13:16:02 Image size of job updated: 4689136
	3983  -  MemoryUsage of job (MB)
	4077744  -  ResidentSetSize of job (KB)
...
006 (014.1288.000) 05/10 13:16:08 Image size of job updated: 4689136
	4006  -  MemoryUsage of job (MB)
	4102032  -  ResidentSetSize of job (KB)
...
006 (014.1288.000) 05/10 13:16:14 Image size of job updated: 4777200
	4025  -  MemoryUsage of job (MB)
	4121304  -  ResidentSetSize of job (KB)
...
006 (014.1288.000) 05/10 13:16:20 Image size of job updated: 4818160
	4049  -  MemoryUsage of job (MB)
	4145988  -  ResidentSetSize of job (KB)
...
006 (014.1288.000) 05/10 13:16:26 Image size of job updated: 4818160
	4082  -  MemoryUsage of job (MB)
	4179384  -  ResidentSetSize of job (KB)
...
006 (014.1288.000) 05/10 13:16:32 Image size of job updated: 4874480
	4114  -  MemoryUsage of job (MB)
	4212516  -  ResidentSetSize of job (KB)
...
006 (014.1288.000) 05/10 13:16:38 Image size of job updated: 4902128
	4148  -  MemoryUsage of job (MB)
	4246968  -  ResidentSetSize of job (KB)
...
006 (014.1288.000) 05/10 13:16:44 Image size of job updated: 4941040
	4180  -  MemoryUsage of job (MB)
	4280232  -  ResidentSetSize of job (KB)
...
006 (014.1288.000) 05/10 13:16:50 Image size of job updated: 4941040
	4213  -  MemoryUsage of job (MB)
	4314024  -  ResidentSetSize of job (KB)
...
006 (014.1288.000) 05/10 13:16:56 Image size of job updated: 4941040
	4245  -  MemoryUsage of job (MB)
	4346760  -  ResidentSetSize of job (KB)
...
006 (014.1288.000) 05/10 13:17:02 Image size of job updated: 5023984
	4437  -  MemoryUsage of job (MB)
	4543176  -  ResidentSetSize of job (KB)
...
006 (014.1288.000) 05/10 13:17:08 Image size of job updated: 5023984
	4487  -  MemoryUsage of job (MB)
	4593864  -  ResidentSetSize of job (KB)
...
005 (014.1288.000) 05/10 13:17:12 Job terminated.
	(1) Normal termination (return value 0)
		Usr 0 00:23:47, Sys 0 00:00:06  -  Run Remote Usage
		Usr 0 00:00:00, Sys 0 00:00:00  -  Run Local Usage
		Usr 0 00:23:47, Sys 0 00:00:06  -  Total Remote Usage
		Usr 0 00:00:00, Sys 0 00:00:00  -  Total Local Usage
	0  -  Run Bytes Sent By Job
	0  -  Run Bytes Received By Job
	0  -  Total Bytes Sent By Job
	0  -  Total Bytes Received By Job
	Partitionable Resources :      Usage  Request Allocated 
	   Cpus                 :       1.00        1         1 
	   Disk (KB)            : 2000000     2000000   6232219 
	   Memory (MB)          :    4487        1954      2007 
...
