000 (005.5019.000) 05/05 20:23:46 Job submitted from host: <127.0.0.1:9618?addrs=127.0.0.1-9618&noUDP&sock=227_4816_4>
...
033 (005.5019.000) 05/06 14:16:53 Changing job attribute JobPrio from 0 to -10
...
001 (005.5019.000) 05/07 08:28:34 Job executing on host: <127.0.0.1:9618?addrs=127.0.0.1-9618&noUDP&sock=227_4816_5>
...
006 (005.5019.000) 05/07 08:28:40 Image size of job updated: 2000000
	101  -  MemoryUsage of job (MB)
	103092  -  ResidentSetSize of job (KB)
...
006 (005.5019.000) 05/07 08:29:04 Image size of job updated: 2000000
	109  -  MemoryUsage of job (MB)
	111408  -  ResidentSetSize of job (KB)
...
006 (005.5019.000) 05/07 08:29:10 Image size of job updated: 2000000
	184  -  MemoryUsage of job (MB)
	188100  -  ResidentSetSize of job (KB)
...
006 (005.5019.000) 05/07 08:29:16 Image size of job updated: 2000000
	184  -  MemoryUsage of job (MB)
	188364  -  ResidentSetSize of job (KB)
...
006 (005.5019.000) 05/07 08:29:22 Image size of job updated: 2000000
	191  -  MemoryUsage of job (MB)
	194832  -  ResidentSetSize of job (KB)
...
006 (005.5019.000) 05/07 08:29:28 Image size of job updated: 2000000
	203  -  MemoryUsage of job (MB)
	207108  -  ResidentSetSize of job (KB)
...
006 (005.5019.000) 05/07 08:29:34 Image size of job updated: 2000000
	213  -  MemoryUsage of job (MB)
	217140  -  ResidentSetSize of job (KB)
...
006 (005.5019.000) 05/07 08:29:40 Image size of job updated: 2000000
	224  -  MemoryUsage of job (MB)
	229284  -  ResidentSetSize of job (KB)
...
006 (005.5019.000) 05/07 08:29:46 Image size of job updated: 2000000
	234  -  MemoryUsage of job (MB)
	239316  -  ResidentSetSize of job (KB)
...
006 (005.5019.000) 05/07 08:29:52 Image size of job updated: 2000000
	243  -  MemoryUsage of job (MB)
	248160  -  ResidentSetSize of job (KB)
...
006 (005.5019.000) 05/07 08:29:58 Image size of job updated: 2000000
	291  -  MemoryUsage of job (MB)
	297000  -  ResidentSetSize of job (KB)
...
006 (005.5019.000) 05/07 08:30:04 Image size of job updated: 2000000
	329  -  MemoryUsage of job (MB)
	335940  -  ResidentSetSize of job (KB)
...
006 (005.5019.000) 05/07 08:30:10 Image size of job updated: 2000000
	354  -  MemoryUsage of job (MB)
	362340  -  ResidentSetSize of job (KB)
...
006 (005.5019.000) 05/07 08:30:16 Image size of job updated: 2000000
	426  -  MemoryUsage of job (MB)
	435732  -  ResidentSetSize of job (KB)
...
006 (005.5019.000) 05/07 08:30:22 Image size of job updated: 2000000
	481  -  MemoryUsage of job (MB)
	491568  -  ResidentSetSize of job (KB)
...
006 (005.5019.000) 05/07 08:30:28 Image size of job updated: 2000000
	1171  -  MemoryUsage of job (MB)
	1198692  -  ResidentSetSize of job (KB)
...
006 (005.5019.000) 05/07 08:45:44 Image size of job updated: 2000000
	1173  -  MemoryUsage of job (MB)
	1200672  -  ResidentSetSize of job (KB)
...
006 (005.5019.000) 05/07 08:45:49 Image size of job updated: 2000000
	1240  -  MemoryUsage of job (MB)
	1268784  -  ResidentSetSize of job (KB)
...
006 (005.5019.000) 05/07 08:45:54 Image size of job updated: 2000000
	1554  -  MemoryUsage of job (MB)
	1590336  -  ResidentSetSize of job (KB)
...
006 (005.5019.000) 05/07 08:45:59 Image size of job updated: 2201480
	1675  -  MemoryUsage of job (MB)
	1714680  -  ResidentSetSize of job (KB)
...
006 (005.5019.000) 05/07 08:46:04 Image size of job updated: 2601704
	1904  -  MemoryUsage of job (MB)
	1949376  -  ResidentSetSize of job (KB)
...
006 (005.5019.000) 05/07 08:46:34 Image size of job updated: 2601704
	1905  -  MemoryUsage of job (MB)
	1950432  -  ResidentSetSize of job (KB)
...
006 (005.5019.000) 05/07 08:46:39 Image size of job updated: 2601704
	1910  -  MemoryUsage of job (MB)
	1955184  -  ResidentSetSize of job (KB)
...
006 (005.5019.000) 05/07 08:46:44 Image size of job updated: 2601704
	1912  -  MemoryUsage of job (MB)
	1956900  -  ResidentSetSize of job (KB)
...
006 (005.5019.000) 05/07 08:46:49 Image size of job updated: 2601704
	1913  -  MemoryUsage of job (MB)
	1958088  -  ResidentSetSize of job (KB)
...
006 (005.5019.000) 05/07 08:46:54 Image size of job updated: 2601704
	1914  -  MemoryUsage of job (MB)
	1959804  -  ResidentSetSize of job (KB)
...
006 (005.5019.000) 05/07 08:46:59 Image size of job updated: 2601704
	1914  -  MemoryUsage of job (MB)
	1959936  -  ResidentSetSize of job (KB)
...
006 (005.5019.000) 05/07 08:47:04 Image size of job updated: 2601704
	1917  -  MemoryUsage of job (MB)
	1962708  -  ResidentSetSize of job (KB)
...
006 (005.5019.000) 05/07 08:47:09 Image size of job updated: 2601704
	1920  -  MemoryUsage of job (MB)
	1965480  -  ResidentSetSize of job (KB)
...
006 (005.5019.000) 05/07 08:47:14 Image size of job updated: 2601704
	1922  -  MemoryUsage of job (MB)
	1968120  -  ResidentSetSize of job (KB)
...
006 (005.5019.000) 05/07 08:47:19 Image size of job updated: 2601704
	1927  -  MemoryUsage of job (MB)
	1973136  -  ResidentSetSize of job (KB)
...
006 (005.5019.000) 05/07 08:47:24 Image size of job updated: 2604008
	1928  -  MemoryUsage of job (MB)
	1974192  -  ResidentSetSize of job (KB)
...
006 (005.5019.000) 05/07 08:47:29 Image size of job updated: 2604008
	1933  -  MemoryUsage of job (MB)
	1979208  -  ResidentSetSize of job (KB)
...
006 (005.5019.000) 05/07 08:47:34 Image size of job updated: 2604008
	1933  -  MemoryUsage of job (MB)
	1979340  -  ResidentSetSize of job (KB)
...
006 (005.5019.000) 05/07 08:47:39 Image size of job updated: 2613224
	1937  -  MemoryUsage of job (MB)
	1983168  -  ResidentSetSize of job (KB)
...
006 (005.5019.000) 05/07 08:47:44 Image size of job updated: 2613224
	1939  -  MemoryUsage of job (MB)
	1984884  -  ResidentSetSize of job (KB)
...
006 (005.5019.000) 05/07 08:47:49 Image size of job updated: 2616296
	1943  -  MemoryUsage of job (MB)
	1988976  -  ResidentSetSize of job (KB)
...
006 (005.5019.000) 05/07 08:47:54 Image size of job updated: 2620392
	1945  -  MemoryUsage of job (MB)
	1991616  -  ResidentSetSize of job (KB)
...
006 (005.5019.000) 05/07 08:47:59 Image size of job updated: 2620392
	1948  -  MemoryUsage of job (MB)
	1994388  -  ResidentSetSize of job (KB)
...
006 (005.5019.000) 05/07 08:48:04 Image size of job updated: 2620392
	1952  -  MemoryUsage of job (MB)
	1998348  -  ResidentSetSize of job (KB)
...
006 (005.5019.000) 05/07 08:48:09 Image size of job updated: 2630632
	1956  -  MemoryUsage of job (MB)
	2002440  -  ResidentSetSize of job (KB)
...
006 (005.5019.000) 05/07 08:48:14 Image size of job updated: 2633704
	1960  -  MemoryUsage of job (MB)
	2006268  -  ResidentSetSize of job (KB)
...
006 (005.5019.000) 05/07 08:48:19 Image size of job updated: 2638824
	1964  -  MemoryUsage of job (MB)
	2010888  -  ResidentSetSize of job (KB)
...
006 (005.5019.000) 05/07 08:48:24 Image size of job updated: 2641896
	1966  -  MemoryUsage of job (MB)
	2012208  -  ResidentSetSize of job (KB)
...
006 (005.5019.000) 05/07 08:48:29 Image size of job updated: 2641896
	1969  -  MemoryUsage of job (MB)
	2015376  -  ResidentSetSize of job (KB)
...
006 (005.5019.000) 05/07 08:48:34 Image size of job updated: 2641896
	1973  -  MemoryUsage of job (MB)
	2019336  -  ResidentSetSize of job (KB)
...
006 (005.5019.000) 05/07 08:48:39 Image size of job updated: 2651112
	1976  -  MemoryUsage of job (MB)
	2022768  -  ResidentSetSize of job (KB)
...
006 (005.5019.000) 05/07 08:48:44 Image size of job updated: 2651112
	1979  -  MemoryUsage of job (MB)
	2025672  -  ResidentSetSize of job (KB)
...
006 (005.5019.000) 05/07 08:48:49 Image size of job updated: 2651112
	1982  -  MemoryUsage of job (MB)
	2028708  -  ResidentSetSize of job (KB)
...
006 (005.5019.000) 05/07 08:48:54 Image size of job updated: 2661352
	1987  -  MemoryUsage of job (MB)
	2033856  -  ResidentSetSize of job (KB)
...
006 (005.5019.000) 05/07 08:48:59 Image size of job updated: 2661352
	1990  -  MemoryUsage of job (MB)
	2037024  -  ResidentSetSize of job (KB)
...
006 (005.5019.000) 05/07 08:49:04 Image size of job updated: 2661352
	1991  -  MemoryUsage of job (MB)
	2038740  -  ResidentSetSize of job (KB)
...
006 (005.5019.000) 05/07 08:49:09 Image size of job updated: 2671592
	1995  -  MemoryUsage of job (MB)
	2042040  -  ResidentSetSize of job (KB)
...
006 (005.5019.000) 05/07 08:49:14 Image size of job updated: 2671592
	1998  -  MemoryUsage of job (MB)
	2045340  -  ResidentSetSize of job (KB)
...
006 (005.5019.000) 05/07 08:49:19 Image size of job updated: 2671592
	2000  -  MemoryUsage of job (MB)
	2047584  -  ResidentSetSize of job (KB)
...
006 (005.5019.000) 05/07 08:49:24 Image size of job updated: 2678760
	2004  -  MemoryUsage of job (MB)
	2051544  -  ResidentSetSize of job (KB)
...
006 (005.5019.000) 05/07 08:49:30 Image size of job updated: 2678760
	2008  -  MemoryUsage of job (MB)
	2055372  -  ResidentSetSize of job (KB)
...
006 (005.5019.000) 05/07 08:49:36 Image size of job updated: 2678760
	2010  -  MemoryUsage of job (MB)
	2057484  -  ResidentSetSize of job (KB)
...
006 (005.5019.000) 05/07 08:49:42 Image size of job updated: 2687976
	2014  -  MemoryUsage of job (MB)
	2061444  -  ResidentSetSize of job (KB)
...
006 (005.5019.000) 05/07 08:49:48 Image size of job updated: 2687976
	2016  -  MemoryUsage of job (MB)
	2063952  -  ResidentSetSize of job (KB)
...
006 (005.5019.000) 05/07 08:49:54 Image size of job updated: 2696168
	2020  -  MemoryUsage of job (MB)
	2068044  -  ResidentSetSize of job (KB)
...
006 (005.5019.000) 05/07 08:50:00 Image size of job updated: 2700264
	2026  -  MemoryUsage of job (MB)
	2074116  -  ResidentSetSize of job (KB)
...
006 (005.5019.000) 05/07 08:50:06 Image size of job updated: 2700264
	2030  -  MemoryUsage of job (MB)
	2078340  -  ResidentSetSize of job (KB)
...
006 (005.5019.000) 05/07 08:50:12 Image size of job updated: 2708456
	2033  -  MemoryUsage of job (MB)
	2081772  -  ResidentSetSize of job (KB)
...
006 (005.5019.000) 05/07 08:50:18 Image size of job updated: 2708456
	2039  -  MemoryUsage of job (MB)
	2086920  -  ResidentSetSize of job (KB)
...
006 (005.5019.000) 05/07 08:50:24 Image size of job updated: 2718696
	2042  -  MemoryUsage of job (MB)
	2090880  -  ResidentSetSize of job (KB)
...
006 (005.5019.000) 05/07 08:50:30 Image size of job updated: 2718696
	2047  -  MemoryUsage of job (MB)
	2095236  -  ResidentSetSize of job (KB)
...
006 (005.5019.000) 05/07 08:50:36 Image size of job updated: 2718696
	2053  -  MemoryUsage of job (MB)
	2102100  -  ResidentSetSize of job (KB)
...
006 (005.5019.000) 05/07 08:50:42 Image size of job updated: 2733032
	2056  -  MemoryUsage of job (MB)
	2104476  -  ResidentSetSize of job (KB)
...
006 (005.5019.000) 05/07 08:50:48 Image size of job updated: 2740200
	2061  -  MemoryUsage of job (MB)
	2109756  -  ResidentSetSize of job (KB)
...
006 (005.5019.000) 05/07 08:50:54 Image size of job updated: 2743272
	2066  -  MemoryUsage of job (MB)
	2115168  -  ResidentSetSize of job (KB)
...
006 (005.5019.000) 05/07 08:51:00 Image size of job updated: 2743272
	2070  -  MemoryUsage of job (MB)
	2119260  -  ResidentSetSize of job (KB)
...
006 (005.5019.000) 05/07 08:51:06 Image size of job updated: 2743272
	2074  -  MemoryUsage of job (MB)
	2123616  -  ResidentSetSize of job (KB)
...
006 (005.5019.000) 05/07 08:51:12 Image size of job updated: 2753512
	2079  -  MemoryUsage of job (MB)
	2128236  -  ResidentSetSize of job (KB)
...
006 (005.5019.000) 05/07 08:51:18 Image size of job updated: 2753512
	2082  -  MemoryUsage of job (MB)
	2131536  -  ResidentSetSize of job (KB)
...
006 (005.5019.000) 05/07 08:51:24 Image size of job updated: 2764776
	2087  -  MemoryUsage of job (MB)
	2137080  -  ResidentSetSize of job (KB)
...
006 (005.5019.000) 05/07 08:51:30 Image size of job updated: 2978792
	2295  -  MemoryUsage of job (MB)
	2349204  -  ResidentSetSize of job (KB)
...
005 (005.5019.000) 05/07 08:51:37 Job terminated.
	(1) Normal termination (return value 0)
		Usr 0 00:22:34, Sys 0 00:00:02  -  Run Remote Usage
		Usr 0 00:00:00, Sys 0 00:00:00  -  Run Local Usage
		Usr 0 00:22:34, Sys 0 00:00:02  -  Total Remote Usage
		Usr 0 00:00:00, Sys 0 00:00:00  -  Total Local Usage
	0  -  Run Bytes Sent By Job
	0  -  Run Bytes Received By Job
	0  -  Total Bytes Sent By Job
	0  -  Total Bytes Received By Job
	Partitionable Resources :      Usage  Request Allocated 
	   Cpus                 :       1.00        1         1 
	   Disk (KB)            : 2000000     2000000   6275465 
	   Memory (MB)          :    2295        1954      2007 
...
