000 (040.5524.000) 04/27 18:44:37 Job submitted from host: <127.0.0.1:9618?addrs=127.0.0.1-9618&noUDP&sock=222_da1d_4>
...
001 (040.5524.000) 04/28 07:20:46 Job executing on host: <127.0.0.1:9618?addrs=127.0.0.1-9618&noUDP&sock=222_da1d_5>
...
006 (040.5524.000) 04/28 07:20:51 Image size of job updated: 340112
	328  -  MemoryUsage of job (MB)
	335412  -  ResidentSetSize of job (KB)
...
006 (040.5524.000) 04/28 07:20:56 Image size of job updated: 652212
	637  -  MemoryUsage of job (MB)
	652212  -  ResidentSetSize of job (KB)
...
006 (040.5524.000) 04/28 07:21:01 Image size of job updated: 695376
	665  -  MemoryUsage of job (MB)
	680460  -  ResidentSetSize of job (KB)
...
005 (040.5524.000) 04/28 07:23:30 Job terminated.
	(1) Normal termination (return value 0)
		Usr 0 00:02:42, Sys 0 00:00:00  -  Run Remote Usage
		Usr 0 00:00:00, Sys 0 00:00:00  -  Run Local Usage
		Usr 0 00:02:42, Sys 0 00:00:00  -  Total Remote Usage
		Usr 0 00:00:00, Sys 0 00:00:00  -  Total Local Usage
	0  -  Run Bytes Sent By Job
	0  -  Run Bytes Received By Job
	0  -  Total Bytes Sent By Job
	0  -  Total Bytes Received By Job
	Partitionable Resources :    Usage  Request Allocated 
	   Cpus                 :     1.00        1         1 
	   Disk (KB)            :     1           1   6540465 
	   Memory (MB)          :   665           1      2007 
...
