000 (005.7539.000) 05/05 20:24:56 Job submitted from host: <127.0.0.1:9618?addrs=127.0.0.1-9618&noUDP&sock=227_4816_4>
...
033 (005.7539.000) 05/06 14:17:34 Changing job attribute JobPrio from 0 to -10
...
009 (005.7539.000) 05/07 21:44:49 Job was aborted by the user.
	via condor_rm (by user aw868)
...
000 (011.488.000) 05/08 17:21:17 Job submitted from host: <127.0.0.1:9618?addrs=127.0.0.1-9618&noUDP&sock=212_fe2a_4>
...
033 (011.488.000) 05/08 20:41:28 Changing job attribute JobPrio from 0 to -5
...
001 (011.488.000) 05/08 20:44:58 Job executing on host: <127.0.0.1:9618?addrs=127.0.0.1-9618&noUDP&sock=212_fe2a_5>
...
006 (011.488.000) 05/08 20:45:03 Image size of job updated: 2000000
	101  -  MemoryUsage of job (MB)
	103092  -  ResidentSetSize of job (KB)
...
006 (011.488.000) 05/08 20:45:33 Image size of job updated: 2000000
	153  -  MemoryUsage of job (MB)
	155892  -  ResidentSetSize of job (KB)
...
006 (011.488.000) 05/08 20:45:38 Image size of job updated: 2000000
	184  -  MemoryUsage of job (MB)
	187968  -  ResidentSetSize of job (KB)
...
006 (011.488.000) 05/08 20:45:43 Image size of job updated: 2000000
	184  -  MemoryUsage of job (MB)
	188364  -  ResidentSetSize of job (KB)
...
006 (011.488.000) 05/08 20:45:48 Image size of job updated: 2000000
	191  -  MemoryUsage of job (MB)
	195228  -  ResidentSetSize of job (KB)
...
006 (011.488.000) 05/08 20:45:53 Image size of job updated: 2000000
	201  -  MemoryUsage of job (MB)
	205392  -  ResidentSetSize of job (KB)
...
006 (011.488.000) 05/08 20:45:58 Image size of job updated: 2000000
	211  -  MemoryUsage of job (MB)
	215424  -  ResidentSetSize of job (KB)
...
006 (011.488.000) 05/08 20:46:03 Image size of job updated: 2000000
	219  -  MemoryUsage of job (MB)
	223344  -  ResidentSetSize of job (KB)
...
006 (011.488.000) 05/08 20:46:08 Image size of job updated: 2000000
	229  -  MemoryUsage of job (MB)
	234300  -  ResidentSetSize of job (KB)
...
006 (011.488.000) 05/08 20:46:13 Image size of job updated: 2000000
	237  -  MemoryUsage of job (MB)
	242616  -  ResidentSetSize of job (KB)
...
006 (011.488.000) 05/08 20:46:18 Image size of job updated: 2000000
	242  -  MemoryUsage of job (MB)
	247632  -  ResidentSetSize of job (KB)
...
006 (011.488.000) 05/08 20:46:23 Image size of job updated: 2000000
	281  -  MemoryUsage of job (MB)
	287628  -  ResidentSetSize of job (KB)
...
006 (011.488.000) 05/08 20:46:28 Image size of job updated: 2000000
	311  -  MemoryUsage of job (MB)
	318252  -  ResidentSetSize of job (KB)
...
006 (011.488.000) 05/08 20:46:33 Image size of job updated: 2000000
	329  -  MemoryUsage of job (MB)
	336204  -  ResidentSetSize of job (KB)
...
006 (011.488.000) 05/08 20:46:38 Image size of job updated: 2000000
	384  -  MemoryUsage of job (MB)
	392436  -  ResidentSetSize of job (KB)
...
006 (011.488.000) 05/08 20:46:43 Image size of job updated: 2000000
	439  -  MemoryUsage of job (MB)
	448668  -  ResidentSetSize of job (KB)
...
006 (011.488.000) 05/08 20:46:48 Image size of job updated: 2000000
	554  -  MemoryUsage of job (MB)
	566544  -  ResidentSetSize of job (KB)
...
006 (011.488.000) 05/08 20:46:53 Image size of job updated: 2000000
	1171  -  MemoryUsage of job (MB)
	1198164  -  ResidentSetSize of job (KB)
...
006 (011.488.000) 05/08 20:58:51 Image size of job updated: 2000000
	1172  -  MemoryUsage of job (MB)
	1199352  -  ResidentSetSize of job (KB)
...
006 (011.488.000) 05/08 20:58:56 Image size of job updated: 2000000
	1207  -  MemoryUsage of job (MB)
	1235520  -  ResidentSetSize of job (KB)
...
006 (011.488.000) 05/08 20:59:01 Image size of job updated: 2000000
	1553  -  MemoryUsage of job (MB)
	1590072  -  ResidentSetSize of job (KB)
...
006 (011.488.000) 05/08 20:59:06 Image size of job updated: 2000000
	1695  -  MemoryUsage of job (MB)
	1734876  -  ResidentSetSize of job (KB)
...
006 (011.488.000) 05/08 20:59:11 Image size of job updated: 2561004
	1886  -  MemoryUsage of job (MB)
	1930632  -  ResidentSetSize of job (KB)
...
006 (011.488.000) 05/08 20:59:16 Image size of job updated: 2565100
	1912  -  MemoryUsage of job (MB)
	1956900  -  ResidentSetSize of job (KB)
...
006 (011.488.000) 05/08 20:59:21 Image size of job updated: 2595820
	1924  -  MemoryUsage of job (MB)
	1969704  -  ResidentSetSize of job (KB)
...
006 (011.488.000) 05/08 20:59:26 Image size of job updated: 2610156
	1934  -  MemoryUsage of job (MB)
	1980264  -  ResidentSetSize of job (KB)
...
006 (011.488.000) 05/08 20:59:31 Image size of job updated: 2610156
	1941  -  MemoryUsage of job (MB)
	1986600  -  ResidentSetSize of job (KB)
...
006 (011.488.000) 05/08 20:59:36 Image size of job updated: 2626540
	1949  -  MemoryUsage of job (MB)
	1995576  -  ResidentSetSize of job (KB)
...
006 (011.488.000) 05/08 20:59:41 Image size of job updated: 2626540
	1961  -  MemoryUsage of job (MB)
	2007324  -  ResidentSetSize of job (KB)
...
006 (011.488.000) 05/08 20:59:46 Image size of job updated: 2640876
	1971  -  MemoryUsage of job (MB)
	2017488  -  ResidentSetSize of job (KB)
...
006 (011.488.000) 05/08 20:59:51 Image size of job updated: 2653164
	1979  -  MemoryUsage of job (MB)
	2025804  -  ResidentSetSize of job (KB)
...
006 (011.488.000) 05/08 20:59:56 Image size of job updated: 2663404
	1987  -  MemoryUsage of job (MB)
	2034120  -  ResidentSetSize of job (KB)
...
006 (011.488.000) 05/08 21:00:01 Image size of job updated: 2669548
	1996  -  MemoryUsage of job (MB)
	2043228  -  ResidentSetSize of job (KB)
...
006 (011.488.000) 05/08 21:00:06 Image size of job updated: 2669548
	2004  -  MemoryUsage of job (MB)
	2052072  -  ResidentSetSize of job (KB)
...
006 (011.488.000) 05/08 21:00:11 Image size of job updated: 2669548
	2012  -  MemoryUsage of job (MB)
	2059332  -  ResidentSetSize of job (KB)
...
006 (011.488.000) 05/08 21:00:16 Image size of job updated: 2694124
	2018  -  MemoryUsage of job (MB)
	2066328  -  ResidentSetSize of job (KB)
...
006 (011.488.000) 05/08 21:00:21 Image size of job updated: 2694124
	2023  -  MemoryUsage of job (MB)
	2070552  -  ResidentSetSize of job (KB)
...
006 (011.488.000) 05/08 21:00:26 Image size of job updated: 2694124
	2030  -  MemoryUsage of job (MB)
	2077812  -  ResidentSetSize of job (KB)
...
006 (011.488.000) 05/08 21:00:31 Image size of job updated: 2714604
	2036  -  MemoryUsage of job (MB)
	2084412  -  ResidentSetSize of job (KB)
...
006 (011.488.000) 05/08 21:00:36 Image size of job updated: 2714604
	2043  -  MemoryUsage of job (MB)
	2091540  -  ResidentSetSize of job (KB)
...
006 (011.488.000) 05/08 21:00:41 Image size of job updated: 2734060
	2049  -  MemoryUsage of job (MB)
	2097744  -  ResidentSetSize of job (KB)
...
006 (011.488.000) 05/08 21:00:46 Image size of job updated: 2736108
	2054  -  MemoryUsage of job (MB)
	2103288  -  ResidentSetSize of job (KB)
...
006 (011.488.000) 05/08 21:00:51 Image size of job updated: 2736108
	2064  -  MemoryUsage of job (MB)
	2112792  -  ResidentSetSize of job (KB)
...
006 (011.488.000) 05/08 21:00:56 Image size of job updated: 2756588
	2074  -  MemoryUsage of job (MB)
	2122824  -  ResidentSetSize of job (KB)
...
006 (011.488.000) 05/08 21:01:01 Image size of job updated: 2763756
	2082  -  MemoryUsage of job (MB)
	2131272  -  ResidentSetSize of job (KB)
...
006 (011.488.000) 05/08 21:01:06 Image size of job updated: 2775020
	2089  -  MemoryUsage of job (MB)
	2139060  -  ResidentSetSize of job (KB)
...
006 (011.488.000) 05/08 21:01:11 Image size of job updated: 2782188
	2099  -  MemoryUsage of job (MB)
	2149224  -  ResidentSetSize of job (KB)
...
006 (011.488.000) 05/08 21:01:16 Image size of job updated: 2791404
	2107  -  MemoryUsage of job (MB)
	2156748  -  ResidentSetSize of job (KB)
...
006 (011.488.000) 05/08 21:01:21 Image size of job updated: 2791404
	2114  -  MemoryUsage of job (MB)
	2164140  -  ResidentSetSize of job (KB)
...
006 (011.488.000) 05/08 21:01:27 Image size of job updated: 2808812
	2121  -  MemoryUsage of job (MB)
	2171796  -  ResidentSetSize of job (KB)
...
006 (011.488.000) 05/08 21:01:45 Image size of job updated: 2834412
	2121  -  MemoryUsage of job (MB)
	2171796  -  ResidentSetSize of job (KB)
...
006 (011.488.000) 05/08 21:01:51 Image size of job updated: 2846700
	2121  -  MemoryUsage of job (MB)
	2171796  -  ResidentSetSize of job (KB)
...
006 (011.488.000) 05/08 21:01:57 Image size of job updated: 2847724
	2121  -  MemoryUsage of job (MB)
	2171796  -  ResidentSetSize of job (KB)
...
006 (011.488.000) 05/08 21:02:03 Image size of job updated: 2860012
	2121  -  MemoryUsage of job (MB)
	2171796  -  ResidentSetSize of job (KB)
...
006 (011.488.000) 05/08 21:02:15 Image size of job updated: 2864108
	2121  -  MemoryUsage of job (MB)
	2171796  -  ResidentSetSize of job (KB)
...
006 (011.488.000) 05/08 21:02:32 Image size of job updated: 2886636
	2121  -  MemoryUsage of job (MB)
	2171796  -  ResidentSetSize of job (KB)
...
006 (011.488.000) 05/08 21:02:45 Image size of job updated: 2895852
	2121  -  MemoryUsage of job (MB)
	2171796  -  ResidentSetSize of job (KB)
...
006 (011.488.000) 05/08 21:02:53 Image size of job updated: 2926572
	2121  -  MemoryUsage of job (MB)
	2171796  -  ResidentSetSize of job (KB)
...
006 (011.488.000) 05/08 21:02:58 Image size of job updated: 2941932
	2121  -  MemoryUsage of job (MB)
	2171796  -  ResidentSetSize of job (KB)
...
006 (011.488.000) 05/08 21:03:03 Image size of job updated: 2950124
	2121  -  MemoryUsage of job (MB)
	2171796  -  ResidentSetSize of job (KB)
...
006 (011.488.000) 05/08 21:03:18 Image size of job updated: 2971628
	2121  -  MemoryUsage of job (MB)
	2171796  -  ResidentSetSize of job (KB)
...
006 (011.488.000) 05/08 21:03:28 Image size of job updated: 2982892
	2121  -  MemoryUsage of job (MB)
	2171796  -  ResidentSetSize of job (KB)
...
006 (011.488.000) 05/08 21:03:33 Image size of job updated: 3000300
	2121  -  MemoryUsage of job (MB)
	2171796  -  ResidentSetSize of job (KB)
...
006 (011.488.000) 05/08 21:03:48 Image size of job updated: 3033068
	2128  -  MemoryUsage of job (MB)
	2178396  -  ResidentSetSize of job (KB)
...
006 (011.488.000) 05/08 21:03:53 Image size of job updated: 3033068
	2136  -  MemoryUsage of job (MB)
	2186580  -  ResidentSetSize of job (KB)
...
006 (011.488.000) 05/08 21:03:58 Image size of job updated: 3043308
	2146  -  MemoryUsage of job (MB)
	2196612  -  ResidentSetSize of job (KB)
...
006 (011.488.000) 05/08 21:04:03 Image size of job updated: 3060716
	2157  -  MemoryUsage of job (MB)
	2208492  -  ResidentSetSize of job (KB)
...
006 (011.488.000) 05/08 21:04:08 Image size of job updated: 3061740
	2168  -  MemoryUsage of job (MB)
	2219844  -  ResidentSetSize of job (KB)
...
006 (011.488.000) 05/08 21:04:13 Image size of job updated: 3075052
	2179  -  MemoryUsage of job (MB)
	2230404  -  ResidentSetSize of job (KB)
...
006 (011.488.000) 05/08 21:04:18 Image size of job updated: 3090412
	2186  -  MemoryUsage of job (MB)
	2237928  -  ResidentSetSize of job (KB)
...
006 (011.488.000) 05/08 21:04:23 Image size of job updated: 3091436
	2194  -  MemoryUsage of job (MB)
	2246508  -  ResidentSetSize of job (KB)
...
006 (011.488.000) 05/08 21:04:28 Image size of job updated: 3102700
	2205  -  MemoryUsage of job (MB)
	2257200  -  ResidentSetSize of job (KB)
...
006 (011.488.000) 05/08 21:04:33 Image size of job updated: 3120108
	2216  -  MemoryUsage of job (MB)
	2268552  -  ResidentSetSize of job (KB)
...
006 (011.488.000) 05/08 21:04:38 Image size of job updated: 3122156
	2223  -  MemoryUsage of job (MB)
	2275416  -  ResidentSetSize of job (KB)
...
006 (011.488.000) 05/08 21:04:43 Image size of job updated: 3122156
	2231  -  MemoryUsage of job (MB)
	2284392  -  ResidentSetSize of job (KB)
...
006 (011.488.000) 05/08 21:04:48 Image size of job updated: 3141612
	2237  -  MemoryUsage of job (MB)
	2290200  -  ResidentSetSize of job (KB)
...
006 (011.488.000) 05/08 21:04:53 Image size of job updated: 3145708
	2245  -  MemoryUsage of job (MB)
	2298384  -  ResidentSetSize of job (KB)
...
006 (011.488.000) 05/08 21:04:59 Image size of job updated: 3145708
	2254  -  MemoryUsage of job (MB)
	2308020  -  ResidentSetSize of job (KB)
...
006 (011.488.000) 05/08 21:05:05 Image size of job updated: 3164140
	2265  -  MemoryUsage of job (MB)
	2318712  -  ResidentSetSize of job (KB)
...
006 (011.488.000) 05/08 21:05:11 Image size of job updated: 3164140
	2500  -  MemoryUsage of job (MB)
	2559084  -  ResidentSetSize of job (KB)
...
006 (011.488.000) 05/08 21:05:17 Image size of job updated: 3386348
	2635  -  MemoryUsage of job (MB)
	2697420  -  ResidentSetSize of job (KB)
...
005 (011.488.000) 05/08 21:05:21 Job terminated.
	(1) Normal termination (return value 0)
		Usr 0 00:19:27, Sys 0 00:00:06  -  Run Remote Usage
		Usr 0 00:00:00, Sys 0 00:00:00  -  Run Local Usage
		Usr 0 00:19:27, Sys 0 00:00:06  -  Total Remote Usage
		Usr 0 00:00:00, Sys 0 00:00:00  -  Total Local Usage
	0  -  Run Bytes Sent By Job
	0  -  Run Bytes Received By Job
	0  -  Total Bytes Sent By Job
	0  -  Total Bytes Received By Job
	Partitionable Resources :      Usage  Request Allocated 
	   Cpus                 :       0.94        1         1 
	   Disk (KB)            : 2000000     2000000   6232219 
	   Memory (MB)          :    2635        1954      2007 
...
