000 (016.378.000) 05/10 03:37:23 Job submitted from host: <127.0.0.1:9618?addrs=127.0.0.1-9618&noUDP&sock=212_fe2a_4>
...
001 (016.378.000) 05/10 05:46:45 Job executing on host: <127.0.0.1:9618?addrs=127.0.0.1-9618&noUDP&sock=212_fe2a_5>
...
006 (016.378.000) 05/10 05:46:51 Image size of job updated: 2000000
	101  -  MemoryUsage of job (MB)
	102828  -  ResidentSetSize of job (KB)
...
006 (016.378.000) 05/10 05:47:21 Image size of job updated: 2000000
	119  -  MemoryUsage of job (MB)
	121440  -  ResidentSetSize of job (KB)
...
006 (016.378.000) 05/10 05:47:26 Image size of job updated: 2000000
	183  -  MemoryUsage of job (MB)
	186648  -  ResidentSetSize of job (KB)
...
006 (016.378.000) 05/10 05:47:31 Image size of job updated: 2000000
	184  -  MemoryUsage of job (MB)
	188232  -  ResidentSetSize of job (KB)
...
006 (016.378.000) 05/10 05:47:36 Image size of job updated: 2000000
	193  -  MemoryUsage of job (MB)
	196680  -  ResidentSetSize of job (KB)
...
006 (016.378.000) 05/10 05:47:41 Image size of job updated: 2000000
	205  -  MemoryUsage of job (MB)
	209880  -  ResidentSetSize of job (KB)
...
006 (016.378.000) 05/10 05:47:46 Image size of job updated: 2000000
	214  -  MemoryUsage of job (MB)
	219120  -  ResidentSetSize of job (KB)
...
006 (016.378.000) 05/10 05:47:51 Image size of job updated: 2000000
	225  -  MemoryUsage of job (MB)
	229812  -  ResidentSetSize of job (KB)
...
006 (016.378.000) 05/10 05:47:56 Image size of job updated: 2000000
	233  -  MemoryUsage of job (MB)
	238524  -  ResidentSetSize of job (KB)
...
006 (016.378.000) 05/10 05:48:01 Image size of job updated: 2000000
	241  -  MemoryUsage of job (MB)
	245916  -  ResidentSetSize of job (KB)
...
006 (016.378.000) 05/10 05:48:06 Image size of job updated: 2000000
	276  -  MemoryUsage of job (MB)
	282084  -  ResidentSetSize of job (KB)
...
006 (016.378.000) 05/10 05:48:11 Image size of job updated: 2000000
	306  -  MemoryUsage of job (MB)
	312444  -  ResidentSetSize of job (KB)
...
006 (016.378.000) 05/10 05:48:16 Image size of job updated: 2000000
	328  -  MemoryUsage of job (MB)
	335808  -  ResidentSetSize of job (KB)
...
006 (016.378.000) 05/10 05:48:21 Image size of job updated: 2000000
	371  -  MemoryUsage of job (MB)
	379896  -  ResidentSetSize of job (KB)
...
006 (016.378.000) 05/10 05:48:26 Image size of job updated: 2000000
	426  -  MemoryUsage of job (MB)
	435996  -  ResidentSetSize of job (KB)
...
006 (016.378.000) 05/10 05:48:31 Image size of job updated: 2000000
	472  -  MemoryUsage of job (MB)
	483252  -  ResidentSetSize of job (KB)
...
006 (016.378.000) 05/10 05:48:36 Image size of job updated: 2000000
	1168  -  MemoryUsage of job (MB)
	1195788  -  ResidentSetSize of job (KB)
...
006 (016.378.000) 05/10 06:00:54 Image size of job updated: 2000000
	1169  -  MemoryUsage of job (MB)
	1196448  -  ResidentSetSize of job (KB)
...
006 (016.378.000) 05/10 06:00:59 Image size of job updated: 2000000
	1170  -  MemoryUsage of job (MB)
	1197768  -  ResidentSetSize of job (KB)
...
006 (016.378.000) 05/10 06:01:04 Image size of job updated: 2000000
	1248  -  MemoryUsage of job (MB)
	1277232  -  ResidentSetSize of job (KB)
...
006 (016.378.000) 05/10 06:01:09 Image size of job updated: 2000000
	1575  -  MemoryUsage of job (MB)
	1612380  -  ResidentSetSize of job (KB)
...
006 (016.378.000) 05/10 06:01:14 Image size of job updated: 2000000
	1624  -  MemoryUsage of job (MB)
	1662408  -  ResidentSetSize of job (KB)
...
006 (016.378.000) 05/10 06:01:19 Image size of job updated: 2000000
	1883  -  MemoryUsage of job (MB)
	1927200  -  ResidentSetSize of job (KB)
...
006 (016.378.000) 05/10 06:01:24 Image size of job updated: 2561508
	1883  -  MemoryUsage of job (MB)
	1927200  -  ResidentSetSize of job (KB)
...
006 (016.378.000) 05/10 06:01:44 Image size of job updated: 2561508
	1883  -  MemoryUsage of job (MB)
	1927992  -  ResidentSetSize of job (KB)
...
006 (016.378.000) 05/10 06:01:54 Image size of job updated: 2561508
	1883  -  MemoryUsage of job (MB)
	1928124  -  ResidentSetSize of job (KB)
...
006 (016.378.000) 05/10 06:01:59 Image size of job updated: 2561508
	1884  -  MemoryUsage of job (MB)
	1928388  -  ResidentSetSize of job (KB)
...
006 (016.378.000) 05/10 06:02:04 Image size of job updated: 2561508
	1884  -  MemoryUsage of job (MB)
	1928652  -  ResidentSetSize of job (KB)
...
006 (016.378.000) 05/10 06:02:09 Image size of job updated: 2563556
	1887  -  MemoryUsage of job (MB)
	1931292  -  ResidentSetSize of job (KB)
...
006 (016.378.000) 05/10 06:02:14 Image size of job updated: 2566628
	1889  -  MemoryUsage of job (MB)
	1933536  -  ResidentSetSize of job (KB)
...
006 (016.378.000) 05/10 06:02:19 Image size of job updated: 2566628
	1891  -  MemoryUsage of job (MB)
	1935648  -  ResidentSetSize of job (KB)
...
006 (016.378.000) 05/10 06:02:24 Image size of job updated: 2570724
	1893  -  MemoryUsage of job (MB)
	1937892  -  ResidentSetSize of job (KB)
...
006 (016.378.000) 05/10 06:02:29 Image size of job updated: 2573796
	1896  -  MemoryUsage of job (MB)
	1940532  -  ResidentSetSize of job (KB)
...
006 (016.378.000) 05/10 06:02:34 Image size of job updated: 2573796
	1897  -  MemoryUsage of job (MB)
	1942116  -  ResidentSetSize of job (KB)
...
006 (016.378.000) 05/10 06:02:39 Image size of job updated: 2576868
	1899  -  MemoryUsage of job (MB)
	1944096  -  ResidentSetSize of job (KB)
...
006 (016.378.000) 05/10 06:02:44 Image size of job updated: 2576868
	1902  -  MemoryUsage of job (MB)
	1946868  -  ResidentSetSize of job (KB)
...
006 (016.378.000) 05/10 06:02:49 Image size of job updated: 2576868
	1904  -  MemoryUsage of job (MB)
	1949640  -  ResidentSetSize of job (KB)
...
006 (016.378.000) 05/10 06:02:54 Image size of job updated: 2585060
	1907  -  MemoryUsage of job (MB)
	1951884  -  ResidentSetSize of job (KB)
...
006 (016.378.000) 05/10 06:02:59 Image size of job updated: 2585060
	1908  -  MemoryUsage of job (MB)
	1952808  -  ResidentSetSize of job (KB)
...
006 (016.378.000) 05/10 06:03:04 Image size of job updated: 2585060
	1909  -  MemoryUsage of job (MB)
	1954392  -  ResidentSetSize of job (KB)
...
006 (016.378.000) 05/10 06:03:09 Image size of job updated: 2589156
	1911  -  MemoryUsage of job (MB)
	1956372  -  ResidentSetSize of job (KB)
...
006 (016.378.000) 05/10 06:03:14 Image size of job updated: 2589156
	1913  -  MemoryUsage of job (MB)
	1958616  -  ResidentSetSize of job (KB)
...
006 (016.378.000) 05/10 06:03:19 Image size of job updated: 2589156
	1916  -  MemoryUsage of job (MB)
	1961388  -  ResidentSetSize of job (KB)
...
006 (016.378.000) 05/10 06:03:24 Image size of job updated: 2596324
	1918  -  MemoryUsage of job (MB)
	1963236  -  ResidentSetSize of job (KB)
...
006 (016.378.000) 05/10 06:03:29 Image size of job updated: 2596324
	1920  -  MemoryUsage of job (MB)
	1966008  -  ResidentSetSize of job (KB)
...
006 (016.378.000) 05/10 06:03:35 Image size of job updated: 2596324
	1923  -  MemoryUsage of job (MB)
	1968912  -  ResidentSetSize of job (KB)
...
006 (016.378.000) 05/10 06:03:41 Image size of job updated: 2603492
	1926  -  MemoryUsage of job (MB)
	1971420  -  ResidentSetSize of job (KB)
...
006 (016.378.000) 05/10 06:03:47 Image size of job updated: 2603492
	1928  -  MemoryUsage of job (MB)
	1974060  -  ResidentSetSize of job (KB)
...
006 (016.378.000) 05/10 06:03:53 Image size of job updated: 2603492
	1931  -  MemoryUsage of job (MB)
	1976964  -  ResidentSetSize of job (KB)
...
006 (016.378.000) 05/10 06:03:59 Image size of job updated: 2610660
	1933  -  MemoryUsage of job (MB)
	1978680  -  ResidentSetSize of job (KB)
...
006 (016.378.000) 05/10 06:04:05 Image size of job updated: 2610660
	1936  -  MemoryUsage of job (MB)
	1981716  -  ResidentSetSize of job (KB)
...
006 (016.378.000) 05/10 06:04:11 Image size of job updated: 2617828
	1938  -  MemoryUsage of job (MB)
	1984224  -  ResidentSetSize of job (KB)
...
006 (016.378.000) 05/10 06:04:17 Image size of job updated: 2617828
	1949  -  MemoryUsage of job (MB)
	1995576  -  ResidentSetSize of job (KB)
...
006 (016.378.000) 05/10 06:04:23 Image size of job updated: 2832868
	2151  -  MemoryUsage of job (MB)
	2202288  -  ResidentSetSize of job (KB)
...
005 (016.378.000) 05/10 06:04:27 Job terminated.
	(1) Normal termination (return value 0)
		Usr 0 00:17:08, Sys 0 00:00:02  -  Run Remote Usage
		Usr 0 00:00:00, Sys 0 00:00:00  -  Run Local Usage
		Usr 0 00:17:08, Sys 0 00:00:02  -  Total Remote Usage
		Usr 0 00:00:00, Sys 0 00:00:00  -  Total Local Usage
	0  -  Run Bytes Sent By Job
	0  -  Run Bytes Received By Job
	0  -  Total Bytes Sent By Job
	0  -  Total Bytes Received By Job
	Partitionable Resources :      Usage  Request Allocated 
	   Cpus                 :       1.00        1         1 
	   Disk (KB)            : 2000000     2000000   6232219 
	   Memory (MB)          :    2151        1954      2007 
...
