000 (188.089.000) 05/05 21:04:40 Job submitted from host: <127.0.0.1:9618?addrs=127.0.0.1-9618&noUDP&sock=222_da1d_4>
...
001 (188.089.000) 05/06 01:34:01 Job executing on host: <127.0.0.1:9618?addrs=127.0.0.1-9618&noUDP&sock=222_da1d_5>
...
006 (188.089.000) 05/06 01:34:07 Image size of job updated: 2000000
	141  -  MemoryUsage of job (MB)
	143616  -  ResidentSetSize of job (KB)
...
006 (188.089.000) 05/06 01:34:13 Image size of job updated: 2000000
	151  -  MemoryUsage of job (MB)
	154176  -  ResidentSetSize of job (KB)
...
006 (188.089.000) 05/06 01:36:42 Image size of job updated: 2000000
	294  -  MemoryUsage of job (MB)
	300828  -  ResidentSetSize of job (KB)
...
006 (188.089.000) 05/06 01:37:09 Image size of job updated: 2000000
	320  -  MemoryUsage of job (MB)
	327096  -  ResidentSetSize of job (KB)
...
006 (188.089.000) 05/06 01:37:26 Image size of job updated: 2000000
	357  -  MemoryUsage of job (MB)
	364584  -  ResidentSetSize of job (KB)
...
006 (188.089.000) 05/06 01:37:36 Image size of job updated: 2000000
	375  -  MemoryUsage of job (MB)
	383064  -  ResidentSetSize of job (KB)
...
006 (188.089.000) 05/06 01:37:43 Image size of job updated: 2000000
	387  -  MemoryUsage of job (MB)
	396264  -  ResidentSetSize of job (KB)
...
006 (188.089.000) 05/06 01:37:49 Image size of job updated: 2000000
	396  -  MemoryUsage of job (MB)
	404844  -  ResidentSetSize of job (KB)
...
006 (188.089.000) 05/06 01:37:55 Image size of job updated: 2000000
	433  -  MemoryUsage of job (MB)
	442860  -  ResidentSetSize of job (KB)
...
006 (188.089.000) 05/06 01:38:01 Image size of job updated: 2000000
	486  -  MemoryUsage of job (MB)
	497508  -  ResidentSetSize of job (KB)
...
006 (188.089.000) 05/06 01:38:08 Image size of job updated: 2000000
	510  -  MemoryUsage of job (MB)
	522192  -  ResidentSetSize of job (KB)
...
006 (188.089.000) 05/06 01:38:16 Image size of job updated: 2000000
	511  -  MemoryUsage of job (MB)
	522984  -  ResidentSetSize of job (KB)
...
006 (188.089.000) 05/06 01:38:21 Image size of job updated: 2000000
	529  -  MemoryUsage of job (MB)
	541068  -  ResidentSetSize of job (KB)
...
006 (188.089.000) 05/06 01:38:26 Image size of job updated: 2000000
	542  -  MemoryUsage of job (MB)
	554268  -  ResidentSetSize of job (KB)
...
006 (188.089.000) 05/06 01:38:31 Image size of job updated: 2000000
	544  -  MemoryUsage of job (MB)
	556644  -  ResidentSetSize of job (KB)
...
006 (188.089.000) 05/06 01:38:36 Image size of job updated: 2000000
	621  -  MemoryUsage of job (MB)
	635448  -  ResidentSetSize of job (KB)
...
006 (188.089.000) 05/06 01:38:41 Image size of job updated: 2000000
	677  -  MemoryUsage of job (MB)
	693132  -  ResidentSetSize of job (KB)
...
006 (188.089.000) 05/06 01:38:46 Image size of job updated: 2000000
	704  -  MemoryUsage of job (MB)
	720852  -  ResidentSetSize of job (KB)
...
006 (188.089.000) 05/06 01:38:51 Image size of job updated: 2000000
	743  -  MemoryUsage of job (MB)
	760452  -  ResidentSetSize of job (KB)
...
006 (188.089.000) 05/06 01:38:56 Image size of job updated: 2000000
	778  -  MemoryUsage of job (MB)
	796092  -  ResidentSetSize of job (KB)
...
006 (188.089.000) 05/06 01:39:01 Image size of job updated: 2205456
	2149  -  MemoryUsage of job (MB)
	2200044  -  ResidentSetSize of job (KB)
...
006 (188.089.000) 05/06 01:39:06 Image size of job updated: 2604360
	2543  -  MemoryUsage of job (MB)
	2603040  -  ResidentSetSize of job (KB)
...
006 (188.089.000) 05/06 01:39:11 Image size of job updated: 3238676
	2543  -  MemoryUsage of job (MB)
	2603040  -  ResidentSetSize of job (KB)
...
005 (188.089.000) 05/06 02:04:52 Job terminated.
	(0) Abnormal termination (signal 9)
	(0) No core file
		Usr 0 00:26:20, Sys 0 00:01:07  -  Run Remote Usage
		Usr 0 00:00:00, Sys 0 00:00:00  -  Run Local Usage
		Usr 0 00:26:20, Sys 0 00:01:07  -  Total Remote Usage
		Usr 0 00:00:00, Sys 0 00:00:00  -  Total Local Usage
	0  -  Run Bytes Sent By Job
	0  -  Run Bytes Received By Job
	0  -  Total Bytes Sent By Job
	0  -  Total Bytes Received By Job
	Partitionable Resources :      Usage  Request Allocated 
	   Cpus                 :       1.00        1         1 
	   Disk (KB)            : 2000000     2000000   6540465 
	   Memory (MB)          :    2543        1954      2007 
...
000 (209.087.000) 05/06 15:00:21 Job submitted from host: <127.0.0.1:9618?addrs=127.0.0.1-9618&noUDP&sock=222_da1d_4>
...
001 (209.087.000) 05/06 17:53:15 Job executing on host: <127.0.0.1:9618?addrs=127.0.0.1-9618&noUDP&sock=222_da1d_5>
...
006 (209.087.000) 05/06 17:53:21 Image size of job updated: 2000000
	122  -  MemoryUsage of job (MB)
	124872  -  ResidentSetSize of job (KB)
...
006 (209.087.000) 05/06 17:53:53 Image size of job updated: 2000000
	197  -  MemoryUsage of job (MB)
	201564  -  ResidentSetSize of job (KB)
...
006 (209.087.000) 05/06 18:12:42 Image size of job updated: 3236624
	2510  -  MemoryUsage of job (MB)
	2569380  -  ResidentSetSize of job (KB)
...
005 (209.087.000) 05/06 18:28:23 Job terminated.
	(0) Abnormal termination (signal 9)
	(0) No core file
		Usr 0 00:14:12, Sys 0 00:08:16  -  Run Remote Usage
		Usr 0 00:00:00, Sys 0 00:00:00  -  Run Local Usage
		Usr 0 00:14:12, Sys 0 00:08:16  -  Total Remote Usage
		Usr 0 00:00:00, Sys 0 00:00:00  -  Total Local Usage
	123035  -  Run Bytes Sent By Job
	1864886144  -  Run Bytes Received By Job
	123035  -  Total Bytes Sent By Job
	1864886144  -  Total Bytes Received By Job
	Partitionable Resources :    Usage  Request Allocated 
	   Cpus                 :        0        1         1 
	   Disk (KB)            :  2000000  2000000   6540465 
	   Memory (MB)          :     2510     1954      2007 
...
