000 (183.093.000) 05/05 20:11:42 Job submitted from host: <127.0.0.1:9618?addrs=127.0.0.1-9618&noUDP&sock=222_da1d_4>
...
001 (183.093.000) 05/05 22:11:32 Job executing on host: <127.0.0.1:9618?addrs=127.0.0.1-9618&noUDP&sock=222_da1d_5>
...
006 (183.093.000) 05/05 22:11:37 Image size of job updated: 2000000
	101  -  MemoryUsage of job (MB)
	102564  -  ResidentSetSize of job (KB)
...
006 (183.093.000) 05/05 22:12:07 Image size of job updated: 2000000
	163  -  MemoryUsage of job (MB)
	166188  -  ResidentSetSize of job (KB)
...
006 (183.093.000) 05/05 22:12:12 Image size of job updated: 2000000
	181  -  MemoryUsage of job (MB)
	184536  -  ResidentSetSize of job (KB)
...
006 (183.093.000) 05/05 22:12:54 Image size of job updated: 2000000
	181  -  MemoryUsage of job (MB)
	184668  -  ResidentSetSize of job (KB)
...
006 (183.093.000) 05/05 22:14:46 Image size of job updated: 2000000
	1163  -  MemoryUsage of job (MB)
	1190904  -  ResidentSetSize of job (KB)
...
006 (183.093.000) 05/05 22:26:53 Image size of job updated: 2000000
	1494  -  MemoryUsage of job (MB)
	1529088  -  ResidentSetSize of job (KB)
...
006 (183.093.000) 05/05 22:26:59 Image size of job updated: 2236400
	1689  -  MemoryUsage of job (MB)
	1729068  -  ResidentSetSize of job (KB)
...
006 (183.093.000) 05/05 22:27:05 Image size of job updated: 2236400
	1832  -  MemoryUsage of job (MB)
	1875456  -  ResidentSetSize of job (KB)
...
006 (183.093.000) 05/05 22:27:11 Image size of job updated: 2657256
	1961  -  MemoryUsage of job (MB)
	2007060  -  ResidentSetSize of job (KB)
...
006 (183.093.000) 05/05 22:27:17 Image size of job updated: 2727912
	2033  -  MemoryUsage of job (MB)
	2081244  -  ResidentSetSize of job (KB)
...
006 (183.093.000) 05/05 22:27:28 Image size of job updated: 2727912
	2071  -  MemoryUsage of job (MB)
	2120184  -  ResidentSetSize of job (KB)
...
006 (183.093.000) 05/05 22:27:42 Image size of job updated: 2879464
	2256  -  MemoryUsage of job (MB)
	2309340  -  ResidentSetSize of job (KB)
...
006 (183.093.000) 05/05 22:27:53 Image size of job updated: 3071976
	2412  -  MemoryUsage of job (MB)
	2469060  -  ResidentSetSize of job (KB)
...
006 (183.093.000) 05/05 22:28:00 Image size of job updated: 3071976
	2493  -  MemoryUsage of job (MB)
	2552352  -  ResidentSetSize of job (KB)
...
006 (183.093.000) 05/05 22:28:06 Image size of job updated: 3287016
	2563  -  MemoryUsage of job (MB)
	2623764  -  ResidentSetSize of job (KB)
...
006 (183.093.000) 05/05 22:28:12 Image size of job updated: 3287016
	2631  -  MemoryUsage of job (MB)
	2693592  -  ResidentSetSize of job (KB)
...
006 (183.093.000) 05/05 22:28:18 Image size of job updated: 3437544
	2697  -  MemoryUsage of job (MB)
	2761704  -  ResidentSetSize of job (KB)
...
006 (183.093.000) 05/05 22:28:24 Image size of job updated: 3461096
	2759  -  MemoryUsage of job (MB)
	2825196  -  ResidentSetSize of job (KB)
...
006 (183.093.000) 05/05 22:28:30 Image size of job updated: 3526632
	2828  -  MemoryUsage of job (MB)
	2895552  -  ResidentSetSize of job (KB)
...
006 (183.093.000) 05/05 22:28:36 Image size of job updated: 3647464
	2899  -  MemoryUsage of job (MB)
	2968284  -  ResidentSetSize of job (KB)
...
006 (183.093.000) 05/05 22:28:42 Image size of job updated: 3647464
	2969  -  MemoryUsage of job (MB)
	3039696  -  ResidentSetSize of job (KB)
...
006 (183.093.000) 05/05 22:28:48 Image size of job updated: 3789800
	3039  -  MemoryUsage of job (MB)
	3111504  -  ResidentSetSize of job (KB)
...
006 (183.093.000) 05/05 22:28:54 Image size of job updated: 3789800
	3109  -  MemoryUsage of job (MB)
	3183312  -  ResidentSetSize of job (KB)
...
006 (183.093.000) 05/05 22:29:00 Image size of job updated: 3789800
	3177  -  MemoryUsage of job (MB)
	3252876  -  ResidentSetSize of job (KB)
...
006 (183.093.000) 05/05 22:29:06 Image size of job updated: 3966952
	3250  -  MemoryUsage of job (MB)
	3327192  -  ResidentSetSize of job (KB)
...
006 (183.093.000) 05/05 22:29:12 Image size of job updated: 3966952
	3307  -  MemoryUsage of job (MB)
	3385800  -  ResidentSetSize of job (KB)
...
006 (183.093.000) 05/05 22:29:18 Image size of job updated: 4160488
	3372  -  MemoryUsage of job (MB)
	3452724  -  ResidentSetSize of job (KB)
...
006 (183.093.000) 05/05 22:29:24 Image size of job updated: 4160488
	3445  -  MemoryUsage of job (MB)
	3527436  -  ResidentSetSize of job (KB)
...
006 (183.093.000) 05/05 22:29:30 Image size of job updated: 4160488
	3518  -  MemoryUsage of job (MB)
	3602280  -  ResidentSetSize of job (KB)
...
006 (183.093.000) 05/05 22:29:36 Image size of job updated: 4345832
	3592  -  MemoryUsage of job (MB)
	3677520  -  ResidentSetSize of job (KB)
...
006 (183.093.000) 05/05 22:29:42 Image size of job updated: 4345832
	3671  -  MemoryUsage of job (MB)
	3758964  -  ResidentSetSize of job (KB)
...
006 (183.093.000) 05/05 22:29:48 Image size of job updated: 4540392
	3746  -  MemoryUsage of job (MB)
	3834996  -  ResidentSetSize of job (KB)
...
006 (183.093.000) 05/05 22:29:54 Image size of job updated: 4540392
	3794  -  MemoryUsage of job (MB)
	3884100  -  ResidentSetSize of job (KB)
...
006 (183.093.000) 05/05 22:30:04 Image size of job updated: 4669416
	3794  -  MemoryUsage of job (MB)
	3884100  -  ResidentSetSize of job (KB)
...
006 (183.093.000) 05/05 22:30:10 Image size of job updated: 4669416
	3858  -  MemoryUsage of job (MB)
	3950100  -  ResidentSetSize of job (KB)
...
006 (183.093.000) 05/05 22:30:16 Image size of job updated: 4813800
	3928  -  MemoryUsage of job (MB)
	4021512  -  ResidentSetSize of job (KB)
...
006 (183.093.000) 05/05 22:30:22 Image size of job updated: 4855784
	3998  -  MemoryUsage of job (MB)
	4093848  -  ResidentSetSize of job (KB)
...
006 (183.093.000) 05/05 22:30:29 Image size of job updated: 4855784
	4068  -  MemoryUsage of job (MB)
	4165260  -  ResidentSetSize of job (KB)
...
006 (183.093.000) 05/05 22:30:34 Image size of job updated: 5028840
	4127  -  MemoryUsage of job (MB)
	4225980  -  ResidentSetSize of job (KB)
...
006 (183.093.000) 05/05 22:30:39 Image size of job updated: 5051368
	4184  -  MemoryUsage of job (MB)
	4284324  -  ResidentSetSize of job (KB)
...
006 (183.093.000) 05/05 22:30:44 Image size of job updated: 5051368
	4243  -  MemoryUsage of job (MB)
	4344516  -  ResidentSetSize of job (KB)
...
006 (183.093.000) 05/05 22:30:49 Image size of job updated: 5051368
	4301  -  MemoryUsage of job (MB)
	4404048  -  ResidentSetSize of job (KB)
...
006 (183.093.000) 05/05 22:30:54 Image size of job updated: 5228520
	4361  -  MemoryUsage of job (MB)
	4464900  -  ResidentSetSize of job (KB)
...
006 (183.093.000) 05/05 22:30:59 Image size of job updated: 5228520
	4420  -  MemoryUsage of job (MB)
	4525620  -  ResidentSetSize of job (KB)
...
006 (183.093.000) 05/05 22:31:04 Image size of job updated: 5228520
	4479  -  MemoryUsage of job (MB)
	4585680  -  ResidentSetSize of job (KB)
...
006 (183.093.000) 05/05 22:31:09 Image size of job updated: 5406696
	4539  -  MemoryUsage of job (MB)
	4646928  -  ResidentSetSize of job (KB)
...
006 (183.093.000) 05/05 22:31:14 Image size of job updated: 5406696
	4597  -  MemoryUsage of job (MB)
	4706988  -  ResidentSetSize of job (KB)
...
006 (183.093.000) 05/05 22:31:19 Image size of job updated: 5406696
	4661  -  MemoryUsage of job (MB)
	4772592  -  ResidentSetSize of job (KB)
...
006 (183.093.000) 05/05 22:31:24 Image size of job updated: 5640168
	4724  -  MemoryUsage of job (MB)
	4837272  -  ResidentSetSize of job (KB)
...
006 (183.093.000) 05/05 22:31:29 Image size of job updated: 5640168
	4787  -  MemoryUsage of job (MB)
	4901424  -  ResidentSetSize of job (KB)
...
006 (183.093.000) 05/05 22:31:34 Image size of job updated: 5714920
	4849  -  MemoryUsage of job (MB)
	4964784  -  ResidentSetSize of job (KB)
...
006 (183.093.000) 05/05 22:31:39 Image size of job updated: 5806056
	4911  -  MemoryUsage of job (MB)
	5028012  -  ResidentSetSize of job (KB)
...
006 (183.093.000) 05/05 22:31:44 Image size of job updated: 5806056
	4970  -  MemoryUsage of job (MB)
	5089128  -  ResidentSetSize of job (KB)
...
006 (183.093.000) 05/05 22:31:49 Image size of job updated: 5806056
	5031  -  MemoryUsage of job (MB)
	5151432  -  ResidentSetSize of job (KB)
...
006 (183.093.000) 05/05 22:31:54 Image size of job updated: 5993448
	5090  -  MemoryUsage of job (MB)
	5212020  -  ResidentSetSize of job (KB)
...
006 (183.093.000) 05/05 22:31:59 Image size of job updated: 5993448
	5150  -  MemoryUsage of job (MB)
	5272608  -  ResidentSetSize of job (KB)
...
006 (183.093.000) 05/05 22:32:04 Image size of job updated: 5993448
	5208  -  MemoryUsage of job (MB)
	5332404  -  ResidentSetSize of job (KB)
...
006 (183.093.000) 05/05 22:32:09 Image size of job updated: 6191080
	5267  -  MemoryUsage of job (MB)
	5392992  -  ResidentSetSize of job (KB)
...
006 (183.093.000) 05/05 22:32:14 Image size of job updated: 6191080
	5283  -  MemoryUsage of job (MB)
	5409228  -  ResidentSetSize of job (KB)
...
006 (183.093.000) 05/05 22:32:41 Image size of job updated: 6504424
	5430  -  MemoryUsage of job (MB)
	5559576  -  ResidentSetSize of job (KB)
...
006 (183.093.000) 05/05 22:32:51 Image size of job updated: 6589416
	5561  -  MemoryUsage of job (MB)
	5694216  -  ResidentSetSize of job (KB)
...
006 (183.093.000) 05/05 22:32:58 Image size of job updated: 6706152
	5635  -  MemoryUsage of job (MB)
	5770116  -  ResidentSetSize of job (KB)
...
006 (183.093.000) 05/05 22:33:03 Image size of job updated: 6706152
	5697  -  MemoryUsage of job (MB)
	5832948  -  ResidentSetSize of job (KB)
...
006 (183.093.000) 05/05 22:33:08 Image size of job updated: 6706152
	5758  -  MemoryUsage of job (MB)
	5895780  -  ResidentSetSize of job (KB)
...
006 (183.093.000) 05/05 22:33:13 Image size of job updated: 6906856
	5819  -  MemoryUsage of job (MB)
	5957820  -  ResidentSetSize of job (KB)
...
006 (183.093.000) 05/05 22:33:18 Image size of job updated: 6906856
	5851  -  MemoryUsage of job (MB)
	5991348  -  ResidentSetSize of job (KB)
...
005 (183.093.000) 05/05 22:33:34 Job terminated.
	(0) Abnormal termination (signal 9)
	(0) No core file
		Usr 0 00:19:31, Sys 0 00:00:33  -  Run Remote Usage
		Usr 0 00:00:00, Sys 0 00:00:00  -  Run Local Usage
		Usr 0 00:19:31, Sys 0 00:00:33  -  Total Remote Usage
		Usr 0 00:00:00, Sys 0 00:00:00  -  Total Local Usage
	0  -  Run Bytes Sent By Job
	0  -  Run Bytes Received By Job
	0  -  Total Bytes Sent By Job
	0  -  Total Bytes Received By Job
	Partitionable Resources :      Usage  Request Allocated 
	   Cpus                 :       1.00        1         1 
	   Disk (KB)            : 2000000     2000000   6540465 
	   Memory (MB)          :    5851        1954      2007 
...
000 (201.036.000) 05/06 02:36:51 Job submitted from host: <127.0.0.1:9618?addrs=127.0.0.1-9618&noUDP&sock=222_da1d_4>
...
001 (201.036.000) 05/06 13:48:49 Job executing on host: <127.0.0.1:9618?addrs=127.0.0.1-9618&noUDP&sock=222_da1d_5>
...
006 (201.036.000) 05/06 13:48:54 Image size of job updated: 2000000
	37  -  MemoryUsage of job (MB)
	37620  -  ResidentSetSize of job (KB)
...
006 (201.036.000) 05/06 13:50:12 Image size of job updated: 2000000
	98  -  MemoryUsage of job (MB)
	99660  -  ResidentSetSize of job (KB)
...
006 (201.036.000) 05/06 13:50:50 Image size of job updated: 2000000
	136  -  MemoryUsage of job (MB)
	138996  -  ResidentSetSize of job (KB)
...
006 (201.036.000) 05/06 13:51:13 Image size of job updated: 2000000
	196  -  MemoryUsage of job (MB)
	199848  -  ResidentSetSize of job (KB)
...
006 (201.036.000) 05/06 13:51:32 Image size of job updated: 2000000
	228  -  MemoryUsage of job (MB)
	232980  -  ResidentSetSize of job (KB)
...
006 (201.036.000) 05/06 13:51:50 Image size of job updated: 2000000
	231  -  MemoryUsage of job (MB)
	235752  -  ResidentSetSize of job (KB)
...
006 (201.036.000) 05/06 13:52:15 Image size of job updated: 2000000
	357  -  MemoryUsage of job (MB)
	365508  -  ResidentSetSize of job (KB)
...
006 (201.036.000) 05/06 13:52:35 Image size of job updated: 2000000
	423  -  MemoryUsage of job (MB)
	432432  -  ResidentSetSize of job (KB)
...
006 (201.036.000) 05/06 13:52:54 Image size of job updated: 2000000
	1166  -  MemoryUsage of job (MB)
	1193280  -  ResidentSetSize of job (KB)
...
006 (201.036.000) 05/06 14:06:42 Image size of job updated: 2401004
	1701  -  MemoryUsage of job (MB)
	1741080  -  ResidentSetSize of job (KB)
...
006 (201.036.000) 05/06 14:08:40 Image size of job updated: 3062764
	2296  -  MemoryUsage of job (MB)
	2350128  -  ResidentSetSize of job (KB)
...
006 (201.036.000) 05/06 14:10:20 Image size of job updated: 3780588
	2980  -  MemoryUsage of job (MB)
	3050916  -  ResidentSetSize of job (KB)
...
006 (201.036.000) 05/06 14:11:34 Image size of job updated: 4098028
	3299  -  MemoryUsage of job (MB)
	3377616  -  ResidentSetSize of job (KB)
...
006 (201.036.000) 05/06 14:12:42 Image size of job updated: 4569068
	3639  -  MemoryUsage of job (MB)
	3725832  -  ResidentSetSize of job (KB)
...
006 (201.036.000) 05/06 14:13:36 Image size of job updated: 5134316
	4133  -  MemoryUsage of job (MB)
	4231656  -  ResidentSetSize of job (KB)
...
006 (201.036.000) 05/06 14:14:15 Image size of job updated: 5317612
	4275  -  MemoryUsage of job (MB)
	4377120  -  ResidentSetSize of job (KB)
...
006 (201.036.000) 05/06 14:15:02 Image size of job updated: 5520364
	4437  -  MemoryUsage of job (MB)
	4543044  -  ResidentSetSize of job (KB)
...
006 (201.036.000) 05/06 14:15:31 Image size of job updated: 5701612
	4628  -  MemoryUsage of job (MB)
	4739064  -  ResidentSetSize of job (KB)
...
006 (201.036.000) 05/06 14:15:49 Image size of job updated: 5854188
	4722  -  MemoryUsage of job (MB)
	4834500  -  ResidentSetSize of job (KB)
...
006 (201.036.000) 05/06 14:16:04 Image size of job updated: 5936108
	4842  -  MemoryUsage of job (MB)
	4957656  -  ResidentSetSize of job (KB)
...
006 (201.036.000) 05/06 14:16:22 Image size of job updated: 6089708
	4960  -  MemoryUsage of job (MB)
	5078832  -  ResidentSetSize of job (KB)
...
006 (201.036.000) 05/06 14:16:34 Image size of job updated: 6138860
	5017  -  MemoryUsage of job (MB)
	5137308  -  ResidentSetSize of job (KB)
...
006 (201.036.000) 05/06 14:16:43 Image size of job updated: 6201324
	5042  -  MemoryUsage of job (MB)
	5162652  -  ResidentSetSize of job (KB)
...
006 (201.036.000) 05/06 14:16:56 Image size of job updated: 6273004
	5102  -  MemoryUsage of job (MB)
	5223768  -  ResidentSetSize of job (KB)
...
006 (201.036.000) 05/06 14:17:08 Image size of job updated: 6332396
	5150  -  MemoryUsage of job (MB)
	5272608  -  ResidentSetSize of job (KB)
...
006 (201.036.000) 05/06 14:17:43 Image size of job updated: 6511596
	5193  -  MemoryUsage of job (MB)
	5316828  -  ResidentSetSize of job (KB)
...
006 (201.036.000) 05/06 14:17:45 Image size of job updated: 6532076
	5193  -  MemoryUsage of job (MB)
	5316828  -  ResidentSetSize of job (KB)
...
005 (201.036.000) 05/06 14:17:45 Job terminated.
	(0) Abnormal termination (signal 9)
	(0) No core file
		Usr 0 00:18:08, Sys 0 00:04:16  -  Run Remote Usage
		Usr 0 00:00:00, Sys 0 00:00:00  -  Run Local Usage
		Usr 0 00:18:08, Sys 0 00:04:16  -  Total Remote Usage
		Usr 0 00:00:00, Sys 0 00:00:00  -  Total Local Usage
	0  -  Run Bytes Sent By Job
	0  -  Run Bytes Received By Job
	0  -  Total Bytes Sent By Job
	0  -  Total Bytes Received By Job
	Partitionable Resources :      Usage  Request Allocated 
	   Cpus                 :       0.50        1         1 
	   Disk (KB)            : 2000000     2000000   6540465 
	   Memory (MB)          :    5193        1954      2007 
...
