000 (005.461.000) 05/05 20:21:47 Job submitted from host: <127.0.0.1:9618?addrs=127.0.0.1-9618&noUDP&sock=227_4816_4>
...
001 (005.461.000) 05/05 23:18:30 Job executing on host: <127.0.0.1:9618?addrs=127.0.0.1-9618&noUDP&sock=227_4816_5>
...
006 (005.461.000) 05/05 23:18:35 Image size of job updated: 2000000
	101  -  MemoryUsage of job (MB)
	103092  -  ResidentSetSize of job (KB)
...
006 (005.461.000) 05/05 23:19:05 Image size of job updated: 2000000
	153  -  MemoryUsage of job (MB)
	156156  -  ResidentSetSize of job (KB)
...
006 (005.461.000) 05/05 23:19:10 Image size of job updated: 2000000
	184  -  MemoryUsage of job (MB)
	187968  -  ResidentSetSize of job (KB)
...
006 (005.461.000) 05/05 23:19:15 Image size of job updated: 2000000
	184  -  MemoryUsage of job (MB)
	188364  -  ResidentSetSize of job (KB)
...
006 (005.461.000) 05/05 23:19:20 Image size of job updated: 2000000
	190  -  MemoryUsage of job (MB)
	194436  -  ResidentSetSize of job (KB)
...
006 (005.461.000) 05/05 23:19:25 Image size of job updated: 2000000
	200  -  MemoryUsage of job (MB)
	204468  -  ResidentSetSize of job (KB)
...
006 (005.461.000) 05/05 23:19:30 Image size of job updated: 2000000
	211  -  MemoryUsage of job (MB)
	215556  -  ResidentSetSize of job (KB)
...
006 (005.461.000) 05/05 23:19:35 Image size of job updated: 2000000
	219  -  MemoryUsage of job (MB)
	223344  -  ResidentSetSize of job (KB)
...
006 (005.461.000) 05/05 23:19:40 Image size of job updated: 2000000
	229  -  MemoryUsage of job (MB)
	234168  -  ResidentSetSize of job (KB)
...
006 (005.461.000) 05/05 23:19:45 Image size of job updated: 2000000
	238  -  MemoryUsage of job (MB)
	242880  -  ResidentSetSize of job (KB)
...
006 (005.461.000) 05/05 23:19:50 Image size of job updated: 2000000
	245  -  MemoryUsage of job (MB)
	250272  -  ResidentSetSize of job (KB)
...
006 (005.461.000) 05/05 23:19:55 Image size of job updated: 2000000
	285  -  MemoryUsage of job (MB)
	291456  -  ResidentSetSize of job (KB)
...
006 (005.461.000) 05/05 23:20:00 Image size of job updated: 2000000
	313  -  MemoryUsage of job (MB)
	320232  -  ResidentSetSize of job (KB)
...
006 (005.461.000) 05/05 23:20:05 Image size of job updated: 2000000
	329  -  MemoryUsage of job (MB)
	336072  -  ResidentSetSize of job (KB)
...
006 (005.461.000) 05/05 23:20:10 Image size of job updated: 2000000
	385  -  MemoryUsage of job (MB)
	393492  -  ResidentSetSize of job (KB)
...
006 (005.461.000) 05/05 23:20:15 Image size of job updated: 2000000
	445  -  MemoryUsage of job (MB)
	455532  -  ResidentSetSize of job (KB)
...
006 (005.461.000) 05/05 23:20:20 Image size of job updated: 2000000
	1169  -  MemoryUsage of job (MB)
	1196184  -  ResidentSetSize of job (KB)
...
006 (005.461.000) 05/05 23:34:57 Image size of job updated: 2000000
	1169  -  MemoryUsage of job (MB)
	1196844  -  ResidentSetSize of job (KB)
...
006 (005.461.000) 05/05 23:35:03 Image size of job updated: 2000000
	1172  -  MemoryUsage of job (MB)
	1199616  -  ResidentSetSize of job (KB)
...
006 (005.461.000) 05/05 23:35:09 Image size of job updated: 2000000
	1249  -  MemoryUsage of job (MB)
	1278156  -  ResidentSetSize of job (KB)
...
006 (005.461.000) 05/05 23:35:15 Image size of job updated: 2000000
	1673  -  MemoryUsage of job (MB)
	1712304  -  ResidentSetSize of job (KB)
...
006 (005.461.000) 05/05 23:35:21 Image size of job updated: 2266060
	1883  -  MemoryUsage of job (MB)
	1927728  -  ResidentSetSize of job (KB)
...
006 (005.461.000) 05/05 23:35:27 Image size of job updated: 2634212
	1963  -  MemoryUsage of job (MB)
	2009436  -  ResidentSetSize of job (KB)
...
006 (005.461.000) 05/05 23:35:33 Image size of job updated: 2678244
	2004  -  MemoryUsage of job (MB)
	2051544  -  ResidentSetSize of job (KB)
...
006 (005.461.000) 05/05 23:35:39 Image size of job updated: 2686436
	2047  -  MemoryUsage of job (MB)
	2095368  -  ResidentSetSize of job (KB)
...
006 (005.461.000) 05/05 23:35:45 Image size of job updated: 2745828
	2088  -  MemoryUsage of job (MB)
	2137740  -  ResidentSetSize of job (KB)
...
006 (005.461.000) 05/05 23:35:51 Image size of job updated: 2791908
	2125  -  MemoryUsage of job (MB)
	2175756  -  ResidentSetSize of job (KB)
...
006 (005.461.000) 05/05 23:35:57 Image size of job updated: 2827748
	2163  -  MemoryUsage of job (MB)
	2214300  -  ResidentSetSize of job (KB)
...
006 (005.461.000) 05/05 23:36:03 Image size of job updated: 2882020
	2202  -  MemoryUsage of job (MB)
	2254824  -  ResidentSetSize of job (KB)
...
006 (005.461.000) 05/05 23:36:09 Image size of job updated: 2887140
	2241  -  MemoryUsage of job (MB)
	2294028  -  ResidentSetSize of job (KB)
...
006 (005.461.000) 05/05 23:36:15 Image size of job updated: 2955748
	2276  -  MemoryUsage of job (MB)
	2329932  -  ResidentSetSize of job (KB)
...
006 (005.461.000) 05/05 23:36:21 Image size of job updated: 2983396
	2316  -  MemoryUsage of job (MB)
	2370852  -  ResidentSetSize of job (KB)
...
006 (005.461.000) 05/05 23:36:27 Image size of job updated: 3012068
	2353  -  MemoryUsage of job (MB)
	2409132  -  ResidentSetSize of job (KB)
...
006 (005.461.000) 05/05 23:36:33 Image size of job updated: 3012068
	2389  -  MemoryUsage of job (MB)
	2445960  -  ResidentSetSize of job (KB)
...
006 (005.461.000) 05/05 23:36:39 Image size of job updated: 3083748
	2428  -  MemoryUsage of job (MB)
	2485560  -  ResidentSetSize of job (KB)
...
006 (005.461.000) 05/05 23:36:45 Image size of job updated: 3083748
	2466  -  MemoryUsage of job (MB)
	2524632  -  ResidentSetSize of job (KB)
...
006 (005.461.000) 05/05 23:36:51 Image size of job updated: 3164644
	2504  -  MemoryUsage of job (MB)
	2563572  -  ResidentSetSize of job (KB)
...
006 (005.461.000) 05/05 23:36:57 Image size of job updated: 3213796
	2544  -  MemoryUsage of job (MB)
	2605020  -  ResidentSetSize of job (KB)
...
006 (005.461.000) 05/05 23:37:03 Image size of job updated: 3213796
	2583  -  MemoryUsage of job (MB)
	2644488  -  ResidentSetSize of job (KB)
...
006 (005.461.000) 05/05 23:37:09 Image size of job updated: 3296740
	2626  -  MemoryUsage of job (MB)
	2688180  -  ResidentSetSize of job (KB)
...
006 (005.461.000) 05/05 23:37:15 Image size of job updated: 3296740
	2660  -  MemoryUsage of job (MB)
	2723556  -  ResidentSetSize of job (KB)
...
006 (005.461.000) 05/05 23:37:21 Image size of job updated: 3296740
	2699  -  MemoryUsage of job (MB)
	2762760  -  ResidentSetSize of job (KB)
...
006 (005.461.000) 05/05 23:37:27 Image size of job updated: 3394020
	2738  -  MemoryUsage of job (MB)
	2803416  -  ResidentSetSize of job (KB)
...
006 (005.461.000) 05/05 23:37:33 Image size of job updated: 3464676
	2774  -  MemoryUsage of job (MB)
	2839584  -  ResidentSetSize of job (KB)
...
006 (005.461.000) 05/05 23:37:39 Image size of job updated: 3494372
	2810  -  MemoryUsage of job (MB)
	2877072  -  ResidentSetSize of job (KB)
...
006 (005.461.000) 05/05 23:37:45 Image size of job updated: 3494372
	2846  -  MemoryUsage of job (MB)
	2914296  -  ResidentSetSize of job (KB)
...
006 (005.461.000) 05/05 23:37:51 Image size of job updated: 3494372
	2882  -  MemoryUsage of job (MB)
	2950200  -  ResidentSetSize of job (KB)
...
006 (005.461.000) 05/05 23:37:57 Image size of job updated: 3587556
	2920  -  MemoryUsage of job (MB)
	2989404  -  ResidentSetSize of job (KB)
...
006 (005.461.000) 05/05 23:38:03 Image size of job updated: 3587556
	2953  -  MemoryUsage of job (MB)
	3023328  -  ResidentSetSize of job (KB)
...
006 (005.461.000) 05/05 23:38:09 Image size of job updated: 3681764
	2988  -  MemoryUsage of job (MB)
	3059232  -  ResidentSetSize of job (KB)
...
006 (005.461.000) 05/05 23:38:15 Image size of job updated: 3681764
	3022  -  MemoryUsage of job (MB)
	3094344  -  ResidentSetSize of job (KB)
...
006 (005.461.000) 05/05 23:38:21 Image size of job updated: 3736036
	3051  -  MemoryUsage of job (MB)
	3124176  -  ResidentSetSize of job (KB)
...
006 (005.461.000) 05/05 23:38:27 Image size of job updated: 3762660
	3086  -  MemoryUsage of job (MB)
	3159156  -  ResidentSetSize of job (KB)
...
006 (005.461.000) 05/05 23:38:33 Image size of job updated: 3762660
	3113  -  MemoryUsage of job (MB)
	3187272  -  ResidentSetSize of job (KB)
...
006 (005.461.000) 05/05 23:38:39 Image size of job updated: 3845604
	3149  -  MemoryUsage of job (MB)
	3223704  -  ResidentSetSize of job (KB)
...
006 (005.461.000) 05/05 23:38:45 Image size of job updated: 3845604
	3181  -  MemoryUsage of job (MB)
	3256704  -  ResidentSetSize of job (KB)
...
006 (005.461.000) 05/05 23:38:51 Image size of job updated: 3909092
	3215  -  MemoryUsage of job (MB)
	3291288  -  ResidentSetSize of job (KB)
...
006 (005.461.000) 05/05 23:38:57 Image size of job updated: 3931620
	3249  -  MemoryUsage of job (MB)
	3326664  -  ResidentSetSize of job (KB)
...
006 (005.461.000) 05/05 23:39:03 Image size of job updated: 3957220
	3281  -  MemoryUsage of job (MB)
	3359004  -  ResidentSetSize of job (KB)
...
006 (005.461.000) 05/05 23:39:09 Image size of job updated: 3957220
	3311  -  MemoryUsage of job (MB)
	3390420  -  ResidentSetSize of job (KB)
...
006 (005.461.000) 05/05 23:39:15 Image size of job updated: 4025828
	3344  -  MemoryUsage of job (MB)
	3423684  -  ResidentSetSize of job (KB)
...
006 (005.461.000) 05/05 23:39:21 Image size of job updated: 4067812
	3373  -  MemoryUsage of job (MB)
	3453120  -  ResidentSetSize of job (KB)
...
006 (005.461.000) 05/05 23:39:27 Image size of job updated: 4096484
	3405  -  MemoryUsage of job (MB)
	3485724  -  ResidentSetSize of job (KB)
...
006 (005.461.000) 05/05 23:39:33 Image size of job updated: 4123108
	3436  -  MemoryUsage of job (MB)
	3518328  -  ResidentSetSize of job (KB)
...
006 (005.461.000) 05/05 23:39:39 Image size of job updated: 4123108
	3470  -  MemoryUsage of job (MB)
	3552384  -  ResidentSetSize of job (KB)
...
006 (005.461.000) 05/05 23:39:45 Image size of job updated: 4186596
	3497  -  MemoryUsage of job (MB)
	3580632  -  ResidentSetSize of job (KB)
...
006 (005.461.000) 05/05 23:39:50 Image size of job updated: 4186596
	3525  -  MemoryUsage of job (MB)
	3609144  -  ResidentSetSize of job (KB)
...
006 (005.461.000) 05/05 23:39:55 Image size of job updated: 4186596
	3554  -  MemoryUsage of job (MB)
	3638976  -  ResidentSetSize of job (KB)
...
006 (005.461.000) 05/05 23:40:00 Image size of job updated: 4270564
	3580  -  MemoryUsage of job (MB)
	3665904  -  ResidentSetSize of job (KB)
...
006 (005.461.000) 05/05 23:40:05 Image size of job updated: 4270564
	3606  -  MemoryUsage of job (MB)
	3692172  -  ResidentSetSize of job (KB)
...
006 (005.461.000) 05/05 23:40:10 Image size of job updated: 4334052
	3631  -  MemoryUsage of job (MB)
	3718044  -  ResidentSetSize of job (KB)
...
006 (005.461.000) 05/05 23:40:15 Image size of job updated: 4350436
	3658  -  MemoryUsage of job (MB)
	3745104  -  ResidentSetSize of job (KB)
...
006 (005.461.000) 05/05 23:40:20 Image size of job updated: 4350436
	3688  -  MemoryUsage of job (MB)
	3775728  -  ResidentSetSize of job (KB)
...
006 (005.461.000) 05/05 23:40:25 Image size of job updated: 4350436
	3713  -  MemoryUsage of job (MB)
	3801600  -  ResidentSetSize of job (KB)
...
006 (005.461.000) 05/05 23:40:30 Image size of job updated: 4439524
	3740  -  MemoryUsage of job (MB)
	3829056  -  ResidentSetSize of job (KB)
...
006 (005.461.000) 05/05 23:40:35 Image size of job updated: 4467172
	3769  -  MemoryUsage of job (MB)
	3858492  -  ResidentSetSize of job (KB)
...
006 (005.461.000) 05/05 23:40:40 Image size of job updated: 4467172
	3794  -  MemoryUsage of job (MB)
	3884892  -  ResidentSetSize of job (KB)
...
006 (005.461.000) 05/05 23:40:45 Image size of job updated: 4517348
	3817  -  MemoryUsage of job (MB)
	3907860  -  ResidentSetSize of job (KB)
...
006 (005.461.000) 05/05 23:40:50 Image size of job updated: 4517348
	3843  -  MemoryUsage of job (MB)
	3934392  -  ResidentSetSize of job (KB)
...
006 (005.461.000) 05/05 23:40:55 Image size of job updated: 4517348
	3869  -  MemoryUsage of job (MB)
	3960924  -  ResidentSetSize of job (KB)
...
006 (005.461.000) 05/05 23:41:00 Image size of job updated: 4600292
	3895  -  MemoryUsage of job (MB)
	3987588  -  ResidentSetSize of job (KB)
...
006 (005.461.000) 05/05 23:41:05 Image size of job updated: 4627940
	3921  -  MemoryUsage of job (MB)
	4014384  -  ResidentSetSize of job (KB)
...
006 (005.461.000) 05/05 23:41:10 Image size of job updated: 4627940
	3947  -  MemoryUsage of job (MB)
	4041576  -  ResidentSetSize of job (KB)
...
006 (005.461.000) 05/05 23:41:15 Image size of job updated: 4682212
	3976  -  MemoryUsage of job (MB)
	4070880  -  ResidentSetSize of job (KB)
...
006 (005.461.000) 05/05 23:41:20 Image size of job updated: 4682212
	4004  -  MemoryUsage of job (MB)
	4099920  -  ResidentSetSize of job (KB)
...
006 (005.461.000) 05/05 23:41:25 Image size of job updated: 4682212
	4032  -  MemoryUsage of job (MB)
	4128168  -  ResidentSetSize of job (KB)
...
006 (005.461.000) 05/05 23:41:30 Image size of job updated: 4771300
	4060  -  MemoryUsage of job (MB)
	4156680  -  ResidentSetSize of job (KB)
...
006 (005.461.000) 05/05 23:41:35 Image size of job updated: 4771300
	4083  -  MemoryUsage of job (MB)
	4180704  -  ResidentSetSize of job (KB)
...
006 (005.461.000) 05/05 23:41:40 Image size of job updated: 4824548
	4114  -  MemoryUsage of job (MB)
	4211856  -  ResidentSetSize of job (KB)
...
006 (005.461.000) 05/05 23:41:45 Image size of job updated: 4857316
	4141  -  MemoryUsage of job (MB)
	4239840  -  ResidentSetSize of job (KB)
...
006 (005.461.000) 05/05 23:41:50 Image size of job updated: 4857316
	4167  -  MemoryUsage of job (MB)
	4266372  -  ResidentSetSize of job (KB)
...
006 (005.461.000) 05/05 23:41:55 Image size of job updated: 4857316
	4193  -  MemoryUsage of job (MB)
	4293564  -  ResidentSetSize of job (KB)
...
006 (005.461.000) 05/05 23:42:00 Image size of job updated: 4937188
	4221  -  MemoryUsage of job (MB)
	4322076  -  ResidentSetSize of job (KB)
...
006 (005.461.000) 05/05 23:42:05 Image size of job updated: 4983268
	4251  -  MemoryUsage of job (MB)
	4352568  -  ResidentSetSize of job (KB)
...
006 (005.461.000) 05/05 23:42:10 Image size of job updated: 4983268
	4278  -  MemoryUsage of job (MB)
	4379760  -  ResidentSetSize of job (KB)
...
006 (005.461.000) 05/05 23:42:15 Image size of job updated: 5021156
	4304  -  MemoryUsage of job (MB)
	4406820  -  ResidentSetSize of job (KB)
...
006 (005.461.000) 05/05 23:42:20 Image size of job updated: 5021156
	4330  -  MemoryUsage of job (MB)
	4433748  -  ResidentSetSize of job (KB)
...
006 (005.461.000) 05/05 23:42:25 Image size of job updated: 5021156
	4356  -  MemoryUsage of job (MB)
	4460544  -  ResidentSetSize of job (KB)
...
006 (005.461.000) 05/05 23:42:30 Image size of job updated: 5103076
	4384  -  MemoryUsage of job (MB)
	4488264  -  ResidentSetSize of job (KB)
...
006 (005.461.000) 05/05 23:42:35 Image size of job updated: 5103076
	4412  -  MemoryUsage of job (MB)
	4517436  -  ResidentSetSize of job (KB)
...
006 (005.461.000) 05/05 23:42:40 Image size of job updated: 5103076
	4438  -  MemoryUsage of job (MB)
	4543704  -  ResidentSetSize of job (KB)
...
006 (005.461.000) 05/05 23:42:45 Image size of job updated: 5188068
	4466  -  MemoryUsage of job (MB)
	4572348  -  ResidentSetSize of job (KB)
...
006 (005.461.000) 05/05 23:42:50 Image size of job updated: 5188068
	4495  -  MemoryUsage of job (MB)
	4602312  -  ResidentSetSize of job (KB)
...
006 (005.461.000) 05/05 23:42:55 Image size of job updated: 5188068
	4523  -  MemoryUsage of job (MB)
	4630824  -  ResidentSetSize of job (KB)
...
006 (005.461.000) 05/05 23:43:00 Image size of job updated: 5278180
	4549  -  MemoryUsage of job (MB)
	4657224  -  ResidentSetSize of job (KB)
...
006 (005.461.000) 05/05 23:43:05 Image size of job updated: 5315044
	4576  -  MemoryUsage of job (MB)
	4685076  -  ResidentSetSize of job (KB)
...
006 (005.461.000) 05/05 23:43:10 Image size of job updated: 5315044
	4605  -  MemoryUsage of job (MB)
	4714908  -  ResidentSetSize of job (KB)
...
006 (005.461.000) 05/05 23:43:15 Image size of job updated: 5363172
	4634  -  MemoryUsage of job (MB)
	4744212  -  ResidentSetSize of job (KB)
...
006 (005.461.000) 05/05 23:43:20 Image size of job updated: 5395940
	4661  -  MemoryUsage of job (MB)
	4771932  -  ResidentSetSize of job (KB)
...
006 (005.461.000) 05/05 23:43:25 Image size of job updated: 5417444
	4693  -  MemoryUsage of job (MB)
	4804800  -  ResidentSetSize of job (KB)
...
006 (005.461.000) 05/05 23:43:30 Image size of job updated: 5451236
	4721  -  MemoryUsage of job (MB)
	4833576  -  ResidentSetSize of job (KB)
...
006 (005.461.000) 05/05 23:43:35 Image size of job updated: 5489124
	4749  -  MemoryUsage of job (MB)
	4862220  -  ResidentSetSize of job (KB)
...
006 (005.461.000) 05/05 23:43:40 Image size of job updated: 5489124
	4774  -  MemoryUsage of job (MB)
	4888092  -  ResidentSetSize of job (KB)
...
006 (005.461.000) 05/05 23:43:45 Image size of job updated: 5539300
	4800  -  MemoryUsage of job (MB)
	4914756  -  ResidentSetSize of job (KB)
...
006 (005.461.000) 05/05 23:43:50 Image size of job updated: 5539300
	4828  -  MemoryUsage of job (MB)
	4943136  -  ResidentSetSize of job (KB)
...
006 (005.461.000) 05/05 23:43:55 Image size of job updated: 5596644
	4855  -  MemoryUsage of job (MB)
	4970724  -  ResidentSetSize of job (KB)
...
006 (005.461.000) 05/05 23:44:00 Image size of job updated: 5621220
	4882  -  MemoryUsage of job (MB)
	4998576  -  ResidentSetSize of job (KB)
...
006 (005.461.000) 05/05 23:44:05 Image size of job updated: 5646820
	4906  -  MemoryUsage of job (MB)
	5023656  -  ResidentSetSize of job (KB)
...
006 (005.461.000) 05/05 23:44:10 Image size of job updated: 5646820
	4936  -  MemoryUsage of job (MB)
	5054280  -  ResidentSetSize of job (KB)
...
006 (005.461.000) 05/05 23:44:15 Image size of job updated: 5646820
	4965  -  MemoryUsage of job (MB)
	5083716  -  ResidentSetSize of job (KB)
...
006 (005.461.000) 05/05 23:44:20 Image size of job updated: 5718500
	4995  -  MemoryUsage of job (MB)
	5114208  -  ResidentSetSize of job (KB)
...
006 (005.461.000) 05/05 23:44:25 Image size of job updated: 5759460
	5023  -  MemoryUsage of job (MB)
	5142852  -  ResidentSetSize of job (KB)
...
006 (005.461.000) 05/05 23:44:30 Image size of job updated: 5799396
	5052  -  MemoryUsage of job (MB)
	5172684  -  ResidentSetSize of job (KB)
...
006 (005.461.000) 05/05 23:44:35 Image size of job updated: 5806564
	5191  -  MemoryUsage of job (MB)
	5314716  -  ResidentSetSize of job (KB)
...
006 (005.461.000) 05/05 23:44:40 Image size of job updated: 5806564
	5282  -  MemoryUsage of job (MB)
	5408040  -  ResidentSetSize of job (KB)
...
005 (005.461.000) 05/05 23:44:45 Job terminated.
	(1) Normal termination (return value 0)
		Usr 0 00:25:43, Sys 0 00:00:04  -  Run Remote Usage
		Usr 0 00:00:00, Sys 0 00:00:00  -  Run Local Usage
		Usr 0 00:25:43, Sys 0 00:00:04  -  Total Remote Usage
		Usr 0 00:00:00, Sys 0 00:00:00  -  Total Local Usage
	0  -  Run Bytes Sent By Job
	0  -  Run Bytes Received By Job
	0  -  Total Bytes Sent By Job
	0  -  Total Bytes Received By Job
	Partitionable Resources :      Usage  Request Allocated 
	   Cpus                 :       1.00        1         1 
	   Disk (KB)            : 2000000     2000000   6275465 
	   Memory (MB)          :    5282        1954      2007 
...
