000 (187.014.000) 05/05 21:04:25 Job submitted from host: <127.0.0.1:9618?addrs=127.0.0.1-9618&noUDP&sock=222_da1d_4>
...
001 (187.014.000) 05/06 00:40:01 Job executing on host: <127.0.0.1:9618?addrs=127.0.0.1-9618&noUDP&sock=222_da1d_5>
...
006 (187.014.000) 05/06 00:40:07 Image size of job updated: 2000000
	76  -  MemoryUsage of job (MB)
	77484  -  ResidentSetSize of job (KB)
...
006 (187.014.000) 05/06 00:40:19 Image size of job updated: 2000000
	97  -  MemoryUsage of job (MB)
	99264  -  ResidentSetSize of job (KB)
...
006 (187.014.000) 05/06 00:40:25 Image size of job updated: 2000000
	130  -  MemoryUsage of job (MB)
	132396  -  ResidentSetSize of job (KB)
...
006 (187.014.000) 05/06 00:40:31 Image size of job updated: 2000000
	138  -  MemoryUsage of job (MB)
	141108  -  ResidentSetSize of job (KB)
...
006 (187.014.000) 05/06 00:40:37 Image size of job updated: 2000000
	149  -  MemoryUsage of job (MB)
	151800  -  ResidentSetSize of job (KB)
...
006 (187.014.000) 05/06 00:40:43 Image size of job updated: 2000000
	156  -  MemoryUsage of job (MB)
	159588  -  ResidentSetSize of job (KB)
...
006 (187.014.000) 05/06 00:40:49 Image size of job updated: 2000000
	170  -  MemoryUsage of job (MB)
	173712  -  ResidentSetSize of job (KB)
...
006 (187.014.000) 05/06 00:40:55 Image size of job updated: 2000000
	216  -  MemoryUsage of job (MB)
	220836  -  ResidentSetSize of job (KB)
...
006 (187.014.000) 05/06 00:41:03 Image size of job updated: 2000000
	220  -  MemoryUsage of job (MB)
	224268  -  ResidentSetSize of job (KB)
...
006 (187.014.000) 05/06 00:41:07 Image size of job updated: 2000000
	232  -  MemoryUsage of job (MB)
	237204  -  ResidentSetSize of job (KB)
...
006 (187.014.000) 05/06 00:41:12 Image size of job updated: 2000000
	307  -  MemoryUsage of job (MB)
	314292  -  ResidentSetSize of job (KB)
...
006 (187.014.000) 05/06 00:41:19 Image size of job updated: 2000000
	638  -  MemoryUsage of job (MB)
	652344  -  ResidentSetSize of job (KB)
...
006 (187.014.000) 05/06 00:42:21 Image size of job updated: 2000000
	663  -  MemoryUsage of job (MB)
	678876  -  ResidentSetSize of job (KB)
...
006 (187.014.000) 05/06 00:44:53 Image size of job updated: 2000000
	1156  -  MemoryUsage of job (MB)
	1182852  -  ResidentSetSize of job (KB)
...
006 (187.014.000) 05/06 00:46:28 Image size of job updated: 2000000
	1198  -  MemoryUsage of job (MB)
	1225752  -  ResidentSetSize of job (KB)
...
006 (187.014.000) 05/06 00:50:42 Image size of job updated: 2790756
	1974  -  MemoryUsage of job (MB)
	2020392  -  ResidentSetSize of job (KB)
...
006 (187.014.000) 05/06 00:52:39 Image size of job updated: 3103844
	1974  -  MemoryUsage of job (MB)
	2020524  -  ResidentSetSize of job (KB)
...
005 (187.014.000) 05/06 00:52:42 Job terminated.
	(1) Normal termination (return value 0)
		Usr 0 00:10:12, Sys 0 00:00:49  -  Run Remote Usage
		Usr 0 00:00:00, Sys 0 00:00:00  -  Run Local Usage
		Usr 0 00:10:12, Sys 0 00:00:49  -  Total Remote Usage
		Usr 0 00:00:00, Sys 0 00:00:00  -  Total Local Usage
	0  -  Run Bytes Sent By Job
	0  -  Run Bytes Received By Job
	0  -  Total Bytes Sent By Job
	0  -  Total Bytes Received By Job
	Partitionable Resources :      Usage  Request Allocated 
	   Cpus                 :       0.50        1         1 
	   Disk (KB)            : 2000000     2000000   6540465 
	   Memory (MB)          :    1974        1954      2007 
...
