000 (205.4820.000) 05/06 03:19:50 Job submitted from host: <127.0.0.1:9618?addrs=127.0.0.1-9618&noUDP&sock=222_da1d_4>
...
033 (205.4820.000) 05/06 14:23:02 Changing job attribute JobPrio from 0 to -5
...
000 (007.4820.000) 05/07 19:00:16 Job submitted from host: <127.0.0.1:9618?addrs=127.0.0.1-9618&noUDP&sock=215_0cf3_4>
...
000 (016.4820.000) 05/08 15:57:23 Job submitted from host: <127.0.0.1:9618?addrs=127.0.0.1-9618&noUDP&sock=227_4816_4>
...
009 (016.4820.000) 05/09 16:54:53 Job was aborted by the user.
	via condor_rm (by user aw868)
...
000 (017.1487.000) 05/09 17:26:05 Job submitted from host: <127.0.0.1:9618?addrs=127.0.0.1-9618&noUDP&sock=227_4816_4>
...
001 (017.1487.000) 05/10 04:08:23 Job executing on host: <127.0.0.1:9618?addrs=127.0.0.1-9618&noUDP&sock=227_4816_5>
...
006 (017.1487.000) 05/10 04:08:29 Image size of job updated: 2000000
	115  -  MemoryUsage of job (MB)
	117084  -  ResidentSetSize of job (KB)
...
006 (017.1487.000) 05/10 04:08:53 Image size of job updated: 2000000
	124  -  MemoryUsage of job (MB)
	126324  -  ResidentSetSize of job (KB)
...
006 (017.1487.000) 05/10 04:08:59 Image size of job updated: 2000000
	211  -  MemoryUsage of job (MB)
	215424  -  ResidentSetSize of job (KB)
...
006 (017.1487.000) 05/10 04:09:05 Image size of job updated: 2000000
	211  -  MemoryUsage of job (MB)
	215820  -  ResidentSetSize of job (KB)
...
006 (017.1487.000) 05/10 04:09:11 Image size of job updated: 2000000
	218  -  MemoryUsage of job (MB)
	222552  -  ResidentSetSize of job (KB)
...
006 (017.1487.000) 05/10 04:09:17 Image size of job updated: 2000000
	234  -  MemoryUsage of job (MB)
	238656  -  ResidentSetSize of job (KB)
...
006 (017.1487.000) 05/10 04:09:23 Image size of job updated: 2000000
	245  -  MemoryUsage of job (MB)
	250404  -  ResidentSetSize of job (KB)
...
006 (017.1487.000) 05/10 04:09:29 Image size of job updated: 2000000
	255  -  MemoryUsage of job (MB)
	260304  -  ResidentSetSize of job (KB)
...
006 (017.1487.000) 05/10 04:09:35 Image size of job updated: 2000000
	265  -  MemoryUsage of job (MB)
	270996  -  ResidentSetSize of job (KB)
...
006 (017.1487.000) 05/10 04:09:41 Image size of job updated: 2000000
	272  -  MemoryUsage of job (MB)
	278124  -  ResidentSetSize of job (KB)
...
006 (017.1487.000) 05/10 04:09:47 Image size of job updated: 2000000
	295  -  MemoryUsage of job (MB)
	301224  -  ResidentSetSize of job (KB)
...
006 (017.1487.000) 05/10 04:09:53 Image size of job updated: 2000000
	343  -  MemoryUsage of job (MB)
	350856  -  ResidentSetSize of job (KB)
...
006 (017.1487.000) 05/10 04:09:59 Image size of job updated: 2000000
	380  -  MemoryUsage of job (MB)
	388740  -  ResidentSetSize of job (KB)
...
006 (017.1487.000) 05/10 04:10:11 Image size of job updated: 2000000
	463  -  MemoryUsage of job (MB)
	473880  -  ResidentSetSize of job (KB)
...
006 (017.1487.000) 05/10 04:10:17 Image size of job updated: 2000000
	522  -  MemoryUsage of job (MB)
	533940  -  ResidentSetSize of job (KB)
...
006 (017.1487.000) 05/10 04:10:23 Image size of job updated: 2000000
	1243  -  MemoryUsage of job (MB)
	1272480  -  ResidentSetSize of job (KB)
...
006 (017.1487.000) 05/10 04:27:39 Image size of job updated: 2000000
	1619  -  MemoryUsage of job (MB)
	1657260  -  ResidentSetSize of job (KB)
...
006 (017.1487.000) 05/10 04:27:44 Image size of job updated: 2000000
	1780  -  MemoryUsage of job (MB)
	1822524  -  ResidentSetSize of job (KB)
...
006 (017.1487.000) 05/10 04:27:49 Image size of job updated: 2701040
	1959  -  MemoryUsage of job (MB)
	2005476  -  ResidentSetSize of job (KB)
...
006 (017.1487.000) 05/10 04:27:54 Image size of job updated: 2701040
	1960  -  MemoryUsage of job (MB)
	2006268  -  ResidentSetSize of job (KB)
...
006 (017.1487.000) 05/10 04:27:59 Image size of job updated: 2701040
	1994  -  MemoryUsage of job (MB)
	2041512  -  ResidentSetSize of job (KB)
...
006 (017.1487.000) 05/10 04:28:04 Image size of job updated: 2783472
	2099  -  MemoryUsage of job (MB)
	2149356  -  ResidentSetSize of job (KB)
...
006 (017.1487.000) 05/10 04:28:09 Image size of job updated: 2832624
	2178  -  MemoryUsage of job (MB)
	2229480  -  ResidentSetSize of job (KB)
...
006 (017.1487.000) 05/10 04:28:14 Image size of job updated: 2832624
	2223  -  MemoryUsage of job (MB)
	2275548  -  ResidentSetSize of job (KB)
...
006 (017.1487.000) 05/10 04:28:19 Image size of job updated: 2832624
	2259  -  MemoryUsage of job (MB)
	2312508  -  ResidentSetSize of job (KB)
...
006 (017.1487.000) 05/10 04:28:24 Image size of job updated: 2971888
	2292  -  MemoryUsage of job (MB)
	2346036  -  ResidentSetSize of job (KB)
...
006 (017.1487.000) 05/10 04:28:29 Image size of job updated: 3003632
	2323  -  MemoryUsage of job (MB)
	2377980  -  ResidentSetSize of job (KB)
...
006 (017.1487.000) 05/10 04:28:34 Image size of job updated: 3003632
	2354  -  MemoryUsage of job (MB)
	2409924  -  ResidentSetSize of job (KB)
...
006 (017.1487.000) 05/10 04:28:39 Image size of job updated: 3068144
	2384  -  MemoryUsage of job (MB)
	2440548  -  ResidentSetSize of job (KB)
...
006 (017.1487.000) 05/10 04:28:44 Image size of job updated: 3113200
	2414  -  MemoryUsage of job (MB)
	2471700  -  ResidentSetSize of job (KB)
...
006 (017.1487.000) 05/10 04:28:49 Image size of job updated: 3113200
	2445  -  MemoryUsage of job (MB)
	2502852  -  ResidentSetSize of job (KB)
...
006 (017.1487.000) 05/10 04:28:54 Image size of job updated: 3161328
	2475  -  MemoryUsage of job (MB)
	2533608  -  ResidentSetSize of job (KB)
...
006 (017.1487.000) 05/10 04:28:59 Image size of job updated: 3161328
	2504  -  MemoryUsage of job (MB)
	2563836  -  ResidentSetSize of job (KB)
...
006 (017.1487.000) 05/10 04:29:04 Image size of job updated: 3161328
	2535  -  MemoryUsage of job (MB)
	2594988  -  ResidentSetSize of job (KB)
...
006 (017.1487.000) 05/10 04:29:09 Image size of job updated: 3253488
	2565  -  MemoryUsage of job (MB)
	2626272  -  ResidentSetSize of job (KB)
...
006 (017.1487.000) 05/10 04:29:14 Image size of job updated: 3253488
	2599  -  MemoryUsage of job (MB)
	2660592  -  ResidentSetSize of job (KB)
...
006 (017.1487.000) 05/10 04:29:19 Image size of job updated: 3321072
	2634  -  MemoryUsage of job (MB)
	2696364  -  ResidentSetSize of job (KB)
...
006 (017.1487.000) 05/10 04:29:24 Image size of job updated: 3372272
	2662  -  MemoryUsage of job (MB)
	2725008  -  ResidentSetSize of job (KB)
...
006 (017.1487.000) 05/10 04:29:29 Image size of job updated: 3372272
	2690  -  MemoryUsage of job (MB)
	2754048  -  ResidentSetSize of job (KB)
...
006 (017.1487.000) 05/10 04:29:34 Image size of job updated: 3372272
	2717  -  MemoryUsage of job (MB)
	2782164  -  ResidentSetSize of job (KB)
...
006 (017.1487.000) 05/10 04:29:39 Image size of job updated: 3456240
	2745  -  MemoryUsage of job (MB)
	2810676  -  ResidentSetSize of job (KB)
...
006 (017.1487.000) 05/10 04:29:44 Image size of job updated: 3485936
	2774  -  MemoryUsage of job (MB)
	2839716  -  ResidentSetSize of job (KB)
...
006 (017.1487.000) 05/10 04:29:49 Image size of job updated: 3486960
	2802  -  MemoryUsage of job (MB)
	2868756  -  ResidentSetSize of job (KB)
...
006 (017.1487.000) 05/10 04:29:54 Image size of job updated: 3535088
	2830  -  MemoryUsage of job (MB)
	2897004  -  ResidentSetSize of job (KB)
...
006 (017.1487.000) 05/10 04:29:59 Image size of job updated: 3546352
	2858  -  MemoryUsage of job (MB)
	2925912  -  ResidentSetSize of job (KB)
...
006 (017.1487.000) 05/10 04:30:05 Image size of job updated: 3546352
	2892  -  MemoryUsage of job (MB)
	2960496  -  ResidentSetSize of job (KB)
...
006 (017.1487.000) 05/10 04:30:11 Image size of job updated: 3621104
	2925  -  MemoryUsage of job (MB)
	2994816  -  ResidentSetSize of job (KB)
...
006 (017.1487.000) 05/10 04:30:17 Image size of job updated: 3621104
	2960  -  MemoryUsage of job (MB)
	3030060  -  ResidentSetSize of job (KB)
...
006 (017.1487.000) 05/10 04:30:23 Image size of job updated: 3708144
	2993  -  MemoryUsage of job (MB)
	3064776  -  ResidentSetSize of job (KB)
...
006 (017.1487.000) 05/10 04:30:29 Image size of job updated: 3708144
	3028  -  MemoryUsage of job (MB)
	3100284  -  ResidentSetSize of job (KB)
...
006 (017.1487.000) 05/10 04:30:35 Image size of job updated: 3708144
	3063  -  MemoryUsage of job (MB)
	3135792  -  ResidentSetSize of job (KB)
...
006 (017.1487.000) 05/10 04:30:41 Image size of job updated: 3796208
	3097  -  MemoryUsage of job (MB)
	3171300  -  ResidentSetSize of job (KB)
...
006 (017.1487.000) 05/10 04:30:47 Image size of job updated: 3796208
	3131  -  MemoryUsage of job (MB)
	3205884  -  ResidentSetSize of job (KB)
...
006 (017.1487.000) 05/10 04:30:53 Image size of job updated: 3881200
	3164  -  MemoryUsage of job (MB)
	3239016  -  ResidentSetSize of job (KB)
...
006 (017.1487.000) 05/10 04:30:59 Image size of job updated: 3881200
	3198  -  MemoryUsage of job (MB)
	3273732  -  ResidentSetSize of job (KB)
...
006 (017.1487.000) 05/10 04:31:05 Image size of job updated: 3881200
	3231  -  MemoryUsage of job (MB)
	3307920  -  ResidentSetSize of job (KB)
...
006 (017.1487.000) 05/10 04:31:11 Image size of job updated: 3969264
	3260  -  MemoryUsage of job (MB)
	3338016  -  ResidentSetSize of job (KB)
...
006 (017.1487.000) 05/10 04:31:17 Image size of job updated: 3969264
	3287  -  MemoryUsage of job (MB)
	3364944  -  ResidentSetSize of job (KB)
...
006 (017.1487.000) 05/10 04:31:23 Image size of job updated: 4056304
	3313  -  MemoryUsage of job (MB)
	3391872  -  ResidentSetSize of job (KB)
...
006 (017.1487.000) 05/10 04:31:29 Image size of job updated: 4056304
	3335  -  MemoryUsage of job (MB)
	3414180  -  ResidentSetSize of job (KB)
...
006 (017.1487.000) 05/10 04:31:37 Image size of job updated: 4056304
	3344  -  MemoryUsage of job (MB)
	3423816  -  ResidentSetSize of job (KB)
...
006 (017.1487.000) 05/10 04:31:44 Image size of job updated: 4141296
	3366  -  MemoryUsage of job (MB)
	3446256  -  ResidentSetSize of job (KB)
...
006 (017.1487.000) 05/10 04:31:50 Image size of job updated: 4182256
	3402  -  MemoryUsage of job (MB)
	3483084  -  ResidentSetSize of job (KB)
...
006 (017.1487.000) 05/10 04:31:56 Image size of job updated: 4182256
	3436  -  MemoryUsage of job (MB)
	3517800  -  ResidentSetSize of job (KB)
...
006 (017.1487.000) 05/10 04:32:02 Image size of job updated: 4246768
	3469  -  MemoryUsage of job (MB)
	3551460  -  ResidentSetSize of job (KB)
...
006 (017.1487.000) 05/10 04:32:08 Image size of job updated: 4246768
	3502  -  MemoryUsage of job (MB)
	3585516  -  ResidentSetSize of job (KB)
...
006 (017.1487.000) 05/10 04:32:14 Image size of job updated: 4246768
	3535  -  MemoryUsage of job (MB)
	3619044  -  ResidentSetSize of job (KB)
...
006 (017.1487.000) 05/10 04:32:20 Image size of job updated: 4330736
	3548  -  MemoryUsage of job (MB)
	3633036  -  ResidentSetSize of job (KB)
...
006 (017.1487.000) 05/10 04:32:27 Image size of job updated: 4330736
	3556  -  MemoryUsage of job (MB)
	3641088  -  ResidentSetSize of job (KB)
...
006 (017.1487.000) 05/10 04:32:32 Image size of job updated: 4365552
	3587  -  MemoryUsage of job (MB)
	3672636  -  ResidentSetSize of job (KB)
...
006 (017.1487.000) 05/10 04:32:38 Image size of job updated: 4418800
	3622  -  MemoryUsage of job (MB)
	3708408  -  ResidentSetSize of job (KB)
...
006 (017.1487.000) 05/10 04:32:44 Image size of job updated: 4418800
	3654  -  MemoryUsage of job (MB)
	3740880  -  ResidentSetSize of job (KB)
...
006 (017.1487.000) 05/10 04:32:50 Image size of job updated: 4508912
	3692  -  MemoryUsage of job (MB)
	3780480  -  ResidentSetSize of job (KB)
...
006 (017.1487.000) 05/10 04:32:56 Image size of job updated: 4508912
	3726  -  MemoryUsage of job (MB)
	3815328  -  ResidentSetSize of job (KB)
...
006 (017.1487.000) 05/10 04:33:02 Image size of job updated: 4553968
	3761  -  MemoryUsage of job (MB)
	3851232  -  ResidentSetSize of job (KB)
...
006 (017.1487.000) 05/10 04:33:08 Image size of job updated: 4598000
	3799  -  MemoryUsage of job (MB)
	3889248  -  ResidentSetSize of job (KB)
...
006 (017.1487.000) 05/10 04:33:14 Image size of job updated: 4659440
	3843  -  MemoryUsage of job (MB)
	3934788  -  ResidentSetSize of job (KB)
...
006 (017.1487.000) 05/10 04:33:20 Image size of job updated: 4699376
	3888  -  MemoryUsage of job (MB)
	3980460  -  ResidentSetSize of job (KB)
...
006 (017.1487.000) 05/10 04:33:26 Image size of job updated: 4715760
	3927  -  MemoryUsage of job (MB)
	4021116  -  ResidentSetSize of job (KB)
...
006 (017.1487.000) 05/10 04:33:32 Image size of job updated: 4715760
	3963  -  MemoryUsage of job (MB)
	4057416  -  ResidentSetSize of job (KB)
...
006 (017.1487.000) 05/10 04:33:38 Image size of job updated: 4807920
	3997  -  MemoryUsage of job (MB)
	4092660  -  ResidentSetSize of job (KB)
...
006 (017.1487.000) 05/10 04:33:44 Image size of job updated: 4826352
	4030  -  MemoryUsage of job (MB)
	4125924  -  ResidentSetSize of job (KB)
...
006 (017.1487.000) 05/10 04:33:50 Image size of job updated: 4855024
	4061  -  MemoryUsage of job (MB)
	4157472  -  ResidentSetSize of job (KB)
...
006 (017.1487.000) 05/10 04:33:56 Image size of job updated: 4890864
	4094  -  MemoryUsage of job (MB)
	4192056  -  ResidentSetSize of job (KB)
...
006 (017.1487.000) 05/10 04:34:02 Image size of job updated: 4923632
	4128  -  MemoryUsage of job (MB)
	4226772  -  ResidentSetSize of job (KB)
...
006 (017.1487.000) 05/10 04:34:08 Image size of job updated: 4986096
	4162  -  MemoryUsage of job (MB)
	4261224  -  ResidentSetSize of job (KB)
...
006 (017.1487.000) 05/10 04:34:14 Image size of job updated: 4986096
	4196  -  MemoryUsage of job (MB)
	4296336  -  ResidentSetSize of job (KB)
...
006 (017.1487.000) 05/10 04:34:20 Image size of job updated: 4986096
	4231  -  MemoryUsage of job (MB)
	4331976  -  ResidentSetSize of job (KB)
...
006 (017.1487.000) 05/10 04:34:26 Image size of job updated: 5075184
	4266  -  MemoryUsage of job (MB)
	4367484  -  ResidentSetSize of job (KB)
...
006 (017.1487.000) 05/10 04:34:32 Image size of job updated: 5075184
	4299  -  MemoryUsage of job (MB)
	4401936  -  ResidentSetSize of job (KB)
...
006 (017.1487.000) 05/10 04:34:38 Image size of job updated: 5315824
	4500  -  MemoryUsage of job (MB)
	4607592  -  ResidentSetSize of job (KB)
...
006 (017.1487.000) 05/10 04:34:44 Image size of job updated: 5359856
	4548  -  MemoryUsage of job (MB)
	4656960  -  ResidentSetSize of job (KB)
...
005 (017.1487.000) 05/10 04:34:48 Job terminated.
	(1) Normal termination (return value 0)
		Usr 0 00:25:29, Sys 0 00:00:11  -  Run Remote Usage
		Usr 0 00:00:00, Sys 0 00:00:00  -  Run Local Usage
		Usr 0 00:25:29, Sys 0 00:00:11  -  Total Remote Usage
		Usr 0 00:00:00, Sys 0 00:00:00  -  Total Local Usage
	0  -  Run Bytes Sent By Job
	0  -  Run Bytes Received By Job
	0  -  Total Bytes Sent By Job
	0  -  Total Bytes Received By Job
	Partitionable Resources :      Usage  Request Allocated 
	   Cpus                 :       0.96        1         1 
	   Disk (KB)            : 2000000     2000000   6275465 
	   Memory (MB)          :    4548        1954      2007 
...
