000 (187.095.000) 05/05 21:04:28 Job submitted from host: <127.0.0.1:9618?addrs=127.0.0.1-9618&noUDP&sock=222_da1d_4>
...
001 (187.095.000) 05/06 01:00:01 Job executing on host: <127.0.0.1:9618?addrs=127.0.0.1-9618&noUDP&sock=222_da1d_5>
...
006 (187.095.000) 05/06 01:00:07 Image size of job updated: 2000000
	76  -  MemoryUsage of job (MB)
	77616  -  ResidentSetSize of job (KB)
...
006 (187.095.000) 05/06 01:00:25 Image size of job updated: 2000000
	130  -  MemoryUsage of job (MB)
	132396  -  ResidentSetSize of job (KB)
...
006 (187.095.000) 05/06 01:00:31 Image size of job updated: 2000000
	133  -  MemoryUsage of job (MB)
	135300  -  ResidentSetSize of job (KB)
...
006 (187.095.000) 05/06 01:00:37 Image size of job updated: 2000000
	144  -  MemoryUsage of job (MB)
	147180  -  ResidentSetSize of job (KB)
...
006 (187.095.000) 05/06 01:00:43 Image size of job updated: 2000000
	158  -  MemoryUsage of job (MB)
	161172  -  ResidentSetSize of job (KB)
...
006 (187.095.000) 05/06 01:00:49 Image size of job updated: 2000000
	169  -  MemoryUsage of job (MB)
	172656  -  ResidentSetSize of job (KB)
...
006 (187.095.000) 05/06 01:00:55 Image size of job updated: 2000000
	213  -  MemoryUsage of job (MB)
	217536  -  ResidentSetSize of job (KB)
...
006 (187.095.000) 05/06 01:01:01 Image size of job updated: 2000000
	253  -  MemoryUsage of job (MB)
	258324  -  ResidentSetSize of job (KB)
...
006 (187.095.000) 05/06 01:01:07 Image size of job updated: 2000000
	317  -  MemoryUsage of job (MB)
	324324  -  ResidentSetSize of job (KB)
...
006 (187.095.000) 05/06 01:01:13 Image size of job updated: 2000000
	669  -  MemoryUsage of job (MB)
	684816  -  ResidentSetSize of job (KB)
...
006 (187.095.000) 05/06 01:04:41 Image size of job updated: 2000000
	954  -  MemoryUsage of job (MB)
	976404  -  ResidentSetSize of job (KB)
...
006 (187.095.000) 05/06 01:04:47 Image size of job updated: 2000000
	1111  -  MemoryUsage of job (MB)
	1137444  -  ResidentSetSize of job (KB)
...
006 (187.095.000) 05/06 01:10:09 Image size of job updated: 2000000
	1117  -  MemoryUsage of job (MB)
	1142988  -  ResidentSetSize of job (KB)
...
006 (187.095.000) 05/06 01:10:14 Image size of job updated: 2000000
	1219  -  MemoryUsage of job (MB)
	1248192  -  ResidentSetSize of job (KB)
...
005 (187.095.000) 05/06 01:10:16 Job terminated.
	(1) Normal termination (return value 0)
		Usr 0 00:09:54, Sys 0 00:00:01  -  Run Remote Usage
		Usr 0 00:00:00, Sys 0 00:00:00  -  Run Local Usage
		Usr 0 00:09:54, Sys 0 00:00:01  -  Total Remote Usage
		Usr 0 00:00:00, Sys 0 00:00:00  -  Total Local Usage
	0  -  Run Bytes Sent By Job
	0  -  Run Bytes Received By Job
	0  -  Total Bytes Sent By Job
	0  -  Total Bytes Received By Job
	Partitionable Resources :      Usage  Request Allocated 
	   Cpus                 :       1.00        1         1 
	   Disk (KB)            : 2000000     2000000   6540465 
	   Memory (MB)          :    1219        1954      2007 
...
