000 (005.2983.000) 05/05 20:22:53 Job submitted from host: <127.0.0.1:9618?addrs=127.0.0.1-9618&noUDP&sock=227_4816_4>
...
033 (005.2983.000) 05/06 14:16:23 Changing job attribute JobPrio from 0 to -10
...
001 (005.2983.000) 05/06 19:30:05 Job executing on host: <127.0.0.1:9618?addrs=127.0.0.1-9618&noUDP&sock=227_4816_5>
...
006 (005.2983.000) 05/06 19:30:10 Image size of job updated: 2000000
	101  -  MemoryUsage of job (MB)
	103092  -  ResidentSetSize of job (KB)
...
006 (005.2983.000) 05/06 19:30:40 Image size of job updated: 2000000
	145  -  MemoryUsage of job (MB)
	147708  -  ResidentSetSize of job (KB)
...
006 (005.2983.000) 05/06 19:30:45 Image size of job updated: 2000000
	184  -  MemoryUsage of job (MB)
	187968  -  ResidentSetSize of job (KB)
...
006 (005.2983.000) 05/06 19:30:50 Image size of job updated: 2000000
	185  -  MemoryUsage of job (MB)
	189024  -  ResidentSetSize of job (KB)
...
006 (005.2983.000) 05/06 19:30:55 Image size of job updated: 2000000
	197  -  MemoryUsage of job (MB)
	201300  -  ResidentSetSize of job (KB)
...
006 (005.2983.000) 05/06 19:31:00 Image size of job updated: 2000000
	210  -  MemoryUsage of job (MB)
	214104  -  ResidentSetSize of job (KB)
...
006 (005.2983.000) 05/06 19:31:05 Image size of job updated: 2000000
	217  -  MemoryUsage of job (MB)
	221760  -  ResidentSetSize of job (KB)
...
006 (005.2983.000) 05/06 19:31:10 Image size of job updated: 2000000
	228  -  MemoryUsage of job (MB)
	233112  -  ResidentSetSize of job (KB)
...
006 (005.2983.000) 05/06 19:31:15 Image size of job updated: 2000000
	234  -  MemoryUsage of job (MB)
	239184  -  ResidentSetSize of job (KB)
...
006 (005.2983.000) 05/06 19:31:20 Image size of job updated: 2000000
	241  -  MemoryUsage of job (MB)
	245916  -  ResidentSetSize of job (KB)
...
006 (005.2983.000) 05/06 19:31:25 Image size of job updated: 2000000
	272  -  MemoryUsage of job (MB)
	278256  -  ResidentSetSize of job (KB)
...
006 (005.2983.000) 05/06 19:31:31 Image size of job updated: 2000000
	310  -  MemoryUsage of job (MB)
	316800  -  ResidentSetSize of job (KB)
...
006 (005.2983.000) 05/06 19:31:37 Image size of job updated: 2000000
	329  -  MemoryUsage of job (MB)
	336072  -  ResidentSetSize of job (KB)
...
006 (005.2983.000) 05/06 19:31:43 Image size of job updated: 2000000
	399  -  MemoryUsage of job (MB)
	408144  -  ResidentSetSize of job (KB)
...
006 (005.2983.000) 05/06 19:31:49 Image size of job updated: 2000000
	459  -  MemoryUsage of job (MB)
	469656  -  ResidentSetSize of job (KB)
...
006 (005.2983.000) 05/06 19:31:55 Image size of job updated: 2000000
	1169  -  MemoryUsage of job (MB)
	1196184  -  ResidentSetSize of job (KB)
...
006 (005.2983.000) 05/06 19:44:38 Image size of job updated: 2000000
	1169  -  MemoryUsage of job (MB)
	1196844  -  ResidentSetSize of job (KB)
...
006 (005.2983.000) 05/06 19:44:44 Image size of job updated: 2000000
	1171  -  MemoryUsage of job (MB)
	1198164  -  ResidentSetSize of job (KB)
...
006 (005.2983.000) 05/06 19:44:50 Image size of job updated: 2000000
	1249  -  MemoryUsage of job (MB)
	1278024  -  ResidentSetSize of job (KB)
...
006 (005.2983.000) 05/06 19:44:56 Image size of job updated: 2193292
	1620  -  MemoryUsage of job (MB)
	1658052  -  ResidentSetSize of job (KB)
...
006 (005.2983.000) 05/06 19:45:02 Image size of job updated: 2262476
	1925  -  MemoryUsage of job (MB)
	1970232  -  ResidentSetSize of job (KB)
...
006 (005.2983.000) 05/06 19:45:08 Image size of job updated: 2561004
	1925  -  MemoryUsage of job (MB)
	1970232  -  ResidentSetSize of job (KB)
...
006 (005.2983.000) 05/06 19:45:14 Image size of job updated: 2567148
	1925  -  MemoryUsage of job (MB)
	1970232  -  ResidentSetSize of job (KB)
...
006 (005.2983.000) 05/06 19:45:26 Image size of job updated: 2585580
	1925  -  MemoryUsage of job (MB)
	1970232  -  ResidentSetSize of job (KB)
...
006 (005.2983.000) 05/06 19:45:32 Image size of job updated: 2587628
	1925  -  MemoryUsage of job (MB)
	1970232  -  ResidentSetSize of job (KB)
...
006 (005.2983.000) 05/06 19:45:38 Image size of job updated: 2596844
	1925  -  MemoryUsage of job (MB)
	1970232  -  ResidentSetSize of job (KB)
...
006 (005.2983.000) 05/06 19:45:44 Image size of job updated: 2605036
	1928  -  MemoryUsage of job (MB)
	1973532  -  ResidentSetSize of job (KB)
...
006 (005.2983.000) 05/06 19:45:50 Image size of job updated: 2606060
	1930  -  MemoryUsage of job (MB)
	1975776  -  ResidentSetSize of job (KB)
...
006 (005.2983.000) 05/06 19:45:56 Image size of job updated: 2606060
	1935  -  MemoryUsage of job (MB)
	1981320  -  ResidentSetSize of job (KB)
...
006 (005.2983.000) 05/06 19:46:02 Image size of job updated: 2615276
	1940  -  MemoryUsage of job (MB)
	1985676  -  ResidentSetSize of job (KB)
...
006 (005.2983.000) 05/06 19:46:08 Image size of job updated: 2615276
	1941  -  MemoryUsage of job (MB)
	1987524  -  ResidentSetSize of job (KB)
...
006 (005.2983.000) 05/06 19:46:14 Image size of job updated: 2615276
	1947  -  MemoryUsage of job (MB)
	1993596  -  ResidentSetSize of job (KB)
...
006 (005.2983.000) 05/06 19:46:20 Image size of job updated: 2626540
	1950  -  MemoryUsage of job (MB)
	1996764  -  ResidentSetSize of job (KB)
...
006 (005.2983.000) 05/06 19:46:26 Image size of job updated: 2626540
	1955  -  MemoryUsage of job (MB)
	2001780  -  ResidentSetSize of job (KB)
...
006 (005.2983.000) 05/06 19:46:32 Image size of job updated: 2637804
	1962  -  MemoryUsage of job (MB)
	2008512  -  ResidentSetSize of job (KB)
...
006 (005.2983.000) 05/06 19:46:38 Image size of job updated: 2637804
	1966  -  MemoryUsage of job (MB)
	2012736  -  ResidentSetSize of job (KB)
...
006 (005.2983.000) 05/06 19:46:44 Image size of job updated: 2637804
	1970  -  MemoryUsage of job (MB)
	2016564  -  ResidentSetSize of job (KB)
...
006 (005.2983.000) 05/06 19:46:50 Image size of job updated: 2651116
	1975  -  MemoryUsage of job (MB)
	2022108  -  ResidentSetSize of job (KB)
...
006 (005.2983.000) 05/06 19:46:56 Image size of job updated: 2651116
	1980  -  MemoryUsage of job (MB)
	2027124  -  ResidentSetSize of job (KB)
...
006 (005.2983.000) 05/06 19:47:02 Image size of job updated: 2662380
	1984  -  MemoryUsage of job (MB)
	2030820  -  ResidentSetSize of job (KB)
...
006 (005.2983.000) 05/06 19:47:08 Image size of job updated: 2662380
	1986  -  MemoryUsage of job (MB)
	2033064  -  ResidentSetSize of job (KB)
...
006 (005.2983.000) 05/06 19:47:14 Image size of job updated: 2662380
	1989  -  MemoryUsage of job (MB)
	2035836  -  ResidentSetSize of job (KB)
...
006 (005.2983.000) 05/06 19:47:20 Image size of job updated: 2669548
	1992  -  MemoryUsage of job (MB)
	2039532  -  ResidentSetSize of job (KB)
...
006 (005.2983.000) 05/06 19:47:26 Image size of job updated: 2669548
	1996  -  MemoryUsage of job (MB)
	2042964  -  ResidentSetSize of job (KB)
...
006 (005.2983.000) 05/06 19:47:32 Image size of job updated: 2679788
	2001  -  MemoryUsage of job (MB)
	2048508  -  ResidentSetSize of job (KB)
...
006 (005.2983.000) 05/06 19:47:38 Image size of job updated: 2679788
	2006  -  MemoryUsage of job (MB)
	2053392  -  ResidentSetSize of job (KB)
...
006 (005.2983.000) 05/06 19:47:44 Image size of job updated: 2679788
	2007  -  MemoryUsage of job (MB)
	2054184  -  ResidentSetSize of job (KB)
...
006 (005.2983.000) 05/06 19:47:50 Image size of job updated: 2689004
	2011  -  MemoryUsage of job (MB)
	2058540  -  ResidentSetSize of job (KB)
...
006 (005.2983.000) 05/06 19:47:56 Image size of job updated: 2689004
	2014  -  MemoryUsage of job (MB)
	2061840  -  ResidentSetSize of job (KB)
...
006 (005.2983.000) 05/06 19:48:02 Image size of job updated: 2698220
	2019  -  MemoryUsage of job (MB)
	2066592  -  ResidentSetSize of job (KB)
...
006 (005.2983.000) 05/06 19:48:08 Image size of job updated: 2698220
	2022  -  MemoryUsage of job (MB)
	2070420  -  ResidentSetSize of job (KB)
...
006 (005.2983.000) 05/06 19:48:14 Image size of job updated: 2705388
	2027  -  MemoryUsage of job (MB)
	2074644  -  ResidentSetSize of job (KB)
...
006 (005.2983.000) 05/06 19:48:20 Image size of job updated: 2709484
	2033  -  MemoryUsage of job (MB)
	2081244  -  ResidentSetSize of job (KB)
...
006 (005.2983.000) 05/06 19:48:26 Image size of job updated: 2709484
	2036  -  MemoryUsage of job (MB)
	2083884  -  ResidentSetSize of job (KB)
...
006 (005.2983.000) 05/06 19:48:32 Image size of job updated: 2709484
	2039  -  MemoryUsage of job (MB)
	2087844  -  ResidentSetSize of job (KB)
...
006 (005.2983.000) 05/06 19:48:38 Image size of job updated: 2720748
	2043  -  MemoryUsage of job (MB)
	2091408  -  ResidentSetSize of job (KB)
...
006 (005.2983.000) 05/06 19:48:44 Image size of job updated: 2720748
	2048  -  MemoryUsage of job (MB)
	2096820  -  ResidentSetSize of job (KB)
...
006 (005.2983.000) 05/06 19:48:50 Image size of job updated: 2732012
	2053  -  MemoryUsage of job (MB)
	2101704  -  ResidentSetSize of job (KB)
...
006 (005.2983.000) 05/06 19:48:56 Image size of job updated: 2732012
	2055  -  MemoryUsage of job (MB)
	2104080  -  ResidentSetSize of job (KB)
...
006 (005.2983.000) 05/06 19:49:02 Image size of job updated: 2732012
	2058  -  MemoryUsage of job (MB)
	2106588  -  ResidentSetSize of job (KB)
...
006 (005.2983.000) 05/06 19:49:07 Image size of job updated: 2740204
	2061  -  MemoryUsage of job (MB)
	2110020  -  ResidentSetSize of job (KB)
...
006 (005.2983.000) 05/06 19:49:12 Image size of job updated: 2744300
	2065  -  MemoryUsage of job (MB)
	2114508  -  ResidentSetSize of job (KB)
...
006 (005.2983.000) 05/06 19:49:17 Image size of job updated: 2749420
	2069  -  MemoryUsage of job (MB)
	2117676  -  ResidentSetSize of job (KB)
...
006 (005.2983.000) 05/06 19:49:22 Image size of job updated: 2751468
	2072  -  MemoryUsage of job (MB)
	2120976  -  ResidentSetSize of job (KB)
...
006 (005.2983.000) 05/06 19:49:27 Image size of job updated: 2751468
	2075  -  MemoryUsage of job (MB)
	2124276  -  ResidentSetSize of job (KB)
...
006 (005.2983.000) 05/06 19:49:32 Image size of job updated: 2751468
	2078  -  MemoryUsage of job (MB)
	2127312  -  ResidentSetSize of job (KB)
...
006 (005.2983.000) 05/06 19:49:37 Image size of job updated: 2760684
	2081  -  MemoryUsage of job (MB)
	2130348  -  ResidentSetSize of job (KB)
...
006 (005.2983.000) 05/06 19:49:42 Image size of job updated: 2760684
	2084  -  MemoryUsage of job (MB)
	2133516  -  ResidentSetSize of job (KB)
...
006 (005.2983.000) 05/06 19:49:47 Image size of job updated: 2760684
	2089  -  MemoryUsage of job (MB)
	2138136  -  ResidentSetSize of job (KB)
...
006 (005.2983.000) 05/06 19:49:52 Image size of job updated: 2772972
	2092  -  MemoryUsage of job (MB)
	2141700  -  ResidentSetSize of job (KB)
...
006 (005.2983.000) 05/06 19:49:57 Image size of job updated: 2777068
	2095  -  MemoryUsage of job (MB)
	2145264  -  ResidentSetSize of job (KB)
...
006 (005.2983.000) 05/06 19:50:02 Image size of job updated: 2777068
	2098  -  MemoryUsage of job (MB)
	2147508  -  ResidentSetSize of job (KB)
...
006 (005.2983.000) 05/06 19:50:07 Image size of job updated: 2784236
	2102  -  MemoryUsage of job (MB)
	2152392  -  ResidentSetSize of job (KB)
...
006 (005.2983.000) 05/06 19:50:12 Image size of job updated: 2785260
	2106  -  MemoryUsage of job (MB)
	2156088  -  ResidentSetSize of job (KB)
...
006 (005.2983.000) 05/06 19:50:17 Image size of job updated: 2785260
	2110  -  MemoryUsage of job (MB)
	2159652  -  ResidentSetSize of job (KB)
...
006 (005.2983.000) 05/06 19:50:22 Image size of job updated: 2793452
	2112  -  MemoryUsage of job (MB)
	2162160  -  ResidentSetSize of job (KB)
...
006 (005.2983.000) 05/06 19:50:27 Image size of job updated: 2793452
	2116  -  MemoryUsage of job (MB)
	2166252  -  ResidentSetSize of job (KB)
...
006 (005.2983.000) 05/06 19:50:32 Image size of job updated: 2799596
	2119  -  MemoryUsage of job (MB)
	2169024  -  ResidentSetSize of job (KB)
...
006 (005.2983.000) 05/06 19:50:37 Image size of job updated: 2803692
	2121  -  MemoryUsage of job (MB)
	2171796  -  ResidentSetSize of job (KB)
...
006 (005.2983.000) 05/06 19:50:42 Image size of job updated: 2803692
	2246  -  MemoryUsage of job (MB)
	2299176  -  ResidentSetSize of job (KB)
...
006 (005.2983.000) 05/06 19:50:47 Image size of job updated: 2803692
	2334  -  MemoryUsage of job (MB)
	2389464  -  ResidentSetSize of job (KB)
...
005 (005.2983.000) 05/06 19:50:51 Job terminated.
	(1) Normal termination (return value 0)
		Usr 0 00:20:15, Sys 0 00:00:02  -  Run Remote Usage
		Usr 0 00:00:00, Sys 0 00:00:00  -  Run Local Usage
		Usr 0 00:20:15, Sys 0 00:00:02  -  Total Remote Usage
		Usr 0 00:00:00, Sys 0 00:00:00  -  Total Local Usage
	0  -  Run Bytes Sent By Job
	0  -  Run Bytes Received By Job
	0  -  Total Bytes Sent By Job
	0  -  Total Bytes Received By Job
	Partitionable Resources :      Usage  Request Allocated 
	   Cpus                 :       1.00        1         1 
	   Disk (KB)            : 2000000     2000000   6275465 
	   Memory (MB)          :    2334        1954      2007 
...
