000 (005.6559.000) 05/05 20:24:28 Job submitted from host: <127.0.0.1:9618?addrs=127.0.0.1-9618&noUDP&sock=227_4816_4>
...
033 (005.6559.000) 05/06 14:17:19 Changing job attribute JobPrio from 0 to -10
...
001 (005.6559.000) 05/07 18:14:07 Job executing on host: <127.0.0.1:9618?addrs=127.0.0.1-9618&noUDP&sock=227_4816_5>
...
006 (005.6559.000) 05/07 18:14:12 Image size of job updated: 2000000
	101  -  MemoryUsage of job (MB)
	103092  -  ResidentSetSize of job (KB)
...
006 (005.6559.000) 05/07 18:14:42 Image size of job updated: 2000000
	158  -  MemoryUsage of job (MB)
	161040  -  ResidentSetSize of job (KB)
...
006 (005.6559.000) 05/07 18:14:47 Image size of job updated: 2000000
	184  -  MemoryUsage of job (MB)
	188100  -  ResidentSetSize of job (KB)
...
006 (005.6559.000) 05/07 18:14:52 Image size of job updated: 2000000
	185  -  MemoryUsage of job (MB)
	188496  -  ResidentSetSize of job (KB)
...
006 (005.6559.000) 05/07 18:14:57 Image size of job updated: 2000000
	191  -  MemoryUsage of job (MB)
	195492  -  ResidentSetSize of job (KB)
...
006 (005.6559.000) 05/07 18:15:02 Image size of job updated: 2000000
	201  -  MemoryUsage of job (MB)
	205656  -  ResidentSetSize of job (KB)
...
006 (005.6559.000) 05/07 18:15:07 Image size of job updated: 2000000
	211  -  MemoryUsage of job (MB)
	215688  -  ResidentSetSize of job (KB)
...
006 (005.6559.000) 05/07 18:15:12 Image size of job updated: 2000000
	219  -  MemoryUsage of job (MB)
	223608  -  ResidentSetSize of job (KB)
...
006 (005.6559.000) 05/07 18:15:17 Image size of job updated: 2000000
	229  -  MemoryUsage of job (MB)
	234432  -  ResidentSetSize of job (KB)
...
006 (005.6559.000) 05/07 18:15:22 Image size of job updated: 2000000
	237  -  MemoryUsage of job (MB)
	242484  -  ResidentSetSize of job (KB)
...
006 (005.6559.000) 05/07 18:15:27 Image size of job updated: 2000000
	242  -  MemoryUsage of job (MB)
	247236  -  ResidentSetSize of job (KB)
...
006 (005.6559.000) 05/07 18:15:32 Image size of job updated: 2000000
	278  -  MemoryUsage of job (MB)
	284460  -  ResidentSetSize of job (KB)
...
006 (005.6559.000) 05/07 18:15:37 Image size of job updated: 2000000
	308  -  MemoryUsage of job (MB)
	315348  -  ResidentSetSize of job (KB)
...
006 (005.6559.000) 05/07 18:15:42 Image size of job updated: 2000000
	329  -  MemoryUsage of job (MB)
	336204  -  ResidentSetSize of job (KB)
...
006 (005.6559.000) 05/07 18:15:47 Image size of job updated: 2000000
	376  -  MemoryUsage of job (MB)
	384120  -  ResidentSetSize of job (KB)
...
006 (005.6559.000) 05/07 18:15:52 Image size of job updated: 2000000
	438  -  MemoryUsage of job (MB)
	448404  -  ResidentSetSize of job (KB)
...
006 (005.6559.000) 05/07 18:15:57 Image size of job updated: 2000000
	1169  -  MemoryUsage of job (MB)
	1196316  -  ResidentSetSize of job (KB)
...
006 (005.6559.000) 05/07 18:28:25 Image size of job updated: 2000000
	1169  -  MemoryUsage of job (MB)
	1196844  -  ResidentSetSize of job (KB)
...
006 (005.6559.000) 05/07 18:28:30 Image size of job updated: 2000000
	1171  -  MemoryUsage of job (MB)
	1198296  -  ResidentSetSize of job (KB)
...
006 (005.6559.000) 05/07 18:28:35 Image size of job updated: 2000000
	1249  -  MemoryUsage of job (MB)
	1278156  -  ResidentSetSize of job (KB)
...
006 (005.6559.000) 05/07 18:28:40 Image size of job updated: 2000000
	1622  -  MemoryUsage of job (MB)
	1660296  -  ResidentSetSize of job (KB)
...
006 (005.6559.000) 05/07 18:28:45 Image size of job updated: 2000000
	1695  -  MemoryUsage of job (MB)
	1735272  -  ResidentSetSize of job (KB)
...
006 (005.6559.000) 05/07 18:28:50 Image size of job updated: 2603752
	1885  -  MemoryUsage of job (MB)
	1929840  -  ResidentSetSize of job (KB)
...
006 (005.6559.000) 05/07 18:28:56 Image size of job updated: 2603752
	1892  -  MemoryUsage of job (MB)
	1937100  -  ResidentSetSize of job (KB)
...
006 (005.6559.000) 05/07 18:29:02 Image size of job updated: 2603752
	1902  -  MemoryUsage of job (MB)
	1947132  -  ResidentSetSize of job (KB)
...
006 (005.6559.000) 05/07 18:29:08 Image size of job updated: 2603752
	1910  -  MemoryUsage of job (MB)
	1955184  -  ResidentSetSize of job (KB)
...
006 (005.6559.000) 05/07 18:29:14 Image size of job updated: 2603752
	1915  -  MemoryUsage of job (MB)
	1960728  -  ResidentSetSize of job (KB)
...
006 (005.6559.000) 05/07 18:29:20 Image size of job updated: 2603752
	1922  -  MemoryUsage of job (MB)
	1967328  -  ResidentSetSize of job (KB)
...
006 (005.6559.000) 05/07 18:29:26 Image size of job updated: 2603752
	1928  -  MemoryUsage of job (MB)
	1973268  -  ResidentSetSize of job (KB)
...
006 (005.6559.000) 05/07 18:29:32 Image size of job updated: 2609128
	1935  -  MemoryUsage of job (MB)
	1981188  -  ResidentSetSize of job (KB)
...
006 (005.6559.000) 05/07 18:29:38 Image size of job updated: 2617320
	1942  -  MemoryUsage of job (MB)
	1987920  -  ResidentSetSize of job (KB)
...
006 (005.6559.000) 05/07 18:29:44 Image size of job updated: 2621416
	1945  -  MemoryUsage of job (MB)
	1990824  -  ResidentSetSize of job (KB)
...
006 (005.6559.000) 05/07 18:29:50 Image size of job updated: 2624488
	1949  -  MemoryUsage of job (MB)
	1995444  -  ResidentSetSize of job (KB)
...
006 (005.6559.000) 05/07 18:29:56 Image size of job updated: 2624488
	1954  -  MemoryUsage of job (MB)
	2000460  -  ResidentSetSize of job (KB)
...
006 (005.6559.000) 05/07 18:30:02 Image size of job updated: 2624488
	1958  -  MemoryUsage of job (MB)
	2004156  -  ResidentSetSize of job (KB)
...
006 (005.6559.000) 05/07 18:30:08 Image size of job updated: 2634728
	1963  -  MemoryUsage of job (MB)
	2009436  -  ResidentSetSize of job (KB)
...
006 (005.6559.000) 05/07 18:30:14 Image size of job updated: 2634728
	1967  -  MemoryUsage of job (MB)
	2013528  -  ResidentSetSize of job (KB)
...
006 (005.6559.000) 05/07 18:30:20 Image size of job updated: 2649064
	1973  -  MemoryUsage of job (MB)
	2019996  -  ResidentSetSize of job (KB)
...
006 (005.6559.000) 05/07 18:30:26 Image size of job updated: 2655208
	1978  -  MemoryUsage of job (MB)
	2025012  -  ResidentSetSize of job (KB)
...
006 (005.6559.000) 05/07 18:30:32 Image size of job updated: 2661352
	1984  -  MemoryUsage of job (MB)
	2031480  -  ResidentSetSize of job (KB)
...
006 (005.6559.000) 05/07 18:30:38 Image size of job updated: 2665448
	1989  -  MemoryUsage of job (MB)
	2036628  -  ResidentSetSize of job (KB)
...
006 (005.6559.000) 05/07 18:30:44 Image size of job updated: 2665448
	1994  -  MemoryUsage of job (MB)
	2040852  -  ResidentSetSize of job (KB)
...
006 (005.6559.000) 05/07 18:30:50 Image size of job updated: 2675688
	1999  -  MemoryUsage of job (MB)
	2046264  -  ResidentSetSize of job (KB)
...
006 (005.6559.000) 05/07 18:30:56 Image size of job updated: 2678760
	2003  -  MemoryUsage of job (MB)
	2050356  -  ResidentSetSize of job (KB)
...
006 (005.6559.000) 05/07 18:31:02 Image size of job updated: 2680808
	2007  -  MemoryUsage of job (MB)
	2054184  -  ResidentSetSize of job (KB)
...
006 (005.6559.000) 05/07 18:31:08 Image size of job updated: 2687976
	2011  -  MemoryUsage of job (MB)
	2058804  -  ResidentSetSize of job (KB)
...
006 (005.6559.000) 05/07 18:31:14 Image size of job updated: 2687976
	2016  -  MemoryUsage of job (MB)
	2063424  -  ResidentSetSize of job (KB)
...
006 (005.6559.000) 05/07 18:31:20 Image size of job updated: 2687976
	2019  -  MemoryUsage of job (MB)
	2067384  -  ResidentSetSize of job (KB)
...
006 (005.6559.000) 05/07 18:31:26 Image size of job updated: 2697192
	2025  -  MemoryUsage of job (MB)
	2073588  -  ResidentSetSize of job (KB)
...
006 (005.6559.000) 05/07 18:31:32 Image size of job updated: 2697192
	2030  -  MemoryUsage of job (MB)
	2078472  -  ResidentSetSize of job (KB)
...
006 (005.6559.000) 05/07 18:31:38 Image size of job updated: 2713576
	2036  -  MemoryUsage of job (MB)
	2084544  -  ResidentSetSize of job (KB)
...
006 (005.6559.000) 05/07 18:31:44 Image size of job updated: 2716648
	2040  -  MemoryUsage of job (MB)
	2088636  -  ResidentSetSize of job (KB)
...
006 (005.6559.000) 05/07 18:31:50 Image size of job updated: 2718696
	2045  -  MemoryUsage of job (MB)
	2093652  -  ResidentSetSize of job (KB)
...
006 (005.6559.000) 05/07 18:31:56 Image size of job updated: 2723816
	2050  -  MemoryUsage of job (MB)
	2099064  -  ResidentSetSize of job (KB)
...
006 (005.6559.000) 05/07 18:32:02 Image size of job updated: 2733032
	2057  -  MemoryUsage of job (MB)
	2106324  -  ResidentSetSize of job (KB)
...
006 (005.6559.000) 05/07 18:32:08 Image size of job updated: 2740200
	2063  -  MemoryUsage of job (MB)
	2112264  -  ResidentSetSize of job (KB)
...
006 (005.6559.000) 05/07 18:32:14 Image size of job updated: 2740200
	2067  -  MemoryUsage of job (MB)
	2116356  -  ResidentSetSize of job (KB)
...
006 (005.6559.000) 05/07 18:32:20 Image size of job updated: 2740200
	2073  -  MemoryUsage of job (MB)
	2121768  -  ResidentSetSize of job (KB)
...
006 (005.6559.000) 05/07 18:32:26 Image size of job updated: 2756584
	2078  -  MemoryUsage of job (MB)
	2127312  -  ResidentSetSize of job (KB)
...
006 (005.6559.000) 05/07 18:32:32 Image size of job updated: 2761704
	2083  -  MemoryUsage of job (MB)
	2132064  -  ResidentSetSize of job (KB)
...
006 (005.6559.000) 05/07 18:32:38 Image size of job updated: 2764776
	2086  -  MemoryUsage of job (MB)
	2135364  -  ResidentSetSize of job (KB)
...
006 (005.6559.000) 05/07 18:32:44 Image size of job updated: 2764776
	2091  -  MemoryUsage of job (MB)
	2140644  -  ResidentSetSize of job (KB)
...
006 (005.6559.000) 05/07 18:32:50 Image size of job updated: 2764776
	2096  -  MemoryUsage of job (MB)
	2146056  -  ResidentSetSize of job (KB)
...
006 (005.6559.000) 05/07 18:32:56 Image size of job updated: 2778088
	2100  -  MemoryUsage of job (MB)
	2150016  -  ResidentSetSize of job (KB)
...
006 (005.6559.000) 05/07 18:33:02 Image size of job updated: 2778088
	2105  -  MemoryUsage of job (MB)
	2155164  -  ResidentSetSize of job (KB)
...
006 (005.6559.000) 05/07 18:33:08 Image size of job updated: 2790376
	2111  -  MemoryUsage of job (MB)
	2160708  -  ResidentSetSize of job (KB)
...
006 (005.6559.000) 05/07 18:33:14 Image size of job updated: 2791400
	2116  -  MemoryUsage of job (MB)
	2166384  -  ResidentSetSize of job (KB)
...
006 (005.6559.000) 05/07 18:33:20 Image size of job updated: 2791400
	2121  -  MemoryUsage of job (MB)
	2171532  -  ResidentSetSize of job (KB)
...
006 (005.6559.000) 05/07 18:33:26 Image size of job updated: 2805736
	2127  -  MemoryUsage of job (MB)
	2177472  -  ResidentSetSize of job (KB)
...
006 (005.6559.000) 05/07 18:33:32 Image size of job updated: 2805736
	2131  -  MemoryUsage of job (MB)
	2181300  -  ResidentSetSize of job (KB)
...
006 (005.6559.000) 05/07 18:33:38 Image size of job updated: 2805736
	2135  -  MemoryUsage of job (MB)
	2185524  -  ResidentSetSize of job (KB)
...
006 (005.6559.000) 05/07 18:33:44 Image size of job updated: 2817000
	2139  -  MemoryUsage of job (MB)
	2190276  -  ResidentSetSize of job (KB)
...
006 (005.6559.000) 05/07 18:33:51 Image size of job updated: 2817000
	2144  -  MemoryUsage of job (MB)
	2195424  -  ResidentSetSize of job (KB)
...
006 (005.6559.000) 05/07 18:33:56 Image size of job updated: 2817000
	2147  -  MemoryUsage of job (MB)
	2197536  -  ResidentSetSize of job (KB)
...
006 (005.6559.000) 05/07 18:34:01 Image size of job updated: 2829288
	2152  -  MemoryUsage of job (MB)
	2202816  -  ResidentSetSize of job (KB)
...
006 (005.6559.000) 05/07 18:34:06 Image size of job updated: 2829288
	2157  -  MemoryUsage of job (MB)
	2208492  -  ResidentSetSize of job (KB)
...
006 (005.6559.000) 05/07 18:34:11 Image size of job updated: 2829288
	2160  -  MemoryUsage of job (MB)
	2211528  -  ResidentSetSize of job (KB)
...
006 (005.6559.000) 05/07 18:34:16 Image size of job updated: 2844648
	2164  -  MemoryUsage of job (MB)
	2215752  -  ResidentSetSize of job (KB)
...
006 (005.6559.000) 05/07 18:34:21 Image size of job updated: 2846696
	2169  -  MemoryUsage of job (MB)
	2220240  -  ResidentSetSize of job (KB)
...
006 (005.6559.000) 05/07 18:34:26 Image size of job updated: 2846696
	2172  -  MemoryUsage of job (MB)
	2223540  -  ResidentSetSize of job (KB)
...
006 (005.6559.000) 05/07 18:34:31 Image size of job updated: 2854888
	2176  -  MemoryUsage of job (MB)
	2227896  -  ResidentSetSize of job (KB)
...
006 (005.6559.000) 05/07 18:34:36 Image size of job updated: 2854888
	2182  -  MemoryUsage of job (MB)
	2233836  -  ResidentSetSize of job (KB)
...
006 (005.6559.000) 05/07 18:34:41 Image size of job updated: 3076072
	2390  -  MemoryUsage of job (MB)
	2447148  -  ResidentSetSize of job (KB)
...
006 (005.6559.000) 05/07 18:34:46 Image size of job updated: 3077096
	2390  -  MemoryUsage of job (MB)
	2447148  -  ResidentSetSize of job (KB)
...
005 (005.6559.000) 05/07 18:34:46 Job terminated.
	(1) Normal termination (return value 0)
		Usr 0 00:20:09, Sys 0 00:00:02  -  Run Remote Usage
		Usr 0 00:00:00, Sys 0 00:00:00  -  Run Local Usage
		Usr 0 00:20:09, Sys 0 00:00:02  -  Total Remote Usage
		Usr 0 00:00:00, Sys 0 00:00:00  -  Total Local Usage
	0  -  Run Bytes Sent By Job
	0  -  Run Bytes Received By Job
	0  -  Total Bytes Sent By Job
	0  -  Total Bytes Received By Job
	Partitionable Resources :      Usage  Request Allocated 
	   Cpus                 :       1.00        1         1 
	   Disk (KB)            : 2000000     2000000   6275465 
	   Memory (MB)          :    2390        1954      2007 
...
