000 (183.027.000) 05/05 20:11:40 Job submitted from host: <127.0.0.1:9618?addrs=127.0.0.1-9618&noUDP&sock=222_da1d_4>
...
001 (183.027.000) 05/05 21:45:21 Job executing on host: <127.0.0.1:9618?addrs=127.0.0.1-9618&noUDP&sock=222_da1d_5>
...
006 (183.027.000) 05/05 21:45:27 Image size of job updated: 2000000
	101  -  MemoryUsage of job (MB)
	102960  -  ResidentSetSize of job (KB)
...
006 (183.027.000) 05/05 21:45:57 Image size of job updated: 2000000
	127  -  MemoryUsage of job (MB)
	129492  -  ResidentSetSize of job (KB)
...
006 (183.027.000) 05/05 21:46:03 Image size of job updated: 2000000
	184  -  MemoryUsage of job (MB)
	188232  -  ResidentSetSize of job (KB)
...
006 (183.027.000) 05/05 21:46:09 Image size of job updated: 2000000
	185  -  MemoryUsage of job (MB)
	188496  -  ResidentSetSize of job (KB)
...
006 (183.027.000) 05/05 21:46:15 Image size of job updated: 2000000
	195  -  MemoryUsage of job (MB)
	199056  -  ResidentSetSize of job (KB)
...
006 (183.027.000) 05/05 21:46:21 Image size of job updated: 2000000
	209  -  MemoryUsage of job (MB)
	213708  -  ResidentSetSize of job (KB)
...
006 (183.027.000) 05/05 21:46:27 Image size of job updated: 2000000
	224  -  MemoryUsage of job (MB)
	228888  -  ResidentSetSize of job (KB)
...
006 (183.027.000) 05/05 21:46:33 Image size of job updated: 2000000
	235  -  MemoryUsage of job (MB)
	239844  -  ResidentSetSize of job (KB)
...
006 (183.027.000) 05/05 21:46:40 Image size of job updated: 2000000
	249  -  MemoryUsage of job (MB)
	254496  -  ResidentSetSize of job (KB)
...
006 (183.027.000) 05/05 21:46:45 Image size of job updated: 2000000
	293  -  MemoryUsage of job (MB)
	299904  -  ResidentSetSize of job (KB)
...
006 (183.027.000) 05/05 21:46:50 Image size of job updated: 2000000
	329  -  MemoryUsage of job (MB)
	336204  -  ResidentSetSize of job (KB)
...
006 (183.027.000) 05/05 21:46:55 Image size of job updated: 2000000
	363  -  MemoryUsage of job (MB)
	371712  -  ResidentSetSize of job (KB)
...
006 (183.027.000) 05/05 21:47:00 Image size of job updated: 2000000
	444  -  MemoryUsage of job (MB)
	453816  -  ResidentSetSize of job (KB)
...
006 (183.027.000) 05/05 21:47:05 Image size of job updated: 2000000
	1169  -  MemoryUsage of job (MB)
	1196184  -  ResidentSetSize of job (KB)
...
006 (183.027.000) 05/05 22:00:38 Image size of job updated: 2000000
	1464  -  MemoryUsage of job (MB)
	1498200  -  ResidentSetSize of job (KB)
...
006 (183.027.000) 05/05 22:00:43 Image size of job updated: 2216180
	1558  -  MemoryUsage of job (MB)
	1595088  -  ResidentSetSize of job (KB)
...
006 (183.027.000) 05/05 22:00:48 Image size of job updated: 2216180
	1573  -  MemoryUsage of job (MB)
	1610400  -  ResidentSetSize of job (KB)
...
006 (183.027.000) 05/05 22:00:58 Image size of job updated: 2348780
	1752  -  MemoryUsage of job (MB)
	1793880  -  ResidentSetSize of job (KB)
...
006 (183.027.000) 05/05 22:01:03 Image size of job updated: 2561004
	1756  -  MemoryUsage of job (MB)
	1797312  -  ResidentSetSize of job (KB)
...
006 (183.027.000) 05/05 22:01:39 Image size of job updated: 2570220
	1756  -  MemoryUsage of job (MB)
	1797312  -  ResidentSetSize of job (KB)
...
006 (183.027.000) 05/05 22:01:52 Image size of job updated: 2584556
	1756  -  MemoryUsage of job (MB)
	1797312  -  ResidentSetSize of job (KB)
...
006 (183.027.000) 05/05 22:02:00 Image size of job updated: 2593772
	1756  -  MemoryUsage of job (MB)
	1797312  -  ResidentSetSize of job (KB)
...
006 (183.027.000) 05/05 22:02:06 Image size of job updated: 2597868
	1756  -  MemoryUsage of job (MB)
	1797312  -  ResidentSetSize of job (KB)
...
006 (183.027.000) 05/05 22:02:21 Image size of job updated: 2608108
	1756  -  MemoryUsage of job (MB)
	1797312  -  ResidentSetSize of job (KB)
...
006 (183.027.000) 05/05 22:02:27 Image size of job updated: 2608108
	1757  -  MemoryUsage of job (MB)
	1798896  -  ResidentSetSize of job (KB)
...
006 (183.027.000) 05/05 22:02:33 Image size of job updated: 2608108
	1763  -  MemoryUsage of job (MB)
	1805232  -  ResidentSetSize of job (KB)
...
006 (183.027.000) 05/05 22:02:39 Image size of job updated: 2619372
	1763  -  MemoryUsage of job (MB)
	1805232  -  ResidentSetSize of job (KB)
...
006 (183.027.000) 05/05 22:02:55 Image size of job updated: 2619372
	1764  -  MemoryUsage of job (MB)
	1805892  -  ResidentSetSize of job (KB)
...
006 (183.027.000) 05/05 22:03:28 Image size of job updated: 2645996
	1780  -  MemoryUsage of job (MB)
	1822656  -  ResidentSetSize of job (KB)
...
006 (183.027.000) 05/05 22:03:50 Image size of job updated: 2662380
	1780  -  MemoryUsage of job (MB)
	1822656  -  ResidentSetSize of job (KB)
...
006 (183.027.000) 05/05 22:04:03 Image size of job updated: 2666476
	1780  -  MemoryUsage of job (MB)
	1822656  -  ResidentSetSize of job (KB)
...
006 (183.027.000) 05/05 22:04:11 Image size of job updated: 2669548
	1780  -  MemoryUsage of job (MB)
	1822656  -  ResidentSetSize of job (KB)
...
006 (183.027.000) 05/05 22:04:16 Image size of job updated: 2669548
	1783  -  MemoryUsage of job (MB)
	1825428  -  ResidentSetSize of job (KB)
...
006 (183.027.000) 05/05 22:05:29 Image size of job updated: 2716652
	1800  -  MemoryUsage of job (MB)
	1842588  -  ResidentSetSize of job (KB)
...
006 (183.027.000) 05/05 22:06:10 Image size of job updated: 2744300
	1800  -  MemoryUsage of job (MB)
	1842588  -  ResidentSetSize of job (KB)
...
006 (183.027.000) 05/05 22:06:39 Image size of job updated: 2784236
	1964  -  MemoryUsage of job (MB)
	2010624  -  ResidentSetSize of job (KB)
...
006 (183.027.000) 05/05 22:06:51 Image size of job updated: 2964460
	1964  -  MemoryUsage of job (MB)
	2010624  -  ResidentSetSize of job (KB)
...
005 (183.027.000) 05/05 22:06:51 Job terminated.
	(1) Normal termination (return value 0)
		Usr 0 00:18:50, Sys 0 00:00:42  -  Run Remote Usage
		Usr 0 00:00:00, Sys 0 00:00:00  -  Run Local Usage
		Usr 0 00:18:50, Sys 0 00:00:42  -  Total Remote Usage
		Usr 0 00:00:00, Sys 0 00:00:00  -  Total Local Usage
	0  -  Run Bytes Sent By Job
	0  -  Run Bytes Received By Job
	0  -  Total Bytes Sent By Job
	0  -  Total Bytes Received By Job
	Partitionable Resources :      Usage  Request Allocated 
	   Cpus                 :       0.65        1         1 
	   Disk (KB)            : 2000000     2000000   6540465 
	   Memory (MB)          :    1964        1954      2007 
...
