000 (157.028.000) 05/04 16:00:02 Job submitted from host: <127.0.0.1:9618?addrs=127.0.0.1-9618&noUDP&sock=222_da1d_4>
...
001 (157.028.000) 05/04 16:29:53 Job executing on host: <127.0.0.1:9618?addrs=127.0.0.1-9618&noUDP&sock=222_da1d_5>
...
006 (157.028.000) 05/04 16:29:59 Image size of job updated: 398112
	389  -  MemoryUsage of job (MB)
	398112  -  ResidentSetSize of job (KB)
...
006 (157.028.000) 05/04 16:30:05 Image size of job updated: 813648
	795  -  MemoryUsage of job (MB)
	813648  -  ResidentSetSize of job (KB)
...
006 (157.028.000) 05/04 16:30:11 Image size of job updated: 969384
	932  -  MemoryUsage of job (MB)
	954096  -  ResidentSetSize of job (KB)
...
005 (157.028.000) 05/04 16:30:14 Job terminated.
	(1) Normal termination (return value 1)
		Usr 0 00:00:18, Sys 0 00:00:00  -  Run Remote Usage
		Usr 0 00:00:00, Sys 0 00:00:00  -  Run Local Usage
		Usr 0 00:00:18, Sys 0 00:00:00  -  Total Remote Usage
		Usr 0 00:00:00, Sys 0 00:00:00  -  Total Local Usage
	0  -  Run Bytes Sent By Job
	0  -  Run Bytes Received By Job
	0  -  Total Bytes Sent By Job
	0  -  Total Bytes Received By Job
	Partitionable Resources :    Usage  Request Allocated 
	   Cpus                 :     0.94        1         1 
	   Disk (KB)            :     1           1   6540465 
	   Memory (MB)          :   932           1      2007 
...
