000 (205.10443.000) 05/06 03:22:46 Job submitted from host: <127.0.0.1:9618?addrs=127.0.0.1-9618&noUDP&sock=222_da1d_4>
...
033 (205.10443.000) 05/06 14:24:40 Changing job attribute JobPrio from 0 to -5
...
000 (007.10443.000) 05/07 19:01:22 Job submitted from host: <127.0.0.1:9618?addrs=127.0.0.1-9618&noUDP&sock=215_0cf3_4>
...
000 (016.10443.000) 05/08 15:58:22 Job submitted from host: <127.0.0.1:9618?addrs=127.0.0.1-9618&noUDP&sock=227_4816_4>
...
009 (016.10443.000) 05/09 16:56:51 Job was aborted by the user.
	via condor_rm (by user aw868)
...
000 (014.3282.000) 05/09 17:31:56 Job submitted from host: <127.0.0.1:9618?addrs=127.0.0.1-9618&noUDP&sock=212_fe2a_4>
...
033 (014.3282.000) 05/09 17:33:37 Changing job attribute JobPrio from 0 to -10
...
033 (014.3282.000) 05/09 21:36:00 Changing job attribute JobPrio from -10 to -15
...
001 (014.3282.000) 05/11 03:11:42 Job executing on host: <127.0.0.1:9618?addrs=127.0.0.1-9618&noUDP&sock=212_fe2a_5>
...
006 (014.3282.000) 05/11 03:11:47 Image size of job updated: 2000000
	114  -  MemoryUsage of job (MB)
	116292  -  ResidentSetSize of job (KB)
...
006 (014.3282.000) 05/11 03:11:52 Image size of job updated: 2000000
	115  -  MemoryUsage of job (MB)
	117216  -  ResidentSetSize of job (KB)
...
006 (014.3282.000) 05/11 03:12:17 Image size of job updated: 2000000
	163  -  MemoryUsage of job (MB)
	166320  -  ResidentSetSize of job (KB)
...
006 (014.3282.000) 05/11 03:12:22 Image size of job updated: 2000000
	211  -  MemoryUsage of job (MB)
	215688  -  ResidentSetSize of job (KB)
...
006 (014.3282.000) 05/11 03:12:32 Image size of job updated: 2000000
	212  -  MemoryUsage of job (MB)
	216876  -  ResidentSetSize of job (KB)
...
006 (014.3282.000) 05/11 03:12:37 Image size of job updated: 2000000
	222  -  MemoryUsage of job (MB)
	226776  -  ResidentSetSize of job (KB)
...
006 (014.3282.000) 05/11 03:12:42 Image size of job updated: 2000000
	231  -  MemoryUsage of job (MB)
	236412  -  ResidentSetSize of job (KB)
...
006 (014.3282.000) 05/11 03:12:48 Image size of job updated: 2000000
	243  -  MemoryUsage of job (MB)
	248160  -  ResidentSetSize of job (KB)
...
006 (014.3282.000) 05/11 03:12:54 Image size of job updated: 2000000
	254  -  MemoryUsage of job (MB)
	259908  -  ResidentSetSize of job (KB)
...
006 (014.3282.000) 05/11 03:13:00 Image size of job updated: 2000000
	263  -  MemoryUsage of job (MB)
	268752  -  ResidentSetSize of job (KB)
...
006 (014.3282.000) 05/11 03:13:06 Image size of job updated: 2000000
	272  -  MemoryUsage of job (MB)
	277596  -  ResidentSetSize of job (KB)
...
006 (014.3282.000) 05/11 03:13:12 Image size of job updated: 2000000
	287  -  MemoryUsage of job (MB)
	293568  -  ResidentSetSize of job (KB)
...
006 (014.3282.000) 05/11 03:13:18 Image size of job updated: 2000000
	324  -  MemoryUsage of job (MB)
	331056  -  ResidentSetSize of job (KB)
...
006 (014.3282.000) 05/11 03:13:24 Image size of job updated: 2000000
	371  -  MemoryUsage of job (MB)
	379764  -  ResidentSetSize of job (KB)
...
006 (014.3282.000) 05/11 03:13:30 Image size of job updated: 2000000
	374  -  MemoryUsage of job (MB)
	382668  -  ResidentSetSize of job (KB)
...
006 (014.3282.000) 05/11 03:13:36 Image size of job updated: 2000000
	456  -  MemoryUsage of job (MB)
	466224  -  ResidentSetSize of job (KB)
...
006 (014.3282.000) 05/11 03:13:42 Image size of job updated: 2000000
	519  -  MemoryUsage of job (MB)
	530772  -  ResidentSetSize of job (KB)
...
006 (014.3282.000) 05/11 03:13:48 Image size of job updated: 2000000
	1239  -  MemoryUsage of job (MB)
	1267860  -  ResidentSetSize of job (KB)
...
006 (014.3282.000) 05/11 03:31:21 Image size of job updated: 2000000
	1566  -  MemoryUsage of job (MB)
	1602744  -  ResidentSetSize of job (KB)
...
006 (014.3282.000) 05/11 03:31:26 Image size of job updated: 2370004
	1734  -  MemoryUsage of job (MB)
	1774740  -  ResidentSetSize of job (KB)
...
006 (014.3282.000) 05/11 03:31:31 Image size of job updated: 2370004
	1995  -  MemoryUsage of job (MB)
	2042304  -  ResidentSetSize of job (KB)
...
006 (014.3282.000) 05/11 03:31:41 Image size of job updated: 2671860
	1995  -  MemoryUsage of job (MB)
	2042304  -  ResidentSetSize of job (KB)
...
006 (014.3282.000) 05/11 03:31:46 Image size of job updated: 2671860
	2060  -  MemoryUsage of job (MB)
	2108700  -  ResidentSetSize of job (KB)
...
006 (014.3282.000) 05/11 03:31:51 Image size of job updated: 2671860
	2157  -  MemoryUsage of job (MB)
	2208360  -  ResidentSetSize of job (KB)
...
006 (014.3282.000) 05/11 03:31:56 Image size of job updated: 2910452
	2218  -  MemoryUsage of job (MB)
	2271192  -  ResidentSetSize of job (KB)
...
006 (014.3282.000) 05/11 03:32:01 Image size of job updated: 2910452
	2264  -  MemoryUsage of job (MB)
	2317392  -  ResidentSetSize of job (KB)
...
006 (014.3282.000) 05/11 03:32:06 Image size of job updated: 2910452
	2301  -  MemoryUsage of job (MB)
	2355276  -  ResidentSetSize of job (KB)
...
006 (014.3282.000) 05/11 03:32:11 Image size of job updated: 3056884
	2345  -  MemoryUsage of job (MB)
	2401080  -  ResidentSetSize of job (KB)
...
006 (014.3282.000) 05/11 03:32:16 Image size of job updated: 3056884
	2371  -  MemoryUsage of job (MB)
	2427348  -  ResidentSetSize of job (KB)
...
006 (014.3282.000) 05/11 03:32:27 Image size of job updated: 3156212
	2379  -  MemoryUsage of job (MB)
	2435928  -  ResidentSetSize of job (KB)
...
006 (014.3282.000) 05/11 03:32:32 Image size of job updated: 3157236
	2417  -  MemoryUsage of job (MB)
	2474472  -  ResidentSetSize of job (KB)
...
006 (014.3282.000) 05/11 03:32:37 Image size of job updated: 3211508
	2454  -  MemoryUsage of job (MB)
	2512884  -  ResidentSetSize of job (KB)
...
006 (014.3282.000) 05/11 03:32:42 Image size of job updated: 3211508
	2490  -  MemoryUsage of job (MB)
	2549448  -  ResidentSetSize of job (KB)
...
006 (014.3282.000) 05/11 03:32:47 Image size of job updated: 3274996
	2526  -  MemoryUsage of job (MB)
	2586276  -  ResidentSetSize of job (KB)
...
006 (014.3282.000) 05/11 03:32:52 Image size of job updated: 3340532
	2561  -  MemoryUsage of job (MB)
	2622048  -  ResidentSetSize of job (KB)
...
006 (014.3282.000) 05/11 03:32:57 Image size of job updated: 3340532
	2597  -  MemoryUsage of job (MB)
	2659008  -  ResidentSetSize of job (KB)
...
006 (014.3282.000) 05/11 03:33:02 Image size of job updated: 3396852
	2635  -  MemoryUsage of job (MB)
	2697288  -  ResidentSetSize of job (KB)
...
006 (014.3282.000) 05/11 03:33:07 Image size of job updated: 3396852
	2671  -  MemoryUsage of job (MB)
	2734512  -  ResidentSetSize of job (KB)
...
006 (014.3282.000) 05/11 03:33:12 Image size of job updated: 3468532
	2707  -  MemoryUsage of job (MB)
	2771208  -  ResidentSetSize of job (KB)
...
006 (014.3282.000) 05/11 03:33:17 Image size of job updated: 3510516
	2743  -  MemoryUsage of job (MB)
	2808168  -  ResidentSetSize of job (KB)
...
006 (014.3282.000) 05/11 03:33:22 Image size of job updated: 3510516
	2779  -  MemoryUsage of job (MB)
	2844996  -  ResidentSetSize of job (KB)
...
006 (014.3282.000) 05/11 03:33:27 Image size of job updated: 3510516
	2814  -  MemoryUsage of job (MB)
	2881296  -  ResidentSetSize of job (KB)
...
006 (014.3282.000) 05/11 03:33:32 Image size of job updated: 3621108
	2850  -  MemoryUsage of job (MB)
	2918388  -  ResidentSetSize of job (KB)
...
006 (014.3282.000) 05/11 03:33:37 Image size of job updated: 3621108
	2887  -  MemoryUsage of job (MB)
	2955480  -  ResidentSetSize of job (KB)
...
006 (014.3282.000) 05/11 03:33:42 Image size of job updated: 3695860
	2923  -  MemoryUsage of job (MB)
	2992968  -  ResidentSetSize of job (KB)
...
006 (014.3282.000) 05/11 03:33:47 Image size of job updated: 3735796
	2960  -  MemoryUsage of job (MB)
	3030060  -  ResidentSetSize of job (KB)
...
006 (014.3282.000) 05/11 03:33:52 Image size of job updated: 3735796
	2996  -  MemoryUsage of job (MB)
	3067812  -  ResidentSetSize of job (KB)
...
006 (014.3282.000) 05/11 03:33:57 Image size of job updated: 3735796
	3033  -  MemoryUsage of job (MB)
	3105300  -  ResidentSetSize of job (KB)
...
006 (014.3282.000) 05/11 03:34:02 Image size of job updated: 3842292
	3067  -  MemoryUsage of job (MB)
	3139752  -  ResidentSetSize of job (KB)
...
006 (014.3282.000) 05/11 03:34:07 Image size of job updated: 3842292
	3102  -  MemoryUsage of job (MB)
	3175524  -  ResidentSetSize of job (KB)
...
006 (014.3282.000) 05/11 03:34:12 Image size of job updated: 3842292
	3139  -  MemoryUsage of job (MB)
	3213936  -  ResidentSetSize of job (KB)
...
006 (014.3282.000) 05/11 03:34:17 Image size of job updated: 3951860
	3175  -  MemoryUsage of job (MB)
	3250500  -  ResidentSetSize of job (KB)
...
006 (014.3282.000) 05/11 03:34:22 Image size of job updated: 3951860
	3211  -  MemoryUsage of job (MB)
	3287592  -  ResidentSetSize of job (KB)
...
006 (014.3282.000) 05/11 03:34:27 Image size of job updated: 3951860
	3223  -  MemoryUsage of job (MB)
	3300264  -  ResidentSetSize of job (KB)
...
006 (014.3282.000) 05/11 03:34:32 Image size of job updated: 4062452
	3249  -  MemoryUsage of job (MB)
	3326268  -  ResidentSetSize of job (KB)
...
006 (014.3282.000) 05/11 03:34:38 Image size of job updated: 4062452
	3258  -  MemoryUsage of job (MB)
	3335508  -  ResidentSetSize of job (KB)
...
006 (014.3282.000) 05/11 03:34:55 Image size of job updated: 4062452
	3273  -  MemoryUsage of job (MB)
	3351480  -  ResidentSetSize of job (KB)
...
006 (014.3282.000) 05/11 03:35:26 Image size of job updated: 4345076
	3509  -  MemoryUsage of job (MB)
	3592776  -  ResidentSetSize of job (KB)
...
006 (014.3282.000) 05/11 03:35:50 Image size of job updated: 4518132
	3694  -  MemoryUsage of job (MB)
	3782064  -  ResidentSetSize of job (KB)
...
006 (014.3282.000) 05/11 03:36:05 Image size of job updated: 4638964
	3830  -  MemoryUsage of job (MB)
	3920928  -  ResidentSetSize of job (KB)
...
006 (014.3282.000) 05/11 03:36:14 Image size of job updated: 4774132
	3901  -  MemoryUsage of job (MB)
	3994320  -  ResidentSetSize of job (KB)
...
006 (014.3282.000) 05/11 03:36:20 Image size of job updated: 4774132
	3948  -  MemoryUsage of job (MB)
	4042500  -  ResidentSetSize of job (KB)
...
006 (014.3282.000) 05/11 03:36:25 Image size of job updated: 4774132
	3985  -  MemoryUsage of job (MB)
	4080384  -  ResidentSetSize of job (KB)
...
006 (014.3282.000) 05/11 03:36:30 Image size of job updated: 4899060
	4024  -  MemoryUsage of job (MB)
	4120116  -  ResidentSetSize of job (KB)
...
006 (014.3282.000) 05/11 03:36:35 Image size of job updated: 4899060
	4063  -  MemoryUsage of job (MB)
	4160376  -  ResidentSetSize of job (KB)
...
006 (014.3282.000) 05/11 03:36:40 Image size of job updated: 4988148
	4104  -  MemoryUsage of job (MB)
	4201824  -  ResidentSetSize of job (KB)
...
006 (014.3282.000) 05/11 03:36:45 Image size of job updated: 5030132
	4145  -  MemoryUsage of job (MB)
	4243536  -  ResidentSetSize of job (KB)
...
006 (014.3282.000) 05/11 03:36:50 Image size of job updated: 5055732
	4184  -  MemoryUsage of job (MB)
	4284060  -  ResidentSetSize of job (KB)
...
006 (014.3282.000) 05/11 03:36:55 Image size of job updated: 5055732
	4231  -  MemoryUsage of job (MB)
	4331844  -  ResidentSetSize of job (KB)
...
006 (014.3282.000) 05/11 03:37:00 Image size of job updated: 5157108
	4269  -  MemoryUsage of job (MB)
	4370652  -  ResidentSetSize of job (KB)
...
006 (014.3282.000) 05/11 03:37:05 Image size of job updated: 5157108
	4306  -  MemoryUsage of job (MB)
	4409196  -  ResidentSetSize of job (KB)
...
006 (014.3282.000) 05/11 03:37:10 Image size of job updated: 5157108
	4345  -  MemoryUsage of job (MB)
	4448532  -  ResidentSetSize of job (KB)
...
006 (014.3282.000) 05/11 03:37:15 Image size of job updated: 5274868
	4384  -  MemoryUsage of job (MB)
	4489056  -  ResidentSetSize of job (KB)
...
006 (014.3282.000) 05/11 03:37:20 Image size of job updated: 5274868
	4422  -  MemoryUsage of job (MB)
	4527468  -  ResidentSetSize of job (KB)
...
006 (014.3282.000) 05/11 03:37:25 Image size of job updated: 5321972
	4461  -  MemoryUsage of job (MB)
	4567332  -  ResidentSetSize of job (KB)
...
006 (014.3282.000) 05/11 03:37:30 Image size of job updated: 5400820
	4500  -  MemoryUsage of job (MB)
	4607196  -  ResidentSetSize of job (KB)
...
006 (014.3282.000) 05/11 03:37:35 Image size of job updated: 5439732
	4538  -  MemoryUsage of job (MB)
	4646136  -  ResidentSetSize of job (KB)
...
006 (014.3282.000) 05/11 03:37:40 Image size of job updated: 5440756
	4577  -  MemoryUsage of job (MB)
	4686000  -  ResidentSetSize of job (KB)
...
006 (014.3282.000) 05/11 03:37:45 Image size of job updated: 5503220
	4615  -  MemoryUsage of job (MB)
	4725600  -  ResidentSetSize of job (KB)
...
006 (014.3282.000) 05/11 03:37:50 Image size of job updated: 5544180
	4654  -  MemoryUsage of job (MB)
	4764804  -  ResidentSetSize of job (KB)
...
006 (014.3282.000) 05/11 03:37:55 Image size of job updated: 5583092
	4693  -  MemoryUsage of job (MB)
	4805592  -  ResidentSetSize of job (KB)
...
006 (014.3282.000) 05/11 03:38:00 Image size of job updated: 5583092
	4733  -  MemoryUsage of job (MB)
	4846116  -  ResidentSetSize of job (KB)
...
006 (014.3282.000) 05/11 03:38:05 Image size of job updated: 5647604
	4772  -  MemoryUsage of job (MB)
	4885584  -  ResidentSetSize of job (KB)
...
006 (014.3282.000) 05/11 03:38:10 Image size of job updated: 5681396
	4810  -  MemoryUsage of job (MB)
	4925184  -  ResidentSetSize of job (KB)
...
006 (014.3282.000) 05/11 03:38:15 Image size of job updated: 5743860
	4849  -  MemoryUsage of job (MB)
	4964916  -  ResidentSetSize of job (KB)
...
006 (014.3282.000) 05/11 03:38:20 Image size of job updated: 5785844
	4889  -  MemoryUsage of job (MB)
	5005440  -  ResidentSetSize of job (KB)
...
006 (014.3282.000) 05/11 03:38:25 Image size of job updated: 5785844
	4931  -  MemoryUsage of job (MB)
	5049000  -  ResidentSetSize of job (KB)
...
006 (014.3282.000) 05/11 03:38:30 Image size of job updated: 5785844
	4974  -  MemoryUsage of job (MB)
	5092956  -  ResidentSetSize of job (KB)
...
006 (014.3282.000) 05/11 03:38:35 Image size of job updated: 5901556
	5149  -  MemoryUsage of job (MB)
	5271684  -  ResidentSetSize of job (KB)
...
006 (014.3282.000) 05/11 03:38:40 Image size of job updated: 5901556
	5218  -  MemoryUsage of job (MB)
	5342832  -  ResidentSetSize of job (KB)
...
005 (014.3282.000) 05/11 03:38:44 Job terminated.
	(1) Normal termination (return value 0)
		Usr 0 00:26:02, Sys 0 00:00:11  -  Run Remote Usage
		Usr 0 00:00:00, Sys 0 00:00:00  -  Run Local Usage
		Usr 0 00:26:02, Sys 0 00:00:11  -  Total Remote Usage
		Usr 0 00:00:00, Sys 0 00:00:00  -  Total Local Usage
	0  -  Run Bytes Sent By Job
	0  -  Run Bytes Received By Job
	0  -  Total Bytes Sent By Job
	0  -  Total Bytes Received By Job
	Partitionable Resources :      Usage  Request Allocated 
	   Cpus                 :       1.00        1         1 
	   Disk (KB)            : 2000000     2000000   6232219 
	   Memory (MB)          :    5218        1954      2007 
...
