000 (205.4221.000) 05/06 03:19:30 Job submitted from host: <127.0.0.1:9618?addrs=127.0.0.1-9618&noUDP&sock=222_da1d_4>
...
033 (205.4221.000) 05/06 14:22:48 Changing job attribute JobPrio from 0 to -5
...
000 (007.4221.000) 05/07 19:00:08 Job submitted from host: <127.0.0.1:9618?addrs=127.0.0.1-9618&noUDP&sock=215_0cf3_4>
...
000 (016.4221.000) 05/08 15:57:16 Job submitted from host: <127.0.0.1:9618?addrs=127.0.0.1-9618&noUDP&sock=227_4816_4>
...
009 (016.4221.000) 05/09 16:54:46 Job was aborted by the user.
	via condor_rm (by user aw868)
...
000 (017.888.000) 05/09 17:26:00 Job submitted from host: <127.0.0.1:9618?addrs=127.0.0.1-9618&noUDP&sock=227_4816_4>
...
001 (017.888.000) 05/09 23:48:21 Job executing on host: <127.0.0.1:9618?addrs=127.0.0.1-9618&noUDP&sock=227_4816_5>
...
006 (017.888.000) 05/09 23:48:26 Image size of job updated: 2000000
	115  -  MemoryUsage of job (MB)
	117216  -  ResidentSetSize of job (KB)
...
006 (017.888.000) 05/09 23:48:51 Image size of job updated: 2000000
	143  -  MemoryUsage of job (MB)
	145992  -  ResidentSetSize of job (KB)
...
006 (017.888.000) 05/09 23:48:56 Image size of job updated: 2000000
	210  -  MemoryUsage of job (MB)
	214896  -  ResidentSetSize of job (KB)
...
006 (017.888.000) 05/09 23:49:01 Image size of job updated: 2000000
	211  -  MemoryUsage of job (MB)
	215424  -  ResidentSetSize of job (KB)
...
006 (017.888.000) 05/09 23:49:06 Image size of job updated: 2000000
	214  -  MemoryUsage of job (MB)
	218196  -  ResidentSetSize of job (KB)
...
006 (017.888.000) 05/09 23:49:11 Image size of job updated: 2000000
	225  -  MemoryUsage of job (MB)
	230076  -  ResidentSetSize of job (KB)
...
006 (017.888.000) 05/09 23:49:16 Image size of job updated: 2000000
	237  -  MemoryUsage of job (MB)
	241692  -  ResidentSetSize of job (KB)
...
006 (017.888.000) 05/09 23:49:21 Image size of job updated: 2000000
	248  -  MemoryUsage of job (MB)
	253308  -  ResidentSetSize of job (KB)
...
006 (017.888.000) 05/09 23:49:26 Image size of job updated: 2000000
	257  -  MemoryUsage of job (MB)
	262680  -  ResidentSetSize of job (KB)
...
006 (017.888.000) 05/09 23:49:31 Image size of job updated: 2000000
	266  -  MemoryUsage of job (MB)
	271920  -  ResidentSetSize of job (KB)
...
006 (017.888.000) 05/09 23:49:36 Image size of job updated: 2000000
	273  -  MemoryUsage of job (MB)
	279444  -  ResidentSetSize of job (KB)
...
006 (017.888.000) 05/09 23:49:41 Image size of job updated: 2000000
	302  -  MemoryUsage of job (MB)
	308484  -  ResidentSetSize of job (KB)
...
006 (017.888.000) 05/09 23:49:46 Image size of job updated: 2000000
	337  -  MemoryUsage of job (MB)
	344916  -  ResidentSetSize of job (KB)
...
006 (017.888.000) 05/09 23:49:51 Image size of job updated: 2000000
	371  -  MemoryUsage of job (MB)
	379368  -  ResidentSetSize of job (KB)
...
006 (017.888.000) 05/09 23:49:56 Image size of job updated: 2000000
	374  -  MemoryUsage of job (MB)
	382272  -  ResidentSetSize of job (KB)
...
006 (017.888.000) 05/09 23:50:01 Image size of job updated: 2000000
	431  -  MemoryUsage of job (MB)
	440748  -  ResidentSetSize of job (KB)
...
006 (017.888.000) 05/09 23:50:06 Image size of job updated: 2000000
	496  -  MemoryUsage of job (MB)
	507276  -  ResidentSetSize of job (KB)
...
006 (017.888.000) 05/09 23:50:11 Image size of job updated: 2000000
	1112  -  MemoryUsage of job (MB)
	1138104  -  ResidentSetSize of job (KB)
...
006 (017.888.000) 05/09 23:50:16 Image size of job updated: 2000000
	1237  -  MemoryUsage of job (MB)
	1266276  -  ResidentSetSize of job (KB)
...
006 (017.888.000) 05/10 00:06:30 Image size of job updated: 2000000
	1417  -  MemoryUsage of job (MB)
	1450416  -  ResidentSetSize of job (KB)
...
006 (017.888.000) 05/10 00:06:35 Image size of job updated: 2370000
	1555  -  MemoryUsage of job (MB)
	1591788  -  ResidentSetSize of job (KB)
...
006 (017.888.000) 05/10 00:06:40 Image size of job updated: 2495696
	1707  -  MemoryUsage of job (MB)
	1747284  -  ResidentSetSize of job (KB)
...
006 (017.888.000) 05/10 00:06:45 Image size of job updated: 2701040
	1898  -  MemoryUsage of job (MB)
	1943436  -  ResidentSetSize of job (KB)
...
006 (017.888.000) 05/10 00:06:50 Image size of job updated: 2701040
	1976  -  MemoryUsage of job (MB)
	2023164  -  ResidentSetSize of job (KB)
...
006 (017.888.000) 05/10 00:06:55 Image size of job updated: 2701040
	2050  -  MemoryUsage of job (MB)
	2098404  -  ResidentSetSize of job (KB)
...
006 (017.888.000) 05/10 00:07:00 Image size of job updated: 2839792
	2138  -  MemoryUsage of job (MB)
	2189220  -  ResidentSetSize of job (KB)
...
006 (017.888.000) 05/10 00:07:05 Image size of job updated: 2964720
	2212  -  MemoryUsage of job (MB)
	2264592  -  ResidentSetSize of job (KB)
...
006 (017.888.000) 05/10 00:07:10 Image size of job updated: 2964720
	2279  -  MemoryUsage of job (MB)
	2332968  -  ResidentSetSize of job (KB)
...
006 (017.888.000) 05/10 00:07:15 Image size of job updated: 3062000
	2343  -  MemoryUsage of job (MB)
	2398308  -  ResidentSetSize of job (KB)
...
006 (017.888.000) 05/10 00:07:20 Image size of job updated: 3062000
	2405  -  MemoryUsage of job (MB)
	2462064  -  ResidentSetSize of job (KB)
...
006 (017.888.000) 05/10 00:07:25 Image size of job updated: 3198192
	2468  -  MemoryUsage of job (MB)
	2526480  -  ResidentSetSize of job (KB)
...
006 (017.888.000) 05/10 00:07:30 Image size of job updated: 3298544
	2531  -  MemoryUsage of job (MB)
	2590896  -  ResidentSetSize of job (KB)
...
006 (017.888.000) 05/10 00:07:35 Image size of job updated: 3298544
	2592  -  MemoryUsage of job (MB)
	2654124  -  ResidentSetSize of job (KB)
...
006 (017.888.000) 05/10 00:07:40 Image size of job updated: 3298544
	2664  -  MemoryUsage of job (MB)
	2727648  -  ResidentSetSize of job (KB)
...
006 (017.888.000) 05/10 00:07:45 Image size of job updated: 3461360
	2726  -  MemoryUsage of job (MB)
	2790876  -  ResidentSetSize of job (KB)
...
006 (017.888.000) 05/10 00:07:50 Image size of job updated: 3461360
	2788  -  MemoryUsage of job (MB)
	2854368  -  ResidentSetSize of job (KB)
...
006 (017.888.000) 05/10 00:07:55 Image size of job updated: 3461360
	2849  -  MemoryUsage of job (MB)
	2917200  -  ResidentSetSize of job (KB)
...
006 (017.888.000) 05/10 00:08:00 Image size of job updated: 3664112
	2912  -  MemoryUsage of job (MB)
	2981484  -  ResidentSetSize of job (KB)
...
006 (017.888.000) 05/10 00:08:05 Image size of job updated: 3664112
	2976  -  MemoryUsage of job (MB)
	3046428  -  ResidentSetSize of job (KB)
...
006 (017.888.000) 05/10 00:08:10 Image size of job updated: 3664112
	3029  -  MemoryUsage of job (MB)
	3101208  -  ResidentSetSize of job (KB)
...
006 (017.888.000) 05/10 00:08:15 Image size of job updated: 3854576
	3069  -  MemoryUsage of job (MB)
	3142128  -  ResidentSetSize of job (KB)
...
006 (017.888.000) 05/10 00:08:20 Image size of job updated: 3854576
	3117  -  MemoryUsage of job (MB)
	3191760  -  ResidentSetSize of job (KB)
...
006 (017.888.000) 05/10 00:08:27 Image size of job updated: 3854576
	3166  -  MemoryUsage of job (MB)
	3241656  -  ResidentSetSize of job (KB)
...
006 (017.888.000) 05/10 00:08:32 Image size of job updated: 4005104
	3227  -  MemoryUsage of job (MB)
	3303960  -  ResidentSetSize of job (KB)
...
006 (017.888.000) 05/10 00:08:37 Image size of job updated: 4065520
	3287  -  MemoryUsage of job (MB)
	3365340  -  ResidentSetSize of job (KB)
...
006 (017.888.000) 05/10 00:08:42 Image size of job updated: 4065520
	3346  -  MemoryUsage of job (MB)
	3425928  -  ResidentSetSize of job (KB)
...
006 (017.888.000) 05/10 00:08:47 Image size of job updated: 4185328
	3406  -  MemoryUsage of job (MB)
	3486912  -  ResidentSetSize of job (KB)
...
006 (017.888.000) 05/10 00:08:52 Image size of job updated: 4185328
	3466  -  MemoryUsage of job (MB)
	3548424  -  ResidentSetSize of job (KB)
...
006 (017.888.000) 05/10 00:08:57 Image size of job updated: 4185328
	3524  -  MemoryUsage of job (MB)
	3608484  -  ResidentSetSize of job (KB)
...
006 (017.888.000) 05/10 00:09:04 Image size of job updated: 4369648
	3543  -  MemoryUsage of job (MB)
	3627096  -  ResidentSetSize of job (KB)
...
006 (017.888.000) 05/10 00:09:09 Image size of job updated: 4380912
	3607  -  MemoryUsage of job (MB)
	3693228  -  ResidentSetSize of job (KB)
...
006 (017.888.000) 05/10 00:09:14 Image size of job updated: 4465904
	3674  -  MemoryUsage of job (MB)
	3761472  -  ResidentSetSize of job (KB)
...
006 (017.888.000) 05/10 00:09:19 Image size of job updated: 4524272
	3736  -  MemoryUsage of job (MB)
	3825360  -  ResidentSetSize of job (KB)
...
006 (017.888.000) 05/10 00:09:24 Image size of job updated: 4524272
	3797  -  MemoryUsage of job (MB)
	3887532  -  ResidentSetSize of job (KB)
...
006 (017.888.000) 05/10 00:09:29 Image size of job updated: 4647152
	3858  -  MemoryUsage of job (MB)
	3949836  -  ResidentSetSize of job (KB)
...
006 (017.888.000) 05/10 00:09:34 Image size of job updated: 4734192
	3922  -  MemoryUsage of job (MB)
	4015176  -  ResidentSetSize of job (KB)
...
006 (017.888.000) 05/10 00:09:39 Image size of job updated: 4734192
	3986  -  MemoryUsage of job (MB)
	4080648  -  ResidentSetSize of job (KB)
...
006 (017.888.000) 05/10 00:09:44 Image size of job updated: 4734192
	4047  -  MemoryUsage of job (MB)
	4144008  -  ResidentSetSize of job (KB)
...
006 (017.888.000) 05/10 00:09:49 Image size of job updated: 4956400
	4110  -  MemoryUsage of job (MB)
	4208160  -  ResidentSetSize of job (KB)
...
006 (017.888.000) 05/10 00:09:54 Image size of job updated: 4992240
	4173  -  MemoryUsage of job (MB)
	4272840  -  ResidentSetSize of job (KB)
...
006 (017.888.000) 05/10 00:09:59 Image size of job updated: 5056752
	4238  -  MemoryUsage of job (MB)
	4338972  -  ResidentSetSize of job (KB)
...
006 (017.888.000) 05/10 00:10:04 Image size of job updated: 5132528
	4302  -  MemoryUsage of job (MB)
	4404576  -  ResidentSetSize of job (KB)
...
006 (017.888.000) 05/10 00:10:09 Image size of job updated: 5132528
	4365  -  MemoryUsage of job (MB)
	4469124  -  ResidentSetSize of job (KB)
...
006 (017.888.000) 05/10 00:10:14 Image size of job updated: 5132528
	4425  -  MemoryUsage of job (MB)
	4531164  -  ResidentSetSize of job (KB)
...
006 (017.888.000) 05/10 00:10:19 Image size of job updated: 5321968
	4486  -  MemoryUsage of job (MB)
	4592676  -  ResidentSetSize of job (KB)
...
006 (017.888.000) 05/10 00:10:24 Image size of job updated: 5321968
	4545  -  MemoryUsage of job (MB)
	4653924  -  ResidentSetSize of job (KB)
...
006 (017.888.000) 05/10 00:10:29 Image size of job updated: 5321968
	4605  -  MemoryUsage of job (MB)
	4715436  -  ResidentSetSize of job (KB)
...
006 (017.888.000) 05/10 00:10:34 Image size of job updated: 5530864
	4665  -  MemoryUsage of job (MB)
	4776684  -  ResidentSetSize of job (KB)
...
006 (017.888.000) 05/10 00:10:39 Image size of job updated: 5530864
	4724  -  MemoryUsage of job (MB)
	4837140  -  ResidentSetSize of job (KB)
...
006 (017.888.000) 05/10 00:10:44 Image size of job updated: 5530864
	4785  -  MemoryUsage of job (MB)
	4899048  -  ResidentSetSize of job (KB)
...
006 (017.888.000) 05/10 00:10:49 Image size of job updated: 5717232
	4847  -  MemoryUsage of job (MB)
	4962540  -  ResidentSetSize of job (KB)
...
006 (017.888.000) 05/10 00:10:54 Image size of job updated: 5762288
	4908  -  MemoryUsage of job (MB)
	5025240  -  ResidentSetSize of job (KB)
...
006 (017.888.000) 05/10 00:10:59 Image size of job updated: 5828848
	4970  -  MemoryUsage of job (MB)
	5088996  -  ResidentSetSize of job (KB)
...
006 (017.888.000) 05/10 00:11:04 Image size of job updated: 5905648
	5032  -  MemoryUsage of job (MB)
	5151828  -  ResidentSetSize of job (KB)
...
006 (017.888.000) 05/10 00:11:09 Image size of job updated: 5905648
	5094  -  MemoryUsage of job (MB)
	5215848  -  ResidentSetSize of job (KB)
...
006 (017.888.000) 05/10 00:11:14 Image size of job updated: 5905648
	5156  -  MemoryUsage of job (MB)
	5279604  -  ResidentSetSize of job (KB)
...
006 (017.888.000) 05/10 00:11:19 Image size of job updated: 6092016
	5220  -  MemoryUsage of job (MB)
	5345076  -  ResidentSetSize of job (KB)
...
006 (017.888.000) 05/10 00:11:24 Image size of job updated: 6150384
	5284  -  MemoryUsage of job (MB)
	5410680  -  ResidentSetSize of job (KB)
...
006 (017.888.000) 05/10 00:11:29 Image size of job updated: 6222064
	5348  -  MemoryUsage of job (MB)
	5475492  -  ResidentSetSize of job (KB)
...
006 (017.888.000) 05/10 00:11:34 Image size of job updated: 6283504
	5412  -  MemoryUsage of job (MB)
	5541228  -  ResidentSetSize of job (KB)
...
006 (017.888.000) 05/10 00:11:39 Image size of job updated: 6307056
	5475  -  MemoryUsage of job (MB)
	5606172  -  ResidentSetSize of job (KB)
...
006 (017.888.000) 05/10 00:11:44 Image size of job updated: 6419696
	5539  -  MemoryUsage of job (MB)
	5671380  -  ResidentSetSize of job (KB)
...
006 (017.888.000) 05/10 00:11:49 Image size of job updated: 6419696
	5603  -  MemoryUsage of job (MB)
	5736456  -  ResidentSetSize of job (KB)
...
006 (017.888.000) 05/10 00:11:54 Image size of job updated: 6550768
	5664  -  MemoryUsage of job (MB)
	5799816  -  ResidentSetSize of job (KB)
...
006 (017.888.000) 05/10 00:11:59 Image size of job updated: 6550768
	5729  -  MemoryUsage of job (MB)
	5865816  -  ResidentSetSize of job (KB)
...
006 (017.888.000) 05/10 00:12:04 Image size of job updated: 6684912
	5794  -  MemoryUsage of job (MB)
	5932608  -  ResidentSetSize of job (KB)
...
006 (017.888.000) 05/10 00:12:09 Image size of job updated: 6711536
	5861  -  MemoryUsage of job (MB)
	6000984  -  ResidentSetSize of job (KB)
...
006 (017.888.000) 05/10 00:12:14 Image size of job updated: 6711536
	5929  -  MemoryUsage of job (MB)
	6071208  -  ResidentSetSize of job (KB)
...
006 (017.888.000) 05/10 00:12:19 Image size of job updated: 6711536
	5995  -  MemoryUsage of job (MB)
	6138792  -  ResidentSetSize of job (KB)
...
006 (017.888.000) 05/10 00:12:24 Image size of job updated: 6925552
	6062  -  MemoryUsage of job (MB)
	6206772  -  ResidentSetSize of job (KB)
...
006 (017.888.000) 05/10 00:12:29 Image size of job updated: 6925552
	6124  -  MemoryUsage of job (MB)
	6270924  -  ResidentSetSize of job (KB)
...
006 (017.888.000) 05/10 00:12:34 Image size of job updated: 6925552
	6189  -  MemoryUsage of job (MB)
	6336660  -  ResidentSetSize of job (KB)
...
006 (017.888.000) 05/10 00:12:39 Image size of job updated: 7124208
	6252  -  MemoryUsage of job (MB)
	6401472  -  ResidentSetSize of job (KB)
...
006 (017.888.000) 05/10 00:12:44 Image size of job updated: 7124208
	6314  -  MemoryUsage of job (MB)
	6465492  -  ResidentSetSize of job (KB)
...
006 (017.888.000) 05/10 00:12:49 Image size of job updated: 7124208
	6377  -  MemoryUsage of job (MB)
	6529380  -  ResidentSetSize of job (KB)
...
006 (017.888.000) 05/10 00:12:54 Image size of job updated: 7316720
	6440  -  MemoryUsage of job (MB)
	6594060  -  ResidentSetSize of job (KB)
...
006 (017.888.000) 05/10 00:12:59 Image size of job updated: 7381232
	6503  -  MemoryUsage of job (MB)
	6658212  -  ResidentSetSize of job (KB)
...
006 (017.888.000) 05/10 00:13:04 Image size of job updated: 7430384
	6566  -  MemoryUsage of job (MB)
	6722760  -  ResidentSetSize of job (KB)
...
006 (017.888.000) 05/10 00:13:09 Image size of job updated: 7509232
	6628  -  MemoryUsage of job (MB)
	6786516  -  ResidentSetSize of job (KB)
...
006 (017.888.000) 05/10 00:13:14 Image size of job updated: 7509232
	6690  -  MemoryUsage of job (MB)
	6849744  -  ResidentSetSize of job (KB)
...
006 (017.888.000) 05/10 00:13:19 Image size of job updated: 7509232
	6752  -  MemoryUsage of job (MB)
	6913500  -  ResidentSetSize of job (KB)
...
006 (017.888.000) 05/10 00:13:24 Image size of job updated: 7697648
	6812  -  MemoryUsage of job (MB)
	6974484  -  ResidentSetSize of job (KB)
...
006 (017.888.000) 05/10 00:13:29 Image size of job updated: 7697648
	6871  -  MemoryUsage of job (MB)
	7035864  -  ResidentSetSize of job (KB)
...
006 (017.888.000) 05/10 00:13:34 Image size of job updated: 7844080
	6931  -  MemoryUsage of job (MB)
	7096848  -  ResidentSetSize of job (KB)
...
006 (017.888.000) 05/10 00:13:40 Image size of job updated: 7879920
	7004  -  MemoryUsage of job (MB)
	7171296  -  ResidentSetSize of job (KB)
...
006 (017.888.000) 05/10 00:13:46 Image size of job updated: 7879920
	7081  -  MemoryUsage of job (MB)
	7249968  -  ResidentSetSize of job (KB)
...
006 (017.888.000) 05/10 00:13:52 Image size of job updated: 8094960
	7164  -  MemoryUsage of job (MB)
	7335240  -  ResidentSetSize of job (KB)
...
006 (017.888.000) 05/10 00:13:58 Image size of job updated: 8094960
	7241  -  MemoryUsage of job (MB)
	7413780  -  ResidentSetSize of job (KB)
...
006 (017.888.000) 05/10 00:14:04 Image size of job updated: 8094960
	7317  -  MemoryUsage of job (MB)
	7492584  -  ResidentSetSize of job (KB)
...
006 (017.888.000) 05/10 00:14:10 Image size of job updated: 8291568
	7394  -  MemoryUsage of job (MB)
	7571124  -  ResidentSetSize of job (KB)
...
006 (017.888.000) 05/10 00:14:16 Image size of job updated: 8402160
	7470  -  MemoryUsage of job (MB)
	7649268  -  ResidentSetSize of job (KB)
...
006 (017.888.000) 05/10 00:14:22 Image size of job updated: 8492272
	7555  -  MemoryUsage of job (MB)
	7736124  -  ResidentSetSize of job (KB)
...
006 (017.888.000) 05/10 00:14:28 Image size of job updated: 8492272
	7792  -  MemoryUsage of job (MB)
	7978740  -  ResidentSetSize of job (KB)
...
005 (017.888.000) 05/10 00:14:31 Job terminated.
	(1) Normal termination (return value 0)
		Usr 0 00:25:17, Sys 0 00:00:13  -  Run Remote Usage
		Usr 0 00:00:00, Sys 0 00:00:00  -  Run Local Usage
		Usr 0 00:25:17, Sys 0 00:00:13  -  Total Remote Usage
		Usr 0 00:00:00, Sys 0 00:00:00  -  Total Local Usage
	0  -  Run Bytes Sent By Job
	0  -  Run Bytes Received By Job
	0  -  Total Bytes Sent By Job
	0  -  Total Bytes Received By Job
	Partitionable Resources :      Usage  Request Allocated 
	   Cpus                 :       1.00        1         1 
	   Disk (KB)            : 2000000     2000000   6275465 
	   Memory (MB)          :    7792        1954      2007 
...
