000 (205.5049.000) 05/06 03:19:59 Job submitted from host: <127.0.0.1:9618?addrs=127.0.0.1-9618&noUDP&sock=222_da1d_4>
...
033 (205.5049.000) 05/06 14:23:05 Changing job attribute JobPrio from 0 to -5
...
000 (007.5049.000) 05/07 19:00:18 Job submitted from host: <127.0.0.1:9618?addrs=127.0.0.1-9618&noUDP&sock=215_0cf3_4>
...
000 (016.5049.000) 05/08 15:57:25 Job submitted from host: <127.0.0.1:9618?addrs=127.0.0.1-9618&noUDP&sock=227_4816_4>
...
009 (016.5049.000) 05/09 16:54:56 Job was aborted by the user.
	via condor_rm (by user aw868)
...
000 (017.1716.000) 05/09 17:26:06 Job submitted from host: <127.0.0.1:9618?addrs=127.0.0.1-9618&noUDP&sock=227_4816_4>
...
001 (017.1716.000) 05/10 05:47:19 Job executing on host: <127.0.0.1:9618?addrs=127.0.0.1-9618&noUDP&sock=227_4816_5>
...
006 (017.1716.000) 05/10 05:47:24 Image size of job updated: 2000000
	117  -  MemoryUsage of job (MB)
	118800  -  ResidentSetSize of job (KB)
...
006 (017.1716.000) 05/10 05:47:29 Image size of job updated: 2000000
	117  -  MemoryUsage of job (MB)
	119196  -  ResidentSetSize of job (KB)
...
006 (017.1716.000) 05/10 05:47:56 Image size of job updated: 2000000
	184  -  MemoryUsage of job (MB)
	187440  -  ResidentSetSize of job (KB)
...
006 (017.1716.000) 05/10 05:48:04 Image size of job updated: 2000000
	202  -  MemoryUsage of job (MB)
	206580  -  ResidentSetSize of job (KB)
...
006 (017.1716.000) 05/10 05:48:11 Image size of job updated: 2000000
	209  -  MemoryUsage of job (MB)
	213312  -  ResidentSetSize of job (KB)
...
006 (017.1716.000) 05/10 05:48:17 Image size of job updated: 2000000
	223  -  MemoryUsage of job (MB)
	227700  -  ResidentSetSize of job (KB)
...
006 (017.1716.000) 05/10 05:48:23 Image size of job updated: 2000000
	237  -  MemoryUsage of job (MB)
	241956  -  ResidentSetSize of job (KB)
...
006 (017.1716.000) 05/10 05:48:29 Image size of job updated: 2000000
	248  -  MemoryUsage of job (MB)
	253836  -  ResidentSetSize of job (KB)
...
006 (017.1716.000) 05/10 05:48:35 Image size of job updated: 2000000
	261  -  MemoryUsage of job (MB)
	267036  -  ResidentSetSize of job (KB)
...
006 (017.1716.000) 05/10 05:48:53 Image size of job updated: 2000000
	272  -  MemoryUsage of job (MB)
	278256  -  ResidentSetSize of job (KB)
...
006 (017.1716.000) 05/10 05:49:29 Image size of job updated: 2000000
	1236  -  MemoryUsage of job (MB)
	1265352  -  ResidentSetSize of job (KB)
...
006 (017.1716.000) 05/10 06:07:55 Image size of job updated: 2370000
	1633  -  MemoryUsage of job (MB)
	1672176  -  ResidentSetSize of job (KB)
...
006 (017.1716.000) 05/10 06:08:01 Image size of job updated: 2454224
	1750  -  MemoryUsage of job (MB)
	1791504  -  ResidentSetSize of job (KB)
...
006 (017.1716.000) 05/10 06:08:06 Image size of job updated: 2699496
	1942  -  MemoryUsage of job (MB)
	1988580  -  ResidentSetSize of job (KB)
...
006 (017.1716.000) 05/10 06:08:11 Image size of job updated: 2699496
	1946  -  MemoryUsage of job (MB)
	1992540  -  ResidentSetSize of job (KB)
...
006 (017.1716.000) 05/10 06:08:17 Image size of job updated: 2705128
	1998  -  MemoryUsage of job (MB)
	2045472  -  ResidentSetSize of job (KB)
...
006 (017.1716.000) 05/10 06:08:23 Image size of job updated: 2705128
	2079  -  MemoryUsage of job (MB)
	2128632  -  ResidentSetSize of job (KB)
...
006 (017.1716.000) 05/10 06:08:29 Image size of job updated: 2848488
	2152  -  MemoryUsage of job (MB)
	2203344  -  ResidentSetSize of job (KB)
...
006 (017.1716.000) 05/10 06:08:35 Image size of job updated: 2890472
	2203  -  MemoryUsage of job (MB)
	2255616  -  ResidentSetSize of job (KB)
...
006 (017.1716.000) 05/10 06:08:41 Image size of job updated: 2890472
	2243  -  MemoryUsage of job (MB)
	2296008  -  ResidentSetSize of job (KB)
...
006 (017.1716.000) 05/10 06:08:47 Image size of job updated: 2890472
	2276  -  MemoryUsage of job (MB)
	2330592  -  ResidentSetSize of job (KB)
...
006 (017.1716.000) 05/10 06:08:53 Image size of job updated: 3000040
	2297  -  MemoryUsage of job (MB)
	2351184  -  ResidentSetSize of job (KB)
...
006 (017.1716.000) 05/10 06:08:59 Image size of job updated: 3000040
	2299  -  MemoryUsage of job (MB)
	2353164  -  ResidentSetSize of job (KB)
...
006 (017.1716.000) 05/10 06:09:05 Image size of job updated: 3079912
	2311  -  MemoryUsage of job (MB)
	2366100  -  ResidentSetSize of job (KB)
...
006 (017.1716.000) 05/10 06:09:11 Image size of job updated: 3086056
	2341  -  MemoryUsage of job (MB)
	2396856  -  ResidentSetSize of job (KB)
...
006 (017.1716.000) 05/10 06:09:17 Image size of job updated: 3086056
	2371  -  MemoryUsage of job (MB)
	2427876  -  ResidentSetSize of job (KB)
...
006 (017.1716.000) 05/10 06:09:23 Image size of job updated: 3151592
	2402  -  MemoryUsage of job (MB)
	2459160  -  ResidentSetSize of job (KB)
...
006 (017.1716.000) 05/10 06:09:29 Image size of job updated: 3198696
	2432  -  MemoryUsage of job (MB)
	2489784  -  ResidentSetSize of job (KB)
...
006 (017.1716.000) 05/10 06:09:35 Image size of job updated: 3238632
	2461  -  MemoryUsage of job (MB)
	2520012  -  ResidentSetSize of job (KB)
...
006 (017.1716.000) 05/10 06:09:41 Image size of job updated: 3260136
	2491  -  MemoryUsage of job (MB)
	2550372  -  ResidentSetSize of job (KB)
...
006 (017.1716.000) 05/10 06:09:47 Image size of job updated: 3288808
	2520  -  MemoryUsage of job (MB)
	2580336  -  ResidentSetSize of job (KB)
...
006 (017.1716.000) 05/10 06:09:53 Image size of job updated: 3307240
	2550  -  MemoryUsage of job (MB)
	2610828  -  ResidentSetSize of job (KB)
...
006 (017.1716.000) 05/10 06:09:59 Image size of job updated: 3349224
	2580  -  MemoryUsage of job (MB)
	2641056  -  ResidentSetSize of job (KB)
...
006 (017.1716.000) 05/10 06:10:05 Image size of job updated: 3388136
	2610  -  MemoryUsage of job (MB)
	2672472  -  ResidentSetSize of job (KB)
...
006 (017.1716.000) 05/10 06:10:11 Image size of job updated: 3394280
	2641  -  MemoryUsage of job (MB)
	2703888  -  ResidentSetSize of job (KB)
...
006 (017.1716.000) 05/10 06:10:17 Image size of job updated: 3394280
	2671  -  MemoryUsage of job (MB)
	2734776  -  ResidentSetSize of job (KB)
...
006 (017.1716.000) 05/10 06:10:23 Image size of job updated: 3474152
	2702  -  MemoryUsage of job (MB)
	2766588  -  ResidentSetSize of job (KB)
...
006 (017.1716.000) 05/10 06:10:29 Image size of job updated: 3474152
	2733  -  MemoryUsage of job (MB)
	2797872  -  ResidentSetSize of job (KB)
...
006 (017.1716.000) 05/10 06:10:35 Image size of job updated: 3544808
	2763  -  MemoryUsage of job (MB)
	2828760  -  ResidentSetSize of job (KB)
...
006 (017.1716.000) 05/10 06:10:41 Image size of job updated: 3544808
	2794  -  MemoryUsage of job (MB)
	2860440  -  ResidentSetSize of job (KB)
...
006 (017.1716.000) 05/10 06:10:47 Image size of job updated: 3544808
	2825  -  MemoryUsage of job (MB)
	2892120  -  ResidentSetSize of job (KB)
...
006 (017.1716.000) 05/10 06:10:53 Image size of job updated: 3623656
	2856  -  MemoryUsage of job (MB)
	2923668  -  ResidentSetSize of job (KB)
...
006 (017.1716.000) 05/10 06:10:59 Image size of job updated: 3623656
	2870  -  MemoryUsage of job (MB)
	2938188  -  ResidentSetSize of job (KB)
...
006 (017.1716.000) 05/10 06:11:05 Image size of job updated: 3704552
	2902  -  MemoryUsage of job (MB)
	2970660  -  ResidentSetSize of job (KB)
...
006 (017.1716.000) 05/10 06:11:11 Image size of job updated: 3738344
	2934  -  MemoryUsage of job (MB)
	3003660  -  ResidentSetSize of job (KB)
...
006 (017.1716.000) 05/10 06:11:17 Image size of job updated: 3738344
	2965  -  MemoryUsage of job (MB)
	3036000  -  ResidentSetSize of job (KB)
...
006 (017.1716.000) 05/10 06:11:23 Image size of job updated: 3793640
	2999  -  MemoryUsage of job (MB)
	3070188  -  ResidentSetSize of job (KB)
...
006 (017.1716.000) 05/10 06:11:29 Image size of job updated: 3793640
	3030  -  MemoryUsage of job (MB)
	3102132  -  ResidentSetSize of job (KB)
...
006 (017.1716.000) 05/10 06:11:35 Image size of job updated: 3867368
	3061  -  MemoryUsage of job (MB)
	3133812  -  ResidentSetSize of job (KB)
...
006 (017.1716.000) 05/10 06:11:41 Image size of job updated: 3867368
	3092  -  MemoryUsage of job (MB)
	3166020  -  ResidentSetSize of job (KB)
...
006 (017.1716.000) 05/10 06:11:47 Image size of job updated: 3867368
	3125  -  MemoryUsage of job (MB)
	3199680  -  ResidentSetSize of job (KB)
...
006 (017.1716.000) 05/10 06:11:57 Image size of job updated: 3955432
	3157  -  MemoryUsage of job (MB)
	3231888  -  ResidentSetSize of job (KB)
...
006 (017.1716.000) 05/10 06:12:03 Image size of job updated: 3988200
	3185  -  MemoryUsage of job (MB)
	3261324  -  ResidentSetSize of job (KB)
...
006 (017.1716.000) 05/10 06:12:08 Image size of job updated: 4023016
	3211  -  MemoryUsage of job (MB)
	3287196  -  ResidentSetSize of job (KB)
...
006 (017.1716.000) 05/10 06:12:13 Image size of job updated: 4024040
	3235  -  MemoryUsage of job (MB)
	3312540  -  ResidentSetSize of job (KB)
...
006 (017.1716.000) 05/10 06:12:18 Image size of job updated: 4050664
	3261  -  MemoryUsage of job (MB)
	3338676  -  ResidentSetSize of job (KB)
...
006 (017.1716.000) 05/10 06:12:23 Image size of job updated: 4090600
	3286  -  MemoryUsage of job (MB)
	3364812  -  ResidentSetSize of job (KB)
...
006 (017.1716.000) 05/10 06:12:28 Image size of job updated: 4090600
	3312  -  MemoryUsage of job (MB)
	3390552  -  ResidentSetSize of job (KB)
...
006 (017.1716.000) 05/10 06:12:33 Image size of job updated: 4090600
	3337  -  MemoryUsage of job (MB)
	3416556  -  ResidentSetSize of job (KB)
...
006 (017.1716.000) 05/10 06:12:38 Image size of job updated: 4168424
	3362  -  MemoryUsage of job (MB)
	3442428  -  ResidentSetSize of job (KB)
...
006 (017.1716.000) 05/10 06:12:43 Image size of job updated: 4168424
	3387  -  MemoryUsage of job (MB)
	3467904  -  ResidentSetSize of job (KB)
...
006 (017.1716.000) 05/10 06:12:48 Image size of job updated: 4168424
	3413  -  MemoryUsage of job (MB)
	3493908  -  ResidentSetSize of job (KB)
...
006 (017.1716.000) 05/10 06:12:53 Image size of job updated: 4248296
	3438  -  MemoryUsage of job (MB)
	3520176  -  ResidentSetSize of job (KB)
...
006 (017.1716.000) 05/10 06:12:58 Image size of job updated: 4248296
	3463  -  MemoryUsage of job (MB)
	3545916  -  ResidentSetSize of job (KB)
...
006 (017.1716.000) 05/10 06:13:03 Image size of job updated: 4311784
	3488  -  MemoryUsage of job (MB)
	3571524  -  ResidentSetSize of job (KB)
...
006 (017.1716.000) 05/10 06:13:08 Image size of job updated: 4333288
	3513  -  MemoryUsage of job (MB)
	3597132  -  ResidentSetSize of job (KB)
...
006 (017.1716.000) 05/10 06:13:13 Image size of job updated: 4345576
	3538  -  MemoryUsage of job (MB)
	3622740  -  ResidentSetSize of job (KB)
...
006 (017.1716.000) 05/10 06:13:18 Image size of job updated: 4345576
	3563  -  MemoryUsage of job (MB)
	3648084  -  ResidentSetSize of job (KB)
...
006 (017.1716.000) 05/10 06:13:23 Image size of job updated: 4410088
	3589  -  MemoryUsage of job (MB)
	3674484  -  ResidentSetSize of job (KB)
...
006 (017.1716.000) 05/10 06:13:29 Image size of job updated: 4410088
	3619  -  MemoryUsage of job (MB)
	3705108  -  ResidentSetSize of job (KB)
...
006 (017.1716.000) 05/10 06:13:35 Image size of job updated: 4477672
	3649  -  MemoryUsage of job (MB)
	3736128  -  ResidentSetSize of job (KB)
...
006 (017.1716.000) 05/10 06:13:41 Image size of job updated: 4503272
	3679  -  MemoryUsage of job (MB)
	3767148  -  ResidentSetSize of job (KB)
...
006 (017.1716.000) 05/10 06:13:47 Image size of job updated: 4530920
	3710  -  MemoryUsage of job (MB)
	3798036  -  ResidentSetSize of job (KB)
...
006 (017.1716.000) 05/10 06:13:53 Image size of job updated: 4530920
	3740  -  MemoryUsage of job (MB)
	3829056  -  ResidentSetSize of job (KB)
...
006 (017.1716.000) 05/10 06:13:59 Image size of job updated: 4589288
	3769  -  MemoryUsage of job (MB)
	3859284  -  ResidentSetSize of job (KB)
...
006 (017.1716.000) 05/10 06:14:05 Image size of job updated: 4589288
	3800  -  MemoryUsage of job (MB)
	3890436  -  ResidentSetSize of job (KB)
...
006 (017.1716.000) 05/10 06:14:11 Image size of job updated: 4589288
	3830  -  MemoryUsage of job (MB)
	3921060  -  ResidentSetSize of job (KB)
...
006 (017.1716.000) 05/10 06:14:17 Image size of job updated: 4671208
	3861  -  MemoryUsage of job (MB)
	3953136  -  ResidentSetSize of job (KB)
...
006 (017.1716.000) 05/10 06:14:23 Image size of job updated: 4671208
	3892  -  MemoryUsage of job (MB)
	3985212  -  ResidentSetSize of job (KB)
...
006 (017.1716.000) 05/10 06:14:29 Image size of job updated: 4752104
	3924  -  MemoryUsage of job (MB)
	4017684  -  ResidentSetSize of job (KB)
...
006 (017.1716.000) 05/10 06:14:35 Image size of job updated: 4783848
	3955  -  MemoryUsage of job (MB)
	4049628  -  ResidentSetSize of job (KB)
...
006 (017.1716.000) 05/10 06:14:41 Image size of job updated: 4822760
	3987  -  MemoryUsage of job (MB)
	4081968  -  ResidentSetSize of job (KB)
...
006 (017.1716.000) 05/10 06:14:47 Image size of job updated: 4842216
	4017  -  MemoryUsage of job (MB)
	4113252  -  ResidentSetSize of job (KB)
...
006 (017.1716.000) 05/10 06:14:53 Image size of job updated: 4842216
	4169  -  MemoryUsage of job (MB)
	4268880  -  ResidentSetSize of job (KB)
...
006 (017.1716.000) 05/10 06:14:59 Image size of job updated: 4842216
	4255  -  MemoryUsage of job (MB)
	4356528  -  ResidentSetSize of job (KB)
...
006 (017.1716.000) 05/10 06:15:01 Image size of job updated: 5089768
	4255  -  MemoryUsage of job (MB)
	4356528  -  ResidentSetSize of job (KB)
...
005 (017.1716.000) 05/10 06:15:01 Job terminated.
	(1) Normal termination (return value 0)
		Usr 0 00:26:34, Sys 0 00:00:15  -  Run Remote Usage
		Usr 0 00:00:00, Sys 0 00:00:00  -  Run Local Usage
		Usr 0 00:26:34, Sys 0 00:00:15  -  Total Remote Usage
		Usr 0 00:00:00, Sys 0 00:00:00  -  Total Local Usage
	0  -  Run Bytes Sent By Job
	0  -  Run Bytes Received By Job
	0  -  Total Bytes Sent By Job
	0  -  Total Bytes Received By Job
	Partitionable Resources :      Usage  Request Allocated 
	   Cpus                 :       0.99        1         1 
	   Disk (KB)            : 2000000     2000000   6275465 
	   Memory (MB)          :    4255        1954      2007 
...
