000 (005.3695.000) 05/05 20:23:11 Job submitted from host: <127.0.0.1:9618?addrs=127.0.0.1-9618&noUDP&sock=227_4816_4>
...
033 (005.3695.000) 05/06 14:16:35 Changing job attribute JobPrio from 0 to -10
...
001 (005.3695.000) 05/07 00:05:16 Job executing on host: <127.0.0.1:9618?addrs=127.0.0.1-9618&noUDP&sock=227_4816_5>
...
006 (005.3695.000) 05/07 00:05:21 Image size of job updated: 2000000
	101  -  MemoryUsage of job (MB)
	102960  -  ResidentSetSize of job (KB)
...
006 (005.3695.000) 05/07 00:05:51 Image size of job updated: 2000000
	119  -  MemoryUsage of job (MB)
	121572  -  ResidentSetSize of job (KB)
...
006 (005.3695.000) 05/07 00:05:56 Image size of job updated: 2000000
	177  -  MemoryUsage of job (MB)
	180576  -  ResidentSetSize of job (KB)
...
006 (005.3695.000) 05/07 00:06:01 Image size of job updated: 2000000
	184  -  MemoryUsage of job (MB)
	187968  -  ResidentSetSize of job (KB)
...
006 (005.3695.000) 05/07 00:06:06 Image size of job updated: 2000000
	185  -  MemoryUsage of job (MB)
	189288  -  ResidentSetSize of job (KB)
...
006 (005.3695.000) 05/07 00:06:11 Image size of job updated: 2000000
	195  -  MemoryUsage of job (MB)
	199584  -  ResidentSetSize of job (KB)
...
006 (005.3695.000) 05/07 00:06:16 Image size of job updated: 2000000
	205  -  MemoryUsage of job (MB)
	209880  -  ResidentSetSize of job (KB)
...
006 (005.3695.000) 05/07 00:06:21 Image size of job updated: 2000000
	213  -  MemoryUsage of job (MB)
	217800  -  ResidentSetSize of job (KB)
...
006 (005.3695.000) 05/07 00:06:26 Image size of job updated: 2000000
	223  -  MemoryUsage of job (MB)
	227964  -  ResidentSetSize of job (KB)
...
006 (005.3695.000) 05/07 00:06:31 Image size of job updated: 2000000
	233  -  MemoryUsage of job (MB)
	237864  -  ResidentSetSize of job (KB)
...
006 (005.3695.000) 05/07 00:06:36 Image size of job updated: 2000000
	239  -  MemoryUsage of job (MB)
	244728  -  ResidentSetSize of job (KB)
...
006 (005.3695.000) 05/07 00:06:41 Image size of job updated: 2000000
	263  -  MemoryUsage of job (MB)
	268752  -  ResidentSetSize of job (KB)
...
006 (005.3695.000) 05/07 00:06:46 Image size of job updated: 2000000
	298  -  MemoryUsage of job (MB)
	304920  -  ResidentSetSize of job (KB)
...
006 (005.3695.000) 05/07 00:06:51 Image size of job updated: 2000000
	329  -  MemoryUsage of job (MB)
	336336  -  ResidentSetSize of job (KB)
...
006 (005.3695.000) 05/07 00:06:56 Image size of job updated: 2000000
	369  -  MemoryUsage of job (MB)
	376860  -  ResidentSetSize of job (KB)
...
006 (005.3695.000) 05/07 00:07:01 Image size of job updated: 2000000
	444  -  MemoryUsage of job (MB)
	453816  -  ResidentSetSize of job (KB)
...
006 (005.3695.000) 05/07 00:07:06 Image size of job updated: 2000000
	1169  -  MemoryUsage of job (MB)
	1196448  -  ResidentSetSize of job (KB)
...
006 (005.3695.000) 05/07 00:22:05 Image size of job updated: 2000000
	1171  -  MemoryUsage of job (MB)
	1198428  -  ResidentSetSize of job (KB)
...
006 (005.3695.000) 05/07 00:22:11 Image size of job updated: 2000000
	1248  -  MemoryUsage of job (MB)
	1277892  -  ResidentSetSize of job (KB)
...
006 (005.3695.000) 05/07 00:22:17 Image size of job updated: 2000000
	1622  -  MemoryUsage of job (MB)
	1660296  -  ResidentSetSize of job (KB)
...
006 (005.3695.000) 05/07 00:22:23 Image size of job updated: 2325192
	1695  -  MemoryUsage of job (MB)
	1735272  -  ResidentSetSize of job (KB)
...
006 (005.3695.000) 05/07 00:22:29 Image size of job updated: 2325192
	1936  -  MemoryUsage of job (MB)
	1982376  -  ResidentSetSize of job (KB)
...
006 (005.3695.000) 05/07 00:22:35 Image size of job updated: 2665448
	1995  -  MemoryUsage of job (MB)
	2042304  -  ResidentSetSize of job (KB)
...
006 (005.3695.000) 05/07 00:22:41 Image size of job updated: 2665448
	2034  -  MemoryUsage of job (MB)
	2082564  -  ResidentSetSize of job (KB)
...
006 (005.3695.000) 05/07 00:22:48 Image size of job updated: 2737128
	2072  -  MemoryUsage of job (MB)
	2121636  -  ResidentSetSize of job (KB)
...
006 (005.3695.000) 05/07 00:22:53 Image size of job updated: 2771944
	2106  -  MemoryUsage of job (MB)
	2155956  -  ResidentSetSize of job (KB)
...
006 (005.3695.000) 05/07 00:22:58 Image size of job updated: 2771944
	2137  -  MemoryUsage of job (MB)
	2188032  -  ResidentSetSize of job (KB)
...
006 (005.3695.000) 05/07 00:23:03 Image size of job updated: 2771944
	2169  -  MemoryUsage of job (MB)
	2220768  -  ResidentSetSize of job (KB)
...
006 (005.3695.000) 05/07 00:23:08 Image size of job updated: 2863080
	2200  -  MemoryUsage of job (MB)
	2252712  -  ResidentSetSize of job (KB)
...
006 (005.3695.000) 05/07 00:23:13 Image size of job updated: 2863080
	2230  -  MemoryUsage of job (MB)
	2283204  -  ResidentSetSize of job (KB)
...
006 (005.3695.000) 05/07 00:23:18 Image size of job updated: 2863080
	2264  -  MemoryUsage of job (MB)
	2317392  -  ResidentSetSize of job (KB)
...
006 (005.3695.000) 05/07 00:23:23 Image size of job updated: 2976744
	2294  -  MemoryUsage of job (MB)
	2348412  -  ResidentSetSize of job (KB)
...
006 (005.3695.000) 05/07 00:23:28 Image size of job updated: 2977768
	2327  -  MemoryUsage of job (MB)
	2382600  -  ResidentSetSize of job (KB)
...
006 (005.3695.000) 05/07 00:23:33 Image size of job updated: 2977768
	2358  -  MemoryUsage of job (MB)
	2414280  -  ResidentSetSize of job (KB)
...
006 (005.3695.000) 05/07 00:23:38 Image size of job updated: 3061736
	2387  -  MemoryUsage of job (MB)
	2444244  -  ResidentSetSize of job (KB)
...
006 (005.3695.000) 05/07 00:23:43 Image size of job updated: 3061736
	2417  -  MemoryUsage of job (MB)
	2474736  -  ResidentSetSize of job (KB)
...
006 (005.3695.000) 05/07 00:23:48 Image size of job updated: 3061736
	2447  -  MemoryUsage of job (MB)
	2505492  -  ResidentSetSize of job (KB)
...
006 (005.3695.000) 05/07 00:23:53 Image size of job updated: 3152872
	2479  -  MemoryUsage of job (MB)
	2537568  -  ResidentSetSize of job (KB)
...
006 (005.3695.000) 05/07 00:23:58 Image size of job updated: 3196904
	2511  -  MemoryUsage of job (MB)
	2570304  -  ResidentSetSize of job (KB)
...
006 (005.3695.000) 05/07 00:24:03 Image size of job updated: 3196904
	2543  -  MemoryUsage of job (MB)
	2603436  -  ResidentSetSize of job (KB)
...
006 (005.3695.000) 05/07 00:24:08 Image size of job updated: 3250152
	2573  -  MemoryUsage of job (MB)
	2634456  -  ResidentSetSize of job (KB)
...
006 (005.3695.000) 05/07 00:24:13 Image size of job updated: 3277800
	2604  -  MemoryUsage of job (MB)
	2665608  -  ResidentSetSize of job (KB)
...
006 (005.3695.000) 05/07 00:24:18 Image size of job updated: 3309544
	2635  -  MemoryUsage of job (MB)
	2697420  -  ResidentSetSize of job (KB)
...
006 (005.3695.000) 05/07 00:24:23 Image size of job updated: 3344360
	2665  -  MemoryUsage of job (MB)
	2728044  -  ResidentSetSize of job (KB)
...
006 (005.3695.000) 05/07 00:24:28 Image size of job updated: 3344360
	2696  -  MemoryUsage of job (MB)
	2759724  -  ResidentSetSize of job (KB)
...
006 (005.3695.000) 05/07 00:24:33 Image size of job updated: 3344360
	2728  -  MemoryUsage of job (MB)
	2792988  -  ResidentSetSize of job (KB)
...
006 (005.3695.000) 05/07 00:24:38 Image size of job updated: 3439592
	2758  -  MemoryUsage of job (MB)
	2823744  -  ResidentSetSize of job (KB)
...
006 (005.3695.000) 05/07 00:24:43 Image size of job updated: 3439592
	2791  -  MemoryUsage of job (MB)
	2857140  -  ResidentSetSize of job (KB)
...
006 (005.3695.000) 05/07 00:24:48 Image size of job updated: 3439592
	2821  -  MemoryUsage of job (MB)
	2887896  -  ResidentSetSize of job (KB)
...
006 (005.3695.000) 05/07 00:24:53 Image size of job updated: 3538920
	2850  -  MemoryUsage of job (MB)
	2917596  -  ResidentSetSize of job (KB)
...
006 (005.3695.000) 05/07 00:24:58 Image size of job updated: 3538920
	2879  -  MemoryUsage of job (MB)
	2948088  -  ResidentSetSize of job (KB)
...
006 (005.3695.000) 05/07 00:25:03 Image size of job updated: 3603432
	2908  -  MemoryUsage of job (MB)
	2977128  -  ResidentSetSize of job (KB)
...
006 (005.3695.000) 05/07 00:25:08 Image size of job updated: 3628008
	2937  -  MemoryUsage of job (MB)
	3007224  -  ResidentSetSize of job (KB)
...
006 (005.3695.000) 05/07 00:25:13 Image size of job updated: 3637224
	2967  -  MemoryUsage of job (MB)
	3037716  -  ResidentSetSize of job (KB)
...
006 (005.3695.000) 05/07 00:25:18 Image size of job updated: 3637224
	2999  -  MemoryUsage of job (MB)
	3070056  -  ResidentSetSize of job (KB)
...
006 (005.3695.000) 05/07 00:25:23 Image size of job updated: 3637224
	3028  -  MemoryUsage of job (MB)
	3100548  -  ResidentSetSize of job (KB)
...
006 (005.3695.000) 05/07 00:25:28 Image size of job updated: 3732456
	3057  -  MemoryUsage of job (MB)
	3130248  -  ResidentSetSize of job (KB)
...
006 (005.3695.000) 05/07 00:25:33 Image size of job updated: 3732456
	3088  -  MemoryUsage of job (MB)
	3162060  -  ResidentSetSize of job (KB)
...
006 (005.3695.000) 05/07 00:25:38 Image size of job updated: 3732456
	3117  -  MemoryUsage of job (MB)
	3190968  -  ResidentSetSize of job (KB)
...
006 (005.3695.000) 05/07 00:25:43 Image size of job updated: 3823592
	3146  -  MemoryUsage of job (MB)
	3220800  -  ResidentSetSize of job (KB)
...
006 (005.3695.000) 05/07 00:25:48 Image size of job updated: 3823592
	3176  -  MemoryUsage of job (MB)
	3252084  -  ResidentSetSize of job (KB)
...
006 (005.3695.000) 05/07 00:25:53 Image size of job updated: 3885032
	3205  -  MemoryUsage of job (MB)
	3281784  -  ResidentSetSize of job (KB)
...
006 (005.3695.000) 05/07 00:25:58 Image size of job updated: 3924968
	3235  -  MemoryUsage of job (MB)
	3311880  -  ResidentSetSize of job (KB)
...
006 (005.3695.000) 05/07 00:26:03 Image size of job updated: 3955688
	3265  -  MemoryUsage of job (MB)
	3342900  -  ResidentSetSize of job (KB)
...
006 (005.3695.000) 05/07 00:26:08 Image size of job updated: 3987432
	3296  -  MemoryUsage of job (MB)
	3374976  -  ResidentSetSize of job (KB)
...
006 (005.3695.000) 05/07 00:26:13 Image size of job updated: 4013032
	3327  -  MemoryUsage of job (MB)
	3405996  -  ResidentSetSize of job (KB)
...
006 (005.3695.000) 05/07 00:26:18 Image size of job updated: 4056040
	3357  -  MemoryUsage of job (MB)
	3437412  -  ResidentSetSize of job (KB)
...
006 (005.3695.000) 05/07 00:26:23 Image size of job updated: 4056040
	3388  -  MemoryUsage of job (MB)
	3469224  -  ResidentSetSize of job (KB)
...
006 (005.3695.000) 05/07 00:26:28 Image size of job updated: 4113384
	3421  -  MemoryUsage of job (MB)
	3502092  -  ResidentSetSize of job (KB)
...
006 (005.3695.000) 05/07 00:26:33 Image size of job updated: 4113384
	3451  -  MemoryUsage of job (MB)
	3533508  -  ResidentSetSize of job (KB)
...
006 (005.3695.000) 05/07 00:26:38 Image size of job updated: 4113384
	3481  -  MemoryUsage of job (MB)
	3564396  -  ResidentSetSize of job (KB)
...
006 (005.3695.000) 05/07 00:26:43 Image size of job updated: 4213736
	3512  -  MemoryUsage of job (MB)
	3595680  -  ResidentSetSize of job (KB)
...
006 (005.3695.000) 05/07 00:26:48 Image size of job updated: 4229096
	3542  -  MemoryUsage of job (MB)
	3626964  -  ResidentSetSize of job (KB)
...
006 (005.3695.000) 05/07 00:26:53 Image size of job updated: 4266984
	3576  -  MemoryUsage of job (MB)
	3661284  -  ResidentSetSize of job (KB)
...
006 (005.3695.000) 05/07 00:26:58 Image size of job updated: 4314088
	3610  -  MemoryUsage of job (MB)
	3696396  -  ResidentSetSize of job (KB)
...
006 (005.3695.000) 05/07 00:27:03 Image size of job updated: 4362216
	3644  -  MemoryUsage of job (MB)
	3731376  -  ResidentSetSize of job (KB)
...
006 (005.3695.000) 05/07 00:27:08 Image size of job updated: 4362216
	3679  -  MemoryUsage of job (MB)
	3766356  -  ResidentSetSize of job (KB)
...
006 (005.3695.000) 05/07 00:27:13 Image size of job updated: 4422632
	3711  -  MemoryUsage of job (MB)
	3799356  -  ResidentSetSize of job (KB)
...
006 (005.3695.000) 05/07 00:27:18 Image size of job updated: 4422632
	3741  -  MemoryUsage of job (MB)
	3830508  -  ResidentSetSize of job (KB)
...
006 (005.3695.000) 05/07 00:27:23 Image size of job updated: 4422632
	3773  -  MemoryUsage of job (MB)
	3863244  -  ResidentSetSize of job (KB)
...
006 (005.3695.000) 05/07 00:27:28 Image size of job updated: 4516840
	3802  -  MemoryUsage of job (MB)
	3893076  -  ResidentSetSize of job (KB)
...
006 (005.3695.000) 05/07 00:27:33 Image size of job updated: 4540392
	3833  -  MemoryUsage of job (MB)
	3924888  -  ResidentSetSize of job (KB)
...
006 (005.3695.000) 05/07 00:27:38 Image size of job updated: 4570088
	3863  -  MemoryUsage of job (MB)
	3955116  -  ResidentSetSize of job (KB)
...
006 (005.3695.000) 05/07 00:27:43 Image size of job updated: 4615144
	3892  -  MemoryUsage of job (MB)
	3985080  -  ResidentSetSize of job (KB)
...
006 (005.3695.000) 05/07 00:27:48 Image size of job updated: 4615144
	3923  -  MemoryUsage of job (MB)
	4016364  -  ResidentSetSize of job (KB)
...
006 (005.3695.000) 05/07 00:27:53 Image size of job updated: 4615144
	3953  -  MemoryUsage of job (MB)
	4047780  -  ResidentSetSize of job (KB)
...
006 (005.3695.000) 05/07 00:27:58 Image size of job updated: 4708328
	3983  -  MemoryUsage of job (MB)
	4078404  -  ResidentSetSize of job (KB)
...
006 (005.3695.000) 05/07 00:28:03 Image size of job updated: 4708328
	4012  -  MemoryUsage of job (MB)
	4107840  -  ResidentSetSize of job (KB)
...
006 (005.3695.000) 05/07 00:28:08 Image size of job updated: 4708328
	4041  -  MemoryUsage of job (MB)
	4137672  -  ResidentSetSize of job (KB)
...
006 (005.3695.000) 05/07 00:28:14 Image size of job updated: 4798440
	4077  -  MemoryUsage of job (MB)
	4173972  -  ResidentSetSize of job (KB)
...
006 (005.3695.000) 05/07 00:28:20 Image size of job updated: 4798440
	4115  -  MemoryUsage of job (MB)
	4213440  -  ResidentSetSize of job (KB)
...
006 (005.3695.000) 05/07 00:28:26 Image size of job updated: 4798440
	4151  -  MemoryUsage of job (MB)
	4250268  -  ResidentSetSize of job (KB)
...
006 (005.3695.000) 05/07 00:28:32 Image size of job updated: 4916200
	4186  -  MemoryUsage of job (MB)
	4286304  -  ResidentSetSize of job (KB)
...
006 (005.3695.000) 05/07 00:28:38 Image size of job updated: 4916200
	4221  -  MemoryUsage of job (MB)
	4321284  -  ResidentSetSize of job (KB)
...
006 (005.3695.000) 05/07 00:28:44 Image size of job updated: 4982760
	4256  -  MemoryUsage of job (MB)
	4357320  -  ResidentSetSize of job (KB)
...
006 (005.3695.000) 05/07 00:28:50 Image size of job updated: 4999144
	4291  -  MemoryUsage of job (MB)
	4393620  -  ResidentSetSize of job (KB)
...
006 (005.3695.000) 05/07 00:28:56 Image size of job updated: 5051368
	4328  -  MemoryUsage of job (MB)
	4431240  -  ResidentSetSize of job (KB)
...
006 (005.3695.000) 05/07 00:29:02 Image size of job updated: 5072872
	4363  -  MemoryUsage of job (MB)
	4467276  -  ResidentSetSize of job (KB)
...
006 (005.3695.000) 05/07 00:29:08 Image size of job updated: 5072872
	4399  -  MemoryUsage of job (MB)
	4503972  -  ResidentSetSize of job (KB)
...
006 (005.3695.000) 05/07 00:29:14 Image size of job updated: 5162984
	4434  -  MemoryUsage of job (MB)
	4539876  -  ResidentSetSize of job (KB)
...
006 (005.3695.000) 05/07 00:29:20 Image size of job updated: 5162984
	4469  -  MemoryUsage of job (MB)
	4575252  -  ResidentSetSize of job (KB)
...
006 (005.3695.000) 05/07 00:29:26 Image size of job updated: 5162984
	4501  -  MemoryUsage of job (MB)
	4608252  -  ResidentSetSize of job (KB)
...
006 (005.3695.000) 05/07 00:29:32 Image size of job updated: 5250024
	4535  -  MemoryUsage of job (MB)
	4643496  -  ResidentSetSize of job (KB)
...
006 (005.3695.000) 05/07 00:29:38 Image size of job updated: 5298152
	4569  -  MemoryUsage of job (MB)
	4677948  -  ResidentSetSize of job (KB)
...
006 (005.3695.000) 05/07 00:29:44 Image size of job updated: 5335016
	4602  -  MemoryUsage of job (MB)
	4711476  -  ResidentSetSize of job (KB)
...
006 (005.3695.000) 05/07 00:29:50 Image size of job updated: 5335016
	4636  -  MemoryUsage of job (MB)
	4746852  -  ResidentSetSize of job (KB)
...
006 (005.3695.000) 05/07 00:29:56 Image size of job updated: 5335016
	4679  -  MemoryUsage of job (MB)
	4790544  -  ResidentSetSize of job (KB)
...
006 (005.3695.000) 05/07 00:30:02 Image size of job updated: 5437416
	4720  -  MemoryUsage of job (MB)
	4832784  -  ResidentSetSize of job (KB)
...
006 (005.3695.000) 05/07 00:30:08 Image size of job updated: 5498856
	4753  -  MemoryUsage of job (MB)
	4866972  -  ResidentSetSize of job (KB)
...
006 (005.3695.000) 05/07 00:30:14 Image size of job updated: 5498856
	4789  -  MemoryUsage of job (MB)
	4903008  -  ResidentSetSize of job (KB)
...
006 (005.3695.000) 05/07 00:30:20 Image size of job updated: 5536744
	4825  -  MemoryUsage of job (MB)
	4939836  -  ResidentSetSize of job (KB)
...
006 (005.3695.000) 05/07 00:30:26 Image size of job updated: 5536744
	4858  -  MemoryUsage of job (MB)
	4973760  -  ResidentSetSize of job (KB)
...
006 (005.3695.000) 05/07 00:30:32 Image size of job updated: 5625832
	4894  -  MemoryUsage of job (MB)
	5010588  -  ResidentSetSize of job (KB)
...
006 (005.3695.000) 05/07 00:30:38 Image size of job updated: 5625832
	4927  -  MemoryUsage of job (MB)
	5045040  -  ResidentSetSize of job (KB)
...
006 (005.3695.000) 05/07 00:30:44 Image size of job updated: 5690344
	4960  -  MemoryUsage of job (MB)
	5078832  -  ResidentSetSize of job (KB)
...
006 (005.3695.000) 05/07 00:30:50 Image size of job updated: 5734376
	4995  -  MemoryUsage of job (MB)
	5114604  -  ResidentSetSize of job (KB)
...
006 (005.3695.000) 05/07 00:30:56 Image size of job updated: 5777384
	5029  -  MemoryUsage of job (MB)
	5149452  -  ResidentSetSize of job (KB)
...
006 (005.3695.000) 05/07 00:31:02 Image size of job updated: 5800936
	5064  -  MemoryUsage of job (MB)
	5184564  -  ResidentSetSize of job (KB)
...
006 (005.3695.000) 05/07 00:31:08 Image size of job updated: 5845992
	5099  -  MemoryUsage of job (MB)
	5220468  -  ResidentSetSize of job (KB)
...
006 (005.3695.000) 05/07 00:31:14 Image size of job updated: 5870568
	5133  -  MemoryUsage of job (MB)
	5255712  -  ResidentSetSize of job (KB)
...
006 (005.3695.000) 05/07 00:31:20 Image size of job updated: 5889000
	5168  -  MemoryUsage of job (MB)
	5291616  -  ResidentSetSize of job (KB)
...
006 (005.3695.000) 05/07 00:31:26 Image size of job updated: 5889000
	5205  -  MemoryUsage of job (MB)
	5328972  -  ResidentSetSize of job (KB)
...
006 (005.3695.000) 05/07 00:31:32 Image size of job updated: 5979112
	5239  -  MemoryUsage of job (MB)
	5364348  -  ResidentSetSize of job (KB)
...
006 (005.3695.000) 05/07 00:31:38 Image size of job updated: 5979112
	5275  -  MemoryUsage of job (MB)
	5400648  -  ResidentSetSize of job (KB)
...
006 (005.3695.000) 05/07 00:31:44 Image size of job updated: 6231016
	5496  -  MemoryUsage of job (MB)
	5627424  -  ResidentSetSize of job (KB)
...
006 (005.3695.000) 05/07 00:31:50 Image size of job updated: 6264808
	5496  -  MemoryUsage of job (MB)
	5627424  -  ResidentSetSize of job (KB)
...
005 (005.3695.000) 05/07 00:31:51 Job terminated.
	(1) Normal termination (return value 0)
		Usr 0 00:26:00, Sys 0 00:00:04  -  Run Remote Usage
		Usr 0 00:00:00, Sys 0 00:00:00  -  Run Local Usage
		Usr 0 00:26:00, Sys 0 00:00:04  -  Total Remote Usage
		Usr 0 00:00:00, Sys 0 00:00:00  -  Total Local Usage
	0  -  Run Bytes Sent By Job
	0  -  Run Bytes Received By Job
	0  -  Total Bytes Sent By Job
	0  -  Total Bytes Received By Job
	Partitionable Resources :      Usage  Request Allocated 
	   Cpus                 :       0.99        1         1 
	   Disk (KB)            : 2000000     2000000   6275465 
	   Memory (MB)          :    5496        1954      2007 
...
