000 (005.5201.000) 05/05 20:23:50 Job submitted from host: <127.0.0.1:9618?addrs=127.0.0.1-9618&noUDP&sock=227_4816_4>
...
033 (005.5201.000) 05/06 14:16:56 Changing job attribute JobPrio from 0 to -10
...
001 (005.5201.000) 05/07 09:36:42 Job executing on host: <127.0.0.1:9618?addrs=127.0.0.1-9618&noUDP&sock=227_4816_5>
...
006 (005.5201.000) 05/07 09:36:48 Image size of job updated: 2000000
	101  -  MemoryUsage of job (MB)
	103092  -  ResidentSetSize of job (KB)
...
006 (005.5201.000) 05/07 09:37:12 Image size of job updated: 2000000
	105  -  MemoryUsage of job (MB)
	106920  -  ResidentSetSize of job (KB)
...
006 (005.5201.000) 05/07 09:37:18 Image size of job updated: 2000000
	184  -  MemoryUsage of job (MB)
	188100  -  ResidentSetSize of job (KB)
...
006 (005.5201.000) 05/07 09:37:24 Image size of job updated: 2000000
	185  -  MemoryUsage of job (MB)
	188496  -  ResidentSetSize of job (KB)
...
006 (005.5201.000) 05/07 09:37:30 Image size of job updated: 2000000
	193  -  MemoryUsage of job (MB)
	196944  -  ResidentSetSize of job (KB)
...
006 (005.5201.000) 05/07 09:37:36 Image size of job updated: 2000000
	206  -  MemoryUsage of job (MB)
	210540  -  ResidentSetSize of job (KB)
...
006 (005.5201.000) 05/07 09:37:42 Image size of job updated: 2000000
	217  -  MemoryUsage of job (MB)
	221892  -  ResidentSetSize of job (KB)
...
006 (005.5201.000) 05/07 09:37:48 Image size of job updated: 2000000
	230  -  MemoryUsage of job (MB)
	235488  -  ResidentSetSize of job (KB)
...
006 (005.5201.000) 05/07 09:37:55 Image size of job updated: 2000000
	240  -  MemoryUsage of job (MB)
	244992  -  ResidentSetSize of job (KB)
...
006 (005.5201.000) 05/07 09:38:00 Image size of job updated: 2000000
	267  -  MemoryUsage of job (MB)
	273108  -  ResidentSetSize of job (KB)
...
006 (005.5201.000) 05/07 09:38:05 Image size of job updated: 2000000
	302  -  MemoryUsage of job (MB)
	309012  -  ResidentSetSize of job (KB)
...
006 (005.5201.000) 05/07 09:38:10 Image size of job updated: 2000000
	329  -  MemoryUsage of job (MB)
	336468  -  ResidentSetSize of job (KB)
...
006 (005.5201.000) 05/07 09:38:15 Image size of job updated: 2000000
	374  -  MemoryUsage of job (MB)
	382272  -  ResidentSetSize of job (KB)
...
006 (005.5201.000) 05/07 09:38:20 Image size of job updated: 2000000
	431  -  MemoryUsage of job (MB)
	440616  -  ResidentSetSize of job (KB)
...
006 (005.5201.000) 05/07 09:38:25 Image size of job updated: 2000000
	480  -  MemoryUsage of job (MB)
	491304  -  ResidentSetSize of job (KB)
...
006 (005.5201.000) 05/07 09:38:30 Image size of job updated: 2000000
	1171  -  MemoryUsage of job (MB)
	1198428  -  ResidentSetSize of job (KB)
...
006 (005.5201.000) 05/07 09:51:10 Image size of job updated: 2000000
	1173  -  MemoryUsage of job (MB)
	1200144  -  ResidentSetSize of job (KB)
...
006 (005.5201.000) 05/07 09:51:15 Image size of job updated: 2000000
	1189  -  MemoryUsage of job (MB)
	1216644  -  ResidentSetSize of job (KB)
...
006 (005.5201.000) 05/07 09:51:20 Image size of job updated: 2000000
	1251  -  MemoryUsage of job (MB)
	1280400  -  ResidentSetSize of job (KB)
...
006 (005.5201.000) 05/07 09:51:25 Image size of job updated: 2201480
	1622  -  MemoryUsage of job (MB)
	1660296  -  ResidentSetSize of job (KB)
...
006 (005.5201.000) 05/07 09:51:30 Image size of job updated: 2201480
	1692  -  MemoryUsage of job (MB)
	1732236  -  ResidentSetSize of job (KB)
...
006 (005.5201.000) 05/07 09:51:35 Image size of job updated: 2201480
	1898  -  MemoryUsage of job (MB)
	1942776  -  ResidentSetSize of job (KB)
...
006 (005.5201.000) 05/07 09:51:40 Image size of job updated: 2642920
	1966  -  MemoryUsage of job (MB)
	2012868  -  ResidentSetSize of job (KB)
...
006 (005.5201.000) 05/07 09:51:45 Image size of job updated: 2642920
	1997  -  MemoryUsage of job (MB)
	2044020  -  ResidentSetSize of job (KB)
...
006 (005.5201.000) 05/07 09:51:50 Image size of job updated: 2642920
	2023  -  MemoryUsage of job (MB)
	2070816  -  ResidentSetSize of job (KB)
...
006 (005.5201.000) 05/07 09:51:55 Image size of job updated: 2726888
	2048  -  MemoryUsage of job (MB)
	2096556  -  ResidentSetSize of job (KB)
...
006 (005.5201.000) 05/07 09:52:00 Image size of job updated: 2743272
	2074  -  MemoryUsage of job (MB)
	2122824  -  ResidentSetSize of job (KB)
...
006 (005.5201.000) 05/07 09:52:05 Image size of job updated: 2743272
	2100  -  MemoryUsage of job (MB)
	2149884  -  ResidentSetSize of job (KB)
...
006 (005.5201.000) 05/07 09:52:10 Image size of job updated: 2803688
	2124  -  MemoryUsage of job (MB)
	2174040  -  ResidentSetSize of job (KB)
...
006 (005.5201.000) 05/07 09:52:15 Image size of job updated: 2812904
	2150  -  MemoryUsage of job (MB)
	2200704  -  ResidentSetSize of job (KB)
...
006 (005.5201.000) 05/07 09:52:20 Image size of job updated: 2839528
	2175  -  MemoryUsage of job (MB)
	2226576  -  ResidentSetSize of job (KB)
...
006 (005.5201.000) 05/07 09:52:25 Image size of job updated: 2881512
	2199  -  MemoryUsage of job (MB)
	2251260  -  ResidentSetSize of job (KB)
...
006 (005.5201.000) 05/07 09:52:30 Image size of job updated: 2881512
	2225  -  MemoryUsage of job (MB)
	2277660  -  ResidentSetSize of job (KB)
...
006 (005.5201.000) 05/07 09:52:35 Image size of job updated: 2881512
	2250  -  MemoryUsage of job (MB)
	2303928  -  ResidentSetSize of job (KB)
...
006 (005.5201.000) 05/07 09:52:40 Image size of job updated: 2960360
	2276  -  MemoryUsage of job (MB)
	2330592  -  ResidentSetSize of job (KB)
...
006 (005.5201.000) 05/07 09:52:45 Image size of job updated: 2960360
	2300  -  MemoryUsage of job (MB)
	2354352  -  ResidentSetSize of job (KB)
...
006 (005.5201.000) 05/07 09:52:50 Image size of job updated: 3002344
	2324  -  MemoryUsage of job (MB)
	2379432  -  ResidentSetSize of job (KB)
...
006 (005.5201.000) 05/07 09:52:55 Image size of job updated: 3025896
	2349  -  MemoryUsage of job (MB)
	2404776  -  ResidentSetSize of job (KB)
...
006 (005.5201.000) 05/07 09:53:00 Image size of job updated: 3038184
	2375  -  MemoryUsage of job (MB)
	2431704  -  ResidentSetSize of job (KB)
...
006 (005.5201.000) 05/07 09:53:05 Image size of job updated: 3038184
	2400  -  MemoryUsage of job (MB)
	2457048  -  ResidentSetSize of job (KB)
...
006 (005.5201.000) 05/07 09:53:10 Image size of job updated: 3038184
	2424  -  MemoryUsage of job (MB)
	2481204  -  ResidentSetSize of job (KB)
...
006 (005.5201.000) 05/07 09:53:15 Image size of job updated: 3113960
	2450  -  MemoryUsage of job (MB)
	2507868  -  ResidentSetSize of job (KB)
...
006 (005.5201.000) 05/07 09:53:20 Image size of job updated: 3113960
	2475  -  MemoryUsage of job (MB)
	2533740  -  ResidentSetSize of job (KB)
...
006 (005.5201.000) 05/07 09:53:25 Image size of job updated: 3113960
	2501  -  MemoryUsage of job (MB)
	2560536  -  ResidentSetSize of job (KB)
...
006 (005.5201.000) 05/07 09:53:30 Image size of job updated: 3206120
	2526  -  MemoryUsage of job (MB)
	2585748  -  ResidentSetSize of job (KB)
...
006 (005.5201.000) 05/07 09:53:35 Image size of job updated: 3206120
	2549  -  MemoryUsage of job (MB)
	2609244  -  ResidentSetSize of job (KB)
...
006 (005.5201.000) 05/07 09:53:40 Image size of job updated: 3242984
	2574  -  MemoryUsage of job (MB)
	2635248  -  ResidentSetSize of job (KB)
...
006 (005.5201.000) 05/07 09:53:45 Image size of job updated: 3274728
	2601  -  MemoryUsage of job (MB)
	2663364  -  ResidentSetSize of job (KB)
...
006 (005.5201.000) 05/07 09:53:50 Image size of job updated: 3274728
	2626  -  MemoryUsage of job (MB)
	2688312  -  ResidentSetSize of job (KB)
...
006 (005.5201.000) 05/07 09:53:55 Image size of job updated: 3274728
	2652  -  MemoryUsage of job (MB)
	2714712  -  ResidentSetSize of job (KB)
...
006 (005.5201.000) 05/07 09:54:00 Image size of job updated: 3359720
	2679  -  MemoryUsage of job (MB)
	2742960  -  ResidentSetSize of job (KB)
...
006 (005.5201.000) 05/07 09:54:05 Image size of job updated: 3391464
	2704  -  MemoryUsage of job (MB)
	2768832  -  ResidentSetSize of job (KB)
...
006 (005.5201.000) 05/07 09:54:10 Image size of job updated: 3391464
	2730  -  MemoryUsage of job (MB)
	2794836  -  ResidentSetSize of job (KB)
...
006 (005.5201.000) 05/07 09:54:15 Image size of job updated: 3438568
	2755  -  MemoryUsage of job (MB)
	2820576  -  ResidentSetSize of job (KB)
...
006 (005.5201.000) 05/07 09:54:20 Image size of job updated: 3438568
	2781  -  MemoryUsage of job (MB)
	2846844  -  ResidentSetSize of job (KB)
...
006 (005.5201.000) 05/07 09:54:25 Image size of job updated: 3438568
	2807  -  MemoryUsage of job (MB)
	2873904  -  ResidentSetSize of job (KB)
...
006 (005.5201.000) 05/07 09:54:30 Image size of job updated: 3521512
	2835  -  MemoryUsage of job (MB)
	2902152  -  ResidentSetSize of job (KB)
...
006 (005.5201.000) 05/07 09:54:35 Image size of job updated: 3547112
	2862  -  MemoryUsage of job (MB)
	2930268  -  ResidentSetSize of job (KB)
...
006 (005.5201.000) 05/07 09:54:40 Image size of job updated: 3582952
	2888  -  MemoryUsage of job (MB)
	2956800  -  ResidentSetSize of job (KB)
...
006 (005.5201.000) 05/07 09:54:45 Image size of job updated: 3605480
	2915  -  MemoryUsage of job (MB)
	2983992  -  ResidentSetSize of job (KB)
...
006 (005.5201.000) 05/07 09:54:50 Image size of job updated: 3605480
	2941  -  MemoryUsage of job (MB)
	3011052  -  ResidentSetSize of job (KB)
...
006 (005.5201.000) 05/07 09:54:55 Image size of job updated: 3605480
	2967  -  MemoryUsage of job (MB)
	3038112  -  ResidentSetSize of job (KB)
...
006 (005.5201.000) 05/07 09:55:00 Image size of job updated: 3699688
	3003  -  MemoryUsage of job (MB)
	3074544  -  ResidentSetSize of job (KB)
...
006 (005.5201.000) 05/07 09:55:05 Image size of job updated: 3731432
	3034  -  MemoryUsage of job (MB)
	3106224  -  ResidentSetSize of job (KB)
...
006 (005.5201.000) 05/07 09:55:10 Image size of job updated: 3768296
	3073  -  MemoryUsage of job (MB)
	3145956  -  ResidentSetSize of job (KB)
...
006 (005.5201.000) 05/07 09:55:15 Image size of job updated: 3801064
	3103  -  MemoryUsage of job (MB)
	3177372  -  ResidentSetSize of job (KB)
...
006 (005.5201.000) 05/07 09:55:20 Image size of job updated: 3809256
	3130  -  MemoryUsage of job (MB)
	3204828  -  ResidentSetSize of job (KB)
...
006 (005.5201.000) 05/07 09:55:25 Image size of job updated: 3832808
	3157  -  MemoryUsage of job (MB)
	3231888  -  ResidentSetSize of job (KB)
...
006 (005.5201.000) 05/07 09:55:30 Image size of job updated: 3885032
	3185  -  MemoryUsage of job (MB)
	3261060  -  ResidentSetSize of job (KB)
...
006 (005.5201.000) 05/07 09:55:35 Image size of job updated: 3890152
	3210  -  MemoryUsage of job (MB)
	3286932  -  ResidentSetSize of job (KB)
...
006 (005.5201.000) 05/07 09:55:40 Image size of job updated: 3915752
	3235  -  MemoryUsage of job (MB)
	3312276  -  ResidentSetSize of job (KB)
...
006 (005.5201.000) 05/07 09:55:45 Image size of job updated: 3915752
	3260  -  MemoryUsage of job (MB)
	3337224  -  ResidentSetSize of job (KB)
...
006 (005.5201.000) 05/07 09:55:50 Image size of job updated: 3965928
	3286  -  MemoryUsage of job (MB)
	3364020  -  ResidentSetSize of job (KB)
...
006 (005.5201.000) 05/07 09:55:55 Image size of job updated: 3965928
	3312  -  MemoryUsage of job (MB)
	3391212  -  ResidentSetSize of job (KB)
...
006 (005.5201.000) 05/07 09:56:00 Image size of job updated: 3965928
	3336  -  MemoryUsage of job (MB)
	3415764  -  ResidentSetSize of job (KB)
...
006 (005.5201.000) 05/07 09:56:05 Image size of job updated: 4042728
	3364  -  MemoryUsage of job (MB)
	3444144  -  ResidentSetSize of job (KB)
...
006 (005.5201.000) 05/07 09:56:10 Image size of job updated: 4042728
	3389  -  MemoryUsage of job (MB)
	3469356  -  ResidentSetSize of job (KB)
...
006 (005.5201.000) 05/07 09:56:15 Image size of job updated: 4042728
	3415  -  MemoryUsage of job (MB)
	3496812  -  ResidentSetSize of job (KB)
...
006 (005.5201.000) 05/07 09:56:21 Image size of job updated: 4124648
	3447  -  MemoryUsage of job (MB)
	3529416  -  ResidentSetSize of job (KB)
...
006 (005.5201.000) 05/07 09:56:27 Image size of job updated: 4170728
	3479  -  MemoryUsage of job (MB)
	3561624  -  ResidentSetSize of job (KB)
...
006 (005.5201.000) 05/07 09:56:33 Image size of job updated: 4218856
	3513  -  MemoryUsage of job (MB)
	3596472  -  ResidentSetSize of job (KB)
...
006 (005.5201.000) 05/07 09:56:39 Image size of job updated: 4225000
	3543  -  MemoryUsage of job (MB)
	3628020  -  ResidentSetSize of job (KB)
...
006 (005.5201.000) 05/07 09:56:45 Image size of job updated: 4225000
	3576  -  MemoryUsage of job (MB)
	3661284  -  ResidentSetSize of job (KB)
...
006 (005.5201.000) 05/07 09:56:51 Image size of job updated: 4312040
	3607  -  MemoryUsage of job (MB)
	3692700  -  ResidentSetSize of job (KB)
...
006 (005.5201.000) 05/07 09:56:57 Image size of job updated: 4312040
	3638  -  MemoryUsage of job (MB)
	3725304  -  ResidentSetSize of job (KB)
...
006 (005.5201.000) 05/07 09:57:03 Image size of job updated: 4312040
	3669  -  MemoryUsage of job (MB)
	3756324  -  ResidentSetSize of job (KB)
...
006 (005.5201.000) 05/07 09:57:09 Image size of job updated: 4391912
	3699  -  MemoryUsage of job (MB)
	3786948  -  ResidentSetSize of job (KB)
...
006 (005.5201.000) 05/07 09:57:15 Image size of job updated: 4391912
	3731  -  MemoryUsage of job (MB)
	3819552  -  ResidentSetSize of job (KB)
...
006 (005.5201.000) 05/07 09:57:21 Image size of job updated: 4484072
	3761  -  MemoryUsage of job (MB)
	3851232  -  ResidentSetSize of job (KB)
...
006 (005.5201.000) 05/07 09:57:27 Image size of job updated: 4484072
	3792  -  MemoryUsage of job (MB)
	3882780  -  ResidentSetSize of job (KB)
...
006 (005.5201.000) 05/07 09:57:33 Image size of job updated: 4484072
	3824  -  MemoryUsage of job (MB)
	3914988  -  ResidentSetSize of job (KB)
...
006 (005.5201.000) 05/07 09:57:39 Image size of job updated: 4550632
	3855  -  MemoryUsage of job (MB)
	3947460  -  ResidentSetSize of job (KB)
...
006 (005.5201.000) 05/07 09:57:45 Image size of job updated: 4550632
	3887  -  MemoryUsage of job (MB)
	3979932  -  ResidentSetSize of job (KB)
...
006 (005.5201.000) 05/07 09:57:51 Image size of job updated: 4630504
	3919  -  MemoryUsage of job (MB)
	4012932  -  ResidentSetSize of job (KB)
...
006 (005.5201.000) 05/07 09:57:57 Image size of job updated: 4630504
	3949  -  MemoryUsage of job (MB)
	4043424  -  ResidentSetSize of job (KB)
...
006 (005.5201.000) 05/07 09:58:03 Image size of job updated: 4630504
	3978  -  MemoryUsage of job (MB)
	4072596  -  ResidentSetSize of job (KB)
...
006 (005.5201.000) 05/07 09:58:09 Image size of job updated: 4712424
	4008  -  MemoryUsage of job (MB)
	4103352  -  ResidentSetSize of job (KB)
...
006 (005.5201.000) 05/07 09:58:15 Image size of job updated: 4758504
	4038  -  MemoryUsage of job (MB)
	4134636  -  ResidentSetSize of job (KB)
...
006 (005.5201.000) 05/07 09:58:21 Image size of job updated: 4791272
	4068  -  MemoryUsage of job (MB)
	4164996  -  ResidentSetSize of job (KB)
...
006 (005.5201.000) 05/07 09:58:27 Image size of job updated: 4791272
	4099  -  MemoryUsage of job (MB)
	4196544  -  ResidentSetSize of job (KB)
...
006 (005.5201.000) 05/07 09:58:33 Image size of job updated: 4791272
	4130  -  MemoryUsage of job (MB)
	4228884  -  ResidentSetSize of job (KB)
...
006 (005.5201.000) 05/07 09:58:39 Image size of job updated: 4873192
	4158  -  MemoryUsage of job (MB)
	4257396  -  ResidentSetSize of job (KB)
...
006 (005.5201.000) 05/07 09:58:45 Image size of job updated: 4873192
	4190  -  MemoryUsage of job (MB)
	4290000  -  ResidentSetSize of job (KB)
...
006 (005.5201.000) 05/07 09:58:51 Image size of job updated: 4949992
	4220  -  MemoryUsage of job (MB)
	4320624  -  ResidentSetSize of job (KB)
...
006 (005.5201.000) 05/07 09:58:57 Image size of job updated: 4949992
	4249  -  MemoryUsage of job (MB)
	4350060  -  ResidentSetSize of job (KB)
...
006 (005.5201.000) 05/07 09:59:03 Image size of job updated: 5007336
	4278  -  MemoryUsage of job (MB)
	4380552  -  ResidentSetSize of job (KB)
...
006 (005.5201.000) 05/07 09:59:09 Image size of job updated: 5041128
	4308  -  MemoryUsage of job (MB)
	4410516  -  ResidentSetSize of job (KB)
...
006 (005.5201.000) 05/07 09:59:15 Image size of job updated: 5051368
	4336  -  MemoryUsage of job (MB)
	4439820  -  ResidentSetSize of job (KB)
...
006 (005.5201.000) 05/07 09:59:21 Image size of job updated: 5101544
	4367  -  MemoryUsage of job (MB)
	4471500  -  ResidentSetSize of job (KB)
...
006 (005.5201.000) 05/07 09:59:27 Image size of job updated: 5101544
	4398  -  MemoryUsage of job (MB)
	4502784  -  ResidentSetSize of job (KB)
...
006 (005.5201.000) 05/07 09:59:33 Image size of job updated: 5101544
	4426  -  MemoryUsage of job (MB)
	4531824  -  ResidentSetSize of job (KB)
...
006 (005.5201.000) 05/07 09:59:39 Image size of job updated: 5190632
	4458  -  MemoryUsage of job (MB)
	4564032  -  ResidentSetSize of job (KB)
...
006 (005.5201.000) 05/07 09:59:45 Image size of job updated: 5214184
	4488  -  MemoryUsage of job (MB)
	4594788  -  ResidentSetSize of job (KB)
...
006 (005.5201.000) 05/07 09:59:51 Image size of job updated: 5258216
	4521  -  MemoryUsage of job (MB)
	4628976  -  ResidentSetSize of job (KB)
...
006 (005.5201.000) 05/07 09:59:57 Image size of job updated: 5258216
	4553  -  MemoryUsage of job (MB)
	4662108  -  ResidentSetSize of job (KB)
...
006 (005.5201.000) 05/07 10:00:03 Image size of job updated: 5304296
	4585  -  MemoryUsage of job (MB)
	4694448  -  ResidentSetSize of job (KB)
...
006 (005.5201.000) 05/07 10:00:09 Image size of job updated: 5339112
	4615  -  MemoryUsage of job (MB)
	4725600  -  ResidentSetSize of job (KB)
...
006 (005.5201.000) 05/07 10:00:15 Image size of job updated: 5339112
	4646  -  MemoryUsage of job (MB)
	4757280  -  ResidentSetSize of job (KB)
...
006 (005.5201.000) 05/07 10:00:21 Image size of job updated: 5609448
	4863  -  MemoryUsage of job (MB)
	4979568  -  ResidentSetSize of job (KB)
...
006 (005.5201.000) 05/07 10:00:27 Image size of job updated: 5612008
	4863  -  MemoryUsage of job (MB)
	4979568  -  ResidentSetSize of job (KB)
...
005 (005.5201.000) 05/07 10:00:28 Job terminated.
	(1) Normal termination (return value 0)
		Usr 0 00:23:15, Sys 0 00:00:04  -  Run Remote Usage
		Usr 0 00:00:00, Sys 0 00:00:00  -  Run Local Usage
		Usr 0 00:23:15, Sys 0 00:00:04  -  Total Remote Usage
		Usr 0 00:00:00, Sys 0 00:00:00  -  Total Local Usage
	0  -  Run Bytes Sent By Job
	0  -  Run Bytes Received By Job
	0  -  Total Bytes Sent By Job
	0  -  Total Bytes Received By Job
	Partitionable Resources :      Usage  Request Allocated 
	   Cpus                 :       0.99        1         1 
	   Disk (KB)            : 2000000     2000000   6275465 
	   Memory (MB)          :    4863        1954      2007 
...
