000 (205.8586.000) 05/06 03:21:50 Job submitted from host: <127.0.0.1:9618?addrs=127.0.0.1-9618&noUDP&sock=222_da1d_4>
...
033 (205.8586.000) 05/06 14:24:09 Changing job attribute JobPrio from 0 to -5
...
000 (007.8586.000) 05/07 19:00:59 Job submitted from host: <127.0.0.1:9618?addrs=127.0.0.1-9618&noUDP&sock=215_0cf3_4>
...
000 (016.8586.000) 05/08 15:58:03 Job submitted from host: <127.0.0.1:9618?addrs=127.0.0.1-9618&noUDP&sock=227_4816_4>
...
009 (016.8586.000) 05/09 16:56:10 Job was aborted by the user.
	via condor_rm (by user aw868)
...
000 (014.1425.000) 05/09 17:30:27 Job submitted from host: <127.0.0.1:9618?addrs=127.0.0.1-9618&noUDP&sock=212_fe2a_4>
...
033 (014.1425.000) 05/09 17:34:16 Changing job attribute JobPrio from 0 to -10
...
033 (014.1425.000) 05/09 21:36:25 Changing job attribute JobPrio from -10 to -15
...
001 (014.1425.000) 05/10 13:50:50 Job executing on host: <127.0.0.1:9618?addrs=127.0.0.1-9618&noUDP&sock=212_fe2a_5>
...
006 (014.1425.000) 05/10 13:50:56 Image size of job updated: 2000000
	117  -  MemoryUsage of job (MB)
	119064  -  ResidentSetSize of job (KB)
...
006 (014.1425.000) 05/10 13:51:26 Image size of job updated: 2000000
	172  -  MemoryUsage of job (MB)
	175164  -  ResidentSetSize of job (KB)
...
006 (014.1425.000) 05/10 13:51:32 Image size of job updated: 2000000
	213  -  MemoryUsage of job (MB)
	217536  -  ResidentSetSize of job (KB)
...
006 (014.1425.000) 05/10 13:51:39 Image size of job updated: 2000000
	215  -  MemoryUsage of job (MB)
	219648  -  ResidentSetSize of job (KB)
...
006 (014.1425.000) 05/10 13:51:44 Image size of job updated: 2000000
	227  -  MemoryUsage of job (MB)
	231660  -  ResidentSetSize of job (KB)
...
006 (014.1425.000) 05/10 13:51:49 Image size of job updated: 2000000
	238  -  MemoryUsage of job (MB)
	243408  -  ResidentSetSize of job (KB)
...
006 (014.1425.000) 05/10 13:51:54 Image size of job updated: 2000000
	251  -  MemoryUsage of job (MB)
	256608  -  ResidentSetSize of job (KB)
...
006 (014.1425.000) 05/10 13:51:59 Image size of job updated: 2000000
	260  -  MemoryUsage of job (MB)
	265980  -  ResidentSetSize of job (KB)
...
006 (014.1425.000) 05/10 13:52:04 Image size of job updated: 2000000
	268  -  MemoryUsage of job (MB)
	273900  -  ResidentSetSize of job (KB)
...
006 (014.1425.000) 05/10 13:52:09 Image size of job updated: 2000000
	274  -  MemoryUsage of job (MB)
	279840  -  ResidentSetSize of job (KB)
...
006 (014.1425.000) 05/10 13:52:14 Image size of job updated: 2000000
	277  -  MemoryUsage of job (MB)
	283140  -  ResidentSetSize of job (KB)
...
006 (014.1425.000) 05/10 13:52:19 Image size of job updated: 2000000
	314  -  MemoryUsage of job (MB)
	320760  -  ResidentSetSize of job (KB)
...
006 (014.1425.000) 05/10 13:52:24 Image size of job updated: 2000000
	358  -  MemoryUsage of job (MB)
	366564  -  ResidentSetSize of job (KB)
...
006 (014.1425.000) 05/10 13:52:29 Image size of job updated: 2000000
	378  -  MemoryUsage of job (MB)
	386628  -  ResidentSetSize of job (KB)
...
006 (014.1425.000) 05/10 13:52:34 Image size of job updated: 2000000
	429  -  MemoryUsage of job (MB)
	438636  -  ResidentSetSize of job (KB)
...
006 (014.1425.000) 05/10 13:52:46 Image size of job updated: 2000000
	469  -  MemoryUsage of job (MB)
	479952  -  ResidentSetSize of job (KB)
...
006 (014.1425.000) 05/10 13:53:04 Image size of job updated: 2000000
	1241  -  MemoryUsage of job (MB)
	1270236  -  ResidentSetSize of job (KB)
...
006 (014.1425.000) 05/10 14:09:04 Image size of job updated: 2000000
	1473  -  MemoryUsage of job (MB)
	1507704  -  ResidentSetSize of job (KB)
...
006 (014.1425.000) 05/10 14:09:10 Image size of job updated: 2000000
	1742  -  MemoryUsage of job (MB)
	1783716  -  ResidentSetSize of job (KB)
...
006 (014.1425.000) 05/10 14:09:16 Image size of job updated: 2402284
	2001  -  MemoryUsage of job (MB)
	2048904  -  ResidentSetSize of job (KB)
...
006 (014.1425.000) 05/10 14:09:22 Image size of job updated: 2704116
	2002  -  MemoryUsage of job (MB)
	2049036  -  ResidentSetSize of job (KB)
...
006 (014.1425.000) 05/10 14:09:28 Image size of job updated: 2735348
	2042  -  MemoryUsage of job (MB)
	2090748  -  ResidentSetSize of job (KB)
...
006 (014.1425.000) 05/10 14:09:34 Image size of job updated: 2821364
	2162  -  MemoryUsage of job (MB)
	2213376  -  ResidentSetSize of job (KB)
...
006 (014.1425.000) 05/10 14:09:40 Image size of job updated: 2821364
	2250  -  MemoryUsage of job (MB)
	2303664  -  ResidentSetSize of job (KB)
...
006 (014.1425.000) 05/10 14:09:46 Image size of job updated: 2821364
	2313  -  MemoryUsage of job (MB)
	2367948  -  ResidentSetSize of job (KB)
...
006 (014.1425.000) 05/10 14:09:52 Image size of job updated: 3038452
	2375  -  MemoryUsage of job (MB)
	2431176  -  ResidentSetSize of job (KB)
...
006 (014.1425.000) 05/10 14:09:58 Image size of job updated: 3100916
	2433  -  MemoryUsage of job (MB)
	2490708  -  ResidentSetSize of job (KB)
...
006 (014.1425.000) 05/10 14:10:04 Image size of job updated: 3141876
	2492  -  MemoryUsage of job (MB)
	2550900  -  ResidentSetSize of job (KB)
...
006 (014.1425.000) 05/10 14:10:10 Image size of job updated: 3209460
	2549  -  MemoryUsage of job (MB)
	2609772  -  ResidentSetSize of job (KB)
...
006 (014.1425.000) 05/10 14:10:16 Image size of job updated: 3272948
	2608  -  MemoryUsage of job (MB)
	2669832  -  ResidentSetSize of job (KB)
...
006 (014.1425.000) 05/10 14:10:22 Image size of job updated: 3339508
	2667  -  MemoryUsage of job (MB)
	2730288  -  ResidentSetSize of job (KB)
...
006 (014.1425.000) 05/10 14:10:28 Image size of job updated: 3376372
	2726  -  MemoryUsage of job (MB)
	2790612  -  ResidentSetSize of job (KB)
...
006 (014.1425.000) 05/10 14:10:34 Image size of job updated: 3376372
	2785  -  MemoryUsage of job (MB)
	2851728  -  ResidentSetSize of job (KB)
...
006 (014.1425.000) 05/10 14:10:40 Image size of job updated: 3549428
	2844  -  MemoryUsage of job (MB)
	2912052  -  ResidentSetSize of job (KB)
...
006 (014.1425.000) 05/10 14:10:46 Image size of job updated: 3598580
	2903  -  MemoryUsage of job (MB)
	2972376  -  ResidentSetSize of job (KB)
...
006 (014.1425.000) 05/10 14:10:52 Image size of job updated: 3598580
	2960  -  MemoryUsage of job (MB)
	3030852  -  ResidentSetSize of job (KB)
...
006 (014.1425.000) 05/10 14:10:58 Image size of job updated: 3695860
	3019  -  MemoryUsage of job (MB)
	3090912  -  ResidentSetSize of job (KB)
...
006 (014.1425.000) 05/10 14:11:04 Image size of job updated: 3695860
	3079  -  MemoryUsage of job (MB)
	3152028  -  ResidentSetSize of job (KB)
...
006 (014.1425.000) 05/10 14:11:10 Image size of job updated: 3842292
	3139  -  MemoryUsage of job (MB)
	3214068  -  ResidentSetSize of job (KB)
...
006 (014.1425.000) 05/10 14:11:17 Image size of job updated: 3907828
	3203  -  MemoryUsage of job (MB)
	3279276  -  ResidentSetSize of job (KB)
...
006 (014.1425.000) 05/10 14:11:22 Image size of job updated: 3907828
	3258  -  MemoryUsage of job (MB)
	3335376  -  ResidentSetSize of job (KB)
...
006 (014.1425.000) 05/10 14:11:27 Image size of job updated: 3907828
	3311  -  MemoryUsage of job (MB)
	3390024  -  ResidentSetSize of job (KB)
...
006 (014.1425.000) 05/10 14:11:32 Image size of job updated: 4033780
	3364  -  MemoryUsage of job (MB)
	3444012  -  ResidentSetSize of job (KB)
...
006 (014.1425.000) 05/10 14:11:37 Image size of job updated: 4033780
	3417  -  MemoryUsage of job (MB)
	3498792  -  ResidentSetSize of job (KB)
...
006 (014.1425.000) 05/10 14:11:42 Image size of job updated: 4174068
	3470  -  MemoryUsage of job (MB)
	3552912  -  ResidentSetSize of job (KB)
...
006 (014.1425.000) 05/10 14:11:47 Image size of job updated: 4243700
	3524  -  MemoryUsage of job (MB)
	3607692  -  ResidentSetSize of job (KB)
...
006 (014.1425.000) 05/10 14:11:52 Image size of job updated: 4243700
	3577  -  MemoryUsage of job (MB)
	3662604  -  ResidentSetSize of job (KB)
...
006 (014.1425.000) 05/10 14:11:57 Image size of job updated: 4243700
	3629  -  MemoryUsage of job (MB)
	3715668  -  ResidentSetSize of job (KB)
...
006 (014.1425.000) 05/10 14:12:02 Image size of job updated: 4387060
	3681  -  MemoryUsage of job (MB)
	3768996  -  ResidentSetSize of job (KB)
...
006 (014.1425.000) 05/10 14:12:07 Image size of job updated: 4387060
	3734  -  MemoryUsage of job (MB)
	3822720  -  ResidentSetSize of job (KB)
...
006 (014.1425.000) 05/10 14:12:12 Image size of job updated: 4387060
	3784  -  MemoryUsage of job (MB)
	3874596  -  ResidentSetSize of job (KB)
...
006 (014.1425.000) 05/10 14:12:17 Image size of job updated: 4545780
	3836  -  MemoryUsage of job (MB)
	3927792  -  ResidentSetSize of job (KB)
...
006 (014.1425.000) 05/10 14:12:22 Image size of job updated: 4545780
	3887  -  MemoryUsage of job (MB)
	3980196  -  ResidentSetSize of job (KB)
...
006 (014.1425.000) 05/10 14:12:27 Image size of job updated: 4545780
	3933  -  MemoryUsage of job (MB)
	4026792  -  ResidentSetSize of job (KB)
...
006 (014.1425.000) 05/10 14:12:32 Image size of job updated: 4715764
	3962  -  MemoryUsage of job (MB)
	4056888  -  ResidentSetSize of job (KB)
...
006 (014.1425.000) 05/10 14:12:37 Image size of job updated: 4715764
	4001  -  MemoryUsage of job (MB)
	4096752  -  ResidentSetSize of job (KB)
...
006 (014.1425.000) 05/10 14:12:42 Image size of job updated: 4715764
	4021  -  MemoryUsage of job (MB)
	4117476  -  ResidentSetSize of job (KB)
...
006 (014.1425.000) 05/10 14:12:47 Image size of job updated: 4861172
	4057  -  MemoryUsage of job (MB)
	4153908  -  ResidentSetSize of job (KB)
...
006 (014.1425.000) 05/10 14:12:52 Image size of job updated: 4883700
	4106  -  MemoryUsage of job (MB)
	4203936  -  ResidentSetSize of job (KB)
...
006 (014.1425.000) 05/10 14:12:57 Image size of job updated: 4936948
	4156  -  MemoryUsage of job (MB)
	4255152  -  ResidentSetSize of job (KB)
...
006 (014.1425.000) 05/10 14:13:02 Image size of job updated: 5011700
	4205  -  MemoryUsage of job (MB)
	4305180  -  ResidentSetSize of job (KB)
...
006 (014.1425.000) 05/10 14:13:07 Image size of job updated: 5036276
	4253  -  MemoryUsage of job (MB)
	4354812  -  ResidentSetSize of job (KB)
...
006 (014.1425.000) 05/10 14:13:12 Image size of job updated: 5084404
	4303  -  MemoryUsage of job (MB)
	4405632  -  ResidentSetSize of job (KB)
...
006 (014.1425.000) 05/10 14:13:17 Image size of job updated: 5159156
	4351  -  MemoryUsage of job (MB)
	4454604  -  ResidentSetSize of job (KB)
...
006 (014.1425.000) 05/10 14:13:22 Image size of job updated: 5159156
	4400  -  MemoryUsage of job (MB)
	4504764  -  ResidentSetSize of job (KB)
...
006 (014.1425.000) 05/10 14:13:27 Image size of job updated: 5159156
	4448  -  MemoryUsage of job (MB)
	4554528  -  ResidentSetSize of job (KB)
...
006 (014.1425.000) 05/10 14:13:32 Image size of job updated: 5308660
	4497  -  MemoryUsage of job (MB)
	4604424  -  ResidentSetSize of job (KB)
...
006 (014.1425.000) 05/10 14:13:37 Image size of job updated: 5308660
	4545  -  MemoryUsage of job (MB)
	4653264  -  ResidentSetSize of job (KB)
...
006 (014.1425.000) 05/10 14:13:42 Image size of job updated: 5308660
	4583  -  MemoryUsage of job (MB)
	4692336  -  ResidentSetSize of job (KB)
...
006 (014.1425.000) 05/10 14:13:47 Image size of job updated: 5454068
	4603  -  MemoryUsage of job (MB)
	4712532  -  ResidentSetSize of job (KB)
...
006 (014.1425.000) 05/10 14:13:52 Image size of job updated: 5454068
	4621  -  MemoryUsage of job (MB)
	4731408  -  ResidentSetSize of job (KB)
...
006 (014.1425.000) 05/10 14:13:57 Image size of job updated: 5518580
	4646  -  MemoryUsage of job (MB)
	4756884  -  ResidentSetSize of job (KB)
...
006 (014.1425.000) 05/10 14:14:02 Image size of job updated: 5571828
	4691  -  MemoryUsage of job (MB)
	4803216  -  ResidentSetSize of job (KB)
...
006 (014.1425.000) 05/10 14:14:07 Image size of job updated: 5595380
	4737  -  MemoryUsage of job (MB)
	4850604  -  ResidentSetSize of job (KB)
...
006 (014.1425.000) 05/10 14:14:12 Image size of job updated: 5595380
	4784  -  MemoryUsage of job (MB)
	4898520  -  ResidentSetSize of job (KB)
...
006 (014.1425.000) 05/10 14:14:17 Image size of job updated: 5595380
	4830  -  MemoryUsage of job (MB)
	4945908  -  ResidentSetSize of job (KB)
...
006 (014.1425.000) 05/10 14:14:22 Image size of job updated: 5741812
	4877  -  MemoryUsage of job (MB)
	4993956  -  ResidentSetSize of job (KB)
...
006 (014.1425.000) 05/10 14:14:27 Image size of job updated: 5804276
	4896  -  MemoryUsage of job (MB)
	5013096  -  ResidentSetSize of job (KB)
...
006 (014.1425.000) 05/10 14:14:32 Image size of job updated: 5827828
	4945  -  MemoryUsage of job (MB)
	5063520  -  ResidentSetSize of job (KB)
...
006 (014.1425.000) 05/10 14:14:37 Image size of job updated: 5887220
	4993  -  MemoryUsage of job (MB)
	5112228  -  ResidentSetSize of job (KB)
...
006 (014.1425.000) 05/10 14:14:42 Image size of job updated: 5887220
	5053  -  MemoryUsage of job (MB)
	5174268  -  ResidentSetSize of job (KB)
...
006 (014.1425.000) 05/10 14:14:47 Image size of job updated: 5887220
	5104  -  MemoryUsage of job (MB)
	5225616  -  ResidentSetSize of job (KB)
...
006 (014.1425.000) 05/10 14:14:52 Image size of job updated: 6060276
	5155  -  MemoryUsage of job (MB)
	5277756  -  ResidentSetSize of job (KB)
...
006 (014.1425.000) 05/10 14:14:57 Image size of job updated: 6060276
	5204  -  MemoryUsage of job (MB)
	5328576  -  ResidentSetSize of job (KB)
...
006 (014.1425.000) 05/10 14:15:02 Image size of job updated: 6060276
	5253  -  MemoryUsage of job (MB)
	5378868  -  ResidentSetSize of job (KB)
...
006 (014.1425.000) 05/10 14:15:07 Image size of job updated: 6210804
	5302  -  MemoryUsage of job (MB)
	5429160  -  ResidentSetSize of job (KB)
...
006 (014.1425.000) 05/10 14:15:15 Image size of job updated: 6210804
	5324  -  MemoryUsage of job (MB)
	5451732  -  ResidentSetSize of job (KB)
...
006 (014.1425.000) 05/10 14:15:24 Image size of job updated: 6341876
	5434  -  MemoryUsage of job (MB)
	5563404  -  ResidentSetSize of job (KB)
...
006 (014.1425.000) 05/10 14:15:31 Image size of job updated: 6341876
	5507  -  MemoryUsage of job (MB)
	5638644  -  ResidentSetSize of job (KB)
...
006 (014.1425.000) 05/10 14:15:36 Image size of job updated: 6508788
	5559  -  MemoryUsage of job (MB)
	5692236  -  ResidentSetSize of job (KB)
...
006 (014.1425.000) 05/10 14:15:41 Image size of job updated: 6508788
	5609  -  MemoryUsage of job (MB)
	5743584  -  ResidentSetSize of job (KB)
...
006 (014.1425.000) 05/10 14:15:46 Image size of job updated: 6612212
	5661  -  MemoryUsage of job (MB)
	5796516  -  ResidentSetSize of job (KB)
...
006 (014.1425.000) 05/10 14:15:51 Image size of job updated: 6663412
	5713  -  MemoryUsage of job (MB)
	5849580  -  ResidentSetSize of job (KB)
...
006 (014.1425.000) 05/10 14:15:56 Image size of job updated: 6663412
	5766  -  MemoryUsage of job (MB)
	5903700  -  ResidentSetSize of job (KB)
...
006 (014.1425.000) 05/10 14:16:01 Image size of job updated: 6663412
	5828  -  MemoryUsage of job (MB)
	5967060  -  ResidentSetSize of job (KB)
...
006 (014.1425.000) 05/10 14:16:06 Image size of job updated: 6838516
	5880  -  MemoryUsage of job (MB)
	6020784  -  ResidentSetSize of job (KB)
...
006 (014.1425.000) 05/10 14:16:11 Image size of job updated: 6838516
	5909  -  MemoryUsage of job (MB)
	6050088  -  ResidentSetSize of job (KB)
...
006 (014.1425.000) 05/10 14:16:16 Image size of job updated: 6838516
	5918  -  MemoryUsage of job (MB)
	6059328  -  ResidentSetSize of job (KB)
...
006 (014.1425.000) 05/10 14:16:21 Image size of job updated: 6920436
	5968  -  MemoryUsage of job (MB)
	6110280  -  ResidentSetSize of job (KB)
...
006 (014.1425.000) 05/10 14:16:26 Image size of job updated: 7009524
	6015  -  MemoryUsage of job (MB)
	6159252  -  ResidentSetSize of job (KB)
...
006 (014.1425.000) 05/10 14:16:31 Image size of job updated: 7009524
	6065  -  MemoryUsage of job (MB)
	6210336  -  ResidentSetSize of job (KB)
...
006 (014.1425.000) 05/10 14:16:36 Image size of job updated: 7080180
	6115  -  MemoryUsage of job (MB)
	6261024  -  ResidentSetSize of job (KB)
...
006 (014.1425.000) 05/10 14:16:41 Image size of job updated: 7129332
	6165  -  MemoryUsage of job (MB)
	6312108  -  ResidentSetSize of job (KB)
...
006 (014.1425.000) 05/10 14:16:46 Image size of job updated: 7129332
	6215  -  MemoryUsage of job (MB)
	6364116  -  ResidentSetSize of job (KB)
...
006 (014.1425.000) 05/10 14:16:51 Image size of job updated: 7129332
	6458  -  MemoryUsage of job (MB)
	6612672  -  ResidentSetSize of job (KB)
...
006 (014.1425.000) 05/10 14:16:56 Image size of job updated: 7439604
	6496  -  MemoryUsage of job (MB)
	6651216  -  ResidentSetSize of job (KB)
...
006 (014.1425.000) 05/10 14:17:00 Image size of job updated: 7441396
	6496  -  MemoryUsage of job (MB)
	6651216  -  ResidentSetSize of job (KB)
...
005 (014.1425.000) 05/10 14:17:00 Job terminated.
	(1) Normal termination (return value 0)
		Usr 0 00:25:02, Sys 0 00:00:14  -  Run Remote Usage
		Usr 0 00:00:00, Sys 0 00:00:00  -  Run Local Usage
		Usr 0 00:25:02, Sys 0 00:00:14  -  Total Remote Usage
		Usr 0 00:00:00, Sys 0 00:00:00  -  Total Local Usage
	0  -  Run Bytes Sent By Job
	0  -  Run Bytes Received By Job
	0  -  Total Bytes Sent By Job
	0  -  Total Bytes Received By Job
	Partitionable Resources :      Usage  Request Allocated 
	   Cpus                 :       0.93        1         1 
	   Disk (KB)            : 2000000     2000000   6232219 
	   Memory (MB)          :    6496        1954      2007 
...
