000 (040.797.000) 04/27 18:42:07 Job submitted from host: <127.0.0.1:9618?addrs=127.0.0.1-9618&noUDP&sock=222_da1d_4>
...
001 (040.797.000) 04/28 03:47:47 Job executing on host: <127.0.0.1:9618?addrs=127.0.0.1-9618&noUDP&sock=222_da1d_5>
...
006 (040.797.000) 04/28 03:47:52 Image size of job updated: 339636
	332  -  MemoryUsage of job (MB)
	339636  -  ResidentSetSize of job (KB)
...
006 (040.797.000) 04/28 03:47:57 Image size of job updated: 676116
	649  -  MemoryUsage of job (MB)
	663828  -  ResidentSetSize of job (KB)
...
006 (040.797.000) 04/28 03:48:02 Image size of job updated: 680328
	665  -  MemoryUsage of job (MB)
	680328  -  ResidentSetSize of job (KB)
...
006 (040.797.000) 04/28 03:48:12 Image size of job updated: 695376
	665  -  MemoryUsage of job (MB)
	680328  -  ResidentSetSize of job (KB)
...
005 (040.797.000) 04/28 03:50:34 Job terminated.
	(1) Normal termination (return value 0)
		Usr 0 00:02:45, Sys 0 00:00:00  -  Run Remote Usage
		Usr 0 00:00:00, Sys 0 00:00:00  -  Run Local Usage
		Usr 0 00:02:45, Sys 0 00:00:00  -  Total Remote Usage
		Usr 0 00:00:00, Sys 0 00:00:00  -  Total Local Usage
	0  -  Run Bytes Sent By Job
	0  -  Run Bytes Received By Job
	0  -  Total Bytes Sent By Job
	0  -  Total Bytes Received By Job
	Partitionable Resources :    Usage  Request Allocated 
	   Cpus                 :     0.99        1         1 
	   Disk (KB)            :     1           1   6540465 
	   Memory (MB)          :   665           1      2007 
...
