000 (180.090.000) 05/05 19:37:42 Job submitted from host: <127.0.0.1:9618?addrs=127.0.0.1-9618&noUDP&sock=222_da1d_4>
...
001 (180.090.000) 05/05 20:09:34 Job executing on host: <127.0.0.1:9618?addrs=127.0.0.1-9618&noUDP&sock=222_da1d_5>
...
006 (180.090.000) 05/05 20:09:40 Image size of job updated: 2000000
	101  -  MemoryUsage of job (MB)
	102960  -  ResidentSetSize of job (KB)
...
006 (180.090.000) 05/05 20:10:10 Image size of job updated: 2000000
	172  -  MemoryUsage of job (MB)
	175692  -  ResidentSetSize of job (KB)
...
006 (180.090.000) 05/05 20:10:16 Image size of job updated: 2000000
	184  -  MemoryUsage of job (MB)
	187968  -  ResidentSetSize of job (KB)
...
006 (180.090.000) 05/05 20:10:22 Image size of job updated: 2000000
	185  -  MemoryUsage of job (MB)
	188892  -  ResidentSetSize of job (KB)
...
006 (180.090.000) 05/05 20:10:28 Image size of job updated: 2000000
	196  -  MemoryUsage of job (MB)
	200640  -  ResidentSetSize of job (KB)
...
006 (180.090.000) 05/05 20:10:34 Image size of job updated: 2000000
	208  -  MemoryUsage of job (MB)
	211992  -  ResidentSetSize of job (KB)
...
006 (180.090.000) 05/05 20:10:40 Image size of job updated: 2000000
	217  -  MemoryUsage of job (MB)
	221496  -  ResidentSetSize of job (KB)
...
006 (180.090.000) 05/05 20:10:46 Image size of job updated: 2000000
	229  -  MemoryUsage of job (MB)
	234432  -  ResidentSetSize of job (KB)
...
006 (180.090.000) 05/05 20:10:52 Image size of job updated: 2000000
	238  -  MemoryUsage of job (MB)
	243672  -  ResidentSetSize of job (KB)
...
006 (180.090.000) 05/05 20:10:58 Image size of job updated: 2000000
	258  -  MemoryUsage of job (MB)
	263340  -  ResidentSetSize of job (KB)
...
006 (180.090.000) 05/05 20:11:04 Image size of job updated: 2000000
	299  -  MemoryUsage of job (MB)
	305184  -  ResidentSetSize of job (KB)
...
006 (180.090.000) 05/05 20:11:10 Image size of job updated: 2000000
	329  -  MemoryUsage of job (MB)
	336072  -  ResidentSetSize of job (KB)
...
006 (180.090.000) 05/05 20:11:16 Image size of job updated: 2000000
	377  -  MemoryUsage of job (MB)
	385176  -  ResidentSetSize of job (KB)
...
006 (180.090.000) 05/05 20:11:22 Image size of job updated: 2000000
	449  -  MemoryUsage of job (MB)
	459360  -  ResidentSetSize of job (KB)
...
006 (180.090.000) 05/05 20:11:28 Image size of job updated: 2000000
	1167  -  MemoryUsage of job (MB)
	1194864  -  ResidentSetSize of job (KB)
...
006 (180.090.000) 05/05 20:25:37 Image size of job updated: 2000000
	1587  -  MemoryUsage of job (MB)
	1624260  -  ResidentSetSize of job (KB)
...
006 (180.090.000) 05/05 20:25:45 Image size of job updated: 2382536
	1878  -  MemoryUsage of job (MB)
	1922316  -  ResidentSetSize of job (KB)
...
006 (180.090.000) 05/05 20:25:51 Image size of job updated: 2584552
	1895  -  MemoryUsage of job (MB)
	1940268  -  ResidentSetSize of job (KB)
...
006 (180.090.000) 05/05 20:25:57 Image size of job updated: 2631656
	1941  -  MemoryUsage of job (MB)
	1987260  -  ResidentSetSize of job (KB)
...
006 (180.090.000) 05/05 20:26:03 Image size of job updated: 2633704
	1941  -  MemoryUsage of job (MB)
	1987260  -  ResidentSetSize of job (KB)
...
006 (180.090.000) 05/05 20:26:09 Image size of job updated: 2633704
	1969  -  MemoryUsage of job (MB)
	2015508  -  ResidentSetSize of job (KB)
...
006 (180.090.000) 05/05 20:26:15 Image size of job updated: 2700264
	1982  -  MemoryUsage of job (MB)
	2028972  -  ResidentSetSize of job (KB)
...
006 (180.090.000) 05/05 20:26:21 Image size of job updated: 2721768
	2010  -  MemoryUsage of job (MB)
	2058144  -  ResidentSetSize of job (KB)
...
006 (180.090.000) 05/05 20:26:27 Image size of job updated: 2721768
	2039  -  MemoryUsage of job (MB)
	2087448  -  ResidentSetSize of job (KB)
...
006 (180.090.000) 05/05 20:26:33 Image size of job updated: 2777064
	2064  -  MemoryUsage of job (MB)
	2113320  -  ResidentSetSize of job (KB)
...
006 (180.090.000) 05/05 20:26:39 Image size of job updated: 2777064
	2093  -  MemoryUsage of job (MB)
	2142360  -  ResidentSetSize of job (KB)
...
006 (180.090.000) 05/05 20:26:45 Image size of job updated: 2833384
	2120  -  MemoryUsage of job (MB)
	2169948  -  ResidentSetSize of job (KB)
...
006 (180.090.000) 05/05 20:26:51 Image size of job updated: 2833384
	2148  -  MemoryUsage of job (MB)
	2198592  -  ResidentSetSize of job (KB)
...
006 (180.090.000) 05/05 20:26:57 Image size of job updated: 2833384
	2174  -  MemoryUsage of job (MB)
	2225784  -  ResidentSetSize of job (KB)
...
006 (180.090.000) 05/05 20:27:03 Image size of job updated: 2901992
	2192  -  MemoryUsage of job (MB)
	2243736  -  ResidentSetSize of job (KB)
...
006 (180.090.000) 05/05 20:27:10 Image size of job updated: 2901992
	2195  -  MemoryUsage of job (MB)
	2247168  -  ResidentSetSize of job (KB)
...
006 (180.090.000) 05/05 20:27:19 Image size of job updated: 2961384
	2209  -  MemoryUsage of job (MB)
	2261952  -  ResidentSetSize of job (KB)
...
006 (180.090.000) 05/05 20:27:31 Image size of job updated: 2977768
	2264  -  MemoryUsage of job (MB)
	2317656  -  ResidentSetSize of job (KB)
...
006 (180.090.000) 05/05 20:27:40 Image size of job updated: 3044328
	2299  -  MemoryUsage of job (MB)
	2353560  -  ResidentSetSize of job (KB)
...
006 (180.090.000) 05/05 20:27:47 Image size of job updated: 3044328
	2301  -  MemoryUsage of job (MB)
	2356200  -  ResidentSetSize of job (KB)
...
006 (180.090.000) 05/05 20:27:57 Image size of job updated: 3114984
	2346  -  MemoryUsage of job (MB)
	2401476  -  ResidentSetSize of job (KB)
...
006 (180.090.000) 05/05 20:28:04 Image size of job updated: 3114984
	2376  -  MemoryUsage of job (MB)
	2432760  -  ResidentSetSize of job (KB)
...
006 (180.090.000) 05/05 20:28:10 Image size of job updated: 3114984
	2405  -  MemoryUsage of job (MB)
	2462064  -  ResidentSetSize of job (KB)
...
006 (180.090.000) 05/05 20:28:16 Image size of job updated: 3182568
	2421  -  MemoryUsage of job (MB)
	2478168  -  ResidentSetSize of job (KB)
...
006 (180.090.000) 05/05 20:28:22 Image size of job updated: 3223528
	2421  -  MemoryUsage of job (MB)
	2478168  -  ResidentSetSize of job (KB)
...
006 (180.090.000) 05/05 20:28:28 Image size of job updated: 3242984
	2432  -  MemoryUsage of job (MB)
	2489784  -  ResidentSetSize of job (KB)
...
006 (180.090.000) 05/05 20:28:34 Image size of job updated: 3259368
	2460  -  MemoryUsage of job (MB)
	2518032  -  ResidentSetSize of job (KB)
...
006 (180.090.000) 05/05 20:29:19 Image size of job updated: 3332072
	2525  -  MemoryUsage of job (MB)
	2584692  -  ResidentSetSize of job (KB)
...
006 (180.090.000) 05/05 20:29:41 Image size of job updated: 3445736
	2549  -  MemoryUsage of job (MB)
	2609904  -  ResidentSetSize of job (KB)
...
006 (180.090.000) 05/05 20:29:55 Image size of job updated: 3501032
	2624  -  MemoryUsage of job (MB)
	2686596  -  ResidentSetSize of job (KB)
...
006 (180.090.000) 05/05 20:30:04 Image size of job updated: 3563496
	2636  -  MemoryUsage of job (MB)
	2699004  -  ResidentSetSize of job (KB)
...
006 (180.090.000) 05/05 20:30:11 Image size of job updated: 3574760
	2649  -  MemoryUsage of job (MB)
	2712072  -  ResidentSetSize of job (KB)
...
006 (180.090.000) 05/05 20:30:24 Image size of job updated: 3618792
	2649  -  MemoryUsage of job (MB)
	2712072  -  ResidentSetSize of job (KB)
...
006 (180.090.000) 05/05 20:30:30 Image size of job updated: 3618792
	2672  -  MemoryUsage of job (MB)
	2735172  -  ResidentSetSize of job (KB)
...
006 (180.090.000) 05/05 20:30:36 Image size of job updated: 3667944
	2695  -  MemoryUsage of job (MB)
	2759064  -  ResidentSetSize of job (KB)
...
006 (180.090.000) 05/05 20:30:43 Image size of job updated: 3667944
	2706  -  MemoryUsage of job (MB)
	2770944  -  ResidentSetSize of job (KB)
...
006 (180.090.000) 05/05 20:30:51 Image size of job updated: 3667944
	2708  -  MemoryUsage of job (MB)
	2772000  -  ResidentSetSize of job (KB)
...
006 (180.090.000) 05/05 20:31:06 Image size of job updated: 3696616
	2761  -  MemoryUsage of job (MB)
	2826516  -  ResidentSetSize of job (KB)
...
006 (180.090.000) 05/05 20:31:16 Image size of job updated: 3776488
	2782  -  MemoryUsage of job (MB)
	2848428  -  ResidentSetSize of job (KB)
...
006 (180.090.000) 05/05 20:31:22 Image size of job updated: 3802088
	2809  -  MemoryUsage of job (MB)
	2875488  -  ResidentSetSize of job (KB)
...
006 (180.090.000) 05/05 20:31:27 Image size of job updated: 3817448
	2829  -  MemoryUsage of job (MB)
	2896344  -  ResidentSetSize of job (KB)
...
006 (180.090.000) 05/05 20:31:32 Image size of job updated: 3817448
	2844  -  MemoryUsage of job (MB)
	2911788  -  ResidentSetSize of job (KB)
...
006 (180.090.000) 05/05 20:31:37 Image size of job updated: 3817448
	2844  -  MemoryUsage of job (MB)
	2912052  -  ResidentSetSize of job (KB)
...
006 (180.090.000) 05/05 20:31:43 Image size of job updated: 3870696
	2851  -  MemoryUsage of job (MB)
	2918520  -  ResidentSetSize of job (KB)
...
006 (180.090.000) 05/05 20:31:48 Image size of job updated: 3879912
	2861  -  MemoryUsage of job (MB)
	2928948  -  ResidentSetSize of job (KB)
...
006 (180.090.000) 05/05 20:31:54 Image size of job updated: 3900392
	2886  -  MemoryUsage of job (MB)
	2954688  -  ResidentSetSize of job (KB)
...
006 (180.090.000) 05/05 20:32:08 Image size of job updated: 3919848
	2909  -  MemoryUsage of job (MB)
	2978052  -  ResidentSetSize of job (KB)
...
006 (180.090.000) 05/05 20:32:31 Image size of job updated: 3996648
	2965  -  MemoryUsage of job (MB)
	3035208  -  ResidentSetSize of job (KB)
...
006 (180.090.000) 05/05 20:32:49 Image size of job updated: 4062184
	3040  -  MemoryUsage of job (MB)
	3112164  -  ResidentSetSize of job (KB)
...
006 (180.090.000) 05/05 20:33:00 Image size of job updated: 4097000
	3071  -  MemoryUsage of job (MB)
	3143712  -  ResidentSetSize of job (KB)
...
006 (180.090.000) 05/05 20:33:07 Image size of job updated: 4097000
	3100  -  MemoryUsage of job (MB)
	3173676  -  ResidentSetSize of job (KB)
...
006 (180.090.000) 05/05 20:33:12 Image size of job updated: 4143080
	3118  -  MemoryUsage of job (MB)
	3192288  -  ResidentSetSize of job (KB)
...
006 (180.090.000) 05/05 20:33:19 Image size of job updated: 4143080
	3124  -  MemoryUsage of job (MB)
	3198756  -  ResidentSetSize of job (KB)
...
006 (180.090.000) 05/05 20:33:26 Image size of job updated: 4196328
	3155  -  MemoryUsage of job (MB)
	3230304  -  ResidentSetSize of job (KB)
...
006 (180.090.000) 05/05 20:33:31 Image size of job updated: 4196328
	3178  -  MemoryUsage of job (MB)
	3253272  -  ResidentSetSize of job (KB)
...
006 (180.090.000) 05/05 20:33:36 Image size of job updated: 4196328
	3195  -  MemoryUsage of job (MB)
	3271488  -  ResidentSetSize of job (KB)
...
006 (180.090.000) 05/05 20:33:42 Image size of job updated: 4196328
	3199  -  MemoryUsage of job (MB)
	3275448  -  ResidentSetSize of job (KB)
...
006 (180.090.000) 05/05 20:33:47 Image size of job updated: 4274152
	3221  -  MemoryUsage of job (MB)
	3298152  -  ResidentSetSize of job (KB)
...
006 (180.090.000) 05/05 20:33:53 Image size of job updated: 4304872
	3247  -  MemoryUsage of job (MB)
	3324156  -  ResidentSetSize of job (KB)
...
006 (180.090.000) 05/05 20:33:59 Image size of job updated: 4326376
	3273  -  MemoryUsage of job (MB)
	3351084  -  ResidentSetSize of job (KB)
...
006 (180.090.000) 05/05 20:34:05 Image size of job updated: 4349928
	3300  -  MemoryUsage of job (MB)
	3378936  -  ResidentSetSize of job (KB)
...
006 (180.090.000) 05/05 20:34:11 Image size of job updated: 4374504
	3330  -  MemoryUsage of job (MB)
	3409032  -  ResidentSetSize of job (KB)
...
006 (180.090.000) 05/05 20:34:17 Image size of job updated: 4398056
	3338  -  MemoryUsage of job (MB)
	3417612  -  ResidentSetSize of job (KB)
...
006 (180.090.000) 05/05 20:34:34 Image size of job updated: 4398056
	3351  -  MemoryUsage of job (MB)
	3431208  -  ResidentSetSize of job (KB)
...
006 (180.090.000) 05/05 20:35:07 Image size of job updated: 4514792
	3421  -  MemoryUsage of job (MB)
	3502356  -  ResidentSetSize of job (KB)
...
006 (180.090.000) 05/05 20:36:03 Image size of job updated: 4792296
	3590  -  MemoryUsage of job (MB)
	3675936  -  ResidentSetSize of job (KB)
...
006 (180.090.000) 05/05 20:36:41 Image size of job updated: 4946920
	3748  -  MemoryUsage of job (MB)
	3836976  -  ResidentSetSize of job (KB)
...
006 (180.090.000) 05/05 20:37:04 Image size of job updated: 5249000
	4304  -  MemoryUsage of job (MB)
	4407216  -  ResidentSetSize of job (KB)
...
005 (180.090.000) 05/05 20:37:08 Job terminated.
	(1) Normal termination (return value 0)
		Usr 0 00:24:17, Sys 0 00:00:54  -  Run Remote Usage
		Usr 0 00:00:00, Sys 0 00:00:00  -  Run Local Usage
		Usr 0 00:24:17, Sys 0 00:00:54  -  Total Remote Usage
		Usr 0 00:00:00, Sys 0 00:00:00  -  Total Local Usage
	0  -  Run Bytes Sent By Job
	0  -  Run Bytes Received By Job
	0  -  Total Bytes Sent By Job
	0  -  Total Bytes Received By Job
	Partitionable Resources :      Usage  Request Allocated 
	   Cpus                 :       0.79        1         1 
	   Disk (KB)            : 2000000     2000000   6540465 
	   Memory (MB)          :    4304        1954      2007 
...
