000 (005.7570.000) 05/05 20:24:57 Job submitted from host: <127.0.0.1:9618?addrs=127.0.0.1-9618&noUDP&sock=227_4816_4>
...
033 (005.7570.000) 05/06 14:17:35 Changing job attribute JobPrio from 0 to -10
...
009 (005.7570.000) 05/07 21:44:50 Job was aborted by the user.
	via condor_rm (by user aw868)
...
000 (011.519.000) 05/08 17:21:17 Job submitted from host: <127.0.0.1:9618?addrs=127.0.0.1-9618&noUDP&sock=212_fe2a_4>
...
033 (011.519.000) 05/08 20:41:28 Changing job attribute JobPrio from 0 to -5
...
001 (011.519.000) 05/08 21:05:25 Job executing on host: <127.0.0.1:9618?addrs=127.0.0.1-9618&noUDP&sock=212_fe2a_5>
...
006 (011.519.000) 05/08 21:05:31 Image size of job updated: 2000000
	101  -  MemoryUsage of job (MB)
	102564  -  ResidentSetSize of job (KB)
...
006 (011.519.000) 05/08 21:06:44 Image size of job updated: 2000000
	179  -  MemoryUsage of job (MB)
	182952  -  ResidentSetSize of job (KB)
...
006 (011.519.000) 05/08 21:06:54 Image size of job updated: 2000000
	179  -  MemoryUsage of job (MB)
	183084  -  ResidentSetSize of job (KB)
...
006 (011.519.000) 05/08 21:07:10 Image size of job updated: 2000000
	204  -  MemoryUsage of job (MB)
	207900  -  ResidentSetSize of job (KB)
...
006 (011.519.000) 05/08 21:07:23 Image size of job updated: 2000000
	227  -  MemoryUsage of job (MB)
	231660  -  ResidentSetSize of job (KB)
...
006 (011.519.000) 05/08 21:07:31 Image size of job updated: 2000000
	239  -  MemoryUsage of job (MB)
	243936  -  ResidentSetSize of job (KB)
...
006 (011.519.000) 05/08 21:07:37 Image size of job updated: 2000000
	290  -  MemoryUsage of job (MB)
	296340  -  ResidentSetSize of job (KB)
...
006 (011.519.000) 05/08 21:07:43 Image size of job updated: 2000000
	322  -  MemoryUsage of job (MB)
	329076  -  ResidentSetSize of job (KB)
...
006 (011.519.000) 05/08 21:07:49 Image size of job updated: 2000000
	370  -  MemoryUsage of job (MB)
	377916  -  ResidentSetSize of job (KB)
...
006 (011.519.000) 05/08 21:07:55 Image size of job updated: 2000000
	436  -  MemoryUsage of job (MB)
	446424  -  ResidentSetSize of job (KB)
...
006 (011.519.000) 05/08 21:08:01 Image size of job updated: 2000000
	629  -  MemoryUsage of job (MB)
	643500  -  ResidentSetSize of job (KB)
...
006 (011.519.000) 05/08 21:08:07 Image size of job updated: 2000000
	1162  -  MemoryUsage of job (MB)
	1189320  -  ResidentSetSize of job (KB)
...
006 (011.519.000) 05/08 21:20:30 Image size of job updated: 2000000
	1196  -  MemoryUsage of job (MB)
	1224036  -  ResidentSetSize of job (KB)
...
006 (011.519.000) 05/08 21:20:36 Image size of job updated: 2000000
	1511  -  MemoryUsage of job (MB)
	1547040  -  ResidentSetSize of job (KB)
...
006 (011.519.000) 05/08 21:20:52 Image size of job updated: 2325196
	1858  -  MemoryUsage of job (MB)
	1902120  -  ResidentSetSize of job (KB)
...
006 (011.519.000) 05/08 21:21:02 Image size of job updated: 2561004
	1859  -  MemoryUsage of job (MB)
	1902912  -  ResidentSetSize of job (KB)
...
006 (011.519.000) 05/08 21:21:08 Image size of job updated: 2561004
	1860  -  MemoryUsage of job (MB)
	1904496  -  ResidentSetSize of job (KB)
...
006 (011.519.000) 05/08 21:21:14 Image size of job updated: 2561004
	1869  -  MemoryUsage of job (MB)
	1913208  -  ResidentSetSize of job (KB)
...
006 (011.519.000) 05/08 21:21:20 Image size of job updated: 2575340
	1877  -  MemoryUsage of job (MB)
	1921920  -  ResidentSetSize of job (KB)
...
006 (011.519.000) 05/08 21:21:26 Image size of job updated: 2575340
	1887  -  MemoryUsage of job (MB)
	1931292  -  ResidentSetSize of job (KB)
...
006 (011.519.000) 05/08 21:21:32 Image size of job updated: 2575340
	1891  -  MemoryUsage of job (MB)
	1935780  -  ResidentSetSize of job (KB)
...
006 (011.519.000) 05/08 21:21:38 Image size of job updated: 2595820
	1900  -  MemoryUsage of job (MB)
	1945152  -  ResidentSetSize of job (KB)
...
006 (011.519.000) 05/08 21:21:44 Image size of job updated: 2595820
	1906  -  MemoryUsage of job (MB)
	1951356  -  ResidentSetSize of job (KB)
...
006 (011.519.000) 05/08 21:21:50 Image size of job updated: 2613228
	1910  -  MemoryUsage of job (MB)
	1955448  -  ResidentSetSize of job (KB)
...
006 (011.519.000) 05/08 21:21:56 Image size of job updated: 2613228
	1914  -  MemoryUsage of job (MB)
	1959144  -  ResidentSetSize of job (KB)
...
006 (011.519.000) 05/08 21:22:02 Image size of job updated: 2619372
	1916  -  MemoryUsage of job (MB)
	1961652  -  ResidentSetSize of job (KB)
...
006 (011.519.000) 05/08 21:22:08 Image size of job updated: 2621420
	1918  -  MemoryUsage of job (MB)
	1963896  -  ResidentSetSize of job (KB)
...
006 (011.519.000) 05/08 21:22:14 Image size of job updated: 2625516
	1922  -  MemoryUsage of job (MB)
	1967856  -  ResidentSetSize of job (KB)
...
006 (011.519.000) 05/08 21:22:20 Image size of job updated: 2629612
	1926  -  MemoryUsage of job (MB)
	1971288  -  ResidentSetSize of job (KB)
...
006 (011.519.000) 05/08 21:22:26 Image size of job updated: 2629612
	1928  -  MemoryUsage of job (MB)
	1973796  -  ResidentSetSize of job (KB)
...
006 (011.519.000) 05/08 21:22:32 Image size of job updated: 2629612
	1929  -  MemoryUsage of job (MB)
	1975248  -  ResidentSetSize of job (KB)
...
006 (011.519.000) 05/08 21:22:38 Image size of job updated: 2635756
	1933  -  MemoryUsage of job (MB)
	1979076  -  ResidentSetSize of job (KB)
...
006 (011.519.000) 05/08 21:22:44 Image size of job updated: 2635756
	1935  -  MemoryUsage of job (MB)
	1981056  -  ResidentSetSize of job (KB)
...
006 (011.519.000) 05/08 21:22:50 Image size of job updated: 2635756
	1938  -  MemoryUsage of job (MB)
	1983960  -  ResidentSetSize of job (KB)
...
006 (011.519.000) 05/08 21:22:56 Image size of job updated: 2644972
	1941  -  MemoryUsage of job (MB)
	1987392  -  ResidentSetSize of job (KB)
...
006 (011.519.000) 05/08 21:23:02 Image size of job updated: 2645996
	1945  -  MemoryUsage of job (MB)
	1990956  -  ResidentSetSize of job (KB)
...
006 (011.519.000) 05/08 21:23:08 Image size of job updated: 2649068
	1946  -  MemoryUsage of job (MB)
	1992012  -  ResidentSetSize of job (KB)
...
006 (011.519.000) 05/08 21:23:14 Image size of job updated: 2654188
	1950  -  MemoryUsage of job (MB)
	1996368  -  ResidentSetSize of job (KB)
...
006 (011.519.000) 05/08 21:23:20 Image size of job updated: 2654188
	1951  -  MemoryUsage of job (MB)
	1997424  -  ResidentSetSize of job (KB)
...
006 (011.519.000) 05/08 21:23:26 Image size of job updated: 2658284
	1954  -  MemoryUsage of job (MB)
	2000460  -  ResidentSetSize of job (KB)
...
006 (011.519.000) 05/08 21:23:32 Image size of job updated: 2658284
	1957  -  MemoryUsage of job (MB)
	2003760  -  ResidentSetSize of job (KB)
...
006 (011.519.000) 05/08 21:23:38 Image size of job updated: 2658284
	1961  -  MemoryUsage of job (MB)
	2007852  -  ResidentSetSize of job (KB)
...
006 (011.519.000) 05/08 21:23:44 Image size of job updated: 2666476
	1964  -  MemoryUsage of job (MB)
	2010360  -  ResidentSetSize of job (KB)
...
006 (011.519.000) 05/08 21:23:50 Image size of job updated: 2671596
	1968  -  MemoryUsage of job (MB)
	2014320  -  ResidentSetSize of job (KB)
...
006 (011.519.000) 05/08 21:23:56 Image size of job updated: 2674668
	1972  -  MemoryUsage of job (MB)
	2018412  -  ResidentSetSize of job (KB)
...
006 (011.519.000) 05/08 21:24:02 Image size of job updated: 2674668
	1974  -  MemoryUsage of job (MB)
	2020920  -  ResidentSetSize of job (KB)
...
006 (011.519.000) 05/08 21:24:08 Image size of job updated: 2678764
	1976  -  MemoryUsage of job (MB)
	2023296  -  ResidentSetSize of job (KB)
...
006 (011.519.000) 05/08 21:24:14 Image size of job updated: 2681836
	1979  -  MemoryUsage of job (MB)
	2026068  -  ResidentSetSize of job (KB)
...
006 (011.519.000) 05/08 21:24:20 Image size of job updated: 2681836
	1983  -  MemoryUsage of job (MB)
	2030028  -  ResidentSetSize of job (KB)
...
006 (011.519.000) 05/08 21:24:26 Image size of job updated: 2690028
	1985  -  MemoryUsage of job (MB)
	2031744  -  ResidentSetSize of job (KB)
...
006 (011.519.000) 05/08 21:24:32 Image size of job updated: 2690028
	1987  -  MemoryUsage of job (MB)
	2034120  -  ResidentSetSize of job (KB)
...
006 (011.519.000) 05/08 21:24:38 Image size of job updated: 2693100
	1992  -  MemoryUsage of job (MB)
	2039400  -  ResidentSetSize of job (KB)
...
006 (011.519.000) 05/08 21:24:44 Image size of job updated: 2698220
	1997  -  MemoryUsage of job (MB)
	2044152  -  ResidentSetSize of job (KB)
...
006 (011.519.000) 05/08 21:24:50 Image size of job updated: 2698220
	2000  -  MemoryUsage of job (MB)
	2047584  -  ResidentSetSize of job (KB)
...
006 (011.519.000) 05/08 21:24:56 Image size of job updated: 2698220
	2002  -  MemoryUsage of job (MB)
	2049828  -  ResidentSetSize of job (KB)
...
006 (011.519.000) 05/08 21:25:02 Image size of job updated: 2712556
	2007  -  MemoryUsage of job (MB)
	2054976  -  ResidentSetSize of job (KB)
...
006 (011.519.000) 05/08 21:25:08 Image size of job updated: 2715628
	2012  -  MemoryUsage of job (MB)
	2059728  -  ResidentSetSize of job (KB)
...
006 (011.519.000) 05/08 21:25:14 Image size of job updated: 2719724
	2017  -  MemoryUsage of job (MB)
	2065140  -  ResidentSetSize of job (KB)
...
006 (011.519.000) 05/08 21:25:21 Image size of job updated: 2725868
	2020  -  MemoryUsage of job (MB)
	2067780  -  ResidentSetSize of job (KB)
...
006 (011.519.000) 05/08 21:25:26 Image size of job updated: 2725868
	2023  -  MemoryUsage of job (MB)
	2070552  -  ResidentSetSize of job (KB)
...
006 (011.519.000) 05/08 21:25:31 Image size of job updated: 2728940
	2026  -  MemoryUsage of job (MB)
	2074116  -  ResidentSetSize of job (KB)
...
006 (011.519.000) 05/08 21:25:36 Image size of job updated: 2728940
	2029  -  MemoryUsage of job (MB)
	2077152  -  ResidentSetSize of job (KB)
...
006 (011.519.000) 05/08 21:25:41 Image size of job updated: 2735084
	2031  -  MemoryUsage of job (MB)
	2079528  -  ResidentSetSize of job (KB)
...
006 (011.519.000) 05/08 21:25:46 Image size of job updated: 2739180
	2034  -  MemoryUsage of job (MB)
	2082300  -  ResidentSetSize of job (KB)
...
006 (011.519.000) 05/08 21:25:51 Image size of job updated: 2739180
	2037  -  MemoryUsage of job (MB)
	2085732  -  ResidentSetSize of job (KB)
...
006 (011.519.000) 05/08 21:25:56 Image size of job updated: 2739180
	2041  -  MemoryUsage of job (MB)
	2089032  -  ResidentSetSize of job (KB)
...
006 (011.519.000) 05/08 21:26:01 Image size of job updated: 2748396
	2044  -  MemoryUsage of job (MB)
	2092332  -  ResidentSetSize of job (KB)
...
006 (011.519.000) 05/08 21:26:06 Image size of job updated: 2751468
	2048  -  MemoryUsage of job (MB)
	2096688  -  ResidentSetSize of job (KB)
...
006 (011.519.000) 05/08 21:26:11 Image size of job updated: 2754540
	2050  -  MemoryUsage of job (MB)
	2099064  -  ResidentSetSize of job (KB)
...
006 (011.519.000) 05/08 21:26:16 Image size of job updated: 2760684
	2054  -  MemoryUsage of job (MB)
	2103156  -  ResidentSetSize of job (KB)
...
006 (011.519.000) 05/08 21:26:21 Image size of job updated: 2760684
	2058  -  MemoryUsage of job (MB)
	2106984  -  ResidentSetSize of job (KB)
...
006 (011.519.000) 05/08 21:26:26 Image size of job updated: 2760684
	2061  -  MemoryUsage of job (MB)
	2109624  -  ResidentSetSize of job (KB)
...
006 (011.519.000) 05/08 21:26:31 Image size of job updated: 2769900
	2066  -  MemoryUsage of job (MB)
	2114640  -  ResidentSetSize of job (KB)
...
006 (011.519.000) 05/08 21:26:36 Image size of job updated: 2769900
	2070  -  MemoryUsage of job (MB)
	2119392  -  ResidentSetSize of job (KB)
...
006 (011.519.000) 05/08 21:26:41 Image size of job updated: 2769900
	2071  -  MemoryUsage of job (MB)
	2120448  -  ResidentSetSize of job (KB)
...
006 (011.519.000) 05/08 21:26:46 Image size of job updated: 2780140
	2074  -  MemoryUsage of job (MB)
	2123616  -  ResidentSetSize of job (KB)
...
006 (011.519.000) 05/08 21:26:51 Image size of job updated: 2785260
	2079  -  MemoryUsage of job (MB)
	2128764  -  ResidentSetSize of job (KB)
...
006 (011.519.000) 05/08 21:26:56 Image size of job updated: 2791404
	2084  -  MemoryUsage of job (MB)
	2133648  -  ResidentSetSize of job (KB)
...
006 (011.519.000) 05/08 21:27:01 Image size of job updated: 2931692
	2295  -  MemoryUsage of job (MB)
	2349732  -  ResidentSetSize of job (KB)
...
006 (011.519.000) 05/08 21:27:06 Image size of job updated: 3006444
	2295  -  MemoryUsage of job (MB)
	2349732  -  ResidentSetSize of job (KB)
...
005 (011.519.000) 05/08 21:27:07 Job terminated.
	(1) Normal termination (return value 0)
		Usr 0 00:19:44, Sys 0 00:00:14  -  Run Remote Usage
		Usr 0 00:00:00, Sys 0 00:00:00  -  Run Local Usage
		Usr 0 00:19:44, Sys 0 00:00:14  -  Total Remote Usage
		Usr 0 00:00:00, Sys 0 00:00:00  -  Total Local Usage
	0  -  Run Bytes Sent By Job
	0  -  Run Bytes Received By Job
	0  -  Total Bytes Sent By Job
	0  -  Total Bytes Received By Job
	Partitionable Resources :      Usage  Request Allocated 
	   Cpus                 :       0.95        1         1 
	   Disk (KB)            : 2000000     2000000   6232219 
	   Memory (MB)          :    2295        1954      2007 
...
