000 (205.3860.000) 05/06 03:19:19 Job submitted from host: <127.0.0.1:9618?addrs=127.0.0.1-9618&noUDP&sock=222_da1d_4>
...
033 (205.3860.000) 05/06 14:22:43 Changing job attribute JobPrio from 0 to -5
...
000 (007.3860.000) 05/07 19:00:03 Job submitted from host: <127.0.0.1:9618?addrs=127.0.0.1-9618&noUDP&sock=215_0cf3_4>
...
000 (016.3860.000) 05/08 15:57:12 Job submitted from host: <127.0.0.1:9618?addrs=127.0.0.1-9618&noUDP&sock=227_4816_4>
...
009 (016.3860.000) 05/09 16:54:38 Job was aborted by the user.
	via condor_rm (by user aw868)
...
000 (017.527.000) 05/09 17:25:56 Job submitted from host: <127.0.0.1:9618?addrs=127.0.0.1-9618&noUDP&sock=227_4816_4>
...
001 (017.527.000) 05/09 21:11:26 Job executing on host: <127.0.0.1:9618?addrs=127.0.0.1-9618&noUDP&sock=227_4816_5>
...
006 (017.527.000) 05/09 21:11:32 Image size of job updated: 2000000
	115  -  MemoryUsage of job (MB)
	117084  -  ResidentSetSize of job (KB)
...
006 (017.527.000) 05/09 21:12:02 Image size of job updated: 2000000
	173  -  MemoryUsage of job (MB)
	176220  -  ResidentSetSize of job (KB)
...
006 (017.527.000) 05/09 21:12:08 Image size of job updated: 2000000
	211  -  MemoryUsage of job (MB)
	215556  -  ResidentSetSize of job (KB)
...
006 (017.527.000) 05/09 21:12:14 Image size of job updated: 2000000
	211  -  MemoryUsage of job (MB)
	215820  -  ResidentSetSize of job (KB)
...
006 (017.527.000) 05/09 21:12:20 Image size of job updated: 2000000
	219  -  MemoryUsage of job (MB)
	224004  -  ResidentSetSize of job (KB)
...
006 (017.527.000) 05/09 21:12:26 Image size of job updated: 2000000
	234  -  MemoryUsage of job (MB)
	239580  -  ResidentSetSize of job (KB)
...
006 (017.527.000) 05/09 21:12:32 Image size of job updated: 2000000
	248  -  MemoryUsage of job (MB)
	253836  -  ResidentSetSize of job (KB)
...
006 (017.527.000) 05/09 21:12:38 Image size of job updated: 2000000
	258  -  MemoryUsage of job (MB)
	264000  -  ResidentSetSize of job (KB)
...
006 (017.527.000) 05/09 21:12:44 Image size of job updated: 2000000
	267  -  MemoryUsage of job (MB)
	272448  -  ResidentSetSize of job (KB)
...
006 (017.527.000) 05/09 21:12:50 Image size of job updated: 2000000
	274  -  MemoryUsage of job (MB)
	279972  -  ResidentSetSize of job (KB)
...
006 (017.527.000) 05/09 21:12:56 Image size of job updated: 2000000
	314  -  MemoryUsage of job (MB)
	321156  -  ResidentSetSize of job (KB)
...
006 (017.527.000) 05/09 21:13:02 Image size of job updated: 2000000
	360  -  MemoryUsage of job (MB)
	367752  -  ResidentSetSize of job (KB)
...
006 (017.527.000) 05/09 21:13:08 Image size of job updated: 2000000
	370  -  MemoryUsage of job (MB)
	378708  -  ResidentSetSize of job (KB)
...
006 (017.527.000) 05/09 21:13:42 Image size of job updated: 2000000
	1235  -  MemoryUsage of job (MB)
	1263636  -  ResidentSetSize of job (KB)
...
006 (017.527.000) 05/09 21:31:37 Image size of job updated: 2000000
	1509  -  MemoryUsage of job (MB)
	1544928  -  ResidentSetSize of job (KB)
...
006 (017.527.000) 05/09 21:31:42 Image size of job updated: 2000000
	1622  -  MemoryUsage of job (MB)
	1660824  -  ResidentSetSize of job (KB)
...
006 (017.527.000) 05/09 21:31:47 Image size of job updated: 2000000
	1737  -  MemoryUsage of job (MB)
	1778172  -  ResidentSetSize of job (KB)
...
006 (017.527.000) 05/09 21:31:52 Image size of job updated: 2654452
	1940  -  MemoryUsage of job (MB)
	1985940  -  ResidentSetSize of job (KB)
...
006 (017.527.000) 05/09 21:31:57 Image size of job updated: 2654452
	2042  -  MemoryUsage of job (MB)
	2090748  -  ResidentSetSize of job (KB)
...
006 (017.527.000) 05/09 21:32:02 Image size of job updated: 2654452
	2135  -  MemoryUsage of job (MB)
	2186052  -  ResidentSetSize of job (KB)
...
006 (017.527.000) 05/09 21:32:07 Image size of job updated: 2941172
	2231  -  MemoryUsage of job (MB)
	2283864  -  ResidentSetSize of job (KB)
...
006 (017.527.000) 05/09 21:32:12 Image size of job updated: 2990324
	2311  -  MemoryUsage of job (MB)
	2366232  -  ResidentSetSize of job (KB)
...
006 (017.527.000) 05/09 21:32:17 Image size of job updated: 3097844
	2390  -  MemoryUsage of job (MB)
	2447016  -  ResidentSetSize of job (KB)
...
006 (017.527.000) 05/09 21:32:22 Image size of job updated: 3191028
	2471  -  MemoryUsage of job (MB)
	2529912  -  ResidentSetSize of job (KB)
...
006 (017.527.000) 05/09 21:32:27 Image size of job updated: 3191028
	2544  -  MemoryUsage of job (MB)
	2604756  -  ResidentSetSize of job (KB)
...
006 (017.527.000) 05/09 21:32:32 Image size of job updated: 3191028
	2626  -  MemoryUsage of job (MB)
	2688180  -  ResidentSetSize of job (KB)
...
006 (017.527.000) 05/09 21:32:37 Image size of job updated: 3430644
	2707  -  MemoryUsage of job (MB)
	2771340  -  ResidentSetSize of job (KB)
...
006 (017.527.000) 05/09 21:32:42 Image size of job updated: 3430644
	2787  -  MemoryUsage of job (MB)
	2853312  -  ResidentSetSize of job (KB)
...
006 (017.527.000) 05/09 21:32:47 Image size of job updated: 3614964
	2882  -  MemoryUsage of job (MB)
	2950332  -  ResidentSetSize of job (KB)
...
006 (017.527.000) 05/09 21:32:52 Image size of job updated: 3706100
	2977  -  MemoryUsage of job (MB)
	3048012  -  ResidentSetSize of job (KB)
...
006 (017.527.000) 05/09 21:32:57 Image size of job updated: 3706100
	3070  -  MemoryUsage of job (MB)
	3142788  -  ResidentSetSize of job (KB)
...
006 (017.527.000) 05/09 21:33:02 Image size of job updated: 3706100
	3157  -  MemoryUsage of job (MB)
	3232416  -  ResidentSetSize of job (KB)
...
006 (017.527.000) 05/09 21:33:07 Image size of job updated: 4012276
	3229  -  MemoryUsage of job (MB)
	3305676  -  ResidentSetSize of job (KB)
...
006 (017.527.000) 05/09 21:33:12 Image size of job updated: 4012276
	3276  -  MemoryUsage of job (MB)
	3354120  -  ResidentSetSize of job (KB)
...
006 (017.527.000) 05/09 21:33:17 Image size of job updated: 4121844
	3300  -  MemoryUsage of job (MB)
	3378540  -  ResidentSetSize of job (KB)
...
006 (017.527.000) 05/09 21:33:22 Image size of job updated: 4210932
	3373  -  MemoryUsage of job (MB)
	3453648  -  ResidentSetSize of job (KB)
...
006 (017.527.000) 05/09 21:33:27 Image size of job updated: 4253940
	3448  -  MemoryUsage of job (MB)
	3529812  -  ResidentSetSize of job (KB)
...
006 (017.527.000) 05/09 21:33:32 Image size of job updated: 4349172
	3521  -  MemoryUsage of job (MB)
	3605184  -  ResidentSetSize of job (KB)
...
006 (017.527.000) 05/09 21:33:37 Image size of job updated: 4436212
	3594  -  MemoryUsage of job (MB)
	3680028  -  ResidentSetSize of job (KB)
...
006 (017.527.000) 05/09 21:33:42 Image size of job updated: 4436212
	3668  -  MemoryUsage of job (MB)
	3755136  -  ResidentSetSize of job (KB)
...
006 (017.527.000) 05/09 21:33:47 Image size of job updated: 4436212
	3741  -  MemoryUsage of job (MB)
	3830508  -  ResidentSetSize of job (KB)
...
006 (017.527.000) 05/09 21:33:52 Image size of job updated: 4661492
	3814  -  MemoryUsage of job (MB)
	3905220  -  ResidentSetSize of job (KB)
...
006 (017.527.000) 05/09 21:33:57 Image size of job updated: 4661492
	3888  -  MemoryUsage of job (MB)
	3981252  -  ResidentSetSize of job (KB)
...
006 (017.527.000) 05/09 21:34:02 Image size of job updated: 4661492
	3962  -  MemoryUsage of job (MB)
	4056888  -  ResidentSetSize of job (KB)
...
006 (017.527.000) 05/09 21:34:07 Image size of job updated: 4883700
	4036  -  MemoryUsage of job (MB)
	4132656  -  ResidentSetSize of job (KB)
...
006 (017.527.000) 05/09 21:34:12 Image size of job updated: 4883700
	4113  -  MemoryUsage of job (MB)
	4211196  -  ResidentSetSize of job (KB)
...
006 (017.527.000) 05/09 21:34:17 Image size of job updated: 5048564
	4188  -  MemoryUsage of job (MB)
	4287624  -  ResidentSetSize of job (KB)
...
006 (017.527.000) 05/09 21:34:22 Image size of job updated: 5125364
	4261  -  MemoryUsage of job (MB)
	4362600  -  ResidentSetSize of job (KB)
...
006 (017.527.000) 05/09 21:34:27 Image size of job updated: 5130484
	4334  -  MemoryUsage of job (MB)
	4437708  -  ResidentSetSize of job (KB)
...
006 (017.527.000) 05/09 21:34:32 Image size of job updated: 5130484
	4407  -  MemoryUsage of job (MB)
	4512288  -  ResidentSetSize of job (KB)
...
006 (017.527.000) 05/09 21:34:37 Image size of job updated: 5348596
	4481  -  MemoryUsage of job (MB)
	4588452  -  ResidentSetSize of job (KB)
...
006 (017.527.000) 05/09 21:34:42 Image size of job updated: 5348596
	4553  -  MemoryUsage of job (MB)
	4662108  -  ResidentSetSize of job (KB)
...
006 (017.527.000) 05/09 21:34:47 Image size of job updated: 5448948
	4625  -  MemoryUsage of job (MB)
	4735764  -  ResidentSetSize of job (KB)
...
006 (017.527.000) 05/09 21:34:52 Image size of job updated: 5571828
	4699  -  MemoryUsage of job (MB)
	4810872  -  ResidentSetSize of job (KB)
...
006 (017.527.000) 05/09 21:34:57 Image size of job updated: 5571828
	4773  -  MemoryUsage of job (MB)
	4886904  -  ResidentSetSize of job (KB)
...
006 (017.527.000) 05/09 21:35:02 Image size of job updated: 5571828
	4846  -  MemoryUsage of job (MB)
	4962276  -  ResidentSetSize of job (KB)
...
006 (017.527.000) 05/09 21:35:07 Image size of job updated: 5798132
	4920  -  MemoryUsage of job (MB)
	5037912  -  ResidentSetSize of job (KB)
...
006 (017.527.000) 05/09 21:35:13 Image size of job updated: 5798132
	5010  -  MemoryUsage of job (MB)
	5129256  -  ResidentSetSize of job (KB)
...
006 (017.527.000) 05/09 21:35:19 Image size of job updated: 5798132
	5100  -  MemoryUsage of job (MB)
	5221392  -  ResidentSetSize of job (KB)
...
006 (017.527.000) 05/09 21:35:25 Image size of job updated: 6050036
	5187  -  MemoryUsage of job (MB)
	5311152  -  ResidentSetSize of job (KB)
...
006 (017.527.000) 05/09 21:35:31 Image size of job updated: 6124788
	5277  -  MemoryUsage of job (MB)
	5403420  -  ResidentSetSize of job (KB)
...
006 (017.527.000) 05/09 21:35:37 Image size of job updated: 6124788
	5365  -  MemoryUsage of job (MB)
	5492916  -  ResidentSetSize of job (KB)
...
006 (017.527.000) 05/09 21:35:43 Image size of job updated: 6265076
	5453  -  MemoryUsage of job (MB)
	5583336  -  ResidentSetSize of job (KB)
...
006 (017.527.000) 05/09 21:35:49 Image size of job updated: 6428916
	5540  -  MemoryUsage of job (MB)
	5672832  -  ResidentSetSize of job (KB)
...
006 (017.527.000) 05/09 21:35:55 Image size of job updated: 6502644
	5629  -  MemoryUsage of job (MB)
	5763252  -  ResidentSetSize of job (KB)
...
006 (017.527.000) 05/09 21:36:01 Image size of job updated: 6502644
	5718  -  MemoryUsage of job (MB)
	5854728  -  ResidentSetSize of job (KB)
...
006 (017.527.000) 05/09 21:36:07 Image size of job updated: 6502644
	5808  -  MemoryUsage of job (MB)
	5947128  -  ResidentSetSize of job (KB)
...
006 (017.527.000) 05/09 21:36:13 Image size of job updated: 6780148
	5899  -  MemoryUsage of job (MB)
	6039924  -  ResidentSetSize of job (KB)
...
006 (017.527.000) 05/09 21:36:19 Image size of job updated: 6818036
	5989  -  MemoryUsage of job (MB)
	6132060  -  ResidentSetSize of job (KB)
...
006 (017.527.000) 05/09 21:36:25 Image size of job updated: 6954228
	6078  -  MemoryUsage of job (MB)
	6223008  -  ResidentSetSize of job (KB)
...
006 (017.527.000) 05/09 21:36:31 Image size of job updated: 6954228
	6169  -  MemoryUsage of job (MB)
	6316332  -  ResidentSetSize of job (KB)
...
006 (017.527.000) 05/09 21:36:37 Image size of job updated: 6954228
	6256  -  MemoryUsage of job (MB)
	6405432  -  ResidentSetSize of job (KB)
...
006 (017.527.000) 05/09 21:36:43 Image size of job updated: 7197940
	6343  -  MemoryUsage of job (MB)
	6494532  -  ResidentSetSize of job (KB)
...
006 (017.527.000) 05/09 21:36:49 Image size of job updated: 7197940
	6430  -  MemoryUsage of job (MB)
	6584292  -  ResidentSetSize of job (KB)
...
006 (017.527.000) 05/09 21:36:55 Image size of job updated: 7421172
	6519  -  MemoryUsage of job (MB)
	6674448  -  ResidentSetSize of job (KB)
...
006 (017.527.000) 05/09 21:37:01 Image size of job updated: 7421172
	6606  -  MemoryUsage of job (MB)
	6764208  -  ResidentSetSize of job (KB)
...
006 (017.527.000) 05/09 21:37:07 Image size of job updated: 7421172
	6693  -  MemoryUsage of job (MB)
	6853044  -  ResidentSetSize of job (KB)
...
006 (017.527.000) 05/09 21:37:13 Image size of job updated: 7664884
	6781  -  MemoryUsage of job (MB)
	6943464  -  ResidentSetSize of job (KB)
...
006 (017.527.000) 05/09 21:37:19 Image size of job updated: 7751924
	6868  -  MemoryUsage of job (MB)
	7032696  -  ResidentSetSize of job (KB)
...
006 (017.527.000) 05/09 21:37:25 Image size of job updated: 7880948
	6957  -  MemoryUsage of job (MB)
	7123248  -  ResidentSetSize of job (KB)
...
006 (017.527.000) 05/09 21:37:31 Image size of job updated: 7880948
	7040  -  MemoryUsage of job (MB)
	7207992  -  ResidentSetSize of job (KB)
...
006 (017.527.000) 05/09 21:37:37 Image size of job updated: 7880948
	7105  -  MemoryUsage of job (MB)
	7274784  -  ResidentSetSize of job (KB)
...
006 (017.527.000) 05/09 21:37:43 Image size of job updated: 8129780
	7193  -  MemoryUsage of job (MB)
	7365468  -  ResidentSetSize of job (KB)
...
006 (017.527.000) 05/09 21:37:49 Image size of job updated: 8175860
	7280  -  MemoryUsage of job (MB)
	7454568  -  ResidentSetSize of job (KB)
...
006 (017.527.000) 05/09 21:37:55 Image size of job updated: 8331508
	7366  -  MemoryUsage of job (MB)
	7542744  -  ResidentSetSize of job (KB)
...
006 (017.527.000) 05/09 21:38:01 Image size of job updated: 8331508
	7453  -  MemoryUsage of job (MB)
	7631316  -  ResidentSetSize of job (KB)
...
006 (017.527.000) 05/09 21:38:07 Image size of job updated: 8331508
	7538  -  MemoryUsage of job (MB)
	7718832  -  ResidentSetSize of job (KB)
...
006 (017.527.000) 05/09 21:38:13 Image size of job updated: 8551668
	7596  -  MemoryUsage of job (MB)
	7778232  -  ResidentSetSize of job (KB)
...
006 (017.527.000) 05/09 21:38:19 Image size of job updated: 8551668
	7643  -  MemoryUsage of job (MB)
	7826280  -  ResidentSetSize of job (KB)
...
006 (017.527.000) 05/09 21:38:25 Image size of job updated: 8551668
	7692  -  MemoryUsage of job (MB)
	7876176  -  ResidentSetSize of job (KB)
...
006 (017.527.000) 05/09 21:38:36 Image size of job updated: 8781044
	7740  -  MemoryUsage of job (MB)
	7924884  -  ResidentSetSize of job (KB)
...
006 (017.527.000) 05/09 21:38:42 Image size of job updated: 8925428
	7835  -  MemoryUsage of job (MB)
	8022168  -  ResidentSetSize of job (KB)
...
006 (017.527.000) 05/09 21:38:48 Image size of job updated: 8925428
	7928  -  MemoryUsage of job (MB)
	8118000  -  ResidentSetSize of job (KB)
...
006 (017.527.000) 05/09 21:38:54 Image size of job updated: 8925428
	8021  -  MemoryUsage of job (MB)
	8212776  -  ResidentSetSize of job (KB)
...
006 (017.527.000) 05/09 21:39:00 Image size of job updated: 9153780
	8109  -  MemoryUsage of job (MB)
	8302800  -  ResidentSetSize of job (KB)
...
006 (017.527.000) 05/09 21:39:06 Image size of job updated: 9153780
	8195  -  MemoryUsage of job (MB)
	8391108  -  ResidentSetSize of job (KB)
...
006 (017.527.000) 05/09 21:39:12 Image size of job updated: 9368820
	8282  -  MemoryUsage of job (MB)
	8480340  -  ResidentSetSize of job (KB)
...
006 (017.527.000) 05/09 21:39:18 Image size of job updated: 9448692
	8368  -  MemoryUsage of job (MB)
	8567856  -  ResidentSetSize of job (KB)
...
006 (017.527.000) 05/09 21:39:24 Image size of job updated: 9541876
	8458  -  MemoryUsage of job (MB)
	8660916  -  ResidentSetSize of job (KB)
...
006 (017.527.000) 05/09 21:39:30 Image size of job updated: 9623796
	8560  -  MemoryUsage of job (MB)
	8765328  -  ResidentSetSize of job (KB)
...
006 (017.527.000) 05/09 21:39:36 Image size of job updated: 9723124
	8665  -  MemoryUsage of job (MB)
	8872248  -  ResidentSetSize of job (KB)
...
006 (017.527.000) 05/09 21:39:42 Image size of job updated: 9948404
	8968  -  MemoryUsage of job (MB)
	9182580  -  ResidentSetSize of job (KB)
...
005 (017.527.000) 05/09 21:39:51 Job terminated.
	(1) Normal termination (return value 0)
		Usr 0 00:27:17, Sys 0 00:00:17  -  Run Remote Usage
		Usr 0 00:00:00, Sys 0 00:00:00  -  Run Local Usage
		Usr 0 00:27:17, Sys 0 00:00:17  -  Total Remote Usage
		Usr 0 00:00:00, Sys 0 00:00:00  -  Total Local Usage
	0  -  Run Bytes Sent By Job
	0  -  Run Bytes Received By Job
	0  -  Total Bytes Sent By Job
	0  -  Total Bytes Received By Job
	Partitionable Resources :      Usage  Request Allocated 
	   Cpus                 :       0.89        1         1 
	   Disk (KB)            : 2000000     2000000   6275465 
	   Memory (MB)          :    8968        1954      2007 
...
