000 (205.4510.000) 05/06 03:19:40 Job submitted from host: <127.0.0.1:9618?addrs=127.0.0.1-9618&noUDP&sock=222_da1d_4>
...
033 (205.4510.000) 05/06 14:22:53 Changing job attribute JobPrio from 0 to -5
...
000 (007.4510.000) 05/07 19:00:12 Job submitted from host: <127.0.0.1:9618?addrs=127.0.0.1-9618&noUDP&sock=215_0cf3_4>
...
000 (016.4510.000) 05/08 15:57:19 Job submitted from host: <127.0.0.1:9618?addrs=127.0.0.1-9618&noUDP&sock=227_4816_4>
...
009 (016.4510.000) 05/09 16:54:49 Job was aborted by the user.
	via condor_rm (by user aw868)
...
000 (017.1177.000) 05/09 17:26:02 Job submitted from host: <127.0.0.1:9618?addrs=127.0.0.1-9618&noUDP&sock=227_4816_4>
...
001 (017.1177.000) 05/10 01:53:24 Job executing on host: <127.0.0.1:9618?addrs=127.0.0.1-9618&noUDP&sock=227_4816_5>
...
006 (017.1177.000) 05/10 01:53:30 Image size of job updated: 2000000
	115  -  MemoryUsage of job (MB)
	116952  -  ResidentSetSize of job (KB)
...
006 (017.1177.000) 05/10 01:54:24 Image size of job updated: 2000000
	145  -  MemoryUsage of job (MB)
	147972  -  ResidentSetSize of job (KB)
...
006 (017.1177.000) 05/10 01:54:30 Image size of job updated: 2000000
	211  -  MemoryUsage of job (MB)
	215424  -  ResidentSetSize of job (KB)
...
006 (017.1177.000) 05/10 01:54:42 Image size of job updated: 2000000
	220  -  MemoryUsage of job (MB)
	224400  -  ResidentSetSize of job (KB)
...
006 (017.1177.000) 05/10 01:54:48 Image size of job updated: 2000000
	234  -  MemoryUsage of job (MB)
	238656  -  ResidentSetSize of job (KB)
...
006 (017.1177.000) 05/10 01:54:54 Image size of job updated: 2000000
	248  -  MemoryUsage of job (MB)
	253044  -  ResidentSetSize of job (KB)
...
006 (017.1177.000) 05/10 01:55:00 Image size of job updated: 2000000
	260  -  MemoryUsage of job (MB)
	265716  -  ResidentSetSize of job (KB)
...
006 (017.1177.000) 05/10 01:55:06 Image size of job updated: 2000000
	268  -  MemoryUsage of job (MB)
	274428  -  ResidentSetSize of job (KB)
...
006 (017.1177.000) 05/10 01:55:12 Image size of job updated: 2000000
	280  -  MemoryUsage of job (MB)
	286308  -  ResidentSetSize of job (KB)
...
006 (017.1177.000) 05/10 01:55:18 Image size of job updated: 2000000
	333  -  MemoryUsage of job (MB)
	340824  -  ResidentSetSize of job (KB)
...
006 (017.1177.000) 05/10 01:55:24 Image size of job updated: 2000000
	378  -  MemoryUsage of job (MB)
	386496  -  ResidentSetSize of job (KB)
...
006 (017.1177.000) 05/10 01:55:30 Image size of job updated: 2000000
	393  -  MemoryUsage of job (MB)
	402204  -  ResidentSetSize of job (KB)
...
006 (017.1177.000) 05/10 01:55:36 Image size of job updated: 2000000
	471  -  MemoryUsage of job (MB)
	481800  -  ResidentSetSize of job (KB)
...
006 (017.1177.000) 05/10 01:55:42 Image size of job updated: 2000000
	528  -  MemoryUsage of job (MB)
	540672  -  ResidentSetSize of job (KB)
...
006 (017.1177.000) 05/10 01:55:48 Image size of job updated: 2000000
	1241  -  MemoryUsage of job (MB)
	1270764  -  ResidentSetSize of job (KB)
...
006 (017.1177.000) 05/10 02:12:00 Image size of job updated: 2000000
	1309  -  MemoryUsage of job (MB)
	1339668  -  ResidentSetSize of job (KB)
...
006 (017.1177.000) 05/10 02:12:05 Image size of job updated: 2000000
	1689  -  MemoryUsage of job (MB)
	1728936  -  ResidentSetSize of job (KB)
...
006 (017.1177.000) 05/10 02:12:10 Image size of job updated: 2700524
	2018  -  MemoryUsage of job (MB)
	2065668  -  ResidentSetSize of job (KB)
...
006 (017.1177.000) 05/10 02:12:30 Image size of job updated: 2761452
	2083  -  MemoryUsage of job (MB)
	2132064  -  ResidentSetSize of job (KB)
...
006 (017.1177.000) 05/10 02:12:35 Image size of job updated: 2761452
	2154  -  MemoryUsage of job (MB)
	2205456  -  ResidentSetSize of job (KB)
...
006 (017.1177.000) 05/10 02:12:40 Image size of job updated: 2890476
	2204  -  MemoryUsage of job (MB)
	2256804  -  ResidentSetSize of job (KB)
...
006 (017.1177.000) 05/10 02:12:45 Image size of job updated: 2890476
	2242  -  MemoryUsage of job (MB)
	2295480  -  ResidentSetSize of job (KB)
...
006 (017.1177.000) 05/10 02:12:50 Image size of job updated: 2890476
	2273  -  MemoryUsage of job (MB)
	2327292  -  ResidentSetSize of job (KB)
...
006 (017.1177.000) 05/10 02:12:55 Image size of job updated: 2890476
	2301  -  MemoryUsage of job (MB)
	2355540  -  ResidentSetSize of job (KB)
...
006 (017.1177.000) 05/10 02:13:00 Image size of job updated: 2994924
	2327  -  MemoryUsage of job (MB)
	2382600  -  ResidentSetSize of job (KB)
...
006 (017.1177.000) 05/10 02:13:05 Image size of job updated: 2994924
	2352  -  MemoryUsage of job (MB)
	2407812  -  ResidentSetSize of job (KB)
...
006 (017.1177.000) 05/10 02:13:10 Image size of job updated: 2994924
	2369  -  MemoryUsage of job (MB)
	2424840  -  ResidentSetSize of job (KB)
...
006 (017.1177.000) 05/10 02:13:15 Image size of job updated: 3087084
	2395  -  MemoryUsage of job (MB)
	2452428  -  ResidentSetSize of job (KB)
...
006 (017.1177.000) 05/10 02:13:20 Image size of job updated: 3101420
	2423  -  MemoryUsage of job (MB)
	2480280  -  ResidentSetSize of job (KB)
...
006 (017.1177.000) 05/10 02:13:25 Image size of job updated: 3101420
	2450  -  MemoryUsage of job (MB)
	2508660  -  ResidentSetSize of job (KB)
...
006 (017.1177.000) 05/10 02:13:30 Image size of job updated: 3159788
	2477  -  MemoryUsage of job (MB)
	2535588  -  ResidentSetSize of job (KB)
...
006 (017.1177.000) 05/10 02:13:35 Image size of job updated: 3159788
	2501  -  MemoryUsage of job (MB)
	2560668  -  ResidentSetSize of job (KB)
...
006 (017.1177.000) 05/10 02:13:40 Image size of job updated: 3159788
	2523  -  MemoryUsage of job (MB)
	2582580  -  ResidentSetSize of job (KB)
...
006 (017.1177.000) 05/10 02:13:48 Image size of job updated: 3255020
	2539  -  MemoryUsage of job (MB)
	2599080  -  ResidentSetSize of job (KB)
...
006 (017.1177.000) 05/10 02:13:58 Image size of job updated: 3303148
	2592  -  MemoryUsage of job (MB)
	2653596  -  ResidentSetSize of job (KB)
...
006 (017.1177.000) 05/10 02:14:06 Image size of job updated: 3352300
	2634  -  MemoryUsage of job (MB)
	2696892  -  ResidentSetSize of job (KB)
...
006 (017.1177.000) 05/10 02:14:12 Image size of job updated: 3380972
	2667  -  MemoryUsage of job (MB)
	2730552  -  ResidentSetSize of job (KB)
...
006 (017.1177.000) 05/10 02:14:18 Image size of job updated: 3380972
	2699  -  MemoryUsage of job (MB)
	2763420  -  ResidentSetSize of job (KB)
...
006 (017.1177.000) 05/10 02:14:24 Image size of job updated: 3380972
	2730  -  MemoryUsage of job (MB)
	2795496  -  ResidentSetSize of job (KB)
...
006 (017.1177.000) 05/10 02:14:30 Image size of job updated: 3468012
	2763  -  MemoryUsage of job (MB)
	2828760  -  ResidentSetSize of job (KB)
...
006 (017.1177.000) 05/10 02:14:36 Image size of job updated: 3468012
	2795  -  MemoryUsage of job (MB)
	2861100  -  ResidentSetSize of job (KB)
...
006 (017.1177.000) 05/10 02:14:42 Image size of job updated: 3543788
	2826  -  MemoryUsage of job (MB)
	2893704  -  ResidentSetSize of job (KB)
...
006 (017.1177.000) 05/10 02:14:48 Image size of job updated: 3581676
	2860  -  MemoryUsage of job (MB)
	2927628  -  ResidentSetSize of job (KB)
...
006 (017.1177.000) 05/10 02:14:54 Image size of job updated: 3581676
	2892  -  MemoryUsage of job (MB)
	2960892  -  ResidentSetSize of job (KB)
...
006 (017.1177.000) 05/10 02:15:00 Image size of job updated: 3626732
	2923  -  MemoryUsage of job (MB)
	2992836  -  ResidentSetSize of job (KB)
...
006 (017.1177.000) 05/10 02:15:06 Image size of job updated: 3626732
	2954  -  MemoryUsage of job (MB)
	3024252  -  ResidentSetSize of job (KB)
...
006 (017.1177.000) 05/10 02:15:12 Image size of job updated: 3705580
	2985  -  MemoryUsage of job (MB)
	3055800  -  ResidentSetSize of job (KB)
...
006 (017.1177.000) 05/10 02:15:18 Image size of job updated: 3705580
	3017  -  MemoryUsage of job (MB)
	3088932  -  ResidentSetSize of job (KB)
...
006 (017.1177.000) 05/10 02:15:24 Image size of job updated: 3705580
	3048  -  MemoryUsage of job (MB)
	3121140  -  ResidentSetSize of job (KB)
...
006 (017.1177.000) 05/10 02:15:30 Image size of job updated: 3786476
	3080  -  MemoryUsage of job (MB)
	3153744  -  ResidentSetSize of job (KB)
...
006 (017.1177.000) 05/10 02:15:36 Image size of job updated: 3786476
	3111  -  MemoryUsage of job (MB)
	3185028  -  ResidentSetSize of job (KB)
...
006 (017.1177.000) 05/10 02:15:42 Image size of job updated: 3864300
	3141  -  MemoryUsage of job (MB)
	3215520  -  ResidentSetSize of job (KB)
...
006 (017.1177.000) 05/10 02:15:48 Image size of job updated: 3879660
	3171  -  MemoryUsage of job (MB)
	3247068  -  ResidentSetSize of job (KB)
...
006 (017.1177.000) 05/10 02:15:54 Image size of job updated: 3879660
	3204  -  MemoryUsage of job (MB)
	3280860  -  ResidentSetSize of job (KB)
...
006 (017.1177.000) 05/10 02:16:00 Image size of job updated: 3961580
	3237  -  MemoryUsage of job (MB)
	3313860  -  ResidentSetSize of job (KB)
...
006 (017.1177.000) 05/10 02:16:06 Image size of job updated: 3961580
	3269  -  MemoryUsage of job (MB)
	3346728  -  ResidentSetSize of job (KB)
...
006 (017.1177.000) 05/10 02:16:12 Image size of job updated: 4028140
	3301  -  MemoryUsage of job (MB)
	3379464  -  ResidentSetSize of job (KB)
...
006 (017.1177.000) 05/10 02:16:18 Image size of job updated: 4028140
	3333  -  MemoryUsage of job (MB)
	3412860  -  ResidentSetSize of job (KB)
...
006 (017.1177.000) 05/10 02:16:24 Image size of job updated: 4028140
	3365  -  MemoryUsage of job (MB)
	3445728  -  ResidentSetSize of job (KB)
...
006 (017.1177.000) 05/10 02:16:30 Image size of job updated: 4130540
	3398  -  MemoryUsage of job (MB)
	3478728  -  ResidentSetSize of job (KB)
...
006 (017.1177.000) 05/10 02:16:36 Image size of job updated: 4159212
	3430  -  MemoryUsage of job (MB)
	3511860  -  ResidentSetSize of job (KB)
...
006 (017.1177.000) 05/10 02:16:42 Image size of job updated: 4193004
	3463  -  MemoryUsage of job (MB)
	3545124  -  ResidentSetSize of job (KB)
...
006 (017.1177.000) 05/10 02:16:48 Image size of job updated: 4222700
	3497  -  MemoryUsage of job (MB)
	3579972  -  ResidentSetSize of job (KB)
...
006 (017.1177.000) 05/10 02:16:54 Image size of job updated: 4250348
	3538  -  MemoryUsage of job (MB)
	3622476  -  ResidentSetSize of job (KB)
...
006 (017.1177.000) 05/10 02:17:00 Image size of job updated: 4290284
	3575  -  MemoryUsage of job (MB)
	3659832  -  ResidentSetSize of job (KB)
...
006 (017.1177.000) 05/10 02:17:06 Image size of job updated: 4290284
	3606  -  MemoryUsage of job (MB)
	3691644  -  ResidentSetSize of job (KB)
...
006 (017.1177.000) 05/10 02:17:12 Image size of job updated: 4370156
	3637  -  MemoryUsage of job (MB)
	3723720  -  ResidentSetSize of job (KB)
...
006 (017.1177.000) 05/10 02:17:18 Image size of job updated: 4398828
	3668  -  MemoryUsage of job (MB)
	3755928  -  ResidentSetSize of job (KB)
...
006 (017.1177.000) 05/10 02:17:24 Image size of job updated: 4398828
	3699  -  MemoryUsage of job (MB)
	3787740  -  ResidentSetSize of job (KB)
...
006 (017.1177.000) 05/10 02:17:30 Image size of job updated: 4449004
	3731  -  MemoryUsage of job (MB)
	3819816  -  ResidentSetSize of job (KB)
...
006 (017.1177.000) 05/10 02:17:36 Image size of job updated: 4449004
	3766  -  MemoryUsage of job (MB)
	3856380  -  ResidentSetSize of job (KB)
...
006 (017.1177.000) 05/10 02:17:42 Image size of job updated: 4545260
	3803  -  MemoryUsage of job (MB)
	3893604  -  ResidentSetSize of job (KB)
...
006 (017.1177.000) 05/10 02:17:48 Image size of job updated: 4545260
	3835  -  MemoryUsage of job (MB)
	3926472  -  ResidentSetSize of job (KB)
...
006 (017.1177.000) 05/10 02:17:54 Image size of job updated: 4545260
	3867  -  MemoryUsage of job (MB)
	3958944  -  ResidentSetSize of job (KB)
...
006 (017.1177.000) 05/10 02:18:00 Image size of job updated: 4627180
	3898  -  MemoryUsage of job (MB)
	3991284  -  ResidentSetSize of job (KB)
...
006 (017.1177.000) 05/10 02:18:06 Image size of job updated: 4627180
	3931  -  MemoryUsage of job (MB)
	4025340  -  ResidentSetSize of job (KB)
...
006 (017.1177.000) 05/10 02:18:12 Image size of job updated: 4627180
	3963  -  MemoryUsage of job (MB)
	4057284  -  ResidentSetSize of job (KB)
...
006 (017.1177.000) 05/10 02:18:18 Image size of job updated: 4719340
	3994  -  MemoryUsage of job (MB)
	4089360  -  ResidentSetSize of job (KB)
...
006 (017.1177.000) 05/10 02:18:24 Image size of job updated: 4719340
	4025  -  MemoryUsage of job (MB)
	4121040  -  ResidentSetSize of job (KB)
...
006 (017.1177.000) 05/10 02:18:30 Image size of job updated: 4798188
	4056  -  MemoryUsage of job (MB)
	4152456  -  ResidentSetSize of job (KB)
...
006 (017.1177.000) 05/10 02:18:36 Image size of job updated: 4798188
	4086  -  MemoryUsage of job (MB)
	4184004  -  ResidentSetSize of job (KB)
...
006 (017.1177.000) 05/10 02:18:42 Image size of job updated: 4798188
	4136  -  MemoryUsage of job (MB)
	4234956  -  ResidentSetSize of job (KB)
...
006 (017.1177.000) 05/10 02:18:48 Image size of job updated: 4987628
	4271  -  MemoryUsage of job (MB)
	4372632  -  ResidentSetSize of job (KB)
...
005 (017.1177.000) 05/10 02:18:57 Job terminated.
	(1) Normal termination (return value 0)
		Usr 0 00:24:18, Sys 0 00:00:08  -  Run Remote Usage
		Usr 0 00:00:00, Sys 0 00:00:00  -  Run Local Usage
		Usr 0 00:24:18, Sys 0 00:00:08  -  Total Remote Usage
		Usr 0 00:00:00, Sys 0 00:00:00  -  Total Local Usage
	0  -  Run Bytes Sent By Job
	0  -  Run Bytes Received By Job
	0  -  Total Bytes Sent By Job
	0  -  Total Bytes Received By Job
	Partitionable Resources :      Usage  Request Allocated 
	   Cpus                 :       0.87        1         1 
	   Disk (KB)            : 2000000     2000000   6275465 
	   Memory (MB)          :    4271        1954      2007 
...
