000 (040.4872.000) 04/27 18:44:14 Job submitted from host: <127.0.0.1:9618?addrs=127.0.0.1-9618&noUDP&sock=222_da1d_4>
...
001 (040.4872.000) 04/28 06:51:29 Job executing on host: <127.0.0.1:9618?addrs=127.0.0.1-9618&noUDP&sock=222_da1d_5>
...
006 (040.4872.000) 04/28 06:51:35 Image size of job updated: 428208
	419  -  MemoryUsage of job (MB)
	428208  -  ResidentSetSize of job (KB)
...
006 (040.4872.000) 04/28 06:51:41 Image size of job updated: 690756
	664  -  MemoryUsage of job (MB)
	679800  -  ResidentSetSize of job (KB)
...
006 (040.4872.000) 04/28 06:51:47 Image size of job updated: 695376
	665  -  MemoryUsage of job (MB)
	680196  -  ResidentSetSize of job (KB)
...
005 (040.4872.000) 04/28 06:54:06 Job terminated.
	(1) Normal termination (return value 0)
		Usr 0 00:02:33, Sys 0 00:00:00  -  Run Remote Usage
		Usr 0 00:00:00, Sys 0 00:00:00  -  Run Local Usage
		Usr 0 00:02:33, Sys 0 00:00:00  -  Total Remote Usage
		Usr 0 00:00:00, Sys 0 00:00:00  -  Total Local Usage
	0  -  Run Bytes Sent By Job
	0  -  Run Bytes Received By Job
	0  -  Total Bytes Sent By Job
	0  -  Total Bytes Received By Job
	Partitionable Resources :    Usage  Request Allocated 
	   Cpus                 :     0.99        1         1 
	   Disk (KB)            :     1           1   6540465 
	   Memory (MB)          :   665           1      2007 
...
