000 (182.041.000) 05/05 20:11:31 Job submitted from host: <127.0.0.1:9618?addrs=127.0.0.1-9618&noUDP&sock=222_da1d_4>
...
001 (182.041.000) 05/05 20:50:50 Job executing on host: <127.0.0.1:9618?addrs=127.0.0.1-9618&noUDP&sock=222_da1d_5>
...
006 (182.041.000) 05/05 20:50:57 Image size of job updated: 2000000
	101  -  MemoryUsage of job (MB)
	102960  -  ResidentSetSize of job (KB)
...
006 (182.041.000) 05/05 20:51:22 Image size of job updated: 2000000
	118  -  MemoryUsage of job (MB)
	119988  -  ResidentSetSize of job (KB)
...
006 (182.041.000) 05/05 20:51:27 Image size of job updated: 2000000
	173  -  MemoryUsage of job (MB)
	176616  -  ResidentSetSize of job (KB)
...
006 (182.041.000) 05/05 20:51:41 Image size of job updated: 2000000
	176  -  MemoryUsage of job (MB)
	179388  -  ResidentSetSize of job (KB)
...
006 (182.041.000) 05/05 20:52:09 Image size of job updated: 2000000
	226  -  MemoryUsage of job (MB)
	230604  -  ResidentSetSize of job (KB)
...
006 (182.041.000) 05/05 20:52:31 Image size of job updated: 2000000
	304  -  MemoryUsage of job (MB)
	310332  -  ResidentSetSize of job (KB)
...
006 (182.041.000) 05/05 20:52:44 Image size of job updated: 2000000
	368  -  MemoryUsage of job (MB)
	375936  -  ResidentSetSize of job (KB)
...
006 (182.041.000) 05/05 20:52:52 Image size of job updated: 2000000
	465  -  MemoryUsage of job (MB)
	476124  -  ResidentSetSize of job (KB)
...
006 (182.041.000) 05/05 20:53:00 Image size of job updated: 2000000
	1164  -  MemoryUsage of job (MB)
	1191432  -  ResidentSetSize of job (KB)
...
006 (182.041.000) 05/05 21:06:06 Image size of job updated: 2000000
	1186  -  MemoryUsage of job (MB)
	1213740  -  ResidentSetSize of job (KB)
...
006 (182.041.000) 05/05 21:06:11 Image size of job updated: 2201484
	1559  -  MemoryUsage of job (MB)
	1596144  -  ResidentSetSize of job (KB)
...
006 (182.041.000) 05/05 21:06:17 Image size of job updated: 2325196
	1895  -  MemoryUsage of job (MB)
	1939476  -  ResidentSetSize of job (KB)
...
006 (182.041.000) 05/05 21:06:23 Image size of job updated: 2325196
	1946  -  MemoryUsage of job (MB)
	1991880  -  ResidentSetSize of job (KB)
...
006 (182.041.000) 05/05 21:06:29 Image size of job updated: 2706412
	2026  -  MemoryUsage of job (MB)
	2073984  -  ResidentSetSize of job (KB)
...
006 (182.041.000) 05/05 21:06:35 Image size of job updated: 2706412
	2102  -  MemoryUsage of job (MB)
	2151732  -  ResidentSetSize of job (KB)
...
006 (182.041.000) 05/05 21:06:41 Image size of job updated: 2706412
	2177  -  MemoryUsage of job (MB)
	2228688  -  ResidentSetSize of job (KB)
...
006 (182.041.000) 05/05 21:06:47 Image size of job updated: 2897900
	2256  -  MemoryUsage of job (MB)
	2309868  -  ResidentSetSize of job (KB)
...
006 (182.041.000) 05/05 21:06:53 Image size of job updated: 2971628
	2335  -  MemoryUsage of job (MB)
	2390784  -  ResidentSetSize of job (KB)
...
006 (182.041.000) 05/05 21:06:59 Image size of job updated: 3103724
	2417  -  MemoryUsage of job (MB)
	2474340  -  ResidentSetSize of job (KB)
...
006 (182.041.000) 05/05 21:07:05 Image size of job updated: 3182572
	2496  -  MemoryUsage of job (MB)
	2554992  -  ResidentSetSize of job (KB)
...
006 (182.041.000) 05/05 21:07:11 Image size of job updated: 3182572
	2569  -  MemoryUsage of job (MB)
	2630232  -  ResidentSetSize of job (KB)
...
006 (182.041.000) 05/05 21:07:17 Image size of job updated: 3300332
	2648  -  MemoryUsage of job (MB)
	2711016  -  ResidentSetSize of job (KB)
...
006 (182.041.000) 05/05 21:07:23 Image size of job updated: 3435500
	2729  -  MemoryUsage of job (MB)
	2793648  -  ResidentSetSize of job (KB)
...
006 (182.041.000) 05/05 21:07:29 Image size of job updated: 3515372
	2807  -  MemoryUsage of job (MB)
	2873640  -  ResidentSetSize of job (KB)
...
006 (182.041.000) 05/05 21:07:35 Image size of job updated: 3515372
	2884  -  MemoryUsage of job (MB)
	2953104  -  ResidentSetSize of job (KB)
...
006 (182.041.000) 05/05 21:07:41 Image size of job updated: 3515372
	2964  -  MemoryUsage of job (MB)
	3034284  -  ResidentSetSize of job (KB)
...
006 (182.041.000) 05/05 21:07:47 Image size of job updated: 3710956
	3042  -  MemoryUsage of job (MB)
	3114276  -  ResidentSetSize of job (KB)
...
006 (182.041.000) 05/05 21:07:53 Image size of job updated: 3710956
	3124  -  MemoryUsage of job (MB)
	3198888  -  ResidentSetSize of job (KB)
...
006 (182.041.000) 05/05 21:07:59 Image size of job updated: 3912684
	3201  -  MemoryUsage of job (MB)
	3277428  -  ResidentSetSize of job (KB)
...
006 (182.041.000) 05/05 21:08:05 Image size of job updated: 3912684
	3279  -  MemoryUsage of job (MB)
	3357156  -  ResidentSetSize of job (KB)
...
006 (182.041.000) 05/05 21:08:11 Image size of job updated: 3912684
	3357  -  MemoryUsage of job (MB)
	3436752  -  ResidentSetSize of job (KB)
...
006 (182.041.000) 05/05 21:08:17 Image size of job updated: 4112364
	3434  -  MemoryUsage of job (MB)
	3516348  -  ResidentSetSize of job (KB)
...
006 (182.041.000) 05/05 21:08:23 Image size of job updated: 4112364
	3510  -  MemoryUsage of job (MB)
	3593436  -  ResidentSetSize of job (KB)
...
006 (182.041.000) 05/05 21:08:29 Image size of job updated: 4308972
	3580  -  MemoryUsage of job (MB)
	3665904  -  ResidentSetSize of job (KB)
...
006 (182.041.000) 05/05 21:08:35 Image size of job updated: 4374508
	3652  -  MemoryUsage of job (MB)
	3738768  -  ResidentSetSize of job (KB)
...
006 (182.041.000) 05/05 21:08:41 Image size of job updated: 4453356
	3724  -  MemoryUsage of job (MB)
	3813348  -  ResidentSetSize of job (KB)
...
006 (182.041.000) 05/05 21:08:47 Image size of job updated: 4492268
	3795  -  MemoryUsage of job (MB)
	3886080  -  ResidentSetSize of job (KB)
...
006 (182.041.000) 05/05 21:08:53 Image size of job updated: 4492268
	3868  -  MemoryUsage of job (MB)
	3960000  -  ResidentSetSize of job (KB)
...
006 (182.041.000) 05/05 21:08:59 Image size of job updated: 4674540
	3939  -  MemoryUsage of job (MB)
	4032600  -  ResidentSetSize of job (KB)
...
006 (182.041.000) 05/05 21:09:05 Image size of job updated: 4674540
	4013  -  MemoryUsage of job (MB)
	4108500  -  ResidentSetSize of job (KB)
...
006 (182.041.000) 05/05 21:09:11 Image size of job updated: 4674540
	4083  -  MemoryUsage of job (MB)
	4180704  -  ResidentSetSize of job (KB)
...
006 (182.041.000) 05/05 21:09:17 Image size of job updated: 4858860
	4155  -  MemoryUsage of job (MB)
	4254624  -  ResidentSetSize of job (KB)
...
006 (182.041.000) 05/05 21:09:23 Image size of job updated: 4951020
	4227  -  MemoryUsage of job (MB)
	4328148  -  ResidentSetSize of job (KB)
...
006 (182.041.000) 05/05 21:09:29 Image size of job updated: 5045228
	4308  -  MemoryUsage of job (MB)
	4410780  -  ResidentSetSize of job (KB)
...
006 (182.041.000) 05/05 21:09:35 Image size of job updated: 5045228
	4384  -  MemoryUsage of job (MB)
	4488792  -  ResidentSetSize of job (KB)
...
006 (182.041.000) 05/05 21:09:41 Image size of job updated: 5045228
	4459  -  MemoryUsage of job (MB)
	4565616  -  ResidentSetSize of job (KB)
...
006 (182.041.000) 05/05 21:09:47 Image size of job updated: 5243884
	4529  -  MemoryUsage of job (MB)
	4637424  -  ResidentSetSize of job (KB)
...
006 (182.041.000) 05/05 21:09:53 Image size of job updated: 5243884
	4598  -  MemoryUsage of job (MB)
	4708176  -  ResidentSetSize of job (KB)
...
006 (182.041.000) 05/05 21:09:59 Image size of job updated: 5423084
	4670  -  MemoryUsage of job (MB)
	4781568  -  ResidentSetSize of job (KB)
...
006 (182.041.000) 05/05 21:10:05 Image size of job updated: 5423084
	4741  -  MemoryUsage of job (MB)
	4853904  -  ResidentSetSize of job (KB)
...
006 (182.041.000) 05/05 21:10:11 Image size of job updated: 5423084
	4832  -  MemoryUsage of job (MB)
	4947360  -  ResidentSetSize of job (KB)
...
006 (182.041.000) 05/05 21:10:17 Image size of job updated: 5640172
	4920  -  MemoryUsage of job (MB)
	5038044  -  ResidentSetSize of job (KB)
...
006 (182.041.000) 05/05 21:10:23 Image size of job updated: 5640172
	4984  -  MemoryUsage of job (MB)
	5103516  -  ResidentSetSize of job (KB)
...
006 (182.041.000) 05/05 21:10:35 Image size of job updated: 5874668
	5049  -  MemoryUsage of job (MB)
	5169252  -  ResidentSetSize of job (KB)
...
006 (182.041.000) 05/05 21:10:41 Image size of job updated: 5874668
	5115  -  MemoryUsage of job (MB)
	5236968  -  ResidentSetSize of job (KB)
...
006 (182.041.000) 05/05 21:10:49 Image size of job updated: 6018028
	5158  -  MemoryUsage of job (MB)
	5281320  -  ResidentSetSize of job (KB)
...
006 (182.041.000) 05/05 21:10:54 Image size of job updated: 6033388
	5216  -  MemoryUsage of job (MB)
	5340720  -  ResidentSetSize of job (KB)
...
006 (182.041.000) 05/05 21:10:59 Image size of job updated: 6095852
	5274  -  MemoryUsage of job (MB)
	5399724  -  ResidentSetSize of job (KB)
...
006 (182.041.000) 05/05 21:11:04 Image size of job updated: 6202348
	5331  -  MemoryUsage of job (MB)
	5458860  -  ResidentSetSize of job (KB)
...
006 (182.041.000) 05/05 21:11:10 Image size of job updated: 6202348
	5360  -  MemoryUsage of job (MB)
	5488164  -  ResidentSetSize of job (KB)
...
006 (182.041.000) 05/05 21:11:17 Image size of job updated: 6257644
	5410  -  MemoryUsage of job (MB)
	5539776  -  ResidentSetSize of job (KB)
...
006 (182.041.000) 05/05 21:11:29 Image size of job updated: 6472684
	5604  -  MemoryUsage of job (MB)
	5737908  -  ResidentSetSize of job (KB)
...
006 (182.041.000) 05/05 21:11:38 Image size of job updated: 6566892
	5715  -  MemoryUsage of job (MB)
	5851428  -  ResidentSetSize of job (KB)
...
006 (182.041.000) 05/05 21:11:44 Image size of job updated: 6566892
	5787  -  MemoryUsage of job (MB)
	5925612  -  ResidentSetSize of job (KB)
...
006 (182.041.000) 05/05 21:11:49 Image size of job updated: 6751212
	5831  -  MemoryUsage of job (MB)
	5970888  -  ResidentSetSize of job (KB)
...
006 (182.041.000) 05/05 21:11:54 Image size of job updated: 6772716
	5854  -  MemoryUsage of job (MB)
	5993724  -  ResidentSetSize of job (KB)
...
006 (182.041.000) 05/05 21:11:59 Image size of job updated: 6840300
	5914  -  MemoryUsage of job (MB)
	6054972  -  ResidentSetSize of job (KB)
...
006 (182.041.000) 05/05 21:12:04 Image size of job updated: 6919148
	5975  -  MemoryUsage of job (MB)
	6117804  -  ResidentSetSize of job (KB)
...
006 (182.041.000) 05/05 21:12:09 Image size of job updated: 6919148
	6035  -  MemoryUsage of job (MB)
	6179052  -  ResidentSetSize of job (KB)
...
006 (182.041.000) 05/05 21:12:14 Image size of job updated: 6919148
	6075  -  MemoryUsage of job (MB)
	6220632  -  ResidentSetSize of job (KB)
...
006 (182.041.000) 05/05 21:12:19 Image size of job updated: 6919148
	6075  -  MemoryUsage of job (MB)
	6220764  -  ResidentSetSize of job (KB)
...
005 (182.041.000) 05/05 21:12:20 Job terminated.
	(0) Abnormal termination (signal 9)
	(0) No core file
		Usr 0 00:20:05, Sys 0 00:00:20  -  Run Remote Usage
		Usr 0 00:00:00, Sys 0 00:00:00  -  Run Local Usage
		Usr 0 00:20:05, Sys 0 00:00:20  -  Total Remote Usage
		Usr 0 00:00:00, Sys 0 00:00:00  -  Total Local Usage
	0  -  Run Bytes Sent By Job
	0  -  Run Bytes Received By Job
	0  -  Total Bytes Sent By Job
	0  -  Total Bytes Received By Job
	Partitionable Resources :      Usage  Request Allocated 
	   Cpus                 :       1.00        1         1 
	   Disk (KB)            : 2000000     2000000   6540465 
	   Memory (MB)          :    6075        1954      2007 
...
000 (200.009.000) 05/06 02:31:07 Job submitted from host: <127.0.0.1:9618?addrs=127.0.0.1-9618&noUDP&sock=222_da1d_4>
...
001 (200.009.000) 05/06 13:14:37 Job executing on host: <127.0.0.1:9618?addrs=127.0.0.1-9618&noUDP&sock=222_da1d_5>
...
006 (200.009.000) 05/06 13:14:46 Image size of job updated: 2000000
	37  -  MemoryUsage of job (MB)
	37488  -  ResidentSetSize of job (KB)
...
006 (200.009.000) 05/06 13:15:48 Image size of job updated: 2000000
	100  -  MemoryUsage of job (MB)
	102168  -  ResidentSetSize of job (KB)
...
006 (200.009.000) 05/06 13:16:54 Image size of job updated: 2000000
	139  -  MemoryUsage of job (MB)
	142296  -  ResidentSetSize of job (KB)
...
006 (200.009.000) 05/06 13:17:48 Image size of job updated: 2000000
	213  -  MemoryUsage of job (MB)
	217932  -  ResidentSetSize of job (KB)
...
006 (200.009.000) 05/06 13:18:31 Image size of job updated: 2000000
	293  -  MemoryUsage of job (MB)
	299508  -  ResidentSetSize of job (KB)
...
006 (200.009.000) 05/06 13:18:59 Image size of job updated: 2000000
	320  -  MemoryUsage of job (MB)
	327492  -  ResidentSetSize of job (KB)
...
006 (200.009.000) 05/06 13:19:16 Image size of job updated: 2000000
	370  -  MemoryUsage of job (MB)
	378312  -  ResidentSetSize of job (KB)
...
006 (200.009.000) 05/06 13:19:32 Image size of job updated: 2000000
	464  -  MemoryUsage of job (MB)
	474540  -  ResidentSetSize of job (KB)
...
006 (200.009.000) 05/06 13:19:56 Image size of job updated: 2000000
	1161  -  MemoryUsage of job (MB)
	1188792  -  ResidentSetSize of job (KB)
...
006 (200.009.000) 05/06 13:33:23 Image size of job updated: 2000000
	1167  -  MemoryUsage of job (MB)
	1194996  -  ResidentSetSize of job (KB)
...
006 (200.009.000) 05/06 13:33:30 Image size of job updated: 2000000
	1482  -  MemoryUsage of job (MB)
	1517208  -  ResidentSetSize of job (KB)
...
006 (200.009.000) 05/06 13:34:24 Image size of job updated: 2270668
	1543  -  MemoryUsage of job (MB)
	1579116  -  ResidentSetSize of job (KB)
...
006 (200.009.000) 05/06 13:36:52 Image size of job updated: 4218860
	3388  -  MemoryUsage of job (MB)
	3468960  -  ResidentSetSize of job (KB)
...
006 (200.009.000) 05/06 13:38:49 Image size of job updated: 5287916
	4359  -  MemoryUsage of job (MB)
	4462920  -  ResidentSetSize of job (KB)
...
006 (200.009.000) 05/06 13:40:00 Image size of job updated: 5840876
	4931  -  MemoryUsage of job (MB)
	5049132  -  ResidentSetSize of job (KB)
...
006 (200.009.000) 05/06 13:40:42 Image size of job updated: 6167532
	5178  -  MemoryUsage of job (MB)
	5301912  -  ResidentSetSize of job (KB)
...
006 (200.009.000) 05/06 13:41:08 Image size of job updated: 6441964
	5391  -  MemoryUsage of job (MB)
	5519580  -  ResidentSetSize of job (KB)
...
006 (200.009.000) 05/06 13:41:25 Image size of job updated: 6476780
	5562  -  MemoryUsage of job (MB)
	5694744  -  ResidentSetSize of job (KB)
...
006 (200.009.000) 05/06 13:41:39 Image size of job updated: 6693868
	5567  -  MemoryUsage of job (MB)
	5700552  -  ResidentSetSize of job (KB)
...
006 (200.009.000) 05/06 13:41:54 Image size of job updated: 6818796
	5660  -  MemoryUsage of job (MB)
	5795460  -  ResidentSetSize of job (KB)
...
006 (200.009.000) 05/06 13:42:21 Image size of job updated: 6872044
	5700  -  MemoryUsage of job (MB)
	5836380  -  ResidentSetSize of job (KB)
...
006 (200.009.000) 05/06 13:42:42 Image size of job updated: 7073772
	5836  -  MemoryUsage of job (MB)
	5975244  -  ResidentSetSize of job (KB)
...
006 (200.009.000) 05/06 13:42:58 Image size of job updated: 7144428
	5895  -  MemoryUsage of job (MB)
	6036228  -  ResidentSetSize of job (KB)
...
006 (200.009.000) 05/06 13:43:08 Image size of job updated: 7144428
	5969  -  MemoryUsage of job (MB)
	6111468  -  ResidentSetSize of job (KB)
...
006 (200.009.000) 05/06 13:43:20 Image size of job updated: 7289836
	5978  -  MemoryUsage of job (MB)
	6120972  -  ResidentSetSize of job (KB)
...
006 (200.009.000) 05/06 13:43:38 Image size of job updated: 7420908
	6116  -  MemoryUsage of job (MB)
	6262080  -  ResidentSetSize of job (KB)
...
005 (200.009.000) 05/06 13:43:38 Job terminated.
	(0) Abnormal termination (signal 9)
	(0) No core file
		Usr 0 00:19:34, Sys 0 00:03:22  -  Run Remote Usage
		Usr 0 00:00:00, Sys 0 00:00:00  -  Run Local Usage
		Usr 0 00:19:34, Sys 0 00:03:22  -  Total Remote Usage
		Usr 0 00:00:00, Sys 0 00:00:00  -  Total Local Usage
	0  -  Run Bytes Sent By Job
	0  -  Run Bytes Received By Job
	0  -  Total Bytes Sent By Job
	0  -  Total Bytes Received By Job
	Partitionable Resources :      Usage  Request Allocated 
	   Cpus                 :       0.97        1         1 
	   Disk (KB)            : 2000000     2000000   6540465 
	   Memory (MB)          :    6116        1954      2007 
...
