000 (173.299.000) 05/05 01:07:09 Job submitted from host: <127.0.0.1:9618?addrs=127.0.0.1-9618&noUDP&sock=222_da1d_4>
...
001 (173.299.000) 05/05 02:39:12 Job executing on host: <127.0.0.1:9618?addrs=127.0.0.1-9618&noUDP&sock=222_da1d_5>
...
006 (173.299.000) 05/05 02:39:17 Image size of job updated: 2000000
	101  -  MemoryUsage of job (MB)
	103092  -  ResidentSetSize of job (KB)
...
006 (173.299.000) 05/05 02:39:42 Image size of job updated: 2000000
	145  -  MemoryUsage of job (MB)
	147708  -  ResidentSetSize of job (KB)
...
006 (173.299.000) 05/05 02:39:47 Image size of job updated: 2000000
	184  -  MemoryUsage of job (MB)
	188100  -  ResidentSetSize of job (KB)
...
006 (173.299.000) 05/05 02:39:52 Image size of job updated: 2000000
	185  -  MemoryUsage of job (MB)
	188496  -  ResidentSetSize of job (KB)
...
006 (173.299.000) 05/05 02:39:57 Image size of job updated: 2000000
	190  -  MemoryUsage of job (MB)
	194172  -  ResidentSetSize of job (KB)
...
006 (173.299.000) 05/05 02:40:02 Image size of job updated: 2000000
	200  -  MemoryUsage of job (MB)
	204072  -  ResidentSetSize of job (KB)
...
006 (173.299.000) 05/05 02:40:07 Image size of job updated: 2000000
	209  -  MemoryUsage of job (MB)
	213972  -  ResidentSetSize of job (KB)
...
006 (173.299.000) 05/05 02:40:12 Image size of job updated: 2000000
	217  -  MemoryUsage of job (MB)
	221892  -  ResidentSetSize of job (KB)
...
006 (173.299.000) 05/05 02:40:17 Image size of job updated: 2000000
	228  -  MemoryUsage of job (MB)
	233244  -  ResidentSetSize of job (KB)
...
006 (173.299.000) 05/05 02:40:22 Image size of job updated: 2000000
	238  -  MemoryUsage of job (MB)
	243012  -  ResidentSetSize of job (KB)
...
006 (173.299.000) 05/05 02:40:27 Image size of job updated: 2000000
	262  -  MemoryUsage of job (MB)
	267960  -  ResidentSetSize of job (KB)
...
006 (173.299.000) 05/05 02:40:32 Image size of job updated: 2000000
	300  -  MemoryUsage of job (MB)
	306504  -  ResidentSetSize of job (KB)
...
006 (173.299.000) 05/05 02:40:37 Image size of job updated: 2000000
	329  -  MemoryUsage of job (MB)
	336204  -  ResidentSetSize of job (KB)
...
006 (173.299.000) 05/05 02:40:42 Image size of job updated: 2000000
	367  -  MemoryUsage of job (MB)
	375144  -  ResidentSetSize of job (KB)
...
006 (173.299.000) 05/05 02:40:47 Image size of job updated: 2000000
	423  -  MemoryUsage of job (MB)
	432696  -  ResidentSetSize of job (KB)
...
006 (173.299.000) 05/05 02:40:52 Image size of job updated: 2000000
	470  -  MemoryUsage of job (MB)
	481272  -  ResidentSetSize of job (KB)
...
006 (173.299.000) 05/05 02:40:57 Image size of job updated: 2000000
	1169  -  MemoryUsage of job (MB)
	1196316  -  ResidentSetSize of job (KB)
...
006 (173.299.000) 05/05 02:55:56 Image size of job updated: 2000000
	1171  -  MemoryUsage of job (MB)
	1198296  -  ResidentSetSize of job (KB)
...
006 (173.299.000) 05/05 02:56:02 Image size of job updated: 2000000
	1241  -  MemoryUsage of job (MB)
	1270236  -  ResidentSetSize of job (KB)
...
006 (173.299.000) 05/05 02:56:08 Image size of job updated: 2193292
	1591  -  MemoryUsage of job (MB)
	1628352  -  ResidentSetSize of job (KB)
...
006 (173.299.000) 05/05 02:56:14 Image size of job updated: 2193292
	1693  -  MemoryUsage of job (MB)
	1732632  -  ResidentSetSize of job (KB)
...
006 (173.299.000) 05/05 02:56:20 Image size of job updated: 2193292
	1885  -  MemoryUsage of job (MB)
	1929708  -  ResidentSetSize of job (KB)
...
006 (173.299.000) 05/05 02:56:26 Image size of job updated: 2561004
	1885  -  MemoryUsage of job (MB)
	1929708  -  ResidentSetSize of job (KB)
...
006 (173.299.000) 05/05 02:57:20 Image size of job updated: 2561004
	1885  -  MemoryUsage of job (MB)
	1930104  -  ResidentSetSize of job (KB)
...
006 (173.299.000) 05/05 02:57:26 Image size of job updated: 2561004
	1885  -  MemoryUsage of job (MB)
	1930236  -  ResidentSetSize of job (KB)
...
006 (173.299.000) 05/05 02:57:44 Image size of job updated: 2561004
	1886  -  MemoryUsage of job (MB)
	1930368  -  ResidentSetSize of job (KB)
...
006 (173.299.000) 05/05 02:57:50 Image size of job updated: 2561004
	1886  -  MemoryUsage of job (MB)
	1930500  -  ResidentSetSize of job (KB)
...
006 (173.299.000) 05/05 02:57:56 Image size of job updated: 2561004
	1886  -  MemoryUsage of job (MB)
	1930632  -  ResidentSetSize of job (KB)
...
006 (173.299.000) 05/05 02:58:02 Image size of job updated: 2561004
	1886  -  MemoryUsage of job (MB)
	1930764  -  ResidentSetSize of job (KB)
...
006 (173.299.000) 05/05 02:58:08 Image size of job updated: 2561004
	1886  -  MemoryUsage of job (MB)
	1930896  -  ResidentSetSize of job (KB)
...
006 (173.299.000) 05/05 02:58:14 Image size of job updated: 2561004
	1887  -  MemoryUsage of job (MB)
	1932216  -  ResidentSetSize of job (KB)
...
006 (173.299.000) 05/05 02:58:20 Image size of job updated: 2561004
	1889  -  MemoryUsage of job (MB)
	1933404  -  ResidentSetSize of job (KB)
...
006 (173.299.000) 05/05 02:58:26 Image size of job updated: 2565100
	1890  -  MemoryUsage of job (MB)
	1934592  -  ResidentSetSize of job (KB)
...
006 (173.299.000) 05/05 02:58:32 Image size of job updated: 2565100
	1892  -  MemoryUsage of job (MB)
	1937232  -  ResidentSetSize of job (KB)
...
006 (173.299.000) 05/05 02:58:38 Image size of job updated: 2565100
	1893  -  MemoryUsage of job (MB)
	1937892  -  ResidentSetSize of job (KB)
...
006 (173.299.000) 05/05 02:58:44 Image size of job updated: 2568172
	2101  -  MemoryUsage of job (MB)
	2151204  -  ResidentSetSize of job (KB)
...
005 (173.299.000) 05/05 02:58:49 Job terminated.
	(1) Normal termination (return value 0)
		Usr 0 00:19:12, Sys 0 00:00:02  -  Run Remote Usage
		Usr 0 00:00:00, Sys 0 00:00:00  -  Run Local Usage
		Usr 0 00:19:12, Sys 0 00:00:02  -  Total Remote Usage
		Usr 0 00:00:00, Sys 0 00:00:00  -  Total Local Usage
	0  -  Run Bytes Sent By Job
	0  -  Run Bytes Received By Job
	0  -  Total Bytes Sent By Job
	0  -  Total Bytes Received By Job
	Partitionable Resources :      Usage  Request Allocated 
	   Cpus                 :       1.00        1         1 
	   Disk (KB)            : 2000000     2000000   6540465 
	   Memory (MB)          :    2101        1954      2007 
...
