000 (154.028.000) 05/04 15:59:32 Job submitted from host: <127.0.0.1:9618?addrs=127.0.0.1-9618&noUDP&sock=222_da1d_4>
...
001 (154.028.000) 05/04 16:20:32 Job executing on host: <127.0.0.1:9618?addrs=127.0.0.1-9618&noUDP&sock=222_da1d_5>
...
006 (154.028.000) 05/04 16:20:37 Image size of job updated: 357512
	335  -  MemoryUsage of job (MB)
	342672  -  ResidentSetSize of job (KB)
...
006 (154.028.000) 05/04 16:20:42 Image size of job updated: 596456
	571  -  MemoryUsage of job (MB)
	583836  -  ResidentSetSize of job (KB)
...
006 (154.028.000) 05/04 16:20:45 Image size of job updated: 598684
	571  -  MemoryUsage of job (MB)
	583836  -  ResidentSetSize of job (KB)
...
005 (154.028.000) 05/04 16:20:45 Job terminated.
	(1) Normal termination (return value 1)
		Usr 0 00:00:12, Sys 0 00:00:00  -  Run Remote Usage
		Usr 0 00:00:00, Sys 0 00:00:00  -  Run Local Usage
		Usr 0 00:00:12, Sys 0 00:00:00  -  Total Remote Usage
		Usr 0 00:00:00, Sys 0 00:00:00  -  Total Local Usage
	0  -  Run Bytes Sent By Job
	0  -  Run Bytes Received By Job
	0  -  Total Bytes Sent By Job
	0  -  Total Bytes Received By Job
	Partitionable Resources :    Usage  Request Allocated 
	   Cpus                 :     0.99        1         1 
	   Disk (KB)            :     1           1   6540465 
	   Memory (MB)          :   571           1      2007 
...
