000 (205.6675.000) 05/06 03:20:55 Job submitted from host: <127.0.0.1:9618?addrs=127.0.0.1-9618&noUDP&sock=222_da1d_4>
...
033 (205.6675.000) 05/06 14:23:39 Changing job attribute JobPrio from 0 to -5
...
000 (007.6675.000) 05/07 19:00:38 Job submitted from host: <127.0.0.1:9618?addrs=127.0.0.1-9618&noUDP&sock=215_0cf3_4>
...
000 (016.6675.000) 05/08 15:57:43 Job submitted from host: <127.0.0.1:9618?addrs=127.0.0.1-9618&noUDP&sock=227_4816_4>
...
009 (016.6675.000) 05/09 16:55:32 Job was aborted by the user.
	via condor_rm (by user aw868)
...
000 (017.3342.000) 05/09 17:26:21 Job submitted from host: <127.0.0.1:9618?addrs=127.0.0.1-9618&noUDP&sock=227_4816_4>
...
001 (017.3342.000) 05/10 17:31:44 Job executing on host: <127.0.0.1:9618?addrs=127.0.0.1-9618&noUDP&sock=227_4816_5>
...
006 (017.3342.000) 05/10 17:31:50 Image size of job updated: 2000000
	115  -  MemoryUsage of job (MB)
	117084  -  ResidentSetSize of job (KB)
...
006 (017.3342.000) 05/10 17:32:14 Image size of job updated: 2000000
	118  -  MemoryUsage of job (MB)
	120252  -  ResidentSetSize of job (KB)
...
006 (017.3342.000) 05/10 17:32:20 Image size of job updated: 2000000
	192  -  MemoryUsage of job (MB)
	196548  -  ResidentSetSize of job (KB)
...
006 (017.3342.000) 05/10 17:32:26 Image size of job updated: 2000000
	211  -  MemoryUsage of job (MB)
	215424  -  ResidentSetSize of job (KB)
...
006 (017.3342.000) 05/10 17:32:32 Image size of job updated: 2000000
	212  -  MemoryUsage of job (MB)
	216084  -  ResidentSetSize of job (KB)
...
006 (017.3342.000) 05/10 17:32:38 Image size of job updated: 2000000
	223  -  MemoryUsage of job (MB)
	227436  -  ResidentSetSize of job (KB)
...
006 (017.3342.000) 05/10 17:32:44 Image size of job updated: 2000000
	234  -  MemoryUsage of job (MB)
	239184  -  ResidentSetSize of job (KB)
...
006 (017.3342.000) 05/10 17:32:50 Image size of job updated: 2000000
	245  -  MemoryUsage of job (MB)
	250800  -  ResidentSetSize of job (KB)
...
006 (017.3342.000) 05/10 17:32:56 Image size of job updated: 2000000
	255  -  MemoryUsage of job (MB)
	260304  -  ResidentSetSize of job (KB)
...
006 (017.3342.000) 05/10 17:33:02 Image size of job updated: 2000000
	265  -  MemoryUsage of job (MB)
	270864  -  ResidentSetSize of job (KB)
...
006 (017.3342.000) 05/10 17:33:08 Image size of job updated: 2000000
	272  -  MemoryUsage of job (MB)
	278388  -  ResidentSetSize of job (KB)
...
006 (017.3342.000) 05/10 17:33:14 Image size of job updated: 2000000
	295  -  MemoryUsage of job (MB)
	301884  -  ResidentSetSize of job (KB)
...
006 (017.3342.000) 05/10 17:33:20 Image size of job updated: 2000000
	343  -  MemoryUsage of job (MB)
	350460  -  ResidentSetSize of job (KB)
...
006 (017.3342.000) 05/10 17:33:26 Image size of job updated: 2000000
	380  -  MemoryUsage of job (MB)
	388344  -  ResidentSetSize of job (KB)
...
006 (017.3342.000) 05/10 17:33:32 Image size of job updated: 2000000
	381  -  MemoryUsage of job (MB)
	389136  -  ResidentSetSize of job (KB)
...
006 (017.3342.000) 05/10 17:33:38 Image size of job updated: 2000000
	479  -  MemoryUsage of job (MB)
	489588  -  ResidentSetSize of job (KB)
...
006 (017.3342.000) 05/10 17:33:44 Image size of job updated: 2000000
	548  -  MemoryUsage of job (MB)
	560208  -  ResidentSetSize of job (KB)
...
006 (017.3342.000) 05/10 17:33:50 Image size of job updated: 2000000
	1243  -  MemoryUsage of job (MB)
	1272084  -  ResidentSetSize of job (KB)
...
006 (017.3342.000) 05/10 17:50:36 Image size of job updated: 2000000
	1608  -  MemoryUsage of job (MB)
	1646568  -  ResidentSetSize of job (KB)
...
006 (017.3342.000) 05/10 17:50:42 Image size of job updated: 2000000
	1722  -  MemoryUsage of job (MB)
	1762860  -  ResidentSetSize of job (KB)
...
006 (017.3342.000) 05/10 17:50:48 Image size of job updated: 2654448
	1964  -  MemoryUsage of job (MB)
	2010492  -  ResidentSetSize of job (KB)
...
006 (017.3342.000) 05/10 17:50:54 Image size of job updated: 2654448
	2062  -  MemoryUsage of job (MB)
	2110944  -  ResidentSetSize of job (KB)
...
006 (017.3342.000) 05/10 17:51:05 Image size of job updated: 2654448
	2154  -  MemoryUsage of job (MB)
	2205588  -  ResidentSetSize of job (KB)
...
006 (017.3342.000) 05/10 17:51:21 Image size of job updated: 2953456
	2397  -  MemoryUsage of job (MB)
	2454144  -  ResidentSetSize of job (KB)
...
006 (017.3342.000) 05/10 17:51:34 Image size of job updated: 3231984
	2569  -  MemoryUsage of job (MB)
	2629968  -  ResidentSetSize of job (KB)
...
006 (017.3342.000) 05/10 17:51:42 Image size of job updated: 3358960
	2676  -  MemoryUsage of job (MB)
	2739396  -  ResidentSetSize of job (KB)
...
006 (017.3342.000) 05/10 17:51:48 Image size of job updated: 3441904
	2757  -  MemoryUsage of job (MB)
	2822424  -  ResidentSetSize of job (KB)
...
006 (017.3342.000) 05/10 17:51:54 Image size of job updated: 3521776
	2838  -  MemoryUsage of job (MB)
	2905320  -  ResidentSetSize of job (KB)
...
006 (017.3342.000) 05/10 17:52:00 Image size of job updated: 3521776
	2919  -  MemoryUsage of job (MB)
	2988744  -  ResidentSetSize of job (KB)
...
006 (017.3342.000) 05/10 17:52:06 Image size of job updated: 3521776
	3001  -  MemoryUsage of job (MB)
	3072300  -  ResidentSetSize of job (KB)
...
006 (017.3342.000) 05/10 17:52:12 Image size of job updated: 3721456
	3082  -  MemoryUsage of job (MB)
	3155460  -  ResidentSetSize of job (KB)
...
006 (017.3342.000) 05/10 17:52:18 Image size of job updated: 3721456
	3158  -  MemoryUsage of job (MB)
	3233736  -  ResidentSetSize of job (KB)
...
006 (017.3342.000) 05/10 17:52:24 Image size of job updated: 3947760
	3238  -  MemoryUsage of job (MB)
	3315048  -  ResidentSetSize of job (KB)
...
006 (017.3342.000) 05/10 17:52:30 Image size of job updated: 4036848
	3312  -  MemoryUsage of job (MB)
	3390552  -  ResidentSetSize of job (KB)
...
006 (017.3342.000) 05/10 17:52:36 Image size of job updated: 4036848
	3391  -  MemoryUsage of job (MB)
	3471864  -  ResidentSetSize of job (KB)
...
006 (017.3342.000) 05/10 17:52:42 Image size of job updated: 4150512
	3472  -  MemoryUsage of job (MB)
	3555024  -  ResidentSetSize of job (KB)
...
006 (017.3342.000) 05/10 17:52:48 Image size of job updated: 4273392
	3555  -  MemoryUsage of job (MB)
	3639372  -  ResidentSetSize of job (KB)
...
006 (017.3342.000) 05/10 17:52:54 Image size of job updated: 4376816
	3635  -  MemoryUsage of job (MB)
	3722004  -  ResidentSetSize of job (KB)
...
006 (017.3342.000) 05/10 17:53:00 Image size of job updated: 4376816
	3717  -  MemoryUsage of job (MB)
	3805296  -  ResidentSetSize of job (KB)
...
006 (017.3342.000) 05/10 17:53:06 Image size of job updated: 4497648
	3799  -  MemoryUsage of job (MB)
	3889380  -  ResidentSetSize of job (KB)
...
006 (017.3342.000) 05/10 17:53:12 Image size of job updated: 4568304
	3880  -  MemoryUsage of job (MB)
	3972144  -  ResidentSetSize of job (KB)
...
006 (017.3342.000) 05/10 17:53:18 Image size of job updated: 4568304
	3962  -  MemoryUsage of job (MB)
	4056624  -  ResidentSetSize of job (KB)
...
006 (017.3342.000) 05/10 17:53:24 Image size of job updated: 4778224
	4047  -  MemoryUsage of job (MB)
	4143612  -  ResidentSetSize of job (KB)
...
006 (017.3342.000) 05/10 17:53:30 Image size of job updated: 4778224
	4127  -  MemoryUsage of job (MB)
	4225980  -  ResidentSetSize of job (KB)
...
006 (017.3342.000) 05/10 17:53:36 Image size of job updated: 4778224
	4210  -  MemoryUsage of job (MB)
	4310064  -  ResidentSetSize of job (KB)
...
006 (017.3342.000) 05/10 17:53:42 Image size of job updated: 4987120
	4291  -  MemoryUsage of job (MB)
	4393092  -  ResidentSetSize of job (KB)
...
006 (017.3342.000) 05/10 17:53:48 Image size of job updated: 4987120
	4373  -  MemoryUsage of job (MB)
	4477044  -  ResidentSetSize of job (KB)
...
006 (017.3342.000) 05/10 17:53:54 Image size of job updated: 5221616
	4463  -  MemoryUsage of job (MB)
	4569312  -  ResidentSetSize of job (KB)
...
006 (017.3342.000) 05/10 17:54:00 Image size of job updated: 5279984
	4542  -  MemoryUsage of job (MB)
	4650624  -  ResidentSetSize of job (KB)
...
006 (017.3342.000) 05/10 17:54:06 Image size of job updated: 5279984
	4638  -  MemoryUsage of job (MB)
	4748964  -  ResidentSetSize of job (KB)
...
006 (017.3342.000) 05/10 17:54:12 Image size of job updated: 5432560
	4748  -  MemoryUsage of job (MB)
	4861296  -  ResidentSetSize of job (KB)
...
006 (017.3342.000) 05/10 17:54:18 Image size of job updated: 5432560
	4857  -  MemoryUsage of job (MB)
	4973232  -  ResidentSetSize of job (KB)
...
006 (017.3342.000) 05/10 17:54:24 Image size of job updated: 5701872
	4949  -  MemoryUsage of job (MB)
	5067216  -  ResidentSetSize of job (KB)
...
006 (017.3342.000) 05/10 17:54:30 Image size of job updated: 5701872
	5017  -  MemoryUsage of job (MB)
	5136516  -  ResidentSetSize of job (KB)
...
006 (017.3342.000) 05/10 17:54:35 Image size of job updated: 5701872
	5083  -  MemoryUsage of job (MB)
	5204760  -  ResidentSetSize of job (KB)
...
006 (017.3342.000) 05/10 17:54:40 Image size of job updated: 5905648
	5149  -  MemoryUsage of job (MB)
	5271684  -  ResidentSetSize of job (KB)
...
006 (017.3342.000) 05/10 17:54:45 Image size of job updated: 5905648
	5216  -  MemoryUsage of job (MB)
	5340192  -  ResidentSetSize of job (KB)
...
006 (017.3342.000) 05/10 17:54:50 Image size of job updated: 5905648
	5283  -  MemoryUsage of job (MB)
	5408964  -  ResidentSetSize of job (KB)
...
006 (017.3342.000) 05/10 17:54:55 Image size of job updated: 6127856
	5350  -  MemoryUsage of job (MB)
	5477868  -  ResidentSetSize of job (KB)
...
006 (017.3342.000) 05/10 17:55:00 Image size of job updated: 6199536
	5417  -  MemoryUsage of job (MB)
	5546112  -  ResidentSetSize of job (KB)
...
006 (017.3342.000) 05/10 17:55:05 Image size of job updated: 6199536
	5484  -  MemoryUsage of job (MB)
	5614884  -  ResidentSetSize of job (KB)
...
006 (017.3342.000) 05/10 17:55:10 Image size of job updated: 6199536
	5549  -  MemoryUsage of job (MB)
	5681280  -  ResidentSetSize of job (KB)
...
006 (017.3342.000) 05/10 17:55:15 Image size of job updated: 6350064
	5613  -  MemoryUsage of job (MB)
	5747676  -  ResidentSetSize of job (KB)
...
006 (017.3342.000) 05/10 17:55:20 Image size of job updated: 6350064
	5674  -  MemoryUsage of job (MB)
	5809188  -  ResidentSetSize of job (KB)
...
006 (017.3342.000) 05/10 17:55:25 Image size of job updated: 6483184
	5739  -  MemoryUsage of job (MB)
	5876376  -  ResidentSetSize of job (KB)
...
006 (017.3342.000) 05/10 17:55:30 Image size of job updated: 6615280
	5805  -  MemoryUsage of job (MB)
	5943828  -  ResidentSetSize of job (KB)
...
006 (017.3342.000) 05/10 17:55:35 Image size of job updated: 6615280
	5872  -  MemoryUsage of job (MB)
	6012864  -  ResidentSetSize of job (KB)
...
006 (017.3342.000) 05/10 17:55:40 Image size of job updated: 6615280
	5942  -  MemoryUsage of job (MB)
	6083616  -  ResidentSetSize of job (KB)
...
006 (017.3342.000) 05/10 17:55:45 Image size of job updated: 6615280
	5997  -  MemoryUsage of job (MB)
	6140772  -  ResidentSetSize of job (KB)
...
006 (017.3342.000) 05/10 17:55:50 Image size of job updated: 6839536
	6038  -  MemoryUsage of job (MB)
	6182352  -  ResidentSetSize of job (KB)
...
006 (017.3342.000) 05/10 17:55:55 Image size of job updated: 6839536
	6087  -  MemoryUsage of job (MB)
	6232512  -  ResidentSetSize of job (KB)
...
006 (017.3342.000) 05/10 17:56:00 Image size of job updated: 6975728
	6160  -  MemoryUsage of job (MB)
	6306960  -  ResidentSetSize of job (KB)
...
006 (017.3342.000) 05/10 17:56:05 Image size of job updated: 7073008
	6233  -  MemoryUsage of job (MB)
	6382200  -  ResidentSetSize of job (KB)
...
006 (017.3342.000) 05/10 17:56:10 Image size of job updated: 7073008
	6303  -  MemoryUsage of job (MB)
	6454008  -  ResidentSetSize of job (KB)
...
006 (017.3342.000) 05/10 17:56:15 Image size of job updated: 7073008
	6341  -  MemoryUsage of job (MB)
	6492552  -  ResidentSetSize of job (KB)
...
006 (017.3342.000) 05/10 17:56:20 Image size of job updated: 7303408
	6371  -  MemoryUsage of job (MB)
	6522912  -  ResidentSetSize of job (KB)
...
006 (017.3342.000) 05/10 17:56:25 Image size of job updated: 7303408
	6437  -  MemoryUsage of job (MB)
	6590628  -  ResidentSetSize of job (KB)
...
006 (017.3342.000) 05/10 17:56:30 Image size of job updated: 7389424
	6503  -  MemoryUsage of job (MB)
	6659004  -  ResidentSetSize of job (KB)
...
006 (017.3342.000) 05/10 17:56:35 Image size of job updated: 7471344
	6570  -  MemoryUsage of job (MB)
	6727380  -  ResidentSetSize of job (KB)
...
006 (017.3342.000) 05/10 17:56:40 Image size of job updated: 7471344
	6656  -  MemoryUsage of job (MB)
	6815424  -  ResidentSetSize of job (KB)
...
006 (017.3342.000) 05/10 17:56:45 Image size of job updated: 7471344
	6727  -  MemoryUsage of job (MB)
	6888156  -  ResidentSetSize of job (KB)
...
006 (017.3342.000) 05/10 17:56:50 Image size of job updated: 7720176
	6795  -  MemoryUsage of job (MB)
	6957456  -  ResidentSetSize of job (KB)
...
006 (017.3342.000) 05/10 17:56:55 Image size of job updated: 7765232
	6863  -  MemoryUsage of job (MB)
	7027548  -  ResidentSetSize of job (KB)
...
006 (017.3342.000) 05/10 17:57:00 Image size of job updated: 7831792
	6932  -  MemoryUsage of job (MB)
	7097904  -  ResidentSetSize of job (KB)
...
006 (017.3342.000) 05/10 17:57:05 Image size of job updated: 7946480
	7000  -  MemoryUsage of job (MB)
	7167996  -  ResidentSetSize of job (KB)
...
006 (017.3342.000) 05/10 17:57:10 Image size of job updated: 7946480
	7070  -  MemoryUsage of job (MB)
	7239012  -  ResidentSetSize of job (KB)
...
006 (017.3342.000) 05/10 17:57:15 Image size of job updated: 7946480
	7139  -  MemoryUsage of job (MB)
	7309764  -  ResidentSetSize of job (KB)
...
006 (017.3342.000) 05/10 17:57:20 Image size of job updated: 8157424
	7208  -  MemoryUsage of job (MB)
	7380120  -  ResidentSetSize of job (KB)
...
006 (017.3342.000) 05/10 17:57:25 Image size of job updated: 8188144
	7277  -  MemoryUsage of job (MB)
	7450740  -  ResidentSetSize of job (KB)
...
006 (017.3342.000) 05/10 17:57:30 Image size of job updated: 8188144
	7345  -  MemoryUsage of job (MB)
	7521096  -  ResidentSetSize of job (KB)
...
006 (017.3342.000) 05/10 17:57:35 Image size of job updated: 8368368
	7414  -  MemoryUsage of job (MB)
	7591584  -  ResidentSetSize of job (KB)
...
006 (017.3342.000) 05/10 17:57:40 Image size of job updated: 8368368
	7484  -  MemoryUsage of job (MB)
	7663128  -  ResidentSetSize of job (KB)
...
006 (017.3342.000) 05/10 17:57:45 Image size of job updated: 8368368
	7557  -  MemoryUsage of job (MB)
	7737840  -  ResidentSetSize of job (KB)
...
006 (017.3342.000) 05/10 17:57:50 Image size of job updated: 8591600
	7626  -  MemoryUsage of job (MB)
	7808592  -  ResidentSetSize of job (KB)
...
006 (017.3342.000) 05/10 17:57:55 Image size of job updated: 8591600
	7697  -  MemoryUsage of job (MB)
	7880928  -  ResidentSetSize of job (KB)
...
006 (017.3342.000) 05/10 17:58:00 Image size of job updated: 8591600
	7743  -  MemoryUsage of job (MB)
	7928052  -  ResidentSetSize of job (KB)
...
006 (017.3342.000) 05/10 17:58:05 Image size of job updated: 8591600
	7759  -  MemoryUsage of job (MB)
	7944684  -  ResidentSetSize of job (KB)
...
006 (017.3342.000) 05/10 17:58:12 Image size of job updated: 8809712
	7759  -  MemoryUsage of job (MB)
	7944684  -  ResidentSetSize of job (KB)
...
006 (017.3342.000) 05/10 17:58:17 Image size of job updated: 8814832
	7759  -  MemoryUsage of job (MB)
	7944684  -  ResidentSetSize of job (KB)
...
006 (017.3342.000) 05/10 17:58:22 Image size of job updated: 8893680
	7811  -  MemoryUsage of job (MB)
	7997484  -  ResidentSetSize of job (KB)
...
006 (017.3342.000) 05/10 17:58:27 Image size of job updated: 8913136
	7878  -  MemoryUsage of job (MB)
	8066520  -  ResidentSetSize of job (KB)
...
006 (017.3342.000) 05/10 17:58:32 Image size of job updated: 8978672
	7945  -  MemoryUsage of job (MB)
	8135292  -  ResidentSetSize of job (KB)
...
006 (017.3342.000) 05/10 17:58:37 Image size of job updated: 8978672
	8013  -  MemoryUsage of job (MB)
	8204328  -  ResidentSetSize of job (KB)
...
006 (017.3342.000) 05/10 17:58:42 Image size of job updated: 9145584
	8203  -  MemoryUsage of job (MB)
	8399160  -  ResidentSetSize of job (KB)
...
006 (017.3342.000) 05/10 17:58:47 Image size of job updated: 9341168
	8394  -  MemoryUsage of job (MB)
	8595180  -  ResidentSetSize of job (KB)
...
006 (017.3342.000) 05/10 17:58:52 Image size of job updated: 9365744
	8402  -  MemoryUsage of job (MB)
	8602968  -  ResidentSetSize of job (KB)
...
006 (017.3342.000) 05/10 17:58:55 Image size of job updated: 9365744
	8402  -  MemoryUsage of job (MB)
	8603100  -  ResidentSetSize of job (KB)
...
005 (017.3342.000) 05/10 17:58:55 Job terminated.
	(1) Normal termination (return value 0)
		Usr 0 00:25:56, Sys 0 00:00:19  -  Run Remote Usage
		Usr 0 00:00:00, Sys 0 00:00:00  -  Run Local Usage
		Usr 0 00:25:56, Sys 0 00:00:19  -  Total Remote Usage
		Usr 0 00:00:00, Sys 0 00:00:00  -  Total Local Usage
	0  -  Run Bytes Sent By Job
	0  -  Run Bytes Received By Job
	0  -  Total Bytes Sent By Job
	0  -  Total Bytes Received By Job
	Partitionable Resources :      Usage  Request Allocated 
	   Cpus                 :       0.96        1         1 
	   Disk (KB)            : 2000000     2000000   6275465 
	   Memory (MB)          :    8402        1954      2007 
...
