000 (173.227.000) 05/05 01:07:08 Job submitted from host: <127.0.0.1:9618?addrs=127.0.0.1-9618&noUDP&sock=222_da1d_4>
...
001 (173.227.000) 05/05 02:18:13 Job executing on host: <127.0.0.1:9618?addrs=127.0.0.1-9618&noUDP&sock=222_da1d_5>
...
006 (173.227.000) 05/05 02:18:19 Image size of job updated: 2000000
	101  -  MemoryUsage of job (MB)
	102960  -  ResidentSetSize of job (KB)
...
006 (173.227.000) 05/05 02:18:43 Image size of job updated: 2000000
	176  -  MemoryUsage of job (MB)
	180048  -  ResidentSetSize of job (KB)
...
006 (173.227.000) 05/05 02:18:49 Image size of job updated: 2000000
	184  -  MemoryUsage of job (MB)
	187968  -  ResidentSetSize of job (KB)
...
006 (173.227.000) 05/05 02:18:55 Image size of job updated: 2000000
	192  -  MemoryUsage of job (MB)
	195888  -  ResidentSetSize of job (KB)
...
006 (173.227.000) 05/05 02:19:01 Image size of job updated: 2000000
	203  -  MemoryUsage of job (MB)
	207108  -  ResidentSetSize of job (KB)
...
006 (173.227.000) 05/05 02:19:07 Image size of job updated: 2000000
	212  -  MemoryUsage of job (MB)
	216876  -  ResidentSetSize of job (KB)
...
006 (173.227.000) 05/05 02:19:13 Image size of job updated: 2000000
	231  -  MemoryUsage of job (MB)
	235884  -  ResidentSetSize of job (KB)
...
006 (173.227.000) 05/05 02:19:19 Image size of job updated: 2000000
	234  -  MemoryUsage of job (MB)
	239316  -  ResidentSetSize of job (KB)
...
006 (173.227.000) 05/05 02:19:26 Image size of job updated: 2000000
	243  -  MemoryUsage of job (MB)
	248556  -  ResidentSetSize of job (KB)
...
006 (173.227.000) 05/05 02:19:31 Image size of job updated: 2000000
	282  -  MemoryUsage of job (MB)
	287760  -  ResidentSetSize of job (KB)
...
006 (173.227.000) 05/05 02:19:36 Image size of job updated: 2000000
	312  -  MemoryUsage of job (MB)
	318912  -  ResidentSetSize of job (KB)
...
006 (173.227.000) 05/05 02:19:41 Image size of job updated: 2000000
	328  -  MemoryUsage of job (MB)
	335676  -  ResidentSetSize of job (KB)
...
006 (173.227.000) 05/05 02:19:46 Image size of job updated: 2000000
	376  -  MemoryUsage of job (MB)
	384384  -  ResidentSetSize of job (KB)
...
006 (173.227.000) 05/05 02:19:51 Image size of job updated: 2000000
	428  -  MemoryUsage of job (MB)
	438108  -  ResidentSetSize of job (KB)
...
006 (173.227.000) 05/05 02:19:56 Image size of job updated: 2000000
	473  -  MemoryUsage of job (MB)
	483384  -  ResidentSetSize of job (KB)
...
006 (173.227.000) 05/05 02:20:01 Image size of job updated: 2000000
	1168  -  MemoryUsage of job (MB)
	1195788  -  ResidentSetSize of job (KB)
...
006 (173.227.000) 05/05 02:32:06 Image size of job updated: 2000000
	1170  -  MemoryUsage of job (MB)
	1197768  -  ResidentSetSize of job (KB)
...
006 (173.227.000) 05/05 02:32:11 Image size of job updated: 2000000
	1200  -  MemoryUsage of job (MB)
	1227864  -  ResidentSetSize of job (KB)
...
006 (173.227.000) 05/05 02:32:16 Image size of job updated: 2000000
	1253  -  MemoryUsage of job (MB)
	1282248  -  ResidentSetSize of job (KB)
...
006 (173.227.000) 05/05 02:32:21 Image size of job updated: 2217972
	1619  -  MemoryUsage of job (MB)
	1657524  -  ResidentSetSize of job (KB)
...
006 (173.227.000) 05/05 02:32:26 Image size of job updated: 2317004
	1687  -  MemoryUsage of job (MB)
	1727088  -  ResidentSetSize of job (KB)
...
006 (173.227.000) 05/05 02:32:31 Image size of job updated: 2317004
	1884  -  MemoryUsage of job (MB)
	1928784  -  ResidentSetSize of job (KB)
...
006 (173.227.000) 05/05 02:32:36 Image size of job updated: 2317004
	1885  -  MemoryUsage of job (MB)
	1929972  -  ResidentSetSize of job (KB)
...
006 (173.227.000) 05/05 02:32:41 Image size of job updated: 2563556
	1892  -  MemoryUsage of job (MB)
	1937100  -  ResidentSetSize of job (KB)
...
006 (173.227.000) 05/05 02:32:46 Image size of job updated: 2563556
	1896  -  MemoryUsage of job (MB)
	1941324  -  ResidentSetSize of job (KB)
...
006 (173.227.000) 05/05 02:32:51 Image size of job updated: 2563556
	1901  -  MemoryUsage of job (MB)
	1946604  -  ResidentSetSize of job (KB)
...
006 (173.227.000) 05/05 02:32:56 Image size of job updated: 2579940
	1906  -  MemoryUsage of job (MB)
	1950828  -  ResidentSetSize of job (KB)
...
006 (173.227.000) 05/05 02:33:01 Image size of job updated: 2583012
	1909  -  MemoryUsage of job (MB)
	1954656  -  ResidentSetSize of job (KB)
...
006 (173.227.000) 05/05 02:33:06 Image size of job updated: 2583012
	1915  -  MemoryUsage of job (MB)
	1960332  -  ResidentSetSize of job (KB)
...
006 (173.227.000) 05/05 02:33:11 Image size of job updated: 2593252
	1918  -  MemoryUsage of job (MB)
	1963368  -  ResidentSetSize of job (KB)
...
006 (173.227.000) 05/05 02:33:16 Image size of job updated: 2595300
	1922  -  MemoryUsage of job (MB)
	1968120  -  ResidentSetSize of job (KB)
...
006 (173.227.000) 05/05 02:33:21 Image size of job updated: 2603492
	1928  -  MemoryUsage of job (MB)
	1973532  -  ResidentSetSize of job (KB)
...
006 (173.227.000) 05/05 02:33:26 Image size of job updated: 2608612
	1932  -  MemoryUsage of job (MB)
	1977888  -  ResidentSetSize of job (KB)
...
006 (173.227.000) 05/05 02:33:31 Image size of job updated: 2608612
	1936  -  MemoryUsage of job (MB)
	1982376  -  ResidentSetSize of job (KB)
...
006 (173.227.000) 05/05 02:33:36 Image size of job updated: 2608612
	1942  -  MemoryUsage of job (MB)
	1987788  -  ResidentSetSize of job (KB)
...
006 (173.227.000) 05/05 02:33:41 Image size of job updated: 2622948
	1946  -  MemoryUsage of job (MB)
	1992012  -  ResidentSetSize of job (KB)
...
006 (173.227.000) 05/05 02:33:46 Image size of job updated: 2628068
	1950  -  MemoryUsage of job (MB)
	1996368  -  ResidentSetSize of job (KB)
...
006 (173.227.000) 05/05 02:33:51 Image size of job updated: 2632164
	1955  -  MemoryUsage of job (MB)
	2000988  -  ResidentSetSize of job (KB)
...
006 (173.227.000) 05/05 02:33:56 Image size of job updated: 2635236
	1959  -  MemoryUsage of job (MB)
	2005212  -  ResidentSetSize of job (KB)
...
006 (173.227.000) 05/05 02:34:01 Image size of job updated: 2640356
	1963  -  MemoryUsage of job (MB)
	2010096  -  ResidentSetSize of job (KB)
...
006 (173.227.000) 05/05 02:34:06 Image size of job updated: 2640356
	1967  -  MemoryUsage of job (MB)
	2014056  -  ResidentSetSize of job (KB)
...
006 (173.227.000) 05/05 02:34:11 Image size of job updated: 2651620
	1974  -  MemoryUsage of job (MB)
	2020524  -  ResidentSetSize of job (KB)
...
006 (173.227.000) 05/05 02:34:16 Image size of job updated: 2651620
	1978  -  MemoryUsage of job (MB)
	2024880  -  ResidentSetSize of job (KB)
...
006 (173.227.000) 05/05 02:34:21 Image size of job updated: 2651620
	1982  -  MemoryUsage of job (MB)
	2029236  -  ResidentSetSize of job (KB)
...
006 (173.227.000) 05/05 02:34:26 Image size of job updated: 2663908
	1988  -  MemoryUsage of job (MB)
	2034912  -  ResidentSetSize of job (KB)
...
006 (173.227.000) 05/05 02:34:31 Image size of job updated: 2669028
	1993  -  MemoryUsage of job (MB)
	2040456  -  ResidentSetSize of job (KB)
...
006 (173.227.000) 05/05 02:34:36 Image size of job updated: 2674148
	1997  -  MemoryUsage of job (MB)
	2044416  -  ResidentSetSize of job (KB)
...
006 (173.227.000) 05/05 02:34:41 Image size of job updated: 2678244
	2003  -  MemoryUsage of job (MB)
	2050224  -  ResidentSetSize of job (KB)
...
006 (173.227.000) 05/05 02:34:46 Image size of job updated: 2683364
	2007  -  MemoryUsage of job (MB)
	2054844  -  ResidentSetSize of job (KB)
...
006 (173.227.000) 05/05 02:34:51 Image size of job updated: 2683364
	2013  -  MemoryUsage of job (MB)
	2060784  -  ResidentSetSize of job (KB)
...
006 (173.227.000) 05/05 02:34:56 Image size of job updated: 2694628
	2018  -  MemoryUsage of job (MB)
	2065536  -  ResidentSetSize of job (KB)
...
006 (173.227.000) 05/05 02:35:01 Image size of job updated: 2700772
	2024  -  MemoryUsage of job (MB)
	2072268  -  ResidentSetSize of job (KB)
...
006 (173.227.000) 05/05 02:35:06 Image size of job updated: 2706916
	2028  -  MemoryUsage of job (MB)
	2076228  -  ResidentSetSize of job (KB)
...
006 (173.227.000) 05/05 02:35:11 Image size of job updated: 2709988
	2033  -  MemoryUsage of job (MB)
	2081244  -  ResidentSetSize of job (KB)
...
006 (173.227.000) 05/05 02:35:16 Image size of job updated: 2717156
	2038  -  MemoryUsage of job (MB)
	2086788  -  ResidentSetSize of job (KB)
...
006 (173.227.000) 05/05 02:35:21 Image size of job updated: 2722276
	2043  -  MemoryUsage of job (MB)
	2091672  -  ResidentSetSize of job (KB)
...
006 (173.227.000) 05/05 02:35:26 Image size of job updated: 2724324
	2048  -  MemoryUsage of job (MB)
	2097084  -  ResidentSetSize of job (KB)
...
006 (173.227.000) 05/05 02:35:31 Image size of job updated: 2734564
	2054  -  MemoryUsage of job (MB)
	2102628  -  ResidentSetSize of job (KB)
...
006 (173.227.000) 05/05 02:35:36 Image size of job updated: 2734564
	2058  -  MemoryUsage of job (MB)
	2106984  -  ResidentSetSize of job (KB)
...
006 (173.227.000) 05/05 02:35:41 Image size of job updated: 2734564
	2063  -  MemoryUsage of job (MB)
	2112000  -  ResidentSetSize of job (KB)
...
006 (173.227.000) 05/05 02:35:46 Image size of job updated: 2748900
	2068  -  MemoryUsage of job (MB)
	2117148  -  ResidentSetSize of job (KB)
...
006 (173.227.000) 05/05 02:35:51 Image size of job updated: 2748900
	2073  -  MemoryUsage of job (MB)
	2122032  -  ResidentSetSize of job (KB)
...
006 (173.227.000) 05/05 02:35:56 Image size of job updated: 2758116
	2078  -  MemoryUsage of job (MB)
	2127048  -  ResidentSetSize of job (KB)
...
006 (173.227.000) 05/05 02:36:01 Image size of job updated: 2758116
	2083  -  MemoryUsage of job (MB)
	2132460  -  ResidentSetSize of job (KB)
...
006 (173.227.000) 05/05 02:36:06 Image size of job updated: 2764260
	2088  -  MemoryUsage of job (MB)
	2137872  -  ResidentSetSize of job (KB)
...
006 (173.227.000) 05/05 02:36:11 Image size of job updated: 2764260
	2208  -  MemoryUsage of job (MB)
	2260896  -  ResidentSetSize of job (KB)
...
006 (173.227.000) 05/05 02:36:16 Image size of job updated: 2764260
	2300  -  MemoryUsage of job (MB)
	2354484  -  ResidentSetSize of job (KB)
...
006 (173.227.000) 05/05 02:36:19 Image size of job updated: 2984932
	2300  -  MemoryUsage of job (MB)
	2354484  -  ResidentSetSize of job (KB)
...
005 (173.227.000) 05/05 02:36:19 Job terminated.
	(1) Normal termination (return value 0)
		Usr 0 00:17:42, Sys 0 00:00:02  -  Run Remote Usage
		Usr 0 00:00:00, Sys 0 00:00:00  -  Run Local Usage
		Usr 0 00:17:42, Sys 0 00:00:02  -  Total Remote Usage
		Usr 0 00:00:00, Sys 0 00:00:00  -  Total Local Usage
	0  -  Run Bytes Sent By Job
	0  -  Run Bytes Received By Job
	0  -  Total Bytes Sent By Job
	0  -  Total Bytes Received By Job
	Partitionable Resources :      Usage  Request Allocated 
	   Cpus                 :       0.99        1         1 
	   Disk (KB)            : 2000000     2000000   6540465 
	   Memory (MB)          :    2300        1954      2007 
...
