000 (205.10567.000) 05/06 03:22:50 Job submitted from host: <127.0.0.1:9618?addrs=127.0.0.1-9618&noUDP&sock=222_da1d_4>
...
033 (205.10567.000) 05/06 14:24:41 Changing job attribute JobPrio from 0 to -5
...
000 (007.10567.000) 05/07 19:01:23 Job submitted from host: <127.0.0.1:9618?addrs=127.0.0.1-9618&noUDP&sock=215_0cf3_4>
...
000 (016.10567.000) 05/08 15:58:24 Job submitted from host: <127.0.0.1:9618?addrs=127.0.0.1-9618&noUDP&sock=227_4816_4>
...
009 (016.10567.000) 05/09 16:56:53 Job was aborted by the user.
	via condor_rm (by user aw868)
...
000 (014.3406.000) 05/09 17:32:01 Job submitted from host: <127.0.0.1:9618?addrs=127.0.0.1-9618&noUDP&sock=212_fe2a_4>
...
033 (014.3406.000) 05/09 17:33:38 Changing job attribute JobPrio from 0 to -10
...
033 (014.3406.000) 05/09 21:36:02 Changing job attribute JobPrio from -10 to -15
...
001 (014.3406.000) 05/11 04:06:27 Job executing on host: <127.0.0.1:9618?addrs=127.0.0.1-9618&noUDP&sock=212_fe2a_5>
...
006 (014.3406.000) 05/11 04:06:32 Image size of job updated: 2000000
	115  -  MemoryUsage of job (MB)
	116952  -  ResidentSetSize of job (KB)
...
006 (014.3406.000) 05/11 04:06:57 Image size of job updated: 2000000
	122  -  MemoryUsage of job (MB)
	124212  -  ResidentSetSize of job (KB)
...
006 (014.3406.000) 05/11 04:07:02 Image size of job updated: 2000000
	197  -  MemoryUsage of job (MB)
	201696  -  ResidentSetSize of job (KB)
...
006 (014.3406.000) 05/11 04:07:07 Image size of job updated: 2000000
	211  -  MemoryUsage of job (MB)
	215424  -  ResidentSetSize of job (KB)
...
006 (014.3406.000) 05/11 04:07:12 Image size of job updated: 2000000
	211  -  MemoryUsage of job (MB)
	215952  -  ResidentSetSize of job (KB)
...
006 (014.3406.000) 05/11 04:07:17 Image size of job updated: 2000000
	222  -  MemoryUsage of job (MB)
	227304  -  ResidentSetSize of job (KB)
...
006 (014.3406.000) 05/11 04:07:22 Image size of job updated: 2000000
	234  -  MemoryUsage of job (MB)
	238920  -  ResidentSetSize of job (KB)
...
006 (014.3406.000) 05/11 04:07:27 Image size of job updated: 2000000
	245  -  MemoryUsage of job (MB)
	250668  -  ResidentSetSize of job (KB)
...
006 (014.3406.000) 05/11 04:07:32 Image size of job updated: 2000000
	255  -  MemoryUsage of job (MB)
	260304  -  ResidentSetSize of job (KB)
...
006 (014.3406.000) 05/11 04:07:37 Image size of job updated: 2000000
	264  -  MemoryUsage of job (MB)
	270336  -  ResidentSetSize of job (KB)
...
006 (014.3406.000) 05/11 04:07:42 Image size of job updated: 2000000
	271  -  MemoryUsage of job (MB)
	276936  -  ResidentSetSize of job (KB)
...
006 (014.3406.000) 05/11 04:07:47 Image size of job updated: 2000000
	286  -  MemoryUsage of job (MB)
	291984  -  ResidentSetSize of job (KB)
...
006 (014.3406.000) 05/11 04:07:52 Image size of job updated: 2000000
	325  -  MemoryUsage of job (MB)
	332112  -  ResidentSetSize of job (KB)
...
006 (014.3406.000) 05/11 04:07:57 Image size of job updated: 2000000
	367  -  MemoryUsage of job (MB)
	375012  -  ResidentSetSize of job (KB)
...
006 (014.3406.000) 05/11 04:08:03 Image size of job updated: 2000000
	379  -  MemoryUsage of job (MB)
	387816  -  ResidentSetSize of job (KB)
...
006 (014.3406.000) 05/11 04:08:09 Image size of job updated: 2000000
	434  -  MemoryUsage of job (MB)
	443652  -  ResidentSetSize of job (KB)
...
006 (014.3406.000) 05/11 04:08:15 Image size of job updated: 2000000
	497  -  MemoryUsage of job (MB)
	507936  -  ResidentSetSize of job (KB)
...
006 (014.3406.000) 05/11 04:08:21 Image size of job updated: 2000000
	554  -  MemoryUsage of job (MB)
	566940  -  ResidentSetSize of job (KB)
...
006 (014.3406.000) 05/11 04:08:27 Image size of job updated: 2000000
	1245  -  MemoryUsage of job (MB)
	1273932  -  ResidentSetSize of job (KB)
...
006 (014.3406.000) 05/11 04:24:07 Image size of job updated: 2000000
	1551  -  MemoryUsage of job (MB)
	1588092  -  ResidentSetSize of job (KB)
...
006 (014.3406.000) 05/11 04:24:12 Image size of job updated: 2368976
	1774  -  MemoryUsage of job (MB)
	1816452  -  ResidentSetSize of job (KB)
...
006 (014.3406.000) 05/11 04:24:17 Image size of job updated: 2368976
	2011  -  MemoryUsage of job (MB)
	2059068  -  ResidentSetSize of job (KB)
...
006 (014.3406.000) 05/11 04:24:22 Image size of job updated: 2678000
	2011  -  MemoryUsage of job (MB)
	2059068  -  ResidentSetSize of job (KB)
...
006 (014.3406.000) 05/11 04:24:27 Image size of job updated: 2723056
	2063  -  MemoryUsage of job (MB)
	2111868  -  ResidentSetSize of job (KB)
...
006 (014.3406.000) 05/11 04:24:32 Image size of job updated: 2723056
	2154  -  MemoryUsage of job (MB)
	2205060  -  ResidentSetSize of job (KB)
...
006 (014.3406.000) 05/11 04:24:37 Image size of job updated: 2723056
	2259  -  MemoryUsage of job (MB)
	2313036  -  ResidentSetSize of job (KB)
...
006 (014.3406.000) 05/11 04:24:42 Image size of job updated: 2987248
	2323  -  MemoryUsage of job (MB)
	2377848  -  ResidentSetSize of job (KB)
...
006 (014.3406.000) 05/11 04:24:48 Image size of job updated: 3050736
	2406  -  MemoryUsage of job (MB)
	2462724  -  ResidentSetSize of job (KB)
...
006 (014.3406.000) 05/11 04:24:54 Image size of job updated: 3125488
	2486  -  MemoryUsage of job (MB)
	2544828  -  ResidentSetSize of job (KB)
...
006 (014.3406.000) 05/11 04:25:00 Image size of job updated: 3194096
	2555  -  MemoryUsage of job (MB)
	2616108  -  ResidentSetSize of job (KB)
...
006 (014.3406.000) 05/11 04:25:06 Image size of job updated: 3194096
	2621  -  MemoryUsage of job (MB)
	2683824  -  ResidentSetSize of job (KB)
...
006 (014.3406.000) 05/11 04:25:12 Image size of job updated: 3375344
	2702  -  MemoryUsage of job (MB)
	2765928  -  ResidentSetSize of job (KB)
...
006 (014.3406.000) 05/11 04:25:18 Image size of job updated: 3431664
	2735  -  MemoryUsage of job (MB)
	2800116  -  ResidentSetSize of job (KB)
...
006 (014.3406.000) 05/11 04:25:24 Image size of job updated: 3495152
	2802  -  MemoryUsage of job (MB)
	2869020  -  ResidentSetSize of job (KB)
...
006 (014.3406.000) 05/11 04:25:30 Image size of job updated: 3518704
	2869  -  MemoryUsage of job (MB)
	2937660  -  ResidentSetSize of job (KB)
...
006 (014.3406.000) 05/11 04:25:36 Image size of job updated: 3518704
	2935  -  MemoryUsage of job (MB)
	3005244  -  ResidentSetSize of job (KB)
...
006 (014.3406.000) 05/11 04:25:42 Image size of job updated: 3693808
	3003  -  MemoryUsage of job (MB)
	3074544  -  ResidentSetSize of job (KB)
...
006 (014.3406.000) 05/11 04:25:48 Image size of job updated: 3724528
	3068  -  MemoryUsage of job (MB)
	3141468  -  ResidentSetSize of job (KB)
...
006 (014.3406.000) 05/11 04:25:54 Image size of job updated: 3724528
	3135  -  MemoryUsage of job (MB)
	3209712  -  ResidentSetSize of job (KB)
...
006 (014.3406.000) 05/11 04:26:00 Image size of job updated: 3885296
	3201  -  MemoryUsage of job (MB)
	3277560  -  ResidentSetSize of job (KB)
...
006 (014.3406.000) 05/11 04:26:06 Image size of job updated: 3885296
	3273  -  MemoryUsage of job (MB)
	3350688  -  ResidentSetSize of job (KB)
...
006 (014.3406.000) 05/11 04:26:12 Image size of job updated: 3885296
	3342  -  MemoryUsage of job (MB)
	3421968  -  ResidentSetSize of job (KB)
...
006 (014.3406.000) 05/11 04:26:35 Image size of job updated: 4104432
	3383  -  MemoryUsage of job (MB)
	3463548  -  ResidentSetSize of job (KB)
...
006 (014.3406.000) 05/11 04:26:54 Image size of job updated: 4282608
	3593  -  MemoryUsage of job (MB)
	3678576  -  ResidentSetSize of job (KB)
...
006 (014.3406.000) 05/11 04:27:09 Image size of job updated: 4460784
	3758  -  MemoryUsage of job (MB)
	3847800  -  ResidentSetSize of job (KB)
...
006 (014.3406.000) 05/11 04:27:18 Image size of job updated: 4460784
	3850  -  MemoryUsage of job (MB)
	3941520  -  ResidentSetSize of job (KB)
...
006 (014.3406.000) 05/11 04:27:24 Image size of job updated: 4631792
	3897  -  MemoryUsage of job (MB)
	3989964  -  ResidentSetSize of job (KB)
...
006 (014.3406.000) 05/11 04:27:29 Image size of job updated: 4684016
	3958  -  MemoryUsage of job (MB)
	4052268  -  ResidentSetSize of job (KB)
...
006 (014.3406.000) 05/11 04:27:34 Image size of job updated: 4684016
	4002  -  MemoryUsage of job (MB)
	4097148  -  ResidentSetSize of job (KB)
...
006 (014.3406.000) 05/11 04:27:39 Image size of job updated: 4805872
	4057  -  MemoryUsage of job (MB)
	4154040  -  ResidentSetSize of job (KB)
...
006 (014.3406.000) 05/11 04:27:44 Image size of job updated: 4805872
	4111  -  MemoryUsage of job (MB)
	4209612  -  ResidentSetSize of job (KB)
...
006 (014.3406.000) 05/11 04:27:49 Image size of job updated: 4920560
	4167  -  MemoryUsage of job (MB)
	4266240  -  ResidentSetSize of job (KB)
...
006 (014.3406.000) 05/11 04:27:54 Image size of job updated: 4980976
	4223  -  MemoryUsage of job (MB)
	4323396  -  ResidentSetSize of job (KB)
...
006 (014.3406.000) 05/11 04:27:59 Image size of job updated: 4980976
	4280  -  MemoryUsage of job (MB)
	4381740  -  ResidentSetSize of job (KB)
...
006 (014.3406.000) 05/11 04:28:04 Image size of job updated: 4980976
	4336  -  MemoryUsage of job (MB)
	4439556  -  ResidentSetSize of job (KB)
...
006 (014.3406.000) 05/11 04:28:09 Image size of job updated: 5143792
	4367  -  MemoryUsage of job (MB)
	4471632  -  ResidentSetSize of job (KB)
...
006 (014.3406.000) 05/11 04:28:14 Image size of job updated: 5143792
	4389  -  MemoryUsage of job (MB)
	4494204  -  ResidentSetSize of job (KB)
...
006 (014.3406.000) 05/11 04:28:19 Image size of job updated: 5223664
	4427  -  MemoryUsage of job (MB)
	4533144  -  ResidentSetSize of job (KB)
...
006 (014.3406.000) 05/11 04:28:24 Image size of job updated: 5293296
	4481  -  MemoryUsage of job (MB)
	4587792  -  ResidentSetSize of job (KB)
...
006 (014.3406.000) 05/11 04:28:29 Image size of job updated: 5293296
	4543  -  MemoryUsage of job (MB)
	4651548  -  ResidentSetSize of job (KB)
...
006 (014.3406.000) 05/11 04:28:34 Image size of job updated: 5293296
	4585  -  MemoryUsage of job (MB)
	4694976  -  ResidentSetSize of job (KB)
...
006 (014.3406.000) 05/11 04:28:41 Image size of job updated: 5475568
	4585  -  MemoryUsage of job (MB)
	4694976  -  ResidentSetSize of job (KB)
...
006 (014.3406.000) 05/11 04:28:46 Image size of job updated: 5480688
	4634  -  MemoryUsage of job (MB)
	4744212  -  ResidentSetSize of job (KB)
...
006 (014.3406.000) 05/11 04:28:51 Image size of job updated: 5553392
	4689  -  MemoryUsage of job (MB)
	4800708  -  ResidentSetSize of job (KB)
...
006 (014.3406.000) 05/11 04:28:56 Image size of job updated: 5639408
	4743  -  MemoryUsage of job (MB)
	4855884  -  ResidentSetSize of job (KB)
...
006 (014.3406.000) 05/11 04:29:01 Image size of job updated: 5659888
	4796  -  MemoryUsage of job (MB)
	4910532  -  ResidentSetSize of job (KB)
...
006 (014.3406.000) 05/11 04:29:06 Image size of job updated: 5659888
	4850  -  MemoryUsage of job (MB)
	4965444  -  ResidentSetSize of job (KB)
...
006 (014.3406.000) 05/11 04:29:11 Image size of job updated: 5804272
	4904  -  MemoryUsage of job (MB)
	5021412  -  ResidentSetSize of job (KB)
...
006 (014.3406.000) 05/11 04:29:16 Image size of job updated: 5829872
	4958  -  MemoryUsage of job (MB)
	5076456  -  ResidentSetSize of job (KB)
...
006 (014.3406.000) 05/11 04:29:21 Image size of job updated: 5829872
	5011  -  MemoryUsage of job (MB)
	5130972  -  ResidentSetSize of job (KB)
...
006 (014.3406.000) 05/11 04:29:26 Image size of job updated: 5970160
	5066  -  MemoryUsage of job (MB)
	5186940  -  ResidentSetSize of job (KB)
...
006 (014.3406.000) 05/11 04:29:31 Image size of job updated: 5970160
	5119  -  MemoryUsage of job (MB)
	5241588  -  ResidentSetSize of job (KB)
...
006 (014.3406.000) 05/11 04:29:36 Image size of job updated: 5970160
	5174  -  MemoryUsage of job (MB)
	5297160  -  ResidentSetSize of job (KB)
...
006 (014.3406.000) 05/11 04:29:41 Image size of job updated: 6135024
	5227  -  MemoryUsage of job (MB)
	5352204  -  ResidentSetSize of job (KB)
...
006 (014.3406.000) 05/11 04:29:46 Image size of job updated: 6162672
	5281  -  MemoryUsage of job (MB)
	5407380  -  ResidentSetSize of job (KB)
...
006 (014.3406.000) 05/11 04:29:51 Image size of job updated: 6162672
	5334  -  MemoryUsage of job (MB)
	5461896  -  ResidentSetSize of job (KB)
...
006 (014.3406.000) 05/11 04:29:56 Image size of job updated: 6299888
	5389  -  MemoryUsage of job (MB)
	5517732  -  ResidentSetSize of job (KB)
...
006 (014.3406.000) 05/11 04:30:01 Image size of job updated: 6299888
	5444  -  MemoryUsage of job (MB)
	5574228  -  ResidentSetSize of job (KB)
...
006 (014.3406.000) 05/11 04:30:06 Image size of job updated: 6299888
	5500  -  MemoryUsage of job (MB)
	5631384  -  ResidentSetSize of job (KB)
...
006 (014.3406.000) 05/11 04:30:11 Image size of job updated: 6446320
	5555  -  MemoryUsage of job (MB)
	5688144  -  ResidentSetSize of job (KB)
...
006 (014.3406.000) 05/11 04:30:16 Image size of job updated: 6505712
	5611  -  MemoryUsage of job (MB)
	5745564  -  ResidentSetSize of job (KB)
...
006 (014.3406.000) 05/11 04:30:21 Image size of job updated: 6505712
	5669  -  MemoryUsage of job (MB)
	5804040  -  ResidentSetSize of job (KB)
...
006 (014.3406.000) 05/11 04:30:26 Image size of job updated: 6505712
	5726  -  MemoryUsage of job (MB)
	5862648  -  ResidentSetSize of job (KB)
...
006 (014.3406.000) 05/11 04:30:31 Image size of job updated: 6657264
	5779  -  MemoryUsage of job (MB)
	5917164  -  ResidentSetSize of job (KB)
...
006 (014.3406.000) 05/11 04:30:36 Image size of job updated: 6657264
	5795  -  MemoryUsage of job (MB)
	5933268  -  ResidentSetSize of job (KB)
...
006 (014.3406.000) 05/11 04:30:41 Image size of job updated: 6657264
	5806  -  MemoryUsage of job (MB)
	5944752  -  ResidentSetSize of job (KB)
...
006 (014.3406.000) 05/11 04:30:46 Image size of job updated: 6878448
	5864  -  MemoryUsage of job (MB)
	6003756  -  ResidentSetSize of job (KB)
...
006 (014.3406.000) 05/11 04:30:51 Image size of job updated: 6878448
	5925  -  MemoryUsage of job (MB)
	6066192  -  ResidentSetSize of job (KB)
...
006 (014.3406.000) 05/11 04:30:56 Image size of job updated: 7004400
	5983  -  MemoryUsage of job (MB)
	6125856  -  ResidentSetSize of job (KB)
...
006 (014.3406.000) 05/11 04:31:01 Image size of job updated: 7048432
	6048  -  MemoryUsage of job (MB)
	6192912  -  ResidentSetSize of job (KB)
...
006 (014.3406.000) 05/11 04:31:06 Image size of job updated: 7048432
	6117  -  MemoryUsage of job (MB)
	6263664  -  ResidentSetSize of job (KB)
...
006 (014.3406.000) 05/11 04:31:11 Image size of job updated: 7048432
	6152  -  MemoryUsage of job (MB)
	6298644  -  ResidentSetSize of job (KB)
...
006 (014.3406.000) 05/11 04:31:16 Image size of job updated: 7274736
	6207  -  MemoryUsage of job (MB)
	6355008  -  ResidentSetSize of job (KB)
...
006 (014.3406.000) 05/11 04:31:21 Image size of job updated: 7274736
	6266  -  MemoryUsage of job (MB)
	6415860  -  ResidentSetSize of job (KB)
...
006 (014.3406.000) 05/11 04:31:26 Image size of job updated: 7274736
	6325  -  MemoryUsage of job (MB)
	6476448  -  ResidentSetSize of job (KB)
...
006 (014.3406.000) 05/11 04:31:31 Image size of job updated: 7450864
	6383  -  MemoryUsage of job (MB)
	6535452  -  ResidentSetSize of job (KB)
...
006 (014.3406.000) 05/11 04:31:36 Image size of job updated: 7450864
	6435  -  MemoryUsage of job (MB)
	6588516  -  ResidentSetSize of job (KB)
...
006 (014.3406.000) 05/11 04:31:41 Image size of job updated: 7537904
	6465  -  MemoryUsage of job (MB)
	6619140  -  ResidentSetSize of job (KB)
...
006 (014.3406.000) 05/11 04:31:46 Image size of job updated: 7631088
	6536  -  MemoryUsage of job (MB)
	6692796  -  ResidentSetSize of job (KB)
...
006 (014.3406.000) 05/11 04:31:52 Image size of job updated: 7631088
	6624  -  MemoryUsage of job (MB)
	6782820  -  ResidentSetSize of job (KB)
...
006 (014.3406.000) 05/11 04:31:58 Image size of job updated: 7813360
	6708  -  MemoryUsage of job (MB)
	6868620  -  ResidentSetSize of job (KB)
...
006 (014.3406.000) 05/11 04:32:04 Image size of job updated: 7853296
	6953  -  MemoryUsage of job (MB)
	7119552  -  ResidentSetSize of job (KB)
...
006 (014.3406.000) 05/11 04:32:10 Image size of job updated: 7853296
	7117  -  MemoryUsage of job (MB)
	7286796  -  ResidentSetSize of job (KB)
...
005 (014.3406.000) 05/11 04:32:14 Job terminated.
	(1) Normal termination (return value 0)
		Usr 0 00:24:28, Sys 0 00:00:19  -  Run Remote Usage
		Usr 0 00:00:00, Sys 0 00:00:00  -  Run Local Usage
		Usr 0 00:24:28, Sys 0 00:00:19  -  Total Remote Usage
		Usr 0 00:00:00, Sys 0 00:00:00  -  Total Local Usage
	0  -  Run Bytes Sent By Job
	0  -  Run Bytes Received By Job
	0  -  Total Bytes Sent By Job
	0  -  Total Bytes Received By Job
	Partitionable Resources :      Usage  Request Allocated 
	   Cpus                 :       1.00        1         1 
	   Disk (KB)            : 2000000     2000000   6232219 
	   Memory (MB)          :    7117        1954      2007 
...
