000 (005.556.000) 05/05 20:21:49 Job submitted from host: <127.0.0.1:9618?addrs=127.0.0.1-9618&noUDP&sock=227_4816_4>
...
001 (005.556.000) 05/05 23:52:44 Job executing on host: <127.0.0.1:9618?addrs=127.0.0.1-9618&noUDP&sock=227_4816_5>
...
006 (005.556.000) 05/05 23:52:49 Image size of job updated: 2000000
	101  -  MemoryUsage of job (MB)
	103092  -  ResidentSetSize of job (KB)
...
006 (005.556.000) 05/05 23:53:19 Image size of job updated: 2000000
	145  -  MemoryUsage of job (MB)
	147840  -  ResidentSetSize of job (KB)
...
006 (005.556.000) 05/05 23:53:24 Image size of job updated: 2000000
	184  -  MemoryUsage of job (MB)
	188100  -  ResidentSetSize of job (KB)
...
006 (005.556.000) 05/05 23:53:29 Image size of job updated: 2000000
	185  -  MemoryUsage of job (MB)
	188496  -  ResidentSetSize of job (KB)
...
006 (005.556.000) 05/05 23:53:34 Image size of job updated: 2000000
	190  -  MemoryUsage of job (MB)
	194436  -  ResidentSetSize of job (KB)
...
006 (005.556.000) 05/05 23:53:39 Image size of job updated: 2000000
	200  -  MemoryUsage of job (MB)
	204336  -  ResidentSetSize of job (KB)
...
006 (005.556.000) 05/05 23:53:44 Image size of job updated: 2000000
	210  -  MemoryUsage of job (MB)
	214500  -  ResidentSetSize of job (KB)
...
006 (005.556.000) 05/05 23:53:49 Image size of job updated: 2000000
	218  -  MemoryUsage of job (MB)
	222288  -  ResidentSetSize of job (KB)
...
006 (005.556.000) 05/05 23:53:54 Image size of job updated: 2000000
	229  -  MemoryUsage of job (MB)
	233640  -  ResidentSetSize of job (KB)
...
006 (005.556.000) 05/05 23:53:59 Image size of job updated: 2000000
	234  -  MemoryUsage of job (MB)
	239580  -  ResidentSetSize of job (KB)
...
006 (005.556.000) 05/05 23:54:04 Image size of job updated: 2000000
	241  -  MemoryUsage of job (MB)
	246444  -  ResidentSetSize of job (KB)
...
006 (005.556.000) 05/05 23:54:09 Image size of job updated: 2000000
	276  -  MemoryUsage of job (MB)
	282612  -  ResidentSetSize of job (KB)
...
006 (005.556.000) 05/05 23:54:14 Image size of job updated: 2000000
	307  -  MemoryUsage of job (MB)
	313500  -  ResidentSetSize of job (KB)
...
006 (005.556.000) 05/05 23:54:20 Image size of job updated: 2000000
	329  -  MemoryUsage of job (MB)
	336336  -  ResidentSetSize of job (KB)
...
006 (005.556.000) 05/05 23:54:26 Image size of job updated: 2000000
	395  -  MemoryUsage of job (MB)
	404448  -  ResidentSetSize of job (KB)
...
006 (005.556.000) 05/05 23:54:32 Image size of job updated: 2000000
	457  -  MemoryUsage of job (MB)
	467676  -  ResidentSetSize of job (KB)
...
006 (005.556.000) 05/05 23:54:38 Image size of job updated: 2000000
	1171  -  MemoryUsage of job (MB)
	1198428  -  ResidentSetSize of job (KB)
...
006 (005.556.000) 05/06 00:07:48 Image size of job updated: 2000000
	1171  -  MemoryUsage of job (MB)
	1198824  -  ResidentSetSize of job (KB)
...
006 (005.556.000) 05/06 00:07:54 Image size of job updated: 2000000
	1191  -  MemoryUsage of job (MB)
	1218624  -  ResidentSetSize of job (KB)
...
006 (005.556.000) 05/06 00:08:00 Image size of job updated: 2000000
	1554  -  MemoryUsage of job (MB)
	1590336  -  ResidentSetSize of job (KB)
...
006 (005.556.000) 05/06 00:08:06 Image size of job updated: 2302664
	1705  -  MemoryUsage of job (MB)
	1745832  -  ResidentSetSize of job (KB)
...
006 (005.556.000) 05/06 00:08:12 Image size of job updated: 2561000
	1885  -  MemoryUsage of job (MB)
	1929840  -  ResidentSetSize of job (KB)
...
006 (005.556.000) 05/06 00:08:18 Image size of job updated: 2570216
	1903  -  MemoryUsage of job (MB)
	1947792  -  ResidentSetSize of job (KB)
...
006 (005.556.000) 05/06 00:08:24 Image size of job updated: 2600936
	1927  -  MemoryUsage of job (MB)
	1972872  -  ResidentSetSize of job (KB)
...
006 (005.556.000) 05/06 00:08:30 Image size of job updated: 2612200
	1940  -  MemoryUsage of job (MB)
	1985808  -  ResidentSetSize of job (KB)
...
006 (005.556.000) 05/06 00:08:36 Image size of job updated: 2621416
	1952  -  MemoryUsage of job (MB)
	1998084  -  ResidentSetSize of job (KB)
...
006 (005.556.000) 05/06 00:08:42 Image size of job updated: 2637800
	1961  -  MemoryUsage of job (MB)
	2007456  -  ResidentSetSize of job (KB)
...
006 (005.556.000) 05/06 00:08:48 Image size of job updated: 2637800
	1971  -  MemoryUsage of job (MB)
	2018016  -  ResidentSetSize of job (KB)
...
006 (005.556.000) 05/06 00:08:54 Image size of job updated: 2637800
	1980  -  MemoryUsage of job (MB)
	2026596  -  ResidentSetSize of job (KB)
...
006 (005.556.000) 05/06 00:09:00 Image size of job updated: 2664424
	1992  -  MemoryUsage of job (MB)
	2039136  -  ResidentSetSize of job (KB)
...
006 (005.556.000) 05/06 00:09:06 Image size of job updated: 2664424
	1999  -  MemoryUsage of job (MB)
	2046264  -  ResidentSetSize of job (KB)
...
006 (005.556.000) 05/06 00:09:12 Image size of job updated: 2664424
	2006  -  MemoryUsage of job (MB)
	2054052  -  ResidentSetSize of job (KB)
...
006 (005.556.000) 05/06 00:09:18 Image size of job updated: 2684904
	2016  -  MemoryUsage of job (MB)
	2063556  -  ResidentSetSize of job (KB)
...
006 (005.556.000) 05/06 00:09:24 Image size of job updated: 2684904
	2028  -  MemoryUsage of job (MB)
	2076624  -  ResidentSetSize of job (KB)
...
006 (005.556.000) 05/06 00:09:30 Image size of job updated: 2714600
	2037  -  MemoryUsage of job (MB)
	2085468  -  ResidentSetSize of job (KB)
...
006 (005.556.000) 05/06 00:09:36 Image size of job updated: 2720744
	2044  -  MemoryUsage of job (MB)
	2092728  -  ResidentSetSize of job (KB)
...
006 (005.556.000) 05/06 00:09:42 Image size of job updated: 2720744
	2055  -  MemoryUsage of job (MB)
	2104212  -  ResidentSetSize of job (KB)
...
006 (005.556.000) 05/06 00:09:48 Image size of job updated: 2736104
	2064  -  MemoryUsage of job (MB)
	2112792  -  ResidentSetSize of job (KB)
...
006 (005.556.000) 05/06 00:09:54 Image size of job updated: 2736104
	2075  -  MemoryUsage of job (MB)
	2124276  -  ResidentSetSize of job (KB)
...
006 (005.556.000) 05/06 00:10:00 Image size of job updated: 2762728
	2086  -  MemoryUsage of job (MB)
	2135100  -  ResidentSetSize of job (KB)
...
006 (005.556.000) 05/06 00:10:06 Image size of job updated: 2777064
	2098  -  MemoryUsage of job (MB)
	2148036  -  ResidentSetSize of job (KB)
...
006 (005.556.000) 05/06 00:10:12 Image size of job updated: 2787304
	2109  -  MemoryUsage of job (MB)
	2159124  -  ResidentSetSize of job (KB)
...
006 (005.556.000) 05/06 00:10:18 Image size of job updated: 2791400
	2119  -  MemoryUsage of job (MB)
	2169420  -  ResidentSetSize of job (KB)
...
006 (005.556.000) 05/06 00:10:24 Image size of job updated: 2791400
	2132  -  MemoryUsage of job (MB)
	2182356  -  ResidentSetSize of job (KB)
...
006 (005.556.000) 05/06 00:10:30 Image size of job updated: 2817000
	2139  -  MemoryUsage of job (MB)
	2189352  -  ResidentSetSize of job (KB)
...
006 (005.556.000) 05/06 00:10:36 Image size of job updated: 2817000
	2150  -  MemoryUsage of job (MB)
	2200704  -  ResidentSetSize of job (KB)
...
006 (005.556.000) 05/06 00:10:42 Image size of job updated: 2817000
	2162  -  MemoryUsage of job (MB)
	2213244  -  ResidentSetSize of job (KB)
...
006 (005.556.000) 05/06 00:10:48 Image size of job updated: 2848744
	2170  -  MemoryUsage of job (MB)
	2221560  -  ResidentSetSize of job (KB)
...
006 (005.556.000) 05/06 00:10:54 Image size of job updated: 2860008
	2181  -  MemoryUsage of job (MB)
	2232780  -  ResidentSetSize of job (KB)
...
006 (005.556.000) 05/06 00:11:00 Image size of job updated: 2870248
	2189  -  MemoryUsage of job (MB)
	2241360  -  ResidentSetSize of job (KB)
...
006 (005.556.000) 05/06 00:11:06 Image size of job updated: 2870248
	2201  -  MemoryUsage of job (MB)
	2253504  -  ResidentSetSize of job (KB)
...
006 (005.556.000) 05/06 00:11:12 Image size of job updated: 2884584
	2209  -  MemoryUsage of job (MB)
	2261688  -  ResidentSetSize of job (KB)
...
006 (005.556.000) 05/06 00:11:18 Image size of job updated: 2895848
	2219  -  MemoryUsage of job (MB)
	2272116  -  ResidentSetSize of job (KB)
...
006 (005.556.000) 05/06 00:11:24 Image size of job updated: 2895848
	2230  -  MemoryUsage of job (MB)
	2283336  -  ResidentSetSize of job (KB)
...
006 (005.556.000) 05/06 00:11:30 Image size of job updated: 2895848
	2241  -  MemoryUsage of job (MB)
	2293896  -  ResidentSetSize of job (KB)
...
006 (005.556.000) 05/06 00:11:36 Image size of job updated: 2923496
	2251  -  MemoryUsage of job (MB)
	2304456  -  ResidentSetSize of job (KB)
...
006 (005.556.000) 05/06 00:11:42 Image size of job updated: 2942952
	2264  -  MemoryUsage of job (MB)
	2317788  -  ResidentSetSize of job (KB)
...
006 (005.556.000) 05/06 00:11:48 Image size of job updated: 2954216
	2272  -  MemoryUsage of job (MB)
	2326104  -  ResidentSetSize of job (KB)
...
006 (005.556.000) 05/06 00:11:53 Image size of job updated: 2959336
	2280  -  MemoryUsage of job (MB)
	2334552  -  ResidentSetSize of job (KB)
...
006 (005.556.000) 05/06 00:11:58 Image size of job updated: 2971624
	2291  -  MemoryUsage of job (MB)
	2344980  -  ResidentSetSize of job (KB)
...
006 (005.556.000) 05/06 00:12:03 Image size of job updated: 2978792
	2300  -  MemoryUsage of job (MB)
	2354880  -  ResidentSetSize of job (KB)
...
006 (005.556.000) 05/06 00:12:08 Image size of job updated: 2986984
	2310  -  MemoryUsage of job (MB)
	2365044  -  ResidentSetSize of job (KB)
...
006 (005.556.000) 05/06 00:12:13 Image size of job updated: 2986984
	2319  -  MemoryUsage of job (MB)
	2374284  -  ResidentSetSize of job (KB)
...
006 (005.556.000) 05/06 00:12:18 Image size of job updated: 2986984
	2330  -  MemoryUsage of job (MB)
	2384976  -  ResidentSetSize of job (KB)
...
006 (005.556.000) 05/06 00:12:23 Image size of job updated: 3017704
	2337  -  MemoryUsage of job (MB)
	2393028  -  ResidentSetSize of job (KB)
...
006 (005.556.000) 05/06 00:12:28 Image size of job updated: 3026920
	2345  -  MemoryUsage of job (MB)
	2400948  -  ResidentSetSize of job (KB)
...
006 (005.556.000) 05/06 00:12:33 Image size of job updated: 3026920
	2351  -  MemoryUsage of job (MB)
	2407020  -  ResidentSetSize of job (KB)
...
006 (005.556.000) 05/06 00:12:38 Image size of job updated: 3039208
	2361  -  MemoryUsage of job (MB)
	2416788  -  ResidentSetSize of job (KB)
...
006 (005.556.000) 05/06 00:12:43 Image size of job updated: 3053544
	2369  -  MemoryUsage of job (MB)
	2425104  -  ResidentSetSize of job (KB)
...
006 (005.556.000) 05/06 00:12:48 Image size of job updated: 3061736
	2378  -  MemoryUsage of job (MB)
	2434080  -  ResidentSetSize of job (KB)
...
006 (005.556.000) 05/06 00:12:53 Image size of job updated: 3070952
	2384  -  MemoryUsage of job (MB)
	2441208  -  ResidentSetSize of job (KB)
...
006 (005.556.000) 05/06 00:12:58 Image size of job updated: 3079144
	2396  -  MemoryUsage of job (MB)
	2452824  -  ResidentSetSize of job (KB)
...
006 (005.556.000) 05/06 00:13:03 Image size of job updated: 3079144
	2405  -  MemoryUsage of job (MB)
	2462064  -  ResidentSetSize of job (KB)
...
006 (005.556.000) 05/06 00:13:08 Image size of job updated: 3099624
	2413  -  MemoryUsage of job (MB)
	2470116  -  ResidentSetSize of job (KB)
...
006 (005.556.000) 05/06 00:13:13 Image size of job updated: 3099624
	2425  -  MemoryUsage of job (MB)
	2482524  -  ResidentSetSize of job (KB)
...
006 (005.556.000) 05/06 00:13:18 Image size of job updated: 3099624
	2431  -  MemoryUsage of job (MB)
	2489256  -  ResidentSetSize of job (KB)
...
006 (005.556.000) 05/06 00:13:23 Image size of job updated: 3099624
	2440  -  MemoryUsage of job (MB)
	2497836  -  ResidentSetSize of job (KB)
...
006 (005.556.000) 05/06 00:13:28 Image size of job updated: 3131368
	2448  -  MemoryUsage of job (MB)
	2506284  -  ResidentSetSize of job (KB)
...
006 (005.556.000) 05/06 00:13:33 Image size of job updated: 3143656
	2456  -  MemoryUsage of job (MB)
	2514468  -  ResidentSetSize of job (KB)
...
006 (005.556.000) 05/06 00:13:38 Image size of job updated: 3143656
	2466  -  MemoryUsage of job (MB)
	2524896  -  ResidentSetSize of job (KB)
...
006 (005.556.000) 05/06 00:13:43 Image size of job updated: 3156968
	2474  -  MemoryUsage of job (MB)
	2532684  -  ResidentSetSize of job (KB)
...
006 (005.556.000) 05/06 00:13:48 Image size of job updated: 3156968
	2484  -  MemoryUsage of job (MB)
	2542848  -  ResidentSetSize of job (KB)
...
006 (005.556.000) 05/06 00:13:53 Image size of job updated: 3156968
	2494  -  MemoryUsage of job (MB)
	2553672  -  ResidentSetSize of job (KB)
...
006 (005.556.000) 05/06 00:13:58 Image size of job updated: 3189736
	2506  -  MemoryUsage of job (MB)
	2565288  -  ResidentSetSize of job (KB)
...
006 (005.556.000) 05/06 00:14:03 Image size of job updated: 3189736
	2516  -  MemoryUsage of job (MB)
	2575584  -  ResidentSetSize of job (KB)
...
006 (005.556.000) 05/06 00:14:08 Image size of job updated: 3206120
	2528  -  MemoryUsage of job (MB)
	2588256  -  ResidentSetSize of job (KB)
...
006 (005.556.000) 05/06 00:14:13 Image size of job updated: 3224552
	2541  -  MemoryUsage of job (MB)
	2601192  -  ResidentSetSize of job (KB)
...
006 (005.556.000) 05/06 00:14:18 Image size of job updated: 3224552
	2547  -  MemoryUsage of job (MB)
	2607792  -  ResidentSetSize of job (KB)
...
006 (005.556.000) 05/06 00:14:23 Image size of job updated: 3242984
	2557  -  MemoryUsage of job (MB)
	2617560  -  ResidentSetSize of job (KB)
...
006 (005.556.000) 05/06 00:14:28 Image size of job updated: 3251176
	2565  -  MemoryUsage of job (MB)
	2626404  -  ResidentSetSize of job (KB)
...
006 (005.556.000) 05/06 00:14:33 Image size of job updated: 3255272
	2571  -  MemoryUsage of job (MB)
	2632608  -  ResidentSetSize of job (KB)
...
006 (005.556.000) 05/06 00:14:38 Image size of job updated: 3263464
	2581  -  MemoryUsage of job (MB)
	2642904  -  ResidentSetSize of job (KB)
...
006 (005.556.000) 05/06 00:14:43 Image size of job updated: 3279848
	2594  -  MemoryUsage of job (MB)
	2655708  -  ResidentSetSize of job (KB)
...
006 (005.556.000) 05/06 00:14:48 Image size of job updated: 3279848
	2605  -  MemoryUsage of job (MB)
	2666796  -  ResidentSetSize of job (KB)
...
006 (005.556.000) 05/06 00:14:53 Image size of job updated: 3279848
	2614  -  MemoryUsage of job (MB)
	2676696  -  ResidentSetSize of job (KB)
...
006 (005.556.000) 05/06 00:14:58 Image size of job updated: 3308520
	2622  -  MemoryUsage of job (MB)
	2684748  -  ResidentSetSize of job (KB)
...
006 (005.556.000) 05/06 00:15:03 Image size of job updated: 3308520
	2630  -  MemoryUsage of job (MB)
	2692668  -  ResidentSetSize of job (KB)
...
006 (005.556.000) 05/06 00:15:08 Image size of job updated: 3323880
	2639  -  MemoryUsage of job (MB)
	2701512  -  ResidentSetSize of job (KB)
...
006 (005.556.000) 05/06 00:15:13 Image size of job updated: 3337192
	2651  -  MemoryUsage of job (MB)
	2713788  -  ResidentSetSize of job (KB)
...
006 (005.556.000) 05/06 00:15:18 Image size of job updated: 3337192
	2861  -  MemoryUsage of job (MB)
	2928948  -  ResidentSetSize of job (KB)
...
006 (005.556.000) 05/06 00:15:23 Image size of job updated: 3337192
	2862  -  MemoryUsage of job (MB)
	2930268  -  ResidentSetSize of job (KB)
...
005 (005.556.000) 05/06 00:15:24 Job terminated.
	(1) Normal termination (return value 0)
		Usr 0 00:22:09, Sys 0 00:00:02  -  Run Remote Usage
		Usr 0 00:00:00, Sys 0 00:00:00  -  Run Local Usage
		Usr 0 00:22:09, Sys 0 00:00:02  -  Total Remote Usage
		Usr 0 00:00:00, Sys 0 00:00:00  -  Total Local Usage
	0  -  Run Bytes Sent By Job
	0  -  Run Bytes Received By Job
	0  -  Total Bytes Sent By Job
	0  -  Total Bytes Received By Job
	Partitionable Resources :      Usage  Request Allocated 
	   Cpus                 :       0.99        1         1 
	   Disk (KB)            : 2000000     2000000   6275465 
	   Memory (MB)          :    2862        1954      2007 
...
