000 (016.229.000) 05/10 03:37:19 Job submitted from host: <127.0.0.1:9618?addrs=127.0.0.1-9618&noUDP&sock=212_fe2a_4>
...
001 (016.229.000) 05/10 04:57:54 Job executing on host: <127.0.0.1:9618?addrs=127.0.0.1-9618&noUDP&sock=212_fe2a_5>
...
006 (016.229.000) 05/10 04:57:59 Image size of job updated: 2000000
	101  -  MemoryUsage of job (MB)
	103092  -  ResidentSetSize of job (KB)
...
006 (016.229.000) 05/10 04:58:24 Image size of job updated: 2000000
	126  -  MemoryUsage of job (MB)
	128040  -  ResidentSetSize of job (KB)
...
006 (016.229.000) 05/10 04:58:29 Image size of job updated: 2000000
	184  -  MemoryUsage of job (MB)
	188100  -  ResidentSetSize of job (KB)
...
006 (016.229.000) 05/10 04:58:34 Image size of job updated: 2000000
	185  -  MemoryUsage of job (MB)
	188496  -  ResidentSetSize of job (KB)
...
006 (016.229.000) 05/10 04:58:39 Image size of job updated: 2000000
	187  -  MemoryUsage of job (MB)
	191136  -  ResidentSetSize of job (KB)
...
006 (016.229.000) 05/10 04:58:44 Image size of job updated: 2000000
	197  -  MemoryUsage of job (MB)
	201300  -  ResidentSetSize of job (KB)
...
006 (016.229.000) 05/10 04:58:49 Image size of job updated: 2000000
	207  -  MemoryUsage of job (MB)
	211464  -  ResidentSetSize of job (KB)
...
006 (016.229.000) 05/10 04:58:54 Image size of job updated: 2000000
	215  -  MemoryUsage of job (MB)
	219516  -  ResidentSetSize of job (KB)
...
006 (016.229.000) 05/10 04:58:59 Image size of job updated: 2000000
	225  -  MemoryUsage of job (MB)
	229548  -  ResidentSetSize of job (KB)
...
006 (016.229.000) 05/10 04:59:04 Image size of job updated: 2000000
	234  -  MemoryUsage of job (MB)
	239316  -  ResidentSetSize of job (KB)
...
006 (016.229.000) 05/10 04:59:09 Image size of job updated: 2000000
	241  -  MemoryUsage of job (MB)
	246444  -  ResidentSetSize of job (KB)
...
006 (016.229.000) 05/10 04:59:14 Image size of job updated: 2000000
	281  -  MemoryUsage of job (MB)
	287628  -  ResidentSetSize of job (KB)
...
006 (016.229.000) 05/10 04:59:19 Image size of job updated: 2000000
	317  -  MemoryUsage of job (MB)
	323664  -  ResidentSetSize of job (KB)
...
006 (016.229.000) 05/10 04:59:24 Image size of job updated: 2000000
	329  -  MemoryUsage of job (MB)
	336336  -  ResidentSetSize of job (KB)
...
006 (016.229.000) 05/10 04:59:29 Image size of job updated: 2000000
	395  -  MemoryUsage of job (MB)
	404448  -  ResidentSetSize of job (KB)
...
006 (016.229.000) 05/10 04:59:34 Image size of job updated: 2000000
	454  -  MemoryUsage of job (MB)
	464112  -  ResidentSetSize of job (KB)
...
006 (016.229.000) 05/10 04:59:39 Image size of job updated: 2000000
	1169  -  MemoryUsage of job (MB)
	1196448  -  ResidentSetSize of job (KB)
...
006 (016.229.000) 05/10 05:12:15 Image size of job updated: 2000000
	1170  -  MemoryUsage of job (MB)
	1197240  -  ResidentSetSize of job (KB)
...
006 (016.229.000) 05/10 05:12:20 Image size of job updated: 2000000
	1171  -  MemoryUsage of job (MB)
	1199088  -  ResidentSetSize of job (KB)
...
006 (016.229.000) 05/10 05:12:25 Image size of job updated: 2000000
	1249  -  MemoryUsage of job (MB)
	1278288  -  ResidentSetSize of job (KB)
...
006 (016.229.000) 05/10 05:12:30 Image size of job updated: 2193292
	1622  -  MemoryUsage of job (MB)
	1660296  -  ResidentSetSize of job (KB)
...
006 (016.229.000) 05/10 05:12:35 Image size of job updated: 2193292
	1924  -  MemoryUsage of job (MB)
	1969308  -  ResidentSetSize of job (KB)
...
006 (016.229.000) 05/10 05:12:40 Image size of job updated: 2561508
	1924  -  MemoryUsage of job (MB)
	1969440  -  ResidentSetSize of job (KB)
...
006 (016.229.000) 05/10 05:12:55 Image size of job updated: 2562532
	1924  -  MemoryUsage of job (MB)
	1969440  -  ResidentSetSize of job (KB)
...
006 (016.229.000) 05/10 05:13:05 Image size of job updated: 2567652
	1924  -  MemoryUsage of job (MB)
	1969440  -  ResidentSetSize of job (KB)
...
006 (016.229.000) 05/10 05:13:10 Image size of job updated: 2575844
	1924  -  MemoryUsage of job (MB)
	1969440  -  ResidentSetSize of job (KB)
...
006 (016.229.000) 05/10 05:13:15 Image size of job updated: 2578916
	1924  -  MemoryUsage of job (MB)
	1969440  -  ResidentSetSize of job (KB)
...
006 (016.229.000) 05/10 05:13:25 Image size of job updated: 2585060
	1924  -  MemoryUsage of job (MB)
	1969440  -  ResidentSetSize of job (KB)
...
006 (016.229.000) 05/10 05:13:40 Image size of job updated: 2596324
	1924  -  MemoryUsage of job (MB)
	1969440  -  ResidentSetSize of job (KB)
...
006 (016.229.000) 05/10 05:13:45 Image size of job updated: 2596324
	1925  -  MemoryUsage of job (MB)
	1970496  -  ResidentSetSize of job (KB)
...
006 (016.229.000) 05/10 05:13:50 Image size of job updated: 2596324
	1929  -  MemoryUsage of job (MB)
	1974852  -  ResidentSetSize of job (KB)
...
006 (016.229.000) 05/10 05:13:55 Image size of job updated: 2608612
	1932  -  MemoryUsage of job (MB)
	1977756  -  ResidentSetSize of job (KB)
...
006 (016.229.000) 05/10 05:14:00 Image size of job updated: 2608612
	1936  -  MemoryUsage of job (MB)
	1981452  -  ResidentSetSize of job (KB)
...
006 (016.229.000) 05/10 05:14:05 Image size of job updated: 2608612
	1939  -  MemoryUsage of job (MB)
	1985280  -  ResidentSetSize of job (KB)
...
006 (016.229.000) 05/10 05:14:10 Image size of job updated: 2618852
	1942  -  MemoryUsage of job (MB)
	1988580  -  ResidentSetSize of job (KB)
...
006 (016.229.000) 05/10 05:14:15 Image size of job updated: 2618852
	1947  -  MemoryUsage of job (MB)
	1993464  -  ResidentSetSize of job (KB)
...
006 (016.229.000) 05/10 05:14:20 Image size of job updated: 2618852
	1951  -  MemoryUsage of job (MB)
	1997160  -  ResidentSetSize of job (KB)
...
006 (016.229.000) 05/10 05:14:25 Image size of job updated: 2633188
	1956  -  MemoryUsage of job (MB)
	2002440  -  ResidentSetSize of job (KB)
...
006 (016.229.000) 05/10 05:14:30 Image size of job updated: 2637284
	1961  -  MemoryUsage of job (MB)
	2007192  -  ResidentSetSize of job (KB)
...
006 (016.229.000) 05/10 05:14:35 Image size of job updated: 2637284
	1966  -  MemoryUsage of job (MB)
	2012868  -  ResidentSetSize of job (KB)
...
006 (016.229.000) 05/10 05:14:40 Image size of job updated: 2645476
	1968  -  MemoryUsage of job (MB)
	2014980  -  ResidentSetSize of job (KB)
...
006 (016.229.000) 05/10 05:14:45 Image size of job updated: 2645476
	1969  -  MemoryUsage of job (MB)
	2016168  -  ResidentSetSize of job (KB)
...
006 (016.229.000) 05/10 05:14:50 Image size of job updated: 2645476
	1974  -  MemoryUsage of job (MB)
	2020524  -  ResidentSetSize of job (KB)
...
006 (016.229.000) 05/10 05:14:55 Image size of job updated: 2652644
	1975  -  MemoryUsage of job (MB)
	2022240  -  ResidentSetSize of job (KB)
...
006 (016.229.000) 05/10 05:15:00 Image size of job updated: 2652644
	1978  -  MemoryUsage of job (MB)
	2025408  -  ResidentSetSize of job (KB)
...
006 (016.229.000) 05/10 05:15:06 Image size of job updated: 2658788
	1984  -  MemoryUsage of job (MB)
	2031084  -  ResidentSetSize of job (KB)
...
006 (016.229.000) 05/10 05:15:12 Image size of job updated: 2662884
	1988  -  MemoryUsage of job (MB)
	2035044  -  ResidentSetSize of job (KB)
...
006 (016.229.000) 05/10 05:15:18 Image size of job updated: 2668004
	1992  -  MemoryUsage of job (MB)
	2039532  -  ResidentSetSize of job (KB)
...
006 (016.229.000) 05/10 05:15:24 Image size of job updated: 2668004
	1997  -  MemoryUsage of job (MB)
	2044680  -  ResidentSetSize of job (KB)
...
006 (016.229.000) 05/10 05:15:30 Image size of job updated: 2676196
	2001  -  MemoryUsage of job (MB)
	2048904  -  ResidentSetSize of job (KB)
...
006 (016.229.000) 05/10 05:15:36 Image size of job updated: 2676196
	2006  -  MemoryUsage of job (MB)
	2053656  -  ResidentSetSize of job (KB)
...
006 (016.229.000) 05/10 05:15:42 Image size of job updated: 2689508
	2012  -  MemoryUsage of job (MB)
	2059332  -  ResidentSetSize of job (KB)
...
006 (016.229.000) 05/10 05:15:48 Image size of job updated: 2689508
	2016  -  MemoryUsage of job (MB)
	2064348  -  ResidentSetSize of job (KB)
...
006 (016.229.000) 05/10 05:15:54 Image size of job updated: 2689508
	2022  -  MemoryUsage of job (MB)
	2070288  -  ResidentSetSize of job (KB)
...
006 (016.229.000) 05/10 05:16:00 Image size of job updated: 2700772
	2023  -  MemoryUsage of job (MB)
	2071476  -  ResidentSetSize of job (KB)
...
006 (016.229.000) 05/10 05:16:06 Image size of job updated: 2700772
	2027  -  MemoryUsage of job (MB)
	2075304  -  ResidentSetSize of job (KB)
...
006 (016.229.000) 05/10 05:16:12 Image size of job updated: 2708964
	2031  -  MemoryUsage of job (MB)
	2079396  -  ResidentSetSize of job (KB)
...
006 (016.229.000) 05/10 05:16:18 Image size of job updated: 2708964
	2036  -  MemoryUsage of job (MB)
	2083884  -  ResidentSetSize of job (KB)
...
006 (016.229.000) 05/10 05:16:24 Image size of job updated: 2708964
	2040  -  MemoryUsage of job (MB)
	2088108  -  ResidentSetSize of job (KB)
...
006 (016.229.000) 05/10 05:16:30 Image size of job updated: 2719204
	2043  -  MemoryUsage of job (MB)
	2091012  -  ResidentSetSize of job (KB)
...
006 (016.229.000) 05/10 05:16:36 Image size of job updated: 2719204
	2248  -  MemoryUsage of job (MB)
	2301684  -  ResidentSetSize of job (KB)
...
006 (016.229.000) 05/10 05:16:42 Image size of job updated: 2935780
	2248  -  MemoryUsage of job (MB)
	2301684  -  ResidentSetSize of job (KB)
...
005 (016.229.000) 05/10 05:16:43 Job terminated.
	(1) Normal termination (return value 0)
		Usr 0 00:18:21, Sys 0 00:00:02  -  Run Remote Usage
		Usr 0 00:00:00, Sys 0 00:00:00  -  Run Local Usage
		Usr 0 00:18:21, Sys 0 00:00:02  -  Total Remote Usage
		Usr 0 00:00:00, Sys 0 00:00:00  -  Total Local Usage
	0  -  Run Bytes Sent By Job
	0  -  Run Bytes Received By Job
	0  -  Total Bytes Sent By Job
	0  -  Total Bytes Received By Job
	Partitionable Resources :      Usage  Request Allocated 
	   Cpus                 :       0.99        1         1 
	   Disk (KB)            : 2000000     2000000   6232219 
	   Memory (MB)          :    2248        1954      2007 
...
