000 (189.058.000) 05/05 21:04:46 Job submitted from host: <127.0.0.1:9618?addrs=127.0.0.1-9618&noUDP&sock=222_da1d_4>
...
001 (189.058.000) 05/06 02:36:38 Job executing on host: <127.0.0.1:9618?addrs=127.0.0.1-9618&noUDP&sock=222_da1d_5>
...
006 (189.058.000) 05/06 02:36:43 Image size of job updated: 2000000
	52  -  MemoryUsage of job (MB)
	53064  -  ResidentSetSize of job (KB)
...
006 (189.058.000) 05/06 02:36:50 Image size of job updated: 2000000
	91  -  MemoryUsage of job (MB)
	93060  -  ResidentSetSize of job (KB)
...
006 (189.058.000) 05/06 02:36:55 Image size of job updated: 2000000
	159  -  MemoryUsage of job (MB)
	162492  -  ResidentSetSize of job (KB)
...
006 (189.058.000) 05/06 02:37:01 Image size of job updated: 2000000
	250  -  MemoryUsage of job (MB)
	255552  -  ResidentSetSize of job (KB)
...
006 (189.058.000) 05/06 02:39:13 Image size of job updated: 2000000
	305  -  MemoryUsage of job (MB)
	311652  -  ResidentSetSize of job (KB)
...
006 (189.058.000) 05/06 02:39:18 Image size of job updated: 2000000
	378  -  MemoryUsage of job (MB)
	386100  -  ResidentSetSize of job (KB)
...
006 (189.058.000) 05/06 02:39:23 Image size of job updated: 2000000
	444  -  MemoryUsage of job (MB)
	454212  -  ResidentSetSize of job (KB)
...
006 (189.058.000) 05/06 02:39:28 Image size of job updated: 2000000
	505  -  MemoryUsage of job (MB)
	516252  -  ResidentSetSize of job (KB)
...
006 (189.058.000) 05/06 02:39:33 Image size of job updated: 2000000
	510  -  MemoryUsage of job (MB)
	521796  -  ResidentSetSize of job (KB)
...
006 (189.058.000) 05/06 02:39:43 Image size of job updated: 2000000
	511  -  MemoryUsage of job (MB)
	522852  -  ResidentSetSize of job (KB)
...
006 (189.058.000) 05/06 02:39:48 Image size of job updated: 2000000
	511  -  MemoryUsage of job (MB)
	522984  -  ResidentSetSize of job (KB)
...
006 (189.058.000) 05/06 02:39:53 Image size of job updated: 2000000
	511  -  MemoryUsage of job (MB)
	523116  -  ResidentSetSize of job (KB)
...
006 (189.058.000) 05/06 02:39:58 Image size of job updated: 2000000
	512  -  MemoryUsage of job (MB)
	523380  -  ResidentSetSize of job (KB)
...
006 (189.058.000) 05/06 02:40:03 Image size of job updated: 2000000
	512  -  MemoryUsage of job (MB)
	523644  -  ResidentSetSize of job (KB)
...
006 (189.058.000) 05/06 02:40:08 Image size of job updated: 2000000
	513  -  MemoryUsage of job (MB)
	524964  -  ResidentSetSize of job (KB)
...
006 (189.058.000) 05/06 02:40:17 Image size of job updated: 2000000
	521  -  MemoryUsage of job (MB)
	532884  -  ResidentSetSize of job (KB)
...
006 (189.058.000) 05/06 02:40:29 Image size of job updated: 2000000
	550  -  MemoryUsage of job (MB)
	562320  -  ResidentSetSize of job (KB)
...
006 (189.058.000) 05/06 02:40:39 Image size of job updated: 2000000
	572  -  MemoryUsage of job (MB)
	585024  -  ResidentSetSize of job (KB)
...
006 (189.058.000) 05/06 02:40:51 Image size of job updated: 2000000
	581  -  MemoryUsage of job (MB)
	594132  -  ResidentSetSize of job (KB)
...
006 (189.058.000) 05/06 02:41:09 Image size of job updated: 2000000
	608  -  MemoryUsage of job (MB)
	621984  -  ResidentSetSize of job (KB)
...
006 (189.058.000) 05/06 02:41:23 Image size of job updated: 2000000
	636  -  MemoryUsage of job (MB)
	650892  -  ResidentSetSize of job (KB)
...
006 (189.058.000) 05/06 02:41:32 Image size of job updated: 2000000
	647  -  MemoryUsage of job (MB)
	662376  -  ResidentSetSize of job (KB)
...
006 (189.058.000) 05/06 02:41:37 Image size of job updated: 2000000
	654  -  MemoryUsage of job (MB)
	669372  -  ResidentSetSize of job (KB)
...
006 (189.058.000) 05/06 02:41:42 Image size of job updated: 2000000
	662  -  MemoryUsage of job (MB)
	677424  -  ResidentSetSize of job (KB)
...
006 (189.058.000) 05/06 02:41:49 Image size of job updated: 2000000
	668  -  MemoryUsage of job (MB)
	683100  -  ResidentSetSize of job (KB)
...
006 (189.058.000) 05/06 02:41:54 Image size of job updated: 2000000
	670  -  MemoryUsage of job (MB)
	685344  -  ResidentSetSize of job (KB)
...
006 (189.058.000) 05/06 02:41:59 Image size of job updated: 2000000
	684  -  MemoryUsage of job (MB)
	700392  -  ResidentSetSize of job (KB)
...
006 (189.058.000) 05/06 02:42:04 Image size of job updated: 2000000
	689  -  MemoryUsage of job (MB)
	705144  -  ResidentSetSize of job (KB)
...
006 (189.058.000) 05/06 02:42:09 Image size of job updated: 2000000
	726  -  MemoryUsage of job (MB)
	742764  -  ResidentSetSize of job (KB)
...
006 (189.058.000) 05/06 02:42:14 Image size of job updated: 2000000
	786  -  MemoryUsage of job (MB)
	804144  -  ResidentSetSize of job (KB)
...
006 (189.058.000) 05/06 02:42:19 Image size of job updated: 2000000
	847  -  MemoryUsage of job (MB)
	866316  -  ResidentSetSize of job (KB)
...
006 (189.058.000) 05/06 02:42:24 Image size of job updated: 2000000
	869  -  MemoryUsage of job (MB)
	889020  -  ResidentSetSize of job (KB)
...
006 (189.058.000) 05/06 02:42:29 Image size of job updated: 2000000
	913  -  MemoryUsage of job (MB)
	934824  -  ResidentSetSize of job (KB)
...
006 (189.058.000) 05/06 02:42:34 Image size of job updated: 2000000
	958  -  MemoryUsage of job (MB)
	980760  -  ResidentSetSize of job (KB)
...
006 (189.058.000) 05/06 02:42:39 Image size of job updated: 2000000
	967  -  MemoryUsage of job (MB)
	990132  -  ResidentSetSize of job (KB)
...
006 (189.058.000) 05/06 02:42:54 Image size of job updated: 2000000
	1045  -  MemoryUsage of job (MB)
	1069332  -  ResidentSetSize of job (KB)
...
006 (189.058.000) 05/06 02:42:59 Image size of job updated: 2000000
	1098  -  MemoryUsage of job (MB)
	1123980  -  ResidentSetSize of job (KB)
...
006 (189.058.000) 05/06 02:43:04 Image size of job updated: 2000000
	1143  -  MemoryUsage of job (MB)
	1169916  -  ResidentSetSize of job (KB)
...
006 (189.058.000) 05/06 02:43:09 Image size of job updated: 2000000
	1184  -  MemoryUsage of job (MB)
	1211760  -  ResidentSetSize of job (KB)
...
006 (189.058.000) 05/06 02:43:14 Image size of job updated: 2000000
	1219  -  MemoryUsage of job (MB)
	1247532  -  ResidentSetSize of job (KB)
...
006 (189.058.000) 05/06 02:43:19 Image size of job updated: 2000000
	1251  -  MemoryUsage of job (MB)
	1280532  -  ResidentSetSize of job (KB)
...
006 (189.058.000) 05/06 02:43:24 Image size of job updated: 2000000
	1284  -  MemoryUsage of job (MB)
	1314720  -  ResidentSetSize of job (KB)
...
006 (189.058.000) 05/06 02:44:29 Image size of job updated: 2000000
	1295  -  MemoryUsage of job (MB)
	1325940  -  ResidentSetSize of job (KB)
...
006 (189.058.000) 05/06 02:45:28 Image size of job updated: 4681864
	1297  -  MemoryUsage of job (MB)
	1328052  -  ResidentSetSize of job (KB)
...
005 (189.058.000) 05/06 02:45:28 Job terminated.
	(0) Abnormal termination (signal 9)
	(0) No core file
		Usr 0 00:04:33, Sys 0 00:00:58  -  Run Remote Usage
		Usr 0 00:00:00, Sys 0 00:00:00  -  Run Local Usage
		Usr 0 00:04:33, Sys 0 00:00:58  -  Total Remote Usage
		Usr 0 00:00:00, Sys 0 00:00:00  -  Total Local Usage
	0  -  Run Bytes Sent By Job
	0  -  Run Bytes Received By Job
	0  -  Total Bytes Sent By Job
	0  -  Total Bytes Received By Job
	Partitionable Resources :      Usage  Request Allocated 
	   Cpus                 :       0.99        1         1 
	   Disk (KB)            : 2000000     2000000   6540465 
	   Memory (MB)          :    1297        1954      2007 
...
