000 (016.251.000) 05/10 03:37:20 Job submitted from host: <127.0.0.1:9618?addrs=127.0.0.1-9618&noUDP&sock=212_fe2a_4>
...
001 (016.251.000) 05/10 05:03:16 Job executing on host: <127.0.0.1:9618?addrs=127.0.0.1-9618&noUDP&sock=212_fe2a_5>
...
006 (016.251.000) 05/10 05:03:21 Image size of job updated: 2000000
	101  -  MemoryUsage of job (MB)
	102960  -  ResidentSetSize of job (KB)
...
006 (016.251.000) 05/10 05:03:51 Image size of job updated: 2000000
	145  -  MemoryUsage of job (MB)
	147708  -  ResidentSetSize of job (KB)
...
006 (016.251.000) 05/10 05:03:56 Image size of job updated: 2000000
	184  -  MemoryUsage of job (MB)
	188100  -  ResidentSetSize of job (KB)
...
006 (016.251.000) 05/10 05:04:01 Image size of job updated: 2000000
	184  -  MemoryUsage of job (MB)
	188364  -  ResidentSetSize of job (KB)
...
006 (016.251.000) 05/10 05:04:06 Image size of job updated: 2000000
	188  -  MemoryUsage of job (MB)
	192324  -  ResidentSetSize of job (KB)
...
006 (016.251.000) 05/10 05:04:11 Image size of job updated: 2000000
	198  -  MemoryUsage of job (MB)
	202356  -  ResidentSetSize of job (KB)
...
006 (016.251.000) 05/10 05:04:16 Image size of job updated: 2000000
	208  -  MemoryUsage of job (MB)
	212388  -  ResidentSetSize of job (KB)
...
006 (016.251.000) 05/10 05:04:21 Image size of job updated: 2000000
	216  -  MemoryUsage of job (MB)
	220308  -  ResidentSetSize of job (KB)
...
006 (016.251.000) 05/10 05:04:26 Image size of job updated: 2000000
	226  -  MemoryUsage of job (MB)
	231000  -  ResidentSetSize of job (KB)
...
006 (016.251.000) 05/10 05:04:31 Image size of job updated: 2000000
	234  -  MemoryUsage of job (MB)
	238788  -  ResidentSetSize of job (KB)
...
006 (016.251.000) 05/10 05:04:36 Image size of job updated: 2000000
	240  -  MemoryUsage of job (MB)
	245520  -  ResidentSetSize of job (KB)
...
006 (016.251.000) 05/10 05:04:41 Image size of job updated: 2000000
	268  -  MemoryUsage of job (MB)
	274296  -  ResidentSetSize of job (KB)
...
006 (016.251.000) 05/10 05:04:46 Image size of job updated: 2000000
	304  -  MemoryUsage of job (MB)
	310992  -  ResidentSetSize of job (KB)
...
006 (016.251.000) 05/10 05:04:51 Image size of job updated: 2000000
	329  -  MemoryUsage of job (MB)
	336204  -  ResidentSetSize of job (KB)
...
006 (016.251.000) 05/10 05:04:56 Image size of job updated: 2000000
	377  -  MemoryUsage of job (MB)
	385836  -  ResidentSetSize of job (KB)
...
006 (016.251.000) 05/10 05:05:01 Image size of job updated: 2000000
	430  -  MemoryUsage of job (MB)
	439692  -  ResidentSetSize of job (KB)
...
006 (016.251.000) 05/10 05:05:06 Image size of job updated: 2000000
	478  -  MemoryUsage of job (MB)
	488532  -  ResidentSetSize of job (KB)
...
006 (016.251.000) 05/10 05:05:12 Image size of job updated: 2000000
	1171  -  MemoryUsage of job (MB)
	1198428  -  ResidentSetSize of job (KB)
...
006 (016.251.000) 05/10 05:17:45 Image size of job updated: 2000000
	1173  -  MemoryUsage of job (MB)
	1200408  -  ResidentSetSize of job (KB)
...
006 (016.251.000) 05/10 05:17:51 Image size of job updated: 2000000
	1223  -  MemoryUsage of job (MB)
	1251624  -  ResidentSetSize of job (KB)
...
006 (016.251.000) 05/10 05:17:57 Image size of job updated: 2201484
	1554  -  MemoryUsage of job (MB)
	1590468  -  ResidentSetSize of job (KB)
...
006 (016.251.000) 05/10 05:18:03 Image size of job updated: 2201484
	1706  -  MemoryUsage of job (MB)
	1746228  -  ResidentSetSize of job (KB)
...
006 (016.251.000) 05/10 05:18:09 Image size of job updated: 2561508
	1885  -  MemoryUsage of job (MB)
	1929576  -  ResidentSetSize of job (KB)
...
006 (016.251.000) 05/10 05:18:15 Image size of job updated: 2561508
	1886  -  MemoryUsage of job (MB)
	1930896  -  ResidentSetSize of job (KB)
...
006 (016.251.000) 05/10 05:18:21 Image size of job updated: 2561508
	1896  -  MemoryUsage of job (MB)
	1940796  -  ResidentSetSize of job (KB)
...
006 (016.251.000) 05/10 05:18:27 Image size of job updated: 2578916
	1904  -  MemoryUsage of job (MB)
	1948716  -  ResidentSetSize of job (KB)
...
006 (016.251.000) 05/10 05:18:33 Image size of job updated: 2578916
	1909  -  MemoryUsage of job (MB)
	1954788  -  ResidentSetSize of job (KB)
...
006 (016.251.000) 05/10 05:18:39 Image size of job updated: 2578916
	1916  -  MemoryUsage of job (MB)
	1961124  -  ResidentSetSize of job (KB)
...
006 (016.251.000) 05/10 05:18:45 Image size of job updated: 2595300
	1923  -  MemoryUsage of job (MB)
	1968780  -  ResidentSetSize of job (KB)
...
006 (016.251.000) 05/10 05:18:51 Image size of job updated: 2595300
	1930  -  MemoryUsage of job (MB)
	1975776  -  ResidentSetSize of job (KB)
...
006 (016.251.000) 05/10 05:18:57 Image size of job updated: 2608612
	1932  -  MemoryUsage of job (MB)
	1978284  -  ResidentSetSize of job (KB)
...
006 (016.251.000) 05/10 05:19:03 Image size of job updated: 2608612
	1940  -  MemoryUsage of job (MB)
	1985808  -  ResidentSetSize of job (KB)
...
006 (016.251.000) 05/10 05:19:09 Image size of job updated: 2608612
	1944  -  MemoryUsage of job (MB)
	1990428  -  ResidentSetSize of job (KB)
...
006 (016.251.000) 05/10 05:19:15 Image size of job updated: 2622948
	1949  -  MemoryUsage of job (MB)
	1995048  -  ResidentSetSize of job (KB)
...
006 (016.251.000) 05/10 05:19:21 Image size of job updated: 2622948
	1955  -  MemoryUsage of job (MB)
	2001516  -  ResidentSetSize of job (KB)
...
006 (016.251.000) 05/10 05:19:27 Image size of job updated: 2638308
	1961  -  MemoryUsage of job (MB)
	2007984  -  ResidentSetSize of job (KB)
...
006 (016.251.000) 05/10 05:19:33 Image size of job updated: 2638308
	1968  -  MemoryUsage of job (MB)
	2014980  -  ResidentSetSize of job (KB)
...
006 (016.251.000) 05/10 05:19:39 Image size of job updated: 2648548
	1974  -  MemoryUsage of job (MB)
	2020524  -  ResidentSetSize of job (KB)
...
006 (016.251.000) 05/10 05:19:45 Image size of job updated: 2653668
	1980  -  MemoryUsage of job (MB)
	2026728  -  ResidentSetSize of job (KB)
...
006 (016.251.000) 05/10 05:19:51 Image size of job updated: 2658788
	1987  -  MemoryUsage of job (MB)
	2033856  -  ResidentSetSize of job (KB)
...
006 (016.251.000) 05/10 05:19:57 Image size of job updated: 2658788
	1993  -  MemoryUsage of job (MB)
	2040720  -  ResidentSetSize of job (KB)
...
006 (016.251.000) 05/10 05:20:03 Image size of job updated: 2672100
	1998  -  MemoryUsage of job (MB)
	2045472  -  ResidentSetSize of job (KB)
...
006 (016.251.000) 05/10 05:20:09 Image size of job updated: 2672100
	2004  -  MemoryUsage of job (MB)
	2051808  -  ResidentSetSize of job (KB)
...
006 (016.251.000) 05/10 05:20:15 Image size of job updated: 2687460
	2010  -  MemoryUsage of job (MB)
	2057484  -  ResidentSetSize of job (KB)
...
006 (016.251.000) 05/10 05:20:21 Image size of job updated: 2687460
	2016  -  MemoryUsage of job (MB)
	2064348  -  ResidentSetSize of job (KB)
...
006 (016.251.000) 05/10 05:20:27 Image size of job updated: 2687460
	2023  -  MemoryUsage of job (MB)
	2070816  -  ResidentSetSize of job (KB)
...
006 (016.251.000) 05/10 05:20:33 Image size of job updated: 2702820
	2029  -  MemoryUsage of job (MB)
	2077416  -  ResidentSetSize of job (KB)
...
006 (016.251.000) 05/10 05:20:39 Image size of job updated: 2702820
	2034  -  MemoryUsage of job (MB)
	2082168  -  ResidentSetSize of job (KB)
...
006 (016.251.000) 05/10 05:20:45 Image size of job updated: 2714084
	2040  -  MemoryUsage of job (MB)
	2088240  -  ResidentSetSize of job (KB)
...
006 (016.251.000) 05/10 05:20:51 Image size of job updated: 2724324
	2046  -  MemoryUsage of job (MB)
	2094444  -  ResidentSetSize of job (KB)
...
006 (016.251.000) 05/10 05:20:57 Image size of job updated: 2724324
	2051  -  MemoryUsage of job (MB)
	2099592  -  ResidentSetSize of job (KB)
...
006 (016.251.000) 05/10 05:21:03 Image size of job updated: 2724324
	2057  -  MemoryUsage of job (MB)
	2106192  -  ResidentSetSize of job (KB)
...
006 (016.251.000) 05/10 05:21:09 Image size of job updated: 2736612
	2064  -  MemoryUsage of job (MB)
	2112924  -  ResidentSetSize of job (KB)
...
006 (016.251.000) 05/10 05:21:15 Image size of job updated: 2749924
	2071  -  MemoryUsage of job (MB)
	2119788  -  ResidentSetSize of job (KB)
...
006 (016.251.000) 05/10 05:21:21 Image size of job updated: 2756068
	2077  -  MemoryUsage of job (MB)
	2126652  -  ResidentSetSize of job (KB)
...
006 (016.251.000) 05/10 05:21:27 Image size of job updated: 2757092
	2084  -  MemoryUsage of job (MB)
	2133120  -  ResidentSetSize of job (KB)
...
006 (016.251.000) 05/10 05:21:33 Image size of job updated: 2764260
	2090  -  MemoryUsage of job (MB)
	2139588  -  ResidentSetSize of job (KB)
...
006 (016.251.000) 05/10 05:21:39 Image size of job updated: 2773476
	2097  -  MemoryUsage of job (MB)
	2146320  -  ResidentSetSize of job (KB)
...
006 (016.251.000) 05/10 05:21:45 Image size of job updated: 2773476
	2102  -  MemoryUsage of job (MB)
	2152260  -  ResidentSetSize of job (KB)
...
006 (016.251.000) 05/10 05:21:51 Image size of job updated: 2773476
	2108  -  MemoryUsage of job (MB)
	2158332  -  ResidentSetSize of job (KB)
...
006 (016.251.000) 05/10 05:21:57 Image size of job updated: 2788836
	2113  -  MemoryUsage of job (MB)
	2163480  -  ResidentSetSize of job (KB)
...
006 (016.251.000) 05/10 05:22:03 Image size of job updated: 2788836
	2119  -  MemoryUsage of job (MB)
	2169816  -  ResidentSetSize of job (KB)
...
006 (016.251.000) 05/10 05:22:09 Image size of job updated: 2803172
	2125  -  MemoryUsage of job (MB)
	2175624  -  ResidentSetSize of job (KB)
...
006 (016.251.000) 05/10 05:22:15 Image size of job updated: 2803172
	2132  -  MemoryUsage of job (MB)
	2182884  -  ResidentSetSize of job (KB)
...
006 (016.251.000) 05/10 05:22:21 Image size of job updated: 2819556
	2139  -  MemoryUsage of job (MB)
	2189484  -  ResidentSetSize of job (KB)
...
006 (016.251.000) 05/10 05:22:27 Image size of job updated: 2821604
	2144  -  MemoryUsage of job (MB)
	2194500  -  ResidentSetSize of job (KB)
...
006 (016.251.000) 05/10 05:22:33 Image size of job updated: 2821604
	2150  -  MemoryUsage of job (MB)
	2200968  -  ResidentSetSize of job (KB)
...
006 (016.251.000) 05/10 05:22:39 Image size of job updated: 2940388
	2357  -  MemoryUsage of job (MB)
	2412960  -  ResidentSetSize of job (KB)
...
005 (016.251.000) 05/10 05:22:46 Job terminated.
	(1) Normal termination (return value 0)
		Usr 0 00:18:58, Sys 0 00:00:02  -  Run Remote Usage
		Usr 0 00:00:00, Sys 0 00:00:00  -  Run Local Usage
		Usr 0 00:18:58, Sys 0 00:00:02  -  Total Remote Usage
		Usr 0 00:00:00, Sys 0 00:00:00  -  Total Local Usage
	0  -  Run Bytes Sent By Job
	0  -  Run Bytes Received By Job
	0  -  Total Bytes Sent By Job
	0  -  Total Bytes Received By Job
	Partitionable Resources :      Usage  Request Allocated 
	   Cpus                 :       1.00        1         1 
	   Disk (KB)            : 2000000     2000000   6232219 
	   Memory (MB)          :    2357        1954      2007 
...
