000 (205.7077.000) 05/06 03:21:07 Job submitted from host: <127.0.0.1:9618?addrs=127.0.0.1-9618&noUDP&sock=222_da1d_4>
...
033 (205.7077.000) 05/06 14:23:48 Changing job attribute JobPrio from 0 to -5
...
000 (007.7077.000) 05/07 19:00:44 Job submitted from host: <127.0.0.1:9618?addrs=127.0.0.1-9618&noUDP&sock=215_0cf3_4>
...
000 (016.7077.000) 05/08 15:57:47 Job submitted from host: <127.0.0.1:9618?addrs=127.0.0.1-9618&noUDP&sock=227_4816_4>
...
009 (016.7077.000) 05/09 16:55:41 Job was aborted by the user.
	via condor_rm (by user aw868)
...
000 (017.3744.000) 05/09 17:26:25 Job submitted from host: <127.0.0.1:9618?addrs=127.0.0.1-9618&noUDP&sock=227_4816_4>
...
001 (017.3744.000) 05/10 20:26:35 Job executing on host: <127.0.0.1:9618?addrs=127.0.0.1-9618&noUDP&sock=227_4816_5>
...
006 (017.3744.000) 05/10 20:26:41 Image size of job updated: 2000000
	115  -  MemoryUsage of job (MB)
	116952  -  ResidentSetSize of job (KB)
...
006 (017.3744.000) 05/10 20:27:06 Image size of job updated: 2000000
	118  -  MemoryUsage of job (MB)
	120780  -  ResidentSetSize of job (KB)
...
006 (017.3744.000) 05/10 20:27:11 Image size of job updated: 2000000
	189  -  MemoryUsage of job (MB)
	193248  -  ResidentSetSize of job (KB)
...
006 (017.3744.000) 05/10 20:27:16 Image size of job updated: 2000000
	211  -  MemoryUsage of job (MB)
	215424  -  ResidentSetSize of job (KB)
...
006 (017.3744.000) 05/10 20:27:21 Image size of job updated: 2000000
	211  -  MemoryUsage of job (MB)
	215952  -  ResidentSetSize of job (KB)
...
006 (017.3744.000) 05/10 20:27:26 Image size of job updated: 2000000
	222  -  MemoryUsage of job (MB)
	226644  -  ResidentSetSize of job (KB)
...
006 (017.3744.000) 05/10 20:27:31 Image size of job updated: 2000000
	234  -  MemoryUsage of job (MB)
	238656  -  ResidentSetSize of job (KB)
...
006 (017.3744.000) 05/10 20:27:36 Image size of job updated: 2000000
	245  -  MemoryUsage of job (MB)
	250536  -  ResidentSetSize of job (KB)
...
006 (017.3744.000) 05/10 20:27:41 Image size of job updated: 2000000
	255  -  MemoryUsage of job (MB)
	260304  -  ResidentSetSize of job (KB)
...
006 (017.3744.000) 05/10 20:27:46 Image size of job updated: 2000000
	265  -  MemoryUsage of job (MB)
	270996  -  ResidentSetSize of job (KB)
...
006 (017.3744.000) 05/10 20:27:51 Image size of job updated: 2000000
	272  -  MemoryUsage of job (MB)
	278520  -  ResidentSetSize of job (KB)
...
006 (017.3744.000) 05/10 20:27:56 Image size of job updated: 2000000
	292  -  MemoryUsage of job (MB)
	298980  -  ResidentSetSize of job (KB)
...
006 (017.3744.000) 05/10 20:28:01 Image size of job updated: 2000000
	335  -  MemoryUsage of job (MB)
	342540  -  ResidentSetSize of job (KB)
...
006 (017.3744.000) 05/10 20:28:06 Image size of job updated: 2000000
	377  -  MemoryUsage of job (MB)
	385572  -  ResidentSetSize of job (KB)
...
006 (017.3744.000) 05/10 20:28:11 Image size of job updated: 2000000
	380  -  MemoryUsage of job (MB)
	388476  -  ResidentSetSize of job (KB)
...
006 (017.3744.000) 05/10 20:28:16 Image size of job updated: 2000000
	441  -  MemoryUsage of job (MB)
	450780  -  ResidentSetSize of job (KB)
...
006 (017.3744.000) 05/10 20:28:21 Image size of job updated: 2000000
	503  -  MemoryUsage of job (MB)
	514272  -  ResidentSetSize of job (KB)
...
006 (017.3744.000) 05/10 20:28:26 Image size of job updated: 2000000
	554  -  MemoryUsage of job (MB)
	567204  -  ResidentSetSize of job (KB)
...
006 (017.3744.000) 05/10 20:28:31 Image size of job updated: 2000000
	1243  -  MemoryUsage of job (MB)
	1272084  -  ResidentSetSize of job (KB)
...
006 (017.3744.000) 05/10 20:47:00 Image size of job updated: 2000000
	1678  -  MemoryUsage of job (MB)
	1717848  -  ResidentSetSize of job (KB)
...
006 (017.3744.000) 05/10 20:47:06 Image size of job updated: 2454228
	2002  -  MemoryUsage of job (MB)
	2049036  -  ResidentSetSize of job (KB)
...
006 (017.3744.000) 05/10 20:47:22 Image size of job updated: 2692340
	2040  -  MemoryUsage of job (MB)
	2088900  -  ResidentSetSize of job (KB)
...
006 (017.3744.000) 05/10 20:47:27 Image size of job updated: 2692340
	2128  -  MemoryUsage of job (MB)
	2178660  -  ResidentSetSize of job (KB)
...
006 (017.3744.000) 05/10 20:47:32 Image size of job updated: 2881780
	2190  -  MemoryUsage of job (MB)
	2242020  -  ResidentSetSize of job (KB)
...
006 (017.3744.000) 05/10 20:47:37 Image size of job updated: 2928884
	2236  -  MemoryUsage of job (MB)
	2289276  -  ResidentSetSize of job (KB)
...
006 (017.3744.000) 05/10 20:47:42 Image size of job updated: 2928884
	2276  -  MemoryUsage of job (MB)
	2329932  -  ResidentSetSize of job (KB)
...
006 (017.3744.000) 05/10 20:47:47 Image size of job updated: 2928884
	2314  -  MemoryUsage of job (MB)
	2369400  -  ResidentSetSize of job (KB)
...
006 (017.3744.000) 05/10 20:47:52 Image size of job updated: 3048692
	2353  -  MemoryUsage of job (MB)
	2408868  -  ResidentSetSize of job (KB)
...
006 (017.3744.000) 05/10 20:47:57 Image size of job updated: 3048692
	2389  -  MemoryUsage of job (MB)
	2445960  -  ResidentSetSize of job (KB)
...
006 (017.3744.000) 05/10 20:48:02 Image size of job updated: 3048692
	2425  -  MemoryUsage of job (MB)
	2482920  -  ResidentSetSize of job (KB)
...
006 (017.3744.000) 05/10 20:48:07 Image size of job updated: 3159284
	2460  -  MemoryUsage of job (MB)
	2518824  -  ResidentSetSize of job (KB)
...
006 (017.3744.000) 05/10 20:48:12 Image size of job updated: 3159284
	2496  -  MemoryUsage of job (MB)
	2555256  -  ResidentSetSize of job (KB)
...
006 (017.3744.000) 05/10 20:48:17 Image size of job updated: 3159284
	2532  -  MemoryUsage of job (MB)
	2591952  -  ResidentSetSize of job (KB)
...
006 (017.3744.000) 05/10 20:48:22 Image size of job updated: 3268852
	2568  -  MemoryUsage of job (MB)
	2628912  -  ResidentSetSize of job (KB)
...
006 (017.3744.000) 05/10 20:48:27 Image size of job updated: 3268852
	2603  -  MemoryUsage of job (MB)
	2664816  -  ResidentSetSize of job (KB)
...
006 (017.3744.000) 05/10 20:48:32 Image size of job updated: 3268852
	2638  -  MemoryUsage of job (MB)
	2700984  -  ResidentSetSize of job (KB)
...
006 (017.3744.000) 05/10 20:48:37 Image size of job updated: 3378420
	2675  -  MemoryUsage of job (MB)
	2738208  -  ResidentSetSize of job (KB)
...
006 (017.3744.000) 05/10 20:48:42 Image size of job updated: 3378420
	2710  -  MemoryUsage of job (MB)
	2774772  -  ResidentSetSize of job (KB)
...
006 (017.3744.000) 05/10 20:48:47 Image size of job updated: 3378420
	2746  -  MemoryUsage of job (MB)
	2811336  -  ResidentSetSize of job (KB)
...
006 (017.3744.000) 05/10 20:48:52 Image size of job updated: 3489012
	2779  -  MemoryUsage of job (MB)
	2845656  -  ResidentSetSize of job (KB)
...
006 (017.3744.000) 05/10 20:48:57 Image size of job updated: 3489012
	2809  -  MemoryUsage of job (MB)
	2876016  -  ResidentSetSize of job (KB)
...
006 (017.3744.000) 05/10 20:49:02 Image size of job updated: 3489012
	2836  -  MemoryUsage of job (MB)
	2903340  -  ResidentSetSize of job (KB)
...
006 (017.3744.000) 05/10 20:49:07 Image size of job updated: 3600628
	2862  -  MemoryUsage of job (MB)
	2930268  -  ResidentSetSize of job (KB)
...
006 (017.3744.000) 05/10 20:49:12 Image size of job updated: 3600628
	2863  -  MemoryUsage of job (MB)
	2931456  -  ResidentSetSize of job (KB)
...
006 (017.3744.000) 05/10 20:49:24 Image size of job updated: 3712244
	2869  -  MemoryUsage of job (MB)
	2937396  -  ResidentSetSize of job (KB)
...
006 (017.3744.000) 05/10 20:49:29 Image size of job updated: 3714292
	2905  -  MemoryUsage of job (MB)
	2974620  -  ResidentSetSize of job (KB)
...
006 (017.3744.000) 05/10 20:49:34 Image size of job updated: 3758324
	2943  -  MemoryUsage of job (MB)
	3013032  -  ResidentSetSize of job (KB)
...
006 (017.3744.000) 05/10 20:49:39 Image size of job updated: 3826932
	2980  -  MemoryUsage of job (MB)
	3051048  -  ResidentSetSize of job (KB)
...
006 (017.3744.000) 05/10 20:49:44 Image size of job updated: 3850484
	3017  -  MemoryUsage of job (MB)
	3088536  -  ResidentSetSize of job (KB)
...
006 (017.3744.000) 05/10 20:49:49 Image size of job updated: 3875060
	3057  -  MemoryUsage of job (MB)
	3129852  -  ResidentSetSize of job (KB)
...
006 (017.3744.000) 05/10 20:49:54 Image size of job updated: 3946740
	3097  -  MemoryUsage of job (MB)
	3170772  -  ResidentSetSize of job (KB)
...
006 (017.3744.000) 05/10 20:49:59 Image size of job updated: 3946740
	3137  -  MemoryUsage of job (MB)
	3211956  -  ResidentSetSize of job (KB)
...
006 (017.3744.000) 05/10 20:50:04 Image size of job updated: 3997940
	3177  -  MemoryUsage of job (MB)
	3252876  -  ResidentSetSize of job (KB)
...
006 (017.3744.000) 05/10 20:50:09 Image size of job updated: 4068596
	3217  -  MemoryUsage of job (MB)
	3293400  -  ResidentSetSize of job (KB)
...
006 (017.3744.000) 05/10 20:50:14 Image size of job updated: 4108532
	3257  -  MemoryUsage of job (MB)
	3334452  -  ResidentSetSize of job (KB)
...
006 (017.3744.000) 05/10 20:50:19 Image size of job updated: 4108532
	3299  -  MemoryUsage of job (MB)
	3377352  -  ResidentSetSize of job (KB)
...
006 (017.3744.000) 05/10 20:50:24 Image size of job updated: 4199668
	3339  -  MemoryUsage of job (MB)
	3418140  -  ResidentSetSize of job (KB)
...
006 (017.3744.000) 05/10 20:50:29 Image size of job updated: 4199668
	3384  -  MemoryUsage of job (MB)
	3465000  -  ResidentSetSize of job (KB)
...
006 (017.3744.000) 05/10 20:50:34 Image size of job updated: 4199668
	3428  -  MemoryUsage of job (MB)
	3510144  -  ResidentSetSize of job (KB)
...
006 (017.3744.000) 05/10 20:50:39 Image size of job updated: 4332788
	3469  -  MemoryUsage of job (MB)
	3551592  -  ResidentSetSize of job (KB)
...
006 (017.3744.000) 05/10 20:50:44 Image size of job updated: 4332788
	3510  -  MemoryUsage of job (MB)
	3593700  -  ResidentSetSize of job (KB)
...
006 (017.3744.000) 05/10 20:50:49 Image size of job updated: 4332788
	3546  -  MemoryUsage of job (MB)
	3630528  -  ResidentSetSize of job (KB)
...
006 (017.3744.000) 05/10 20:50:54 Image size of job updated: 4448500
	3582  -  MemoryUsage of job (MB)
	3667752  -  ResidentSetSize of job (KB)
...
006 (017.3744.000) 05/10 20:50:59 Image size of job updated: 4448500
	3619  -  MemoryUsage of job (MB)
	3705108  -  ResidentSetSize of job (KB)
...
006 (017.3744.000) 05/10 20:51:04 Image size of job updated: 4448500
	3655  -  MemoryUsage of job (MB)
	3742596  -  ResidentSetSize of job (KB)
...
006 (017.3744.000) 05/10 20:51:09 Image size of job updated: 4561140
	3692  -  MemoryUsage of job (MB)
	3779952  -  ResidentSetSize of job (KB)
...
006 (017.3744.000) 05/10 20:51:14 Image size of job updated: 4561140
	3729  -  MemoryUsage of job (MB)
	3817704  -  ResidentSetSize of job (KB)
...
006 (017.3744.000) 05/10 20:51:19 Image size of job updated: 4617460
	3765  -  MemoryUsage of job (MB)
	3855192  -  ResidentSetSize of job (KB)
...
006 (017.3744.000) 05/10 20:51:24 Image size of job updated: 4674804
	3803  -  MemoryUsage of job (MB)
	3893736  -  ResidentSetSize of job (KB)
...
006 (017.3744.000) 05/10 20:51:29 Image size of job updated: 4711668
	3839  -  MemoryUsage of job (MB)
	3931092  -  ResidentSetSize of job (KB)
...
006 (017.3744.000) 05/10 20:51:34 Image size of job updated: 4712692
	3876  -  MemoryUsage of job (MB)
	3968844  -  ResidentSetSize of job (KB)
...
006 (017.3744.000) 05/10 20:51:39 Image size of job updated: 4769012
	3913  -  MemoryUsage of job (MB)
	4006728  -  ResidentSetSize of job (KB)
...
006 (017.3744.000) 05/10 20:51:44 Image size of job updated: 4801780
	3951  -  MemoryUsage of job (MB)
	4045008  -  ResidentSetSize of job (KB)
...
006 (017.3744.000) 05/10 20:51:49 Image size of job updated: 4834548
	3986  -  MemoryUsage of job (MB)
	4081308  -  ResidentSetSize of job (KB)
...
006 (017.3744.000) 05/10 20:51:54 Image size of job updated: 4886772
	4024  -  MemoryUsage of job (MB)
	4120512  -  ResidentSetSize of job (KB)
...
006 (017.3744.000) 05/10 20:51:59 Image size of job updated: 4915444
	4062  -  MemoryUsage of job (MB)
	4158924  -  ResidentSetSize of job (KB)
...
006 (017.3744.000) 05/10 20:52:04 Image size of job updated: 4915444
	4099  -  MemoryUsage of job (MB)
	4197336  -  ResidentSetSize of job (KB)
...
006 (017.3744.000) 05/10 20:52:09 Image size of job updated: 4999412
	4136  -  MemoryUsage of job (MB)
	4234692  -  ResidentSetSize of job (KB)
...
006 (017.3744.000) 05/10 20:52:14 Image size of job updated: 5029108
	4173  -  MemoryUsage of job (MB)
	4272444  -  ResidentSetSize of job (KB)
...
006 (017.3744.000) 05/10 20:52:19 Image size of job updated: 5029108
	4210  -  MemoryUsage of job (MB)
	4310196  -  ResidentSetSize of job (KB)
...
006 (017.3744.000) 05/10 20:52:24 Image size of job updated: 5029108
	4246  -  MemoryUsage of job (MB)
	4347420  -  ResidentSetSize of job (KB)
...
006 (017.3744.000) 05/10 20:52:29 Image size of job updated: 5141748
	4282  -  MemoryUsage of job (MB)
	4384116  -  ResidentSetSize of job (KB)
...
006 (017.3744.000) 05/10 20:52:34 Image size of job updated: 5141748
	4318  -  MemoryUsage of job (MB)
	4421472  -  ResidentSetSize of job (KB)
...
006 (017.3744.000) 05/10 20:52:39 Image size of job updated: 5141748
	4355  -  MemoryUsage of job (MB)
	4458828  -  ResidentSetSize of job (KB)
...
006 (017.3744.000) 05/10 20:52:44 Image size of job updated: 5253364
	4391  -  MemoryUsage of job (MB)
	4495920  -  ResidentSetSize of job (KB)
...
006 (017.3744.000) 05/10 20:52:49 Image size of job updated: 5253364
	4430  -  MemoryUsage of job (MB)
	4535388  -  ResidentSetSize of job (KB)
...
006 (017.3744.000) 05/10 20:52:54 Image size of job updated: 5253364
	4467  -  MemoryUsage of job (MB)
	4574064  -  ResidentSetSize of job (KB)
...
006 (017.3744.000) 05/10 20:52:59 Image size of job updated: 5373172
	4505  -  MemoryUsage of job (MB)
	4612740  -  ResidentSetSize of job (KB)
...
006 (017.3744.000) 05/10 20:53:04 Image size of job updated: 5424372
	4543  -  MemoryUsage of job (MB)
	4651944  -  ResidentSetSize of job (KB)
...
006 (017.3744.000) 05/10 20:53:09 Image size of job updated: 5424372
	4582  -  MemoryUsage of job (MB)
	4691412  -  ResidentSetSize of job (KB)
...
006 (017.3744.000) 05/10 20:53:14 Image size of job updated: 5490932
	4620  -  MemoryUsage of job (MB)
	4730352  -  ResidentSetSize of job (KB)
...
006 (017.3744.000) 05/10 20:53:19 Image size of job updated: 5490932
	4657  -  MemoryUsage of job (MB)
	4768764  -  ResidentSetSize of job (KB)
...
006 (017.3744.000) 05/10 20:53:24 Image size of job updated: 5490932
	4695  -  MemoryUsage of job (MB)
	4807572  -  ResidentSetSize of job (KB)
...
006 (017.3744.000) 05/10 20:53:29 Image size of job updated: 5623028
	4734  -  MemoryUsage of job (MB)
	4847436  -  ResidentSetSize of job (KB)
...
006 (017.3744.000) 05/10 20:53:34 Image size of job updated: 5623028
	4772  -  MemoryUsage of job (MB)
	4885716  -  ResidentSetSize of job (KB)
...
006 (017.3744.000) 05/10 20:53:40 Image size of job updated: 5623028
	4787  -  MemoryUsage of job (MB)
	4900896  -  ResidentSetSize of job (KB)
...
006 (017.3744.000) 05/10 20:53:46 Image size of job updated: 5735668
	4794  -  MemoryUsage of job (MB)
	4908684  -  ResidentSetSize of job (KB)
...
006 (017.3744.000) 05/10 20:53:58 Image size of job updated: 5822708
	4794  -  MemoryUsage of job (MB)
	4908684  -  ResidentSetSize of job (KB)
...
006 (017.3744.000) 05/10 20:54:04 Image size of job updated: 5833972
	4806  -  MemoryUsage of job (MB)
	4920432  -  ResidentSetSize of job (KB)
...
006 (017.3744.000) 05/10 20:54:10 Image size of job updated: 5833972
	5127  -  MemoryUsage of job (MB)
	5249112  -  ResidentSetSize of job (KB)
...
006 (017.3744.000) 05/10 20:54:16 Image size of job updated: 6099188
	5174  -  MemoryUsage of job (MB)
	5297952  -  ResidentSetSize of job (KB)
...
005 (017.3744.000) 05/10 20:54:18 Job terminated.
	(1) Normal termination (return value 0)
		Usr 0 00:26:51, Sys 0 00:00:11  -  Run Remote Usage
		Usr 0 00:00:00, Sys 0 00:00:00  -  Run Local Usage
		Usr 0 00:26:51, Sys 0 00:00:11  -  Total Remote Usage
		Usr 0 00:00:00, Sys 0 00:00:00  -  Total Local Usage
	0  -  Run Bytes Sent By Job
	0  -  Run Bytes Received By Job
	0  -  Total Bytes Sent By Job
	0  -  Total Bytes Received By Job
	Partitionable Resources :      Usage  Request Allocated 
	   Cpus                 :       0.87        1         1 
	   Disk (KB)            : 2000000     2000000   6275465 
	   Memory (MB)          :    5174        1954      2007 
...
