000 (205.5895.000) 05/06 03:20:27 Job submitted from host: <127.0.0.1:9618?addrs=127.0.0.1-9618&noUDP&sock=222_da1d_4>
...
033 (205.5895.000) 05/06 14:23:25 Changing job attribute JobPrio from 0 to -5
...
000 (007.5895.000) 05/07 19:00:29 Job submitted from host: <127.0.0.1:9618?addrs=127.0.0.1-9618&noUDP&sock=215_0cf3_4>
...
000 (016.5895.000) 05/08 15:57:34 Job submitted from host: <127.0.0.1:9618?addrs=127.0.0.1-9618&noUDP&sock=227_4816_4>
...
009 (016.5895.000) 05/09 16:55:15 Job was aborted by the user.
	via condor_rm (by user aw868)
...
000 (017.2562.000) 05/09 17:26:14 Job submitted from host: <127.0.0.1:9618?addrs=127.0.0.1-9618&noUDP&sock=227_4816_4>
...
001 (017.2562.000) 05/10 11:54:48 Job executing on host: <127.0.0.1:9618?addrs=127.0.0.1-9618&noUDP&sock=227_4816_5>
...
006 (017.2562.000) 05/10 11:54:53 Image size of job updated: 2000000
	115  -  MemoryUsage of job (MB)
	117084  -  ResidentSetSize of job (KB)
...
006 (017.2562.000) 05/10 11:55:18 Image size of job updated: 2000000
	119  -  MemoryUsage of job (MB)
	121572  -  ResidentSetSize of job (KB)
...
006 (017.2562.000) 05/10 11:55:23 Image size of job updated: 2000000
	199  -  MemoryUsage of job (MB)
	203412  -  ResidentSetSize of job (KB)
...
006 (017.2562.000) 05/10 11:55:28 Image size of job updated: 2000000
	211  -  MemoryUsage of job (MB)
	215556  -  ResidentSetSize of job (KB)
...
006 (017.2562.000) 05/10 11:55:33 Image size of job updated: 2000000
	215  -  MemoryUsage of job (MB)
	219516  -  ResidentSetSize of job (KB)
...
006 (017.2562.000) 05/10 11:55:38 Image size of job updated: 2000000
	229  -  MemoryUsage of job (MB)
	234432  -  ResidentSetSize of job (KB)
...
006 (017.2562.000) 05/10 11:55:43 Image size of job updated: 2000000
	244  -  MemoryUsage of job (MB)
	249480  -  ResidentSetSize of job (KB)
...
006 (017.2562.000) 05/10 11:55:48 Image size of job updated: 2000000
	257  -  MemoryUsage of job (MB)
	262284  -  ResidentSetSize of job (KB)
...
006 (017.2562.000) 05/10 11:55:53 Image size of job updated: 2000000
	270  -  MemoryUsage of job (MB)
	275748  -  ResidentSetSize of job (KB)
...
006 (017.2562.000) 05/10 11:55:58 Image size of job updated: 2000000
	280  -  MemoryUsage of job (MB)
	286176  -  ResidentSetSize of job (KB)
...
006 (017.2562.000) 05/10 11:56:03 Image size of job updated: 2000000
	323  -  MemoryUsage of job (MB)
	330528  -  ResidentSetSize of job (KB)
...
006 (017.2562.000) 05/10 11:56:08 Image size of job updated: 2000000
	367  -  MemoryUsage of job (MB)
	375276  -  ResidentSetSize of job (KB)
...
006 (017.2562.000) 05/10 11:56:16 Image size of job updated: 2000000
	373  -  MemoryUsage of job (MB)
	381876  -  ResidentSetSize of job (KB)
...
006 (017.2562.000) 05/10 11:56:22 Image size of job updated: 2000000
	416  -  MemoryUsage of job (MB)
	425964  -  ResidentSetSize of job (KB)
...
006 (017.2562.000) 05/10 11:56:28 Image size of job updated: 2000000
	496  -  MemoryUsage of job (MB)
	507804  -  ResidentSetSize of job (KB)
...
006 (017.2562.000) 05/10 11:56:34 Image size of job updated: 2000000
	1238  -  MemoryUsage of job (MB)
	1267200  -  ResidentSetSize of job (KB)
...
006 (017.2562.000) 05/10 12:13:42 Image size of job updated: 2000000
	1265  -  MemoryUsage of job (MB)
	1295316  -  ResidentSetSize of job (KB)
...
006 (017.2562.000) 05/10 12:13:48 Image size of job updated: 2000000
	1641  -  MemoryUsage of job (MB)
	1679568  -  ResidentSetSize of job (KB)
...
006 (017.2562.000) 05/10 12:13:54 Image size of job updated: 2454228
	1780  -  MemoryUsage of job (MB)
	1821996  -  ResidentSetSize of job (KB)
...
006 (017.2562.000) 05/10 12:14:00 Image size of job updated: 2454228
	1997  -  MemoryUsage of job (MB)
	2044680  -  ResidentSetSize of job (KB)
...
006 (017.2562.000) 05/10 12:14:06 Image size of job updated: 2724084
	2104  -  MemoryUsage of job (MB)
	2154108  -  ResidentSetSize of job (KB)
...
006 (017.2562.000) 05/10 12:14:12 Image size of job updated: 2856180
	2207  -  MemoryUsage of job (MB)
	2259312  -  ResidentSetSize of job (KB)
...
006 (017.2562.000) 05/10 12:14:18 Image size of job updated: 2856180
	2307  -  MemoryUsage of job (MB)
	2361348  -  ResidentSetSize of job (KB)
...
006 (017.2562.000) 05/10 12:14:24 Image size of job updated: 3055860
	2395  -  MemoryUsage of job (MB)
	2452428  -  ResidentSetSize of job (KB)
...
006 (017.2562.000) 05/10 12:14:30 Image size of job updated: 3055860
	2482  -  MemoryUsage of job (MB)
	2541264  -  ResidentSetSize of job (KB)
...
006 (017.2562.000) 05/10 12:14:36 Image size of job updated: 3257588
	2568  -  MemoryUsage of job (MB)
	2628912  -  ResidentSetSize of job (KB)
...
006 (017.2562.000) 05/10 12:14:42 Image size of job updated: 3309812
	2655  -  MemoryUsage of job (MB)
	2718144  -  ResidentSetSize of job (KB)
...
006 (017.2562.000) 05/10 12:14:48 Image size of job updated: 3309812
	2742  -  MemoryUsage of job (MB)
	2807376  -  ResidentSetSize of job (KB)
...
006 (017.2562.000) 05/10 12:14:54 Image size of job updated: 3526900
	2830  -  MemoryUsage of job (MB)
	2897268  -  ResidentSetSize of job (KB)
...
006 (017.2562.000) 05/10 12:15:00 Image size of job updated: 3526900
	2918  -  MemoryUsage of job (MB)
	2987292  -  ResidentSetSize of job (KB)
...
006 (017.2562.000) 05/10 12:15:06 Image size of job updated: 3693812
	3005  -  MemoryUsage of job (MB)
	3076392  -  ResidentSetSize of job (KB)
...
006 (017.2562.000) 05/10 12:15:12 Image size of job updated: 3762420
	3093  -  MemoryUsage of job (MB)
	3166548  -  ResidentSetSize of job (KB)
...
006 (017.2562.000) 05/10 12:15:18 Image size of job updated: 3762420
	3177  -  MemoryUsage of job (MB)
	3252348  -  ResidentSetSize of job (KB)
...
006 (017.2562.000) 05/10 12:15:24 Image size of job updated: 3762420
	3266  -  MemoryUsage of job (MB)
	3344088  -  ResidentSetSize of job (KB)
...
006 (017.2562.000) 05/10 12:15:30 Image size of job updated: 3984628
	3354  -  MemoryUsage of job (MB)
	3434244  -  ResidentSetSize of job (KB)
...
006 (017.2562.000) 05/10 12:15:36 Image size of job updated: 3984628
	3442  -  MemoryUsage of job (MB)
	3523740  -  ResidentSetSize of job (KB)
...
006 (017.2562.000) 05/10 12:15:42 Image size of job updated: 4206836
	3528  -  MemoryUsage of job (MB)
	3612312  -  ResidentSetSize of job (KB)
...
006 (017.2562.000) 05/10 12:15:48 Image size of job updated: 4322548
	3615  -  MemoryUsage of job (MB)
	3701544  -  ResidentSetSize of job (KB)
...
006 (017.2562.000) 05/10 12:15:54 Image size of job updated: 4374772
	3703  -  MemoryUsage of job (MB)
	3791436  -  ResidentSetSize of job (KB)
...
006 (017.2562.000) 05/10 12:16:00 Image size of job updated: 4461812
	3792  -  MemoryUsage of job (MB)
	3882648  -  ResidentSetSize of job (KB)
...
006 (017.2562.000) 05/10 12:16:06 Image size of job updated: 4530420
	3881  -  MemoryUsage of job (MB)
	3973860  -  ResidentSetSize of job (KB)
...
006 (017.2562.000) 05/10 12:16:12 Image size of job updated: 4673780
	3974  -  MemoryUsage of job (MB)
	4068372  -  ResidentSetSize of job (KB)
...
006 (017.2562.000) 05/10 12:16:18 Image size of job updated: 4673780
	4063  -  MemoryUsage of job (MB)
	4159584  -  ResidentSetSize of job (KB)
...
006 (017.2562.000) 05/10 12:16:24 Image size of job updated: 4673780
	4153  -  MemoryUsage of job (MB)
	4252248  -  ResidentSetSize of job (KB)
...
006 (017.2562.000) 05/10 12:16:30 Image size of job updated: 4954356
	4244  -  MemoryUsage of job (MB)
	4345044  -  ResidentSetSize of job (KB)
...
006 (017.2562.000) 05/10 12:16:36 Image size of job updated: 4998388
	4333  -  MemoryUsage of job (MB)
	4436388  -  ResidentSetSize of job (KB)
...
006 (017.2562.000) 05/10 12:16:42 Image size of job updated: 5150964
	4422  -  MemoryUsage of job (MB)
	4527600  -  ResidentSetSize of job (KB)
...
006 (017.2562.000) 05/10 12:16:48 Image size of job updated: 5150964
	4512  -  MemoryUsage of job (MB)
	4619340  -  ResidentSetSize of job (KB)
...
006 (017.2562.000) 05/10 12:16:54 Image size of job updated: 5150964
	4601  -  MemoryUsage of job (MB)
	4710420  -  ResidentSetSize of job (KB)
...
006 (017.2562.000) 05/10 12:17:00 Image size of job updated: 5397748
	4689  -  MemoryUsage of job (MB)
	4800972  -  ResidentSetSize of job (KB)
...
006 (017.2562.000) 05/10 12:17:06 Image size of job updated: 5397748
	4777  -  MemoryUsage of job (MB)
	4891392  -  ResidentSetSize of job (KB)
...
006 (017.2562.000) 05/10 12:17:12 Image size of job updated: 5397748
	4865  -  MemoryUsage of job (MB)
	4981680  -  ResidentSetSize of job (KB)
...
006 (017.2562.000) 05/10 12:17:18 Image size of job updated: 5624052
	4959  -  MemoryUsage of job (MB)
	5077776  -  ResidentSetSize of job (KB)
...
006 (017.2562.000) 05/10 12:17:24 Image size of job updated: 5624052
	5049  -  MemoryUsage of job (MB)
	5169648  -  ResidentSetSize of job (KB)
...
006 (017.2562.000) 05/10 12:17:30 Image size of job updated: 5857524
	5138  -  MemoryUsage of job (MB)
	5260992  -  ResidentSetSize of job (KB)
...
006 (017.2562.000) 05/10 12:17:36 Image size of job updated: 5899508
	5226  -  MemoryUsage of job (MB)
	5350620  -  ResidentSetSize of job (KB)
...
006 (017.2562.000) 05/10 12:17:42 Image size of job updated: 6007028
	5314  -  MemoryUsage of job (MB)
	5441304  -  ResidentSetSize of job (KB)
...
006 (017.2562.000) 05/10 12:17:48 Image size of job updated: 6111476
	5404  -  MemoryUsage of job (MB)
	5533572  -  ResidentSetSize of job (KB)
...
006 (017.2562.000) 05/10 12:17:54 Image size of job updated: 6111476
	5494  -  MemoryUsage of job (MB)
	5625312  -  ResidentSetSize of job (KB)
...
006 (017.2562.000) 05/10 12:18:00 Image size of job updated: 6111476
	5583  -  MemoryUsage of job (MB)
	5716524  -  ResidentSetSize of job (KB)
...
006 (017.2562.000) 05/10 12:18:06 Image size of job updated: 6400244
	5672  -  MemoryUsage of job (MB)
	5807208  -  ResidentSetSize of job (KB)
...
006 (017.2562.000) 05/10 12:18:12 Image size of job updated: 6400244
	5759  -  MemoryUsage of job (MB)
	5896572  -  ResidentSetSize of job (KB)
...
006 (017.2562.000) 05/10 12:18:18 Image size of job updated: 6400244
	5846  -  MemoryUsage of job (MB)
	5985936  -  ResidentSetSize of job (KB)
...
006 (017.2562.000) 05/10 12:18:24 Image size of job updated: 6623476
	5935  -  MemoryUsage of job (MB)
	6076884  -  ResidentSetSize of job (KB)
...
006 (017.2562.000) 05/10 12:18:30 Image size of job updated: 6623476
	6025  -  MemoryUsage of job (MB)
	6169416  -  ResidentSetSize of job (KB)
...
006 (017.2562.000) 05/10 12:18:36 Image size of job updated: 6857972
	6112  -  MemoryUsage of job (MB)
	6257988  -  ResidentSetSize of job (KB)
...
006 (017.2562.000) 05/10 12:18:42 Image size of job updated: 6857972
	6199  -  MemoryUsage of job (MB)
	6347088  -  ResidentSetSize of job (KB)
...
006 (017.2562.000) 05/10 12:18:48 Image size of job updated: 6857972
	6286  -  MemoryUsage of job (MB)
	6436584  -  ResidentSetSize of job (KB)
...
006 (017.2562.000) 05/10 12:18:55 Image size of job updated: 7083252
	6373  -  MemoryUsage of job (MB)
	6525552  -  ResidentSetSize of job (KB)
...
006 (017.2562.000) 05/10 12:19:00 Image size of job updated: 7236852
	6445  -  MemoryUsage of job (MB)
	6598944  -  ResidentSetSize of job (KB)
...
006 (017.2562.000) 05/10 12:19:05 Image size of job updated: 7316724
	6520  -  MemoryUsage of job (MB)
	6676032  -  ResidentSetSize of job (KB)
...
006 (017.2562.000) 05/10 12:19:10 Image size of job updated: 7340276
	6596  -  MemoryUsage of job (MB)
	6753912  -  ResidentSetSize of job (KB)
...
006 (017.2562.000) 05/10 12:19:15 Image size of job updated: 7340276
	6672  -  MemoryUsage of job (MB)
	6831924  -  ResidentSetSize of job (KB)
...
006 (017.2562.000) 05/10 12:19:20 Image size of job updated: 7340276
	6748  -  MemoryUsage of job (MB)
	6909672  -  ResidentSetSize of job (KB)
...
006 (017.2562.000) 05/10 12:19:25 Image size of job updated: 7573748
	6822  -  MemoryUsage of job (MB)
	6985044  -  ResidentSetSize of job (KB)
...
006 (017.2562.000) 05/10 12:19:30 Image size of job updated: 7573748
	6875  -  MemoryUsage of job (MB)
	7039956  -  ResidentSetSize of job (KB)
...
006 (017.2562.000) 05/10 12:19:35 Image size of job updated: 7573748
	6937  -  MemoryUsage of job (MB)
	7103448  -  ResidentSetSize of job (KB)
...
006 (017.2562.000) 05/10 12:19:40 Image size of job updated: 7799028
	6989  -  MemoryUsage of job (MB)
	7155852  -  ResidentSetSize of job (KB)
...
006 (017.2562.000) 05/10 12:19:45 Image size of job updated: 7917812
	7039  -  MemoryUsage of job (MB)
	7207332  -  ResidentSetSize of job (KB)
...
006 (017.2562.000) 05/10 12:19:50 Image size of job updated: 7942388
	7112  -  MemoryUsage of job (MB)
	7282308  -  ResidentSetSize of job (KB)
...
006 (017.2562.000) 05/10 12:19:55 Image size of job updated: 8025332
	7183  -  MemoryUsage of job (MB)
	7354644  -  ResidentSetSize of job (KB)
...
006 (017.2562.000) 05/10 12:20:00 Image size of job updated: 8025332
	7278  -  MemoryUsage of job (MB)
	7452192  -  ResidentSetSize of job (KB)
...
006 (017.2562.000) 05/10 12:20:05 Image size of job updated: 8025332
	7374  -  MemoryUsage of job (MB)
	7550400  -  ResidentSetSize of job (KB)
...
006 (017.2562.000) 05/10 12:20:10 Image size of job updated: 8314100
	7471  -  MemoryUsage of job (MB)
	7649664  -  ResidentSetSize of job (KB)
...
006 (017.2562.000) 05/10 12:20:15 Image size of job updated: 8314100
	7551  -  MemoryUsage of job (MB)
	7731900  -  ResidentSetSize of job (KB)
...
006 (017.2562.000) 05/10 12:20:20 Image size of job updated: 8314100
	7623  -  MemoryUsage of job (MB)
	7805820  -  ResidentSetSize of job (KB)
...
006 (017.2562.000) 05/10 12:20:25 Image size of job updated: 8575220
	7668  -  MemoryUsage of job (MB)
	7851228  -  ResidentSetSize of job (KB)
...
006 (017.2562.000) 05/10 12:20:30 Image size of job updated: 8575220
	7726  -  MemoryUsage of job (MB)
	7910760  -  ResidentSetSize of job (KB)
...
006 (017.2562.000) 05/10 12:20:35 Image size of job updated: 8575220
	7727  -  MemoryUsage of job (MB)
	7911684  -  ResidentSetSize of job (KB)
...
005 (017.2562.000) 05/10 12:20:36 Job terminated.
	(0) Abnormal termination (signal 9)
	(0) No core file
		Usr 0 00:24:59, Sys 0 00:00:10  -  Run Remote Usage
		Usr 0 00:00:00, Sys 0 00:00:00  -  Run Local Usage
		Usr 0 00:24:59, Sys 0 00:00:10  -  Total Remote Usage
		Usr 0 00:00:00, Sys 0 00:00:00  -  Total Local Usage
	0  -  Run Bytes Sent By Job
	0  -  Run Bytes Received By Job
	0  -  Total Bytes Sent By Job
	0  -  Total Bytes Received By Job
	Partitionable Resources :      Usage  Request Allocated 
	   Cpus                 :       0.99        1         1 
	   Disk (KB)            : 2000000     2000000   6275465 
	   Memory (MB)          :    7727        1954      2007 
...
000 (019.633.000) 05/12 04:13:34 Job submitted from host: <127.0.0.1:9618?addrs=127.0.0.1-9618&noUDP&sock=227_4816_4>
...
001 (019.633.000) 05/12 08:57:11 Job executing on host: <127.0.0.1:9618?addrs=127.0.0.1-9618&noUDP&sock=227_4816_5>
...
006 (019.633.000) 05/12 08:57:17 Image size of job updated: 2000000
	37  -  MemoryUsage of job (MB)
	37356  -  ResidentSetSize of job (KB)
...
006 (019.633.000) 05/12 08:57:47 Image size of job updated: 2000000
	79  -  MemoryUsage of job (MB)
	80388  -  ResidentSetSize of job (KB)
...
006 (019.633.000) 05/12 08:57:53 Image size of job updated: 2000000
	114  -  MemoryUsage of job (MB)
	116688  -  ResidentSetSize of job (KB)
...
006 (019.633.000) 05/12 08:59:02 Image size of job updated: 2000000
	175  -  MemoryUsage of job (MB)
	178200  -  ResidentSetSize of job (KB)
...
006 (019.633.000) 05/12 08:59:09 Image size of job updated: 2000000
	207  -  MemoryUsage of job (MB)
	211728  -  ResidentSetSize of job (KB)
...
006 (019.633.000) 05/12 08:59:14 Image size of job updated: 2000000
	208  -  MemoryUsage of job (MB)
	212256  -  ResidentSetSize of job (KB)
...
006 (019.633.000) 05/12 08:59:19 Image size of job updated: 2000000
	217  -  MemoryUsage of job (MB)
	221760  -  ResidentSetSize of job (KB)
...
006 (019.633.000) 05/12 08:59:27 Image size of job updated: 2000000
	219  -  MemoryUsage of job (MB)
	224004  -  ResidentSetSize of job (KB)
...
006 (019.633.000) 05/12 08:59:37 Image size of job updated: 2000000
	237  -  MemoryUsage of job (MB)
	241956  -  ResidentSetSize of job (KB)
...
006 (019.633.000) 05/12 08:59:45 Image size of job updated: 2000000
	257  -  MemoryUsage of job (MB)
	262416  -  ResidentSetSize of job (KB)
...
006 (019.633.000) 05/12 08:59:52 Image size of job updated: 2000000
	262  -  MemoryUsage of job (MB)
	267300  -  ResidentSetSize of job (KB)
...
006 (019.633.000) 05/12 08:59:57 Image size of job updated: 2000000
	263  -  MemoryUsage of job (MB)
	269280  -  ResidentSetSize of job (KB)
...
006 (019.633.000) 05/12 09:00:02 Image size of job updated: 2000000
	270  -  MemoryUsage of job (MB)
	276012  -  ResidentSetSize of job (KB)
...
006 (019.633.000) 05/12 09:00:07 Image size of job updated: 2000000
	290  -  MemoryUsage of job (MB)
	296340  -  ResidentSetSize of job (KB)
...
006 (019.633.000) 05/12 09:00:12 Image size of job updated: 2000000
	333  -  MemoryUsage of job (MB)
	340296  -  ResidentSetSize of job (KB)
...
006 (019.633.000) 05/12 09:00:21 Image size of job updated: 2000000
	340  -  MemoryUsage of job (MB)
	348084  -  ResidentSetSize of job (KB)
...
006 (019.633.000) 05/12 09:00:34 Image size of job updated: 2000000
	377  -  MemoryUsage of job (MB)
	385044  -  ResidentSetSize of job (KB)
...
006 (019.633.000) 05/12 09:00:44 Image size of job updated: 2000000
	484  -  MemoryUsage of job (MB)
	495132  -  ResidentSetSize of job (KB)
...
006 (019.633.000) 05/12 09:00:51 Image size of job updated: 2000000
	496  -  MemoryUsage of job (MB)
	507408  -  ResidentSetSize of job (KB)
...
006 (019.633.000) 05/12 09:00:57 Image size of job updated: 2000000
	548  -  MemoryUsage of job (MB)
	560208  -  ResidentSetSize of job (KB)
...
006 (019.633.000) 05/12 09:01:03 Image size of job updated: 2000000
	1240  -  MemoryUsage of job (MB)
	1268916  -  ResidentSetSize of job (KB)
...
006 (019.633.000) 05/12 09:17:17 Image size of job updated: 2312444
	1584  -  MemoryUsage of job (MB)
	1621488  -  ResidentSetSize of job (KB)
...
006 (019.633.000) 05/12 09:17:32 Image size of job updated: 2704116
	1963  -  MemoryUsage of job (MB)
	2009700  -  ResidentSetSize of job (KB)
...
006 (019.633.000) 05/12 09:17:42 Image size of job updated: 2796788
	2061  -  MemoryUsage of job (MB)
	2110416  -  ResidentSetSize of job (KB)
...
006 (019.633.000) 05/12 09:17:48 Image size of job updated: 2802932
	2165  -  MemoryUsage of job (MB)
	2216676  -  ResidentSetSize of job (KB)
...
006 (019.633.000) 05/12 09:17:57 Image size of job updated: 2802932
	2177  -  MemoryUsage of job (MB)
	2228424  -  ResidentSetSize of job (KB)
...
006 (019.633.000) 05/12 09:18:06 Image size of job updated: 3034356
	2333  -  MemoryUsage of job (MB)
	2388408  -  ResidentSetSize of job (KB)
...
006 (019.633.000) 05/12 09:18:13 Image size of job updated: 3034356
	2444  -  MemoryUsage of job (MB)
	2502588  -  ResidentSetSize of job (KB)
...
006 (019.633.000) 05/12 09:18:26 Image size of job updated: 3229940
	2470  -  MemoryUsage of job (MB)
	2528460  -  ResidentSetSize of job (KB)
...
006 (019.633.000) 05/12 09:18:55 Image size of job updated: 3438836
	2827  -  MemoryUsage of job (MB)
	2894628  -  ResidentSetSize of job (KB)
...
006 (019.633.000) 05/12 09:19:28 Image size of job updated: 3975412
	3291  -  MemoryUsage of job (MB)
	3369432  -  ResidentSetSize of job (KB)
...
006 (019.633.000) 05/12 09:19:51 Image size of job updated: 4216052
	3430  -  MemoryUsage of job (MB)
	3511992  -  ResidentSetSize of job (KB)
...
006 (019.633.000) 05/12 09:20:06 Image size of job updated: 4294900
	3654  -  MemoryUsage of job (MB)
	3740748  -  ResidentSetSize of job (KB)
...
006 (019.633.000) 05/12 09:20:21 Image size of job updated: 4492532
	3685  -  MemoryUsage of job (MB)
	3773352  -  ResidentSetSize of job (KB)
...
006 (019.633.000) 05/12 09:21:00 Image size of job updated: 4855028
	3964  -  MemoryUsage of job (MB)
	4058472  -  ResidentSetSize of job (KB)
...
006 (019.633.000) 05/12 09:21:36 Image size of job updated: 5298420
	4397  -  MemoryUsage of job (MB)
	4502388  -  ResidentSetSize of job (KB)
...
006 (019.633.000) 05/12 09:22:00 Image size of job updated: 5485812
	4586  -  MemoryUsage of job (MB)
	4695240  -  ResidentSetSize of job (KB)
...
006 (019.633.000) 05/12 09:22:19 Image size of job updated: 5689588
	4884  -  MemoryUsage of job (MB)
	5000952  -  ResidentSetSize of job (KB)
...
006 (019.633.000) 05/12 09:22:31 Image size of job updated: 5855476
	4923  -  MemoryUsage of job (MB)
	5040684  -  ResidentSetSize of job (KB)
...
006 (019.633.000) 05/12 09:22:39 Image size of job updated: 5938420
	5039  -  MemoryUsage of job (MB)
	5159352  -  ResidentSetSize of job (KB)
...
006 (019.633.000) 05/12 09:22:45 Image size of job updated: 5938420
	5125  -  MemoryUsage of job (MB)
	5247792  -  ResidentSetSize of job (KB)
...
006 (019.633.000) 05/12 09:22:51 Image size of job updated: 6111476
	5197  -  MemoryUsage of job (MB)
	5321184  -  ResidentSetSize of job (KB)
...
006 (019.633.000) 05/12 09:22:58 Image size of job updated: 6111476
	5219  -  MemoryUsage of job (MB)
	5343888  -  ResidentSetSize of job (KB)
...
006 (019.633.000) 05/12 09:23:03 Image size of job updated: 6188276
	5271  -  MemoryUsage of job (MB)
	5396952  -  ResidentSetSize of job (KB)
...
006 (019.633.000) 05/12 09:23:08 Image size of job updated: 6311156
	5344  -  MemoryUsage of job (MB)
	5471796  -  ResidentSetSize of job (KB)
...
006 (019.633.000) 05/12 09:23:13 Image size of job updated: 6311156
	5436  -  MemoryUsage of job (MB)
	5565516  -  ResidentSetSize of job (KB)
...
006 (019.633.000) 05/12 09:23:18 Image size of job updated: 6311156
	5469  -  MemoryUsage of job (MB)
	5599836  -  ResidentSetSize of job (KB)
...
006 (019.633.000) 05/12 09:23:42 Image size of job updated: 6508788
	5506  -  MemoryUsage of job (MB)
	5637720  -  ResidentSetSize of job (KB)
...
006 (019.633.000) 05/12 09:24:40 Image size of job updated: 6926580
	6034  -  MemoryUsage of job (MB)
	6178128  -  ResidentSetSize of job (KB)
...
006 (019.633.000) 05/12 09:25:26 Image size of job updated: 7506164
	6518  -  MemoryUsage of job (MB)
	6674184  -  ResidentSetSize of job (KB)
...
006 (019.633.000) 05/12 09:25:54 Image size of job updated: 7900404
	6838  -  MemoryUsage of job (MB)
	7001940  -  ResidentSetSize of job (KB)
...
006 (019.633.000) 05/12 09:26:20 Image size of job updated: 8023284
	6838  -  MemoryUsage of job (MB)
	7001940  -  ResidentSetSize of job (KB)
...
005 (019.633.000) 05/12 09:26:22 Job terminated.
	(0) Abnormal termination (signal 9)
	(0) No core file
		Usr 0 00:22:33, Sys 0 00:02:03  -  Run Remote Usage
		Usr 0 00:00:00, Sys 0 00:00:00  -  Run Local Usage
		Usr 0 00:22:33, Sys 0 00:02:03  -  Total Remote Usage
		Usr 0 00:00:00, Sys 0 00:00:00  -  Total Local Usage
	0  -  Run Bytes Sent By Job
	0  -  Run Bytes Received By Job
	0  -  Total Bytes Sent By Job
	0  -  Total Bytes Received By Job
	Partitionable Resources :      Usage  Request Allocated 
	   Cpus                 :       0.03        1         1 
	   Disk (KB)            : 2000000     2000000   6275465 
	   Memory (MB)          :    6838        1954      2007 
...
