000 (205.2558.000) 05/06 03:18:30 Job submitted from host: <127.0.0.1:9618?addrs=127.0.0.1-9618&noUDP&sock=222_da1d_4>
...
033 (205.2558.000) 05/06 14:22:14 Changing job attribute JobPrio from 0 to -5
...
000 (007.2558.000) 05/07 18:59:48 Job submitted from host: <127.0.0.1:9618?addrs=127.0.0.1-9618&noUDP&sock=215_0cf3_4>
...
000 (016.2558.000) 05/08 15:56:58 Job submitted from host: <127.0.0.1:9618?addrs=127.0.0.1-9618&noUDP&sock=227_4816_4>
...
001 (016.2558.000) 05/09 10:50:27 Job executing on host: <127.0.0.1:9618?addrs=127.0.0.1-9618&noUDP&sock=227_4816_5>
...
006 (016.2558.000) 05/09 10:50:33 Image size of job updated: 2000000
	115  -  MemoryUsage of job (MB)
	117084  -  ResidentSetSize of job (KB)
...
006 (016.2558.000) 05/09 10:51:03 Image size of job updated: 2000000
	173  -  MemoryUsage of job (MB)
	176220  -  ResidentSetSize of job (KB)
...
006 (016.2558.000) 05/09 10:51:09 Image size of job updated: 2000000
	211  -  MemoryUsage of job (MB)
	215556  -  ResidentSetSize of job (KB)
...
006 (016.2558.000) 05/09 10:51:15 Image size of job updated: 2000000
	211  -  MemoryUsage of job (MB)
	215952  -  ResidentSetSize of job (KB)
...
006 (016.2558.000) 05/09 10:51:21 Image size of job updated: 2000000
	220  -  MemoryUsage of job (MB)
	225192  -  ResidentSetSize of job (KB)
...
006 (016.2558.000) 05/09 10:51:27 Image size of job updated: 2000000
	232  -  MemoryUsage of job (MB)
	237336  -  ResidentSetSize of job (KB)
...
006 (016.2558.000) 05/09 10:51:33 Image size of job updated: 2000000
	244  -  MemoryUsage of job (MB)
	249216  -  ResidentSetSize of job (KB)
...
006 (016.2558.000) 05/09 10:51:39 Image size of job updated: 2000000
	255  -  MemoryUsage of job (MB)
	260304  -  ResidentSetSize of job (KB)
...
006 (016.2558.000) 05/09 10:51:45 Image size of job updated: 2000000
	265  -  MemoryUsage of job (MB)
	270468  -  ResidentSetSize of job (KB)
...
006 (016.2558.000) 05/09 10:51:51 Image size of job updated: 2000000
	272  -  MemoryUsage of job (MB)
	278124  -  ResidentSetSize of job (KB)
...
006 (016.2558.000) 05/09 10:51:57 Image size of job updated: 2000000
	296  -  MemoryUsage of job (MB)
	303072  -  ResidentSetSize of job (KB)
...
006 (016.2558.000) 05/09 10:52:03 Image size of job updated: 2000000
	345  -  MemoryUsage of job (MB)
	352440  -  ResidentSetSize of job (KB)
...
006 (016.2558.000) 05/09 10:52:09 Image size of job updated: 2000000
	380  -  MemoryUsage of job (MB)
	388476  -  ResidentSetSize of job (KB)
...
006 (016.2558.000) 05/09 10:52:15 Image size of job updated: 2000000
	393  -  MemoryUsage of job (MB)
	401940  -  ResidentSetSize of job (KB)
...
006 (016.2558.000) 05/09 10:52:21 Image size of job updated: 2000000
	471  -  MemoryUsage of job (MB)
	481668  -  ResidentSetSize of job (KB)
...
006 (016.2558.000) 05/09 10:52:27 Image size of job updated: 2000000
	527  -  MemoryUsage of job (MB)
	539088  -  ResidentSetSize of job (KB)
...
006 (016.2558.000) 05/09 10:52:33 Image size of job updated: 2000000
	1245  -  MemoryUsage of job (MB)
	1274196  -  ResidentSetSize of job (KB)
...
006 (016.2558.000) 05/09 11:09:09 Image size of job updated: 2000000
	1269  -  MemoryUsage of job (MB)
	1299144  -  ResidentSetSize of job (KB)
...
006 (016.2558.000) 05/09 11:09:14 Image size of job updated: 2294096
	1609  -  MemoryUsage of job (MB)
	1647492  -  ResidentSetSize of job (KB)
...
006 (016.2558.000) 05/09 11:09:19 Image size of job updated: 2294096
	1683  -  MemoryUsage of job (MB)
	1722468  -  ResidentSetSize of job (KB)
...
006 (016.2558.000) 05/09 11:09:26 Image size of job updated: 2294096
	1694  -  MemoryUsage of job (MB)
	1734612  -  ResidentSetSize of job (KB)
...
006 (016.2558.000) 05/09 11:09:36 Image size of job updated: 2454224
	1706  -  MemoryUsage of job (MB)
	1746756  -  ResidentSetSize of job (KB)
...
006 (016.2558.000) 05/09 11:09:43 Image size of job updated: 2700520
	2000  -  MemoryUsage of job (MB)
	2047848  -  ResidentSetSize of job (KB)
...
006 (016.2558.000) 05/09 11:09:53 Image size of job updated: 2700520
	2021  -  MemoryUsage of job (MB)
	2068836  -  ResidentSetSize of job (KB)
...
006 (016.2558.000) 05/09 11:09:58 Image size of job updated: 2700520
	2081  -  MemoryUsage of job (MB)
	2129952  -  ResidentSetSize of job (KB)
...
006 (016.2558.000) 05/09 11:10:03 Image size of job updated: 2838248
	2152  -  MemoryUsage of job (MB)
	2203080  -  ResidentSetSize of job (KB)
...
006 (016.2558.000) 05/09 11:10:09 Image size of job updated: 2900712
	2236  -  MemoryUsage of job (MB)
	2289276  -  ResidentSetSize of job (KB)
...
006 (016.2558.000) 05/09 11:10:15 Image size of job updated: 2900712
	2296  -  MemoryUsage of job (MB)
	2350392  -  ResidentSetSize of job (KB)
...
006 (016.2558.000) 05/09 11:10:21 Image size of job updated: 3064552
	2357  -  MemoryUsage of job (MB)
	2413356  -  ResidentSetSize of job (KB)
...
006 (016.2558.000) 05/09 11:10:27 Image size of job updated: 3064552
	2418  -  MemoryUsage of job (MB)
	2475396  -  ResidentSetSize of job (KB)
...
006 (016.2558.000) 05/09 11:10:33 Image size of job updated: 3064552
	2477  -  MemoryUsage of job (MB)
	2535852  -  ResidentSetSize of job (KB)
...
006 (016.2558.000) 05/09 11:10:39 Image size of job updated: 3225320
	2535  -  MemoryUsage of job (MB)
	2595252  -  ResidentSetSize of job (KB)
...
006 (016.2558.000) 05/09 11:10:45 Image size of job updated: 3225320
	2584  -  MemoryUsage of job (MB)
	2645676  -  ResidentSetSize of job (KB)
...
006 (016.2558.000) 05/09 11:10:50 Image size of job updated: 3225320
	2633  -  MemoryUsage of job (MB)
	2696100  -  ResidentSetSize of job (KB)
...
006 (016.2558.000) 05/09 11:10:55 Image size of job updated: 3374824
	2684  -  MemoryUsage of job (MB)
	2747580  -  ResidentSetSize of job (KB)
...
006 (016.2558.000) 05/09 11:11:05 Image size of job updated: 3374824
	2711  -  MemoryUsage of job (MB)
	2775300  -  ResidentSetSize of job (KB)
...
006 (016.2558.000) 05/09 11:11:10 Image size of job updated: 3463912
	2760  -  MemoryUsage of job (MB)
	2825724  -  ResidentSetSize of job (KB)
...
006 (016.2558.000) 05/09 11:11:15 Image size of job updated: 3463912
	2808  -  MemoryUsage of job (MB)
	2874960  -  ResidentSetSize of job (KB)
...
006 (016.2558.000) 05/09 11:11:20 Image size of job updated: 3574504
	2863  -  MemoryUsage of job (MB)
	2931456  -  ResidentSetSize of job (KB)
...
006 (016.2558.000) 05/09 11:11:26 Image size of job updated: 3623656
	2920  -  MemoryUsage of job (MB)
	2989272  -  ResidentSetSize of job (KB)
...
006 (016.2558.000) 05/09 11:11:32 Image size of job updated: 3623656
	2980  -  MemoryUsage of job (MB)
	3050652  -  ResidentSetSize of job (KB)
...
006 (016.2558.000) 05/09 11:11:38 Image size of job updated: 3772136
	3040  -  MemoryUsage of job (MB)
	3112032  -  ResidentSetSize of job (KB)
...
006 (016.2558.000) 05/09 11:11:44 Image size of job updated: 3772136
	3097  -  MemoryUsage of job (MB)
	3170904  -  ResidentSetSize of job (KB)
...
006 (016.2558.000) 05/09 11:11:50 Image size of job updated: 3772136
	3130  -  MemoryUsage of job (MB)
	3204300  -  ResidentSetSize of job (KB)
...
006 (016.2558.000) 05/09 11:11:56 Image size of job updated: 3897064
	3171  -  MemoryUsage of job (MB)
	3246936  -  ResidentSetSize of job (KB)
...
006 (016.2558.000) 05/09 11:12:02 Image size of job updated: 3978984
	3231  -  MemoryUsage of job (MB)
	3308052  -  ResidentSetSize of job (KB)
...
006 (016.2558.000) 05/09 11:12:08 Image size of job updated: 4054760
	3290  -  MemoryUsage of job (MB)
	3368112  -  ResidentSetSize of job (KB)
...
006 (016.2558.000) 05/09 11:12:14 Image size of job updated: 4054760
	3348  -  MemoryUsage of job (MB)
	3427512  -  ResidentSetSize of job (KB)
...
006 (016.2558.000) 05/09 11:12:20 Image size of job updated: 4054760
	3407  -  MemoryUsage of job (MB)
	3487968  -  ResidentSetSize of job (KB)
...
006 (016.2558.000) 05/09 11:12:26 Image size of job updated: 4202216
	3465  -  MemoryUsage of job (MB)
	3547764  -  ResidentSetSize of job (KB)
...
006 (016.2558.000) 05/09 11:12:32 Image size of job updated: 4202216
	3526  -  MemoryUsage of job (MB)
	3609672  -  ResidentSetSize of job (KB)
...
006 (016.2558.000) 05/09 11:12:38 Image size of job updated: 4362984
	3573  -  MemoryUsage of job (MB)
	3658116  -  ResidentSetSize of job (KB)
...
006 (016.2558.000) 05/09 11:12:44 Image size of job updated: 4428520
	3632  -  MemoryUsage of job (MB)
	3718572  -  ResidentSetSize of job (KB)
...
006 (016.2558.000) 05/09 11:12:50 Image size of job updated: 4481768
	3692  -  MemoryUsage of job (MB)
	3780216  -  ResidentSetSize of job (KB)
...
006 (016.2558.000) 05/09 11:12:56 Image size of job updated: 4531944
	3752  -  MemoryUsage of job (MB)
	3841596  -  ResidentSetSize of job (KB)
...
006 (016.2558.000) 05/09 11:13:02 Image size of job updated: 4531944
	3814  -  MemoryUsage of job (MB)
	3904824  -  ResidentSetSize of job (KB)
...
006 (016.2558.000) 05/09 11:13:08 Image size of job updated: 4624104
	3880  -  MemoryUsage of job (MB)
	3973068  -  ResidentSetSize of job (KB)
...
006 (016.2558.000) 05/09 11:13:14 Image size of job updated: 4691688
	3951  -  MemoryUsage of job (MB)
	4045272  -  ResidentSetSize of job (KB)
...
006 (016.2558.000) 05/09 11:13:20 Image size of job updated: 4691688
	4014  -  MemoryUsage of job (MB)
	4110216  -  ResidentSetSize of job (KB)
...
006 (016.2558.000) 05/09 11:13:26 Image size of job updated: 4867816
	4077  -  MemoryUsage of job (MB)
	4174500  -  ResidentSetSize of job (KB)
...
006 (016.2558.000) 05/09 11:13:32 Image size of job updated: 4914920
	4144  -  MemoryUsage of job (MB)
	4242876  -  ResidentSetSize of job (KB)
...
006 (016.2558.000) 05/09 11:13:38 Image size of job updated: 4914920
	4206  -  MemoryUsage of job (MB)
	4306764  -  ResidentSetSize of job (KB)
...
006 (016.2558.000) 05/09 11:13:44 Image size of job updated: 5035752
	4267  -  MemoryUsage of job (MB)
	4368540  -  ResidentSetSize of job (KB)
...
006 (016.2558.000) 05/09 11:13:50 Image size of job updated: 5035752
	4326  -  MemoryUsage of job (MB)
	4428864  -  ResidentSetSize of job (KB)
...
006 (016.2558.000) 05/09 11:13:56 Image size of job updated: 5197544
	4384  -  MemoryUsage of job (MB)
	4488660  -  ResidentSetSize of job (KB)
...
006 (016.2558.000) 05/09 11:14:02 Image size of job updated: 5197544
	4441  -  MemoryUsage of job (MB)
	4547400  -  ResidentSetSize of job (KB)
...
006 (016.2558.000) 05/09 11:14:08 Image size of job updated: 5197544
	4495  -  MemoryUsage of job (MB)
	4602048  -  ResidentSetSize of job (KB)
...
006 (016.2558.000) 05/09 11:14:14 Image size of job updated: 5329640
	4498  -  MemoryUsage of job (MB)
	4605348  -  ResidentSetSize of job (KB)
...
006 (016.2558.000) 05/09 11:14:25 Image size of job updated: 5329640
	4505  -  MemoryUsage of job (MB)
	4612212  -  ResidentSetSize of job (KB)
...
006 (016.2558.000) 05/09 11:14:40 Image size of job updated: 5456616
	4661  -  MemoryUsage of job (MB)
	4772856  -  ResidentSetSize of job (KB)
...
006 (016.2558.000) 05/09 11:14:52 Image size of job updated: 5613288
	4785  -  MemoryUsage of job (MB)
	4898916  -  ResidentSetSize of job (KB)
...
006 (016.2558.000) 05/09 11:15:02 Image size of job updated: 5772008
	4823  -  MemoryUsage of job (MB)
	4937988  -  ResidentSetSize of job (KB)
...
006 (016.2558.000) 05/09 11:15:07 Image size of job updated: 5785320
	4874  -  MemoryUsage of job (MB)
	4990788  -  ResidentSetSize of job (KB)
...
006 (016.2558.000) 05/09 11:15:12 Image size of job updated: 5785320
	4923  -  MemoryUsage of job (MB)
	5040552  -  ResidentSetSize of job (KB)
...
006 (016.2558.000) 05/09 11:15:17 Image size of job updated: 5903080
	4970  -  MemoryUsage of job (MB)
	5088600  -  ResidentSetSize of job (KB)
...
006 (016.2558.000) 05/09 11:15:22 Image size of job updated: 5903080
	5018  -  MemoryUsage of job (MB)
	5137704  -  ResidentSetSize of job (KB)
...
006 (016.2558.000) 05/09 11:15:27 Image size of job updated: 5903080
	5068  -  MemoryUsage of job (MB)
	5188788  -  ResidentSetSize of job (KB)
...
006 (016.2558.000) 05/09 11:15:32 Image size of job updated: 6043368
	5116  -  MemoryUsage of job (MB)
	5238288  -  ResidentSetSize of job (KB)
...
006 (016.2558.000) 05/09 11:15:37 Image size of job updated: 6118120
	5164  -  MemoryUsage of job (MB)
	5287128  -  ResidentSetSize of job (KB)
...
006 (016.2558.000) 05/09 11:15:42 Image size of job updated: 6118120
	5211  -  MemoryUsage of job (MB)
	5335836  -  ResidentSetSize of job (KB)
...
006 (016.2558.000) 05/09 11:15:47 Image size of job updated: 6197992
	5259  -  MemoryUsage of job (MB)
	5384544  -  ResidentSetSize of job (KB)
...
006 (016.2558.000) 05/09 11:15:52 Image size of job updated: 6197992
	5306  -  MemoryUsage of job (MB)
	5433252  -  ResidentSetSize of job (KB)
...
006 (016.2558.000) 05/09 11:15:57 Image size of job updated: 6197992
	5332  -  MemoryUsage of job (MB)
	5459652  -  ResidentSetSize of job (KB)
...
006 (016.2558.000) 05/09 11:16:05 Image size of job updated: 6336232
	5341  -  MemoryUsage of job (MB)
	5468760  -  ResidentSetSize of job (KB)
...
006 (016.2558.000) 05/09 11:16:15 Image size of job updated: 6465256
	5438  -  MemoryUsage of job (MB)
	5567892  -  ResidentSetSize of job (KB)
...
006 (016.2558.000) 05/09 11:16:23 Image size of job updated: 6517480
	5515  -  MemoryUsage of job (MB)
	5647092  -  ResidentSetSize of job (KB)
...
006 (016.2558.000) 05/09 11:16:29 Image size of job updated: 6517480
	5591  -  MemoryUsage of job (MB)
	5724312  -  ResidentSetSize of job (KB)
...
006 (016.2558.000) 05/09 11:16:35 Image size of job updated: 6676200
	5670  -  MemoryUsage of job (MB)
	5805624  -  ResidentSetSize of job (KB)
...
006 (016.2558.000) 05/09 11:16:41 Image size of job updated: 6676200
	5745  -  MemoryUsage of job (MB)
	5881920  -  ResidentSetSize of job (KB)
...
006 (016.2558.000) 05/09 11:16:47 Image size of job updated: 6676200
	5820  -  MemoryUsage of job (MB)
	5959668  -  ResidentSetSize of job (KB)
...
006 (016.2558.000) 05/09 11:16:53 Image size of job updated: 6883048
	5899  -  MemoryUsage of job (MB)
	6039924  -  ResidentSetSize of job (KB)
...
006 (016.2558.000) 05/09 11:16:59 Image size of job updated: 7024360
	5975  -  MemoryUsage of job (MB)
	6118200  -  ResidentSetSize of job (KB)
...
006 (016.2558.000) 05/09 11:17:05 Image size of job updated: 7095016
	6055  -  MemoryUsage of job (MB)
	6199644  -  ResidentSetSize of job (KB)
...
006 (016.2558.000) 05/09 11:17:11 Image size of job updated: 7130856
	6122  -  MemoryUsage of job (MB)
	6268020  -  ResidentSetSize of job (KB)
...
006 (016.2558.000) 05/09 11:17:17 Image size of job updated: 7130856
	6307  -  MemoryUsage of job (MB)
	6458232  -  ResidentSetSize of job (KB)
...
006 (016.2558.000) 05/09 11:17:23 Image size of job updated: 7381736
	6514  -  MemoryUsage of job (MB)
	6669432  -  ResidentSetSize of job (KB)
...
005 (016.2558.000) 05/09 11:17:28 Job terminated.
	(1) Normal termination (return value 0)
		Usr 0 00:25:28, Sys 0 00:00:21  -  Run Remote Usage
		Usr 0 00:00:00, Sys 0 00:00:00  -  Run Local Usage
		Usr 0 00:25:28, Sys 0 00:00:21  -  Total Remote Usage
		Usr 0 00:00:00, Sys 0 00:00:00  -  Total Local Usage
	0  -  Run Bytes Sent By Job
	0  -  Run Bytes Received By Job
	0  -  Total Bytes Sent By Job
	0  -  Total Bytes Received By Job
	Partitionable Resources :      Usage  Request Allocated 
	   Cpus                 :       0.90        1         1 
	   Disk (KB)            : 2000000     2000000   6275465 
	   Memory (MB)          :    6514        1954      2007 
...
