000 (205.7749.000) 05/06 03:21:23 Job submitted from host: <127.0.0.1:9618?addrs=127.0.0.1-9618&noUDP&sock=222_da1d_4>
...
033 (205.7749.000) 05/06 14:23:56 Changing job attribute JobPrio from 0 to -5
...
000 (007.7749.000) 05/07 19:00:52 Job submitted from host: <127.0.0.1:9618?addrs=127.0.0.1-9618&noUDP&sock=215_0cf3_4>
...
000 (016.7749.000) 05/08 15:57:54 Job submitted from host: <127.0.0.1:9618?addrs=127.0.0.1-9618&noUDP&sock=227_4816_4>
...
009 (016.7749.000) 05/09 16:55:55 Job was aborted by the user.
	via condor_rm (by user aw868)
...
000 (014.588.000) 05/09 17:29:45 Job submitted from host: <127.0.0.1:9618?addrs=127.0.0.1-9618&noUDP&sock=212_fe2a_4>
...
033 (014.588.000) 05/09 17:33:57 Changing job attribute JobPrio from 0 to -10
...
033 (014.588.000) 05/09 21:36:14 Changing job attribute JobPrio from -10 to -15
...
001 (014.588.000) 05/10 00:25:33 Job executing on host: <127.0.0.1:9618?addrs=127.0.0.1-9618&noUDP&sock=212_fe2a_5>
...
006 (014.588.000) 05/10 00:25:38 Image size of job updated: 2000000
	112  -  MemoryUsage of job (MB)
	114048  -  ResidentSetSize of job (KB)
...
006 (014.588.000) 05/10 00:25:43 Image size of job updated: 2000000
	115  -  MemoryUsage of job (MB)
	116952  -  ResidentSetSize of job (KB)
...
006 (014.588.000) 05/10 00:26:05 Image size of job updated: 2000000
	134  -  MemoryUsage of job (MB)
	136488  -  ResidentSetSize of job (KB)
...
006 (014.588.000) 05/10 00:26:11 Image size of job updated: 2000000
	210  -  MemoryUsage of job (MB)
	214632  -  ResidentSetSize of job (KB)
...
006 (014.588.000) 05/10 00:26:17 Image size of job updated: 2000000
	211  -  MemoryUsage of job (MB)
	215424  -  ResidentSetSize of job (KB)
...
006 (014.588.000) 05/10 00:26:23 Image size of job updated: 2000000
	214  -  MemoryUsage of job (MB)
	218856  -  ResidentSetSize of job (KB)
...
006 (014.588.000) 05/10 00:26:29 Image size of job updated: 2000000
	225  -  MemoryUsage of job (MB)
	229944  -  ResidentSetSize of job (KB)
...
006 (014.588.000) 05/10 00:26:35 Image size of job updated: 2000000
	237  -  MemoryUsage of job (MB)
	242352  -  ResidentSetSize of job (KB)
...
006 (014.588.000) 05/10 00:26:41 Image size of job updated: 2000000
	251  -  MemoryUsage of job (MB)
	256608  -  ResidentSetSize of job (KB)
...
006 (014.588.000) 05/10 00:26:47 Image size of job updated: 2000000
	262  -  MemoryUsage of job (MB)
	267960  -  ResidentSetSize of job (KB)
...
006 (014.588.000) 05/10 00:26:53 Image size of job updated: 2000000
	272  -  MemoryUsage of job (MB)
	277596  -  ResidentSetSize of job (KB)
...
006 (014.588.000) 05/10 00:26:59 Image size of job updated: 2000000
	295  -  MemoryUsage of job (MB)
	301224  -  ResidentSetSize of job (KB)
...
006 (014.588.000) 05/10 00:27:05 Image size of job updated: 2000000
	341  -  MemoryUsage of job (MB)
	349140  -  ResidentSetSize of job (KB)
...
006 (014.588.000) 05/10 00:27:11 Image size of job updated: 2000000
	376  -  MemoryUsage of job (MB)
	384780  -  ResidentSetSize of job (KB)
...
006 (014.588.000) 05/10 00:27:24 Image size of job updated: 2000000
	378  -  MemoryUsage of job (MB)
	386628  -  ResidentSetSize of job (KB)
...
006 (014.588.000) 05/10 00:27:29 Image size of job updated: 2000000
	420  -  MemoryUsage of job (MB)
	429528  -  ResidentSetSize of job (KB)
...
006 (014.588.000) 05/10 00:27:35 Image size of job updated: 2000000
	482  -  MemoryUsage of job (MB)
	492888  -  ResidentSetSize of job (KB)
...
006 (014.588.000) 05/10 00:27:41 Image size of job updated: 2000000
	537  -  MemoryUsage of job (MB)
	549516  -  ResidentSetSize of job (KB)
...
006 (014.588.000) 05/10 00:27:47 Image size of job updated: 2000000
	1244  -  MemoryUsage of job (MB)
	1272876  -  ResidentSetSize of job (KB)
...
006 (014.588.000) 05/10 00:44:43 Image size of job updated: 2368980
	1654  -  MemoryUsage of job (MB)
	1692900  -  ResidentSetSize of job (KB)
...
006 (014.588.000) 05/10 00:44:49 Image size of job updated: 2453204
	1770  -  MemoryUsage of job (MB)
	1812228  -  ResidentSetSize of job (KB)
...
006 (014.588.000) 05/10 00:44:55 Image size of job updated: 2453204
	1960  -  MemoryUsage of job (MB)
	2006664  -  ResidentSetSize of job (KB)
...
006 (014.588.000) 05/10 00:45:01 Image size of job updated: 2678004
	1998  -  MemoryUsage of job (MB)
	2045736  -  ResidentSetSize of job (KB)
...
006 (014.588.000) 05/10 00:45:07 Image size of job updated: 2678004
	2091  -  MemoryUsage of job (MB)
	2141040  -  ResidentSetSize of job (KB)
...
006 (014.588.000) 05/10 00:45:13 Image size of job updated: 2678004
	2194  -  MemoryUsage of job (MB)
	2246376  -  ResidentSetSize of job (KB)
...
006 (014.588.000) 05/10 00:45:19 Image size of job updated: 2922740
	2258  -  MemoryUsage of job (MB)
	2311980  -  ResidentSetSize of job (KB)
...
006 (014.588.000) 05/10 00:45:25 Image size of job updated: 2922740
	2311  -  MemoryUsage of job (MB)
	2366364  -  ResidentSetSize of job (KB)
...
006 (014.588.000) 05/10 00:45:31 Image size of job updated: 3048692
	2349  -  MemoryUsage of job (MB)
	2404776  -  ResidentSetSize of job (KB)
...
006 (014.588.000) 05/10 00:45:37 Image size of job updated: 3076340
	2400  -  MemoryUsage of job (MB)
	2456652  -  ResidentSetSize of job (KB)
...
006 (014.588.000) 05/10 00:45:43 Image size of job updated: 3127540
	2451  -  MemoryUsage of job (MB)
	2509056  -  ResidentSetSize of job (KB)
...
006 (014.588.000) 05/10 00:45:49 Image size of job updated: 3199220
	2502  -  MemoryUsage of job (MB)
	2561460  -  ResidentSetSize of job (KB)
...
006 (014.588.000) 05/10 00:45:55 Image size of job updated: 3253492
	2553  -  MemoryUsage of job (MB)
	2614260  -  ResidentSetSize of job (KB)
...
006 (014.588.000) 05/10 00:46:01 Image size of job updated: 3310836
	2606  -  MemoryUsage of job (MB)
	2667984  -  ResidentSetSize of job (KB)
...
006 (014.588.000) 05/10 00:46:07 Image size of job updated: 3310836
	2658  -  MemoryUsage of job (MB)
	2720784  -  ResidentSetSize of job (KB)
...
006 (014.588.000) 05/10 00:46:13 Image size of job updated: 3310836
	2707  -  MemoryUsage of job (MB)
	2771868  -  ResidentSetSize of job (KB)
...
006 (014.588.000) 05/10 00:46:19 Image size of job updated: 3439860
	2763  -  MemoryUsage of job (MB)
	2829156  -  ResidentSetSize of job (KB)
...
006 (014.588.000) 05/10 00:46:25 Image size of job updated: 3439860
	2823  -  MemoryUsage of job (MB)
	2890140  -  ResidentSetSize of job (KB)
...
006 (014.588.000) 05/10 00:46:31 Image size of job updated: 3439860
	2874  -  MemoryUsage of job (MB)
	2942808  -  ResidentSetSize of job (KB)
...
006 (014.588.000) 05/10 00:46:37 Image size of job updated: 3593460
	2926  -  MemoryUsage of job (MB)
	2995344  -  ResidentSetSize of job (KB)
...
006 (014.588.000) 05/10 00:46:43 Image size of job updated: 3667188
	2976  -  MemoryUsage of job (MB)
	3047352  -  ResidentSetSize of job (KB)
...
006 (014.588.000) 05/10 00:46:49 Image size of job updated: 3727604
	3026  -  MemoryUsage of job (MB)
	3098436  -  ResidentSetSize of job (KB)
...
006 (014.588.000) 05/10 00:46:55 Image size of job updated: 3727604
	3079  -  MemoryUsage of job (MB)
	3152424  -  ResidentSetSize of job (KB)
...
006 (014.588.000) 05/10 00:47:01 Image size of job updated: 3727604
	3129  -  MemoryUsage of job (MB)
	3203112  -  ResidentSetSize of job (KB)
...
006 (014.588.000) 05/10 00:47:07 Image size of job updated: 3851508
	3178  -  MemoryUsage of job (MB)
	3253668  -  ResidentSetSize of job (KB)
...
006 (014.588.000) 05/10 00:47:13 Image size of job updated: 3935476
	3229  -  MemoryUsage of job (MB)
	3306204  -  ResidentSetSize of job (KB)
...
006 (014.588.000) 05/10 00:47:19 Image size of job updated: 3990772
	3281  -  MemoryUsage of job (MB)
	3359004  -  ResidentSetSize of job (KB)
...
006 (014.588.000) 05/10 00:47:25 Image size of job updated: 4038900
	3332  -  MemoryUsage of job (MB)
	3411012  -  ResidentSetSize of job (KB)
...
006 (014.588.000) 05/10 00:47:31 Image size of job updated: 4061428
	3383  -  MemoryUsage of job (MB)
	3464076  -  ResidentSetSize of job (KB)
...
006 (014.588.000) 05/10 00:47:37 Image size of job updated: 4121844
	3435  -  MemoryUsage of job (MB)
	3516612  -  ResidentSetSize of job (KB)
...
006 (014.588.000) 05/10 00:47:43 Image size of job updated: 4201716
	3486  -  MemoryUsage of job (MB)
	3569016  -  ResidentSetSize of job (KB)
...
006 (014.588.000) 05/10 00:47:49 Image size of job updated: 4261108
	3538  -  MemoryUsage of job (MB)
	3621948  -  ResidentSetSize of job (KB)
...
006 (014.588.000) 05/10 00:47:55 Image size of job updated: 4261108
	3589  -  MemoryUsage of job (MB)
	3674880  -  ResidentSetSize of job (KB)
...
006 (014.588.000) 05/10 00:48:01 Image size of job updated: 4261108
	3641  -  MemoryUsage of job (MB)
	3727944  -  ResidentSetSize of job (KB)
...
006 (014.588.000) 05/10 00:48:07 Image size of job updated: 4391156
	3698  -  MemoryUsage of job (MB)
	3786420  -  ResidentSetSize of job (KB)
...
006 (014.588.000) 05/10 00:48:13 Image size of job updated: 4391156
	3749  -  MemoryUsage of job (MB)
	3838164  -  ResidentSetSize of job (KB)
...
006 (014.588.000) 05/10 00:48:19 Image size of job updated: 4527348
	3800  -  MemoryUsage of job (MB)
	3890568  -  ResidentSetSize of job (KB)
...
006 (014.588.000) 05/10 00:48:25 Image size of job updated: 4563188
	3851  -  MemoryUsage of job (MB)
	3942972  -  ResidentSetSize of job (KB)
...
006 (014.588.000) 05/10 00:48:31 Image size of job updated: 4610292
	3901  -  MemoryUsage of job (MB)
	3993660  -  ResidentSetSize of job (KB)
...
006 (014.588.000) 05/10 00:48:37 Image size of job updated: 4688116
	3952  -  MemoryUsage of job (MB)
	4046196  -  ResidentSetSize of job (KB)
...
006 (014.588.000) 05/10 00:48:43 Image size of job updated: 4762868
	4018  -  MemoryUsage of job (MB)
	4114176  -  ResidentSetSize of job (KB)
...
006 (014.588.000) 05/10 00:48:49 Image size of job updated: 4820212
	4072  -  MemoryUsage of job (MB)
	4169088  -  ResidentSetSize of job (KB)
...
006 (014.588.000) 05/10 00:48:55 Image size of job updated: 4820212
	4115  -  MemoryUsage of job (MB)
	4213176  -  ResidentSetSize of job (KB)
...
006 (014.588.000) 05/10 00:49:00 Image size of job updated: 4820212
	4165  -  MemoryUsage of job (MB)
	4264392  -  ResidentSetSize of job (KB)
...
006 (014.588.000) 05/10 00:49:05 Image size of job updated: 4820212
	4206  -  MemoryUsage of job (MB)
	4306764  -  ResidentSetSize of job (KB)
...
006 (014.588.000) 05/10 00:49:10 Image size of job updated: 4984052
	4248  -  MemoryUsage of job (MB)
	4349532  -  ResidentSetSize of job (KB)
...
006 (014.588.000) 05/10 00:49:15 Image size of job updated: 4984052
	4268  -  MemoryUsage of job (MB)
	4369992  -  ResidentSetSize of job (KB)
...
006 (014.588.000) 05/10 00:49:25 Image size of job updated: 5112052
	4275  -  MemoryUsage of job (MB)
	4376856  -  ResidentSetSize of job (KB)
...
006 (014.588.000) 05/10 00:49:30 Image size of job updated: 5181684
	4295  -  MemoryUsage of job (MB)
	4397712  -  ResidentSetSize of job (KB)
...
006 (014.588.000) 05/10 00:49:35 Image size of job updated: 5224692
	4337  -  MemoryUsage of job (MB)
	4440612  -  ResidentSetSize of job (KB)
...
006 (014.588.000) 05/10 00:49:40 Image size of job updated: 5252340
	4380  -  MemoryUsage of job (MB)
	4484964  -  ResidentSetSize of job (KB)
...
006 (014.588.000) 05/10 00:49:45 Image size of job updated: 5252340
	4423  -  MemoryUsage of job (MB)
	4528656  -  ResidentSetSize of job (KB)
...
006 (014.588.000) 05/10 00:49:50 Image size of job updated: 5252340
	4457  -  MemoryUsage of job (MB)
	4563372  -  ResidentSetSize of job (KB)
...
006 (014.588.000) 05/10 00:49:55 Image size of job updated: 5384436
	4484  -  MemoryUsage of job (MB)
	4591092  -  ResidentSetSize of job (KB)
...
006 (014.588.000) 05/10 00:50:00 Image size of job updated: 5442804
	4527  -  MemoryUsage of job (MB)
	4635444  -  ResidentSetSize of job (KB)
...
006 (014.588.000) 05/10 00:50:05 Image size of job updated: 5442804
	4571  -  MemoryUsage of job (MB)
	4679928  -  ResidentSetSize of job (KB)
...
006 (014.588.000) 05/10 00:50:10 Image size of job updated: 5521652
	4611  -  MemoryUsage of job (MB)
	4720980  -  ResidentSetSize of job (KB)
...
006 (014.588.000) 05/10 00:50:15 Image size of job updated: 5521652
	4641  -  MemoryUsage of job (MB)
	4751736  -  ResidentSetSize of job (KB)
...
006 (014.588.000) 05/10 00:50:20 Image size of job updated: 5612788
	4656  -  MemoryUsage of job (MB)
	4767180  -  ResidentSetSize of job (KB)
...
006 (014.588.000) 05/10 00:50:25 Image size of job updated: 5648628
	4701  -  MemoryUsage of job (MB)
	4813380  -  ResidentSetSize of job (KB)
...
006 (014.588.000) 05/10 00:50:30 Image size of job updated: 5665012
	4743  -  MemoryUsage of job (MB)
	4856016  -  ResidentSetSize of job (KB)
...
006 (014.588.000) 05/10 00:50:35 Image size of job updated: 5665012
	4783  -  MemoryUsage of job (MB)
	4897596  -  ResidentSetSize of job (KB)
...
006 (014.588.000) 05/10 00:50:40 Image size of job updated: 5775604
	4823  -  MemoryUsage of job (MB)
	4938120  -  ResidentSetSize of job (KB)
...
006 (014.588.000) 05/10 00:50:45 Image size of job updated: 5775604
	4864  -  MemoryUsage of job (MB)
	4979964  -  ResidentSetSize of job (KB)
...
006 (014.588.000) 05/10 00:50:50 Image size of job updated: 5775604
	4900  -  MemoryUsage of job (MB)
	5016792  -  ResidentSetSize of job (KB)
...
006 (014.588.000) 05/10 00:50:55 Image size of job updated: 5899508
	4931  -  MemoryUsage of job (MB)
	5049264  -  ResidentSetSize of job (KB)
...
006 (014.588.000) 05/10 00:51:00 Image size of job updated: 5899508
	4947  -  MemoryUsage of job (MB)
	5065236  -  ResidentSetSize of job (KB)
...
006 (014.588.000) 05/10 00:51:05 Image size of job updated: 5971188
	4947  -  MemoryUsage of job (MB)
	5065236  -  ResidentSetSize of job (KB)
...
006 (014.588.000) 05/10 00:51:10 Image size of job updated: 6023412
	4991  -  MemoryUsage of job (MB)
	5109852  -  ResidentSetSize of job (KB)
...
006 (014.588.000) 05/10 00:51:15 Image size of job updated: 6070516
	5036  -  MemoryUsage of job (MB)
	5156712  -  ResidentSetSize of job (KB)
...
006 (014.588.000) 05/10 00:51:20 Image size of job updated: 6070516
	5078  -  MemoryUsage of job (MB)
	5199348  -  ResidentSetSize of job (KB)
...
006 (014.588.000) 05/10 00:51:25 Image size of job updated: 6070516
	5119  -  MemoryUsage of job (MB)
	5241192  -  ResidentSetSize of job (KB)
...
006 (014.588.000) 05/10 00:51:30 Image size of job updated: 6172916
	5150  -  MemoryUsage of job (MB)
	5273268  -  ResidentSetSize of job (KB)
...
006 (014.588.000) 05/10 00:51:35 Image size of job updated: 6172916
	5182  -  MemoryUsage of job (MB)
	5305740  -  ResidentSetSize of job (KB)
...
006 (014.588.000) 05/10 00:51:46 Image size of job updated: 6278388
	5182  -  MemoryUsage of job (MB)
	5305740  -  ResidentSetSize of job (KB)
...
006 (014.588.000) 05/10 00:52:04 Image size of job updated: 6412532
	5315  -  MemoryUsage of job (MB)
	5442228  -  ResidentSetSize of job (KB)
...
006 (014.588.000) 05/10 00:52:18 Image size of job updated: 6486260
	5363  -  MemoryUsage of job (MB)
	5491596  -  ResidentSetSize of job (KB)
...
006 (014.588.000) 05/10 00:52:27 Image size of job updated: 6486260
	5593  -  MemoryUsage of job (MB)
	5726292  -  ResidentSetSize of job (KB)
...
006 (014.588.000) 05/10 00:52:33 Image size of job updated: 6759668
	5799  -  MemoryUsage of job (MB)
	5938020  -  ResidentSetSize of job (KB)
...
005 (014.588.000) 05/10 00:52:38 Job terminated.
	(1) Normal termination (return value 0)
		Usr 0 00:25:39, Sys 0 00:00:19  -  Run Remote Usage
		Usr 0 00:00:00, Sys 0 00:00:00  -  Run Local Usage
		Usr 0 00:25:39, Sys 0 00:00:19  -  Total Remote Usage
		Usr 0 00:00:00, Sys 0 00:00:00  -  Total Local Usage
	0  -  Run Bytes Sent By Job
	0  -  Run Bytes Received By Job
	0  -  Total Bytes Sent By Job
	0  -  Total Bytes Received By Job
	Partitionable Resources :      Usage  Request Allocated 
	   Cpus                 :       0.82        1         1 
	   Disk (KB)            : 2000000     2000000   6232219 
	   Memory (MB)          :    5799        1954      2007 
...
