000 (005.4785.000) 05/05 20:23:39 Job submitted from host: <127.0.0.1:9618?addrs=127.0.0.1-9618&noUDP&sock=227_4816_4>
...
033 (005.4785.000) 05/06 14:16:50 Changing job attribute JobPrio from 0 to -10
...
001 (005.4785.000) 05/07 06:58:33 Job executing on host: <127.0.0.1:9618?addrs=127.0.0.1-9618&noUDP&sock=227_4816_5>
...
006 (005.4785.000) 05/07 06:58:38 Image size of job updated: 2000000
	101  -  MemoryUsage of job (MB)
	103092  -  ResidentSetSize of job (KB)
...
006 (005.4785.000) 05/07 06:59:28 Image size of job updated: 2000000
	127  -  MemoryUsage of job (MB)
	129228  -  ResidentSetSize of job (KB)
...
006 (005.4785.000) 05/07 06:59:33 Image size of job updated: 2000000
	184  -  MemoryUsage of job (MB)
	188100  -  ResidentSetSize of job (KB)
...
006 (005.4785.000) 05/07 06:59:38 Image size of job updated: 2000000
	184  -  MemoryUsage of job (MB)
	188364  -  ResidentSetSize of job (KB)
...
006 (005.4785.000) 05/07 06:59:43 Image size of job updated: 2000000
	187  -  MemoryUsage of job (MB)
	191400  -  ResidentSetSize of job (KB)
...
006 (005.4785.000) 05/07 06:59:48 Image size of job updated: 2000000
	198  -  MemoryUsage of job (MB)
	201828  -  ResidentSetSize of job (KB)
...
006 (005.4785.000) 05/07 06:59:53 Image size of job updated: 2000000
	208  -  MemoryUsage of job (MB)
	212256  -  ResidentSetSize of job (KB)
...
006 (005.4785.000) 05/07 06:59:58 Image size of job updated: 2000000
	216  -  MemoryUsage of job (MB)
	220176  -  ResidentSetSize of job (KB)
...
006 (005.4785.000) 05/07 07:00:03 Image size of job updated: 2000000
	227  -  MemoryUsage of job (MB)
	232056  -  ResidentSetSize of job (KB)
...
006 (005.4785.000) 05/07 07:00:08 Image size of job updated: 2000000
	234  -  MemoryUsage of job (MB)
	239052  -  ResidentSetSize of job (KB)
...
006 (005.4785.000) 05/07 07:00:13 Image size of job updated: 2000000
	241  -  MemoryUsage of job (MB)
	245916  -  ResidentSetSize of job (KB)
...
006 (005.4785.000) 05/07 07:00:18 Image size of job updated: 2000000
	268  -  MemoryUsage of job (MB)
	274032  -  ResidentSetSize of job (KB)
...
006 (005.4785.000) 05/07 07:00:23 Image size of job updated: 2000000
	298  -  MemoryUsage of job (MB)
	305052  -  ResidentSetSize of job (KB)
...
006 (005.4785.000) 05/07 07:00:28 Image size of job updated: 2000000
	329  -  MemoryUsage of job (MB)
	336336  -  ResidentSetSize of job (KB)
...
006 (005.4785.000) 05/07 07:00:33 Image size of job updated: 2000000
	362  -  MemoryUsage of job (MB)
	370260  -  ResidentSetSize of job (KB)
...
006 (005.4785.000) 05/07 07:00:38 Image size of job updated: 2000000
	421  -  MemoryUsage of job (MB)
	430188  -  ResidentSetSize of job (KB)
...
006 (005.4785.000) 05/07 07:00:43 Image size of job updated: 2000000
	468  -  MemoryUsage of job (MB)
	478500  -  ResidentSetSize of job (KB)
...
006 (005.4785.000) 05/07 07:00:48 Image size of job updated: 2000000
	1171  -  MemoryUsage of job (MB)
	1198428  -  ResidentSetSize of job (KB)
...
006 (005.4785.000) 05/07 07:16:49 Image size of job updated: 2000000
	1173  -  MemoryUsage of job (MB)
	1200408  -  ResidentSetSize of job (KB)
...
006 (005.4785.000) 05/07 07:16:55 Image size of job updated: 2000000
	1249  -  MemoryUsage of job (MB)
	1278552  -  ResidentSetSize of job (KB)
...
006 (005.4785.000) 05/07 07:17:01 Image size of job updated: 2000000
	1622  -  MemoryUsage of job (MB)
	1660164  -  ResidentSetSize of job (KB)
...
006 (005.4785.000) 05/07 07:17:07 Image size of job updated: 2270668
	1694  -  MemoryUsage of job (MB)
	1733688  -  ResidentSetSize of job (KB)
...
006 (005.4785.000) 05/07 07:17:13 Image size of job updated: 2270668
	1885  -  MemoryUsage of job (MB)
	1929840  -  ResidentSetSize of job (KB)
...
006 (005.4785.000) 05/07 07:17:19 Image size of job updated: 2561508
	1886  -  MemoryUsage of job (MB)
	1930632  -  ResidentSetSize of job (KB)
...
006 (005.4785.000) 05/07 07:17:25 Image size of job updated: 2561508
	1889  -  MemoryUsage of job (MB)
	1933404  -  ResidentSetSize of job (KB)
...
006 (005.4785.000) 05/07 07:17:31 Image size of job updated: 2568676
	1893  -  MemoryUsage of job (MB)
	1938288  -  ResidentSetSize of job (KB)
...
006 (005.4785.000) 05/07 07:17:37 Image size of job updated: 2570724
	1897  -  MemoryUsage of job (MB)
	1941720  -  ResidentSetSize of job (KB)
...
006 (005.4785.000) 05/07 07:17:43 Image size of job updated: 2570724
	1900  -  MemoryUsage of job (MB)
	1945284  -  ResidentSetSize of job (KB)
...
006 (005.4785.000) 05/07 07:17:49 Image size of job updated: 2578916
	1904  -  MemoryUsage of job (MB)
	1949112  -  ResidentSetSize of job (KB)
...
006 (005.4785.000) 05/07 07:17:55 Image size of job updated: 2578916
	1909  -  MemoryUsage of job (MB)
	1953996  -  ResidentSetSize of job (KB)
...
006 (005.4785.000) 05/07 07:18:01 Image size of job updated: 2586084
	1911  -  MemoryUsage of job (MB)
	1956108  -  ResidentSetSize of job (KB)
...
006 (005.4785.000) 05/07 07:18:07 Image size of job updated: 2591204
	1915  -  MemoryUsage of job (MB)
	1960728  -  ResidentSetSize of job (KB)
...
006 (005.4785.000) 05/07 07:18:13 Image size of job updated: 2592228
	1916  -  MemoryUsage of job (MB)
	1961916  -  ResidentSetSize of job (KB)
...
006 (005.4785.000) 05/07 07:18:19 Image size of job updated: 2595300
	1920  -  MemoryUsage of job (MB)
	1965480  -  ResidentSetSize of job (KB)
...
006 (005.4785.000) 05/07 07:18:25 Image size of job updated: 2600420
	1925  -  MemoryUsage of job (MB)
	1970496  -  ResidentSetSize of job (KB)
...
006 (005.4785.000) 05/07 07:18:37 Image size of job updated: 2602468
	1926  -  MemoryUsage of job (MB)
	1971552  -  ResidentSetSize of job (KB)
...
006 (005.4785.000) 05/07 07:18:43 Image size of job updated: 2602468
	1928  -  MemoryUsage of job (MB)
	1973268  -  ResidentSetSize of job (KB)
...
006 (005.4785.000) 05/07 07:18:49 Image size of job updated: 2606564
	1930  -  MemoryUsage of job (MB)
	1975512  -  ResidentSetSize of job (KB)
...
006 (005.4785.000) 05/07 07:18:55 Image size of job updated: 2606564
	1932  -  MemoryUsage of job (MB)
	1978152  -  ResidentSetSize of job (KB)
...
006 (005.4785.000) 05/07 07:19:01 Image size of job updated: 2609636
	1933  -  MemoryUsage of job (MB)
	1979076  -  ResidentSetSize of job (KB)
...
006 (005.4785.000) 05/07 07:19:07 Image size of job updated: 2610660
	1936  -  MemoryUsage of job (MB)
	1981848  -  ResidentSetSize of job (KB)
...
006 (005.4785.000) 05/07 07:19:13 Image size of job updated: 2610660
	1939  -  MemoryUsage of job (MB)
	1984884  -  ResidentSetSize of job (KB)
...
006 (005.4785.000) 05/07 07:19:19 Image size of job updated: 2610660
	1941  -  MemoryUsage of job (MB)
	1987524  -  ResidentSetSize of job (KB)
...
006 (005.4785.000) 05/07 07:19:25 Image size of job updated: 2617828
	1945  -  MemoryUsage of job (MB)
	1990692  -  ResidentSetSize of job (KB)
...
006 (005.4785.000) 05/07 07:19:31 Image size of job updated: 2617828
	1951  -  MemoryUsage of job (MB)
	1997292  -  ResidentSetSize of job (KB)
...
006 (005.4785.000) 05/07 07:19:37 Image size of job updated: 2630116
	1954  -  MemoryUsage of job (MB)
	2000856  -  ResidentSetSize of job (KB)
...
006 (005.4785.000) 05/07 07:19:43 Image size of job updated: 2630116
	1958  -  MemoryUsage of job (MB)
	2004816  -  ResidentSetSize of job (KB)
...
006 (005.4785.000) 05/07 07:19:50 Image size of job updated: 2635236
	1959  -  MemoryUsage of job (MB)
	2006004  -  ResidentSetSize of job (KB)
...
006 (005.4785.000) 05/07 07:19:55 Image size of job updated: 2637284
	1961  -  MemoryUsage of job (MB)
	2007456  -  ResidentSetSize of job (KB)
...
006 (005.4785.000) 05/07 07:20:00 Image size of job updated: 2637284
	1961  -  MemoryUsage of job (MB)
	2007588  -  ResidentSetSize of job (KB)
...
006 (005.4785.000) 05/07 07:20:05 Image size of job updated: 2637284
	1963  -  MemoryUsage of job (MB)
	2009304  -  ResidentSetSize of job (KB)
...
006 (005.4785.000) 05/07 07:20:10 Image size of job updated: 2641380
	1964  -  MemoryUsage of job (MB)
	2010888  -  ResidentSetSize of job (KB)
...
006 (005.4785.000) 05/07 07:20:15 Image size of job updated: 2642404
	1966  -  MemoryUsage of job (MB)
	2013132  -  ResidentSetSize of job (KB)
...
006 (005.4785.000) 05/07 07:20:20 Image size of job updated: 2642404
	1969  -  MemoryUsage of job (MB)
	2015508  -  ResidentSetSize of job (KB)
...
006 (005.4785.000) 05/07 07:20:25 Image size of job updated: 2647524
	1972  -  MemoryUsage of job (MB)
	2019072  -  ResidentSetSize of job (KB)
...
006 (005.4785.000) 05/07 07:20:30 Image size of job updated: 2647524
	1973  -  MemoryUsage of job (MB)
	2020260  -  ResidentSetSize of job (KB)
...
006 (005.4785.000) 05/07 07:20:35 Image size of job updated: 2647524
	1976  -  MemoryUsage of job (MB)
	2022900  -  ResidentSetSize of job (KB)
...
006 (005.4785.000) 05/07 07:20:40 Image size of job updated: 2653668
	1977  -  MemoryUsage of job (MB)
	2023956  -  ResidentSetSize of job (KB)
...
006 (005.4785.000) 05/07 07:20:45 Image size of job updated: 2653668
	1979  -  MemoryUsage of job (MB)
	2025936  -  ResidentSetSize of job (KB)
...
006 (005.4785.000) 05/07 07:20:50 Image size of job updated: 2653668
	1980  -  MemoryUsage of job (MB)
	2026596  -  ResidentSetSize of job (KB)
...
006 (005.4785.000) 05/07 07:20:55 Image size of job updated: 2659812
	1983  -  MemoryUsage of job (MB)
	2029632  -  ResidentSetSize of job (KB)
...
006 (005.4785.000) 05/07 07:21:00 Image size of job updated: 2659812
	1986  -  MemoryUsage of job (MB)
	2033328  -  ResidentSetSize of job (KB)
...
006 (005.4785.000) 05/07 07:21:05 Image size of job updated: 2659812
	1987  -  MemoryUsage of job (MB)
	2034516  -  ResidentSetSize of job (KB)
...
006 (005.4785.000) 05/07 07:21:10 Image size of job updated: 2668004
	1991  -  MemoryUsage of job (MB)
	2037948  -  ResidentSetSize of job (KB)
...
006 (005.4785.000) 05/07 07:21:15 Image size of job updated: 2668004
	1994  -  MemoryUsage of job (MB)
	2040852  -  ResidentSetSize of job (KB)
...
006 (005.4785.000) 05/07 07:21:20 Image size of job updated: 2668004
	1996  -  MemoryUsage of job (MB)
	2043360  -  ResidentSetSize of job (KB)
...
006 (005.4785.000) 05/07 07:21:25 Image size of job updated: 2676196
	1998  -  MemoryUsage of job (MB)
	2045472  -  ResidentSetSize of job (KB)
...
006 (005.4785.000) 05/07 07:21:30 Image size of job updated: 2676196
	2000  -  MemoryUsage of job (MB)
	2047188  -  ResidentSetSize of job (KB)
...
006 (005.4785.000) 05/07 07:21:35 Image size of job updated: 2676196
	2000  -  MemoryUsage of job (MB)
	2047716  -  ResidentSetSize of job (KB)
...
006 (005.4785.000) 05/07 07:21:40 Image size of job updated: 2679268
	2002  -  MemoryUsage of job (MB)
	2049432  -  ResidentSetSize of job (KB)
...
006 (005.4785.000) 05/07 07:21:45 Image size of job updated: 2679268
	2004  -  MemoryUsage of job (MB)
	2051544  -  ResidentSetSize of job (KB)
...
006 (005.4785.000) 05/07 07:21:50 Image size of job updated: 2684388
	2008  -  MemoryUsage of job (MB)
	2056032  -  ResidentSetSize of job (KB)
...
006 (005.4785.000) 05/07 07:21:55 Image size of job updated: 2689508
	2011  -  MemoryUsage of job (MB)
	2058936  -  ResidentSetSize of job (KB)
...
006 (005.4785.000) 05/07 07:22:00 Image size of job updated: 2689508
	2013  -  MemoryUsage of job (MB)
	2061312  -  ResidentSetSize of job (KB)
...
006 (005.4785.000) 05/07 07:22:05 Image size of job updated: 2689508
	2014  -  MemoryUsage of job (MB)
	2061444  -  ResidentSetSize of job (KB)
...
006 (005.4785.000) 05/07 07:22:10 Image size of job updated: 2694628
	2017  -  MemoryUsage of job (MB)
	2064480  -  ResidentSetSize of job (KB)
...
006 (005.4785.000) 05/07 07:22:15 Image size of job updated: 2694628
	2020  -  MemoryUsage of job (MB)
	2067780  -  ResidentSetSize of job (KB)
...
006 (005.4785.000) 05/07 07:22:25 Image size of job updated: 2698724
	2020  -  MemoryUsage of job (MB)
	2067912  -  ResidentSetSize of job (KB)
...
006 (005.4785.000) 05/07 07:22:30 Image size of job updated: 2698724
	2022  -  MemoryUsage of job (MB)
	2069760  -  ResidentSetSize of job (KB)
...
006 (005.4785.000) 05/07 07:22:35 Image size of job updated: 2698724
	2024  -  MemoryUsage of job (MB)
	2072400  -  ResidentSetSize of job (KB)
...
006 (005.4785.000) 05/07 07:22:40 Image size of job updated: 2871780
	2189  -  MemoryUsage of job (MB)
	2241492  -  ResidentSetSize of job (KB)
...
006 (005.4785.000) 05/07 07:22:45 Image size of job updated: 2915812
	2233  -  MemoryUsage of job (MB)
	2285844  -  ResidentSetSize of job (KB)
...
005 (005.4785.000) 05/07 07:22:48 Job terminated.
	(1) Normal termination (return value 0)
		Usr 0 00:23:23, Sys 0 00:00:02  -  Run Remote Usage
		Usr 0 00:00:00, Sys 0 00:00:00  -  Run Local Usage
		Usr 0 00:23:23, Sys 0 00:00:02  -  Total Remote Usage
		Usr 0 00:00:00, Sys 0 00:00:00  -  Total Local Usage
	0  -  Run Bytes Sent By Job
	0  -  Run Bytes Received By Job
	0  -  Total Bytes Sent By Job
	0  -  Total Bytes Received By Job
	Partitionable Resources :      Usage  Request Allocated 
	   Cpus                 :       0.99        1         1 
	   Disk (KB)            : 2000000     2000000   6275465 
	   Memory (MB)          :    2233        1954      2007 
...
