000 (005.4379.000) 05/05 20:23:27 Job submitted from host: <127.0.0.1:9618?addrs=127.0.0.1-9618&noUDP&sock=227_4816_4>
...
033 (005.4379.000) 05/06 14:16:44 Changing job attribute JobPrio from 0 to -10
...
001 (005.4379.000) 05/07 04:24:14 Job executing on host: <127.0.0.1:9618?addrs=127.0.0.1-9618&noUDP&sock=227_4816_5>
...
006 (005.4379.000) 05/07 04:24:20 Image size of job updated: 2000000
	101  -  MemoryUsage of job (MB)
	103092  -  ResidentSetSize of job (KB)
...
006 (005.4379.000) 05/07 04:24:50 Image size of job updated: 2000000
	164  -  MemoryUsage of job (MB)
	167904  -  ResidentSetSize of job (KB)
...
006 (005.4379.000) 05/07 04:24:55 Image size of job updated: 2000000
	184  -  MemoryUsage of job (MB)
	187968  -  ResidentSetSize of job (KB)
...
006 (005.4379.000) 05/07 04:25:00 Image size of job updated: 2000000
	184  -  MemoryUsage of job (MB)
	188364  -  ResidentSetSize of job (KB)
...
006 (005.4379.000) 05/07 04:25:05 Image size of job updated: 2000000
	192  -  MemoryUsage of job (MB)
	196152  -  ResidentSetSize of job (KB)
...
006 (005.4379.000) 05/07 04:25:10 Image size of job updated: 2000000
	202  -  MemoryUsage of job (MB)
	206184  -  ResidentSetSize of job (KB)
...
006 (005.4379.000) 05/07 04:25:15 Image size of job updated: 2000000
	211  -  MemoryUsage of job (MB)
	215556  -  ResidentSetSize of job (KB)
...
006 (005.4379.000) 05/07 04:25:20 Image size of job updated: 2000000
	219  -  MemoryUsage of job (MB)
	224136  -  ResidentSetSize of job (KB)
...
006 (005.4379.000) 05/07 04:25:25 Image size of job updated: 2000000
	230  -  MemoryUsage of job (MB)
	234828  -  ResidentSetSize of job (KB)
...
006 (005.4379.000) 05/07 04:25:30 Image size of job updated: 2000000
	238  -  MemoryUsage of job (MB)
	242880  -  ResidentSetSize of job (KB)
...
006 (005.4379.000) 05/07 04:25:35 Image size of job updated: 2000000
	245  -  MemoryUsage of job (MB)
	249876  -  ResidentSetSize of job (KB)
...
006 (005.4379.000) 05/07 04:25:40 Image size of job updated: 2000000
	284  -  MemoryUsage of job (MB)
	290004  -  ResidentSetSize of job (KB)
...
006 (005.4379.000) 05/07 04:25:45 Image size of job updated: 2000000
	312  -  MemoryUsage of job (MB)
	319440  -  ResidentSetSize of job (KB)
...
006 (005.4379.000) 05/07 04:25:50 Image size of job updated: 2000000
	329  -  MemoryUsage of job (MB)
	336204  -  ResidentSetSize of job (KB)
...
006 (005.4379.000) 05/07 04:25:55 Image size of job updated: 2000000
	382  -  MemoryUsage of job (MB)
	391116  -  ResidentSetSize of job (KB)
...
006 (005.4379.000) 05/07 04:26:00 Image size of job updated: 2000000
	442  -  MemoryUsage of job (MB)
	452100  -  ResidentSetSize of job (KB)
...
006 (005.4379.000) 05/07 04:26:05 Image size of job updated: 2000000
	1169  -  MemoryUsage of job (MB)
	1196316  -  ResidentSetSize of job (KB)
...
006 (005.4379.000) 05/07 04:38:35 Image size of job updated: 2000000
	1171  -  MemoryUsage of job (MB)
	1198296  -  ResidentSetSize of job (KB)
...
006 (005.4379.000) 05/07 04:38:40 Image size of job updated: 2000000
	1213  -  MemoryUsage of job (MB)
	1241328  -  ResidentSetSize of job (KB)
...
006 (005.4379.000) 05/07 04:38:45 Image size of job updated: 2000000
	1429  -  MemoryUsage of job (MB)
	1462824  -  ResidentSetSize of job (KB)
...
006 (005.4379.000) 05/07 04:38:50 Image size of job updated: 2000000
	1622  -  MemoryUsage of job (MB)
	1660164  -  ResidentSetSize of job (KB)
...
006 (005.4379.000) 05/07 04:38:55 Image size of job updated: 2345708
	1923  -  MemoryUsage of job (MB)
	1968912  -  ResidentSetSize of job (KB)
...
006 (005.4379.000) 05/07 04:39:05 Image size of job updated: 2561004
	1923  -  MemoryUsage of job (MB)
	1968912  -  ResidentSetSize of job (KB)
...
006 (005.4379.000) 05/07 04:39:25 Image size of job updated: 2576364
	1923  -  MemoryUsage of job (MB)
	1968912  -  ResidentSetSize of job (KB)
...
006 (005.4379.000) 05/07 04:39:35 Image size of job updated: 2588652
	1923  -  MemoryUsage of job (MB)
	1968912  -  ResidentSetSize of job (KB)
...
006 (005.4379.000) 05/07 04:39:40 Image size of job updated: 2592748
	1923  -  MemoryUsage of job (MB)
	1968912  -  ResidentSetSize of job (KB)
...
006 (005.4379.000) 05/07 04:39:55 Image size of job updated: 2596844
	1923  -  MemoryUsage of job (MB)
	1968912  -  ResidentSetSize of job (KB)
...
006 (005.4379.000) 05/07 04:40:00 Image size of job updated: 2596844
	1925  -  MemoryUsage of job (MB)
	1970892  -  ResidentSetSize of job (KB)
...
006 (005.4379.000) 05/07 04:40:05 Image size of job updated: 2596844
	1926  -  MemoryUsage of job (MB)
	1972080  -  ResidentSetSize of job (KB)
...
006 (005.4379.000) 05/07 04:40:10 Image size of job updated: 2596844
	1930  -  MemoryUsage of job (MB)
	1976040  -  ResidentSetSize of job (KB)
...
006 (005.4379.000) 05/07 04:40:15 Image size of job updated: 2607084
	1934  -  MemoryUsage of job (MB)
	1979868  -  ResidentSetSize of job (KB)
...
006 (005.4379.000) 05/07 04:40:20 Image size of job updated: 2610156
	1934  -  MemoryUsage of job (MB)
	1980132  -  ResidentSetSize of job (KB)
...
006 (005.4379.000) 05/07 04:40:25 Image size of job updated: 2610156
	1938  -  MemoryUsage of job (MB)
	1984092  -  ResidentSetSize of job (KB)
...
006 (005.4379.000) 05/07 04:40:30 Image size of job updated: 2614252
	1939  -  MemoryUsage of job (MB)
	1984620  -  ResidentSetSize of job (KB)
...
006 (005.4379.000) 05/07 04:40:35 Image size of job updated: 2614252
	1943  -  MemoryUsage of job (MB)
	1989240  -  ResidentSetSize of job (KB)
...
006 (005.4379.000) 05/07 04:40:40 Image size of job updated: 2620396
	1946  -  MemoryUsage of job (MB)
	1992144  -  ResidentSetSize of job (KB)
...
006 (005.4379.000) 05/07 04:40:46 Image size of job updated: 2623468
	1949  -  MemoryUsage of job (MB)
	1994784  -  ResidentSetSize of job (KB)
...
006 (005.4379.000) 05/07 04:40:52 Image size of job updated: 2623468
	1951  -  MemoryUsage of job (MB)
	1997688  -  ResidentSetSize of job (KB)
...
006 (005.4379.000) 05/07 04:40:58 Image size of job updated: 2630636
	1954  -  MemoryUsage of job (MB)
	2000724  -  ResidentSetSize of job (KB)
...
006 (005.4379.000) 05/07 04:41:04 Image size of job updated: 2630636
	1957  -  MemoryUsage of job (MB)
	2003892  -  ResidentSetSize of job (KB)
...
006 (005.4379.000) 05/07 04:41:10 Image size of job updated: 2634732
	1960  -  MemoryUsage of job (MB)
	2006928  -  ResidentSetSize of job (KB)
...
006 (005.4379.000) 05/07 04:41:16 Image size of job updated: 2640876
	1963  -  MemoryUsage of job (MB)
	2009964  -  ResidentSetSize of job (KB)
...
006 (005.4379.000) 05/07 04:41:22 Image size of job updated: 2642924
	1968  -  MemoryUsage of job (MB)
	2014320  -  ResidentSetSize of job (KB)
...
006 (005.4379.000) 05/07 04:41:28 Image size of job updated: 2647020
	1971  -  MemoryUsage of job (MB)
	2017488  -  ResidentSetSize of job (KB)
...
006 (005.4379.000) 05/07 04:41:34 Image size of job updated: 2649068
	1976  -  MemoryUsage of job (MB)
	2022636  -  ResidentSetSize of job (KB)
...
006 (005.4379.000) 05/07 04:41:40 Image size of job updated: 2649068
	1977  -  MemoryUsage of job (MB)
	2024088  -  ResidentSetSize of job (KB)
...
006 (005.4379.000) 05/07 04:41:46 Image size of job updated: 2656236
	1979  -  MemoryUsage of job (MB)
	2026464  -  ResidentSetSize of job (KB)
...
006 (005.4379.000) 05/07 04:41:52 Image size of job updated: 2660332
	1982  -  MemoryUsage of job (MB)
	2029500  -  ResidentSetSize of job (KB)
...
006 (005.4379.000) 05/07 04:41:58 Image size of job updated: 2660332
	1986  -  MemoryUsage of job (MB)
	2033064  -  ResidentSetSize of job (KB)
...
006 (005.4379.000) 05/07 04:42:04 Image size of job updated: 2665452
	1991  -  MemoryUsage of job (MB)
	2038212  -  ResidentSetSize of job (KB)
...
006 (005.4379.000) 05/07 04:42:10 Image size of job updated: 2665452
	1996  -  MemoryUsage of job (MB)
	2043360  -  ResidentSetSize of job (KB)
...
006 (005.4379.000) 05/07 04:42:16 Image size of job updated: 2678764
	2002  -  MemoryUsage of job (MB)
	2049564  -  ResidentSetSize of job (KB)
...
006 (005.4379.000) 05/07 04:42:22 Image size of job updated: 2678764
	2005  -  MemoryUsage of job (MB)
	2052864  -  ResidentSetSize of job (KB)
...
006 (005.4379.000) 05/07 04:42:28 Image size of job updated: 2687980
	2010  -  MemoryUsage of job (MB)
	2057352  -  ResidentSetSize of job (KB)
...
006 (005.4379.000) 05/07 04:42:34 Image size of job updated: 2692076
	2015  -  MemoryUsage of job (MB)
	2062632  -  ResidentSetSize of job (KB)
...
006 (005.4379.000) 05/07 04:42:40 Image size of job updated: 2692076
	2018  -  MemoryUsage of job (MB)
	2066064  -  ResidentSetSize of job (KB)
...
006 (005.4379.000) 05/07 04:42:46 Image size of job updated: 2698220
	2021  -  MemoryUsage of job (MB)
	2069496  -  ResidentSetSize of job (KB)
...
006 (005.4379.000) 05/07 04:42:52 Image size of job updated: 2698220
	2024  -  MemoryUsage of job (MB)
	2071608  -  ResidentSetSize of job (KB)
...
006 (005.4379.000) 05/07 04:42:58 Image size of job updated: 2698220
	2027  -  MemoryUsage of job (MB)
	2074908  -  ResidentSetSize of job (KB)
...
006 (005.4379.000) 05/07 04:43:04 Image size of job updated: 2707436
	2031  -  MemoryUsage of job (MB)
	2079132  -  ResidentSetSize of job (KB)
...
006 (005.4379.000) 05/07 04:43:10 Image size of job updated: 2707436
	2034  -  MemoryUsage of job (MB)
	2082432  -  ResidentSetSize of job (KB)
...
006 (005.4379.000) 05/07 04:43:16 Image size of job updated: 2715628
	2038  -  MemoryUsage of job (MB)
	2086260  -  ResidentSetSize of job (KB)
...
006 (005.4379.000) 05/07 04:43:22 Image size of job updated: 2715628
	2040  -  MemoryUsage of job (MB)
	2088372  -  ResidentSetSize of job (KB)
...
006 (005.4379.000) 05/07 04:43:28 Image size of job updated: 2715628
	2045  -  MemoryUsage of job (MB)
	2093388  -  ResidentSetSize of job (KB)
...
006 (005.4379.000) 05/07 04:43:34 Image size of job updated: 2723820
	2049  -  MemoryUsage of job (MB)
	2097744  -  ResidentSetSize of job (KB)
...
006 (005.4379.000) 05/07 04:43:40 Image size of job updated: 2723820
	2052  -  MemoryUsage of job (MB)
	2100384  -  ResidentSetSize of job (KB)
...
006 (005.4379.000) 05/07 04:43:46 Image size of job updated: 2734060
	2057  -  MemoryUsage of job (MB)
	2105532  -  ResidentSetSize of job (KB)
...
006 (005.4379.000) 05/07 04:43:52 Image size of job updated: 2734060
	2060  -  MemoryUsage of job (MB)
	2108964  -  ResidentSetSize of job (KB)
...
006 (005.4379.000) 05/07 04:43:58 Image size of job updated: 2734060
	2064  -  MemoryUsage of job (MB)
	2113188  -  ResidentSetSize of job (KB)
...
006 (005.4379.000) 05/07 04:44:04 Image size of job updated: 2744300
	2068  -  MemoryUsage of job (MB)
	2116752  -  ResidentSetSize of job (KB)
...
006 (005.4379.000) 05/07 04:44:10 Image size of job updated: 2749420
	2070  -  MemoryUsage of job (MB)
	2119128  -  ResidentSetSize of job (KB)
...
006 (005.4379.000) 05/07 04:44:16 Image size of job updated: 2753516
	2074  -  MemoryUsage of job (MB)
	2123088  -  ResidentSetSize of job (KB)
...
006 (005.4379.000) 05/07 04:44:22 Image size of job updated: 2755564
	2077  -  MemoryUsage of job (MB)
	2126520  -  ResidentSetSize of job (KB)
...
006 (005.4379.000) 05/07 04:44:28 Image size of job updated: 2915308
	2235  -  MemoryUsage of job (MB)
	2288088  -  ResidentSetSize of job (KB)
...
006 (005.4379.000) 05/07 04:44:34 Image size of job updated: 2970604
	2287  -  MemoryUsage of job (MB)
	2340888  -  ResidentSetSize of job (KB)
...
005 (005.4379.000) 05/07 04:44:36 Job terminated.
	(1) Normal termination (return value 0)
		Usr 0 00:19:52, Sys 0 00:00:02  -  Run Remote Usage
		Usr 0 00:00:00, Sys 0 00:00:00  -  Run Local Usage
		Usr 0 00:19:52, Sys 0 00:00:02  -  Total Remote Usage
		Usr 0 00:00:00, Sys 0 00:00:00  -  Total Local Usage
	0  -  Run Bytes Sent By Job
	0  -  Run Bytes Received By Job
	0  -  Total Bytes Sent By Job
	0  -  Total Bytes Received By Job
	Partitionable Resources :      Usage  Request Allocated 
	   Cpus                 :       0.99        1         1 
	   Disk (KB)            : 2000000     2000000   6275465 
	   Memory (MB)          :    2287        1954      2007 
...
