000 (205.2363.000) 05/06 03:18:24 Job submitted from host: <127.0.0.1:9618?addrs=127.0.0.1-9618&noUDP&sock=222_da1d_4>
...
033 (205.2363.000) 05/06 14:21:51 Changing job attribute JobPrio from 0 to -5
...
000 (007.2363.000) 05/07 18:59:46 Job submitted from host: <127.0.0.1:9618?addrs=127.0.0.1-9618&noUDP&sock=215_0cf3_4>
...
000 (016.2363.000) 05/08 15:56:57 Job submitted from host: <127.0.0.1:9618?addrs=127.0.0.1-9618&noUDP&sock=227_4816_4>
...
001 (016.2363.000) 05/09 09:26:25 Job executing on host: <127.0.0.1:9618?addrs=127.0.0.1-9618&noUDP&sock=227_4816_5>
...
006 (016.2363.000) 05/09 09:26:31 Image size of job updated: 2000000
	117  -  MemoryUsage of job (MB)
	118932  -  ResidentSetSize of job (KB)
...
006 (016.2363.000) 05/09 09:27:01 Image size of job updated: 2000000
	174  -  MemoryUsage of job (MB)
	178068  -  ResidentSetSize of job (KB)
...
006 (016.2363.000) 05/09 09:27:07 Image size of job updated: 2000000
	213  -  MemoryUsage of job (MB)
	217404  -  ResidentSetSize of job (KB)
...
006 (016.2363.000) 05/09 09:27:13 Image size of job updated: 2000000
	213  -  MemoryUsage of job (MB)
	217800  -  ResidentSetSize of job (KB)
...
006 (016.2363.000) 05/09 09:27:19 Image size of job updated: 2000000
	223  -  MemoryUsage of job (MB)
	227832  -  ResidentSetSize of job (KB)
...
006 (016.2363.000) 05/09 09:27:25 Image size of job updated: 2000000
	235  -  MemoryUsage of job (MB)
	240636  -  ResidentSetSize of job (KB)
...
006 (016.2363.000) 05/09 09:27:31 Image size of job updated: 2000000
	247  -  MemoryUsage of job (MB)
	252516  -  ResidentSetSize of job (KB)
...
006 (016.2363.000) 05/09 09:27:37 Image size of job updated: 2000000
	257  -  MemoryUsage of job (MB)
	262152  -  ResidentSetSize of job (KB)
...
006 (016.2363.000) 05/09 09:27:43 Image size of job updated: 2000000
	268  -  MemoryUsage of job (MB)
	273636  -  ResidentSetSize of job (KB)
...
006 (016.2363.000) 05/09 09:27:49 Image size of job updated: 2000000
	281  -  MemoryUsage of job (MB)
	287100  -  ResidentSetSize of job (KB)
...
006 (016.2363.000) 05/09 09:27:55 Image size of job updated: 2000000
	324  -  MemoryUsage of job (MB)
	331452  -  ResidentSetSize of job (KB)
...
006 (016.2363.000) 05/09 09:28:01 Image size of job updated: 2000000
	379  -  MemoryUsage of job (MB)
	387552  -  ResidentSetSize of job (KB)
...
006 (016.2363.000) 05/09 09:28:07 Image size of job updated: 2000000
	384  -  MemoryUsage of job (MB)
	392964  -  ResidentSetSize of job (KB)
...
006 (016.2363.000) 05/09 09:28:13 Image size of job updated: 2000000
	475  -  MemoryUsage of job (MB)
	485628  -  ResidentSetSize of job (KB)
...
006 (016.2363.000) 05/09 09:28:19 Image size of job updated: 2000000
	547  -  MemoryUsage of job (MB)
	559812  -  ResidentSetSize of job (KB)
...
006 (016.2363.000) 05/09 09:28:25 Image size of job updated: 2000000
	1245  -  MemoryUsage of job (MB)
	1274196  -  ResidentSetSize of job (KB)
...
006 (016.2363.000) 05/09 09:44:33 Image size of job updated: 2000000
	1498  -  MemoryUsage of job (MB)
	1533048  -  ResidentSetSize of job (KB)
...
006 (016.2363.000) 05/09 09:44:38 Image size of job updated: 2370000
	1684  -  MemoryUsage of job (MB)
	1723920  -  ResidentSetSize of job (KB)
...
006 (016.2363.000) 05/09 09:44:43 Image size of job updated: 2370000
	1784  -  MemoryUsage of job (MB)
	1826616  -  ResidentSetSize of job (KB)
...
006 (016.2363.000) 05/09 09:44:48 Image size of job updated: 2701544
	1982  -  MemoryUsage of job (MB)
	2029236  -  ResidentSetSize of job (KB)
...
006 (016.2363.000) 05/09 09:44:53 Image size of job updated: 2717416
	2073  -  MemoryUsage of job (MB)
	2122296  -  ResidentSetSize of job (KB)
...
006 (016.2363.000) 05/09 09:44:58 Image size of job updated: 2822888
	2161  -  MemoryUsage of job (MB)
	2212188  -  ResidentSetSize of job (KB)
...
006 (016.2363.000) 05/09 09:45:03 Image size of job updated: 2878184
	2252  -  MemoryUsage of job (MB)
	2305512  -  ResidentSetSize of job (KB)
...
006 (016.2363.000) 05/09 09:45:08 Image size of job updated: 2981608
	2328  -  MemoryUsage of job (MB)
	2383524  -  ResidentSetSize of job (KB)
...
006 (016.2363.000) 05/09 09:45:13 Image size of job updated: 3072744
	2401  -  MemoryUsage of job (MB)
	2458500  -  ResidentSetSize of job (KB)
...
006 (016.2363.000) 05/09 09:45:18 Image size of job updated: 3125992
	2494  -  MemoryUsage of job (MB)
	2552880  -  ResidentSetSize of job (KB)
...
006 (016.2363.000) 05/09 09:45:23 Image size of job updated: 3245800
	2572  -  MemoryUsage of job (MB)
	2632740  -  ResidentSetSize of job (KB)
...
006 (016.2363.000) 05/09 09:45:29 Image size of job updated: 3245800
	2660  -  MemoryUsage of job (MB)
	2723292  -  ResidentSetSize of job (KB)
...
006 (016.2363.000) 05/09 09:45:35 Image size of job updated: 3361512
	2750  -  MemoryUsage of job (MB)
	2815956  -  ResidentSetSize of job (KB)
...
006 (016.2363.000) 05/09 09:45:41 Image size of job updated: 3535592
	2841  -  MemoryUsage of job (MB)
	2908620  -  ResidentSetSize of job (KB)
...
006 (016.2363.000) 05/09 09:45:47 Image size of job updated: 3535592
	2931  -  MemoryUsage of job (MB)
	3000360  -  ResidentSetSize of job (KB)
...
006 (016.2363.000) 05/09 09:45:53 Image size of job updated: 3535592
	3020  -  MemoryUsage of job (MB)
	3091572  -  ResidentSetSize of job (KB)
...
006 (016.2363.000) 05/09 09:45:59 Image size of job updated: 3798760
	3108  -  MemoryUsage of job (MB)
	3181728  -  ResidentSetSize of job (KB)
...
006 (016.2363.000) 05/09 09:46:05 Image size of job updated: 3844840
	3195  -  MemoryUsage of job (MB)
	3271224  -  ResidentSetSize of job (KB)
...
006 (016.2363.000) 05/09 09:46:11 Image size of job updated: 3956456
	3284  -  MemoryUsage of job (MB)
	3362436  -  ResidentSetSize of job (KB)
...
006 (016.2363.000) 05/09 09:46:17 Image size of job updated: 3956456
	3371  -  MemoryUsage of job (MB)
	3451668  -  ResidentSetSize of job (KB)
...
006 (016.2363.000) 05/09 09:46:23 Image size of job updated: 3956456
	3458  -  MemoryUsage of job (MB)
	3540768  -  ResidentSetSize of job (KB)
...
006 (016.2363.000) 05/09 09:46:29 Image size of job updated: 4179688
	3545  -  MemoryUsage of job (MB)
	3629868  -  ResidentSetSize of job (KB)
...
006 (016.2363.000) 05/09 09:46:35 Image size of job updated: 4179688
	3634  -  MemoryUsage of job (MB)
	3720948  -  ResidentSetSize of job (KB)
...
006 (016.2363.000) 05/09 09:46:41 Image size of job updated: 4426472
	3722  -  MemoryUsage of job (MB)
	3810972  -  ResidentSetSize of job (KB)
...
006 (016.2363.000) 05/09 09:46:47 Image size of job updated: 4426472
	3810  -  MemoryUsage of job (MB)
	3901128  -  ResidentSetSize of job (KB)
...
006 (016.2363.000) 05/09 09:46:53 Image size of job updated: 4426472
	3901  -  MemoryUsage of job (MB)
	3993792  -  ResidentSetSize of job (KB)
...
006 (016.2363.000) 05/09 09:46:59 Image size of job updated: 4669160
	3990  -  MemoryUsage of job (MB)
	4085004  -  ResidentSetSize of job (KB)
...
006 (016.2363.000) 05/09 09:47:05 Image size of job updated: 4669160
	4080  -  MemoryUsage of job (MB)
	4177272  -  ResidentSetSize of job (KB)
...
006 (016.2363.000) 05/09 09:47:11 Image size of job updated: 4897512
	4169  -  MemoryUsage of job (MB)
	4268088  -  ResidentSetSize of job (KB)
...
006 (016.2363.000) 05/09 09:47:17 Image size of job updated: 4897512
	4260  -  MemoryUsage of job (MB)
	4361412  -  ResidentSetSize of job (KB)
...
006 (016.2363.000) 05/09 09:47:23 Image size of job updated: 4897512
	4347  -  MemoryUsage of job (MB)
	4450644  -  ResidentSetSize of job (KB)
...
006 (016.2363.000) 05/09 09:47:29 Image size of job updated: 5123816
	4436  -  MemoryUsage of job (MB)
	4541856  -  ResidentSetSize of job (KB)
...
006 (016.2363.000) 05/09 09:47:35 Image size of job updated: 5123816
	4524  -  MemoryUsage of job (MB)
	4632012  -  ResidentSetSize of job (KB)
...
006 (016.2363.000) 05/09 09:47:41 Image size of job updated: 5354216
	4617  -  MemoryUsage of job (MB)
	4727580  -  ResidentSetSize of job (KB)
...
006 (016.2363.000) 05/09 09:47:47 Image size of job updated: 5435112
	4711  -  MemoryUsage of job (MB)
	4823280  -  ResidentSetSize of job (KB)
...
006 (016.2363.000) 05/09 09:47:53 Image size of job updated: 5496552
	4800  -  MemoryUsage of job (MB)
	4915152  -  ResidentSetSize of job (KB)
...
006 (016.2363.000) 05/09 09:47:59 Image size of job updated: 5584616
	4882  -  MemoryUsage of job (MB)
	4998180  -  ResidentSetSize of job (KB)
...
006 (016.2363.000) 05/09 09:48:05 Image size of job updated: 5584616
	4962  -  MemoryUsage of job (MB)
	5080284  -  ResidentSetSize of job (KB)
...
006 (016.2363.000) 05/09 09:48:11 Image size of job updated: 5784296
	5040  -  MemoryUsage of job (MB)
	5160936  -  ResidentSetSize of job (KB)
...
006 (016.2363.000) 05/09 09:48:17 Image size of job updated: 5784296
	5120  -  MemoryUsage of job (MB)
	5242644  -  ResidentSetSize of job (KB)
...
006 (016.2363.000) 05/09 09:48:23 Image size of job updated: 5784296
	5198  -  MemoryUsage of job (MB)
	5321976  -  ResidentSetSize of job (KB)
...
006 (016.2363.000) 05/09 09:48:29 Image size of job updated: 5987048
	5267  -  MemoryUsage of job (MB)
	5392728  -  ResidentSetSize of job (KB)
...
006 (016.2363.000) 05/09 09:48:35 Image size of job updated: 5987048
	5347  -  MemoryUsage of job (MB)
	5475096  -  ResidentSetSize of job (KB)
...
006 (016.2363.000) 05/09 09:48:41 Image size of job updated: 6193896
	5423  -  MemoryUsage of job (MB)
	5552712  -  ResidentSetSize of job (KB)
...
006 (016.2363.000) 05/09 09:48:50 Image size of job updated: 6193896
	5463  -  MemoryUsage of job (MB)
	5593236  -  ResidentSetSize of job (KB)
...
006 (016.2363.000) 05/09 09:48:56 Image size of job updated: 6322920
	5541  -  MemoryUsage of job (MB)
	5673228  -  ResidentSetSize of job (KB)
...
006 (016.2363.000) 05/09 09:49:02 Image size of job updated: 6349544
	5619  -  MemoryUsage of job (MB)
	5753220  -  ResidentSetSize of job (KB)
...
006 (016.2363.000) 05/09 09:49:08 Image size of job updated: 6349544
	5705  -  MemoryUsage of job (MB)
	5841264  -  ResidentSetSize of job (KB)
...
006 (016.2363.000) 05/09 09:49:14 Image size of job updated: 6588136
	5800  -  MemoryUsage of job (MB)
	5938812  -  ResidentSetSize of job (KB)
...
006 (016.2363.000) 05/09 09:49:20 Image size of job updated: 6588136
	5885  -  MemoryUsage of job (MB)
	6026196  -  ResidentSetSize of job (KB)
...
006 (016.2363.000) 05/09 09:49:26 Image size of job updated: 6588136
	5958  -  MemoryUsage of job (MB)
	6100116  -  ResidentSetSize of job (KB)
...
006 (016.2363.000) 05/09 09:49:33 Image size of job updated: 6588136
	5970  -  MemoryUsage of job (MB)
	6112260  -  ResidentSetSize of job (KB)
...
006 (016.2363.000) 05/09 09:49:38 Image size of job updated: 6840040
	6040  -  MemoryUsage of job (MB)
	6184464  -  ResidentSetSize of job (KB)
...
006 (016.2363.000) 05/09 09:49:44 Image size of job updated: 6941416
	6121  -  MemoryUsage of job (MB)
	6267492  -  ResidentSetSize of job (KB)
...
006 (016.2363.000) 05/09 09:49:50 Image size of job updated: 7023336
	6205  -  MemoryUsage of job (MB)
	6353160  -  ResidentSetSize of job (KB)
...
006 (016.2363.000) 05/09 09:49:56 Image size of job updated: 7023336
	6313  -  MemoryUsage of job (MB)
	6463776  -  ResidentSetSize of job (KB)
...
006 (016.2363.000) 05/09 09:50:02 Image size of job updated: 7023336
	6420  -  MemoryUsage of job (MB)
	6573996  -  ResidentSetSize of job (KB)
...
006 (016.2363.000) 05/09 09:50:08 Image size of job updated: 7290600
	6509  -  MemoryUsage of job (MB)
	6664944  -  ResidentSetSize of job (KB)
...
006 (016.2363.000) 05/09 09:50:14 Image size of job updated: 7290600
	6592  -  MemoryUsage of job (MB)
	6749556  -  ResidentSetSize of job (KB)
...
006 (016.2363.000) 05/09 09:50:20 Image size of job updated: 7508712
	6675  -  MemoryUsage of job (MB)
	6834960  -  ResidentSetSize of job (KB)
...
006 (016.2363.000) 05/09 09:50:26 Image size of job updated: 7517928
	6758  -  MemoryUsage of job (MB)
	6919440  -  ResidentSetSize of job (KB)
...
006 (016.2363.000) 05/09 09:50:32 Image size of job updated: 7517928
	6841  -  MemoryUsage of job (MB)
	7004580  -  ResidentSetSize of job (KB)
...
006 (016.2363.000) 05/09 09:50:38 Image size of job updated: 7729896
	6925  -  MemoryUsage of job (MB)
	7091040  -  ResidentSetSize of job (KB)
...
006 (016.2363.000) 05/09 09:50:44 Image size of job updated: 7808744
	7020  -  MemoryUsage of job (MB)
	7187664  -  ResidentSetSize of job (KB)
...
006 (016.2363.000) 05/09 09:50:50 Image size of job updated: 7916264
	7100  -  MemoryUsage of job (MB)
	7269768  -  ResidentSetSize of job (KB)
...
006 (016.2363.000) 05/09 09:50:56 Image size of job updated: 8026856
	7182  -  MemoryUsage of job (MB)
	7353984  -  ResidentSetSize of job (KB)
...
006 (016.2363.000) 05/09 09:51:02 Image size of job updated: 8027880
	7261  -  MemoryUsage of job (MB)
	7434372  -  ResidentSetSize of job (KB)
...
006 (016.2363.000) 05/09 09:51:08 Image size of job updated: 8152808
	7338  -  MemoryUsage of job (MB)
	7513572  -  ResidentSetSize of job (KB)
...
006 (016.2363.000) 05/09 09:51:14 Image size of job updated: 8152808
	7414  -  MemoryUsage of job (MB)
	7591848  -  ResidentSetSize of job (KB)
...
006 (016.2363.000) 05/09 09:51:20 Image size of job updated: 8152808
	7492  -  MemoryUsage of job (MB)
	7671312  -  ResidentSetSize of job (KB)
...
006 (016.2363.000) 05/09 09:51:26 Image size of job updated: 8361704
	7569  -  MemoryUsage of job (MB)
	7749984  -  ResidentSetSize of job (KB)
...
006 (016.2363.000) 05/09 09:51:32 Image size of job updated: 8361704
	7632  -  MemoryUsage of job (MB)
	7814796  -  ResidentSetSize of job (KB)
...
006 (016.2363.000) 05/09 09:51:38 Image size of job updated: 8563432
	7642  -  MemoryUsage of job (MB)
	7825092  -  ResidentSetSize of job (KB)
...
006 (016.2363.000) 05/09 09:51:44 Image size of job updated: 8625896
	7690  -  MemoryUsage of job (MB)
	7874328  -  ResidentSetSize of job (KB)
...
006 (016.2363.000) 05/09 09:51:50 Image size of job updated: 8734440
	7787  -  MemoryUsage of job (MB)
	7973328  -  ResidentSetSize of job (KB)
...
006 (016.2363.000) 05/09 09:51:56 Image size of job updated: 8797928
	7872  -  MemoryUsage of job (MB)
	8060448  -  ResidentSetSize of job (KB)
...
006 (016.2363.000) 05/09 09:52:02 Image size of job updated: 8797928
	7973  -  MemoryUsage of job (MB)
	8163804  -  ResidentSetSize of job (KB)
...
006 (016.2363.000) 05/09 09:52:08 Image size of job updated: 9030376
	8057  -  MemoryUsage of job (MB)
	8249472  -  ResidentSetSize of job (KB)
...
006 (016.2363.000) 05/09 09:52:14 Image size of job updated: 9109224
	8135  -  MemoryUsage of job (MB)
	8330124  -  ResidentSetSize of job (KB)
...
006 (016.2363.000) 05/09 09:52:20 Image size of job updated: 9109224
	8344  -  MemoryUsage of job (MB)
	8544096  -  ResidentSetSize of job (KB)
...
006 (016.2363.000) 05/09 09:52:26 Image size of job updated: 9379560
	8431  -  MemoryUsage of job (MB)
	8633064  -  ResidentSetSize of job (KB)
...
005 (016.2363.000) 05/09 09:52:30 Job terminated.
	(1) Normal termination (return value 0)
		Usr 0 00:25:04, Sys 0 00:00:13  -  Run Remote Usage
		Usr 0 00:00:00, Sys 0 00:00:00  -  Run Local Usage
		Usr 0 00:25:04, Sys 0 00:00:13  -  Total Remote Usage
		Usr 0 00:00:00, Sys 0 00:00:00  -  Total Local Usage
	0  -  Run Bytes Sent By Job
	0  -  Run Bytes Received By Job
	0  -  Total Bytes Sent By Job
	0  -  Total Bytes Received By Job
	Partitionable Resources :      Usage  Request Allocated 
	   Cpus                 :       0.93        1         1 
	   Disk (KB)            : 2000000     2000000   6275465 
	   Memory (MB)          :    8431        1954      2007 
...
