000 (005.6010.000) 05/05 20:24:12 Job submitted from host: <127.0.0.1:9618?addrs=127.0.0.1-9618&noUDP&sock=227_4816_4>
...
033 (005.6010.000) 05/06 14:17:07 Changing job attribute JobPrio from 0 to -10
...
001 (005.6010.000) 05/07 14:44:53 Job executing on host: <127.0.0.1:9618?addrs=127.0.0.1-9618&noUDP&sock=227_4816_5>
...
006 (005.6010.000) 05/07 14:44:59 Image size of job updated: 2000000
	101  -  MemoryUsage of job (MB)
	103092  -  ResidentSetSize of job (KB)
...
006 (005.6010.000) 05/07 14:45:23 Image size of job updated: 2000000
	120  -  MemoryUsage of job (MB)
	121968  -  ResidentSetSize of job (KB)
...
006 (005.6010.000) 05/07 14:45:29 Image size of job updated: 2000000
	184  -  MemoryUsage of job (MB)
	187968  -  ResidentSetSize of job (KB)
...
006 (005.6010.000) 05/07 14:45:35 Image size of job updated: 2000000
	184  -  MemoryUsage of job (MB)
	188364  -  ResidentSetSize of job (KB)
...
006 (005.6010.000) 05/07 14:45:41 Image size of job updated: 2000000
	192  -  MemoryUsage of job (MB)
	196152  -  ResidentSetSize of job (KB)
...
006 (005.6010.000) 05/07 14:45:47 Image size of job updated: 2000000
	204  -  MemoryUsage of job (MB)
	208428  -  ResidentSetSize of job (KB)
...
006 (005.6010.000) 05/07 14:45:53 Image size of job updated: 2000000
	214  -  MemoryUsage of job (MB)
	218328  -  ResidentSetSize of job (KB)
...
006 (005.6010.000) 05/07 14:45:59 Image size of job updated: 2000000
	227  -  MemoryUsage of job (MB)
	232188  -  ResidentSetSize of job (KB)
...
006 (005.6010.000) 05/07 14:46:05 Image size of job updated: 2000000
	237  -  MemoryUsage of job (MB)
	242220  -  ResidentSetSize of job (KB)
...
006 (005.6010.000) 05/07 14:46:11 Image size of job updated: 2000000
	251  -  MemoryUsage of job (MB)
	256080  -  ResidentSetSize of job (KB)
...
006 (005.6010.000) 05/07 14:46:17 Image size of job updated: 2000000
	298  -  MemoryUsage of job (MB)
	304788  -  ResidentSetSize of job (KB)
...
006 (005.6010.000) 05/07 14:46:23 Image size of job updated: 2000000
	329  -  MemoryUsage of job (MB)
	336072  -  ResidentSetSize of job (KB)
...
006 (005.6010.000) 05/07 14:46:29 Image size of job updated: 2000000
	402  -  MemoryUsage of job (MB)
	411180  -  ResidentSetSize of job (KB)
...
006 (005.6010.000) 05/07 14:46:35 Image size of job updated: 2000000
	832  -  MemoryUsage of job (MB)
	851928  -  ResidentSetSize of job (KB)
...
006 (005.6010.000) 05/07 14:46:41 Image size of job updated: 2000000
	1169  -  MemoryUsage of job (MB)
	1196052  -  ResidentSetSize of job (KB)
...
006 (005.6010.000) 05/07 15:00:51 Image size of job updated: 2000000
	1169  -  MemoryUsage of job (MB)
	1196580  -  ResidentSetSize of job (KB)
...
006 (005.6010.000) 05/07 15:00:56 Image size of job updated: 2000000
	1171  -  MemoryUsage of job (MB)
	1198164  -  ResidentSetSize of job (KB)
...
006 (005.6010.000) 05/07 15:01:01 Image size of job updated: 2000000
	1248  -  MemoryUsage of job (MB)
	1277892  -  ResidentSetSize of job (KB)
...
006 (005.6010.000) 05/07 15:01:06 Image size of job updated: 2000000
	1621  -  MemoryUsage of job (MB)
	1659900  -  ResidentSetSize of job (KB)
...
006 (005.6010.000) 05/07 15:01:11 Image size of job updated: 2306524
	1693  -  MemoryUsage of job (MB)
	1733292  -  ResidentSetSize of job (KB)
...
006 (005.6010.000) 05/07 15:01:16 Image size of job updated: 2561508
	1885  -  MemoryUsage of job (MB)
	1929576  -  ResidentSetSize of job (KB)
...
006 (005.6010.000) 05/07 15:01:21 Image size of job updated: 2564580
	1905  -  MemoryUsage of job (MB)
	1950432  -  ResidentSetSize of job (KB)
...
006 (005.6010.000) 05/07 15:01:26 Image size of job updated: 2597348
	1921  -  MemoryUsage of job (MB)
	1966536  -  ResidentSetSize of job (KB)
...
006 (005.6010.000) 05/07 15:01:31 Image size of job updated: 2597348
	1931  -  MemoryUsage of job (MB)
	1976700  -  ResidentSetSize of job (KB)
...
006 (005.6010.000) 05/07 15:01:36 Image size of job updated: 2597348
	1940  -  MemoryUsage of job (MB)
	1986336  -  ResidentSetSize of job (KB)
...
006 (005.6010.000) 05/07 15:01:41 Image size of job updated: 2624996
	1948  -  MemoryUsage of job (MB)
	1994124  -  ResidentSetSize of job (KB)
...
006 (005.6010.000) 05/07 15:01:46 Image size of job updated: 2624996
	1958  -  MemoryUsage of job (MB)
	2004288  -  ResidentSetSize of job (KB)
...
006 (005.6010.000) 05/07 15:01:51 Image size of job updated: 2624996
	1964  -  MemoryUsage of job (MB)
	2011020  -  ResidentSetSize of job (KB)
...
006 (005.6010.000) 05/07 15:01:56 Image size of job updated: 2645476
	1974  -  MemoryUsage of job (MB)
	2021184  -  ResidentSetSize of job (KB)
...
006 (005.6010.000) 05/07 15:02:01 Image size of job updated: 2658788
	1982  -  MemoryUsage of job (MB)
	2029236  -  ResidentSetSize of job (KB)
...
006 (005.6010.000) 05/07 15:02:06 Image size of job updated: 2666980
	1993  -  MemoryUsage of job (MB)
	2040060  -  ResidentSetSize of job (KB)
...
006 (005.6010.000) 05/07 15:02:11 Image size of job updated: 2666980
	2000  -  MemoryUsage of job (MB)
	2047320  -  ResidentSetSize of job (KB)
...
006 (005.6010.000) 05/07 15:02:16 Image size of job updated: 2680292
	2007  -  MemoryUsage of job (MB)
	2054448  -  ResidentSetSize of job (KB)
...
006 (005.6010.000) 05/07 15:02:21 Image size of job updated: 2680292
	2015  -  MemoryUsage of job (MB)
	2062368  -  ResidentSetSize of job (KB)
...
006 (005.6010.000) 05/07 15:02:26 Image size of job updated: 2680292
	2020  -  MemoryUsage of job (MB)
	2068440  -  ResidentSetSize of job (KB)
...
006 (005.6010.000) 05/07 15:02:31 Image size of job updated: 2705892
	2027  -  MemoryUsage of job (MB)
	2075172  -  ResidentSetSize of job (KB)
...
006 (005.6010.000) 05/07 15:02:36 Image size of job updated: 2714084
	2035  -  MemoryUsage of job (MB)
	2083092  -  ResidentSetSize of job (KB)
...
006 (005.6010.000) 05/07 15:02:41 Image size of job updated: 2714084
	2041  -  MemoryUsage of job (MB)
	2089956  -  ResidentSetSize of job (KB)
...
006 (005.6010.000) 05/07 15:02:46 Image size of job updated: 2723300
	2048  -  MemoryUsage of job (MB)
	2097084  -  ResidentSetSize of job (KB)
...
006 (005.6010.000) 05/07 15:02:51 Image size of job updated: 2723300
	2056  -  MemoryUsage of job (MB)
	2104872  -  ResidentSetSize of job (KB)
...
006 (005.6010.000) 05/07 15:02:56 Image size of job updated: 2735588
	2063  -  MemoryUsage of job (MB)
	2111604  -  ResidentSetSize of job (KB)
...
006 (005.6010.000) 05/07 15:03:01 Image size of job updated: 2744804
	2069  -  MemoryUsage of job (MB)
	2118072  -  ResidentSetSize of job (KB)
...
006 (005.6010.000) 05/07 15:03:06 Image size of job updated: 2744804
	2078  -  MemoryUsage of job (MB)
	2127708  -  ResidentSetSize of job (KB)
...
006 (005.6010.000) 05/07 15:03:11 Image size of job updated: 2744804
	2086  -  MemoryUsage of job (MB)
	2135364  -  ResidentSetSize of job (KB)
...
006 (005.6010.000) 05/07 15:03:16 Image size of job updated: 2769380
	2092  -  MemoryUsage of job (MB)
	2141304  -  ResidentSetSize of job (KB)
...
006 (005.6010.000) 05/07 15:03:21 Image size of job updated: 2769380
	2098  -  MemoryUsage of job (MB)
	2147772  -  ResidentSetSize of job (KB)
...
006 (005.6010.000) 05/07 15:03:26 Image size of job updated: 2784740
	2105  -  MemoryUsage of job (MB)
	2155296  -  ResidentSetSize of job (KB)
...
006 (005.6010.000) 05/07 15:03:31 Image size of job updated: 2790884
	2112  -  MemoryUsage of job (MB)
	2162424  -  ResidentSetSize of job (KB)
...
006 (005.6010.000) 05/07 15:03:36 Image size of job updated: 2790884
	2121  -  MemoryUsage of job (MB)
	2171400  -  ResidentSetSize of job (KB)
...
006 (005.6010.000) 05/07 15:03:41 Image size of job updated: 2790884
	2128  -  MemoryUsage of job (MB)
	2178660  -  ResidentSetSize of job (KB)
...
006 (005.6010.000) 05/07 15:03:46 Image size of job updated: 2812388
	2134  -  MemoryUsage of job (MB)
	2184732  -  ResidentSetSize of job (KB)
...
006 (005.6010.000) 05/07 15:03:51 Image size of job updated: 2812388
	2142  -  MemoryUsage of job (MB)
	2193312  -  ResidentSetSize of job (KB)
...
006 (005.6010.000) 05/07 15:03:56 Image size of job updated: 2828772
	2148  -  MemoryUsage of job (MB)
	2198856  -  ResidentSetSize of job (KB)
...
006 (005.6010.000) 05/07 15:04:01 Image size of job updated: 2834916
	2156  -  MemoryUsage of job (MB)
	2207568  -  ResidentSetSize of job (KB)
...
006 (005.6010.000) 05/07 15:04:06 Image size of job updated: 2834916
	2162  -  MemoryUsage of job (MB)
	2213112  -  ResidentSetSize of job (KB)
...
006 (005.6010.000) 05/07 15:04:11 Image size of job updated: 2834916
	2168  -  MemoryUsage of job (MB)
	2219844  -  ResidentSetSize of job (KB)
...
006 (005.6010.000) 05/07 15:04:16 Image size of job updated: 2856420
	2176  -  MemoryUsage of job (MB)
	2227236  -  ResidentSetSize of job (KB)
...
006 (005.6010.000) 05/07 15:04:21 Image size of job updated: 2856420
	2184  -  MemoryUsage of job (MB)
	2235684  -  ResidentSetSize of job (KB)
...
006 (005.6010.000) 05/07 15:04:26 Image size of job updated: 2856420
	2191  -  MemoryUsage of job (MB)
	2242680  -  ResidentSetSize of job (KB)
...
006 (005.6010.000) 05/07 15:04:31 Image size of job updated: 2877924
	2197  -  MemoryUsage of job (MB)
	2248884  -  ResidentSetSize of job (KB)
...
006 (005.6010.000) 05/07 15:04:36 Image size of job updated: 2877924
	2204  -  MemoryUsage of job (MB)
	2256540  -  ResidentSetSize of job (KB)
...
006 (005.6010.000) 05/07 15:04:41 Image size of job updated: 2877924
	2213  -  MemoryUsage of job (MB)
	2265384  -  ResidentSetSize of job (KB)
...
006 (005.6010.000) 05/07 15:04:46 Image size of job updated: 2901476
	2220  -  MemoryUsage of job (MB)
	2273040  -  ResidentSetSize of job (KB)
...
006 (005.6010.000) 05/07 15:04:51 Image size of job updated: 2901476
	2228  -  MemoryUsage of job (MB)
	2281224  -  ResidentSetSize of job (KB)
...
006 (005.6010.000) 05/07 15:04:56 Image size of job updated: 2901476
	2235  -  MemoryUsage of job (MB)
	2288220  -  ResidentSetSize of job (KB)
...
006 (005.6010.000) 05/07 15:05:01 Image size of job updated: 2925028
	2242  -  MemoryUsage of job (MB)
	2295612  -  ResidentSetSize of job (KB)
...
006 (005.6010.000) 05/07 15:05:06 Image size of job updated: 2932196
	2250  -  MemoryUsage of job (MB)
	2303928  -  ResidentSetSize of job (KB)
...
006 (005.6010.000) 05/07 15:05:11 Image size of job updated: 2932196
	2257  -  MemoryUsage of job (MB)
	2310660  -  ResidentSetSize of job (KB)
...
006 (005.6010.000) 05/07 15:05:16 Image size of job updated: 2948580
	2264  -  MemoryUsage of job (MB)
	2318052  -  ResidentSetSize of job (KB)
...
006 (005.6010.000) 05/07 15:05:21 Image size of job updated: 2948580
	2272  -  MemoryUsage of job (MB)
	2326500  -  ResidentSetSize of job (KB)
...
006 (005.6010.000) 05/07 15:05:26 Image size of job updated: 2962916
	2279  -  MemoryUsage of job (MB)
	2333364  -  ResidentSetSize of job (KB)
...
006 (005.6010.000) 05/07 15:05:31 Image size of job updated: 2971108
	2288  -  MemoryUsage of job (MB)
	2341944  -  ResidentSetSize of job (KB)
...
006 (005.6010.000) 05/07 15:05:36 Image size of job updated: 2971108
	2294  -  MemoryUsage of job (MB)
	2348940  -  ResidentSetSize of job (KB)
...
006 (005.6010.000) 05/07 15:05:41 Image size of job updated: 2982372
	2303  -  MemoryUsage of job (MB)
	2357520  -  ResidentSetSize of job (KB)
...
006 (005.6010.000) 05/07 15:05:46 Image size of job updated: 2990564
	2310  -  MemoryUsage of job (MB)
	2364516  -  ResidentSetSize of job (KB)
...
006 (005.6010.000) 05/07 15:05:51 Image size of job updated: 2997732
	2317  -  MemoryUsage of job (MB)
	2371776  -  ResidentSetSize of job (KB)
...
006 (005.6010.000) 05/07 15:05:57 Image size of job updated: 3010020
	2325  -  MemoryUsage of job (MB)
	2380356  -  ResidentSetSize of job (KB)
...
006 (005.6010.000) 05/07 15:06:03 Image size of job updated: 3019236
	2333  -  MemoryUsage of job (MB)
	2388276  -  ResidentSetSize of job (KB)
...
006 (005.6010.000) 05/07 15:06:09 Image size of job updated: 3019236
	2341  -  MemoryUsage of job (MB)
	2396856  -  ResidentSetSize of job (KB)
...
006 (005.6010.000) 05/07 15:06:15 Image size of job updated: 3019236
	2351  -  MemoryUsage of job (MB)
	2406624  -  ResidentSetSize of job (KB)
...
006 (005.6010.000) 05/07 15:06:21 Image size of job updated: 3041764
	2360  -  MemoryUsage of job (MB)
	2416260  -  ResidentSetSize of job (KB)
...
006 (005.6010.000) 05/07 15:06:27 Image size of job updated: 3041764
	2370  -  MemoryUsage of job (MB)
	2426424  -  ResidentSetSize of job (KB)
...
006 (005.6010.000) 05/07 15:06:33 Image size of job updated: 3062244
	2376  -  MemoryUsage of job (MB)
	2432628  -  ResidentSetSize of job (KB)
...
006 (005.6010.000) 05/07 15:06:39 Image size of job updated: 3062244
	2386  -  MemoryUsage of job (MB)
	2442396  -  ResidentSetSize of job (KB)
...
006 (005.6010.000) 05/07 15:06:45 Image size of job updated: 3062244
	2394  -  MemoryUsage of job (MB)
	2451372  -  ResidentSetSize of job (KB)
...
006 (005.6010.000) 05/07 15:06:51 Image size of job updated: 3086820
	2405  -  MemoryUsage of job (MB)
	2462196  -  ResidentSetSize of job (KB)
...
006 (005.6010.000) 05/07 15:06:57 Image size of job updated: 3086820
	2414  -  MemoryUsage of job (MB)
	2471040  -  ResidentSetSize of job (KB)
...
006 (005.6010.000) 05/07 15:07:03 Image size of job updated: 3086820
	2421  -  MemoryUsage of job (MB)
	2478828  -  ResidentSetSize of job (KB)
...
006 (005.6010.000) 05/07 15:07:09 Image size of job updated: 3110372
	2429  -  MemoryUsage of job (MB)
	2487144  -  ResidentSetSize of job (KB)
...
006 (005.6010.000) 05/07 15:07:15 Image size of job updated: 3110372
	2440  -  MemoryUsage of job (MB)
	2498100  -  ResidentSetSize of job (KB)
...
006 (005.6010.000) 05/07 15:07:21 Image size of job updated: 3132900
	2448  -  MemoryUsage of job (MB)
	2506020  -  ResidentSetSize of job (KB)
...
006 (005.6010.000) 05/07 15:07:27 Image size of job updated: 3132900
	2456  -  MemoryUsage of job (MB)
	2514468  -  ResidentSetSize of job (KB)
...
006 (005.6010.000) 05/07 15:07:33 Image size of job updated: 3132900
	2665  -  MemoryUsage of job (MB)
	2728308  -  ResidentSetSize of job (KB)
...
006 (005.6010.000) 05/07 15:07:39 Image size of job updated: 3361252
	2665  -  MemoryUsage of job (MB)
	2728308  -  ResidentSetSize of job (KB)
...
005 (005.6010.000) 05/07 15:07:40 Job terminated.
	(1) Normal termination (return value 0)
		Usr 0 00:22:16, Sys 0 00:00:03  -  Run Remote Usage
		Usr 0 00:00:00, Sys 0 00:00:00  -  Run Local Usage
		Usr 0 00:22:16, Sys 0 00:00:03  -  Total Remote Usage
		Usr 0 00:00:00, Sys 0 00:00:00  -  Total Local Usage
	0  -  Run Bytes Sent By Job
	0  -  Run Bytes Received By Job
	0  -  Total Bytes Sent By Job
	0  -  Total Bytes Received By Job
	Partitionable Resources :      Usage  Request Allocated 
	   Cpus                 :       1.00        1         1 
	   Disk (KB)            : 2000000     2000000   6275465 
	   Memory (MB)          :    2665        1954      2007 
...
