000 (005.10939.000) 05/05 20:26:39 Job submitted from host: <127.0.0.1:9618?addrs=127.0.0.1-9618&noUDP&sock=227_4816_4>
...
033 (005.10939.000) 05/06 14:18:32 Changing job attribute JobPrio from 0 to -10
...
009 (005.10939.000) 05/07 21:46:04 Job was aborted by the user.
	via condor_rm (by user aw868)
...
000 (011.3888.000) 05/08 17:21:52 Job submitted from host: <127.0.0.1:9618?addrs=127.0.0.1-9618&noUDP&sock=212_fe2a_4>
...
033 (011.3888.000) 05/08 20:42:13 Changing job attribute JobPrio from 0 to -5
...
001 (011.3888.000) 05/09 19:43:37 Job executing on host: <127.0.0.1:9618?addrs=127.0.0.1-9618&noUDP&sock=212_fe2a_5>
...
006 (011.3888.000) 05/09 19:43:43 Image size of job updated: 2000000
	101  -  MemoryUsage of job (MB)
	102960  -  ResidentSetSize of job (KB)
...
006 (011.3888.000) 05/09 19:44:13 Image size of job updated: 2000000
	164  -  MemoryUsage of job (MB)
	167640  -  ResidentSetSize of job (KB)
...
006 (011.3888.000) 05/09 19:44:18 Image size of job updated: 2000000
	184  -  MemoryUsage of job (MB)
	187836  -  ResidentSetSize of job (KB)
...
006 (011.3888.000) 05/09 19:44:23 Image size of job updated: 2000000
	184  -  MemoryUsage of job (MB)
	188232  -  ResidentSetSize of job (KB)
...
006 (011.3888.000) 05/09 19:44:28 Image size of job updated: 2000000
	192  -  MemoryUsage of job (MB)
	196152  -  ResidentSetSize of job (KB)
...
006 (011.3888.000) 05/09 19:44:33 Image size of job updated: 2000000
	202  -  MemoryUsage of job (MB)
	206316  -  ResidentSetSize of job (KB)
...
006 (011.3888.000) 05/09 19:44:38 Image size of job updated: 2000000
	211  -  MemoryUsage of job (MB)
	215424  -  ResidentSetSize of job (KB)
...
006 (011.3888.000) 05/09 19:44:43 Image size of job updated: 2000000
	220  -  MemoryUsage of job (MB)
	224268  -  ResidentSetSize of job (KB)
...
006 (011.3888.000) 05/09 19:44:48 Image size of job updated: 2000000
	230  -  MemoryUsage of job (MB)
	234828  -  ResidentSetSize of job (KB)
...
006 (011.3888.000) 05/09 19:44:53 Image size of job updated: 2000000
	238  -  MemoryUsage of job (MB)
	243012  -  ResidentSetSize of job (KB)
...
006 (011.3888.000) 05/09 19:44:58 Image size of job updated: 2000000
	247  -  MemoryUsage of job (MB)
	252648  -  ResidentSetSize of job (KB)
...
006 (011.3888.000) 05/09 19:45:03 Image size of job updated: 2000000
	288  -  MemoryUsage of job (MB)
	294756  -  ResidentSetSize of job (KB)
...
006 (011.3888.000) 05/09 19:45:08 Image size of job updated: 2000000
	319  -  MemoryUsage of job (MB)
	325776  -  ResidentSetSize of job (KB)
...
006 (011.3888.000) 05/09 19:45:13 Image size of job updated: 2000000
	329  -  MemoryUsage of job (MB)
	336072  -  ResidentSetSize of job (KB)
...
006 (011.3888.000) 05/09 19:45:18 Image size of job updated: 2000000
	387  -  MemoryUsage of job (MB)
	395472  -  ResidentSetSize of job (KB)
...
006 (011.3888.000) 05/09 19:45:23 Image size of job updated: 2000000
	439  -  MemoryUsage of job (MB)
	449328  -  ResidentSetSize of job (KB)
...
006 (011.3888.000) 05/09 19:45:28 Image size of job updated: 2000000
	579  -  MemoryUsage of job (MB)
	592548  -  ResidentSetSize of job (KB)
...
006 (011.3888.000) 05/09 19:45:33 Image size of job updated: 2000000
	1169  -  MemoryUsage of job (MB)
	1196052  -  ResidentSetSize of job (KB)
...
006 (011.3888.000) 05/09 19:58:18 Image size of job updated: 2000000
	1170  -  MemoryUsage of job (MB)
	1198032  -  ResidentSetSize of job (KB)
...
006 (011.3888.000) 05/09 19:58:23 Image size of job updated: 2000000
	1244  -  MemoryUsage of job (MB)
	1272876  -  ResidentSetSize of job (KB)
...
006 (011.3888.000) 05/09 19:58:28 Image size of job updated: 2000000
	1573  -  MemoryUsage of job (MB)
	1610664  -  ResidentSetSize of job (KB)
...
006 (011.3888.000) 05/09 19:58:33 Image size of job updated: 2270668
	1647  -  MemoryUsage of job (MB)
	1686168  -  ResidentSetSize of job (KB)
...
006 (011.3888.000) 05/09 19:58:38 Image size of job updated: 2561508
	1885  -  MemoryUsage of job (MB)
	1929444  -  ResidentSetSize of job (KB)
...
006 (011.3888.000) 05/09 19:58:43 Image size of job updated: 2587108
	1916  -  MemoryUsage of job (MB)
	1961520  -  ResidentSetSize of job (KB)
...
006 (011.3888.000) 05/09 19:58:48 Image size of job updated: 2610660
	1933  -  MemoryUsage of job (MB)
	1979340  -  ResidentSetSize of job (KB)
...
006 (011.3888.000) 05/09 19:58:53 Image size of job updated: 2623972
	1948  -  MemoryUsage of job (MB)
	1993860  -  ResidentSetSize of job (KB)
...
006 (011.3888.000) 05/09 19:58:58 Image size of job updated: 2624996
	1959  -  MemoryUsage of job (MB)
	2005080  -  ResidentSetSize of job (KB)
...
006 (011.3888.000) 05/09 19:59:03 Image size of job updated: 2648548
	1970  -  MemoryUsage of job (MB)
	2017224  -  ResidentSetSize of job (KB)
...
006 (011.3888.000) 05/09 19:59:08 Image size of job updated: 2648548
	1982  -  MemoryUsage of job (MB)
	2028708  -  ResidentSetSize of job (KB)
...
006 (011.3888.000) 05/09 19:59:13 Image size of job updated: 2648548
	1991  -  MemoryUsage of job (MB)
	2038740  -  ResidentSetSize of job (KB)
...
006 (011.3888.000) 05/09 19:59:18 Image size of job updated: 2671076
	2001  -  MemoryUsage of job (MB)
	2048508  -  ResidentSetSize of job (KB)
...
006 (011.3888.000) 05/09 19:59:23 Image size of job updated: 2671076
	2012  -  MemoryUsage of job (MB)
	2059728  -  ResidentSetSize of job (KB)
...
006 (011.3888.000) 05/09 19:59:28 Image size of job updated: 2671076
	2022  -  MemoryUsage of job (MB)
	2070024  -  ResidentSetSize of job (KB)
...
006 (011.3888.000) 05/09 19:59:33 Image size of job updated: 2706916
	2032  -  MemoryUsage of job (MB)
	2080716  -  ResidentSetSize of job (KB)
...
006 (011.3888.000) 05/09 19:59:38 Image size of job updated: 2713060
	2043  -  MemoryUsage of job (MB)
	2091408  -  ResidentSetSize of job (KB)
...
006 (011.3888.000) 05/09 19:59:43 Image size of job updated: 2732516
	2053  -  MemoryUsage of job (MB)
	2101704  -  ResidentSetSize of job (KB)
...
006 (011.3888.000) 05/09 19:59:48 Image size of job updated: 2733540
	2063  -  MemoryUsage of job (MB)
	2112000  -  ResidentSetSize of job (KB)
...
006 (011.3888.000) 05/09 19:59:53 Image size of job updated: 2744804
	2073  -  MemoryUsage of job (MB)
	2122428  -  ResidentSetSize of job (KB)
...
006 (011.3888.000) 05/09 19:59:58 Image size of job updated: 2744804
	2082  -  MemoryUsage of job (MB)
	2131008  -  ResidentSetSize of job (KB)
...
006 (011.3888.000) 05/09 20:00:03 Image size of job updated: 2764260
	2091  -  MemoryUsage of job (MB)
	2141172  -  ResidentSetSize of job (KB)
...
006 (011.3888.000) 05/09 20:00:08 Image size of job updated: 2764260
	2099  -  MemoryUsage of job (MB)
	2149224  -  ResidentSetSize of job (KB)
...
006 (011.3888.000) 05/09 20:00:13 Image size of job updated: 2764260
	2111  -  MemoryUsage of job (MB)
	2160972  -  ResidentSetSize of job (KB)
...
006 (011.3888.000) 05/09 20:00:18 Image size of job updated: 2796004
	2121  -  MemoryUsage of job (MB)
	2171268  -  ResidentSetSize of job (KB)
...
006 (011.3888.000) 05/09 20:00:23 Image size of job updated: 2796004
	2130  -  MemoryUsage of job (MB)
	2180904  -  ResidentSetSize of job (KB)
...
006 (011.3888.000) 05/09 20:00:28 Image size of job updated: 2796004
	2139  -  MemoryUsage of job (MB)
	2189748  -  ResidentSetSize of job (KB)
...
006 (011.3888.000) 05/09 20:00:33 Image size of job updated: 2823652
	2149  -  MemoryUsage of job (MB)
	2200044  -  ResidentSetSize of job (KB)
...
006 (011.3888.000) 05/09 20:00:38 Image size of job updated: 2823652
	2161  -  MemoryUsage of job (MB)
	2212056  -  ResidentSetSize of job (KB)
...
006 (011.3888.000) 05/09 20:00:43 Image size of job updated: 2823652
	2171  -  MemoryUsage of job (MB)
	2222484  -  ResidentSetSize of job (KB)
...
006 (011.3888.000) 05/09 20:00:48 Image size of job updated: 2860516
	2178  -  MemoryUsage of job (MB)
	2230140  -  ResidentSetSize of job (KB)
...
006 (011.3888.000) 05/09 20:00:53 Image size of job updated: 2860516
	2188  -  MemoryUsage of job (MB)
	2239776  -  ResidentSetSize of job (KB)
...
006 (011.3888.000) 05/09 20:00:58 Image size of job updated: 2874852
	2197  -  MemoryUsage of job (MB)
	2249148  -  ResidentSetSize of job (KB)
...
006 (011.3888.000) 05/09 20:01:03 Image size of job updated: 2885092
	2205  -  MemoryUsage of job (MB)
	2257860  -  ResidentSetSize of job (KB)
...
006 (011.3888.000) 05/09 20:01:08 Image size of job updated: 2885092
	2215  -  MemoryUsage of job (MB)
	2267364  -  ResidentSetSize of job (KB)
...
006 (011.3888.000) 05/09 20:01:13 Image size of job updated: 2885092
	2225  -  MemoryUsage of job (MB)
	2278056  -  ResidentSetSize of job (KB)
...
006 (011.3888.000) 05/09 20:01:18 Image size of job updated: 2914788
	2233  -  MemoryUsage of job (MB)
	2285844  -  ResidentSetSize of job (KB)
...
006 (011.3888.000) 05/09 20:01:23 Image size of job updated: 2914788
	2242  -  MemoryUsage of job (MB)
	2295480  -  ResidentSetSize of job (KB)
...
006 (011.3888.000) 05/09 20:01:29 Image size of job updated: 2914788
	2252  -  MemoryUsage of job (MB)
	2305512  -  ResidentSetSize of job (KB)
...
006 (011.3888.000) 05/09 20:01:35 Image size of job updated: 2940388
	2262  -  MemoryUsage of job (MB)
	2316204  -  ResidentSetSize of job (KB)
...
006 (011.3888.000) 05/09 20:01:41 Image size of job updated: 2940388
	2274  -  MemoryUsage of job (MB)
	2328348  -  ResidentSetSize of job (KB)
...
006 (011.3888.000) 05/09 20:01:47 Image size of job updated: 2967012
	2284  -  MemoryUsage of job (MB)
	2338248  -  ResidentSetSize of job (KB)
...
006 (011.3888.000) 05/09 20:01:53 Image size of job updated: 2976228
	2294  -  MemoryUsage of job (MB)
	2348808  -  ResidentSetSize of job (KB)
...
006 (011.3888.000) 05/09 20:01:59 Image size of job updated: 2983396
	2305  -  MemoryUsage of job (MB)
	2359368  -  ResidentSetSize of job (KB)
...
006 (011.3888.000) 05/09 20:02:05 Image size of job updated: 2995684
	2313  -  MemoryUsage of job (MB)
	2368476  -  ResidentSetSize of job (KB)
...
006 (011.3888.000) 05/09 20:02:11 Image size of job updated: 2995684
	2325  -  MemoryUsage of job (MB)
	2380092  -  ResidentSetSize of job (KB)
...
006 (011.3888.000) 05/09 20:02:17 Image size of job updated: 2995684
	2335  -  MemoryUsage of job (MB)
	2390916  -  ResidentSetSize of job (KB)
...
006 (011.3888.000) 05/09 20:02:23 Image size of job updated: 3021284
	2347  -  MemoryUsage of job (MB)
	2402400  -  ResidentSetSize of job (KB)
...
006 (011.3888.000) 05/09 20:02:29 Image size of job updated: 3021284
	2358  -  MemoryUsage of job (MB)
	2414544  -  ResidentSetSize of job (KB)
...
006 (011.3888.000) 05/09 20:02:35 Image size of job updated: 3050980
	2369  -  MemoryUsage of job (MB)
	2425368  -  ResidentSetSize of job (KB)
...
006 (011.3888.000) 05/09 20:02:41 Image size of job updated: 3061220
	2380  -  MemoryUsage of job (MB)
	2436984  -  ResidentSetSize of job (KB)
...
006 (011.3888.000) 05/09 20:02:47 Image size of job updated: 3071460
	2392  -  MemoryUsage of job (MB)
	2448600  -  ResidentSetSize of job (KB)
...
006 (011.3888.000) 05/09 20:02:53 Image size of job updated: 3080676
	2404  -  MemoryUsage of job (MB)
	2461008  -  ResidentSetSize of job (KB)
...
006 (011.3888.000) 05/09 20:02:59 Image size of job updated: 3080676
	2413  -  MemoryUsage of job (MB)
	2470644  -  ResidentSetSize of job (KB)
...
006 (011.3888.000) 05/09 20:03:05 Image size of job updated: 3109348
	2426  -  MemoryUsage of job (MB)
	2483448  -  ResidentSetSize of job (KB)
...
006 (011.3888.000) 05/09 20:03:11 Image size of job updated: 3118564
	2436  -  MemoryUsage of job (MB)
	2494008  -  ResidentSetSize of job (KB)
...
006 (011.3888.000) 05/09 20:03:17 Image size of job updated: 3118564
	2448  -  MemoryUsage of job (MB)
	2506020  -  ResidentSetSize of job (KB)
...
006 (011.3888.000) 05/09 20:03:23 Image size of job updated: 3140068
	2458  -  MemoryUsage of job (MB)
	2516712  -  ResidentSetSize of job (KB)
...
006 (011.3888.000) 05/09 20:03:29 Image size of job updated: 3147236
	2469  -  MemoryUsage of job (MB)
	2527536  -  ResidentSetSize of job (KB)
...
006 (011.3888.000) 05/09 20:03:35 Image size of job updated: 3147236
	2480  -  MemoryUsage of job (MB)
	2539020  -  ResidentSetSize of job (KB)
...
006 (011.3888.000) 05/09 20:03:41 Image size of job updated: 3168740
	2490  -  MemoryUsage of job (MB)
	2549448  -  ResidentSetSize of job (KB)
...
006 (011.3888.000) 05/09 20:03:47 Image size of job updated: 3168740
	2500  -  MemoryUsage of job (MB)
	2559612  -  ResidentSetSize of job (KB)
...
006 (011.3888.000) 05/09 20:03:53 Image size of job updated: 3196388
	2511  -  MemoryUsage of job (MB)
	2570436  -  ResidentSetSize of job (KB)
...
006 (011.3888.000) 05/09 20:03:59 Image size of job updated: 3196388
	2521  -  MemoryUsage of job (MB)
	2581128  -  ResidentSetSize of job (KB)
...
006 (011.3888.000) 05/09 20:04:05 Image size of job updated: 3220964
	2532  -  MemoryUsage of job (MB)
	2591952  -  ResidentSetSize of job (KB)
...
006 (011.3888.000) 05/09 20:04:11 Image size of job updated: 3229156
	2542  -  MemoryUsage of job (MB)
	2602380  -  ResidentSetSize of job (KB)
...
006 (011.3888.000) 05/09 20:04:17 Image size of job updated: 3229156
	2553  -  MemoryUsage of job (MB)
	2613336  -  ResidentSetSize of job (KB)
...
006 (011.3888.000) 05/09 20:04:23 Image size of job updated: 3250660
	2563  -  MemoryUsage of job (MB)
	2623632  -  ResidentSetSize of job (KB)
...
006 (011.3888.000) 05/09 20:04:29 Image size of job updated: 3250660
	2572  -  MemoryUsage of job (MB)
	2633664  -  ResidentSetSize of job (KB)
...
006 (011.3888.000) 05/09 20:04:35 Image size of job updated: 3250660
	2583  -  MemoryUsage of job (MB)
	2644356  -  ResidentSetSize of job (KB)
...
006 (011.3888.000) 05/09 20:04:41 Image size of job updated: 3276260
	2592  -  MemoryUsage of job (MB)
	2653332  -  ResidentSetSize of job (KB)
...
006 (011.3888.000) 05/09 20:04:47 Image size of job updated: 3276260
	2604  -  MemoryUsage of job (MB)
	2665872  -  ResidentSetSize of job (KB)
...
006 (011.3888.000) 05/09 20:04:53 Image size of job updated: 3301860
	2614  -  MemoryUsage of job (MB)
	2676432  -  ResidentSetSize of job (KB)
...
006 (011.3888.000) 05/09 20:04:59 Image size of job updated: 3301860
	2624  -  MemoryUsage of job (MB)
	2686860  -  ResidentSetSize of job (KB)
...
006 (011.3888.000) 05/09 20:05:05 Image size of job updated: 3317220
	2635  -  MemoryUsage of job (MB)
	2698080  -  ResidentSetSize of job (KB)
...
006 (011.3888.000) 05/09 20:05:11 Image size of job updated: 3337700
	2645  -  MemoryUsage of job (MB)
	2708244  -  ResidentSetSize of job (KB)
...
006 (011.3888.000) 05/09 20:05:17 Image size of job updated: 3346916
	2655  -  MemoryUsage of job (MB)
	2718408  -  ResidentSetSize of job (KB)
...
006 (011.3888.000) 05/09 20:05:23 Image size of job updated: 3346916
	2666  -  MemoryUsage of job (MB)
	2729892  -  ResidentSetSize of job (KB)
...
006 (011.3888.000) 05/09 20:05:29 Image size of job updated: 3360228
	2677  -  MemoryUsage of job (MB)
	2740584  -  ResidentSetSize of job (KB)
...
006 (011.3888.000) 05/09 20:05:35 Image size of job updated: 3360228
	2688  -  MemoryUsage of job (MB)
	2751540  -  ResidentSetSize of job (KB)
...
006 (011.3888.000) 05/09 20:05:41 Image size of job updated: 3384804
	2698  -  MemoryUsage of job (MB)
	2762364  -  ResidentSetSize of job (KB)
...
006 (011.3888.000) 05/09 20:05:47 Image size of job updated: 3384804
	2708  -  MemoryUsage of job (MB)
	2772396  -  ResidentSetSize of job (KB)
...
006 (011.3888.000) 05/09 20:05:53 Image size of job updated: 3384804
	2718  -  MemoryUsage of job (MB)
	2783220  -  ResidentSetSize of job (KB)
...
006 (011.3888.000) 05/09 20:05:59 Image size of job updated: 3413476
	2728  -  MemoryUsage of job (MB)
	2792856  -  ResidentSetSize of job (KB)
...
006 (011.3888.000) 05/09 20:06:05 Image size of job updated: 3413476
	2937  -  MemoryUsage of job (MB)
	3006960  -  ResidentSetSize of job (KB)
...
006 (011.3888.000) 05/09 20:06:10 Image size of job updated: 3441124
	2937  -  MemoryUsage of job (MB)
	3006960  -  ResidentSetSize of job (KB)
...
005 (011.3888.000) 05/09 20:06:10 Job terminated.
	(1) Normal termination (return value 0)
		Usr 0 00:22:02, Sys 0 00:00:03  -  Run Remote Usage
		Usr 0 00:00:00, Sys 0 00:00:00  -  Run Local Usage
		Usr 0 00:22:02, Sys 0 00:00:03  -  Total Remote Usage
		Usr 0 00:00:00, Sys 0 00:00:00  -  Total Local Usage
	0  -  Run Bytes Sent By Job
	0  -  Run Bytes Received By Job
	0  -  Total Bytes Sent By Job
	0  -  Total Bytes Received By Job
	Partitionable Resources :      Usage  Request Allocated 
	   Cpus                 :       1.00        1         1 
	   Disk (KB)            : 2000000     2000000   6232219 
	   Memory (MB)          :    2937        1954      2007 
...
