000 (205.4777.000) 05/06 03:19:48 Job submitted from host: <127.0.0.1:9618?addrs=127.0.0.1-9618&noUDP&sock=222_da1d_4>
...
033 (205.4777.000) 05/06 14:23:01 Changing job attribute JobPrio from 0 to -5
...
000 (007.4777.000) 05/07 19:00:15 Job submitted from host: <127.0.0.1:9618?addrs=127.0.0.1-9618&noUDP&sock=215_0cf3_4>
...
000 (016.4777.000) 05/08 15:57:22 Job submitted from host: <127.0.0.1:9618?addrs=127.0.0.1-9618&noUDP&sock=227_4816_4>
...
009 (016.4777.000) 05/09 16:54:53 Job was aborted by the user.
	via condor_rm (by user aw868)
...
000 (017.1444.000) 05/09 17:26:05 Job submitted from host: <127.0.0.1:9618?addrs=127.0.0.1-9618&noUDP&sock=227_4816_4>
...
001 (017.1444.000) 05/10 03:49:06 Job executing on host: <127.0.0.1:9618?addrs=127.0.0.1-9618&noUDP&sock=227_4816_5>
...
006 (017.1444.000) 05/10 03:49:11 Image size of job updated: 2000000
	113  -  MemoryUsage of job (MB)
	115632  -  ResidentSetSize of job (KB)
...
006 (017.1444.000) 05/10 03:49:16 Image size of job updated: 2000000
	115  -  MemoryUsage of job (MB)
	117084  -  ResidentSetSize of job (KB)
...
006 (017.1444.000) 05/10 03:49:36 Image size of job updated: 2000000
	148  -  MemoryUsage of job (MB)
	150744  -  ResidentSetSize of job (KB)
...
006 (017.1444.000) 05/10 03:49:41 Image size of job updated: 2000000
	211  -  MemoryUsage of job (MB)
	215556  -  ResidentSetSize of job (KB)
...
006 (017.1444.000) 05/10 03:49:51 Image size of job updated: 2000000
	213  -  MemoryUsage of job (MB)
	217404  -  ResidentSetSize of job (KB)
...
006 (017.1444.000) 05/10 03:49:56 Image size of job updated: 2000000
	220  -  MemoryUsage of job (MB)
	224400  -  ResidentSetSize of job (KB)
...
006 (017.1444.000) 05/10 03:50:01 Image size of job updated: 2000000
	224  -  MemoryUsage of job (MB)
	228492  -  ResidentSetSize of job (KB)
...
006 (017.1444.000) 05/10 03:50:06 Image size of job updated: 2000000
	229  -  MemoryUsage of job (MB)
	233772  -  ResidentSetSize of job (KB)
...
006 (017.1444.000) 05/10 03:50:11 Image size of job updated: 2000000
	246  -  MemoryUsage of job (MB)
	251064  -  ResidentSetSize of job (KB)
...
006 (017.1444.000) 05/10 03:50:16 Image size of job updated: 2000000
	254  -  MemoryUsage of job (MB)
	259644  -  ResidentSetSize of job (KB)
...
006 (017.1444.000) 05/10 03:50:21 Image size of job updated: 2000000
	262  -  MemoryUsage of job (MB)
	267696  -  ResidentSetSize of job (KB)
...
006 (017.1444.000) 05/10 03:50:26 Image size of job updated: 2000000
	271  -  MemoryUsage of job (MB)
	276936  -  ResidentSetSize of job (KB)
...
006 (017.1444.000) 05/10 03:50:31 Image size of job updated: 2000000
	302  -  MemoryUsage of job (MB)
	309012  -  ResidentSetSize of job (KB)
...
006 (017.1444.000) 05/10 03:50:36 Image size of job updated: 2000000
	345  -  MemoryUsage of job (MB)
	352836  -  ResidentSetSize of job (KB)
...
006 (017.1444.000) 05/10 03:50:41 Image size of job updated: 2000000
	371  -  MemoryUsage of job (MB)
	379764  -  ResidentSetSize of job (KB)
...
006 (017.1444.000) 05/10 03:50:51 Image size of job updated: 2000000
	455  -  MemoryUsage of job (MB)
	465564  -  ResidentSetSize of job (KB)
...
006 (017.1444.000) 05/10 03:50:56 Image size of job updated: 2000000
	515  -  MemoryUsage of job (MB)
	526548  -  ResidentSetSize of job (KB)
...
006 (017.1444.000) 05/10 03:51:01 Image size of job updated: 2000000
	1237  -  MemoryUsage of job (MB)
	1265880  -  ResidentSetSize of job (KB)
...
006 (017.1444.000) 05/10 04:09:12 Image size of job updated: 2000000
	1637  -  MemoryUsage of job (MB)
	1675608  -  ResidentSetSize of job (KB)
...
006 (017.1444.000) 05/10 04:09:18 Image size of job updated: 2454224
	1773  -  MemoryUsage of job (MB)
	1815396  -  ResidentSetSize of job (KB)
...
006 (017.1444.000) 05/10 04:09:24 Image size of job updated: 2454224
	1962  -  MemoryUsage of job (MB)
	2008380  -  ResidentSetSize of job (KB)
...
006 (017.1444.000) 05/10 04:09:30 Image size of job updated: 2675952
	1985  -  MemoryUsage of job (MB)
	2032536  -  ResidentSetSize of job (KB)
...
006 (017.1444.000) 05/10 04:09:36 Image size of job updated: 2675952
	2077  -  MemoryUsage of job (MB)
	2126784  -  ResidentSetSize of job (KB)
...
006 (017.1444.000) 05/10 04:09:42 Image size of job updated: 2675952
	2172  -  MemoryUsage of job (MB)
	2223540  -  ResidentSetSize of job (KB)
...
006 (017.1444.000) 05/10 04:09:48 Image size of job updated: 2905328
	2229  -  MemoryUsage of job (MB)
	2282280  -  ResidentSetSize of job (KB)
...
006 (017.1444.000) 05/10 04:09:54 Image size of job updated: 2905328
	2271  -  MemoryUsage of job (MB)
	2325444  -  ResidentSetSize of job (KB)
...
006 (017.1444.000) 05/10 04:10:00 Image size of job updated: 3006704
	2310  -  MemoryUsage of job (MB)
	2365440  -  ResidentSetSize of job (KB)
...
006 (017.1444.000) 05/10 04:10:06 Image size of job updated: 3006704
	2348  -  MemoryUsage of job (MB)
	2403456  -  ResidentSetSize of job (KB)
...
006 (017.1444.000) 05/10 04:10:12 Image size of job updated: 3006704
	2385  -  MemoryUsage of job (MB)
	2441604  -  ResidentSetSize of job (KB)
...
006 (017.1444.000) 05/10 04:10:18 Image size of job updated: 3098864
	2421  -  MemoryUsage of job (MB)
	2478168  -  ResidentSetSize of job (KB)
...
006 (017.1444.000) 05/10 04:10:24 Image size of job updated: 3098864
	2456  -  MemoryUsage of job (MB)
	2514204  -  ResidentSetSize of job (KB)
...
006 (017.1444.000) 05/10 04:10:30 Image size of job updated: 3191024
	2491  -  MemoryUsage of job (MB)
	2550768  -  ResidentSetSize of job (KB)
...
006 (017.1444.000) 05/10 04:10:36 Image size of job updated: 3191024
	2527  -  MemoryUsage of job (MB)
	2586804  -  ResidentSetSize of job (KB)
...
006 (017.1444.000) 05/10 04:10:42 Image size of job updated: 3231984
	2561  -  MemoryUsage of job (MB)
	2622444  -  ResidentSetSize of job (KB)
...
006 (017.1444.000) 05/10 04:10:48 Image size of job updated: 3285232
	2597  -  MemoryUsage of job (MB)
	2659272  -  ResidentSetSize of job (KB)
...
006 (017.1444.000) 05/10 04:10:54 Image size of job updated: 3285232
	2633  -  MemoryUsage of job (MB)
	2695968  -  ResidentSetSize of job (KB)
...
006 (017.1444.000) 05/10 04:11:00 Image size of job updated: 3285232
	2670  -  MemoryUsage of job (MB)
	2733192  -  ResidentSetSize of job (KB)
...
006 (017.1444.000) 05/10 04:11:06 Image size of job updated: 3377392
	2705  -  MemoryUsage of job (MB)
	2769360  -  ResidentSetSize of job (KB)
...
006 (017.1444.000) 05/10 04:11:12 Image size of job updated: 3377392
	2720  -  MemoryUsage of job (MB)
	2784408  -  ResidentSetSize of job (KB)
...
006 (017.1444.000) 05/10 04:11:18 Image size of job updated: 3468528
	2720  -  MemoryUsage of job (MB)
	2784672  -  ResidentSetSize of job (KB)
...
006 (017.1444.000) 05/10 04:11:48 Image size of job updated: 3601648
	2805  -  MemoryUsage of job (MB)
	2871396  -  ResidentSetSize of job (KB)
...
006 (017.1444.000) 05/10 04:12:02 Image size of job updated: 3601648
	2886  -  MemoryUsage of job (MB)
	2955084  -  ResidentSetSize of job (KB)
...
006 (017.1444.000) 05/10 04:12:17 Image size of job updated: 3690736
	2931  -  MemoryUsage of job (MB)
	3000360  -  ResidentSetSize of job (KB)
...
006 (017.1444.000) 05/10 04:12:40 Image size of job updated: 3841264
	3063  -  MemoryUsage of job (MB)
	3135792  -  ResidentSetSize of job (KB)
...
006 (017.1444.000) 05/10 04:13:07 Image size of job updated: 3940592
	3168  -  MemoryUsage of job (MB)
	3243768  -  ResidentSetSize of job (KB)
...
006 (017.1444.000) 05/10 04:13:46 Image size of job updated: 4218096
	3409  -  MemoryUsage of job (MB)
	3490344  -  ResidentSetSize of job (KB)
...
006 (017.1444.000) 05/10 04:14:16 Image size of job updated: 4407536
	3597  -  MemoryUsage of job (MB)
	3682668  -  ResidentSetSize of job (KB)
...
006 (017.1444.000) 05/10 04:14:34 Image size of job updated: 4508912
	3712  -  MemoryUsage of job (MB)
	3800676  -  ResidentSetSize of job (KB)
...
006 (017.1444.000) 05/10 04:14:45 Image size of job updated: 4606192
	3782  -  MemoryUsage of job (MB)
	3872220  -  ResidentSetSize of job (KB)
...
006 (017.1444.000) 05/10 04:14:52 Image size of job updated: 4639984
	3826  -  MemoryUsage of job (MB)
	3917760  -  ResidentSetSize of job (KB)
...
006 (017.1444.000) 05/10 04:14:58 Image size of job updated: 4679920
	3858  -  MemoryUsage of job (MB)
	3950496  -  ResidentSetSize of job (KB)
...
006 (017.1444.000) 05/10 04:15:03 Image size of job updated: 4701424
	3891  -  MemoryUsage of job (MB)
	3983628  -  ResidentSetSize of job (KB)
...
006 (017.1444.000) 05/10 04:15:08 Image size of job updated: 4701424
	3923  -  MemoryUsage of job (MB)
	4017024  -  ResidentSetSize of job (KB)
...
006 (017.1444.000) 05/10 04:15:13 Image size of job updated: 4701424
	3956  -  MemoryUsage of job (MB)
	4050420  -  ResidentSetSize of job (KB)
...
006 (017.1444.000) 05/10 04:15:18 Image size of job updated: 4823280
	3989  -  MemoryUsage of job (MB)
	4084344  -  ResidentSetSize of job (KB)
...
006 (017.1444.000) 05/10 04:15:23 Image size of job updated: 4848880
	4020  -  MemoryUsage of job (MB)
	4116420  -  ResidentSetSize of job (KB)
...
006 (017.1444.000) 05/10 04:15:28 Image size of job updated: 4899056
	4052  -  MemoryUsage of job (MB)
	4148760  -  ResidentSetSize of job (KB)
...
006 (017.1444.000) 05/10 04:15:33 Image size of job updated: 4899056
	4061  -  MemoryUsage of job (MB)
	4157736  -  ResidentSetSize of job (KB)
...
006 (017.1444.000) 05/10 04:15:38 Image size of job updated: 4899056
	4073  -  MemoryUsage of job (MB)
	4170540  -  ResidentSetSize of job (KB)
...
006 (017.1444.000) 05/10 04:15:43 Image size of job updated: 4899056
	4083  -  MemoryUsage of job (MB)
	4180572  -  ResidentSetSize of job (KB)
...
006 (017.1444.000) 05/10 04:15:48 Image size of job updated: 5003504
	4083  -  MemoryUsage of job (MB)
	4180572  -  ResidentSetSize of job (KB)
...
006 (017.1444.000) 05/10 04:15:53 Image size of job updated: 5018864
	4091  -  MemoryUsage of job (MB)
	4188624  -  ResidentSetSize of job (KB)
...
006 (017.1444.000) 05/10 04:15:58 Image size of job updated: 5018864
	4131  -  MemoryUsage of job (MB)
	4229148  -  ResidentSetSize of job (KB)
...
006 (017.1444.000) 05/10 04:16:03 Image size of job updated: 5082352
	4166  -  MemoryUsage of job (MB)
	4265844  -  ResidentSetSize of job (KB)
...
006 (017.1444.000) 05/10 04:16:08 Image size of job updated: 5132528
	4197  -  MemoryUsage of job (MB)
	4297524  -  ResidentSetSize of job (KB)
...
006 (017.1444.000) 05/10 04:16:13 Image size of job updated: 5132528
	4229  -  MemoryUsage of job (MB)
	4330392  -  ResidentSetSize of job (KB)
...
006 (017.1444.000) 05/10 04:16:18 Image size of job updated: 5132528
	4260  -  MemoryUsage of job (MB)
	4361544  -  ResidentSetSize of job (KB)
...
006 (017.1444.000) 05/10 04:16:23 Image size of job updated: 5225712
	4290  -  MemoryUsage of job (MB)
	4392168  -  ResidentSetSize of job (KB)
...
006 (017.1444.000) 05/10 04:16:28 Image size of job updated: 5225712
	4321  -  MemoryUsage of job (MB)
	4424244  -  ResidentSetSize of job (KB)
...
006 (017.1444.000) 05/10 04:16:33 Image size of job updated: 5413104
	4605  -  MemoryUsage of job (MB)
	4715304  -  ResidentSetSize of job (KB)
...
006 (017.1444.000) 05/10 04:16:38 Image size of job updated: 5490928
	4625  -  MemoryUsage of job (MB)
	4735104  -  ResidentSetSize of job (KB)
...
005 (017.1444.000) 05/10 04:16:39 Job terminated.
	(1) Normal termination (return value 0)
		Usr 0 00:26:27, Sys 0 00:00:14  -  Run Remote Usage
		Usr 0 00:00:00, Sys 0 00:00:00  -  Run Local Usage
		Usr 0 00:26:27, Sys 0 00:00:14  -  Total Remote Usage
		Usr 0 00:00:00, Sys 0 00:00:00  -  Total Local Usage
	0  -  Run Bytes Sent By Job
	0  -  Run Bytes Received By Job
	0  -  Total Bytes Sent By Job
	0  -  Total Bytes Received By Job
	Partitionable Resources :      Usage  Request Allocated 
	   Cpus                 :       0.99        1         1 
	   Disk (KB)            : 2000000     2000000   6275465 
	   Memory (MB)          :    4625        1954      2007 
...
