000 (205.6255.000) 05/06 03:20:43 Job submitted from host: <127.0.0.1:9618?addrs=127.0.0.1-9618&noUDP&sock=222_da1d_4>
...
033 (205.6255.000) 05/06 14:23:31 Changing job attribute JobPrio from 0 to -5
...
000 (007.6255.000) 05/07 19:00:33 Job submitted from host: <127.0.0.1:9618?addrs=127.0.0.1-9618&noUDP&sock=215_0cf3_4>
...
000 (016.6255.000) 05/08 15:57:38 Job submitted from host: <127.0.0.1:9618?addrs=127.0.0.1-9618&noUDP&sock=227_4816_4>
...
009 (016.6255.000) 05/09 16:55:24 Job was aborted by the user.
	via condor_rm (by user aw868)
...
000 (017.2922.000) 05/09 17:26:16 Job submitted from host: <127.0.0.1:9618?addrs=127.0.0.1-9618&noUDP&sock=227_4816_4>
...
001 (017.2922.000) 05/10 14:30:12 Job executing on host: <127.0.0.1:9618?addrs=127.0.0.1-9618&noUDP&sock=227_4816_5>
...
006 (017.2922.000) 05/10 14:30:18 Image size of job updated: 2000000
	115  -  MemoryUsage of job (MB)
	117084  -  ResidentSetSize of job (KB)
...
006 (017.2922.000) 05/10 14:30:48 Image size of job updated: 2000000
	199  -  MemoryUsage of job (MB)
	203412  -  ResidentSetSize of job (KB)
...
006 (017.2922.000) 05/10 14:30:54 Image size of job updated: 2000000
	211  -  MemoryUsage of job (MB)
	215556  -  ResidentSetSize of job (KB)
...
006 (017.2922.000) 05/10 14:31:00 Image size of job updated: 2000000
	216  -  MemoryUsage of job (MB)
	220572  -  ResidentSetSize of job (KB)
...
006 (017.2922.000) 05/10 14:31:06 Image size of job updated: 2000000
	230  -  MemoryUsage of job (MB)
	234960  -  ResidentSetSize of job (KB)
...
006 (017.2922.000) 05/10 14:31:12 Image size of job updated: 2000000
	244  -  MemoryUsage of job (MB)
	248952  -  ResidentSetSize of job (KB)
...
006 (017.2922.000) 05/10 14:31:18 Image size of job updated: 2000000
	261  -  MemoryUsage of job (MB)
	266376  -  ResidentSetSize of job (KB)
...
006 (017.2922.000) 05/10 14:31:24 Image size of job updated: 2000000
	271  -  MemoryUsage of job (MB)
	276936  -  ResidentSetSize of job (KB)
...
006 (017.2922.000) 05/10 14:31:30 Image size of job updated: 2000000
	284  -  MemoryUsage of job (MB)
	290400  -  ResidentSetSize of job (KB)
...
006 (017.2922.000) 05/10 14:31:36 Image size of job updated: 2000000
	329  -  MemoryUsage of job (MB)
	336468  -  ResidentSetSize of job (KB)
...
006 (017.2922.000) 05/10 14:31:42 Image size of job updated: 2000000
	377  -  MemoryUsage of job (MB)
	385440  -  ResidentSetSize of job (KB)
...
006 (017.2922.000) 05/10 14:31:48 Image size of job updated: 2000000
	380  -  MemoryUsage of job (MB)
	388608  -  ResidentSetSize of job (KB)
...
006 (017.2922.000) 05/10 14:31:54 Image size of job updated: 2000000
	445  -  MemoryUsage of job (MB)
	455004  -  ResidentSetSize of job (KB)
...
006 (017.2922.000) 05/10 14:32:00 Image size of job updated: 2000000
	505  -  MemoryUsage of job (MB)
	517044  -  ResidentSetSize of job (KB)
...
006 (017.2922.000) 05/10 14:32:06 Image size of job updated: 2000000
	667  -  MemoryUsage of job (MB)
	682176  -  ResidentSetSize of job (KB)
...
006 (017.2922.000) 05/10 14:32:12 Image size of job updated: 2000000
	1243  -  MemoryUsage of job (MB)
	1272348  -  ResidentSetSize of job (KB)
...
006 (017.2922.000) 05/10 14:49:28 Image size of job updated: 2000000
	1606  -  MemoryUsage of job (MB)
	1644456  -  ResidentSetSize of job (KB)
...
006 (017.2922.000) 05/10 14:49:34 Image size of job updated: 2000000
	1785  -  MemoryUsage of job (MB)
	1827144  -  ResidentSetSize of job (KB)
...
006 (017.2922.000) 05/10 14:49:40 Image size of job updated: 2654956
	1992  -  MemoryUsage of job (MB)
	2039136  -  ResidentSetSize of job (KB)
...
006 (017.2922.000) 05/10 14:49:46 Image size of job updated: 2654956
	2083  -  MemoryUsage of job (MB)
	2132724  -  ResidentSetSize of job (KB)
...
006 (017.2922.000) 05/10 14:49:52 Image size of job updated: 2654956
	2230  -  MemoryUsage of job (MB)
	2283468  -  ResidentSetSize of job (KB)
...
006 (017.2922.000) 05/10 14:49:58 Image size of job updated: 2958060
	2331  -  MemoryUsage of job (MB)
	2386560  -  ResidentSetSize of job (KB)
...
006 (017.2922.000) 05/10 14:50:04 Image size of job updated: 2958060
	2404  -  MemoryUsage of job (MB)
	2460876  -  ResidentSetSize of job (KB)
...
006 (017.2922.000) 05/10 14:50:10 Image size of job updated: 2958060
	2463  -  MemoryUsage of job (MB)
	2521464  -  ResidentSetSize of job (KB)
...
006 (017.2922.000) 05/10 14:50:15 Image size of job updated: 3181292
	2522  -  MemoryUsage of job (MB)
	2582052  -  ResidentSetSize of job (KB)
...
006 (017.2922.000) 05/10 14:50:20 Image size of job updated: 3181292
	2581  -  MemoryUsage of job (MB)
	2642376  -  ResidentSetSize of job (KB)
...
006 (017.2922.000) 05/10 14:50:25 Image size of job updated: 3181292
	2640  -  MemoryUsage of job (MB)
	2703360  -  ResidentSetSize of job (KB)
...
006 (017.2922.000) 05/10 14:50:30 Image size of job updated: 3362540
	2709  -  MemoryUsage of job (MB)
	2773452  -  ResidentSetSize of job (KB)
...
006 (017.2922.000) 05/10 14:50:35 Image size of job updated: 3362540
	2786  -  MemoryUsage of job (MB)
	2852256  -  ResidentSetSize of job (KB)
...
006 (017.2922.000) 05/10 14:50:40 Image size of job updated: 3362540
	2854  -  MemoryUsage of job (MB)
	2921556  -  ResidentSetSize of job (KB)
...
006 (017.2922.000) 05/10 14:50:45 Image size of job updated: 3585772
	2927  -  MemoryUsage of job (MB)
	2996400  -  ResidentSetSize of job (KB)
...
006 (017.2922.000) 05/10 14:50:50 Image size of job updated: 3670764
	2996  -  MemoryUsage of job (MB)
	3067020  -  ResidentSetSize of job (KB)
...
006 (017.2922.000) 05/10 14:50:55 Image size of job updated: 3670764
	3056  -  MemoryUsage of job (MB)
	3128664  -  ResidentSetSize of job (KB)
...
006 (017.2922.000) 05/10 14:51:00 Image size of job updated: 3790572
	3114  -  MemoryUsage of job (MB)
	3188592  -  ResidentSetSize of job (KB)
...
006 (017.2922.000) 05/10 14:51:05 Image size of job updated: 3861228
	3169  -  MemoryUsage of job (MB)
	3244296  -  ResidentSetSize of job (KB)
...
006 (017.2922.000) 05/10 14:51:10 Image size of job updated: 3861228
	3225  -  MemoryUsage of job (MB)
	3301452  -  ResidentSetSize of job (KB)
...
006 (017.2922.000) 05/10 14:51:15 Image size of job updated: 3966700
	3280  -  MemoryUsage of job (MB)
	3358344  -  ResidentSetSize of job (KB)
...
006 (017.2922.000) 05/10 14:51:20 Image size of job updated: 3966700
	3336  -  MemoryUsage of job (MB)
	3415236  -  ResidentSetSize of job (KB)
...
006 (017.2922.000) 05/10 14:51:25 Image size of job updated: 3966700
	3390  -  MemoryUsage of job (MB)
	3470808  -  ResidentSetSize of job (KB)
...
006 (017.2922.000) 05/10 14:51:30 Image size of job updated: 4135660
	3445  -  MemoryUsage of job (MB)
	3527040  -  ResidentSetSize of job (KB)
...
006 (017.2922.000) 05/10 14:51:35 Image size of job updated: 4135660
	3498  -  MemoryUsage of job (MB)
	3581952  -  ResidentSetSize of job (KB)
...
006 (017.2922.000) 05/10 14:51:40 Image size of job updated: 4135660
	3553  -  MemoryUsage of job (MB)
	3637788  -  ResidentSetSize of job (KB)
...
006 (017.2922.000) 05/10 14:51:45 Image size of job updated: 4310764
	3607  -  MemoryUsage of job (MB)
	3692700  -  ResidentSetSize of job (KB)
...
006 (017.2922.000) 05/10 14:51:50 Image size of job updated: 4349676
	3661  -  MemoryUsage of job (MB)
	3748800  -  ResidentSetSize of job (KB)
...
006 (017.2922.000) 05/10 14:51:55 Image size of job updated: 4436716
	3718  -  MemoryUsage of job (MB)
	3806880  -  ResidentSetSize of job (KB)
...
006 (017.2922.000) 05/10 14:52:00 Image size of job updated: 4481772
	3775  -  MemoryUsage of job (MB)
	3865092  -  ResidentSetSize of job (KB)
...
006 (017.2922.000) 05/10 14:52:05 Image size of job updated: 4481772
	3832  -  MemoryUsage of job (MB)
	3923568  -  ResidentSetSize of job (KB)
...
006 (017.2922.000) 05/10 14:52:10 Image size of job updated: 4481772
	3887  -  MemoryUsage of job (MB)
	3979668  -  ResidentSetSize of job (KB)
...
006 (017.2922.000) 05/10 14:52:15 Image size of job updated: 4656876
	3935  -  MemoryUsage of job (MB)
	4029300  -  ResidentSetSize of job (KB)
...
006 (017.2922.000) 05/10 14:52:20 Image size of job updated: 4656876
	3982  -  MemoryUsage of job (MB)
	4077480  -  ResidentSetSize of job (KB)
...
006 (017.2922.000) 05/10 14:52:25 Image size of job updated: 4656876
	4031  -  MemoryUsage of job (MB)
	4126848  -  ResidentSetSize of job (KB)
...
006 (017.2922.000) 05/10 14:52:30 Image size of job updated: 4828908
	4061  -  MemoryUsage of job (MB)
	4158264  -  ResidentSetSize of job (KB)
...
006 (017.2922.000) 05/10 14:52:38 Image size of job updated: 4828908
	4098  -  MemoryUsage of job (MB)
	4195488  -  ResidentSetSize of job (KB)
...
006 (017.2922.000) 05/10 14:52:43 Image size of job updated: 4897516
	4156  -  MemoryUsage of job (MB)
	4255548  -  ResidentSetSize of job (KB)
...
006 (017.2922.000) 05/10 14:52:49 Image size of job updated: 5005036
	4229  -  MemoryUsage of job (MB)
	4330128  -  ResidentSetSize of job (KB)
...
006 (017.2922.000) 05/10 14:52:55 Image size of job updated: 5005036
	4302  -  MemoryUsage of job (MB)
	4404576  -  ResidentSetSize of job (KB)
...
006 (017.2922.000) 05/10 14:53:01 Image size of job updated: 5153516
	4373  -  MemoryUsage of job (MB)
	4477176  -  ResidentSetSize of job (KB)
...
006 (017.2922.000) 05/10 14:53:07 Image size of job updated: 5212908
	4448  -  MemoryUsage of job (MB)
	4553868  -  ResidentSetSize of job (KB)
...
006 (017.2922.000) 05/10 14:53:13 Image size of job updated: 5212908
	4525  -  MemoryUsage of job (MB)
	4633068  -  ResidentSetSize of job (KB)
...
006 (017.2922.000) 05/10 14:53:19 Image size of job updated: 5381868
	4596  -  MemoryUsage of job (MB)
	4705668  -  ResidentSetSize of job (KB)
...
006 (017.2922.000) 05/10 14:53:25 Image size of job updated: 5468908
	4668  -  MemoryUsage of job (MB)
	4779984  -  ResidentSetSize of job (KB)
...
006 (017.2922.000) 05/10 14:53:31 Image size of job updated: 5468908
	4740  -  MemoryUsage of job (MB)
	4853244  -  ResidentSetSize of job (KB)
...
006 (017.2922.000) 05/10 14:53:37 Image size of job updated: 5564140
	4811  -  MemoryUsage of job (MB)
	4926108  -  ResidentSetSize of job (KB)
...
006 (017.2922.000) 05/10 14:53:43 Image size of job updated: 5564140
	4880  -  MemoryUsage of job (MB)
	4996464  -  ResidentSetSize of job (KB)
...
006 (017.2922.000) 05/10 14:53:49 Image size of job updated: 5738220
	4946  -  MemoryUsage of job (MB)
	5064180  -  ResidentSetSize of job (KB)
...
006 (017.2922.000) 05/10 14:53:55 Image size of job updated: 5804780
	5014  -  MemoryUsage of job (MB)
	5134140  -  ResidentSetSize of job (KB)
...
006 (017.2922.000) 05/10 14:54:01 Image size of job updated: 5889772
	5085  -  MemoryUsage of job (MB)
	5206608  -  ResidentSetSize of job (KB)
...
006 (017.2922.000) 05/10 14:54:07 Image size of job updated: 5928684
	5155  -  MemoryUsage of job (MB)
	5278020  -  ResidentSetSize of job (KB)
...
006 (017.2922.000) 05/10 14:54:13 Image size of job updated: 6011628
	5222  -  MemoryUsage of job (MB)
	5346528  -  ResidentSetSize of job (KB)
...
006 (017.2922.000) 05/10 14:54:19 Image size of job updated: 6100716
	5289  -  MemoryUsage of job (MB)
	5415168  -  ResidentSetSize of job (KB)
...
006 (017.2922.000) 05/10 14:54:25 Image size of job updated: 6100716
	5355  -  MemoryUsage of job (MB)
	5483016  -  ResidentSetSize of job (KB)
...
006 (017.2922.000) 05/10 14:54:31 Image size of job updated: 6100716
	5421  -  MemoryUsage of job (MB)
	5550732  -  ResidentSetSize of job (KB)
...
006 (017.2922.000) 05/10 14:54:37 Image size of job updated: 6270700
	5488  -  MemoryUsage of job (MB)
	5618976  -  ResidentSetSize of job (KB)
...
006 (017.2922.000) 05/10 14:54:43 Image size of job updated: 6362860
	5556  -  MemoryUsage of job (MB)
	5689200  -  ResidentSetSize of job (KB)
...
006 (017.2922.000) 05/10 14:54:49 Image size of job updated: 6458092
	5623  -  MemoryUsage of job (MB)
	5757180  -  ResidentSetSize of job (KB)
...
006 (017.2922.000) 05/10 14:54:55 Image size of job updated: 6458092
	5689  -  MemoryUsage of job (MB)
	5824764  -  ResidentSetSize of job (KB)
...
006 (017.2922.000) 05/10 14:55:01 Image size of job updated: 6592236
	5755  -  MemoryUsage of job (MB)
	5893008  -  ResidentSetSize of job (KB)
...
006 (017.2922.000) 05/10 14:55:07 Image size of job updated: 6651628
	5823  -  MemoryUsage of job (MB)
	5962572  -  ResidentSetSize of job (KB)
...
006 (017.2922.000) 05/10 14:55:13 Image size of job updated: 6651628
	5893  -  MemoryUsage of job (MB)
	6033588  -  ResidentSetSize of job (KB)
...
006 (017.2922.000) 05/10 14:55:19 Image size of job updated: 6806252
	5961  -  MemoryUsage of job (MB)
	6103680  -  ResidentSetSize of job (KB)
...
006 (017.2922.000) 05/10 14:55:25 Image size of job updated: 6806252
	6030  -  MemoryUsage of job (MB)
	6174564  -  ResidentSetSize of job (KB)
...
006 (017.2922.000) 05/10 14:55:31 Image size of job updated: 6806252
	6098  -  MemoryUsage of job (MB)
	6244260  -  ResidentSetSize of job (KB)
...
006 (017.2922.000) 05/10 14:55:37 Image size of job updated: 6987500
	6165  -  MemoryUsage of job (MB)
	6312372  -  ResidentSetSize of job (KB)
...
006 (017.2922.000) 05/10 14:55:43 Image size of job updated: 6987500
	6233  -  MemoryUsage of job (MB)
	6381936  -  ResidentSetSize of job (KB)
...
006 (017.2922.000) 05/10 14:55:49 Image size of job updated: 6987500
	6301  -  MemoryUsage of job (MB)
	6451368  -  ResidentSetSize of job (KB)
...
006 (017.2922.000) 05/10 14:55:55 Image size of job updated: 7160556
	6373  -  MemoryUsage of job (MB)
	6525948  -  ResidentSetSize of job (KB)
...
006 (017.2922.000) 05/10 14:56:01 Image size of job updated: 7160556
	6462  -  MemoryUsage of job (MB)
	6617028  -  ResidentSetSize of job (KB)
...
006 (017.2922.000) 05/10 14:56:07 Image size of job updated: 7363308
	6537  -  MemoryUsage of job (MB)
	6693060  -  ResidentSetSize of job (KB)
...
006 (017.2922.000) 05/10 14:56:13 Image size of job updated: 7363308
	6601  -  MemoryUsage of job (MB)
	6758928  -  ResidentSetSize of job (KB)
...
006 (017.2922.000) 05/10 14:56:19 Image size of job updated: 7363308
	6658  -  MemoryUsage of job (MB)
	6817140  -  ResidentSetSize of job (KB)
...
006 (017.2922.000) 05/10 14:56:25 Image size of job updated: 7534316
	6716  -  MemoryUsage of job (MB)
	6876540  -  ResidentSetSize of job (KB)
...
006 (017.2922.000) 05/10 14:56:31 Image size of job updated: 7615212
	6752  -  MemoryUsage of job (MB)
	6913500  -  ResidentSetSize of job (KB)
...
006 (017.2922.000) 05/10 14:56:36 Image size of job updated: 7682796
	6806  -  MemoryUsage of job (MB)
	6969072  -  ResidentSetSize of job (KB)
...
006 (017.2922.000) 05/10 14:56:41 Image size of job updated: 7732972
	6861  -  MemoryUsage of job (MB)
	7024776  -  ResidentSetSize of job (KB)
...
006 (017.2922.000) 05/10 14:56:46 Image size of job updated: 7786220
	6924  -  MemoryUsage of job (MB)
	7089720  -  ResidentSetSize of job (KB)
...
006 (017.2922.000) 05/10 14:56:51 Image size of job updated: 7871212
	7106  -  MemoryUsage of job (MB)
	7276236  -  ResidentSetSize of job (KB)
...
006 (017.2922.000) 05/10 14:56:56 Image size of job updated: 8083180
	7216  -  MemoryUsage of job (MB)
	7388304  -  ResidentSetSize of job (KB)
...
005 (017.2922.000) 05/10 14:56:59 Job terminated.
	(1) Normal termination (return value 0)
		Usr 0 00:25:54, Sys 0 00:00:10  -  Run Remote Usage
		Usr 0 00:00:00, Sys 0 00:00:00  -  Run Local Usage
		Usr 0 00:25:54, Sys 0 00:00:10  -  Total Remote Usage
		Usr 0 00:00:00, Sys 0 00:00:00  -  Total Local Usage
	0  -  Run Bytes Sent By Job
	0  -  Run Bytes Received By Job
	0  -  Total Bytes Sent By Job
	0  -  Total Bytes Received By Job
	Partitionable Resources :      Usage  Request Allocated 
	   Cpus                 :       0.87        1         1 
	   Disk (KB)            : 2000000     2000000   6275465 
	   Memory (MB)          :    7216        1954      2007 
...
