000 (005.8932.000) 05/05 20:25:38 Job submitted from host: <127.0.0.1:9618?addrs=127.0.0.1-9618&noUDP&sock=227_4816_4>
...
033 (005.8932.000) 05/06 14:17:57 Changing job attribute JobPrio from 0 to -10
...
009 (005.8932.000) 05/07 21:45:19 Job was aborted by the user.
	via condor_rm (by user aw868)
...
000 (011.1881.000) 05/08 17:21:30 Job submitted from host: <127.0.0.1:9618?addrs=127.0.0.1-9618&noUDP&sock=212_fe2a_4>
...
033 (011.1881.000) 05/08 20:41:47 Changing job attribute JobPrio from 0 to -5
...
001 (011.1881.000) 05/09 06:51:59 Job executing on host: <127.0.0.1:9618?addrs=127.0.0.1-9618&noUDP&sock=212_fe2a_5>
...
006 (011.1881.000) 05/09 06:52:05 Image size of job updated: 2000000
	101  -  MemoryUsage of job (MB)
	102960  -  ResidentSetSize of job (KB)
...
006 (011.1881.000) 05/09 06:52:59 Image size of job updated: 2000000
	165  -  MemoryUsage of job (MB)
	168564  -  ResidentSetSize of job (KB)
...
006 (011.1881.000) 05/09 06:53:05 Image size of job updated: 2000000
	184  -  MemoryUsage of job (MB)
	187968  -  ResidentSetSize of job (KB)
...
006 (011.1881.000) 05/09 06:53:11 Image size of job updated: 2000000
	186  -  MemoryUsage of job (MB)
	190344  -  ResidentSetSize of job (KB)
...
006 (011.1881.000) 05/09 06:53:17 Image size of job updated: 2000000
	198  -  MemoryUsage of job (MB)
	202620  -  ResidentSetSize of job (KB)
...
006 (011.1881.000) 05/09 06:53:23 Image size of job updated: 2000000
	210  -  MemoryUsage of job (MB)
	214632  -  ResidentSetSize of job (KB)
...
006 (011.1881.000) 05/09 06:53:29 Image size of job updated: 2000000
	220  -  MemoryUsage of job (MB)
	224796  -  ResidentSetSize of job (KB)
...
006 (011.1881.000) 05/09 06:53:35 Image size of job updated: 2000000
	231  -  MemoryUsage of job (MB)
	235884  -  ResidentSetSize of job (KB)
...
006 (011.1881.000) 05/09 06:53:41 Image size of job updated: 2000000
	240  -  MemoryUsage of job (MB)
	244992  -  ResidentSetSize of job (KB)
...
006 (011.1881.000) 05/09 06:53:47 Image size of job updated: 2000000
	272  -  MemoryUsage of job (MB)
	278520  -  ResidentSetSize of job (KB)
...
006 (011.1881.000) 05/09 06:53:53 Image size of job updated: 2000000
	318  -  MemoryUsage of job (MB)
	324984  -  ResidentSetSize of job (KB)
...
006 (011.1881.000) 05/09 06:53:59 Image size of job updated: 2000000
	329  -  MemoryUsage of job (MB)
	336072  -  ResidentSetSize of job (KB)
...
006 (011.1881.000) 05/09 06:54:05 Image size of job updated: 2000000
	410  -  MemoryUsage of job (MB)
	418968  -  ResidentSetSize of job (KB)
...
006 (011.1881.000) 05/09 06:54:11 Image size of job updated: 2000000
	480  -  MemoryUsage of job (MB)
	491040  -  ResidentSetSize of job (KB)
...
006 (011.1881.000) 05/09 06:54:17 Image size of job updated: 2000000
	1169  -  MemoryUsage of job (MB)
	1196184  -  ResidentSetSize of job (KB)
...
006 (011.1881.000) 05/09 07:07:51 Image size of job updated: 2000000
	1170  -  MemoryUsage of job (MB)
	1197372  -  ResidentSetSize of job (KB)
...
006 (011.1881.000) 05/09 07:07:57 Image size of job updated: 2000000
	1203  -  MemoryUsage of job (MB)
	1231032  -  ResidentSetSize of job (KB)
...
006 (011.1881.000) 05/09 07:08:03 Image size of job updated: 2000000
	1553  -  MemoryUsage of job (MB)
	1590204  -  ResidentSetSize of job (KB)
...
006 (011.1881.000) 05/09 07:08:09 Image size of job updated: 2000000
	1654  -  MemoryUsage of job (MB)
	1693428  -  ResidentSetSize of job (KB)
...
006 (011.1881.000) 05/09 07:08:15 Image size of job updated: 2561508
	1885  -  MemoryUsage of job (MB)
	1929708  -  ResidentSetSize of job (KB)
...
006 (011.1881.000) 05/09 07:08:33 Image size of job updated: 2561508
	1886  -  MemoryUsage of job (MB)
	1930500  -  ResidentSetSize of job (KB)
...
006 (011.1881.000) 05/09 07:08:39 Image size of job updated: 2561508
	1886  -  MemoryUsage of job (MB)
	1930632  -  ResidentSetSize of job (KB)
...
006 (011.1881.000) 05/09 07:08:45 Image size of job updated: 2561508
	1886  -  MemoryUsage of job (MB)
	1931160  -  ResidentSetSize of job (KB)
...
006 (011.1881.000) 05/09 07:08:51 Image size of job updated: 2561508
	1889  -  MemoryUsage of job (MB)
	1934064  -  ResidentSetSize of job (KB)
...
006 (011.1881.000) 05/09 07:08:57 Image size of job updated: 2561508
	1895  -  MemoryUsage of job (MB)
	1940268  -  ResidentSetSize of job (KB)
...
006 (011.1881.000) 05/09 07:09:03 Image size of job updated: 2570724
	1897  -  MemoryUsage of job (MB)
	1941720  -  ResidentSetSize of job (KB)
...
006 (011.1881.000) 05/09 07:09:09 Image size of job updated: 2570724
	1898  -  MemoryUsage of job (MB)
	1942644  -  ResidentSetSize of job (KB)
...
006 (011.1881.000) 05/09 07:09:15 Image size of job updated: 2573796
	1898  -  MemoryUsage of job (MB)
	1942644  -  ResidentSetSize of job (KB)
...
006 (011.1881.000) 05/09 07:09:21 Image size of job updated: 2573796
	1899  -  MemoryUsage of job (MB)
	1944096  -  ResidentSetSize of job (KB)
...
006 (011.1881.000) 05/09 07:09:27 Image size of job updated: 2573796
	1902  -  MemoryUsage of job (MB)
	1947528  -  ResidentSetSize of job (KB)
...
006 (011.1881.000) 05/09 07:09:33 Image size of job updated: 2578916
	1904  -  MemoryUsage of job (MB)
	1948716  -  ResidentSetSize of job (KB)
...
006 (011.1881.000) 05/09 07:09:39 Image size of job updated: 2578916
	1905  -  MemoryUsage of job (MB)
	1949904  -  ResidentSetSize of job (KB)
...
006 (011.1881.000) 05/09 07:09:45 Image size of job updated: 2580964
	1905  -  MemoryUsage of job (MB)
	1949904  -  ResidentSetSize of job (KB)
...
006 (011.1881.000) 05/09 07:09:51 Image size of job updated: 2580964
	1905  -  MemoryUsage of job (MB)
	1950036  -  ResidentSetSize of job (KB)
...
006 (011.1881.000) 05/09 07:09:57 Image size of job updated: 2580964
	1907  -  MemoryUsage of job (MB)
	1952016  -  ResidentSetSize of job (KB)
...
006 (011.1881.000) 05/09 07:10:03 Image size of job updated: 2583012
	1908  -  MemoryUsage of job (MB)
	1953468  -  ResidentSetSize of job (KB)
...
006 (011.1881.000) 05/09 07:10:09 Image size of job updated: 2585060
	1909  -  MemoryUsage of job (MB)
	1954128  -  ResidentSetSize of job (KB)
...
006 (011.1881.000) 05/09 07:10:16 Image size of job updated: 2590180
	1913  -  MemoryUsage of job (MB)
	1958880  -  ResidentSetSize of job (KB)
...
006 (011.1881.000) 05/09 07:10:21 Image size of job updated: 2590180
	1914  -  MemoryUsage of job (MB)
	1959276  -  ResidentSetSize of job (KB)
...
006 (011.1881.000) 05/09 07:10:26 Image size of job updated: 2590180
	1915  -  MemoryUsage of job (MB)
	1960332  -  ResidentSetSize of job (KB)
...
006 (011.1881.000) 05/09 07:10:31 Image size of job updated: 2593252
	1918  -  MemoryUsage of job (MB)
	1963236  -  ResidentSetSize of job (KB)
...
006 (011.1881.000) 05/09 07:10:36 Image size of job updated: 2595300
	1921  -  MemoryUsage of job (MB)
	1966272  -  ResidentSetSize of job (KB)
...
006 (011.1881.000) 05/09 07:10:41 Image size of job updated: 2595300
	1927  -  MemoryUsage of job (MB)
	1972476  -  ResidentSetSize of job (KB)
...
006 (011.1881.000) 05/09 07:10:46 Image size of job updated: 2595300
	1929  -  MemoryUsage of job (MB)
	1974852  -  ResidentSetSize of job (KB)
...
006 (011.1881.000) 05/09 07:10:51 Image size of job updated: 2608612
	1933  -  MemoryUsage of job (MB)
	1979076  -  ResidentSetSize of job (KB)
...
006 (011.1881.000) 05/09 07:10:56 Image size of job updated: 2609636
	1933  -  MemoryUsage of job (MB)
	1979340  -  ResidentSetSize of job (KB)
...
006 (011.1881.000) 05/09 07:11:01 Image size of job updated: 2610660
	1934  -  MemoryUsage of job (MB)
	1979472  -  ResidentSetSize of job (KB)
...
006 (011.1881.000) 05/09 07:11:06 Image size of job updated: 2610660
	1936  -  MemoryUsage of job (MB)
	1982244  -  ResidentSetSize of job (KB)
...
006 (011.1881.000) 05/09 07:11:11 Image size of job updated: 2612708
	1937  -  MemoryUsage of job (MB)
	1983432  -  ResidentSetSize of job (KB)
...
006 (011.1881.000) 05/09 07:11:16 Image size of job updated: 2614756
	1938  -  MemoryUsage of job (MB)
	1984488  -  ResidentSetSize of job (KB)
...
006 (011.1881.000) 05/09 07:11:21 Image size of job updated: 2614756
	1939  -  MemoryUsage of job (MB)
	1985412  -  ResidentSetSize of job (KB)
...
006 (011.1881.000) 05/09 07:11:26 Image size of job updated: 2616804
	1941  -  MemoryUsage of job (MB)
	1987128  -  ResidentSetSize of job (KB)
...
006 (011.1881.000) 05/09 07:11:31 Image size of job updated: 2619876
	1943  -  MemoryUsage of job (MB)
	1988976  -  ResidentSetSize of job (KB)
...
006 (011.1881.000) 05/09 07:11:36 Image size of job updated: 2619876
	1944  -  MemoryUsage of job (MB)
	1990296  -  ResidentSetSize of job (KB)
...
006 (011.1881.000) 05/09 07:11:51 Image size of job updated: 2620900
	1944  -  MemoryUsage of job (MB)
	1990428  -  ResidentSetSize of job (KB)
...
006 (011.1881.000) 05/09 07:11:56 Image size of job updated: 2622948
	1946  -  MemoryUsage of job (MB)
	1992144  -  ResidentSetSize of job (KB)
...
006 (011.1881.000) 05/09 07:12:06 Image size of job updated: 2623972
	1947  -  MemoryUsage of job (MB)
	1993332  -  ResidentSetSize of job (KB)
...
006 (011.1881.000) 05/09 07:12:11 Image size of job updated: 2626020
	1950  -  MemoryUsage of job (MB)
	1995840  -  ResidentSetSize of job (KB)
...
006 (011.1881.000) 05/09 07:12:16 Image size of job updated: 2626020
	1950  -  MemoryUsage of job (MB)
	1996500  -  ResidentSetSize of job (KB)
...
006 (011.1881.000) 05/09 07:12:21 Image size of job updated: 2627044
	1951  -  MemoryUsage of job (MB)
	1997820  -  ResidentSetSize of job (KB)
...
006 (011.1881.000) 05/09 07:12:26 Image size of job updated: 2627044
	1954  -  MemoryUsage of job (MB)
	2000856  -  ResidentSetSize of job (KB)
...
006 (011.1881.000) 05/09 07:12:36 Image size of job updated: 2631140
	1954  -  MemoryUsage of job (MB)
	2000856  -  ResidentSetSize of job (KB)
...
006 (011.1881.000) 05/09 07:12:41 Image size of job updated: 2631140
	1956  -  MemoryUsage of job (MB)
	2002440  -  ResidentSetSize of job (KB)
...
006 (011.1881.000) 05/09 07:12:46 Image size of job updated: 2633188
	1956  -  MemoryUsage of job (MB)
	2002440  -  ResidentSetSize of job (KB)
...
006 (011.1881.000) 05/09 07:12:51 Image size of job updated: 2633188
	1957  -  MemoryUsage of job (MB)
	2003892  -  ResidentSetSize of job (KB)
...
006 (011.1881.000) 05/09 07:12:56 Image size of job updated: 2633188
	1960  -  MemoryUsage of job (MB)
	2006796  -  ResidentSetSize of job (KB)
...
006 (011.1881.000) 05/09 07:13:02 Image size of job updated: 2633188
	1962  -  MemoryUsage of job (MB)
	2008644  -  ResidentSetSize of job (KB)
...
006 (011.1881.000) 05/09 07:13:08 Image size of job updated: 2639332
	1964  -  MemoryUsage of job (MB)
	2010228  -  ResidentSetSize of job (KB)
...
006 (011.1881.000) 05/09 07:13:14 Image size of job updated: 2642404
	1965  -  MemoryUsage of job (MB)
	2012076  -  ResidentSetSize of job (KB)
...
006 (011.1881.000) 05/09 07:13:20 Image size of job updated: 2646500
	1970  -  MemoryUsage of job (MB)
	2016432  -  ResidentSetSize of job (KB)
...
006 (011.1881.000) 05/09 07:13:26 Image size of job updated: 2649572
	1975  -  MemoryUsage of job (MB)
	2021712  -  ResidentSetSize of job (KB)
...
006 (011.1881.000) 05/09 07:13:32 Image size of job updated: 2652644
	1975  -  MemoryUsage of job (MB)
	2022372  -  ResidentSetSize of job (KB)
...
006 (011.1881.000) 05/09 07:13:50 Image size of job updated: 2652644
	2094  -  MemoryUsage of job (MB)
	2143944  -  ResidentSetSize of job (KB)
...
006 (011.1881.000) 05/09 07:13:56 Image size of job updated: 2816484
	2183  -  MemoryUsage of job (MB)
	2235024  -  ResidentSetSize of job (KB)
...
005 (011.1881.000) 05/09 07:13:59 Job terminated.
	(1) Normal termination (return value 0)
		Usr 0 00:21:04, Sys 0 00:00:02  -  Run Remote Usage
		Usr 0 00:00:00, Sys 0 00:00:00  -  Run Local Usage
		Usr 0 00:21:04, Sys 0 00:00:02  -  Total Remote Usage
		Usr 0 00:00:00, Sys 0 00:00:00  -  Total Local Usage
	0  -  Run Bytes Sent By Job
	0  -  Run Bytes Received By Job
	0  -  Total Bytes Sent By Job
	0  -  Total Bytes Received By Job
	Partitionable Resources :      Usage  Request Allocated 
	   Cpus                 :       1.00        1         1 
	   Disk (KB)            : 2000000     2000000   6232219 
	   Memory (MB)          :    2183        1954      2007 
...
