000 (205.5261.000) 05/06 03:20:07 Job submitted from host: <127.0.0.1:9618?addrs=127.0.0.1-9618&noUDP&sock=222_da1d_4>
...
033 (205.5261.000) 05/06 14:23:09 Changing job attribute JobPrio from 0 to -5
...
000 (007.5261.000) 05/07 19:00:21 Job submitted from host: <127.0.0.1:9618?addrs=127.0.0.1-9618&noUDP&sock=215_0cf3_4>
...
000 (016.5261.000) 05/08 15:57:27 Job submitted from host: <127.0.0.1:9618?addrs=127.0.0.1-9618&noUDP&sock=227_4816_4>
...
009 (016.5261.000) 05/09 16:55:01 Job was aborted by the user.
	via condor_rm (by user aw868)
...
000 (017.1928.000) 05/09 17:26:09 Job submitted from host: <127.0.0.1:9618?addrs=127.0.0.1-9618&noUDP&sock=227_4816_4>
...
001 (017.1928.000) 05/10 07:19:19 Job executing on host: <127.0.0.1:9618?addrs=127.0.0.1-9618&noUDP&sock=227_4816_5>
...
006 (017.1928.000) 05/10 07:19:24 Image size of job updated: 2000000
	110  -  MemoryUsage of job (MB)
	112068  -  ResidentSetSize of job (KB)
...
006 (017.1928.000) 05/10 07:19:29 Image size of job updated: 2000000
	115  -  MemoryUsage of job (MB)
	116952  -  ResidentSetSize of job (KB)
...
006 (017.1928.000) 05/10 07:20:27 Image size of job updated: 2000000
	148  -  MemoryUsage of job (MB)
	151008  -  ResidentSetSize of job (KB)
...
006 (017.1928.000) 05/10 07:20:33 Image size of job updated: 2000000
	211  -  MemoryUsage of job (MB)
	215424  -  ResidentSetSize of job (KB)
...
006 (017.1928.000) 05/10 07:20:39 Image size of job updated: 2000000
	211  -  MemoryUsage of job (MB)
	215820  -  ResidentSetSize of job (KB)
...
006 (017.1928.000) 05/10 07:20:45 Image size of job updated: 2000000
	216  -  MemoryUsage of job (MB)
	220836  -  ResidentSetSize of job (KB)
...
006 (017.1928.000) 05/10 07:20:51 Image size of job updated: 2000000
	228  -  MemoryUsage of job (MB)
	232848  -  ResidentSetSize of job (KB)
...
006 (017.1928.000) 05/10 07:20:57 Image size of job updated: 2000000
	239  -  MemoryUsage of job (MB)
	244728  -  ResidentSetSize of job (KB)
...
006 (017.1928.000) 05/10 07:21:03 Image size of job updated: 2000000
	253  -  MemoryUsage of job (MB)
	258192  -  ResidentSetSize of job (KB)
...
006 (017.1928.000) 05/10 07:21:09 Image size of job updated: 2000000
	263  -  MemoryUsage of job (MB)
	268884  -  ResidentSetSize of job (KB)
...
006 (017.1928.000) 05/10 07:21:15 Image size of job updated: 2000000
	272  -  MemoryUsage of job (MB)
	277860  -  ResidentSetSize of job (KB)
...
006 (017.1928.000) 05/10 07:21:21 Image size of job updated: 2000000
	291  -  MemoryUsage of job (MB)
	297924  -  ResidentSetSize of job (KB)
...
006 (017.1928.000) 05/10 07:21:27 Image size of job updated: 2000000
	339  -  MemoryUsage of job (MB)
	347028  -  ResidentSetSize of job (KB)
...
006 (017.1928.000) 05/10 07:21:33 Image size of job updated: 2000000
	377  -  MemoryUsage of job (MB)
	385836  -  ResidentSetSize of job (KB)
...
006 (017.1928.000) 05/10 07:21:39 Image size of job updated: 2000000
	380  -  MemoryUsage of job (MB)
	388740  -  ResidentSetSize of job (KB)
...
006 (017.1928.000) 05/10 07:21:45 Image size of job updated: 2000000
	456  -  MemoryUsage of job (MB)
	466224  -  ResidentSetSize of job (KB)
...
006 (017.1928.000) 05/10 07:21:51 Image size of job updated: 2000000
	539  -  MemoryUsage of job (MB)
	551364  -  ResidentSetSize of job (KB)
...
006 (017.1928.000) 05/10 07:21:57 Image size of job updated: 2000000
	1243  -  MemoryUsage of job (MB)
	1272348  -  ResidentSetSize of job (KB)
...
006 (017.1928.000) 05/10 07:38:34 Image size of job updated: 2077008
	1523  -  MemoryUsage of job (MB)
	1559448  -  ResidentSetSize of job (KB)
...
006 (017.1928.000) 05/10 07:38:39 Image size of job updated: 2077008
	1596  -  MemoryUsage of job (MB)
	1634028  -  ResidentSetSize of job (KB)
...
006 (017.1928.000) 05/10 07:38:45 Image size of job updated: 2077008
	1662  -  MemoryUsage of job (MB)
	1701612  -  ResidentSetSize of job (KB)
...
006 (017.1928.000) 05/10 07:38:51 Image size of job updated: 2442472
	1662  -  MemoryUsage of job (MB)
	1701612  -  ResidentSetSize of job (KB)
...
006 (017.1928.000) 05/10 07:38:57 Image size of job updated: 2654952
	1848  -  MemoryUsage of job (MB)
	1892220  -  ResidentSetSize of job (KB)
...
006 (017.1928.000) 05/10 07:39:03 Image size of job updated: 2668264
	1865  -  MemoryUsage of job (MB)
	1908984  -  ResidentSetSize of job (KB)
...
006 (017.1928.000) 05/10 07:39:09 Image size of job updated: 2714344
	1952  -  MemoryUsage of job (MB)
	1997952  -  ResidentSetSize of job (KB)
...
006 (017.1928.000) 05/10 07:39:15 Image size of job updated: 2797288
	2047  -  MemoryUsage of job (MB)
	2095896  -  ResidentSetSize of job (KB)
...
006 (017.1928.000) 05/10 07:39:21 Image size of job updated: 2914024
	2107  -  MemoryUsage of job (MB)
	2156748  -  ResidentSetSize of job (KB)
...
006 (017.1928.000) 05/10 07:39:27 Image size of job updated: 2914024
	2150  -  MemoryUsage of job (MB)
	2200836  -  ResidentSetSize of job (KB)
...
006 (017.1928.000) 05/10 07:39:33 Image size of job updated: 2914024
	2187  -  MemoryUsage of job (MB)
	2239380  -  ResidentSetSize of job (KB)
...
006 (017.1928.000) 05/10 07:39:39 Image size of job updated: 3024616
	2223  -  MemoryUsage of job (MB)
	2276340  -  ResidentSetSize of job (KB)
...
006 (017.1928.000) 05/10 07:39:45 Image size of job updated: 3024616
	2260  -  MemoryUsage of job (MB)
	2313300  -  ResidentSetSize of job (KB)
...
006 (017.1928.000) 05/10 07:39:51 Image size of job updated: 3106536
	2294  -  MemoryUsage of job (MB)
	2348808  -  ResidentSetSize of job (KB)
...
006 (017.1928.000) 05/10 07:39:57 Image size of job updated: 3139304
	2329  -  MemoryUsage of job (MB)
	2384844  -  ResidentSetSize of job (KB)
...
006 (017.1928.000) 05/10 07:40:03 Image size of job updated: 3179240
	2366  -  MemoryUsage of job (MB)
	2422068  -  ResidentSetSize of job (KB)
...
006 (017.1928.000) 05/10 07:40:09 Image size of job updated: 3198696
	2401  -  MemoryUsage of job (MB)
	2458236  -  ResidentSetSize of job (KB)
...
006 (017.1928.000) 05/10 07:40:15 Image size of job updated: 3198696
	2436  -  MemoryUsage of job (MB)
	2494272  -  ResidentSetSize of job (KB)
...
006 (017.1928.000) 05/10 07:40:21 Image size of job updated: 3288808
	2472  -  MemoryUsage of job (MB)
	2531232  -  ResidentSetSize of job (KB)
...
006 (017.1928.000) 05/10 07:40:27 Image size of job updated: 3308264
	2508  -  MemoryUsage of job (MB)
	2568060  -  ResidentSetSize of job (KB)
...
006 (017.1928.000) 05/10 07:40:33 Image size of job updated: 3333864
	2544  -  MemoryUsage of job (MB)
	2605020  -  ResidentSetSize of job (KB)
...
006 (017.1928.000) 05/10 07:40:39 Image size of job updated: 3390184
	2580  -  MemoryUsage of job (MB)
	2641716  -  ResidentSetSize of job (KB)
...
006 (017.1928.000) 05/10 07:40:45 Image size of job updated: 3427048
	2617  -  MemoryUsage of job (MB)
	2679204  -  ResidentSetSize of job (KB)
...
006 (017.1928.000) 05/10 07:40:51 Image size of job updated: 3472104
	2653  -  MemoryUsage of job (MB)
	2716296  -  ResidentSetSize of job (KB)
...
006 (017.1928.000) 05/10 07:40:57 Image size of job updated: 3489512
	2690  -  MemoryUsage of job (MB)
	2753916  -  ResidentSetSize of job (KB)
...
006 (017.1928.000) 05/10 07:41:03 Image size of job updated: 3489512
	2727  -  MemoryUsage of job (MB)
	2791800  -  ResidentSetSize of job (KB)
...
006 (017.1928.000) 05/10 07:41:09 Image size of job updated: 3579624
	2763  -  MemoryUsage of job (MB)
	2829288  -  ResidentSetSize of job (KB)
...
006 (017.1928.000) 05/10 07:41:15 Image size of job updated: 3579624
	2800  -  MemoryUsage of job (MB)
	2866776  -  ResidentSetSize of job (KB)
...
006 (017.1928.000) 05/10 07:41:21 Image size of job updated: 3579624
	2837  -  MemoryUsage of job (MB)
	2904528  -  ResidentSetSize of job (KB)
...
006 (017.1928.000) 05/10 07:41:27 Image size of job updated: 3672808
	2873  -  MemoryUsage of job (MB)
	2941884  -  ResidentSetSize of job (KB)
...
006 (017.1928.000) 05/10 07:41:33 Image size of job updated: 3672808
	2911  -  MemoryUsage of job (MB)
	2980692  -  ResidentSetSize of job (KB)
...
006 (017.1928.000) 05/10 07:41:39 Image size of job updated: 3768040
	2948  -  MemoryUsage of job (MB)
	3018576  -  ResidentSetSize of job (KB)
...
006 (017.1928.000) 05/10 07:41:45 Image size of job updated: 3768040
	2988  -  MemoryUsage of job (MB)
	3059496  -  ResidentSetSize of job (KB)
...
006 (017.1928.000) 05/10 07:41:51 Image size of job updated: 3768040
	3025  -  MemoryUsage of job (MB)
	3096588  -  ResidentSetSize of job (KB)
...
006 (017.1928.000) 05/10 07:41:57 Image size of job updated: 3864296
	3059  -  MemoryUsage of job (MB)
	3131436  -  ResidentSetSize of job (KB)
...
006 (017.1928.000) 05/10 07:42:03 Image size of job updated: 3864296
	3094  -  MemoryUsage of job (MB)
	3167472  -  ResidentSetSize of job (KB)
...
006 (017.1928.000) 05/10 07:42:09 Image size of job updated: 3953384
	3128  -  MemoryUsage of job (MB)
	3202848  -  ResidentSetSize of job (KB)
...
006 (017.1928.000) 05/10 07:42:15 Image size of job updated: 3953384
	3163  -  MemoryUsage of job (MB)
	3238620  -  ResidentSetSize of job (KB)
...
006 (017.1928.000) 05/10 07:42:21 Image size of job updated: 3953384
	3199  -  MemoryUsage of job (MB)
	3274788  -  ResidentSetSize of job (KB)
...
006 (017.1928.000) 05/10 07:42:27 Image size of job updated: 4065000
	3233  -  MemoryUsage of job (MB)
	3310164  -  ResidentSetSize of job (KB)
...
006 (017.1928.000) 05/10 07:42:33 Image size of job updated: 4084456
	3268  -  MemoryUsage of job (MB)
	3345540  -  ResidentSetSize of job (KB)
...
006 (017.1928.000) 05/10 07:42:39 Image size of job updated: 4131560
	3303  -  MemoryUsage of job (MB)
	3381708  -  ResidentSetSize of job (KB)
...
006 (017.1928.000) 05/10 07:42:45 Image size of job updated: 4162280
	3338  -  MemoryUsage of job (MB)
	3418008  -  ResidentSetSize of job (KB)
...
006 (017.1928.000) 05/10 07:42:51 Image size of job updated: 4206312
	3374  -  MemoryUsage of job (MB)
	3454440  -  ResidentSetSize of job (KB)
...
006 (017.1928.000) 05/10 07:42:57 Image size of job updated: 4239080
	3409  -  MemoryUsage of job (MB)
	3490608  -  ResidentSetSize of job (KB)
...
006 (017.1928.000) 05/10 07:43:03 Image size of job updated: 4239080
	3446  -  MemoryUsage of job (MB)
	3528624  -  ResidentSetSize of job (KB)
...
006 (017.1928.000) 05/10 07:43:09 Image size of job updated: 4325096
	3482  -  MemoryUsage of job (MB)
	3564660  -  ResidentSetSize of job (KB)
...
006 (017.1928.000) 05/10 07:43:15 Image size of job updated: 4325096
	3521  -  MemoryUsage of job (MB)
	3604656  -  ResidentSetSize of job (KB)
...
006 (017.1928.000) 05/10 07:43:21 Image size of job updated: 4325096
	3559  -  MemoryUsage of job (MB)
	3644124  -  ResidentSetSize of job (KB)
...
006 (017.1928.000) 05/10 07:43:27 Image size of job updated: 4423400
	3597  -  MemoryUsage of job (MB)
	3683328  -  ResidentSetSize of job (KB)
...
006 (017.1928.000) 05/10 07:43:33 Image size of job updated: 4423400
	3636  -  MemoryUsage of job (MB)
	3722928  -  ResidentSetSize of job (KB)
...
006 (017.1928.000) 05/10 07:43:39 Image size of job updated: 4522728
	3674  -  MemoryUsage of job (MB)
	3762000  -  ResidentSetSize of job (KB)
...
006 (017.1928.000) 05/10 07:43:45 Image size of job updated: 4522728
	3713  -  MemoryUsage of job (MB)
	3801204  -  ResidentSetSize of job (KB)
...
006 (017.1928.000) 05/10 07:43:51 Image size of job updated: 4522728
	3753  -  MemoryUsage of job (MB)
	3842520  -  ResidentSetSize of job (KB)
...
006 (017.1928.000) 05/10 07:43:57 Image size of job updated: 4650728
	3801  -  MemoryUsage of job (MB)
	3891360  -  ResidentSetSize of job (KB)
...
006 (017.1928.000) 05/10 07:44:03 Image size of job updated: 4693736
	3849  -  MemoryUsage of job (MB)
	3940728  -  ResidentSetSize of job (KB)
...
006 (017.1928.000) 05/10 07:44:09 Image size of job updated: 4745960
	3898  -  MemoryUsage of job (MB)
	3991020  -  ResidentSetSize of job (KB)
...
006 (017.1928.000) 05/10 07:44:15 Image size of job updated: 4745960
	3948  -  MemoryUsage of job (MB)
	4042368  -  ResidentSetSize of job (KB)
...
006 (017.1928.000) 05/10 07:44:21 Image size of job updated: 4745960
	3988  -  MemoryUsage of job (MB)
	4083552  -  ResidentSetSize of job (KB)
...
006 (017.1928.000) 05/10 07:44:27 Image size of job updated: 4858600
	4023  -  MemoryUsage of job (MB)
	4119324  -  ResidentSetSize of job (KB)
...
006 (017.1928.000) 05/10 07:44:33 Image size of job updated: 4911848
	4060  -  MemoryUsage of job (MB)
	4156944  -  ResidentSetSize of job (KB)
...
006 (017.1928.000) 05/10 07:44:39 Image size of job updated: 4951784
	4097  -  MemoryUsage of job (MB)
	4194564  -  ResidentSetSize of job (KB)
...
006 (017.1928.000) 05/10 07:44:46 Image size of job updated: 4951784
	4134  -  MemoryUsage of job (MB)
	4232448  -  ResidentSetSize of job (KB)
...
006 (017.1928.000) 05/10 07:44:51 Image size of job updated: 4951784
	4165  -  MemoryUsage of job (MB)
	4264128  -  ResidentSetSize of job (KB)
...
006 (017.1928.000) 05/10 07:44:56 Image size of job updated: 5045992
	4196  -  MemoryUsage of job (MB)
	4296336  -  ResidentSetSize of job (KB)
...
006 (017.1928.000) 05/10 07:45:01 Image size of job updated: 5072616
	4226  -  MemoryUsage of job (MB)
	4326564  -  ResidentSetSize of job (KB)
...
006 (017.1928.000) 05/10 07:45:06 Image size of job updated: 5097192
	4256  -  MemoryUsage of job (MB)
	4357584  -  ResidentSetSize of job (KB)
...
006 (017.1928.000) 05/10 07:45:11 Image size of job updated: 5138152
	4286  -  MemoryUsage of job (MB)
	4388208  -  ResidentSetSize of job (KB)
...
006 (017.1928.000) 05/10 07:45:16 Image size of job updated: 5138152
	4316  -  MemoryUsage of job (MB)
	4418832  -  ResidentSetSize of job (KB)
...
006 (017.1928.000) 05/10 07:45:21 Image size of job updated: 5138152
	4345  -  MemoryUsage of job (MB)
	4448796  -  ResidentSetSize of job (KB)
...
006 (017.1928.000) 05/10 07:45:26 Image size of job updated: 5228264
	4375  -  MemoryUsage of job (MB)
	4479024  -  ResidentSetSize of job (KB)
...
006 (017.1928.000) 05/10 07:45:31 Image size of job updated: 5228264
	4408  -  MemoryUsage of job (MB)
	4512948  -  ResidentSetSize of job (KB)
...
006 (017.1928.000) 05/10 07:45:36 Image size of job updated: 5228264
	4627  -  MemoryUsage of job (MB)
	4738008  -  ResidentSetSize of job (KB)
...
006 (017.1928.000) 05/10 07:45:41 Image size of job updated: 5488104
	4627  -  MemoryUsage of job (MB)
	4738008  -  ResidentSetSize of job (KB)
...
005 (017.1928.000) 05/10 07:45:41 Job terminated.
	(1) Normal termination (return value 0)
		Usr 0 00:24:50, Sys 0 00:00:09  -  Run Remote Usage
		Usr 0 00:00:00, Sys 0 00:00:00  -  Run Local Usage
		Usr 0 00:24:50, Sys 0 00:00:09  -  Total Remote Usage
		Usr 0 00:00:00, Sys 0 00:00:00  -  Total Local Usage
	0  -  Run Bytes Sent By Job
	0  -  Run Bytes Received By Job
	0  -  Total Bytes Sent By Job
	0  -  Total Bytes Received By Job
	Partitionable Resources :      Usage  Request Allocated 
	   Cpus                 :       1.00        1         1 
	   Disk (KB)            : 2000000     2000000   6275465 
	   Memory (MB)          :    4627        1954      2007 
...
