000 (205.10947.000) 05/06 03:23:01 Job submitted from host: <127.0.0.1:9618?addrs=127.0.0.1-9618&noUDP&sock=222_da1d_4>
...
033 (205.10947.000) 05/06 14:24:46 Changing job attribute JobPrio from 0 to -5
...
000 (007.10947.000) 05/07 19:01:28 Job submitted from host: <127.0.0.1:9618?addrs=127.0.0.1-9618&noUDP&sock=215_0cf3_4>
...
000 (016.10947.000) 05/08 15:58:27 Job submitted from host: <127.0.0.1:9618?addrs=127.0.0.1-9618&noUDP&sock=227_4816_4>
...
009 (016.10947.000) 05/09 16:56:58 Job was aborted by the user.
	via condor_rm (by user aw868)
...
000 (014.3786.000) 05/09 17:32:20 Job submitted from host: <127.0.0.1:9618?addrs=127.0.0.1-9618&noUDP&sock=212_fe2a_4>
...
033 (014.3786.000) 05/09 17:33:44 Changing job attribute JobPrio from 0 to -10
...
033 (014.3786.000) 05/09 21:36:06 Changing job attribute JobPrio from -10 to -15
...
001 (014.3786.000) 05/11 06:49:52 Job executing on host: <127.0.0.1:9618?addrs=127.0.0.1-9618&noUDP&sock=212_fe2a_5>
...
006 (014.3786.000) 05/11 06:49:58 Image size of job updated: 2000000
	114  -  MemoryUsage of job (MB)
	116688  -  ResidentSetSize of job (KB)
...
006 (014.3786.000) 05/11 06:50:46 Image size of job updated: 2000000
	205  -  MemoryUsage of job (MB)
	209352  -  ResidentSetSize of job (KB)
...
006 (014.3786.000) 05/11 06:50:52 Image size of job updated: 2000000
	211  -  MemoryUsage of job (MB)
	215556  -  ResidentSetSize of job (KB)
...
006 (014.3786.000) 05/11 06:50:58 Image size of job updated: 2000000
	220  -  MemoryUsage of job (MB)
	225192  -  ResidentSetSize of job (KB)
...
006 (014.3786.000) 05/11 06:51:04 Image size of job updated: 2000000
	238  -  MemoryUsage of job (MB)
	242880  -  ResidentSetSize of job (KB)
...
006 (014.3786.000) 05/11 06:51:10 Image size of job updated: 2000000
	254  -  MemoryUsage of job (MB)
	260040  -  ResidentSetSize of job (KB)
...
006 (014.3786.000) 05/11 06:51:16 Image size of job updated: 2000000
	266  -  MemoryUsage of job (MB)
	272052  -  ResidentSetSize of job (KB)
...
006 (014.3786.000) 05/11 06:51:22 Image size of job updated: 2000000
	279  -  MemoryUsage of job (MB)
	285516  -  ResidentSetSize of job (KB)
...
006 (014.3786.000) 05/11 06:51:28 Image size of job updated: 2000000
	330  -  MemoryUsage of job (MB)
	337260  -  ResidentSetSize of job (KB)
...
006 (014.3786.000) 05/11 06:51:34 Image size of job updated: 2000000
	377  -  MemoryUsage of job (MB)
	385176  -  ResidentSetSize of job (KB)
...
006 (014.3786.000) 05/11 06:51:40 Image size of job updated: 2000000
	379  -  MemoryUsage of job (MB)
	388080  -  ResidentSetSize of job (KB)
...
006 (014.3786.000) 05/11 06:51:46 Image size of job updated: 2000000
	461  -  MemoryUsage of job (MB)
	471636  -  ResidentSetSize of job (KB)
...
006 (014.3786.000) 05/11 06:51:52 Image size of job updated: 2000000
	519  -  MemoryUsage of job (MB)
	531168  -  ResidentSetSize of job (KB)
...
006 (014.3786.000) 05/11 06:51:58 Image size of job updated: 2000000
	1245  -  MemoryUsage of job (MB)
	1273932  -  ResidentSetSize of job (KB)
...
006 (014.3786.000) 05/11 07:07:54 Image size of job updated: 2000000
	1559  -  MemoryUsage of job (MB)
	1595748  -  ResidentSetSize of job (KB)
...
006 (014.3786.000) 05/11 07:08:00 Image size of job updated: 2000000
	1794  -  MemoryUsage of job (MB)
	1837044  -  ResidentSetSize of job (KB)
...
006 (014.3786.000) 05/11 07:08:06 Image size of job updated: 2434548
	1958  -  MemoryUsage of job (MB)
	2004288  -  ResidentSetSize of job (KB)
...
006 (014.3786.000) 05/11 07:08:12 Image size of job updated: 2654452
	1959  -  MemoryUsage of job (MB)
	2005476  -  ResidentSetSize of job (KB)
...
006 (014.3786.000) 05/11 07:08:18 Image size of job updated: 2678004
	2003  -  MemoryUsage of job (MB)
	2050488  -  ResidentSetSize of job (KB)
...
006 (014.3786.000) 05/11 07:08:24 Image size of job updated: 2678004
	2089  -  MemoryUsage of job (MB)
	2138664  -  ResidentSetSize of job (KB)
...
006 (014.3786.000) 05/11 07:08:30 Image size of job updated: 2678004
	2165  -  MemoryUsage of job (MB)
	2216016  -  ResidentSetSize of job (KB)
...
006 (014.3786.000) 05/11 07:08:36 Image size of job updated: 2865396
	2220  -  MemoryUsage of job (MB)
	2272380  -  ResidentSetSize of job (KB)
...
006 (014.3786.000) 05/11 07:08:42 Image size of job updated: 2865396
	2260  -  MemoryUsage of job (MB)
	2313696  -  ResidentSetSize of job (KB)
...
006 (014.3786.000) 05/11 07:08:53 Image size of job updated: 2989300
	2287  -  MemoryUsage of job (MB)
	2340888  -  ResidentSetSize of job (KB)
...
006 (014.3786.000) 05/11 07:09:08 Image size of job updated: 3097844
	2389  -  MemoryUsage of job (MB)
	2445432  -  ResidentSetSize of job (KB)
...
006 (014.3786.000) 05/11 07:09:21 Image size of job updated: 3117300
	2466  -  MemoryUsage of job (MB)
	2524368  -  ResidentSetSize of job (KB)
...
006 (014.3786.000) 05/11 07:09:29 Image size of job updated: 3194100
	2514  -  MemoryUsage of job (MB)
	2573868  -  ResidentSetSize of job (KB)
...
006 (014.3786.000) 05/11 07:09:35 Image size of job updated: 3194100
	2550  -  MemoryUsage of job (MB)
	2610432  -  ResidentSetSize of job (KB)
...
006 (014.3786.000) 05/11 07:09:41 Image size of job updated: 3284212
	2586  -  MemoryUsage of job (MB)
	2648052  -  ResidentSetSize of job (KB)
...
006 (014.3786.000) 05/11 07:09:47 Image size of job updated: 3284212
	2622  -  MemoryUsage of job (MB)
	2684616  -  ResidentSetSize of job (KB)
...
006 (014.3786.000) 05/11 07:10:02 Image size of job updated: 3362036
	2635  -  MemoryUsage of job (MB)
	2697288  -  ResidentSetSize of job (KB)
...
006 (014.3786.000) 05/11 07:10:07 Image size of job updated: 3364084
	2669  -  MemoryUsage of job (MB)
	2732268  -  ResidentSetSize of job (KB)
...
006 (014.3786.000) 05/11 07:10:13 Image size of job updated: 3364084
	2706  -  MemoryUsage of job (MB)
	2770680  -  ResidentSetSize of job (KB)
...
006 (014.3786.000) 05/11 07:10:19 Image size of job updated: 3456244
	2742  -  MemoryUsage of job (MB)
	2807112  -  ResidentSetSize of job (KB)
...
006 (014.3786.000) 05/11 07:10:25 Image size of job updated: 3501300
	2776  -  MemoryUsage of job (MB)
	2841828  -  ResidentSetSize of job (KB)
...
006 (014.3786.000) 05/11 07:10:31 Image size of job updated: 3521780
	2810  -  MemoryUsage of job (MB)
	2876676  -  ResidentSetSize of job (KB)
...
006 (014.3786.000) 05/11 07:10:37 Image size of job updated: 3546356
	2844  -  MemoryUsage of job (MB)
	2912184  -  ResidentSetSize of job (KB)
...
006 (014.3786.000) 05/11 07:10:43 Image size of job updated: 3546356
	2878  -  MemoryUsage of job (MB)
	2946372  -  ResidentSetSize of job (KB)
...
006 (014.3786.000) 05/11 07:10:49 Image size of job updated: 3633396
	2912  -  MemoryUsage of job (MB)
	2981220  -  ResidentSetSize of job (KB)
...
006 (014.3786.000) 05/11 07:10:55 Image size of job updated: 3633396
	2945  -  MemoryUsage of job (MB)
	3015540  -  ResidentSetSize of job (KB)
...
006 (014.3786.000) 05/11 07:11:01 Image size of job updated: 3633396
	2964  -  MemoryUsage of job (MB)
	3034548  -  ResidentSetSize of job (KB)
...
006 (014.3786.000) 05/11 07:11:07 Image size of job updated: 3719412
	2977  -  MemoryUsage of job (MB)
	3048276  -  ResidentSetSize of job (KB)
...
006 (014.3786.000) 05/11 07:11:13 Image size of job updated: 3754228
	2989  -  MemoryUsage of job (MB)
	3060024  -  ResidentSetSize of job (KB)
...
006 (014.3786.000) 05/11 07:11:19 Image size of job updated: 3786996
	3023  -  MemoryUsage of job (MB)
	3095532  -  ResidentSetSize of job (KB)
...
006 (014.3786.000) 05/11 07:11:25 Image size of job updated: 3786996
	3057  -  MemoryUsage of job (MB)
	3130248  -  ResidentSetSize of job (KB)
...
006 (014.3786.000) 05/11 07:11:31 Image size of job updated: 3786996
	3089  -  MemoryUsage of job (MB)
	3162984  -  ResidentSetSize of job (KB)
...
006 (014.3786.000) 05/11 07:11:37 Image size of job updated: 3895540
	3118  -  MemoryUsage of job (MB)
	3192288  -  ResidentSetSize of job (KB)
...
006 (014.3786.000) 05/11 07:11:43 Image size of job updated: 3926260
	3156  -  MemoryUsage of job (MB)
	3231096  -  ResidentSetSize of job (KB)
...
006 (014.3786.000) 05/11 07:11:49 Image size of job updated: 3969268
	3198  -  MemoryUsage of job (MB)
	3274656  -  ResidentSetSize of job (KB)
...
006 (014.3786.000) 05/11 07:11:56 Image size of job updated: 3969268
	3224  -  MemoryUsage of job (MB)
	3300660  -  ResidentSetSize of job (KB)
...
006 (014.3786.000) 05/11 07:12:01 Image size of job updated: 4028660
	3233  -  MemoryUsage of job (MB)
	3310560  -  ResidentSetSize of job (KB)
...
006 (014.3786.000) 05/11 07:12:06 Image size of job updated: 4062452
	3261  -  MemoryUsage of job (MB)
	3339204  -  ResidentSetSize of job (KB)
...
006 (014.3786.000) 05/11 07:12:11 Image size of job updated: 4062452
	3290  -  MemoryUsage of job (MB)
	3368244  -  ResidentSetSize of job (KB)
...
006 (014.3786.000) 05/11 07:12:16 Image size of job updated: 4062452
	3318  -  MemoryUsage of job (MB)
	3397020  -  ResidentSetSize of job (KB)
...
006 (014.3786.000) 05/11 07:12:21 Image size of job updated: 4148468
	3346  -  MemoryUsage of job (MB)
	3425532  -  ResidentSetSize of job (KB)
...
006 (014.3786.000) 05/11 07:12:26 Image size of job updated: 4167924
	3373  -  MemoryUsage of job (MB)
	3453648  -  ResidentSetSize of job (KB)
...
006 (014.3786.000) 05/11 07:12:31 Image size of job updated: 4167924
	3402  -  MemoryUsage of job (MB)
	3482688  -  ResidentSetSize of job (KB)
...
006 (014.3786.000) 05/11 07:12:36 Image size of job updated: 4167924
	3429  -  MemoryUsage of job (MB)
	3511200  -  ResidentSetSize of job (KB)
...
006 (014.3786.000) 05/11 07:12:41 Image size of job updated: 4245748
	3458  -  MemoryUsage of job (MB)
	3540900  -  ResidentSetSize of job (KB)
...
006 (014.3786.000) 05/11 07:12:46 Image size of job updated: 4245748
	3487  -  MemoryUsage of job (MB)
	3569940  -  ResidentSetSize of job (KB)
...
006 (014.3786.000) 05/11 07:12:51 Image size of job updated: 4245748
	3508  -  MemoryUsage of job (MB)
	3591192  -  ResidentSetSize of job (KB)
...
006 (014.3786.000) 05/11 07:12:56 Image size of job updated: 4346100
	3536  -  MemoryUsage of job (MB)
	3620628  -  ResidentSetSize of job (KB)
...
006 (014.3786.000) 05/11 07:13:01 Image size of job updated: 4380916
	3566  -  MemoryUsage of job (MB)
	3650592  -  ResidentSetSize of job (KB)
...
006 (014.3786.000) 05/11 07:13:06 Image size of job updated: 4380916
	3594  -  MemoryUsage of job (MB)
	3680160  -  ResidentSetSize of job (KB)
...
006 (014.3786.000) 05/11 07:13:11 Image size of job updated: 4441332
	3624  -  MemoryUsage of job (MB)
	3710124  -  ResidentSetSize of job (KB)
...
006 (014.3786.000) 05/11 07:13:16 Image size of job updated: 4441332
	3653  -  MemoryUsage of job (MB)
	3740352  -  ResidentSetSize of job (KB)
...
006 (014.3786.000) 05/11 07:13:21 Image size of job updated: 4493556
	3683  -  MemoryUsage of job (MB)
	3770844  -  ResidentSetSize of job (KB)
...
006 (014.3786.000) 05/11 07:13:26 Image size of job updated: 4531444
	3712  -  MemoryUsage of job (MB)
	3800808  -  ResidentSetSize of job (KB)
...
006 (014.3786.000) 05/11 07:13:31 Image size of job updated: 4531444
	3742  -  MemoryUsage of job (MB)
	3831168  -  ResidentSetSize of job (KB)
...
006 (014.3786.000) 05/11 07:13:36 Image size of job updated: 4531444
	3771  -  MemoryUsage of job (MB)
	3861000  -  ResidentSetSize of job (KB)
...
006 (014.3786.000) 05/11 07:13:41 Image size of job updated: 4621556
	3801  -  MemoryUsage of job (MB)
	3891228  -  ResidentSetSize of job (KB)
...
006 (014.3786.000) 05/11 07:13:46 Image size of job updated: 4621556
	3830  -  MemoryUsage of job (MB)
	3921720  -  ResidentSetSize of job (KB)
...
006 (014.3786.000) 05/11 07:13:51 Image size of job updated: 4621556
	3861  -  MemoryUsage of job (MB)
	3952872  -  ResidentSetSize of job (KB)
...
006 (014.3786.000) 05/11 07:13:56 Image size of job updated: 4713716
	3891  -  MemoryUsage of job (MB)
	3984156  -  ResidentSetSize of job (KB)
...
006 (014.3786.000) 05/11 07:14:01 Image size of job updated: 4713716
	3922  -  MemoryUsage of job (MB)
	4015704  -  ResidentSetSize of job (KB)
...
006 (014.3786.000) 05/11 07:14:06 Image size of job updated: 4713716
	3952  -  MemoryUsage of job (MB)
	4046460  -  ResidentSetSize of job (KB)
...
006 (014.3786.000) 05/11 07:14:11 Image size of job updated: 4806900
	3983  -  MemoryUsage of job (MB)
	4077612  -  ResidentSetSize of job (KB)
...
006 (014.3786.000) 05/11 07:14:16 Image size of job updated: 4806900
	4007  -  MemoryUsage of job (MB)
	4102164  -  ResidentSetSize of job (KB)
...
006 (014.3786.000) 05/11 07:14:21 Image size of job updated: 4874484
	4013  -  MemoryUsage of job (MB)
	4108500  -  ResidentSetSize of job (KB)
...
006 (014.3786.000) 05/11 07:14:26 Image size of job updated: 4910324
	4043  -  MemoryUsage of job (MB)
	4139520  -  ResidentSetSize of job (KB)
...
006 (014.3786.000) 05/11 07:14:31 Image size of job updated: 4910324
	4074  -  MemoryUsage of job (MB)
	4171332  -  ResidentSetSize of job (KB)
...
006 (014.3786.000) 05/11 07:14:36 Image size of job updated: 4910324
	4103  -  MemoryUsage of job (MB)
	4201428  -  ResidentSetSize of job (KB)
...
006 (014.3786.000) 05/11 07:14:41 Image size of job updated: 4996340
	4135  -  MemoryUsage of job (MB)
	4233240  -  ResidentSetSize of job (KB)
...
006 (014.3786.000) 05/11 07:14:46 Image size of job updated: 4996340
	4165  -  MemoryUsage of job (MB)
	4264524  -  ResidentSetSize of job (KB)
...
006 (014.3786.000) 05/11 07:14:51 Image size of job updated: 4996340
	4198  -  MemoryUsage of job (MB)
	4298580  -  ResidentSetSize of job (KB)
...
006 (014.3786.000) 05/11 07:14:56 Image size of job updated: 5100788
	4230  -  MemoryUsage of job (MB)
	4330920  -  ResidentSetSize of job (KB)
...
006 (014.3786.000) 05/11 07:15:01 Image size of job updated: 5255412
	4425  -  MemoryUsage of job (MB)
	4531164  -  ResidentSetSize of job (KB)
...
006 (014.3786.000) 05/11 07:15:06 Image size of job updated: 5255412
	4522  -  MemoryUsage of job (MB)
	4629636  -  ResidentSetSize of job (KB)
...
005 (014.3786.000) 05/11 07:15:10 Job terminated.
	(1) Normal termination (return value 0)
		Usr 0 00:23:58, Sys 0 00:00:10  -  Run Remote Usage
		Usr 0 00:00:00, Sys 0 00:00:00  -  Run Local Usage
		Usr 0 00:23:58, Sys 0 00:00:10  -  Total Remote Usage
		Usr 0 00:00:00, Sys 0 00:00:00  -  Total Local Usage
	0  -  Run Bytes Sent By Job
	0  -  Run Bytes Received By Job
	0  -  Total Bytes Sent By Job
	0  -  Total Bytes Received By Job
	Partitionable Resources :      Usage  Request Allocated 
	   Cpus                 :       0.98        1         1 
	   Disk (KB)            : 2000000     2000000   6232219 
	   Memory (MB)          :    4522        1954      2007 
...
