000 (205.1949.000) 05/06 03:18:10 Job submitted from host: <127.0.0.1:9618?addrs=127.0.0.1-9618&noUDP&sock=222_da1d_4>
...
033 (205.1949.000) 05/06 14:21:44 Changing job attribute JobPrio from 0 to -5
...
000 (007.1949.000) 05/07 18:59:41 Job submitted from host: <127.0.0.1:9618?addrs=127.0.0.1-9618&noUDP&sock=215_0cf3_4>
...
000 (016.1949.000) 05/08 15:56:52 Job submitted from host: <127.0.0.1:9618?addrs=127.0.0.1-9618&noUDP&sock=227_4816_4>
...
001 (016.1949.000) 05/09 06:28:57 Job executing on host: <127.0.0.1:9618?addrs=127.0.0.1-9618&noUDP&sock=227_4816_5>
...
006 (016.1949.000) 05/09 06:29:03 Image size of job updated: 2000000
	115  -  MemoryUsage of job (MB)
	116820  -  ResidentSetSize of job (KB)
...
006 (016.1949.000) 05/09 06:29:51 Image size of job updated: 2000000
	155  -  MemoryUsage of job (MB)
	158664  -  ResidentSetSize of job (KB)
...
006 (016.1949.000) 05/09 06:29:57 Image size of job updated: 2000000
	211  -  MemoryUsage of job (MB)
	215160  -  ResidentSetSize of job (KB)
...
006 (016.1949.000) 05/09 06:30:13 Image size of job updated: 2000000
	212  -  MemoryUsage of job (MB)
	216744  -  ResidentSetSize of job (KB)
...
006 (016.1949.000) 05/09 06:30:18 Image size of job updated: 2000000
	222  -  MemoryUsage of job (MB)
	226776  -  ResidentSetSize of job (KB)
...
006 (016.1949.000) 05/09 06:30:23 Image size of job updated: 2000000
	232  -  MemoryUsage of job (MB)
	236676  -  ResidentSetSize of job (KB)
...
006 (016.1949.000) 05/09 06:30:28 Image size of job updated: 2000000
	241  -  MemoryUsage of job (MB)
	246576  -  ResidentSetSize of job (KB)
...
006 (016.1949.000) 05/09 06:30:33 Image size of job updated: 2000000
	251  -  MemoryUsage of job (MB)
	256476  -  ResidentSetSize of job (KB)
...
006 (016.1949.000) 05/09 06:30:38 Image size of job updated: 2000000
	265  -  MemoryUsage of job (MB)
	270732  -  ResidentSetSize of job (KB)
...
006 (016.1949.000) 05/09 06:30:43 Image size of job updated: 2000000
	266  -  MemoryUsage of job (MB)
	272184  -  ResidentSetSize of job (KB)
...
006 (016.1949.000) 05/09 06:30:48 Image size of job updated: 2000000
	279  -  MemoryUsage of job (MB)
	285516  -  ResidentSetSize of job (KB)
...
006 (016.1949.000) 05/09 06:30:53 Image size of job updated: 2000000
	318  -  MemoryUsage of job (MB)
	325512  -  ResidentSetSize of job (KB)
...
006 (016.1949.000) 05/09 06:30:58 Image size of job updated: 2000000
	365  -  MemoryUsage of job (MB)
	373032  -  ResidentSetSize of job (KB)
...
006 (016.1949.000) 05/09 06:31:03 Image size of job updated: 2000000
	380  -  MemoryUsage of job (MB)
	388212  -  ResidentSetSize of job (KB)
...
006 (016.1949.000) 05/09 06:31:08 Image size of job updated: 2000000
	400  -  MemoryUsage of job (MB)
	408804  -  ResidentSetSize of job (KB)
...
006 (016.1949.000) 05/09 06:31:13 Image size of job updated: 2000000
	461  -  MemoryUsage of job (MB)
	472032  -  ResidentSetSize of job (KB)
...
006 (016.1949.000) 05/09 06:31:18 Image size of job updated: 2000000
	511  -  MemoryUsage of job (MB)
	522588  -  ResidentSetSize of job (KB)
...
006 (016.1949.000) 05/09 06:31:23 Image size of job updated: 2000000
	554  -  MemoryUsage of job (MB)
	566940  -  ResidentSetSize of job (KB)
...
006 (016.1949.000) 05/09 06:31:28 Image size of job updated: 2000000
	1243  -  MemoryUsage of job (MB)
	1271820  -  ResidentSetSize of job (KB)
...
006 (016.1949.000) 05/09 06:48:37 Image size of job updated: 2000000
	1322  -  MemoryUsage of job (MB)
	1353660  -  ResidentSetSize of job (KB)
...
006 (016.1949.000) 05/09 06:48:42 Image size of job updated: 2000000
	1651  -  MemoryUsage of job (MB)
	1690524  -  ResidentSetSize of job (KB)
...
006 (016.1949.000) 05/09 06:48:47 Image size of job updated: 2454228
	1769  -  MemoryUsage of job (MB)
	1811436  -  ResidentSetSize of job (KB)
...
006 (016.1949.000) 05/09 06:48:52 Image size of job updated: 2702572
	1959  -  MemoryUsage of job (MB)
	2005344  -  ResidentSetSize of job (KB)
...
006 (016.1949.000) 05/09 06:48:58 Image size of job updated: 2702572
	1975  -  MemoryUsage of job (MB)
	2021712  -  ResidentSetSize of job (KB)
...
006 (016.1949.000) 05/09 06:49:04 Image size of job updated: 2725612
	2055  -  MemoryUsage of job (MB)
	2104212  -  ResidentSetSize of job (KB)
...
006 (016.1949.000) 05/09 06:49:10 Image size of job updated: 2725612
	2150  -  MemoryUsage of job (MB)
	2201496  -  ResidentSetSize of job (KB)
...
006 (016.1949.000) 05/09 06:49:16 Image size of job updated: 2725612
	2211  -  MemoryUsage of job (MB)
	2263536  -  ResidentSetSize of job (KB)
...
006 (016.1949.000) 05/09 06:49:22 Image size of job updated: 2929388
	2255  -  MemoryUsage of job (MB)
	2308284  -  ResidentSetSize of job (KB)
...
006 (016.1949.000) 05/09 06:49:28 Image size of job updated: 2929388
	2292  -  MemoryUsage of job (MB)
	2346828  -  ResidentSetSize of job (KB)
...
006 (016.1949.000) 05/09 06:49:34 Image size of job updated: 2929388
	2328  -  MemoryUsage of job (MB)
	2383656  -  ResidentSetSize of job (KB)
...
006 (016.1949.000) 05/09 06:49:40 Image size of job updated: 3045100
	2364  -  MemoryUsage of job (MB)
	2420352  -  ResidentSetSize of job (KB)
...
006 (016.1949.000) 05/09 06:49:46 Image size of job updated: 3045100
	2401  -  MemoryUsage of job (MB)
	2457708  -  ResidentSetSize of job (KB)
...
006 (016.1949.000) 05/09 06:49:52 Image size of job updated: 3144428
	2446  -  MemoryUsage of job (MB)
	2503908  -  ResidentSetSize of job (KB)
...
006 (016.1949.000) 05/09 06:49:58 Image size of job updated: 3144428
	2484  -  MemoryUsage of job (MB)
	2543244  -  ResidentSetSize of job (KB)
...
006 (016.1949.000) 05/09 06:50:04 Image size of job updated: 3144428
	2517  -  MemoryUsage of job (MB)
	2577300  -  ResidentSetSize of job (KB)
...
006 (016.1949.000) 05/09 06:50:10 Image size of job updated: 3241708
	2551  -  MemoryUsage of job (MB)
	2611752  -  ResidentSetSize of job (KB)
...
006 (016.1949.000) 05/09 06:50:16 Image size of job updated: 3241708
	2584  -  MemoryUsage of job (MB)
	2645544  -  ResidentSetSize of job (KB)
...
006 (016.1949.000) 05/09 06:50:22 Image size of job updated: 3241708
	2618  -  MemoryUsage of job (MB)
	2679996  -  ResidentSetSize of job (KB)
...
006 (016.1949.000) 05/09 06:50:28 Image size of job updated: 3350252
	2650  -  MemoryUsage of job (MB)
	2712600  -  ResidentSetSize of job (KB)
...
006 (016.1949.000) 05/09 06:50:34 Image size of job updated: 3372780
	2683  -  MemoryUsage of job (MB)
	2747316  -  ResidentSetSize of job (KB)
...
006 (016.1949.000) 05/09 06:50:40 Image size of job updated: 3421932
	2720  -  MemoryUsage of job (MB)
	2784804  -  ResidentSetSize of job (KB)
...
006 (016.1949.000) 05/09 06:50:46 Image size of job updated: 3421932
	2757  -  MemoryUsage of job (MB)
	2822424  -  ResidentSetSize of job (KB)
...
006 (016.1949.000) 05/09 06:50:52 Image size of job updated: 3498732
	2794  -  MemoryUsage of job (MB)
	2860836  -  ResidentSetSize of job (KB)
...
006 (016.1949.000) 05/09 06:50:58 Image size of job updated: 3516140
	2831  -  MemoryUsage of job (MB)
	2898456  -  ResidentSetSize of job (KB)
...
006 (016.1949.000) 05/09 06:51:04 Image size of job updated: 3516140
	2868  -  MemoryUsage of job (MB)
	2936604  -  ResidentSetSize of job (KB)
...
006 (016.1949.000) 05/09 06:51:10 Image size of job updated: 3613420
	2903  -  MemoryUsage of job (MB)
	2972112  -  ResidentSetSize of job (KB)
...
006 (016.1949.000) 05/09 06:51:16 Image size of job updated: 3625708
	2937  -  MemoryUsage of job (MB)
	3007092  -  ResidentSetSize of job (KB)
...
006 (016.1949.000) 05/09 06:51:22 Image size of job updated: 3679980
	2973  -  MemoryUsage of job (MB)
	3043524  -  ResidentSetSize of job (KB)
...
006 (016.1949.000) 05/09 06:51:28 Image size of job updated: 3717868
	3008  -  MemoryUsage of job (MB)
	3079824  -  ResidentSetSize of job (KB)
...
006 (016.1949.000) 05/09 06:51:34 Image size of job updated: 3749612
	3045  -  MemoryUsage of job (MB)
	3117312  -  ResidentSetSize of job (KB)
...
006 (016.1949.000) 05/09 06:51:40 Image size of job updated: 3749612
	3081  -  MemoryUsage of job (MB)
	3154008  -  ResidentSetSize of job (KB)
...
006 (016.1949.000) 05/09 06:51:46 Image size of job updated: 3800812
	3116  -  MemoryUsage of job (MB)
	3189780  -  ResidentSetSize of job (KB)
...
006 (016.1949.000) 05/09 06:51:52 Image size of job updated: 3800812
	3150  -  MemoryUsage of job (MB)
	3224892  -  ResidentSetSize of job (KB)
...
006 (016.1949.000) 05/09 06:51:58 Image size of job updated: 3895020
	3184  -  MemoryUsage of job (MB)
	3260136  -  ResidentSetSize of job (KB)
...
006 (016.1949.000) 05/09 06:52:04 Image size of job updated: 3895020
	3219  -  MemoryUsage of job (MB)
	3296172  -  ResidentSetSize of job (KB)
...
006 (016.1949.000) 05/09 06:52:10 Image size of job updated: 3895020
	3255  -  MemoryUsage of job (MB)
	3332340  -  ResidentSetSize of job (KB)
...
006 (016.1949.000) 05/09 06:52:16 Image size of job updated: 3985132
	3288  -  MemoryUsage of job (MB)
	3366792  -  ResidentSetSize of job (KB)
...
006 (016.1949.000) 05/09 06:52:22 Image size of job updated: 3985132
	3322  -  MemoryUsage of job (MB)
	3400980  -  ResidentSetSize of job (KB)
...
006 (016.1949.000) 05/09 06:52:28 Image size of job updated: 4070124
	3355  -  MemoryUsage of job (MB)
	3435300  -  ResidentSetSize of job (KB)
...
006 (016.1949.000) 05/09 06:52:34 Image size of job updated: 4070124
	3389  -  MemoryUsage of job (MB)
	3470148  -  ResidentSetSize of job (KB)
...
006 (016.1949.000) 05/09 06:52:40 Image size of job updated: 4070124
	3423  -  MemoryUsage of job (MB)
	3504732  -  ResidentSetSize of job (KB)
...
006 (016.1949.000) 05/09 06:52:46 Image size of job updated: 4156140
	3456  -  MemoryUsage of job (MB)
	3538524  -  ResidentSetSize of job (KB)
...
006 (016.1949.000) 05/09 06:52:52 Image size of job updated: 4156140
	3489  -  MemoryUsage of job (MB)
	3572712  -  ResidentSetSize of job (KB)
...
006 (016.1949.000) 05/09 06:52:58 Image size of job updated: 4240108
	3522  -  MemoryUsage of job (MB)
	3606240  -  ResidentSetSize of job (KB)
...
006 (016.1949.000) 05/09 06:53:04 Image size of job updated: 4240108
	3556  -  MemoryUsage of job (MB)
	3640428  -  ResidentSetSize of job (KB)
...
006 (016.1949.000) 05/09 06:53:10 Image size of job updated: 4240108
	3590  -  MemoryUsage of job (MB)
	3675408  -  ResidentSetSize of job (KB)
...
006 (016.1949.000) 05/09 06:53:16 Image size of job updated: 4333292
	3625  -  MemoryUsage of job (MB)
	3711048  -  ResidentSetSize of job (KB)
...
006 (016.1949.000) 05/09 06:53:22 Image size of job updated: 4333292
	3660  -  MemoryUsage of job (MB)
	3747612  -  ResidentSetSize of job (KB)
...
006 (016.1949.000) 05/09 06:53:28 Image size of job updated: 4424428
	3696  -  MemoryUsage of job (MB)
	3784704  -  ResidentSetSize of job (KB)
...
006 (016.1949.000) 05/09 06:53:34 Image size of job updated: 4424428
	3732  -  MemoryUsage of job (MB)
	3821400  -  ResidentSetSize of job (KB)
...
006 (016.1949.000) 05/09 06:53:46 Image size of job updated: 4510444
	3732  -  MemoryUsage of job (MB)
	3821400  -  ResidentSetSize of job (KB)
...
006 (016.1949.000) 05/09 06:53:58 Image size of job updated: 4574956
	3761  -  MemoryUsage of job (MB)
	3850704  -  ResidentSetSize of job (KB)
...
006 (016.1949.000) 05/09 06:54:04 Image size of job updated: 4600556
	3795  -  MemoryUsage of job (MB)
	3885156  -  ResidentSetSize of job (KB)
...
006 (016.1949.000) 05/09 06:54:10 Image size of job updated: 4600556
	3828  -  MemoryUsage of job (MB)
	3919080  -  ResidentSetSize of job (KB)
...
006 (016.1949.000) 05/09 06:54:16 Image size of job updated: 4691692
	3861  -  MemoryUsage of job (MB)
	3953532  -  ResidentSetSize of job (KB)
...
006 (016.1949.000) 05/09 06:54:22 Image size of job updated: 4691692
	3895  -  MemoryUsage of job (MB)
	3987720  -  ResidentSetSize of job (KB)
...
006 (016.1949.000) 05/09 06:54:28 Image size of job updated: 4691692
	3929  -  MemoryUsage of job (MB)
	4022964  -  ResidentSetSize of job (KB)
...
006 (016.1949.000) 05/09 06:54:34 Image size of job updated: 4776684
	3957  -  MemoryUsage of job (MB)
	4051080  -  ResidentSetSize of job (KB)
...
006 (016.1949.000) 05/09 06:54:40 Image size of job updated: 4816620
	3992  -  MemoryUsage of job (MB)
	4087512  -  ResidentSetSize of job (KB)
...
006 (016.1949.000) 05/09 06:54:46 Image size of job updated: 4870892
	4028  -  MemoryUsage of job (MB)
	4124340  -  ResidentSetSize of job (KB)
...
006 (016.1949.000) 05/09 06:54:52 Image size of job updated: 4919020
	4065  -  MemoryUsage of job (MB)
	4161828  -  ResidentSetSize of job (KB)
...
006 (016.1949.000) 05/09 06:54:58 Image size of job updated: 4919020
	4107  -  MemoryUsage of job (MB)
	4205388  -  ResidentSetSize of job (KB)
...
006 (016.1949.000) 05/09 06:55:04 Image size of job updated: 4981484
	4145  -  MemoryUsage of job (MB)
	4244196  -  ResidentSetSize of job (KB)
...
006 (016.1949.000) 05/09 06:55:11 Image size of job updated: 4981484
	4184  -  MemoryUsage of job (MB)
	4283664  -  ResidentSetSize of job (KB)
...
006 (016.1949.000) 05/09 06:55:16 Image size of job updated: 5080812
	4211  -  MemoryUsage of job (MB)
	4312044  -  ResidentSetSize of job (KB)
...
006 (016.1949.000) 05/09 06:55:21 Image size of job updated: 5080812
	4224  -  MemoryUsage of job (MB)
	4325112  -  ResidentSetSize of job (KB)
...
006 (016.1949.000) 05/09 06:55:27 Image size of job updated: 5080812
	4233  -  MemoryUsage of job (MB)
	4333824  -  ResidentSetSize of job (KB)
...
006 (016.1949.000) 05/09 06:55:31 Image size of job updated: 5263084
	4398  -  MemoryUsage of job (MB)
	4502784  -  ResidentSetSize of job (KB)
...
006 (016.1949.000) 05/09 06:55:36 Image size of job updated: 5353964
	4433  -  MemoryUsage of job (MB)
	4538424  -  ResidentSetSize of job (KB)
...
005 (016.1949.000) 05/09 06:55:40 Job terminated.
	(1) Normal termination (return value 0)
		Usr 0 00:25:19, Sys 0 00:00:12  -  Run Remote Usage
		Usr 0 00:00:00, Sys 0 00:00:00  -  Run Local Usage
		Usr 0 00:25:19, Sys 0 00:00:12  -  Total Remote Usage
		Usr 0 00:00:00, Sys 0 00:00:00  -  Total Local Usage
	0  -  Run Bytes Sent By Job
	0  -  Run Bytes Received By Job
	0  -  Total Bytes Sent By Job
	0  -  Total Bytes Received By Job
	Partitionable Resources :      Usage  Request Allocated 
	   Cpus                 :       0.94        1         1 
	   Disk (KB)            : 2000000     2000000   6275465 
	   Memory (MB)          :    4433        1954      2007 
...
