000 (205.4164.000) 05/06 03:19:28 Job submitted from host: <127.0.0.1:9618?addrs=127.0.0.1-9618&noUDP&sock=222_da1d_4>
...
033 (205.4164.000) 05/06 14:22:47 Changing job attribute JobPrio from 0 to -5
...
000 (007.4164.000) 05/07 19:00:07 Job submitted from host: <127.0.0.1:9618?addrs=127.0.0.1-9618&noUDP&sock=215_0cf3_4>
...
000 (016.4164.000) 05/08 15:57:15 Job submitted from host: <127.0.0.1:9618?addrs=127.0.0.1-9618&noUDP&sock=227_4816_4>
...
009 (016.4164.000) 05/09 16:54:45 Job was aborted by the user.
	via condor_rm (by user aw868)
...
000 (017.831.000) 05/09 17:25:59 Job submitted from host: <127.0.0.1:9618?addrs=127.0.0.1-9618&noUDP&sock=227_4816_4>
...
001 (017.831.000) 05/09 23:24:34 Job executing on host: <127.0.0.1:9618?addrs=127.0.0.1-9618&noUDP&sock=227_4816_5>
...
006 (017.831.000) 05/09 23:24:40 Image size of job updated: 2000000
	115  -  MemoryUsage of job (MB)
	116952  -  ResidentSetSize of job (KB)
...
006 (017.831.000) 05/09 23:25:10 Image size of job updated: 2000000
	210  -  MemoryUsage of job (MB)
	214764  -  ResidentSetSize of job (KB)
...
006 (017.831.000) 05/09 23:25:16 Image size of job updated: 2000000
	211  -  MemoryUsage of job (MB)
	215556  -  ResidentSetSize of job (KB)
...
006 (017.831.000) 05/09 23:25:22 Image size of job updated: 2000000
	219  -  MemoryUsage of job (MB)
	224004  -  ResidentSetSize of job (KB)
...
006 (017.831.000) 05/09 23:25:28 Image size of job updated: 2000000
	233  -  MemoryUsage of job (MB)
	238392  -  ResidentSetSize of job (KB)
...
006 (017.831.000) 05/09 23:25:34 Image size of job updated: 2000000
	249  -  MemoryUsage of job (MB)
	254232  -  ResidentSetSize of job (KB)
...
006 (017.831.000) 05/09 23:25:40 Image size of job updated: 2000000
	263  -  MemoryUsage of job (MB)
	268884  -  ResidentSetSize of job (KB)
...
006 (017.831.000) 05/09 23:25:46 Image size of job updated: 2000000
	273  -  MemoryUsage of job (MB)
	279444  -  ResidentSetSize of job (KB)
...
006 (017.831.000) 05/09 23:25:52 Image size of job updated: 2000000
	307  -  MemoryUsage of job (MB)
	314160  -  ResidentSetSize of job (KB)
...
006 (017.831.000) 05/09 23:25:58 Image size of job updated: 2000000
	355  -  MemoryUsage of job (MB)
	362736  -  ResidentSetSize of job (KB)
...
006 (017.831.000) 05/09 23:26:04 Image size of job updated: 2000000
	380  -  MemoryUsage of job (MB)
	388740  -  ResidentSetSize of job (KB)
...
006 (017.831.000) 05/09 23:26:10 Image size of job updated: 2000000
	414  -  MemoryUsage of job (MB)
	423060  -  ResidentSetSize of job (KB)
...
006 (017.831.000) 05/09 23:26:16 Image size of job updated: 2000000
	490  -  MemoryUsage of job (MB)
	501468  -  ResidentSetSize of job (KB)
...
006 (017.831.000) 05/09 23:26:22 Image size of job updated: 2000000
	555  -  MemoryUsage of job (MB)
	567468  -  ResidentSetSize of job (KB)
...
006 (017.831.000) 05/09 23:26:28 Image size of job updated: 2000000
	1245  -  MemoryUsage of job (MB)
	1274460  -  ResidentSetSize of job (KB)
...
006 (017.831.000) 05/09 23:43:16 Image size of job updated: 2368980
	1580  -  MemoryUsage of job (MB)
	1617396  -  ResidentSetSize of job (KB)
...
006 (017.831.000) 05/09 23:43:21 Image size of job updated: 2368980
	1713  -  MemoryUsage of job (MB)
	1753224  -  ResidentSetSize of job (KB)
...
006 (017.831.000) 05/09 23:43:26 Image size of job updated: 2654452
	1959  -  MemoryUsage of job (MB)
	2005080  -  ResidentSetSize of job (KB)
...
006 (017.831.000) 05/09 23:43:31 Image size of job updated: 2654452
	2001  -  MemoryUsage of job (MB)
	2048508  -  ResidentSetSize of job (KB)
...
006 (017.831.000) 05/09 23:43:36 Image size of job updated: 2725108
	2067  -  MemoryUsage of job (MB)
	2115960  -  ResidentSetSize of job (KB)
...
006 (017.831.000) 05/09 23:43:41 Image size of job updated: 2854132
	2168  -  MemoryUsage of job (MB)
	2219844  -  ResidentSetSize of job (KB)
...
006 (017.831.000) 05/09 23:43:46 Image size of job updated: 2936052
	2244  -  MemoryUsage of job (MB)
	2297460  -  ResidentSetSize of job (KB)
...
006 (017.831.000) 05/09 23:43:51 Image size of job updated: 2936052
	2299  -  MemoryUsage of job (MB)
	2353296  -  ResidentSetSize of job (KB)
...
006 (017.831.000) 05/09 23:43:56 Image size of job updated: 3043572
	2350  -  MemoryUsage of job (MB)
	2405436  -  ResidentSetSize of job (KB)
...
006 (017.831.000) 05/09 23:44:01 Image size of job updated: 3043572
	2399  -  MemoryUsage of job (MB)
	2456388  -  ResidentSetSize of job (KB)
...
006 (017.831.000) 05/09 23:44:06 Image size of job updated: 3152116
	2449  -  MemoryUsage of job (MB)
	2507208  -  ResidentSetSize of job (KB)
...
006 (017.831.000) 05/09 23:44:11 Image size of job updated: 3201268
	2499  -  MemoryUsage of job (MB)
	2558424  -  ResidentSetSize of job (KB)
...
006 (017.831.000) 05/09 23:44:16 Image size of job updated: 3256564
	2550  -  MemoryUsage of job (MB)
	2610300  -  ResidentSetSize of job (KB)
...
006 (017.831.000) 05/09 23:44:21 Image size of job updated: 3307764
	2600  -  MemoryUsage of job (MB)
	2661516  -  ResidentSetSize of job (KB)
...
006 (017.831.000) 05/09 23:44:26 Image size of job updated: 3307764
	2651  -  MemoryUsage of job (MB)
	2714316  -  ResidentSetSize of job (KB)
...
006 (017.831.000) 05/09 23:44:31 Image size of job updated: 3373300
	2703  -  MemoryUsage of job (MB)
	2766852  -  ResidentSetSize of job (KB)
...
006 (017.831.000) 05/09 23:44:36 Image size of job updated: 3373300
	2753  -  MemoryUsage of job (MB)
	2818596  -  ResidentSetSize of job (KB)
...
006 (017.831.000) 05/09 23:44:41 Image size of job updated: 3373300
	2804  -  MemoryUsage of job (MB)
	2870736  -  ResidentSetSize of job (KB)
...
006 (017.831.000) 05/09 23:44:46 Image size of job updated: 3557620
	2853  -  MemoryUsage of job (MB)
	2921424  -  ResidentSetSize of job (KB)
...
006 (017.831.000) 05/09 23:44:51 Image size of job updated: 3557620
	2904  -  MemoryUsage of job (MB)
	2972772  -  ResidentSetSize of job (KB)
...
006 (017.831.000) 05/09 23:44:56 Image size of job updated: 3622132
	2955  -  MemoryUsage of job (MB)
	3025704  -  ResidentSetSize of job (KB)
...
006 (017.831.000) 05/09 23:45:01 Image size of job updated: 3682548
	3006  -  MemoryUsage of job (MB)
	3078108  -  ResidentSetSize of job (KB)
...
006 (017.831.000) 05/09 23:45:06 Image size of job updated: 3682548
	3056  -  MemoryUsage of job (MB)
	3128532  -  ResidentSetSize of job (KB)
...
006 (017.831.000) 05/09 23:45:11 Image size of job updated: 3682548
	3106  -  MemoryUsage of job (MB)
	3179616  -  ResidentSetSize of job (KB)
...
006 (017.831.000) 05/09 23:45:16 Image size of job updated: 3834100
	3151  -  MemoryUsage of job (MB)
	3226344  -  ResidentSetSize of job (KB)
...
006 (017.831.000) 05/09 23:45:21 Image size of job updated: 3834100
	3199  -  MemoryUsage of job (MB)
	3275448  -  ResidentSetSize of job (KB)
...
006 (017.831.000) 05/09 23:45:26 Image size of job updated: 3834100
	3248  -  MemoryUsage of job (MB)
	3325608  -  ResidentSetSize of job (KB)
...
006 (017.831.000) 05/09 23:45:31 Image size of job updated: 3991796
	3298  -  MemoryUsage of job (MB)
	3376164  -  ResidentSetSize of job (KB)
...
006 (017.831.000) 05/09 23:45:36 Image size of job updated: 4032756
	3345  -  MemoryUsage of job (MB)
	3425268  -  ResidentSetSize of job (KB)
...
006 (017.831.000) 05/09 23:45:41 Image size of job updated: 4032756
	3393  -  MemoryUsage of job (MB)
	3473976  -  ResidentSetSize of job (KB)
...
006 (017.831.000) 05/09 23:45:46 Image size of job updated: 4140276
	3442  -  MemoryUsage of job (MB)
	3523872  -  ResidentSetSize of job (KB)
...
006 (017.831.000) 05/09 23:45:51 Image size of job updated: 4140276
	3489  -  MemoryUsage of job (MB)
	3571788  -  ResidentSetSize of job (KB)
...
006 (017.831.000) 05/09 23:45:56 Image size of job updated: 4237556
	3536  -  MemoryUsage of job (MB)
	3620364  -  ResidentSetSize of job (KB)
...
006 (017.831.000) 05/09 23:46:01 Image size of job updated: 4308212
	3585  -  MemoryUsage of job (MB)
	3670128  -  ResidentSetSize of job (KB)
...
006 (017.831.000) 05/09 23:46:06 Image size of job updated: 4308212
	3632  -  MemoryUsage of job (MB)
	3718704  -  ResidentSetSize of job (KB)
...
006 (017.831.000) 05/09 23:46:11 Image size of job updated: 4308212
	3679  -  MemoryUsage of job (MB)
	3767280  -  ResidentSetSize of job (KB)
...
006 (017.831.000) 05/09 23:46:16 Image size of job updated: 4454644
	3727  -  MemoryUsage of job (MB)
	3816120  -  ResidentSetSize of job (KB)
...
006 (017.831.000) 05/09 23:46:21 Image size of job updated: 4483316
	3775  -  MemoryUsage of job (MB)
	3864960  -  ResidentSetSize of job (KB)
...
006 (017.831.000) 05/09 23:46:26 Image size of job updated: 4537588
	3824  -  MemoryUsage of job (MB)
	3915252  -  ResidentSetSize of job (KB)
...
006 (017.831.000) 05/09 23:46:31 Image size of job updated: 4613364
	3873  -  MemoryUsage of job (MB)
	3965940  -  ResidentSetSize of job (KB)
...
006 (017.831.000) 05/09 23:46:36 Image size of job updated: 4638964
	3923  -  MemoryUsage of job (MB)
	4016364  -  ResidentSetSize of job (KB)
...
006 (017.831.000) 05/09 23:46:41 Image size of job updated: 4638964
	3972  -  MemoryUsage of job (MB)
	4066656  -  ResidentSetSize of job (KB)
...
006 (017.831.000) 05/09 23:46:46 Image size of job updated: 4763892
	4021  -  MemoryUsage of job (MB)
	4116552  -  ResidentSetSize of job (KB)
...
006 (017.831.000) 05/09 23:46:51 Image size of job updated: 4763892
	4070  -  MemoryUsage of job (MB)
	4166976  -  ResidentSetSize of job (KB)
...
006 (017.831.000) 05/09 23:46:56 Image size of job updated: 4763892
	4118  -  MemoryUsage of job (MB)
	4216080  -  ResidentSetSize of job (KB)
...
006 (017.831.000) 05/09 23:47:01 Image size of job updated: 4913396
	4167  -  MemoryUsage of job (MB)
	4266108  -  ResidentSetSize of job (KB)
...
006 (017.831.000) 05/09 23:47:06 Image size of job updated: 4913396
	4217  -  MemoryUsage of job (MB)
	4317192  -  ResidentSetSize of job (KB)
...
006 (017.831.000) 05/09 23:47:11 Image size of job updated: 4913396
	4278  -  MemoryUsage of job (MB)
	4380024  -  ResidentSetSize of job (KB)
...
006 (017.831.000) 05/09 23:47:16 Image size of job updated: 4913396
	4327  -  MemoryUsage of job (MB)
	4430184  -  ResidentSetSize of job (KB)
...
006 (017.831.000) 05/09 23:47:21 Image size of job updated: 5108980
	4375  -  MemoryUsage of job (MB)
	4479684  -  ResidentSetSize of job (KB)
...
006 (017.831.000) 05/09 23:47:26 Image size of job updated: 5108980
	4424  -  MemoryUsage of job (MB)
	4529448  -  ResidentSetSize of job (KB)
...
006 (017.831.000) 05/09 23:47:31 Image size of job updated: 5108980
	4473  -  MemoryUsage of job (MB)
	4579344  -  ResidentSetSize of job (KB)
...
006 (017.831.000) 05/09 23:47:36 Image size of job updated: 5234932
	4520  -  MemoryUsage of job (MB)
	4628052  -  ResidentSetSize of job (KB)
...
006 (017.831.000) 05/09 23:47:41 Image size of job updated: 5234932
	4568  -  MemoryUsage of job (MB)
	4676760  -  ResidentSetSize of job (KB)
...
006 (017.831.000) 05/09 23:47:46 Image size of job updated: 5234932
	4617  -  MemoryUsage of job (MB)
	4727316  -  ResidentSetSize of job (KB)
...
006 (017.831.000) 05/09 23:47:51 Image size of job updated: 5392628
	4669  -  MemoryUsage of job (MB)
	4780644  -  ResidentSetSize of job (KB)
...
006 (017.831.000) 05/09 23:47:56 Image size of job updated: 5392628
	4722  -  MemoryUsage of job (MB)
	4835028  -  ResidentSetSize of job (KB)
...
006 (017.831.000) 05/09 23:48:01 Image size of job updated: 5392628
	4785  -  MemoryUsage of job (MB)
	4899444  -  ResidentSetSize of job (KB)
...
006 (017.831.000) 05/09 23:48:06 Image size of job updated: 5392628
	4847  -  MemoryUsage of job (MB)
	4962936  -  ResidentSetSize of job (KB)
...
006 (017.831.000) 05/09 23:48:11 Image size of job updated: 5617908
	4901  -  MemoryUsage of job (MB)
	5017980  -  ResidentSetSize of job (KB)
...
006 (017.831.000) 05/09 23:48:16 Image size of job updated: 5702900
	4955  -  MemoryUsage of job (MB)
	5073684  -  ResidentSetSize of job (KB)
...
006 (017.831.000) 05/09 23:48:21 Image size of job updated: 5774580
	5013  -  MemoryUsage of job (MB)
	5132424  -  ResidentSetSize of job (KB)
...
006 (017.831.000) 05/09 23:48:26 Image size of job updated: 5783796
	5063  -  MemoryUsage of job (MB)
	5184432  -  ResidentSetSize of job (KB)
...
006 (017.831.000) 05/09 23:48:31 Image size of job updated: 5783796
	5114  -  MemoryUsage of job (MB)
	5236704  -  ResidentSetSize of job (KB)
...
006 (017.831.000) 05/09 23:48:36 Image size of job updated: 5783796
	5164  -  MemoryUsage of job (MB)
	5287392  -  ResidentSetSize of job (KB)
...
006 (017.831.000) 05/09 23:48:41 Image size of job updated: 5938420
	5213  -  MemoryUsage of job (MB)
	5337288  -  ResidentSetSize of job (KB)
...
006 (017.831.000) 05/09 23:48:47 Image size of job updated: 5938420
	5272  -  MemoryUsage of job (MB)
	5398404  -  ResidentSetSize of job (KB)
...
006 (017.831.000) 05/09 23:48:53 Image size of job updated: 6089972
	5333  -  MemoryUsage of job (MB)
	5460048  -  ResidentSetSize of job (KB)
...
006 (017.831.000) 05/09 23:48:59 Image size of job updated: 6121716
	5393  -  MemoryUsage of job (MB)
	5521428  -  ResidentSetSize of job (KB)
...
006 (017.831.000) 05/09 23:49:05 Image size of job updated: 6189300
	5454  -  MemoryUsage of job (MB)
	5583996  -  ResidentSetSize of job (KB)
...
006 (017.831.000) 05/09 23:49:11 Image size of job updated: 6244596
	5514  -  MemoryUsage of job (MB)
	5645904  -  ResidentSetSize of job (KB)
...
006 (017.831.000) 05/09 23:49:17 Image size of job updated: 6244596
	5575  -  MemoryUsage of job (MB)
	5708604  -  ResidentSetSize of job (KB)
...
006 (017.831.000) 05/09 23:49:23 Image size of job updated: 6399220
	5636  -  MemoryUsage of job (MB)
	5770644  -  ResidentSetSize of job (KB)
...
006 (017.831.000) 05/09 23:49:29 Image size of job updated: 6399220
	5697  -  MemoryUsage of job (MB)
	5833608  -  ResidentSetSize of job (KB)
...
006 (017.831.000) 05/09 23:49:35 Image size of job updated: 6399220
	5757  -  MemoryUsage of job (MB)
	5895120  -  ResidentSetSize of job (KB)
...
006 (017.831.000) 05/09 23:49:41 Image size of job updated: 6559988
	5816  -  MemoryUsage of job (MB)
	5955444  -  ResidentSetSize of job (KB)
...
006 (017.831.000) 05/09 23:49:47 Image size of job updated: 6559988
	5871  -  MemoryUsage of job (MB)
	6011016  -  ResidentSetSize of job (KB)
...
006 (017.831.000) 05/09 23:49:53 Image size of job updated: 6710516
	5929  -  MemoryUsage of job (MB)
	6070416  -  ResidentSetSize of job (KB)
...
006 (017.831.000) 05/09 23:49:59 Image size of job updated: 6710516
	5987  -  MemoryUsage of job (MB)
	6129948  -  ResidentSetSize of job (KB)
...
006 (017.831.000) 05/09 23:50:05 Image size of job updated: 6710516
	6045  -  MemoryUsage of job (MB)
	6189084  -  ResidentSetSize of job (KB)
...
006 (017.831.000) 05/09 23:50:11 Image size of job updated: 6879476
	6105  -  MemoryUsage of job (MB)
	6250728  -  ResidentSetSize of job (KB)
...
006 (017.831.000) 05/09 23:50:17 Image size of job updated: 6879476
	6161  -  MemoryUsage of job (MB)
	6308148  -  ResidentSetSize of job (KB)
...
006 (017.831.000) 05/09 23:50:23 Image size of job updated: 6879476
	6200  -  MemoryUsage of job (MB)
	6348408  -  ResidentSetSize of job (KB)
...
006 (017.831.000) 05/09 23:50:29 Image size of job updated: 7036148
	6245  -  MemoryUsage of job (MB)
	6394476  -  ResidentSetSize of job (KB)
...
006 (017.831.000) 05/09 23:50:35 Image size of job updated: 7036148
	6296  -  MemoryUsage of job (MB)
	6446748  -  ResidentSetSize of job (KB)
...
006 (017.831.000) 05/09 23:50:41 Image size of job updated: 7036148
	6302  -  MemoryUsage of job (MB)
	6452556  -  ResidentSetSize of job (KB)
...
006 (017.831.000) 05/09 23:50:47 Image size of job updated: 7216372
	6491  -  MemoryUsage of job (MB)
	6646464  -  ResidentSetSize of job (KB)
...
006 (017.831.000) 05/09 23:50:53 Image size of job updated: 7216372
	6601  -  MemoryUsage of job (MB)
	6759192  -  ResidentSetSize of job (KB)
...
005 (017.831.000) 05/09 23:50:59 Job terminated.
	(1) Normal termination (return value 0)
		Usr 0 00:25:29, Sys 0 00:00:10  -  Run Remote Usage
		Usr 0 00:00:00, Sys 0 00:00:00  -  Run Local Usage
		Usr 0 00:25:29, Sys 0 00:00:10  -  Total Remote Usage
		Usr 0 00:00:00, Sys 0 00:00:00  -  Total Local Usage
	0  -  Run Bytes Sent By Job
	0  -  Run Bytes Received By Job
	0  -  Total Bytes Sent By Job
	0  -  Total Bytes Received By Job
	Partitionable Resources :      Usage  Request Allocated 
	   Cpus                 :       0.99        1         1 
	   Disk (KB)            : 2000000     2000000   6275465 
	   Memory (MB)          :    6601        1954      2007 
...
