000 (016.830.000) 05/10 03:37:38 Job submitted from host: <127.0.0.1:9618?addrs=127.0.0.1-9618&noUDP&sock=212_fe2a_4>
...
001 (016.830.000) 05/10 08:17:42 Job executing on host: <127.0.0.1:9618?addrs=127.0.0.1-9618&noUDP&sock=212_fe2a_5>
...
006 (016.830.000) 05/10 08:17:48 Image size of job updated: 2000000
	101  -  MemoryUsage of job (MB)
	102960  -  ResidentSetSize of job (KB)
...
006 (016.830.000) 05/10 08:18:42 Image size of job updated: 2000000
	177  -  MemoryUsage of job (MB)
	180312  -  ResidentSetSize of job (KB)
...
006 (016.830.000) 05/10 08:18:48 Image size of job updated: 2000000
	184  -  MemoryUsage of job (MB)
	188232  -  ResidentSetSize of job (KB)
...
006 (016.830.000) 05/10 08:18:53 Image size of job updated: 2000000
	188  -  MemoryUsage of job (MB)
	191532  -  ResidentSetSize of job (KB)
...
006 (016.830.000) 05/10 08:18:58 Image size of job updated: 2000000
	198  -  MemoryUsage of job (MB)
	202752  -  ResidentSetSize of job (KB)
...
006 (016.830.000) 05/10 08:19:03 Image size of job updated: 2000000
	210  -  MemoryUsage of job (MB)
	214104  -  ResidentSetSize of job (KB)
...
006 (016.830.000) 05/10 08:19:09 Image size of job updated: 2000000
	221  -  MemoryUsage of job (MB)
	225456  -  ResidentSetSize of job (KB)
...
006 (016.830.000) 05/10 08:19:15 Image size of job updated: 2000000
	233  -  MemoryUsage of job (MB)
	237996  -  ResidentSetSize of job (KB)
...
006 (016.830.000) 05/10 08:19:21 Image size of job updated: 2000000
	241  -  MemoryUsage of job (MB)
	246180  -  ResidentSetSize of job (KB)
...
006 (016.830.000) 05/10 08:19:27 Image size of job updated: 2000000
	282  -  MemoryUsage of job (MB)
	288552  -  ResidentSetSize of job (KB)
...
006 (016.830.000) 05/10 08:19:33 Image size of job updated: 2000000
	321  -  MemoryUsage of job (MB)
	328020  -  ResidentSetSize of job (KB)
...
006 (016.830.000) 05/10 08:19:39 Image size of job updated: 2000000
	329  -  MemoryUsage of job (MB)
	336204  -  ResidentSetSize of job (KB)
...
006 (016.830.000) 05/10 08:19:45 Image size of job updated: 2000000
	411  -  MemoryUsage of job (MB)
	420288  -  ResidentSetSize of job (KB)
...
006 (016.830.000) 05/10 08:19:51 Image size of job updated: 2000000
	470  -  MemoryUsage of job (MB)
	481008  -  ResidentSetSize of job (KB)
...
006 (016.830.000) 05/10 08:19:57 Image size of job updated: 2000000
	1169  -  MemoryUsage of job (MB)
	1196184  -  ResidentSetSize of job (KB)
...
006 (016.830.000) 05/10 08:34:13 Image size of job updated: 2000000
	1169  -  MemoryUsage of job (MB)
	1196712  -  ResidentSetSize of job (KB)
...
006 (016.830.000) 05/10 08:34:19 Image size of job updated: 2000000
	1171  -  MemoryUsage of job (MB)
	1198164  -  ResidentSetSize of job (KB)
...
006 (016.830.000) 05/10 08:34:25 Image size of job updated: 2000000
	1249  -  MemoryUsage of job (MB)
	1278024  -  ResidentSetSize of job (KB)
...
006 (016.830.000) 05/10 08:34:31 Image size of job updated: 2000000
	1620  -  MemoryUsage of job (MB)
	1658052  -  ResidentSetSize of job (KB)
...
006 (016.830.000) 05/10 08:34:37 Image size of job updated: 2000000
	1924  -  MemoryUsage of job (MB)
	1969968  -  ResidentSetSize of job (KB)
...
006 (016.830.000) 05/10 08:34:43 Image size of job updated: 2603752
	1924  -  MemoryUsage of job (MB)
	1969968  -  ResidentSetSize of job (KB)
...
006 (016.830.000) 05/10 08:34:49 Image size of job updated: 2604008
	1928  -  MemoryUsage of job (MB)
	1973796  -  ResidentSetSize of job (KB)
...
006 (016.830.000) 05/10 08:34:55 Image size of job updated: 2617320
	1945  -  MemoryUsage of job (MB)
	1990824  -  ResidentSetSize of job (KB)
...
006 (016.830.000) 05/10 08:35:01 Image size of job updated: 2617320
	1961  -  MemoryUsage of job (MB)
	2007852  -  ResidentSetSize of job (KB)
...
006 (016.830.000) 05/10 08:35:07 Image size of job updated: 2617320
	1977  -  MemoryUsage of job (MB)
	2024220  -  ResidentSetSize of job (KB)
...
006 (016.830.000) 05/10 08:35:13 Image size of job updated: 2664424
	1991  -  MemoryUsage of job (MB)
	2037948  -  ResidentSetSize of job (KB)
...
006 (016.830.000) 05/10 08:35:19 Image size of job updated: 2678760
	2005  -  MemoryUsage of job (MB)
	2052732  -  ResidentSetSize of job (KB)
...
006 (016.830.000) 05/10 08:35:25 Image size of job updated: 2693096
	2019  -  MemoryUsage of job (MB)
	2066460  -  ResidentSetSize of job (KB)
...
006 (016.830.000) 05/10 08:35:31 Image size of job updated: 2693096
	2033  -  MemoryUsage of job (MB)
	2081112  -  ResidentSetSize of job (KB)
...
006 (016.830.000) 05/10 08:35:37 Image size of job updated: 2693096
	2047  -  MemoryUsage of job (MB)
	2095764  -  ResidentSetSize of job (KB)
...
006 (016.830.000) 05/10 08:35:43 Image size of job updated: 2728936
	2060  -  MemoryUsage of job (MB)
	2108436  -  ResidentSetSize of job (KB)
...
006 (016.830.000) 05/10 08:35:49 Image size of job updated: 2728936
	2073  -  MemoryUsage of job (MB)
	2121900  -  ResidentSetSize of job (KB)
...
006 (016.830.000) 05/10 08:35:55 Image size of job updated: 2761704
	2086  -  MemoryUsage of job (MB)
	2135760  -  ResidentSetSize of job (KB)
...
006 (016.830.000) 05/10 08:36:01 Image size of job updated: 2761704
	2101  -  MemoryUsage of job (MB)
	2150412  -  ResidentSetSize of job (KB)
...
006 (016.830.000) 05/10 08:36:07 Image size of job updated: 2792424
	2118  -  MemoryUsage of job (MB)
	2168100  -  ResidentSetSize of job (KB)
...
006 (016.830.000) 05/10 08:36:13 Image size of job updated: 2801640
	2131  -  MemoryUsage of job (MB)
	2181432  -  ResidentSetSize of job (KB)
...
006 (016.830.000) 05/10 08:36:19 Image size of job updated: 2813928
	2145  -  MemoryUsage of job (MB)
	2195952  -  ResidentSetSize of job (KB)
...
006 (016.830.000) 05/10 08:36:25 Image size of job updated: 2841576
	2160  -  MemoryUsage of job (MB)
	2211792  -  ResidentSetSize of job (KB)
...
006 (016.830.000) 05/10 08:36:31 Image size of job updated: 2855912
	2174  -  MemoryUsage of job (MB)
	2225916  -  ResidentSetSize of job (KB)
...
006 (016.830.000) 05/10 08:36:37 Image size of job updated: 2862056
	2189  -  MemoryUsage of job (MB)
	2241492  -  ResidentSetSize of job (KB)
...
006 (016.830.000) 05/10 08:36:43 Image size of job updated: 2877416
	2204  -  MemoryUsage of job (MB)
	2256672  -  ResidentSetSize of job (KB)
...
006 (016.830.000) 05/10 08:36:49 Image size of job updated: 2877416
	2220  -  MemoryUsage of job (MB)
	2272644  -  ResidentSetSize of job (KB)
...
006 (016.830.000) 05/10 08:36:55 Image size of job updated: 2915304
	2235  -  MemoryUsage of job (MB)
	2287692  -  ResidentSetSize of job (KB)
...
006 (016.830.000) 05/10 08:37:01 Image size of job updated: 2925544
	2250  -  MemoryUsage of job (MB)
	2303796  -  ResidentSetSize of job (KB)
...
006 (016.830.000) 05/10 08:37:07 Image size of job updated: 2946024
	2266  -  MemoryUsage of job (MB)
	2319768  -  ResidentSetSize of job (KB)
...
006 (016.830.000) 05/10 08:37:13 Image size of job updated: 2957288
	2280  -  MemoryUsage of job (MB)
	2334552  -  ResidentSetSize of job (KB)
...
006 (016.830.000) 05/10 08:37:19 Image size of job updated: 2957288
	2296  -  MemoryUsage of job (MB)
	2350128  -  ResidentSetSize of job (KB)
...
006 (016.830.000) 05/10 08:37:25 Image size of job updated: 2996200
	2313  -  MemoryUsage of job (MB)
	2367552  -  ResidentSetSize of job (KB)
...
006 (016.830.000) 05/10 08:37:32 Image size of job updated: 2998248
	2330  -  MemoryUsage of job (MB)
	2384976  -  ResidentSetSize of job (KB)
...
006 (016.830.000) 05/10 08:37:37 Image size of job updated: 2998248
	2345  -  MemoryUsage of job (MB)
	2400948  -  ResidentSetSize of job (KB)
...
006 (016.830.000) 05/10 08:37:42 Image size of job updated: 3046376
	2363  -  MemoryUsage of job (MB)
	2419032  -  ResidentSetSize of job (KB)
...
006 (016.830.000) 05/10 08:37:47 Image size of job updated: 3046376
	2379  -  MemoryUsage of job (MB)
	2435928  -  ResidentSetSize of job (KB)
...
006 (016.830.000) 05/10 08:37:52 Image size of job updated: 3083240
	2397  -  MemoryUsage of job (MB)
	2453616  -  ResidentSetSize of job (KB)
...
006 (016.830.000) 05/10 08:37:57 Image size of job updated: 3100648
	2414  -  MemoryUsage of job (MB)
	2471172  -  ResidentSetSize of job (KB)
...
006 (016.830.000) 05/10 08:38:02 Image size of job updated: 3100648
	2431  -  MemoryUsage of job (MB)
	2488728  -  ResidentSetSize of job (KB)
...
006 (016.830.000) 05/10 08:38:07 Image size of job updated: 3100648
	2445  -  MemoryUsage of job (MB)
	2502852  -  ResidentSetSize of job (KB)
...
006 (016.830.000) 05/10 08:38:12 Image size of job updated: 3144680
	2457  -  MemoryUsage of job (MB)
	2514996  -  ResidentSetSize of job (KB)
...
006 (016.830.000) 05/10 08:38:17 Image size of job updated: 3144680
	2470  -  MemoryUsage of job (MB)
	2529252  -  ResidentSetSize of job (KB)
...
006 (016.830.000) 05/10 08:38:22 Image size of job updated: 3144680
	2482  -  MemoryUsage of job (MB)
	2541264  -  ResidentSetSize of job (KB)
...
006 (016.830.000) 05/10 08:38:27 Image size of job updated: 3183592
	2494  -  MemoryUsage of job (MB)
	2553672  -  ResidentSetSize of job (KB)
...
006 (016.830.000) 05/10 08:38:32 Image size of job updated: 3183592
	2506  -  MemoryUsage of job (MB)
	2565288  -  ResidentSetSize of job (KB)
...
006 (016.830.000) 05/10 08:38:37 Image size of job updated: 3183592
	2519  -  MemoryUsage of job (MB)
	2578488  -  ResidentSetSize of job (KB)
...
006 (016.830.000) 05/10 08:38:42 Image size of job updated: 3183592
	2530  -  MemoryUsage of job (MB)
	2590104  -  ResidentSetSize of job (KB)
...
006 (016.830.000) 05/10 08:38:47 Image size of job updated: 3224552
	2544  -  MemoryUsage of job (MB)
	2604228  -  ResidentSetSize of job (KB)
...
006 (016.830.000) 05/10 08:38:52 Image size of job updated: 3224552
	2555  -  MemoryUsage of job (MB)
	2616240  -  ResidentSetSize of job (KB)
...
006 (016.830.000) 05/10 08:38:57 Image size of job updated: 3224552
	2566  -  MemoryUsage of job (MB)
	2626932  -  ResidentSetSize of job (KB)
...
006 (016.830.000) 05/10 08:39:02 Image size of job updated: 3264488
	2578  -  MemoryUsage of job (MB)
	2639868  -  ResidentSetSize of job (KB)
...
006 (016.830.000) 05/10 08:39:07 Image size of job updated: 3264488
	2592  -  MemoryUsage of job (MB)
	2653464  -  ResidentSetSize of job (KB)
...
006 (016.830.000) 05/10 08:39:12 Image size of job updated: 3264488
	2604  -  MemoryUsage of job (MB)
	2666004  -  ResidentSetSize of job (KB)
...
006 (016.830.000) 05/10 08:39:17 Image size of job updated: 3303400
	2617  -  MemoryUsage of job (MB)
	2678940  -  ResidentSetSize of job (KB)
...
006 (016.830.000) 05/10 08:39:22 Image size of job updated: 3303400
	2629  -  MemoryUsage of job (MB)
	2691744  -  ResidentSetSize of job (KB)
...
006 (016.830.000) 05/10 08:39:27 Image size of job updated: 3326952
	2642  -  MemoryUsage of job (MB)
	2704812  -  ResidentSetSize of job (KB)
...
006 (016.830.000) 05/10 08:39:32 Image size of job updated: 3342312
	2652  -  MemoryUsage of job (MB)
	2714844  -  ResidentSetSize of job (KB)
...
006 (016.830.000) 05/10 08:39:37 Image size of job updated: 3342312
	2663  -  MemoryUsage of job (MB)
	2726460  -  ResidentSetSize of job (KB)
...
006 (016.830.000) 05/10 08:39:42 Image size of job updated: 3342312
	2674  -  MemoryUsage of job (MB)
	2737680  -  ResidentSetSize of job (KB)
...
006 (016.830.000) 05/10 08:39:47 Image size of job updated: 3378152
	2686  -  MemoryUsage of job (MB)
	2749560  -  ResidentSetSize of job (KB)
...
006 (016.830.000) 05/10 08:39:52 Image size of job updated: 3378152
	2698  -  MemoryUsage of job (MB)
	2762496  -  ResidentSetSize of job (KB)
...
006 (016.830.000) 05/10 08:39:57 Image size of job updated: 3399656
	2709  -  MemoryUsage of job (MB)
	2773452  -  ResidentSetSize of job (KB)
...
006 (016.830.000) 05/10 08:40:02 Image size of job updated: 3413992
	2721  -  MemoryUsage of job (MB)
	2785464  -  ResidentSetSize of job (KB)
...
006 (016.830.000) 05/10 08:40:08 Image size of job updated: 3419112
	2734  -  MemoryUsage of job (MB)
	2799588  -  ResidentSetSize of job (KB)
...
006 (016.830.000) 05/10 08:40:14 Image size of job updated: 3644392
	2945  -  MemoryUsage of job (MB)
	3015672  -  ResidentSetSize of job (KB)
...
005 (016.830.000) 05/10 08:40:18 Job terminated.
	(1) Normal termination (return value 0)
		Usr 0 00:21:41, Sys 0 00:00:02  -  Run Remote Usage
		Usr 0 00:00:00, Sys 0 00:00:00  -  Run Local Usage
		Usr 0 00:21:41, Sys 0 00:00:02  -  Total Remote Usage
		Usr 0 00:00:00, Sys 0 00:00:00  -  Total Local Usage
	0  -  Run Bytes Sent By Job
	0  -  Run Bytes Received By Job
	0  -  Total Bytes Sent By Job
	0  -  Total Bytes Received By Job
	Partitionable Resources :      Usage  Request Allocated 
	   Cpus                 :       0.98        1         1 
	   Disk (KB)            : 2000000     2000000   6232219 
	   Memory (MB)          :    2945        1954      2007 
...
