000 (040.9559.000) 04/27 18:46:49 Job submitted from host: <127.0.0.1:9618?addrs=127.0.0.1-9618&noUDP&sock=222_da1d_4>
...
001 (040.9559.000) 04/28 10:22:43 Job executing on host: <127.0.0.1:9618?addrs=127.0.0.1-9618&noUDP&sock=222_da1d_5>
...
006 (040.9559.000) 04/28 10:22:48 Image size of job updated: 331980
	325  -  MemoryUsage of job (MB)
	331980  -  ResidentSetSize of job (KB)
...
006 (040.9559.000) 04/28 10:22:53 Image size of job updated: 644508
	627  -  MemoryUsage of job (MB)
	641124  -  ResidentSetSize of job (KB)
...
006 (040.9559.000) 04/28 10:22:58 Image size of job updated: 695376
	665  -  MemoryUsage of job (MB)
	680460  -  ResidentSetSize of job (KB)
...
005 (040.9559.000) 04/28 10:25:25 Job terminated.
	(1) Normal termination (return value 0)
		Usr 0 00:02:39, Sys 0 00:00:00  -  Run Remote Usage
		Usr 0 00:00:00, Sys 0 00:00:00  -  Run Local Usage
		Usr 0 00:02:39, Sys 0 00:00:00  -  Total Remote Usage
		Usr 0 00:00:00, Sys 0 00:00:00  -  Total Local Usage
	0  -  Run Bytes Sent By Job
	0  -  Run Bytes Received By Job
	0  -  Total Bytes Sent By Job
	0  -  Total Bytes Received By Job
	Partitionable Resources :    Usage  Request Allocated 
	   Cpus                 :     0.99        1         1 
	   Disk (KB)            :     1           1   6540465 
	   Memory (MB)          :   665           1      2007 
...
