000 (040.1807.000) 04/27 18:42:36 Job submitted from host: <127.0.0.1:9618?addrs=127.0.0.1-9618&noUDP&sock=222_da1d_4>
...
001 (040.1807.000) 04/28 04:33:18 Job executing on host: <127.0.0.1:9618?addrs=127.0.0.1-9618&noUDP&sock=222_da1d_5>
...
006 (040.1807.000) 04/28 04:33:23 Image size of job updated: 344124
	337  -  MemoryUsage of job (MB)
	344124  -  ResidentSetSize of job (KB)
...
006 (040.1807.000) 04/28 04:33:28 Image size of job updated: 674256
	659  -  MemoryUsage of job (MB)
	674256  -  ResidentSetSize of job (KB)
...
006 (040.1807.000) 04/28 04:33:33 Image size of job updated: 680592
	665  -  MemoryUsage of job (MB)
	680592  -  ResidentSetSize of job (KB)
...
006 (040.1807.000) 04/28 04:33:38 Image size of job updated: 695376
	665  -  MemoryUsage of job (MB)
	680592  -  ResidentSetSize of job (KB)
...
005 (040.1807.000) 04/28 04:36:05 Job terminated.
	(1) Normal termination (return value 0)
		Usr 0 00:02:44, Sys 0 00:00:00  -  Run Remote Usage
		Usr 0 00:00:00, Sys 0 00:00:00  -  Run Local Usage
		Usr 0 00:02:44, Sys 0 00:00:00  -  Total Remote Usage
		Usr 0 00:00:00, Sys 0 00:00:00  -  Total Local Usage
	0  -  Run Bytes Sent By Job
	0  -  Run Bytes Received By Job
	0  -  Total Bytes Sent By Job
	0  -  Total Bytes Received By Job
	Partitionable Resources :    Usage  Request Allocated 
	   Cpus                 :     0.99        1         1 
	   Disk (KB)            :     1           1   6540465 
	   Memory (MB)          :   665           1      2007 
...
