000 (005.1919.000) 05/05 20:22:23 Job submitted from host: <127.0.0.1:9618?addrs=127.0.0.1-9618&noUDP&sock=227_4816_4>
...
001 (005.1919.000) 05/06 08:35:23 Job executing on host: <127.0.0.1:9618?addrs=127.0.0.1-9618&noUDP&sock=227_4816_5>
...
006 (005.1919.000) 05/06 08:35:29 Image size of job updated: 2000000
	101  -  MemoryUsage of job (MB)
	102828  -  ResidentSetSize of job (KB)
...
006 (005.1919.000) 05/06 08:35:59 Image size of job updated: 2000000
	176  -  MemoryUsage of job (MB)
	180180  -  ResidentSetSize of job (KB)
...
006 (005.1919.000) 05/06 08:36:05 Image size of job updated: 2000000
	184  -  MemoryUsage of job (MB)
	188232  -  ResidentSetSize of job (KB)
...
006 (005.1919.000) 05/06 08:36:11 Image size of job updated: 2000000
	191  -  MemoryUsage of job (MB)
	195096  -  ResidentSetSize of job (KB)
...
006 (005.1919.000) 05/06 08:36:17 Image size of job updated: 2000000
	204  -  MemoryUsage of job (MB)
	208428  -  ResidentSetSize of job (KB)
...
006 (005.1919.000) 05/06 08:36:23 Image size of job updated: 2000000
	215  -  MemoryUsage of job (MB)
	219912  -  ResidentSetSize of job (KB)
...
006 (005.1919.000) 05/06 08:36:29 Image size of job updated: 2000000
	229  -  MemoryUsage of job (MB)
	233904  -  ResidentSetSize of job (KB)
...
006 (005.1919.000) 05/06 08:36:35 Image size of job updated: 2000000
	238  -  MemoryUsage of job (MB)
	242880  -  ResidentSetSize of job (KB)
...
006 (005.1919.000) 05/06 08:36:41 Image size of job updated: 2000000
	253  -  MemoryUsage of job (MB)
	258060  -  ResidentSetSize of job (KB)
...
006 (005.1919.000) 05/06 08:36:47 Image size of job updated: 2000000
	298  -  MemoryUsage of job (MB)
	304788  -  ResidentSetSize of job (KB)
...
006 (005.1919.000) 05/06 08:36:53 Image size of job updated: 2000000
	329  -  MemoryUsage of job (MB)
	336072  -  ResidentSetSize of job (KB)
...
006 (005.1919.000) 05/06 08:36:59 Image size of job updated: 2000000
	384  -  MemoryUsage of job (MB)
	392436  -  ResidentSetSize of job (KB)
...
006 (005.1919.000) 05/06 08:37:05 Image size of job updated: 2000000
	453  -  MemoryUsage of job (MB)
	463716  -  ResidentSetSize of job (KB)
...
006 (005.1919.000) 05/06 08:37:11 Image size of job updated: 2000000
	1171  -  MemoryUsage of job (MB)
	1198296  -  ResidentSetSize of job (KB)
...
006 (005.1919.000) 05/06 08:50:59 Image size of job updated: 2000000
	1173  -  MemoryUsage of job (MB)
	1200276  -  ResidentSetSize of job (KB)
...
006 (005.1919.000) 05/06 08:51:04 Image size of job updated: 2000000
	1212  -  MemoryUsage of job (MB)
	1240536  -  ResidentSetSize of job (KB)
...
006 (005.1919.000) 05/06 08:51:09 Image size of job updated: 2000000
	1553  -  MemoryUsage of job (MB)
	1590204  -  ResidentSetSize of job (KB)
...
006 (005.1919.000) 05/06 08:51:14 Image size of job updated: 2000000
	1675  -  MemoryUsage of job (MB)
	1714416  -  ResidentSetSize of job (KB)
...
006 (005.1919.000) 05/06 08:51:19 Image size of job updated: 2000000
	1885  -  MemoryUsage of job (MB)
	1929708  -  ResidentSetSize of job (KB)
...
006 (005.1919.000) 05/06 08:51:24 Image size of job updated: 2561000
	1892  -  MemoryUsage of job (MB)
	1936968  -  ResidentSetSize of job (KB)
...
006 (005.1919.000) 05/06 08:51:29 Image size of job updated: 2561000
	1915  -  MemoryUsage of job (MB)
	1960332  -  ResidentSetSize of job (KB)
...
006 (005.1919.000) 05/06 08:51:34 Image size of job updated: 2561000
	1932  -  MemoryUsage of job (MB)
	1977492  -  ResidentSetSize of job (KB)
...
006 (005.1919.000) 05/06 08:51:39 Image size of job updated: 2618344
	1945  -  MemoryUsage of job (MB)
	1990824  -  ResidentSetSize of job (KB)
...
006 (005.1919.000) 05/06 08:51:44 Image size of job updated: 2618344
	1954  -  MemoryUsage of job (MB)
	2000196  -  ResidentSetSize of job (KB)
...
006 (005.1919.000) 05/06 08:51:49 Image size of job updated: 2618344
	1963  -  MemoryUsage of job (MB)
	2010096  -  ResidentSetSize of job (KB)
...
006 (005.1919.000) 05/06 08:51:54 Image size of job updated: 2649064
	1974  -  MemoryUsage of job (MB)
	2020920  -  ResidentSetSize of job (KB)
...
006 (005.1919.000) 05/06 08:51:59 Image size of job updated: 2649064
	1984  -  MemoryUsage of job (MB)
	2030820  -  ResidentSetSize of job (KB)
...
006 (005.1919.000) 05/06 08:52:04 Image size of job updated: 2649064
	1997  -  MemoryUsage of job (MB)
	2044152  -  ResidentSetSize of job (KB)
...
006 (005.1919.000) 05/06 08:52:09 Image size of job updated: 2679784
	2004  -  MemoryUsage of job (MB)
	2051280  -  ResidentSetSize of job (KB)
...
006 (005.1919.000) 05/06 08:52:14 Image size of job updated: 2686952
	2015  -  MemoryUsage of job (MB)
	2062500  -  ResidentSetSize of job (KB)
...
006 (005.1919.000) 05/06 08:52:19 Image size of job updated: 2686952
	2022  -  MemoryUsage of job (MB)
	2070420  -  ResidentSetSize of job (KB)
...
006 (005.1919.000) 05/06 08:52:24 Image size of job updated: 2709480
	2032  -  MemoryUsage of job (MB)
	2080716  -  ResidentSetSize of job (KB)
...
006 (005.1919.000) 05/06 08:52:29 Image size of job updated: 2718696
	2041  -  MemoryUsage of job (MB)
	2089692  -  ResidentSetSize of job (KB)
...
006 (005.1919.000) 05/06 08:52:34 Image size of job updated: 2718696
	2049  -  MemoryUsage of job (MB)
	2097612  -  ResidentSetSize of job (KB)
...
006 (005.1919.000) 05/06 08:52:39 Image size of job updated: 2735080
	2057  -  MemoryUsage of job (MB)
	2106192  -  ResidentSetSize of job (KB)
...
006 (005.1919.000) 05/06 08:52:44 Image size of job updated: 2735080
	2066  -  MemoryUsage of job (MB)
	2114640  -  ResidentSetSize of job (KB)
...
006 (005.1919.000) 05/06 08:52:49 Image size of job updated: 2735080
	2074  -  MemoryUsage of job (MB)
	2123088  -  ResidentSetSize of job (KB)
...
006 (005.1919.000) 05/06 08:52:54 Image size of job updated: 2760680
	2082  -  MemoryUsage of job (MB)
	2131932  -  ResidentSetSize of job (KB)
...
006 (005.1919.000) 05/06 08:52:59 Image size of job updated: 2767848
	2091  -  MemoryUsage of job (MB)
	2141172  -  ResidentSetSize of job (KB)
...
006 (005.1919.000) 05/06 08:53:04 Image size of job updated: 2767848
	2101  -  MemoryUsage of job (MB)
	2150676  -  ResidentSetSize of job (KB)
...
006 (005.1919.000) 05/06 08:53:09 Image size of job updated: 2788328
	2109  -  MemoryUsage of job (MB)
	2158728  -  ResidentSetSize of job (KB)
...
006 (005.1919.000) 05/06 08:53:14 Image size of job updated: 2788328
	2118  -  MemoryUsage of job (MB)
	2167968  -  ResidentSetSize of job (KB)
...
006 (005.1919.000) 05/06 08:53:19 Image size of job updated: 2788328
	2126  -  MemoryUsage of job (MB)
	2176680  -  ResidentSetSize of job (KB)
...
006 (005.1919.000) 05/06 08:53:24 Image size of job updated: 2815976
	2135  -  MemoryUsage of job (MB)
	2186184  -  ResidentSetSize of job (KB)
...
006 (005.1919.000) 05/06 08:53:29 Image size of job updated: 2819048
	2143  -  MemoryUsage of job (MB)
	2193576  -  ResidentSetSize of job (KB)
...
006 (005.1919.000) 05/06 08:53:34 Image size of job updated: 2826216
	2153  -  MemoryUsage of job (MB)
	2203740  -  ResidentSetSize of job (KB)
...
006 (005.1919.000) 05/06 08:53:39 Image size of job updated: 2844648
	2163  -  MemoryUsage of job (MB)
	2214828  -  ResidentSetSize of job (KB)
...
006 (005.1919.000) 05/06 08:53:44 Image size of job updated: 2846696
	2172  -  MemoryUsage of job (MB)
	2224068  -  ResidentSetSize of job (KB)
...
006 (005.1919.000) 05/06 08:53:49 Image size of job updated: 2846696
	2183  -  MemoryUsage of job (MB)
	2234628  -  ResidentSetSize of job (KB)
...
006 (005.1919.000) 05/06 08:53:54 Image size of job updated: 2874344
	2193  -  MemoryUsage of job (MB)
	2244792  -  ResidentSetSize of job (KB)
...
006 (005.1919.000) 05/06 08:53:59 Image size of job updated: 2881512
	2200  -  MemoryUsage of job (MB)
	2252316  -  ResidentSetSize of job (KB)
...
006 (005.1919.000) 05/06 08:54:04 Image size of job updated: 2885608
	2208  -  MemoryUsage of job (MB)
	2260632  -  ResidentSetSize of job (KB)
...
006 (005.1919.000) 05/06 08:54:09 Image size of job updated: 2885608
	2215  -  MemoryUsage of job (MB)
	2268156  -  ResidentSetSize of job (KB)
...
006 (005.1919.000) 05/06 08:54:14 Image size of job updated: 2901992
	2225  -  MemoryUsage of job (MB)
	2278056  -  ResidentSetSize of job (KB)
...
006 (005.1919.000) 05/06 08:54:19 Image size of job updated: 2914280
	2233  -  MemoryUsage of job (MB)
	2286504  -  ResidentSetSize of job (KB)
...
006 (005.1919.000) 05/06 08:54:24 Image size of job updated: 2921448
	2241  -  MemoryUsage of job (MB)
	2294028  -  ResidentSetSize of job (KB)
...
006 (005.1919.000) 05/06 08:54:29 Image size of job updated: 2926568
	2248  -  MemoryUsage of job (MB)
	2301948  -  ResidentSetSize of job (KB)
...
006 (005.1919.000) 05/06 08:54:34 Image size of job updated: 2926568
	2257  -  MemoryUsage of job (MB)
	2310264  -  ResidentSetSize of job (KB)
...
006 (005.1919.000) 05/06 08:54:39 Image size of job updated: 2926568
	2265  -  MemoryUsage of job (MB)
	2318712  -  ResidentSetSize of job (KB)
...
006 (005.1919.000) 05/06 08:54:44 Image size of job updated: 2951144
	2274  -  MemoryUsage of job (MB)
	2327556  -  ResidentSetSize of job (KB)
...
006 (005.1919.000) 05/06 08:54:49 Image size of job updated: 2951144
	2280  -  MemoryUsage of job (MB)
	2334156  -  ResidentSetSize of job (KB)
...
006 (005.1919.000) 05/06 08:54:54 Image size of job updated: 2951144
	2291  -  MemoryUsage of job (MB)
	2345376  -  ResidentSetSize of job (KB)
...
006 (005.1919.000) 05/06 08:54:59 Image size of job updated: 2978792
	2298  -  MemoryUsage of job (MB)
	2352768  -  ResidentSetSize of job (KB)
...
006 (005.1919.000) 05/06 08:55:04 Image size of job updated: 2978792
	2307  -  MemoryUsage of job (MB)
	2362272  -  ResidentSetSize of job (KB)
...
006 (005.1919.000) 05/06 08:55:09 Image size of job updated: 2978792
	2315  -  MemoryUsage of job (MB)
	2369796  -  ResidentSetSize of job (KB)
...
006 (005.1919.000) 05/06 08:55:14 Image size of job updated: 3007464
	2323  -  MemoryUsage of job (MB)
	2377980  -  ResidentSetSize of job (KB)
...
006 (005.1919.000) 05/06 08:55:19 Image size of job updated: 3007464
	2333  -  MemoryUsage of job (MB)
	2388540  -  ResidentSetSize of job (KB)
...
006 (005.1919.000) 05/06 08:55:25 Image size of job updated: 3020776
	2345  -  MemoryUsage of job (MB)
	2400816  -  ResidentSetSize of job (KB)
...
006 (005.1919.000) 05/06 08:55:31 Image size of job updated: 3035112
	2356  -  MemoryUsage of job (MB)
	2411772  -  ResidentSetSize of job (KB)
...
006 (005.1919.000) 05/06 08:55:37 Image size of job updated: 3049448
	2365  -  MemoryUsage of job (MB)
	2421012  -  ResidentSetSize of job (KB)
...
006 (005.1919.000) 05/06 08:55:43 Image size of job updated: 3060712
	2376  -  MemoryUsage of job (MB)
	2432364  -  ResidentSetSize of job (KB)
...
006 (005.1919.000) 05/06 08:55:49 Image size of job updated: 3069928
	2387  -  MemoryUsage of job (MB)
	2443848  -  ResidentSetSize of job (KB)
...
006 (005.1919.000) 05/06 08:55:55 Image size of job updated: 3077096
	2397  -  MemoryUsage of job (MB)
	2453748  -  ResidentSetSize of job (KB)
...
006 (005.1919.000) 05/06 08:56:01 Image size of job updated: 3090408
	2408  -  MemoryUsage of job (MB)
	2465364  -  ResidentSetSize of job (KB)
...
006 (005.1919.000) 05/06 08:56:07 Image size of job updated: 3090408
	2418  -  MemoryUsage of job (MB)
	2475660  -  ResidentSetSize of job (KB)
...
006 (005.1919.000) 05/06 08:56:13 Image size of job updated: 3090408
	2429  -  MemoryUsage of job (MB)
	2487012  -  ResidentSetSize of job (KB)
...
006 (005.1919.000) 05/06 08:56:19 Image size of job updated: 3117032
	2438  -  MemoryUsage of job (MB)
	2496384  -  ResidentSetSize of job (KB)
...
006 (005.1919.000) 05/06 08:56:25 Image size of job updated: 3117032
	2449  -  MemoryUsage of job (MB)
	2507076  -  ResidentSetSize of job (KB)
...
006 (005.1919.000) 05/06 08:56:31 Image size of job updated: 3145704
	2460  -  MemoryUsage of job (MB)
	2518956  -  ResidentSetSize of job (KB)
...
006 (005.1919.000) 05/06 08:56:37 Image size of job updated: 3145704
	2472  -  MemoryUsage of job (MB)
	2530836  -  ResidentSetSize of job (KB)
...
006 (005.1919.000) 05/06 08:56:43 Image size of job updated: 3145704
	2484  -  MemoryUsage of job (MB)
	2543376  -  ResidentSetSize of job (KB)
...
006 (005.1919.000) 05/06 08:56:49 Image size of job updated: 3175400
	2497  -  MemoryUsage of job (MB)
	2556048  -  ResidentSetSize of job (KB)
...
006 (005.1919.000) 05/06 08:56:55 Image size of job updated: 3175400
	2506  -  MemoryUsage of job (MB)
	2565684  -  ResidentSetSize of job (KB)
...
006 (005.1919.000) 05/06 08:57:01 Image size of job updated: 3202024
	2516  -  MemoryUsage of job (MB)
	2575716  -  ResidentSetSize of job (KB)
...
006 (005.1919.000) 05/06 08:57:07 Image size of job updated: 3214312
	2526  -  MemoryUsage of job (MB)
	2586540  -  ResidentSetSize of job (KB)
...
006 (005.1919.000) 05/06 08:57:13 Image size of job updated: 3223528
	2537  -  MemoryUsage of job (MB)
	2597232  -  ResidentSetSize of job (KB)
...
006 (005.1919.000) 05/06 08:57:19 Image size of job updated: 3229672
	2547  -  MemoryUsage of job (MB)
	2607528  -  ResidentSetSize of job (KB)
...
006 (005.1919.000) 05/06 08:57:25 Image size of job updated: 3229672
	2556  -  MemoryUsage of job (MB)
	2616900  -  ResidentSetSize of job (KB)
...
006 (005.1919.000) 05/06 08:57:31 Image size of job updated: 3254248
	2564  -  MemoryUsage of job (MB)
	2625084  -  ResidentSetSize of job (KB)
...
006 (005.1919.000) 05/06 08:57:37 Image size of job updated: 3254248
	2574  -  MemoryUsage of job (MB)
	2635644  -  ResidentSetSize of job (KB)
...
006 (005.1919.000) 05/06 08:57:43 Image size of job updated: 3271656
	2584  -  MemoryUsage of job (MB)
	2645148  -  ResidentSetSize of job (KB)
...
006 (005.1919.000) 05/06 08:57:49 Image size of job updated: 3281896
	2592  -  MemoryUsage of job (MB)
	2653200  -  ResidentSetSize of job (KB)
...
006 (005.1919.000) 05/06 08:57:55 Image size of job updated: 3281896
	2602  -  MemoryUsage of job (MB)
	2663496  -  ResidentSetSize of job (KB)
...
006 (005.1919.000) 05/06 08:58:01 Image size of job updated: 3302376
	2611  -  MemoryUsage of job (MB)
	2673396  -  ResidentSetSize of job (KB)
...
006 (005.1919.000) 05/06 08:58:07 Image size of job updated: 3302376
	2623  -  MemoryUsage of job (MB)
	2685804  -  ResidentSetSize of job (KB)
...
006 (005.1919.000) 05/06 08:58:13 Image size of job updated: 3302376
	2631  -  MemoryUsage of job (MB)
	2693988  -  ResidentSetSize of job (KB)
...
006 (005.1919.000) 05/06 08:58:19 Image size of job updated: 3420136
	2844  -  MemoryUsage of job (MB)
	2911260  -  ResidentSetSize of job (KB)
...
005 (005.1919.000) 05/06 08:58:25 Job terminated.
	(1) Normal termination (return value 0)
		Usr 0 00:22:31, Sys 0 00:00:03  -  Run Remote Usage
		Usr 0 00:00:00, Sys 0 00:00:00  -  Run Local Usage
		Usr 0 00:22:31, Sys 0 00:00:03  -  Total Remote Usage
		Usr 0 00:00:00, Sys 0 00:00:00  -  Total Local Usage
	0  -  Run Bytes Sent By Job
	0  -  Run Bytes Received By Job
	0  -  Total Bytes Sent By Job
	0  -  Total Bytes Received By Job
	Partitionable Resources :      Usage  Request Allocated 
	   Cpus                 :       1.00        1         1 
	   Disk (KB)            : 2000000     2000000   6275465 
	   Memory (MB)          :    2844        1954      2007 
...
