000 (205.3078.000) 05/06 03:18:49 Job submitted from host: <127.0.0.1:9618?addrs=127.0.0.1-9618&noUDP&sock=222_da1d_4>
...
033 (205.3078.000) 05/06 14:22:23 Changing job attribute JobPrio from 0 to -5
...
000 (007.3078.000) 05/07 18:59:55 Job submitted from host: <127.0.0.1:9618?addrs=127.0.0.1-9618&noUDP&sock=215_0cf3_4>
...
000 (016.3078.000) 05/08 15:57:04 Job submitted from host: <127.0.0.1:9618?addrs=127.0.0.1-9618&noUDP&sock=227_4816_4>
...
001 (016.3078.000) 05/09 14:36:24 Job executing on host: <127.0.0.1:9618?addrs=127.0.0.1-9618&noUDP&sock=227_4816_5>
...
006 (016.3078.000) 05/09 14:36:29 Image size of job updated: 2000000
	115  -  MemoryUsage of job (MB)
	117216  -  ResidentSetSize of job (KB)
...
006 (016.3078.000) 05/09 14:36:54 Image size of job updated: 2000000
	173  -  MemoryUsage of job (MB)
	176352  -  ResidentSetSize of job (KB)
...
006 (016.3078.000) 05/09 14:36:59 Image size of job updated: 2000000
	211  -  MemoryUsage of job (MB)
	215688  -  ResidentSetSize of job (KB)
...
006 (016.3078.000) 05/09 14:37:04 Image size of job updated: 2000000
	211  -  MemoryUsage of job (MB)
	215952  -  ResidentSetSize of job (KB)
...
006 (016.3078.000) 05/09 14:37:09 Image size of job updated: 2000000
	214  -  MemoryUsage of job (MB)
	218988  -  ResidentSetSize of job (KB)
...
006 (016.3078.000) 05/09 14:37:14 Image size of job updated: 2000000
	224  -  MemoryUsage of job (MB)
	229284  -  ResidentSetSize of job (KB)
...
006 (016.3078.000) 05/09 14:37:19 Image size of job updated: 2000000
	234  -  MemoryUsage of job (MB)
	239448  -  ResidentSetSize of job (KB)
...
006 (016.3078.000) 05/09 14:37:24 Image size of job updated: 2000000
	243  -  MemoryUsage of job (MB)
	248556  -  ResidentSetSize of job (KB)
...
006 (016.3078.000) 05/09 14:37:29 Image size of job updated: 2000000
	251  -  MemoryUsage of job (MB)
	256872  -  ResidentSetSize of job (KB)
...
006 (016.3078.000) 05/09 14:37:34 Image size of job updated: 2000000
	258  -  MemoryUsage of job (MB)
	264000  -  ResidentSetSize of job (KB)
...
006 (016.3078.000) 05/09 14:37:39 Image size of job updated: 2000000
	266  -  MemoryUsage of job (MB)
	272316  -  ResidentSetSize of job (KB)
...
006 (016.3078.000) 05/09 14:37:44 Image size of job updated: 2000000
	276  -  MemoryUsage of job (MB)
	282348  -  ResidentSetSize of job (KB)
...
006 (016.3078.000) 05/09 14:37:49 Image size of job updated: 2000000
	311  -  MemoryUsage of job (MB)
	318120  -  ResidentSetSize of job (KB)
...
006 (016.3078.000) 05/09 14:37:54 Image size of job updated: 2000000
	359  -  MemoryUsage of job (MB)
	366696  -  ResidentSetSize of job (KB)
...
006 (016.3078.000) 05/09 14:37:59 Image size of job updated: 2000000
	377  -  MemoryUsage of job (MB)
	385308  -  ResidentSetSize of job (KB)
...
006 (016.3078.000) 05/09 14:38:04 Image size of job updated: 2000000
	413  -  MemoryUsage of job (MB)
	422400  -  ResidentSetSize of job (KB)
...
006 (016.3078.000) 05/09 14:38:09 Image size of job updated: 2000000
	469  -  MemoryUsage of job (MB)
	480084  -  ResidentSetSize of job (KB)
...
006 (016.3078.000) 05/09 14:38:14 Image size of job updated: 2000000
	517  -  MemoryUsage of job (MB)
	529056  -  ResidentSetSize of job (KB)
...
006 (016.3078.000) 05/09 14:38:19 Image size of job updated: 2000000
	1242  -  MemoryUsage of job (MB)
	1271688  -  ResidentSetSize of job (KB)
...
006 (016.3078.000) 05/09 14:55:20 Image size of job updated: 2000000
	1594  -  MemoryUsage of job (MB)
	1631388  -  ResidentSetSize of job (KB)
...
006 (016.3078.000) 05/09 14:55:26 Image size of job updated: 2445044
	1766  -  MemoryUsage of job (MB)
	1807740  -  ResidentSetSize of job (KB)
...
006 (016.3078.000) 05/09 14:55:32 Image size of job updated: 2445044
	1975  -  MemoryUsage of job (MB)
	2022372  -  ResidentSetSize of job (KB)
...
006 (016.3078.000) 05/09 14:55:38 Image size of job updated: 2445044
	2051  -  MemoryUsage of job (MB)
	2099328  -  ResidentSetSize of job (KB)
...
006 (016.3078.000) 05/09 14:55:44 Image size of job updated: 2820340
	2122  -  MemoryUsage of job (MB)
	2172192  -  ResidentSetSize of job (KB)
...
006 (016.3078.000) 05/09 14:55:50 Image size of job updated: 2971892
	2220  -  MemoryUsage of job (MB)
	2273040  -  ResidentSetSize of job (KB)
...
006 (016.3078.000) 05/09 14:55:56 Image size of job updated: 3105012
	2321  -  MemoryUsage of job (MB)
	2376660  -  ResidentSetSize of job (KB)
...
006 (016.3078.000) 05/09 14:56:02 Image size of job updated: 3159284
	2412  -  MemoryUsage of job (MB)
	2469852  -  ResidentSetSize of job (KB)
...
006 (016.3078.000) 05/09 14:56:08 Image size of job updated: 3284212
	2510  -  MemoryUsage of job (MB)
	2570172  -  ResidentSetSize of job (KB)
...
006 (016.3078.000) 05/09 14:56:14 Image size of job updated: 3367156
	2605  -  MemoryUsage of job (MB)
	2667324  -  ResidentSetSize of job (KB)
...
006 (016.3078.000) 05/09 14:56:20 Image size of job updated: 3367156
	2701  -  MemoryUsage of job (MB)
	2765136  -  ResidentSetSize of job (KB)
...
006 (016.3078.000) 05/09 14:56:26 Image size of job updated: 3576052
	2781  -  MemoryUsage of job (MB)
	2847108  -  ResidentSetSize of job (KB)
...
006 (016.3078.000) 05/09 14:56:32 Image size of job updated: 3603700
	2861  -  MemoryUsage of job (MB)
	2929476  -  ResidentSetSize of job (KB)
...
006 (016.3078.000) 05/09 14:56:38 Image size of job updated: 3668212
	2942  -  MemoryUsage of job (MB)
	3012372  -  ResidentSetSize of job (KB)
...
006 (016.3078.000) 05/09 14:56:44 Image size of job updated: 3793140
	3025  -  MemoryUsage of job (MB)
	3096984  -  ResidentSetSize of job (KB)
...
006 (016.3078.000) 05/09 14:56:50 Image size of job updated: 3793140
	3104  -  MemoryUsage of job (MB)
	3177900  -  ResidentSetSize of job (KB)
...
006 (016.3078.000) 05/09 14:56:56 Image size of job updated: 3793140
	3186  -  MemoryUsage of job (MB)
	3261588  -  ResidentSetSize of job (KB)
...
006 (016.3078.000) 05/09 14:57:02 Image size of job updated: 4034804
	3265  -  MemoryUsage of job (MB)
	3343164  -  ResidentSetSize of job (KB)
...
006 (016.3078.000) 05/09 14:57:08 Image size of job updated: 4094196
	3345  -  MemoryUsage of job (MB)
	3424872  -  ResidentSetSize of job (KB)
...
006 (016.3078.000) 05/09 14:57:14 Image size of job updated: 4215028
	3425  -  MemoryUsage of job (MB)
	3506316  -  ResidentSetSize of job (KB)
...
006 (016.3078.000) 05/09 14:57:20 Image size of job updated: 4311284
	3505  -  MemoryUsage of job (MB)
	3589080  -  ResidentSetSize of job (KB)
...
006 (016.3078.000) 05/09 14:57:26 Image size of job updated: 4311284
	3586  -  MemoryUsage of job (MB)
	3671712  -  ResidentSetSize of job (KB)
...
006 (016.3078.000) 05/09 14:57:32 Image size of job updated: 4429044
	3666  -  MemoryUsage of job (MB)
	3753024  -  ResidentSetSize of job (KB)
...
006 (016.3078.000) 05/09 14:57:38 Image size of job updated: 4429044
	3747  -  MemoryUsage of job (MB)
	3836052  -  ResidentSetSize of job (KB)
...
006 (016.3078.000) 05/09 14:57:44 Image size of job updated: 4644084
	3826  -  MemoryUsage of job (MB)
	3917364  -  ResidentSetSize of job (KB)
...
006 (016.3078.000) 05/09 14:57:50 Image size of job updated: 4659444
	3908  -  MemoryUsage of job (MB)
	4000788  -  ResidentSetSize of job (KB)
...
006 (016.3078.000) 05/09 14:57:56 Image size of job updated: 4659444
	3990  -  MemoryUsage of job (MB)
	4085004  -  ResidentSetSize of job (KB)
...
006 (016.3078.000) 05/09 14:58:02 Image size of job updated: 4877556
	4071  -  MemoryUsage of job (MB)
	4168692  -  ResidentSetSize of job (KB)
...
006 (016.3078.000) 05/09 14:58:08 Image size of job updated: 4877556
	4154  -  MemoryUsage of job (MB)
	4253172  -  ResidentSetSize of job (KB)
...
006 (016.3078.000) 05/09 14:58:14 Image size of job updated: 4877556
	4236  -  MemoryUsage of job (MB)
	4336860  -  ResidentSetSize of job (KB)
...
006 (016.3078.000) 05/09 14:58:20 Image size of job updated: 5076212
	4318  -  MemoryUsage of job (MB)
	4421472  -  ResidentSetSize of job (KB)
...
006 (016.3078.000) 05/09 14:58:27 Image size of job updated: 5076212
	4399  -  MemoryUsage of job (MB)
	4503708  -  ResidentSetSize of job (KB)
...
006 (016.3078.000) 05/09 14:58:32 Image size of job updated: 5282036
	4464  -  MemoryUsage of job (MB)
	4570896  -  ResidentSetSize of job (KB)
...
006 (016.3078.000) 05/09 14:58:37 Image size of job updated: 5282036
	4531  -  MemoryUsage of job (MB)
	4639404  -  ResidentSetSize of job (KB)
...
006 (016.3078.000) 05/09 14:58:42 Image size of job updated: 5282036
	4598  -  MemoryUsage of job (MB)
	4707648  -  ResidentSetSize of job (KB)
...
006 (016.3078.000) 05/09 14:58:47 Image size of job updated: 5498100
	4665  -  MemoryUsage of job (MB)
	4776684  -  ResidentSetSize of job (KB)
...
006 (016.3078.000) 05/09 14:58:52 Image size of job updated: 5498100
	4732  -  MemoryUsage of job (MB)
	4845324  -  ResidentSetSize of job (KB)
...
006 (016.3078.000) 05/09 14:58:57 Image size of job updated: 5498100
	4800  -  MemoryUsage of job (MB)
	4914624  -  ResidentSetSize of job (KB)
...
006 (016.3078.000) 05/09 14:59:02 Image size of job updated: 5704948
	4867  -  MemoryUsage of job (MB)
	4983660  -  ResidentSetSize of job (KB)
...
006 (016.3078.000) 05/09 14:59:07 Image size of job updated: 5727476
	4933  -  MemoryUsage of job (MB)
	5051112  -  ResidentSetSize of job (KB)
...
006 (016.3078.000) 05/09 14:59:12 Image size of job updated: 5799156
	4999  -  MemoryUsage of job (MB)
	5118828  -  ResidentSetSize of job (KB)
...
006 (016.3078.000) 05/09 14:59:17 Image size of job updated: 5907700
	5068  -  MemoryUsage of job (MB)
	5188920  -  ResidentSetSize of job (KB)
...
006 (016.3078.000) 05/09 14:59:22 Image size of job updated: 5907700
	5134  -  MemoryUsage of job (MB)
	5256240  -  ResidentSetSize of job (KB)
...
006 (016.3078.000) 05/09 14:59:27 Image size of job updated: 5907700
	5217  -  MemoryUsage of job (MB)
	5342172  -  ResidentSetSize of job (KB)
...
006 (016.3078.000) 05/09 14:59:32 Image size of job updated: 6148340
	5290  -  MemoryUsage of job (MB)
	5416884  -  ResidentSetSize of job (KB)
...
006 (016.3078.000) 05/09 14:59:37 Image size of job updated: 6148340
	5374  -  MemoryUsage of job (MB)
	5502420  -  ResidentSetSize of job (KB)
...
006 (016.3078.000) 05/09 14:59:42 Image size of job updated: 6258932
	5443  -  MemoryUsage of job (MB)
	5572908  -  ResidentSetSize of job (KB)
...
006 (016.3078.000) 05/09 14:59:47 Image size of job updated: 6373620
	5510  -  MemoryUsage of job (MB)
	5642208  -  ResidentSetSize of job (KB)
...
006 (016.3078.000) 05/09 14:59:52 Image size of job updated: 6425844
	5572  -  MemoryUsage of job (MB)
	5704908  -  ResidentSetSize of job (KB)
...
006 (016.3078.000) 05/09 14:59:57 Image size of job updated: 6515956
	5643  -  MemoryUsage of job (MB)
	5777508  -  ResidentSetSize of job (KB)
...
006 (016.3078.000) 05/09 15:00:02 Image size of job updated: 6576372
	5714  -  MemoryUsage of job (MB)
	5850768  -  ResidentSetSize of job (KB)
...
006 (016.3078.000) 05/09 15:00:07 Image size of job updated: 6627572
	5787  -  MemoryUsage of job (MB)
	5925348  -  ResidentSetSize of job (KB)
...
006 (016.3078.000) 05/09 15:00:12 Image size of job updated: 6706420
	5871  -  MemoryUsage of job (MB)
	6011148  -  ResidentSetSize of job (KB)
...
006 (016.3078.000) 05/09 15:00:17 Image size of job updated: 6796532
	5943  -  MemoryUsage of job (MB)
	6085464  -  ResidentSetSize of job (KB)
...
006 (016.3078.000) 05/09 15:00:22 Image size of job updated: 6877428
	6017  -  MemoryUsage of job (MB)
	6160704  -  ResidentSetSize of job (KB)
...
006 (016.3078.000) 05/09 15:00:27 Image size of job updated: 6877428
	6089  -  MemoryUsage of job (MB)
	6234888  -  ResidentSetSize of job (KB)
...
006 (016.3078.000) 05/09 15:00:32 Image size of job updated: 6877428
	6162  -  MemoryUsage of job (MB)
	6309072  -  ResidentSetSize of job (KB)
...
006 (016.3078.000) 05/09 15:00:37 Image size of job updated: 7088372
	6245  -  MemoryUsage of job (MB)
	6394212  -  ResidentSetSize of job (KB)
...
006 (016.3078.000) 05/09 15:00:42 Image size of job updated: 7088372
	6333  -  MemoryUsage of job (MB)
	6484764  -  ResidentSetSize of job (KB)
...
006 (016.3078.000) 05/09 15:00:47 Image size of job updated: 7088372
	6423  -  MemoryUsage of job (MB)
	6576240  -  ResidentSetSize of job (KB)
...
006 (016.3078.000) 05/09 15:00:52 Image size of job updated: 7359732
	6503  -  MemoryUsage of job (MB)
	6658872  -  ResidentSetSize of job (KB)
...
006 (016.3078.000) 05/09 15:00:57 Image size of job updated: 7359732
	6573  -  MemoryUsage of job (MB)
	6730152  -  ResidentSetSize of job (KB)
...
006 (016.3078.000) 05/09 15:01:02 Image size of job updated: 7359732
	6638  -  MemoryUsage of job (MB)
	6796944  -  ResidentSetSize of job (KB)
...
006 (016.3078.000) 05/09 15:01:07 Image size of job updated: 7572724
	6703  -  MemoryUsage of job (MB)
	6863472  -  ResidentSetSize of job (KB)
...
006 (016.3078.000) 05/09 15:01:12 Image size of job updated: 7572724
	6768  -  MemoryUsage of job (MB)
	6930000  -  ResidentSetSize of job (KB)
...
006 (016.3078.000) 05/09 15:01:17 Image size of job updated: 7572724
	6833  -  MemoryUsage of job (MB)
	6996396  -  ResidentSetSize of job (KB)
...
006 (016.3078.000) 05/09 15:01:22 Image size of job updated: 7807220
	6904  -  MemoryUsage of job (MB)
	7069128  -  ResidentSetSize of job (KB)
...
006 (016.3078.000) 05/09 15:01:27 Image size of job updated: 7900404
	6994  -  MemoryUsage of job (MB)
	7161264  -  ResidentSetSize of job (KB)
...
006 (016.3078.000) 05/09 15:01:32 Image size of job updated: 7900404
	7081  -  MemoryUsage of job (MB)
	7250496  -  ResidentSetSize of job (KB)
...
006 (016.3078.000) 05/09 15:01:37 Image size of job updated: 8043764
	7155  -  MemoryUsage of job (MB)
	7326660  -  ResidentSetSize of job (KB)
...
006 (016.3078.000) 05/09 15:01:42 Image size of job updated: 8043764
	7223  -  MemoryUsage of job (MB)
	7395828  -  ResidentSetSize of job (KB)
...
006 (016.3078.000) 05/09 15:01:47 Image size of job updated: 8043764
	7292  -  MemoryUsage of job (MB)
	7466052  -  ResidentSetSize of job (KB)
...
006 (016.3078.000) 05/09 15:01:52 Image size of job updated: 8284404
	7364  -  MemoryUsage of job (MB)
	7540632  -  ResidentSetSize of job (KB)
...
006 (016.3078.000) 05/09 15:01:57 Image size of job updated: 8284404
	7430  -  MemoryUsage of job (MB)
	7607688  -  ResidentSetSize of job (KB)
...
006 (016.3078.000) 05/09 15:02:02 Image size of job updated: 8360180
	7497  -  MemoryUsage of job (MB)
	7675932  -  ResidentSetSize of job (KB)
...
006 (016.3078.000) 05/09 15:02:07 Image size of job updated: 8485108
	7562  -  MemoryUsage of job (MB)
	7742856  -  ResidentSetSize of job (KB)
...
006 (016.3078.000) 05/09 15:02:12 Image size of job updated: 8485108
	7626  -  MemoryUsage of job (MB)
	7808592  -  ResidentSetSize of job (KB)
...
006 (016.3078.000) 05/09 15:02:17 Image size of job updated: 8485108
	7690  -  MemoryUsage of job (MB)
	7873668  -  ResidentSetSize of job (KB)
...
006 (016.3078.000) 05/09 15:02:22 Image size of job updated: 8485108
	7754  -  MemoryUsage of job (MB)
	7939536  -  ResidentSetSize of job (KB)
...
006 (016.3078.000) 05/09 15:02:27 Image size of job updated: 8713460
	7819  -  MemoryUsage of job (MB)
	8005800  -  ResidentSetSize of job (KB)
...
006 (016.3078.000) 05/09 15:02:32 Image size of job updated: 8768756
	7885  -  MemoryUsage of job (MB)
	8073780  -  ResidentSetSize of job (KB)
...
006 (016.3078.000) 05/09 15:02:37 Image size of job updated: 8768756
	7951  -  MemoryUsage of job (MB)
	8141100  -  ResidentSetSize of job (KB)
...
006 (016.3078.000) 05/09 15:02:42 Image size of job updated: 8905972
	8016  -  MemoryUsage of job (MB)
	8208288  -  ResidentSetSize of job (KB)
...
006 (016.3078.000) 05/09 15:02:47 Image size of job updated: 8905972
	8082  -  MemoryUsage of job (MB)
	8275476  -  ResidentSetSize of job (KB)
...
006 (016.3078.000) 05/09 15:02:52 Image size of job updated: 8905972
	8139  -  MemoryUsage of job (MB)
	8333820  -  ResidentSetSize of job (KB)
...
006 (016.3078.000) 05/09 15:02:57 Image size of job updated: 9116916
	8218  -  MemoryUsage of job (MB)
	8414472  -  ResidentSetSize of job (KB)
...
006 (016.3078.000) 05/09 15:03:02 Image size of job updated: 9116916
	8348  -  MemoryUsage of job (MB)
	8547396  -  ResidentSetSize of job (KB)
...
006 (016.3078.000) 05/09 15:03:07 Image size of job updated: 9116916
	8356  -  MemoryUsage of job (MB)
	8555580  -  ResidentSetSize of job (KB)
...
005 (016.3078.000) 05/09 15:03:09 Job terminated.
	(1) Normal termination (return value 0)
		Usr 0 00:26:04, Sys 0 00:00:09  -  Run Remote Usage
		Usr 0 00:00:00, Sys 0 00:00:00  -  Run Local Usage
		Usr 0 00:26:04, Sys 0 00:00:09  -  Total Remote Usage
		Usr 0 00:00:00, Sys 0 00:00:00  -  Total Local Usage
	0  -  Run Bytes Sent By Job
	0  -  Run Bytes Received By Job
	0  -  Total Bytes Sent By Job
	0  -  Total Bytes Received By Job
	Partitionable Resources :      Usage  Request Allocated 
	   Cpus                 :       0.99        1         1 
	   Disk (KB)            : 2000000     2000000   6275465 
	   Memory (MB)          :    8356        1954      2007 
...
