000 (183.024.000) 05/05 20:11:40 Job submitted from host: <127.0.0.1:9618?addrs=127.0.0.1-9618&noUDP&sock=222_da1d_4>
...
001 (183.024.000) 05/05 21:43:56 Job executing on host: <127.0.0.1:9618?addrs=127.0.0.1-9618&noUDP&sock=222_da1d_5>
...
006 (183.024.000) 05/05 21:44:02 Image size of job updated: 2000000
	101  -  MemoryUsage of job (MB)
	102828  -  ResidentSetSize of job (KB)
...
006 (183.024.000) 05/05 21:44:32 Image size of job updated: 2000000
	119  -  MemoryUsage of job (MB)
	121572  -  ResidentSetSize of job (KB)
...
006 (183.024.000) 05/05 21:44:38 Image size of job updated: 2000000
	184  -  MemoryUsage of job (MB)
	187968  -  ResidentSetSize of job (KB)
...
006 (183.024.000) 05/05 21:44:44 Image size of job updated: 2000000
	184  -  MemoryUsage of job (MB)
	188232  -  ResidentSetSize of job (KB)
...
006 (183.024.000) 05/05 21:44:50 Image size of job updated: 2000000
	193  -  MemoryUsage of job (MB)
	197208  -  ResidentSetSize of job (KB)
...
006 (183.024.000) 05/05 21:44:56 Image size of job updated: 2000000
	204  -  MemoryUsage of job (MB)
	208164  -  ResidentSetSize of job (KB)
...
006 (183.024.000) 05/05 21:45:07 Image size of job updated: 2000000
	215  -  MemoryUsage of job (MB)
	220044  -  ResidentSetSize of job (KB)
...
006 (183.024.000) 05/05 21:45:12 Image size of job updated: 2000000
	231  -  MemoryUsage of job (MB)
	236412  -  ResidentSetSize of job (KB)
...
006 (183.024.000) 05/05 21:45:17 Image size of job updated: 2000000
	234  -  MemoryUsage of job (MB)
	238656  -  ResidentSetSize of job (KB)
...
006 (183.024.000) 05/05 21:45:22 Image size of job updated: 2000000
	241  -  MemoryUsage of job (MB)
	246180  -  ResidentSetSize of job (KB)
...
006 (183.024.000) 05/05 21:45:27 Image size of job updated: 2000000
	282  -  MemoryUsage of job (MB)
	288420  -  ResidentSetSize of job (KB)
...
006 (183.024.000) 05/05 21:45:32 Image size of job updated: 2000000
	317  -  MemoryUsage of job (MB)
	323928  -  ResidentSetSize of job (KB)
...
006 (183.024.000) 05/05 21:45:37 Image size of job updated: 2000000
	328  -  MemoryUsage of job (MB)
	335412  -  ResidentSetSize of job (KB)
...
006 (183.024.000) 05/05 21:45:42 Image size of job updated: 2000000
	391  -  MemoryUsage of job (MB)
	399696  -  ResidentSetSize of job (KB)
...
006 (183.024.000) 05/05 21:45:47 Image size of job updated: 2000000
	451  -  MemoryUsage of job (MB)
	461208  -  ResidentSetSize of job (KB)
...
006 (183.024.000) 05/05 21:45:52 Image size of job updated: 2000000
	975  -  MemoryUsage of job (MB)
	998316  -  ResidentSetSize of job (KB)
...
006 (183.024.000) 05/05 21:45:57 Image size of job updated: 2000000
	1167  -  MemoryUsage of job (MB)
	1194600  -  ResidentSetSize of job (KB)
...
006 (183.024.000) 05/05 22:01:01 Image size of job updated: 2000000
	1282  -  MemoryUsage of job (MB)
	1312344  -  ResidentSetSize of job (KB)
...
006 (183.024.000) 05/05 22:01:06 Image size of job updated: 2130828
	1355  -  MemoryUsage of job (MB)
	1386660  -  ResidentSetSize of job (KB)
...
006 (183.024.000) 05/05 22:01:11 Image size of job updated: 2317004
	1499  -  MemoryUsage of job (MB)
	1534632  -  ResidentSetSize of job (KB)
...
006 (183.024.000) 05/05 22:01:16 Image size of job updated: 2317004
	1741  -  MemoryUsage of job (MB)
	1782000  -  ResidentSetSize of job (KB)
...
006 (183.024.000) 05/05 22:01:29 Image size of job updated: 2728940
	1897  -  MemoryUsage of job (MB)
	1941852  -  ResidentSetSize of job (KB)
...
006 (183.024.000) 05/05 22:01:35 Image size of job updated: 2768876
	2019  -  MemoryUsage of job (MB)
	2066856  -  ResidentSetSize of job (KB)
...
006 (183.024.000) 05/05 22:01:41 Image size of job updated: 2768876
	2165  -  MemoryUsage of job (MB)
	2216280  -  ResidentSetSize of job (KB)
...
006 (183.024.000) 05/05 22:01:47 Image size of job updated: 3131372
	2310  -  MemoryUsage of job (MB)
	2364912  -  ResidentSetSize of job (KB)
...
006 (183.024.000) 05/05 22:01:53 Image size of job updated: 3131372
	2451  -  MemoryUsage of job (MB)
	2509056  -  ResidentSetSize of job (KB)
...
006 (183.024.000) 05/05 22:01:59 Image size of job updated: 3131372
	2582  -  MemoryUsage of job (MB)
	2643432  -  ResidentSetSize of job (KB)
...
006 (183.024.000) 05/05 22:02:05 Image size of job updated: 3540972
	2695  -  MemoryUsage of job (MB)
	2758668  -  ResidentSetSize of job (KB)
...
006 (183.024.000) 05/05 22:02:14 Image size of job updated: 3540972
	2804  -  MemoryUsage of job (MB)
	2871000  -  ResidentSetSize of job (KB)
...
006 (183.024.000) 05/05 22:02:24 Image size of job updated: 3765228
	2992  -  MemoryUsage of job (MB)
	3063060  -  ResidentSetSize of job (KB)
...
006 (183.024.000) 05/05 22:02:32 Image size of job updated: 3765228
	3137  -  MemoryUsage of job (MB)
	3212220  -  ResidentSetSize of job (KB)
...
006 (183.024.000) 05/05 22:02:38 Image size of job updated: 4049900
	3242  -  MemoryUsage of job (MB)
	3319008  -  ResidentSetSize of job (KB)
...
006 (183.024.000) 05/05 22:02:44 Image size of job updated: 4049900
	3282  -  MemoryUsage of job (MB)
	3359796  -  ResidentSetSize of job (KB)
...
006 (183.024.000) 05/05 22:02:54 Image size of job updated: 4049900
	3325  -  MemoryUsage of job (MB)
	3404016  -  ResidentSetSize of job (KB)
...
006 (183.024.000) 05/05 22:03:28 Image size of job updated: 4721644
	3870  -  MemoryUsage of job (MB)
	3962640  -  ResidentSetSize of job (KB)
...
006 (183.024.000) 05/05 22:03:50 Image size of job updated: 5058540
	4138  -  MemoryUsage of job (MB)
	4237200  -  ResidentSetSize of job (KB)
...
006 (183.024.000) 05/05 22:04:03 Image size of job updated: 5169132
	4384  -  MemoryUsage of job (MB)
	4488792  -  ResidentSetSize of job (KB)
...
006 (183.024.000) 05/05 22:04:11 Image size of job updated: 5366764
	4528  -  MemoryUsage of job (MB)
	4636104  -  ResidentSetSize of job (KB)
...
006 (183.024.000) 05/05 22:04:16 Image size of job updated: 5366764
	4626  -  MemoryUsage of job (MB)
	4736556  -  ResidentSetSize of job (KB)
...
006 (183.024.000) 05/05 22:04:37 Image size of job updated: 5366764
	4661  -  MemoryUsage of job (MB)
	4771932  -  ResidentSetSize of job (KB)
...
006 (183.024.000) 05/05 22:05:28 Image size of job updated: 6511596
	5638  -  MemoryUsage of job (MB)
	5772492  -  ResidentSetSize of job (KB)
...
006 (183.024.000) 05/05 22:06:09 Image size of job updated: 7131116
	6267  -  MemoryUsage of job (MB)
	6417048  -  ResidentSetSize of job (KB)
...
006 (183.024.000) 05/05 22:06:34 Image size of job updated: 7564268
	6570  -  MemoryUsage of job (MB)
	6727644  -  ResidentSetSize of job (KB)
...
006 (183.024.000) 05/05 22:06:49 Image size of job updated: 7746540
	6770  -  MemoryUsage of job (MB)
	6932112  -  ResidentSetSize of job (KB)
...
006 (183.024.000) 05/05 22:06:58 Image size of job updated: 7922668
	6937  -  MemoryUsage of job (MB)
	7102656  -  ResidentSetSize of job (KB)
...
006 (183.024.000) 05/05 22:07:04 Image size of job updated: 8043500
	7049  -  MemoryUsage of job (MB)
	7217892  -  ResidentSetSize of job (KB)
...
006 (183.024.000) 05/05 22:07:10 Image size of job updated: 8043500
	7162  -  MemoryUsage of job (MB)
	7333128  -  ResidentSetSize of job (KB)
...
006 (183.024.000) 05/05 22:07:16 Image size of job updated: 8328172
	7272  -  MemoryUsage of job (MB)
	7445592  -  ResidentSetSize of job (KB)
...
006 (183.024.000) 05/05 22:07:22 Image size of job updated: 8328172
	7384  -  MemoryUsage of job (MB)
	7560300  -  ResidentSetSize of job (KB)
...
006 (183.024.000) 05/05 22:07:28 Image size of job updated: 8328172
	7497  -  MemoryUsage of job (MB)
	7675932  -  ResidentSetSize of job (KB)
...
006 (183.024.000) 05/05 22:07:34 Image size of job updated: 8649708
	7612  -  MemoryUsage of job (MB)
	7794468  -  ResidentSetSize of job (KB)
...
006 (183.024.000) 05/05 22:07:40 Image size of job updated: 8698860
	7724  -  MemoryUsage of job (MB)
	7908516  -  ResidentSetSize of job (KB)
...
006 (183.024.000) 05/05 22:07:46 Image size of job updated: 8907756
	7844  -  MemoryUsage of job (MB)
	8031936  -  ResidentSetSize of job (KB)
...
006 (183.024.000) 05/05 22:07:52 Image size of job updated: 8947692
	7967  -  MemoryUsage of job (MB)
	8158128  -  ResidentSetSize of job (KB)
...
006 (183.024.000) 05/05 22:07:58 Image size of job updated: 8947692
	8078  -  MemoryUsage of job (MB)
	8271648  -  ResidentSetSize of job (KB)
...
006 (183.024.000) 05/05 22:08:04 Image size of job updated: 9253868
	8185  -  MemoryUsage of job (MB)
	8380548  -  ResidentSetSize of job (KB)
...
006 (183.024.000) 05/05 22:08:10 Image size of job updated: 9253868
	8296  -  MemoryUsage of job (MB)
	8494332  -  ResidentSetSize of job (KB)
...
006 (183.024.000) 05/05 22:08:16 Image size of job updated: 9253868
	8406  -  MemoryUsage of job (MB)
	8607720  -  ResidentSetSize of job (KB)
...
006 (183.024.000) 05/05 22:08:22 Image size of job updated: 9597932
	8518  -  MemoryUsage of job (MB)
	8722164  -  ResidentSetSize of job (KB)
...
006 (183.024.000) 05/05 22:08:28 Image size of job updated: 9597932
	8625  -  MemoryUsage of job (MB)
	8831592  -  ResidentSetSize of job (KB)
...
006 (183.024.000) 05/05 22:08:34 Image size of job updated: 9833452
	8738  -  MemoryUsage of job (MB)
	8947092  -  ResidentSetSize of job (KB)
...
006 (183.024.000) 05/05 22:08:40 Image size of job updated: 9858028
	8851  -  MemoryUsage of job (MB)
	9062856  -  ResidentSetSize of job (KB)
...
006 (183.024.000) 05/05 22:08:46 Image size of job updated: 10042348
	8965  -  MemoryUsage of job (MB)
	9179676  -  ResidentSetSize of job (KB)
...
006 (183.024.000) 05/05 22:08:52 Image size of job updated: 10178540
	9071  -  MemoryUsage of job (MB)
	9288444  -  ResidentSetSize of job (KB)
...
006 (183.024.000) 05/05 22:08:58 Image size of job updated: 10178540
	9184  -  MemoryUsage of job (MB)
	9403944  -  ResidentSetSize of job (KB)
...
006 (183.024.000) 05/05 22:09:04 Image size of job updated: 10178540
	9295  -  MemoryUsage of job (MB)
	9517728  -  ResidentSetSize of job (KB)
...
006 (183.024.000) 05/05 22:09:10 Image size of job updated: 10461164
	9406  -  MemoryUsage of job (MB)
	9631644  -  ResidentSetSize of job (KB)
...
006 (183.024.000) 05/05 22:09:16 Image size of job updated: 10461164
	9514  -  MemoryUsage of job (MB)
	9741468  -  ResidentSetSize of job (KB)
...
006 (183.024.000) 05/05 22:09:22 Image size of job updated: 10742764
	9626  -  MemoryUsage of job (MB)
	9856440  -  ResidentSetSize of job (KB)
...
006 (183.024.000) 05/05 22:09:28 Image size of job updated: 10742764
	9738  -  MemoryUsage of job (MB)
	9970752  -  ResidentSetSize of job (KB)
...
006 (183.024.000) 05/05 22:09:34 Image size of job updated: 10914796
	9850  -  MemoryUsage of job (MB)
	10086252  -  ResidentSetSize of job (KB)
...
006 (183.024.000) 05/05 22:09:40 Image size of job updated: 11052012
	9969  -  MemoryUsage of job (MB)
	10207296  -  ResidentSetSize of job (KB)
...
006 (183.024.000) 05/05 22:09:46 Image size of job updated: 11161580
	10112  -  MemoryUsage of job (MB)
	10354212  -  ResidentSetSize of job (KB)
...
006 (183.024.000) 05/05 22:09:52 Image size of job updated: 11293676
	10234  -  MemoryUsage of job (MB)
	10478820  -  ResidentSetSize of job (KB)
...
006 (183.024.000) 05/05 22:09:58 Image size of job updated: 11383788
	10340  -  MemoryUsage of job (MB)
	10587324  -  ResidentSetSize of job (KB)
...
006 (183.024.000) 05/05 22:10:04 Image size of job updated: 11383788
	10448  -  MemoryUsage of job (MB)
	10698732  -  ResidentSetSize of job (KB)
...
006 (183.024.000) 05/05 22:10:10 Image size of job updated: 11670508
	10525  -  MemoryUsage of job (MB)
	10777404  -  ResidentSetSize of job (KB)
...
006 (183.024.000) 05/05 22:10:16 Image size of job updated: 11670508
	10532  -  MemoryUsage of job (MB)
	10784532  -  ResidentSetSize of job (KB)
...
006 (183.024.000) 05/05 22:10:22 Image size of job updated: 11670508
	10577  -  MemoryUsage of job (MB)
	10830732  -  ResidentSetSize of job (KB)
...
006 (183.024.000) 05/05 22:10:28 Image size of job updated: 11920364
	10599  -  MemoryUsage of job (MB)
	10852380  -  ResidentSetSize of job (KB)
...
006 (183.024.000) 05/05 22:10:34 Image size of job updated: 12043244
	10710  -  MemoryUsage of job (MB)
	10966032  -  ResidentSetSize of job (KB)
...
006 (183.024.000) 05/05 22:10:40 Image size of job updated: 12043244
	10821  -  MemoryUsage of job (MB)
	11080476  -  ResidentSetSize of job (KB)
...
006 (183.024.000) 05/05 22:10:46 Image size of job updated: 12159980
	10936  -  MemoryUsage of job (MB)
	11198352  -  ResidentSetSize of job (KB)
...
006 (183.024.000) 05/05 22:10:53 Image size of job updated: 12292076
	11054  -  MemoryUsage of job (MB)
	11318868  -  ResidentSetSize of job (KB)
...
006 (183.024.000) 05/05 22:10:58 Image size of job updated: 12446700
	11142  -  MemoryUsage of job (MB)
	11408892  -  ResidentSetSize of job (KB)
...
006 (183.024.000) 05/05 22:11:03 Image size of job updated: 12446700
	11230  -  MemoryUsage of job (MB)
	11498784  -  ResidentSetSize of job (KB)
...
006 (183.024.000) 05/05 22:11:08 Image size of job updated: 12446700
	11307  -  MemoryUsage of job (MB)
	11577456  -  ResidentSetSize of job (KB)
...
006 (183.024.000) 05/05 22:11:26 Image size of job updated: 12694508
	11307  -  MemoryUsage of job (MB)
	11577456  -  ResidentSetSize of job (KB)
...
005 (183.024.000) 05/05 22:11:26 Job terminated.
	(0) Abnormal termination (signal 9)
	(0) No core file
		Usr 0 00:24:29, Sys 0 00:00:57  -  Run Remote Usage
		Usr 0 00:00:00, Sys 0 00:00:00  -  Run Local Usage
		Usr 0 00:24:29, Sys 0 00:00:57  -  Total Remote Usage
		Usr 0 00:00:00, Sys 0 00:00:00  -  Total Local Usage
	0  -  Run Bytes Sent By Job
	0  -  Run Bytes Received By Job
	0  -  Total Bytes Sent By Job
	0  -  Total Bytes Received By Job
	Partitionable Resources :      Usage  Request Allocated 
	   Cpus                 :       0.99        1         1 
	   Disk (KB)            : 2000000     2000000   6540465 
	   Memory (MB)          :   11307        1954      2007 
...
000 (201.008.000) 05/06 02:36:50 Job submitted from host: <127.0.0.1:9618?addrs=127.0.0.1-9618&noUDP&sock=222_da1d_4>
...
001 (201.008.000) 05/06 13:36:57 Job executing on host: <127.0.0.1:9618?addrs=127.0.0.1-9618&noUDP&sock=222_da1d_5>
...
006 (201.008.000) 05/06 13:37:03 Image size of job updated: 2000000
	37  -  MemoryUsage of job (MB)
	37092  -  ResidentSetSize of job (KB)
...
006 (201.008.000) 05/06 13:38:25 Image size of job updated: 2000000
	116  -  MemoryUsage of job (MB)
	118008  -  ResidentSetSize of job (KB)
...
006 (201.008.000) 05/06 13:39:06 Image size of job updated: 2000000
	221  -  MemoryUsage of job (MB)
	225852  -  ResidentSetSize of job (KB)
...
006 (201.008.000) 05/06 13:39:30 Image size of job updated: 2000000
	260  -  MemoryUsage of job (MB)
	265716  -  ResidentSetSize of job (KB)
...
006 (201.008.000) 05/06 13:39:44 Image size of job updated: 2000000
	327  -  MemoryUsage of job (MB)
	334356  -  ResidentSetSize of job (KB)
...
006 (201.008.000) 05/06 13:39:53 Image size of job updated: 2000000
	384  -  MemoryUsage of job (MB)
	392568  -  ResidentSetSize of job (KB)
...
006 (201.008.000) 05/06 13:39:59 Image size of job updated: 2000000
	452  -  MemoryUsage of job (MB)
	462660  -  ResidentSetSize of job (KB)
...
006 (201.008.000) 05/06 13:40:04 Image size of job updated: 2000000
	928  -  MemoryUsage of job (MB)
	949740  -  ResidentSetSize of job (KB)
...
006 (201.008.000) 05/06 13:40:18 Image size of job updated: 2000000
	1000  -  MemoryUsage of job (MB)
	1023792  -  ResidentSetSize of job (KB)
...
006 (201.008.000) 05/06 13:40:49 Image size of job updated: 2000000
	1159  -  MemoryUsage of job (MB)
	1186284  -  ResidentSetSize of job (KB)
...
006 (201.008.000) 05/06 13:55:18 Image size of job updated: 2262472
	1834  -  MemoryUsage of job (MB)
	1877568  -  ResidentSetSize of job (KB)
...
006 (201.008.000) 05/06 13:56:18 Image size of job updated: 3333096
	2689  -  MemoryUsage of job (MB)
	2753124  -  ResidentSetSize of job (KB)
...
006 (201.008.000) 05/06 13:56:59 Image size of job updated: 3947496
	3252  -  MemoryUsage of job (MB)
	3329436  -  ResidentSetSize of job (KB)
...
006 (201.008.000) 05/06 13:57:27 Image size of job updated: 4241384
	3564  -  MemoryUsage of job (MB)
	3649140  -  ResidentSetSize of job (KB)
...
006 (201.008.000) 05/06 13:57:47 Image size of job updated: 4464616
	3721  -  MemoryUsage of job (MB)
	3809388  -  ResidentSetSize of job (KB)
...
006 (201.008.000) 05/06 13:58:00 Image size of job updated: 4706280
	3896  -  MemoryUsage of job (MB)
	3989172  -  ResidentSetSize of job (KB)
...
006 (201.008.000) 05/06 13:58:08 Image size of job updated: 4706280
	4037  -  MemoryUsage of job (MB)
	4133184  -  ResidentSetSize of job (KB)
...
006 (201.008.000) 05/06 13:58:13 Image size of job updated: 4917224
	4125  -  MemoryUsage of job (MB)
	4223340  -  ResidentSetSize of job (KB)
...
006 (201.008.000) 05/06 13:58:20 Image size of job updated: 4985832
	4152  -  MemoryUsage of job (MB)
	4250928  -  ResidentSetSize of job (KB)
...
006 (201.008.000) 05/06 13:58:30 Image size of job updated: 5185512
	4332  -  MemoryUsage of job (MB)
	4435596  -  ResidentSetSize of job (KB)
...
006 (201.008.000) 05/06 13:58:38 Image size of job updated: 5185512
	4454  -  MemoryUsage of job (MB)
	4560600  -  ResidentSetSize of job (KB)
...
006 (201.008.000) 05/06 13:58:44 Image size of job updated: 5352424
	4555  -  MemoryUsage of job (MB)
	4664088  -  ResidentSetSize of job (KB)
...
006 (201.008.000) 05/06 13:58:50 Image size of job updated: 5440488
	4668  -  MemoryUsage of job (MB)
	4779852  -  ResidentSetSize of job (KB)
...
006 (201.008.000) 05/06 13:58:58 Image size of job updated: 5646312
	4748  -  MemoryUsage of job (MB)
	4861692  -  ResidentSetSize of job (KB)
...
006 (201.008.000) 05/06 13:59:03 Image size of job updated: 5694440
	4838  -  MemoryUsage of job (MB)
	4954092  -  ResidentSetSize of job (KB)
...
006 (201.008.000) 05/06 13:59:08 Image size of job updated: 5694440
	4930  -  MemoryUsage of job (MB)
	5048208  -  ResidentSetSize of job (KB)
...
006 (201.008.000) 05/06 13:59:13 Image size of job updated: 5694440
	5017  -  MemoryUsage of job (MB)
	5136912  -  ResidentSetSize of job (KB)
...
006 (201.008.000) 05/06 13:59:18 Image size of job updated: 5963752
	5059  -  MemoryUsage of job (MB)
	5179416  -  ResidentSetSize of job (KB)
...
006 (201.008.000) 05/06 13:59:29 Image size of job updated: 5963752
	5084  -  MemoryUsage of job (MB)
	5205684  -  ResidentSetSize of job (KB)
...
006 (201.008.000) 05/06 13:59:58 Image size of job updated: 6194152
	5395  -  MemoryUsage of job (MB)
	5523540  -  ResidentSetSize of job (KB)
...
006 (201.008.000) 05/06 14:01:07 Image size of job updated: 6837224
	6008  -  MemoryUsage of job (MB)
	6151860  -  ResidentSetSize of job (KB)
...
006 (201.008.000) 05/06 14:02:11 Image size of job updated: 7670760
	6011  -  MemoryUsage of job (MB)
	6154500  -  ResidentSetSize of job (KB)
...
005 (201.008.000) 05/06 14:02:11 Job terminated.
	(0) Abnormal termination (signal 9)
	(0) No core file
		Usr 0 00:18:07, Sys 0 00:02:29  -  Run Remote Usage
		Usr 0 00:00:00, Sys 0 00:00:00  -  Run Local Usage
		Usr 0 00:18:07, Sys 0 00:02:29  -  Total Remote Usage
		Usr 0 00:00:00, Sys 0 00:00:00  -  Total Local Usage
	0  -  Run Bytes Sent By Job
	0  -  Run Bytes Received By Job
	0  -  Total Bytes Sent By Job
	0  -  Total Bytes Received By Job
	Partitionable Resources :      Usage  Request Allocated 
	   Cpus                 :       0.98        1         1 
	   Disk (KB)            : 2000000     2000000   6540465 
	   Memory (MB)          :    6011        1954      2007 
...
