000 (205.1547.000) 05/06 03:17:55 Job submitted from host: <127.0.0.1:9618?addrs=127.0.0.1-9618&noUDP&sock=222_da1d_4>
...
033 (205.1547.000) 05/06 14:21:36 Changing job attribute JobPrio from 0 to -5
...
000 (007.1547.000) 05/07 18:59:36 Job submitted from host: <127.0.0.1:9618?addrs=127.0.0.1-9618&noUDP&sock=215_0cf3_4>
...
000 (016.1547.000) 05/08 15:56:48 Job submitted from host: <127.0.0.1:9618?addrs=127.0.0.1-9618&noUDP&sock=227_4816_4>
...
001 (016.1547.000) 05/09 03:11:52 Job executing on host: <127.0.0.1:9618?addrs=127.0.0.1-9618&noUDP&sock=227_4816_5>
...
006 (016.1547.000) 05/09 03:11:57 Image size of job updated: 2000000
	90  -  MemoryUsage of job (MB)
	91344  -  ResidentSetSize of job (KB)
...
006 (016.1547.000) 05/09 03:12:02 Image size of job updated: 2000000
	114  -  MemoryUsage of job (MB)
	116688  -  ResidentSetSize of job (KB)
...
006 (016.1547.000) 05/09 03:15:25 Image size of job updated: 2000000
	211  -  MemoryUsage of job (MB)
	215160  -  ResidentSetSize of job (KB)
...
006 (016.1547.000) 05/09 03:15:31 Image size of job updated: 2000000
	211  -  MemoryUsage of job (MB)
	215688  -  ResidentSetSize of job (KB)
...
006 (016.1547.000) 05/09 03:15:37 Image size of job updated: 2000000
	228  -  MemoryUsage of job (MB)
	233376  -  ResidentSetSize of job (KB)
...
006 (016.1547.000) 05/09 03:15:43 Image size of job updated: 2000000
	246  -  MemoryUsage of job (MB)
	251592  -  ResidentSetSize of job (KB)
...
006 (016.1547.000) 05/09 03:15:49 Image size of job updated: 2000000
	262  -  MemoryUsage of job (MB)
	267696  -  ResidentSetSize of job (KB)
...
006 (016.1547.000) 05/09 03:15:55 Image size of job updated: 2000000
	273  -  MemoryUsage of job (MB)
	279312  -  ResidentSetSize of job (KB)
...
006 (016.1547.000) 05/09 03:16:01 Image size of job updated: 2000000
	297  -  MemoryUsage of job (MB)
	304128  -  ResidentSetSize of job (KB)
...
006 (016.1547.000) 05/09 03:16:07 Image size of job updated: 2000000
	345  -  MemoryUsage of job (MB)
	352836  -  ResidentSetSize of job (KB)
...
006 (016.1547.000) 05/09 03:16:13 Image size of job updated: 2000000
	380  -  MemoryUsage of job (MB)
	388344  -  ResidentSetSize of job (KB)
...
006 (016.1547.000) 05/09 03:16:25 Image size of job updated: 2000000
	442  -  MemoryUsage of job (MB)
	452364  -  ResidentSetSize of job (KB)
...
006 (016.1547.000) 05/09 03:16:31 Image size of job updated: 2000000
	503  -  MemoryUsage of job (MB)
	514140  -  ResidentSetSize of job (KB)
...
006 (016.1547.000) 05/09 03:16:37 Image size of job updated: 2000000
	554  -  MemoryUsage of job (MB)
	567072  -  ResidentSetSize of job (KB)
...
006 (016.1547.000) 05/09 03:16:43 Image size of job updated: 2000000
	1245  -  MemoryUsage of job (MB)
	1274064  -  ResidentSetSize of job (KB)
...
006 (016.1547.000) 05/09 03:30:55 Image size of job updated: 2000000
	1319  -  MemoryUsage of job (MB)
	1350228  -  ResidentSetSize of job (KB)
...
006 (016.1547.000) 05/09 03:31:01 Image size of job updated: 2000000
	1694  -  MemoryUsage of job (MB)
	1734348  -  ResidentSetSize of job (KB)
...
006 (016.1547.000) 05/09 03:31:06 Image size of job updated: 2000000
	1785  -  MemoryUsage of job (MB)
	1826880  -  ResidentSetSize of job (KB)
...
006 (016.1547.000) 05/09 03:31:11 Image size of job updated: 2032140
	1979  -  MemoryUsage of job (MB)
	2025804  -  ResidentSetSize of job (KB)
...
006 (016.1547.000) 05/09 03:31:16 Image size of job updated: 2688244
	2045  -  MemoryUsage of job (MB)
	2093652  -  ResidentSetSize of job (KB)
...
006 (016.1547.000) 05/09 03:31:21 Image size of job updated: 2688244
	2121  -  MemoryUsage of job (MB)
	2171532  -  ResidentSetSize of job (KB)
...
006 (016.1547.000) 05/09 03:31:26 Image size of job updated: 2688244
	2215  -  MemoryUsage of job (MB)
	2267232  -  ResidentSetSize of job (KB)
...
006 (016.1547.000) 05/09 03:31:31 Image size of job updated: 2946292
	2287  -  MemoryUsage of job (MB)
	2340888  -  ResidentSetSize of job (KB)
...
006 (016.1547.000) 05/09 03:31:36 Image size of job updated: 2946292
	2346  -  MemoryUsage of job (MB)
	2402004  -  ResidentSetSize of job (KB)
...
006 (016.1547.000) 05/09 03:31:41 Image size of job updated: 2946292
	2405  -  MemoryUsage of job (MB)
	2462196  -  ResidentSetSize of job (KB)
...
006 (016.1547.000) 05/09 03:31:46 Image size of job updated: 3130612
	2463  -  MemoryUsage of job (MB)
	2521992  -  ResidentSetSize of job (KB)
...
006 (016.1547.000) 05/09 03:31:51 Image size of job updated: 3130612
	2509  -  MemoryUsage of job (MB)
	2569116  -  ResidentSetSize of job (KB)
...
006 (016.1547.000) 05/09 03:31:56 Image size of job updated: 3130612
	2571  -  MemoryUsage of job (MB)
	2631684  -  ResidentSetSize of job (KB)
...
006 (016.1547.000) 05/09 03:32:02 Image size of job updated: 3305716
	2624  -  MemoryUsage of job (MB)
	2686464  -  ResidentSetSize of job (KB)
...
006 (016.1547.000) 05/09 03:32:08 Image size of job updated: 3305716
	2666  -  MemoryUsage of job (MB)
	2728968  -  ResidentSetSize of job (KB)
...
006 (016.1547.000) 05/09 03:32:14 Image size of job updated: 3305716
	2708  -  MemoryUsage of job (MB)
	2772792  -  ResidentSetSize of job (KB)
...
006 (016.1547.000) 05/09 03:32:20 Image size of job updated: 3475700
	2741  -  MemoryUsage of job (MB)
	2805924  -  ResidentSetSize of job (KB)
...
006 (016.1547.000) 05/09 03:32:26 Image size of job updated: 3475700
	2753  -  MemoryUsage of job (MB)
	2818860  -  ResidentSetSize of job (KB)
...
006 (016.1547.000) 05/09 03:32:39 Image size of job updated: 3614964
	2812  -  MemoryUsage of job (MB)
	2879184  -  ResidentSetSize of job (KB)
...
006 (016.1547.000) 05/09 03:32:44 Image size of job updated: 3630324
	2884  -  MemoryUsage of job (MB)
	2952840  -  ResidentSetSize of job (KB)
...
006 (016.1547.000) 05/09 03:32:49 Image size of job updated: 3705076
	2959  -  MemoryUsage of job (MB)
	3029664  -  ResidentSetSize of job (KB)
...
006 (016.1547.000) 05/09 03:32:54 Image size of job updated: 3790068
	3031  -  MemoryUsage of job (MB)
	3103716  -  ResidentSetSize of job (KB)
...
006 (016.1547.000) 05/09 03:32:59 Image size of job updated: 3790068
	3102  -  MemoryUsage of job (MB)
	3175788  -  ResidentSetSize of job (KB)
...
006 (016.1547.000) 05/09 03:33:04 Image size of job updated: 3790068
	3174  -  MemoryUsage of job (MB)
	3249708  -  ResidentSetSize of job (KB)
...
006 (016.1547.000) 05/09 03:33:09 Image size of job updated: 4009204
	3246  -  MemoryUsage of job (MB)
	3323760  -  ResidentSetSize of job (KB)
...
006 (016.1547.000) 05/09 03:33:14 Image size of job updated: 4092148
	3306  -  MemoryUsage of job (MB)
	3384612  -  ResidentSetSize of job (KB)
...
006 (016.1547.000) 05/09 03:33:19 Image size of job updated: 4092148
	3364  -  MemoryUsage of job (MB)
	3443748  -  ResidentSetSize of job (KB)
...
006 (016.1547.000) 05/09 03:33:24 Image size of job updated: 4197620
	3422  -  MemoryUsage of job (MB)
	3504072  -  ResidentSetSize of job (KB)
...
006 (016.1547.000) 05/09 03:33:29 Image size of job updated: 4197620
	3480  -  MemoryUsage of job (MB)
	3563208  -  ResidentSetSize of job (KB)
...
006 (016.1547.000) 05/09 03:33:34 Image size of job updated: 4197620
	3553  -  MemoryUsage of job (MB)
	3637920  -  ResidentSetSize of job (KB)
...
006 (016.1547.000) 05/09 03:33:39 Image size of job updated: 4401396
	3588  -  MemoryUsage of job (MB)
	3673692  -  ResidentSetSize of job (KB)
...
006 (016.1547.000) 05/09 03:33:50 Image size of job updated: 4401396
	3601  -  MemoryUsage of job (MB)
	3687156  -  ResidentSetSize of job (KB)
...
006 (016.1547.000) 05/09 03:34:07 Image size of job updated: 4565236
	3750  -  MemoryUsage of job (MB)
	3839484  -  ResidentSetSize of job (KB)
...
006 (016.1547.000) 05/09 03:34:21 Image size of job updated: 4724980
	3906  -  MemoryUsage of job (MB)
	3998940  -  ResidentSetSize of job (KB)
...
006 (016.1547.000) 05/09 03:34:30 Image size of job updated: 4841716
	4005  -  MemoryUsage of job (MB)
	4100580  -  ResidentSetSize of job (KB)
...
006 (016.1547.000) 05/09 03:34:35 Image size of job updated: 4841716
	4061  -  MemoryUsage of job (MB)
	4158132  -  ResidentSetSize of job (KB)
...
006 (016.1547.000) 05/09 03:34:41 Image size of job updated: 4974836
	4129  -  MemoryUsage of job (MB)
	4227564  -  ResidentSetSize of job (KB)
...
006 (016.1547.000) 05/09 03:34:47 Image size of job updated: 4974836
	4196  -  MemoryUsage of job (MB)
	4296336  -  ResidentSetSize of job (KB)
...
006 (016.1547.000) 05/09 03:34:53 Image size of job updated: 4974836
	4262  -  MemoryUsage of job (MB)
	4363920  -  ResidentSetSize of job (KB)
...
006 (016.1547.000) 05/09 03:34:59 Image size of job updated: 5144820
	4329  -  MemoryUsage of job (MB)
	4432164  -  ResidentSetSize of job (KB)
...
006 (016.1547.000) 05/09 03:35:05 Image size of job updated: 5236980
	4400  -  MemoryUsage of job (MB)
	4505292  -  ResidentSetSize of job (KB)
...
006 (016.1547.000) 05/09 03:35:11 Image size of job updated: 5327092
	4483  -  MemoryUsage of job (MB)
	4590300  -  ResidentSetSize of job (KB)
...
006 (016.1547.000) 05/09 03:35:17 Image size of job updated: 5355764
	4573  -  MemoryUsage of job (MB)
	4682304  -  ResidentSetSize of job (KB)
...
006 (016.1547.000) 05/09 03:35:23 Image size of job updated: 5355764
	4652  -  MemoryUsage of job (MB)
	4763484  -  ResidentSetSize of job (KB)
...
006 (016.1547.000) 05/09 03:35:29 Image size of job updated: 5604596
	4738  -  MemoryUsage of job (MB)
	4851264  -  ResidentSetSize of job (KB)
...
006 (016.1547.000) 05/09 03:35:35 Image size of job updated: 5698804
	4833  -  MemoryUsage of job (MB)
	4948416  -  ResidentSetSize of job (KB)
...
006 (016.1547.000) 05/09 03:35:41 Image size of job updated: 5796084
	4929  -  MemoryUsage of job (MB)
	5046624  -  ResidentSetSize of job (KB)
...
006 (016.1547.000) 05/09 03:35:47 Image size of job updated: 5796084
	5019  -  MemoryUsage of job (MB)
	5139288  -  ResidentSetSize of job (KB)
...
006 (016.1547.000) 05/09 03:35:53 Image size of job updated: 5796084
	5105  -  MemoryUsage of job (MB)
	5227464  -  ResidentSetSize of job (KB)
...
006 (016.1547.000) 05/09 03:35:59 Image size of job updated: 6022388
	5193  -  MemoryUsage of job (MB)
	5317488  -  ResidentSetSize of job (KB)
...
006 (016.1547.000) 05/09 03:36:05 Image size of job updated: 6022388
	5282  -  MemoryUsage of job (MB)
	5408436  -  ResidentSetSize of job (KB)
...
006 (016.1547.000) 05/09 03:36:11 Image size of job updated: 6256884
	5380  -  MemoryUsage of job (MB)
	5508888  -  ResidentSetSize of job (KB)
...
006 (016.1547.000) 05/09 03:36:17 Image size of job updated: 6335732
	5476  -  MemoryUsage of job (MB)
	5607228  -  ResidentSetSize of job (KB)
...
006 (016.1547.000) 05/09 03:36:23 Image size of job updated: 6439156
	5566  -  MemoryUsage of job (MB)
	5699232  -  ResidentSetSize of job (KB)
...
006 (016.1547.000) 05/09 03:36:29 Image size of job updated: 6513908
	5659  -  MemoryUsage of job (MB)
	5794272  -  ResidentSetSize of job (KB)
...
006 (016.1547.000) 05/09 03:36:35 Image size of job updated: 6618356
	5756  -  MemoryUsage of job (MB)
	5893668  -  ResidentSetSize of job (KB)
...
006 (016.1547.000) 05/09 03:36:41 Image size of job updated: 6618356
	5852  -  MemoryUsage of job (MB)
	5992272  -  ResidentSetSize of job (KB)
...
006 (016.1547.000) 05/09 03:36:47 Image size of job updated: 6835444
	5948  -  MemoryUsage of job (MB)
	6089820  -  ResidentSetSize of job (KB)
...
006 (016.1547.000) 05/09 03:36:53 Image size of job updated: 6835444
	6047  -  MemoryUsage of job (MB)
	6191460  -  ResidentSetSize of job (KB)
...
006 (016.1547.000) 05/09 03:36:59 Image size of job updated: 7027956
	6142  -  MemoryUsage of job (MB)
	6289272  -  ResidentSetSize of job (KB)
...
006 (016.1547.000) 05/09 03:37:05 Image size of job updated: 7027956
	6238  -  MemoryUsage of job (MB)
	6387348  -  ResidentSetSize of job (KB)
...
006 (016.1547.000) 05/09 03:37:11 Image size of job updated: 7164148
	6339  -  MemoryUsage of job (MB)
	6490704  -  ResidentSetSize of job (KB)
...
006 (016.1547.000) 05/09 03:37:17 Image size of job updated: 7276788
	6437  -  MemoryUsage of job (MB)
	6590892  -  ResidentSetSize of job (KB)
...
006 (016.1547.000) 05/09 03:37:23 Image size of job updated: 7276788
	6533  -  MemoryUsage of job (MB)
	6689496  -  ResidentSetSize of job (KB)
...
006 (016.1547.000) 05/09 03:37:29 Image size of job updated: 7523572
	6628  -  MemoryUsage of job (MB)
	6786252  -  ResidentSetSize of job (KB)
...
006 (016.1547.000) 05/09 03:37:35 Image size of job updated: 7634164
	6724  -  MemoryUsage of job (MB)
	6884592  -  ResidentSetSize of job (KB)
...
006 (016.1547.000) 05/09 03:37:41 Image size of job updated: 7634164
	6819  -  MemoryUsage of job (MB)
	6982008  -  ResidentSetSize of job (KB)
...
006 (016.1547.000) 05/09 03:37:47 Image size of job updated: 7837940
	6916  -  MemoryUsage of job (MB)
	7081404  -  ResidentSetSize of job (KB)
...
006 (016.1547.000) 05/09 03:37:53 Image size of job updated: 7837940
	7177  -  MemoryUsage of job (MB)
	7348308  -  ResidentSetSize of job (KB)
...
006 (016.1547.000) 05/09 03:37:59 Image size of job updated: 8070388
	7177  -  MemoryUsage of job (MB)
	7348308  -  ResidentSetSize of job (KB)
...
005 (016.1547.000) 05/09 03:38:00 Job terminated.
	(1) Normal termination (return value 0)
		Usr 0 00:22:03, Sys 0 00:00:11  -  Run Remote Usage
		Usr 0 00:00:00, Sys 0 00:00:00  -  Run Local Usage
		Usr 0 00:22:03, Sys 0 00:00:11  -  Total Remote Usage
		Usr 0 00:00:00, Sys 0 00:00:00  -  Total Local Usage
	0  -  Run Bytes Sent By Job
	0  -  Run Bytes Received By Job
	0  -  Total Bytes Sent By Job
	0  -  Total Bytes Received By Job
	Partitionable Resources :      Usage  Request Allocated 
	   Cpus                 :       0.60        1         1 
	   Disk (KB)            : 2000000     2000000   6275465 
	   Memory (MB)          :    7177        1954      2007 
...
