000 (023.4930.000) 04/27 18:20:29 Job submitted from host: <127.0.0.1:9618?addrs=127.0.0.1-9618&noUDP&sock=222_da1d_4>
...
001 (023.4930.000) 04/27 21:59:01 Job executing on host: <127.0.0.1:9618?addrs=127.0.0.1-9618&noUDP&sock=222_da1d_5>
...
006 (023.4930.000) 04/27 21:59:06 Image size of job updated: 349860
	335  -  MemoryUsage of job (MB)
	342936  -  ResidentSetSize of job (KB)
...
006 (023.4930.000) 04/27 21:59:11 Image size of job updated: 579084
	566  -  MemoryUsage of job (MB)
	579084  -  ResidentSetSize of job (KB)
...
006 (023.4930.000) 04/27 21:59:16 Image size of job updated: 598636
	570  -  MemoryUsage of job (MB)
	583572  -  ResidentSetSize of job (KB)
...
005 (023.4930.000) 04/27 22:01:36 Job terminated.
	(1) Normal termination (return value 0)
		Usr 0 00:02:32, Sys 0 00:00:00  -  Run Remote Usage
		Usr 0 00:00:00, Sys 0 00:00:00  -  Run Local Usage
		Usr 0 00:02:32, Sys 0 00:00:00  -  Total Remote Usage
		Usr 0 00:00:00, Sys 0 00:00:00  -  Total Local Usage
	0  -  Run Bytes Sent By Job
	0  -  Run Bytes Received By Job
	0  -  Total Bytes Sent By Job
	0  -  Total Bytes Received By Job
	Partitionable Resources :    Usage  Request Allocated 
	   Cpus                 :     0.98        1         1 
	   Disk (KB)            :     1           1   6540465 
	   Memory (MB)          :   570           1      2007 
...
