000 (205.9742.000) 05/06 03:22:24 Job submitted from host: <127.0.0.1:9618?addrs=127.0.0.1-9618&noUDP&sock=222_da1d_4>
...
033 (205.9742.000) 05/06 14:24:25 Changing job attribute JobPrio from 0 to -5
...
000 (007.9742.000) 05/07 19:01:13 Job submitted from host: <127.0.0.1:9618?addrs=127.0.0.1-9618&noUDP&sock=215_0cf3_4>
...
000 (016.9742.000) 05/08 15:58:16 Job submitted from host: <127.0.0.1:9618?addrs=127.0.0.1-9618&noUDP&sock=227_4816_4>
...
009 (016.9742.000) 05/09 16:56:37 Job was aborted by the user.
	via condor_rm (by user aw868)
...
000 (014.2581.000) 05/09 17:31:22 Job submitted from host: <127.0.0.1:9618?addrs=127.0.0.1-9618&noUDP&sock=212_fe2a_4>
...
033 (014.2581.000) 05/09 17:33:27 Changing job attribute JobPrio from 0 to -10
...
033 (014.2581.000) 05/09 21:35:52 Changing job attribute JobPrio from -10 to -15
...
001 (014.2581.000) 05/10 22:09:49 Job executing on host: <127.0.0.1:9618?addrs=127.0.0.1-9618&noUDP&sock=212_fe2a_5>
...
006 (014.2581.000) 05/10 22:09:55 Image size of job updated: 2000000
	106  -  MemoryUsage of job (MB)
	108240  -  ResidentSetSize of job (KB)
...
006 (014.2581.000) 05/10 22:10:00 Image size of job updated: 2000000
	115  -  MemoryUsage of job (MB)
	117084  -  ResidentSetSize of job (KB)
...
006 (014.2581.000) 05/10 22:10:25 Image size of job updated: 2000000
	172  -  MemoryUsage of job (MB)
	176088  -  ResidentSetSize of job (KB)
...
006 (014.2581.000) 05/10 22:10:30 Image size of job updated: 2000000
	211  -  MemoryUsage of job (MB)
	215292  -  ResidentSetSize of job (KB)
...
006 (014.2581.000) 05/10 22:10:35 Image size of job updated: 2000000
	211  -  MemoryUsage of job (MB)
	215556  -  ResidentSetSize of job (KB)
...
006 (014.2581.000) 05/10 22:10:40 Image size of job updated: 2000000
	218  -  MemoryUsage of job (MB)
	222684  -  ResidentSetSize of job (KB)
...
006 (014.2581.000) 05/10 22:10:45 Image size of job updated: 2000000
	229  -  MemoryUsage of job (MB)
	234300  -  ResidentSetSize of job (KB)
...
006 (014.2581.000) 05/10 22:10:50 Image size of job updated: 2000000
	241  -  MemoryUsage of job (MB)
	246048  -  ResidentSetSize of job (KB)
...
006 (014.2581.000) 05/10 22:10:55 Image size of job updated: 2000000
	252  -  MemoryUsage of job (MB)
	257664  -  ResidentSetSize of job (KB)
...
006 (014.2581.000) 05/10 22:11:00 Image size of job updated: 2000000
	262  -  MemoryUsage of job (MB)
	267564  -  ResidentSetSize of job (KB)
...
006 (014.2581.000) 05/10 22:11:05 Image size of job updated: 2000000
	270  -  MemoryUsage of job (MB)
	276144  -  ResidentSetSize of job (KB)
...
006 (014.2581.000) 05/10 22:11:10 Image size of job updated: 2000000
	280  -  MemoryUsage of job (MB)
	286440  -  ResidentSetSize of job (KB)
...
006 (014.2581.000) 05/10 22:11:15 Image size of job updated: 2000000
	319  -  MemoryUsage of job (MB)
	326568  -  ResidentSetSize of job (KB)
...
006 (014.2581.000) 05/10 22:11:20 Image size of job updated: 2000000
	365  -  MemoryUsage of job (MB)
	373692  -  ResidentSetSize of job (KB)
...
006 (014.2581.000) 05/10 22:11:25 Image size of job updated: 2000000
	380  -  MemoryUsage of job (MB)
	388212  -  ResidentSetSize of job (KB)
...
006 (014.2581.000) 05/10 22:11:30 Image size of job updated: 2000000
	420  -  MemoryUsage of job (MB)
	429660  -  ResidentSetSize of job (KB)
...
006 (014.2581.000) 05/10 22:11:35 Image size of job updated: 2000000
	475  -  MemoryUsage of job (MB)
	485628  -  ResidentSetSize of job (KB)
...
006 (014.2581.000) 05/10 22:11:40 Image size of job updated: 2000000
	521  -  MemoryUsage of job (MB)
	533412  -  ResidentSetSize of job (KB)
...
006 (014.2581.000) 05/10 22:11:45 Image size of job updated: 2000000
	876  -  MemoryUsage of job (MB)
	896544  -  ResidentSetSize of job (KB)
...
006 (014.2581.000) 05/10 22:11:50 Image size of job updated: 2000000
	1240  -  MemoryUsage of job (MB)
	1269048  -  ResidentSetSize of job (KB)
...
006 (014.2581.000) 05/10 22:28:09 Image size of job updated: 2000000
	1578  -  MemoryUsage of job (MB)
	1615284  -  ResidentSetSize of job (KB)
...
006 (014.2581.000) 05/10 22:28:15 Image size of job updated: 2000000
	1673  -  MemoryUsage of job (MB)
	1713096  -  ResidentSetSize of job (KB)
...
006 (014.2581.000) 05/10 22:28:21 Image size of job updated: 2453200
	1763  -  MemoryUsage of job (MB)
	1804440  -  ResidentSetSize of job (KB)
...
006 (014.2581.000) 05/10 22:28:27 Image size of job updated: 2654448
	1961  -  MemoryUsage of job (MB)
	2007456  -  ResidentSetSize of job (KB)
...
006 (014.2581.000) 05/10 22:28:33 Image size of job updated: 2736368
	2041  -  MemoryUsage of job (MB)
	2089956  -  ResidentSetSize of job (KB)
...
006 (014.2581.000) 05/10 22:28:39 Image size of job updated: 2778352
	2140  -  MemoryUsage of job (MB)
	2191068  -  ResidentSetSize of job (KB)
...
006 (014.2581.000) 05/10 22:28:45 Image size of job updated: 2778352
	2240  -  MemoryUsage of job (MB)
	2293368  -  ResidentSetSize of job (KB)
...
006 (014.2581.000) 05/10 22:28:51 Image size of job updated: 2943216
	2313  -  MemoryUsage of job (MB)
	2368344  -  ResidentSetSize of job (KB)
...
006 (014.2581.000) 05/10 22:28:57 Image size of job updated: 2943216
	2380  -  MemoryUsage of job (MB)
	2436852  -  ResidentSetSize of job (KB)
...
006 (014.2581.000) 05/10 22:29:03 Image size of job updated: 3120368
	2448  -  MemoryUsage of job (MB)
	2506152  -  ResidentSetSize of job (KB)
...
006 (014.2581.000) 05/10 22:29:09 Image size of job updated: 3190000
	2515  -  MemoryUsage of job (MB)
	2574792  -  ResidentSetSize of job (KB)
...
006 (014.2581.000) 05/10 22:29:15 Image size of job updated: 3222768
	2582  -  MemoryUsage of job (MB)
	2643168  -  ResidentSetSize of job (KB)
...
006 (014.2581.000) 05/10 22:29:21 Image size of job updated: 3315952
	2649  -  MemoryUsage of job (MB)
	2712468  -  ResidentSetSize of job (KB)
...
006 (014.2581.000) 05/10 22:29:27 Image size of job updated: 3365104
	2716  -  MemoryUsage of job (MB)
	2780976  -  ResidentSetSize of job (KB)
...
006 (014.2581.000) 05/10 22:29:33 Image size of job updated: 3473648
	2783  -  MemoryUsage of job (MB)
	2849616  -  ResidentSetSize of job (KB)
...
006 (014.2581.000) 05/10 22:29:39 Image size of job updated: 3473648
	2850  -  MemoryUsage of job (MB)
	2917860  -  ResidentSetSize of job (KB)
...
006 (014.2581.000) 05/10 22:29:45 Image size of job updated: 3473648
	2917  -  MemoryUsage of job (MB)
	2986236  -  ResidentSetSize of job (KB)
...
006 (014.2581.000) 05/10 22:29:51 Image size of job updated: 3643632
	2983  -  MemoryUsage of job (MB)
	3054348  -  ResidentSetSize of job (KB)
...
006 (014.2581.000) 05/10 22:29:57 Image size of job updated: 3643632
	3052  -  MemoryUsage of job (MB)
	3124836  -  ResidentSetSize of job (KB)
...
006 (014.2581.000) 05/10 22:30:03 Image size of job updated: 3818736
	3121  -  MemoryUsage of job (MB)
	3195852  -  ResidentSetSize of job (KB)
...
006 (014.2581.000) 05/10 22:30:09 Image size of job updated: 3818736
	3187  -  MemoryUsage of job (MB)
	3263436  -  ResidentSetSize of job (KB)
...
006 (014.2581.000) 05/10 22:30:15 Image size of job updated: 3818736
	3268  -  MemoryUsage of job (MB)
	3345672  -  ResidentSetSize of job (KB)
...
006 (014.2581.000) 05/10 22:30:21 Image size of job updated: 4008176
	3361  -  MemoryUsage of job (MB)
	3440976  -  ResidentSetSize of job (KB)
...
006 (014.2581.000) 05/10 22:30:27 Image size of job updated: 4008176
	3442  -  MemoryUsage of job (MB)
	3523608  -  ResidentSetSize of job (KB)
...
006 (014.2581.000) 05/10 22:30:33 Image size of job updated: 4243696
	3523  -  MemoryUsage of job (MB)
	3606768  -  ResidentSetSize of job (KB)
...
006 (014.2581.000) 05/10 22:30:39 Image size of job updated: 4303088
	3590  -  MemoryUsage of job (MB)
	3675936  -  ResidentSetSize of job (KB)
...
006 (014.2581.000) 05/10 22:30:45 Image size of job updated: 4303088
	3656  -  MemoryUsage of job (MB)
	3743520  -  ResidentSetSize of job (KB)
...
006 (014.2581.000) 05/10 22:30:51 Image size of job updated: 4423920
	3725  -  MemoryUsage of job (MB)
	3813480  -  ResidentSetSize of job (KB)
...
006 (014.2581.000) 05/10 22:30:57 Image size of job updated: 4423920
	3792  -  MemoryUsage of job (MB)
	3882780  -  ResidentSetSize of job (KB)
...
006 (014.2581.000) 05/10 22:31:03 Image size of job updated: 4423920
	3860  -  MemoryUsage of job (MB)
	3951816  -  ResidentSetSize of job (KB)
...
006 (014.2581.000) 05/10 22:31:09 Image size of job updated: 4593904
	3927  -  MemoryUsage of job (MB)
	4021248  -  ResidentSetSize of job (KB)
...
006 (014.2581.000) 05/10 22:31:15 Image size of job updated: 4593904
	3993  -  MemoryUsage of job (MB)
	4087908  -  ResidentSetSize of job (KB)
...
006 (014.2581.000) 05/10 22:31:21 Image size of job updated: 4766960
	4044  -  MemoryUsage of job (MB)
	4140708  -  ResidentSetSize of job (KB)
...
006 (014.2581.000) 05/10 22:31:27 Image size of job updated: 4846832
	4088  -  MemoryUsage of job (MB)
	4185852  -  ResidentSetSize of job (KB)
...
006 (014.2581.000) 05/10 22:31:33 Image size of job updated: 4934896
	4159  -  MemoryUsage of job (MB)
	4258056  -  ResidentSetSize of job (KB)
...
006 (014.2581.000) 05/10 22:31:39 Image size of job updated: 5008624
	4228  -  MemoryUsage of job (MB)
	4328808  -  ResidentSetSize of job (KB)
...
006 (014.2581.000) 05/10 22:31:45 Image size of job updated: 5008624
	4299  -  MemoryUsage of job (MB)
	4401540  -  ResidentSetSize of job (KB)
...
006 (014.2581.000) 05/10 22:31:51 Image size of job updated: 5131504
	4386  -  MemoryUsage of job (MB)
	4490772  -  ResidentSetSize of job (KB)
...
006 (014.2581.000) 05/10 22:31:57 Image size of job updated: 5131504
	4476  -  MemoryUsage of job (MB)
	4582908  -  ResidentSetSize of job (KB)
...
006 (014.2581.000) 05/10 22:32:03 Image size of job updated: 5326064
	4546  -  MemoryUsage of job (MB)
	4654320  -  ResidentSetSize of job (KB)
...
006 (014.2581.000) 05/10 22:32:09 Image size of job updated: 5338352
	4623  -  MemoryUsage of job (MB)
	4733124  -  ResidentSetSize of job (KB)
...
006 (014.2581.000) 05/10 22:32:15 Image size of job updated: 5421296
	4693  -  MemoryUsage of job (MB)
	4805460  -  ResidentSetSize of job (KB)
...
006 (014.2581.000) 05/10 22:32:21 Image size of job updated: 5535984
	4764  -  MemoryUsage of job (MB)
	4877532  -  ResidentSetSize of job (KB)
...
006 (014.2581.000) 05/10 22:32:27 Image size of job updated: 5535984
	4832  -  MemoryUsage of job (MB)
	4947756  -  ResidentSetSize of job (KB)
...
006 (014.2581.000) 05/10 22:32:33 Image size of job updated: 5535984
	4902  -  MemoryUsage of job (MB)
	5018640  -  ResidentSetSize of job (KB)
...
006 (014.2581.000) 05/10 22:32:39 Image size of job updated: 5726448
	4971  -  MemoryUsage of job (MB)
	5090052  -  ResidentSetSize of job (KB)
...
006 (014.2581.000) 05/10 22:32:45 Image size of job updated: 5828848
	5041  -  MemoryUsage of job (MB)
	5161200  -  ResidentSetSize of job (KB)
...
006 (014.2581.000) 05/10 22:32:52 Image size of job updated: 5914864
	5111  -  MemoryUsage of job (MB)
	5233536  -  ResidentSetSize of job (KB)
...
006 (014.2581.000) 05/10 22:32:57 Image size of job updated: 5914864
	5171  -  MemoryUsage of job (MB)
	5294124  -  ResidentSetSize of job (KB)
...
006 (014.2581.000) 05/10 22:33:02 Image size of job updated: 6034672
	5229  -  MemoryUsage of job (MB)
	5354184  -  ResidentSetSize of job (KB)
...
006 (014.2581.000) 05/10 22:33:07 Image size of job updated: 6096112
	5289  -  MemoryUsage of job (MB)
	5415036  -  ResidentSetSize of job (KB)
...
006 (014.2581.000) 05/10 22:33:12 Image size of job updated: 6137072
	5348  -  MemoryUsage of job (MB)
	5476152  -  ResidentSetSize of job (KB)
...
006 (014.2581.000) 05/10 22:33:17 Image size of job updated: 6159600
	5407  -  MemoryUsage of job (MB)
	5536476  -  ResidentSetSize of job (KB)
...
006 (014.2581.000) 05/10 22:33:22 Image size of job updated: 6256880
	5466  -  MemoryUsage of job (MB)
	5596932  -  ResidentSetSize of job (KB)
...
006 (014.2581.000) 05/10 22:33:27 Image size of job updated: 6321392
	5526  -  MemoryUsage of job (MB)
	5657652  -  ResidentSetSize of job (KB)
...
006 (014.2581.000) 05/10 22:33:32 Image size of job updated: 6378736
	5585  -  MemoryUsage of job (MB)
	5718636  -  ResidentSetSize of job (KB)
...
006 (014.2581.000) 05/10 22:33:37 Image size of job updated: 6378736
	5644  -  MemoryUsage of job (MB)
	5779356  -  ResidentSetSize of job (KB)
...
006 (014.2581.000) 05/10 22:33:42 Image size of job updated: 6459632
	5703  -  MemoryUsage of job (MB)
	5839284  -  ResidentSetSize of job (KB)
...
006 (014.2581.000) 05/10 22:33:47 Image size of job updated: 6459632
	5762  -  MemoryUsage of job (MB)
	5900004  -  ResidentSetSize of job (KB)
...
006 (014.2581.000) 05/10 22:33:52 Image size of job updated: 6459632
	5821  -  MemoryUsage of job (MB)
	5960592  -  ResidentSetSize of job (KB)
...
006 (014.2581.000) 05/10 22:33:57 Image size of job updated: 6640880
	5881  -  MemoryUsage of job (MB)
	6021972  -  ResidentSetSize of job (KB)
...
006 (014.2581.000) 05/10 22:34:02 Image size of job updated: 6640880
	5938  -  MemoryUsage of job (MB)
	6079788  -  ResidentSetSize of job (KB)
...
006 (014.2581.000) 05/10 22:34:07 Image size of job updated: 6640880
	5993  -  MemoryUsage of job (MB)
	6136020  -  ResidentSetSize of job (KB)
...
006 (014.2581.000) 05/10 22:34:12 Image size of job updated: 6844656
	6047  -  MemoryUsage of job (MB)
	6191988  -  ResidentSetSize of job (KB)
...
006 (014.2581.000) 05/10 22:34:17 Image size of job updated: 6921456
	6103  -  MemoryUsage of job (MB)
	6248616  -  ResidentSetSize of job (KB)
...
006 (014.2581.000) 05/10 22:34:22 Image size of job updated: 6921456
	6157  -  MemoryUsage of job (MB)
	6304056  -  ResidentSetSize of job (KB)
...
006 (014.2581.000) 05/10 22:34:27 Image size of job updated: 6997232
	6213  -  MemoryUsage of job (MB)
	6362004  -  ResidentSetSize of job (KB)
...
006 (014.2581.000) 05/10 22:34:32 Image size of job updated: 6997232
	6269  -  MemoryUsage of job (MB)
	6418896  -  ResidentSetSize of job (KB)
...
006 (014.2581.000) 05/10 22:34:37 Image size of job updated: 7160048
	6323  -  MemoryUsage of job (MB)
	6473808  -  ResidentSetSize of job (KB)
...
006 (014.2581.000) 05/10 22:34:42 Image size of job updated: 7213296
	6376  -  MemoryUsage of job (MB)
	6528852  -  ResidentSetSize of job (KB)
...
006 (014.2581.000) 05/10 22:34:47 Image size of job updated: 7213296
	6431  -  MemoryUsage of job (MB)
	6584424  -  ResidentSetSize of job (KB)
...
006 (014.2581.000) 05/10 22:34:52 Image size of job updated: 7213296
	6484  -  MemoryUsage of job (MB)
	6639468  -  ResidentSetSize of job (KB)
...
006 (014.2581.000) 05/10 22:34:57 Image size of job updated: 7340272
	6537  -  MemoryUsage of job (MB)
	6693720  -  ResidentSetSize of job (KB)
...
006 (014.2581.000) 05/10 22:35:02 Image size of job updated: 7340272
	6590  -  MemoryUsage of job (MB)
	6747840  -  ResidentSetSize of job (KB)
...
006 (014.2581.000) 05/10 22:35:07 Image size of job updated: 7440624
	6643  -  MemoryUsage of job (MB)
	6801828  -  ResidentSetSize of job (KB)
...
006 (014.2581.000) 05/10 22:35:12 Image size of job updated: 7510256
	6696  -  MemoryUsage of job (MB)
	6856476  -  ResidentSetSize of job (KB)
...
006 (014.2581.000) 05/10 22:35:17 Image size of job updated: 7510256
	6750  -  MemoryUsage of job (MB)
	6911124  -  ResidentSetSize of job (KB)
...
006 (014.2581.000) 05/10 22:35:22 Image size of job updated: 7510256
	6803  -  MemoryUsage of job (MB)
	6965904  -  ResidentSetSize of job (KB)
...
006 (014.2581.000) 05/10 22:35:27 Image size of job updated: 7673072
	6856  -  MemoryUsage of job (MB)
	7020288  -  ResidentSetSize of job (KB)
...
006 (014.2581.000) 05/10 22:35:32 Image size of job updated: 7673072
	6909  -  MemoryUsage of job (MB)
	7074540  -  ResidentSetSize of job (KB)
...
006 (014.2581.000) 05/10 22:35:37 Image size of job updated: 7673072
	6944  -  MemoryUsage of job (MB)
	7110048  -  ResidentSetSize of job (KB)
...
006 (014.2581.000) 05/10 22:35:42 Image size of job updated: 7836912
	7057  -  MemoryUsage of job (MB)
	7225680  -  ResidentSetSize of job (KB)
...
006 (014.2581.000) 05/10 22:35:47 Image size of job updated: 7836912
	7100  -  MemoryUsage of job (MB)
	7270296  -  ResidentSetSize of job (KB)
...
006 (014.2581.000) 05/10 22:35:56 Image size of job updated: 8077296
	7100  -  MemoryUsage of job (MB)
	7270296  -  ResidentSetSize of job (KB)
...
005 (014.2581.000) 05/10 22:35:56 Job terminated.
	(1) Normal termination (return value 0)
		Usr 0 00:25:10, Sys 0 00:00:10  -  Run Remote Usage
		Usr 0 00:00:00, Sys 0 00:00:00  -  Run Local Usage
		Usr 0 00:25:10, Sys 0 00:00:10  -  Total Remote Usage
		Usr 0 00:00:00, Sys 0 00:00:00  -  Total Local Usage
	0  -  Run Bytes Sent By Job
	0  -  Run Bytes Received By Job
	0  -  Total Bytes Sent By Job
	0  -  Total Bytes Received By Job
	Partitionable Resources :      Usage  Request Allocated 
	   Cpus                 :       0.71        1         1 
	   Disk (KB)            : 2000000     2000000   6232219 
	   Memory (MB)          :    7100        1954      2007 
...
