000 (016.1279.000) 05/10 03:37:52 Job submitted from host: <127.0.0.1:9618?addrs=127.0.0.1-9618&noUDP&sock=212_fe2a_4>
...
001 (016.1279.000) 05/10 10:49:09 Job executing on host: <127.0.0.1:9618?addrs=127.0.0.1-9618&noUDP&sock=212_fe2a_5>
...
006 (016.1279.000) 05/10 10:49:14 Image size of job updated: 2000000
	101  -  MemoryUsage of job (MB)
	102960  -  ResidentSetSize of job (KB)
...
006 (016.1279.000) 05/10 10:49:39 Image size of job updated: 2000000
	127  -  MemoryUsage of job (MB)
	129096  -  ResidentSetSize of job (KB)
...
006 (016.1279.000) 05/10 10:49:44 Image size of job updated: 2000000
	184  -  MemoryUsage of job (MB)
	187968  -  ResidentSetSize of job (KB)
...
006 (016.1279.000) 05/10 10:49:49 Image size of job updated: 2000000
	184  -  MemoryUsage of job (MB)
	188364  -  ResidentSetSize of job (KB)
...
006 (016.1279.000) 05/10 10:49:54 Image size of job updated: 2000000
	187  -  MemoryUsage of job (MB)
	191004  -  ResidentSetSize of job (KB)
...
006 (016.1279.000) 05/10 10:49:59 Image size of job updated: 2000000
	197  -  MemoryUsage of job (MB)
	201168  -  ResidentSetSize of job (KB)
...
006 (016.1279.000) 05/10 10:50:04 Image size of job updated: 2000000
	207  -  MemoryUsage of job (MB)
	211332  -  ResidentSetSize of job (KB)
...
006 (016.1279.000) 05/10 10:50:09 Image size of job updated: 2000000
	215  -  MemoryUsage of job (MB)
	219516  -  ResidentSetSize of job (KB)
...
006 (016.1279.000) 05/10 10:50:14 Image size of job updated: 2000000
	225  -  MemoryUsage of job (MB)
	229548  -  ResidentSetSize of job (KB)
...
006 (016.1279.000) 05/10 10:50:19 Image size of job updated: 2000000
	233  -  MemoryUsage of job (MB)
	238524  -  ResidentSetSize of job (KB)
...
006 (016.1279.000) 05/10 10:50:24 Image size of job updated: 2000000
	240  -  MemoryUsage of job (MB)
	245256  -  ResidentSetSize of job (KB)
...
006 (016.1279.000) 05/10 10:50:29 Image size of job updated: 2000000
	272  -  MemoryUsage of job (MB)
	278388  -  ResidentSetSize of job (KB)
...
006 (016.1279.000) 05/10 10:50:34 Image size of job updated: 2000000
	308  -  MemoryUsage of job (MB)
	315348  -  ResidentSetSize of job (KB)
...
006 (016.1279.000) 05/10 10:50:39 Image size of job updated: 2000000
	329  -  MemoryUsage of job (MB)
	336072  -  ResidentSetSize of job (KB)
...
006 (016.1279.000) 05/10 10:50:44 Image size of job updated: 2000000
	385  -  MemoryUsage of job (MB)
	393756  -  ResidentSetSize of job (KB)
...
006 (016.1279.000) 05/10 10:50:49 Image size of job updated: 2000000
	439  -  MemoryUsage of job (MB)
	448668  -  ResidentSetSize of job (KB)
...
006 (016.1279.000) 05/10 10:50:54 Image size of job updated: 2000000
	586  -  MemoryUsage of job (MB)
	599808  -  ResidentSetSize of job (KB)
...
006 (016.1279.000) 05/10 10:50:59 Image size of job updated: 2000000
	1171  -  MemoryUsage of job (MB)
	1198296  -  ResidentSetSize of job (KB)
...
006 (016.1279.000) 05/10 11:05:40 Image size of job updated: 2000000
	1173  -  MemoryUsage of job (MB)
	1200276  -  ResidentSetSize of job (KB)
...
006 (016.1279.000) 05/10 11:05:46 Image size of job updated: 2000000
	1247  -  MemoryUsage of job (MB)
	1276176  -  ResidentSetSize of job (KB)
...
006 (016.1279.000) 05/10 11:05:52 Image size of job updated: 2000000
	1614  -  MemoryUsage of job (MB)
	1652244  -  ResidentSetSize of job (KB)
...
006 (016.1279.000) 05/10 11:05:58 Image size of job updated: 2340332
	1695  -  MemoryUsage of job (MB)
	1735008  -  ResidentSetSize of job (KB)
...
006 (016.1279.000) 05/10 11:06:04 Image size of job updated: 2340332
	1885  -  MemoryUsage of job (MB)
	1929576  -  ResidentSetSize of job (KB)
...
006 (016.1279.000) 05/10 11:06:16 Image size of job updated: 2561004
	1885  -  MemoryUsage of job (MB)
	1929576  -  ResidentSetSize of job (KB)
...
006 (016.1279.000) 05/10 11:08:28 Image size of job updated: 2561004
	2066  -  MemoryUsage of job (MB)
	2115300  -  ResidentSetSize of job (KB)
...
006 (016.1279.000) 05/10 11:08:34 Image size of job updated: 2746860
	2066  -  MemoryUsage of job (MB)
	2115300  -  ResidentSetSize of job (KB)
...
005 (016.1279.000) 05/10 11:08:35 Job terminated.
	(1) Normal termination (return value 0)
		Usr 0 00:18:58, Sys 0 00:00:02  -  Run Remote Usage
		Usr 0 00:00:00, Sys 0 00:00:00  -  Run Local Usage
		Usr 0 00:18:58, Sys 0 00:00:02  -  Total Remote Usage
		Usr 0 00:00:00, Sys 0 00:00:00  -  Total Local Usage
	0  -  Run Bytes Sent By Job
	0  -  Run Bytes Received By Job
	0  -  Total Bytes Sent By Job
	0  -  Total Bytes Received By Job
	Partitionable Resources :      Usage  Request Allocated 
	   Cpus                 :       1.00        1         1 
	   Disk (KB)            : 2000000     2000000   6232219 
	   Memory (MB)          :    2066        1954      2007 
...
