000 (005.4524.000) 05/05 20:23:31 Job submitted from host: <127.0.0.1:9618?addrs=127.0.0.1-9618&noUDP&sock=227_4816_4>
...
033 (005.4524.000) 05/06 14:16:46 Changing job attribute JobPrio from 0 to -10
...
001 (005.4524.000) 05/07 05:18:15 Job executing on host: <127.0.0.1:9618?addrs=127.0.0.1-9618&noUDP&sock=227_4816_5>
...
006 (005.4524.000) 05/07 05:18:21 Image size of job updated: 2000000
	101  -  MemoryUsage of job (MB)
	102960  -  ResidentSetSize of job (KB)
...
006 (005.4524.000) 05/07 05:18:45 Image size of job updated: 2000000
	122  -  MemoryUsage of job (MB)
	124740  -  ResidentSetSize of job (KB)
...
006 (005.4524.000) 05/07 05:18:51 Image size of job updated: 2000000
	184  -  MemoryUsage of job (MB)
	187836  -  ResidentSetSize of job (KB)
...
006 (005.4524.000) 05/07 05:18:57 Image size of job updated: 2000000
	184  -  MemoryUsage of job (MB)
	188232  -  ResidentSetSize of job (KB)
...
006 (005.4524.000) 05/07 05:19:03 Image size of job updated: 2000000
	197  -  MemoryUsage of job (MB)
	201300  -  ResidentSetSize of job (KB)
...
006 (005.4524.000) 05/07 05:19:09 Image size of job updated: 2000000
	212  -  MemoryUsage of job (MB)
	216480  -  ResidentSetSize of job (KB)
...
006 (005.4524.000) 05/07 05:19:15 Image size of job updated: 2000000
	230  -  MemoryUsage of job (MB)
	234696  -  ResidentSetSize of job (KB)
...
006 (005.4524.000) 05/07 05:19:21 Image size of job updated: 2000000
	240  -  MemoryUsage of job (MB)
	244992  -  ResidentSetSize of job (KB)
...
006 (005.4524.000) 05/07 05:19:27 Image size of job updated: 2000000
	279  -  MemoryUsage of job (MB)
	285120  -  ResidentSetSize of job (KB)
...
006 (005.4524.000) 05/07 05:19:33 Image size of job updated: 2000000
	323  -  MemoryUsage of job (MB)
	330396  -  ResidentSetSize of job (KB)
...
006 (005.4524.000) 05/07 05:19:39 Image size of job updated: 2000000
	345  -  MemoryUsage of job (MB)
	352572  -  ResidentSetSize of job (KB)
...
006 (005.4524.000) 05/07 05:19:45 Image size of job updated: 2000000
	428  -  MemoryUsage of job (MB)
	437448  -  ResidentSetSize of job (KB)
...
006 (005.4524.000) 05/07 05:19:51 Image size of job updated: 2000000
	1171  -  MemoryUsage of job (MB)
	1198164  -  ResidentSetSize of job (KB)
...
006 (005.4524.000) 05/07 05:34:58 Image size of job updated: 2000000
	1171  -  MemoryUsage of job (MB)
	1198692  -  ResidentSetSize of job (KB)
...
006 (005.4524.000) 05/07 05:35:03 Image size of job updated: 2000000
	1173  -  MemoryUsage of job (MB)
	1200144  -  ResidentSetSize of job (KB)
...
006 (005.4524.000) 05/07 05:35:08 Image size of job updated: 2000000
	1250  -  MemoryUsage of job (MB)
	1279608  -  ResidentSetSize of job (KB)
...
006 (005.4524.000) 05/07 05:35:13 Image size of job updated: 2000000
	1553  -  MemoryUsage of job (MB)
	1590072  -  ResidentSetSize of job (KB)
...
006 (005.4524.000) 05/07 05:35:18 Image size of job updated: 2256416
	1675  -  MemoryUsage of job (MB)
	1714416  -  ResidentSetSize of job (KB)
...
006 (005.4524.000) 05/07 05:35:23 Image size of job updated: 2602728
	1886  -  MemoryUsage of job (MB)
	1930896  -  ResidentSetSize of job (KB)
...
006 (005.4524.000) 05/07 05:38:45 Image size of job updated: 2602728
	1887  -  MemoryUsage of job (MB)
	1931688  -  ResidentSetSize of job (KB)
...
006 (005.4524.000) 05/07 05:38:57 Image size of job updated: 2602728
	1888  -  MemoryUsage of job (MB)
	1933140  -  ResidentSetSize of job (KB)
...
006 (005.4524.000) 05/07 05:39:09 Image size of job updated: 2602728
	1889  -  MemoryUsage of job (MB)
	1934328  -  ResidentSetSize of job (KB)
...
006 (005.4524.000) 05/07 05:39:21 Image size of job updated: 2602728
	1890  -  MemoryUsage of job (MB)
	1934724  -  ResidentSetSize of job (KB)
...
006 (005.4524.000) 05/07 05:39:27 Image size of job updated: 2602728
	1891  -  MemoryUsage of job (MB)
	1935516  -  ResidentSetSize of job (KB)
...
006 (005.4524.000) 05/07 05:39:33 Image size of job updated: 2602728
	1891  -  MemoryUsage of job (MB)
	1936176  -  ResidentSetSize of job (KB)
...
006 (005.4524.000) 05/07 05:39:39 Image size of job updated: 2602728
	1892  -  MemoryUsage of job (MB)
	1936440  -  ResidentSetSize of job (KB)
...
006 (005.4524.000) 05/07 05:39:51 Image size of job updated: 2602728
	1893  -  MemoryUsage of job (MB)
	1937760  -  ResidentSetSize of job (KB)
...
006 (005.4524.000) 05/07 05:39:57 Image size of job updated: 2602728
	1895  -  MemoryUsage of job (MB)
	1939740  -  ResidentSetSize of job (KB)
...
006 (005.4524.000) 05/07 05:40:09 Image size of job updated: 2602728
	1895  -  MemoryUsage of job (MB)
	1940004  -  ResidentSetSize of job (KB)
...
006 (005.4524.000) 05/07 05:40:15 Image size of job updated: 2602728
	1896  -  MemoryUsage of job (MB)
	1940664  -  ResidentSetSize of job (KB)
...
006 (005.4524.000) 05/07 05:40:21 Image size of job updated: 2602728
	2078  -  MemoryUsage of job (MB)
	2126916  -  ResidentSetSize of job (KB)
...
006 (005.4524.000) 05/07 05:40:27 Image size of job updated: 2784232
	2078  -  MemoryUsage of job (MB)
	2127180  -  ResidentSetSize of job (KB)
...
005 (005.4524.000) 05/07 05:40:28 Job terminated.
	(1) Normal termination (return value 0)
		Usr 0 00:21:44, Sys 0 00:00:02  -  Run Remote Usage
		Usr 0 00:00:00, Sys 0 00:00:00  -  Run Local Usage
		Usr 0 00:21:44, Sys 0 00:00:02  -  Total Remote Usage
		Usr 0 00:00:00, Sys 0 00:00:00  -  Total Local Usage
	0  -  Run Bytes Sent By Job
	0  -  Run Bytes Received By Job
	0  -  Total Bytes Sent By Job
	0  -  Total Bytes Received By Job
	Partitionable Resources :      Usage  Request Allocated 
	   Cpus                 :       1.00        1         1 
	   Disk (KB)            : 2000000     2000000   6275465 
	   Memory (MB)          :    2078        1954      2007 
...
