000 (205.8298.000) 05/06 03:21:41 Job submitted from host: <127.0.0.1:9618?addrs=127.0.0.1-9618&noUDP&sock=222_da1d_4>
...
033 (205.8298.000) 05/06 14:24:05 Changing job attribute JobPrio from 0 to -5
...
000 (007.8298.000) 05/07 19:00:57 Job submitted from host: <127.0.0.1:9618?addrs=127.0.0.1-9618&noUDP&sock=215_0cf3_4>
...
000 (016.8298.000) 05/08 15:58:00 Job submitted from host: <127.0.0.1:9618?addrs=127.0.0.1-9618&noUDP&sock=227_4816_4>
...
009 (016.8298.000) 05/09 16:56:05 Job was aborted by the user.
	via condor_rm (by user aw868)
...
000 (014.1137.000) 05/09 17:30:12 Job submitted from host: <127.0.0.1:9618?addrs=127.0.0.1-9618&noUDP&sock=212_fe2a_4>
...
033 (014.1137.000) 05/09 17:34:09 Changing job attribute JobPrio from 0 to -10
...
033 (014.1137.000) 05/09 21:36:20 Changing job attribute JobPrio from -10 to -15
...
001 (014.1137.000) 05/10 11:45:25 Job executing on host: <127.0.0.1:9618?addrs=127.0.0.1-9618&noUDP&sock=212_fe2a_5>
...
006 (014.1137.000) 05/10 11:45:30 Image size of job updated: 2000000
	106  -  MemoryUsage of job (MB)
	107712  -  ResidentSetSize of job (KB)
...
006 (014.1137.000) 05/10 11:45:35 Image size of job updated: 2000000
	115  -  MemoryUsage of job (MB)
	116952  -  ResidentSetSize of job (KB)
...
006 (014.1137.000) 05/10 11:46:01 Image size of job updated: 2000000
	207  -  MemoryUsage of job (MB)
	211332  -  ResidentSetSize of job (KB)
...
006 (014.1137.000) 05/10 11:46:07 Image size of job updated: 2000000
	211  -  MemoryUsage of job (MB)
	215424  -  ResidentSetSize of job (KB)
...
006 (014.1137.000) 05/10 11:46:13 Image size of job updated: 2000000
	212  -  MemoryUsage of job (MB)
	216612  -  ResidentSetSize of job (KB)
...
006 (014.1137.000) 05/10 11:46:19 Image size of job updated: 2000000
	226  -  MemoryUsage of job (MB)
	231264  -  ResidentSetSize of job (KB)
...
006 (014.1137.000) 05/10 11:46:25 Image size of job updated: 2000000
	241  -  MemoryUsage of job (MB)
	246444  -  ResidentSetSize of job (KB)
...
006 (014.1137.000) 05/10 11:46:31 Image size of job updated: 2000000
	255  -  MemoryUsage of job (MB)
	260304  -  ResidentSetSize of job (KB)
...
006 (014.1137.000) 05/10 11:46:37 Image size of job updated: 2000000
	265  -  MemoryUsage of job (MB)
	270996  -  ResidentSetSize of job (KB)
...
006 (014.1137.000) 05/10 11:46:43 Image size of job updated: 2000000
	272  -  MemoryUsage of job (MB)
	278256  -  ResidentSetSize of job (KB)
...
006 (014.1137.000) 05/10 11:46:49 Image size of job updated: 2000000
	296  -  MemoryUsage of job (MB)
	302808  -  ResidentSetSize of job (KB)
...
006 (014.1137.000) 05/10 11:46:55 Image size of job updated: 2000000
	343  -  MemoryUsage of job (MB)
	350328  -  ResidentSetSize of job (KB)
...
006 (014.1137.000) 05/10 11:47:01 Image size of job updated: 2000000
	380  -  MemoryUsage of job (MB)
	388344  -  ResidentSetSize of job (KB)
...
006 (014.1137.000) 05/10 11:47:07 Image size of job updated: 2000000
	380  -  MemoryUsage of job (MB)
	388476  -  ResidentSetSize of job (KB)
...
006 (014.1137.000) 05/10 11:47:13 Image size of job updated: 2000000
	462  -  MemoryUsage of job (MB)
	472428  -  ResidentSetSize of job (KB)
...
006 (014.1137.000) 05/10 11:47:19 Image size of job updated: 2000000
	520  -  MemoryUsage of job (MB)
	532224  -  ResidentSetSize of job (KB)
...
006 (014.1137.000) 05/10 11:47:25 Image size of job updated: 2000000
	1243  -  MemoryUsage of job (MB)
	1272084  -  ResidentSetSize of job (KB)
...
006 (014.1137.000) 05/10 12:05:12 Image size of job updated: 2000000
	1595  -  MemoryUsage of job (MB)
	1632840  -  ResidentSetSize of job (KB)
...
006 (014.1137.000) 05/10 12:05:18 Image size of job updated: 2368980
	1774  -  MemoryUsage of job (MB)
	1816452  -  ResidentSetSize of job (KB)
...
006 (014.1137.000) 05/10 12:05:24 Image size of job updated: 2499796
	1961  -  MemoryUsage of job (MB)
	2007984  -  ResidentSetSize of job (KB)
...
006 (014.1137.000) 05/10 12:05:30 Image size of job updated: 2654452
	1971  -  MemoryUsage of job (MB)
	2018016  -  ResidentSetSize of job (KB)
...
006 (014.1137.000) 05/10 12:05:36 Image size of job updated: 2654452
	2033  -  MemoryUsage of job (MB)
	2081376  -  ResidentSetSize of job (KB)
...
006 (014.1137.000) 05/10 12:05:42 Image size of job updated: 2796788
	2148  -  MemoryUsage of job (MB)
	2199252  -  ResidentSetSize of job (KB)
...
006 (014.1137.000) 05/10 12:05:48 Image size of job updated: 2901236
	2231  -  MemoryUsage of job (MB)
	2284128  -  ResidentSetSize of job (KB)
...
006 (014.1137.000) 05/10 12:05:54 Image size of job updated: 2901236
	2286  -  MemoryUsage of job (MB)
	2339964  -  ResidentSetSize of job (KB)
...
006 (014.1137.000) 05/10 12:06:00 Image size of job updated: 3020020
	2336  -  MemoryUsage of job (MB)
	2391312  -  ResidentSetSize of job (KB)
...
006 (014.1137.000) 05/10 12:06:06 Image size of job updated: 3079412
	2382  -  MemoryUsage of job (MB)
	2438172  -  ResidentSetSize of job (KB)
...
006 (014.1137.000) 05/10 12:06:12 Image size of job updated: 3115252
	2427  -  MemoryUsage of job (MB)
	2485164  -  ResidentSetSize of job (KB)
...
006 (014.1137.000) 05/10 12:06:18 Image size of job updated: 3137780
	2482  -  MemoryUsage of job (MB)
	2540604  -  ResidentSetSize of job (KB)
...
006 (014.1137.000) 05/10 12:06:24 Image size of job updated: 3137780
	2537  -  MemoryUsage of job (MB)
	2597628  -  ResidentSetSize of job (KB)
...
006 (014.1137.000) 05/10 12:06:30 Image size of job updated: 3282164
	2586  -  MemoryUsage of job (MB)
	2648052  -  ResidentSetSize of job (KB)
...
006 (014.1137.000) 05/10 12:06:36 Image size of job updated: 3330292
	2633  -  MemoryUsage of job (MB)
	2695440  -  ResidentSetSize of job (KB)
...
006 (014.1137.000) 05/10 12:06:42 Image size of job updated: 3338484
	2679  -  MemoryUsage of job (MB)
	2742432  -  ResidentSetSize of job (KB)
...
006 (014.1137.000) 05/10 12:06:48 Image size of job updated: 3394804
	2726  -  MemoryUsage of job (MB)
	2790744  -  ResidentSetSize of job (KB)
...
006 (014.1137.000) 05/10 12:06:54 Image size of job updated: 3394804
	2773  -  MemoryUsage of job (MB)
	2839188  -  ResidentSetSize of job (KB)
...
006 (014.1137.000) 05/10 12:07:00 Image size of job updated: 3525876
	2819  -  MemoryUsage of job (MB)
	2886444  -  ResidentSetSize of job (KB)
...
006 (014.1137.000) 05/10 12:07:06 Image size of job updated: 3539188
	2866  -  MemoryUsage of job (MB)
	2933964  -  ResidentSetSize of job (KB)
...
006 (014.1137.000) 05/10 12:07:12 Image size of job updated: 3539188
	2911  -  MemoryUsage of job (MB)
	2980824  -  ResidentSetSize of job (KB)
...
006 (014.1137.000) 05/10 12:07:18 Image size of job updated: 3642612
	2958  -  MemoryUsage of job (MB)
	3028476  -  ResidentSetSize of job (KB)
...
006 (014.1137.000) 05/10 12:07:24 Image size of job updated: 3642612
	3005  -  MemoryUsage of job (MB)
	3076392  -  ResidentSetSize of job (KB)
...
006 (014.1137.000) 05/10 12:07:30 Image size of job updated: 3761396
	3050  -  MemoryUsage of job (MB)
	3123120  -  ResidentSetSize of job (KB)
...
006 (014.1137.000) 05/10 12:07:36 Image size of job updated: 3761396
	3097  -  MemoryUsage of job (MB)
	3170640  -  ResidentSetSize of job (KB)
...
006 (014.1137.000) 05/10 12:07:42 Image size of job updated: 3761396
	3140  -  MemoryUsage of job (MB)
	3214464  -  ResidentSetSize of job (KB)
...
006 (014.1137.000) 05/10 12:07:48 Image size of job updated: 3875060
	3182  -  MemoryUsage of job (MB)
	3258156  -  ResidentSetSize of job (KB)
...
006 (014.1137.000) 05/10 12:07:54 Image size of job updated: 3875060
	3214  -  MemoryUsage of job (MB)
	3290892  -  ResidentSetSize of job (KB)
...
006 (014.1137.000) 05/10 12:08:00 Image size of job updated: 3981556
	3248  -  MemoryUsage of job (MB)
	3324948  -  ResidentSetSize of job (KB)
...
006 (014.1137.000) 05/10 12:08:06 Image size of job updated: 3981556
	3273  -  MemoryUsage of job (MB)
	3350556  -  ResidentSetSize of job (KB)
...
006 (014.1137.000) 05/10 12:08:12 Image size of job updated: 4050164
	3303  -  MemoryUsage of job (MB)
	3381840  -  ResidentSetSize of job (KB)
...
006 (014.1137.000) 05/10 12:08:18 Image size of job updated: 4094196
	3349  -  MemoryUsage of job (MB)
	3428964  -  ResidentSetSize of job (KB)
...
006 (014.1137.000) 05/10 12:08:24 Image size of job updated: 4150516
	3402  -  MemoryUsage of job (MB)
	3483216  -  ResidentSetSize of job (KB)
...
006 (014.1137.000) 05/10 12:08:30 Image size of job updated: 4185332
	3457  -  MemoryUsage of job (MB)
	3539712  -  ResidentSetSize of job (KB)
...
006 (014.1137.000) 05/10 12:08:36 Image size of job updated: 4222196
	3512  -  MemoryUsage of job (MB)
	3595548  -  ResidentSetSize of job (KB)
...
006 (014.1137.000) 05/10 12:08:42 Image size of job updated: 4319476
	3570  -  MemoryUsage of job (MB)
	3654684  -  ResidentSetSize of job (KB)
...
006 (014.1137.000) 05/10 12:08:48 Image size of job updated: 4367604
	3613  -  MemoryUsage of job (MB)
	3699300  -  ResidentSetSize of job (KB)
...
006 (014.1137.000) 05/10 12:08:54 Image size of job updated: 4367604
	3657  -  MemoryUsage of job (MB)
	3743916  -  ResidentSetSize of job (KB)
...
006 (014.1137.000) 05/10 12:09:01 Image size of job updated: 4430068
	3703  -  MemoryUsage of job (MB)
	3791700  -  ResidentSetSize of job (KB)
...
006 (014.1137.000) 05/10 12:09:06 Image size of job updated: 4476148
	3742  -  MemoryUsage of job (MB)
	3831300  -  ResidentSetSize of job (KB)
...
006 (014.1137.000) 05/10 12:09:11 Image size of job updated: 4476148
	3779  -  MemoryUsage of job (MB)
	3868788  -  ResidentSetSize of job (KB)
...
006 (014.1137.000) 05/10 12:09:16 Image size of job updated: 4476148
	3815  -  MemoryUsage of job (MB)
	3906540  -  ResidentSetSize of job (KB)
...
006 (014.1137.000) 05/10 12:09:21 Image size of job updated: 4588788
	3853  -  MemoryUsage of job (MB)
	3944688  -  ResidentSetSize of job (KB)
...
006 (014.1137.000) 05/10 12:09:26 Image size of job updated: 4588788
	3890  -  MemoryUsage of job (MB)
	3982704  -  ResidentSetSize of job (KB)
...
006 (014.1137.000) 05/10 12:09:31 Image size of job updated: 4588788
	3928  -  MemoryUsage of job (MB)
	4021776  -  ResidentSetSize of job (KB)
...
006 (014.1137.000) 05/10 12:09:36 Image size of job updated: 4704500
	3965  -  MemoryUsage of job (MB)
	4059396  -  ResidentSetSize of job (KB)
...
006 (014.1137.000) 05/10 12:09:41 Image size of job updated: 4704500
	4002  -  MemoryUsage of job (MB)
	4097808  -  ResidentSetSize of job (KB)
...
006 (014.1137.000) 05/10 12:09:46 Image size of job updated: 4704500
	4041  -  MemoryUsage of job (MB)
	4137012  -  ResidentSetSize of job (KB)
...
006 (014.1137.000) 05/10 12:09:51 Image size of job updated: 4820212
	4079  -  MemoryUsage of job (MB)
	4176348  -  ResidentSetSize of job (KB)
...
006 (014.1137.000) 05/10 12:09:56 Image size of job updated: 4820212
	4111  -  MemoryUsage of job (MB)
	4208820  -  ResidentSetSize of job (KB)
...
006 (014.1137.000) 05/10 12:10:01 Image size of job updated: 4820212
	4127  -  MemoryUsage of job (MB)
	4225980  -  ResidentSetSize of job (KB)
...
006 (014.1137.000) 05/10 12:10:06 Image size of job updated: 4936948
	4149  -  MemoryUsage of job (MB)
	4248552  -  ResidentSetSize of job (KB)
...
006 (014.1137.000) 05/10 12:10:16 Image size of job updated: 4936948
	4167  -  MemoryUsage of job (MB)
	4266636  -  ResidentSetSize of job (KB)
...
006 (014.1137.000) 05/10 12:10:34 Image size of job updated: 5080308
	4306  -  MemoryUsage of job (MB)
	4409064  -  ResidentSetSize of job (KB)
...
006 (014.1137.000) 05/10 12:10:49 Image size of job updated: 5202164
	4356  -  MemoryUsage of job (MB)
	4459752  -  ResidentSetSize of job (KB)
...
006 (014.1137.000) 05/10 12:10:58 Image size of job updated: 5279988
	4424  -  MemoryUsage of job (MB)
	4529316  -  ResidentSetSize of job (KB)
...
006 (014.1137.000) 05/10 12:11:04 Image size of job updated: 5322996
	4468  -  MemoryUsage of job (MB)
	4575120  -  ResidentSetSize of job (KB)
...
006 (014.1137.000) 05/10 12:11:10 Image size of job updated: 5322996
	4513  -  MemoryUsage of job (MB)
	4621056  -  ResidentSetSize of job (KB)
...
006 (014.1137.000) 05/10 12:11:16 Image size of job updated: 5437684
	4558  -  MemoryUsage of job (MB)
	4666596  -  ResidentSetSize of job (KB)
...
006 (014.1137.000) 05/10 12:11:22 Image size of job updated: 5437684
	4603  -  MemoryUsage of job (MB)
	4713060  -  ResidentSetSize of job (KB)
...
006 (014.1137.000) 05/10 12:11:28 Image size of job updated: 5437684
	4648  -  MemoryUsage of job (MB)
	4758864  -  ResidentSetSize of job (KB)
...
006 (014.1137.000) 05/10 12:11:34 Image size of job updated: 5552372
	4692  -  MemoryUsage of job (MB)
	4803612  -  ResidentSetSize of job (KB)
...
006 (014.1137.000) 05/10 12:11:40 Image size of job updated: 5591284
	4736  -  MemoryUsage of job (MB)
	4849548  -  ResidentSetSize of job (KB)
...
006 (014.1137.000) 05/10 12:11:47 Image size of job updated: 5665012
	4782  -  MemoryUsage of job (MB)
	4895748  -  ResidentSetSize of job (KB)
...
006 (014.1137.000) 05/10 12:11:52 Image size of job updated: 5704948
	4819  -  MemoryUsage of job (MB)
	4933896  -  ResidentSetSize of job (KB)
...
006 (014.1137.000) 05/10 12:11:57 Image size of job updated: 5704948
	4856  -  MemoryUsage of job (MB)
	4971780  -  ResidentSetSize of job (KB)
...
006 (014.1137.000) 05/10 12:12:02 Image size of job updated: 5780724
	4894  -  MemoryUsage of job (MB)
	5010456  -  ResidentSetSize of job (KB)
...
006 (014.1137.000) 05/10 12:12:07 Image size of job updated: 5780724
	4931  -  MemoryUsage of job (MB)
	5048604  -  ResidentSetSize of job (KB)
...
006 (014.1137.000) 05/10 12:12:12 Image size of job updated: 5780724
	4968  -  MemoryUsage of job (MB)
	5086488  -  ResidentSetSize of job (KB)
...
006 (014.1137.000) 05/10 12:12:17 Image size of job updated: 5895412
	5006  -  MemoryUsage of job (MB)
	5125164  -  ResidentSetSize of job (KB)
...
006 (014.1137.000) 05/10 12:12:22 Image size of job updated: 5895412
	5194  -  MemoryUsage of job (MB)
	5318412  -  ResidentSetSize of job (KB)
...
006 (014.1137.000) 05/10 12:12:27 Image size of job updated: 6131956
	5249  -  MemoryUsage of job (MB)
	5373984  -  ResidentSetSize of job (KB)
...
005 (014.1137.000) 05/10 12:12:31 Job terminated.
	(1) Normal termination (return value 0)
		Usr 0 00:26:08, Sys 0 00:00:10  -  Run Remote Usage
		Usr 0 00:00:00, Sys 0 00:00:00  -  Run Local Usage
		Usr 0 00:26:08, Sys 0 00:00:10  -  Total Remote Usage
		Usr 0 00:00:00, Sys 0 00:00:00  -  Total Local Usage
	0  -  Run Bytes Sent By Job
	0  -  Run Bytes Received By Job
	0  -  Total Bytes Sent By Job
	0  -  Total Bytes Received By Job
	Partitionable Resources :      Usage  Request Allocated 
	   Cpus                 :       0.94        1         1 
	   Disk (KB)            : 2000000     2000000   6232219 
	   Memory (MB)          :    5249        1954      2007 
...
