000 (205.10133.000) 05/06 03:22:36 Job submitted from host: <127.0.0.1:9618?addrs=127.0.0.1-9618&noUDP&sock=222_da1d_4>
...
033 (205.10133.000) 05/06 14:24:30 Changing job attribute JobPrio from 0 to -5
...
000 (007.10133.000) 05/07 19:01:18 Job submitted from host: <127.0.0.1:9618?addrs=127.0.0.1-9618&noUDP&sock=215_0cf3_4>
...
000 (016.10133.000) 05/08 15:58:20 Job submitted from host: <127.0.0.1:9618?addrs=127.0.0.1-9618&noUDP&sock=227_4816_4>
...
009 (016.10133.000) 05/09 16:56:46 Job was aborted by the user.
	via condor_rm (by user aw868)
...
000 (014.2972.000) 05/09 17:31:40 Job submitted from host: <127.0.0.1:9618?addrs=127.0.0.1-9618&noUDP&sock=212_fe2a_4>
...
033 (014.2972.000) 05/09 17:33:32 Changing job attribute JobPrio from 0 to -10
...
033 (014.2972.000) 05/09 21:35:56 Changing job attribute JobPrio from -10 to -15
...
001 (014.2972.000) 05/11 00:58:42 Job executing on host: <127.0.0.1:9618?addrs=127.0.0.1-9618&noUDP&sock=212_fe2a_5>
...
006 (014.2972.000) 05/11 00:58:48 Image size of job updated: 2000000
	115  -  MemoryUsage of job (MB)
	117084  -  ResidentSetSize of job (KB)
...
006 (014.2972.000) 05/11 00:59:18 Image size of job updated: 2000000
	165  -  MemoryUsage of job (MB)
	168300  -  ResidentSetSize of job (KB)
...
006 (014.2972.000) 05/11 00:59:24 Image size of job updated: 2000000
	211  -  MemoryUsage of job (MB)
	215556  -  ResidentSetSize of job (KB)
...
006 (014.2972.000) 05/11 00:59:30 Image size of job updated: 2000000
	219  -  MemoryUsage of job (MB)
	224136  -  ResidentSetSize of job (KB)
...
006 (014.2972.000) 05/11 00:59:36 Image size of job updated: 2000000
	237  -  MemoryUsage of job (MB)
	242088  -  ResidentSetSize of job (KB)
...
006 (014.2972.000) 05/11 00:59:42 Image size of job updated: 2000000
	255  -  MemoryUsage of job (MB)
	260172  -  ResidentSetSize of job (KB)
...
006 (014.2972.000) 05/11 00:59:48 Image size of job updated: 2000000
	265  -  MemoryUsage of job (MB)
	270864  -  ResidentSetSize of job (KB)
...
006 (014.2972.000) 05/11 00:59:54 Image size of job updated: 2000000
	279  -  MemoryUsage of job (MB)
	285384  -  ResidentSetSize of job (KB)
...
006 (014.2972.000) 05/11 01:00:00 Image size of job updated: 2000000
	315  -  MemoryUsage of job (MB)
	321948  -  ResidentSetSize of job (KB)
...
006 (014.2972.000) 05/11 01:00:06 Image size of job updated: 2000000
	362  -  MemoryUsage of job (MB)
	369732  -  ResidentSetSize of job (KB)
...
006 (014.2972.000) 05/11 01:00:12 Image size of job updated: 2000000
	380  -  MemoryUsage of job (MB)
	388476  -  ResidentSetSize of job (KB)
...
006 (014.2972.000) 05/11 01:00:18 Image size of job updated: 2000000
	430  -  MemoryUsage of job (MB)
	439692  -  ResidentSetSize of job (KB)
...
006 (014.2972.000) 05/11 01:00:24 Image size of job updated: 2000000
	493  -  MemoryUsage of job (MB)
	504372  -  ResidentSetSize of job (KB)
...
006 (014.2972.000) 05/11 01:00:30 Image size of job updated: 2000000
	549  -  MemoryUsage of job (MB)
	561792  -  ResidentSetSize of job (KB)
...
006 (014.2972.000) 05/11 01:00:36 Image size of job updated: 2000000
	1234  -  MemoryUsage of job (MB)
	1262844  -  ResidentSetSize of job (KB)
...
006 (014.2972.000) 05/11 01:16:35 Image size of job updated: 2000000
	1600  -  MemoryUsage of job (MB)
	1637856  -  ResidentSetSize of job (KB)
...
006 (014.2972.000) 05/11 01:16:41 Image size of job updated: 2454228
	1770  -  MemoryUsage of job (MB)
	1811832  -  ResidentSetSize of job (KB)
...
006 (014.2972.000) 05/11 01:16:47 Image size of job updated: 2654452
	1953  -  MemoryUsage of job (MB)
	1999404  -  ResidentSetSize of job (KB)
...
006 (014.2972.000) 05/11 01:16:53 Image size of job updated: 2654452
	1955  -  MemoryUsage of job (MB)
	2001252  -  ResidentSetSize of job (KB)
...
006 (014.2972.000) 05/11 01:16:59 Image size of job updated: 2697460
	2000  -  MemoryUsage of job (MB)
	2047452  -  ResidentSetSize of job (KB)
...
006 (014.2972.000) 05/11 01:17:05 Image size of job updated: 2744564
	2099  -  MemoryUsage of job (MB)
	2148960  -  ResidentSetSize of job (KB)
...
006 (014.2972.000) 05/11 01:17:11 Image size of job updated: 2812148
	2167  -  MemoryUsage of job (MB)
	2217996  -  ResidentSetSize of job (KB)
...
006 (014.2972.000) 05/11 01:17:17 Image size of job updated: 2916596
	2214  -  MemoryUsage of job (MB)
	2267100  -  ResidentSetSize of job (KB)
...
006 (014.2972.000) 05/11 01:17:23 Image size of job updated: 2916596
	2255  -  MemoryUsage of job (MB)
	2308152  -  ResidentSetSize of job (KB)
...
006 (014.2972.000) 05/11 01:17:29 Image size of job updated: 2916596
	2291  -  MemoryUsage of job (MB)
	2345640  -  ResidentSetSize of job (KB)
...
006 (014.2972.000) 05/11 01:17:35 Image size of job updated: 3020020
	2326  -  MemoryUsage of job (MB)
	2381544  -  ResidentSetSize of job (KB)
...
006 (014.2972.000) 05/11 01:17:41 Image size of job updated: 3069172
	2360  -  MemoryUsage of job (MB)
	2416260  -  ResidentSetSize of job (KB)
...
006 (014.2972.000) 05/11 01:17:47 Image size of job updated: 3100916
	2395  -  MemoryUsage of job (MB)
	2452296  -  ResidentSetSize of job (KB)
...
006 (014.2972.000) 05/11 01:17:53 Image size of job updated: 3124468
	2430  -  MemoryUsage of job (MB)
	2487672  -  ResidentSetSize of job (KB)
...
006 (014.2972.000) 05/11 01:17:59 Image size of job updated: 3124468
	2464  -  MemoryUsage of job (MB)
	2522784  -  ResidentSetSize of job (KB)
...
006 (014.2972.000) 05/11 01:18:05 Image size of job updated: 3124468
	2498  -  MemoryUsage of job (MB)
	2557896  -  ResidentSetSize of job (KB)
...
006 (014.2972.000) 05/11 01:18:11 Image size of job updated: 3212532
	2533  -  MemoryUsage of job (MB)
	2593272  -  ResidentSetSize of job (KB)
...
006 (014.2972.000) 05/11 01:18:17 Image size of job updated: 3212532
	2567  -  MemoryUsage of job (MB)
	2628516  -  ResidentSetSize of job (KB)
...
006 (014.2972.000) 05/11 01:18:23 Image size of job updated: 3300596
	2601  -  MemoryUsage of job (MB)
	2662704  -  ResidentSetSize of job (KB)
...
006 (014.2972.000) 05/11 01:18:29 Image size of job updated: 3300596
	2634  -  MemoryUsage of job (MB)
	2697156  -  ResidentSetSize of job (KB)
...
006 (014.2972.000) 05/11 01:18:35 Image size of job updated: 3300596
	2664  -  MemoryUsage of job (MB)
	2727648  -  ResidentSetSize of job (KB)
...
006 (014.2972.000) 05/11 01:18:41 Image size of job updated: 3385588
	2691  -  MemoryUsage of job (MB)
	2754972  -  ResidentSetSize of job (KB)
...
006 (014.2972.000) 05/11 01:18:47 Image size of job updated: 3455220
	2728  -  MemoryUsage of job (MB)
	2792856  -  ResidentSetSize of job (KB)
...
006 (014.2972.000) 05/11 01:18:53 Image size of job updated: 3479796
	2762  -  MemoryUsage of job (MB)
	2827704  -  ResidentSetSize of job (KB)
...
006 (014.2972.000) 05/11 01:18:59 Image size of job updated: 3479796
	2791  -  MemoryUsage of job (MB)
	2857668  -  ResidentSetSize of job (KB)
...
006 (014.2972.000) 05/11 01:19:11 Image size of job updated: 3578100
	2803  -  MemoryUsage of job (MB)
	2870208  -  ResidentSetSize of job (KB)
...
006 (014.2972.000) 05/11 01:19:17 Image size of job updated: 3608820
	2840  -  MemoryUsage of job (MB)
	2907168  -  ResidentSetSize of job (KB)
...
006 (014.2972.000) 05/11 01:19:23 Image size of job updated: 3608820
	2875  -  MemoryUsage of job (MB)
	2943732  -  ResidentSetSize of job (KB)
...
006 (014.2972.000) 05/11 01:19:29 Image size of job updated: 3662068
	2911  -  MemoryUsage of job (MB)
	2980428  -  ResidentSetSize of job (KB)
...
006 (014.2972.000) 05/11 01:19:35 Image size of job updated: 3662068
	2948  -  MemoryUsage of job (MB)
	3017916  -  ResidentSetSize of job (KB)
...
006 (014.2972.000) 05/11 01:19:41 Image size of job updated: 3763444
	2984  -  MemoryUsage of job (MB)
	3055536  -  ResidentSetSize of job (KB)
...
006 (014.2972.000) 05/11 01:19:47 Image size of job updated: 3771636
	3020  -  MemoryUsage of job (MB)
	3092100  -  ResidentSetSize of job (KB)
...
006 (014.2972.000) 05/11 01:19:53 Image size of job updated: 3819764
	3055  -  MemoryUsage of job (MB)
	3128136  -  ResidentSetSize of job (KB)
...
006 (014.2972.000) 05/11 01:19:59 Image size of job updated: 3867892
	3089  -  MemoryUsage of job (MB)
	3162324  -  ResidentSetSize of job (KB)
...
006 (014.2972.000) 05/11 01:20:05 Image size of job updated: 3867892
	3126  -  MemoryUsage of job (MB)
	3200868  -  ResidentSetSize of job (KB)
...
006 (014.2972.000) 05/11 01:20:11 Image size of job updated: 3935476
	3168  -  MemoryUsage of job (MB)
	3244032  -  ResidentSetSize of job (KB)
...
006 (014.2972.000) 05/11 01:20:17 Image size of job updated: 3995892
	3215  -  MemoryUsage of job (MB)
	3291420  -  ResidentSetSize of job (KB)
...
006 (014.2972.000) 05/11 01:20:23 Image size of job updated: 4036852
	3260  -  MemoryUsage of job (MB)
	3337620  -  ResidentSetSize of job (KB)
...
006 (014.2972.000) 05/11 01:20:29 Image size of job updated: 4069620
	3302  -  MemoryUsage of job (MB)
	3380784  -  ResidentSetSize of job (KB)
...
006 (014.2972.000) 05/11 01:20:35 Image size of job updated: 4069620
	3345  -  MemoryUsage of job (MB)
	3424344  -  ResidentSetSize of job (KB)
...
006 (014.2972.000) 05/11 01:20:41 Image size of job updated: 4069620
	3378  -  MemoryUsage of job (MB)
	3458796  -  ResidentSetSize of job (KB)
...
006 (014.2972.000) 05/11 01:20:47 Image size of job updated: 4170996
	3413  -  MemoryUsage of job (MB)
	3494172  -  ResidentSetSize of job (KB)
...
006 (014.2972.000) 05/11 01:20:54 Image size of job updated: 4170996
	3446  -  MemoryUsage of job (MB)
	3528624  -  ResidentSetSize of job (KB)
...
006 (014.2972.000) 05/11 01:20:59 Image size of job updated: 4262132
	3475  -  MemoryUsage of job (MB)
	3557532  -  ResidentSetSize of job (KB)
...
006 (014.2972.000) 05/11 01:21:04 Image size of job updated: 4262132
	3503  -  MemoryUsage of job (MB)
	3586308  -  ResidentSetSize of job (KB)
...
006 (014.2972.000) 05/11 01:21:09 Image size of job updated: 4318452
	3531  -  MemoryUsage of job (MB)
	3615084  -  ResidentSetSize of job (KB)
...
006 (014.2972.000) 05/11 01:21:14 Image size of job updated: 4355316
	3560  -  MemoryUsage of job (MB)
	3645048  -  ResidentSetSize of job (KB)
...
006 (014.2972.000) 05/11 01:21:19 Image size of job updated: 4355316
	3591  -  MemoryUsage of job (MB)
	3676860  -  ResidentSetSize of job (KB)
...
006 (014.2972.000) 05/11 01:21:24 Image size of job updated: 4355316
	3622  -  MemoryUsage of job (MB)
	3708144  -  ResidentSetSize of job (KB)
...
006 (014.2972.000) 05/11 01:21:29 Image size of job updated: 4355316
	3650  -  MemoryUsage of job (MB)
	3737580  -  ResidentSetSize of job (KB)
...
006 (014.2972.000) 05/11 01:21:34 Image size of job updated: 4453620
	3679  -  MemoryUsage of job (MB)
	3767148  -  ResidentSetSize of job (KB)
...
006 (014.2972.000) 05/11 01:21:39 Image size of job updated: 4453620
	3710  -  MemoryUsage of job (MB)
	3798432  -  ResidentSetSize of job (KB)
...
006 (014.2972.000) 05/11 01:21:44 Image size of job updated: 4453620
	3740  -  MemoryUsage of job (MB)
	3829320  -  ResidentSetSize of job (KB)
...
006 (014.2972.000) 05/11 01:21:49 Image size of job updated: 4544756
	3770  -  MemoryUsage of job (MB)
	3860472  -  ResidentSetSize of job (KB)
...
006 (014.2972.000) 05/11 01:21:54 Image size of job updated: 4609268
	3804  -  MemoryUsage of job (MB)
	3894792  -  ResidentSetSize of job (KB)
...
006 (014.2972.000) 05/11 01:21:59 Image size of job updated: 4639988
	3834  -  MemoryUsage of job (MB)
	3925680  -  ResidentSetSize of job (KB)
...
006 (014.2972.000) 05/11 01:22:04 Image size of job updated: 4653300
	3865  -  MemoryUsage of job (MB)
	3956964  -  ResidentSetSize of job (KB)
...
006 (014.2972.000) 05/11 01:22:09 Image size of job updated: 4653300
	3896  -  MemoryUsage of job (MB)
	3988644  -  ResidentSetSize of job (KB)
...
006 (014.2972.000) 05/11 01:22:14 Image size of job updated: 4728052
	3928  -  MemoryUsage of job (MB)
	4021512  -  ResidentSetSize of job (KB)
...
006 (014.2972.000) 05/11 01:22:19 Image size of job updated: 4737268
	3959  -  MemoryUsage of job (MB)
	4053192  -  ResidentSetSize of job (KB)
...
006 (014.2972.000) 05/11 01:22:24 Image size of job updated: 4774132
	3990  -  MemoryUsage of job (MB)
	4085400  -  ResidentSetSize of job (KB)
...
006 (014.2972.000) 05/11 01:22:29 Image size of job updated: 4774132
	4022  -  MemoryUsage of job (MB)
	4117872  -  ResidentSetSize of job (KB)
...
006 (014.2972.000) 05/11 01:22:34 Image size of job updated: 4774132
	4051  -  MemoryUsage of job (MB)
	4147836  -  ResidentSetSize of job (KB)
...
006 (014.2972.000) 05/11 01:22:39 Image size of job updated: 4874484
	4083  -  MemoryUsage of job (MB)
	4180836  -  ResidentSetSize of job (KB)
...
006 (014.2972.000) 05/11 01:22:44 Image size of job updated: 4874484
	4123  -  MemoryUsage of job (MB)
	4220964  -  ResidentSetSize of job (KB)
...
006 (014.2972.000) 05/11 01:22:49 Image size of job updated: 4961524
	4147  -  MemoryUsage of job (MB)
	4245516  -  ResidentSetSize of job (KB)
...
006 (014.2972.000) 05/11 01:22:54 Image size of job updated: 4985076
	4178  -  MemoryUsage of job (MB)
	4277328  -  ResidentSetSize of job (KB)
...
006 (014.2972.000) 05/11 01:22:59 Image size of job updated: 5002484
	4209  -  MemoryUsage of job (MB)
	4309008  -  ResidentSetSize of job (KB)
...
006 (014.2972.000) 05/11 01:23:04 Image size of job updated: 5002484
	4239  -  MemoryUsage of job (MB)
	4340028  -  ResidentSetSize of job (KB)
...
006 (014.2972.000) 05/11 01:23:09 Image size of job updated: 5080308
	4256  -  MemoryUsage of job (MB)
	4357452  -  ResidentSetSize of job (KB)
...
006 (014.2972.000) 05/11 01:23:14 Image size of job updated: 5080308
	4376  -  MemoryUsage of job (MB)
	4480740  -  ResidentSetSize of job (KB)
...
006 (014.2972.000) 05/11 01:23:19 Image size of job updated: 5326068
	4446  -  MemoryUsage of job (MB)
	4552284  -  ResidentSetSize of job (KB)
...
006 (014.2972.000) 05/11 01:23:24 Image size of job updated: 5326580
	4446  -  MemoryUsage of job (MB)
	4552284  -  ResidentSetSize of job (KB)
...
005 (014.2972.000) 05/11 01:23:24 Job terminated.
	(1) Normal termination (return value 0)
		Usr 0 00:23:37, Sys 0 00:00:08  -  Run Remote Usage
		Usr 0 00:00:00, Sys 0 00:00:00  -  Run Local Usage
		Usr 0 00:23:37, Sys 0 00:00:08  -  Total Remote Usage
		Usr 0 00:00:00, Sys 0 00:00:00  -  Total Local Usage
	0  -  Run Bytes Sent By Job
	0  -  Run Bytes Received By Job
	0  -  Total Bytes Sent By Job
	0  -  Total Bytes Received By Job
	Partitionable Resources :      Usage  Request Allocated 
	   Cpus                 :       0.93        1         1 
	   Disk (KB)            : 2000000     2000000   6232219 
	   Memory (MB)          :    4446        1954      2007 
...
