000 (040.5569.000) 04/27 18:44:38 Job submitted from host: <127.0.0.1:9618?addrs=127.0.0.1-9618&noUDP&sock=222_da1d_4>
...
001 (040.5569.000) 04/28 07:22:46 Job executing on host: <127.0.0.1:9618?addrs=127.0.0.1-9618&noUDP&sock=222_da1d_5>
...
006 (040.5569.000) 04/28 07:22:52 Image size of job updated: 413432
	394  -  MemoryUsage of job (MB)
	402600  -  ResidentSetSize of job (KB)
...
006 (040.5569.000) 04/28 07:22:58 Image size of job updated: 690756
	661  -  MemoryUsage of job (MB)
	675972  -  ResidentSetSize of job (KB)
...
006 (040.5569.000) 04/28 07:23:04 Image size of job updated: 695376
	665  -  MemoryUsage of job (MB)
	680592  -  ResidentSetSize of job (KB)
...
005 (040.5569.000) 04/28 07:25:29 Job terminated.
	(1) Normal termination (return value 0)
		Usr 0 00:02:40, Sys 0 00:00:00  -  Run Remote Usage
		Usr 0 00:00:00, Sys 0 00:00:00  -  Run Local Usage
		Usr 0 00:02:40, Sys 0 00:00:00  -  Total Remote Usage
		Usr 0 00:00:00, Sys 0 00:00:00  -  Total Local Usage
	0  -  Run Bytes Sent By Job
	0  -  Run Bytes Received By Job
	0  -  Total Bytes Sent By Job
	0  -  Total Bytes Received By Job
	Partitionable Resources :    Usage  Request Allocated 
	   Cpus                 :     1.00        1         1 
	   Disk (KB)            :     1           1   6540465 
	   Memory (MB)          :   665           1      2007 
...
