000 (005.574.000) 05/05 20:21:49 Job submitted from host: <127.0.0.1:9618?addrs=127.0.0.1-9618&noUDP&sock=227_4816_4>
...
001 (005.574.000) 05/06 00:01:20 Job executing on host: <127.0.0.1:9618?addrs=127.0.0.1-9618&noUDP&sock=227_4816_5>
...
006 (005.574.000) 05/06 00:01:25 Image size of job updated: 2000000
	101  -  MemoryUsage of job (MB)
	103092  -  ResidentSetSize of job (KB)
...
006 (005.574.000) 05/06 00:01:50 Image size of job updated: 2000000
	119  -  MemoryUsage of job (MB)
	121704  -  ResidentSetSize of job (KB)
...
006 (005.574.000) 05/06 00:01:55 Image size of job updated: 2000000
	177  -  MemoryUsage of job (MB)
	180444  -  ResidentSetSize of job (KB)
...
006 (005.574.000) 05/06 00:02:00 Image size of job updated: 2000000
	184  -  MemoryUsage of job (MB)
	188232  -  ResidentSetSize of job (KB)
...
006 (005.574.000) 05/06 00:02:05 Image size of job updated: 2000000
	187  -  MemoryUsage of job (MB)
	191004  -  ResidentSetSize of job (KB)
...
006 (005.574.000) 05/06 00:02:10 Image size of job updated: 2000000
	197  -  MemoryUsage of job (MB)
	201036  -  ResidentSetSize of job (KB)
...
006 (005.574.000) 05/06 00:02:15 Image size of job updated: 2000000
	209  -  MemoryUsage of job (MB)
	213972  -  ResidentSetSize of job (KB)
...
006 (005.574.000) 05/06 00:02:20 Image size of job updated: 2000000
	220  -  MemoryUsage of job (MB)
	224664  -  ResidentSetSize of job (KB)
...
006 (005.574.000) 05/06 00:02:25 Image size of job updated: 2000000
	230  -  MemoryUsage of job (MB)
	235488  -  ResidentSetSize of job (KB)
...
006 (005.574.000) 05/06 00:02:30 Image size of job updated: 2000000
	238  -  MemoryUsage of job (MB)
	243672  -  ResidentSetSize of job (KB)
...
006 (005.574.000) 05/06 00:02:35 Image size of job updated: 2000000
	250  -  MemoryUsage of job (MB)
	255948  -  ResidentSetSize of job (KB)
...
006 (005.574.000) 05/06 00:02:40 Image size of job updated: 2000000
	291  -  MemoryUsage of job (MB)
	297660  -  ResidentSetSize of job (KB)
...
006 (005.574.000) 05/06 00:02:45 Image size of job updated: 2000000
	321  -  MemoryUsage of job (MB)
	328152  -  ResidentSetSize of job (KB)
...
006 (005.574.000) 05/06 00:02:50 Image size of job updated: 2000000
	329  -  MemoryUsage of job (MB)
	336204  -  ResidentSetSize of job (KB)
...
006 (005.574.000) 05/06 00:02:55 Image size of job updated: 2000000
	400  -  MemoryUsage of job (MB)
	408672  -  ResidentSetSize of job (KB)
...
006 (005.574.000) 05/06 00:03:00 Image size of job updated: 2000000
	458  -  MemoryUsage of job (MB)
	468336  -  ResidentSetSize of job (KB)
...
006 (005.574.000) 05/06 00:03:05 Image size of job updated: 2000000
	1169  -  MemoryUsage of job (MB)
	1196316  -  ResidentSetSize of job (KB)
...
006 (005.574.000) 05/06 00:15:50 Image size of job updated: 2000000
	1169  -  MemoryUsage of job (MB)
	1196844  -  ResidentSetSize of job (KB)
...
006 (005.574.000) 05/06 00:15:55 Image size of job updated: 2000000
	1171  -  MemoryUsage of job (MB)
	1198296  -  ResidentSetSize of job (KB)
...
006 (005.574.000) 05/06 00:16:00 Image size of job updated: 2000000
	1246  -  MemoryUsage of job (MB)
	1275648  -  ResidentSetSize of job (KB)
...
006 (005.574.000) 05/06 00:16:05 Image size of job updated: 2000000
	1551  -  MemoryUsage of job (MB)
	1588224  -  ResidentSetSize of job (KB)
...
006 (005.574.000) 05/06 00:16:10 Image size of job updated: 2000000
	1673  -  MemoryUsage of job (MB)
	1712436  -  ResidentSetSize of job (KB)
...
006 (005.574.000) 05/06 00:16:15 Image size of job updated: 2337256
	1883  -  MemoryUsage of job (MB)
	1927464  -  ResidentSetSize of job (KB)
...
006 (005.574.000) 05/06 00:16:25 Image size of job updated: 2561000
	1884  -  MemoryUsage of job (MB)
	1928388  -  ResidentSetSize of job (KB)
...
006 (005.574.000) 05/06 00:16:30 Image size of job updated: 2564072
	1889  -  MemoryUsage of job (MB)
	1934328  -  ResidentSetSize of job (KB)
...
006 (005.574.000) 05/06 00:16:35 Image size of job updated: 2564072
	1897  -  MemoryUsage of job (MB)
	1941720  -  ResidentSetSize of job (KB)
...
006 (005.574.000) 05/06 00:16:40 Image size of job updated: 2564072
	1905  -  MemoryUsage of job (MB)
	1950300  -  ResidentSetSize of job (KB)
...
006 (005.574.000) 05/06 00:16:45 Image size of job updated: 2589672
	1916  -  MemoryUsage of job (MB)
	1960992  -  ResidentSetSize of job (KB)
...
006 (005.574.000) 05/06 00:16:50 Image size of job updated: 2595816
	1918  -  MemoryUsage of job (MB)
	1963500  -  ResidentSetSize of job (KB)
...
006 (005.574.000) 05/06 00:16:55 Image size of job updated: 2599912
	1921  -  MemoryUsage of job (MB)
	1966932  -  ResidentSetSize of job (KB)
...
006 (005.574.000) 05/06 00:17:00 Image size of job updated: 2602984
	1925  -  MemoryUsage of job (MB)
	1970628  -  ResidentSetSize of job (KB)
...
006 (005.574.000) 05/06 00:17:05 Image size of job updated: 2602984
	1926  -  MemoryUsage of job (MB)
	1971948  -  ResidentSetSize of job (KB)
...
006 (005.574.000) 05/06 00:17:10 Image size of job updated: 2602984
	1928  -  MemoryUsage of job (MB)
	1973796  -  ResidentSetSize of job (KB)
...
006 (005.574.000) 05/06 00:17:15 Image size of job updated: 2608104
	1931  -  MemoryUsage of job (MB)
	1976436  -  ResidentSetSize of job (KB)
...
006 (005.574.000) 05/06 00:17:20 Image size of job updated: 2608104
	1934  -  MemoryUsage of job (MB)
	1979736  -  ResidentSetSize of job (KB)
...
006 (005.574.000) 05/06 00:17:25 Image size of job updated: 2608104
	1936  -  MemoryUsage of job (MB)
	1981716  -  ResidentSetSize of job (KB)
...
006 (005.574.000) 05/06 00:17:30 Image size of job updated: 2617320
	1939  -  MemoryUsage of job (MB)
	1984884  -  ResidentSetSize of job (KB)
...
006 (005.574.000) 05/06 00:17:35 Image size of job updated: 2617320
	1944  -  MemoryUsage of job (MB)
	1989768  -  ResidentSetSize of job (KB)
...
006 (005.574.000) 05/06 00:17:40 Image size of job updated: 2617320
	1948  -  MemoryUsage of job (MB)
	1994256  -  ResidentSetSize of job (KB)
...
006 (005.574.000) 05/06 00:17:45 Image size of job updated: 2628584
	1950  -  MemoryUsage of job (MB)
	1996764  -  ResidentSetSize of job (KB)
...
006 (005.574.000) 05/06 00:17:50 Image size of job updated: 2628584
	1956  -  MemoryUsage of job (MB)
	2002176  -  ResidentSetSize of job (KB)
...
006 (005.574.000) 05/06 00:17:55 Image size of job updated: 2628584
	1958  -  MemoryUsage of job (MB)
	2004156  -  ResidentSetSize of job (KB)
...
006 (005.574.000) 05/06 00:18:00 Image size of job updated: 2639848
	1962  -  MemoryUsage of job (MB)
	2008776  -  ResidentSetSize of job (KB)
...
006 (005.574.000) 05/06 00:18:05 Image size of job updated: 2639848
	1965  -  MemoryUsage of job (MB)
	2011812  -  ResidentSetSize of job (KB)
...
006 (005.574.000) 05/06 00:18:10 Image size of job updated: 2645992
	1967  -  MemoryUsage of job (MB)
	2013528  -  ResidentSetSize of job (KB)
...
006 (005.574.000) 05/06 00:18:15 Image size of job updated: 2649064
	1972  -  MemoryUsage of job (MB)
	2018808  -  ResidentSetSize of job (KB)
...
006 (005.574.000) 05/06 00:18:20 Image size of job updated: 2649064
	1972  -  MemoryUsage of job (MB)
	2019072  -  ResidentSetSize of job (KB)
...
006 (005.574.000) 05/06 00:18:25 Image size of job updated: 2649064
	1977  -  MemoryUsage of job (MB)
	2023956  -  ResidentSetSize of job (KB)
...
006 (005.574.000) 05/06 00:18:30 Image size of job updated: 2660328
	1982  -  MemoryUsage of job (MB)
	2028576  -  ResidentSetSize of job (KB)
...
006 (005.574.000) 05/06 00:18:35 Image size of job updated: 2663400
	1985  -  MemoryUsage of job (MB)
	2032404  -  ResidentSetSize of job (KB)
...
006 (005.574.000) 05/06 00:18:40 Image size of job updated: 2663400
	1990  -  MemoryUsage of job (MB)
	2037156  -  ResidentSetSize of job (KB)
...
006 (005.574.000) 05/06 00:18:45 Image size of job updated: 2673640
	1994  -  MemoryUsage of job (MB)
	2041380  -  ResidentSetSize of job (KB)
...
006 (005.574.000) 05/06 00:18:50 Image size of job updated: 2674664
	1998  -  MemoryUsage of job (MB)
	2045736  -  ResidentSetSize of job (KB)
...
006 (005.574.000) 05/06 00:18:56 Image size of job updated: 2680808
	2002  -  MemoryUsage of job (MB)
	2049696  -  ResidentSetSize of job (KB)
...
006 (005.574.000) 05/06 00:19:02 Image size of job updated: 2684904
	2006  -  MemoryUsage of job (MB)
	2053788  -  ResidentSetSize of job (KB)
...
006 (005.574.000) 05/06 00:19:08 Image size of job updated: 2690024
	2010  -  MemoryUsage of job (MB)
	2057616  -  ResidentSetSize of job (KB)
...
006 (005.574.000) 05/06 00:19:14 Image size of job updated: 2694120
	2014  -  MemoryUsage of job (MB)
	2062104  -  ResidentSetSize of job (KB)
...
006 (005.574.000) 05/06 00:19:20 Image size of job updated: 2697192
	2019  -  MemoryUsage of job (MB)
	2066856  -  ResidentSetSize of job (KB)
...
006 (005.574.000) 05/06 00:19:26 Image size of job updated: 2703336
	2024  -  MemoryUsage of job (MB)
	2072532  -  ResidentSetSize of job (KB)
...
006 (005.574.000) 05/06 00:19:32 Image size of job updated: 2707432
	2028  -  MemoryUsage of job (MB)
	2076228  -  ResidentSetSize of job (KB)
...
006 (005.574.000) 05/06 00:19:38 Image size of job updated: 2707432
	2034  -  MemoryUsage of job (MB)
	2082168  -  ResidentSetSize of job (KB)
...
006 (005.574.000) 05/06 00:19:44 Image size of job updated: 2717672
	2036  -  MemoryUsage of job (MB)
	2084544  -  ResidentSetSize of job (KB)
...
006 (005.574.000) 05/06 00:19:50 Image size of job updated: 2717672
	2040  -  MemoryUsage of job (MB)
	2088768  -  ResidentSetSize of job (KB)
...
006 (005.574.000) 05/06 00:19:56 Image size of job updated: 2724840
	2044  -  MemoryUsage of job (MB)
	2092992  -  ResidentSetSize of job (KB)
...
006 (005.574.000) 05/06 00:20:02 Image size of job updated: 2728936
	2049  -  MemoryUsage of job (MB)
	2097744  -  ResidentSetSize of job (KB)
...
006 (005.574.000) 05/06 00:20:08 Image size of job updated: 2728936
	2053  -  MemoryUsage of job (MB)
	2101308  -  ResidentSetSize of job (KB)
...
006 (005.574.000) 05/06 00:20:14 Image size of job updated: 2739176
	2059  -  MemoryUsage of job (MB)
	2108304  -  ResidentSetSize of job (KB)
...
006 (005.574.000) 05/06 00:20:20 Image size of job updated: 2742248
	2064  -  MemoryUsage of job (MB)
	2113320  -  ResidentSetSize of job (KB)
...
006 (005.574.000) 05/06 00:20:26 Image size of job updated: 2742248
	2069  -  MemoryUsage of job (MB)
	2117676  -  ResidentSetSize of job (KB)
...
006 (005.574.000) 05/06 00:20:32 Image size of job updated: 2752488
	2072  -  MemoryUsage of job (MB)
	2121372  -  ResidentSetSize of job (KB)
...
006 (005.574.000) 05/06 00:20:38 Image size of job updated: 2752488
	2076  -  MemoryUsage of job (MB)
	2125332  -  ResidentSetSize of job (KB)
...
006 (005.574.000) 05/06 00:20:44 Image size of job updated: 2752488
	2081  -  MemoryUsage of job (MB)
	2130744  -  ResidentSetSize of job (KB)
...
006 (005.574.000) 05/06 00:20:50 Image size of job updated: 2766824
	2086  -  MemoryUsage of job (MB)
	2135496  -  ResidentSetSize of job (KB)
...
006 (005.574.000) 05/06 00:20:56 Image size of job updated: 2766824
	2091  -  MemoryUsage of job (MB)
	2140644  -  ResidentSetSize of job (KB)
...
006 (005.574.000) 05/06 00:21:02 Image size of job updated: 2777064
	2095  -  MemoryUsage of job (MB)
	2145000  -  ResidentSetSize of job (KB)
...
006 (005.574.000) 05/06 00:21:08 Image size of job updated: 2777064
	2100  -  MemoryUsage of job (MB)
	2149752  -  ResidentSetSize of job (KB)
...
006 (005.574.000) 05/06 00:21:14 Image size of job updated: 2784232
	2104  -  MemoryUsage of job (MB)
	2153976  -  ResidentSetSize of job (KB)
...
006 (005.574.000) 05/06 00:21:20 Image size of job updated: 2789352
	2108  -  MemoryUsage of job (MB)
	2158332  -  ResidentSetSize of job (KB)
...
006 (005.574.000) 05/06 00:21:26 Image size of job updated: 2789352
	2112  -  MemoryUsage of job (MB)
	2162688  -  ResidentSetSize of job (KB)
...
006 (005.574.000) 05/06 00:21:32 Image size of job updated: 2800616
	2117  -  MemoryUsage of job (MB)
	2167572  -  ResidentSetSize of job (KB)
...
006 (005.574.000) 05/06 00:21:38 Image size of job updated: 2800616
	2328  -  MemoryUsage of job (MB)
	2383392  -  ResidentSetSize of job (KB)
...
005 (005.574.000) 05/06 00:21:45 Job terminated.
	(1) Normal termination (return value 0)
		Usr 0 00:19:57, Sys 0 00:00:02  -  Run Remote Usage
		Usr 0 00:00:00, Sys 0 00:00:00  -  Run Local Usage
		Usr 0 00:19:57, Sys 0 00:00:02  -  Total Remote Usage
		Usr 0 00:00:00, Sys 0 00:00:00  -  Total Local Usage
	0  -  Run Bytes Sent By Job
	0  -  Run Bytes Received By Job
	0  -  Total Bytes Sent By Job
	0  -  Total Bytes Received By Job
	Partitionable Resources :      Usage  Request Allocated 
	   Cpus                 :       1.00        1         1 
	   Disk (KB)            : 2000000     2000000   6275465 
	   Memory (MB)          :    2328        1954      2007 
...
