000 (205.2459.000) 05/06 03:18:27 Job submitted from host: <127.0.0.1:9618?addrs=127.0.0.1-9618&noUDP&sock=222_da1d_4>
...
033 (205.2459.000) 05/06 14:22:13 Changing job attribute JobPrio from 0 to -5
...
000 (007.2459.000) 05/07 18:59:47 Job submitted from host: <127.0.0.1:9618?addrs=127.0.0.1-9618&noUDP&sock=215_0cf3_4>
...
000 (016.2459.000) 05/08 15:56:57 Job submitted from host: <127.0.0.1:9618?addrs=127.0.0.1-9618&noUDP&sock=227_4816_4>
...
001 (016.2459.000) 05/09 10:08:26 Job executing on host: <127.0.0.1:9618?addrs=127.0.0.1-9618&noUDP&sock=227_4816_5>
...
006 (016.2459.000) 05/09 10:08:32 Image size of job updated: 2000000
	115  -  MemoryUsage of job (MB)
	117216  -  ResidentSetSize of job (KB)
...
006 (016.2459.000) 05/09 10:08:50 Image size of job updated: 2000000
	121  -  MemoryUsage of job (MB)
	123156  -  ResidentSetSize of job (KB)
...
006 (016.2459.000) 05/09 10:08:56 Image size of job updated: 2000000
	210  -  MemoryUsage of job (MB)
	214896  -  ResidentSetSize of job (KB)
...
006 (016.2459.000) 05/09 10:09:02 Image size of job updated: 2000000
	211  -  MemoryUsage of job (MB)
	215952  -  ResidentSetSize of job (KB)
...
006 (016.2459.000) 05/09 10:09:08 Image size of job updated: 2000000
	218  -  MemoryUsage of job (MB)
	222948  -  ResidentSetSize of job (KB)
...
006 (016.2459.000) 05/09 10:09:14 Image size of job updated: 2000000
	232  -  MemoryUsage of job (MB)
	237204  -  ResidentSetSize of job (KB)
...
006 (016.2459.000) 05/09 10:09:20 Image size of job updated: 2000000
	246  -  MemoryUsage of job (MB)
	251460  -  ResidentSetSize of job (KB)
...
006 (016.2459.000) 05/09 10:09:26 Image size of job updated: 2000000
	259  -  MemoryUsage of job (MB)
	264396  -  ResidentSetSize of job (KB)
...
006 (016.2459.000) 05/09 10:09:32 Image size of job updated: 2000000
	270  -  MemoryUsage of job (MB)
	275616  -  ResidentSetSize of job (KB)
...
006 (016.2459.000) 05/09 10:09:38 Image size of job updated: 2000000
	280  -  MemoryUsage of job (MB)
	286176  -  ResidentSetSize of job (KB)
...
006 (016.2459.000) 05/09 10:09:44 Image size of job updated: 2000000
	323  -  MemoryUsage of job (MB)
	329868  -  ResidentSetSize of job (KB)
...
006 (016.2459.000) 05/09 10:09:50 Image size of job updated: 2000000
	373  -  MemoryUsage of job (MB)
	380952  -  ResidentSetSize of job (KB)
...
006 (016.2459.000) 05/09 10:09:56 Image size of job updated: 2000000
	380  -  MemoryUsage of job (MB)
	388608  -  ResidentSetSize of job (KB)
...
006 (016.2459.000) 05/09 10:10:02 Image size of job updated: 2000000
	472  -  MemoryUsage of job (MB)
	482460  -  ResidentSetSize of job (KB)
...
006 (016.2459.000) 05/09 10:10:08 Image size of job updated: 2000000
	529  -  MemoryUsage of job (MB)
	541068  -  ResidentSetSize of job (KB)
...
006 (016.2459.000) 05/09 10:10:14 Image size of job updated: 2000000
	1245  -  MemoryUsage of job (MB)
	1274196  -  ResidentSetSize of job (KB)
...
006 (016.2459.000) 05/09 10:28:05 Image size of job updated: 2000000
	1567  -  MemoryUsage of job (MB)
	1604064  -  ResidentSetSize of job (KB)
...
006 (016.2459.000) 05/09 10:28:10 Image size of job updated: 2000000
	1741  -  MemoryUsage of job (MB)
	1782000  -  ResidentSetSize of job (KB)
...
006 (016.2459.000) 05/09 10:28:15 Image size of job updated: 2700016
	2003  -  MemoryUsage of job (MB)
	2050092  -  ResidentSetSize of job (KB)
...
006 (016.2459.000) 05/09 10:28:25 Image size of job updated: 2700016
	2023  -  MemoryUsage of job (MB)
	2070684  -  ResidentSetSize of job (KB)
...
006 (016.2459.000) 05/09 10:28:30 Image size of job updated: 2768112
	2092  -  MemoryUsage of job (MB)
	2141700  -  ResidentSetSize of job (KB)
...
006 (016.2459.000) 05/09 10:28:35 Image size of job updated: 2768112
	2186  -  MemoryUsage of job (MB)
	2237664  -  ResidentSetSize of job (KB)
...
006 (016.2459.000) 05/09 10:28:40 Image size of job updated: 2768112
	2255  -  MemoryUsage of job (MB)
	2308152  -  ResidentSetSize of job (KB)
...
006 (016.2459.000) 05/09 10:28:45 Image size of job updated: 2999536
	2307  -  MemoryUsage of job (MB)
	2361876  -  ResidentSetSize of job (KB)
...
006 (016.2459.000) 05/09 10:28:50 Image size of job updated: 2999536
	2362  -  MemoryUsage of job (MB)
	2418372  -  ResidentSetSize of job (KB)
...
006 (016.2459.000) 05/09 10:28:55 Image size of job updated: 2999536
	2415  -  MemoryUsage of job (MB)
	2472096  -  ResidentSetSize of job (KB)
...
006 (016.2459.000) 05/09 10:29:00 Image size of job updated: 3172592
	2484  -  MemoryUsage of job (MB)
	2543112  -  ResidentSetSize of job (KB)
...
006 (016.2459.000) 05/09 10:29:05 Image size of job updated: 3172592
	2552  -  MemoryUsage of job (MB)
	2612808  -  ResidentSetSize of job (KB)
...
006 (016.2459.000) 05/09 10:29:10 Image size of job updated: 3172592
	2606  -  MemoryUsage of job (MB)
	2668116  -  ResidentSetSize of job (KB)
...
006 (016.2459.000) 05/09 10:29:15 Image size of job updated: 3367152
	2660  -  MemoryUsage of job (MB)
	2723292  -  ResidentSetSize of job (KB)
...
006 (016.2459.000) 05/09 10:29:20 Image size of job updated: 3367152
	2715  -  MemoryUsage of job (MB)
	2779260  -  ResidentSetSize of job (KB)
...
006 (016.2459.000) 05/09 10:29:25 Image size of job updated: 3367152
	2768  -  MemoryUsage of job (MB)
	2833776  -  ResidentSetSize of job (KB)
...
006 (016.2459.000) 05/09 10:29:30 Image size of job updated: 3367152
	2820  -  MemoryUsage of job (MB)
	2887104  -  ResidentSetSize of job (KB)
...
006 (016.2459.000) 05/09 10:29:35 Image size of job updated: 3545328
	2873  -  MemoryUsage of job (MB)
	2941224  -  ResidentSetSize of job (KB)
...
006 (016.2459.000) 05/09 10:29:40 Image size of job updated: 3545328
	2926  -  MemoryUsage of job (MB)
	2995740  -  ResidentSetSize of job (KB)
...
006 (016.2459.000) 05/09 10:29:45 Image size of job updated: 3545328
	2979  -  MemoryUsage of job (MB)
	3049860  -  ResidentSetSize of job (KB)
...
006 (016.2459.000) 05/09 10:29:50 Image size of job updated: 3723504
	3031  -  MemoryUsage of job (MB)
	3103584  -  ResidentSetSize of job (KB)
...
006 (016.2459.000) 05/09 10:29:55 Image size of job updated: 3785968
	3083  -  MemoryUsage of job (MB)
	3156912  -  ResidentSetSize of job (KB)
...
006 (016.2459.000) 05/09 10:30:00 Image size of job updated: 3785968
	3134  -  MemoryUsage of job (MB)
	3209052  -  ResidentSetSize of job (KB)
...
006 (016.2459.000) 05/09 10:30:05 Image size of job updated: 3861744
	3188  -  MemoryUsage of job (MB)
	3264096  -  ResidentSetSize of job (KB)
...
006 (016.2459.000) 05/09 10:30:10 Image size of job updated: 3861744
	3241  -  MemoryUsage of job (MB)
	3318612  -  ResidentSetSize of job (KB)
...
006 (016.2459.000) 05/09 10:30:15 Image size of job updated: 3861744
	3295  -  MemoryUsage of job (MB)
	3373392  -  ResidentSetSize of job (KB)
...
006 (016.2459.000) 05/09 10:30:20 Image size of job updated: 4034800
	3340  -  MemoryUsage of job (MB)
	3419988  -  ResidentSetSize of job (KB)
...
006 (016.2459.000) 05/09 10:30:26 Image size of job updated: 4034800
	3394  -  MemoryUsage of job (MB)
	3475428  -  ResidentSetSize of job (KB)
...
006 (016.2459.000) 05/09 10:30:32 Image size of job updated: 4163824
	3451  -  MemoryUsage of job (MB)
	3532980  -  ResidentSetSize of job (KB)
...
006 (016.2459.000) 05/09 10:30:38 Image size of job updated: 4204784
	3510  -  MemoryUsage of job (MB)
	3593964  -  ResidentSetSize of job (KB)
...
006 (016.2459.000) 05/09 10:30:44 Image size of job updated: 4317424
	3570  -  MemoryUsage of job (MB)
	3655476  -  ResidentSetSize of job (KB)
...
006 (016.2459.000) 05/09 10:30:50 Image size of job updated: 4373744
	3630  -  MemoryUsage of job (MB)
	3716724  -  ResidentSetSize of job (KB)
...
006 (016.2459.000) 05/09 10:30:56 Image size of job updated: 4418800
	3690  -  MemoryUsage of job (MB)
	3778104  -  ResidentSetSize of job (KB)
...
006 (016.2459.000) 05/09 10:31:02 Image size of job updated: 4418800
	3750  -  MemoryUsage of job (MB)
	3839616  -  ResidentSetSize of job (KB)
...
006 (016.2459.000) 05/09 10:31:08 Image size of job updated: 4527344
	3810  -  MemoryUsage of job (MB)
	3901260  -  ResidentSetSize of job (KB)
...
006 (016.2459.000) 05/09 10:31:14 Image size of job updated: 4527344
	3870  -  MemoryUsage of job (MB)
	3962772  -  ResidentSetSize of job (KB)
...
006 (016.2459.000) 05/09 10:31:20 Image size of job updated: 4680944
	3931  -  MemoryUsage of job (MB)
	4024548  -  ResidentSetSize of job (KB)
...
006 (016.2459.000) 05/09 10:31:26 Image size of job updated: 4680944
	3991  -  MemoryUsage of job (MB)
	4086720  -  ResidentSetSize of job (KB)
...
006 (016.2459.000) 05/09 10:31:32 Image size of job updated: 4800752
	4053  -  MemoryUsage of job (MB)
	4150212  -  ResidentSetSize of job (KB)
...
006 (016.2459.000) 05/09 10:31:38 Image size of job updated: 4848880
	4114  -  MemoryUsage of job (MB)
	4212384  -  ResidentSetSize of job (KB)
...
006 (016.2459.000) 05/09 10:31:44 Image size of job updated: 4905200
	4176  -  MemoryUsage of job (MB)
	4275348  -  ResidentSetSize of job (KB)
...
006 (016.2459.000) 05/09 10:31:50 Image size of job updated: 4995312
	4239  -  MemoryUsage of job (MB)
	4339764  -  ResidentSetSize of job (KB)
...
006 (016.2459.000) 05/09 10:31:56 Image size of job updated: 4995312
	4301  -  MemoryUsage of job (MB)
	4403256  -  ResidentSetSize of job (KB)
...
006 (016.2459.000) 05/09 10:32:02 Image size of job updated: 4995312
	4361  -  MemoryUsage of job (MB)
	4465296  -  ResidentSetSize of job (KB)
...
006 (016.2459.000) 05/09 10:32:08 Image size of job updated: 5150960
	4421  -  MemoryUsage of job (MB)
	4526676  -  ResidentSetSize of job (KB)
...
006 (016.2459.000) 05/09 10:32:14 Image size of job updated: 5150960
	4481  -  MemoryUsage of job (MB)
	4588188  -  ResidentSetSize of job (KB)
...
006 (016.2459.000) 05/09 10:32:20 Image size of job updated: 5305584
	4541  -  MemoryUsage of job (MB)
	4649304  -  ResidentSetSize of job (KB)
...
006 (016.2459.000) 05/09 10:32:26 Image size of job updated: 5369072
	4600  -  MemoryUsage of job (MB)
	4709496  -  ResidentSetSize of job (KB)
...
006 (016.2459.000) 05/09 10:32:32 Image size of job updated: 5381360
	4657  -  MemoryUsage of job (MB)
	4768632  -  ResidentSetSize of job (KB)
...
006 (016.2459.000) 05/09 10:32:38 Image size of job updated: 5455088
	4717  -  MemoryUsage of job (MB)
	4830144  -  ResidentSetSize of job (KB)
...
006 (016.2459.000) 05/09 10:32:44 Image size of job updated: 5455088
	4776  -  MemoryUsage of job (MB)
	4890600  -  ResidentSetSize of job (KB)
...
006 (016.2459.000) 05/09 10:32:50 Image size of job updated: 5604592
	4835  -  MemoryUsage of job (MB)
	4950264  -  ResidentSetSize of job (KB)
...
006 (016.2459.000) 05/09 10:32:56 Image size of job updated: 5604592
	4893  -  MemoryUsage of job (MB)
	5010192  -  ResidentSetSize of job (KB)
...
006 (016.2459.000) 05/09 10:33:02 Image size of job updated: 5604592
	4951  -  MemoryUsage of job (MB)
	5069196  -  ResidentSetSize of job (KB)
...
006 (016.2459.000) 05/09 10:33:08 Image size of job updated: 5754096
	5010  -  MemoryUsage of job (MB)
	5129916  -  ResidentSetSize of job (KB)
...
006 (016.2459.000) 05/09 10:33:14 Image size of job updated: 5754096
	5069  -  MemoryUsage of job (MB)
	5189844  -  ResidentSetSize of job (KB)
...
006 (016.2459.000) 05/09 10:33:20 Image size of job updated: 5754096
	5127  -  MemoryUsage of job (MB)
	5249376  -  ResidentSetSize of job (KB)
...
006 (016.2459.000) 05/09 10:33:26 Image size of job updated: 5961968
	5185  -  MemoryUsage of job (MB)
	5308908  -  ResidentSetSize of job (KB)
...
006 (016.2459.000) 05/09 10:33:32 Image size of job updated: 5995760
	5245  -  MemoryUsage of job (MB)
	5370420  -  ResidentSetSize of job (KB)
...
006 (016.2459.000) 05/09 10:33:38 Image size of job updated: 6080752
	5304  -  MemoryUsage of job (MB)
	5431008  -  ResidentSetSize of job (KB)
...
006 (016.2459.000) 05/09 10:33:44 Image size of job updated: 6080752
	5364  -  MemoryUsage of job (MB)
	5492520  -  ResidentSetSize of job (KB)
...
006 (016.2459.000) 05/09 10:33:50 Image size of job updated: 6080752
	5424  -  MemoryUsage of job (MB)
	5553636  -  ResidentSetSize of job (KB)
...
006 (016.2459.000) 05/09 10:33:56 Image size of job updated: 6233328
	5482  -  MemoryUsage of job (MB)
	5613300  -  ResidentSetSize of job (KB)
...
006 (016.2459.000) 05/09 10:34:02 Image size of job updated: 6233328
	5541  -  MemoryUsage of job (MB)
	5672964  -  ResidentSetSize of job (KB)
...
006 (016.2459.000) 05/09 10:34:08 Image size of job updated: 6381808
	5599  -  MemoryUsage of job (MB)
	5732496  -  ResidentSetSize of job (KB)
...
006 (016.2459.000) 05/09 10:34:14 Image size of job updated: 6381808
	5657  -  MemoryUsage of job (MB)
	5791764  -  ResidentSetSize of job (KB)
...
006 (016.2459.000) 05/09 10:34:20 Image size of job updated: 6469872
	5718  -  MemoryUsage of job (MB)
	5854728  -  ResidentSetSize of job (KB)
...
006 (016.2459.000) 05/09 10:34:26 Image size of job updated: 6536432
	5781  -  MemoryUsage of job (MB)
	5919012  -  ResidentSetSize of job (KB)
...
006 (016.2459.000) 05/09 10:34:32 Image size of job updated: 6536432
	5841  -  MemoryUsage of job (MB)
	5980920  -  ResidentSetSize of job (KB)
...
006 (016.2459.000) 05/09 10:34:38 Image size of job updated: 6693104
	5902  -  MemoryUsage of job (MB)
	6043092  -  ResidentSetSize of job (KB)
...
006 (016.2459.000) 05/09 10:34:44 Image size of job updated: 6693104
	5966  -  MemoryUsage of job (MB)
	6108432  -  ResidentSetSize of job (KB)
...
006 (016.2459.000) 05/09 10:34:50 Image size of job updated: 6693104
	6025  -  MemoryUsage of job (MB)
	6169284  -  ResidentSetSize of job (KB)
...
006 (016.2459.000) 05/09 10:34:56 Image size of job updated: 6851824
	6086  -  MemoryUsage of job (MB)
	6231324  -  ResidentSetSize of job (KB)
...
006 (016.2459.000) 05/09 10:35:02 Image size of job updated: 6851824
	6145  -  MemoryUsage of job (MB)
	6291780  -  ResidentSetSize of job (KB)
...
006 (016.2459.000) 05/09 10:35:08 Image size of job updated: 6851824
	6197  -  MemoryUsage of job (MB)
	6345504  -  ResidentSetSize of job (KB)
...
006 (016.2459.000) 05/09 10:35:14 Image size of job updated: 7022832
	6258  -  MemoryUsage of job (MB)
	6407676  -  ResidentSetSize of job (KB)
...
006 (016.2459.000) 05/09 10:35:20 Image size of job updated: 7022832
	6296  -  MemoryUsage of job (MB)
	6446352  -  ResidentSetSize of job (KB)
...
006 (016.2459.000) 05/09 10:35:26 Image size of job updated: 7198960
	6330  -  MemoryUsage of job (MB)
	6481200  -  ResidentSetSize of job (KB)
...
006 (016.2459.000) 05/09 10:35:34 Image size of job updated: 7198960
	6423  -  MemoryUsage of job (MB)
	6576240  -  ResidentSetSize of job (KB)
...
006 (016.2459.000) 05/09 10:35:40 Image size of job updated: 7428336
	6527  -  MemoryUsage of job (MB)
	6682632  -  ResidentSetSize of job (KB)
...
005 (016.2459.000) 05/09 10:35:43 Job terminated.
	(1) Normal termination (return value 0)
		Usr 0 00:26:40, Sys 0 00:00:08  -  Run Remote Usage
		Usr 0 00:00:00, Sys 0 00:00:00  -  Run Local Usage
		Usr 0 00:26:40, Sys 0 00:00:08  -  Total Remote Usage
		Usr 0 00:00:00, Sys 0 00:00:00  -  Total Local Usage
	0  -  Run Bytes Sent By Job
	0  -  Run Bytes Received By Job
	0  -  Total Bytes Sent By Job
	0  -  Total Bytes Received By Job
	Partitionable Resources :      Usage  Request Allocated 
	   Cpus                 :       0.93        1         1 
	   Disk (KB)            : 2000000     2000000   6275465 
	   Memory (MB)          :    6527        1954      2007 
...
