000 (016.1182.000) 05/10 03:37:48 Job submitted from host: <127.0.0.1:9618?addrs=127.0.0.1-9618&noUDP&sock=212_fe2a_4>
...
001 (016.1182.000) 05/10 10:15:18 Job executing on host: <127.0.0.1:9618?addrs=127.0.0.1-9618&noUDP&sock=212_fe2a_5>
...
006 (016.1182.000) 05/10 10:15:24 Image size of job updated: 2000000
	101  -  MemoryUsage of job (MB)
	102960  -  ResidentSetSize of job (KB)
...
006 (016.1182.000) 05/10 10:15:54 Image size of job updated: 2000000
	177  -  MemoryUsage of job (MB)
	180312  -  ResidentSetSize of job (KB)
...
006 (016.1182.000) 05/10 10:16:00 Image size of job updated: 2000000
	184  -  MemoryUsage of job (MB)
	188364  -  ResidentSetSize of job (KB)
...
006 (016.1182.000) 05/10 10:16:06 Image size of job updated: 2000000
	200  -  MemoryUsage of job (MB)
	204204  -  ResidentSetSize of job (KB)
...
006 (016.1182.000) 05/10 10:16:12 Image size of job updated: 2000000
	212  -  MemoryUsage of job (MB)
	216744  -  ResidentSetSize of job (KB)
...
006 (016.1182.000) 05/10 10:16:18 Image size of job updated: 2000000
	227  -  MemoryUsage of job (MB)
	231792  -  ResidentSetSize of job (KB)
...
006 (016.1182.000) 05/10 10:16:24 Image size of job updated: 2000000
	237  -  MemoryUsage of job (MB)
	242616  -  ResidentSetSize of job (KB)
...
006 (016.1182.000) 05/10 10:16:30 Image size of job updated: 2000000
	254  -  MemoryUsage of job (MB)
	259776  -  ResidentSetSize of job (KB)
...
006 (016.1182.000) 05/10 10:16:36 Image size of job updated: 2000000
	299  -  MemoryUsage of job (MB)
	305580  -  ResidentSetSize of job (KB)
...
006 (016.1182.000) 05/10 10:16:42 Image size of job updated: 2000000
	329  -  MemoryUsage of job (MB)
	336204  -  ResidentSetSize of job (KB)
...
006 (016.1182.000) 05/10 10:16:48 Image size of job updated: 2000000
	403  -  MemoryUsage of job (MB)
	411840  -  ResidentSetSize of job (KB)
...
006 (016.1182.000) 05/10 10:16:54 Image size of job updated: 2000000
	463  -  MemoryUsage of job (MB)
	473220  -  ResidentSetSize of job (KB)
...
006 (016.1182.000) 05/10 10:17:00 Image size of job updated: 2000000
	1169  -  MemoryUsage of job (MB)
	1196052  -  ResidentSetSize of job (KB)
...
006 (016.1182.000) 05/10 10:31:38 Image size of job updated: 2000000
	1170  -  MemoryUsage of job (MB)
	1198032  -  ResidentSetSize of job (KB)
...
006 (016.1182.000) 05/10 10:31:43 Image size of job updated: 2000000
	1234  -  MemoryUsage of job (MB)
	1262844  -  ResidentSetSize of job (KB)
...
006 (016.1182.000) 05/10 10:31:48 Image size of job updated: 2193288
	1551  -  MemoryUsage of job (MB)
	1587960  -  ResidentSetSize of job (KB)
...
006 (016.1182.000) 05/10 10:31:53 Image size of job updated: 2193288
	1746  -  MemoryUsage of job (MB)
	1787676  -  ResidentSetSize of job (KB)
...
006 (016.1182.000) 05/10 10:31:58 Image size of job updated: 2193288
	1885  -  MemoryUsage of job (MB)
	1929708  -  ResidentSetSize of job (KB)
...
006 (016.1182.000) 05/10 10:32:03 Image size of job updated: 2617320
	1945  -  MemoryUsage of job (MB)
	1991220  -  ResidentSetSize of job (KB)
...
006 (016.1182.000) 05/10 10:32:08 Image size of job updated: 2639848
	1972  -  MemoryUsage of job (MB)
	2018808  -  ResidentSetSize of job (KB)
...
006 (016.1182.000) 05/10 10:32:13 Image size of job updated: 2639848
	1998  -  MemoryUsage of job (MB)
	2045604  -  ResidentSetSize of job (KB)
...
006 (016.1182.000) 05/10 10:32:18 Image size of job updated: 2639848
	2020  -  MemoryUsage of job (MB)
	2067780  -  ResidentSetSize of job (KB)
...
006 (016.1182.000) 05/10 10:32:23 Image size of job updated: 2699240
	2040  -  MemoryUsage of job (MB)
	2088108  -  ResidentSetSize of job (KB)
...
006 (016.1182.000) 05/10 10:32:28 Image size of job updated: 2699240
	2062  -  MemoryUsage of job (MB)
	2111208  -  ResidentSetSize of job (KB)
...
006 (016.1182.000) 05/10 10:32:33 Image size of job updated: 2762728
	2083  -  MemoryUsage of job (MB)
	2132592  -  ResidentSetSize of job (KB)
...
006 (016.1182.000) 05/10 10:32:38 Image size of job updated: 2776040
	2103  -  MemoryUsage of job (MB)
	2152788  -  ResidentSetSize of job (KB)
...
006 (016.1182.000) 05/10 10:32:43 Image size of job updated: 2776040
	2123  -  MemoryUsage of job (MB)
	2173908  -  ResidentSetSize of job (KB)
...
006 (016.1182.000) 05/10 10:32:48 Image size of job updated: 2776040
	2144  -  MemoryUsage of job (MB)
	2195424  -  ResidentSetSize of job (KB)
...
006 (016.1182.000) 05/10 10:32:53 Image size of job updated: 2826216
	2166  -  MemoryUsage of job (MB)
	2217072  -  ResidentSetSize of job (KB)
...
006 (016.1182.000) 05/10 10:32:58 Image size of job updated: 2861032
	2185  -  MemoryUsage of job (MB)
	2237268  -  ResidentSetSize of job (KB)
...
006 (016.1182.000) 05/10 10:33:03 Image size of job updated: 2887656
	2205  -  MemoryUsage of job (MB)
	2257728  -  ResidentSetSize of job (KB)
...
006 (016.1182.000) 05/10 10:33:08 Image size of job updated: 2897896
	2225  -  MemoryUsage of job (MB)
	2277528  -  ResidentSetSize of job (KB)
...
006 (016.1182.000) 05/10 10:33:13 Image size of job updated: 2924520
	2245  -  MemoryUsage of job (MB)
	2298780  -  ResidentSetSize of job (KB)
...
006 (016.1182.000) 05/10 10:33:18 Image size of job updated: 2949096
	2266  -  MemoryUsage of job (MB)
	2319636  -  ResidentSetSize of job (KB)
...
006 (016.1182.000) 05/10 10:33:23 Image size of job updated: 2966504
	2285  -  MemoryUsage of job (MB)
	2339700  -  ResidentSetSize of job (KB)
...
006 (016.1182.000) 05/10 10:33:28 Image size of job updated: 2988008
	2308  -  MemoryUsage of job (MB)
	2362800  -  ResidentSetSize of job (KB)
...
006 (016.1182.000) 05/10 10:33:33 Image size of job updated: 3010536
	2327  -  MemoryUsage of job (MB)
	2381940  -  ResidentSetSize of job (KB)
...
006 (016.1182.000) 05/10 10:33:38 Image size of job updated: 3010536
	2347  -  MemoryUsage of job (MB)
	2402400  -  ResidentSetSize of job (KB)
...
006 (016.1182.000) 05/10 10:33:43 Image size of job updated: 3010536
	2367  -  MemoryUsage of job (MB)
	2423784  -  ResidentSetSize of job (KB)
...
006 (016.1182.000) 05/10 10:33:48 Image size of job updated: 3073000
	2388  -  MemoryUsage of job (MB)
	2444508  -  ResidentSetSize of job (KB)
...
006 (016.1182.000) 05/10 10:33:53 Image size of job updated: 3073000
	2408  -  MemoryUsage of job (MB)
	2465100  -  ResidentSetSize of job (KB)
...
006 (016.1182.000) 05/10 10:33:58 Image size of job updated: 3113960
	2428  -  MemoryUsage of job (MB)
	2485956  -  ResidentSetSize of job (KB)
...
006 (016.1182.000) 05/10 10:34:03 Image size of job updated: 3136488
	2450  -  MemoryUsage of job (MB)
	2507868  -  ResidentSetSize of job (KB)
...
006 (016.1182.000) 05/10 10:34:08 Image size of job updated: 3136488
	2469  -  MemoryUsage of job (MB)
	2527668  -  ResidentSetSize of job (KB)
...
006 (016.1182.000) 05/10 10:34:13 Image size of job updated: 3175400
	2490  -  MemoryUsage of job (MB)
	2549580  -  ResidentSetSize of job (KB)
...
006 (016.1182.000) 05/10 10:34:18 Image size of job updated: 3196904
	2509  -  MemoryUsage of job (MB)
	2569116  -  ResidentSetSize of job (KB)
...
006 (016.1182.000) 05/10 10:34:23 Image size of job updated: 3196904
	2528  -  MemoryUsage of job (MB)
	2588124  -  ResidentSetSize of job (KB)
...
006 (016.1182.000) 05/10 10:34:28 Image size of job updated: 3196904
	2549  -  MemoryUsage of job (MB)
	2609772  -  ResidentSetSize of job (KB)
...
006 (016.1182.000) 05/10 10:34:33 Image size of job updated: 3260392
	2570  -  MemoryUsage of job (MB)
	2631420  -  ResidentSetSize of job (KB)
...
006 (016.1182.000) 05/10 10:34:38 Image size of job updated: 3260392
	2589  -  MemoryUsage of job (MB)
	2650824  -  ResidentSetSize of job (KB)
...
006 (016.1182.000) 05/10 10:34:43 Image size of job updated: 3299304
	2609  -  MemoryUsage of job (MB)
	2671020  -  ResidentSetSize of job (KB)
...
006 (016.1182.000) 05/10 10:34:48 Image size of job updated: 3299304
	2629  -  MemoryUsage of job (MB)
	2691084  -  ResidentSetSize of job (KB)
...
006 (016.1182.000) 05/10 10:34:53 Image size of job updated: 3323880
	2648  -  MemoryUsage of job (MB)
	2711412  -  ResidentSetSize of job (KB)
...
006 (016.1182.000) 05/10 10:34:58 Image size of job updated: 3354600
	2669  -  MemoryUsage of job (MB)
	2732532  -  ResidentSetSize of job (KB)
...
006 (016.1182.000) 05/10 10:35:03 Image size of job updated: 3382248
	2690  -  MemoryUsage of job (MB)
	2754048  -  ResidentSetSize of job (KB)
...
006 (016.1182.000) 05/10 10:35:08 Image size of job updated: 3402728
	2710  -  MemoryUsage of job (MB)
	2774904  -  ResidentSetSize of job (KB)
...
006 (016.1182.000) 05/10 10:35:13 Image size of job updated: 3424232
	2730  -  MemoryUsage of job (MB)
	2795364  -  ResidentSetSize of job (KB)
...
006 (016.1182.000) 05/10 10:35:18 Image size of job updated: 3431400
	2752  -  MemoryUsage of job (MB)
	2817408  -  ResidentSetSize of job (KB)
...
006 (016.1182.000) 05/10 10:35:23 Image size of job updated: 3449832
	2772  -  MemoryUsage of job (MB)
	2838000  -  ResidentSetSize of job (KB)
...
006 (016.1182.000) 05/10 10:35:28 Image size of job updated: 3449832
	2793  -  MemoryUsage of job (MB)
	2859780  -  ResidentSetSize of job (KB)
...
006 (016.1182.000) 05/10 10:35:33 Image size of job updated: 3508200
	2814  -  MemoryUsage of job (MB)
	2880636  -  ResidentSetSize of job (KB)
...
006 (016.1182.000) 05/10 10:35:38 Image size of job updated: 3513320
	2835  -  MemoryUsage of job (MB)
	2902020  -  ResidentSetSize of job (KB)
...
006 (016.1182.000) 05/10 10:35:43 Image size of job updated: 3533800
	2857  -  MemoryUsage of job (MB)
	2924592  -  ResidentSetSize of job (KB)
...
006 (016.1182.000) 05/10 10:35:48 Image size of job updated: 3557352
	2876  -  MemoryUsage of job (MB)
	2944524  -  ResidentSetSize of job (KB)
...
006 (016.1182.000) 05/10 10:35:54 Image size of job updated: 3583976
	2901  -  MemoryUsage of job (MB)
	2970132  -  ResidentSetSize of job (KB)
...
006 (016.1182.000) 05/10 10:36:00 Image size of job updated: 3612648
	2924  -  MemoryUsage of job (MB)
	2993232  -  ResidentSetSize of job (KB)
...
006 (016.1182.000) 05/10 10:36:06 Image size of job updated: 3644392
	2948  -  MemoryUsage of job (MB)
	3017784  -  ResidentSetSize of job (KB)
...
006 (016.1182.000) 05/10 10:36:12 Image size of job updated: 3644392
	2972  -  MemoryUsage of job (MB)
	3042996  -  ResidentSetSize of job (KB)
...
006 (016.1182.000) 05/10 10:36:18 Image size of job updated: 3644392
	2996  -  MemoryUsage of job (MB)
	3067680  -  ResidentSetSize of job (KB)
...
006 (016.1182.000) 05/10 10:36:24 Image size of job updated: 3706856
	3022  -  MemoryUsage of job (MB)
	3093684  -  ResidentSetSize of job (KB)
...
006 (016.1182.000) 05/10 10:36:30 Image size of job updated: 3706856
	3047  -  MemoryUsage of job (MB)
	3119160  -  ResidentSetSize of job (KB)
...
006 (016.1182.000) 05/10 10:36:36 Image size of job updated: 3770344
	3072  -  MemoryUsage of job (MB)
	3145032  -  ResidentSetSize of job (KB)
...
006 (016.1182.000) 05/10 10:36:42 Image size of job updated: 3784680
	3096  -  MemoryUsage of job (MB)
	3170244  -  ResidentSetSize of job (KB)
...
006 (016.1182.000) 05/10 10:36:48 Image size of job updated: 3810280
	3121  -  MemoryUsage of job (MB)
	3195456  -  ResidentSetSize of job (KB)
...
006 (016.1182.000) 05/10 10:36:54 Image size of job updated: 3834856
	3146  -  MemoryUsage of job (MB)
	3220800  -  ResidentSetSize of job (KB)
...
006 (016.1182.000) 05/10 10:37:00 Image size of job updated: 3834856
	3170  -  MemoryUsage of job (MB)
	3245484  -  ResidentSetSize of job (KB)
...
006 (016.1182.000) 05/10 10:37:06 Image size of job updated: 3897320
	3196  -  MemoryUsage of job (MB)
	3271752  -  ResidentSetSize of job (KB)
...
006 (016.1182.000) 05/10 10:37:12 Image size of job updated: 3897320
	3221  -  MemoryUsage of job (MB)
	3297360  -  ResidentSetSize of job (KB)
...
006 (016.1182.000) 05/10 10:37:18 Image size of job updated: 3897320
	3246  -  MemoryUsage of job (MB)
	3323628  -  ResidentSetSize of job (KB)
...
006 (016.1182.000) 05/10 10:37:24 Image size of job updated: 3962856
	3274  -  MemoryUsage of job (MB)
	3351744  -  ResidentSetSize of job (KB)
...
006 (016.1182.000) 05/10 10:37:30 Image size of job updated: 3962856
	3298  -  MemoryUsage of job (MB)
	3376692  -  ResidentSetSize of job (KB)
...
006 (016.1182.000) 05/10 10:37:36 Image size of job updated: 4028392
	3324  -  MemoryUsage of job (MB)
	3403092  -  ResidentSetSize of job (KB)
...
006 (016.1182.000) 05/10 10:37:42 Image size of job updated: 4041704
	3349  -  MemoryUsage of job (MB)
	3428568  -  ResidentSetSize of job (KB)
...
006 (016.1182.000) 05/10 10:37:48 Image size of job updated: 4041704
	3373  -  MemoryUsage of job (MB)
	3453912  -  ResidentSetSize of job (KB)
...
006 (016.1182.000) 05/10 10:37:54 Image size of job updated: 4092904
	3398  -  MemoryUsage of job (MB)
	3479124  -  ResidentSetSize of job (KB)
...
006 (016.1182.000) 05/10 10:38:00 Image size of job updated: 4116456
	3423  -  MemoryUsage of job (MB)
	3504204  -  ResidentSetSize of job (KB)
...
006 (016.1182.000) 05/10 10:38:06 Image size of job updated: 4137960
	3448  -  MemoryUsage of job (MB)
	3530736  -  ResidentSetSize of job (KB)
...
006 (016.1182.000) 05/10 10:38:12 Image size of job updated: 4160488
	3663  -  MemoryUsage of job (MB)
	3750252  -  ResidentSetSize of job (KB)
...
005 (016.1182.000) 05/10 10:38:19 Job terminated.
	(1) Normal termination (return value 0)
		Usr 0 00:22:28, Sys 0 00:00:03  -  Run Remote Usage
		Usr 0 00:00:00, Sys 0 00:00:00  -  Run Local Usage
		Usr 0 00:22:28, Sys 0 00:00:03  -  Total Remote Usage
		Usr 0 00:00:00, Sys 0 00:00:00  -  Total Local Usage
	0  -  Run Bytes Sent By Job
	0  -  Run Bytes Received By Job
	0  -  Total Bytes Sent By Job
	0  -  Total Bytes Received By Job
	Partitionable Resources :      Usage  Request Allocated 
	   Cpus                 :       1.00        1         1 
	   Disk (KB)            : 2000000     2000000   6232219 
	   Memory (MB)          :    3663        1954      2007 
...
