000 (205.8180.000) 05/06 03:21:36 Job submitted from host: <127.0.0.1:9618?addrs=127.0.0.1-9618&noUDP&sock=222_da1d_4>
...
033 (205.8180.000) 05/06 14:24:02 Changing job attribute JobPrio from 0 to -5
...
000 (007.8180.000) 05/07 19:00:56 Job submitted from host: <127.0.0.1:9618?addrs=127.0.0.1-9618&noUDP&sock=215_0cf3_4>
...
000 (016.8180.000) 05/08 15:57:59 Job submitted from host: <127.0.0.1:9618?addrs=127.0.0.1-9618&noUDP&sock=227_4816_4>
...
009 (016.8180.000) 05/09 16:56:02 Job was aborted by the user.
	via condor_rm (by user aw868)
...
000 (014.1019.000) 05/09 17:30:06 Job submitted from host: <127.0.0.1:9618?addrs=127.0.0.1-9618&noUDP&sock=212_fe2a_4>
...
033 (014.1019.000) 05/09 17:34:05 Changing job attribute JobPrio from 0 to -10
...
033 (014.1019.000) 05/09 21:36:19 Changing job attribute JobPrio from -10 to -15
...
001 (014.1019.000) 05/10 03:33:58 Job executing on host: <127.0.0.1:9618?addrs=127.0.0.1-9618&noUDP&sock=212_fe2a_5>
...
006 (014.1019.000) 05/10 03:34:03 Image size of job updated: 2000000
	112  -  MemoryUsage of job (MB)
	114180  -  ResidentSetSize of job (KB)
...
006 (014.1019.000) 05/10 03:34:08 Image size of job updated: 2000000
	115  -  MemoryUsage of job (MB)
	117084  -  ResidentSetSize of job (KB)
...
006 (014.1019.000) 05/10 03:34:33 Image size of job updated: 2000000
	140  -  MemoryUsage of job (MB)
	143352  -  ResidentSetSize of job (KB)
...
006 (014.1019.000) 05/10 03:34:38 Image size of job updated: 2000000
	208  -  MemoryUsage of job (MB)
	212916  -  ResidentSetSize of job (KB)
...
006 (014.1019.000) 05/10 03:34:43 Image size of job updated: 2000000
	210  -  MemoryUsage of job (MB)
	214632  -  ResidentSetSize of job (KB)
...
006 (014.1019.000) 05/10 03:34:48 Image size of job updated: 2000000
	210  -  MemoryUsage of job (MB)
	214896  -  ResidentSetSize of job (KB)
...
006 (014.1019.000) 05/10 03:34:53 Image size of job updated: 2000000
	221  -  MemoryUsage of job (MB)
	225720  -  ResidentSetSize of job (KB)
...
006 (014.1019.000) 05/10 03:34:58 Image size of job updated: 2000000
	232  -  MemoryUsage of job (MB)
	237072  -  ResidentSetSize of job (KB)
...
006 (014.1019.000) 05/10 03:35:03 Image size of job updated: 2000000
	243  -  MemoryUsage of job (MB)
	248556  -  ResidentSetSize of job (KB)
...
006 (014.1019.000) 05/10 03:35:08 Image size of job updated: 2000000
	254  -  MemoryUsage of job (MB)
	259248  -  ResidentSetSize of job (KB)
...
006 (014.1019.000) 05/10 03:35:13 Image size of job updated: 2000000
	264  -  MemoryUsage of job (MB)
	269544  -  ResidentSetSize of job (KB)
...
006 (014.1019.000) 05/10 03:35:18 Image size of job updated: 2000000
	271  -  MemoryUsage of job (MB)
	276936  -  ResidentSetSize of job (KB)
...
006 (014.1019.000) 05/10 03:35:23 Image size of job updated: 2000000
	288  -  MemoryUsage of job (MB)
	294228  -  ResidentSetSize of job (KB)
...
006 (014.1019.000) 05/10 03:35:28 Image size of job updated: 2000000
	327  -  MemoryUsage of job (MB)
	333828  -  ResidentSetSize of job (KB)
...
006 (014.1019.000) 05/10 03:35:33 Image size of job updated: 2000000
	365  -  MemoryUsage of job (MB)
	373560  -  ResidentSetSize of job (KB)
...
006 (014.1019.000) 05/10 03:35:38 Image size of job updated: 2000000
	379  -  MemoryUsage of job (MB)
	387552  -  ResidentSetSize of job (KB)
...
006 (014.1019.000) 05/10 03:35:43 Image size of job updated: 2000000
	407  -  MemoryUsage of job (MB)
	416592  -  ResidentSetSize of job (KB)
...
006 (014.1019.000) 05/10 03:35:48 Image size of job updated: 2000000
	464  -  MemoryUsage of job (MB)
	474804  -  ResidentSetSize of job (KB)
...
006 (014.1019.000) 05/10 03:35:53 Image size of job updated: 2000000
	513  -  MemoryUsage of job (MB)
	524436  -  ResidentSetSize of job (KB)
...
006 (014.1019.000) 05/10 03:35:58 Image size of job updated: 2000000
	558  -  MemoryUsage of job (MB)
	571032  -  ResidentSetSize of job (KB)
...
006 (014.1019.000) 05/10 03:36:03 Image size of job updated: 2000000
	1243  -  MemoryUsage of job (MB)
	1272216  -  ResidentSetSize of job (KB)
...
006 (014.1019.000) 05/10 03:52:28 Image size of job updated: 2370004
	1593  -  MemoryUsage of job (MB)
	1631124  -  ResidentSetSize of job (KB)
...
006 (014.1019.000) 05/10 03:52:34 Image size of job updated: 2370004
	1756  -  MemoryUsage of job (MB)
	1797708  -  ResidentSetSize of job (KB)
...
006 (014.1019.000) 05/10 03:52:40 Image size of job updated: 2445044
	1957  -  MemoryUsage of job (MB)
	2003232  -  ResidentSetSize of job (KB)
...
006 (014.1019.000) 05/10 03:52:46 Image size of job updated: 2445044
	2018  -  MemoryUsage of job (MB)
	2065536  -  ResidentSetSize of job (KB)
...
006 (014.1019.000) 05/10 03:52:52 Image size of job updated: 2764020
	2104  -  MemoryUsage of job (MB)
	2154372  -  ResidentSetSize of job (KB)
...
006 (014.1019.000) 05/10 03:52:58 Image size of job updated: 2921716
	2220  -  MemoryUsage of job (MB)
	2273040  -  ResidentSetSize of job (KB)
...
006 (014.1019.000) 05/10 03:53:04 Image size of job updated: 2999540
	2293  -  MemoryUsage of job (MB)
	2347356  -  ResidentSetSize of job (KB)
...
006 (014.1019.000) 05/10 03:53:10 Image size of job updated: 3049716
	2362  -  MemoryUsage of job (MB)
	2417844  -  ResidentSetSize of job (KB)
...
006 (014.1019.000) 05/10 03:53:16 Image size of job updated: 3129588
	2429  -  MemoryUsage of job (MB)
	2486616  -  ResidentSetSize of job (KB)
...
006 (014.1019.000) 05/10 03:53:22 Image size of job updated: 3177716
	2497  -  MemoryUsage of job (MB)
	2556312  -  ResidentSetSize of job (KB)
...
006 (014.1019.000) 05/10 03:53:28 Image size of job updated: 3236084
	2564  -  MemoryUsage of job (MB)
	2625084  -  ResidentSetSize of job (KB)
...
006 (014.1019.000) 05/10 03:53:34 Image size of job updated: 3353844
	2634  -  MemoryUsage of job (MB)
	2696628  -  ResidentSetSize of job (KB)
...
006 (014.1019.000) 05/10 03:53:40 Image size of job updated: 3428596
	2701  -  MemoryUsage of job (MB)
	2765796  -  ResidentSetSize of job (KB)
...
006 (014.1019.000) 05/10 03:53:46 Image size of job updated: 3470580
	2769  -  MemoryUsage of job (MB)
	2835096  -  ResidentSetSize of job (KB)
...
006 (014.1019.000) 05/10 03:53:52 Image size of job updated: 3470580
	2836  -  MemoryUsage of job (MB)
	2903340  -  ResidentSetSize of job (KB)
...
006 (014.1019.000) 05/10 03:53:58 Image size of job updated: 3582196
	2902  -  MemoryUsage of job (MB)
	2971452  -  ResidentSetSize of job (KB)
...
006 (014.1019.000) 05/10 03:54:04 Image size of job updated: 3582196
	2970  -  MemoryUsage of job (MB)
	3040752  -  ResidentSetSize of job (KB)
...
006 (014.1019.000) 05/10 03:54:10 Image size of job updated: 3762420
	3038  -  MemoryUsage of job (MB)
	3110448  -  ResidentSetSize of job (KB)
...
006 (014.1019.000) 05/10 03:54:16 Image size of job updated: 3762420
	3104  -  MemoryUsage of job (MB)
	3178164  -  ResidentSetSize of job (KB)
...
006 (014.1019.000) 05/10 03:54:22 Image size of job updated: 3762420
	3182  -  MemoryUsage of job (MB)
	3257760  -  ResidentSetSize of job (KB)
...
006 (014.1019.000) 05/10 03:54:28 Image size of job updated: 3990772
	3263  -  MemoryUsage of job (MB)
	3341184  -  ResidentSetSize of job (KB)
...
006 (014.1019.000) 05/10 03:54:34 Image size of job updated: 3990772
	3338  -  MemoryUsage of job (MB)
	3417216  -  ResidentSetSize of job (KB)
...
006 (014.1019.000) 05/10 03:54:40 Image size of job updated: 4154612
	3419  -  MemoryUsage of job (MB)
	3500640  -  ResidentSetSize of job (KB)
...
006 (014.1019.000) 05/10 03:54:46 Image size of job updated: 4154612
	3488  -  MemoryUsage of job (MB)
	3570732  -  ResidentSetSize of job (KB)
...
006 (014.1019.000) 05/10 03:54:52 Image size of job updated: 4300020
	3554  -  MemoryUsage of job (MB)
	3638844  -  ResidentSetSize of job (KB)
...
006 (014.1019.000) 05/10 03:54:58 Image size of job updated: 4332788
	3620  -  MemoryUsage of job (MB)
	3706428  -  ResidentSetSize of job (KB)
...
006 (014.1019.000) 05/10 03:55:04 Image size of job updated: 4332788
	3685  -  MemoryUsage of job (MB)
	3773220  -  ResidentSetSize of job (KB)
...
006 (014.1019.000) 05/10 03:55:10 Image size of job updated: 4500724
	3750  -  MemoryUsage of job (MB)
	3839748  -  ResidentSetSize of job (KB)
...
006 (014.1019.000) 05/10 03:55:16 Image size of job updated: 4500724
	3814  -  MemoryUsage of job (MB)
	3905352  -  ResidentSetSize of job (KB)
...
006 (014.1019.000) 05/10 03:55:22 Image size of job updated: 4500724
	3879  -  MemoryUsage of job (MB)
	3971220  -  ResidentSetSize of job (KB)
...
006 (014.1019.000) 05/10 03:55:28 Image size of job updated: 4659444
	3931  -  MemoryUsage of job (MB)
	4024680  -  ResidentSetSize of job (KB)
...
006 (014.1019.000) 05/10 03:55:34 Image size of job updated: 4659444
	3973  -  MemoryUsage of job (MB)
	4068108  -  ResidentSetSize of job (KB)
...
006 (014.1019.000) 05/10 03:55:40 Image size of job updated: 4825332
	4031  -  MemoryUsage of job (MB)
	4127376  -  ResidentSetSize of job (KB)
...
006 (014.1019.000) 05/10 03:55:46 Image size of job updated: 4825332
	4068  -  MemoryUsage of job (MB)
	4165128  -  ResidentSetSize of job (KB)
...
006 (014.1019.000) 05/10 03:55:52 Image size of job updated: 4825332
	4102  -  MemoryUsage of job (MB)
	4200108  -  ResidentSetSize of job (KB)
...
006 (014.1019.000) 05/10 03:55:58 Image size of job updated: 4971764
	4103  -  MemoryUsage of job (MB)
	4201296  -  ResidentSetSize of job (KB)
...
006 (014.1019.000) 05/10 03:56:05 Image size of job updated: 5017844
	4171  -  MemoryUsage of job (MB)
	4270200  -  ResidentSetSize of job (KB)
...
006 (014.1019.000) 05/10 03:56:10 Image size of job updated: 5071092
	4227  -  MemoryUsage of job (MB)
	4328412  -  ResidentSetSize of job (KB)
...
006 (014.1019.000) 05/10 03:56:15 Image size of job updated: 5137652
	4286  -  MemoryUsage of job (MB)
	4388076  -  ResidentSetSize of job (KB)
...
006 (014.1019.000) 05/10 03:56:20 Image size of job updated: 5137652
	4343  -  MemoryUsage of job (MB)
	4446288  -  ResidentSetSize of job (KB)
...
006 (014.1019.000) 05/10 03:56:25 Image size of job updated: 5241076
	4400  -  MemoryUsage of job (MB)
	4505160  -  ResidentSetSize of job (KB)
...
006 (014.1019.000) 05/10 03:56:30 Image size of job updated: 5315828
	4455  -  MemoryUsage of job (MB)
	4561260  -  ResidentSetSize of job (KB)
...
006 (014.1019.000) 05/10 03:56:35 Image size of job updated: 5315828
	4510  -  MemoryUsage of job (MB)
	4617360  -  ResidentSetSize of job (KB)
...
006 (014.1019.000) 05/10 03:56:40 Image size of job updated: 5315828
	4565  -  MemoryUsage of job (MB)
	4674120  -  ResidentSetSize of job (KB)
...
006 (014.1019.000) 05/10 03:56:45 Image size of job updated: 5467380
	4622  -  MemoryUsage of job (MB)
	4732068  -  ResidentSetSize of job (KB)
...
006 (014.1019.000) 05/10 03:56:50 Image size of job updated: 5467380
	4676  -  MemoryUsage of job (MB)
	4787904  -  ResidentSetSize of job (KB)
...
006 (014.1019.000) 05/10 03:56:55 Image size of job updated: 5585140
	4729  -  MemoryUsage of job (MB)
	4842288  -  ResidentSetSize of job (KB)
...
006 (014.1019.000) 05/10 03:57:00 Image size of job updated: 5657844
	4782  -  MemoryUsage of job (MB)
	4895880  -  ResidentSetSize of job (KB)
...
006 (014.1019.000) 05/10 03:57:05 Image size of job updated: 5657844
	4834  -  MemoryUsage of job (MB)
	4949076  -  ResidentSetSize of job (KB)
...
006 (014.1019.000) 05/10 03:57:10 Image size of job updated: 5657844
	4886  -  MemoryUsage of job (MB)
	5003064  -  ResidentSetSize of job (KB)
...
006 (014.1019.000) 05/10 03:57:15 Image size of job updated: 5795060
	4939  -  MemoryUsage of job (MB)
	5056788  -  ResidentSetSize of job (KB)
...
006 (014.1019.000) 05/10 03:57:20 Image size of job updated: 5795060
	4991  -  MemoryUsage of job (MB)
	5110380  -  ResidentSetSize of job (KB)
...
006 (014.1019.000) 05/10 03:57:25 Image size of job updated: 5795060
	5043  -  MemoryUsage of job (MB)
	5163180  -  ResidentSetSize of job (KB)
...
006 (014.1019.000) 05/10 03:57:30 Image size of job updated: 5954804
	5094  -  MemoryUsage of job (MB)
	5216244  -  ResidentSetSize of job (KB)
...
006 (014.1019.000) 05/10 03:57:35 Image size of job updated: 5954804
	5146  -  MemoryUsage of job (MB)
	5268780  -  ResidentSetSize of job (KB)
...
006 (014.1019.000) 05/10 03:57:40 Image size of job updated: 5954804
	5197  -  MemoryUsage of job (MB)
	5321712  -  ResidentSetSize of job (KB)
...
006 (014.1019.000) 05/10 03:57:45 Image size of job updated: 6120692
	5248  -  MemoryUsage of job (MB)
	5373192  -  ResidentSetSize of job (KB)
...
006 (014.1019.000) 05/10 03:57:50 Image size of job updated: 6120692
	5299  -  MemoryUsage of job (MB)
	5425332  -  ResidentSetSize of job (KB)
...
006 (014.1019.000) 05/10 03:57:55 Image size of job updated: 6244596
	5346  -  MemoryUsage of job (MB)
	5473380  -  ResidentSetSize of job (KB)
...
006 (014.1019.000) 05/10 03:58:00 Image size of job updated: 6275316
	5397  -  MemoryUsage of job (MB)
	5525652  -  ResidentSetSize of job (KB)
...
006 (014.1019.000) 05/10 03:58:05 Image size of job updated: 6275316
	5447  -  MemoryUsage of job (MB)
	5576868  -  ResidentSetSize of job (KB)
...
006 (014.1019.000) 05/10 03:58:10 Image size of job updated: 6368500
	5493  -  MemoryUsage of job (MB)
	5624784  -  ResidentSetSize of job (KB)
...
006 (014.1019.000) 05/10 03:58:15 Image size of job updated: 6458612
	5544  -  MemoryUsage of job (MB)
	5676792  -  ResidentSetSize of job (KB)
...
006 (014.1019.000) 05/10 03:58:20 Image size of job updated: 6458612
	5595  -  MemoryUsage of job (MB)
	5729196  -  ResidentSetSize of job (KB)
...
006 (014.1019.000) 05/10 03:58:25 Image size of job updated: 6458612
	5646  -  MemoryUsage of job (MB)
	5781204  -  ResidentSetSize of job (KB)
...
006 (014.1019.000) 05/10 03:58:30 Image size of job updated: 6608116
	5698  -  MemoryUsage of job (MB)
	5833740  -  ResidentSetSize of job (KB)
...
006 (014.1019.000) 05/10 03:58:35 Image size of job updated: 6608116
	5750  -  MemoryUsage of job (MB)
	5887068  -  ResidentSetSize of job (KB)
...
006 (014.1019.000) 05/10 03:58:40 Image size of job updated: 6608116
	5802  -  MemoryUsage of job (MB)
	5940660  -  ResidentSetSize of job (KB)
...
006 (014.1019.000) 05/10 03:58:45 Image size of job updated: 6770932
	5855  -  MemoryUsage of job (MB)
	5995308  -  ResidentSetSize of job (KB)
...
006 (014.1019.000) 05/10 03:58:50 Image size of job updated: 6783220
	5908  -  MemoryUsage of job (MB)
	6049560  -  ResidentSetSize of job (KB)
...
006 (014.1019.000) 05/10 03:58:55 Image size of job updated: 6867188
	5963  -  MemoryUsage of job (MB)
	6105528  -  ResidentSetSize of job (KB)
...
006 (014.1019.000) 05/10 03:59:00 Image size of job updated: 6938868
	6018  -  MemoryUsage of job (MB)
	6161760  -  ResidentSetSize of job (KB)
...
006 (014.1019.000) 05/10 03:59:05 Image size of job updated: 6938868
	6071  -  MemoryUsage of job (MB)
	6216276  -  ResidentSetSize of job (KB)
...
006 (014.1019.000) 05/10 03:59:10 Image size of job updated: 7014644
	6125  -  MemoryUsage of job (MB)
	6271716  -  ResidentSetSize of job (KB)
...
006 (014.1019.000) 05/10 03:59:15 Image size of job updated: 7105780
	6180  -  MemoryUsage of job (MB)
	6327420  -  ResidentSetSize of job (KB)
...
006 (014.1019.000) 05/10 03:59:20 Image size of job updated: 7105780
	6232  -  MemoryUsage of job (MB)
	6380880  -  ResidentSetSize of job (KB)
...
006 (014.1019.000) 05/10 03:59:25 Image size of job updated: 7105780
	6284  -  MemoryUsage of job (MB)
	6434208  -  ResidentSetSize of job (KB)
...
006 (014.1019.000) 05/10 03:59:30 Image size of job updated: 7267572
	6337  -  MemoryUsage of job (MB)
	6488328  -  ResidentSetSize of job (KB)
...
006 (014.1019.000) 05/10 03:59:35 Image size of job updated: 7291124
	6389  -  MemoryUsage of job (MB)
	6542316  -  ResidentSetSize of job (KB)
...
006 (014.1019.000) 05/10 03:59:40 Image size of job updated: 7357684
	6442  -  MemoryUsage of job (MB)
	6596040  -  ResidentSetSize of job (KB)
...
006 (014.1019.000) 05/10 03:59:45 Image size of job updated: 7423220
	6494  -  MemoryUsage of job (MB)
	6649236  -  ResidentSetSize of job (KB)
...
006 (014.1019.000) 05/10 03:59:50 Image size of job updated: 7423220
	6546  -  MemoryUsage of job (MB)
	6702960  -  ResidentSetSize of job (KB)
...
006 (014.1019.000) 05/10 03:59:55 Image size of job updated: 7529716
	6598  -  MemoryUsage of job (MB)
	6756288  -  ResidentSetSize of job (KB)
...
006 (014.1019.000) 05/10 04:00:00 Image size of job updated: 7585012
	6652  -  MemoryUsage of job (MB)
	6811200  -  ResidentSetSize of job (KB)
...
006 (014.1019.000) 05/10 04:00:05 Image size of job updated: 7585012
	6705  -  MemoryUsage of job (MB)
	6865452  -  ResidentSetSize of job (KB)
...
006 (014.1019.000) 05/10 04:00:10 Image size of job updated: 7585012
	6757  -  MemoryUsage of job (MB)
	6918516  -  ResidentSetSize of job (KB)
...
006 (014.1019.000) 05/10 04:00:15 Image size of job updated: 7757044
	6810  -  MemoryUsage of job (MB)
	6972636  -  ResidentSetSize of job (KB)
...
006 (014.1019.000) 05/10 04:00:20 Image size of job updated: 7757044
	6862  -  MemoryUsage of job (MB)
	7026360  -  ResidentSetSize of job (KB)
...
006 (014.1019.000) 05/10 04:00:25 Image size of job updated: 7757044
	7029  -  MemoryUsage of job (MB)
	7197168  -  ResidentSetSize of job (KB)
...
006 (014.1019.000) 05/10 04:00:30 Image size of job updated: 8068340
	7200  -  MemoryUsage of job (MB)
	7372068  -  ResidentSetSize of job (KB)
...
006 (014.1019.000) 05/10 04:00:35 Image size of job updated: 8068340
	7201  -  MemoryUsage of job (MB)
	7373652  -  ResidentSetSize of job (KB)
...
005 (014.1019.000) 05/10 04:00:38 Job terminated.
	(1) Normal termination (return value 0)
		Usr 0 00:25:36, Sys 0 00:00:13  -  Run Remote Usage
		Usr 0 00:00:00, Sys 0 00:00:00  -  Run Local Usage
		Usr 0 00:25:36, Sys 0 00:00:13  -  Total Remote Usage
		Usr 0 00:00:00, Sys 0 00:00:00  -  Total Local Usage
	0  -  Run Bytes Sent By Job
	0  -  Run Bytes Received By Job
	0  -  Total Bytes Sent By Job
	0  -  Total Bytes Received By Job
	Partitionable Resources :      Usage  Request Allocated 
	   Cpus                 :       0.90        1         1 
	   Disk (KB)            : 2000000     2000000   6232219 
	   Memory (MB)          :    7201        1954      2007 
...
