000 (205.8138.000) 05/06 03:21:35 Job submitted from host: <127.0.0.1:9618?addrs=127.0.0.1-9618&noUDP&sock=222_da1d_4>
...
033 (205.8138.000) 05/06 14:24:02 Changing job attribute JobPrio from 0 to -5
...
000 (007.8138.000) 05/07 19:00:56 Job submitted from host: <127.0.0.1:9618?addrs=127.0.0.1-9618&noUDP&sock=215_0cf3_4>
...
000 (016.8138.000) 05/08 15:57:59 Job submitted from host: <127.0.0.1:9618?addrs=127.0.0.1-9618&noUDP&sock=227_4816_4>
...
009 (016.8138.000) 05/09 16:56:02 Job was aborted by the user.
	via condor_rm (by user aw868)
...
000 (014.977.000) 05/09 17:30:04 Job submitted from host: <127.0.0.1:9618?addrs=127.0.0.1-9618&noUDP&sock=212_fe2a_4>
...
033 (014.977.000) 05/09 17:34:05 Changing job attribute JobPrio from 0 to -10
...
033 (014.977.000) 05/09 21:36:19 Changing job attribute JobPrio from -10 to -15
...
001 (014.977.000) 05/10 03:14:55 Job executing on host: <127.0.0.1:9618?addrs=127.0.0.1-9618&noUDP&sock=212_fe2a_5>
...
006 (014.977.000) 05/10 03:15:00 Image size of job updated: 2000000
	115  -  MemoryUsage of job (MB)
	116952  -  ResidentSetSize of job (KB)
...
006 (014.977.000) 05/10 03:15:30 Image size of job updated: 2000000
	172  -  MemoryUsage of job (MB)
	175956  -  ResidentSetSize of job (KB)
...
006 (014.977.000) 05/10 03:15:35 Image size of job updated: 2000000
	211  -  MemoryUsage of job (MB)
	215292  -  ResidentSetSize of job (KB)
...
006 (014.977.000) 05/10 03:15:40 Image size of job updated: 2000000
	211  -  MemoryUsage of job (MB)
	215556  -  ResidentSetSize of job (KB)
...
006 (014.977.000) 05/10 03:15:45 Image size of job updated: 2000000
	215  -  MemoryUsage of job (MB)
	219384  -  ResidentSetSize of job (KB)
...
006 (014.977.000) 05/10 03:15:55 Image size of job updated: 2000000
	215  -  MemoryUsage of job (MB)
	219648  -  ResidentSetSize of job (KB)
...
006 (014.977.000) 05/10 03:16:00 Image size of job updated: 2000000
	224  -  MemoryUsage of job (MB)
	228756  -  ResidentSetSize of job (KB)
...
006 (014.977.000) 05/10 03:16:05 Image size of job updated: 2000000
	234  -  MemoryUsage of job (MB)
	238656  -  ResidentSetSize of job (KB)
...
006 (014.977.000) 05/10 03:16:10 Image size of job updated: 2000000
	243  -  MemoryUsage of job (MB)
	248688  -  ResidentSetSize of job (KB)
...
006 (014.977.000) 05/10 03:16:15 Image size of job updated: 2000000
	253  -  MemoryUsage of job (MB)
	258060  -  ResidentSetSize of job (KB)
...
006 (014.977.000) 05/10 03:16:20 Image size of job updated: 2000000
	259  -  MemoryUsage of job (MB)
	264528  -  ResidentSetSize of job (KB)
...
006 (014.977.000) 05/10 03:16:25 Image size of job updated: 2000000
	265  -  MemoryUsage of job (MB)
	270996  -  ResidentSetSize of job (KB)
...
006 (014.977.000) 05/10 03:16:30 Image size of job updated: 2000000
	282  -  MemoryUsage of job (MB)
	288684  -  ResidentSetSize of job (KB)
...
006 (014.977.000) 05/10 03:16:35 Image size of job updated: 2000000
	321  -  MemoryUsage of job (MB)
	328020  -  ResidentSetSize of job (KB)
...
006 (014.977.000) 05/10 03:16:40 Image size of job updated: 2000000
	360  -  MemoryUsage of job (MB)
	368016  -  ResidentSetSize of job (KB)
...
006 (014.977.000) 05/10 03:16:45 Image size of job updated: 2000000
	373  -  MemoryUsage of job (MB)
	381216  -  ResidentSetSize of job (KB)
...
006 (014.977.000) 05/10 03:16:50 Image size of job updated: 2000000
	410  -  MemoryUsage of job (MB)
	419232  -  ResidentSetSize of job (KB)
...
006 (014.977.000) 05/10 03:16:55 Image size of job updated: 2000000
	493  -  MemoryUsage of job (MB)
	504504  -  ResidentSetSize of job (KB)
...
006 (014.977.000) 05/10 03:17:00 Image size of job updated: 2000000
	1237  -  MemoryUsage of job (MB)
	1266540  -  ResidentSetSize of job (KB)
...
006 (014.977.000) 05/10 03:33:19 Image size of job updated: 2000000
	1571  -  MemoryUsage of job (MB)
	1608552  -  ResidentSetSize of job (KB)
...
006 (014.977.000) 05/10 03:33:24 Image size of job updated: 2000000
	1740  -  MemoryUsage of job (MB)
	1780812  -  ResidentSetSize of job (KB)
...
006 (014.977.000) 05/10 03:33:31 Image size of job updated: 2444788
	1775  -  MemoryUsage of job (MB)
	1817244  -  ResidentSetSize of job (KB)
...
006 (014.977.000) 05/10 03:33:37 Image size of job updated: 2704116
	1997  -  MemoryUsage of job (MB)
	2044416  -  ResidentSetSize of job (KB)
...
006 (014.977.000) 05/10 03:33:43 Image size of job updated: 2704116
	2087  -  MemoryUsage of job (MB)
	2136552  -  ResidentSetSize of job (KB)
...
006 (014.977.000) 05/10 03:33:49 Image size of job updated: 2851060
	2188  -  MemoryUsage of job (MB)
	2239512  -  ResidentSetSize of job (KB)
...
006 (014.977.000) 05/10 03:33:55 Image size of job updated: 2915572
	2283  -  MemoryUsage of job (MB)
	2337324  -  ResidentSetSize of job (KB)
...
006 (014.977.000) 05/10 03:34:01 Image size of job updated: 3011828
	2365  -  MemoryUsage of job (MB)
	2421276  -  ResidentSetSize of job (KB)
...
006 (014.977.000) 05/10 03:34:07 Image size of job updated: 3101940
	2445  -  MemoryUsage of job (MB)
	2503512  -  ResidentSetSize of job (KB)
...
006 (014.977.000) 05/10 03:34:13 Image size of job updated: 3101940
	2525  -  MemoryUsage of job (MB)
	2585484  -  ResidentSetSize of job (KB)
...
006 (014.977.000) 05/10 03:34:20 Image size of job updated: 3295476
	2605  -  MemoryUsage of job (MB)
	2667192  -  ResidentSetSize of job (KB)
...
006 (014.977.000) 05/10 03:34:29 Image size of job updated: 3295476
	2664  -  MemoryUsage of job (MB)
	2727516  -  ResidentSetSize of job (KB)
...
006 (014.977.000) 05/10 03:34:42 Image size of job updated: 3526900
	2861  -  MemoryUsage of job (MB)
	2929344  -  ResidentSetSize of job (KB)
...
006 (014.977.000) 05/10 03:34:52 Image size of job updated: 3526900
	3009  -  MemoryUsage of job (MB)
	3080484  -  ResidentSetSize of job (KB)
...
006 (014.977.000) 05/10 03:34:58 Image size of job updated: 3752180
	3109  -  MemoryUsage of job (MB)
	3182916  -  ResidentSetSize of job (KB)
...
006 (014.977.000) 05/10 03:35:03 Image size of job updated: 3752180
	3186  -  MemoryUsage of job (MB)
	3261720  -  ResidentSetSize of job (KB)
...
006 (014.977.000) 05/10 03:35:08 Image size of job updated: 3973364
	3255  -  MemoryUsage of job (MB)
	3333000  -  ResidentSetSize of job (KB)
...
006 (014.977.000) 05/10 03:35:13 Image size of job updated: 4007156
	3324  -  MemoryUsage of job (MB)
	3403752  -  ResidentSetSize of job (KB)
...
006 (014.977.000) 05/10 03:35:18 Image size of job updated: 4007156
	3392  -  MemoryUsage of job (MB)
	3472788  -  ResidentSetSize of job (KB)
...
006 (014.977.000) 05/10 03:35:23 Image size of job updated: 4007156
	3460  -  MemoryUsage of job (MB)
	3542616  -  ResidentSetSize of job (KB)
...
006 (014.977.000) 05/10 03:35:28 Image size of job updated: 4197620
	3529  -  MemoryUsage of job (MB)
	3613104  -  ResidentSetSize of job (KB)
...
006 (014.977.000) 05/10 03:35:33 Image size of job updated: 4197620
	3597  -  MemoryUsage of job (MB)
	3683196  -  ResidentSetSize of job (KB)
...
006 (014.977.000) 05/10 03:35:38 Image size of job updated: 4197620
	3669  -  MemoryUsage of job (MB)
	3756852  -  ResidentSetSize of job (KB)
...
006 (014.977.000) 05/10 03:35:43 Image size of job updated: 4426996
	3736  -  MemoryUsage of job (MB)
	3825624  -  ResidentSetSize of job (KB)
...
006 (014.977.000) 05/10 03:35:48 Image size of job updated: 4475124
	3805  -  MemoryUsage of job (MB)
	3896112  -  ResidentSetSize of job (KB)
...
006 (014.977.000) 05/10 03:35:53 Image size of job updated: 4584692
	3874  -  MemoryUsage of job (MB)
	3966468  -  ResidentSetSize of job (KB)
...
006 (014.977.000) 05/10 03:35:58 Image size of job updated: 4635892
	3943  -  MemoryUsage of job (MB)
	4037220  -  ResidentSetSize of job (KB)
...
006 (014.977.000) 05/10 03:36:03 Image size of job updated: 4728052
	4014  -  MemoryUsage of job (MB)
	4109820  -  ResidentSetSize of job (KB)
...
006 (014.977.000) 05/10 03:36:08 Image size of job updated: 4728052
	4090  -  MemoryUsage of job (MB)
	4187568  -  ResidentSetSize of job (KB)
...
006 (014.977.000) 05/10 03:36:13 Image size of job updated: 4859124
	4164  -  MemoryUsage of job (MB)
	4263336  -  ResidentSetSize of job (KB)
...
006 (014.977.000) 05/10 03:36:18 Image size of job updated: 4859124
	4241  -  MemoryUsage of job (MB)
	4342668  -  ResidentSetSize of job (KB)
...
006 (014.977.000) 05/10 03:36:23 Image size of job updated: 4859124
	4313  -  MemoryUsage of job (MB)
	4416192  -  ResidentSetSize of job (KB)
...
006 (014.977.000) 05/10 03:36:28 Image size of job updated: 5120244
	4385  -  MemoryUsage of job (MB)
	4489716  -  ResidentSetSize of job (KB)
...
006 (014.977.000) 05/10 03:36:33 Image size of job updated: 5120244
	4456  -  MemoryUsage of job (MB)
	4562844  -  ResidentSetSize of job (KB)
...
006 (014.977.000) 05/10 03:36:38 Image size of job updated: 5120244
	4528  -  MemoryUsage of job (MB)
	4636368  -  ResidentSetSize of job (KB)
...
006 (014.977.000) 05/10 03:36:43 Image size of job updated: 5344500
	4601  -  MemoryUsage of job (MB)
	4711344  -  ResidentSetSize of job (KB)
...
006 (014.977.000) 05/10 03:36:48 Image size of job updated: 5428468
	4684  -  MemoryUsage of job (MB)
	4796352  -  ResidentSetSize of job (KB)
...
006 (014.977.000) 05/10 03:36:54 Image size of job updated: 5428468
	4765  -  MemoryUsage of job (MB)
	4879248  -  ResidentSetSize of job (KB)
...
006 (014.977.000) 05/10 03:37:00 Image size of job updated: 5533940
	4847  -  MemoryUsage of job (MB)
	4962672  -  ResidentSetSize of job (KB)
...
006 (014.977.000) 05/10 03:37:06 Image size of job updated: 5684468
	4927  -  MemoryUsage of job (MB)
	5044908  -  ResidentSetSize of job (KB)
...
006 (014.977.000) 05/10 03:37:53 Image size of job updated: 5738740
	5004  -  MemoryUsage of job (MB)
	5123712  -  ResidentSetSize of job (KB)
...
006 (014.977.000) 05/10 03:39:57 Image size of job updated: 8050932
	7081  -  MemoryUsage of job (MB)
	7250364  -  ResidentSetSize of job (KB)
...
006 (014.977.000) 05/10 03:41:28 Image size of job updated: 9108724
	7081  -  MemoryUsage of job (MB)
	7250364  -  ResidentSetSize of job (KB)
...
005 (014.977.000) 05/10 03:41:28 Job terminated.
	(1) Normal termination (return value 0)
		Usr 0 00:25:35, Sys 0 00:00:11  -  Run Remote Usage
		Usr 0 00:00:00, Sys 0 00:00:00  -  Run Local Usage
		Usr 0 00:25:35, Sys 0 00:00:11  -  Total Remote Usage
		Usr 0 00:00:00, Sys 0 00:00:00  -  Total Local Usage
	0  -  Run Bytes Sent By Job
	0  -  Run Bytes Received By Job
	0  -  Total Bytes Sent By Job
	0  -  Total Bytes Received By Job
	Partitionable Resources :      Usage  Request Allocated 
	   Cpus                 :       1.00        1         1 
	   Disk (KB)            : 2000000     2000000   6232219 
	   Memory (MB)          :    7081        1954      2007 
...
