000 (005.2540.000) 05/05 20:22:40 Job submitted from host: <127.0.0.1:9618?addrs=127.0.0.1-9618&noUDP&sock=227_4816_4>
...
001 (005.2540.000) 05/06 12:32:18 Job executing on host: <127.0.0.1:9618?addrs=127.0.0.1-9618&noUDP&sock=227_4816_5>
...
006 (005.2540.000) 05/06 12:32:23 Image size of job updated: 2000000
	101  -  MemoryUsage of job (MB)
	103224  -  ResidentSetSize of job (KB)
...
006 (005.2540.000) 05/06 12:32:53 Image size of job updated: 2000000
	156  -  MemoryUsage of job (MB)
	159192  -  ResidentSetSize of job (KB)
...
006 (005.2540.000) 05/06 12:32:58 Image size of job updated: 2000000
	184  -  MemoryUsage of job (MB)
	187968  -  ResidentSetSize of job (KB)
...
006 (005.2540.000) 05/06 12:33:03 Image size of job updated: 2000000
	185  -  MemoryUsage of job (MB)
	189156  -  ResidentSetSize of job (KB)
...
006 (005.2540.000) 05/06 12:33:08 Image size of job updated: 2000000
	195  -  MemoryUsage of job (MB)
	199584  -  ResidentSetSize of job (KB)
...
006 (005.2540.000) 05/06 12:33:13 Image size of job updated: 2000000
	205  -  MemoryUsage of job (MB)
	209220  -  ResidentSetSize of job (KB)
...
006 (005.2540.000) 05/06 12:33:18 Image size of job updated: 2000000
	213  -  MemoryUsage of job (MB)
	217404  -  ResidentSetSize of job (KB)
...
006 (005.2540.000) 05/06 12:33:23 Image size of job updated: 2000000
	222  -  MemoryUsage of job (MB)
	226644  -  ResidentSetSize of job (KB)
...
006 (005.2540.000) 05/06 12:33:28 Image size of job updated: 2000000
	230  -  MemoryUsage of job (MB)
	235488  -  ResidentSetSize of job (KB)
...
006 (005.2540.000) 05/06 12:33:33 Image size of job updated: 2000000
	238  -  MemoryUsage of job (MB)
	243144  -  ResidentSetSize of job (KB)
...
006 (005.2540.000) 05/06 12:33:38 Image size of job updated: 2000000
	250  -  MemoryUsage of job (MB)
	255156  -  ResidentSetSize of job (KB)
...
006 (005.2540.000) 05/06 12:33:43 Image size of job updated: 2000000
	294  -  MemoryUsage of job (MB)
	300300  -  ResidentSetSize of job (KB)
...
006 (005.2540.000) 05/06 12:33:48 Image size of job updated: 2000000
	328  -  MemoryUsage of job (MB)
	335280  -  ResidentSetSize of job (KB)
...
006 (005.2540.000) 05/06 12:33:53 Image size of job updated: 2000000
	334  -  MemoryUsage of job (MB)
	342012  -  ResidentSetSize of job (KB)
...
006 (005.2540.000) 05/06 12:33:58 Image size of job updated: 2000000
	413  -  MemoryUsage of job (MB)
	422004  -  ResidentSetSize of job (KB)
...
006 (005.2540.000) 05/06 12:34:03 Image size of job updated: 2000000
	469  -  MemoryUsage of job (MB)
	480084  -  ResidentSetSize of job (KB)
...
006 (005.2540.000) 05/06 12:34:08 Image size of job updated: 2000000
	1169  -  MemoryUsage of job (MB)
	1196316  -  ResidentSetSize of job (KB)
...
006 (005.2540.000) 05/06 12:49:08 Image size of job updated: 2000000
	1171  -  MemoryUsage of job (MB)
	1198296  -  ResidentSetSize of job (KB)
...
006 (005.2540.000) 05/06 12:49:14 Image size of job updated: 2000000
	1246  -  MemoryUsage of job (MB)
	1275384  -  ResidentSetSize of job (KB)
...
006 (005.2540.000) 05/06 12:49:20 Image size of job updated: 2000000
	1622  -  MemoryUsage of job (MB)
	1660164  -  ResidentSetSize of job (KB)
...
006 (005.2540.000) 05/06 12:49:26 Image size of job updated: 2000000
	1885  -  MemoryUsage of job (MB)
	1929840  -  ResidentSetSize of job (KB)
...
006 (005.2540.000) 05/06 12:49:32 Image size of job updated: 2631660
	1973  -  MemoryUsage of job (MB)
	2019468  -  ResidentSetSize of job (KB)
...
006 (005.2540.000) 05/06 12:49:38 Image size of job updated: 2631660
	2018  -  MemoryUsage of job (MB)
	2066328  -  ResidentSetSize of job (KB)
...
006 (005.2540.000) 05/06 12:49:44 Image size of job updated: 2631660
	2057  -  MemoryUsage of job (MB)
	2106192  -  ResidentSetSize of job (KB)
...
006 (005.2540.000) 05/06 12:49:50 Image size of job updated: 2752492
	2095  -  MemoryUsage of job (MB)
	2145132  -  ResidentSetSize of job (KB)
...
006 (005.2540.000) 05/06 12:49:56 Image size of job updated: 2752492
	2134  -  MemoryUsage of job (MB)
	2185128  -  ResidentSetSize of job (KB)
...
006 (005.2540.000) 05/06 12:50:02 Image size of job updated: 2752492
	2171  -  MemoryUsage of job (MB)
	2223012  -  ResidentSetSize of job (KB)
...
006 (005.2540.000) 05/06 12:50:08 Image size of job updated: 2872300
	2208  -  MemoryUsage of job (MB)
	2260500  -  ResidentSetSize of job (KB)
...
006 (005.2540.000) 05/06 12:50:14 Image size of job updated: 2909164
	2247  -  MemoryUsage of job (MB)
	2300232  -  ResidentSetSize of job (KB)
...
006 (005.2540.000) 05/06 12:50:20 Image size of job updated: 2953196
	2287  -  MemoryUsage of job (MB)
	2341284  -  ResidentSetSize of job (KB)
...
006 (005.2540.000) 05/06 12:50:26 Image size of job updated: 2953196
	2322  -  MemoryUsage of job (MB)
	2377584  -  ResidentSetSize of job (KB)
...
006 (005.2540.000) 05/06 12:50:32 Image size of job updated: 2953196
	2358  -  MemoryUsage of job (MB)
	2414280  -  ResidentSetSize of job (KB)
...
006 (005.2540.000) 05/06 12:50:38 Image size of job updated: 3054572
	2396  -  MemoryUsage of job (MB)
	2452560  -  ResidentSetSize of job (KB)
...
006 (005.2540.000) 05/06 12:50:44 Image size of job updated: 3054572
	2430  -  MemoryUsage of job (MB)
	2487804  -  ResidentSetSize of job (KB)
...
006 (005.2540.000) 05/06 12:50:50 Image size of job updated: 3147756
	2468  -  MemoryUsage of job (MB)
	2526216  -  ResidentSetSize of job (KB)
...
006 (005.2540.000) 05/06 12:50:56 Image size of job updated: 3147756
	2507  -  MemoryUsage of job (MB)
	2567004  -  ResidentSetSize of job (KB)
...
006 (005.2540.000) 05/06 12:51:02 Image size of job updated: 3222508
	2547  -  MemoryUsage of job (MB)
	2607924  -  ResidentSetSize of job (KB)
...
006 (005.2540.000) 05/06 12:51:08 Image size of job updated: 3245036
	2586  -  MemoryUsage of job (MB)
	2647524  -  ResidentSetSize of job (KB)
...
006 (005.2540.000) 05/06 12:51:14 Image size of job updated: 3301356
	2622  -  MemoryUsage of job (MB)
	2684748  -  ResidentSetSize of job (KB)
...
006 (005.2540.000) 05/06 12:51:20 Image size of job updated: 3357676
	2670  -  MemoryUsage of job (MB)
	2733060  -  ResidentSetSize of job (KB)
...
006 (005.2540.000) 05/06 12:51:26 Image size of job updated: 3387372
	2718  -  MemoryUsage of job (MB)
	2782428  -  ResidentSetSize of job (KB)
...
006 (005.2540.000) 05/06 12:51:32 Image size of job updated: 3446764
	2769  -  MemoryUsage of job (MB)
	2834436  -  ResidentSetSize of job (KB)
...
006 (005.2540.000) 05/06 12:51:38 Image size of job updated: 3490796
	2817  -  MemoryUsage of job (MB)
	2884464  -  ResidentSetSize of job (KB)
...
006 (005.2540.000) 05/06 12:51:44 Image size of job updated: 3551212
	2864  -  MemoryUsage of job (MB)
	2932644  -  ResidentSetSize of job (KB)
...
006 (005.2540.000) 05/06 12:51:50 Image size of job updated: 3572716
	2903  -  MemoryUsage of job (MB)
	2971980  -  ResidentSetSize of job (KB)
...
006 (005.2540.000) 05/06 12:51:56 Image size of job updated: 3602412
	2943  -  MemoryUsage of job (MB)
	3012636  -  ResidentSetSize of job (KB)
...
006 (005.2540.000) 05/06 12:52:02 Image size of job updated: 3602412
	2979  -  MemoryUsage of job (MB)
	3050256  -  ResidentSetSize of job (KB)
...
006 (005.2540.000) 05/06 12:52:08 Image size of job updated: 3699692
	3017  -  MemoryUsage of job (MB)
	3088932  -  ResidentSetSize of job (KB)
...
006 (005.2540.000) 05/06 12:52:14 Image size of job updated: 3699692
	3054  -  MemoryUsage of job (MB)
	3126816  -  ResidentSetSize of job (KB)
...
006 (005.2540.000) 05/06 12:52:20 Image size of job updated: 3699692
	3091  -  MemoryUsage of job (MB)
	3165096  -  ResidentSetSize of job (KB)
...
006 (005.2540.000) 05/06 12:52:26 Image size of job updated: 3824620
	3130  -  MemoryUsage of job (MB)
	3205092  -  ResidentSetSize of job (KB)
...
006 (005.2540.000) 05/06 12:52:32 Image size of job updated: 3824620
	3170  -  MemoryUsage of job (MB)
	3245748  -  ResidentSetSize of job (KB)
...
006 (005.2540.000) 05/06 12:52:38 Image size of job updated: 3899372
	3206  -  MemoryUsage of job (MB)
	3282708  -  ResidentSetSize of job (KB)
...
006 (005.2540.000) 05/06 12:52:44 Image size of job updated: 3899372
	3241  -  MemoryUsage of job (MB)
	3318744  -  ResidentSetSize of job (KB)
...
006 (005.2540.000) 05/06 12:52:50 Image size of job updated: 3899372
	3279  -  MemoryUsage of job (MB)
	3357552  -  ResidentSetSize of job (KB)
...
006 (005.2540.000) 05/06 12:52:56 Image size of job updated: 3996652
	3315  -  MemoryUsage of job (MB)
	3394116  -  ResidentSetSize of job (KB)
...
006 (005.2540.000) 05/06 12:53:02 Image size of job updated: 3996652
	3354  -  MemoryUsage of job (MB)
	3434112  -  ResidentSetSize of job (KB)
...
006 (005.2540.000) 05/06 12:53:08 Image size of job updated: 4092908
	3391  -  MemoryUsage of job (MB)
	3471732  -  ResidentSetSize of job (KB)
...
006 (005.2540.000) 05/06 12:53:14 Image size of job updated: 4109292
	3425  -  MemoryUsage of job (MB)
	3507108  -  ResidentSetSize of job (KB)
...
006 (005.2540.000) 05/06 12:53:20 Image size of job updated: 4140012
	3460  -  MemoryUsage of job (MB)
	3543012  -  ResidentSetSize of job (KB)
...
006 (005.2540.000) 05/06 12:53:26 Image size of job updated: 4180972
	3497  -  MemoryUsage of job (MB)
	3580368  -  ResidentSetSize of job (KB)
...
006 (005.2540.000) 05/06 12:53:32 Image size of job updated: 4180972
	3533  -  MemoryUsage of job (MB)
	3617592  -  ResidentSetSize of job (KB)
...
006 (005.2540.000) 05/06 12:53:38 Image size of job updated: 4180972
	3571  -  MemoryUsage of job (MB)
	3656004  -  ResidentSetSize of job (KB)
...
006 (005.2540.000) 05/06 12:53:44 Image size of job updated: 4282348
	3608  -  MemoryUsage of job (MB)
	3694416  -  ResidentSetSize of job (KB)
...
006 (005.2540.000) 05/06 12:53:50 Image size of job updated: 4282348
	3645  -  MemoryUsage of job (MB)
	3732300  -  ResidentSetSize of job (KB)
...
006 (005.2540.000) 05/06 12:53:56 Image size of job updated: 4383724
	3679  -  MemoryUsage of job (MB)
	3767016  -  ResidentSetSize of job (KB)
...
006 (005.2540.000) 05/06 12:54:02 Image size of job updated: 4408300
	3715  -  MemoryUsage of job (MB)
	3803448  -  ResidentSetSize of job (KB)
...
006 (005.2540.000) 05/06 12:54:08 Image size of job updated: 4408300
	3752  -  MemoryUsage of job (MB)
	3841068  -  ResidentSetSize of job (KB)
...
006 (005.2540.000) 05/06 12:54:14 Image size of job updated: 4505580
	3789  -  MemoryUsage of job (MB)
	3879084  -  ResidentSetSize of job (KB)
...
006 (005.2540.000) 05/06 12:54:20 Image size of job updated: 4505580
	3824  -  MemoryUsage of job (MB)
	3914856  -  ResidentSetSize of job (KB)
...
006 (005.2540.000) 05/06 12:54:26 Image size of job updated: 4574188
	3861  -  MemoryUsage of job (MB)
	3953268  -  ResidentSetSize of job (KB)
...
006 (005.2540.000) 05/06 12:54:32 Image size of job updated: 4609004
	3891  -  MemoryUsage of job (MB)
	3983628  -  ResidentSetSize of job (KB)
...
006 (005.2540.000) 05/06 12:54:37 Image size of job updated: 4636652
	3920  -  MemoryUsage of job (MB)
	4013988  -  ResidentSetSize of job (KB)
...
006 (005.2540.000) 05/06 12:54:42 Image size of job updated: 4666348
	3951  -  MemoryUsage of job (MB)
	4045272  -  ResidentSetSize of job (KB)
...
006 (005.2540.000) 05/06 12:54:47 Image size of job updated: 4666348
	3981  -  MemoryUsage of job (MB)
	4075764  -  ResidentSetSize of job (KB)
...
006 (005.2540.000) 05/06 12:54:52 Image size of job updated: 4666348
	4009  -  MemoryUsage of job (MB)
	4104672  -  ResidentSetSize of job (KB)
...
006 (005.2540.000) 05/06 12:54:57 Image size of job updated: 4755436
	4038  -  MemoryUsage of job (MB)
	4134504  -  ResidentSetSize of job (KB)
...
006 (005.2540.000) 05/06 12:55:02 Image size of job updated: 4755436
	4068  -  MemoryUsage of job (MB)
	4165392  -  ResidentSetSize of job (KB)
...
006 (005.2540.000) 05/06 12:55:07 Image size of job updated: 4755436
	4098  -  MemoryUsage of job (MB)
	4196016  -  ResidentSetSize of job (KB)
...
006 (005.2540.000) 05/06 12:55:12 Image size of job updated: 4847596
	4127  -  MemoryUsage of job (MB)
	4225848  -  ResidentSetSize of job (KB)
...
006 (005.2540.000) 05/06 12:55:17 Image size of job updated: 4847596
	4158  -  MemoryUsage of job (MB)
	4257000  -  ResidentSetSize of job (KB)
...
006 (005.2540.000) 05/06 12:55:22 Image size of job updated: 4847596
	4188  -  MemoryUsage of job (MB)
	4287888  -  ResidentSetSize of job (KB)
...
006 (005.2540.000) 05/06 12:55:27 Image size of job updated: 4943852
	4217  -  MemoryUsage of job (MB)
	4317456  -  ResidentSetSize of job (KB)
...
006 (005.2540.000) 05/06 12:55:32 Image size of job updated: 4943852
	4245  -  MemoryUsage of job (MB)
	4346364  -  ResidentSetSize of job (KB)
...
006 (005.2540.000) 05/06 12:55:37 Image size of job updated: 4943852
	4275  -  MemoryUsage of job (MB)
	4376592  -  ResidentSetSize of job (KB)
...
006 (005.2540.000) 05/06 12:55:42 Image size of job updated: 5033964
	4305  -  MemoryUsage of job (MB)
	4408008  -  ResidentSetSize of job (KB)
...
006 (005.2540.000) 05/06 12:55:47 Image size of job updated: 5033964
	4335  -  MemoryUsage of job (MB)
	4438104  -  ResidentSetSize of job (KB)
...
006 (005.2540.000) 05/06 12:55:52 Image size of job updated: 5033964
	4364  -  MemoryUsage of job (MB)
	4467936  -  ResidentSetSize of job (KB)
...
006 (005.2540.000) 05/06 12:55:57 Image size of job updated: 5124076
	4391  -  MemoryUsage of job (MB)
	4496052  -  ResidentSetSize of job (KB)
...
006 (005.2540.000) 05/06 12:56:02 Image size of job updated: 5124076
	4420  -  MemoryUsage of job (MB)
	4525356  -  ResidentSetSize of job (KB)
...
006 (005.2540.000) 05/06 12:56:07 Image size of job updated: 5179372
	4448  -  MemoryUsage of job (MB)
	4554264  -  ResidentSetSize of job (KB)
...
006 (005.2540.000) 05/06 12:56:12 Image size of job updated: 5218284
	4479  -  MemoryUsage of job (MB)
	4586340  -  ResidentSetSize of job (KB)
...
006 (005.2540.000) 05/06 12:56:17 Image size of job updated: 5244908
	4508  -  MemoryUsage of job (MB)
	4615380  -  ResidentSetSize of job (KB)
...
006 (005.2540.000) 05/06 12:56:22 Image size of job updated: 5271532
	4540  -  MemoryUsage of job (MB)
	4647984  -  ResidentSetSize of job (KB)
...
006 (005.2540.000) 05/06 12:56:27 Image size of job updated: 5311468
	4571  -  MemoryUsage of job (MB)
	4680192  -  ResidentSetSize of job (KB)
...
006 (005.2540.000) 05/06 12:56:32 Image size of job updated: 5311468
	4603  -  MemoryUsage of job (MB)
	4712796  -  ResidentSetSize of job (KB)
...
006 (005.2540.000) 05/06 12:56:37 Image size of job updated: 5311468
	4634  -  MemoryUsage of job (MB)
	4744608  -  ResidentSetSize of job (KB)
...
006 (005.2540.000) 05/06 12:56:42 Image size of job updated: 5408748
	4666  -  MemoryUsage of job (MB)
	4777080  -  ResidentSetSize of job (KB)
...
006 (005.2540.000) 05/06 12:56:47 Image size of job updated: 5438444
	4696  -  MemoryUsage of job (MB)
	4807968  -  ResidentSetSize of job (KB)
...
006 (005.2540.000) 05/06 12:56:52 Image size of job updated: 5438444
	4726  -  MemoryUsage of job (MB)
	4839384  -  ResidentSetSize of job (KB)
...
006 (005.2540.000) 05/06 12:56:57 Image size of job updated: 5438444
	4754  -  MemoryUsage of job (MB)
	4867500  -  ResidentSetSize of job (KB)
...
006 (005.2540.000) 05/06 12:57:02 Image size of job updated: 5506028
	4787  -  MemoryUsage of job (MB)
	4901556  -  ResidentSetSize of job (KB)
...
006 (005.2540.000) 05/06 12:57:07 Image size of job updated: 5506028
	4816  -  MemoryUsage of job (MB)
	4930596  -  ResidentSetSize of job (KB)
...
006 (005.2540.000) 05/06 12:57:12 Image size of job updated: 5506028
	4846  -  MemoryUsage of job (MB)
	4961748  -  ResidentSetSize of job (KB)
...
006 (005.2540.000) 05/06 12:57:17 Image size of job updated: 5612524
	4876  -  MemoryUsage of job (MB)
	4992504  -  ResidentSetSize of job (KB)
...
006 (005.2540.000) 05/06 12:57:22 Image size of job updated: 5612524
	4906  -  MemoryUsage of job (MB)
	5022996  -  ResidentSetSize of job (KB)
...
006 (005.2540.000) 05/06 12:57:27 Image size of job updated: 5612524
	4936  -  MemoryUsage of job (MB)
	5053884  -  ResidentSetSize of job (KB)
...
006 (005.2540.000) 05/06 12:57:32 Image size of job updated: 5709804
	4967  -  MemoryUsage of job (MB)
	5085564  -  ResidentSetSize of job (KB)
...
006 (005.2540.000) 05/06 12:57:37 Image size of job updated: 5709804
	4996  -  MemoryUsage of job (MB)
	5115528  -  ResidentSetSize of job (KB)
...
006 (005.2540.000) 05/06 12:57:42 Image size of job updated: 5709804
	5025  -  MemoryUsage of job (MB)
	5145096  -  ResidentSetSize of job (KB)
...
006 (005.2540.000) 05/06 12:57:47 Image size of job updated: 5804012
	5052  -  MemoryUsage of job (MB)
	5172948  -  ResidentSetSize of job (KB)
...
006 (005.2540.000) 05/06 12:57:52 Image size of job updated: 5804012
	5081  -  MemoryUsage of job (MB)
	5202780  -  ResidentSetSize of job (KB)
...
006 (005.2540.000) 05/06 12:57:57 Image size of job updated: 5804012
	5111  -  MemoryUsage of job (MB)
	5232744  -  ResidentSetSize of job (KB)
...
006 (005.2540.000) 05/06 12:58:02 Image size of job updated: 5893100
	5140  -  MemoryUsage of job (MB)
	5262708  -  ResidentSetSize of job (KB)
...
006 (005.2540.000) 05/06 12:58:07 Image size of job updated: 5903340
	5171  -  MemoryUsage of job (MB)
	5294520  -  ResidentSetSize of job (KB)
...
006 (005.2540.000) 05/06 12:58:12 Image size of job updated: 5948396
	5199  -  MemoryUsage of job (MB)
	5323032  -  ResidentSetSize of job (KB)
...
006 (005.2540.000) 05/06 12:58:17 Image size of job updated: 5982188
	5228  -  MemoryUsage of job (MB)
	5352468  -  ResidentSetSize of job (KB)
...
006 (005.2540.000) 05/06 12:58:22 Image size of job updated: 6190060
	5443  -  MemoryUsage of job (MB)
	5572908  -  ResidentSetSize of job (KB)
...
005 (005.2540.000) 05/06 12:58:28 Job terminated.
	(1) Normal termination (return value 0)
		Usr 0 00:25:38, Sys 0 00:00:04  -  Run Remote Usage
		Usr 0 00:00:00, Sys 0 00:00:00  -  Run Local Usage
		Usr 0 00:25:38, Sys 0 00:00:04  -  Total Remote Usage
		Usr 0 00:00:00, Sys 0 00:00:00  -  Total Local Usage
	0  -  Run Bytes Sent By Job
	0  -  Run Bytes Received By Job
	0  -  Total Bytes Sent By Job
	0  -  Total Bytes Received By Job
	Partitionable Resources :      Usage  Request Allocated 
	   Cpus                 :       1.00        1         1 
	   Disk (KB)            : 2000000     2000000   6275465 
	   Memory (MB)          :    5443        1954      2007 
...
