000 (205.3769.000) 05/06 03:19:16 Job submitted from host: <127.0.0.1:9618?addrs=127.0.0.1-9618&noUDP&sock=222_da1d_4>
...
033 (205.3769.000) 05/06 14:22:42 Changing job attribute JobPrio from 0 to -5
...
000 (007.3769.000) 05/07 19:00:02 Job submitted from host: <127.0.0.1:9618?addrs=127.0.0.1-9618&noUDP&sock=215_0cf3_4>
...
000 (016.3769.000) 05/08 15:57:11 Job submitted from host: <127.0.0.1:9618?addrs=127.0.0.1-9618&noUDP&sock=227_4816_4>
...
009 (016.3769.000) 05/09 16:54:37 Job was aborted by the user.
	via condor_rm (by user aw868)
...
000 (017.436.000) 05/09 17:25:56 Job submitted from host: <127.0.0.1:9618?addrs=127.0.0.1-9618&noUDP&sock=227_4816_4>
...
001 (017.436.000) 05/09 20:32:40 Job executing on host: <127.0.0.1:9618?addrs=127.0.0.1-9618&noUDP&sock=227_4816_5>
...
006 (017.436.000) 05/09 20:32:46 Image size of job updated: 2000000
	115  -  MemoryUsage of job (MB)
	116952  -  ResidentSetSize of job (KB)
...
006 (017.436.000) 05/09 20:33:16 Image size of job updated: 2000000
	172  -  MemoryUsage of job (MB)
	176088  -  ResidentSetSize of job (KB)
...
006 (017.436.000) 05/09 20:33:21 Image size of job updated: 2000000
	211  -  MemoryUsage of job (MB)
	215424  -  ResidentSetSize of job (KB)
...
006 (017.436.000) 05/09 20:33:26 Image size of job updated: 2000000
	211  -  MemoryUsage of job (MB)
	215688  -  ResidentSetSize of job (KB)
...
006 (017.436.000) 05/09 20:33:31 Image size of job updated: 2000000
	214  -  MemoryUsage of job (MB)
	218196  -  ResidentSetSize of job (KB)
...
006 (017.436.000) 05/09 20:33:36 Image size of job updated: 2000000
	223  -  MemoryUsage of job (MB)
	228096  -  ResidentSetSize of job (KB)
...
006 (017.436.000) 05/09 20:33:41 Image size of job updated: 2000000
	233  -  MemoryUsage of job (MB)
	237600  -  ResidentSetSize of job (KB)
...
006 (017.436.000) 05/09 20:33:46 Image size of job updated: 2000000
	242  -  MemoryUsage of job (MB)
	247500  -  ResidentSetSize of job (KB)
...
006 (017.436.000) 05/09 20:33:51 Image size of job updated: 2000000
	252  -  MemoryUsage of job (MB)
	257268  -  ResidentSetSize of job (KB)
...
006 (017.436.000) 05/09 20:33:56 Image size of job updated: 2000000
	269  -  MemoryUsage of job (MB)
	274560  -  ResidentSetSize of job (KB)
...
006 (017.436.000) 05/09 20:34:01 Image size of job updated: 2000000
	269  -  MemoryUsage of job (MB)
	274692  -  ResidentSetSize of job (KB)
...
006 (017.436.000) 05/09 20:34:06 Image size of job updated: 2000000
	271  -  MemoryUsage of job (MB)
	276672  -  ResidentSetSize of job (KB)
...
006 (017.436.000) 05/09 20:34:11 Image size of job updated: 2000000
	288  -  MemoryUsage of job (MB)
	294492  -  ResidentSetSize of job (KB)
...
006 (017.436.000) 05/09 20:34:16 Image size of job updated: 2000000
	325  -  MemoryUsage of job (MB)
	332376  -  ResidentSetSize of job (KB)
...
006 (017.436.000) 05/09 20:34:21 Image size of job updated: 2000000
	369  -  MemoryUsage of job (MB)
	376860  -  ResidentSetSize of job (KB)
...
006 (017.436.000) 05/09 20:34:26 Image size of job updated: 2000000
	371  -  MemoryUsage of job (MB)
	379764  -  ResidentSetSize of job (KB)
...
006 (017.436.000) 05/09 20:34:31 Image size of job updated: 2000000
	417  -  MemoryUsage of job (MB)
	426624  -  ResidentSetSize of job (KB)
...
006 (017.436.000) 05/09 20:34:36 Image size of job updated: 2000000
	465  -  MemoryUsage of job (MB)
	475200  -  ResidentSetSize of job (KB)
...
006 (017.436.000) 05/09 20:34:41 Image size of job updated: 2000000
	484  -  MemoryUsage of job (MB)
	494868  -  ResidentSetSize of job (KB)
...
006 (017.436.000) 05/09 20:34:47 Image size of job updated: 2000000
	1234  -  MemoryUsage of job (MB)
	1263240  -  ResidentSetSize of job (KB)
...
006 (017.436.000) 05/09 20:49:21 Image size of job updated: 2000000
	1584  -  MemoryUsage of job (MB)
	1622016  -  ResidentSetSize of job (KB)
...
006 (017.436.000) 05/09 20:49:27 Image size of job updated: 2000000
	1747  -  MemoryUsage of job (MB)
	1787940  -  ResidentSetSize of job (KB)
...
006 (017.436.000) 05/09 20:49:32 Image size of job updated: 2704116
	1996  -  MemoryUsage of job (MB)
	2043756  -  ResidentSetSize of job (KB)
...
006 (017.436.000) 05/09 20:49:37 Image size of job updated: 2704116
	2001  -  MemoryUsage of job (MB)
	2048376  -  ResidentSetSize of job (KB)
...
006 (017.436.000) 05/09 20:49:42 Image size of job updated: 2704116
	2088  -  MemoryUsage of job (MB)
	2137740  -  ResidentSetSize of job (KB)
...
006 (017.436.000) 05/09 20:49:47 Image size of job updated: 2835700
	2190  -  MemoryUsage of job (MB)
	2242284  -  ResidentSetSize of job (KB)
...
006 (017.436.000) 05/09 20:49:52 Image size of job updated: 2835700
	2268  -  MemoryUsage of job (MB)
	2321880  -  ResidentSetSize of job (KB)
...
006 (017.436.000) 05/09 20:49:57 Image size of job updated: 2835700
	2336  -  MemoryUsage of job (MB)
	2391444  -  ResidentSetSize of job (KB)
...
006 (017.436.000) 05/09 20:50:02 Image size of job updated: 3093748
	2395  -  MemoryUsage of job (MB)
	2452164  -  ResidentSetSize of job (KB)
...
006 (017.436.000) 05/09 20:50:07 Image size of job updated: 3093748
	2452  -  MemoryUsage of job (MB)
	2510772  -  ResidentSetSize of job (KB)
...
006 (017.436.000) 05/09 20:50:12 Image size of job updated: 3093748
	2509  -  MemoryUsage of job (MB)
	2569116  -  ResidentSetSize of job (KB)
...
006 (017.436.000) 05/09 20:50:17 Image size of job updated: 3266804
	2564  -  MemoryUsage of job (MB)
	2624952  -  ResidentSetSize of job (KB)
...
006 (017.436.000) 05/09 20:50:22 Image size of job updated: 3266804
	2619  -  MemoryUsage of job (MB)
	2681448  -  ResidentSetSize of job (KB)
...
006 (017.436.000) 05/09 20:50:27 Image size of job updated: 3266804
	2674  -  MemoryUsage of job (MB)
	2738076  -  ResidentSetSize of job (KB)
...
006 (017.436.000) 05/09 20:50:32 Image size of job updated: 3434740
	2721  -  MemoryUsage of job (MB)
	2785992  -  ResidentSetSize of job (KB)
...
006 (017.436.000) 05/09 20:50:37 Image size of job updated: 3434740
	2780  -  MemoryUsage of job (MB)
	2845788  -  ResidentSetSize of job (KB)
...
006 (017.436.000) 05/09 20:50:44 Image size of job updated: 3434740
	2797  -  MemoryUsage of job (MB)
	2863608  -  ResidentSetSize of job (KB)
...
006 (017.436.000) 05/09 20:50:49 Image size of job updated: 3579124
	2851  -  MemoryUsage of job (MB)
	2919048  -  ResidentSetSize of job (KB)
...
006 (017.436.000) 05/09 20:50:54 Image size of job updated: 3586292
	2905  -  MemoryUsage of job (MB)
	2974620  -  ResidentSetSize of job (KB)
...
006 (017.436.000) 05/09 20:50:59 Image size of job updated: 3645684
	2961  -  MemoryUsage of job (MB)
	3031248  -  ResidentSetSize of job (KB)
...
006 (017.436.000) 05/09 20:51:04 Image size of job updated: 3726580
	3016  -  MemoryUsage of job (MB)
	3087876  -  ResidentSetSize of job (KB)
...
006 (017.436.000) 05/09 20:51:09 Image size of job updated: 3774708
	3072  -  MemoryUsage of job (MB)
	3145428  -  ResidentSetSize of job (KB)
...
006 (017.436.000) 05/09 20:51:14 Image size of job updated: 3818740
	3125  -  MemoryUsage of job (MB)
	3199548  -  ResidentSetSize of job (KB)
...
006 (017.436.000) 05/09 20:51:19 Image size of job updated: 3893492
	3180  -  MemoryUsage of job (MB)
	3256044  -  ResidentSetSize of job (KB)
...
006 (017.436.000) 05/09 20:51:24 Image size of job updated: 3893492
	3237  -  MemoryUsage of job (MB)
	3314388  -  ResidentSetSize of job (KB)
...
006 (017.436.000) 05/09 20:51:29 Image size of job updated: 3893492
	3294  -  MemoryUsage of job (MB)
	3372996  -  ResidentSetSize of job (KB)
...
006 (017.436.000) 05/09 20:51:34 Image size of job updated: 4067572
	3352  -  MemoryUsage of job (MB)
	3431472  -  ResidentSetSize of job (KB)
...
006 (017.436.000) 05/09 20:51:39 Image size of job updated: 4067572
	3409  -  MemoryUsage of job (MB)
	3489948  -  ResidentSetSize of job (KB)
...
006 (017.436.000) 05/09 20:51:44 Image size of job updated: 4067572
	3464  -  MemoryUsage of job (MB)
	3546972  -  ResidentSetSize of job (KB)
...
006 (017.436.000) 05/09 20:51:49 Image size of job updated: 4240628
	3519  -  MemoryUsage of job (MB)
	3603204  -  ResidentSetSize of job (KB)
...
006 (017.436.000) 05/09 20:51:54 Image size of job updated: 4240628
	3576  -  MemoryUsage of job (MB)
	3661680  -  ResidentSetSize of job (KB)
...
006 (017.436.000) 05/09 20:51:59 Image size of job updated: 4240628
	3632  -  MemoryUsage of job (MB)
	3718176  -  ResidentSetSize of job (KB)
...
006 (017.436.000) 05/09 20:52:04 Image size of job updated: 4412660
	3682  -  MemoryUsage of job (MB)
	3770184  -  ResidentSetSize of job (KB)
...
006 (017.436.000) 05/09 20:52:09 Image size of job updated: 4412660
	3733  -  MemoryUsage of job (MB)
	3822060  -  ResidentSetSize of job (KB)
...
006 (017.436.000) 05/09 20:52:14 Image size of job updated: 4491508
	3782  -  MemoryUsage of job (MB)
	3872616  -  ResidentSetSize of job (KB)
...
006 (017.436.000) 05/09 20:52:19 Image size of job updated: 4584692
	3838  -  MemoryUsage of job (MB)
	3930036  -  ResidentSetSize of job (KB)
...
006 (017.436.000) 05/09 20:52:24 Image size of job updated: 4641012
	3895  -  MemoryUsage of job (MB)
	3988248  -  ResidentSetSize of job (KB)
...
006 (017.436.000) 05/09 20:52:29 Image size of job updated: 4641012
	3951  -  MemoryUsage of job (MB)
	4045536  -  ResidentSetSize of job (KB)
...
006 (017.436.000) 05/09 20:52:34 Image size of job updated: 4785396
	4008  -  MemoryUsage of job (MB)
	4103484  -  ResidentSetSize of job (KB)
...
006 (017.436.000) 05/09 20:52:39 Image size of job updated: 4785396
	4067  -  MemoryUsage of job (MB)
	4164600  -  ResidentSetSize of job (KB)
...
006 (017.436.000) 05/09 20:52:44 Image size of job updated: 4884724
	4129  -  MemoryUsage of job (MB)
	4227960  -  ResidentSetSize of job (KB)
...
006 (017.436.000) 05/09 20:52:49 Image size of job updated: 4983028
	4201  -  MemoryUsage of job (MB)
	4301616  -  ResidentSetSize of job (KB)
...
006 (017.436.000) 05/09 20:52:54 Image size of job updated: 4984052
	4264  -  MemoryUsage of job (MB)
	4365768  -  ResidentSetSize of job (KB)
...
006 (017.436.000) 05/09 20:52:59 Image size of job updated: 5086452
	4325  -  MemoryUsage of job (MB)
	4428468  -  ResidentSetSize of job (KB)
...
006 (017.436.000) 05/09 20:53:04 Image size of job updated: 5147892
	4386  -  MemoryUsage of job (MB)
	4490640  -  ResidentSetSize of job (KB)
...
006 (017.436.000) 05/09 20:53:09 Image size of job updated: 5147892
	4447  -  MemoryUsage of job (MB)
	4552812  -  ResidentSetSize of job (KB)
...
006 (017.436.000) 05/09 20:53:14 Image size of job updated: 5147892
	4515  -  MemoryUsage of job (MB)
	4622376  -  ResidentSetSize of job (KB)
...
006 (017.436.000) 05/09 20:53:19 Image size of job updated: 5340404
	4574  -  MemoryUsage of job (MB)
	4683492  -  ResidentSetSize of job (KB)
...
006 (017.436.000) 05/09 20:53:24 Image size of job updated: 5340404
	4635  -  MemoryUsage of job (MB)
	4745532  -  ResidentSetSize of job (KB)
...
006 (017.436.000) 05/09 20:53:29 Image size of job updated: 5340404
	4696  -  MemoryUsage of job (MB)
	4807836  -  ResidentSetSize of job (KB)
...
006 (017.436.000) 05/09 20:53:34 Image size of job updated: 5527796
	4756  -  MemoryUsage of job (MB)
	4869480  -  ResidentSetSize of job (KB)
...
006 (017.436.000) 05/09 20:53:39 Image size of job updated: 5598452
	4816  -  MemoryUsage of job (MB)
	4930860  -  ResidentSetSize of job (KB)
...
006 (017.436.000) 05/09 20:53:44 Image size of job updated: 5598452
	4877  -  MemoryUsage of job (MB)
	4993032  -  ResidentSetSize of job (KB)
...
006 (017.436.000) 05/09 20:53:49 Image size of job updated: 5722356
	4937  -  MemoryUsage of job (MB)
	5055468  -  ResidentSetSize of job (KB)
...
006 (017.436.000) 05/09 20:53:54 Image size of job updated: 5787892
	4999  -  MemoryUsage of job (MB)
	5118168  -  ResidentSetSize of job (KB)
...
006 (017.436.000) 05/09 20:53:59 Image size of job updated: 5857524
	5065  -  MemoryUsage of job (MB)
	5186412  -  ResidentSetSize of job (KB)
...
006 (017.436.000) 05/09 20:54:04 Image size of job updated: 5929204
	5140  -  MemoryUsage of job (MB)
	5263104  -  ResidentSetSize of job (KB)
...
006 (017.436.000) 05/09 20:54:09 Image size of job updated: 6016244
	5214  -  MemoryUsage of job (MB)
	5339136  -  ResidentSetSize of job (KB)
...
006 (017.436.000) 05/09 20:54:14 Image size of job updated: 6074612
	5271  -  MemoryUsage of job (MB)
	5397216  -  ResidentSetSize of job (KB)
...
006 (017.436.000) 05/09 20:54:19 Image size of job updated: 6129908
	5327  -  MemoryUsage of job (MB)
	5454768  -  ResidentSetSize of job (KB)
...
006 (017.436.000) 05/09 20:54:24 Image size of job updated: 6129908
	5385  -  MemoryUsage of job (MB)
	5514168  -  ResidentSetSize of job (KB)
...
006 (017.436.000) 05/09 20:54:29 Image size of job updated: 6247668
	5443  -  MemoryUsage of job (MB)
	5572776  -  ResidentSetSize of job (KB)
...
006 (017.436.000) 05/09 20:54:34 Image size of job updated: 6310132
	5501  -  MemoryUsage of job (MB)
	5632572  -  ResidentSetSize of job (KB)
...
006 (017.436.000) 05/09 20:54:39 Image size of job updated: 6313204
	5559  -  MemoryUsage of job (MB)
	5691972  -  ResidentSetSize of job (KB)
...
006 (017.436.000) 05/09 20:54:45 Image size of job updated: 6313204
	5629  -  MemoryUsage of job (MB)
	5763384  -  ResidentSetSize of job (KB)
...
006 (017.436.000) 05/09 20:54:51 Image size of job updated: 6485236
	5699  -  MemoryUsage of job (MB)
	5834796  -  ResidentSetSize of job (KB)
...
006 (017.436.000) 05/09 20:54:57 Image size of job updated: 6485236
	5768  -  MemoryUsage of job (MB)
	5905680  -  ResidentSetSize of job (KB)
...
006 (017.436.000) 05/09 20:55:03 Image size of job updated: 6485236
	5840  -  MemoryUsage of job (MB)
	5979204  -  ResidentSetSize of job (KB)
...
006 (017.436.000) 05/09 20:55:09 Image size of job updated: 6676724
	5913  -  MemoryUsage of job (MB)
	6053916  -  ResidentSetSize of job (KB)
...
006 (017.436.000) 05/09 20:55:15 Image size of job updated: 6810868
	5983  -  MemoryUsage of job (MB)
	6126252  -  ResidentSetSize of job (KB)
...
006 (017.436.000) 05/09 20:55:21 Image size of job updated: 6812916
	6056  -  MemoryUsage of job (MB)
	6200700  -  ResidentSetSize of job (KB)
...
006 (017.436.000) 05/09 20:55:27 Image size of job updated: 6932724
	6127  -  MemoryUsage of job (MB)
	6273432  -  ResidentSetSize of job (KB)
...
006 (017.436.000) 05/09 20:55:33 Image size of job updated: 6995188
	6194  -  MemoryUsage of job (MB)
	6341940  -  ResidentSetSize of job (KB)
...
006 (017.436.000) 05/09 20:55:39 Image size of job updated: 7065844
	6264  -  MemoryUsage of job (MB)
	6413484  -  ResidentSetSize of job (KB)
...
006 (017.436.000) 05/09 20:55:45 Image size of job updated: 7065844
	6331  -  MemoryUsage of job (MB)
	6482784  -  ResidentSetSize of job (KB)
...
006 (017.436.000) 05/09 20:55:51 Image size of job updated: 7232756
	6398  -  MemoryUsage of job (MB)
	6550764  -  ResidentSetSize of job (KB)
...
006 (017.436.000) 05/09 20:55:57 Image size of job updated: 7232756
	6465  -  MemoryUsage of job (MB)
	6620064  -  ResidentSetSize of job (KB)
...
006 (017.436.000) 05/09 20:56:03 Image size of job updated: 7232756
	6533  -  MemoryUsage of job (MB)
	6689100  -  ResidentSetSize of job (KB)
...
006 (017.436.000) 05/09 20:56:09 Image size of job updated: 7427316
	6599  -  MemoryUsage of job (MB)
	6757080  -  ResidentSetSize of job (KB)
...
006 (017.436.000) 05/09 20:56:15 Image size of job updated: 7427316
	6665  -  MemoryUsage of job (MB)
	6824532  -  ResidentSetSize of job (KB)
...
006 (017.436.000) 05/09 20:56:21 Image size of job updated: 7427316
	6731  -  MemoryUsage of job (MB)
	6891720  -  ResidentSetSize of job (KB)
...
006 (017.436.000) 05/09 20:56:27 Image size of job updated: 7595252
	6798  -  MemoryUsage of job (MB)
	6960360  -  ResidentSetSize of job (KB)
...
006 (017.436.000) 05/09 20:56:33 Image size of job updated: 7595252
	6863  -  MemoryUsage of job (MB)
	7027284  -  ResidentSetSize of job (KB)
...
006 (017.436.000) 05/09 20:56:39 Image size of job updated: 7763188
	6928  -  MemoryUsage of job (MB)
	7093812  -  ResidentSetSize of job (KB)
...
006 (017.436.000) 05/09 20:56:45 Image size of job updated: 7763188
	6994  -  MemoryUsage of job (MB)
	7161792  -  ResidentSetSize of job (KB)
...
006 (017.436.000) 05/09 20:56:51 Image size of job updated: 7763188
	7224  -  MemoryUsage of job (MB)
	7397148  -  ResidentSetSize of job (KB)
...
006 (017.436.000) 05/09 20:56:57 Image size of job updated: 8081652
	7224  -  MemoryUsage of job (MB)
	7397148  -  ResidentSetSize of job (KB)
...
005 (017.436.000) 05/09 20:56:59 Job terminated.
	(1) Normal termination (return value 0)
		Usr 0 00:23:28, Sys 0 00:00:09  -  Run Remote Usage
		Usr 0 00:00:00, Sys 0 00:00:00  -  Run Local Usage
		Usr 0 00:23:28, Sys 0 00:00:09  -  Total Remote Usage
		Usr 0 00:00:00, Sys 0 00:00:00  -  Total Local Usage
	0  -  Run Bytes Sent By Job
	0  -  Run Bytes Received By Job
	0  -  Total Bytes Sent By Job
	0  -  Total Bytes Received By Job
	Partitionable Resources :      Usage  Request Allocated 
	   Cpus                 :       0.99        1         1 
	   Disk (KB)            : 2000000     2000000   6275465 
	   Memory (MB)          :    7224        1954      2007 
...
