000 (205.10604.000) 05/06 03:22:51 Job submitted from host: <127.0.0.1:9618?addrs=127.0.0.1-9618&noUDP&sock=222_da1d_4>
...
033 (205.10604.000) 05/06 14:24:42 Changing job attribute JobPrio from 0 to -5
...
000 (007.10604.000) 05/07 19:01:23 Job submitted from host: <127.0.0.1:9618?addrs=127.0.0.1-9618&noUDP&sock=215_0cf3_4>
...
000 (016.10604.000) 05/08 15:58:25 Job submitted from host: <127.0.0.1:9618?addrs=127.0.0.1-9618&noUDP&sock=227_4816_4>
...
009 (016.10604.000) 05/09 16:56:53 Job was aborted by the user.
	via condor_rm (by user aw868)
...
000 (014.3443.000) 05/09 17:32:02 Job submitted from host: <127.0.0.1:9618?addrs=127.0.0.1-9618&noUDP&sock=212_fe2a_4>
...
033 (014.3443.000) 05/09 17:33:39 Changing job attribute JobPrio from 0 to -10
...
033 (014.3443.000) 05/09 21:36:03 Changing job attribute JobPrio from -10 to -15
...
001 (014.3443.000) 05/11 04:21:58 Job executing on host: <127.0.0.1:9618?addrs=127.0.0.1-9618&noUDP&sock=212_fe2a_5>
...
006 (014.3443.000) 05/11 04:22:04 Image size of job updated: 2000000
	115  -  MemoryUsage of job (MB)
	116952  -  ResidentSetSize of job (KB)
...
006 (014.3443.000) 05/11 04:22:28 Image size of job updated: 2000000
	120  -  MemoryUsage of job (MB)
	122628  -  ResidentSetSize of job (KB)
...
006 (014.3443.000) 05/11 04:22:34 Image size of job updated: 2000000
	209  -  MemoryUsage of job (MB)
	213576  -  ResidentSetSize of job (KB)
...
006 (014.3443.000) 05/11 04:22:40 Image size of job updated: 2000000
	211  -  MemoryUsage of job (MB)
	215424  -  ResidentSetSize of job (KB)
...
006 (014.3443.000) 05/11 04:22:46 Image size of job updated: 2000000
	213  -  MemoryUsage of job (MB)
	217404  -  ResidentSetSize of job (KB)
...
006 (014.3443.000) 05/11 04:22:52 Image size of job updated: 2000000
	225  -  MemoryUsage of job (MB)
	230208  -  ResidentSetSize of job (KB)
...
006 (014.3443.000) 05/11 04:22:58 Image size of job updated: 2000000
	240  -  MemoryUsage of job (MB)
	244992  -  ResidentSetSize of job (KB)
...
006 (014.3443.000) 05/11 04:23:04 Image size of job updated: 2000000
	252  -  MemoryUsage of job (MB)
	257400  -  ResidentSetSize of job (KB)
...
006 (014.3443.000) 05/11 04:23:10 Image size of job updated: 2000000
	262  -  MemoryUsage of job (MB)
	267828  -  ResidentSetSize of job (KB)
...
006 (014.3443.000) 05/11 04:23:16 Image size of job updated: 2000000
	271  -  MemoryUsage of job (MB)
	276804  -  ResidentSetSize of job (KB)
...
006 (014.3443.000) 05/11 04:23:22 Image size of job updated: 2000000
	283  -  MemoryUsage of job (MB)
	289476  -  ResidentSetSize of job (KB)
...
006 (014.3443.000) 05/11 04:23:28 Image size of job updated: 2000000
	310  -  MemoryUsage of job (MB)
	316800  -  ResidentSetSize of job (KB)
...
006 (014.3443.000) 05/11 04:23:37 Image size of job updated: 2000000
	343  -  MemoryUsage of job (MB)
	350856  -  ResidentSetSize of job (KB)
...
006 (014.3443.000) 05/11 04:23:45 Image size of job updated: 2000000
	372  -  MemoryUsage of job (MB)
	380160  -  ResidentSetSize of job (KB)
...
006 (014.3443.000) 05/11 04:23:52 Image size of job updated: 2000000
	444  -  MemoryUsage of job (MB)
	454080  -  ResidentSetSize of job (KB)
...
006 (014.3443.000) 05/11 04:23:57 Image size of job updated: 2000000
	494  -  MemoryUsage of job (MB)
	504900  -  ResidentSetSize of job (KB)
...
006 (014.3443.000) 05/11 04:24:02 Image size of job updated: 2000000
	542  -  MemoryUsage of job (MB)
	554532  -  ResidentSetSize of job (KB)
...
006 (014.3443.000) 05/11 04:24:07 Image size of job updated: 2000000
	1238  -  MemoryUsage of job (MB)
	1267332  -  ResidentSetSize of job (KB)
...
006 (014.3443.000) 05/11 04:41:41 Image size of job updated: 2000000
	1476  -  MemoryUsage of job (MB)
	1510608  -  ResidentSetSize of job (KB)
...
006 (014.3443.000) 05/11 04:41:46 Image size of job updated: 2370004
	1653  -  MemoryUsage of job (MB)
	1692636  -  ResidentSetSize of job (KB)
...
006 (014.3443.000) 05/11 04:41:51 Image size of job updated: 2370004
	1903  -  MemoryUsage of job (MB)
	1947924  -  ResidentSetSize of job (KB)
...
006 (014.3443.000) 05/11 04:42:01 Image size of job updated: 2654452
	1903  -  MemoryUsage of job (MB)
	1947924  -  ResidentSetSize of job (KB)
...
006 (014.3443.000) 05/11 04:42:06 Image size of job updated: 2654452
	1940  -  MemoryUsage of job (MB)
	1985544  -  ResidentSetSize of job (KB)
...
006 (014.3443.000) 05/11 04:42:11 Image size of job updated: 2654452
	2019  -  MemoryUsage of job (MB)
	2066856  -  ResidentSetSize of job (KB)
...
006 (014.3443.000) 05/11 04:42:16 Image size of job updated: 2866420
	2080  -  MemoryUsage of job (MB)
	2129160  -  ResidentSetSize of job (KB)
...
006 (014.3443.000) 05/11 04:42:21 Image size of job updated: 2866420
	2123  -  MemoryUsage of job (MB)
	2172984  -  ResidentSetSize of job (KB)
...
006 (014.3443.000) 05/11 04:42:26 Image size of job updated: 2866420
	2155  -  MemoryUsage of job (MB)
	2206116  -  ResidentSetSize of job (KB)
...
006 (014.3443.000) 05/11 04:42:31 Image size of job updated: 2978036
	2173  -  MemoryUsage of job (MB)
	2224728  -  ResidentSetSize of job (KB)
...
006 (014.3443.000) 05/11 04:42:36 Image size of job updated: 3009780
	2178  -  MemoryUsage of job (MB)
	2229876  -  ResidentSetSize of job (KB)
...
006 (014.3443.000) 05/11 04:42:41 Image size of job updated: 3037428
	2204  -  MemoryUsage of job (MB)
	2255880  -  ResidentSetSize of job (KB)
...
006 (014.3443.000) 05/11 04:42:46 Image size of job updated: 3060980
	2228  -  MemoryUsage of job (MB)
	2280960  -  ResidentSetSize of job (KB)
...
006 (014.3443.000) 05/11 04:42:51 Image size of job updated: 3060980
	2253  -  MemoryUsage of job (MB)
	2306568  -  ResidentSetSize of job (KB)
...
006 (014.3443.000) 05/11 04:42:56 Image size of job updated: 3106036
	2277  -  MemoryUsage of job (MB)
	2331648  -  ResidentSetSize of job (KB)
...
006 (014.3443.000) 05/11 04:43:01 Image size of job updated: 3136756
	2303  -  MemoryUsage of job (MB)
	2357256  -  ResidentSetSize of job (KB)
...
006 (014.3443.000) 05/11 04:43:06 Image size of job updated: 3136756
	2327  -  MemoryUsage of job (MB)
	2382468  -  ResidentSetSize of job (KB)
...
006 (014.3443.000) 05/11 04:43:11 Image size of job updated: 3136756
	2352  -  MemoryUsage of job (MB)
	2407812  -  ResidentSetSize of job (KB)
...
006 (014.3443.000) 05/11 04:43:16 Image size of job updated: 3212532
	2376  -  MemoryUsage of job (MB)
	2433024  -  ResidentSetSize of job (KB)
...
006 (014.3443.000) 05/11 04:43:21 Image size of job updated: 3212532
	2402  -  MemoryUsage of job (MB)
	2458764  -  ResidentSetSize of job (KB)
...
006 (014.3443.000) 05/11 04:43:26 Image size of job updated: 3212532
	2427  -  MemoryUsage of job (MB)
	2484636  -  ResidentSetSize of job (KB)
...
006 (014.3443.000) 05/11 04:43:31 Image size of job updated: 3290356
	2453  -  MemoryUsage of job (MB)
	2511168  -  ResidentSetSize of job (KB)
...
006 (014.3443.000) 05/11 04:43:36 Image size of job updated: 3290356
	2478  -  MemoryUsage of job (MB)
	2537040  -  ResidentSetSize of job (KB)
...
006 (014.3443.000) 05/11 04:43:41 Image size of job updated: 3290356
	2505  -  MemoryUsage of job (MB)
	2564364  -  ResidentSetSize of job (KB)
...
006 (014.3443.000) 05/11 04:43:46 Image size of job updated: 3370228
	2531  -  MemoryUsage of job (MB)
	2591028  -  ResidentSetSize of job (KB)
...
006 (014.3443.000) 05/11 04:43:51 Image size of job updated: 3380468
	2557  -  MemoryUsage of job (MB)
	2617428  -  ResidentSetSize of job (KB)
...
006 (014.3443.000) 05/11 04:43:56 Image size of job updated: 3404020
	2583  -  MemoryUsage of job (MB)
	2644620  -  ResidentSetSize of job (KB)
...
006 (014.3443.000) 05/11 04:44:01 Image size of job updated: 3451124
	2610  -  MemoryUsage of job (MB)
	2672208  -  ResidentSetSize of job (KB)
...
006 (014.3443.000) 05/11 04:44:06 Image size of job updated: 3451124
	2636  -  MemoryUsage of job (MB)
	2698476  -  ResidentSetSize of job (KB)
...
006 (014.3443.000) 05/11 04:44:11 Image size of job updated: 3451124
	2662  -  MemoryUsage of job (MB)
	2725140  -  ResidentSetSize of job (KB)
...
006 (014.3443.000) 05/11 04:44:16 Image size of job updated: 3529972
	2688  -  MemoryUsage of job (MB)
	2751540  -  ResidentSetSize of job (KB)
...
006 (014.3443.000) 05/11 04:44:21 Image size of job updated: 3529972
	2713  -  MemoryUsage of job (MB)
	2777676  -  ResidentSetSize of job (KB)
...
006 (014.3443.000) 05/11 04:44:26 Image size of job updated: 3582196
	2738  -  MemoryUsage of job (MB)
	2803152  -  ResidentSetSize of job (KB)
...
006 (014.3443.000) 05/11 04:44:31 Image size of job updated: 3582196
	2764  -  MemoryUsage of job (MB)
	2829816  -  ResidentSetSize of job (KB)
...
006 (014.3443.000) 05/11 04:44:36 Image size of job updated: 3620084
	2790  -  MemoryUsage of job (MB)
	2855952  -  ResidentSetSize of job (KB)
...
006 (014.3443.000) 05/11 04:44:41 Image size of job updated: 3636468
	2815  -  MemoryUsage of job (MB)
	2881824  -  ResidentSetSize of job (KB)
...
006 (014.3443.000) 05/11 04:44:46 Image size of job updated: 3673332
	2840  -  MemoryUsage of job (MB)
	2908092  -  ResidentSetSize of job (KB)
...
006 (014.3443.000) 05/11 04:44:51 Image size of job updated: 3706100
	2866  -  MemoryUsage of job (MB)
	2934228  -  ResidentSetSize of job (KB)
...
006 (014.3443.000) 05/11 04:44:56 Image size of job updated: 3706100
	2892  -  MemoryUsage of job (MB)
	2960496  -  ResidentSetSize of job (KB)
...
006 (014.3443.000) 05/11 04:45:01 Image size of job updated: 3706100
	2920  -  MemoryUsage of job (MB)
	2989536  -  ResidentSetSize of job (KB)
...
006 (014.3443.000) 05/11 04:45:06 Image size of job updated: 3784948
	2945  -  MemoryUsage of job (MB)
	3015276  -  ResidentSetSize of job (KB)
...
006 (014.3443.000) 05/11 04:45:11 Image size of job updated: 3784948
	2971  -  MemoryUsage of job (MB)
	3041808  -  ResidentSetSize of job (KB)
...
006 (014.3443.000) 05/11 04:45:16 Image size of job updated: 3784948
	2997  -  MemoryUsage of job (MB)
	3068076  -  ResidentSetSize of job (KB)
...
006 (014.3443.000) 05/11 04:45:21 Image size of job updated: 3868916
	3021  -  MemoryUsage of job (MB)
	3092496  -  ResidentSetSize of job (KB)
...
006 (014.3443.000) 05/11 04:45:27 Image size of job updated: 3868916
	3049  -  MemoryUsage of job (MB)
	3121932  -  ResidentSetSize of job (KB)
...
006 (014.3443.000) 05/11 04:45:33 Image size of job updated: 3906804
	3080  -  MemoryUsage of job (MB)
	3152952  -  ResidentSetSize of job (KB)
...
006 (014.3443.000) 05/11 04:45:39 Image size of job updated: 3942644
	3110  -  MemoryUsage of job (MB)
	3183708  -  ResidentSetSize of job (KB)
...
006 (014.3443.000) 05/11 04:45:45 Image size of job updated: 3942644
	3142  -  MemoryUsage of job (MB)
	3216576  -  ResidentSetSize of job (KB)
...
006 (014.3443.000) 05/11 04:45:51 Image size of job updated: 4022516
	3173  -  MemoryUsage of job (MB)
	3248388  -  ResidentSetSize of job (KB)
...
006 (014.3443.000) 05/11 04:45:57 Image size of job updated: 4022516
	3203  -  MemoryUsage of job (MB)
	3279012  -  ResidentSetSize of job (KB)
...
006 (014.3443.000) 05/11 04:46:03 Image size of job updated: 4022516
	3233  -  MemoryUsage of job (MB)
	3309768  -  ResidentSetSize of job (KB)
...
006 (014.3443.000) 05/11 04:46:09 Image size of job updated: 4100340
	3263  -  MemoryUsage of job (MB)
	3341052  -  ResidentSetSize of job (KB)
...
006 (014.3443.000) 05/11 04:46:15 Image size of job updated: 4100340
	3293  -  MemoryUsage of job (MB)
	3371544  -  ResidentSetSize of job (KB)
...
006 (014.3443.000) 05/11 04:46:21 Image size of job updated: 4176116
	3323  -  MemoryUsage of job (MB)
	3402168  -  ResidentSetSize of job (KB)
...
006 (014.3443.000) 05/11 04:46:27 Image size of job updated: 4194548
	3352  -  MemoryUsage of job (MB)
	3431736  -  ResidentSetSize of job (KB)
...
006 (014.3443.000) 05/11 04:46:33 Image size of job updated: 4236532
	3381  -  MemoryUsage of job (MB)
	3461436  -  ResidentSetSize of job (KB)
...
006 (014.3443.000) 05/11 04:46:39 Image size of job updated: 4260084
	3410  -  MemoryUsage of job (MB)
	3491796  -  ResidentSetSize of job (KB)
...
006 (014.3443.000) 05/11 04:46:45 Image size of job updated: 4260084
	3439  -  MemoryUsage of job (MB)
	3521496  -  ResidentSetSize of job (KB)
...
006 (014.3443.000) 05/11 04:46:51 Image size of job updated: 4260084
	3475  -  MemoryUsage of job (MB)
	3557532  -  ResidentSetSize of job (KB)
...
006 (014.3443.000) 05/11 04:46:57 Image size of job updated: 4352244
	3516  -  MemoryUsage of job (MB)
	3599376  -  ResidentSetSize of job (KB)
...
006 (014.3443.000) 05/11 04:47:03 Image size of job updated: 4352244
	3550  -  MemoryUsage of job (MB)
	3634752  -  ResidentSetSize of job (KB)
...
006 (014.3443.000) 05/11 04:47:09 Image size of job updated: 4443380
	3582  -  MemoryUsage of job (MB)
	3667356  -  ResidentSetSize of job (KB)
...
006 (014.3443.000) 05/11 04:47:15 Image size of job updated: 4443380
	3613  -  MemoryUsage of job (MB)
	3699564  -  ResidentSetSize of job (KB)
...
006 (014.3443.000) 05/11 04:47:21 Image size of job updated: 4443380
	3646  -  MemoryUsage of job (MB)
	3733224  -  ResidentSetSize of job (KB)
...
006 (014.3443.000) 05/11 04:47:27 Image size of job updated: 4524276
	3676  -  MemoryUsage of job (MB)
	3764112  -  ResidentSetSize of job (KB)
...
006 (014.3443.000) 05/11 04:47:33 Image size of job updated: 4568308
	3709  -  MemoryUsage of job (MB)
	3797640  -  ResidentSetSize of job (KB)
...
006 (014.3443.000) 05/11 04:47:39 Image size of job updated: 4613364
	3742  -  MemoryUsage of job (MB)
	3831168  -  ResidentSetSize of job (KB)
...
006 (014.3443.000) 05/11 04:47:45 Image size of job updated: 4624628
	3775  -  MemoryUsage of job (MB)
	3864696  -  ResidentSetSize of job (KB)
...
006 (014.3443.000) 05/11 04:47:51 Image size of job updated: 4624628
	3808  -  MemoryUsage of job (MB)
	3898488  -  ResidentSetSize of job (KB)
...
006 (014.3443.000) 05/11 04:47:57 Image size of job updated: 4707572
	3840  -  MemoryUsage of job (MB)
	3931620  -  ResidentSetSize of job (KB)
...
006 (014.3443.000) 05/11 04:48:03 Image size of job updated: 4707572
	3872  -  MemoryUsage of job (MB)
	3964620  -  ResidentSetSize of job (KB)
...
006 (014.3443.000) 05/11 04:48:09 Image size of job updated: 4707572
	3905  -  MemoryUsage of job (MB)
	3997884  -  ResidentSetSize of job (KB)
...
006 (014.3443.000) 05/11 04:48:15 Image size of job updated: 4789492
	3936  -  MemoryUsage of job (MB)
	4030356  -  ResidentSetSize of job (KB)
...
006 (014.3443.000) 05/11 04:48:21 Image size of job updated: 4789492
	3968  -  MemoryUsage of job (MB)
	4062960  -  ResidentSetSize of job (KB)
...
006 (014.3443.000) 05/11 04:48:27 Image size of job updated: 4875508
	3970  -  MemoryUsage of job (MB)
	4064808  -  ResidentSetSize of job (KB)
...
006 (014.3443.000) 05/11 04:48:33 Image size of job updated: 4875508
	4114  -  MemoryUsage of job (MB)
	4211724  -  ResidentSetSize of job (KB)
...
006 (014.3443.000) 05/11 04:48:39 Image size of job updated: 4875508
	4204  -  MemoryUsage of job (MB)
	4304124  -  ResidentSetSize of job (KB)
...
006 (014.3443.000) 05/11 04:48:45 Image size of job updated: 5116148
	4204  -  MemoryUsage of job (MB)
	4304124  -  ResidentSetSize of job (KB)
...
005 (014.3443.000) 05/11 04:48:47 Job terminated.
	(1) Normal termination (return value 0)
		Usr 0 00:25:50, Sys 0 00:00:10  -  Run Remote Usage
		Usr 0 00:00:00, Sys 0 00:00:00  -  Run Local Usage
		Usr 0 00:25:50, Sys 0 00:00:10  -  Total Remote Usage
		Usr 0 00:00:00, Sys 0 00:00:00  -  Total Local Usage
	0  -  Run Bytes Sent By Job
	0  -  Run Bytes Received By Job
	0  -  Total Bytes Sent By Job
	0  -  Total Bytes Received By Job
	Partitionable Resources :      Usage  Request Allocated 
	   Cpus                 :       0.78        1         1 
	   Disk (KB)            : 2000000     2000000   6232219 
	   Memory (MB)          :    4204        1954      2007 
...
