000 (205.504.000) 05/06 03:17:17 Job submitted from host: <127.0.0.1:9618?addrs=127.0.0.1-9618&noUDP&sock=222_da1d_4>
...
033 (205.504.000) 05/06 14:21:11 Changing job attribute JobPrio from 0 to -5
...
001 (205.504.000) 05/07 11:23:19 Job executing on host: <127.0.0.1:9618?addrs=127.0.0.1-9618+[--1]-9618&noUDP&sock=337139_e3f4_5>
...
006 (205.504.000) 05/07 11:24:05 Image size of job updated: 2000000
	24  -  MemoryUsage of job (MB)
	24420  -  ResidentSetSize of job (KB)
...
006 (205.504.000) 05/07 11:30:35 Image size of job updated: 2000000
	543  -  MemoryUsage of job (MB)
	555192  -  ResidentSetSize of job (KB)
...
006 (205.504.000) 05/07 11:36:38 Image size of job updated: 2000000
	1237  -  MemoryUsage of job (MB)
	1266408  -  ResidentSetSize of job (KB)
...
006 (205.504.000) 05/07 11:51:53 Image size of job updated: 2451152
	1737  -  MemoryUsage of job (MB)
	1778436  -  ResidentSetSize of job (KB)
...
006 (205.504.000) 05/07 12:07:02 Image size of job updated: 3648752
	2889  -  MemoryUsage of job (MB)
	2957856  -  ResidentSetSize of job (KB)
...
006 (205.504.000) 05/07 12:17:41 Image size of job updated: 4935920
	4083  -  MemoryUsage of job (MB)
	4180572  -  ResidentSetSize of job (KB)
...
006 (205.504.000) 05/07 12:19:16 Image size of job updated: 5432560
	4084  -  MemoryUsage of job (MB)
	4181760  -  ResidentSetSize of job (KB)
...
005 (205.504.000) 05/07 12:19:47 Job terminated.
	(0) Abnormal termination (signal 9)
	(0) No core file
		Usr 0 00:16:08, Sys 0 00:22:58  -  Run Remote Usage
		Usr 0 00:00:00, Sys 0 00:00:00  -  Run Local Usage
		Usr 0 00:16:08, Sys 0 00:22:58  -  Total Remote Usage
		Usr 0 00:00:00, Sys 0 00:00:00  -  Total Local Usage
	101491  -  Run Bytes Sent By Job
	1864886144  -  Run Bytes Received By Job
	101491  -  Total Bytes Sent By Job
	1864886144  -  Total Bytes Received By Job
	Partitionable Resources :      Usage  Request Allocated 
	   Cpus                 :       0.08        1         1 
	   Disk (KB)            : 2000000     2000000   6513701 
	   Memory (MB)          :    4084        1954      2007 
...
000 (007.504.000) 05/07 18:59:21 Job submitted from host: <127.0.0.1:9618?addrs=127.0.0.1-9618&noUDP&sock=215_0cf3_4>
...
000 (016.504.000) 05/08 15:56:38 Job submitted from host: <127.0.0.1:9618?addrs=127.0.0.1-9618&noUDP&sock=227_4816_4>
...
001 (016.504.000) 05/08 19:33:24 Job executing on host: <127.0.0.1:9618?addrs=127.0.0.1-9618&noUDP&sock=227_4816_5>
...
006 (016.504.000) 05/08 19:33:29 Image size of job updated: 2000000
	106  -  MemoryUsage of job (MB)
	107580  -  ResidentSetSize of job (KB)
...
006 (016.504.000) 05/08 19:33:34 Image size of job updated: 2000000
	115  -  MemoryUsage of job (MB)
	117216  -  ResidentSetSize of job (KB)
...
006 (016.504.000) 05/08 19:33:59 Image size of job updated: 2000000
	143  -  MemoryUsage of job (MB)
	145860  -  ResidentSetSize of job (KB)
...
006 (016.504.000) 05/08 19:34:04 Image size of job updated: 2000000
	210  -  MemoryUsage of job (MB)
	214632  -  ResidentSetSize of job (KB)
...
006 (016.504.000) 05/08 19:34:09 Image size of job updated: 2000000
	211  -  MemoryUsage of job (MB)
	215424  -  ResidentSetSize of job (KB)
...
006 (016.504.000) 05/08 19:34:14 Image size of job updated: 2000000
	211  -  MemoryUsage of job (MB)
	215688  -  ResidentSetSize of job (KB)
...
006 (016.504.000) 05/08 19:34:19 Image size of job updated: 2000000
	218  -  MemoryUsage of job (MB)
	222684  -  ResidentSetSize of job (KB)
...
006 (016.504.000) 05/08 19:34:24 Image size of job updated: 2000000
	227  -  MemoryUsage of job (MB)
	232320  -  ResidentSetSize of job (KB)
...
006 (016.504.000) 05/08 19:34:29 Image size of job updated: 2000000
	237  -  MemoryUsage of job (MB)
	241956  -  ResidentSetSize of job (KB)
...
006 (016.504.000) 05/08 19:34:34 Image size of job updated: 2000000
	246  -  MemoryUsage of job (MB)
	251592  -  ResidentSetSize of job (KB)
...
006 (016.504.000) 05/08 19:34:39 Image size of job updated: 2000000
	255  -  MemoryUsage of job (MB)
	260172  -  ResidentSetSize of job (KB)
...
006 (016.504.000) 05/08 19:34:44 Image size of job updated: 2000000
	262  -  MemoryUsage of job (MB)
	268224  -  ResidentSetSize of job (KB)
...
006 (016.504.000) 05/08 19:34:49 Image size of job updated: 2000000
	270  -  MemoryUsage of job (MB)
	276144  -  ResidentSetSize of job (KB)
...
006 (016.504.000) 05/08 19:34:54 Image size of job updated: 2000000
	279  -  MemoryUsage of job (MB)
	285384  -  ResidentSetSize of job (KB)
...
006 (016.504.000) 05/08 19:34:59 Image size of job updated: 2000000
	313  -  MemoryUsage of job (MB)
	320364  -  ResidentSetSize of job (KB)
...
006 (016.504.000) 05/08 19:35:04 Image size of job updated: 2000000
	353  -  MemoryUsage of job (MB)
	360888  -  ResidentSetSize of job (KB)
...
006 (016.504.000) 05/08 19:35:09 Image size of job updated: 2000000
	380  -  MemoryUsage of job (MB)
	388344  -  ResidentSetSize of job (KB)
...
006 (016.504.000) 05/08 19:35:19 Image size of job updated: 2000000
	446  -  MemoryUsage of job (MB)
	456588  -  ResidentSetSize of job (KB)
...
006 (016.504.000) 05/08 19:35:24 Image size of job updated: 2000000
	497  -  MemoryUsage of job (MB)
	508860  -  ResidentSetSize of job (KB)
...
006 (016.504.000) 05/08 19:35:29 Image size of job updated: 2000000
	548  -  MemoryUsage of job (MB)
	560340  -  ResidentSetSize of job (KB)
...
006 (016.504.000) 05/08 19:35:34 Image size of job updated: 2000000
	1245  -  MemoryUsage of job (MB)
	1274064  -  ResidentSetSize of job (KB)
...
006 (016.504.000) 05/08 19:53:10 Image size of job updated: 2000000
	1258  -  MemoryUsage of job (MB)
	1287528  -  ResidentSetSize of job (KB)
...
006 (016.504.000) 05/08 19:53:15 Image size of job updated: 2303312
	1638  -  MemoryUsage of job (MB)
	1676664  -  ResidentSetSize of job (KB)
...
006 (016.504.000) 05/08 19:53:20 Image size of job updated: 2453200
	1787  -  MemoryUsage of job (MB)
	1829652  -  ResidentSetSize of job (KB)
...
006 (016.504.000) 05/08 19:53:25 Image size of job updated: 2704112
	1966  -  MemoryUsage of job (MB)
	2012472  -  ResidentSetSize of job (KB)
...
006 (016.504.000) 05/08 19:53:30 Image size of job updated: 2704112
	2024  -  MemoryUsage of job (MB)
	2071608  -  ResidentSetSize of job (KB)
...
006 (016.504.000) 05/08 19:53:35 Image size of job updated: 2704112
	2094  -  MemoryUsage of job (MB)
	2143284  -  ResidentSetSize of job (KB)
...
006 (016.504.000) 05/08 19:53:40 Image size of job updated: 2823408
	2163  -  MemoryUsage of job (MB)
	2214168  -  ResidentSetSize of job (KB)
...
006 (016.504.000) 05/08 19:53:45 Image size of job updated: 2914544
	2238  -  MemoryUsage of job (MB)
	2291388  -  ResidentSetSize of job (KB)
...
006 (016.504.000) 05/08 19:53:50 Image size of job updated: 2999536
	2314  -  MemoryUsage of job (MB)
	2369400  -  ResidentSetSize of job (KB)
...
006 (016.504.000) 05/08 19:53:55 Image size of job updated: 2999536
	2385  -  MemoryUsage of job (MB)
	2441472  -  ResidentSetSize of job (KB)
...
006 (016.504.000) 05/08 19:54:00 Image size of job updated: 2999536
	2455  -  MemoryUsage of job (MB)
	2513808  -  ResidentSetSize of job (KB)
...
006 (016.504.000) 05/08 19:54:05 Image size of job updated: 3153136
	2525  -  MemoryUsage of job (MB)
	2585088  -  ResidentSetSize of job (KB)
...
006 (016.504.000) 05/08 19:54:10 Image size of job updated: 3286256
	2596  -  MemoryUsage of job (MB)
	2658216  -  ResidentSetSize of job (KB)
...
006 (016.504.000) 05/08 19:54:15 Image size of job updated: 3363056
	2666  -  MemoryUsage of job (MB)
	2729892  -  ResidentSetSize of job (KB)
...
006 (016.504.000) 05/08 19:54:20 Image size of job updated: 3366128
	2737  -  MemoryUsage of job (MB)
	2802624  -  ResidentSetSize of job (KB)
...
006 (016.504.000) 05/08 19:54:25 Image size of job updated: 3366128
	2807  -  MemoryUsage of job (MB)
	2874300  -  ResidentSetSize of job (KB)
...
006 (016.504.000) 05/08 19:54:30 Image size of job updated: 3366128
	2877  -  MemoryUsage of job (MB)
	2945712  -  ResidentSetSize of job (KB)
...
006 (016.504.000) 05/08 19:54:35 Image size of job updated: 3597552
	2948  -  MemoryUsage of job (MB)
	3018576  -  ResidentSetSize of job (KB)
...
006 (016.504.000) 05/08 19:54:40 Image size of job updated: 3597552
	3019  -  MemoryUsage of job (MB)
	3091176  -  ResidentSetSize of job (KB)
...
006 (016.504.000) 05/08 19:54:45 Image size of job updated: 3769584
	3090  -  MemoryUsage of job (MB)
	3163248  -  ResidentSetSize of job (KB)
...
006 (016.504.000) 05/08 19:54:50 Image size of job updated: 3819760
	3156  -  MemoryUsage of job (MB)
	3231360  -  ResidentSetSize of job (KB)
...
006 (016.504.000) 05/08 19:54:55 Image size of job updated: 3878128
	3226  -  MemoryUsage of job (MB)
	3303300  -  ResidentSetSize of job (KB)
...
006 (016.504.000) 05/08 19:55:00 Image size of job updated: 3878128
	3297  -  MemoryUsage of job (MB)
	3375240  -  ResidentSetSize of job (KB)
...
006 (016.504.000) 05/08 19:55:05 Image size of job updated: 4021488
	3366  -  MemoryUsage of job (MB)
	3446256  -  ResidentSetSize of job (KB)
...
006 (016.504.000) 05/08 19:55:10 Image size of job updated: 4021488
	3435  -  MemoryUsage of job (MB)
	3517008  -  ResidentSetSize of job (KB)
...
006 (016.504.000) 05/08 19:55:15 Image size of job updated: 4021488
	3505  -  MemoryUsage of job (MB)
	3588156  -  ResidentSetSize of job (KB)
...
006 (016.504.000) 05/08 19:55:20 Image size of job updated: 4236528
	3573  -  MemoryUsage of job (MB)
	3658644  -  ResidentSetSize of job (KB)
...
006 (016.504.000) 05/08 19:55:25 Image size of job updated: 4236528
	3643  -  MemoryUsage of job (MB)
	3730056  -  ResidentSetSize of job (KB)
...
006 (016.504.000) 05/08 19:55:30 Image size of job updated: 4236528
	3711  -  MemoryUsage of job (MB)
	3799620  -  ResidentSetSize of job (KB)
...
006 (016.504.000) 05/08 19:55:35 Image size of job updated: 4456688
	3781  -  MemoryUsage of job (MB)
	3870900  -  ResidentSetSize of job (KB)
...
006 (016.504.000) 05/08 19:55:40 Image size of job updated: 4456688
	3850  -  MemoryUsage of job (MB)
	3941652  -  ResidentSetSize of job (KB)
...
006 (016.504.000) 05/08 19:55:45 Image size of job updated: 4456688
	3917  -  MemoryUsage of job (MB)
	4010952  -  ResidentSetSize of job (KB)
...
006 (016.504.000) 05/08 19:55:50 Image size of job updated: 4661488
	3986  -  MemoryUsage of job (MB)
	4080780  -  ResidentSetSize of job (KB)
...
006 (016.504.000) 05/08 19:55:55 Image size of job updated: 4661488
	4056  -  MemoryUsage of job (MB)
	4152324  -  ResidentSetSize of job (KB)
...
006 (016.504.000) 05/08 19:56:00 Image size of job updated: 4661488
	4125  -  MemoryUsage of job (MB)
	4223208  -  ResidentSetSize of job (KB)
...
006 (016.504.000) 05/08 19:56:05 Image size of job updated: 4873456
	4195  -  MemoryUsage of job (MB)
	4294884  -  ResidentSetSize of job (KB)
...
006 (016.504.000) 05/08 19:56:10 Image size of job updated: 4873456
	4264  -  MemoryUsage of job (MB)
	4365900  -  ResidentSetSize of job (KB)
...
006 (016.504.000) 05/08 19:56:15 Image size of job updated: 4873456
	4333  -  MemoryUsage of job (MB)
	4436388  -  ResidentSetSize of job (KB)
...
006 (016.504.000) 05/08 19:56:20 Image size of job updated: 5085424
	4402  -  MemoryUsage of job (MB)
	4507008  -  ResidentSetSize of job (KB)
...
006 (016.504.000) 05/08 19:56:25 Image size of job updated: 5085424
	4470  -  MemoryUsage of job (MB)
	4576308  -  ResidentSetSize of job (KB)
...
006 (016.504.000) 05/08 19:56:30 Image size of job updated: 5085424
	4537  -  MemoryUsage of job (MB)
	4645608  -  ResidentSetSize of job (KB)
...
006 (016.504.000) 05/08 19:56:35 Image size of job updated: 5307632
	4605  -  MemoryUsage of job (MB)
	4715436  -  ResidentSetSize of job (KB)
...
006 (016.504.000) 05/08 19:56:40 Image size of job updated: 5416176
	4675  -  MemoryUsage of job (MB)
	4786980  -  ResidentSetSize of job (KB)
...
006 (016.504.000) 05/08 19:56:45 Image size of job updated: 5416176
	4744  -  MemoryUsage of job (MB)
	4857072  -  ResidentSetSize of job (KB)
...
006 (016.504.000) 05/08 19:56:50 Image size of job updated: 5516528
	4811  -  MemoryUsage of job (MB)
	4925976  -  ResidentSetSize of job (KB)
...
006 (016.504.000) 05/08 19:56:55 Image size of job updated: 5516528
	4879  -  MemoryUsage of job (MB)
	4995276  -  ResidentSetSize of job (KB)
...
006 (016.504.000) 05/08 19:57:00 Image size of job updated: 5516528
	4946  -  MemoryUsage of job (MB)
	5063784  -  ResidentSetSize of job (KB)
...
006 (016.504.000) 05/08 19:57:05 Image size of job updated: 5722352
	5011  -  MemoryUsage of job (MB)
	5131104  -  ResidentSetSize of job (KB)
...
006 (016.504.000) 05/08 19:57:10 Image size of job updated: 5722352
	5078  -  MemoryUsage of job (MB)
	5199348  -  ResidentSetSize of job (KB)
...
006 (016.504.000) 05/08 19:57:15 Image size of job updated: 5722352
	5144  -  MemoryUsage of job (MB)
	5266800  -  ResidentSetSize of job (KB)
...
006 (016.504.000) 05/08 19:57:20 Image size of job updated: 5925104
	5210  -  MemoryUsage of job (MB)
	5334120  -  ResidentSetSize of job (KB)
...
006 (016.504.000) 05/08 19:57:25 Image size of job updated: 5977328
	5276  -  MemoryUsage of job (MB)
	5402232  -  ResidentSetSize of job (KB)
...
006 (016.504.000) 05/08 19:57:31 Image size of job updated: 5977328
	5356  -  MemoryUsage of job (MB)
	5484072  -  ResidentSetSize of job (KB)
...
006 (016.504.000) 05/08 19:57:37 Image size of job updated: 6153456
	5435  -  MemoryUsage of job (MB)
	5564988  -  ResidentSetSize of job (KB)
...
006 (016.504.000) 05/08 19:57:43 Image size of job updated: 6153456
	5515  -  MemoryUsage of job (MB)
	5646828  -  ResidentSetSize of job (KB)
...
006 (016.504.000) 05/08 19:57:49 Image size of job updated: 6358256
	5595  -  MemoryUsage of job (MB)
	5728536  -  ResidentSetSize of job (KB)
...
006 (016.504.000) 05/08 19:57:55 Image size of job updated: 6358256
	5675  -  MemoryUsage of job (MB)
	5810244  -  ResidentSetSize of job (KB)
...
006 (016.504.000) 05/08 19:58:01 Image size of job updated: 6358256
	5754  -  MemoryUsage of job (MB)
	5891424  -  ResidentSetSize of job (KB)
...
006 (016.504.000) 05/08 19:58:07 Image size of job updated: 6574320
	5833  -  MemoryUsage of job (MB)
	5972868  -  ResidentSetSize of job (KB)
...
006 (016.504.000) 05/08 19:58:13 Image size of job updated: 6682864
	5915  -  MemoryUsage of job (MB)
	6056556  -  ResidentSetSize of job (KB)
...
006 (016.504.000) 05/08 19:58:19 Image size of job updated: 6682864
	5998  -  MemoryUsage of job (MB)
	6141432  -  ResidentSetSize of job (KB)
...
006 (016.504.000) 05/08 19:58:25 Image size of job updated: 6798576
	6080  -  MemoryUsage of job (MB)
	6225384  -  ResidentSetSize of job (KB)
...
006 (016.504.000) 05/08 19:58:31 Image size of job updated: 6798576
	6170  -  MemoryUsage of job (MB)
	6317388  -  ResidentSetSize of job (KB)
...
006 (016.504.000) 05/08 19:58:37 Image size of job updated: 7049456
	6257  -  MemoryUsage of job (MB)
	6406356  -  ResidentSetSize of job (KB)
...
006 (016.504.000) 05/08 19:58:43 Image size of job updated: 7049456
	6345  -  MemoryUsage of job (MB)
	6496776  -  ResidentSetSize of job (KB)
...
006 (016.504.000) 05/08 19:58:49 Image size of job updated: 7147760
	6432  -  MemoryUsage of job (MB)
	6585480  -  ResidentSetSize of job (KB)
...
006 (016.504.000) 05/08 19:58:55 Image size of job updated: 7267568
	6518  -  MemoryUsage of job (MB)
	6673524  -  ResidentSetSize of job (KB)
...
006 (016.504.000) 05/08 19:59:01 Image size of job updated: 7267568
	6604  -  MemoryUsage of job (MB)
	6761700  -  ResidentSetSize of job (KB)
...
006 (016.504.000) 05/08 19:59:07 Image size of job updated: 7487728
	6692  -  MemoryUsage of job (MB)
	6852384  -  ResidentSetSize of job (KB)
...
006 (016.504.000) 05/08 19:59:13 Image size of job updated: 7487728
	6779  -  MemoryUsage of job (MB)
	6941616  -  ResidentSetSize of job (KB)
...
006 (016.504.000) 05/08 19:59:19 Image size of job updated: 7643376
	6868  -  MemoryUsage of job (MB)
	7032300  -  ResidentSetSize of job (KB)
...
006 (016.504.000) 05/08 19:59:25 Image size of job updated: 7760112
	6954  -  MemoryUsage of job (MB)
	7120344  -  ResidentSetSize of job (KB)
...
006 (016.504.000) 05/08 19:59:31 Image size of job updated: 7835888
	7043  -  MemoryUsage of job (MB)
	7211556  -  ResidentSetSize of job (KB)
...
006 (016.504.000) 05/08 19:59:37 Image size of job updated: 7938288
	7131  -  MemoryUsage of job (MB)
	7301316  -  ResidentSetSize of job (KB)
...
006 (016.504.000) 05/08 19:59:43 Image size of job updated: 7938288
	7220  -  MemoryUsage of job (MB)
	7392924  -  ResidentSetSize of job (KB)
...
006 (016.504.000) 05/08 19:59:49 Image size of job updated: 8108272
	7309  -  MemoryUsage of job (MB)
	7483872  -  ResidentSetSize of job (KB)
...
006 (016.504.000) 05/08 19:59:55 Image size of job updated: 8179952
	7397  -  MemoryUsage of job (MB)
	7574028  -  ResidentSetSize of job (KB)
...
006 (016.504.000) 05/08 20:00:01 Image size of job updated: 8225008
	7485  -  MemoryUsage of job (MB)
	7664448  -  ResidentSetSize of job (KB)
...
006 (016.504.000) 05/08 20:00:07 Image size of job updated: 8225008
	7574  -  MemoryUsage of job (MB)
	7755132  -  ResidentSetSize of job (KB)
...
006 (016.504.000) 05/08 20:00:13 Image size of job updated: 8465648
	7665  -  MemoryUsage of job (MB)
	7848324  -  ResidentSetSize of job (KB)
...
006 (016.504.000) 05/08 20:00:19 Image size of job updated: 8555760
	7774  -  MemoryUsage of job (MB)
	7959732  -  ResidentSetSize of job (KB)
...
006 (016.504.000) 05/08 20:00:25 Image size of job updated: 8555760
	7889  -  MemoryUsage of job (MB)
	8078004  -  ResidentSetSize of job (KB)
...
006 (016.504.000) 05/08 20:00:31 Image size of job updated: 8785136
	8006  -  MemoryUsage of job (MB)
	8198124  -  ResidentSetSize of job (KB)
...
006 (016.504.000) 05/08 20:00:37 Image size of job updated: 8785136
	8123  -  MemoryUsage of job (MB)
	8317056  -  ResidentSetSize of job (KB)
...
006 (016.504.000) 05/08 20:00:43 Image size of job updated: 8785136
	8238  -  MemoryUsage of job (MB)
	8434800  -  ResidentSetSize of job (KB)
...
006 (016.504.000) 05/08 20:00:49 Image size of job updated: 9097456
	8496  -  MemoryUsage of job (MB)
	8699592  -  ResidentSetSize of job (KB)
...
005 (016.504.000) 05/08 20:00:54 Job terminated.
	(1) Normal termination (return value 0)
		Usr 0 00:26:36, Sys 0 00:00:09  -  Run Remote Usage
		Usr 0 00:00:00, Sys 0 00:00:00  -  Run Local Usage
		Usr 0 00:26:36, Sys 0 00:00:09  -  Total Remote Usage
		Usr 0 00:00:00, Sys 0 00:00:00  -  Total Local Usage
	0  -  Run Bytes Sent By Job
	0  -  Run Bytes Received By Job
	0  -  Total Bytes Sent By Job
	0  -  Total Bytes Received By Job
	Partitionable Resources :      Usage  Request Allocated 
	   Cpus                 :       1.00        1         1 
	   Disk (KB)            : 2000000     2000000   6275465 
	   Memory (MB)          :    8496        1954      2007 
...
