000 (023.189.000) 04/27 18:17:06 Job submitted from host: <127.0.0.1:9618?addrs=127.0.0.1-9618&noUDP&sock=222_da1d_4>
...
001 (023.189.000) 04/27 18:30:38 Job executing on host: <127.0.0.1:9618?addrs=127.0.0.1-9618&noUDP&sock=222_da1d_5>
...
006 (023.189.000) 04/27 18:30:44 Image size of job updated: 427020
	418  -  MemoryUsage of job (MB)
	427020  -  ResidentSetSize of job (KB)
...
006 (023.189.000) 04/27 18:30:50 Image size of job updated: 583704
	571  -  MemoryUsage of job (MB)
	583704  -  ResidentSetSize of job (KB)
...
006 (023.189.000) 04/27 18:31:02 Image size of job updated: 598636
	571  -  MemoryUsage of job (MB)
	583704  -  ResidentSetSize of job (KB)
...
005 (023.189.000) 04/27 18:33:18 Job terminated.
	(1) Normal termination (return value 0)
		Usr 0 00:02:36, Sys 0 00:00:00  -  Run Remote Usage
		Usr 0 00:00:00, Sys 0 00:00:00  -  Run Local Usage
		Usr 0 00:02:36, Sys 0 00:00:00  -  Total Remote Usage
		Usr 0 00:00:00, Sys 0 00:00:00  -  Total Local Usage
	0  -  Run Bytes Sent By Job
	0  -  Run Bytes Received By Job
	0  -  Total Bytes Sent By Job
	0  -  Total Bytes Received By Job
	Partitionable Resources :    Usage  Request Allocated 
	   Cpus                 :     1.00        1         1 
	   Disk (KB)            :     1           1   6540465 
	   Memory (MB)          :   571           1      2007 
...
