000 (005.4650.000) 05/05 20:23:35 Job submitted from host: <127.0.0.1:9618?addrs=127.0.0.1-9618&noUDP&sock=227_4816_4>
...
033 (005.4650.000) 05/06 14:16:48 Changing job attribute JobPrio from 0 to -10
...
001 (005.4650.000) 05/07 06:06:43 Job executing on host: <127.0.0.1:9618?addrs=127.0.0.1-9618&noUDP&sock=227_4816_5>
...
006 (005.4650.000) 05/07 06:06:48 Image size of job updated: 2000000
	101  -  MemoryUsage of job (MB)
	102960  -  ResidentSetSize of job (KB)
...
006 (005.4650.000) 05/07 06:07:13 Image size of job updated: 2000000
	145  -  MemoryUsage of job (MB)
	147576  -  ResidentSetSize of job (KB)
...
006 (005.4650.000) 05/07 06:07:18 Image size of job updated: 2000000
	184  -  MemoryUsage of job (MB)
	187968  -  ResidentSetSize of job (KB)
...
006 (005.4650.000) 05/07 06:07:23 Image size of job updated: 2000000
	184  -  MemoryUsage of job (MB)
	188232  -  ResidentSetSize of job (KB)
...
006 (005.4650.000) 05/07 06:07:28 Image size of job updated: 2000000
	189  -  MemoryUsage of job (MB)
	193380  -  ResidentSetSize of job (KB)
...
006 (005.4650.000) 05/07 06:07:33 Image size of job updated: 2000000
	199  -  MemoryUsage of job (MB)
	203544  -  ResidentSetSize of job (KB)
...
006 (005.4650.000) 05/07 06:07:38 Image size of job updated: 2000000
	209  -  MemoryUsage of job (MB)
	213576  -  ResidentSetSize of job (KB)
...
006 (005.4650.000) 05/07 06:07:43 Image size of job updated: 2000000
	217  -  MemoryUsage of job (MB)
	221232  -  ResidentSetSize of job (KB)
...
006 (005.4650.000) 05/07 06:07:48 Image size of job updated: 2000000
	235  -  MemoryUsage of job (MB)
	240108  -  ResidentSetSize of job (KB)
...
006 (005.4650.000) 05/07 06:07:58 Image size of job updated: 2000000
	241  -  MemoryUsage of job (MB)
	246180  -  ResidentSetSize of job (KB)
...
006 (005.4650.000) 05/07 06:08:03 Image size of job updated: 2000000
	275  -  MemoryUsage of job (MB)
	281028  -  ResidentSetSize of job (KB)
...
006 (005.4650.000) 05/07 06:08:08 Image size of job updated: 2000000
	310  -  MemoryUsage of job (MB)
	317064  -  ResidentSetSize of job (KB)
...
006 (005.4650.000) 05/07 06:08:13 Image size of job updated: 2000000
	329  -  MemoryUsage of job (MB)
	336204  -  ResidentSetSize of job (KB)
...
006 (005.4650.000) 05/07 06:08:18 Image size of job updated: 2000000
	405  -  MemoryUsage of job (MB)
	414084  -  ResidentSetSize of job (KB)
...
006 (005.4650.000) 05/07 06:08:23 Image size of job updated: 2000000
	464  -  MemoryUsage of job (MB)
	474672  -  ResidentSetSize of job (KB)
...
006 (005.4650.000) 05/07 06:08:28 Image size of job updated: 2000000
	1169  -  MemoryUsage of job (MB)
	1196184  -  ResidentSetSize of job (KB)
...
006 (005.4650.000) 05/07 06:22:07 Image size of job updated: 2000000
	1171  -  MemoryUsage of job (MB)
	1198164  -  ResidentSetSize of job (KB)
...
006 (005.4650.000) 05/07 06:22:13 Image size of job updated: 2000000
	1237  -  MemoryUsage of job (MB)
	1266144  -  ResidentSetSize of job (KB)
...
006 (005.4650.000) 05/07 06:22:19 Image size of job updated: 2000000
	1612  -  MemoryUsage of job (MB)
	1650132  -  ResidentSetSize of job (KB)
...
006 (005.4650.000) 05/07 06:22:25 Image size of job updated: 2000000
	1695  -  MemoryUsage of job (MB)
	1735140  -  ResidentSetSize of job (KB)
...
006 (005.4650.000) 05/07 06:22:31 Image size of job updated: 2603752
	1911  -  MemoryUsage of job (MB)
	1956108  -  ResidentSetSize of job (KB)
...
006 (005.4650.000) 05/07 06:22:37 Image size of job updated: 2603752
	1958  -  MemoryUsage of job (MB)
	2004552  -  ResidentSetSize of job (KB)
...
006 (005.4650.000) 05/07 06:22:43 Image size of job updated: 2662376
	1991  -  MemoryUsage of job (MB)
	2038080  -  ResidentSetSize of job (KB)
...
006 (005.4650.000) 05/07 06:22:49 Image size of job updated: 2693096
	2017  -  MemoryUsage of job (MB)
	2064744  -  ResidentSetSize of job (KB)
...
006 (005.4650.000) 05/07 06:22:55 Image size of job updated: 2693096
	2046  -  MemoryUsage of job (MB)
	2094840  -  ResidentSetSize of job (KB)
...
006 (005.4650.000) 05/07 06:23:01 Image size of job updated: 2741224
	2075  -  MemoryUsage of job (MB)
	2124540  -  ResidentSetSize of job (KB)
...
006 (005.4650.000) 05/07 06:23:07 Image size of job updated: 2769896
	2102  -  MemoryUsage of job (MB)
	2152128  -  ResidentSetSize of job (KB)
...
006 (005.4650.000) 05/07 06:23:13 Image size of job updated: 2801640
	2127  -  MemoryUsage of job (MB)
	2177736  -  ResidentSetSize of job (KB)
...
006 (005.4650.000) 05/07 06:23:19 Image size of job updated: 2814952
	2149  -  MemoryUsage of job (MB)
	2200044  -  ResidentSetSize of job (KB)
...
006 (005.4650.000) 05/07 06:23:25 Image size of job updated: 2835432
	2173  -  MemoryUsage of job (MB)
	2224596  -  ResidentSetSize of job (KB)
...
006 (005.4650.000) 05/07 06:23:31 Image size of job updated: 2861032
	2198  -  MemoryUsage of job (MB)
	2249808  -  ResidentSetSize of job (KB)
...
006 (005.4650.000) 05/07 06:23:37 Image size of job updated: 2861032
	2220  -  MemoryUsage of job (MB)
	2272512  -  ResidentSetSize of job (KB)
...
006 (005.4650.000) 05/07 06:23:43 Image size of job updated: 2920424
	2243  -  MemoryUsage of job (MB)
	2296536  -  ResidentSetSize of job (KB)
...
006 (005.4650.000) 05/07 06:23:49 Image size of job updated: 2945000
	2267  -  MemoryUsage of job (MB)
	2321088  -  ResidentSetSize of job (KB)
...
006 (005.4650.000) 05/07 06:23:55 Image size of job updated: 2958312
	2291  -  MemoryUsage of job (MB)
	2344980  -  ResidentSetSize of job (KB)
...
006 (005.4650.000) 05/07 06:24:01 Image size of job updated: 2990056
	2317  -  MemoryUsage of job (MB)
	2371644  -  ResidentSetSize of job (KB)
...
006 (005.4650.000) 05/07 06:24:07 Image size of job updated: 3013608
	2346  -  MemoryUsage of job (MB)
	2402004  -  ResidentSetSize of job (KB)
...
006 (005.4650.000) 05/07 06:24:13 Image size of job updated: 3033064
	2373  -  MemoryUsage of job (MB)
	2428932  -  ResidentSetSize of job (KB)
...
006 (005.4650.000) 05/07 06:24:19 Image size of job updated: 3059688
	2399  -  MemoryUsage of job (MB)
	2455992  -  ResidentSetSize of job (KB)
...
006 (005.4650.000) 05/07 06:24:25 Image size of job updated: 3059688
	2423  -  MemoryUsage of job (MB)
	2480676  -  ResidentSetSize of job (KB)
...
006 (005.4650.000) 05/07 06:24:31 Image size of job updated: 3125224
	2449  -  MemoryUsage of job (MB)
	2507208  -  ResidentSetSize of job (KB)
...
006 (005.4650.000) 05/07 06:24:37 Image size of job updated: 3125224
	2477  -  MemoryUsage of job (MB)
	2535456  -  ResidentSetSize of job (KB)
...
006 (005.4650.000) 05/07 06:24:43 Image size of job updated: 3125224
	2500  -  MemoryUsage of job (MB)
	2559348  -  ResidentSetSize of job (KB)
...
006 (005.4650.000) 05/07 06:24:49 Image size of job updated: 3191784
	2526  -  MemoryUsage of job (MB)
	2586144  -  ResidentSetSize of job (KB)
...
006 (005.4650.000) 05/07 06:24:55 Image size of job updated: 3231720
	2551  -  MemoryUsage of job (MB)
	2611356  -  ResidentSetSize of job (KB)
...
006 (005.4650.000) 05/07 06:25:01 Image size of job updated: 3263464
	2577  -  MemoryUsage of job (MB)
	2638680  -  ResidentSetSize of job (KB)
...
006 (005.4650.000) 05/07 06:25:07 Image size of job updated: 3263464
	2599  -  MemoryUsage of job (MB)
	2660460  -  ResidentSetSize of job (KB)
...
006 (005.4650.000) 05/07 06:25:13 Image size of job updated: 3263464
	2627  -  MemoryUsage of job (MB)
	2689104  -  ResidentSetSize of job (KB)
...
006 (005.4650.000) 05/07 06:25:19 Image size of job updated: 3318760
	2650  -  MemoryUsage of job (MB)
	2713392  -  ResidentSetSize of job (KB)
...
006 (005.4650.000) 05/07 06:25:25 Image size of job updated: 3353576
	2677  -  MemoryUsage of job (MB)
	2741112  -  ResidentSetSize of job (KB)
...
006 (005.4650.000) 05/07 06:25:31 Image size of job updated: 3397608
	2708  -  MemoryUsage of job (MB)
	2772528  -  ResidentSetSize of job (KB)
...
006 (005.4650.000) 05/07 06:25:37 Image size of job updated: 3397608
	2738  -  MemoryUsage of job (MB)
	2803284  -  ResidentSetSize of job (KB)
...
006 (005.4650.000) 05/07 06:25:43 Image size of job updated: 3454952
	2766  -  MemoryUsage of job (MB)
	2831928  -  ResidentSetSize of job (KB)
...
006 (005.4650.000) 05/07 06:25:49 Image size of job updated: 3476456
	2791  -  MemoryUsage of job (MB)
	2857536  -  ResidentSetSize of job (KB)
...
006 (005.4650.000) 05/07 06:25:55 Image size of job updated: 3476456
	2816  -  MemoryUsage of job (MB)
	2882748  -  ResidentSetSize of job (KB)
...
006 (005.4650.000) 05/07 06:26:01 Image size of job updated: 3476456
	2841  -  MemoryUsage of job (MB)
	2909016  -  ResidentSetSize of job (KB)
...
006 (005.4650.000) 05/07 06:26:07 Image size of job updated: 3547112
	2870  -  MemoryUsage of job (MB)
	2938452  -  ResidentSetSize of job (KB)
...
006 (005.4650.000) 05/07 06:26:13 Image size of job updated: 3586024
	2893  -  MemoryUsage of job (MB)
	2962344  -  ResidentSetSize of job (KB)
...
006 (005.4650.000) 05/07 06:26:19 Image size of job updated: 3613672
	2918  -  MemoryUsage of job (MB)
	2987556  -  ResidentSetSize of job (KB)
...
006 (005.4650.000) 05/07 06:26:25 Image size of job updated: 3613672
	2945  -  MemoryUsage of job (MB)
	3015012  -  ResidentSetSize of job (KB)
...
006 (005.4650.000) 05/07 06:26:31 Image size of job updated: 3650536
	2968  -  MemoryUsage of job (MB)
	3039168  -  ResidentSetSize of job (KB)
...
006 (005.4650.000) 05/07 06:26:37 Image size of job updated: 3682280
	2994  -  MemoryUsage of job (MB)
	3065040  -  ResidentSetSize of job (KB)
...
006 (005.4650.000) 05/07 06:26:43 Image size of job updated: 3702760
	3028  -  MemoryUsage of job (MB)
	3100416  -  ResidentSetSize of job (KB)
...
006 (005.4650.000) 05/07 06:26:49 Image size of job updated: 3736552
	3063  -  MemoryUsage of job (MB)
	3135528  -  ResidentSetSize of job (KB)
...
006 (005.4650.000) 05/07 06:26:55 Image size of job updated: 3770344
	3099  -  MemoryUsage of job (MB)
	3172620  -  ResidentSetSize of job (KB)
...
006 (005.4650.000) 05/07 06:27:01 Image size of job updated: 3770344
	3134  -  MemoryUsage of job (MB)
	3208788  -  ResidentSetSize of job (KB)
...
006 (005.4650.000) 05/07 06:27:07 Image size of job updated: 3862504
	3167  -  MemoryUsage of job (MB)
	3242580  -  ResidentSetSize of job (KB)
...
006 (005.4650.000) 05/07 06:27:13 Image size of job updated: 3862504
	3194  -  MemoryUsage of job (MB)
	3270432  -  ResidentSetSize of job (KB)
...
006 (005.4650.000) 05/07 06:27:19 Image size of job updated: 3862504
	3224  -  MemoryUsage of job (MB)
	3300396  -  ResidentSetSize of job (KB)
...
006 (005.4650.000) 05/07 06:27:25 Image size of job updated: 3933160
	3250  -  MemoryUsage of job (MB)
	3327852  -  ResidentSetSize of job (KB)
...
006 (005.4650.000) 05/07 06:27:31 Image size of job updated: 3933160
	3278  -  MemoryUsage of job (MB)
	3355968  -  ResidentSetSize of job (KB)
...
006 (005.4650.000) 05/07 06:27:37 Image size of job updated: 4007912
	3305  -  MemoryUsage of job (MB)
	3383424  -  ResidentSetSize of job (KB)
...
006 (005.4650.000) 05/07 06:27:43 Image size of job updated: 4012008
	3329  -  MemoryUsage of job (MB)
	3407976  -  ResidentSetSize of job (KB)
...
006 (005.4650.000) 05/07 06:27:49 Image size of job updated: 4012008
	3355  -  MemoryUsage of job (MB)
	3434772  -  ResidentSetSize of job (KB)
...
006 (005.4650.000) 05/07 06:27:55 Image size of job updated: 4092904
	3381  -  MemoryUsage of job (MB)
	3461700  -  ResidentSetSize of job (KB)
...
006 (005.4650.000) 05/07 06:28:02 Image size of job updated: 4107240
	3409  -  MemoryUsage of job (MB)
	3490344  -  ResidentSetSize of job (KB)
...
006 (005.4650.000) 05/07 06:28:07 Image size of job updated: 4107240
	3433  -  MemoryUsage of job (MB)
	3515160  -  ResidentSetSize of job (KB)
...
006 (005.4650.000) 05/07 06:28:12 Image size of job updated: 4149224
	3458  -  MemoryUsage of job (MB)
	3540504  -  ResidentSetSize of job (KB)
...
006 (005.4650.000) 05/07 06:28:17 Image size of job updated: 4149224
	3483  -  MemoryUsage of job (MB)
	3565584  -  ResidentSetSize of job (KB)
...
006 (005.4650.000) 05/07 06:28:22 Image size of job updated: 4149224
	3506  -  MemoryUsage of job (MB)
	3589212  -  ResidentSetSize of job (KB)
...
006 (005.4650.000) 05/07 06:28:27 Image size of job updated: 4223976
	3527  -  MemoryUsage of job (MB)
	3610992  -  ResidentSetSize of job (KB)
...
006 (005.4650.000) 05/07 06:28:32 Image size of job updated: 4223976
	3550  -  MemoryUsage of job (MB)
	3635148  -  ResidentSetSize of job (KB)
...
006 (005.4650.000) 05/07 06:28:37 Image size of job updated: 4223976
	3573  -  MemoryUsage of job (MB)
	3658380  -  ResidentSetSize of job (KB)
...
006 (005.4650.000) 05/07 06:28:42 Image size of job updated: 4292584
	3593  -  MemoryUsage of job (MB)
	3678708  -  ResidentSetSize of job (KB)
...
006 (005.4650.000) 05/07 06:28:47 Image size of job updated: 4292584
	3615  -  MemoryUsage of job (MB)
	3701412  -  ResidentSetSize of job (KB)
...
006 (005.4650.000) 05/07 06:28:52 Image size of job updated: 4292584
	3640  -  MemoryUsage of job (MB)
	3726756  -  ResidentSetSize of job (KB)
...
006 (005.4650.000) 05/07 06:28:57 Image size of job updated: 4366312
	3659  -  MemoryUsage of job (MB)
	3746028  -  ResidentSetSize of job (KB)
...
006 (005.4650.000) 05/07 06:29:02 Image size of job updated: 4381672
	3679  -  MemoryUsage of job (MB)
	3767280  -  ResidentSetSize of job (KB)
...
006 (005.4650.000) 05/07 06:29:07 Image size of job updated: 4422632
	3701  -  MemoryUsage of job (MB)
	3789456  -  ResidentSetSize of job (KB)
...
006 (005.4650.000) 05/07 06:29:12 Image size of job updated: 4430824
	3723  -  MemoryUsage of job (MB)
	3811896  -  ResidentSetSize of job (KB)
...
006 (005.4650.000) 05/07 06:29:17 Image size of job updated: 4449256
	3746  -  MemoryUsage of job (MB)
	3835260  -  ResidentSetSize of job (KB)
...
006 (005.4650.000) 05/07 06:29:22 Image size of job updated: 4449256
	3767  -  MemoryUsage of job (MB)
	3856644  -  ResidentSetSize of job (KB)
...
006 (005.4650.000) 05/07 06:29:27 Image size of job updated: 4496360
	3789  -  MemoryUsage of job (MB)
	3879744  -  ResidentSetSize of job (KB)
...
006 (005.4650.000) 05/07 06:29:32 Image size of job updated: 4496360
	3811  -  MemoryUsage of job (MB)
	3901788  -  ResidentSetSize of job (KB)
...
006 (005.4650.000) 05/07 06:29:37 Image size of job updated: 4496360
	3829  -  MemoryUsage of job (MB)
	3920532  -  ResidentSetSize of job (KB)
...
006 (005.4650.000) 05/07 06:29:42 Image size of job updated: 4574184
	3851  -  MemoryUsage of job (MB)
	3942708  -  ResidentSetSize of job (KB)
...
006 (005.4650.000) 05/07 06:29:47 Image size of job updated: 4574184
	3870  -  MemoryUsage of job (MB)
	3962244  -  ResidentSetSize of job (KB)
...
006 (005.4650.000) 05/07 06:29:52 Image size of job updated: 4574184
	3892  -  MemoryUsage of job (MB)
	3985080  -  ResidentSetSize of job (KB)
...
006 (005.4650.000) 05/07 06:29:57 Image size of job updated: 4624360
	3913  -  MemoryUsage of job (MB)
	4006200  -  ResidentSetSize of job (KB)
...
006 (005.4650.000) 05/07 06:30:02 Image size of job updated: 4624360
	3935  -  MemoryUsage of job (MB)
	4029300  -  ResidentSetSize of job (KB)
...
006 (005.4650.000) 05/07 06:30:07 Image size of job updated: 4624360
	3958  -  MemoryUsage of job (MB)
	4052268  -  ResidentSetSize of job (KB)
...
006 (005.4650.000) 05/07 06:30:12 Image size of job updated: 4692968
	3978  -  MemoryUsage of job (MB)
	4073388  -  ResidentSetSize of job (KB)
...
006 (005.4650.000) 05/07 06:30:17 Image size of job updated: 4692968
	3998  -  MemoryUsage of job (MB)
	4093848  -  ResidentSetSize of job (KB)
...
006 (005.4650.000) 05/07 06:30:22 Image size of job updated: 4692968
	4021  -  MemoryUsage of job (MB)
	4116552  -  ResidentSetSize of job (KB)
...
006 (005.4650.000) 05/07 06:30:27 Image size of job updated: 4761576
	4045  -  MemoryUsage of job (MB)
	4141632  -  ResidentSetSize of job (KB)
...
006 (005.4650.000) 05/07 06:30:32 Image size of job updated: 4761576
	4209  -  MemoryUsage of job (MB)
	4309668  -  ResidentSetSize of job (KB)
...
006 (005.4650.000) 05/07 06:30:37 Image size of job updated: 4761576
	4266  -  MemoryUsage of job (MB)
	4367880  -  ResidentSetSize of job (KB)
...
006 (005.4650.000) 05/07 06:30:39 Image size of job updated: 4867816
	4266  -  MemoryUsage of job (MB)
	4367880  -  ResidentSetSize of job (KB)
...
005 (005.4650.000) 05/07 06:30:39 Job terminated.
	(1) Normal termination (return value 0)
		Usr 0 00:23:28, Sys 0 00:00:04  -  Run Remote Usage
		Usr 0 00:00:00, Sys 0 00:00:00  -  Run Local Usage
		Usr 0 00:23:28, Sys 0 00:00:04  -  Total Remote Usage
		Usr 0 00:00:00, Sys 0 00:00:00  -  Total Local Usage
	0  -  Run Bytes Sent By Job
	0  -  Run Bytes Received By Job
	0  -  Total Bytes Sent By Job
	0  -  Total Bytes Received By Job
	Partitionable Resources :      Usage  Request Allocated 
	   Cpus                 :       1.00        1         1 
	   Disk (KB)            : 2000000     2000000   6275465 
	   Memory (MB)          :    4266        1954      2007 
...
