000 (005.1394.000) 05/05 20:22:08 Job submitted from host: <127.0.0.1:9618?addrs=127.0.0.1-9618&noUDP&sock=227_4816_4>
...
001 (005.1394.000) 05/06 05:17:29 Job executing on host: <127.0.0.1:9618?addrs=127.0.0.1-9618&noUDP&sock=227_4816_5>
...
006 (005.1394.000) 05/06 05:17:35 Image size of job updated: 2000000
	101  -  MemoryUsage of job (MB)
	103092  -  ResidentSetSize of job (KB)
...
006 (005.1394.000) 05/06 05:18:05 Image size of job updated: 2000000
	177  -  MemoryUsage of job (MB)
	180444  -  ResidentSetSize of job (KB)
...
006 (005.1394.000) 05/06 05:18:11 Image size of job updated: 2000000
	184  -  MemoryUsage of job (MB)
	188100  -  ResidentSetSize of job (KB)
...
006 (005.1394.000) 05/06 05:18:18 Image size of job updated: 2000000
	187  -  MemoryUsage of job (MB)
	191136  -  ResidentSetSize of job (KB)
...
006 (005.1394.000) 05/06 05:18:23 Image size of job updated: 2000000
	197  -  MemoryUsage of job (MB)
	201168  -  ResidentSetSize of job (KB)
...
006 (005.1394.000) 05/06 05:18:28 Image size of job updated: 2000000
	207  -  MemoryUsage of job (MB)
	211332  -  ResidentSetSize of job (KB)
...
006 (005.1394.000) 05/06 05:18:33 Image size of job updated: 2000000
	214  -  MemoryUsage of job (MB)
	218988  -  ResidentSetSize of job (KB)
...
006 (005.1394.000) 05/06 05:18:38 Image size of job updated: 2000000
	224  -  MemoryUsage of job (MB)
	229020  -  ResidentSetSize of job (KB)
...
006 (005.1394.000) 05/06 05:18:43 Image size of job updated: 2000000
	233  -  MemoryUsage of job (MB)
	238392  -  ResidentSetSize of job (KB)
...
006 (005.1394.000) 05/06 05:18:48 Image size of job updated: 2000000
	240  -  MemoryUsage of job (MB)
	245124  -  ResidentSetSize of job (KB)
...
006 (005.1394.000) 05/06 05:18:53 Image size of job updated: 2000000
	264  -  MemoryUsage of job (MB)
	269412  -  ResidentSetSize of job (KB)
...
006 (005.1394.000) 05/06 05:18:58 Image size of job updated: 2000000
	298  -  MemoryUsage of job (MB)
	304920  -  ResidentSetSize of job (KB)
...
006 (005.1394.000) 05/06 05:19:03 Image size of job updated: 2000000
	329  -  MemoryUsage of job (MB)
	336204  -  ResidentSetSize of job (KB)
...
006 (005.1394.000) 05/06 05:19:08 Image size of job updated: 2000000
	342  -  MemoryUsage of job (MB)
	349536  -  ResidentSetSize of job (KB)
...
006 (005.1394.000) 05/06 05:19:13 Image size of job updated: 2000000
	406  -  MemoryUsage of job (MB)
	415404  -  ResidentSetSize of job (KB)
...
006 (005.1394.000) 05/06 05:19:18 Image size of job updated: 2000000
	455  -  MemoryUsage of job (MB)
	465432  -  ResidentSetSize of job (KB)
...
006 (005.1394.000) 05/06 05:19:23 Image size of job updated: 2000000
	1171  -  MemoryUsage of job (MB)
	1198428  -  ResidentSetSize of job (KB)
...
006 (005.1394.000) 05/06 05:33:49 Image size of job updated: 2000000
	1171  -  MemoryUsage of job (MB)
	1198692  -  ResidentSetSize of job (KB)
...
006 (005.1394.000) 05/06 05:33:54 Image size of job updated: 2000000
	1173  -  MemoryUsage of job (MB)
	1200408  -  ResidentSetSize of job (KB)
...
006 (005.1394.000) 05/06 05:33:59 Image size of job updated: 2000000
	1242  -  MemoryUsage of job (MB)
	1271688  -  ResidentSetSize of job (KB)
...
006 (005.1394.000) 05/06 05:34:04 Image size of job updated: 2201480
	1554  -  MemoryUsage of job (MB)
	1590468  -  ResidentSetSize of job (KB)
...
006 (005.1394.000) 05/06 05:34:09 Image size of job updated: 2201480
	1675  -  MemoryUsage of job (MB)
	1714548  -  ResidentSetSize of job (KB)
...
006 (005.1394.000) 05/06 05:34:14 Image size of job updated: 2201480
	1898  -  MemoryUsage of job (MB)
	1942908  -  ResidentSetSize of job (KB)
...
006 (005.1394.000) 05/06 05:34:19 Image size of job updated: 2595296
	1933  -  MemoryUsage of job (MB)
	1978680  -  ResidentSetSize of job (KB)
...
006 (005.1394.000) 05/06 05:34:24 Image size of job updated: 2595296
	1966  -  MemoryUsage of job (MB)
	2013000  -  ResidentSetSize of job (KB)
...
006 (005.1394.000) 05/06 05:34:29 Image size of job updated: 2595296
	1991  -  MemoryUsage of job (MB)
	2038212  -  ResidentSetSize of job (KB)
...
006 (005.1394.000) 05/06 05:34:34 Image size of job updated: 2683360
	2012  -  MemoryUsage of job (MB)
	2060124  -  ResidentSetSize of job (KB)
...
006 (005.1394.000) 05/06 05:34:39 Image size of job updated: 2697696
	2033  -  MemoryUsage of job (MB)
	2081376  -  ResidentSetSize of job (KB)
...
006 (005.1394.000) 05/06 05:34:44 Image size of job updated: 2716128
	2056  -  MemoryUsage of job (MB)
	2104740  -  ResidentSetSize of job (KB)
...
006 (005.1394.000) 05/06 05:34:49 Image size of job updated: 2752992
	2078  -  MemoryUsage of job (MB)
	2127180  -  ResidentSetSize of job (KB)
...
006 (005.1394.000) 05/06 05:34:54 Image size of job updated: 2752992
	2098  -  MemoryUsage of job (MB)
	2147640  -  ResidentSetSize of job (KB)
...
006 (005.1394.000) 05/06 05:34:59 Image size of job updated: 2752992
	2117  -  MemoryUsage of job (MB)
	2167572  -  ResidentSetSize of job (KB)
...
006 (005.1394.000) 05/06 05:35:04 Image size of job updated: 2813408
	2138  -  MemoryUsage of job (MB)
	2188692  -  ResidentSetSize of job (KB)
...
006 (005.1394.000) 05/06 05:35:09 Image size of job updated: 2813408
	2159  -  MemoryUsage of job (MB)
	2210076  -  ResidentSetSize of job (KB)
...
006 (005.1394.000) 05/06 05:35:14 Image size of job updated: 2844128
	2181  -  MemoryUsage of job (MB)
	2233044  -  ResidentSetSize of job (KB)
...
006 (005.1394.000) 05/06 05:35:19 Image size of job updated: 2879968
	2199  -  MemoryUsage of job (MB)
	2250996  -  ResidentSetSize of job (KB)
...
006 (005.1394.000) 05/06 05:35:24 Image size of job updated: 2879968
	2218  -  MemoryUsage of job (MB)
	2271192  -  ResidentSetSize of job (KB)
...
006 (005.1394.000) 05/06 05:35:29 Image size of job updated: 2879968
	2238  -  MemoryUsage of job (MB)
	2291388  -  ResidentSetSize of job (KB)
...
006 (005.1394.000) 05/06 05:35:34 Image size of job updated: 2937312
	2255  -  MemoryUsage of job (MB)
	2308152  -  ResidentSetSize of job (KB)
...
006 (005.1394.000) 05/06 05:35:39 Image size of job updated: 2937312
	2273  -  MemoryUsage of job (MB)
	2326632  -  ResidentSetSize of job (KB)
...
006 (005.1394.000) 05/06 05:35:44 Image size of job updated: 2937312
	2292  -  MemoryUsage of job (MB)
	2346036  -  ResidentSetSize of job (KB)
...
006 (005.1394.000) 05/06 05:35:49 Image size of job updated: 2991584
	2309  -  MemoryUsage of job (MB)
	2363856  -  ResidentSetSize of job (KB)
...
006 (005.1394.000) 05/06 05:35:54 Image size of job updated: 2991584
	2326  -  MemoryUsage of job (MB)
	2381544  -  ResidentSetSize of job (KB)
...
006 (005.1394.000) 05/06 05:35:59 Image size of job updated: 2991584
	2343  -  MemoryUsage of job (MB)
	2399232  -  ResidentSetSize of job (KB)
...
006 (005.1394.000) 05/06 05:36:04 Image size of job updated: 3047904
	2363  -  MemoryUsage of job (MB)
	2419296  -  ResidentSetSize of job (KB)
...
006 (005.1394.000) 05/06 05:36:09 Image size of job updated: 3047904
	2380  -  MemoryUsage of job (MB)
	2436192  -  ResidentSetSize of job (KB)
...
006 (005.1394.000) 05/06 05:36:15 Image size of job updated: 3047904
	2399  -  MemoryUsage of job (MB)
	2456520  -  ResidentSetSize of job (KB)
...
006 (005.1394.000) 05/06 05:36:21 Image size of job updated: 3103200
	2422  -  MemoryUsage of job (MB)
	2479356  -  ResidentSetSize of job (KB)
...
006 (005.1394.000) 05/06 05:36:27 Image size of job updated: 3103200
	2444  -  MemoryUsage of job (MB)
	2501928  -  ResidentSetSize of job (KB)
...
006 (005.1394.000) 05/06 05:36:33 Image size of job updated: 3103200
	2465  -  MemoryUsage of job (MB)
	2523444  -  ResidentSetSize of job (KB)
...
006 (005.1394.000) 05/06 05:36:39 Image size of job updated: 3158496
	2486  -  MemoryUsage of job (MB)
	2544696  -  ResidentSetSize of job (KB)
...
006 (005.1394.000) 05/06 05:36:45 Image size of job updated: 3158496
	2506  -  MemoryUsage of job (MB)
	2566080  -  ResidentSetSize of job (KB)
...
006 (005.1394.000) 05/06 05:36:51 Image size of job updated: 3212768
	2528  -  MemoryUsage of job (MB)
	2588124  -  ResidentSetSize of job (KB)
...
006 (005.1394.000) 05/06 05:36:57 Image size of job updated: 3212768
	2550  -  MemoryUsage of job (MB)
	2610432  -  ResidentSetSize of job (KB)
...
006 (005.1394.000) 05/06 05:37:03 Image size of job updated: 3212768
	2569  -  MemoryUsage of job (MB)
	2629968  -  ResidentSetSize of job (KB)
...
006 (005.1394.000) 05/06 05:37:09 Image size of job updated: 3263968
	2591  -  MemoryUsage of job (MB)
	2652276  -  ResidentSetSize of job (KB)
...
006 (005.1394.000) 05/06 05:37:15 Image size of job updated: 3263968
	2611  -  MemoryUsage of job (MB)
	2673000  -  ResidentSetSize of job (KB)
...
006 (005.1394.000) 05/06 05:37:21 Image size of job updated: 3318240
	2633  -  MemoryUsage of job (MB)
	2695176  -  ResidentSetSize of job (KB)
...
006 (005.1394.000) 05/06 05:37:27 Image size of job updated: 3318240
	2655  -  MemoryUsage of job (MB)
	2718012  -  ResidentSetSize of job (KB)
...
006 (005.1394.000) 05/06 05:37:33 Image size of job updated: 3318240
	2675  -  MemoryUsage of job (MB)
	2738736  -  ResidentSetSize of job (KB)
...
006 (005.1394.000) 05/06 05:37:39 Image size of job updated: 3372512
	2694  -  MemoryUsage of job (MB)
	2758536  -  ResidentSetSize of job (KB)
...
006 (005.1394.000) 05/06 05:37:45 Image size of job updated: 3372512
	2716  -  MemoryUsage of job (MB)
	2780448  -  ResidentSetSize of job (KB)
...
006 (005.1394.000) 05/06 05:37:51 Image size of job updated: 3424736
	2738  -  MemoryUsage of job (MB)
	2803416  -  ResidentSetSize of job (KB)
...
006 (005.1394.000) 05/06 05:37:57 Image size of job updated: 3424736
	2759  -  MemoryUsage of job (MB)
	2824800  -  ResidentSetSize of job (KB)
...
006 (005.1394.000) 05/06 05:38:03 Image size of job updated: 3424736
	2779  -  MemoryUsage of job (MB)
	2845128  -  ResidentSetSize of job (KB)
...
006 (005.1394.000) 05/06 05:38:09 Image size of job updated: 3485152
	2800  -  MemoryUsage of job (MB)
	2866644  -  ResidentSetSize of job (KB)
...
006 (005.1394.000) 05/06 05:38:15 Image size of job updated: 3485152
	2820  -  MemoryUsage of job (MB)
	2887368  -  ResidentSetSize of job (KB)
...
006 (005.1394.000) 05/06 05:38:21 Image size of job updated: 3515872
	2841  -  MemoryUsage of job (MB)
	2908752  -  ResidentSetSize of job (KB)
...
006 (005.1394.000) 05/06 05:38:27 Image size of job updated: 3542496
	2862  -  MemoryUsage of job (MB)
	2930136  -  ResidentSetSize of job (KB)
...
006 (005.1394.000) 05/06 05:38:33 Image size of job updated: 3542496
	2881  -  MemoryUsage of job (MB)
	2949540  -  ResidentSetSize of job (KB)
...
006 (005.1394.000) 05/06 05:38:39 Image size of job updated: 3593696
	2902  -  MemoryUsage of job (MB)
	2970660  -  ResidentSetSize of job (KB)
...
006 (005.1394.000) 05/06 05:38:45 Image size of job updated: 3593696
	2921  -  MemoryUsage of job (MB)
	2990460  -  ResidentSetSize of job (KB)
...
006 (005.1394.000) 05/06 05:38:51 Image size of job updated: 3619296
	2942  -  MemoryUsage of job (MB)
	3011844  -  ResidentSetSize of job (KB)
...
006 (005.1394.000) 05/06 05:38:57 Image size of job updated: 3652064
	2965  -  MemoryUsage of job (MB)
	3035472  -  ResidentSetSize of job (KB)
...
006 (005.1394.000) 05/06 05:39:03 Image size of job updated: 3652064
	2984  -  MemoryUsage of job (MB)
	3055272  -  ResidentSetSize of job (KB)
...
006 (005.1394.000) 05/06 05:39:09 Image size of job updated: 3702240
	3005  -  MemoryUsage of job (MB)
	3076656  -  ResidentSetSize of job (KB)
...
006 (005.1394.000) 05/06 05:39:15 Image size of job updated: 3702240
	3026  -  MemoryUsage of job (MB)
	3097908  -  ResidentSetSize of job (KB)
...
006 (005.1394.000) 05/06 05:39:21 Image size of job updated: 3726816
	3047  -  MemoryUsage of job (MB)
	3119292  -  ResidentSetSize of job (KB)
...
006 (005.1394.000) 05/06 05:39:27 Image size of job updated: 3755488
	3068  -  MemoryUsage of job (MB)
	3141600  -  ResidentSetSize of job (KB)
...
006 (005.1394.000) 05/06 05:39:33 Image size of job updated: 3755488
	3091  -  MemoryUsage of job (MB)
	3164304  -  ResidentSetSize of job (KB)
...
006 (005.1394.000) 05/06 05:39:39 Image size of job updated: 3811808
	3112  -  MemoryUsage of job (MB)
	3185688  -  ResidentSetSize of job (KB)
...
006 (005.1394.000) 05/06 05:39:45 Image size of job updated: 3827168
	3132  -  MemoryUsage of job (MB)
	3206148  -  ResidentSetSize of job (KB)
...
006 (005.1394.000) 05/06 05:39:51 Image size of job updated: 3842528
	3154  -  MemoryUsage of job (MB)
	3229512  -  ResidentSetSize of job (KB)
...
006 (005.1394.000) 05/06 05:39:57 Image size of job updated: 3869152
	3173  -  MemoryUsage of job (MB)
	3249048  -  ResidentSetSize of job (KB)
...
006 (005.1394.000) 05/06 05:40:03 Image size of job updated: 3899872
	3197  -  MemoryUsage of job (MB)
	3272940  -  ResidentSetSize of job (KB)
...
006 (005.1394.000) 05/06 05:40:09 Image size of job updated: 3914208
	3219  -  MemoryUsage of job (MB)
	3295776  -  ResidentSetSize of job (KB)
...
006 (005.1394.000) 05/06 05:40:15 Image size of job updated: 3935712
	3242  -  MemoryUsage of job (MB)
	3318876  -  ResidentSetSize of job (KB)
...
006 (005.1394.000) 05/06 05:40:21 Image size of job updated: 3962336
	3264  -  MemoryUsage of job (MB)
	3341316  -  ResidentSetSize of job (KB)
...
006 (005.1394.000) 05/06 05:40:27 Image size of job updated: 3980768
	3285  -  MemoryUsage of job (MB)
	3363360  -  ResidentSetSize of job (KB)
...
006 (005.1394.000) 05/06 05:40:33 Image size of job updated: 3996128
	3305  -  MemoryUsage of job (MB)
	3383556  -  ResidentSetSize of job (KB)
...
006 (005.1394.000) 05/06 05:40:39 Image size of job updated: 3996128
	3326  -  MemoryUsage of job (MB)
	3404940  -  ResidentSetSize of job (KB)
...
006 (005.1394.000) 05/06 05:40:45 Image size of job updated: 4032992
	3347  -  MemoryUsage of job (MB)
	3426456  -  ResidentSetSize of job (KB)
...
006 (005.1394.000) 05/06 05:40:51 Image size of job updated: 4032992
	3368  -  MemoryUsage of job (MB)
	3448104  -  ResidentSetSize of job (KB)
...
006 (005.1394.000) 05/06 05:40:57 Image size of job updated: 4089312
	3390  -  MemoryUsage of job (MB)
	3470808  -  ResidentSetSize of job (KB)
...
006 (005.1394.000) 05/06 05:41:03 Image size of job updated: 4089312
	3411  -  MemoryUsage of job (MB)
	3492060  -  ResidentSetSize of job (KB)
...
006 (005.1394.000) 05/06 05:41:09 Image size of job updated: 4089312
	3429  -  MemoryUsage of job (MB)
	3510276  -  ResidentSetSize of job (KB)
...
006 (005.1394.000) 05/06 05:41:14 Image size of job updated: 4147680
	3446  -  MemoryUsage of job (MB)
	3527700  -  ResidentSetSize of job (KB)
...
006 (005.1394.000) 05/06 05:41:19 Image size of job updated: 4147680
	3464  -  MemoryUsage of job (MB)
	3546972  -  ResidentSetSize of job (KB)
...
006 (005.1394.000) 05/06 05:41:24 Image size of job updated: 4147680
	3482  -  MemoryUsage of job (MB)
	3565056  -  ResidentSetSize of job (KB)
...
006 (005.1394.000) 05/06 05:41:29 Image size of job updated: 4206048
	3502  -  MemoryUsage of job (MB)
	3585648  -  ResidentSetSize of job (KB)
...
006 (005.1394.000) 05/06 05:41:34 Image size of job updated: 4228576
	3521  -  MemoryUsage of job (MB)
	3604788  -  ResidentSetSize of job (KB)
...
006 (005.1394.000) 05/06 05:41:39 Image size of job updated: 4228576
	3537  -  MemoryUsage of job (MB)
	3621816  -  ResidentSetSize of job (KB)
...
006 (005.1394.000) 05/06 05:41:44 Image size of job updated: 4259296
	3557  -  MemoryUsage of job (MB)
	3641484  -  ResidentSetSize of job (KB)
...
006 (005.1394.000) 05/06 05:41:49 Image size of job updated: 4259296
	3576  -  MemoryUsage of job (MB)
	3661020  -  ResidentSetSize of job (KB)
...
006 (005.1394.000) 05/06 05:41:54 Image size of job updated: 4259296
	3595  -  MemoryUsage of job (MB)
	3680820  -  ResidentSetSize of job (KB)
...
006 (005.1394.000) 05/06 05:41:59 Image size of job updated: 4326880
	3613  -  MemoryUsage of job (MB)
	3699168  -  ResidentSetSize of job (KB)
...
006 (005.1394.000) 05/06 05:42:04 Image size of job updated: 4326880
	3631  -  MemoryUsage of job (MB)
	3717780  -  ResidentSetSize of job (KB)
...
006 (005.1394.000) 05/06 05:42:09 Image size of job updated: 4326880
	3650  -  MemoryUsage of job (MB)
	3736920  -  ResidentSetSize of job (KB)
...
006 (005.1394.000) 05/06 05:42:14 Image size of job updated: 4382176
	3668  -  MemoryUsage of job (MB)
	3755136  -  ResidentSetSize of job (KB)
...
006 (005.1394.000) 05/06 05:42:19 Image size of job updated: 4382176
	3684  -  MemoryUsage of job (MB)
	3771900  -  ResidentSetSize of job (KB)
...
006 (005.1394.000) 05/06 05:42:24 Image size of job updated: 4382176
	3701  -  MemoryUsage of job (MB)
	3789324  -  ResidentSetSize of job (KB)
...
006 (005.1394.000) 05/06 05:42:29 Image size of job updated: 4433376
	3717  -  MemoryUsage of job (MB)
	3805692  -  ResidentSetSize of job (KB)
...
006 (005.1394.000) 05/06 05:42:34 Image size of job updated: 4447712
	3733  -  MemoryUsage of job (MB)
	3822588  -  ResidentSetSize of job (KB)
...
006 (005.1394.000) 05/06 05:42:39 Image size of job updated: 4466144
	3751  -  MemoryUsage of job (MB)
	3840276  -  ResidentSetSize of job (KB)
...
006 (005.1394.000) 05/06 05:42:44 Image size of job updated: 4484576
	3766  -  MemoryUsage of job (MB)
	3856248  -  ResidentSetSize of job (KB)
...
006 (005.1394.000) 05/06 05:42:49 Image size of job updated: 4484576
	3784  -  MemoryUsage of job (MB)
	3874200  -  ResidentSetSize of job (KB)
...
006 (005.1394.000) 05/06 05:42:54 Image size of job updated: 4484576
	3801  -  MemoryUsage of job (MB)
	3891756  -  ResidentSetSize of job (KB)
...
006 (005.1394.000) 05/06 05:42:59 Image size of job updated: 4534752
	3817  -  MemoryUsage of job (MB)
	3908388  -  ResidentSetSize of job (KB)
...
006 (005.1394.000) 05/06 05:43:04 Image size of job updated: 4547040
	3834  -  MemoryUsage of job (MB)
	3925152  -  ResidentSetSize of job (KB)
...
006 (005.1394.000) 05/06 05:43:09 Image size of job updated: 4574688
	3850  -  MemoryUsage of job (MB)
	3942312  -  ResidentSetSize of job (KB)
...
006 (005.1394.000) 05/06 05:43:14 Image size of job updated: 4593120
	3868  -  MemoryUsage of job (MB)
	3960000  -  ResidentSetSize of job (KB)
...
006 (005.1394.000) 05/06 05:43:19 Image size of job updated: 4611552
	3886  -  MemoryUsage of job (MB)
	3978348  -  ResidentSetSize of job (KB)
...
006 (005.1394.000) 05/06 05:43:24 Image size of job updated: 4611552
	3913  -  MemoryUsage of job (MB)
	4006332  -  ResidentSetSize of job (KB)
...
006 (005.1394.000) 05/06 05:43:29 Image size of job updated: 4840928
	4111  -  MemoryUsage of job (MB)
	4209348  -  ResidentSetSize of job (KB)
...
006 (005.1394.000) 05/06 05:43:34 Image size of job updated: 4841952
	4111  -  MemoryUsage of job (MB)
	4209348  -  ResidentSetSize of job (KB)
...
005 (005.1394.000) 05/06 05:43:35 Job terminated.
	(1) Normal termination (return value 0)
		Usr 0 00:25:34, Sys 0 00:00:04  -  Run Remote Usage
		Usr 0 00:00:00, Sys 0 00:00:00  -  Run Local Usage
		Usr 0 00:25:34, Sys 0 00:00:04  -  Total Remote Usage
		Usr 0 00:00:00, Sys 0 00:00:00  -  Total Local Usage
	0  -  Run Bytes Sent By Job
	0  -  Run Bytes Received By Job
	0  -  Total Bytes Sent By Job
	0  -  Total Bytes Received By Job
	Partitionable Resources :      Usage  Request Allocated 
	   Cpus                 :       0.99        1         1 
	   Disk (KB)            : 2000000     2000000   6275465 
	   Memory (MB)          :    4111        1954      2007 
...
