000 (005.033.000) 05/05 20:21:37 Job submitted from host: <127.0.0.1:9618?addrs=127.0.0.1-9618&noUDP&sock=227_4816_4>
...
001 (005.033.000) 05/05 20:26:47 Job executing on host: <127.0.0.1:9618?addrs=127.0.0.1-9618&noUDP&sock=227_4816_5>
...
006 (005.033.000) 05/05 20:26:53 Image size of job updated: 2000000
	101  -  MemoryUsage of job (MB)
	102960  -  ResidentSetSize of job (KB)
...
006 (005.033.000) 05/05 20:29:59 Image size of job updated: 2000000
	136  -  MemoryUsage of job (MB)
	138996  -  ResidentSetSize of job (KB)
...
006 (005.033.000) 05/05 20:30:05 Image size of job updated: 2000000
	184  -  MemoryUsage of job (MB)
	187968  -  ResidentSetSize of job (KB)
...
006 (005.033.000) 05/05 20:30:11 Image size of job updated: 2000000
	185  -  MemoryUsage of job (MB)
	188496  -  ResidentSetSize of job (KB)
...
006 (005.033.000) 05/05 20:30:17 Image size of job updated: 2000000
	194  -  MemoryUsage of job (MB)
	198132  -  ResidentSetSize of job (KB)
...
006 (005.033.000) 05/05 20:30:23 Image size of job updated: 2000000
	204  -  MemoryUsage of job (MB)
	208428  -  ResidentSetSize of job (KB)
...
006 (005.033.000) 05/05 20:30:29 Image size of job updated: 2000000
	213  -  MemoryUsage of job (MB)
	217800  -  ResidentSetSize of job (KB)
...
006 (005.033.000) 05/05 20:30:35 Image size of job updated: 2000000
	224  -  MemoryUsage of job (MB)
	228360  -  ResidentSetSize of job (KB)
...
006 (005.033.000) 05/05 20:30:41 Image size of job updated: 2000000
	233  -  MemoryUsage of job (MB)
	238128  -  ResidentSetSize of job (KB)
...
006 (005.033.000) 05/05 20:30:47 Image size of job updated: 2000000
	240  -  MemoryUsage of job (MB)
	245124  -  ResidentSetSize of job (KB)
...
006 (005.033.000) 05/05 20:30:53 Image size of job updated: 2000000
	252  -  MemoryUsage of job (MB)
	257136  -  ResidentSetSize of job (KB)
...
006 (005.033.000) 05/05 20:30:59 Image size of job updated: 2000000
	313  -  MemoryUsage of job (MB)
	320232  -  ResidentSetSize of job (KB)
...
006 (005.033.000) 05/05 20:31:04 Image size of job updated: 2000000
	329  -  MemoryUsage of job (MB)
	336204  -  ResidentSetSize of job (KB)
...
006 (005.033.000) 05/05 20:31:34 Image size of job updated: 2000000
	336  -  MemoryUsage of job (MB)
	343068  -  ResidentSetSize of job (KB)
...
006 (005.033.000) 05/05 20:31:39 Image size of job updated: 2000000
	371  -  MemoryUsage of job (MB)
	379896  -  ResidentSetSize of job (KB)
...
006 (005.033.000) 05/05 20:31:44 Image size of job updated: 2000000
	422  -  MemoryUsage of job (MB)
	431508  -  ResidentSetSize of job (KB)
...
006 (005.033.000) 05/05 20:31:49 Image size of job updated: 2000000
	464  -  MemoryUsage of job (MB)
	475068  -  ResidentSetSize of job (KB)
...
006 (005.033.000) 05/05 20:31:54 Image size of job updated: 2000000
	1169  -  MemoryUsage of job (MB)
	1196184  -  ResidentSetSize of job (KB)
...
006 (005.033.000) 05/05 20:47:01 Image size of job updated: 2000000
	1171  -  MemoryUsage of job (MB)
	1198164  -  ResidentSetSize of job (KB)
...
006 (005.033.000) 05/05 20:47:07 Image size of job updated: 2000000
	1245  -  MemoryUsage of job (MB)
	1274724  -  ResidentSetSize of job (KB)
...
006 (005.033.000) 05/05 20:47:13 Image size of job updated: 2000000
	1618  -  MemoryUsage of job (MB)
	1656732  -  ResidentSetSize of job (KB)
...
006 (005.033.000) 05/05 20:47:19 Image size of job updated: 2317004
	1681  -  MemoryUsage of job (MB)
	1721016  -  ResidentSetSize of job (KB)
...
006 (005.033.000) 05/05 20:47:25 Image size of job updated: 2317004
	1876  -  MemoryUsage of job (MB)
	1920468  -  ResidentSetSize of job (KB)
...
006 (005.033.000) 05/05 20:47:37 Image size of job updated: 2561004
	1876  -  MemoryUsage of job (MB)
	1920468  -  ResidentSetSize of job (KB)
...
006 (005.033.000) 05/05 20:47:43 Image size of job updated: 2561004
	1876  -  MemoryUsage of job (MB)
	1920864  -  ResidentSetSize of job (KB)
...
006 (005.033.000) 05/05 20:47:49 Image size of job updated: 2561004
	1876  -  MemoryUsage of job (MB)
	1920996  -  ResidentSetSize of job (KB)
...
006 (005.033.000) 05/05 20:48:19 Image size of job updated: 2570220
	1876  -  MemoryUsage of job (MB)
	1920996  -  ResidentSetSize of job (KB)
...
006 (005.033.000) 05/05 20:48:37 Image size of job updated: 2577388
	1876  -  MemoryUsage of job (MB)
	1920996  -  ResidentSetSize of job (KB)
...
006 (005.033.000) 05/05 20:48:43 Image size of job updated: 2578412
	1876  -  MemoryUsage of job (MB)
	1920996  -  ResidentSetSize of job (KB)
...
006 (005.033.000) 05/05 20:48:49 Image size of job updated: 2579436
	1876  -  MemoryUsage of job (MB)
	1920996  -  ResidentSetSize of job (KB)
...
006 (005.033.000) 05/05 20:49:07 Image size of job updated: 2581484
	1876  -  MemoryUsage of job (MB)
	1920996  -  ResidentSetSize of job (KB)
...
006 (005.033.000) 05/05 20:49:19 Image size of job updated: 2584556
	1876  -  MemoryUsage of job (MB)
	1920996  -  ResidentSetSize of job (KB)
...
006 (005.033.000) 05/05 20:49:25 Image size of job updated: 2585580
	1876  -  MemoryUsage of job (MB)
	1920996  -  ResidentSetSize of job (KB)
...
006 (005.033.000) 05/05 20:49:37 Image size of job updated: 2587628
	1876  -  MemoryUsage of job (MB)
	1920996  -  ResidentSetSize of job (KB)
...
006 (005.033.000) 05/05 20:49:49 Image size of job updated: 2590700
	1876  -  MemoryUsage of job (MB)
	1920996  -  ResidentSetSize of job (KB)
...
006 (005.033.000) 05/05 20:50:01 Image size of job updated: 2592748
	1876  -  MemoryUsage of job (MB)
	1920996  -  ResidentSetSize of job (KB)
...
006 (005.033.000) 05/05 20:50:07 Image size of job updated: 2593772
	1876  -  MemoryUsage of job (MB)
	1920996  -  ResidentSetSize of job (KB)
...
006 (005.033.000) 05/05 20:50:25 Image size of job updated: 2595820
	1876  -  MemoryUsage of job (MB)
	1920996  -  ResidentSetSize of job (KB)
...
006 (005.033.000) 05/05 20:51:09 Image size of job updated: 2604012
	1876  -  MemoryUsage of job (MB)
	1920996  -  ResidentSetSize of job (KB)
...
006 (005.033.000) 05/05 20:51:28 Image size of job updated: 2610156
	1876  -  MemoryUsage of job (MB)
	1920996  -  ResidentSetSize of job (KB)
...
006 (005.033.000) 05/05 20:51:40 Image size of job updated: 2612204
	1876  -  MemoryUsage of job (MB)
	1920996  -  ResidentSetSize of job (KB)
...
006 (005.033.000) 05/05 20:51:54 Image size of job updated: 2617324
	1876  -  MemoryUsage of job (MB)
	1920996  -  ResidentSetSize of job (KB)
...
006 (005.033.000) 05/05 20:52:01 Image size of job updated: 2619372
	1876  -  MemoryUsage of job (MB)
	1920996  -  ResidentSetSize of job (KB)
...
006 (005.033.000) 05/05 20:52:06 Image size of job updated: 2620396
	1876  -  MemoryUsage of job (MB)
	1920996  -  ResidentSetSize of job (KB)
...
006 (005.033.000) 05/05 20:52:11 Image size of job updated: 2621420
	1876  -  MemoryUsage of job (MB)
	1920996  -  ResidentSetSize of job (KB)
...
006 (005.033.000) 05/05 20:52:26 Image size of job updated: 2624492
	1876  -  MemoryUsage of job (MB)
	1920996  -  ResidentSetSize of job (KB)
...
006 (005.033.000) 05/05 20:52:31 Image size of job updated: 2628588
	1879  -  MemoryUsage of job (MB)
	1923636  -  ResidentSetSize of job (KB)
...
006 (005.033.000) 05/05 20:52:41 Image size of job updated: 2632684
	1882  -  MemoryUsage of job (MB)
	1926804  -  ResidentSetSize of job (KB)
...
006 (005.033.000) 05/05 20:52:46 Image size of job updated: 2632684
	1883  -  MemoryUsage of job (MB)
	1927200  -  ResidentSetSize of job (KB)
...
006 (005.033.000) 05/05 20:52:51 Image size of job updated: 2632684
	1886  -  MemoryUsage of job (MB)
	1931160  -  ResidentSetSize of job (KB)
...
006 (005.033.000) 05/05 20:52:56 Image size of job updated: 2636780
	1888  -  MemoryUsage of job (MB)
	1932480  -  ResidentSetSize of job (KB)
...
006 (005.033.000) 05/05 20:53:01 Image size of job updated: 2636780
	1889  -  MemoryUsage of job (MB)
	1933536  -  ResidentSetSize of job (KB)
...
006 (005.033.000) 05/05 20:53:06 Image size of job updated: 2636780
	1892  -  MemoryUsage of job (MB)
	1936572  -  ResidentSetSize of job (KB)
...
006 (005.033.000) 05/05 20:53:11 Image size of job updated: 2641900
	1892  -  MemoryUsage of job (MB)
	1936704  -  ResidentSetSize of job (KB)
...
006 (005.033.000) 05/05 20:53:28 Image size of job updated: 2643948
	1892  -  MemoryUsage of job (MB)
	1936704  -  ResidentSetSize of job (KB)
...
006 (005.033.000) 05/05 20:53:33 Image size of job updated: 2644972
	1892  -  MemoryUsage of job (MB)
	1936704  -  ResidentSetSize of job (KB)
...
006 (005.033.000) 05/05 20:53:38 Image size of job updated: 2647020
	1892  -  MemoryUsage of job (MB)
	1936704  -  ResidentSetSize of job (KB)
...
006 (005.033.000) 05/05 20:53:44 Image size of job updated: 2648044
	1892  -  MemoryUsage of job (MB)
	1936704  -  ResidentSetSize of job (KB)
...
006 (005.033.000) 05/05 20:53:50 Image size of job updated: 2651116
	1892  -  MemoryUsage of job (MB)
	1936704  -  ResidentSetSize of job (KB)
...
006 (005.033.000) 05/05 20:54:02 Image size of job updated: 2655212
	1892  -  MemoryUsage of job (MB)
	1936836  -  ResidentSetSize of job (KB)
...
006 (005.033.000) 05/05 20:54:21 Image size of job updated: 2660332
	1892  -  MemoryUsage of job (MB)
	1936836  -  ResidentSetSize of job (KB)
...
006 (005.033.000) 05/05 20:54:31 Image size of job updated: 2662380
	1892  -  MemoryUsage of job (MB)
	1936836  -  ResidentSetSize of job (KB)
...
006 (005.033.000) 05/05 20:54:36 Image size of job updated: 2664428
	1892  -  MemoryUsage of job (MB)
	1936836  -  ResidentSetSize of job (KB)
...
006 (005.033.000) 05/05 20:54:41 Image size of job updated: 2668524
	1896  -  MemoryUsage of job (MB)
	1940928  -  ResidentSetSize of job (KB)
...
006 (005.033.000) 05/05 20:54:46 Image size of job updated: 2669548
	1897  -  MemoryUsage of job (MB)
	1942116  -  ResidentSetSize of job (KB)
...
006 (005.033.000) 05/05 20:54:51 Image size of job updated: 2672620
	1899  -  MemoryUsage of job (MB)
	1944228  -  ResidentSetSize of job (KB)
...
006 (005.033.000) 05/05 20:54:56 Image size of job updated: 2672620
	1901  -  MemoryUsage of job (MB)
	1946076  -  ResidentSetSize of job (KB)
...
006 (005.033.000) 05/05 20:55:01 Image size of job updated: 2672620
	1902  -  MemoryUsage of job (MB)
	1946868  -  ResidentSetSize of job (KB)
...
006 (005.033.000) 05/05 20:55:06 Image size of job updated: 2676716
	1904  -  MemoryUsage of job (MB)
	1948716  -  ResidentSetSize of job (KB)
...
006 (005.033.000) 05/05 20:55:11 Image size of job updated: 2678764
	1907  -  MemoryUsage of job (MB)
	1952544  -  ResidentSetSize of job (KB)
...
006 (005.033.000) 05/05 20:55:16 Image size of job updated: 2680812
	1907  -  MemoryUsage of job (MB)
	1952544  -  ResidentSetSize of job (KB)
...
006 (005.033.000) 05/05 20:55:21 Image size of job updated: 2681836
	1909  -  MemoryUsage of job (MB)
	1954128  -  ResidentSetSize of job (KB)
...
006 (005.033.000) 05/05 20:55:26 Image size of job updated: 2682860
	1910  -  MemoryUsage of job (MB)
	1955316  -  ResidentSetSize of job (KB)
...
006 (005.033.000) 05/05 20:55:31 Image size of job updated: 2683884
	1911  -  MemoryUsage of job (MB)
	1956768  -  ResidentSetSize of job (KB)
...
006 (005.033.000) 05/05 20:55:36 Image size of job updated: 2686956
	2050  -  MemoryUsage of job (MB)
	2098932  -  ResidentSetSize of job (KB)
...
006 (005.033.000) 05/05 20:55:42 Image size of job updated: 2900972
	2174  -  MemoryUsage of job (MB)
	2225652  -  ResidentSetSize of job (KB)
...
005 (005.033.000) 05/05 20:55:47 Job terminated.
	(1) Normal termination (return value 0)
		Usr 0 00:24:48, Sys 0 00:00:11  -  Run Remote Usage
		Usr 0 00:00:00, Sys 0 00:00:00  -  Run Local Usage
		Usr 0 00:24:48, Sys 0 00:00:11  -  Total Remote Usage
		Usr 0 00:00:00, Sys 0 00:00:00  -  Total Local Usage
	0  -  Run Bytes Sent By Job
	0  -  Run Bytes Received By Job
	0  -  Total Bytes Sent By Job
	0  -  Total Bytes Received By Job
	Partitionable Resources :      Usage  Request Allocated 
	   Cpus                 :       0.70        1         1 
	   Disk (KB)            : 2000000     2000000   6275465 
	   Memory (MB)          :    2174        1954      2007 
...
