000 (205.1518.000) 05/06 03:17:54 Job submitted from host: <127.0.0.1:9618?addrs=127.0.0.1-9618&noUDP&sock=222_da1d_4>
...
033 (205.1518.000) 05/06 14:21:36 Changing job attribute JobPrio from 0 to -5
...
000 (007.1518.000) 05/07 18:59:36 Job submitted from host: <127.0.0.1:9618?addrs=127.0.0.1-9618&noUDP&sock=215_0cf3_4>
...
000 (016.1518.000) 05/08 15:56:48 Job submitted from host: <127.0.0.1:9618?addrs=127.0.0.1-9618&noUDP&sock=227_4816_4>
...
001 (016.1518.000) 05/09 02:57:44 Job executing on host: <127.0.0.1:9618?addrs=127.0.0.1-9618&noUDP&sock=227_4816_5>
...
006 (016.1518.000) 05/09 02:57:49 Image size of job updated: 2000000
	18  -  MemoryUsage of job (MB)
	18084  -  ResidentSetSize of job (KB)
...
006 (016.1518.000) 05/09 02:57:54 Image size of job updated: 2000000
	28  -  MemoryUsage of job (MB)
	27984  -  ResidentSetSize of job (KB)
...
006 (016.1518.000) 05/09 02:57:59 Image size of job updated: 2000000
	37  -  MemoryUsage of job (MB)
	37092  -  ResidentSetSize of job (KB)
...
006 (016.1518.000) 05/09 02:58:14 Image size of job updated: 2000000
	114  -  MemoryUsage of job (MB)
	116688  -  ResidentSetSize of job (KB)
...
006 (016.1518.000) 05/09 03:05:41 Image size of job updated: 2000000
	152  -  MemoryUsage of job (MB)
	154704  -  ResidentSetSize of job (KB)
...
006 (016.1518.000) 05/09 03:05:46 Image size of job updated: 2000000
	211  -  MemoryUsage of job (MB)
	215160  -  ResidentSetSize of job (KB)
...
006 (016.1518.000) 05/09 03:05:52 Image size of job updated: 2000000
	211  -  MemoryUsage of job (MB)
	215424  -  ResidentSetSize of job (KB)
...
006 (016.1518.000) 05/09 03:05:58 Image size of job updated: 2000000
	214  -  MemoryUsage of job (MB)
	219120  -  ResidentSetSize of job (KB)
...
006 (016.1518.000) 05/09 03:06:04 Image size of job updated: 2000000
	227  -  MemoryUsage of job (MB)
	231792  -  ResidentSetSize of job (KB)
...
006 (016.1518.000) 05/09 03:06:10 Image size of job updated: 2000000
	245  -  MemoryUsage of job (MB)
	250140  -  ResidentSetSize of job (KB)
...
006 (016.1518.000) 05/09 03:06:16 Image size of job updated: 2000000
	264  -  MemoryUsage of job (MB)
	270204  -  ResidentSetSize of job (KB)
...
006 (016.1518.000) 05/09 03:06:22 Image size of job updated: 2000000
	266  -  MemoryUsage of job (MB)
	272316  -  ResidentSetSize of job (KB)
...
006 (016.1518.000) 05/09 03:06:28 Image size of job updated: 2000000
	279  -  MemoryUsage of job (MB)
	284856  -  ResidentSetSize of job (KB)
...
006 (016.1518.000) 05/09 03:06:34 Image size of job updated: 2000000
	291  -  MemoryUsage of job (MB)
	297396  -  ResidentSetSize of job (KB)
...
006 (016.1518.000) 05/09 03:06:40 Image size of job updated: 2000000
	338  -  MemoryUsage of job (MB)
	345180  -  ResidentSetSize of job (KB)
...
006 (016.1518.000) 05/09 03:06:46 Image size of job updated: 2000000
	377  -  MemoryUsage of job (MB)
	385308  -  ResidentSetSize of job (KB)
...
006 (016.1518.000) 05/09 03:06:52 Image size of job updated: 2000000
	380  -  MemoryUsage of job (MB)
	388212  -  ResidentSetSize of job (KB)
...
006 (016.1518.000) 05/09 03:07:10 Image size of job updated: 2000000
	434  -  MemoryUsage of job (MB)
	444312  -  ResidentSetSize of job (KB)
...
006 (016.1518.000) 05/09 03:07:16 Image size of job updated: 2000000
	516  -  MemoryUsage of job (MB)
	527472  -  ResidentSetSize of job (KB)
...
006 (016.1518.000) 05/09 03:07:22 Image size of job updated: 2000000
	1243  -  MemoryUsage of job (MB)
	1271820  -  ResidentSetSize of job (KB)
...
006 (016.1518.000) 05/09 03:22:29 Image size of job updated: 2000000
	1244  -  MemoryUsage of job (MB)
	1273668  -  ResidentSetSize of job (KB)
...
006 (016.1518.000) 05/09 03:22:34 Image size of job updated: 2000000
	1263  -  MemoryUsage of job (MB)
	1292676  -  ResidentSetSize of job (KB)
...
006 (016.1518.000) 05/09 03:22:39 Image size of job updated: 2000000
	1344  -  MemoryUsage of job (MB)
	1375968  -  ResidentSetSize of job (KB)
...
006 (016.1518.000) 05/09 03:22:44 Image size of job updated: 2000000
	1716  -  MemoryUsage of job (MB)
	1756260  -  ResidentSetSize of job (KB)
...
006 (016.1518.000) 05/09 03:22:50 Image size of job updated: 2704116
	1974  -  MemoryUsage of job (MB)
	2020920  -  ResidentSetSize of job (KB)
...
006 (016.1518.000) 05/09 03:22:56 Image size of job updated: 2704116
	1975  -  MemoryUsage of job (MB)
	2021712  -  ResidentSetSize of job (KB)
...
006 (016.1518.000) 05/09 03:23:02 Image size of job updated: 2704116
	2003  -  MemoryUsage of job (MB)
	2050356  -  ResidentSetSize of job (KB)
...
006 (016.1518.000) 05/09 03:23:08 Image size of job updated: 2718964
	2111  -  MemoryUsage of job (MB)
	2161500  -  ResidentSetSize of job (KB)
...
006 (016.1518.000) 05/09 03:23:14 Image size of job updated: 2832628
	2194  -  MemoryUsage of job (MB)
	2246112  -  ResidentSetSize of job (KB)
...
006 (016.1518.000) 05/09 03:23:20 Image size of job updated: 2931956
	2252  -  MemoryUsage of job (MB)
	2305644  -  ResidentSetSize of job (KB)
...
006 (016.1518.000) 05/09 03:23:26 Image size of job updated: 2931956
	2298  -  MemoryUsage of job (MB)
	2352636  -  ResidentSetSize of job (KB)
...
006 (016.1518.000) 05/09 03:23:32 Image size of job updated: 2931956
	2343  -  MemoryUsage of job (MB)
	2399100  -  ResidentSetSize of job (KB)
...
006 (016.1518.000) 05/09 03:23:38 Image size of job updated: 3045620
	2386  -  MemoryUsage of job (MB)
	2442792  -  ResidentSetSize of job (KB)
...
006 (016.1518.000) 05/09 03:23:44 Image size of job updated: 3045620
	2429  -  MemoryUsage of job (MB)
	2487012  -  ResidentSetSize of job (KB)
...
006 (016.1518.000) 05/09 03:23:50 Image size of job updated: 3045620
	2474  -  MemoryUsage of job (MB)
	2532420  -  ResidentSetSize of job (KB)
...
006 (016.1518.000) 05/09 03:23:56 Image size of job updated: 3165428
	2518  -  MemoryUsage of job (MB)
	2577960  -  ResidentSetSize of job (KB)
...
006 (016.1518.000) 05/09 03:24:02 Image size of job updated: 3251444
	2561  -  MemoryUsage of job (MB)
	2622312  -  ResidentSetSize of job (KB)
...
006 (016.1518.000) 05/09 03:24:08 Image size of job updated: 3291380
	2605  -  MemoryUsage of job (MB)
	2666664  -  ResidentSetSize of job (KB)
...
006 (016.1518.000) 05/09 03:24:14 Image size of job updated: 3291380
	2646  -  MemoryUsage of job (MB)
	2709432  -  ResidentSetSize of job (KB)
...
006 (016.1518.000) 05/09 03:24:20 Image size of job updated: 3291380
	2691  -  MemoryUsage of job (MB)
	2755104  -  ResidentSetSize of job (KB)
...
006 (016.1518.000) 05/09 03:24:26 Image size of job updated: 3399924
	2727  -  MemoryUsage of job (MB)
	2791536  -  ResidentSetSize of job (KB)
...
006 (016.1518.000) 05/09 03:24:32 Image size of job updated: 3399924
	2759  -  MemoryUsage of job (MB)
	2824800  -  ResidentSetSize of job (KB)
...
006 (016.1518.000) 05/09 03:24:38 Image size of job updated: 3484916
	2795  -  MemoryUsage of job (MB)
	2862024  -  ResidentSetSize of job (KB)
...
006 (016.1518.000) 05/09 03:24:44 Image size of job updated: 3484916
	2839  -  MemoryUsage of job (MB)
	2906772  -  ResidentSetSize of job (KB)
...
006 (016.1518.000) 05/09 03:24:50 Image size of job updated: 3484916
	2884  -  MemoryUsage of job (MB)
	2952444  -  ResidentSetSize of job (KB)
...
006 (016.1518.000) 05/09 03:24:56 Image size of job updated: 3600628
	2918  -  MemoryUsage of job (MB)
	2987952  -  ResidentSetSize of job (KB)
...
006 (016.1518.000) 05/09 03:25:02 Image size of job updated: 3632372
	2953  -  MemoryUsage of job (MB)
	3023328  -  ResidentSetSize of job (KB)
...
006 (016.1518.000) 05/09 03:25:08 Image size of job updated: 3661044
	2987  -  MemoryUsage of job (MB)
	3058044  -  ResidentSetSize of job (KB)
...
006 (016.1518.000) 05/09 03:25:14 Image size of job updated: 3687668
	3021  -  MemoryUsage of job (MB)
	3092892  -  ResidentSetSize of job (KB)
...
006 (016.1518.000) 05/09 03:25:20 Image size of job updated: 3687668
	3055  -  MemoryUsage of job (MB)
	3127740  -  ResidentSetSize of job (KB)
...
006 (016.1518.000) 05/09 03:25:26 Image size of job updated: 3773684
	3087  -  MemoryUsage of job (MB)
	3160344  -  ResidentSetSize of job (KB)
...
006 (016.1518.000) 05/09 03:25:32 Image size of job updated: 3773684
	3120  -  MemoryUsage of job (MB)
	3193872  -  ResidentSetSize of job (KB)
...
006 (016.1518.000) 05/09 03:25:38 Image size of job updated: 3773684
	3149  -  MemoryUsage of job (MB)
	3224364  -  ResidentSetSize of job (KB)
...
006 (016.1518.000) 05/09 03:25:44 Image size of job updated: 3853556
	3179  -  MemoryUsage of job (MB)
	3254592  -  ResidentSetSize of job (KB)
...
006 (016.1518.000) 05/09 03:25:50 Image size of job updated: 3889396
	3210  -  MemoryUsage of job (MB)
	3286272  -  ResidentSetSize of job (KB)
...
006 (016.1518.000) 05/09 03:25:56 Image size of job updated: 3936500
	3242  -  MemoryUsage of job (MB)
	3319404  -  ResidentSetSize of job (KB)
...
006 (016.1518.000) 05/09 03:26:02 Image size of job updated: 3936500
	3274  -  MemoryUsage of job (MB)
	3351876  -  ResidentSetSize of job (KB)
...
006 (016.1518.000) 05/09 03:26:08 Image size of job updated: 3936500
	3306  -  MemoryUsage of job (MB)
	3384348  -  ResidentSetSize of job (KB)
...
006 (016.1518.000) 05/09 03:26:14 Image size of job updated: 4018420
	3339  -  MemoryUsage of job (MB)
	3418536  -  ResidentSetSize of job (KB)
...
006 (016.1518.000) 05/09 03:26:20 Image size of job updated: 4018420
	3370  -  MemoryUsage of job (MB)
	3450744  -  ResidentSetSize of job (KB)
...
006 (016.1518.000) 05/09 03:26:26 Image size of job updated: 4100340
	3401  -  MemoryUsage of job (MB)
	3482556  -  ResidentSetSize of job (KB)
...
006 (016.1518.000) 05/09 03:26:32 Image size of job updated: 4124916
	3433  -  MemoryUsage of job (MB)
	3515160  -  ResidentSetSize of job (KB)
...
006 (016.1518.000) 05/09 03:26:38 Image size of job updated: 4172020
	3464  -  MemoryUsage of job (MB)
	3546312  -  ResidentSetSize of job (KB)
...
006 (016.1518.000) 05/09 03:26:44 Image size of job updated: 4180212
	3489  -  MemoryUsage of job (MB)
	3572580  -  ResidentSetSize of job (KB)
...
006 (016.1518.000) 05/09 03:26:49 Image size of job updated: 4180212
	3515  -  MemoryUsage of job (MB)
	3599244  -  ResidentSetSize of job (KB)
...
006 (016.1518.000) 05/09 03:26:54 Image size of job updated: 4180212
	3538  -  MemoryUsage of job (MB)
	3621948  -  ResidentSetSize of job (KB)
...
006 (016.1518.000) 05/09 03:26:59 Image size of job updated: 4262132
	3569  -  MemoryUsage of job (MB)
	3654156  -  ResidentSetSize of job (KB)
...
006 (016.1518.000) 05/09 03:27:04 Image size of job updated: 4262132
	3592  -  MemoryUsage of job (MB)
	3677388  -  ResidentSetSize of job (KB)
...
006 (016.1518.000) 05/09 03:27:09 Image size of job updated: 4262132
	3618  -  MemoryUsage of job (MB)
	3704448  -  ResidentSetSize of job (KB)
...
006 (016.1518.000) 05/09 03:27:15 Image size of job updated: 4349172
	3649  -  MemoryUsage of job (MB)
	3736524  -  ResidentSetSize of job (KB)
...
006 (016.1518.000) 05/09 03:27:21 Image size of job updated: 4382964
	3680  -  MemoryUsage of job (MB)
	3767940  -  ResidentSetSize of job (KB)
...
006 (016.1518.000) 05/09 03:27:27 Image size of job updated: 4423924
	3711  -  MemoryUsage of job (MB)
	3799356  -  ResidentSetSize of job (KB)
...
006 (016.1518.000) 05/09 03:27:33 Image size of job updated: 4423924
	3742  -  MemoryUsage of job (MB)
	3831036  -  ResidentSetSize of job (KB)
...
006 (016.1518.000) 05/09 03:27:39 Image size of job updated: 4423924
	3773  -  MemoryUsage of job (MB)
	3863244  -  ResidentSetSize of job (KB)
...
006 (016.1518.000) 05/09 03:27:45 Image size of job updated: 4508916
	3797  -  MemoryUsage of job (MB)
	3887400  -  ResidentSetSize of job (KB)
...
006 (016.1518.000) 05/09 03:27:51 Image size of job updated: 4552948
	3825  -  MemoryUsage of job (MB)
	3916308  -  ResidentSetSize of job (KB)
...
006 (016.1518.000) 05/09 03:27:57 Image size of job updated: 4574452
	3852  -  MemoryUsage of job (MB)
	3944424  -  ResidentSetSize of job (KB)
...
006 (016.1518.000) 05/09 03:28:02 Image size of job updated: 4601076
	3879  -  MemoryUsage of job (MB)
	3971352  -  ResidentSetSize of job (KB)
...
006 (016.1518.000) 05/09 03:28:07 Image size of job updated: 4628724
	3905  -  MemoryUsage of job (MB)
	3997884  -  ResidentSetSize of job (KB)
...
006 (016.1518.000) 05/09 03:28:12 Image size of job updated: 4628724
	3931  -  MemoryUsage of job (MB)
	4025076  -  ResidentSetSize of job (KB)
...
006 (016.1518.000) 05/09 03:28:17 Image size of job updated: 4673780
	3958  -  MemoryUsage of job (MB)
	4052928  -  ResidentSetSize of job (KB)
...
006 (016.1518.000) 05/09 03:28:22 Image size of job updated: 4673780
	3985  -  MemoryUsage of job (MB)
	4079988  -  ResidentSetSize of job (KB)
...
006 (016.1518.000) 05/09 03:28:27 Image size of job updated: 4673780
	4012  -  MemoryUsage of job (MB)
	4107312  -  ResidentSetSize of job (KB)
...
006 (016.1518.000) 05/09 03:28:32 Image size of job updated: 4755700
	4038  -  MemoryUsage of job (MB)
	4134372  -  ResidentSetSize of job (KB)
...
006 (016.1518.000) 05/09 03:28:37 Image size of job updated: 4755700
	4066  -  MemoryUsage of job (MB)
	4163016  -  ResidentSetSize of job (KB)
...
006 (016.1518.000) 05/09 03:28:42 Image size of job updated: 4755700
	4094  -  MemoryUsage of job (MB)
	4191528  -  ResidentSetSize of job (KB)
...
006 (016.1518.000) 05/09 03:28:47 Image size of job updated: 4957428
	4303  -  MemoryUsage of job (MB)
	4405632  -  ResidentSetSize of job (KB)
...
006 (016.1518.000) 05/09 03:28:52 Image size of job updated: 5048564
	4303  -  MemoryUsage of job (MB)
	4405632  -  ResidentSetSize of job (KB)
...
005 (016.1518.000) 05/09 03:28:54 Job terminated.
	(1) Normal termination (return value 0)
		Usr 0 00:22:54, Sys 0 00:00:03  -  Run Remote Usage
		Usr 0 00:00:00, Sys 0 00:00:00  -  Run Local Usage
		Usr 0 00:22:54, Sys 0 00:00:03  -  Total Remote Usage
		Usr 0 00:00:00, Sys 0 00:00:00  -  Total Local Usage
	0  -  Run Bytes Sent By Job
	0  -  Run Bytes Received By Job
	0  -  Total Bytes Sent By Job
	0  -  Total Bytes Received By Job
	Partitionable Resources :      Usage  Request Allocated 
	   Cpus                 :       0.98        1         1 
	   Disk (KB)            : 2000000     2000000   6275465 
	   Memory (MB)          :    4303        1954      2007 
...
