000 (005.2662.000) 05/05 20:22:44 Job submitted from host: <127.0.0.1:9618?addrs=127.0.0.1-9618&noUDP&sock=227_4816_4>
...
001 (005.2662.000) 05/06 13:18:07 Job executing on host: <127.0.0.1:9618?addrs=127.0.0.1-9618&noUDP&sock=227_4816_5>
...
006 (005.2662.000) 05/06 13:18:12 Image size of job updated: 2000000
	101  -  MemoryUsage of job (MB)
	102960  -  ResidentSetSize of job (KB)
...
006 (005.2662.000) 05/06 13:18:42 Image size of job updated: 2000000
	102  -  MemoryUsage of job (MB)
	104016  -  ResidentSetSize of job (KB)
...
006 (005.2662.000) 05/06 13:18:47 Image size of job updated: 2000000
	170  -  MemoryUsage of job (MB)
	173712  -  ResidentSetSize of job (KB)
...
006 (005.2662.000) 05/06 13:18:52 Image size of job updated: 2000000
	184  -  MemoryUsage of job (MB)
	187968  -  ResidentSetSize of job (KB)
...
006 (005.2662.000) 05/06 13:18:57 Image size of job updated: 2000000
	184  -  MemoryUsage of job (MB)
	188364  -  ResidentSetSize of job (KB)
...
006 (005.2662.000) 05/06 13:19:02 Image size of job updated: 2000000
	192  -  MemoryUsage of job (MB)
	196548  -  ResidentSetSize of job (KB)
...
006 (005.2662.000) 05/06 13:19:07 Image size of job updated: 2000000
	202  -  MemoryUsage of job (MB)
	206844  -  ResidentSetSize of job (KB)
...
006 (005.2662.000) 05/06 13:19:12 Image size of job updated: 2000000
	211  -  MemoryUsage of job (MB)
	215556  -  ResidentSetSize of job (KB)
...
006 (005.2662.000) 05/06 13:19:17 Image size of job updated: 2000000
	220  -  MemoryUsage of job (MB)
	224928  -  ResidentSetSize of job (KB)
...
006 (005.2662.000) 05/06 13:19:22 Image size of job updated: 2000000
	230  -  MemoryUsage of job (MB)
	235224  -  ResidentSetSize of job (KB)
...
006 (005.2662.000) 05/06 13:19:27 Image size of job updated: 2000000
	238  -  MemoryUsage of job (MB)
	243408  -  ResidentSetSize of job (KB)
...
006 (005.2662.000) 05/06 13:19:32 Image size of job updated: 2000000
	248  -  MemoryUsage of job (MB)
	253836  -  ResidentSetSize of job (KB)
...
006 (005.2662.000) 05/06 13:19:37 Image size of job updated: 2000000
	289  -  MemoryUsage of job (MB)
	295812  -  ResidentSetSize of job (KB)
...
006 (005.2662.000) 05/06 13:19:42 Image size of job updated: 2000000
	319  -  MemoryUsage of job (MB)
	326040  -  ResidentSetSize of job (KB)
...
006 (005.2662.000) 05/06 13:19:47 Image size of job updated: 2000000
	329  -  MemoryUsage of job (MB)
	336204  -  ResidentSetSize of job (KB)
...
006 (005.2662.000) 05/06 13:19:52 Image size of job updated: 2000000
	396  -  MemoryUsage of job (MB)
	405372  -  ResidentSetSize of job (KB)
...
006 (005.2662.000) 05/06 13:19:57 Image size of job updated: 2000000
	457  -  MemoryUsage of job (MB)
	467808  -  ResidentSetSize of job (KB)
...
006 (005.2662.000) 05/06 13:20:02 Image size of job updated: 2000000
	1171  -  MemoryUsage of job (MB)
	1198296  -  ResidentSetSize of job (KB)
...
006 (005.2662.000) 05/06 13:35:06 Image size of job updated: 2000000
	1172  -  MemoryUsage of job (MB)
	1199352  -  ResidentSetSize of job (KB)
...
006 (005.2662.000) 05/06 13:35:12 Image size of job updated: 2000000
	1187  -  MemoryUsage of job (MB)
	1215456  -  ResidentSetSize of job (KB)
...
006 (005.2662.000) 05/06 13:35:18 Image size of job updated: 2000000
	1267  -  MemoryUsage of job (MB)
	1297032  -  ResidentSetSize of job (KB)
...
006 (005.2662.000) 05/06 13:35:24 Image size of job updated: 2000000
	1675  -  MemoryUsage of job (MB)
	1714284  -  ResidentSetSize of job (KB)
...
006 (005.2662.000) 05/06 13:35:30 Image size of job updated: 2325196
	1885  -  MemoryUsage of job (MB)
	1929708  -  ResidentSetSize of job (KB)
...
006 (005.2662.000) 05/06 13:35:42 Image size of job updated: 2561508
	1885  -  MemoryUsage of job (MB)
	1929708  -  ResidentSetSize of job (KB)
...
006 (005.2662.000) 05/06 13:35:54 Image size of job updated: 2561508
	1886  -  MemoryUsage of job (MB)
	1930764  -  ResidentSetSize of job (KB)
...
006 (005.2662.000) 05/06 13:36:00 Image size of job updated: 2563556
	1893  -  MemoryUsage of job (MB)
	1937628  -  ResidentSetSize of job (KB)
...
006 (005.2662.000) 05/06 13:36:06 Image size of job updated: 2563556
	1897  -  MemoryUsage of job (MB)
	1941852  -  ResidentSetSize of job (KB)
...
006 (005.2662.000) 05/06 13:36:12 Image size of job updated: 2572772
	1898  -  MemoryUsage of job (MB)
	1943040  -  ResidentSetSize of job (KB)
...
006 (005.2662.000) 05/06 13:36:18 Image size of job updated: 2574820
	1900  -  MemoryUsage of job (MB)
	1945416  -  ResidentSetSize of job (KB)
...
006 (005.2662.000) 05/06 13:36:24 Image size of job updated: 2574820
	1900  -  MemoryUsage of job (MB)
	1945548  -  ResidentSetSize of job (KB)
...
006 (005.2662.000) 05/06 13:36:30 Image size of job updated: 2576868
	1902  -  MemoryUsage of job (MB)
	1947264  -  ResidentSetSize of job (KB)
...
006 (005.2662.000) 05/06 13:36:36 Image size of job updated: 2576868
	1904  -  MemoryUsage of job (MB)
	1948848  -  ResidentSetSize of job (KB)
...
006 (005.2662.000) 05/06 13:36:42 Image size of job updated: 2583012
	1907  -  MemoryUsage of job (MB)
	1951752  -  ResidentSetSize of job (KB)
...
006 (005.2662.000) 05/06 13:36:48 Image size of job updated: 2583012
	1909  -  MemoryUsage of job (MB)
	1954656  -  ResidentSetSize of job (KB)
...
006 (005.2662.000) 05/06 13:36:54 Image size of job updated: 2583012
	1909  -  MemoryUsage of job (MB)
	1954788  -  ResidentSetSize of job (KB)
...
006 (005.2662.000) 05/06 13:37:00 Image size of job updated: 2586084
	1910  -  MemoryUsage of job (MB)
	1954920  -  ResidentSetSize of job (KB)
...
006 (005.2662.000) 05/06 13:37:06 Image size of job updated: 2586084
	1911  -  MemoryUsage of job (MB)
	1956636  -  ResidentSetSize of job (KB)
...
006 (005.2662.000) 05/06 13:37:12 Image size of job updated: 2588132
	1912  -  MemoryUsage of job (MB)
	1957164  -  ResidentSetSize of job (KB)
...
006 (005.2662.000) 05/06 13:37:18 Image size of job updated: 2592228
	1916  -  MemoryUsage of job (MB)
	1961256  -  ResidentSetSize of job (KB)
...
006 (005.2662.000) 05/06 13:37:24 Image size of job updated: 2593252
	1917  -  MemoryUsage of job (MB)
	1962444  -  ResidentSetSize of job (KB)
...
006 (005.2662.000) 05/06 13:37:30 Image size of job updated: 2595300
	1920  -  MemoryUsage of job (MB)
	1965744  -  ResidentSetSize of job (KB)
...
006 (005.2662.000) 05/06 13:37:36 Image size of job updated: 2595300
	1922  -  MemoryUsage of job (MB)
	1968120  -  ResidentSetSize of job (KB)
...
006 (005.2662.000) 05/06 13:37:42 Image size of job updated: 2602468
	1926  -  MemoryUsage of job (MB)
	1972212  -  ResidentSetSize of job (KB)
...
006 (005.2662.000) 05/06 13:37:48 Image size of job updated: 2603492
	1929  -  MemoryUsage of job (MB)
	1974588  -  ResidentSetSize of job (KB)
...
006 (005.2662.000) 05/06 13:37:54 Image size of job updated: 2603492
	1932  -  MemoryUsage of job (MB)
	1977888  -  ResidentSetSize of job (KB)
...
006 (005.2662.000) 05/06 13:38:00 Image size of job updated: 2610660
	1934  -  MemoryUsage of job (MB)
	1979472  -  ResidentSetSize of job (KB)
...
006 (005.2662.000) 05/06 13:38:06 Image size of job updated: 2610660
	1938  -  MemoryUsage of job (MB)
	1983696  -  ResidentSetSize of job (KB)
...
006 (005.2662.000) 05/06 13:38:12 Image size of job updated: 2615780
	1940  -  MemoryUsage of job (MB)
	1986072  -  ResidentSetSize of job (KB)
...
006 (005.2662.000) 05/06 13:38:18 Image size of job updated: 2618852
	1945  -  MemoryUsage of job (MB)
	1991220  -  ResidentSetSize of job (KB)
...
006 (005.2662.000) 05/06 13:38:24 Image size of job updated: 2618852
	1947  -  MemoryUsage of job (MB)
	1992936  -  ResidentSetSize of job (KB)
...
006 (005.2662.000) 05/06 13:38:31 Image size of job updated: 2623972
	1949  -  MemoryUsage of job (MB)
	1995048  -  ResidentSetSize of job (KB)
...
006 (005.2662.000) 05/06 13:38:36 Image size of job updated: 2623972
	1952  -  MemoryUsage of job (MB)
	1998084  -  ResidentSetSize of job (KB)
...
006 (005.2662.000) 05/06 13:38:41 Image size of job updated: 2623972
	1954  -  MemoryUsage of job (MB)
	1999932  -  ResidentSetSize of job (KB)
...
006 (005.2662.000) 05/06 13:38:46 Image size of job updated: 2632164
	1955  -  MemoryUsage of job (MB)
	2001780  -  ResidentSetSize of job (KB)
...
006 (005.2662.000) 05/06 13:38:51 Image size of job updated: 2634212
	1958  -  MemoryUsage of job (MB)
	2004288  -  ResidentSetSize of job (KB)
...
006 (005.2662.000) 05/06 13:38:56 Image size of job updated: 2634212
	1961  -  MemoryUsage of job (MB)
	2007720  -  ResidentSetSize of job (KB)
...
006 (005.2662.000) 05/06 13:39:01 Image size of job updated: 2634212
	1962  -  MemoryUsage of job (MB)
	2008512  -  ResidentSetSize of job (KB)
...
006 (005.2662.000) 05/06 13:39:06 Image size of job updated: 2639332
	1963  -  MemoryUsage of job (MB)
	2010096  -  ResidentSetSize of job (KB)
...
006 (005.2662.000) 05/06 13:39:11 Image size of job updated: 2639332
	1966  -  MemoryUsage of job (MB)
	2013000  -  ResidentSetSize of job (KB)
...
006 (005.2662.000) 05/06 13:39:16 Image size of job updated: 2639332
	1969  -  MemoryUsage of job (MB)
	2015508  -  ResidentSetSize of job (KB)
...
006 (005.2662.000) 05/06 13:39:21 Image size of job updated: 2646500
	1970  -  MemoryUsage of job (MB)
	2017224  -  ResidentSetSize of job (KB)
...
006 (005.2662.000) 05/06 13:39:26 Image size of job updated: 2646500
	1971  -  MemoryUsage of job (MB)
	2018148  -  ResidentSetSize of job (KB)
...
006 (005.2662.000) 05/06 13:39:31 Image size of job updated: 2651620
	1974  -  MemoryUsage of job (MB)
	2020392  -  ResidentSetSize of job (KB)
...
006 (005.2662.000) 05/06 13:39:36 Image size of job updated: 2651620
	1976  -  MemoryUsage of job (MB)
	2022768  -  ResidentSetSize of job (KB)
...
006 (005.2662.000) 05/06 13:39:41 Image size of job updated: 2651620
	1979  -  MemoryUsage of job (MB)
	2025804  -  ResidentSetSize of job (KB)
...
006 (005.2662.000) 05/06 13:39:46 Image size of job updated: 2651620
	1979  -  MemoryUsage of job (MB)
	2026464  -  ResidentSetSize of job (KB)
...
006 (005.2662.000) 05/06 13:39:51 Image size of job updated: 2656740
	1982  -  MemoryUsage of job (MB)
	2028576  -  ResidentSetSize of job (KB)
...
006 (005.2662.000) 05/06 13:39:56 Image size of job updated: 2656740
	1983  -  MemoryUsage of job (MB)
	2030292  -  ResidentSetSize of job (KB)
...
006 (005.2662.000) 05/06 13:40:01 Image size of job updated: 2662884
	1985  -  MemoryUsage of job (MB)
	2032404  -  ResidentSetSize of job (KB)
...
006 (005.2662.000) 05/06 13:40:06 Image size of job updated: 2662884
	1988  -  MemoryUsage of job (MB)
	2035176  -  ResidentSetSize of job (KB)
...
006 (005.2662.000) 05/06 13:40:11 Image size of job updated: 2665956
	1989  -  MemoryUsage of job (MB)
	2035836  -  ResidentSetSize of job (KB)
...
006 (005.2662.000) 05/06 13:40:16 Image size of job updated: 2665956
	1990  -  MemoryUsage of job (MB)
	2037288  -  ResidentSetSize of job (KB)
...
006 (005.2662.000) 05/06 13:40:21 Image size of job updated: 2669028
	1993  -  MemoryUsage of job (MB)
	2040192  -  ResidentSetSize of job (KB)
...
006 (005.2662.000) 05/06 13:40:26 Image size of job updated: 2671076
	2116  -  MemoryUsage of job (MB)
	2165988  -  ResidentSetSize of job (KB)
...
006 (005.2662.000) 05/06 13:40:31 Image size of job updated: 2797028
	2203  -  MemoryUsage of job (MB)
	2255748  -  ResidentSetSize of job (KB)
...
006 (005.2662.000) 05/06 13:40:35 Image size of job updated: 2886116
	2203  -  MemoryUsage of job (MB)
	2255748  -  ResidentSetSize of job (KB)
...
005 (005.2662.000) 05/06 13:40:35 Job terminated.
	(1) Normal termination (return value 0)
		Usr 0 00:21:54, Sys 0 00:00:02  -  Run Remote Usage
		Usr 0 00:00:00, Sys 0 00:00:00  -  Run Local Usage
		Usr 0 00:21:54, Sys 0 00:00:02  -  Total Remote Usage
		Usr 0 00:00:00, Sys 0 00:00:00  -  Total Local Usage
	0  -  Run Bytes Sent By Job
	0  -  Run Bytes Received By Job
	0  -  Total Bytes Sent By Job
	0  -  Total Bytes Received By Job
	Partitionable Resources :      Usage  Request Allocated 
	   Cpus                 :       1.00        1         1 
	   Disk (KB)            : 2000000     2000000   6275465 
	   Memory (MB)          :    2203        1954      2007 
...
