000 (023.1621.000) 04/27 18:18:07 Job submitted from host: <127.0.0.1:9618?addrs=127.0.0.1-9618&noUDP&sock=222_da1d_4>
...
001 (023.1621.000) 04/27 19:39:18 Job executing on host: <127.0.0.1:9618?addrs=127.0.0.1-9618&noUDP&sock=222_da1d_5>
...
006 (023.1621.000) 04/27 19:39:24 Image size of job updated: 377192
	361  -  MemoryUsage of job (MB)
	369468  -  ResidentSetSize of job (KB)
...
006 (023.1621.000) 04/27 19:39:30 Image size of job updated: 598636
	571  -  MemoryUsage of job (MB)
	583836  -  ResidentSetSize of job (KB)
...
005 (023.1621.000) 04/27 19:41:59 Job terminated.
	(1) Normal termination (return value 0)
		Usr 0 00:02:36, Sys 0 00:00:00  -  Run Remote Usage
		Usr 0 00:00:00, Sys 0 00:00:00  -  Run Local Usage
		Usr 0 00:02:36, Sys 0 00:00:00  -  Total Remote Usage
		Usr 0 00:00:00, Sys 0 00:00:00  -  Total Local Usage
	0  -  Run Bytes Sent By Job
	0  -  Run Bytes Received By Job
	0  -  Total Bytes Sent By Job
	0  -  Total Bytes Received By Job
	Partitionable Resources :    Usage  Request Allocated 
	   Cpus                 :     0.97        1         1 
	   Disk (KB)            :     1           1   6540465 
	   Memory (MB)          :   571           1      2007 
...
