000 (008.150.000) 05/06 14:19:36 Job submitted from host: <127.0.0.1:9618?addrs=127.0.0.1-9618&noUDP&sock=227_4816_4>
...
001 (008.150.000) 05/06 15:28:16 Job executing on host: <127.0.0.1:9618?addrs=127.0.0.1-9618&noUDP&sock=227_4816_5>
...
006 (008.150.000) 05/06 15:28:21 Image size of job updated: 2000000
	107  -  MemoryUsage of job (MB)
	109032  -  ResidentSetSize of job (KB)
...
006 (008.150.000) 05/06 15:29:05 Image size of job updated: 2000000
	146  -  MemoryUsage of job (MB)
	148632  -  ResidentSetSize of job (KB)
...
006 (008.150.000) 05/06 15:29:10 Image size of job updated: 2000000
	156  -  MemoryUsage of job (MB)
	158928  -  ResidentSetSize of job (KB)
...
006 (008.150.000) 05/06 15:29:17 Image size of job updated: 2000000
	165  -  MemoryUsage of job (MB)
	168696  -  ResidentSetSize of job (KB)
...
006 (008.150.000) 05/06 15:29:24 Image size of job updated: 2000000
	188  -  MemoryUsage of job (MB)
	192324  -  ResidentSetSize of job (KB)
...
006 (008.150.000) 05/06 15:29:29 Image size of job updated: 2000000
	193  -  MemoryUsage of job (MB)
	197208  -  ResidentSetSize of job (KB)
...
006 (008.150.000) 05/06 15:29:34 Image size of job updated: 2000000
	204  -  MemoryUsage of job (MB)
	208164  -  ResidentSetSize of job (KB)
...
006 (008.150.000) 05/06 15:29:39 Image size of job updated: 2000000
	215  -  MemoryUsage of job (MB)
	219780  -  ResidentSetSize of job (KB)
...
006 (008.150.000) 05/06 15:29:44 Image size of job updated: 2000000
	225  -  MemoryUsage of job (MB)
	230076  -  ResidentSetSize of job (KB)
...
006 (008.150.000) 05/06 15:29:49 Image size of job updated: 2000000
	235  -  MemoryUsage of job (MB)
	240372  -  ResidentSetSize of job (KB)
...
006 (008.150.000) 05/06 15:29:54 Image size of job updated: 2000000
	243  -  MemoryUsage of job (MB)
	248556  -  ResidentSetSize of job (KB)
...
006 (008.150.000) 05/06 15:29:59 Image size of job updated: 2000000
	253  -  MemoryUsage of job (MB)
	258852  -  ResidentSetSize of job (KB)
...
006 (008.150.000) 05/06 15:30:04 Image size of job updated: 2000000
	292  -  MemoryUsage of job (MB)
	298980  -  ResidentSetSize of job (KB)
...
006 (008.150.000) 05/06 15:30:09 Image size of job updated: 2000000
	337  -  MemoryUsage of job (MB)
	344784  -  ResidentSetSize of job (KB)
...
006 (008.150.000) 05/06 15:30:19 Image size of job updated: 2000000
	415  -  MemoryUsage of job (MB)
	424644  -  ResidentSetSize of job (KB)
...
006 (008.150.000) 05/06 15:30:24 Image size of job updated: 2000000
	473  -  MemoryUsage of job (MB)
	484176  -  ResidentSetSize of job (KB)
...
006 (008.150.000) 05/06 15:30:29 Image size of job updated: 2000000
	1183  -  MemoryUsage of job (MB)
	1210704  -  ResidentSetSize of job (KB)
...
006 (008.150.000) 05/06 15:49:14 Image size of job updated: 2000000
	1209  -  MemoryUsage of job (MB)
	1237500  -  ResidentSetSize of job (KB)
...
006 (008.150.000) 05/06 15:49:20 Image size of job updated: 2227592
	1597  -  MemoryUsage of job (MB)
	1634820  -  ResidentSetSize of job (KB)
...
006 (008.150.000) 05/06 15:49:26 Image size of job updated: 2335688
	1926  -  MemoryUsage of job (MB)
	1971816  -  ResidentSetSize of job (KB)
...
006 (008.150.000) 05/06 15:49:32 Image size of job updated: 2629864
	2035  -  MemoryUsage of job (MB)
	2083356  -  ResidentSetSize of job (KB)
...
006 (008.150.000) 05/06 15:49:38 Image size of job updated: 2755304
	2161  -  MemoryUsage of job (MB)
	2212584  -  ResidentSetSize of job (KB)
...
006 (008.150.000) 05/06 15:49:44 Image size of job updated: 2755304
	2262  -  MemoryUsage of job (MB)
	2315544  -  ResidentSetSize of job (KB)
...
006 (008.150.000) 05/06 15:49:50 Image size of job updated: 3037928
	2370  -  MemoryUsage of job (MB)
	2426028  -  ResidentSetSize of job (KB)
...
006 (008.150.000) 05/06 15:49:56 Image size of job updated: 3157736
	2482  -  MemoryUsage of job (MB)
	2541132  -  ResidentSetSize of job (KB)
...
006 (008.150.000) 05/06 15:50:02 Image size of job updated: 3157736
	2593  -  MemoryUsage of job (MB)
	2655180  -  ResidentSetSize of job (KB)
...
006 (008.150.000) 05/06 15:50:08 Image size of job updated: 3321576
	2703  -  MemoryUsage of job (MB)
	2766984  -  ResidentSetSize of job (KB)
...
006 (008.150.000) 05/06 15:50:14 Image size of job updated: 3431144
	2814  -  MemoryUsage of job (MB)
	2881296  -  ResidentSetSize of job (KB)
...
006 (008.150.000) 05/06 15:50:20 Image size of job updated: 3618536
	2949  -  MemoryUsage of job (MB)
	3018972  -  ResidentSetSize of job (KB)
...
006 (008.150.000) 05/06 15:50:26 Image size of job updated: 3618536
	3080  -  MemoryUsage of job (MB)
	3153084  -  ResidentSetSize of job (KB)
...
006 (008.150.000) 05/06 15:50:32 Image size of job updated: 3618536
	3204  -  MemoryUsage of job (MB)
	3280464  -  ResidentSetSize of job (KB)
...
006 (008.150.000) 05/06 15:50:38 Image size of job updated: 3951336
	3332  -  MemoryUsage of job (MB)
	3411540  -  ResidentSetSize of job (KB)
...
006 (008.150.000) 05/06 15:50:44 Image size of job updated: 3951336
	3479  -  MemoryUsage of job (MB)
	3561624  -  ResidentSetSize of job (KB)
...
006 (008.150.000) 05/06 15:50:51 Image size of job updated: 4279016
	3564  -  MemoryUsage of job (MB)
	3649140  -  ResidentSetSize of job (KB)
...
006 (008.150.000) 05/06 15:50:56 Image size of job updated: 4279016
	3593  -  MemoryUsage of job (MB)
	3678576  -  ResidentSetSize of job (KB)
...
006 (008.150.000) 05/06 15:51:10 Image size of job updated: 4356840
	3712  -  MemoryUsage of job (MB)
	3800280  -  ResidentSetSize of job (KB)
...
006 (008.150.000) 05/06 15:51:19 Image size of job updated: 4524776
	3898  -  MemoryUsage of job (MB)
	3991152  -  ResidentSetSize of job (KB)
...
006 (008.150.000) 05/06 15:51:25 Image size of job updated: 4703976
	4036  -  MemoryUsage of job (MB)
	4132392  -  ResidentSetSize of job (KB)
...
006 (008.150.000) 05/06 15:51:31 Image size of job updated: 4913896
	4156  -  MemoryUsage of job (MB)
	4255548  -  ResidentSetSize of job (KB)
...
006 (008.150.000) 05/06 15:51:37 Image size of job updated: 5017320
	4265  -  MemoryUsage of job (MB)
	4366824  -  ResidentSetSize of job (KB)
...
006 (008.150.000) 05/06 15:51:43 Image size of job updated: 5123816
	4373  -  MemoryUsage of job (MB)
	4477572  -  ResidentSetSize of job (KB)
...
006 (008.150.000) 05/06 15:51:49 Image size of job updated: 5212904
	4482  -  MemoryUsage of job (MB)
	4589112  -  ResidentSetSize of job (KB)
...
006 (008.150.000) 05/06 15:51:55 Image size of job updated: 5212904
	4593  -  MemoryUsage of job (MB)
	4702236  -  ResidentSetSize of job (KB)
...
006 (008.150.000) 05/06 15:52:01 Image size of job updated: 5425896
	4705  -  MemoryUsage of job (MB)
	4817736  -  ResidentSetSize of job (KB)
...
006 (008.150.000) 05/06 15:52:07 Image size of job updated: 5502696
	4816  -  MemoryUsage of job (MB)
	4930728  -  ResidentSetSize of job (KB)
...
006 (008.150.000) 05/06 15:52:13 Image size of job updated: 5612264
	4927  -  MemoryUsage of job (MB)
	5044512  -  ResidentSetSize of job (KB)
...
006 (008.150.000) 05/06 15:52:19 Image size of job updated: 5746408
	5037  -  MemoryUsage of job (MB)
	5157768  -  ResidentSetSize of job (KB)
...
006 (008.150.000) 05/06 15:52:25 Image size of job updated: 5746408
	5150  -  MemoryUsage of job (MB)
	5272872  -  ResidentSetSize of job (KB)
...
006 (008.150.000) 05/06 15:52:31 Image size of job updated: 6033128
	5261  -  MemoryUsage of job (MB)
	5386260  -  ResidentSetSize of job (KB)
...
006 (008.150.000) 05/06 15:52:37 Image size of job updated: 6033128
	5371  -  MemoryUsage of job (MB)
	5499384  -  ResidentSetSize of job (KB)
...
006 (008.150.000) 05/06 15:52:51 Image size of job updated: 6194920
	5406  -  MemoryUsage of job (MB)
	5535024  -  ResidentSetSize of job (KB)
...
006 (008.150.000) 05/06 15:53:05 Image size of job updated: 6325992
	5673  -  MemoryUsage of job (MB)
	5808396  -  ResidentSetSize of job (KB)
...
006 (008.150.000) 05/06 15:53:17 Image size of job updated: 6483688
	5827  -  MemoryUsage of job (MB)
	5966004  -  ResidentSetSize of job (KB)
...
006 (008.150.000) 05/06 15:53:26 Image size of job updated: 6640360
	5921  -  MemoryUsage of job (MB)
	6063024  -  ResidentSetSize of job (KB)
...
006 (008.150.000) 05/06 15:53:32 Image size of job updated: 6754024
	6029  -  MemoryUsage of job (MB)
	6173508  -  ResidentSetSize of job (KB)
...
006 (008.150.000) 05/06 15:53:38 Image size of job updated: 6926056
	6139  -  MemoryUsage of job (MB)
	6286236  -  ResidentSetSize of job (KB)
...
006 (008.150.000) 05/06 15:53:44 Image size of job updated: 6926056
	6249  -  MemoryUsage of job (MB)
	6398172  -  ResidentSetSize of job (KB)
...
006 (008.150.000) 05/06 15:53:50 Image size of job updated: 7091944
	6356  -  MemoryUsage of job (MB)
	6508128  -  ResidentSetSize of job (KB)
...
006 (008.150.000) 05/06 15:53:56 Image size of job updated: 7240424
	6466  -  MemoryUsage of job (MB)
	6620460  -  ResidentSetSize of job (KB)
...
006 (008.150.000) 05/06 15:54:02 Image size of job updated: 7240424
	6575  -  MemoryUsage of job (MB)
	6732132  -  ResidentSetSize of job (KB)
...
006 (008.150.000) 05/06 15:54:10 Image size of job updated: 7240424
	6597  -  MemoryUsage of job (MB)
	6755100  -  ResidentSetSize of job (KB)
...
006 (008.150.000) 05/06 15:54:16 Image size of job updated: 7488232
	6678  -  MemoryUsage of job (MB)
	6837336  -  ResidentSetSize of job (KB)
...
006 (008.150.000) 05/06 15:54:21 Image size of job updated: 7547624
	6769  -  MemoryUsage of job (MB)
	6931452  -  ResidentSetSize of job (KB)
...
006 (008.150.000) 05/06 15:54:26 Image size of job updated: 7547624
	6861  -  MemoryUsage of job (MB)
	7024644  -  ResidentSetSize of job (KB)
...
006 (008.150.000) 05/06 15:54:35 Image size of job updated: 7765736
	6881  -  MemoryUsage of job (MB)
	7046028  -  ResidentSetSize of job (KB)
...
006 (008.150.000) 05/06 15:54:49 Image size of job updated: 7979752
	7053  -  MemoryUsage of job (MB)
	7222116  -  ResidentSetSize of job (KB)
...
006 (008.150.000) 05/06 15:55:00 Image size of job updated: 7979752
	7231  -  MemoryUsage of job (MB)
	7404276  -  ResidentSetSize of job (KB)
...
006 (008.150.000) 05/06 15:55:07 Image size of job updated: 8213224
	7259  -  MemoryUsage of job (MB)
	7432788  -  ResidentSetSize of job (KB)
...
006 (008.150.000) 05/06 15:55:13 Image size of job updated: 8213224
	7368  -  MemoryUsage of job (MB)
	7544064  -  ResidentSetSize of job (KB)
...
006 (008.150.000) 05/06 15:55:19 Image size of job updated: 8450792
	7477  -  MemoryUsage of job (MB)
	7655736  -  ResidentSetSize of job (KB)
...
006 (008.150.000) 05/06 15:55:25 Image size of job updated: 8450792
	7584  -  MemoryUsage of job (MB)
	7765164  -  ResidentSetSize of job (KB)
...
006 (008.150.000) 05/06 15:55:31 Image size of job updated: 8450792
	7658  -  MemoryUsage of job (MB)
	7841724  -  ResidentSetSize of job (KB)
...
006 (008.150.000) 05/06 15:55:37 Image size of job updated: 8741608
	7708  -  MemoryUsage of job (MB)
	7892676  -  ResidentSetSize of job (KB)
...
006 (008.150.000) 05/06 15:55:43 Image size of job updated: 8934120
	7818  -  MemoryUsage of job (MB)
	8005404  -  ResidentSetSize of job (KB)
...
006 (008.150.000) 05/06 15:55:49 Image size of job updated: 9023208
	7927  -  MemoryUsage of job (MB)
	8117208  -  ResidentSetSize of job (KB)
...
006 (008.150.000) 05/06 15:55:55 Image size of job updated: 9023208
	8033  -  MemoryUsage of job (MB)
	8225052  -  ResidentSetSize of job (KB)
...
006 (008.150.000) 05/06 15:56:01 Image size of job updated: 9183976
	8051  -  MemoryUsage of job (MB)
	8244060  -  ResidentSetSize of job (KB)
...
006 (008.150.000) 05/06 15:56:07 Image size of job updated: 9274088
	8134  -  MemoryUsage of job (MB)
	8329068  -  ResidentSetSize of job (KB)
...
006 (008.150.000) 05/06 15:56:13 Image size of job updated: 9274088
	8240  -  MemoryUsage of job (MB)
	8437572  -  ResidentSetSize of job (KB)
...
006 (008.150.000) 05/06 15:56:19 Image size of job updated: 9517800
	8345  -  MemoryUsage of job (MB)
	8544360  -  ResidentSetSize of job (KB)
...
006 (008.150.000) 05/06 15:56:25 Image size of job updated: 9517800
	8451  -  MemoryUsage of job (MB)
	8653524  -  ResidentSetSize of job (KB)
...
006 (008.150.000) 05/06 15:56:34 Image size of job updated: 9517800
	8526  -  MemoryUsage of job (MB)
	8729952  -  ResidentSetSize of job (KB)
...
006 (008.150.000) 05/06 15:56:50 Image size of job updated: 9807592
	8783  -  MemoryUsage of job (MB)
	8993688  -  ResidentSetSize of job (KB)
...
006 (008.150.000) 05/06 15:57:01 Image size of job updated: 10032872
	8974  -  MemoryUsage of job (MB)
	9189180  -  ResidentSetSize of job (KB)
...
005 (008.150.000) 05/06 15:57:21 Job terminated.
	(0) Abnormal termination (signal 9)
	(0) No core file
		Usr 0 00:25:22, Sys 0 00:01:08  -  Run Remote Usage
		Usr 0 00:00:00, Sys 0 00:00:00  -  Run Local Usage
		Usr 0 00:25:22, Sys 0 00:01:08  -  Total Remote Usage
		Usr 0 00:00:00, Sys 0 00:00:00  -  Total Local Usage
	0  -  Run Bytes Sent By Job
	0  -  Run Bytes Received By Job
	0  -  Total Bytes Sent By Job
	0  -  Total Bytes Received By Job
	Partitionable Resources :      Usage  Request Allocated 
	   Cpus                 :       0.99        1         1 
	   Disk (KB)            : 2000000     2000000   6275465 
	   Memory (MB)          :    8974        1954      2007 
...
000 (013.066.000) 05/06 16:49:17 Job submitted from host: <127.0.0.1:9618?addrs=127.0.0.1-9618&noUDP&sock=227_4816_4>
...
001 (013.066.000) 05/06 18:20:20 Job executing on host: <127.0.0.1:9618?addrs=127.0.0.1-9618&noUDP&sock=227_4816_5>
...
006 (013.066.000) 05/06 18:20:25 Image size of job updated: 2000000
	37  -  MemoryUsage of job (MB)
	37092  -  ResidentSetSize of job (KB)
...
006 (013.066.000) 05/06 18:21:22 Image size of job updated: 2000000
	105  -  MemoryUsage of job (MB)
	107184  -  ResidentSetSize of job (KB)
...
006 (013.066.000) 05/06 18:21:55 Image size of job updated: 2000000
	178  -  MemoryUsage of job (MB)
	181764  -  ResidentSetSize of job (KB)
...
006 (013.066.000) 05/06 18:22:25 Image size of job updated: 2000000
	201  -  MemoryUsage of job (MB)
	204864  -  ResidentSetSize of job (KB)
...
006 (013.066.000) 05/06 18:23:01 Image size of job updated: 2000000
	246  -  MemoryUsage of job (MB)
	251460  -  ResidentSetSize of job (KB)
...
006 (013.066.000) 05/06 18:23:31 Image size of job updated: 2000000
	340  -  MemoryUsage of job (MB)
	347160  -  ResidentSetSize of job (KB)
...
006 (013.066.000) 05/06 18:24:01 Image size of job updated: 2000000
	469  -  MemoryUsage of job (MB)
	479556  -  ResidentSetSize of job (KB)
...
006 (013.066.000) 05/06 18:24:20 Image size of job updated: 2000000
	1183  -  MemoryUsage of job (MB)
	1211100  -  ResidentSetSize of job (KB)
...
006 (013.066.000) 05/06 18:41:28 Image size of job updated: 2000000
	1190  -  MemoryUsage of job (MB)
	1218360  -  ResidentSetSize of job (KB)
...
006 (013.066.000) 05/06 18:41:33 Image size of job updated: 2000000
	1525  -  MemoryUsage of job (MB)
	1561428  -  ResidentSetSize of job (KB)
...
006 (013.066.000) 05/06 18:41:38 Image size of job updated: 2297032
	1635  -  MemoryUsage of job (MB)
	1673232  -  ResidentSetSize of job (KB)
...
006 (013.066.000) 05/06 18:41:43 Image size of job updated: 2297032
	1651  -  MemoryUsage of job (MB)
	1690128  -  ResidentSetSize of job (KB)
...
006 (013.066.000) 05/06 18:41:48 Image size of job updated: 2374600
	1651  -  MemoryUsage of job (MB)
	1690128  -  ResidentSetSize of job (KB)
...
006 (013.066.000) 05/06 18:41:53 Image size of job updated: 2629096
	1871  -  MemoryUsage of job (MB)
	1915716  -  ResidentSetSize of job (KB)
...
006 (013.066.000) 05/06 18:41:58 Image size of job updated: 2629096
	2032  -  MemoryUsage of job (MB)
	2079792  -  ResidentSetSize of job (KB)
...
006 (013.066.000) 05/06 18:42:03 Image size of job updated: 2752232
	2123  -  MemoryUsage of job (MB)
	2173380  -  ResidentSetSize of job (KB)
...
006 (013.066.000) 05/06 18:42:08 Image size of job updated: 2895592
	2207  -  MemoryUsage of job (MB)
	2259576  -  ResidentSetSize of job (KB)
...
006 (013.066.000) 05/06 18:42:13 Image size of job updated: 2895592
	2296  -  MemoryUsage of job (MB)
	2350524  -  ResidentSetSize of job (KB)
...
006 (013.066.000) 05/06 18:42:18 Image size of job updated: 2895592
	2331  -  MemoryUsage of job (MB)
	2386032  -  ResidentSetSize of job (KB)
...
006 (013.066.000) 05/06 18:42:23 Image size of job updated: 3070696
	2359  -  MemoryUsage of job (MB)
	2415204  -  ResidentSetSize of job (KB)
...
006 (013.066.000) 05/06 18:42:29 Image size of job updated: 3123944
	2459  -  MemoryUsage of job (MB)
	2517504  -  ResidentSetSize of job (KB)
...
006 (013.066.000) 05/06 18:42:35 Image size of job updated: 3123944
	2556  -  MemoryUsage of job (MB)
	2617032  -  ResidentSetSize of job (KB)
...
006 (013.066.000) 05/06 18:42:41 Image size of job updated: 3370728
	2651  -  MemoryUsage of job (MB)
	2714184  -  ResidentSetSize of job (KB)
...
006 (013.066.000) 05/06 18:42:47 Image size of job updated: 3407592
	2688  -  MemoryUsage of job (MB)
	2751672  -  ResidentSetSize of job (KB)
...
006 (013.066.000) 05/06 18:42:52 Image size of job updated: 3522280
	2782  -  MemoryUsage of job (MB)
	2848428  -  ResidentSetSize of job (KB)
...
006 (013.066.000) 05/06 18:42:57 Image size of job updated: 3599080
	2865  -  MemoryUsage of job (MB)
	2932908  -  ResidentSetSize of job (KB)
...
006 (013.066.000) 05/06 18:43:02 Image size of job updated: 3599080
	2944  -  MemoryUsage of job (MB)
	3014484  -  ResidentSetSize of job (KB)
...
006 (013.066.000) 05/06 18:43:11 Image size of job updated: 3757800
	2992  -  MemoryUsage of job (MB)
	3062796  -  ResidentSetSize of job (KB)
...
006 (013.066.000) 05/06 18:43:17 Image size of job updated: 3757800
	3092  -  MemoryUsage of job (MB)
	3165888  -  ResidentSetSize of job (KB)
...
006 (013.066.000) 05/06 18:43:23 Image size of job updated: 3879656
	3190  -  MemoryUsage of job (MB)
	3265680  -  ResidentSetSize of job (KB)
...
006 (013.066.000) 05/06 18:43:31 Image size of job updated: 4019944
	3270  -  MemoryUsage of job (MB)
	3348312  -  ResidentSetSize of job (KB)
...
006 (013.066.000) 05/06 18:43:36 Image size of job updated: 4112104
	3351  -  MemoryUsage of job (MB)
	3430416  -  ResidentSetSize of job (KB)
...
006 (013.066.000) 05/06 18:43:41 Image size of job updated: 4112104
	3430  -  MemoryUsage of job (MB)
	3512256  -  ResidentSetSize of job (KB)
...
006 (013.066.000) 05/06 18:43:46 Image size of job updated: 4256488
	3513  -  MemoryUsage of job (MB)
	3596736  -  ResidentSetSize of job (KB)
...
006 (013.066.000) 05/06 18:43:51 Image size of job updated: 4256488
	3591  -  MemoryUsage of job (MB)
	3677124  -  ResidentSetSize of job (KB)
...
006 (013.066.000) 05/06 18:43:58 Image size of job updated: 4413160
	3593  -  MemoryUsage of job (MB)
	3678840  -  ResidentSetSize of job (KB)
...
006 (013.066.000) 05/06 18:44:05 Image size of job updated: 4523752
	3695  -  MemoryUsage of job (MB)
	3783516  -  ResidentSetSize of job (KB)
...
006 (013.066.000) 05/06 18:44:10 Image size of job updated: 4525800
	3772  -  MemoryUsage of job (MB)
	3861924  -  ResidentSetSize of job (KB)
...
006 (013.066.000) 05/06 18:44:15 Image size of job updated: 4525800
	3849  -  MemoryUsage of job (MB)
	3941124  -  ResidentSetSize of job (KB)
...
006 (013.066.000) 05/06 18:44:30 Image size of job updated: 4849384
	3978  -  MemoryUsage of job (MB)
	4073388  -  ResidentSetSize of job (KB)
...
006 (013.066.000) 05/06 18:45:01 Image size of job updated: 5111528
	4362  -  MemoryUsage of job (MB)
	4466616  -  ResidentSetSize of job (KB)
...
006 (013.066.000) 05/06 18:45:26 Image size of job updated: 5540584
	4699  -  MemoryUsage of job (MB)
	4811400  -  ResidentSetSize of job (KB)
...
006 (013.066.000) 05/06 18:45:41 Image size of job updated: 5772008
	4884  -  MemoryUsage of job (MB)
	5000292  -  ResidentSetSize of job (KB)
...
006 (013.066.000) 05/06 18:45:50 Image size of job updated: 5973736
	5001  -  MemoryUsage of job (MB)
	5120148  -  ResidentSetSize of job (KB)
...
006 (013.066.000) 05/06 18:45:56 Image size of job updated: 5991144
	5066  -  MemoryUsage of job (MB)
	5187468  -  ResidentSetSize of job (KB)
...
006 (013.066.000) 05/06 18:46:02 Image size of job updated: 6087400
	5165  -  MemoryUsage of job (MB)
	5288448  -  ResidentSetSize of job (KB)
...
006 (013.066.000) 05/06 18:46:08 Image size of job updated: 6257384
	5260  -  MemoryUsage of job (MB)
	5385864  -  ResidentSetSize of job (KB)
...
006 (013.066.000) 05/06 18:46:20 Image size of job updated: 6257384
	5284  -  MemoryUsage of job (MB)
	5410680  -  ResidentSetSize of job (KB)
...
006 (013.066.000) 05/06 18:46:31 Image size of job updated: 6517480
	5505  -  MemoryUsage of job (MB)
	5636400  -  ResidentSetSize of job (KB)
...
006 (013.066.000) 05/06 18:46:39 Image size of job updated: 6675176
	5654  -  MemoryUsage of job (MB)
	5788728  -  ResidentSetSize of job (KB)
...
006 (013.066.000) 05/06 18:46:44 Image size of job updated: 6775528
	5697  -  MemoryUsage of job (MB)
	5833080  -  ResidentSetSize of job (KB)
...
006 (013.066.000) 05/06 18:46:49 Image size of job updated: 6810344
	5697  -  MemoryUsage of job (MB)
	5833080  -  ResidentSetSize of job (KB)
...
006 (013.066.000) 05/06 18:46:55 Image size of job updated: 6907624
	5769  -  MemoryUsage of job (MB)
	5907000  -  ResidentSetSize of job (KB)
...
006 (013.066.000) 05/06 18:47:01 Image size of job updated: 6991592
	5866  -  MemoryUsage of job (MB)
	6006000  -  ResidentSetSize of job (KB)
...
006 (013.066.000) 05/06 18:47:10 Image size of job updated: 6991592
	5955  -  MemoryUsage of job (MB)
	6097080  -  ResidentSetSize of job (KB)
...
006 (013.066.000) 05/06 18:47:19 Image size of job updated: 7150312
	6045  -  MemoryUsage of job (MB)
	6189612  -  ResidentSetSize of job (KB)
...
006 (013.066.000) 05/06 18:47:27 Image size of job updated: 7220968
	6173  -  MemoryUsage of job (MB)
	6320292  -  ResidentSetSize of job (KB)
...
006 (013.066.000) 05/06 18:47:33 Image size of job updated: 7389928
	6269  -  MemoryUsage of job (MB)
	6418896  -  ResidentSetSize of job (KB)
...
006 (013.066.000) 05/06 18:47:39 Image size of job updated: 7389928
	6365  -  MemoryUsage of job (MB)
	6516840  -  ResidentSetSize of job (KB)
...
006 (013.066.000) 05/06 18:47:45 Image size of job updated: 7389928
	6458  -  MemoryUsage of job (MB)
	6612936  -  ResidentSetSize of job (KB)
...
006 (013.066.000) 05/06 18:47:53 Image size of job updated: 7639784
	6483  -  MemoryUsage of job (MB)
	6637752  -  ResidentSetSize of job (KB)
...
006 (013.066.000) 05/06 18:47:59 Image size of job updated: 7639784
	6508  -  MemoryUsage of job (MB)
	6663888  -  ResidentSetSize of job (KB)
...
006 (013.066.000) 05/06 18:48:05 Image size of job updated: 7716584
	6564  -  MemoryUsage of job (MB)
	6721308  -  ResidentSetSize of job (KB)
...
006 (013.066.000) 05/06 18:48:11 Image size of job updated: 7786216
	6659  -  MemoryUsage of job (MB)
	6818196  -  ResidentSetSize of job (KB)
...
006 (013.066.000) 05/06 18:48:17 Image size of job updated: 7786216
	6753  -  MemoryUsage of job (MB)
	6914556  -  ResidentSetSize of job (KB)
...
006 (013.066.000) 05/06 18:48:23 Image size of job updated: 8026856
	6848  -  MemoryUsage of job (MB)
	7012104  -  ResidentSetSize of job (KB)
...
006 (013.066.000) 05/06 18:48:29 Image size of job updated: 8130280
	6943  -  MemoryUsage of job (MB)
	7108992  -  ResidentSetSize of job (KB)
...
006 (013.066.000) 05/06 18:48:35 Image size of job updated: 8130280
	7034  -  MemoryUsage of job (MB)
	7202712  -  ResidentSetSize of job (KB)
...
006 (013.066.000) 05/06 18:48:41 Image size of job updated: 8275688
	7074  -  MemoryUsage of job (MB)
	7243236  -  ResidentSetSize of job (KB)
...
006 (013.066.000) 05/06 18:48:47 Image size of job updated: 8275688
	7094  -  MemoryUsage of job (MB)
	7263696  -  ResidentSetSize of job (KB)
...
006 (013.066.000) 05/06 18:48:53 Image size of job updated: 8365800
	7209  -  MemoryUsage of job (MB)
	7381704  -  ResidentSetSize of job (KB)
...
006 (013.066.000) 05/06 18:48:59 Image size of job updated: 8562408
	7317  -  MemoryUsage of job (MB)
	7492452  -  ResidentSetSize of job (KB)
...
006 (013.066.000) 05/06 18:49:05 Image size of job updated: 8640232
	7430  -  MemoryUsage of job (MB)
	7607556  -  ResidentSetSize of job (KB)
...
006 (013.066.000) 05/06 18:49:11 Image size of job updated: 8788712
	7533  -  MemoryUsage of job (MB)
	7712892  -  ResidentSetSize of job (KB)
...
006 (013.066.000) 05/06 18:49:17 Image size of job updated: 8913640
	7639  -  MemoryUsage of job (MB)
	7821396  -  ResidentSetSize of job (KB)
...
006 (013.066.000) 05/06 18:49:23 Image size of job updated: 9020136
	7743  -  MemoryUsage of job (MB)
	7928052  -  ResidentSetSize of job (KB)
...
006 (013.066.000) 05/06 18:49:29 Image size of job updated: 9075432
	7844  -  MemoryUsage of job (MB)
	8031276  -  ResidentSetSize of job (KB)
...
006 (013.066.000) 05/06 18:49:35 Image size of job updated: 9075432
	7944  -  MemoryUsage of job (MB)
	8134236  -  ResidentSetSize of job (KB)
...
006 (013.066.000) 05/06 18:49:41 Image size of job updated: 9075432
	8044  -  MemoryUsage of job (MB)
	8236932  -  ResidentSetSize of job (KB)
...
006 (013.066.000) 05/06 18:49:47 Image size of job updated: 9333480
	8166  -  MemoryUsage of job (MB)
	8361144  -  ResidentSetSize of job (KB)
...
006 (013.066.000) 05/06 18:49:53 Image size of job updated: 9333480
	8279  -  MemoryUsage of job (MB)
	8477568  -  ResidentSetSize of job (KB)
...
006 (013.066.000) 05/06 18:49:59 Image size of job updated: 9671400
	8356  -  MemoryUsage of job (MB)
	8555844  -  ResidentSetSize of job (KB)
...
006 (013.066.000) 05/06 18:50:05 Image size of job updated: 9671400
	8421  -  MemoryUsage of job (MB)
	8622636  -  ResidentSetSize of job (KB)
...
006 (013.066.000) 05/06 18:50:11 Image size of job updated: 9836264
	8481  -  MemoryUsage of job (MB)
	8684412  -  ResidentSetSize of job (KB)
...
006 (013.066.000) 05/06 18:50:17 Image size of job updated: 9969384
	8587  -  MemoryUsage of job (MB)
	8792520  -  ResidentSetSize of job (KB)
...
006 (013.066.000) 05/06 18:50:23 Image size of job updated: 10076904
	8682  -  MemoryUsage of job (MB)
	8890332  -  ResidentSetSize of job (KB)
...
006 (013.066.000) 05/06 18:50:28 Image size of job updated: 10076904
	8753  -  MemoryUsage of job (MB)
	8962932  -  ResidentSetSize of job (KB)
...
005 (013.066.000) 05/06 18:50:38 Job terminated.
	(0) Abnormal termination (signal 9)
	(0) No core file
		Usr 0 00:25:16, Sys 0 00:01:33  -  Run Remote Usage
		Usr 0 00:00:00, Sys 0 00:00:00  -  Run Local Usage
		Usr 0 00:25:16, Sys 0 00:01:33  -  Total Remote Usage
		Usr 0 00:00:00, Sys 0 00:00:00  -  Total Local Usage
	0  -  Run Bytes Sent By Job
	0  -  Run Bytes Received By Job
	0  -  Total Bytes Sent By Job
	0  -  Total Bytes Received By Job
	Partitionable Resources :      Usage  Request Allocated 
	   Cpus                 :       0.99        1         1 
	   Disk (KB)            : 2000000     2000000   6275465 
	   Memory (MB)          :    8753        1954      2007 
...
