000 (194.104.000) 05/05 21:23:33 Job submitted from host: <127.0.0.1:9618?addrs=127.0.0.1-9618&noUDP&sock=222_da1d_4>
...
001 (194.104.000) 05/06 09:57:19 Job executing on host: <127.0.0.1:9618?addrs=127.0.0.1-9618&noUDP&sock=222_da1d_5>
...
006 (194.104.000) 05/06 09:57:24 Image size of job updated: 2000000
	98  -  MemoryUsage of job (MB)
	99792  -  ResidentSetSize of job (KB)
...
006 (194.104.000) 05/06 09:57:29 Image size of job updated: 2000000
	105  -  MemoryUsage of job (MB)
	107052  -  ResidentSetSize of job (KB)
...
006 (194.104.000) 05/06 09:57:54 Image size of job updated: 2000000
	145  -  MemoryUsage of job (MB)
	148368  -  ResidentSetSize of job (KB)
...
006 (194.104.000) 05/06 09:57:59 Image size of job updated: 2000000
	188  -  MemoryUsage of job (MB)
	192060  -  ResidentSetSize of job (KB)
...
006 (194.104.000) 05/06 09:58:19 Image size of job updated: 2000000
	192  -  MemoryUsage of job (MB)
	196152  -  ResidentSetSize of job (KB)
...
006 (194.104.000) 05/06 09:58:28 Image size of job updated: 2000000
	216  -  MemoryUsage of job (MB)
	220572  -  ResidentSetSize of job (KB)
...
006 (194.104.000) 05/06 09:58:33 Image size of job updated: 2000000
	230  -  MemoryUsage of job (MB)
	234960  -  ResidentSetSize of job (KB)
...
006 (194.104.000) 05/06 09:58:38 Image size of job updated: 2000000
	236  -  MemoryUsage of job (MB)
	241164  -  ResidentSetSize of job (KB)
...
006 (194.104.000) 05/06 09:58:43 Image size of job updated: 2000000
	243  -  MemoryUsage of job (MB)
	248424  -  ResidentSetSize of job (KB)
...
006 (194.104.000) 05/06 09:58:48 Image size of job updated: 2000000
	284  -  MemoryUsage of job (MB)
	290400  -  ResidentSetSize of job (KB)
...
006 (194.104.000) 05/06 09:58:53 Image size of job updated: 2000000
	321  -  MemoryUsage of job (MB)
	328416  -  ResidentSetSize of job (KB)
...
006 (194.104.000) 05/06 09:59:07 Image size of job updated: 2000000
	332  -  MemoryUsage of job (MB)
	339636  -  ResidentSetSize of job (KB)
...
006 (194.104.000) 05/06 09:59:23 Image size of job updated: 2000000
	485  -  MemoryUsage of job (MB)
	495660  -  ResidentSetSize of job (KB)
...
006 (194.104.000) 05/06 09:59:36 Image size of job updated: 2000000
	1173  -  MemoryUsage of job (MB)
	1200804  -  ResidentSetSize of job (KB)
...
006 (194.104.000) 05/06 10:17:49 Image size of job updated: 2000000
	1181  -  MemoryUsage of job (MB)
	1208856  -  ResidentSetSize of job (KB)
...
006 (194.104.000) 05/06 10:17:54 Image size of job updated: 2027660
	1324  -  MemoryUsage of job (MB)
	1355376  -  ResidentSetSize of job (KB)
...
006 (194.104.000) 05/06 10:17:59 Image size of job updated: 2027660
	1579  -  MemoryUsage of job (MB)
	1616736  -  ResidentSetSize of job (KB)
...
006 (194.104.000) 05/06 10:18:04 Image size of job updated: 2394572
	1666  -  MemoryUsage of job (MB)
	1705176  -  ResidentSetSize of job (KB)
...
006 (194.104.000) 05/06 10:18:09 Image size of job updated: 2612204
	1851  -  MemoryUsage of job (MB)
	1895256  -  ResidentSetSize of job (KB)
...
006 (194.104.000) 05/06 10:18:24 Image size of job updated: 2612204
	1853  -  MemoryUsage of job (MB)
	1896708  -  ResidentSetSize of job (KB)
...
006 (194.104.000) 05/06 10:19:19 Image size of job updated: 2612204
	1859  -  MemoryUsage of job (MB)
	1902780  -  ResidentSetSize of job (KB)
...
006 (194.104.000) 05/06 10:19:43 Image size of job updated: 2612204
	1860  -  MemoryUsage of job (MB)
	1904628  -  ResidentSetSize of job (KB)
...
006 (194.104.000) 05/06 10:19:48 Image size of job updated: 2612204
	1864  -  MemoryUsage of job (MB)
	1908324  -  ResidentSetSize of job (KB)
...
006 (194.104.000) 05/06 10:19:53 Image size of job updated: 2617836
	1867  -  MemoryUsage of job (MB)
	1911756  -  ResidentSetSize of job (KB)
...
006 (194.104.000) 05/06 10:19:58 Image size of job updated: 2619884
	1872  -  MemoryUsage of job (MB)
	1916112  -  ResidentSetSize of job (KB)
...
006 (194.104.000) 05/06 10:20:03 Image size of job updated: 2619884
	1876  -  MemoryUsage of job (MB)
	1920072  -  ResidentSetSize of job (KB)
...
006 (194.104.000) 05/06 10:20:08 Image size of job updated: 2629100
	1882  -  MemoryUsage of job (MB)
	1926672  -  ResidentSetSize of job (KB)
...
006 (194.104.000) 05/06 10:20:13 Image size of job updated: 2629100
	1885  -  MemoryUsage of job (MB)
	1930104  -  ResidentSetSize of job (KB)
...
006 (194.104.000) 05/06 10:20:18 Image size of job updated: 2629100
	1889  -  MemoryUsage of job (MB)
	1933404  -  ResidentSetSize of job (KB)
...
006 (194.104.000) 05/06 10:20:23 Image size of job updated: 2641388
	1893  -  MemoryUsage of job (MB)
	1937496  -  ResidentSetSize of job (KB)
...
006 (194.104.000) 05/06 10:20:28 Image size of job updated: 2641388
	1897  -  MemoryUsage of job (MB)
	1942512  -  ResidentSetSize of job (KB)
...
006 (194.104.000) 05/06 10:20:33 Image size of job updated: 2641388
	1900  -  MemoryUsage of job (MB)
	1945284  -  ResidentSetSize of job (KB)
...
006 (194.104.000) 05/06 10:20:38 Image size of job updated: 2653676
	1900  -  MemoryUsage of job (MB)
	1945284  -  ResidentSetSize of job (KB)
...
006 (194.104.000) 05/06 10:20:52 Image size of job updated: 2660844
	1900  -  MemoryUsage of job (MB)
	1945284  -  ResidentSetSize of job (KB)
...
006 (194.104.000) 05/06 10:21:02 Image size of job updated: 2665964
	1900  -  MemoryUsage of job (MB)
	1945284  -  ResidentSetSize of job (KB)
...
006 (194.104.000) 05/06 10:21:07 Image size of job updated: 2672108
	1900  -  MemoryUsage of job (MB)
	1945284  -  ResidentSetSize of job (KB)
...
006 (194.104.000) 05/06 10:21:17 Image size of job updated: 2678252
	1900  -  MemoryUsage of job (MB)
	1945284  -  ResidentSetSize of job (KB)
...
006 (194.104.000) 05/06 10:21:27 Image size of job updated: 2685420
	1900  -  MemoryUsage of job (MB)
	1945284  -  ResidentSetSize of job (KB)
...
006 (194.104.000) 05/06 10:21:42 Image size of job updated: 2699756
	1900  -  MemoryUsage of job (MB)
	1945284  -  ResidentSetSize of job (KB)
...
006 (194.104.000) 05/06 10:21:47 Image size of job updated: 2704876
	1900  -  MemoryUsage of job (MB)
	1945284  -  ResidentSetSize of job (KB)
...
006 (194.104.000) 05/06 10:22:19 Image size of job updated: 2842092
	1900  -  MemoryUsage of job (MB)
	1945284  -  ResidentSetSize of job (KB)
...
005 (194.104.000) 05/06 10:22:19 Job terminated.
	(1) Normal termination (return value 0)
		Usr 0 00:22:44, Sys 0 00:00:36  -  Run Remote Usage
		Usr 0 00:00:00, Sys 0 00:00:00  -  Run Local Usage
		Usr 0 00:22:44, Sys 0 00:00:36  -  Total Remote Usage
		Usr 0 00:00:00, Sys 0 00:00:00  -  Total Local Usage
	0  -  Run Bytes Sent By Job
	0  -  Run Bytes Received By Job
	0  -  Total Bytes Sent By Job
	0  -  Total Bytes Received By Job
	Partitionable Resources :      Usage  Request Allocated 
	   Cpus                 :       0.45        1         1 
	   Disk (KB)            : 2000000     2000000   6540465 
	   Memory (MB)          :    1900        1954      2007 
...
