000 (205.1614.000) 05/06 03:17:59 Job submitted from host: <127.0.0.1:9618?addrs=127.0.0.1-9618&noUDP&sock=222_da1d_4>
...
033 (205.1614.000) 05/06 14:21:37 Changing job attribute JobPrio from 0 to -5
...
000 (007.1614.000) 05/07 18:59:37 Job submitted from host: <127.0.0.1:9618?addrs=127.0.0.1-9618&noUDP&sock=215_0cf3_4>
...
000 (016.1614.000) 05/08 15:56:48 Job submitted from host: <127.0.0.1:9618?addrs=127.0.0.1-9618&noUDP&sock=227_4816_4>
...
001 (016.1614.000) 05/09 03:41:12 Job executing on host: <127.0.0.1:9618?addrs=127.0.0.1-9618&noUDP&sock=227_4816_5>
...
006 (016.1614.000) 05/09 03:41:18 Image size of job updated: 2000000
	37  -  MemoryUsage of job (MB)
	37224  -  ResidentSetSize of job (KB)
...
006 (016.1614.000) 05/09 03:41:24 Image size of job updated: 2000000
	114  -  MemoryUsage of job (MB)
	116688  -  ResidentSetSize of job (KB)
...
006 (016.1614.000) 05/09 04:00:09 Image size of job updated: 2000000
	208  -  MemoryUsage of job (MB)
	212784  -  ResidentSetSize of job (KB)
...
006 (016.1614.000) 05/09 04:00:14 Image size of job updated: 2000000
	211  -  MemoryUsage of job (MB)
	215424  -  ResidentSetSize of job (KB)
...
006 (016.1614.000) 05/09 04:00:19 Image size of job updated: 2000000
	221  -  MemoryUsage of job (MB)
	225456  -  ResidentSetSize of job (KB)
...
006 (016.1614.000) 05/09 04:00:24 Image size of job updated: 2000000
	235  -  MemoryUsage of job (MB)
	240372  -  ResidentSetSize of job (KB)
...
006 (016.1614.000) 05/09 04:00:30 Image size of job updated: 2000000
	254  -  MemoryUsage of job (MB)
	259776  -  ResidentSetSize of job (KB)
...
006 (016.1614.000) 05/09 04:00:36 Image size of job updated: 2000000
	269  -  MemoryUsage of job (MB)
	275088  -  ResidentSetSize of job (KB)
...
006 (016.1614.000) 05/09 04:00:42 Image size of job updated: 2000000
	273  -  MemoryUsage of job (MB)
	278916  -  ResidentSetSize of job (KB)
...
006 (016.1614.000) 05/09 04:00:48 Image size of job updated: 2000000
	281  -  MemoryUsage of job (MB)
	287364  -  ResidentSetSize of job (KB)
...
006 (016.1614.000) 05/09 04:00:54 Image size of job updated: 2000000
	351  -  MemoryUsage of job (MB)
	358644  -  ResidentSetSize of job (KB)
...
006 (016.1614.000) 05/09 04:01:00 Image size of job updated: 2000000
	379  -  MemoryUsage of job (MB)
	388080  -  ResidentSetSize of job (KB)
...
006 (016.1614.000) 05/09 04:01:06 Image size of job updated: 2000000
	386  -  MemoryUsage of job (MB)
	395076  -  ResidentSetSize of job (KB)
...
006 (016.1614.000) 05/09 04:01:12 Image size of job updated: 2000000
	496  -  MemoryUsage of job (MB)
	507804  -  ResidentSetSize of job (KB)
...
006 (016.1614.000) 05/09 04:01:18 Image size of job updated: 2000000
	1244  -  MemoryUsage of job (MB)
	1273668  -  ResidentSetSize of job (KB)
...
006 (016.1614.000) 05/09 04:13:01 Image size of job updated: 2000000
	1246  -  MemoryUsage of job (MB)
	1275384  -  ResidentSetSize of job (KB)
...
006 (016.1614.000) 05/09 04:13:07 Image size of job updated: 2000000
	1327  -  MemoryUsage of job (MB)
	1358544  -  ResidentSetSize of job (KB)
...
006 (016.1614.000) 05/09 04:13:12 Image size of job updated: 2000000
	1718  -  MemoryUsage of job (MB)
	1758240  -  ResidentSetSize of job (KB)
...
006 (016.1614.000) 05/09 04:13:17 Image size of job updated: 2381528
	2024  -  MemoryUsage of job (MB)
	2072268  -  ResidentSetSize of job (KB)
...
006 (016.1614.000) 05/09 04:13:27 Image size of job updated: 2760424
	2082  -  MemoryUsage of job (MB)
	2131800  -  ResidentSetSize of job (KB)
...
006 (016.1614.000) 05/09 04:13:32 Image size of job updated: 2867944
	2186  -  MemoryUsage of job (MB)
	2237532  -  ResidentSetSize of job (KB)
...
006 (016.1614.000) 05/09 04:13:37 Image size of job updated: 2969320
	2289  -  MemoryUsage of job (MB)
	2343660  -  ResidentSetSize of job (KB)
...
006 (016.1614.000) 05/09 04:13:42 Image size of job updated: 3068648
	2383  -  MemoryUsage of job (MB)
	2440152  -  ResidentSetSize of job (KB)
...
006 (016.1614.000) 05/09 04:13:47 Image size of job updated: 3159784
	2474  -  MemoryUsage of job (MB)
	2533212  -  ResidentSetSize of job (KB)
...
006 (016.1614.000) 05/09 04:13:52 Image size of job updated: 3159784
	2564  -  MemoryUsage of job (MB)
	2625480  -  ResidentSetSize of job (KB)
...
006 (016.1614.000) 05/09 04:13:57 Image size of job updated: 3159784
	2656  -  MemoryUsage of job (MB)
	2719464  -  ResidentSetSize of job (KB)
...
006 (016.1614.000) 05/09 04:14:02 Image size of job updated: 3438312
	2750  -  MemoryUsage of job (MB)
	2815296  -  ResidentSetSize of job (KB)
...
006 (016.1614.000) 05/09 04:14:07 Image size of job updated: 3438312
	2842  -  MemoryUsage of job (MB)
	2909940  -  ResidentSetSize of job (KB)
...
006 (016.1614.000) 05/09 04:14:12 Image size of job updated: 3557096
	2934  -  MemoryUsage of job (MB)
	3004320  -  ResidentSetSize of job (KB)
...
006 (016.1614.000) 05/09 04:14:17 Image size of job updated: 3719912
	3025  -  MemoryUsage of job (MB)
	3097248  -  ResidentSetSize of job (KB)
...
006 (016.1614.000) 05/09 04:14:22 Image size of job updated: 3719912
	3098  -  MemoryUsage of job (MB)
	3172224  -  ResidentSetSize of job (KB)
...
006 (016.1614.000) 05/09 04:14:28 Image size of job updated: 3719912
	3174  -  MemoryUsage of job (MB)
	3249840  -  ResidentSetSize of job (KB)
...
006 (016.1614.000) 05/09 04:14:34 Image size of job updated: 3938024
	3254  -  MemoryUsage of job (MB)
	3331548  -  ResidentSetSize of job (KB)
...
006 (016.1614.000) 05/09 04:14:40 Image size of job updated: 3938024
	3331  -  MemoryUsage of job (MB)
	3410088  -  ResidentSetSize of job (KB)
...
006 (016.1614.000) 05/09 04:14:46 Image size of job updated: 3938024
	3409  -  MemoryUsage of job (MB)
	3490344  -  ResidentSetSize of job (KB)
...
006 (016.1614.000) 05/09 04:14:52 Image size of job updated: 4159208
	3487  -  MemoryUsage of job (MB)
	3569676  -  ResidentSetSize of job (KB)
...
006 (016.1614.000) 05/09 04:14:58 Image size of job updated: 4159208
	3565  -  MemoryUsage of job (MB)
	3650064  -  ResidentSetSize of job (KB)
...
006 (016.1614.000) 05/09 04:15:04 Image size of job updated: 4159208
	3641  -  MemoryUsage of job (MB)
	3728340  -  ResidentSetSize of job (KB)
...
006 (016.1614.000) 05/09 04:15:10 Image size of job updated: 4366056
	3719  -  MemoryUsage of job (MB)
	3808068  -  ResidentSetSize of job (KB)
...
006 (016.1614.000) 05/09 04:15:16 Image size of job updated: 4366056
	3796  -  MemoryUsage of job (MB)
	3886476  -  ResidentSetSize of job (KB)
...
006 (016.1614.000) 05/09 04:15:22 Image size of job updated: 4562664
	3873  -  MemoryUsage of job (MB)
	3965412  -  ResidentSetSize of job (KB)
...
006 (016.1614.000) 05/09 04:15:28 Image size of job updated: 4562664
	3952  -  MemoryUsage of job (MB)
	4046328  -  ResidentSetSize of job (KB)
...
006 (016.1614.000) 05/09 04:15:34 Image size of job updated: 4731624
	4032  -  MemoryUsage of job (MB)
	4128564  -  ResidentSetSize of job (KB)
...
006 (016.1614.000) 05/09 04:15:40 Image size of job updated: 4772584
	4111  -  MemoryUsage of job (MB)
	4209348  -  ResidentSetSize of job (KB)
...
006 (016.1614.000) 05/09 04:15:46 Image size of job updated: 4910824
	4189  -  MemoryUsage of job (MB)
	4288680  -  ResidentSetSize of job (KB)
...
006 (016.1614.000) 05/09 04:15:52 Image size of job updated: 4965096
	4267  -  MemoryUsage of job (MB)
	4368804  -  ResidentSetSize of job (KB)
...
006 (016.1614.000) 05/09 04:15:58 Image size of job updated: 4965096
	4345  -  MemoryUsage of job (MB)
	4448532  -  ResidentSetSize of job (KB)
...
006 (016.1614.000) 05/09 04:16:04 Image size of job updated: 4965096
	4420  -  MemoryUsage of job (MB)
	4525884  -  ResidentSetSize of job (KB)
...
006 (016.1614.000) 05/09 04:16:10 Image size of job updated: 5161704
	4497  -  MemoryUsage of job (MB)
	4604160  -  ResidentSetSize of job (KB)
...
006 (016.1614.000) 05/09 04:16:16 Image size of job updated: 5161704
	4574  -  MemoryUsage of job (MB)
	4683756  -  ResidentSetSize of job (KB)
...
006 (016.1614.000) 05/09 04:16:22 Image size of job updated: 5356264
	4651  -  MemoryUsage of job (MB)
	4762296  -  ResidentSetSize of job (KB)
...
006 (016.1614.000) 05/09 04:16:28 Image size of job updated: 5356264
	4727  -  MemoryUsage of job (MB)
	4840440  -  ResidentSetSize of job (KB)
...
006 (016.1614.000) 05/09 04:16:34 Image size of job updated: 5356264
	4802  -  MemoryUsage of job (MB)
	4917000  -  ResidentSetSize of job (KB)
...
006 (016.1614.000) 05/09 04:16:40 Image size of job updated: 5561064
	4877  -  MemoryUsage of job (MB)
	4993956  -  ResidentSetSize of job (KB)
...
006 (016.1614.000) 05/09 04:16:46 Image size of job updated: 5561064
	4954  -  MemoryUsage of job (MB)
	5072628  -  ResidentSetSize of job (KB)
...
006 (016.1614.000) 05/09 04:16:52 Image size of job updated: 5754600
	5032  -  MemoryUsage of job (MB)
	5151828  -  ResidentSetSize of job (KB)
...
006 (016.1614.000) 05/09 04:16:58 Image size of job updated: 5849832
	5109  -  MemoryUsage of job (MB)
	5230632  -  ResidentSetSize of job (KB)
...
006 (016.1614.000) 05/09 04:17:04 Image size of job updated: 5849832
	5186  -  MemoryUsage of job (MB)
	5309700  -  ResidentSetSize of job (KB)
...
006 (016.1614.000) 05/09 04:17:10 Image size of job updated: 5952232
	5263  -  MemoryUsage of job (MB)
	5389032  -  ResidentSetSize of job (KB)
...
006 (016.1614.000) 05/09 04:17:16 Image size of job updated: 5952232
	5342  -  MemoryUsage of job (MB)
	5469288  -  ResidentSetSize of job (KB)
...
006 (016.1614.000) 05/09 04:17:23 Image size of job updated: 6163176
	5419  -  MemoryUsage of job (MB)
	5548092  -  ResidentSetSize of job (KB)
...
006 (016.1614.000) 05/09 04:17:28 Image size of job updated: 6163176
	5483  -  MemoryUsage of job (MB)
	5614356  -  ResidentSetSize of job (KB)
...
006 (016.1614.000) 05/09 04:17:33 Image size of job updated: 6163176
	5548  -  MemoryUsage of job (MB)
	5680224  -  ResidentSetSize of job (KB)
...
006 (016.1614.000) 05/09 04:17:38 Image size of job updated: 6359784
	5611  -  MemoryUsage of job (MB)
	5745300  -  ResidentSetSize of job (KB)
...
006 (016.1614.000) 05/09 04:17:43 Image size of job updated: 6359784
	5675  -  MemoryUsage of job (MB)
	5810640  -  ResidentSetSize of job (KB)
...
006 (016.1614.000) 05/09 04:17:48 Image size of job updated: 6359784
	5740  -  MemoryUsage of job (MB)
	5877036  -  ResidentSetSize of job (KB)
...
006 (016.1614.000) 05/09 04:17:53 Image size of job updated: 6556392
	5803  -  MemoryUsage of job (MB)
	5941848  -  ResidentSetSize of job (KB)
...
006 (016.1614.000) 05/09 04:17:58 Image size of job updated: 6556392
	5868  -  MemoryUsage of job (MB)
	6008508  -  ResidentSetSize of job (KB)
...
006 (016.1614.000) 05/09 04:18:03 Image size of job updated: 6688488
	5933  -  MemoryUsage of job (MB)
	6074772  -  ResidentSetSize of job (KB)
...
006 (016.1614.000) 05/09 04:18:08 Image size of job updated: 6757096
	5999  -  MemoryUsage of job (MB)
	6142224  -  ResidentSetSize of job (KB)
...
006 (016.1614.000) 05/09 04:18:13 Image size of job updated: 6757096
	6072  -  MemoryUsage of job (MB)
	6217332  -  ResidentSetSize of job (KB)
...
006 (016.1614.000) 05/09 04:18:19 Image size of job updated: 6757096
	6153  -  MemoryUsage of job (MB)
	6299700  -  ResidentSetSize of job (KB)
...
006 (016.1614.000) 05/09 04:18:25 Image size of job updated: 6991592
	6230  -  MemoryUsage of job (MB)
	6379428  -  ResidentSetSize of job (KB)
...
006 (016.1614.000) 05/09 04:18:31 Image size of job updated: 7087848
	6310  -  MemoryUsage of job (MB)
	6461004  -  ResidentSetSize of job (KB)
...
006 (016.1614.000) 05/09 04:18:37 Image size of job updated: 7173864
	6389  -  MemoryUsage of job (MB)
	6541392  -  ResidentSetSize of job (KB)
...
006 (016.1614.000) 05/09 04:18:43 Image size of job updated: 7173864
	6466  -  MemoryUsage of job (MB)
	6620724  -  ResidentSetSize of job (KB)
...
006 (016.1614.000) 05/09 04:18:49 Image size of job updated: 7173864
	6542  -  MemoryUsage of job (MB)
	6698340  -  ResidentSetSize of job (KB)
...
006 (016.1614.000) 05/09 04:18:55 Image size of job updated: 7395048
	6622  -  MemoryUsage of job (MB)
	6780708  -  ResidentSetSize of job (KB)
...
006 (016.1614.000) 05/09 04:19:01 Image size of job updated: 7395048
	6700  -  MemoryUsage of job (MB)
	6860040  -  ResidentSetSize of job (KB)
...
006 (016.1614.000) 05/09 04:19:07 Image size of job updated: 7395048
	6777  -  MemoryUsage of job (MB)
	6938712  -  ResidentSetSize of job (KB)
...
006 (016.1614.000) 05/09 04:19:13 Image size of job updated: 7649000
	6855  -  MemoryUsage of job (MB)
	7018968  -  ResidentSetSize of job (KB)
...
006 (016.1614.000) 05/09 04:19:19 Image size of job updated: 7649000
	6935  -  MemoryUsage of job (MB)
	7100676  -  ResidentSetSize of job (KB)
...
006 (016.1614.000) 05/09 04:19:25 Image size of job updated: 7808744
	7014  -  MemoryUsage of job (MB)
	7181856  -  ResidentSetSize of job (KB)
...
006 (016.1614.000) 05/09 04:19:31 Image size of job updated: 7808744
	7091  -  MemoryUsage of job (MB)
	7260792  -  ResidentSetSize of job (KB)
...
006 (016.1614.000) 05/09 04:19:37 Image size of job updated: 7808744
	7167  -  MemoryUsage of job (MB)
	7338936  -  ResidentSetSize of job (KB)
...
006 (016.1614.000) 05/09 04:19:43 Image size of job updated: 8017640
	7246  -  MemoryUsage of job (MB)
	7418928  -  ResidentSetSize of job (KB)
...
006 (016.1614.000) 05/09 04:19:49 Image size of job updated: 8017640
	7325  -  MemoryUsage of job (MB)
	7499844  -  ResidentSetSize of job (KB)
...
006 (016.1614.000) 05/09 04:19:55 Image size of job updated: 8017640
	7402  -  MemoryUsage of job (MB)
	7578912  -  ResidentSetSize of job (KB)
...
006 (016.1614.000) 05/09 04:20:01 Image size of job updated: 8217320
	7481  -  MemoryUsage of job (MB)
	7659696  -  ResidentSetSize of job (KB)
...
006 (016.1614.000) 05/09 04:20:07 Image size of job updated: 8217320
	7559  -  MemoryUsage of job (MB)
	7739556  -  ResidentSetSize of job (KB)
...
006 (016.1614.000) 05/09 04:20:13 Image size of job updated: 8418024
	7636  -  MemoryUsage of job (MB)
	7819020  -  ResidentSetSize of job (KB)
...
006 (016.1614.000) 05/09 04:20:19 Image size of job updated: 8528616
	7832  -  MemoryUsage of job (MB)
	8019264  -  ResidentSetSize of job (KB)
...
006 (016.1614.000) 05/09 04:20:25 Image size of job updated: 8724200
	7901  -  MemoryUsage of job (MB)
	8090016  -  ResidentSetSize of job (KB)
...
005 (016.1614.000) 05/09 04:20:29 Job terminated.
	(1) Normal termination (return value 0)
		Usr 0 00:20:06, Sys 0 00:00:04  -  Run Remote Usage
		Usr 0 00:00:00, Sys 0 00:00:00  -  Run Local Usage
		Usr 0 00:20:06, Sys 0 00:00:04  -  Total Remote Usage
		Usr 0 00:00:00, Sys 0 00:00:00  -  Total Local Usage
	0  -  Run Bytes Sent By Job
	0  -  Run Bytes Received By Job
	0  -  Total Bytes Sent By Job
	0  -  Total Bytes Received By Job
	Partitionable Resources :      Usage  Request Allocated 
	   Cpus                 :       0.99        1         1 
	   Disk (KB)            : 2000000     2000000   6275465 
	   Memory (MB)          :    7901        1954      2007 
...
