000 (005.6764.000) 05/05 20:24:34 Job submitted from host: <127.0.0.1:9618?addrs=127.0.0.1-9618&noUDP&sock=227_4816_4>
...
033 (005.6764.000) 05/06 14:17:23 Changing job attribute JobPrio from 0 to -10
...
001 (005.6764.000) 05/07 19:31:50 Job executing on host: <127.0.0.1:9618?addrs=127.0.0.1-9618&noUDP&sock=227_4816_5>
...
006 (005.6764.000) 05/07 19:31:55 Image size of job updated: 2000000
	101  -  MemoryUsage of job (MB)
	102828  -  ResidentSetSize of job (KB)
...
006 (005.6764.000) 05/07 19:32:20 Image size of job updated: 2000000
	119  -  MemoryUsage of job (MB)
	121440  -  ResidentSetSize of job (KB)
...
006 (005.6764.000) 05/07 19:32:25 Image size of job updated: 2000000
	181  -  MemoryUsage of job (MB)
	185196  -  ResidentSetSize of job (KB)
...
006 (005.6764.000) 05/07 19:32:30 Image size of job updated: 2000000
	184  -  MemoryUsage of job (MB)
	187968  -  ResidentSetSize of job (KB)
...
006 (005.6764.000) 05/07 19:32:35 Image size of job updated: 2000000
	186  -  MemoryUsage of job (MB)
	189816  -  ResidentSetSize of job (KB)
...
006 (005.6764.000) 05/07 19:32:40 Image size of job updated: 2000000
	196  -  MemoryUsage of job (MB)
	200112  -  ResidentSetSize of job (KB)
...
006 (005.6764.000) 05/07 19:32:45 Image size of job updated: 2000000
	206  -  MemoryUsage of job (MB)
	210540  -  ResidentSetSize of job (KB)
...
006 (005.6764.000) 05/07 19:32:50 Image size of job updated: 2000000
	215  -  MemoryUsage of job (MB)
	219252  -  ResidentSetSize of job (KB)
...
006 (005.6764.000) 05/07 19:32:55 Image size of job updated: 2000000
	236  -  MemoryUsage of job (MB)
	240768  -  ResidentSetSize of job (KB)
...
006 (005.6764.000) 05/07 19:33:00 Image size of job updated: 2000000
	237  -  MemoryUsage of job (MB)
	242352  -  ResidentSetSize of job (KB)
...
006 (005.6764.000) 05/07 19:33:05 Image size of job updated: 2000000
	242  -  MemoryUsage of job (MB)
	247500  -  ResidentSetSize of job (KB)
...
006 (005.6764.000) 05/07 19:33:10 Image size of job updated: 2000000
	283  -  MemoryUsage of job (MB)
	288948  -  ResidentSetSize of job (KB)
...
006 (005.6764.000) 05/07 19:33:15 Image size of job updated: 2000000
	315  -  MemoryUsage of job (MB)
	321684  -  ResidentSetSize of job (KB)
...
006 (005.6764.000) 05/07 19:33:20 Image size of job updated: 2000000
	329  -  MemoryUsage of job (MB)
	336072  -  ResidentSetSize of job (KB)
...
006 (005.6764.000) 05/07 19:33:25 Image size of job updated: 2000000
	395  -  MemoryUsage of job (MB)
	403656  -  ResidentSetSize of job (KB)
...
006 (005.6764.000) 05/07 19:33:30 Image size of job updated: 2000000
	454  -  MemoryUsage of job (MB)
	464376  -  ResidentSetSize of job (KB)
...
006 (005.6764.000) 05/07 19:33:35 Image size of job updated: 2000000
	1171  -  MemoryUsage of job (MB)
	1198296  -  ResidentSetSize of job (KB)
...
006 (005.6764.000) 05/07 19:48:05 Image size of job updated: 2000000
	1172  -  MemoryUsage of job (MB)
	1199616  -  ResidentSetSize of job (KB)
...
006 (005.6764.000) 05/07 19:48:10 Image size of job updated: 2000000
	1187  -  MemoryUsage of job (MB)
	1214796  -  ResidentSetSize of job (KB)
...
006 (005.6764.000) 05/07 19:48:15 Image size of job updated: 2000000
	1255  -  MemoryUsage of job (MB)
	1284888  -  ResidentSetSize of job (KB)
...
006 (005.6764.000) 05/07 19:48:20 Image size of job updated: 2136968
	1622  -  MemoryUsage of job (MB)
	1660164  -  ResidentSetSize of job (KB)
...
006 (005.6764.000) 05/07 19:48:25 Image size of job updated: 2136968
	1927  -  MemoryUsage of job (MB)
	1972476  -  ResidentSetSize of job (KB)
...
006 (005.6764.000) 05/07 19:48:30 Image size of job updated: 2136968
	1946  -  MemoryUsage of job (MB)
	1991748  -  ResidentSetSize of job (KB)
...
006 (005.6764.000) 05/07 19:48:35 Image size of job updated: 2661352
	1993  -  MemoryUsage of job (MB)
	2039928  -  ResidentSetSize of job (KB)
...
006 (005.6764.000) 05/07 19:48:40 Image size of job updated: 2705384
	2028  -  MemoryUsage of job (MB)
	2076096  -  ResidentSetSize of job (KB)
...
006 (005.6764.000) 05/07 19:48:45 Image size of job updated: 2705384
	2060  -  MemoryUsage of job (MB)
	2109228  -  ResidentSetSize of job (KB)
...
006 (005.6764.000) 05/07 19:48:50 Image size of job updated: 2773992
	2095  -  MemoryUsage of job (MB)
	2144472  -  ResidentSetSize of job (KB)
...
006 (005.6764.000) 05/07 19:48:55 Image size of job updated: 2776040
	2129  -  MemoryUsage of job (MB)
	2179980  -  ResidentSetSize of job (KB)
...
006 (005.6764.000) 05/07 19:49:00 Image size of job updated: 2813928
	2164  -  MemoryUsage of job (MB)
	2214960  -  ResidentSetSize of job (KB)
...
006 (005.6764.000) 05/07 19:49:05 Image size of job updated: 2864104
	2198  -  MemoryUsage of job (MB)
	2250732  -  ResidentSetSize of job (KB)
...
006 (005.6764.000) 05/07 19:49:11 Image size of job updated: 2885608
	2236  -  MemoryUsage of job (MB)
	2289144  -  ResidentSetSize of job (KB)
...
006 (005.6764.000) 05/07 19:49:17 Image size of job updated: 2885608
	2274  -  MemoryUsage of job (MB)
	2328216  -  ResidentSetSize of job (KB)
...
006 (005.6764.000) 05/07 19:49:23 Image size of job updated: 2962408
	2312  -  MemoryUsage of job (MB)
	2367024  -  ResidentSetSize of job (KB)
...
006 (005.6764.000) 05/07 19:49:29 Image size of job updated: 2962408
	2350  -  MemoryUsage of job (MB)
	2405436  -  ResidentSetSize of job (KB)
...
006 (005.6764.000) 05/07 19:49:35 Image size of job updated: 3070952
	2386  -  MemoryUsage of job (MB)
	2442924  -  ResidentSetSize of job (KB)
...
006 (005.6764.000) 05/07 19:49:41 Image size of job updated: 3086312
	2422  -  MemoryUsage of job (MB)
	2479224  -  ResidentSetSize of job (KB)
...
006 (005.6764.000) 05/07 19:49:47 Image size of job updated: 3086312
	2457  -  MemoryUsage of job (MB)
	2515128  -  ResidentSetSize of job (KB)
...
006 (005.6764.000) 05/07 19:49:53 Image size of job updated: 3146728
	2491  -  MemoryUsage of job (MB)
	2550768  -  ResidentSetSize of job (KB)
...
006 (005.6764.000) 05/07 19:49:59 Image size of job updated: 3146728
	2528  -  MemoryUsage of job (MB)
	2587860  -  ResidentSetSize of job (KB)
...
006 (005.6764.000) 05/07 19:50:05 Image size of job updated: 3244008
	2564  -  MemoryUsage of job (MB)
	2624820  -  ResidentSetSize of job (KB)
...
006 (005.6764.000) 05/07 19:50:11 Image size of job updated: 3244008
	2600  -  MemoryUsage of job (MB)
	2661648  -  ResidentSetSize of job (KB)
...
006 (005.6764.000) 05/07 19:50:17 Image size of job updated: 3244008
	2635  -  MemoryUsage of job (MB)
	2697948  -  ResidentSetSize of job (KB)
...
006 (005.6764.000) 05/07 19:50:23 Image size of job updated: 3335144
	2671  -  MemoryUsage of job (MB)
	2734512  -  ResidentSetSize of job (KB)
...
006 (005.6764.000) 05/07 19:50:29 Image size of job updated: 3335144
	2708  -  MemoryUsage of job (MB)
	2772792  -  ResidentSetSize of job (KB)
...
006 (005.6764.000) 05/07 19:50:35 Image size of job updated: 3435496
	2745  -  MemoryUsage of job (MB)
	2810280  -  ResidentSetSize of job (KB)
...
006 (005.6764.000) 05/07 19:50:41 Image size of job updated: 3439592
	2782  -  MemoryUsage of job (MB)
	2847900  -  ResidentSetSize of job (KB)
...
006 (005.6764.000) 05/07 19:50:47 Image size of job updated: 3439592
	2818  -  MemoryUsage of job (MB)
	2884728  -  ResidentSetSize of job (KB)
...
006 (005.6764.000) 05/07 19:50:53 Image size of job updated: 3526632
	2853  -  MemoryUsage of job (MB)
	2921292  -  ResidentSetSize of job (KB)
...
006 (005.6764.000) 05/07 19:50:59 Image size of job updated: 3568616
	2892  -  MemoryUsage of job (MB)
	2960496  -  ResidentSetSize of job (KB)
...
006 (005.6764.000) 05/07 19:51:05 Image size of job updated: 3599336
	2931  -  MemoryUsage of job (MB)
	3000888  -  ResidentSetSize of job (KB)
...
006 (005.6764.000) 05/07 19:51:11 Image size of job updated: 3629032
	2968  -  MemoryUsage of job (MB)
	3039168  -  ResidentSetSize of job (KB)
...
006 (005.6764.000) 05/07 19:51:17 Image size of job updated: 3682280
	3008  -  MemoryUsage of job (MB)
	3079560  -  ResidentSetSize of job (KB)
...
006 (005.6764.000) 05/07 19:51:23 Image size of job updated: 3736552
	3045  -  MemoryUsage of job (MB)
	3117180  -  ResidentSetSize of job (KB)
...
006 (005.6764.000) 05/07 19:51:29 Image size of job updated: 3775464
	3089  -  MemoryUsage of job (MB)
	3163116  -  ResidentSetSize of job (KB)
...
006 (005.6764.000) 05/07 19:51:35 Image size of job updated: 3775464
	3127  -  MemoryUsage of job (MB)
	3201924  -  ResidentSetSize of job (KB)
...
006 (005.6764.000) 05/07 19:51:41 Image size of job updated: 3835880
	3166  -  MemoryUsage of job (MB)
	3240996  -  ResidentSetSize of job (KB)
...
006 (005.6764.000) 05/07 19:51:47 Image size of job updated: 3835880
	3203  -  MemoryUsage of job (MB)
	3279408  -  ResidentSetSize of job (KB)
...
006 (005.6764.000) 05/07 19:51:53 Image size of job updated: 3930088
	3238  -  MemoryUsage of job (MB)
	3315180  -  ResidentSetSize of job (KB)
...
006 (005.6764.000) 05/07 19:51:59 Image size of job updated: 3930088
	3274  -  MemoryUsage of job (MB)
	3351744  -  ResidentSetSize of job (KB)
...
006 (005.6764.000) 05/07 19:52:05 Image size of job updated: 3930088
	3313  -  MemoryUsage of job (MB)
	3392136  -  ResidentSetSize of job (KB)
...
006 (005.6764.000) 05/07 19:52:11 Image size of job updated: 4035560
	3351  -  MemoryUsage of job (MB)
	3431208  -  ResidentSetSize of job (KB)
...
006 (005.6764.000) 05/07 19:52:17 Image size of job updated: 4075496
	3389  -  MemoryUsage of job (MB)
	3470280  -  ResidentSetSize of job (KB)
...
006 (005.6764.000) 05/07 19:52:23 Image size of job updated: 4122600
	3426  -  MemoryUsage of job (MB)
	3507240  -  ResidentSetSize of job (KB)
...
006 (005.6764.000) 05/07 19:52:29 Image size of job updated: 4158440
	3462  -  MemoryUsage of job (MB)
	3544992  -  ResidentSetSize of job (KB)
...
006 (005.6764.000) 05/07 19:52:35 Image size of job updated: 4158440
	3501  -  MemoryUsage of job (MB)
	3584724  -  ResidentSetSize of job (KB)
...
006 (005.6764.000) 05/07 19:52:41 Image size of job updated: 4219880
	3539  -  MemoryUsage of job (MB)
	3623532  -  ResidentSetSize of job (KB)
...
006 (005.6764.000) 05/07 19:52:47 Image size of job updated: 4219880
	3580  -  MemoryUsage of job (MB)
	3665244  -  ResidentSetSize of job (KB)
...
006 (005.6764.000) 05/07 19:52:53 Image size of job updated: 4326376
	3617  -  MemoryUsage of job (MB)
	3702864  -  ResidentSetSize of job (KB)
...
006 (005.6764.000) 05/07 19:52:59 Image size of job updated: 4356072
	3655  -  MemoryUsage of job (MB)
	3742464  -  ResidentSetSize of job (KB)
...
006 (005.6764.000) 05/07 19:53:05 Image size of job updated: 4388840
	3693  -  MemoryUsage of job (MB)
	3780612  -  ResidentSetSize of job (KB)
...
006 (005.6764.000) 05/07 19:53:11 Image size of job updated: 4427752
	3730  -  MemoryUsage of job (MB)
	3819420  -  ResidentSetSize of job (KB)
...
006 (005.6764.000) 05/07 19:53:17 Image size of job updated: 4490216
	3768  -  MemoryUsage of job (MB)
	3858360  -  ResidentSetSize of job (KB)
...
006 (005.6764.000) 05/07 19:53:23 Image size of job updated: 4490216
	3806  -  MemoryUsage of job (MB)
	3896508  -  ResidentSetSize of job (KB)
...
006 (005.6764.000) 05/07 19:53:29 Image size of job updated: 4530152
	3847  -  MemoryUsage of job (MB)
	3938616  -  ResidentSetSize of job (KB)
...
006 (005.6764.000) 05/07 19:53:35 Image size of job updated: 4587496
	3883  -  MemoryUsage of job (MB)
	3975972  -  ResidentSetSize of job (KB)
...
006 (005.6764.000) 05/07 19:53:41 Image size of job updated: 4630504
	3923  -  MemoryUsage of job (MB)
	4016760  -  ResidentSetSize of job (KB)
...
006 (005.6764.000) 05/07 19:53:47 Image size of job updated: 4630504
	3961  -  MemoryUsage of job (MB)
	4055172  -  ResidentSetSize of job (KB)
...
006 (005.6764.000) 05/07 19:53:53 Image size of job updated: 4630504
	3997  -  MemoryUsage of job (MB)
	4092528  -  ResidentSetSize of job (KB)
...
006 (005.6764.000) 05/07 19:53:59 Image size of job updated: 4757480
	4036  -  MemoryUsage of job (MB)
	4132128  -  ResidentSetSize of job (KB)
...
006 (005.6764.000) 05/07 19:54:05 Image size of job updated: 4757480
	4073  -  MemoryUsage of job (MB)
	4170408  -  ResidentSetSize of job (KB)
...
006 (005.6764.000) 05/07 19:54:11 Image size of job updated: 4834280
	4110  -  MemoryUsage of job (MB)
	4207896  -  ResidentSetSize of job (KB)
...
006 (005.6764.000) 05/07 19:54:17 Image size of job updated: 4834280
	4149  -  MemoryUsage of job (MB)
	4248288  -  ResidentSetSize of job (KB)
...
006 (005.6764.000) 05/07 19:54:23 Image size of job updated: 4834280
	4187  -  MemoryUsage of job (MB)
	4287228  -  ResidentSetSize of job (KB)
...
006 (005.6764.000) 05/07 19:54:29 Image size of job updated: 4933608
	4226  -  MemoryUsage of job (MB)
	4326828  -  ResidentSetSize of job (KB)
...
006 (005.6764.000) 05/07 19:54:35 Image size of job updated: 4981736
	4264  -  MemoryUsage of job (MB)
	4366032  -  ResidentSetSize of job (KB)
...
006 (005.6764.000) 05/07 19:54:41 Image size of job updated: 5029864
	4301  -  MemoryUsage of job (MB)
	4403520  -  ResidentSetSize of job (KB)
...
006 (005.6764.000) 05/07 19:54:47 Image size of job updated: 5065704
	4338  -  MemoryUsage of job (MB)
	4441536  -  ResidentSetSize of job (KB)
...
006 (005.6764.000) 05/07 19:54:53 Image size of job updated: 5065704
	4374  -  MemoryUsage of job (MB)
	4478760  -  ResidentSetSize of job (KB)
...
006 (005.6764.000) 05/07 19:54:59 Image size of job updated: 5130216
	4411  -  MemoryUsage of job (MB)
	4516644  -  ResidentSetSize of job (KB)
...
006 (005.6764.000) 05/07 19:55:06 Image size of job updated: 5162984
	4447  -  MemoryUsage of job (MB)
	4552812  -  ResidentSetSize of job (KB)
...
006 (005.6764.000) 05/07 19:55:11 Image size of job updated: 5162984
	4477  -  MemoryUsage of job (MB)
	4584096  -  ResidentSetSize of job (KB)
...
006 (005.6764.000) 05/07 19:55:16 Image size of job updated: 5245928
	4508  -  MemoryUsage of job (MB)
	4616040  -  ResidentSetSize of job (KB)
...
006 (005.6764.000) 05/07 19:55:21 Image size of job updated: 5278696
	4539  -  MemoryUsage of job (MB)
	4647324  -  ResidentSetSize of job (KB)
...
006 (005.6764.000) 05/07 19:55:26 Image size of job updated: 5278696
	4570  -  MemoryUsage of job (MB)
	4678872  -  ResidentSetSize of job (KB)
...
006 (005.6764.000) 05/07 19:55:31 Image size of job updated: 5311464
	4603  -  MemoryUsage of job (MB)
	4712928  -  ResidentSetSize of job (KB)
...
006 (005.6764.000) 05/07 19:55:36 Image size of job updated: 5311464
	4633  -  MemoryUsage of job (MB)
	4743816  -  ResidentSetSize of job (KB)
...
006 (005.6764.000) 05/07 19:55:41 Image size of job updated: 5311464
	4664  -  MemoryUsage of job (MB)
	4775892  -  ResidentSetSize of job (KB)
...
006 (005.6764.000) 05/07 19:55:46 Image size of job updated: 5413864
	4694  -  MemoryUsage of job (MB)
	4806516  -  ResidentSetSize of job (KB)
...
006 (005.6764.000) 05/07 19:55:51 Image size of job updated: 5457896
	4727  -  MemoryUsage of job (MB)
	4839516  -  ResidentSetSize of job (KB)
...
006 (005.6764.000) 05/07 19:55:56 Image size of job updated: 5491688
	4761  -  MemoryUsage of job (MB)
	4874892  -  ResidentSetSize of job (KB)
...
006 (005.6764.000) 05/07 19:56:01 Image size of job updated: 5530600
	4793  -  MemoryUsage of job (MB)
	4908024  -  ResidentSetSize of job (KB)
...
006 (005.6764.000) 05/07 19:56:06 Image size of job updated: 5530600
	4827  -  MemoryUsage of job (MB)
	4942080  -  ResidentSetSize of job (KB)
...
006 (005.6764.000) 05/07 19:56:11 Image size of job updated: 5599208
	4859  -  MemoryUsage of job (MB)
	4974684  -  ResidentSetSize of job (KB)
...
006 (005.6764.000) 05/07 19:56:16 Image size of job updated: 5637096
	4894  -  MemoryUsage of job (MB)
	5010984  -  ResidentSetSize of job (KB)
...
006 (005.6764.000) 05/07 19:56:21 Image size of job updated: 5637096
	4925  -  MemoryUsage of job (MB)
	5042796  -  ResidentSetSize of job (KB)
...
006 (005.6764.000) 05/07 19:56:26 Image size of job updated: 5704680
	4958  -  MemoryUsage of job (MB)
	5076984  -  ResidentSetSize of job (KB)
...
006 (005.6764.000) 05/07 19:56:31 Image size of job updated: 5733352
	4993  -  MemoryUsage of job (MB)
	5112756  -  ResidentSetSize of job (KB)
...
006 (005.6764.000) 05/07 19:56:36 Image size of job updated: 5733352
	5026  -  MemoryUsage of job (MB)
	5146416  -  ResidentSetSize of job (KB)
...
006 (005.6764.000) 05/07 19:56:41 Image size of job updated: 5733352
	5058  -  MemoryUsage of job (MB)
	5179284  -  ResidentSetSize of job (KB)
...
006 (005.6764.000) 05/07 19:56:46 Image size of job updated: 5839848
	5091  -  MemoryUsage of job (MB)
	5213076  -  ResidentSetSize of job (KB)
...
006 (005.6764.000) 05/07 19:56:51 Image size of job updated: 5839848
	5123  -  MemoryUsage of job (MB)
	5245944  -  ResidentSetSize of job (KB)
...
006 (005.6764.000) 05/07 19:56:56 Image size of job updated: 5839848
	5156  -  MemoryUsage of job (MB)
	5279604  -  ResidentSetSize of job (KB)
...
006 (005.6764.000) 05/07 19:57:01 Image size of job updated: 5839848
	5189  -  MemoryUsage of job (MB)
	5313000  -  ResidentSetSize of job (KB)
...
006 (005.6764.000) 05/07 19:57:06 Image size of job updated: 5946344
	5222  -  MemoryUsage of job (MB)
	5346396  -  ResidentSetSize of job (KB)
...
006 (005.6764.000) 05/07 19:57:11 Image size of job updated: 5946344
	5263  -  MemoryUsage of job (MB)
	5388636  -  ResidentSetSize of job (KB)
...
006 (005.6764.000) 05/07 19:57:16 Image size of job updated: 5946344
	5463  -  MemoryUsage of job (MB)
	5593104  -  ResidentSetSize of job (KB)
...
006 (005.6764.000) 05/07 19:57:20 Image size of job updated: 6219752
	5463  -  MemoryUsage of job (MB)
	5593104  -  ResidentSetSize of job (KB)
...
005 (005.6764.000) 05/07 19:57:20 Job terminated.
	(1) Normal termination (return value 0)
		Usr 0 00:25:00, Sys 0 00:00:04  -  Run Remote Usage
		Usr 0 00:00:00, Sys 0 00:00:00  -  Run Local Usage
		Usr 0 00:25:00, Sys 0 00:00:04  -  Total Remote Usage
		Usr 0 00:00:00, Sys 0 00:00:00  -  Total Local Usage
	0  -  Run Bytes Sent By Job
	0  -  Run Bytes Received By Job
	0  -  Total Bytes Sent By Job
	0  -  Total Bytes Received By Job
	Partitionable Resources :      Usage  Request Allocated 
	   Cpus                 :       0.98        1         1 
	   Disk (KB)            : 2000000     2000000   6275465 
	   Memory (MB)          :    5463        1954      2007 
...
