000 (023.9095.000) 04/27 18:23:24 Job submitted from host: <127.0.0.1:9618?addrs=127.0.0.1-9618&noUDP&sock=222_da1d_4>
...
001 (023.9095.000) 04/28 00:55:40 Job executing on host: <127.0.0.1:9618?addrs=127.0.0.1-9618&noUDP&sock=222_da1d_5>
...
006 (023.9095.000) 04/28 00:55:46 Image size of job updated: 396624
	379  -  MemoryUsage of job (MB)
	387948  -  ResidentSetSize of job (KB)
...
006 (023.9095.000) 04/28 00:55:52 Image size of job updated: 594000
	571  -  MemoryUsage of job (MB)
	583836  -  ResidentSetSize of job (KB)
...
006 (023.9095.000) 04/28 00:55:58 Image size of job updated: 598636
	571  -  MemoryUsage of job (MB)
	583836  -  ResidentSetSize of job (KB)
...
005 (023.9095.000) 04/28 00:58:13 Job terminated.
	(1) Normal termination (return value 0)
		Usr 0 00:02:30, Sys 0 00:00:00  -  Run Remote Usage
		Usr 0 00:00:00, Sys 0 00:00:00  -  Run Local Usage
		Usr 0 00:02:30, Sys 0 00:00:00  -  Total Remote Usage
		Usr 0 00:00:00, Sys 0 00:00:00  -  Total Local Usage
	0  -  Run Bytes Sent By Job
	0  -  Run Bytes Received By Job
	0  -  Total Bytes Sent By Job
	0  -  Total Bytes Received By Job
	Partitionable Resources :    Usage  Request Allocated 
	   Cpus                 :     0.99        1         1 
	   Disk (KB)            :     1           1   6540465 
	   Memory (MB)          :   571           1      2007 
...
