000 (005.6768.000) 05/05 20:24:34 Job submitted from host: <127.0.0.1:9618?addrs=127.0.0.1-9618&noUDP&sock=227_4816_4>
...
033 (005.6768.000) 05/06 14:17:23 Changing job attribute JobPrio from 0 to -10
...
001 (005.6768.000) 05/07 19:32:58 Job executing on host: <127.0.0.1:9618?addrs=127.0.0.1-9618&noUDP&sock=227_4816_5>
...
006 (005.6768.000) 05/07 19:33:04 Image size of job updated: 2000000
	101  -  MemoryUsage of job (MB)
	103092  -  ResidentSetSize of job (KB)
...
006 (005.6768.000) 05/07 19:33:28 Image size of job updated: 2000000
	119  -  MemoryUsage of job (MB)
	121572  -  ResidentSetSize of job (KB)
...
006 (005.6768.000) 05/07 19:33:34 Image size of job updated: 2000000
	184  -  MemoryUsage of job (MB)
	187968  -  ResidentSetSize of job (KB)
...
006 (005.6768.000) 05/07 19:33:40 Image size of job updated: 2000000
	184  -  MemoryUsage of job (MB)
	188232  -  ResidentSetSize of job (KB)
...
006 (005.6768.000) 05/07 19:33:46 Image size of job updated: 2000000
	191  -  MemoryUsage of job (MB)
	195228  -  ResidentSetSize of job (KB)
...
006 (005.6768.000) 05/07 19:33:52 Image size of job updated: 2000000
	203  -  MemoryUsage of job (MB)
	207240  -  ResidentSetSize of job (KB)
...
006 (005.6768.000) 05/07 19:33:58 Image size of job updated: 2000000
	213  -  MemoryUsage of job (MB)
	217272  -  ResidentSetSize of job (KB)
...
006 (005.6768.000) 05/07 19:34:04 Image size of job updated: 2000000
	224  -  MemoryUsage of job (MB)
	229152  -  ResidentSetSize of job (KB)
...
006 (005.6768.000) 05/07 19:34:10 Image size of job updated: 2000000
	234  -  MemoryUsage of job (MB)
	239184  -  ResidentSetSize of job (KB)
...
006 (005.6768.000) 05/07 19:34:16 Image size of job updated: 2000000
	244  -  MemoryUsage of job (MB)
	249480  -  ResidentSetSize of job (KB)
...
006 (005.6768.000) 05/07 19:34:22 Image size of job updated: 2000000
	294  -  MemoryUsage of job (MB)
	300300  -  ResidentSetSize of job (KB)
...
006 (005.6768.000) 05/07 19:34:28 Image size of job updated: 2000000
	329  -  MemoryUsage of job (MB)
	336072  -  ResidentSetSize of job (KB)
...
006 (005.6768.000) 05/07 19:34:34 Image size of job updated: 2000000
	363  -  MemoryUsage of job (MB)
	371712  -  ResidentSetSize of job (KB)
...
006 (005.6768.000) 05/07 19:34:40 Image size of job updated: 2000000
	431  -  MemoryUsage of job (MB)
	440880  -  ResidentSetSize of job (KB)
...
006 (005.6768.000) 05/07 19:34:46 Image size of job updated: 2000000
	834  -  MemoryUsage of job (MB)
	853116  -  ResidentSetSize of job (KB)
...
006 (005.6768.000) 05/07 19:34:52 Image size of job updated: 2000000
	1171  -  MemoryUsage of job (MB)
	1198164  -  ResidentSetSize of job (KB)
...
006 (005.6768.000) 05/07 19:48:54 Image size of job updated: 2000000
	1172  -  MemoryUsage of job (MB)
	1199880  -  ResidentSetSize of job (KB)
...
006 (005.6768.000) 05/07 19:49:00 Image size of job updated: 2000000
	1200  -  MemoryUsage of job (MB)
	1228656  -  ResidentSetSize of job (KB)
...
006 (005.6768.000) 05/07 19:49:06 Image size of job updated: 2054028
	1553  -  MemoryUsage of job (MB)
	1590204  -  ResidentSetSize of job (KB)
...
006 (005.6768.000) 05/07 19:49:12 Image size of job updated: 2054028
	1675  -  MemoryUsage of job (MB)
	1714416  -  ResidentSetSize of job (KB)
...
006 (005.6768.000) 05/07 19:49:18 Image size of job updated: 2561004
	1885  -  MemoryUsage of job (MB)
	1929708  -  ResidentSetSize of job (KB)
...
006 (005.6768.000) 05/07 19:49:24 Image size of job updated: 2561004
	1894  -  MemoryUsage of job (MB)
	1938684  -  ResidentSetSize of job (KB)
...
006 (005.6768.000) 05/07 19:49:30 Image size of job updated: 2561004
	1907  -  MemoryUsage of job (MB)
	1952280  -  ResidentSetSize of job (KB)
...
006 (005.6768.000) 05/07 19:49:36 Image size of job updated: 2590700
	1917  -  MemoryUsage of job (MB)
	1962840  -  ResidentSetSize of job (KB)
...
006 (005.6768.000) 05/07 19:49:42 Image size of job updated: 2594796
	1925  -  MemoryUsage of job (MB)
	1971024  -  ResidentSetSize of job (KB)
...
006 (005.6768.000) 05/07 19:49:48 Image size of job updated: 2607084
	1932  -  MemoryUsage of job (MB)
	1977756  -  ResidentSetSize of job (KB)
...
006 (005.6768.000) 05/07 19:49:54 Image size of job updated: 2607084
	1939  -  MemoryUsage of job (MB)
	1985280  -  ResidentSetSize of job (KB)
...
006 (005.6768.000) 05/07 19:50:00 Image size of job updated: 2607084
	1945  -  MemoryUsage of job (MB)
	1991088  -  ResidentSetSize of job (KB)
...
006 (005.6768.000) 05/07 19:50:06 Image size of job updated: 2623468
	1950  -  MemoryUsage of job (MB)
	1996632  -  ResidentSetSize of job (KB)
...
006 (005.6768.000) 05/07 19:50:12 Image size of job updated: 2623468
	1953  -  MemoryUsage of job (MB)
	1999272  -  ResidentSetSize of job (KB)
...
006 (005.6768.000) 05/07 19:50:19 Image size of job updated: 2623468
	1956  -  MemoryUsage of job (MB)
	2002572  -  ResidentSetSize of job (KB)
...
006 (005.6768.000) 05/07 19:50:24 Image size of job updated: 2632684
	1962  -  MemoryUsage of job (MB)
	2008248  -  ResidentSetSize of job (KB)
...
006 (005.6768.000) 05/07 19:50:29 Image size of job updated: 2632684
	1965  -  MemoryUsage of job (MB)
	2011152  -  ResidentSetSize of job (KB)
...
006 (005.6768.000) 05/07 19:50:34 Image size of job updated: 2642924
	1969  -  MemoryUsage of job (MB)
	2015640  -  ResidentSetSize of job (KB)
...
006 (005.6768.000) 05/07 19:50:39 Image size of job updated: 2648044
	1974  -  MemoryUsage of job (MB)
	2020920  -  ResidentSetSize of job (KB)
...
006 (005.6768.000) 05/07 19:50:44 Image size of job updated: 2648044
	1979  -  MemoryUsage of job (MB)
	2026068  -  ResidentSetSize of job (KB)
...
006 (005.6768.000) 05/07 19:50:49 Image size of job updated: 2648044
	1983  -  MemoryUsage of job (MB)
	2029896  -  ResidentSetSize of job (KB)
...
006 (005.6768.000) 05/07 19:50:54 Image size of job updated: 2660332
	1986  -  MemoryUsage of job (MB)
	2033064  -  ResidentSetSize of job (KB)
...
006 (005.6768.000) 05/07 19:50:59 Image size of job updated: 2666476
	1992  -  MemoryUsage of job (MB)
	2039400  -  ResidentSetSize of job (KB)
...
006 (005.6768.000) 05/07 19:51:04 Image size of job updated: 2674668
	1998  -  MemoryUsage of job (MB)
	2045472  -  ResidentSetSize of job (KB)
...
006 (005.6768.000) 05/07 19:51:09 Image size of job updated: 2677740
	2003  -  MemoryUsage of job (MB)
	2051016  -  ResidentSetSize of job (KB)
...
006 (005.6768.000) 05/07 19:51:14 Image size of job updated: 2677740
	2007  -  MemoryUsage of job (MB)
	2055108  -  ResidentSetSize of job (KB)
...
006 (005.6768.000) 05/07 19:51:19 Image size of job updated: 2685932
	2012  -  MemoryUsage of job (MB)
	2059596  -  ResidentSetSize of job (KB)
...
006 (005.6768.000) 05/07 19:51:24 Image size of job updated: 2693100
	2016  -  MemoryUsage of job (MB)
	2063424  -  ResidentSetSize of job (KB)
...
006 (005.6768.000) 05/07 19:51:29 Image size of job updated: 2697196
	2019  -  MemoryUsage of job (MB)
	2067252  -  ResidentSetSize of job (KB)
...
006 (005.6768.000) 05/07 19:51:34 Image size of job updated: 2697196
	2024  -  MemoryUsage of job (MB)
	2072400  -  ResidentSetSize of job (KB)
...
006 (005.6768.000) 05/07 19:51:39 Image size of job updated: 2706412
	2028  -  MemoryUsage of job (MB)
	2076360  -  ResidentSetSize of job (KB)
...
006 (005.6768.000) 05/07 19:51:44 Image size of job updated: 2706412
	2033  -  MemoryUsage of job (MB)
	2080980  -  ResidentSetSize of job (KB)
...
006 (005.6768.000) 05/07 19:51:49 Image size of job updated: 2706412
	2036  -  MemoryUsage of job (MB)
	2084544  -  ResidentSetSize of job (KB)
...
006 (005.6768.000) 05/07 19:51:54 Image size of job updated: 2718700
	2041  -  MemoryUsage of job (MB)
	2089560  -  ResidentSetSize of job (KB)
...
006 (005.6768.000) 05/07 19:51:59 Image size of job updated: 2718700
	2045  -  MemoryUsage of job (MB)
	2093124  -  ResidentSetSize of job (KB)
...
006 (005.6768.000) 05/07 19:52:04 Image size of job updated: 2718700
	2050  -  MemoryUsage of job (MB)
	2099196  -  ResidentSetSize of job (KB)
...
006 (005.6768.000) 05/07 19:52:09 Image size of job updated: 2732012
	2053  -  MemoryUsage of job (MB)
	2101836  -  ResidentSetSize of job (KB)
...
006 (005.6768.000) 05/07 19:52:14 Image size of job updated: 2732012
	2059  -  MemoryUsage of job (MB)
	2107512  -  ResidentSetSize of job (KB)
...
006 (005.6768.000) 05/07 19:52:19 Image size of job updated: 2738156
	2062  -  MemoryUsage of job (MB)
	2111472  -  ResidentSetSize of job (KB)
...
006 (005.6768.000) 05/07 19:52:24 Image size of job updated: 2744300
	2066  -  MemoryUsage of job (MB)
	2115432  -  ResidentSetSize of job (KB)
...
006 (005.6768.000) 05/07 19:52:29 Image size of job updated: 2750444
	2071  -  MemoryUsage of job (MB)
	2120448  -  ResidentSetSize of job (KB)
...
006 (005.6768.000) 05/07 19:52:34 Image size of job updated: 2750444
	2078  -  MemoryUsage of job (MB)
	2127180  -  ResidentSetSize of job (KB)
...
006 (005.6768.000) 05/07 19:52:39 Image size of job updated: 2759660
	2083  -  MemoryUsage of job (MB)
	2132196  -  ResidentSetSize of job (KB)
...
006 (005.6768.000) 05/07 19:52:44 Image size of job updated: 2759660
	2088  -  MemoryUsage of job (MB)
	2137212  -  ResidentSetSize of job (KB)
...
006 (005.6768.000) 05/07 19:52:49 Image size of job updated: 2759660
	2092  -  MemoryUsage of job (MB)
	2142096  -  ResidentSetSize of job (KB)
...
006 (005.6768.000) 05/07 19:52:54 Image size of job updated: 2776044
	2097  -  MemoryUsage of job (MB)
	2147112  -  ResidentSetSize of job (KB)
...
006 (005.6768.000) 05/07 19:52:59 Image size of job updated: 2779116
	2101  -  MemoryUsage of job (MB)
	2150544  -  ResidentSetSize of job (KB)
...
006 (005.6768.000) 05/07 19:53:04 Image size of job updated: 2784236
	2106  -  MemoryUsage of job (MB)
	2155560  -  ResidentSetSize of job (KB)
...
006 (005.6768.000) 05/07 19:53:09 Image size of job updated: 2788332
	2109  -  MemoryUsage of job (MB)
	2159520  -  ResidentSetSize of job (KB)
...
006 (005.6768.000) 05/07 19:53:14 Image size of job updated: 2788332
	2112  -  MemoryUsage of job (MB)
	2162292  -  ResidentSetSize of job (KB)
...
006 (005.6768.000) 05/07 19:53:19 Image size of job updated: 2796524
	2118  -  MemoryUsage of job (MB)
	2168628  -  ResidentSetSize of job (KB)
...
006 (005.6768.000) 05/07 19:53:24 Image size of job updated: 2801644
	2122  -  MemoryUsage of job (MB)
	2172060  -  ResidentSetSize of job (KB)
...
006 (005.6768.000) 05/07 19:53:29 Image size of job updated: 2801644
	2127  -  MemoryUsage of job (MB)
	2177076  -  ResidentSetSize of job (KB)
...
006 (005.6768.000) 05/07 19:53:34 Image size of job updated: 2810860
	2132  -  MemoryUsage of job (MB)
	2182752  -  ResidentSetSize of job (KB)
...
006 (005.6768.000) 05/07 19:53:39 Image size of job updated: 2817004
	2136  -  MemoryUsage of job (MB)
	2187240  -  ResidentSetSize of job (KB)
...
006 (005.6768.000) 05/07 19:53:44 Image size of job updated: 2817004
	2142  -  MemoryUsage of job (MB)
	2192388  -  ResidentSetSize of job (KB)
...
006 (005.6768.000) 05/07 19:53:49 Image size of job updated: 2817004
	2144  -  MemoryUsage of job (MB)
	2195160  -  ResidentSetSize of job (KB)
...
006 (005.6768.000) 05/07 19:53:54 Image size of job updated: 2817004
	2148  -  MemoryUsage of job (MB)
	2199120  -  ResidentSetSize of job (KB)
...
006 (005.6768.000) 05/07 19:53:59 Image size of job updated: 2832364
	2151  -  MemoryUsage of job (MB)
	2201892  -  ResidentSetSize of job (KB)
...
006 (005.6768.000) 05/07 19:54:04 Image size of job updated: 2832364
	2156  -  MemoryUsage of job (MB)
	2207700  -  ResidentSetSize of job (KB)
...
006 (005.6768.000) 05/07 19:54:09 Image size of job updated: 2832364
	2162  -  MemoryUsage of job (MB)
	2213640  -  ResidentSetSize of job (KB)
...
006 (005.6768.000) 05/07 19:54:14 Image size of job updated: 2844652
	2166  -  MemoryUsage of job (MB)
	2217072  -  ResidentSetSize of job (KB)
...
006 (005.6768.000) 05/07 19:54:19 Image size of job updated: 2844652
	2173  -  MemoryUsage of job (MB)
	2224728  -  ResidentSetSize of job (KB)
...
006 (005.6768.000) 05/07 19:54:24 Image size of job updated: 2844652
	2175  -  MemoryUsage of job (MB)
	2226444  -  ResidentSetSize of job (KB)
...
006 (005.6768.000) 05/07 19:54:29 Image size of job updated: 2857964
	2180  -  MemoryUsage of job (MB)
	2231856  -  ResidentSetSize of job (KB)
...
006 (005.6768.000) 05/07 19:54:34 Image size of job updated: 2865132
	2186  -  MemoryUsage of job (MB)
	2237532  -  ResidentSetSize of job (KB)
...
006 (005.6768.000) 05/07 19:54:39 Image size of job updated: 2865132
	2189  -  MemoryUsage of job (MB)
	2241096  -  ResidentSetSize of job (KB)
...
006 (005.6768.000) 05/07 19:54:44 Image size of job updated: 2872300
	2194  -  MemoryUsage of job (MB)
	2245716  -  ResidentSetSize of job (KB)
...
006 (005.6768.000) 05/07 19:54:49 Image size of job updated: 2877420
	2198  -  MemoryUsage of job (MB)
	2249940  -  ResidentSetSize of job (KB)
...
006 (005.6768.000) 05/07 19:54:55 Image size of job updated: 2877420
	2204  -  MemoryUsage of job (MB)
	2256672  -  ResidentSetSize of job (KB)
...
006 (005.6768.000) 05/07 19:55:01 Image size of job updated: 2888684
	2211  -  MemoryUsage of job (MB)
	2263932  -  ResidentSetSize of job (KB)
...
006 (005.6768.000) 05/07 19:55:07 Image size of job updated: 2894828
	2369  -  MemoryUsage of job (MB)
	2425500  -  ResidentSetSize of job (KB)
...
006 (005.6768.000) 05/07 19:55:13 Image size of job updated: 3110892
	2424  -  MemoryUsage of job (MB)
	2481732  -  ResidentSetSize of job (KB)
...
005 (005.6768.000) 05/07 19:55:15 Job terminated.
	(1) Normal termination (return value 0)
		Usr 0 00:21:48, Sys 0 00:00:02  -  Run Remote Usage
		Usr 0 00:00:00, Sys 0 00:00:00  -  Run Local Usage
		Usr 0 00:21:48, Sys 0 00:00:02  -  Total Remote Usage
		Usr 0 00:00:00, Sys 0 00:00:00  -  Total Local Usage
	0  -  Run Bytes Sent By Job
	0  -  Run Bytes Received By Job
	0  -  Total Bytes Sent By Job
	0  -  Total Bytes Received By Job
	Partitionable Resources :      Usage  Request Allocated 
	   Cpus                 :       0.99        1         1 
	   Disk (KB)            : 2000000     2000000   6275465 
	   Memory (MB)          :    2424        1954      2007 
...
