000 (005.10029.000) 05/05 20:26:11 Job submitted from host: <127.0.0.1:9618?addrs=127.0.0.1-9618&noUDP&sock=227_4816_4>
...
033 (005.10029.000) 05/06 14:18:17 Changing job attribute JobPrio from 0 to -10
...
009 (005.10029.000) 05/07 21:45:43 Job was aborted by the user.
	via condor_rm (by user aw868)
...
000 (011.2978.000) 05/08 17:21:42 Job submitted from host: <127.0.0.1:9618?addrs=127.0.0.1-9618&noUDP&sock=212_fe2a_4>
...
033 (011.2978.000) 05/08 20:42:01 Changing job attribute JobPrio from 0 to -5
...
001 (011.2978.000) 05/09 13:50:32 Job executing on host: <127.0.0.1:9618?addrs=127.0.0.1-9618&noUDP&sock=212_fe2a_5>
...
006 (011.2978.000) 05/09 13:50:38 Image size of job updated: 2000000
	101  -  MemoryUsage of job (MB)
	102960  -  ResidentSetSize of job (KB)
...
006 (011.2978.000) 05/09 13:51:08 Image size of job updated: 2000000
	183  -  MemoryUsage of job (MB)
	186648  -  ResidentSetSize of job (KB)
...
006 (011.2978.000) 05/09 13:51:14 Image size of job updated: 2000000
	184  -  MemoryUsage of job (MB)
	188100  -  ResidentSetSize of job (KB)
...
006 (011.2978.000) 05/09 13:51:20 Image size of job updated: 2000000
	189  -  MemoryUsage of job (MB)
	193512  -  ResidentSetSize of job (KB)
...
006 (011.2978.000) 05/09 13:51:26 Image size of job updated: 2000000
	201  -  MemoryUsage of job (MB)
	205524  -  ResidentSetSize of job (KB)
...
006 (011.2978.000) 05/09 13:51:32 Image size of job updated: 2000000
	211  -  MemoryUsage of job (MB)
	215952  -  ResidentSetSize of job (KB)
...
006 (011.2978.000) 05/09 13:51:38 Image size of job updated: 2000000
	228  -  MemoryUsage of job (MB)
	233376  -  ResidentSetSize of job (KB)
...
006 (011.2978.000) 05/09 13:51:44 Image size of job updated: 2000000
	238  -  MemoryUsage of job (MB)
	242748  -  ResidentSetSize of job (KB)
...
006 (011.2978.000) 05/09 13:51:50 Image size of job updated: 2000000
	251  -  MemoryUsage of job (MB)
	256476  -  ResidentSetSize of job (KB)
...
006 (011.2978.000) 05/09 13:51:56 Image size of job updated: 2000000
	298  -  MemoryUsage of job (MB)
	304788  -  ResidentSetSize of job (KB)
...
006 (011.2978.000) 05/09 13:52:02 Image size of job updated: 2000000
	329  -  MemoryUsage of job (MB)
	336072  -  ResidentSetSize of job (KB)
...
006 (011.2978.000) 05/09 13:52:08 Image size of job updated: 2000000
	370  -  MemoryUsage of job (MB)
	378576  -  ResidentSetSize of job (KB)
...
006 (011.2978.000) 05/09 13:52:14 Image size of job updated: 2000000
	436  -  MemoryUsage of job (MB)
	445500  -  ResidentSetSize of job (KB)
...
006 (011.2978.000) 05/09 13:52:20 Image size of job updated: 2000000
	1171  -  MemoryUsage of job (MB)
	1198296  -  ResidentSetSize of job (KB)
...
006 (011.2978.000) 05/09 14:08:36 Image size of job updated: 2000000
	1172  -  MemoryUsage of job (MB)
	1200012  -  ResidentSetSize of job (KB)
...
006 (011.2978.000) 05/09 14:08:42 Image size of job updated: 2000000
	1203  -  MemoryUsage of job (MB)
	1230900  -  ResidentSetSize of job (KB)
...
006 (011.2978.000) 05/09 14:08:48 Image size of job updated: 2000000
	1554  -  MemoryUsage of job (MB)
	1590468  -  ResidentSetSize of job (KB)
...
006 (011.2978.000) 05/09 14:08:54 Image size of job updated: 2201480
	1675  -  MemoryUsage of job (MB)
	1714548  -  ResidentSetSize of job (KB)
...
006 (011.2978.000) 05/09 14:09:00 Image size of job updated: 2561504
	1885  -  MemoryUsage of job (MB)
	1929972  -  ResidentSetSize of job (KB)
...
006 (011.2978.000) 05/09 14:09:06 Image size of job updated: 2561504
	1955  -  MemoryUsage of job (MB)
	2000988  -  ResidentSetSize of job (KB)
...
006 (011.2978.000) 05/09 14:09:12 Image size of job updated: 2561504
	1988  -  MemoryUsage of job (MB)
	2035176  -  ResidentSetSize of job (KB)
...
006 (011.2978.000) 05/09 14:09:18 Image size of job updated: 2681312
	2014  -  MemoryUsage of job (MB)
	2061576  -  ResidentSetSize of job (KB)
...
006 (011.2978.000) 05/09 14:09:24 Image size of job updated: 2707936
	2041  -  MemoryUsage of job (MB)
	2089824  -  ResidentSetSize of job (KB)
...
006 (011.2978.000) 05/09 14:09:31 Image size of job updated: 2744800
	2068  -  MemoryUsage of job (MB)
	2116620  -  ResidentSetSize of job (KB)
...
006 (011.2978.000) 05/09 14:09:36 Image size of job updated: 2765280
	2088  -  MemoryUsage of job (MB)
	2137608  -  ResidentSetSize of job (KB)
...
006 (011.2978.000) 05/09 14:09:41 Image size of job updated: 2785760
	2109  -  MemoryUsage of job (MB)
	2158860  -  ResidentSetSize of job (KB)
...
006 (011.2978.000) 05/09 14:09:46 Image size of job updated: 2810336
	2129  -  MemoryUsage of job (MB)
	2179980  -  ResidentSetSize of job (KB)
...
006 (011.2978.000) 05/09 14:09:51 Image size of job updated: 2810336
	2152  -  MemoryUsage of job (MB)
	2202684  -  ResidentSetSize of job (KB)
...
006 (011.2978.000) 05/09 14:09:56 Image size of job updated: 2810336
	2173  -  MemoryUsage of job (MB)
	2225124  -  ResidentSetSize of job (KB)
...
006 (011.2978.000) 05/09 14:10:01 Image size of job updated: 2878944
	2196  -  MemoryUsage of job (MB)
	2248356  -  ResidentSetSize of job (KB)
...
006 (011.2978.000) 05/09 14:10:06 Image size of job updated: 2878944
	2224  -  MemoryUsage of job (MB)
	2276604  -  ResidentSetSize of job (KB)
...
006 (011.2978.000) 05/09 14:10:11 Image size of job updated: 2878944
	2250  -  MemoryUsage of job (MB)
	2303532  -  ResidentSetSize of job (KB)
...
006 (011.2978.000) 05/09 14:10:16 Image size of job updated: 2960864
	2277  -  MemoryUsage of job (MB)
	2330724  -  ResidentSetSize of job (KB)
...
006 (011.2978.000) 05/09 14:10:21 Image size of job updated: 2960864
	2305  -  MemoryUsage of job (MB)
	2359764  -  ResidentSetSize of job (KB)
...
006 (011.2978.000) 05/09 14:10:26 Image size of job updated: 2960864
	2334  -  MemoryUsage of job (MB)
	2389464  -  ResidentSetSize of job (KB)
...
006 (011.2978.000) 05/09 14:10:31 Image size of job updated: 2960864
	2363  -  MemoryUsage of job (MB)
	2419032  -  ResidentSetSize of job (KB)
...
006 (011.2978.000) 05/09 14:10:36 Image size of job updated: 3066336
	2390  -  MemoryUsage of job (MB)
	2446752  -  ResidentSetSize of job (KB)
...
006 (011.2978.000) 05/09 14:10:41 Image size of job updated: 3078624
	2409  -  MemoryUsage of job (MB)
	2466552  -  ResidentSetSize of job (KB)
...
006 (011.2978.000) 05/09 14:10:46 Image size of job updated: 3078624
	2437  -  MemoryUsage of job (MB)
	2494932  -  ResidentSetSize of job (KB)
...
006 (011.2978.000) 05/09 14:10:51 Image size of job updated: 3138016
	2458  -  MemoryUsage of job (MB)
	2516448  -  ResidentSetSize of job (KB)
...
006 (011.2978.000) 05/09 14:10:56 Image size of job updated: 3148256
	2479  -  MemoryUsage of job (MB)
	2537568  -  ResidentSetSize of job (KB)
...
006 (011.2978.000) 05/09 14:11:01 Image size of job updated: 3168736
	2502  -  MemoryUsage of job (MB)
	2561196  -  ResidentSetSize of job (KB)
...
006 (011.2978.000) 05/09 14:11:06 Image size of job updated: 3202528
	2521  -  MemoryUsage of job (MB)
	2580600  -  ResidentSetSize of job (KB)
...
006 (011.2978.000) 05/09 14:11:11 Image size of job updated: 3202528
	2541  -  MemoryUsage of job (MB)
	2601456  -  ResidentSetSize of job (KB)
...
006 (011.2978.000) 05/09 14:11:16 Image size of job updated: 3237344
	2562  -  MemoryUsage of job (MB)
	2622972  -  ResidentSetSize of job (KB)
...
006 (011.2978.000) 05/09 14:11:21 Image size of job updated: 3261920
	2581  -  MemoryUsage of job (MB)
	2642640  -  ResidentSetSize of job (KB)
...
006 (011.2978.000) 05/09 14:11:26 Image size of job updated: 3261920
	2601  -  MemoryUsage of job (MB)
	2662572  -  ResidentSetSize of job (KB)
...
006 (011.2978.000) 05/09 14:11:31 Image size of job updated: 3261920
	2622  -  MemoryUsage of job (MB)
	2684748  -  ResidentSetSize of job (KB)
...
006 (011.2978.000) 05/09 14:11:36 Image size of job updated: 3333600
	2642  -  MemoryUsage of job (MB)
	2705076  -  ResidentSetSize of job (KB)
...
006 (011.2978.000) 05/09 14:11:41 Image size of job updated: 3334624
	2664  -  MemoryUsage of job (MB)
	2727648  -  ResidentSetSize of job (KB)
...
006 (011.2978.000) 05/09 14:11:46 Image size of job updated: 3362272
	2687  -  MemoryUsage of job (MB)
	2750484  -  ResidentSetSize of job (KB)
...
006 (011.2978.000) 05/09 14:11:51 Image size of job updated: 3389920
	2706  -  MemoryUsage of job (MB)
	2770284  -  ResidentSetSize of job (KB)
...
006 (011.2978.000) 05/09 14:11:56 Image size of job updated: 3389920
	2728  -  MemoryUsage of job (MB)
	2792460  -  ResidentSetSize of job (KB)
...
006 (011.2978.000) 05/09 14:12:01 Image size of job updated: 3389920
	2754  -  MemoryUsage of job (MB)
	2819388  -  ResidentSetSize of job (KB)
...
006 (011.2978.000) 05/09 14:12:06 Image size of job updated: 3460576
	2775  -  MemoryUsage of job (MB)
	2840772  -  ResidentSetSize of job (KB)
...
006 (011.2978.000) 05/09 14:12:11 Image size of job updated: 3460576
	2796  -  MemoryUsage of job (MB)
	2862684  -  ResidentSetSize of job (KB)
...
006 (011.2978.000) 05/09 14:12:16 Image size of job updated: 3460576
	2815  -  MemoryUsage of job (MB)
	2882220  -  ResidentSetSize of job (KB)
...
006 (011.2978.000) 05/09 14:12:21 Image size of job updated: 3529184
	2838  -  MemoryUsage of job (MB)
	2905188  -  ResidentSetSize of job (KB)
...
006 (011.2978.000) 05/09 14:12:26 Image size of job updated: 3538400
	2857  -  MemoryUsage of job (MB)
	2925384  -  ResidentSetSize of job (KB)
...
006 (011.2978.000) 05/09 14:12:31 Image size of job updated: 3562976
	2878  -  MemoryUsage of job (MB)
	2946372  -  ResidentSetSize of job (KB)
...
006 (011.2978.000) 05/09 14:12:36 Image size of job updated: 3590624
	2899  -  MemoryUsage of job (MB)
	2968284  -  ResidentSetSize of job (KB)
...
006 (011.2978.000) 05/09 14:12:41 Image size of job updated: 3590624
	2922  -  MemoryUsage of job (MB)
	2991516  -  ResidentSetSize of job (KB)
...
006 (011.2978.000) 05/09 14:12:46 Image size of job updated: 3590624
	2945  -  MemoryUsage of job (MB)
	3015012  -  ResidentSetSize of job (KB)
...
006 (011.2978.000) 05/09 14:12:51 Image size of job updated: 3662304
	2965  -  MemoryUsage of job (MB)
	3035208  -  ResidentSetSize of job (KB)
...
006 (011.2978.000) 05/09 14:12:56 Image size of job updated: 3673568
	2988  -  MemoryUsage of job (MB)
	3058704  -  ResidentSetSize of job (KB)
...
006 (011.2978.000) 05/09 14:13:01 Image size of job updated: 3699168
	3010  -  MemoryUsage of job (MB)
	3082068  -  ResidentSetSize of job (KB)
...
006 (011.2978.000) 05/09 14:13:06 Image size of job updated: 3729888
	3031  -  MemoryUsage of job (MB)
	3103320  -  ResidentSetSize of job (KB)
...
006 (011.2978.000) 05/09 14:13:11 Image size of job updated: 3729888
	3054  -  MemoryUsage of job (MB)
	3126552  -  ResidentSetSize of job (KB)
...
006 (011.2978.000) 05/09 14:13:16 Image size of job updated: 3729888
	3076  -  MemoryUsage of job (MB)
	3148860  -  ResidentSetSize of job (KB)
...
006 (011.2978.000) 05/09 14:13:21 Image size of job updated: 3797472
	3096  -  MemoryUsage of job (MB)
	3170244  -  ResidentSetSize of job (KB)
...
006 (011.2978.000) 05/09 14:13:26 Image size of job updated: 3797472
	3118  -  MemoryUsage of job (MB)
	3192288  -  ResidentSetSize of job (KB)
...
006 (011.2978.000) 05/09 14:13:31 Image size of job updated: 3797472
	3140  -  MemoryUsage of job (MB)
	3214860  -  ResidentSetSize of job (KB)
...
006 (011.2978.000) 05/09 14:13:36 Image size of job updated: 3797472
	3164  -  MemoryUsage of job (MB)
	3239280  -  ResidentSetSize of job (KB)
...
006 (011.2978.000) 05/09 14:13:41 Image size of job updated: 3873248
	3186  -  MemoryUsage of job (MB)
	3262380  -  ResidentSetSize of job (KB)
...
006 (011.2978.000) 05/09 14:13:46 Image size of job updated: 3873248
	3206  -  MemoryUsage of job (MB)
	3282312  -  ResidentSetSize of job (KB)
...
006 (011.2978.000) 05/09 14:13:51 Image size of job updated: 3917280
	3226  -  MemoryUsage of job (MB)
	3302772  -  ResidentSetSize of job (KB)
...
006 (011.2978.000) 05/09 14:13:56 Image size of job updated: 3944928
	3249  -  MemoryUsage of job (MB)
	3326796  -  ResidentSetSize of job (KB)
...
006 (011.2978.000) 05/09 14:14:01 Image size of job updated: 3944928
	3270  -  MemoryUsage of job (MB)
	3348048  -  ResidentSetSize of job (KB)
...
006 (011.2978.000) 05/09 14:14:06 Image size of job updated: 3944928
	3291  -  MemoryUsage of job (MB)
	3369300  -  ResidentSetSize of job (KB)
...
006 (011.2978.000) 05/09 14:14:11 Image size of job updated: 4006368
	3312  -  MemoryUsage of job (MB)
	3391476  -  ResidentSetSize of job (KB)
...
006 (011.2978.000) 05/09 14:14:16 Image size of job updated: 4006368
	3332  -  MemoryUsage of job (MB)
	3411672  -  ResidentSetSize of job (KB)
...
006 (011.2978.000) 05/09 14:14:21 Image size of job updated: 4006368
	3353  -  MemoryUsage of job (MB)
	3432660  -  ResidentSetSize of job (KB)
...
006 (011.2978.000) 05/09 14:14:26 Image size of job updated: 4078048
	3380  -  MemoryUsage of job (MB)
	3460248  -  ResidentSetSize of job (KB)
...
006 (011.2978.000) 05/09 14:14:31 Image size of job updated: 4078048
	3403  -  MemoryUsage of job (MB)
	3484404  -  ResidentSetSize of job (KB)
...
006 (011.2978.000) 05/09 14:14:36 Image size of job updated: 4078048
	3425  -  MemoryUsage of job (MB)
	3506316  -  ResidentSetSize of job (KB)
...
006 (011.2978.000) 05/09 14:14:41 Image size of job updated: 4151776
	3446  -  MemoryUsage of job (MB)
	3527700  -  ResidentSetSize of job (KB)
...
006 (011.2978.000) 05/09 14:14:46 Image size of job updated: 4169184
	3465  -  MemoryUsage of job (MB)
	3547500  -  ResidentSetSize of job (KB)
...
006 (011.2978.000) 05/09 14:14:51 Image size of job updated: 4169184
	3484  -  MemoryUsage of job (MB)
	3567432  -  ResidentSetSize of job (KB)
...
006 (011.2978.000) 05/09 14:14:56 Image size of job updated: 4169184
	3505  -  MemoryUsage of job (MB)
	3588816  -  ResidentSetSize of job (KB)
...
006 (011.2978.000) 05/09 14:15:01 Image size of job updated: 4229600
	3524  -  MemoryUsage of job (MB)
	3607560  -  ResidentSetSize of job (KB)
...
006 (011.2978.000) 05/09 14:15:06 Image size of job updated: 4229600
	3544  -  MemoryUsage of job (MB)
	3628680  -  ResidentSetSize of job (KB)
...
006 (011.2978.000) 05/09 14:15:11 Image size of job updated: 4275680
	3565  -  MemoryUsage of job (MB)
	3650460  -  ResidentSetSize of job (KB)
...
006 (011.2978.000) 05/09 14:15:16 Image size of job updated: 4298208
	3588  -  MemoryUsage of job (MB)
	3673164  -  ResidentSetSize of job (KB)
...
006 (011.2978.000) 05/09 14:15:21 Image size of job updated: 4298208
	3607  -  MemoryUsage of job (MB)
	3693228  -  ResidentSetSize of job (KB)
...
006 (011.2978.000) 05/09 14:15:27 Image size of job updated: 4350432
	3632  -  MemoryUsage of job (MB)
	3718308  -  ResidentSetSize of job (KB)
...
006 (011.2978.000) 05/09 14:15:33 Image size of job updated: 4350432
	3656  -  MemoryUsage of job (MB)
	3742992  -  ResidentSetSize of job (KB)
...
006 (011.2978.000) 05/09 14:15:39 Image size of job updated: 4386272
	3680  -  MemoryUsage of job (MB)
	3767412  -  ResidentSetSize of job (KB)
...
006 (011.2978.000) 05/09 14:15:45 Image size of job updated: 4412896
	3704  -  MemoryUsage of job (MB)
	3792624  -  ResidentSetSize of job (KB)
...
006 (011.2978.000) 05/09 14:15:51 Image size of job updated: 4412896
	3728  -  MemoryUsage of job (MB)
	3817440  -  ResidentSetSize of job (KB)
...
006 (011.2978.000) 05/09 14:15:57 Image size of job updated: 4412896
	3752  -  MemoryUsage of job (MB)
	3841068  -  ResidentSetSize of job (KB)
...
006 (011.2978.000) 05/09 14:16:03 Image size of job updated: 4489696
	3773  -  MemoryUsage of job (MB)
	3863508  -  ResidentSetSize of job (KB)
...
006 (011.2978.000) 05/09 14:16:09 Image size of job updated: 4489696
	3797  -  MemoryUsage of job (MB)
	3887796  -  ResidentSetSize of job (KB)
...
006 (011.2978.000) 05/09 14:16:15 Image size of job updated: 4535776
	3821  -  MemoryUsage of job (MB)
	3912612  -  ResidentSetSize of job (KB)
...
006 (011.2978.000) 05/09 14:16:21 Image size of job updated: 4535776
	3843  -  MemoryUsage of job (MB)
	3935052  -  ResidentSetSize of job (KB)
...
006 (011.2978.000) 05/09 14:16:27 Image size of job updated: 4535776
	3867  -  MemoryUsage of job (MB)
	3959340  -  ResidentSetSize of job (KB)
...
006 (011.2978.000) 05/09 14:16:33 Image size of job updated: 4598240
	3889  -  MemoryUsage of job (MB)
	3982176  -  ResidentSetSize of job (KB)
...
006 (011.2978.000) 05/09 14:16:39 Image size of job updated: 4598240
	3914  -  MemoryUsage of job (MB)
	4007124  -  ResidentSetSize of job (KB)
...
006 (011.2978.000) 05/09 14:16:45 Image size of job updated: 4661728
	3937  -  MemoryUsage of job (MB)
	4031412  -  ResidentSetSize of job (KB)
...
006 (011.2978.000) 05/09 14:16:51 Image size of job updated: 4686304
	3960  -  MemoryUsage of job (MB)
	4054380  -  ResidentSetSize of job (KB)
...
006 (011.2978.000) 05/09 14:16:57 Image size of job updated: 4686304
	3984  -  MemoryUsage of job (MB)
	4078800  -  ResidentSetSize of job (KB)
...
006 (011.2978.000) 05/09 14:17:03 Image size of job updated: 4858336
	4197  -  MemoryUsage of job (MB)
	4297524  -  ResidentSetSize of job (KB)
...
005 (011.2978.000) 05/09 14:17:10 Job terminated.
	(1) Normal termination (return value 0)
		Usr 0 00:26:07, Sys 0 00:00:03  -  Run Remote Usage
		Usr 0 00:00:00, Sys 0 00:00:00  -  Run Local Usage
		Usr 0 00:26:07, Sys 0 00:00:03  -  Total Remote Usage
		Usr 0 00:00:00, Sys 0 00:00:00  -  Total Local Usage
	0  -  Run Bytes Sent By Job
	0  -  Run Bytes Received By Job
	0  -  Total Bytes Sent By Job
	0  -  Total Bytes Received By Job
	Partitionable Resources :      Usage  Request Allocated 
	   Cpus                 :       1.00        1         1 
	   Disk (KB)            : 2000000     2000000   6232219 
	   Memory (MB)          :    4197        1954      2007 
...
