000 (005.6002.000) 05/05 20:24:12 Job submitted from host: <127.0.0.1:9618?addrs=127.0.0.1-9618&noUDP&sock=227_4816_4>
...
033 (005.6002.000) 05/06 14:17:07 Changing job attribute JobPrio from 0 to -10
...
001 (005.6002.000) 05/07 14:42:38 Job executing on host: <127.0.0.1:9618?addrs=127.0.0.1-9618&noUDP&sock=227_4816_5>
...
006 (005.6002.000) 05/07 14:42:43 Image size of job updated: 2000000
	101  -  MemoryUsage of job (MB)
	103092  -  ResidentSetSize of job (KB)
...
006 (005.6002.000) 05/07 14:43:08 Image size of job updated: 2000000
	120  -  MemoryUsage of job (MB)
	122100  -  ResidentSetSize of job (KB)
...
006 (005.6002.000) 05/07 14:43:13 Image size of job updated: 2000000
	184  -  MemoryUsage of job (MB)
	187572  -  ResidentSetSize of job (KB)
...
006 (005.6002.000) 05/07 14:43:18 Image size of job updated: 2000000
	184  -  MemoryUsage of job (MB)
	188364  -  ResidentSetSize of job (KB)
...
006 (005.6002.000) 05/07 14:43:23 Image size of job updated: 2000000
	191  -  MemoryUsage of job (MB)
	195096  -  ResidentSetSize of job (KB)
...
006 (005.6002.000) 05/07 14:43:28 Image size of job updated: 2000000
	203  -  MemoryUsage of job (MB)
	207768  -  ResidentSetSize of job (KB)
...
006 (005.6002.000) 05/07 14:43:33 Image size of job updated: 2000000
	211  -  MemoryUsage of job (MB)
	215820  -  ResidentSetSize of job (KB)
...
006 (005.6002.000) 05/07 14:43:38 Image size of job updated: 2000000
	223  -  MemoryUsage of job (MB)
	227436  -  ResidentSetSize of job (KB)
...
006 (005.6002.000) 05/07 14:43:43 Image size of job updated: 2000000
	233  -  MemoryUsage of job (MB)
	238128  -  ResidentSetSize of job (KB)
...
006 (005.6002.000) 05/07 14:43:48 Image size of job updated: 2000000
	240  -  MemoryUsage of job (MB)
	245520  -  ResidentSetSize of job (KB)
...
006 (005.6002.000) 05/07 14:43:53 Image size of job updated: 2000000
	272  -  MemoryUsage of job (MB)
	277992  -  ResidentSetSize of job (KB)
...
006 (005.6002.000) 05/07 14:43:58 Image size of job updated: 2000000
	307  -  MemoryUsage of job (MB)
	314028  -  ResidentSetSize of job (KB)
...
006 (005.6002.000) 05/07 14:44:03 Image size of job updated: 2000000
	329  -  MemoryUsage of job (MB)
	336204  -  ResidentSetSize of job (KB)
...
006 (005.6002.000) 05/07 14:44:08 Image size of job updated: 2000000
	382  -  MemoryUsage of job (MB)
	390720  -  ResidentSetSize of job (KB)
...
006 (005.6002.000) 05/07 14:44:13 Image size of job updated: 2000000
	448  -  MemoryUsage of job (MB)
	458436  -  ResidentSetSize of job (KB)
...
006 (005.6002.000) 05/07 14:44:18 Image size of job updated: 2000000
	1169  -  MemoryUsage of job (MB)
	1196184  -  ResidentSetSize of job (KB)
...
006 (005.6002.000) 05/07 14:56:07 Image size of job updated: 2000000
	1171  -  MemoryUsage of job (MB)
	1198164  -  ResidentSetSize of job (KB)
...
006 (005.6002.000) 05/07 14:56:12 Image size of job updated: 2000000
	1246  -  MemoryUsage of job (MB)
	1275120  -  ResidentSetSize of job (KB)
...
006 (005.6002.000) 05/07 14:56:17 Image size of job updated: 2000000
	1581  -  MemoryUsage of job (MB)
	1617924  -  ResidentSetSize of job (KB)
...
006 (005.6002.000) 05/07 14:56:22 Image size of job updated: 2262472
	1653  -  MemoryUsage of job (MB)
	1691712  -  ResidentSetSize of job (KB)
...
006 (005.6002.000) 05/07 14:56:27 Image size of job updated: 2600680
	1885  -  MemoryUsage of job (MB)
	1930236  -  ResidentSetSize of job (KB)
...
006 (005.6002.000) 05/07 14:56:32 Image size of job updated: 2600680
	1941  -  MemoryUsage of job (MB)
	1987128  -  ResidentSetSize of job (KB)
...
006 (005.6002.000) 05/07 14:56:37 Image size of job updated: 2630632
	1961  -  MemoryUsage of job (MB)
	2007720  -  ResidentSetSize of job (KB)
...
006 (005.6002.000) 05/07 14:56:42 Image size of job updated: 2630632
	1979  -  MemoryUsage of job (MB)
	2026464  -  ResidentSetSize of job (KB)
...
006 (005.6002.000) 05/07 14:56:47 Image size of job updated: 2630632
	1997  -  MemoryUsage of job (MB)
	2044680  -  ResidentSetSize of job (KB)
...
006 (005.6002.000) 05/07 14:56:52 Image size of job updated: 2687976
	2017  -  MemoryUsage of job (MB)
	2065404  -  ResidentSetSize of job (KB)
...
006 (005.6002.000) 05/07 14:56:57 Image size of job updated: 2687976
	2037  -  MemoryUsage of job (MB)
	2085600  -  ResidentSetSize of job (KB)
...
006 (005.6002.000) 05/07 14:57:02 Image size of job updated: 2721768
	2056  -  MemoryUsage of job (MB)
	2104476  -  ResidentSetSize of job (KB)
...
006 (005.6002.000) 05/07 14:57:07 Image size of job updated: 2752488
	2077  -  MemoryUsage of job (MB)
	2126652  -  ResidentSetSize of job (KB)
...
006 (005.6002.000) 05/07 14:57:12 Image size of job updated: 2752488
	2095  -  MemoryUsage of job (MB)
	2144472  -  ResidentSetSize of job (KB)
...
006 (005.6002.000) 05/07 14:57:17 Image size of job updated: 2752488
	2116  -  MemoryUsage of job (MB)
	2166384  -  ResidentSetSize of job (KB)
...
006 (005.6002.000) 05/07 14:57:22 Image size of job updated: 2808808
	2135  -  MemoryUsage of job (MB)
	2186184  -  ResidentSetSize of job (KB)
...
006 (005.6002.000) 05/07 14:57:27 Image size of job updated: 2808808
	2156  -  MemoryUsage of job (MB)
	2207700  -  ResidentSetSize of job (KB)
...
006 (005.6002.000) 05/07 14:57:32 Image size of job updated: 2845672
	2174  -  MemoryUsage of job (MB)
	2225652  -  ResidentSetSize of job (KB)
...
006 (005.6002.000) 05/07 14:57:37 Image size of job updated: 2868200
	2193  -  MemoryUsage of job (MB)
	2244924  -  ResidentSetSize of job (KB)
...
006 (005.6002.000) 05/07 14:57:42 Image size of job updated: 2877416
	2209  -  MemoryUsage of job (MB)
	2261292  -  ResidentSetSize of job (KB)
...
006 (005.6002.000) 05/07 14:57:47 Image size of job updated: 2893800
	2223  -  MemoryUsage of job (MB)
	2275680  -  ResidentSetSize of job (KB)
...
006 (005.6002.000) 05/07 14:57:52 Image size of job updated: 2919400
	2239  -  MemoryUsage of job (MB)
	2292708  -  ResidentSetSize of job (KB)
...
006 (005.6002.000) 05/07 14:57:57 Image size of job updated: 2927592
	2256  -  MemoryUsage of job (MB)
	2310132  -  ResidentSetSize of job (KB)
...
006 (005.6002.000) 05/07 14:58:02 Image size of job updated: 2951144
	2277  -  MemoryUsage of job (MB)
	2330988  -  ResidentSetSize of job (KB)
...
006 (005.6002.000) 05/07 14:58:07 Image size of job updated: 2976744
	2296  -  MemoryUsage of job (MB)
	2350788  -  ResidentSetSize of job (KB)
...
006 (005.6002.000) 05/07 14:58:12 Image size of job updated: 2976744
	2313  -  MemoryUsage of job (MB)
	2368212  -  ResidentSetSize of job (KB)
...
006 (005.6002.000) 05/07 14:58:17 Image size of job updated: 2976744
	2329  -  MemoryUsage of job (MB)
	2384448  -  ResidentSetSize of job (KB)
...
006 (005.6002.000) 05/07 14:58:22 Image size of job updated: 3024872
	2343  -  MemoryUsage of job (MB)
	2399232  -  ResidentSetSize of job (KB)
...
006 (005.6002.000) 05/07 14:58:27 Image size of job updated: 3024872
	2359  -  MemoryUsage of job (MB)
	2415072  -  ResidentSetSize of job (KB)
...
006 (005.6002.000) 05/07 14:58:32 Image size of job updated: 3024872
	2374  -  MemoryUsage of job (MB)
	2430780  -  ResidentSetSize of job (KB)
...
006 (005.6002.000) 05/07 14:58:37 Image size of job updated: 3074024
	2391  -  MemoryUsage of job (MB)
	2447808  -  ResidentSetSize of job (KB)
...
006 (005.6002.000) 05/07 14:58:42 Image size of job updated: 3093480
	2412  -  MemoryUsage of job (MB)
	2469720  -  ResidentSetSize of job (KB)
...
006 (005.6002.000) 05/07 14:58:47 Image size of job updated: 3093480
	2429  -  MemoryUsage of job (MB)
	2486880  -  ResidentSetSize of job (KB)
...
006 (005.6002.000) 05/07 14:58:52 Image size of job updated: 3136488
	2449  -  MemoryUsage of job (MB)
	2507340  -  ResidentSetSize of job (KB)
...
006 (005.6002.000) 05/07 14:58:57 Image size of job updated: 3136488
	2465  -  MemoryUsage of job (MB)
	2523180  -  ResidentSetSize of job (KB)
...
006 (005.6002.000) 05/07 14:59:02 Image size of job updated: 3136488
	2481  -  MemoryUsage of job (MB)
	2540208  -  ResidentSetSize of job (KB)
...
006 (005.6002.000) 05/07 14:59:07 Image size of job updated: 3186664
	2499  -  MemoryUsage of job (MB)
	2558820  -  ResidentSetSize of job (KB)
...
006 (005.6002.000) 05/07 14:59:12 Image size of job updated: 3186664
	2515  -  MemoryUsage of job (MB)
	2574396  -  ResidentSetSize of job (KB)
...
006 (005.6002.000) 05/07 14:59:17 Image size of job updated: 3186664
	2529  -  MemoryUsage of job (MB)
	2588784  -  ResidentSetSize of job (KB)
...
006 (005.6002.000) 05/07 14:59:22 Image size of job updated: 3232744
	2544  -  MemoryUsage of job (MB)
	2604756  -  ResidentSetSize of job (KB)
...
006 (005.6002.000) 05/07 14:59:27 Image size of job updated: 3232744
	2561  -  MemoryUsage of job (MB)
	2622048  -  ResidentSetSize of job (KB)
...
006 (005.6002.000) 05/07 14:59:32 Image size of job updated: 3232744
	2580  -  MemoryUsage of job (MB)
	2641452  -  ResidentSetSize of job (KB)
...
006 (005.6002.000) 05/07 14:59:37 Image size of job updated: 3288040
	2599  -  MemoryUsage of job (MB)
	2660988  -  ResidentSetSize of job (KB)
...
006 (005.6002.000) 05/07 14:59:42 Image size of job updated: 3288040
	2612  -  MemoryUsage of job (MB)
	2673792  -  ResidentSetSize of job (KB)
...
006 (005.6002.000) 05/07 14:59:47 Image size of job updated: 3288040
	2627  -  MemoryUsage of job (MB)
	2689632  -  ResidentSetSize of job (KB)
...
006 (005.6002.000) 05/07 14:59:52 Image size of job updated: 3333096
	2642  -  MemoryUsage of job (MB)
	2704812  -  ResidentSetSize of job (KB)
...
006 (005.6002.000) 05/07 14:59:57 Image size of job updated: 3333096
	2656  -  MemoryUsage of job (MB)
	2719332  -  ResidentSetSize of job (KB)
...
006 (005.6002.000) 05/07 15:00:03 Image size of job updated: 3333096
	2671  -  MemoryUsage of job (MB)
	2734644  -  ResidentSetSize of job (KB)
...
006 (005.6002.000) 05/07 15:00:09 Image size of job updated: 3374056
	2688  -  MemoryUsage of job (MB)
	2752464  -  ResidentSetSize of job (KB)
...
006 (005.6002.000) 05/07 15:00:15 Image size of job updated: 3374056
	2705  -  MemoryUsage of job (MB)
	2769492  -  ResidentSetSize of job (KB)
...
006 (005.6002.000) 05/07 15:00:21 Image size of job updated: 3374056
	2724  -  MemoryUsage of job (MB)
	2789028  -  ResidentSetSize of job (KB)
...
006 (005.6002.000) 05/07 15:00:27 Image size of job updated: 3419112
	2741  -  MemoryUsage of job (MB)
	2806320  -  ResidentSetSize of job (KB)
...
006 (005.6002.000) 05/07 15:00:33 Image size of job updated: 3419112
	2758  -  MemoryUsage of job (MB)
	2823480  -  ResidentSetSize of job (KB)
...
006 (005.6002.000) 05/07 15:00:39 Image size of job updated: 3470312
	2777  -  MemoryUsage of job (MB)
	2842884  -  ResidentSetSize of job (KB)
...
006 (005.6002.000) 05/07 15:00:45 Image size of job updated: 3477480
	2795  -  MemoryUsage of job (MB)
	2861232  -  ResidentSetSize of job (KB)
...
006 (005.6002.000) 05/07 15:00:51 Image size of job updated: 3491816
	2812  -  MemoryUsage of job (MB)
	2879052  -  ResidentSetSize of job (KB)
...
006 (005.6002.000) 05/07 15:00:57 Image size of job updated: 3523560
	2829  -  MemoryUsage of job (MB)
	2896212  -  ResidentSetSize of job (KB)
...
006 (005.6002.000) 05/07 15:01:03 Image size of job updated: 3539944
	2847  -  MemoryUsage of job (MB)
	2914956  -  ResidentSetSize of job (KB)
...
006 (005.6002.000) 05/07 15:01:09 Image size of job updated: 3539944
	2869  -  MemoryUsage of job (MB)
	2937132  -  ResidentSetSize of job (KB)
...
006 (005.6002.000) 05/07 15:01:15 Image size of job updated: 3582952
	2892  -  MemoryUsage of job (MB)
	2961156  -  ResidentSetSize of job (KB)
...
006 (005.6002.000) 05/07 15:01:21 Image size of job updated: 3598312
	2915  -  MemoryUsage of job (MB)
	2984784  -  ResidentSetSize of job (KB)
...
006 (005.6002.000) 05/07 15:01:27 Image size of job updated: 3629032
	2937  -  MemoryUsage of job (MB)
	3006564  -  ResidentSetSize of job (KB)
...
006 (005.6002.000) 05/07 15:01:33 Image size of job updated: 3629032
	2960  -  MemoryUsage of job (MB)
	3030720  -  ResidentSetSize of job (KB)
...
006 (005.6002.000) 05/07 15:01:39 Image size of job updated: 3629032
	2979  -  MemoryUsage of job (MB)
	3050124  -  ResidentSetSize of job (KB)
...
006 (005.6002.000) 05/07 15:01:45 Image size of job updated: 3682280
	2999  -  MemoryUsage of job (MB)
	3070716  -  ResidentSetSize of job (KB)
...
006 (005.6002.000) 05/07 15:01:51 Image size of job updated: 3682280
	3018  -  MemoryUsage of job (MB)
	3089592  -  ResidentSetSize of job (KB)
...
006 (005.6002.000) 05/07 15:01:57 Image size of job updated: 3734504
	3036  -  MemoryUsage of job (MB)
	3108864  -  ResidentSetSize of job (KB)
...
006 (005.6002.000) 05/07 15:02:03 Image size of job updated: 3747816
	3053  -  MemoryUsage of job (MB)
	3126024  -  ResidentSetSize of job (KB)
...
006 (005.6002.000) 05/07 15:02:09 Image size of job updated: 3757032
	3071  -  MemoryUsage of job (MB)
	3144240  -  ResidentSetSize of job (KB)
...
006 (005.6002.000) 05/07 15:02:15 Image size of job updated: 3782632
	3088  -  MemoryUsage of job (MB)
	3161400  -  ResidentSetSize of job (KB)
...
006 (005.6002.000) 05/07 15:02:21 Image size of job updated: 3782632
	3108  -  MemoryUsage of job (MB)
	3181860  -  ResidentSetSize of job (KB)
...
006 (005.6002.000) 05/07 15:02:27 Image size of job updated: 3782632
	3126  -  MemoryUsage of job (MB)
	3200868  -  ResidentSetSize of job (KB)
...
006 (005.6002.000) 05/07 15:02:33 Image size of job updated: 3839976
	3145  -  MemoryUsage of job (MB)
	3219744  -  ResidentSetSize of job (KB)
...
006 (005.6002.000) 05/07 15:02:39 Image size of job updated: 3856360
	3163  -  MemoryUsage of job (MB)
	3238488  -  ResidentSetSize of job (KB)
...
006 (005.6002.000) 05/07 15:02:45 Image size of job updated: 3877864
	3183  -  MemoryUsage of job (MB)
	3259080  -  ResidentSetSize of job (KB)
...
006 (005.6002.000) 05/07 15:02:51 Image size of job updated: 3906536
	3204  -  MemoryUsage of job (MB)
	3279936  -  ResidentSetSize of job (KB)
...
006 (005.6002.000) 05/07 15:02:57 Image size of job updated: 3929064
	3225  -  MemoryUsage of job (MB)
	3301716  -  ResidentSetSize of job (KB)
...
006 (005.6002.000) 05/07 15:03:03 Image size of job updated: 3931112
	3244  -  MemoryUsage of job (MB)
	3321384  -  ResidentSetSize of job (KB)
...
006 (005.6002.000) 05/07 15:03:09 Image size of job updated: 3931112
	3262  -  MemoryUsage of job (MB)
	3339600  -  ResidentSetSize of job (KB)
...
006 (005.6002.000) 05/07 15:03:15 Image size of job updated: 3982312
	3280  -  MemoryUsage of job (MB)
	3358344  -  ResidentSetSize of job (KB)
...
006 (005.6002.000) 05/07 15:03:21 Image size of job updated: 3982312
	3301  -  MemoryUsage of job (MB)
	3379332  -  ResidentSetSize of job (KB)
...
006 (005.6002.000) 05/07 15:03:27 Image size of job updated: 4019176
	3320  -  MemoryUsage of job (MB)
	3399528  -  ResidentSetSize of job (KB)
...
006 (005.6002.000) 05/07 15:03:33 Image size of job updated: 4033512
	3337  -  MemoryUsage of job (MB)
	3416820  -  ResidentSetSize of job (KB)
...
006 (005.6002.000) 05/07 15:03:39 Image size of job updated: 4033512
	3355  -  MemoryUsage of job (MB)
	3435432  -  ResidentSetSize of job (KB)
...
006 (005.6002.000) 05/07 15:03:45 Image size of job updated: 4256744
	3569  -  MemoryUsage of job (MB)
	3654552  -  ResidentSetSize of job (KB)
...
005 (005.6002.000) 05/07 15:03:51 Job terminated.
	(1) Normal termination (return value 0)
		Usr 0 00:20:45, Sys 0 00:00:03  -  Run Remote Usage
		Usr 0 00:00:00, Sys 0 00:00:00  -  Run Local Usage
		Usr 0 00:20:45, Sys 0 00:00:03  -  Total Remote Usage
		Usr 0 00:00:00, Sys 0 00:00:00  -  Total Local Usage
	0  -  Run Bytes Sent By Job
	0  -  Run Bytes Received By Job
	0  -  Total Bytes Sent By Job
	0  -  Total Bytes Received By Job
	Partitionable Resources :      Usage  Request Allocated 
	   Cpus                 :       1.00        1         1 
	   Disk (KB)            : 2000000     2000000   6275465 
	   Memory (MB)          :    3569        1954      2007 
...
