000 (205.2421.000) 05/06 03:18:26 Job submitted from host: <127.0.0.1:9618?addrs=127.0.0.1-9618&noUDP&sock=222_da1d_4>
...
033 (205.2421.000) 05/06 14:21:56 Changing job attribute JobPrio from 0 to -5
...
000 (007.2421.000) 05/07 18:59:46 Job submitted from host: <127.0.0.1:9618?addrs=127.0.0.1-9618&noUDP&sock=215_0cf3_4>
...
000 (016.2421.000) 05/08 15:56:57 Job submitted from host: <127.0.0.1:9618?addrs=127.0.0.1-9618&noUDP&sock=227_4816_4>
...
001 (016.2421.000) 05/09 09:52:35 Job executing on host: <127.0.0.1:9618?addrs=127.0.0.1-9618&noUDP&sock=227_4816_5>
...
006 (016.2421.000) 05/09 09:52:40 Image size of job updated: 2000000
	115  -  MemoryUsage of job (MB)
	116820  -  ResidentSetSize of job (KB)
...
006 (016.2421.000) 05/09 09:52:45 Image size of job updated: 2000000
	115  -  MemoryUsage of job (MB)
	116952  -  ResidentSetSize of job (KB)
...
006 (016.2421.000) 05/09 09:53:05 Image size of job updated: 2000000
	123  -  MemoryUsage of job (MB)
	125796  -  ResidentSetSize of job (KB)
...
006 (016.2421.000) 05/09 09:53:10 Image size of job updated: 2000000
	202  -  MemoryUsage of job (MB)
	206844  -  ResidentSetSize of job (KB)
...
006 (016.2421.000) 05/09 09:53:15 Image size of job updated: 2000000
	211  -  MemoryUsage of job (MB)
	215292  -  ResidentSetSize of job (KB)
...
006 (016.2421.000) 05/09 09:53:20 Image size of job updated: 2000000
	211  -  MemoryUsage of job (MB)
	215688  -  ResidentSetSize of job (KB)
...
006 (016.2421.000) 05/09 09:53:25 Image size of job updated: 2000000
	218  -  MemoryUsage of job (MB)
	222288  -  ResidentSetSize of job (KB)
...
006 (016.2421.000) 05/09 09:53:30 Image size of job updated: 2000000
	230  -  MemoryUsage of job (MB)
	234564  -  ResidentSetSize of job (KB)
...
006 (016.2421.000) 05/09 09:53:35 Image size of job updated: 2000000
	240  -  MemoryUsage of job (MB)
	245124  -  ResidentSetSize of job (KB)
...
006 (016.2421.000) 05/09 09:53:40 Image size of job updated: 2000000
	249  -  MemoryUsage of job (MB)
	254232  -  ResidentSetSize of job (KB)
...
006 (016.2421.000) 05/09 09:53:45 Image size of job updated: 2000000
	256  -  MemoryUsage of job (MB)
	261888  -  ResidentSetSize of job (KB)
...
006 (016.2421.000) 05/09 09:53:50 Image size of job updated: 2000000
	265  -  MemoryUsage of job (MB)
	270864  -  ResidentSetSize of job (KB)
...
006 (016.2421.000) 05/09 09:53:55 Image size of job updated: 2000000
	272  -  MemoryUsage of job (MB)
	277728  -  ResidentSetSize of job (KB)
...
006 (016.2421.000) 05/09 09:54:00 Image size of job updated: 2000000
	288  -  MemoryUsage of job (MB)
	294096  -  ResidentSetSize of job (KB)
...
006 (016.2421.000) 05/09 09:54:05 Image size of job updated: 2000000
	333  -  MemoryUsage of job (MB)
	340692  -  ResidentSetSize of job (KB)
...
006 (016.2421.000) 05/09 09:54:11 Image size of job updated: 2000000
	360  -  MemoryUsage of job (MB)
	367752  -  ResidentSetSize of job (KB)
...
006 (016.2421.000) 05/09 09:54:17 Image size of job updated: 2000000
	377  -  MemoryUsage of job (MB)
	385572  -  ResidentSetSize of job (KB)
...
006 (016.2421.000) 05/09 09:54:23 Image size of job updated: 2000000
	431  -  MemoryUsage of job (MB)
	440748  -  ResidentSetSize of job (KB)
...
006 (016.2421.000) 05/09 09:54:29 Image size of job updated: 2000000
	503  -  MemoryUsage of job (MB)
	514140  -  ResidentSetSize of job (KB)
...
006 (016.2421.000) 05/09 09:54:35 Image size of job updated: 2000000
	1241  -  MemoryUsage of job (MB)
	1269840  -  ResidentSetSize of job (KB)
...
006 (016.2421.000) 05/09 10:12:04 Image size of job updated: 2000000
	1319  -  MemoryUsage of job (MB)
	1350624  -  ResidentSetSize of job (KB)
...
006 (016.2421.000) 05/09 10:12:09 Image size of job updated: 2000000
	1695  -  MemoryUsage of job (MB)
	1735668  -  ResidentSetSize of job (KB)
...
006 (016.2421.000) 05/09 10:12:14 Image size of job updated: 2442984
	2001  -  MemoryUsage of job (MB)
	2048772  -  ResidentSetSize of job (KB)
...
006 (016.2421.000) 05/09 10:12:19 Image size of job updated: 2654952
	2005  -  MemoryUsage of job (MB)
	2052732  -  ResidentSetSize of job (KB)
...
006 (016.2421.000) 05/09 10:12:29 Image size of job updated: 2716392
	2053  -  MemoryUsage of job (MB)
	2101440  -  ResidentSetSize of job (KB)
...
006 (016.2421.000) 05/09 10:12:34 Image size of job updated: 2716392
	2141  -  MemoryUsage of job (MB)
	2191992  -  ResidentSetSize of job (KB)
...
006 (016.2421.000) 05/09 10:12:39 Image size of job updated: 2716392
	2201  -  MemoryUsage of job (MB)
	2252976  -  ResidentSetSize of job (KB)
...
006 (016.2421.000) 05/09 10:12:44 Image size of job updated: 2927336
	2242  -  MemoryUsage of job (MB)
	2295348  -  ResidentSetSize of job (KB)
...
006 (016.2421.000) 05/09 10:12:49 Image size of job updated: 2927336
	2277  -  MemoryUsage of job (MB)
	2330724  -  ResidentSetSize of job (KB)
...
006 (016.2421.000) 05/09 10:12:54 Image size of job updated: 2927336
	2308  -  MemoryUsage of job (MB)
	2362932  -  ResidentSetSize of job (KB)
...
006 (016.2421.000) 05/09 10:12:59 Image size of job updated: 3023592
	2339  -  MemoryUsage of job (MB)
	2394216  -  ResidentSetSize of job (KB)
...
006 (016.2421.000) 05/09 10:13:04 Image size of job updated: 3023592
	2368  -  MemoryUsage of job (MB)
	2423916  -  ResidentSetSize of job (KB)
...
006 (016.2421.000) 05/09 10:13:09 Image size of job updated: 3072744
	2397  -  MemoryUsage of job (MB)
	2454144  -  ResidentSetSize of job (KB)
...
006 (016.2421.000) 05/09 10:13:14 Image size of job updated: 3120872
	2427  -  MemoryUsage of job (MB)
	2484240  -  ResidentSetSize of job (KB)
...
006 (016.2421.000) 05/09 10:13:19 Image size of job updated: 3120872
	2455  -  MemoryUsage of job (MB)
	2513544  -  ResidentSetSize of job (KB)
...
006 (016.2421.000) 05/09 10:13:24 Image size of job updated: 3120872
	2484  -  MemoryUsage of job (MB)
	2543508  -  ResidentSetSize of job (KB)
...
006 (016.2421.000) 05/09 10:13:29 Image size of job updated: 3120872
	2513  -  MemoryUsage of job (MB)
	2573076  -  ResidentSetSize of job (KB)
...
006 (016.2421.000) 05/09 10:13:34 Image size of job updated: 3220200
	2543  -  MemoryUsage of job (MB)
	2603436  -  ResidentSetSize of job (KB)
...
006 (016.2421.000) 05/09 10:13:39 Image size of job updated: 3220200
	2571  -  MemoryUsage of job (MB)
	2632476  -  ResidentSetSize of job (KB)
...
006 (016.2421.000) 05/09 10:13:44 Image size of job updated: 3220200
	2601  -  MemoryUsage of job (MB)
	2662572  -  ResidentSetSize of job (KB)
...
006 (016.2421.000) 05/09 10:13:49 Image size of job updated: 3313384
	2627  -  MemoryUsage of job (MB)
	2690028  -  ResidentSetSize of job (KB)
...
006 (016.2421.000) 05/09 10:13:54 Image size of job updated: 3313384
	2654  -  MemoryUsage of job (MB)
	2716824  -  ResidentSetSize of job (KB)
...
006 (016.2421.000) 05/09 10:13:59 Image size of job updated: 3313384
	2679  -  MemoryUsage of job (MB)
	2742828  -  ResidentSetSize of job (KB)
...
006 (016.2421.000) 05/09 10:14:04 Image size of job updated: 3395304
	2694  -  MemoryUsage of job (MB)
	2758536  -  ResidentSetSize of job (KB)
...
006 (016.2421.000) 05/09 10:14:09 Image size of job updated: 3395304
	2710  -  MemoryUsage of job (MB)
	2774772  -  ResidentSetSize of job (KB)
...
006 (016.2421.000) 05/09 10:14:14 Image size of job updated: 3395304
	2726  -  MemoryUsage of job (MB)
	2790612  -  ResidentSetSize of job (KB)
...
006 (016.2421.000) 05/09 10:14:19 Image size of job updated: 3479272
	2745  -  MemoryUsage of job (MB)
	2810016  -  ResidentSetSize of job (KB)
...
006 (016.2421.000) 05/09 10:14:29 Image size of job updated: 3479272
	2747  -  MemoryUsage of job (MB)
	2811996  -  ResidentSetSize of job (KB)
...
006 (016.2421.000) 05/09 10:14:34 Image size of job updated: 3529448
	2772  -  MemoryUsage of job (MB)
	2838132  -  ResidentSetSize of job (KB)
...
006 (016.2421.000) 05/09 10:14:39 Image size of job updated: 3569384
	2799  -  MemoryUsage of job (MB)
	2865984  -  ResidentSetSize of job (KB)
...
006 (016.2421.000) 05/09 10:14:44 Image size of job updated: 3569384
	2827  -  MemoryUsage of job (MB)
	2893968  -  ResidentSetSize of job (KB)
...
006 (016.2421.000) 05/09 10:14:49 Image size of job updated: 3613416
	2855  -  MemoryUsage of job (MB)
	2923008  -  ResidentSetSize of job (KB)
...
006 (016.2421.000) 05/09 10:14:54 Image size of job updated: 3658472
	2883  -  MemoryUsage of job (MB)
	2951784  -  ResidentSetSize of job (KB)
...
006 (016.2421.000) 05/09 10:14:59 Image size of job updated: 3666664
	2912  -  MemoryUsage of job (MB)
	2981088  -  ResidentSetSize of job (KB)
...
006 (016.2421.000) 05/09 10:15:04 Image size of job updated: 3702504
	2940  -  MemoryUsage of job (MB)
	3010260  -  ResidentSetSize of job (KB)
...
006 (016.2421.000) 05/09 10:15:09 Image size of job updated: 3745512
	2968  -  MemoryUsage of job (MB)
	3038772  -  ResidentSetSize of job (KB)
...
006 (016.2421.000) 05/09 10:15:14 Image size of job updated: 3745512
	2997  -  MemoryUsage of job (MB)
	3068076  -  ResidentSetSize of job (KB)
...
006 (016.2421.000) 05/09 10:15:20 Image size of job updated: 3745512
	3031  -  MemoryUsage of job (MB)
	3103716  -  ResidentSetSize of job (KB)
...
006 (016.2421.000) 05/09 10:15:26 Image size of job updated: 3843816
	3062  -  MemoryUsage of job (MB)
	3135396  -  ResidentSetSize of job (KB)
...
006 (016.2421.000) 05/09 10:15:32 Image size of job updated: 3876584
	3095  -  MemoryUsage of job (MB)
	3168264  -  ResidentSetSize of job (KB)
...
006 (016.2421.000) 05/09 10:15:38 Image size of job updated: 3876584
	3129  -  MemoryUsage of job (MB)
	3203640  -  ResidentSetSize of job (KB)
...
006 (016.2421.000) 05/09 10:15:44 Image size of job updated: 3920616
	3163  -  MemoryUsage of job (MB)
	3238488  -  ResidentSetSize of job (KB)
...
006 (016.2421.000) 05/09 10:15:50 Image size of job updated: 3920616
	3197  -  MemoryUsage of job (MB)
	3273072  -  ResidentSetSize of job (KB)
...
006 (016.2421.000) 05/09 10:15:56 Image size of job updated: 4012776
	3231  -  MemoryUsage of job (MB)
	3307524  -  ResidentSetSize of job (KB)
...
006 (016.2421.000) 05/09 10:16:02 Image size of job updated: 4012776
	3242  -  MemoryUsage of job (MB)
	3319800  -  ResidentSetSize of job (KB)
...
006 (016.2421.000) 05/09 10:16:08 Image size of job updated: 4067048
	3269  -  MemoryUsage of job (MB)
	3347124  -  ResidentSetSize of job (KB)
...
006 (016.2421.000) 05/09 10:16:14 Image size of job updated: 4111080
	3301  -  MemoryUsage of job (MB)
	3379464  -  ResidentSetSize of job (KB)
...
006 (016.2421.000) 05/09 10:16:20 Image size of job updated: 4111080
	3333  -  MemoryUsage of job (MB)
	3412068  -  ResidentSetSize of job (KB)
...
006 (016.2421.000) 05/09 10:16:26 Image size of job updated: 4179688
	3364  -  MemoryUsage of job (MB)
	3444672  -  ResidentSetSize of job (KB)
...
006 (016.2421.000) 05/09 10:16:32 Image size of job updated: 4195048
	3396  -  MemoryUsage of job (MB)
	3477408  -  ResidentSetSize of job (KB)
...
006 (016.2421.000) 05/09 10:16:38 Image size of job updated: 4249320
	3428  -  MemoryUsage of job (MB)
	3509484  -  ResidentSetSize of job (KB)
...
006 (016.2421.000) 05/09 10:16:44 Image size of job updated: 4264680
	3462  -  MemoryUsage of job (MB)
	3544596  -  ResidentSetSize of job (KB)
...
006 (016.2421.000) 05/09 10:16:50 Image size of job updated: 4264680
	3494  -  MemoryUsage of job (MB)
	3577200  -  ResidentSetSize of job (KB)
...
006 (016.2421.000) 05/09 10:16:56 Image size of job updated: 4352744
	3527  -  MemoryUsage of job (MB)
	3610860  -  ResidentSetSize of job (KB)
...
006 (016.2421.000) 05/09 10:17:02 Image size of job updated: 4352744
	3558  -  MemoryUsage of job (MB)
	3642804  -  ResidentSetSize of job (KB)
...
006 (016.2421.000) 05/09 10:17:08 Image size of job updated: 4352744
	3590  -  MemoryUsage of job (MB)
	3675936  -  ResidentSetSize of job (KB)
...
006 (016.2421.000) 05/09 10:17:14 Image size of job updated: 4439784
	3622  -  MemoryUsage of job (MB)
	3708540  -  ResidentSetSize of job (KB)
...
006 (016.2421.000) 05/09 10:17:20 Image size of job updated: 4439784
	3654  -  MemoryUsage of job (MB)
	3740880  -  ResidentSetSize of job (KB)
...
006 (016.2421.000) 05/09 10:17:26 Image size of job updated: 4512488
	3686  -  MemoryUsage of job (MB)
	3773748  -  ResidentSetSize of job (KB)
...
006 (016.2421.000) 05/09 10:17:32 Image size of job updated: 4540136
	3718  -  MemoryUsage of job (MB)
	3807012  -  ResidentSetSize of job (KB)
...
006 (016.2421.000) 05/09 10:17:38 Image size of job updated: 4574952
	3750  -  MemoryUsage of job (MB)
	3839748  -  ResidentSetSize of job (KB)
...
006 (016.2421.000) 05/09 10:17:44 Image size of job updated: 4610792
	3782  -  MemoryUsage of job (MB)
	3872616  -  ResidentSetSize of job (KB)
...
006 (016.2421.000) 05/09 10:17:50 Image size of job updated: 4610792
	3816  -  MemoryUsage of job (MB)
	3906936  -  ResidentSetSize of job (KB)
...
006 (016.2421.000) 05/09 10:17:56 Image size of job updated: 4682472
	3849  -  MemoryUsage of job (MB)
	3940860  -  ResidentSetSize of job (KB)
...
006 (016.2421.000) 05/09 10:18:02 Image size of job updated: 4711144
	3881  -  MemoryUsage of job (MB)
	3973464  -  ResidentSetSize of job (KB)
...
006 (016.2421.000) 05/09 10:18:08 Image size of job updated: 4738792
	3913  -  MemoryUsage of job (MB)
	4006464  -  ResidentSetSize of job (KB)
...
006 (016.2421.000) 05/09 10:18:14 Image size of job updated: 4776680
	3944  -  MemoryUsage of job (MB)
	4038408  -  ResidentSetSize of job (KB)
...
006 (016.2421.000) 05/09 10:18:20 Image size of job updated: 4776680
	3977  -  MemoryUsage of job (MB)
	4071936  -  ResidentSetSize of job (KB)
...
006 (016.2421.000) 05/09 10:18:26 Image size of job updated: 4776680
	4010  -  MemoryUsage of job (MB)
	4105728  -  ResidentSetSize of job (KB)
...
006 (016.2421.000) 05/09 10:18:32 Image size of job updated: 4859624
	4044  -  MemoryUsage of job (MB)
	4140180  -  ResidentSetSize of job (KB)
...
006 (016.2421.000) 05/09 10:18:38 Image size of job updated: 4859624
	4081  -  MemoryUsage of job (MB)
	4178196  -  ResidentSetSize of job (KB)
...
006 (016.2421.000) 05/09 10:18:44 Image size of job updated: 4954856
	4121  -  MemoryUsage of job (MB)
	4219512  -  ResidentSetSize of job (KB)
...
006 (016.2421.000) 05/09 10:18:50 Image size of job updated: 4954856
	4138  -  MemoryUsage of job (MB)
	4236672  -  ResidentSetSize of job (KB)
...
006 (016.2421.000) 05/09 10:18:56 Image size of job updated: 5008104
	4331  -  MemoryUsage of job (MB)
	4434540  -  ResidentSetSize of job (KB)
...
006 (016.2421.000) 05/09 10:19:02 Image size of job updated: 5229288
	4420  -  MemoryUsage of job (MB)
	4525488  -  ResidentSetSize of job (KB)
...
005 (016.2421.000) 05/09 10:19:06 Job terminated.
	(1) Normal termination (return value 0)
		Usr 0 00:25:46, Sys 0 00:00:08  -  Run Remote Usage
		Usr 0 00:00:00, Sys 0 00:00:00  -  Run Local Usage
		Usr 0 00:25:46, Sys 0 00:00:08  -  Total Remote Usage
		Usr 0 00:00:00, Sys 0 00:00:00  -  Total Local Usage
	0  -  Run Bytes Sent By Job
	0  -  Run Bytes Received By Job
	0  -  Total Bytes Sent By Job
	0  -  Total Bytes Received By Job
	Partitionable Resources :      Usage  Request Allocated 
	   Cpus                 :       0.99        1         1 
	   Disk (KB)            : 2000000     2000000   6275465 
	   Memory (MB)          :    4420        1954      2007 
...
