000 (205.9201.000) 05/06 03:22:08 Job submitted from host: <127.0.0.1:9618?addrs=127.0.0.1-9618&noUDP&sock=222_da1d_4>
...
033 (205.9201.000) 05/06 14:24:17 Changing job attribute JobPrio from 0 to -5
...
000 (007.9201.000) 05/07 19:01:07 Job submitted from host: <127.0.0.1:9618?addrs=127.0.0.1-9618&noUDP&sock=215_0cf3_4>
...
000 (016.9201.000) 05/08 15:58:10 Job submitted from host: <127.0.0.1:9618?addrs=127.0.0.1-9618&noUDP&sock=227_4816_4>
...
009 (016.9201.000) 05/09 16:56:24 Job was aborted by the user.
	via condor_rm (by user aw868)
...
000 (014.2040.000) 05/09 17:30:57 Job submitted from host: <127.0.0.1:9618?addrs=127.0.0.1-9618&noUDP&sock=212_fe2a_4>
...
033 (014.2040.000) 05/09 17:34:45 Changing job attribute JobPrio from 0 to -10
...
033 (014.2040.000) 05/09 21:36:34 Changing job attribute JobPrio from -10 to -15
...
001 (014.2040.000) 05/10 18:17:01 Job executing on host: <127.0.0.1:9618?addrs=127.0.0.1-9618&noUDP&sock=212_fe2a_5>
...
006 (014.2040.000) 05/10 18:17:06 Image size of job updated: 2000000
	115  -  MemoryUsage of job (MB)
	116952  -  ResidentSetSize of job (KB)
...
006 (014.2040.000) 05/10 18:17:29 Image size of job updated: 2000000
	140  -  MemoryUsage of job (MB)
	142824  -  ResidentSetSize of job (KB)
...
006 (014.2040.000) 05/10 18:17:35 Image size of job updated: 2000000
	180  -  MemoryUsage of job (MB)
	183348  -  ResidentSetSize of job (KB)
...
006 (014.2040.000) 05/10 18:17:41 Image size of job updated: 2000000
	206  -  MemoryUsage of job (MB)
	210672  -  ResidentSetSize of job (KB)
...
006 (014.2040.000) 05/10 18:17:47 Image size of job updated: 2000000
	211  -  MemoryUsage of job (MB)
	215952  -  ResidentSetSize of job (KB)
...
006 (014.2040.000) 05/10 18:17:53 Image size of job updated: 2000000
	229  -  MemoryUsage of job (MB)
	234036  -  ResidentSetSize of job (KB)
...
006 (014.2040.000) 05/10 18:17:59 Image size of job updated: 2000000
	246  -  MemoryUsage of job (MB)
	251856  -  ResidentSetSize of job (KB)
...
006 (014.2040.000) 05/10 18:18:05 Image size of job updated: 2000000
	258  -  MemoryUsage of job (MB)
	264000  -  ResidentSetSize of job (KB)
...
006 (014.2040.000) 05/10 18:18:11 Image size of job updated: 2000000
	268  -  MemoryUsage of job (MB)
	273768  -  ResidentSetSize of job (KB)
...
006 (014.2040.000) 05/10 18:18:17 Image size of job updated: 2000000
	292  -  MemoryUsage of job (MB)
	298848  -  ResidentSetSize of job (KB)
...
006 (014.2040.000) 05/10 18:18:23 Image size of job updated: 2000000
	348  -  MemoryUsage of job (MB)
	356136  -  ResidentSetSize of job (KB)
...
006 (014.2040.000) 05/10 18:18:33 Image size of job updated: 2000000
	376  -  MemoryUsage of job (MB)
	384780  -  ResidentSetSize of job (KB)
...
006 (014.2040.000) 05/10 18:18:46 Image size of job updated: 2000000
	492  -  MemoryUsage of job (MB)
	502920  -  ResidentSetSize of job (KB)
...
006 (014.2040.000) 05/10 18:18:57 Image size of job updated: 2000000
	1242  -  MemoryUsage of job (MB)
	1271160  -  ResidentSetSize of job (KB)
...
006 (014.2040.000) 05/10 18:34:58 Image size of job updated: 2000000
	1473  -  MemoryUsage of job (MB)
	1507836  -  ResidentSetSize of job (KB)
...
006 (014.2040.000) 05/10 18:35:03 Image size of job updated: 2370004
	1586  -  MemoryUsage of job (MB)
	1623468  -  ResidentSetSize of job (KB)
...
006 (014.2040.000) 05/10 18:35:08 Image size of job updated: 2454228
	1680  -  MemoryUsage of job (MB)
	1720092  -  ResidentSetSize of job (KB)
...
006 (014.2040.000) 05/10 18:35:13 Image size of job updated: 2454228
	1942  -  MemoryUsage of job (MB)
	1988580  -  ResidentSetSize of job (KB)
...
006 (014.2040.000) 05/10 18:35:18 Image size of job updated: 2664172
	1988  -  MemoryUsage of job (MB)
	2034780  -  ResidentSetSize of job (KB)
...
006 (014.2040.000) 05/10 18:35:23 Image size of job updated: 2726636
	2096  -  MemoryUsage of job (MB)
	2145924  -  ResidentSetSize of job (KB)
...
006 (014.2040.000) 05/10 18:35:28 Image size of job updated: 2869996
	2185  -  MemoryUsage of job (MB)
	2236476  -  ResidentSetSize of job (KB)
...
006 (014.2040.000) 05/10 18:35:33 Image size of job updated: 2869996
	2241  -  MemoryUsage of job (MB)
	2294688  -  ResidentSetSize of job (KB)
...
006 (014.2040.000) 05/10 18:35:38 Image size of job updated: 2869996
	2290  -  MemoryUsage of job (MB)
	2344848  -  ResidentSetSize of job (KB)
...
006 (014.2040.000) 05/10 18:35:43 Image size of job updated: 3036908
	2337  -  MemoryUsage of job (MB)
	2392500  -  ResidentSetSize of job (KB)
...
006 (014.2040.000) 05/10 18:35:48 Image size of job updated: 3036908
	2384  -  MemoryUsage of job (MB)
	2440284  -  ResidentSetSize of job (KB)
...
006 (014.2040.000) 05/10 18:35:53 Image size of job updated: 3036908
	2430  -  MemoryUsage of job (MB)
	2487936  -  ResidentSetSize of job (KB)
...
006 (014.2040.000) 05/10 18:35:58 Image size of job updated: 3189484
	2478  -  MemoryUsage of job (MB)
	2536512  -  ResidentSetSize of job (KB)
...
006 (014.2040.000) 05/10 18:36:03 Image size of job updated: 3222252
	2525  -  MemoryUsage of job (MB)
	2584824  -  ResidentSetSize of job (KB)
...
006 (014.2040.000) 05/10 18:36:08 Image size of job updated: 3222252
	2572  -  MemoryUsage of job (MB)
	2633664  -  ResidentSetSize of job (KB)
...
006 (014.2040.000) 05/10 18:36:13 Image size of job updated: 3334892
	2619  -  MemoryUsage of job (MB)
	2681712  -  ResidentSetSize of job (KB)
...
006 (014.2040.000) 05/10 18:36:18 Image size of job updated: 3334892
	2667  -  MemoryUsage of job (MB)
	2730156  -  ResidentSetSize of job (KB)
...
006 (014.2040.000) 05/10 18:36:23 Image size of job updated: 3334892
	2714  -  MemoryUsage of job (MB)
	2778336  -  ResidentSetSize of job (KB)
...
006 (014.2040.000) 05/10 18:36:28 Image size of job updated: 3477228
	2760  -  MemoryUsage of job (MB)
	2825724  -  ResidentSetSize of job (KB)
...
006 (014.2040.000) 05/10 18:36:33 Image size of job updated: 3477228
	2807  -  MemoryUsage of job (MB)
	2874168  -  ResidentSetSize of job (KB)
...
006 (014.2040.000) 05/10 18:36:38 Image size of job updated: 3477228
	2854  -  MemoryUsage of job (MB)
	2922348  -  ResidentSetSize of job (KB)
...
006 (014.2040.000) 05/10 18:36:43 Image size of job updated: 3630828
	2901  -  MemoryUsage of job (MB)
	2970000  -  ResidentSetSize of job (KB)
...
006 (014.2040.000) 05/10 18:36:48 Image size of job updated: 3664620
	2947  -  MemoryUsage of job (MB)
	3017124  -  ResidentSetSize of job (KB)
...
006 (014.2040.000) 05/10 18:36:53 Image size of job updated: 3664620
	2996  -  MemoryUsage of job (MB)
	3067416  -  ResidentSetSize of job (KB)
...
006 (014.2040.000) 05/10 18:36:58 Image size of job updated: 3664620
	3043  -  MemoryUsage of job (MB)
	3115332  -  ResidentSetSize of job (KB)
...
006 (014.2040.000) 05/10 18:37:03 Image size of job updated: 3782380
	3089  -  MemoryUsage of job (MB)
	3162192  -  ResidentSetSize of job (KB)
...
006 (014.2040.000) 05/10 18:37:08 Image size of job updated: 3782380
	3134  -  MemoryUsage of job (MB)
	3208392  -  ResidentSetSize of job (KB)
...
006 (014.2040.000) 05/10 18:37:13 Image size of job updated: 3782380
	3180  -  MemoryUsage of job (MB)
	3255912  -  ResidentSetSize of job (KB)
...
006 (014.2040.000) 05/10 18:37:18 Image size of job updated: 3922668
	3228  -  MemoryUsage of job (MB)
	3304752  -  ResidentSetSize of job (KB)
...
006 (014.2040.000) 05/10 18:37:23 Image size of job updated: 3922668
	3274  -  MemoryUsage of job (MB)
	3352272  -  ResidentSetSize of job (KB)
...
006 (014.2040.000) 05/10 18:37:28 Image size of job updated: 3922668
	3319  -  MemoryUsage of job (MB)
	3397680  -  ResidentSetSize of job (KB)
...
006 (014.2040.000) 05/10 18:37:33 Image size of job updated: 4070124
	3360  -  MemoryUsage of job (MB)
	3440580  -  ResidentSetSize of job (KB)
...
006 (014.2040.000) 05/10 18:37:38 Image size of job updated: 4070124
	3385  -  MemoryUsage of job (MB)
	3465924  -  ResidentSetSize of job (KB)
...
006 (014.2040.000) 05/10 18:37:44 Image size of job updated: 4070124
	3405  -  MemoryUsage of job (MB)
	3486252  -  ResidentSetSize of job (KB)
...
006 (014.2040.000) 05/10 18:37:49 Image size of job updated: 4198124
	3449  -  MemoryUsage of job (MB)
	3531528  -  ResidentSetSize of job (KB)
...
006 (014.2040.000) 05/10 18:37:55 Image size of job updated: 4243180
	3503  -  MemoryUsage of job (MB)
	3586572  -  ResidentSetSize of job (KB)
...
006 (014.2040.000) 05/10 18:38:01 Image size of job updated: 4350700
	3557  -  MemoryUsage of job (MB)
	3642276  -  ResidentSetSize of job (KB)
...
006 (014.2040.000) 05/10 18:38:07 Image size of job updated: 4366060
	3610  -  MemoryUsage of job (MB)
	3695736  -  ResidentSetSize of job (KB)
...
006 (014.2040.000) 05/10 18:38:13 Image size of job updated: 4366060
	3662  -  MemoryUsage of job (MB)
	3748932  -  ResidentSetSize of job (KB)
...
006 (014.2040.000) 05/10 18:38:19 Image size of job updated: 4485868
	3725  -  MemoryUsage of job (MB)
	3814008  -  ResidentSetSize of job (KB)
...
006 (014.2040.000) 05/10 18:38:25 Image size of job updated: 4485868
	3796  -  MemoryUsage of job (MB)
	3886476  -  ResidentSetSize of job (KB)
...
006 (014.2040.000) 05/10 18:38:31 Image size of job updated: 4647660
	3850  -  MemoryUsage of job (MB)
	3941520  -  ResidentSetSize of job (KB)
...
006 (014.2040.000) 05/10 18:38:37 Image size of job updated: 4695788
	3905  -  MemoryUsage of job (MB)
	3997752  -  ResidentSetSize of job (KB)
...
006 (014.2040.000) 05/10 18:38:43 Image size of job updated: 4772588
	3965  -  MemoryUsage of job (MB)
	4059660  -  ResidentSetSize of job (KB)
...
006 (014.2040.000) 05/10 18:38:49 Image size of job updated: 4809452
	4024  -  MemoryUsage of job (MB)
	4120512  -  ResidentSetSize of job (KB)
...
006 (014.2040.000) 05/10 18:38:55 Image size of job updated: 4847340
	4078  -  MemoryUsage of job (MB)
	4175292  -  ResidentSetSize of job (KB)
...
006 (014.2040.000) 05/10 18:39:01 Image size of job updated: 4847340
	4133  -  MemoryUsage of job (MB)
	4232184  -  ResidentSetSize of job (KB)
...
006 (014.2040.000) 05/10 18:39:07 Image size of job updated: 4948716
	4188  -  MemoryUsage of job (MB)
	4288284  -  ResidentSetSize of job (KB)
...
006 (014.2040.000) 05/10 18:39:13 Image size of job updated: 4948716
	4248  -  MemoryUsage of job (MB)
	4349664  -  ResidentSetSize of job (KB)
...
006 (014.2040.000) 05/10 18:39:19 Image size of job updated: 5098220
	4306  -  MemoryUsage of job (MB)
	4408932  -  ResidentSetSize of job (KB)
...
006 (014.2040.000) 05/10 18:39:25 Image size of job updated: 5098220
	4361  -  MemoryUsage of job (MB)
	4465164  -  ResidentSetSize of job (KB)
...
006 (014.2040.000) 05/10 18:39:31 Image size of job updated: 5098220
	4414  -  MemoryUsage of job (MB)
	4519020  -  ResidentSetSize of job (KB)
...
006 (014.2040.000) 05/10 18:39:37 Image size of job updated: 5241580
	4467  -  MemoryUsage of job (MB)
	4573932  -  ResidentSetSize of job (KB)
...
006 (014.2040.000) 05/10 18:39:43 Image size of job updated: 5241580
	4523  -  MemoryUsage of job (MB)
	4631352  -  ResidentSetSize of job (KB)
...
006 (014.2040.000) 05/10 18:39:49 Image size of job updated: 5378796
	4574  -  MemoryUsage of job (MB)
	4683360  -  ResidentSetSize of job (KB)
...
006 (014.2040.000) 05/10 18:39:55 Image size of job updated: 5378796
	4625  -  MemoryUsage of job (MB)
	4735896  -  ResidentSetSize of job (KB)
...
006 (014.2040.000) 05/10 18:40:01 Image size of job updated: 5378796
	4677  -  MemoryUsage of job (MB)
	4788960  -  ResidentSetSize of job (KB)
...
006 (014.2040.000) 05/10 18:40:07 Image size of job updated: 5524204
	4729  -  MemoryUsage of job (MB)
	4842024  -  ResidentSetSize of job (KB)
...
006 (014.2040.000) 05/10 18:40:13 Image size of job updated: 5605100
	4781  -  MemoryUsage of job (MB)
	4895352  -  ResidentSetSize of job (KB)
...
006 (014.2040.000) 05/10 18:40:19 Image size of job updated: 5642988
	4833  -  MemoryUsage of job (MB)
	4948944  -  ResidentSetSize of job (KB)
...
006 (014.2040.000) 05/10 18:40:26 Image size of job updated: 5678828
	4887  -  MemoryUsage of job (MB)
	5003328  -  ResidentSetSize of job (KB)
...
006 (014.2040.000) 05/10 18:40:31 Image size of job updated: 5724908
	4930  -  MemoryUsage of job (MB)
	5048076  -  ResidentSetSize of job (KB)
...
006 (014.2040.000) 05/10 18:40:36 Image size of job updated: 5780204
	4974  -  MemoryUsage of job (MB)
	5092692  -  ResidentSetSize of job (KB)
...
006 (014.2040.000) 05/10 18:40:41 Image size of job updated: 5825260
	5019  -  MemoryUsage of job (MB)
	5138892  -  ResidentSetSize of job (KB)
...
006 (014.2040.000) 05/10 18:40:46 Image size of job updated: 5825260
	5062  -  MemoryUsage of job (MB)
	5183112  -  ResidentSetSize of job (KB)
...
006 (014.2040.000) 05/10 18:40:51 Image size of job updated: 5919468
	5106  -  MemoryUsage of job (MB)
	5227596  -  ResidentSetSize of job (KB)
...
006 (014.2040.000) 05/10 18:40:56 Image size of job updated: 5957356
	5150  -  MemoryUsage of job (MB)
	5272872  -  ResidentSetSize of job (KB)
...
006 (014.2040.000) 05/10 18:41:01 Image size of job updated: 5957356
	5194  -  MemoryUsage of job (MB)
	5317752  -  ResidentSetSize of job (KB)
...
006 (014.2040.000) 05/10 18:41:06 Image size of job updated: 5957356
	5238  -  MemoryUsage of job (MB)
	5363160  -  ResidentSetSize of job (KB)
...
006 (014.2040.000) 05/10 18:41:11 Image size of job updated: 6098668
	5282  -  MemoryUsage of job (MB)
	5408304  -  ResidentSetSize of job (KB)
...
006 (014.2040.000) 05/10 18:41:16 Image size of job updated: 6153964
	5327  -  MemoryUsage of job (MB)
	5454636  -  ResidentSetSize of job (KB)
...
006 (014.2040.000) 05/10 18:41:21 Image size of job updated: 6190828
	5371  -  MemoryUsage of job (MB)
	5499516  -  ResidentSetSize of job (KB)
...
006 (014.2040.000) 05/10 18:41:26 Image size of job updated: 6243052
	5415  -  MemoryUsage of job (MB)
	5544132  -  ResidentSetSize of job (KB)
...
006 (014.2040.000) 05/10 18:41:31 Image size of job updated: 6243052
	5457  -  MemoryUsage of job (MB)
	5587956  -  ResidentSetSize of job (KB)
...
006 (014.2040.000) 05/10 18:41:36 Image size of job updated: 6243052
	5500  -  MemoryUsage of job (MB)
	5631516  -  ResidentSetSize of job (KB)
...
006 (014.2040.000) 05/10 18:41:41 Image size of job updated: 6374124
	5543  -  MemoryUsage of job (MB)
	5675208  -  ResidentSetSize of job (KB)
...
006 (014.2040.000) 05/10 18:41:46 Image size of job updated: 6374124
	5585  -  MemoryUsage of job (MB)
	5719032  -  ResidentSetSize of job (KB)
...
006 (014.2040.000) 05/10 18:41:51 Image size of job updated: 6374124
	5629  -  MemoryUsage of job (MB)
	5763516  -  ResidentSetSize of job (KB)
...
006 (014.2040.000) 05/10 18:41:56 Image size of job updated: 6505196
	5671  -  MemoryUsage of job (MB)
	5806152  -  ResidentSetSize of job (KB)
...
006 (014.2040.000) 05/10 18:42:01 Image size of job updated: 6545132
	5824  -  MemoryUsage of job (MB)
	5962836  -  ResidentSetSize of job (KB)
...
006 (014.2040.000) 05/10 18:42:06 Image size of job updated: 6762220
	5929  -  MemoryUsage of job (MB)
	6071076  -  ResidentSetSize of job (KB)
...
006 (014.2040.000) 05/10 18:42:11 Image size of job updated: 6764012
	5929  -  MemoryUsage of job (MB)
	6071076  -  ResidentSetSize of job (KB)
...
005 (014.2040.000) 05/10 18:42:12 Job terminated.
	(1) Normal termination (return value 0)
		Usr 0 00:24:20, Sys 0 00:00:10  -  Run Remote Usage
		Usr 0 00:00:00, Sys 0 00:00:00  -  Run Local Usage
		Usr 0 00:24:20, Sys 0 00:00:10  -  Total Remote Usage
		Usr 0 00:00:00, Sys 0 00:00:00  -  Total Local Usage
	0  -  Run Bytes Sent By Job
	0  -  Run Bytes Received By Job
	0  -  Total Bytes Sent By Job
	0  -  Total Bytes Received By Job
	Partitionable Resources :      Usage  Request Allocated 
	   Cpus                 :       0.96        1         1 
	   Disk (KB)            : 2000000     2000000   6232219 
	   Memory (MB)          :    5929        1954      2007 
...
