000 (182.056.000) 05/05 20:11:31 Job submitted from host: <127.0.0.1:9618?addrs=127.0.0.1-9618&noUDP&sock=222_da1d_4>
...
001 (182.056.000) 05/05 20:55:27 Job executing on host: <127.0.0.1:9618?addrs=127.0.0.1-9618&noUDP&sock=222_da1d_5>
...
006 (182.056.000) 05/05 20:55:32 Image size of job updated: 2000000
	101  -  MemoryUsage of job (MB)
	102960  -  ResidentSetSize of job (KB)
...
006 (182.056.000) 05/05 20:56:28 Image size of job updated: 2000000
	143  -  MemoryUsage of job (MB)
	146256  -  ResidentSetSize of job (KB)
...
006 (182.056.000) 05/05 20:56:43 Image size of job updated: 2000000
	188  -  MemoryUsage of job (MB)
	192324  -  ResidentSetSize of job (KB)
...
006 (182.056.000) 05/05 20:56:53 Image size of job updated: 2000000
	208  -  MemoryUsage of job (MB)
	212916  -  ResidentSetSize of job (KB)
...
006 (182.056.000) 05/05 20:56:59 Image size of job updated: 2000000
	224  -  MemoryUsage of job (MB)
	228360  -  ResidentSetSize of job (KB)
...
006 (182.056.000) 05/05 20:57:04 Image size of job updated: 2000000
	232  -  MemoryUsage of job (MB)
	237468  -  ResidentSetSize of job (KB)
...
006 (182.056.000) 05/05 20:57:09 Image size of job updated: 2000000
	255  -  MemoryUsage of job (MB)
	260436  -  ResidentSetSize of job (KB)
...
006 (182.056.000) 05/05 20:57:14 Image size of job updated: 2000000
	293  -  MemoryUsage of job (MB)
	299112  -  ResidentSetSize of job (KB)
...
006 (182.056.000) 05/05 20:57:19 Image size of job updated: 2000000
	323  -  MemoryUsage of job (MB)
	330396  -  ResidentSetSize of job (KB)
...
006 (182.056.000) 05/05 20:57:24 Image size of job updated: 2000000
	323  -  MemoryUsage of job (MB)
	330528  -  ResidentSetSize of job (KB)
...
006 (182.056.000) 05/05 20:57:32 Image size of job updated: 2000000
	353  -  MemoryUsage of job (MB)
	360624  -  ResidentSetSize of job (KB)
...
006 (182.056.000) 05/05 20:57:38 Image size of job updated: 2000000
	423  -  MemoryUsage of job (MB)
	432432  -  ResidentSetSize of job (KB)
...
006 (182.056.000) 05/05 20:57:44 Image size of job updated: 2000000
	475  -  MemoryUsage of job (MB)
	485892  -  ResidentSetSize of job (KB)
...
006 (182.056.000) 05/05 20:57:50 Image size of job updated: 2000000
	1164  -  MemoryUsage of job (MB)
	1191828  -  ResidentSetSize of job (KB)
...
006 (182.056.000) 05/05 21:12:57 Image size of job updated: 2000000
	1192  -  MemoryUsage of job (MB)
	1220076  -  ResidentSetSize of job (KB)
...
006 (182.056.000) 05/05 21:13:02 Image size of job updated: 2000000
	1561  -  MemoryUsage of job (MB)
	1597992  -  ResidentSetSize of job (KB)
...
006 (182.056.000) 05/05 21:13:08 Image size of job updated: 2000000
	1625  -  MemoryUsage of job (MB)
	1663200  -  ResidentSetSize of job (KB)
...
006 (182.056.000) 05/05 21:13:13 Image size of job updated: 2336972
	1625  -  MemoryUsage of job (MB)
	1663200  -  ResidentSetSize of job (KB)
...
006 (182.056.000) 05/05 21:13:19 Image size of job updated: 2336972
	1817  -  MemoryUsage of job (MB)
	1860012  -  ResidentSetSize of job (KB)
...
006 (182.056.000) 05/05 21:13:25 Image size of job updated: 2336972
	1838  -  MemoryUsage of job (MB)
	1881528  -  ResidentSetSize of job (KB)
...
006 (182.056.000) 05/05 21:13:31 Image size of job updated: 2594796
	1851  -  MemoryUsage of job (MB)
	1894728  -  ResidentSetSize of job (KB)
...
006 (182.056.000) 05/05 21:13:37 Image size of job updated: 2594796
	1865  -  MemoryUsage of job (MB)
	1908852  -  ResidentSetSize of job (KB)
...
006 (182.056.000) 05/05 21:13:43 Image size of job updated: 2615276
	1875  -  MemoryUsage of job (MB)
	1919940  -  ResidentSetSize of job (KB)
...
006 (182.056.000) 05/05 21:13:49 Image size of job updated: 2615276
	1885  -  MemoryUsage of job (MB)
	1929576  -  ResidentSetSize of job (KB)
...
006 (182.056.000) 05/05 21:13:55 Image size of job updated: 2615276
	1895  -  MemoryUsage of job (MB)
	1939476  -  ResidentSetSize of job (KB)
...
006 (182.056.000) 05/05 21:14:01 Image size of job updated: 2643948
	1900  -  MemoryUsage of job (MB)
	1945416  -  ResidentSetSize of job (KB)
...
006 (182.056.000) 05/05 21:14:07 Image size of job updated: 2654188
	1904  -  MemoryUsage of job (MB)
	1948848  -  ResidentSetSize of job (KB)
...
006 (182.056.000) 05/05 21:14:13 Image size of job updated: 2664428
	1914  -  MemoryUsage of job (MB)
	1959276  -  ResidentSetSize of job (KB)
...
006 (182.056.000) 05/05 21:14:19 Image size of job updated: 2664428
	1925  -  MemoryUsage of job (MB)
	1970628  -  ResidentSetSize of job (KB)
...
006 (182.056.000) 05/05 21:14:25 Image size of job updated: 2664428
	1933  -  MemoryUsage of job (MB)
	1978812  -  ResidentSetSize of job (KB)
...
006 (182.056.000) 05/05 21:14:33 Image size of job updated: 2691052
	1934  -  MemoryUsage of job (MB)
	1980132  -  ResidentSetSize of job (KB)
...
006 (182.056.000) 05/05 21:14:39 Image size of job updated: 2698220
	1944  -  MemoryUsage of job (MB)
	1989768  -  ResidentSetSize of job (KB)
...
006 (182.056.000) 05/05 21:14:45 Image size of job updated: 2704364
	1952  -  MemoryUsage of job (MB)
	1998216  -  ResidentSetSize of job (KB)
...
006 (182.056.000) 05/05 21:14:51 Image size of job updated: 2704364
	1959  -  MemoryUsage of job (MB)
	2006004  -  ResidentSetSize of job (KB)
...
006 (182.056.000) 05/05 21:14:57 Image size of job updated: 2704364
	1968  -  MemoryUsage of job (MB)
	2015112  -  ResidentSetSize of job (KB)
...
006 (182.056.000) 05/05 21:15:03 Image size of job updated: 2728940
	1977  -  MemoryUsage of job (MB)
	2023956  -  ResidentSetSize of job (KB)
...
006 (182.056.000) 05/05 21:15:09 Image size of job updated: 2742252
	1977  -  MemoryUsage of job (MB)
	2023956  -  ResidentSetSize of job (KB)
...
006 (182.056.000) 05/05 21:15:15 Image size of job updated: 2751468
	1982  -  MemoryUsage of job (MB)
	2028840  -  ResidentSetSize of job (KB)
...
006 (182.056.000) 05/05 21:15:21 Image size of job updated: 2756588
	1991  -  MemoryUsage of job (MB)
	2038740  -  ResidentSetSize of job (KB)
...
006 (182.056.000) 05/05 21:15:27 Image size of job updated: 2767852
	1999  -  MemoryUsage of job (MB)
	2046792  -  ResidentSetSize of job (KB)
...
006 (182.056.000) 05/05 21:15:33 Image size of job updated: 2773996
	2009  -  MemoryUsage of job (MB)
	2056824  -  ResidentSetSize of job (KB)
...
006 (182.056.000) 05/05 21:15:39 Image size of job updated: 2773996
	2016  -  MemoryUsage of job (MB)
	2063424  -  ResidentSetSize of job (KB)
...
006 (182.056.000) 05/05 21:15:45 Image size of job updated: 2795500
	2025  -  MemoryUsage of job (MB)
	2072796  -  ResidentSetSize of job (KB)
...
006 (182.056.000) 05/05 21:15:51 Image size of job updated: 2795500
	2036  -  MemoryUsage of job (MB)
	2084412  -  ResidentSetSize of job (KB)
...
006 (182.056.000) 05/05 21:16:09 Image size of job updated: 2820076
	2036  -  MemoryUsage of job (MB)
	2084412  -  ResidentSetSize of job (KB)
...
006 (182.056.000) 05/05 21:16:28 Image size of job updated: 2838508
	2036  -  MemoryUsage of job (MB)
	2084412  -  ResidentSetSize of job (KB)
...
006 (182.056.000) 05/05 21:16:43 Image size of job updated: 2861036
	2052  -  MemoryUsage of job (MB)
	2100648  -  ResidentSetSize of job (KB)
...
006 (182.056.000) 05/05 21:16:53 Image size of job updated: 2861036
	2067  -  MemoryUsage of job (MB)
	2116488  -  ResidentSetSize of job (KB)
...
006 (182.056.000) 05/05 21:16:59 Image size of job updated: 2883564
	2076  -  MemoryUsage of job (MB)
	2125200  -  ResidentSetSize of job (KB)
...
006 (182.056.000) 05/05 21:17:04 Image size of job updated: 2892780
	2083  -  MemoryUsage of job (MB)
	2132460  -  ResidentSetSize of job (KB)
...
006 (182.056.000) 05/05 21:17:09 Image size of job updated: 2892780
	2090  -  MemoryUsage of job (MB)
	2140116  -  ResidentSetSize of job (KB)
...
006 (182.056.000) 05/05 21:17:14 Image size of job updated: 2908140
	2099  -  MemoryUsage of job (MB)
	2148564  -  ResidentSetSize of job (KB)
...
006 (182.056.000) 05/05 21:17:29 Image size of job updated: 2919404
	2099  -  MemoryUsage of job (MB)
	2148564  -  ResidentSetSize of job (KB)
...
006 (182.056.000) 05/05 21:17:35 Image size of job updated: 2934764
	2099  -  MemoryUsage of job (MB)
	2148564  -  ResidentSetSize of job (KB)
...
006 (182.056.000) 05/05 21:17:41 Image size of job updated: 2934764
	2102  -  MemoryUsage of job (MB)
	2152260  -  ResidentSetSize of job (KB)
...
006 (182.056.000) 05/05 21:17:47 Image size of job updated: 2952172
	2112  -  MemoryUsage of job (MB)
	2162688  -  ResidentSetSize of job (KB)
...
006 (182.056.000) 05/05 21:17:53 Image size of job updated: 2952172
	2119  -  MemoryUsage of job (MB)
	2169816  -  ResidentSetSize of job (KB)
...
006 (182.056.000) 05/05 21:17:59 Image size of job updated: 2966508
	2129  -  MemoryUsage of job (MB)
	2179452  -  ResidentSetSize of job (KB)
...
006 (182.056.000) 05/05 21:18:05 Image size of job updated: 2975724
	2141  -  MemoryUsage of job (MB)
	2191728  -  ResidentSetSize of job (KB)
...
006 (182.056.000) 05/05 21:18:11 Image size of job updated: 2975724
	2150  -  MemoryUsage of job (MB)
	2201496  -  ResidentSetSize of job (KB)
...
006 (182.056.000) 05/05 21:18:17 Image size of job updated: 2999276
	2159  -  MemoryUsage of job (MB)
	2210604  -  ResidentSetSize of job (KB)
...
006 (182.056.000) 05/05 21:18:23 Image size of job updated: 2999276
	2168  -  MemoryUsage of job (MB)
	2219712  -  ResidentSetSize of job (KB)
...
006 (182.056.000) 05/05 21:18:29 Image size of job updated: 2999276
	2177  -  MemoryUsage of job (MB)
	2228292  -  ResidentSetSize of job (KB)
...
006 (182.056.000) 05/05 21:18:35 Image size of job updated: 3022828
	2186  -  MemoryUsage of job (MB)
	2238192  -  ResidentSetSize of job (KB)
...
006 (182.056.000) 05/05 21:18:41 Image size of job updated: 3022828
	2195  -  MemoryUsage of job (MB)
	2246904  -  ResidentSetSize of job (KB)
...
006 (182.056.000) 05/05 21:18:47 Image size of job updated: 3046380
	2204  -  MemoryUsage of job (MB)
	2256804  -  ResidentSetSize of job (KB)
...
006 (182.056.000) 05/05 21:18:53 Image size of job updated: 3050476
	2213  -  MemoryUsage of job (MB)
	2266044  -  ResidentSetSize of job (KB)
...
006 (182.056.000) 05/05 21:18:59 Image size of job updated: 3050476
	2224  -  MemoryUsage of job (MB)
	2277000  -  ResidentSetSize of job (KB)
...
006 (182.056.000) 05/05 21:19:05 Image size of job updated: 3071980
	2233  -  MemoryUsage of job (MB)
	2286504  -  ResidentSetSize of job (KB)
...
006 (182.056.000) 05/05 21:19:11 Image size of job updated: 3071980
	2244  -  MemoryUsage of job (MB)
	2297064  -  ResidentSetSize of job (KB)
...
006 (182.056.000) 05/05 21:19:17 Image size of job updated: 3094508
	2251  -  MemoryUsage of job (MB)
	2304984  -  ResidentSetSize of job (KB)
...
006 (182.056.000) 05/05 21:19:23 Image size of job updated: 3094508
	2260  -  MemoryUsage of job (MB)
	2313960  -  ResidentSetSize of job (KB)
...
006 (182.056.000) 05/05 21:19:29 Image size of job updated: 3094508
	2441  -  MemoryUsage of job (MB)
	2498628  -  ResidentSetSize of job (KB)
...
006 (182.056.000) 05/05 21:19:35 Image size of job updated: 3308524
	2495  -  MemoryUsage of job (MB)
	2554596  -  ResidentSetSize of job (KB)
...
005 (182.056.000) 05/05 21:20:03 Job terminated.
	(1) Normal termination (return value 0)
		Usr 0 00:22:03, Sys 0 00:00:31  -  Run Remote Usage
		Usr 0 00:00:00, Sys 0 00:00:00  -  Run Local Usage
		Usr 0 00:22:03, Sys 0 00:00:31  -  Total Remote Usage
		Usr 0 00:00:00, Sys 0 00:00:00  -  Total Local Usage
	0  -  Run Bytes Sent By Job
	0  -  Run Bytes Received By Job
	0  -  Total Bytes Sent By Job
	0  -  Total Bytes Received By Job
	Partitionable Resources :      Usage  Request Allocated 
	   Cpus                 :       0.86        1         1 
	   Disk (KB)            : 2000000     2000000   6540465 
	   Memory (MB)          :    2495        1954      2007 
...
