000 (005.2150.000) 05/05 20:22:29 Job submitted from host: <127.0.0.1:9618?addrs=127.0.0.1-9618&noUDP&sock=227_4816_4>
...
001 (005.2150.000) 05/06 10:03:21 Job executing on host: <127.0.0.1:9618?addrs=127.0.0.1-9618&noUDP&sock=227_4816_5>
...
006 (005.2150.000) 05/06 10:03:27 Image size of job updated: 2000000
	101  -  MemoryUsage of job (MB)
	102960  -  ResidentSetSize of job (KB)
...
006 (005.2150.000) 05/06 10:03:51 Image size of job updated: 2000000
	109  -  MemoryUsage of job (MB)
	110616  -  ResidentSetSize of job (KB)
...
006 (005.2150.000) 05/06 10:03:57 Image size of job updated: 2000000
	182  -  MemoryUsage of job (MB)
	185988  -  ResidentSetSize of job (KB)
...
006 (005.2150.000) 05/06 10:04:03 Image size of job updated: 2000000
	184  -  MemoryUsage of job (MB)
	188364  -  ResidentSetSize of job (KB)
...
006 (005.2150.000) 05/06 10:04:09 Image size of job updated: 2000000
	190  -  MemoryUsage of job (MB)
	193908  -  ResidentSetSize of job (KB)
...
006 (005.2150.000) 05/06 10:04:15 Image size of job updated: 2000000
	202  -  MemoryUsage of job (MB)
	206184  -  ResidentSetSize of job (KB)
...
006 (005.2150.000) 05/06 10:04:21 Image size of job updated: 2000000
	212  -  MemoryUsage of job (MB)
	216084  -  ResidentSetSize of job (KB)
...
006 (005.2150.000) 05/06 10:04:27 Image size of job updated: 2000000
	224  -  MemoryUsage of job (MB)
	228360  -  ResidentSetSize of job (KB)
...
006 (005.2150.000) 05/06 10:04:33 Image size of job updated: 2000000
	234  -  MemoryUsage of job (MB)
	238788  -  ResidentSetSize of job (KB)
...
006 (005.2150.000) 05/06 10:04:39 Image size of job updated: 2000000
	241  -  MemoryUsage of job (MB)
	246708  -  ResidentSetSize of job (KB)
...
006 (005.2150.000) 05/06 10:04:45 Image size of job updated: 2000000
	287  -  MemoryUsage of job (MB)
	293700  -  ResidentSetSize of job (KB)
...
006 (005.2150.000) 05/06 10:04:51 Image size of job updated: 2000000
	326  -  MemoryUsage of job (MB)
	333168  -  ResidentSetSize of job (KB)
...
006 (005.2150.000) 05/06 10:04:57 Image size of job updated: 2000000
	334  -  MemoryUsage of job (MB)
	341352  -  ResidentSetSize of job (KB)
...
006 (005.2150.000) 05/06 10:05:03 Image size of job updated: 2000000
	420  -  MemoryUsage of job (MB)
	429396  -  ResidentSetSize of job (KB)
...
006 (005.2150.000) 05/06 10:05:09 Image size of job updated: 2000000
	477  -  MemoryUsage of job (MB)
	487740  -  ResidentSetSize of job (KB)
...
006 (005.2150.000) 05/06 10:05:15 Image size of job updated: 2000000
	1169  -  MemoryUsage of job (MB)
	1196316  -  ResidentSetSize of job (KB)
...
006 (005.2150.000) 05/06 10:18:52 Image size of job updated: 2000000
	1171  -  MemoryUsage of job (MB)
	1198164  -  ResidentSetSize of job (KB)
...
006 (005.2150.000) 05/06 10:18:58 Image size of job updated: 2000000
	1243  -  MemoryUsage of job (MB)
	1271820  -  ResidentSetSize of job (KB)
...
006 (005.2150.000) 05/06 10:19:04 Image size of job updated: 2000000
	1620  -  MemoryUsage of job (MB)
	1658052  -  ResidentSetSize of job (KB)
...
006 (005.2150.000) 05/06 10:19:10 Image size of job updated: 2335968
	1822  -  MemoryUsage of job (MB)
	1865556  -  ResidentSetSize of job (KB)
...
006 (005.2150.000) 05/06 10:19:16 Image size of job updated: 2564576
	1900  -  MemoryUsage of job (MB)
	1945284  -  ResidentSetSize of job (KB)
...
006 (005.2150.000) 05/06 10:19:22 Image size of job updated: 2602464
	1930  -  MemoryUsage of job (MB)
	1976172  -  ResidentSetSize of job (KB)
...
006 (005.2150.000) 05/06 10:19:28 Image size of job updated: 2616800
	1946  -  MemoryUsage of job (MB)
	1992540  -  ResidentSetSize of job (KB)
...
006 (005.2150.000) 05/06 10:19:34 Image size of job updated: 2616800
	1960  -  MemoryUsage of job (MB)
	2006268  -  ResidentSetSize of job (KB)
...
006 (005.2150.000) 05/06 10:19:40 Image size of job updated: 2638304
	1973  -  MemoryUsage of job (MB)
	2019996  -  ResidentSetSize of job (KB)
...
006 (005.2150.000) 05/06 10:19:46 Image size of job updated: 2638304
	1987  -  MemoryUsage of job (MB)
	2034384  -  ResidentSetSize of job (KB)
...
006 (005.2150.000) 05/06 10:19:52 Image size of job updated: 2672096
	1999  -  MemoryUsage of job (MB)
	2046132  -  ResidentSetSize of job (KB)
...
006 (005.2150.000) 05/06 10:19:58 Image size of job updated: 2672096
	2010  -  MemoryUsage of job (MB)
	2057616  -  ResidentSetSize of job (KB)
...
006 (005.2150.000) 05/06 10:20:04 Image size of job updated: 2672096
	2023  -  MemoryUsage of job (MB)
	2071080  -  ResidentSetSize of job (KB)
...
006 (005.2150.000) 05/06 10:20:10 Image size of job updated: 2701792
	2034  -  MemoryUsage of job (MB)
	2082300  -  ResidentSetSize of job (KB)
...
006 (005.2150.000) 05/06 10:20:16 Image size of job updated: 2701792
	2047  -  MemoryUsage of job (MB)
	2095896  -  ResidentSetSize of job (KB)
...
006 (005.2150.000) 05/06 10:20:22 Image size of job updated: 2733536
	2060  -  MemoryUsage of job (MB)
	2108436  -  ResidentSetSize of job (KB)
...
006 (005.2150.000) 05/06 10:20:28 Image size of job updated: 2733536
	2070  -  MemoryUsage of job (MB)
	2119392  -  ResidentSetSize of job (KB)
...
006 (005.2150.000) 05/06 10:20:34 Image size of job updated: 2758112
	2083  -  MemoryUsage of job (MB)
	2132196  -  ResidentSetSize of job (KB)
...
006 (005.2150.000) 05/06 10:20:40 Image size of job updated: 2773472
	2096  -  MemoryUsage of job (MB)
	2145660  -  ResidentSetSize of job (KB)
...
006 (005.2150.000) 05/06 10:20:46 Image size of job updated: 2783712
	2106  -  MemoryUsage of job (MB)
	2156352  -  ResidentSetSize of job (KB)
...
006 (005.2150.000) 05/06 10:20:52 Image size of job updated: 2798048
	2120  -  MemoryUsage of job (MB)
	2170080  -  ResidentSetSize of job (KB)
...
006 (005.2150.000) 05/06 10:20:58 Image size of job updated: 2805216
	2131  -  MemoryUsage of job (MB)
	2181432  -  ResidentSetSize of job (KB)
...
006 (005.2150.000) 05/06 10:21:04 Image size of job updated: 2815456
	2142  -  MemoryUsage of job (MB)
	2193312  -  ResidentSetSize of job (KB)
...
006 (005.2150.000) 05/06 10:21:10 Image size of job updated: 2828768
	2154  -  MemoryUsage of job (MB)
	2204928  -  ResidentSetSize of job (KB)
...
006 (005.2150.000) 05/06 10:21:16 Image size of job updated: 2847200
	2165  -  MemoryUsage of job (MB)
	2216676  -  ResidentSetSize of job (KB)
...
006 (005.2150.000) 05/06 10:21:22 Image size of job updated: 2857440
	2177  -  MemoryUsage of job (MB)
	2228952  -  ResidentSetSize of job (KB)
...
006 (005.2150.000) 05/06 10:21:28 Image size of job updated: 2860512
	2190  -  MemoryUsage of job (MB)
	2241888  -  ResidentSetSize of job (KB)
...
006 (005.2150.000) 05/06 10:21:34 Image size of job updated: 2878944
	2204  -  MemoryUsage of job (MB)
	2255880  -  ResidentSetSize of job (KB)
...
006 (005.2150.000) 05/06 10:21:40 Image size of job updated: 2890208
	2216  -  MemoryUsage of job (MB)
	2268684  -  ResidentSetSize of job (KB)
...
006 (005.2150.000) 05/06 10:21:46 Image size of job updated: 2890208
	2227  -  MemoryUsage of job (MB)
	2279904  -  ResidentSetSize of job (KB)
...
006 (005.2150.000) 05/06 10:21:51 Image size of job updated: 2890208
	2237  -  MemoryUsage of job (MB)
	2290332  -  ResidentSetSize of job (KB)
...
006 (005.2150.000) 05/06 10:21:56 Image size of job updated: 2924000
	2248  -  MemoryUsage of job (MB)
	2301288  -  ResidentSetSize of job (KB)
...
006 (005.2150.000) 05/06 10:22:01 Image size of job updated: 2924000
	2256  -  MemoryUsage of job (MB)
	2310000  -  ResidentSetSize of job (KB)
...
006 (005.2150.000) 05/06 10:22:06 Image size of job updated: 2924000
	2268  -  MemoryUsage of job (MB)
	2321616  -  ResidentSetSize of job (KB)
...
006 (005.2150.000) 05/06 10:22:11 Image size of job updated: 2958816
	2280  -  MemoryUsage of job (MB)
	2333892  -  ResidentSetSize of job (KB)
...
006 (005.2150.000) 05/06 10:22:16 Image size of job updated: 2972128
	2292  -  MemoryUsage of job (MB)
	2346300  -  ResidentSetSize of job (KB)
...
006 (005.2150.000) 05/06 10:22:21 Image size of job updated: 2982368
	2304  -  MemoryUsage of job (MB)
	2358444  -  ResidentSetSize of job (KB)
...
006 (005.2150.000) 05/06 10:22:26 Image size of job updated: 2994656
	2314  -  MemoryUsage of job (MB)
	2368740  -  ResidentSetSize of job (KB)
...
006 (005.2150.000) 05/06 10:22:31 Image size of job updated: 2994656
	2324  -  MemoryUsage of job (MB)
	2378904  -  ResidentSetSize of job (KB)
...
006 (005.2150.000) 05/06 10:22:36 Image size of job updated: 2994656
	2335  -  MemoryUsage of job (MB)
	2390520  -  ResidentSetSize of job (KB)
...
006 (005.2150.000) 05/06 10:22:41 Image size of job updated: 3025376
	2344  -  MemoryUsage of job (MB)
	2399364  -  ResidentSetSize of job (KB)
...
006 (005.2150.000) 05/06 10:22:46 Image size of job updated: 3039712
	2356  -  MemoryUsage of job (MB)
	2412036  -  ResidentSetSize of job (KB)
...
006 (005.2150.000) 05/06 10:22:51 Image size of job updated: 3052000
	2367  -  MemoryUsage of job (MB)
	2423388  -  ResidentSetSize of job (KB)
...
006 (005.2150.000) 05/06 10:22:56 Image size of job updated: 3059168
	2377  -  MemoryUsage of job (MB)
	2433816  -  ResidentSetSize of job (KB)
...
006 (005.2150.000) 05/06 10:23:01 Image size of job updated: 3059168
	2389  -  MemoryUsage of job (MB)
	2445432  -  ResidentSetSize of job (KB)
...
006 (005.2150.000) 05/06 10:23:06 Image size of job updated: 3059168
	2398  -  MemoryUsage of job (MB)
	2454540  -  ResidentSetSize of job (KB)
...
006 (005.2150.000) 05/06 10:23:11 Image size of job updated: 3092960
	2408  -  MemoryUsage of job (MB)
	2465364  -  ResidentSetSize of job (KB)
...
006 (005.2150.000) 05/06 10:23:16 Image size of job updated: 3096032
	2419  -  MemoryUsage of job (MB)
	2476584  -  ResidentSetSize of job (KB)
...
006 (005.2150.000) 05/06 10:23:21 Image size of job updated: 3096032
	2428  -  MemoryUsage of job (MB)
	2485560  -  ResidentSetSize of job (KB)
...
006 (005.2150.000) 05/06 10:23:26 Image size of job updated: 3122656
	2440  -  MemoryUsage of job (MB)
	2498100  -  ResidentSetSize of job (KB)
...
006 (005.2150.000) 05/06 10:23:31 Image size of job updated: 3132896
	2451  -  MemoryUsage of job (MB)
	2509716  -  ResidentSetSize of job (KB)
...
006 (005.2150.000) 05/06 10:23:36 Image size of job updated: 3151328
	2464  -  MemoryUsage of job (MB)
	2522652  -  ResidentSetSize of job (KB)
...
006 (005.2150.000) 05/06 10:23:41 Image size of job updated: 3162592
	2476  -  MemoryUsage of job (MB)
	2535060  -  ResidentSetSize of job (KB)
...
006 (005.2150.000) 05/06 10:23:46 Image size of job updated: 3169760
	2486  -  MemoryUsage of job (MB)
	2545224  -  ResidentSetSize of job (KB)
...
006 (005.2150.000) 05/06 10:23:51 Image size of job updated: 3169760
	2497  -  MemoryUsage of job (MB)
	2556312  -  ResidentSetSize of job (KB)
...
006 (005.2150.000) 05/06 10:23:56 Image size of job updated: 3196384
	2507  -  MemoryUsage of job (MB)
	2566872  -  ResidentSetSize of job (KB)
...
006 (005.2150.000) 05/06 10:24:01 Image size of job updated: 3201504
	2517  -  MemoryUsage of job (MB)
	2576640  -  ResidentSetSize of job (KB)
...
006 (005.2150.000) 05/06 10:24:06 Image size of job updated: 3212768
	2527  -  MemoryUsage of job (MB)
	2587596  -  ResidentSetSize of job (KB)
...
006 (005.2150.000) 05/06 10:24:11 Image size of job updated: 3226080
	2537  -  MemoryUsage of job (MB)
	2597232  -  ResidentSetSize of job (KB)
...
006 (005.2150.000) 05/06 10:24:16 Image size of job updated: 3226080
	2549  -  MemoryUsage of job (MB)
	2609244  -  ResidentSetSize of job (KB)
...
006 (005.2150.000) 05/06 10:24:21 Image size of job updated: 3226080
	2559  -  MemoryUsage of job (MB)
	2620068  -  ResidentSetSize of job (KB)
...
006 (005.2150.000) 05/06 10:24:26 Image size of job updated: 3258848
	2569  -  MemoryUsage of job (MB)
	2630232  -  ResidentSetSize of job (KB)
...
006 (005.2150.000) 05/06 10:24:31 Image size of job updated: 3269088
	2579  -  MemoryUsage of job (MB)
	2640660  -  ResidentSetSize of job (KB)
...
006 (005.2150.000) 05/06 10:24:36 Image size of job updated: 3279328
	2590  -  MemoryUsage of job (MB)
	2651220  -  ResidentSetSize of job (KB)
...
006 (005.2150.000) 05/06 10:24:41 Image size of job updated: 3279328
	2600  -  MemoryUsage of job (MB)
	2661780  -  ResidentSetSize of job (KB)
...
006 (005.2150.000) 05/06 10:24:46 Image size of job updated: 3293664
	2610  -  MemoryUsage of job (MB)
	2672472  -  ResidentSetSize of job (KB)
...
006 (005.2150.000) 05/06 10:24:51 Image size of job updated: 3293664
	2622  -  MemoryUsage of job (MB)
	2684352  -  ResidentSetSize of job (KB)
...
006 (005.2150.000) 05/06 10:24:56 Image size of job updated: 3325408
	2633  -  MemoryUsage of job (MB)
	2695968  -  ResidentSetSize of job (KB)
...
006 (005.2150.000) 05/06 10:25:01 Image size of job updated: 3325408
	2644  -  MemoryUsage of job (MB)
	2706660  -  ResidentSetSize of job (KB)
...
006 (005.2150.000) 05/06 10:25:06 Image size of job updated: 3337696
	2654  -  MemoryUsage of job (MB)
	2717484  -  ResidentSetSize of job (KB)
...
006 (005.2150.000) 05/06 10:25:11 Image size of job updated: 3337696
	2664  -  MemoryUsage of job (MB)
	2727780  -  ResidentSetSize of job (KB)
...
006 (005.2150.000) 05/06 10:25:16 Image size of job updated: 3359200
	2674  -  MemoryUsage of job (MB)
	2737812  -  ResidentSetSize of job (KB)
...
006 (005.2150.000) 05/06 10:25:21 Image size of job updated: 3359200
	2684  -  MemoryUsage of job (MB)
	2748108  -  ResidentSetSize of job (KB)
...
006 (005.2150.000) 05/06 10:25:26 Image size of job updated: 3359200
	2693  -  MemoryUsage of job (MB)
	2757480  -  ResidentSetSize of job (KB)
...
006 (005.2150.000) 05/06 10:25:31 Image size of job updated: 3387872
	2706  -  MemoryUsage of job (MB)
	2770680  -  ResidentSetSize of job (KB)
...
006 (005.2150.000) 05/06 10:25:36 Image size of job updated: 3387872
	2717  -  MemoryUsage of job (MB)
	2781240  -  ResidentSetSize of job (KB)
...
006 (005.2150.000) 05/06 10:25:41 Image size of job updated: 3387872
	2726  -  MemoryUsage of job (MB)
	2790876  -  ResidentSetSize of job (KB)
...
006 (005.2150.000) 05/06 10:25:46 Image size of job updated: 3421664
	2935  -  MemoryUsage of job (MB)
	3004980  -  ResidentSetSize of job (KB)
...
005 (005.2150.000) 05/06 10:25:51 Job terminated.
	(1) Normal termination (return value 0)
		Usr 0 00:22:00, Sys 0 00:00:03  -  Run Remote Usage
		Usr 0 00:00:00, Sys 0 00:00:00  -  Run Local Usage
		Usr 0 00:22:00, Sys 0 00:00:03  -  Total Remote Usage
		Usr 0 00:00:00, Sys 0 00:00:00  -  Total Local Usage
	0  -  Run Bytes Sent By Job
	0  -  Run Bytes Received By Job
	0  -  Total Bytes Sent By Job
	0  -  Total Bytes Received By Job
	Partitionable Resources :      Usage  Request Allocated 
	   Cpus                 :       1.00        1         1 
	   Disk (KB)            : 2000000     2000000   6275465 
	   Memory (MB)          :    2935        1954      2007 
...
