000 (038.030.000) 04/27 18:40:11 Job submitted from host: <127.0.0.1:9618?addrs=127.0.0.1-9618&noUDP&sock=222_da1d_4>
...
001 (038.030.000) 04/28 03:05:29 Job executing on host: <127.0.0.1:9618?addrs=127.0.0.1-9618&noUDP&sock=222_da1d_5>
...
006 (038.030.000) 04/28 03:05:35 Image size of job updated: 340632
	324  -  MemoryUsage of job (MB)
	331188  -  ResidentSetSize of job (KB)
...
006 (038.030.000) 04/28 03:05:40 Image size of job updated: 653664
	639  -  MemoryUsage of job (MB)
	653664  -  ResidentSetSize of job (KB)
...
006 (038.030.000) 04/28 03:05:45 Image size of job updated: 690756
	639  -  MemoryUsage of job (MB)
	653796  -  ResidentSetSize of job (KB)
...
005 (038.030.000) 04/28 03:05:45 Job terminated.
	(1) Normal termination (return value 1)
		Usr 0 00:00:14, Sys 0 00:00:00  -  Run Remote Usage
		Usr 0 00:00:00, Sys 0 00:00:00  -  Run Local Usage
		Usr 0 00:00:14, Sys 0 00:00:00  -  Total Remote Usage
		Usr 0 00:00:00, Sys 0 00:00:00  -  Total Local Usage
	0  -  Run Bytes Sent By Job
	0  -  Run Bytes Received By Job
	0  -  Total Bytes Sent By Job
	0  -  Total Bytes Received By Job
	Partitionable Resources :    Usage  Request Allocated 
	   Cpus                 :     0.98        1         1 
	   Disk (KB)            :     1           1   6540465 
	   Memory (MB)          :   639           1      2007 
...
