000 (205.1425.000) 05/06 03:17:51 Job submitted from host: <127.0.0.1:9618?addrs=127.0.0.1-9618&noUDP&sock=222_da1d_4>
...
033 (205.1425.000) 05/06 14:21:33 Changing job attribute JobPrio from 0 to -5
...
000 (007.1425.000) 05/07 18:59:35 Job submitted from host: <127.0.0.1:9618?addrs=127.0.0.1-9618&noUDP&sock=215_0cf3_4>
...
000 (016.1425.000) 05/08 15:56:47 Job submitted from host: <127.0.0.1:9618?addrs=127.0.0.1-9618&noUDP&sock=227_4816_4>
...
001 (016.1425.000) 05/09 02:17:35 Job executing on host: <127.0.0.1:9618?addrs=127.0.0.1-9618&noUDP&sock=227_4816_5>
...
006 (016.1425.000) 05/09 02:17:40 Image size of job updated: 2000000
	96  -  MemoryUsage of job (MB)
	97944  -  ResidentSetSize of job (KB)
...
006 (016.1425.000) 05/09 02:17:45 Image size of job updated: 2000000
	115  -  MemoryUsage of job (MB)
	116952  -  ResidentSetSize of job (KB)
...
006 (016.1425.000) 05/09 02:19:18 Image size of job updated: 2000000
	123  -  MemoryUsage of job (MB)
	125532  -  ResidentSetSize of job (KB)
...
006 (016.1425.000) 05/09 02:19:24 Image size of job updated: 2000000
	208  -  MemoryUsage of job (MB)
	212520  -  ResidentSetSize of job (KB)
...
006 (016.1425.000) 05/09 02:19:30 Image size of job updated: 2000000
	211  -  MemoryUsage of job (MB)
	215424  -  ResidentSetSize of job (KB)
...
006 (016.1425.000) 05/09 02:19:36 Image size of job updated: 2000000
	212  -  MemoryUsage of job (MB)
	216612  -  ResidentSetSize of job (KB)
...
006 (016.1425.000) 05/09 02:19:42 Image size of job updated: 2000000
	223  -  MemoryUsage of job (MB)
	228228  -  ResidentSetSize of job (KB)
...
006 (016.1425.000) 05/09 02:19:48 Image size of job updated: 2000000
	235  -  MemoryUsage of job (MB)
	239844  -  ResidentSetSize of job (KB)
...
006 (016.1425.000) 05/09 02:19:54 Image size of job updated: 2000000
	246  -  MemoryUsage of job (MB)
	251592  -  ResidentSetSize of job (KB)
...
006 (016.1425.000) 05/09 02:20:00 Image size of job updated: 2000000
	255  -  MemoryUsage of job (MB)
	261096  -  ResidentSetSize of job (KB)
...
006 (016.1425.000) 05/09 02:20:06 Image size of job updated: 2000000
	265  -  MemoryUsage of job (MB)
	271128  -  ResidentSetSize of job (KB)
...
006 (016.1425.000) 05/09 02:20:12 Image size of job updated: 2000000
	274  -  MemoryUsage of job (MB)
	279576  -  ResidentSetSize of job (KB)
...
006 (016.1425.000) 05/09 02:20:18 Image size of job updated: 2000000
	315  -  MemoryUsage of job (MB)
	322344  -  ResidentSetSize of job (KB)
...
006 (016.1425.000) 05/09 02:20:24 Image size of job updated: 2000000
	363  -  MemoryUsage of job (MB)
	371580  -  ResidentSetSize of job (KB)
...
006 (016.1425.000) 05/09 02:20:30 Image size of job updated: 2000000
	380  -  MemoryUsage of job (MB)
	388344  -  ResidentSetSize of job (KB)
...
006 (016.1425.000) 05/09 02:20:42 Image size of job updated: 2000000
	457  -  MemoryUsage of job (MB)
	467544  -  ResidentSetSize of job (KB)
...
006 (016.1425.000) 05/09 02:20:48 Image size of job updated: 2000000
	514  -  MemoryUsage of job (MB)
	526284  -  ResidentSetSize of job (KB)
...
006 (016.1425.000) 05/09 02:20:54 Image size of job updated: 2000000
	1245  -  MemoryUsage of job (MB)
	1274064  -  ResidentSetSize of job (KB)
...
006 (016.1425.000) 05/09 02:35:37 Image size of job updated: 2000000
	1284  -  MemoryUsage of job (MB)
	1314324  -  ResidentSetSize of job (KB)
...
006 (016.1425.000) 05/09 02:35:43 Image size of job updated: 2320124
	1713  -  MemoryUsage of job (MB)
	1753092  -  ResidentSetSize of job (KB)
...
006 (016.1425.000) 05/09 02:35:49 Image size of job updated: 2698996
	1969  -  MemoryUsage of job (MB)
	2015244  -  ResidentSetSize of job (KB)
...
006 (016.1425.000) 05/09 02:35:55 Image size of job updated: 2704628
	2028  -  MemoryUsage of job (MB)
	2076228  -  ResidentSetSize of job (KB)
...
006 (016.1425.000) 05/09 02:36:01 Image size of job updated: 2756852
	2126  -  MemoryUsage of job (MB)
	2176152  -  ResidentSetSize of job (KB)
...
006 (016.1425.000) 05/09 02:36:07 Image size of job updated: 2880756
	2227  -  MemoryUsage of job (MB)
	2279772  -  ResidentSetSize of job (KB)
...
006 (016.1425.000) 05/09 02:36:13 Image size of job updated: 2975988
	2297  -  MemoryUsage of job (MB)
	2351184  -  ResidentSetSize of job (KB)
...
006 (016.1425.000) 05/09 02:36:19 Image size of job updated: 2975988
	2357  -  MemoryUsage of job (MB)
	2412828  -  ResidentSetSize of job (KB)
...
006 (016.1425.000) 05/09 02:36:25 Image size of job updated: 3114228
	2420  -  MemoryUsage of job (MB)
	2477904  -  ResidentSetSize of job (KB)
...
006 (016.1425.000) 05/09 02:36:31 Image size of job updated: 3119348
	2481  -  MemoryUsage of job (MB)
	2539680  -  ResidentSetSize of job (KB)
...
006 (016.1425.000) 05/09 02:36:37 Image size of job updated: 3119348
	2541  -  MemoryUsage of job (MB)
	2601720  -  ResidentSetSize of job (KB)
...
006 (016.1425.000) 05/09 02:36:43 Image size of job updated: 3270900
	2601  -  MemoryUsage of job (MB)
	2662968  -  ResidentSetSize of job (KB)
...
006 (016.1425.000) 05/09 02:36:49 Image size of job updated: 3270900
	2664  -  MemoryUsage of job (MB)
	2727516  -  ResidentSetSize of job (KB)
...
006 (016.1425.000) 05/09 02:36:55 Image size of job updated: 3270900
	2723  -  MemoryUsage of job (MB)
	2787576  -  ResidentSetSize of job (KB)
...
006 (016.1425.000) 05/09 02:37:01 Image size of job updated: 3481844
	2783  -  MemoryUsage of job (MB)
	2849748  -  ResidentSetSize of job (KB)
...
006 (016.1425.000) 05/09 02:37:07 Image size of job updated: 3485940
	2848  -  MemoryUsage of job (MB)
	2915484  -  ResidentSetSize of job (KB)
...
006 (016.1425.000) 05/09 02:37:13 Image size of job updated: 3582196
	2912  -  MemoryUsage of job (MB)
	2981088  -  ResidentSetSize of job (KB)
...
006 (016.1425.000) 05/09 02:37:19 Image size of job updated: 3582196
	2968  -  MemoryUsage of job (MB)
	3038904  -  ResidentSetSize of job (KB)
...
006 (016.1425.000) 05/09 02:37:25 Image size of job updated: 3582196
	3008  -  MemoryUsage of job (MB)
	3079956  -  ResidentSetSize of job (KB)
...
006 (016.1425.000) 05/09 02:37:31 Image size of job updated: 3731700
	3015  -  MemoryUsage of job (MB)
	3086820  -  ResidentSetSize of job (KB)
...
006 (016.1425.000) 05/09 02:37:37 Image size of job updated: 3791092
	3073  -  MemoryUsage of job (MB)
	3145824  -  ResidentSetSize of job (KB)
...
006 (016.1425.000) 05/09 02:37:43 Image size of job updated: 3791092
	3127  -  MemoryUsage of job (MB)
	3201660  -  ResidentSetSize of job (KB)
...
006 (016.1425.000) 05/09 02:37:49 Image size of job updated: 3873012
	3183  -  MemoryUsage of job (MB)
	3258948  -  ResidentSetSize of job (KB)
...
006 (016.1425.000) 05/09 02:37:55 Image size of job updated: 3937524
	3241  -  MemoryUsage of job (MB)
	3318612  -  ResidentSetSize of job (KB)
...
006 (016.1425.000) 05/09 02:38:01 Image size of job updated: 4006132
	3290  -  MemoryUsage of job (MB)
	3368508  -  ResidentSetSize of job (KB)
...
006 (016.1425.000) 05/09 02:38:13 Image size of job updated: 4006132
	3309  -  MemoryUsage of job (MB)
	3388044  -  ResidentSetSize of job (KB)
...
006 (016.1425.000) 05/09 02:38:25 Image size of job updated: 4147444
	3444  -  MemoryUsage of job (MB)
	3525984  -  ResidentSetSize of job (KB)
...
006 (016.1425.000) 05/09 02:38:34 Image size of job updated: 4147444
	3529  -  MemoryUsage of job (MB)
	3612708  -  ResidentSetSize of job (KB)
...
006 (016.1425.000) 05/09 02:38:40 Image size of job updated: 4298996
	3581  -  MemoryUsage of job (MB)
	3666168  -  ResidentSetSize of job (KB)
...
006 (016.1425.000) 05/09 02:38:52 Image size of job updated: 4343028
	3588  -  MemoryUsage of job (MB)
	3673560  -  ResidentSetSize of job (KB)
...
006 (016.1425.000) 05/09 02:39:14 Image size of job updated: 4539636
	3818  -  MemoryUsage of job (MB)
	3909312  -  ResidentSetSize of job (KB)
...
006 (016.1425.000) 05/09 02:39:31 Image size of job updated: 4685044
	4018  -  MemoryUsage of job (MB)
	4113780  -  ResidentSetSize of job (KB)
...
006 (016.1425.000) 05/09 02:39:43 Image size of job updated: 4838644
	4050  -  MemoryUsage of job (MB)
	4146516  -  ResidentSetSize of job (KB)
...
006 (016.1425.000) 05/09 02:39:50 Image size of job updated: 4842740
	4075  -  MemoryUsage of job (MB)
	4172784  -  ResidentSetSize of job (KB)
...
006 (016.1425.000) 05/09 02:39:55 Image size of job updated: 4893940
	4125  -  MemoryUsage of job (MB)
	4223340  -  ResidentSetSize of job (KB)
...
006 (016.1425.000) 05/09 02:40:00 Image size of job updated: 4956404
	4175  -  MemoryUsage of job (MB)
	4274820  -  ResidentSetSize of job (KB)
...
006 (016.1425.000) 05/09 02:40:05 Image size of job updated: 4956404
	4229  -  MemoryUsage of job (MB)
	4329864  -  ResidentSetSize of job (KB)
...
006 (016.1425.000) 05/09 02:40:10 Image size of job updated: 5085428
	4292  -  MemoryUsage of job (MB)
	4394280  -  ResidentSetSize of job (KB)
...
006 (016.1425.000) 05/09 02:40:15 Image size of job updated: 5085428
	4349  -  MemoryUsage of job (MB)
	4452756  -  ResidentSetSize of job (KB)
...
006 (016.1425.000) 05/09 02:40:20 Image size of job updated: 5085428
	4400  -  MemoryUsage of job (MB)
	4505028  -  ResidentSetSize of job (KB)
...
006 (016.1425.000) 05/09 02:40:25 Image size of job updated: 5228788
	4451  -  MemoryUsage of job (MB)
	4557168  -  ResidentSetSize of job (KB)
...
006 (016.1425.000) 05/09 02:40:30 Image size of job updated: 5292276
	4503  -  MemoryUsage of job (MB)
	4610628  -  ResidentSetSize of job (KB)
...
006 (016.1425.000) 05/09 02:40:35 Image size of job updated: 5364980
	4556  -  MemoryUsage of job (MB)
	4664616  -  ResidentSetSize of job (KB)
...
006 (016.1425.000) 05/09 02:40:40 Image size of job updated: 5393652
	4607  -  MemoryUsage of job (MB)
	4717152  -  ResidentSetSize of job (KB)
...
006 (016.1425.000) 05/09 02:40:45 Image size of job updated: 5393652
	4660  -  MemoryUsage of job (MB)
	4771272  -  ResidentSetSize of job (KB)
...
006 (016.1425.000) 05/09 02:40:50 Image size of job updated: 5393652
	4713  -  MemoryUsage of job (MB)
	4825128  -  ResidentSetSize of job (KB)
...
006 (016.1425.000) 05/09 02:40:55 Image size of job updated: 5544180
	4765  -  MemoryUsage of job (MB)
	4879116  -  ResidentSetSize of job (KB)
...
006 (016.1425.000) 05/09 02:41:00 Image size of job updated: 5544180
	4817  -  MemoryUsage of job (MB)
	4932576  -  ResidentSetSize of job (KB)
...
006 (016.1425.000) 05/09 02:41:05 Image size of job updated: 5544180
	4869  -  MemoryUsage of job (MB)
	4985244  -  ResidentSetSize of job (KB)
...
006 (016.1425.000) 05/09 02:41:10 Image size of job updated: 5728500
	4917  -  MemoryUsage of job (MB)
	5034612  -  ResidentSetSize of job (KB)
...
006 (016.1425.000) 05/09 02:41:15 Image size of job updated: 5728500
	4976  -  MemoryUsage of job (MB)
	5094672  -  ResidentSetSize of job (KB)
...
006 (016.1425.000) 05/09 02:41:20 Image size of job updated: 5857524
	5043  -  MemoryUsage of job (MB)
	5163444  -  ResidentSetSize of job (KB)
...
006 (016.1425.000) 05/09 02:41:25 Image size of job updated: 5907700
	5110  -  MemoryUsage of job (MB)
	5232216  -  ResidentSetSize of job (KB)
...
006 (016.1425.000) 05/09 02:41:30 Image size of job updated: 5978356
	5177  -  MemoryUsage of job (MB)
	5300988  -  ResidentSetSize of job (KB)
...
006 (016.1425.000) 05/09 02:41:35 Image size of job updated: 5978356
	5245  -  MemoryUsage of job (MB)
	5370024  -  ResidentSetSize of job (KB)
...
006 (016.1425.000) 05/09 02:41:40 Image size of job updated: 6090996
	5311  -  MemoryUsage of job (MB)
	5438268  -  ResidentSetSize of job (KB)
...
006 (016.1425.000) 05/09 02:41:45 Image size of job updated: 6090996
	5378  -  MemoryUsage of job (MB)
	5506776  -  ResidentSetSize of job (KB)
...
006 (016.1425.000) 05/09 02:41:50 Image size of job updated: 6090996
	5439  -  MemoryUsage of job (MB)
	5569212  -  ResidentSetSize of job (KB)
...
006 (016.1425.000) 05/09 02:41:55 Image size of job updated: 6284532
	5490  -  MemoryUsage of job (MB)
	5621088  -  ResidentSetSize of job (KB)
...
006 (016.1425.000) 05/09 02:42:00 Image size of job updated: 6363380
	5540  -  MemoryUsage of job (MB)
	5672832  -  ResidentSetSize of job (KB)
...
006 (016.1425.000) 05/09 02:42:05 Image size of job updated: 6363380
	5589  -  MemoryUsage of job (MB)
	5722728  -  ResidentSetSize of job (KB)
...
006 (016.1425.000) 05/09 02:42:10 Image size of job updated: 6468852
	5639  -  MemoryUsage of job (MB)
	5774208  -  ResidentSetSize of job (KB)
...
006 (016.1425.000) 05/09 02:42:15 Image size of job updated: 6468852
	5689  -  MemoryUsage of job (MB)
	5825424  -  ResidentSetSize of job (KB)
...
006 (016.1425.000) 05/09 02:42:20 Image size of job updated: 6468852
	5740  -  MemoryUsage of job (MB)
	5877300  -  ResidentSetSize of job (KB)
...
006 (016.1425.000) 05/09 02:42:25 Image size of job updated: 6592756
	5791  -  MemoryUsage of job (MB)
	5929044  -  ResidentSetSize of job (KB)
...
006 (016.1425.000) 05/09 02:42:30 Image size of job updated: 6592756
	5842  -  MemoryUsage of job (MB)
	5981712  -  ResidentSetSize of job (KB)
...
006 (016.1425.000) 05/09 02:42:35 Image size of job updated: 6592756
	5893  -  MemoryUsage of job (MB)
	6033984  -  ResidentSetSize of job (KB)
...
006 (016.1425.000) 05/09 02:42:40 Image size of job updated: 6760692
	5949  -  MemoryUsage of job (MB)
	6091404  -  ResidentSetSize of job (KB)
...
006 (016.1425.000) 05/09 02:42:46 Image size of job updated: 6760692
	6011  -  MemoryUsage of job (MB)
	6154764  -  ResidentSetSize of job (KB)
...
006 (016.1425.000) 05/09 02:42:52 Image size of job updated: 6877428
	6082  -  MemoryUsage of job (MB)
	6227760  -  ResidentSetSize of job (KB)
...
006 (016.1425.000) 05/09 02:42:58 Image size of job updated: 7004404
	6154  -  MemoryUsage of job (MB)
	6301548  -  ResidentSetSize of job (KB)
...
006 (016.1425.000) 05/09 02:43:04 Image size of job updated: 7004404
	6222  -  MemoryUsage of job (MB)
	6370980  -  ResidentSetSize of job (KB)
...
006 (016.1425.000) 05/09 02:43:10 Image size of job updated: 7121140
	6300  -  MemoryUsage of job (MB)
	6450180  -  ResidentSetSize of job (KB)
...
006 (016.1425.000) 05/09 02:43:16 Image size of job updated: 7121140
	6499  -  MemoryUsage of job (MB)
	6654384  -  ResidentSetSize of job (KB)
...
006 (016.1425.000) 05/09 02:43:22 Image size of job updated: 7121140
	6592  -  MemoryUsage of job (MB)
	6749556  -  ResidentSetSize of job (KB)
...
006 (016.1425.000) 05/09 02:43:28 Image size of job updated: 7434484
	6592  -  MemoryUsage of job (MB)
	6749556  -  ResidentSetSize of job (KB)
...
005 (016.1425.000) 05/09 02:43:35 Job terminated.
	(1) Normal termination (return value 0)
		Usr 0 00:23:15, Sys 0 00:00:15  -  Run Remote Usage
		Usr 0 00:00:00, Sys 0 00:00:00  -  Run Local Usage
		Usr 0 00:23:15, Sys 0 00:00:15  -  Total Remote Usage
		Usr 0 00:00:00, Sys 0 00:00:00  -  Total Local Usage
	0  -  Run Bytes Sent By Job
	0  -  Run Bytes Received By Job
	0  -  Total Bytes Sent By Job
	0  -  Total Bytes Received By Job
	Partitionable Resources :      Usage  Request Allocated 
	   Cpus                 :       0.80        1         1 
	   Disk (KB)            : 2000000     2000000   6275465 
	   Memory (MB)          :    6592        1954      2007 
...
